0.000000000000000000e+00 0.000000000000000000e+00 0.000000000000000000e+00 0.000000000000000000e+00 0.000000000000000000e+00 0.000000000000000000e+00 0.000000000000000000e+00
9.460653106646405900e-09 5.379008984374999600e+01 3.084888458251962000e-07 3.265592968749999900e+01 -1.953724861145019600e-05 2.113416015625000100e+01 1.984573745727539200e-05
8.750093851502486600e-04 5.379005273437500300e+01 1.301312687500000100e+00 3.266086523437500200e+01 5.412713125000000500e-01 2.112918750000000000e+01 7.600413750000000200e-01
1.235946797792679900e-03 5.379010351562499900e+01 1.835845812499999900e+00 3.271337304687499900e+01 7.584473124999999700e-01 2.107673046875000000e+01 1.077398499999999900e+00
1.438974141292371900e-03 5.379012304687499600e+01 2.133262437500000000e+00 3.280622265625000000e+01 8.727829375000000200e-01 2.098390039062499900e+01 1.260479500000000000e+00
1.490884546063390500e-03 5.379031445312500600e+01 2.208452625000000100e+00 3.284274609375000200e+01 9.004661250000000100e-01 2.094756835937500100e+01 1.307986499999999900e+00
1.553176973122624200e-03 5.379028710937500100e+01 2.297646062500000100e+00 3.290908593750000200e+01 9.313648125000000300e-01 2.088120117187499900e+01 1.366281249999999900e+00
1.615469400181857900e-03 5.379027148437499800e+01 2.385980812499999700e+00 3.298779296875000000e+01 9.609608124999999800e-01 2.080247851562500100e+01 1.425020000000000000e+00
1.693335105115034300e-03 5.379025390625000100e+01 2.495085562499999900e+00 3.310880468749999700e+01 9.957214374999999700e-01 2.068144921875000000e+01 1.499364125000000000e+00
1.737134350253528200e-03 5.379047851562499700e+01 2.555638124999999800e+00 3.319167187499999700e+01 1.013861500000000000e+00 2.059880664062500000e+01 1.541776625000000000e+00
1.791336248553018200e-03 5.379112695312500100e+01 2.628871937500000000e+00 3.333658984374999800e+01 1.032548187500000000e+00 2.045453710937500000e+01 1.596323750000000000e+00
1.846769741513910400e-03 5.379241406250000100e+01 2.699786812500000200e+00 3.358003124999999800e+01 1.042826562499999900e+00 2.021238281250000000e+01 1.656960250000000000e+00
1.971495394005862900e-03 5.379071289062500200e+01 2.853955749999999900e+00 3.432419921875000300e+01 1.051717999999999900e+00 1.946651367187499900e+01 1.802237750000000000e+00
2.125843459852724100e-03 5.378951171874999900e+01 3.049074749999999900e+00 3.511048437499999900e+01 1.079247000000000100e+00 1.867902734375000100e+01 1.969827750000000100e+00
2.165307288407653700e-03 5.379002929687500500e+01 3.099041624999999900e+00 3.529188671875000000e+01 1.087888374999999900e+00 1.849814257812500200e+01 2.011153250000000000e+00
2.254101195986189600e-03 5.379033789062499700e+01 3.210637375000000100e+00 3.571828515624999800e+01 1.106664125000000000e+00 1.807205273437499900e+01 2.103973250000000100e+00
2.363983766613357100e-03 5.378966406250000200e+01 3.345853250000000200e+00 3.632157421875000100e+01 1.125433500000000000e+00 1.746808984375000100e+01 2.220419750000000000e+00
2.425792688146976900e-03 5.377251757812500400e+01 3.407937999999999700e+00 3.696728515625000000e+01 1.125359750000000100e+00 1.680523242187500100e+01 2.282578249999999800e+00
2.489006269009407400e-03 5.379138085937499600e+01 3.483409250000000200e+00 3.730373046874999700e+01 1.142049000000000100e+00 1.648765039062499900e+01 2.341360250000000100e+00
2.631236874838200500e-03 5.379091210937500000e+01 3.656903999999999900e+00 3.794603124999999700e+01 1.178712000000000000e+00 1.584488085937499900e+01 2.478192000000000000e+00
2.951255933506282100e-03 5.379010449218750300e+01 4.036157624999999500e+00 3.962329296875000000e+01 1.241832125000000000e+00 1.416681152343750000e+01 2.794325499999999800e+00
3.671298815509465400e-03 5.379011328125000100e+01 4.862150250000000000e+00 4.342733593749999700e+01 1.371734250000000000e+00 1.036277734375000000e+01 3.490416000000000200e+00
5.291395300016627800e-03 5.379010961914062200e+01 6.631814750000000200e+00 5.155889062499999700e+01 1.650587250000000100e+00 2.231218994140625100e+00 4.981227500000000100e+00
6.202699865881852200e-03 5.379007836914063000e+01 7.598846124999999700e+00 5.596265625000000200e+01 1.797930124999999900e+00 -2.172577880859375200e+00 5.800916000000000000e+00
6.715308024188664700e-03 5.379015039062500100e+01 8.130525999999999700e+00 5.828037890625000000e+01 1.875680500000000100e+00 -4.490228515624999700e+00 6.254845500000000100e+00
7.868677455922124000e-03 5.379007421875000000e+01 9.327078750000000100e+00 6.382670703125000200e+01 2.055539749999999900e+00 -1.003663281250000100e+01 7.271538999999999800e+00
8.152515243670445700e-03 5.379026855468750800e+01 9.601278999999999900e+00 6.533191796875000500e+01 2.103971000000000000e+00 -1.154164941406249900e+01 7.497308000000000300e+00
8.243747896409721700e-03 5.379036914062499600e+01 9.684867999999999800e+00 6.582232812499999900e+01 2.120004499999999800e+00 -1.203195898437500100e+01 7.564863500000000400e+00
8.449023320606060700e-03 5.379023242187499700e+01 9.864582999999999700e+00 6.696064843749999800e+01 2.157734500000000100e+00 -1.317041601562499900e+01 7.706848500000000400e+00
8.703050963834826600e-03 5.379008496093750600e+01 1.007435675000000000e+01 6.840815625000000500e+01 2.205940249999999800e+00 -1.461807128906250100e+01 7.868416500000000400e+00
8.845941757592628800e-03 5.379005371093749900e+01 1.018424225000000000e+01 6.921560937500000000e+01 2.233353250000000000e+00 -1.542555566406250000e+01 7.950889000000000100e+00
8.926317291309826500e-03 5.379010839843749600e+01 1.024437475000000000e+01 6.967589062499999400e+01 2.248921250000000000e+00 -1.588578222656249900e+01 7.995453500000000000e+00
8.971529213462288400e-03 5.378986816406249700e+01 1.027749350000000000e+01 6.993645312500000000e+01 2.257665499999999900e+00 -1.614658496093749900e+01 8.019828000000000400e+00
9.017768181528005100e-03 5.379023828124999800e+01 1.031088349999999900e+01 7.020603124999999500e+01 2.266646999999999900e+00 -1.641579296875000100e+01 8.044236500000000200e+00
9.043777552176647500e-03 5.379172265625000200e+01 1.032902225000000100e+01 7.036391406250000100e+01 2.271813250000000100e+00 -1.657219140624999900e+01 8.057209000000000300e+00
9.102298831689389200e-03 5.378985742187499900e+01 1.037057100000000000e+01 7.070016406249999400e+01 2.283029500000000000e+00 -1.691030664062499900e+01 8.087541500000000400e+00
9.233971906146351200e-03 5.379002343749999700e+01 1.046221624999999900e+01 7.146623437499999900e+01 2.308256750000000000e+00 -1.767621093749999900e+01 8.153959499999999100e+00
9.530235932567925400e-03 5.379018554687500100e+01 1.065138025000000100e+01 7.312647656250000200e+01 2.364271749999999900e+00 -1.933629101562500100e+01 8.287108500000000400e+00
9.896862381712343400e-03 5.379008984374999600e+01 1.086622099999999900e+01 7.517429687499999600e+01 2.431833999999999800e+00 -2.138420703125000000e+01 8.434386999999999200e+00
1.027182096571434300e-02 5.378999999999999900e+01 1.105752074999999800e+01 7.720850000000000100e+01 2.499410750000000000e+00 -2.341850000000000200e+01 8.558109999999999200e+00
1.073583295651933800e-02 5.379005273437501000e+01 1.127162400000000100e+01 7.957850781250000700e+01 2.577243999999999900e+00 -2.578845507812500100e+01 8.694380000000000700e+00
1.085447201265750400e-02 5.379000976562499400e+01 1.132273024999999900e+01 8.016933593749999400e+01 2.596506250000000000e+00 -2.637932617187500000e+01 8.726224000000000200e+00
1.092120731283673300e-02 5.378996679687500700e+01 1.135054424999999900e+01 8.050253125000000400e+01 2.607232250000000000e+00 -2.671256445312500100e+01 8.743311999999999500e+00
1.095874494142106900e-02 5.378997460937500800e+01 1.136596149999999900e+01 8.068794531250000500e+01 2.613309500000000200e+00 -2.689797070312500100e+01 8.752651999999999400e+00
1.100519901811294400e-02 5.379032031250000000e+01 1.138453600000000100e+01 8.091205468750000300e+01 2.620772000000000100e+00 -2.712173437499999900e+01 8.763764000000000100e+00
1.101173128042947000e-02 5.379031835937500000e+01 1.138702924999999900e+01 8.094196093749999900e+01 2.621788249999999800e+00 -2.715164257812499900e+01 8.765240999999999600e+00
1.101841216325134100e-02 5.379257617187500500e+01 1.138908100000000100e+01 8.097101562500000700e+01 2.622507000000000100e+00 -2.717843945312500200e+01 8.766574000000000300e+00
1.102047955270201400e-02 5.379723046875000100e+01 1.138937125000000000e+01 8.098257031250000200e+01 2.622467250000000100e+00 -2.718533984375000000e+01 8.766904000000000300e+00
1.102164192149645200e-02 5.380386914062499700e+01 1.138927200000000000e+01 8.099204687500000000e+01 2.622244999999999900e+00 -2.718817773437500000e+01 8.767027000000000600e+00
1.102283088553921700e-02 5.382213281249999400e+01 1.138850750000000100e+01 8.100981249999999500e+01 2.621537500000000100e+00 -2.718767968750000100e+01 8.766970000000000600e+00
1.102349967781327200e-02 5.384192382812500500e+01 1.138755274999999900e+01 8.102659375000000400e+01 2.620759749999999900e+00 -2.718466992187499900e+01 8.766792999999999800e+00
1.102500465598319100e-02 5.402244531249999700e+01 1.137791950000000100e+01 8.116579687499999800e+01 2.613384500000000000e+00 -2.714335156250000100e+01 8.764535000000000400e+00
1.102585101065047300e-02 5.420459375000000800e+01 1.136746975000000100e+01 8.130883593750000700e+01 2.605225749999999800e+00 -2.710424218749999900e+01 8.762244000000000800e+00
1.102775569975845500e-02 5.478072070312500600e+01 1.132156500000000000e+01 8.180883593750000700e+01 2.567914000000000000e+00 -2.702811523437500100e+01 8.753650999999999600e+00
1.102832749759744200e-02 5.498102539062500000e+01 1.130311249999999900e+01 8.200063281250000100e+01 2.552577499999999900e+00 -2.701960742187500100e+01 8.750534999999999300e+00
1.102939834744911400e-02 5.523708593749999800e+01 1.126264475000000000e+01 8.232066406250000100e+01 2.518052749999999800e+00 -2.708357812499999900e+01 8.744592000000000800e+00
1.103068430592694600e-02 5.517330078125000600e+01 1.122177150000000100e+01 8.247357812500000300e+01 2.482588499999999900e+00 -2.730027734375000000e+01 8.739183000000000600e+00
1.103309508696628600e-02 5.422180273437499000e+01 1.121997874999999900e+01 8.203485156249999500e+01 2.476811750000000000e+00 -2.781304882812500200e+01 8.743166999999999700e+00
1.103851895319821000e-02 5.379679687499999800e+01 1.126382300000000000e+01 8.185167187499999400e+01 2.500198999999999800e+00 -2.805487499999999900e+01 8.763624000000000100e+00
1.105072226111344400e-02 5.331689062499999900e+01 1.128902800000000000e+01 8.174686718750000100e+01 2.510755000000000100e+00 -2.842997656249999800e+01 8.778273000000000400e+00
1.107818029058261200e-02 5.374387500000000300e+01 1.132591575000000000e+01 8.222642968750000100e+01 2.529272750000000100e+00 -2.848255468749999900e+01 8.796642999999999500e+00
1.113996183465472100e-02 5.379559179687500100e+01 1.134453925000000000e+01 8.246952343750000100e+01 2.537707250000000000e+00 -2.867393164062500000e+01 8.806832000000000000e+00
1.127896815773070200e-02 5.379002734374999800e+01 1.139599150000000100e+01 8.301580468749999400e+01 2.561667500000000000e+00 -2.922577734375000000e+01 8.834324000000000500e+00
1.159173453573792600e-02 5.379001562500000200e+01 1.151462200000000100e+01 8.400531250000000200e+01 2.624261000000000200e+00 -3.021529687500000000e+01 8.890361000000000400e+00
1.229545732182780700e-02 5.379008984375000300e+01 1.174064400000000000e+01 8.624554687500000200e+01 2.745934999999999800e+00 -3.245545703124999900e+01 8.994709000000000300e+00
1.387883515495640800e-02 5.379009374999999700e+01 1.210413775000000000e+01 9.130090624999999700e+01 2.942752749999999900e+00 -3.751081250000000000e+01 9.161384999999999200e+00
1.583826354169470100e-02 5.379012890625000400e+01 1.240448750000000000e+01 9.646334375000000700e+01 3.086552499999999800e+00 -4.267321484375000300e+01 9.317935000000000300e+00
1.694044259589487900e-02 5.378996093749999800e+01 1.252546474999999900e+01 9.882575781250000100e+01 3.148057750000000000e+00 -4.503579687500000300e+01 9.377406999999999800e+00
1.722224897599908600e-02 5.379003515624999900e+01 1.255253750000000000e+01 9.940807031250000100e+01 3.162339499999999900e+00 -4.561803515625000200e+01 9.390197999999999800e+00
1.749965306029232000e-02 5.378976171875000000e+01 1.257769474999999900e+01 9.995333593750000000e+01 3.175699750000000200e+00 -4.616357421875000000e+01 9.401994999999999400e+00
1.752194457166776600e-02 5.378972656250000700e+01 1.257941475000000200e+01 9.999200781250000600e+01 3.176678750000000200e+00 -4.620228124999999900e+01 9.402736000000000900e+00
1.753448344903980900e-02 5.379091406250000100e+01 1.257996075000000000e+01 1.000127656250000000e+02 3.176959750000000000e+00 -4.622185156249999900e+01 9.403000999999999700e+00
1.754153744755141500e-02 5.379739062499999800e+01 1.257943250000000100e+01 1.000305390625000000e+02 3.176442499999999800e+00 -4.623314843749999900e+01 9.402990000000000800e+00
1.755740698866956700e-02 5.378866015624999600e+01 1.257888799999999900e+01 1.000594062499999900e+02 3.175590999999999800e+00 -4.627074609374999900e+01 9.403297000000000200e+00
1.759311345618540600e-02 5.378619140624999800e+01 1.257980750000000100e+01 1.001244375000000000e+02 3.175476499999999800e+00 -4.633824609375000100e+01 9.404331000000000900e+00
1.767345300809604700e-02 5.378963281250000300e+01 1.258663550000000000e+01 1.002433203125000000e+02 3.179848499999999900e+00 -4.645368750000000100e+01 9.406786999999999600e+00
1.771864302827930200e-02 5.379061328125000300e+01 1.259124999999999900e+01 1.003040859375000100e+02 3.183282999999999900e+00 -4.651347265625000200e+01 9.407966999999999300e+00
1.774406339239886400e-02 5.379104296874999800e+01 1.259318199999999900e+01 1.003431171875000000e+02 3.184550999999999900e+00 -4.655207421875000100e+01 9.408630999999999700e+00
1.775192776377119600e-02 5.379156640624999900e+01 1.259357024999999900e+01 1.003561484375000000e+02 3.184766250000000000e+00 -4.656458203124999800e+01 9.408803999999999900e+00
1.775997047974994500e-02 5.379203906250000200e+01 1.259382349999999900e+01 1.003703281250000000e+02 3.184853500000000000e+00 -4.657828906249999800e+01 9.408970000000000100e+00
1.777806776402190600e-02 5.378912499999999100e+01 1.259584199999999900e+01 1.004000078124999900e+02 3.186062000000000200e+00 -4.661088281250000200e+01 9.409779999999999600e+00
1.781878508920744400e-02 5.379026953125000400e+01 1.259995600000000100e+01 1.004820937500000000e+02 3.188159000000000200e+00 -4.669182421875000000e+01 9.411797000000000000e+00
1.786917369822504200e-02 5.379003906250000700e+01 1.260459225000000000e+01 1.005810078125000000e+02 3.190473250000000100e+00 -4.679096874999999800e+01 9.414118999999999500e+00
1.792070746734698800e-02 5.379002734374999800e+01 1.260837025000000000e+01 1.006724296875000000e+02 3.192265250000000200e+00 -4.688240234375000200e+01 9.416104999999999900e+00
1.793665053650463100e-02 5.379441406250000300e+01 1.260817325000000000e+01 1.007043203125000000e+02 3.191642250000000100e+00 -4.690990624999999900e+01 9.416531000000000900e+00
1.795295655258058500e-02 5.379708203125000000e+01 1.260688625000000100e+01 1.007436640625000000e+02 3.189925249999999900e+00 -4.694658203125000300e+01 9.416961000000000600e+00
1.798964391543170600e-02 5.376619531250000300e+01 1.260377175000000000e+01 1.008231796875000000e+02 3.185732750000000100e+00 -4.705698437499999900e+01 9.418039000000000300e+00
1.807218930852694900e-02 5.379092578124999600e+01 1.261486650000000000e+01 1.009105000000000000e+02 3.194353500000000100e+00 -4.711957421875000300e+01 9.420512999999999700e+00
1.825791957184398600e-02 5.379034374999999800e+01 1.263196449999999900e+01 1.012219375000000000e+02 3.204496499999999900e+00 -4.743159374999999800e+01 9.427467999999999300e+00
1.831538095248965900e-02 5.379012109375000300e+01 1.263687225000000000e+01 1.013245156250000000e+02 3.207033249999999800e+00 -4.753439453125000100e+01 9.429838999999999400e+00
1.834770200133636600e-02 5.379027734375000600e+01 1.263931600000000100e+01 1.013775390625000100e+02 3.208298000000000100e+00 -4.758726171875000000e+01 9.431017999999999900e+00
1.838075833057794100e-02 5.379400781250000600e+01 1.263959300000000100e+01 1.014285312500000100e+02 3.207813999999999900e+00 -4.763452343750000000e+01 9.431779000000000600e+00
1.842166495135449600e-02 5.379115625000000000e+01 1.264197349999999900e+01 1.014741953125000000e+02 3.209106499999999900e+00 -4.768303906250000100e+01 9.432866999999999900e+00
1.843212314165170600e-02 5.379498437499999900e+01 1.264177725000000100e+01 1.014919843750000000e+02 3.208639250000000100e+00 -4.769700000000000300e+01 9.433137999999999600e+00
1.843800694923701200e-02 5.379696875000000500e+01 1.264152825000000000e+01 1.015019843750000100e+02 3.208181250000000000e+00 -4.770501562500000100e+01 9.433346999999999500e+00
1.844131571101391400e-02 5.380446875000000500e+01 1.264097300000000100e+01 1.015136953125000000e+02 3.207517999999999900e+00 -4.770922656250000000e+01 9.433455000000000400e+00
1.844317737839666300e-02 5.381394921875000400e+01 1.264029450000000000e+01 1.015249062500000000e+02 3.206812499999999800e+00 -4.771095703124999700e+01 9.433481999999999700e+00
1.844736691222103100e-02 5.396897656249999600e+01 1.262859825000000000e+01 1.016386484375000000e+02 3.197433250000000000e+00 -4.766967187499999900e+01 9.431165000000000000e+00
1.844972137391097700e-02 5.394089062500000200e+01 1.262574050000000100e+01 1.016290625000000000e+02 3.194578500000000000e+00 -4.768817187500000200e+01 9.431162000000000500e+00
1.845502321488588100e-02 5.380813281249999800e+01 1.263011075000000000e+01 1.015727578125000000e+02 3.196364749999999900e+00 -4.776462500000000200e+01 9.433745999999999300e+00
1.846695040154644800e-02 5.374118359375000900e+01 1.263100500000000000e+01 1.015668593750000100e+02 3.195558000000000100e+00 -4.782567578124999800e+01 9.435446999999999900e+00
1.849378657153271900e-02 5.379512499999999900e+01 1.262005699999999900e+01 1.016943281250000000e+02 3.181820999999999800e+00 -4.789920312500000000e+01 9.438235999999999800e+00
1.850888172159670400e-02 5.375901953125000400e+01 1.262256450000000100e+01 1.016942812500000000e+02 3.182513500000000200e+00 -4.793526171874999900e+01 9.440051000000000400e+00
1.854284541813407100e-02 5.378755859374999900e+01 1.262552000000000000e+01 1.017536328125000000e+02 3.183006999999999900e+00 -4.796607421875000200e+01 9.442512999999999900e+00
1.861926451755633800e-02 5.378955468750000100e+01 1.262820874999999900e+01 1.018437656250000000e+02 3.181491750000000200e+00 -4.805421093750000200e+01 9.446716999999999600e+00
1.871383252732083900e-02 5.378819921875000900e+01 1.263103100000000000e+01 1.019592968750000100e+02 3.178321000000000000e+00 -4.817109765624999800e+01 9.452709999999999700e+00
1.881055162334692400e-02 5.378839843750000000e+01 1.263683574999999900e+01 1.020419765625000000e+02 3.179561750000000000e+00 -4.825357812499999700e+01 9.457274000000000000e+00
1.902816646055286200e-02 5.379050000000000200e+01 1.265254675000000100e+01 1.021814296875000000e+02 3.187896750000000200e+00 -4.839092968749999800e+01 9.464650000000000700e+00
1.951780219090579500e-02 5.379008984375000300e+01 1.268479550000000000e+01 1.024309531250000000e+02 3.207369500000000000e+00 -4.864086328124999900e+01 9.477425999999999500e+00
1.979322258255926000e-02 5.379017578124999900e+01 1.270171050000000100e+01 1.026114062500000000e+02 3.216647500000000100e+00 -4.882123046875000200e+01 9.485063000000000200e+00
2.004690996305210200e-02 5.378905859375000600e+01 1.270867299999999900e+01 1.027414531250000100e+02 3.216937000000000200e+00 -4.895239453125000000e+01 9.491735999999999500e+00
2.006869616470937500e-02 5.378906250000000700e+01 1.271002925000000000e+01 1.027557421875000000e+02 3.217548250000000100e+00 -4.896667968749999700e+01 9.492480999999999700e+00
2.011771433622505300e-02 5.378976171875000000e+01 1.271222425000000000e+01 1.027877343750000000e+02 3.218374250000000100e+00 -4.899797265624999900e+01 9.493850000000000100e+00
2.014528735103256900e-02 5.379043749999999600e+01 1.271352750000000100e+01 1.028068281250000000e+02 3.218847499999999900e+00 -4.901639062500000000e+01 9.494680000000000700e+00
2.016079863851151500e-02 5.379139062499999800e+01 1.271398774999999900e+01 1.028163359375000000e+02 3.218930750000000200e+00 -4.902494531250000200e+01 9.495056999999999200e+00
2.016952187996210900e-02 5.379436718750000100e+01 1.271393025000000100e+01 1.028218671875000000e+02 3.218782249999999800e+00 -4.902750000000000300e+01 9.495148000000000400e+00
2.017222207988028300e-02 5.379850781249999900e+01 1.271371375000000000e+01 1.028258203125000000e+02 3.218571750000000200e+00 -4.902731250000000100e+01 9.495141999999999500e+00
2.017498172800058800e-02 5.381549218749999900e+01 1.271281924999999900e+01 1.028348984375000000e+02 3.217998249999999900e+00 -4.901940625000000300e+01 9.494821000000000000e+00
2.017653520338804100e-02 5.384273046875000500e+01 1.271144374999999900e+01 1.028449453125000000e+02 3.217333749999999900e+00 -4.900221484374999600e+01 9.494109999999999200e+00
2.018002856747684600e-02 5.387505859375000500e+01 1.270752824999999900e+01 1.028568203125000100e+02 3.214966249999999800e+00 -4.898176171875000100e+01 9.492561999999999500e+00
2.018788824557006500e-02 5.378920703125000100e+01 1.270984950000000100e+01 1.028245078125000000e+02 3.215572499999999900e+00 -4.903530078125000100e+01 9.494277000000000300e+00
2.020557565013254500e-02 5.375369921875000000e+01 1.271215900000000000e+01 1.028094218750000000e+02 3.216917000000000000e+00 -4.905572265624999800e+01 9.495241999999999300e+00
2.024536996375857200e-02 5.379348828124999200e+01 1.271602749999999900e+01 1.028564843749999900e+02 3.219018499999999800e+00 -4.906299609375000200e+01 9.497009000000000300e+00
2.029461654152457300e-02 5.379255468750000100e+01 1.271882249999999800e+01 1.028936406250000000e+02 3.220200499999999800e+00 -4.910108593750000200e+01 9.498621999999999200e+00
2.034498168414658800e-02 5.379795703125000000e+01 1.271601925000000000e+01 1.029266796875000000e+02 3.216943249999999900e+00 -4.912872265624999800e+01 9.499076000000000500e+00
2.045830403725931700e-02 5.379051171874999700e+01 1.272527674999999900e+01 1.029947656250000000e+02 3.221858750000000000e+00 -4.920425390625000300e+01 9.503417999999999900e+00
2.071328050508274000e-02 5.379008203125000200e+01 1.274028674999999900e+01 1.032311171875000000e+02 3.228053749999999900e+00 -4.944103515625000300e+01 9.512233000000000200e+00
2.102881278891575700e-02 5.379008984374999600e+01 1.275771975000000000e+01 1.035437265625000000e+02 3.235261749999999800e+00 -4.975363671875000200e+01 9.522458000000000300e+00
2.135151483881191800e-02 5.379007031249999900e+01 1.277508974999999900e+01 1.038730546875000000e+02 3.243584750000000100e+00 -5.008298437500000200e+01 9.531504999999999200e+00
2.139689571901256400e-02 5.379007031250000600e+01 1.277739550000000100e+01 1.039149140625000000e+02 3.244760499999999900e+00 -5.012484374999999700e+01 9.532635000000000900e+00
2.142242246412542600e-02 5.379002343749999700e+01 1.277860925000000100e+01 1.039358750000000000e+02 3.245420250000000000e+00 -5.014585156249999900e+01 9.533189000000000100e+00
2.143678076936816900e-02 5.379051562499999800e+01 1.277906775000000100e+01 1.039450781249999900e+02 3.245708749999999900e+00 -5.015456249999999700e+01 9.533359000000000800e+00
2.146908773837752700e-02 5.378348828124999400e+01 1.277186900000000100e+01 1.039791093749999900e+02 3.239392000000000000e+00 -5.019562109374999900e+01 9.532477000000000100e+00
2.154177724532880700e-02 5.378905078125000500e+01 1.277980875000000100e+01 1.040120078125000000e+02 3.244715750000000100e+00 -5.022295703124999700e+01 9.535092999999999800e+00
2.158266509298890200e-02 5.379182812499999500e+01 1.278230550000000000e+01 1.040372187499999900e+02 3.246650499999999900e+00 -5.024539062499999900e+01 9.535655000000000200e+00
2.160566528951089100e-02 5.379080468750000000e+01 1.278328299999999900e+01 1.040511171875000000e+02 3.247380000000000200e+00 -5.026031249999999800e+01 9.535902999999999400e+00
2.162830566796730700e-02 5.379256250000000300e+01 1.278365750000000000e+01 1.040715078125000000e+02 3.247369500000000000e+00 -5.027894531249999900e+01 9.536288000000000800e+00
2.163230747062703000e-02 5.379539062500000300e+01 1.278347725000000100e+01 1.040783437500000000e+02 3.247121250000000200e+00 -5.028295312499999900e+01 9.536355999999999600e+00
2.163640157444270500e-02 5.380299609375000400e+01 1.278286024999999900e+01 1.040908906250000000e+02 3.246447250000000100e+00 -5.028789453124999700e+01 9.536412999999999600e+00
2.164561135249500800e-02 5.384121093750000900e+01 1.277729800000000000e+01 1.041430312500000100e+02 3.241585000000000200e+00 -5.030182031249999900e+01 9.535712999999999400e+00
2.166633530864565300e-02 5.376918749999999400e+01 1.277858000000000000e+01 1.041243515625000000e+02 3.241588999999999800e+00 -5.035516406250000200e+01 9.536991000000000400e+00
2.171296147223845600e-02 5.378440625000000400e+01 1.278348450000000000e+01 1.041534140625000000e+02 3.244679500000000200e+00 -5.036900781250000100e+01 9.538805000000000000e+00
2.181787190474863300e-02 5.379123828124999600e+01 1.278863350000000000e+01 1.042146015624999900e+02 3.248427500000000000e+00 -5.042336328124999800e+01 9.540205999999999500e+00
2.205392037789652400e-02 5.378996874999999300e+01 1.279737525000000000e+01 1.042812187499999900e+02 3.254331249999999900e+00 -5.049125000000000100e+01 9.543044000000000100e+00
2.212694780094417000e-02 5.379021875000000100e+01 1.280147075000000000e+01 1.043133593750000000e+02 3.257259749999999800e+00 -5.052314062500000300e+01 9.544211000000000700e+00
2.216802650862165600e-02 5.379041796874999200e+01 1.280351574999999900e+01 1.043347890624999900e+02 3.258638749999999800e+00 -5.054437109375000100e+01 9.544876999999999600e+00
2.219113152171057300e-02 5.379051953125000600e+01 1.280445025000000000e+01 1.043465546875000000e+02 3.259177250000000000e+00 -5.055603515624999700e+01 9.545272999999999900e+00
2.220413034043599800e-02 5.379148828124999700e+01 1.280482625000000100e+01 1.043547500000000000e+02 3.259326250000000000e+00 -5.056326171874999900e+01 9.545500000000000500e+00
2.221742170689300000e-02 5.380264453125000300e+01 1.280390399999999900e+01 1.043757812500000000e+02 3.258305000000000000e+00 -5.057313671875000000e+01 9.545598999999999300e+00
2.222489966495143400e-02 5.379396875000000500e+01 1.280415375000000100e+01 1.043747968750000000e+02 3.258347750000000000e+00 -5.058082812499999600e+01 9.545806000000000700e+00
2.222910484303952700e-02 5.379392968749999700e+01 1.280420525000000100e+01 1.043780625000000000e+02 3.258290249999999900e+00 -5.058413281250000200e+01 9.545915000000000800e+00
2.223856805816409900e-02 5.380033593750000200e+01 1.280301875000000000e+01 1.043956562500000000e+02 3.257009749999999900e+00 -5.059532031250000000e+01 9.546008999999999700e+00
2.225986146551417500e-02 5.380123046875000600e+01 1.280168050000000000e+01 1.044388437500000000e+02 3.254351499999999800e+00 -5.063761328124999700e+01 9.547328999999999500e+00
2.227183714939227600e-02 5.377350390624999900e+01 1.280270725000000100e+01 1.044282031250000000e+02 3.254802250000000000e+00 -5.065469921874999700e+01 9.547905000000000100e+00
2.229878595807733400e-02 5.380962109374999600e+01 1.279995325000000200e+01 1.045031796874999900e+02 3.250798249999999900e+00 -5.069355859374999800e+01 9.549155000000000700e+00
2.231394368519620100e-02 5.377198828124999600e+01 1.280140300000000100e+01 1.044856718749999900e+02 3.251633000000000000e+00 -5.071368359374999800e+01 9.549770000000000500e+00
2.234805130895979900e-02 5.378391406249999600e+01 1.280439099999999900e+01 1.044962890625000000e+02 3.253785999999999800e+00 -5.071237500000000200e+01 9.550604999999999100e+00
2.239025640362516500e-02 5.379384375000000100e+01 1.280636575000000100e+01 1.045129140625000000e+02 3.255328749999999900e+00 -5.071907031250000100e+01 9.551037000000000900e+00
2.243342362050935000e-02 5.379563281250000300e+01 1.280501650000000100e+01 1.045235859375000000e+02 3.254042500000000200e+00 -5.072795312499999900e+01 9.550974000000000100e+00
2.243676210638732200e-02 5.379483984375000500e+01 1.280479650000000000e+01 1.045224921875000100e+02 3.253841500000000100e+00 -5.072765234375000200e+01 9.550955000000000100e+00
2.244017568473114600e-02 5.381055468749999400e+01 1.280356675000000000e+01 1.045211796874999900e+02 3.253368749999999900e+00 -5.071062500000000000e+01 9.550198000000000000e+00
2.244785858264432300e-02 5.385067187499999600e+01 1.279500024999999900e+01 1.044907656249999900e+02 3.249722250000000000e+00 -5.064009374999999800e+01 9.545277999999999700e+00
2.246514392962918600e-02 5.374966796874999600e+01 1.279897450000000000e+01 1.044635156250000000e+02 3.250300499999999800e+00 -5.071384765625000300e+01 9.548674000000000100e+00
2.250403713366491000e-02 5.378642578124999600e+01 1.280391650000000000e+01 1.045092499999999900e+02 3.252382500000000000e+00 -5.072282421874999900e+01 9.551534000000000200e+00
2.254232334026827100e-02 5.380024999999999100e+01 1.280496025000000100e+01 1.045416874999999900e+02 3.252044250000000000e+00 -5.074143750000000400e+01 9.552915999999999700e+00
2.255462911811087500e-02 5.382030078125000500e+01 1.280352925000000000e+01 1.045770156250000000e+02 3.249949249999999800e+00 -5.075671484374999700e+01 9.553580000000000200e+00
2.258231633604355200e-02 5.378276562499999600e+01 1.280424474999999900e+01 1.045788125000000000e+02 3.249220750000000100e+00 -5.079604687500000200e+01 9.555023999999999500e+00
2.259789176500375700e-02 5.379494531249999800e+01 1.280354350000000000e+01 1.046107500000000000e+02 3.247571499999999800e+00 -5.081580468749999800e+01 9.555972000000000600e+00
2.263293491573784000e-02 5.377629687500000700e+01 1.280363200000000000e+01 1.046484687500000100e+02 3.245196000000000000e+00 -5.087217187499999900e+01 9.558436000000000400e+00
2.267630081477127500e-02 5.378749218750000000e+01 1.280670975000000000e+01 1.046773046875000000e+02 3.246416749999999900e+00 -5.088981249999999800e+01 9.560292999999999700e+00
2.272065230241910500e-02 5.379638671875000000e+01 1.280743024999999900e+01 1.047285234375000000e+02 3.245092249999999900e+00 -5.093213671875000200e+01 9.562338000000000400e+00
2.274560020977430700e-02 5.378589843749999500e+01 1.280809500000000000e+01 1.047487265625000000e+02 3.244502999999999900e+00 -5.096282812500000100e+01 9.563591999999999900e+00
2.275963311433166400e-02 5.379207421874999500e+01 1.280814100000000100e+01 1.047697968750000000e+02 3.243771000000000200e+00 -5.097772265625000200e+01 9.564370000000000300e+00
2.279120793179889900e-02 5.380000390624999800e+01 1.280527950000000100e+01 1.048326406250000000e+02 3.238617500000000100e+00 -5.103263671874999800e+01 9.566662000000000900e+00
2.286225009778039900e-02 5.378942578125000300e+01 1.280736800000000000e+01 1.049198671875000000e+02 3.235654999999999900e+00 -5.113044140625000000e+01 9.571713000000000800e+00
2.302209692677174800e-02 5.378988281249999700e+01 1.281532700000000000e+01 1.050520312500000000e+02 3.237607999999999800e+00 -5.126214843750000200e+01 9.577719000000000100e+00
2.311201076807938000e-02 5.378983203125000000e+01 1.281972625000000000e+01 1.051158671875000000e+02 3.239387250000000100e+00 -5.132603515625000100e+01 9.580339000000000400e+00
2.322327746493922700e-02 5.379229687499999800e+01 1.282261424999999900e+01 1.051691406250000000e+02 3.239926249999999900e+00 -5.137684374999999900e+01 9.582687999999999200e+00
2.333707540366906200e-02 5.378896093750000100e+01 1.282674275000000100e+01 1.051898046875000000e+02 3.241729750000000200e+00 -5.140084375000000000e+01 9.585013000000000000e+00
2.359311724585185000e-02 5.378991015625000200e+01 1.283908624999999900e+01 1.053495390625000000e+02 3.247564249999999900e+00 -5.155962890624999800e+01 9.591521999999999400e+00
2.405399412620724800e-02 5.378994531249999500e+01 1.285837225000000000e+01 1.056294374999999900e+02 3.253676249999999800e+00 -5.183949218749999900e+01 9.604696000000000600e+00
2.437084678589828200e-02 5.378986718750000800e+01 1.287257100000000100e+01 1.057989296875000100e+02 3.260272000000000100e+00 -5.200906249999999900e+01 9.612299000000000100e+00
2.445185904114890700e-02 5.379008984375000300e+01 1.287643225000000100e+01 1.058394375000000000e+02 3.262569249999999900e+00 -5.204934765624999900e+01 9.613863000000000300e+00
2.449742921694057100e-02 5.379010937500000000e+01 1.287854825000000000e+01 1.058621796875000000e+02 3.263810250000000100e+00 -5.207207031250000300e+01 9.614737999999999100e+00
2.459996172136521800e-02 5.378725781250000200e+01 1.288181075000000000e+01 1.059139375000000000e+02 3.266465750000000100e+00 -5.212667968750000100e+01 9.615344999999999600e+00
2.483066142074704900e-02 5.379013671874999900e+01 1.289231600000000100e+01 1.060322187500000000e+02 3.271882999999999900e+00 -5.224208203125000000e+01 9.620433000000000200e+00
2.490203368069305800e-02 5.378953515625000400e+01 1.289517525000000100e+01 1.060665000000000000e+02 3.273764250000000200e+00 -5.227696484375000100e+01 9.621411000000000200e+00
2.492028114989673300e-02 5.380139062499999600e+01 1.289570800000000100e+01 1.060846640625000000e+02 3.274382999999999800e+00 -5.228327343750000000e+01 9.621325000000000600e+00
2.496134108445775800e-02 5.378632812500000400e+01 1.289709775000000000e+01 1.060956484375000000e+02 3.275301750000000100e+00 -5.230932031249999900e+01 9.621795999999999800e+00
2.505372515500687100e-02 5.379019921875000400e+01 1.290124075000000100e+01 1.061418359375000100e+02 3.277670750000000000e+00 -5.235163671875000100e+01 9.623570000000000800e+00
2.526158735820940500e-02 5.379018750000000200e+01 1.290991000000000000e+01 1.062375390625000100e+02 3.282458999999999800e+00 -5.244735156250000300e+01 9.627451000000000600e+00
2.572927887984147900e-02 5.379010156249999900e+01 1.292937824999999900e+01 1.064527031250000000e+02 3.291306249999999900e+00 -5.266260156250000100e+01 9.638071999999999300e+00
2.587397111056670800e-02 5.379019140625000300e+01 1.293487625000000000e+01 1.065180078125000000e+02 3.293283250000000000e+00 -5.272781640625000000e+01 9.641593000000000300e+00
2.602195176552599800e-02 5.379001953125000300e+01 1.294015199999999900e+01 1.065824062500000100e+02 3.294766999999999800e+00 -5.279238671875000200e+01 9.645384999999999200e+00
2.635490863029099300e-02 5.379010937500000700e+01 1.295240224999999900e+01 1.067355859375000100e+02 3.299144249999999900e+00 -5.294547656249999800e+01 9.653257999999999200e+00
2.710405922937268000e-02 5.379007031250000600e+01 1.298002675000000000e+01 1.071273281250000100e+02 3.307576750000000000e+00 -5.333725781249999900e+01 9.672449999999999500e+00
2.752545937465557600e-02 5.379007421875000000e+01 1.299506600000000000e+01 1.073586250000000000e+02 3.311662999999999800e+00 -5.356855078125000300e+01 9.683403000000000200e+00
2.776249500084423900e-02 5.379006640624999800e+01 1.300343125000000000e+01 1.074898203125000000e+02 3.313758249999999800e+00 -5.369975390625000200e+01 9.689673000000000900e+00
2.789582793168195200e-02 5.379007031250000600e+01 1.300804799999999900e+01 1.075616250000000100e+02 3.314843999999999900e+00 -5.377155468750000000e+01 9.693203999999999700e+00
2.819582546164044200e-02 5.379002734374999800e+01 1.301806225000000000e+01 1.077139140625000000e+02 3.316928250000000100e+00 -5.392388671874999800e+01 9.701133999999999700e+00
2.836457700554154100e-02 5.379019140625000300e+01 1.302290174999999900e+01 1.077874609375000000e+02 3.317423750000000100e+00 -5.399726953124999800e+01 9.705477999999999400e+00
2.845949701123975900e-02 5.379003906249999300e+01 1.302618375000000100e+01 1.078364062500000000e+02 3.318060749999999900e+00 -5.404636718750000300e+01 9.708123000000000500e+00
2.857696352981207000e-02 5.378990234374999300e+01 1.302825400000000000e+01 1.078678515624999900e+02 3.317453000000000000e+00 -5.407794921875000000e+01 9.710801000000000000e+00
2.859348074344824800e-02 5.378983593750000100e+01 1.302867699999999800e+01 1.078737656250000000e+02 3.317450000000000000e+00 -5.408392968750000300e+01 9.711226999999999200e+00
2.860277343609827000e-02 5.379032812499999500e+01 1.302872625000000000e+01 1.078758124999999900e+02 3.317327249999999900e+00 -5.408548437500000000e+01 9.711399000000000100e+00
2.861227576188214700e-02 5.380680859374999200e+01 1.302723550000000000e+01 1.078912265624999900e+02 3.315900500000000100e+00 -5.408441796875000300e+01 9.711335000000000100e+00
2.863365834153543500e-02 5.378337109374999900e+01 1.302783000000000000e+01 1.078751171875000000e+02 3.316110999999999800e+00 -5.409174609374999700e+01 9.711719000000000400e+00
2.864568565148380800e-02 5.378359765624999500e+01 1.302806800000000100e+01 1.078774140624999900e+02 3.316055000000000000e+00 -5.409381640624999900e+01 9.712013000000000700e+00
2.865245023111658700e-02 5.379960546875000200e+01 1.302720899999999900e+01 1.078920312500000000e+02 3.315159000000000000e+00 -5.409242578125000000e+01 9.712049999999999600e+00
2.866767209971670900e-02 5.378752734374999300e+01 1.302794074999999900e+01 1.078843984375000000e+02 3.315555750000000100e+00 -5.409687109375000300e+01 9.712384999999999400e+00
2.870192052185378800e-02 5.378951953125000100e+01 1.302983300000000000e+01 1.078987265625000000e+02 3.316298000000000200e+00 -5.410920703125000100e+01 9.713535000000000300e+00
2.877898103608859600e-02 5.379066015624999900e+01 1.303284449999999900e+01 1.079416718750000000e+02 3.317263500000000100e+00 -5.415101171874999900e+01 9.715581000000000200e+00
2.895236641090372800e-02 5.379004687500000200e+01 1.303930750000000100e+01 1.080385156250000000e+02 3.318918500000000100e+00 -5.424846875000000100e+01 9.720389000000000800e+00
2.934248428645096200e-02 5.379005859374999700e+01 1.305284825000000000e+01 1.082528359375000000e+02 3.322029249999999900e+00 -5.446277734374999800e+01 9.730819000000000300e+00
3.022024637757949500e-02 5.379005468750000300e+01 1.308083925000000000e+01 1.087398437500000100e+02 3.327808249999999900e+00 -5.494978906250000300e+01 9.753031000000000000e+00
3.071398872715907400e-02 5.379006250000000500e+01 1.309602550000000000e+01 1.090102656250000000e+02 3.330569500000000200e+00 -5.522020312499999800e+01 9.765456000000000400e+00
3.099172134099044100e-02 5.378955078124999300e+01 1.310360650000000000e+01 1.091521093749999900e+02 3.332368499999999800e+00 -5.536255859375000200e+01 9.771238000000000300e+00
3.133541017066775200e-02 5.378998046874999500e+01 1.311361900000000000e+01 1.093217499999999900e+02 3.333638000000000100e+00 -5.553176953124999900e+01 9.779980999999999400e+00
3.168691174564711900e-02 5.379006250000000500e+01 1.312337224999999900e+01 1.094823046875000000e+02 3.334433250000000000e+00 -5.569224218750000000e+01 9.788938999999999200e+00
3.188463333710597800e-02 5.379007421875000700e+01 1.312903949999999900e+01 1.095752265625000100e+02 3.335066499999999900e+00 -5.578515234374999900e+01 9.793972999999999400e+00
3.199585153674829000e-02 5.379005078125000200e+01 1.313224325000000000e+01 1.096271015625000000e+02 3.335408250000000000e+00 -5.583705078124999900e+01 9.796834999999999700e+00
3.205840981851412100e-02 5.379008203125000900e+01 1.313405900000000100e+01 1.096566953125000100e+02 3.335612999999999900e+00 -5.586661328124999700e+01 9.798446000000000200e+00
3.207776490158922200e-02 5.379046484375000100e+01 1.313462725000000100e+01 1.096661562500000000e+02 3.335692250000000100e+00 -5.587569140624999900e+01 9.798935000000000200e+00
3.209755802404849100e-02 5.379119921875000200e+01 1.313520649999999900e+01 1.096761484375000000e+02 3.335796499999999800e+00 -5.588494921875000200e+01 9.799410000000000000e+00
3.210034270299075300e-02 5.379144531250000200e+01 1.313529250000000000e+01 1.096776796875000000e+02 3.335816500000000000e+00 -5.588623437500000100e+01 9.799476000000000300e+00
3.210378756986202000e-02 5.379251171875000600e+01 1.313541950000000100e+01 1.096801406250000100e+02 3.335860499999999900e+00 -5.588762890625000100e+01 9.799559000000000400e+00
3.210572432971063600e-02 5.379402343750000200e+01 1.313551700000000000e+01 1.096821328125000000e+02 3.335904999999999900e+00 -5.588810937499999900e+01 9.799611999999999800e+00
3.210681317046558400e-02 5.379560156250000300e+01 1.313559375000000000e+01 1.096836796875000000e+02 3.335943750000000200e+00 -5.588807812500000000e+01 9.799649999999999700e+00
3.210793017089522800e-02 5.379994140624999200e+01 1.313570150000000000e+01 1.096860078124999900e+02 3.336010500000000000e+00 -5.588606640625000200e+01 9.799690999999999300e+00
3.211043638194326800e-02 5.391036328124999200e+01 1.313252600000000000e+01 1.097200546875000000e+02 3.336218000000000100e+00 -5.580969140625000300e+01 9.796307999999999800e+00
3.211184749453086700e-02 5.395760937499999700e+01 1.313118050000000100e+01 1.097528593750000000e+02 3.336193499999999800e+00 -5.579525000000000300e+01 9.794987000000000800e+00
3.211502328006614300e-02 5.390727734374999600e+01 1.313069300000000100e+01 1.097386171875000000e+02 3.335605999999999800e+00 -5.583133984375000100e+01 9.795087000000000500e+00
3.212216332202821200e-02 5.379180078125000400e+01 1.313153325000000000e+01 1.096868906250000000e+02 3.335330250000000200e+00 -5.589508984375000000e+01 9.796203000000000200e+00
3.213823310972199100e-02 5.374290234374999600e+01 1.313455424999999900e+01 1.096869218750000000e+02 3.336406250000000000e+00 -5.594401953124999900e+01 9.798147999999999400e+00
3.217439013203297900e-02 5.378272265625000200e+01 1.313620699999999900e+01 1.097190468750000000e+02 3.337251999999999900e+00 -5.593632421875000200e+01 9.798954999999999400e+00
3.225574343223271100e-02 5.379096484374999700e+01 1.313882325000000000e+01 1.097593281250000000e+02 3.337460249999999900e+00 -5.596836328124999900e+01 9.801363000000000300e+00
3.243878757546892600e-02 5.379005859375000400e+01 1.314447575000000000e+01 1.098440546875000100e+02 3.337748749999999800e+00 -5.605399609375000100e+01 9.806727000000000400e+00
3.266530086987913500e-02 5.379007421875000700e+01 1.315085200000000000e+01 1.099461796875000100e+02 3.338042000000000200e+00 -5.615610546874999900e+01 9.812810000000000700e+00
3.276665379681924900e-02 5.379008593750000200e+01 1.315354075000000100e+01 1.099884453125000100e+02 3.338105750000000000e+00 -5.619835937500000300e+01 9.815435000000000800e+00
3.278457273648479500e-02 5.379023437499999700e+01 1.315400024999999900e+01 1.099957421875000000e+02 3.338115250000000000e+00 -5.620550781250000200e+01 9.815884999999999700e+00
3.279465077117359200e-02 5.379046875000000900e+01 1.315425424999999900e+01 1.099998906250000100e+02 3.338124249999999900e+00 -5.620942187499999700e+01 9.816129999999999400e+00
3.280032025234593000e-02 5.379088671874999500e+01 1.315440175000000000e+01 1.100024218750000000e+02 3.338136749999999900e+00 -5.621153515625000100e+01 9.816264999999999600e+00
3.280611801648077000e-02 5.380403515624999500e+01 1.315488925000000000e+01 1.100146328125000000e+02 3.338437250000000100e+00 -5.621059765625000200e+01 9.816452000000000000e+00
3.281916533242373200e-02 5.379483203125000300e+01 1.315485350000000200e+01 1.100140390625000000e+02 3.338390500000000000e+00 -5.621920703125000100e+01 9.816463000000000600e+00
3.284851710001627400e-02 5.378271484375000000e+01 1.315505800000000000e+01 1.100139609375000000e+02 3.338045999999999800e+00 -5.623124609375000200e+01 9.817012000000000100e+00
3.288484308037544600e-02 5.378958203125000600e+01 1.315547574999999900e+01 1.100258437500000100e+02 3.337700750000000200e+00 -5.623626171875000100e+01 9.817774999999999300e+00
3.292199194900633000e-02 5.378480468749999900e+01 1.315325300000000100e+01 1.100291484375000000e+02 3.334998000000000100e+00 -5.624434374999999900e+01 9.818255000000000600e+00
3.300557925006535700e-02 5.379116796875000300e+01 1.315700025000000100e+01 1.100571250000000000e+02 3.336265249999999800e+00 -5.626595703124999700e+01 9.820735000000000900e+00
3.319365145966136900e-02 5.379021875000000100e+01 1.316302675000000000e+01 1.101349687500000000e+02 3.337277750000000200e+00 -5.634474999999999800e+01 9.825749000000000100e+00
3.329944109979263800e-02 5.379028125000000000e+01 1.316620825000000000e+01 1.101826796875000000e+02 3.337667250000000000e+00 -5.639239843749999900e+01 9.828540999999999500e+00
3.331431879459090300e-02 5.379422656250000000e+01 1.316674750000000000e+01 1.101941250000000000e+02 3.337881499999999900e+00 -5.639989843749999900e+01 9.828865999999999700e+00
3.331892133697749600e-02 5.379767968750000100e+01 1.316697650000000100e+01 1.101999062500000000e+02 3.338022500000000100e+00 -5.640222656249999700e+01 9.828953999999999500e+00
3.332150889819688500e-02 5.380523046875000400e+01 1.316727025000000000e+01 1.102083203125000100e+02 3.338257249999999800e+00 -5.640308984375000300e+01 9.829012999999999800e+00
3.332415903647114500e-02 5.386140625000000200e+01 1.316655300000000000e+01 1.102385078125000000e+02 3.338887000000000200e+00 -5.637710156250000200e+01 9.827666000000000700e+00
3.333011637209594400e-02 5.389812109374999900e+01 1.316336974999999900e+01 1.102720937500000000e+02 3.338668750000000100e+00 -5.637397265624999700e+01 9.824700999999999200e+00
3.334352037725173100e-02 5.376658984374999800e+01 1.316481250000000000e+01 1.102292109375000000e+02 3.338647500000000000e+00 -5.646262109375000200e+01 9.826164999999999600e+00
3.334754095302791500e-02 5.375775781250000300e+01 1.316523500000000100e+01 1.102320781250000000e+02 3.338934000000000100e+00 -5.647432031249999800e+01 9.826301000000000800e+00
3.335508148814123700e-02 5.374630468750000000e+01 1.316560774999999900e+01 1.102373906250000000e+02 3.339318749999999900e+00 -5.649108593750000300e+01 9.826288999999999200e+00
3.337204612771983000e-02 5.375914453125000100e+01 1.316714975000000000e+01 1.102433828125000000e+02 3.339891750000000000e+00 -5.648423828125000100e+01 9.827258000000000500e+00
3.341021500234529100e-02 5.379675781250000500e+01 1.316841125000000000e+01 1.102730937500000000e+02 3.340296250000000200e+00 -5.647633593749999600e+01 9.828115000000000400e+00
3.349609888131849200e-02 5.378935156249999500e+01 1.317131900000000000e+01 1.103062578124999900e+02 3.340336000000000200e+00 -5.651690624999999800e+01 9.830982999999999800e+00
3.368933682679504200e-02 5.379011328125000100e+01 1.317701800000000000e+01 1.103943984375000000e+02 3.340625999999999900e+00 -5.660428515625000000e+01 9.836392000000000000e+00
3.412412533297000400e-02 5.379007812500000800e+01 1.318908875000000000e+01 1.105773828125000100e+02 3.340945749999999900e+00 -5.678730468749999700e+01 9.848143000000000300e+00
3.466217223740625200e-02 5.379007031249999900e+01 1.320358750000000100e+01 1.107994609375000000e+02 3.341618500000000000e+00 -5.700939062500000200e+01 9.861969000000000200e+00
3.479974163485950000e-02 5.379010156250000600e+01 1.320722725000000100e+01 1.108564765625000100e+02 3.341852250000000100e+00 -5.706637500000000100e+01 9.865375000000000200e+00
3.487712442092695500e-02 5.379023828124999800e+01 1.320925574999999900e+01 1.108897187500000000e+02 3.342037749999999800e+00 -5.709948046875000200e+01 9.867217999999999400e+00
3.492065302030307500e-02 5.379126953124999500e+01 1.321041500000000100e+01 1.109107578124999900e+02 3.342254000000000100e+00 -5.711948828125000000e+01 9.868161000000000600e+00
3.493136621209892700e-02 5.379244921875000100e+01 1.321072474999999900e+01 1.109173281250000000e+02 3.342364750000000200e+00 -5.712487890624999700e+01 9.868359999999999100e+00
3.493480795011745500e-02 5.379402343749999500e+01 1.321086050000000100e+01 1.109205859374999900e+02 3.342435500000000100e+00 -5.712656249999999900e+01 9.868425000000000200e+00
3.493674470996606400e-02 5.379700000000000400e+01 1.321099950000000000e+01 1.109243437500000100e+02 3.342532499999999900e+00 -5.712734375000000100e+01 9.868467000000000800e+00
3.494110320183861600e-02 5.381091015625000300e+01 1.321150199999999900e+01 1.109390546875000000e+02 3.342944000000000100e+00 -5.712814453125000100e+01 9.868558000000000200e+00
3.495090902633867000e-02 5.379534375000000800e+01 1.321121975000000100e+01 1.109320234375000100e+02 3.342742750000000200e+00 -5.713667968749999900e+01 9.868477000000000400e+00
3.497296743818468400e-02 5.377996484375000100e+01 1.321148625000000000e+01 1.109314375000000000e+02 3.342613249999999900e+00 -5.715147265625000000e+01 9.868873000000000700e+00
3.502260668697006200e-02 5.378979687500000000e+01 1.321285900000000000e+01 1.109585625000000000e+02 3.342791000000000100e+00 -5.716876562499999900e+01 9.870067999999999800e+00
3.513428795681850700e-02 5.379021484375000000e+01 1.321596875000000000e+01 1.110064843750000000e+02 3.343003749999999800e+00 -5.721626953124999900e+01 9.872965000000000700e+00
3.538557550725661400e-02 5.379006249999999800e+01 1.322264725000000100e+01 1.111118750000000000e+02 3.343527250000000200e+00 -5.732181250000000000e+01 9.879120000000000300e+00
3.595096858467642500e-02 5.379008593749999500e+01 1.323763075000000100e+01 1.113420000000000000e+02 3.344801749999999800e+00 -5.755191406250000300e+01 9.892829000000000800e+00
3.626900395070473800e-02 5.379009374999999700e+01 1.324598250000000000e+01 1.114706171875000000e+02 3.345734499999999800e+00 -5.768052343750000000e+01 9.900247999999999500e+00
3.698458195984206900e-02 5.379003906250000000e+01 1.326424149999999900e+01 1.117420625000000000e+02 3.347843500000000200e+00 -5.795202343750000300e+01 9.916397999999999200e+00
3.738709322110873900e-02 5.379008203125000200e+01 1.327485325000000000e+01 1.118953593750000000e+02 3.349261250000000100e+00 -5.810527734374999700e+01 9.925592000000000000e+00
3.829274590559831500e-02 5.379003906250000700e+01 1.329891500000000100e+01 1.122344765625000100e+02 3.353371000000000100e+00 -5.844443749999999900e+01 9.945543999999999900e+00
4.033046444569985500e-02 5.379007812500000100e+01 1.335200425000000000e+01 1.128525546875000000e+02 3.361832250000000000e+00 -5.906247656250000200e+01 9.990171999999999400e+00
4.285214454170287200e-02 5.379005859375000400e+01 1.341599325000000000e+01 1.135367656250000000e+02 3.372681249999999900e+00 -5.974670703124999700e+01 1.004331200000000000e+01
4.543113270456709100e-02 5.379007031249999900e+01 1.348144074999999900e+01 1.141624687500000000e+02 3.383507750000000100e+00 -6.037239843750000300e+01 1.009793299999999900e+01
4.579380115499020300e-02 5.379007031249999200e+01 1.349050374999999800e+01 1.142495546874999900e+02 3.385224749999999900e+00 -6.045948437500000200e+01 1.010527899999999900e+01
4.624260692145881100e-02 5.379014062499999900e+01 1.350171525000000000e+01 1.143577109375000000e+02 3.387521249999999800e+00 -6.056757031250000300e+01 1.011419399999999900e+01
4.670160961902047200e-02 5.379003515625000600e+01 1.351312800000000000e+01 1.144656406250000100e+02 3.389845999999999900e+00 -6.067560546875000000e+01 1.012328200000000000e+01
4.695979941861210000e-02 5.379007812499999400e+01 1.351948600000000100e+01 1.145234843750000000e+02 3.391061999999999800e+00 -6.073340625000000200e+01 1.012842400000000100e+01
4.710503137643568000e-02 5.379012109375001000e+01 1.352303275000000000e+01 1.145541640625000100e+02 3.391726750000000100e+00 -6.076404296874999700e+01 1.013130600000000000e+01
4.743180249932556900e-02 5.379006640624999100e+01 1.353092075000000000e+01 1.146196015624999900e+02 3.393191750000000200e+00 -6.082953515625000300e+01 1.013772900000000000e+01
4.761561321148408800e-02 5.378996093749999800e+01 1.353518950000000000e+01 1.146519765625000000e+02 3.393984500000000200e+00 -6.086201562499999800e+01 1.014120499999999900e+01
4.779655163682351700e-02 5.379017578125000700e+01 1.353948674999999800e+01 1.146856328125000000e+02 3.394756750000000000e+00 -6.089545703124999700e+01 1.014472999999999900e+01
4.782853789842660100e-02 5.379078125000000200e+01 1.354019625000000100e+01 1.146905234375000000e+02 3.394908249999999800e+00 -6.089974218750000300e+01 1.014528800000000100e+01
4.783671671949971800e-02 5.379142187500000500e+01 1.354037075000000100e+01 1.146917734375000000e+02 3.394956750000000000e+00 -6.090035156249999900e+01 1.014541400000000100e+01
4.785511750248786600e-02 5.380458984374999400e+01 1.353777399999999900e+01 1.146945937500000000e+02 3.393638000000000200e+00 -6.089000390625000100e+01 1.014413600000000000e+01
4.789652161085073600e-02 5.377664062500000600e+01 1.354023924999999900e+01 1.146764921875000000e+02 3.394898249999999800e+00 -6.089985156249999700e+01 1.014534100000000000e+01
4.798968007245401500e-02 5.379104687499999900e+01 1.354314400000000000e+01 1.147089687500000000e+02 3.395785000000000100e+00 -6.091792187499999800e+01 1.014735900000000000e+01
4.819928504663501700e-02 5.379010937500000700e+01 1.354857949999999900e+01 1.147538671875000100e+02 3.396670499999999900e+00 -6.096375781249999900e+01 1.015190900000000000e+01
4.867090014960822500e-02 5.379008984375000300e+01 1.356004124999999900e+01 1.148505156250000000e+02 3.398761250000000200e+00 -6.106042578124999700e+01 1.016128000000000000e+01
4.881680481077179500e-02 5.379012109375000300e+01 1.356352049999999900e+01 1.148790468750000000e+02 3.399449499999999800e+00 -6.108892578124999800e+01 1.016407100000000000e+01
4.889887774710266500e-02 5.379050781250000300e+01 1.356536925000000000e+01 1.148935703125000000e+02 3.399874249999999900e+00 -6.110306250000000000e+01 1.016549500000000000e+01
4.891986296245744900e-02 5.379064843750001000e+01 1.356581175000000000e+01 1.148968671875000100e+02 3.399988749999999900e+00 -6.110621874999999600e+01 1.016582300000000000e+01
4.896707735036614400e-02 5.378874218750000600e+01 1.356661899999999900e+01 1.149006953125000100e+02 3.400210000000000000e+00 -6.111195312499999900e+01 1.016640900000000000e+01
4.899363505245819800e-02 5.378843359375000000e+01 1.356720649999999900e+01 1.149053984375000000e+02 3.400369500000000000e+00 -6.111696484374999700e+01 1.016683699999999900e+01
4.902650052168237800e-02 5.379134375000000300e+01 1.356794225000000200e+01 1.149140234375000100e+02 3.400694249999999900e+00 -6.112267968750000300e+01 1.016724800000000100e+01
4.904498891254735500e-02 5.379456640624999900e+01 1.356838400000000000e+01 1.149210937500000000e+02 3.401028000000000200e+00 -6.112652734374999900e+01 1.016735600000000000e+01
4.905538609021604900e-02 5.379664453124999600e+01 1.356858374999999800e+01 1.149258437500000000e+02 3.401288750000000000e+00 -6.112919921875000300e+01 1.016729499999999900e+01
4.906123704484753600e-02 5.379610156249999900e+01 1.356863749999999900e+01 1.149271875000000000e+02 3.401397499999999900e+00 -6.113108593750000400e+01 1.016724000000000000e+01
4.906721941129428600e-02 5.380047265625000800e+01 1.356881400000000000e+01 1.149338281250000100e+02 3.401683999999999900e+00 -6.113335546874999700e+01 1.016713000000000000e+01
4.908067973579947200e-02 5.379775781249999500e+01 1.356821049999999900e+01 1.149410937499999900e+02 3.401884500000000000e+00 -6.114333593749999800e+01 1.016632600000000000e+01
4.911096390150976300e-02 5.377767578124999700e+01 1.356893175000000100e+01 1.149287656250000000e+02 3.402124750000000000e+00 -6.115108984375000000e+01 1.016680700000000000e+01
4.917910718542383600e-02 5.379029296875000200e+01 1.357079324999999900e+01 1.149486093750000000e+02 3.402608250000000100e+00 -6.115831640625000200e+01 1.016818499999999900e+01
4.933243035644371100e-02 5.378998437499999600e+01 1.357472775000000100e+01 1.149773671874999900e+02 3.403247749999999800e+00 -6.118738281249999700e+01 1.017148000000000100e+01
4.967740201574610100e-02 5.379010546874999200e+01 1.358296550000000000e+01 1.150416093749999900e+02 3.404463499999999900e+00 -6.125150390625000100e+01 1.017850200000000000e+01
5.045359216024243600e-02 5.379008984374999600e+01 1.360152799999999800e+01 1.151901484375000000e+02 3.407680000000000000e+00 -6.140005859375000300e+01 1.019384799999999900e+01
5.141412492186377800e-02 5.379003515624999200e+01 1.362429625000000000e+01 1.153734374999999900e+02 3.412206250000000100e+00 -6.158340234375000200e+01 1.021209000000000000e+01
5.195442460027579300e-02 5.379007031249999200e+01 1.363705800000000000e+01 1.154698359374999900e+02 3.414434000000000000e+00 -6.167976562500000200e+01 1.022262400000000000e+01
5.225834571157540000e-02 5.379010546875000600e+01 1.364408525000000000e+01 1.155192734375000000e+02 3.415543249999999800e+00 -6.172916796874999800e+01 1.022854199999999900e+01
5.233605076947549900e-02 5.379044531249999700e+01 1.364579350000000000e+01 1.155302656250000000e+02 3.415824499999999800e+00 -6.173982031250000100e+01 1.022996900000000100e+01
5.236009287396127500e-02 5.379686328125000500e+01 1.364614250000000000e+01 1.155352343750000000e+02 3.416091499999999800e+00 -6.173837109374999700e+01 1.023005100000000000e+01
5.238467939882453200e-02 5.378508203124999200e+01 1.364642250000000000e+01 1.155312890624999900e+02 3.416068500000000200e+00 -6.174620703125000200e+01 1.023035400000000000e+01
5.244000064419323400e-02 5.378921093749999500e+01 1.364777600000000000e+01 1.155433593749999900e+02 3.416315000000000000e+00 -6.175414843750000000e+01 1.023146099999999900e+01
5.247111708473345400e-02 5.379249999999999700e+01 1.364854250000000000e+01 1.155503437500000000e+02 3.416517499999999900e+00 -6.175784374999999900e+01 1.023202500000000000e+01
5.247549434972247800e-02 5.379325390625000100e+01 1.364865600000000100e+01 1.155514765625000000e+02 3.416560000000000000e+00 -6.175822265624999800e+01 1.023209600000000000e+01
5.247795362797934300e-02 5.379399218750000200e+01 1.364872775000000100e+01 1.155522734375000100e+02 3.416591749999999800e+00 -6.175828125000000300e+01 1.023213600000000100e+01
5.248100113055211700e-02 5.379821484375000300e+01 1.364887000000000100e+01 1.155550468750000000e+02 3.416682000000000200e+00 -6.175683203124999900e+01 1.023218800000000100e+01
5.248411433903250900e-02 5.383026171874999500e+01 1.364827325000000100e+01 1.155709062499999900e+02 3.416635250000000100e+00 -6.174064453124999800e+01 1.023163800000000000e+01
5.249112609803206800e-02 5.381188281250000200e+01 1.364827225000000200e+01 1.155627812500000000e+02 3.416485250000000000e+00 -6.175089843749999800e+01 1.023178700000000100e+01
5.250689864471515900e-02 5.377897265624999800e+01 1.364855775000000000e+01 1.155424765625000000e+02 3.416570750000000000e+00 -6.176350390625000100e+01 1.023198700000000000e+01
5.254237983483341800e-02 5.378293749999999600e+01 1.364968449999999900e+01 1.155517968749999900e+02 3.416857499999999900e+00 -6.176885937499999800e+01 1.023282700000000000e+01
5.262222189915774500e-02 5.379108984375000800e+01 1.365168399999999900e+01 1.155713828125000000e+02 3.417199999999999800e+00 -6.178029296874999700e+01 1.023448400000000000e+01
5.280186810831384600e-02 5.379007031249999900e+01 1.365595824999999900e+01 1.155994687500000000e+02 3.417768250000000000e+00 -6.180939843750000100e+01 1.023818999999999900e+01
5.320605956350411100e-02 5.379007812500000800e+01 1.366525749999999900e+01 1.156620703125000100e+02 3.419125499999999800e+00 -6.187199218749999800e+01 1.024613199999999900e+01
5.411550441751955500e-02 5.379007031249999900e+01 1.368583699999999900e+01 1.157935156250000000e+02 3.421889000000000200e+00 -6.200344531249999800e+01 1.026394799999999900e+01
5.616175533905429200e-02 5.379007031249999200e+01 1.373039075000000000e+01 1.160465624999999900e+02 3.426675749999999800e+00 -6.225649218750000100e+01 1.030371500000000000e+01
5.731276639803187200e-02 5.379007421875000700e+01 1.375625449999999900e+01 1.162030859375000100e+02 3.430065500000000000e+00 -6.241301171874999900e+01 1.032618899999999900e+01
5.990254910286329400e-02 5.379007421875000000e+01 1.381417275000000100e+01 1.165562187500000000e+02 3.438596749999999900e+00 -6.276614453124999900e+01 1.037557600000000100e+01
6.572955549545488100e-02 5.379007421875000000e+01 1.393902274999999900e+01 1.172373125000000000e+02 3.457435750000000100e+00 -6.344723828125000200e+01 1.048158699999999900e+01
7.000000145178766900e-02 5.379006250000000500e+01 1.402452225000000000e+01 1.175782968750000100e+02 3.469980249999999900e+00 -6.378823437500000200e+01 1.055454200000000000e+01
