0.000000000000000000e+00 0.000000000000000000e+00 0.000000000000000000e+00 0.000000000000000000e+00 0.000000000000000000e+00 0.000000000000000000e+00 0.000000000000000000e+00
-2.909801482296154000e-08 6.679720703124999700e+01 -1.179367065429670500e-06 3.595989453125000100e+01 1.428325958251953200e-04 3.083731249999999900e+01 -1.440119628906250000e-04
1.399971525187254400e-03 6.679794531250000500e+01 3.104579499999999800e+00 3.634480078125000100e+01 7.905592500000000500e-01 3.045314453125000000e+01 2.314020250000000000e+00
2.056221793017049200e-03 6.679732031250000500e+01 4.511474562500000100e+00 3.785687500000000200e+01 1.046488312500000000e+00 2.894044531250000000e+01 3.464986249999999900e+00
2.425362470894660900e-03 6.679743359375000000e+01 5.269274499999999900e+00 3.962740234374999900e+01 1.133580500000000100e+00 2.717003125000000100e+01 4.135694000000000000e+00
2.633004285532032900e-03 6.679726367187500100e+01 5.689877875000000500e+00 4.070109765624999900e+01 1.180930875000000000e+00 2.609616601562499800e+01 4.508947000000000000e+00
2.749802598490176700e-03 6.679731445312499700e+01 5.924318125000000100e+00 4.131520312499999600e+01 1.207160625000000000e+00 2.548211132812500100e+01 4.717157499999999900e+00
2.894340733217755200e-03 6.679734570312500400e+01 6.212392374999999400e+00 4.212173046875000200e+01 1.237290374999999900e+00 2.467561523437500200e+01 4.975101999999999700e+00
2.975643385113693600e-03 6.679745898437499800e+01 6.373519374999999900e+00 4.259853906250000200e+01 1.253026875000000000e+00 2.419891992187500000e+01 5.120492500000000100e+00
3.058793820108328700e-03 6.679849218750000300e+01 6.535919625000000000e+00 4.317294921874999900e+01 1.263229125000000100e+00 2.362554296875000000e+01 5.272690500000000400e+00
3.161692595857334600e-03 6.679665624999999800e+01 6.736438750000000500e+00 4.390544531249999900e+01 1.275558750000000100e+00 2.289121093749999900e+01 5.460880000000000400e+00
3.266929797925974000e-03 6.679704492187499900e+01 6.941556374999999300e+00 4.460029296874999700e+01 1.292819375000000100e+00 2.219675195312499800e+01 5.648736999999999700e+00
3.326125736311664900e-03 6.679726757812500200e+01 7.056518749999999500e+00 4.498469531250000100e+01 1.303197750000000000e+00 2.181257226562500100e+01 5.753320999999999700e+00
3.399380783396442800e-03 6.679713671874999600e+01 7.198365250000000200e+00 4.546664062499999700e+01 1.316035250000000100e+00 2.133049609375000000e+01 5.882329999999999600e+00
3.440586991823251400e-03 6.679766406249999000e+01 7.277664125000000300e+00 4.575089453124999700e+01 1.323471625000000000e+00 2.104676953125000000e+01 5.954192500000000400e+00
3.482729118327143200e-03 6.681170898437500200e+01 7.348366875000000000e+00 4.641111718749999700e+01 1.329418374999999900e+00 2.040059179687499800e+01 6.018948499999999600e+00
3.506434480036337200e-03 6.678630664062500000e+01 7.392031874999999800e+00 4.660835156249999800e+01 1.336376875000000000e+00 2.017795507812499900e+01 6.055654999999999800e+00
3.559770859445486900e-03 6.679785937500000200e+01 7.494763374999999800e+00 4.691506249999999800e+01 1.353125874999999900e+00 1.988279687500000000e+01 6.141637499999999900e+00
3.679778006446017200e-03 6.679722460937499300e+01 7.724742374999999900e+00 4.774733203124999600e+01 1.379623375000000000e+00 1.904989257812500000e+01 6.345119000000000400e+00
3.949794478303804100e-03 6.679733398437500100e+01 8.240484000000000400e+00 4.958908203125000100e+01 1.433507499999999900e+00 1.720825195312500000e+01 6.806976500000000200e+00
4.273813775205236400e-03 6.679690917968750300e+01 8.851160625000000300e+00 5.172660937500000200e+01 1.496835125000000000e+00 1.507029980468749900e+01 7.354325499999999800e+00
4.881350543555312300e-03 6.679718359375000600e+01 9.989882375000000500e+00 5.555878125000000300e+01 1.630054874999999900e+00 1.123840234375000000e+01 8.359827499999999700e+00
5.069306985599787500e-03 6.679661132812499600e+01 1.032764212499999900e+01 5.703055078125000000e+01 1.660907125000000000e+00 9.766060546874999900e+00 8.666734999999999200e+00
5.175032484249805600e-03 6.679647753906249400e+01 1.051253350000000000e+01 5.782509375000000100e+01 1.685437499999999900e+00 8.971383789062500100e+00 8.827095999999999200e+00
5.189900401383246800e-03 6.680273925781250500e+01 1.053691199999999900e+01 5.794183984375000300e+01 1.687963000000000100e+00 8.860899414062499700e+00 8.848948999999999300e+00
5.191990866122909100e-03 6.681094433593750600e+01 1.053979937499999900e+01 5.796742578125000000e+01 1.687826375000000000e+00 8.843518554687500800e+00 8.851972999999999200e+00
5.193166923648103200e-03 6.682263281250000400e+01 1.054106562500000000e+01 5.798966796874999800e+01 1.687426625000000100e+00 8.832964843750000100e+00 8.853638999999999400e+00
5.194369967528214600e-03 6.686308691406250700e+01 1.054125062500000000e+01 5.804121874999999900e+01 1.686049625000000100e+00 8.821868164062500700e+00 8.855200999999999200e+00
5.195046581934129400e-03 6.691736621093750200e+01 1.054024750000000000e+01 5.810111718750000200e+01 1.684313500000000000e+00 8.816249023437499900e+00 8.855933999999999500e+00
5.195883550043181200e-03 6.707812792968749700e+01 1.053578587499999800e+01 5.827328906249999800e+01 1.679250874999999900e+00 8.804838867187500600e+00 8.856534999999999200e+00
5.196740073481882100e-03 6.736584570312500400e+01 1.052649950000000000e+01 5.859868359375000300e+01 1.669722500000000000e+00 8.767162109375000500e+00 8.856776999999999200e+00
5.197799581242358400e-03 6.787038574218749400e+01 1.050755025000000000e+01 5.927022265624999900e+01 1.650818249999999900e+00 8.600163085937499100e+00 8.856731999999999200e+00
5.198883337611601500e-03 6.816914746093749500e+01 1.048615200000000100e+01 5.989826562500000100e+01 1.629658000000000100e+00 8.270881835937499800e+00 8.856493999999999600e+00
5.201321887219045700e-03 6.713991992187500600e+01 1.047431100000000000e+01 5.956246875000000100e+01 1.615944000000000000e+00 7.577451171875000400e+00 8.858366999999999400e+00
5.206807939399258000e-03 6.670153027343749800e+01 1.049998212499999900e+01 5.940655859374999900e+01 1.625306125000000000e+00 7.294971679687500400e+00 8.874675999999999100e+00
5.219152436794571300e-03 6.643226074218750900e+01 1.054760774999999900e+01 5.942310546875000200e+01 1.635753749999999900e+00 7.009155273437500000e+00 8.911853999999999900e+00
5.246927262604080200e-03 6.683116748046875000e+01 1.061076625000000100e+01 5.974697656250000200e+01 1.650765250000000100e+00 7.084190917968750300e+00 8.960001000000000100e+00
5.309420229568881700e-03 6.679680566406250400e+01 1.070711062500000000e+01 6.003910937500000200e+01 1.670484625000000100e+00 6.757696289062500300e+00 9.036626000000000000e+00
5.450030089676223700e-03 6.679723437500000200e+01 1.094453625000000100e+01 6.111926171875000300e+01 1.714292250000000000e+00 5.677972656249999700e+00 9.230244000000000800e+00
5.766402079364445900e-03 6.679707739257813200e+01 1.145304625000000000e+01 6.368840625000000000e+01 1.817105250000000000e+00 3.108671142578125000e+00 9.635941000000000800e+00
6.478238371726409100e-03 6.679732470703123700e+01 1.238996537499999900e+01 6.975373437499999300e+01 2.044748375000000200e+00 -2.956409667968749900e+00 1.034521700000000000e+01
8.079871105083956000e-03 6.679728710937500600e+01 1.370251000000000000e+01 8.295099218750000600e+01 2.497725000000000000e+00 -1.615370507812500000e+01 1.120478499999999900e+01
8.980789053158496100e-03 6.679722460937499300e+01 1.416805050000000000e+01 8.940000781249999300e+01 2.723733499999999800e+00 -2.260278320312500000e+01 1.144431700000000000e+01
1.009567516056571400e-02 6.679721289062499100e+01 1.460229375000000100e+01 9.627342968749999800e+01 2.956295750000000200e+00 -2.947621679687500100e+01 1.164599800000000100e+01
1.025245649608101300e-02 6.679732421874999200e+01 1.465430750000000000e+01 9.720671874999999300e+01 2.986204499999999900e+00 -3.040939453125000100e+01 1.166810300000000000e+01
1.041280081265867500e-02 6.679914257812500000e+01 1.469727750000000000e+01 9.847863281249999500e+01 2.995843499999999900e+00 -3.167949023437499900e+01 1.170143400000000100e+01
1.077357474274522700e-02 6.679721874999999900e+01 1.480916300000000000e+01 1.004916406250000000e+02 3.061894999999999800e+00 -3.369442187500000300e+01 1.174726800000000000e+01
1.158531647654655900e-02 6.679728124999999700e+01 1.502440300000000100e+01 1.046520781250000000e+02 3.187338000000000000e+00 -3.785479687499999800e+01 1.183706500000000100e+01
1.204192169069305200e-02 6.679776562500001100e+01 1.512647374999999900e+01 1.066858281250000000e+02 3.247312749999999900e+00 -3.988806249999999700e+01 1.187916100000000000e+01
1.306928205364958300e-02 6.679717578124999000e+01 1.532989250000000000e+01 1.106891640625000000e+02 3.366285500000000000e+00 -4.389198828125000100e+01 1.196360700000000000e+01
1.338712186638138700e-02 6.679731640624999000e+01 1.538704624999999900e+01 1.118060625000000000e+02 3.398944250000000000e+00 -4.500874609374999800e+01 1.198810200000000000e+01
1.346838755870428600e-02 6.679749999999999900e+01 1.540071599999999900e+01 1.120967578125000000e+02 3.406111000000000100e+00 -4.529925781250000200e+01 1.199460500000000000e+01
1.365123614864399400e-02 6.679716796874998900e+01 1.542874900000000000e+01 1.128166093750000000e+02 3.417393999999999800e+00 -4.601944140625000300e+01 1.201135500000000000e+01
1.375408779604854100e-02 6.679730468750000200e+01 1.544581449999999900e+01 1.131642968750000100e+02 3.426571500000000100e+00 -4.636699218750000300e+01 1.201924299999999900e+01
1.388136796125276700e-02 6.679703906249999100e+01 1.546718925000000100e+01 1.135677734374999900e+02 3.438881250000000100e+00 -4.677073437500000400e+01 1.202830800000000100e+01
1.395296236974360800e-02 6.679729296875001400e+01 1.547884449999999900e+01 1.137864296875000000e+02 3.445540499999999900e+00 -4.698913671874999700e+01 1.203330399999999900e+01
1.402618378166138600e-02 6.679799218750000000e+01 1.548956549999999900e+01 1.140122031250000000e+02 3.450968500000000100e+00 -4.721421093749999900e+01 1.203859699999999900e+01
1.403648083604226700e-02 6.679996484375000400e+01 1.549071100000000100e+01 1.140457890625000100e+02 3.451387000000000000e+00 -4.724582421875000200e+01 1.203932400000000100e+01
1.404922308884267800e-02 6.681791406249999500e+01 1.548987300000000100e+01 1.140965468750000000e+02 3.450292999999999800e+00 -4.727863281250000000e+01 1.203958000000000100e+01
1.405101592146505500e-02 6.683134375000000200e+01 1.548889374999999900e+01 1.141080703125000000e+02 3.449693749999999800e+00 -4.727672656250000200e+01 1.203919999999999900e+01
1.405284786474673500e-02 6.697785937500000800e+01 1.548095975000000000e+01 1.141659765625000100e+02 3.446305750000000100e+00 -4.718811718749999800e+01 1.203465400000000000e+01
1.405387882172592000e-02 6.718289843750000000e+01 1.546956600000000000e+01 1.142484453125000000e+02 3.441139000000000200e+00 -4.706554687500000300e+01 1.202842700000000100e+01
1.405619886603568100e-02 6.742938671875001000e+01 1.543948975000000000e+01 1.143416093750000000e+02 3.424411750000000000e+00 -4.691222265625000200e+01 1.201507800000000100e+01
1.406141622798649300e-02 6.690630078124999600e+01 1.544334725000000000e+01 1.141531093750000000e+02 3.421843249999999800e+00 -4.724680859375000400e+01 1.202150400000000000e+01
1.407315881233515600e-02 6.664293359375000100e+01 1.545587225000000100e+01 1.141415156250000000e+02 3.424292250000000100e+00 -4.749858203125000200e+01 1.203158000000000000e+01
1.409957884490646400e-02 6.675452734374999900e+01 1.546826425000000100e+01 1.143502890625000000e+02 3.428355250000000100e+00 -4.759576171874999800e+01 1.203990900000000000e+01
1.413227222722972200e-02 6.679371484374999600e+01 1.547199750000000100e+01 1.145113671875000000e+02 3.427551499999999900e+00 -4.771765234374999700e+01 1.204444600000000100e+01
1.416570871207970500e-02 6.679290234375000100e+01 1.547882149999999900e+01 1.146078984375000000e+02 3.430856500000000000e+00 -4.781499609374999700e+01 1.204796500000000000e+01
1.424094354073832300e-02 6.680229687499999600e+01 1.548952325000000000e+01 1.148618984375000000e+02 3.433099250000000200e+00 -4.805960156249999900e+01 1.205642400000000000e+01
1.441021760304768800e-02 6.679697656249999200e+01 1.552105475000000100e+01 1.153158984375000000e+02 3.450947750000000100e+00 -4.851892187499999700e+01 1.207010700000000000e+01
1.479108815430969100e-02 6.679711718749999200e+01 1.557894000000000100e+01 1.163821875000000000e+02 3.482000999999999900e+00 -4.958507031250000100e+01 1.209693900000000100e+01
1.500532695940473200e-02 6.679734765624999700e+01 1.561023725000000100e+01 1.169244765625000000e+02 3.499917250000000200e+00 -5.012712890625000000e+01 1.211032000000000000e+01
1.548736427086857800e-02 6.679803515624999500e+01 1.567266175000000000e+01 1.179815703125000000e+02 3.535115750000000100e+00 -5.118353515625000200e+01 1.213754600000000000e+01
1.575851064967358200e-02 6.679759375000000400e+01 1.570633500000000100e+01 1.185263750000000000e+02 3.554465000000000000e+00 -5.172878124999999700e+01 1.215187000000000100e+01
1.591102970553821100e-02 6.679715625000000000e+01 1.572420799999999900e+01 1.188346640625000000e+02 3.563731999999999900e+00 -5.203750781250000300e+01 1.216047599999999900e+01
1.599682284778184600e-02 6.679710937500000500e+01 1.573507825000000100e+01 1.189929687500000000e+02 3.570016250000000100e+00 -5.219585937499999800e+01 1.216506200000000100e+01
1.608127527662462500e-02 6.679812499999999900e+01 1.574482100000000000e+01 1.191502343750000000e+02 3.575025000000000100e+00 -5.235210937499999800e+01 1.216979600000000000e+01
1.610841963860619500e-02 6.680108203125000400e+01 1.574673599999999900e+01 1.192078125000000000e+02 3.575251999999999900e+00 -5.240673046874999800e+01 1.217148400000000000e+01
1.611223683895401600e-02 6.680363671874999900e+01 1.574677649999999900e+01 1.192183437500000000e+02 3.575045499999999900e+00 -5.241470703125000300e+01 1.217173099999999900e+01
1.611696140659763000e-02 6.681653124999999700e+01 1.574589550000000100e+01 1.192420312500000000e+02 3.573900500000000100e+00 -5.242550000000000000e+01 1.217199500000000100e+01
1.612179235523453900e-02 6.683391796875000100e+01 1.574385725000000000e+01 1.192769687499999900e+02 3.571618250000000200e+00 -5.244305078125000100e+01 1.217223899999999900e+01
1.613266198966759700e-02 6.680122265624999000e+01 1.574486800000000000e+01 1.192860468750000000e+02 3.571383000000000000e+00 -5.248482421874999900e+01 1.217348499999999900e+01
1.615712023156834100e-02 6.679737890625000300e+01 1.574214325000000000e+01 1.193853906250000000e+02 3.566035250000000100e+00 -5.258801171875000300e+01 1.217610799999999900e+01
1.617087936151059100e-02 6.676773828125000400e+01 1.574498825000000000e+01 1.193923984375000100e+02 3.567222249999999900e+00 -5.262466015625000200e+01 1.217776600000000000e+01
1.618790344929131900e-02 6.678621093750000200e+01 1.574809275000000100e+01 1.194238203125000000e+02 3.568817750000000000e+00 -5.263760937499999700e+01 1.217927500000000100e+01
1.619748086754105300e-02 6.680116015625000600e+01 1.574925325000000100e+01 1.194435859375000000e+02 3.569366249999999900e+00 -5.264242578124999700e+01 1.217988700000000100e+01
1.619992919481332700e-02 6.680527343749999100e+01 1.574943300000000000e+01 1.194487031249999900e+02 3.569421000000000200e+00 -5.264342968750000300e+01 1.218001200000000000e+01
1.620295948869600000e-02 6.681261328125000900e+01 1.574931825000000000e+01 1.194555703125000000e+02 3.569251250000000200e+00 -5.264295703124999900e+01 1.218006699999999900e+01
1.620466314901517300e-02 6.682299218750000600e+01 1.574879224999999900e+01 1.194604140625000100e+02 3.568953249999999900e+00 -5.263742187500000100e+01 1.217983899999999900e+01
1.620562214238124200e-02 6.683412500000000000e+01 1.574814200000000000e+01 1.194639843750000000e+02 3.568652999999999900e+00 -5.262985937500000200e+01 1.217948900000000000e+01
1.620616186947960000e-02 6.684392968750000800e+01 1.574756724999999900e+01 1.194665468750000100e+02 3.568412250000000200e+00 -5.262261718749999800e+01 1.217915500000000000e+01
1.620671411198893600e-02 6.686009765625000500e+01 1.574664099999999900e+01 1.194700390625000100e+02 3.568061999999999800e+00 -5.260994140625000200e+01 1.217857899999999900e+01
1.620770595830882100e-02 6.696501953124999300e+01 1.574108150000000000e+01 1.194892734375000000e+02 3.566265500000000100e+00 -5.252425390625000300e+01 1.217481600000000000e+01
1.620894654842186200e-02 6.724345312500000200e+01 1.572486224999999900e+01 1.195566875000000000e+02 3.559886249999999900e+00 -5.231323437500000000e+01 1.216497599999999900e+01
1.621173904949598600e-02 6.725057421874998900e+01 1.570573125000000100e+01 1.195126796875000000e+02 3.549584250000000100e+00 -5.226210546875000100e+01 1.215614700000000100e+01
1.621802178580616900e-02 6.687669531250000400e+01 1.571402974999999800e+01 1.193890078125000000e+02 3.550287749999999900e+00 -5.251231250000000000e+01 1.216374199999999900e+01
1.623215794250408200e-02 6.663888671875000100e+01 1.572108425000000100e+01 1.193506171875000100e+02 3.550544250000000200e+00 -5.271173046874999800e+01 1.217054000000000100e+01
1.626396273064801100e-02 6.678032031250001000e+01 1.573435800000000000e+01 1.195269453125000000e+02 3.555162999999999900e+00 -5.274662500000000200e+01 1.217919500000000000e+01
1.633552585061140800e-02 6.680083984374999800e+01 1.574392675000000000e+01 1.196572968750000000e+02 3.559598750000000100e+00 -5.285645703125000200e+01 1.218432800000000100e+01
1.635766561262876400e-02 6.679976171875000500e+01 1.574577575000000000e+01 1.196863203125000000e+02 3.560403749999999900e+00 -5.288655859375000300e+01 1.218537199999999900e+01
1.636332570724287000e-02 6.680259375000000000e+01 1.574601599999999900e+01 1.196957578125000100e+02 3.560426000000000100e+00 -5.289316406249999900e+01 1.218558999999999900e+01
1.636650931491000900e-02 6.680563281250000800e+01 1.574600775000000000e+01 1.197019609375000000e+02 3.560326750000000200e+00 -5.289632812499999700e+01 1.218568100000000100e+01
1.637045010494122100e-02 6.681822265625000100e+01 1.574522775000000200e+01 1.197131562500000000e+02 3.559710749999999800e+00 -5.289493359374999700e+01 1.218551700000000100e+01
1.637448006727564000e-02 6.684923828124999500e+01 1.574251125000000000e+01 1.197278671875000000e+02 3.558096250000000200e+00 -5.287862890625000000e+01 1.218441500000000000e+01
1.638354748252808200e-02 6.679440234374999400e+01 1.574498425000000000e+01 1.197216953125000000e+02 3.558878249999999800e+00 -5.292729296875000200e+01 1.218610600000000100e+01
1.640394916684608700e-02 6.677731249999999400e+01 1.574909900000000100e+01 1.197433750000000000e+02 3.561265000000000100e+00 -5.296606250000000000e+01 1.218783400000000100e+01
1.644985256545499600e-02 6.679835546875000300e+01 1.575589499999999900e+01 1.198213984374999900e+02 3.565608000000000100e+00 -5.302304296874999800e+01 1.219028700000000000e+01
1.655313443011186000e-02 6.679810546874999500e+01 1.576645950000000000e+01 1.199773828125000000e+02 3.571706499999999900e+00 -5.317927734375000200e+01 1.219475300000000000e+01
1.678552058112277000e-02 6.679751953125000300e+01 1.578898375000000000e+01 1.203218984375000000e+02 3.582128749999999900e+00 -5.352437890625000000e+01 1.220685499999999900e+01
1.685741535947704600e-02 6.679872656250000800e+01 1.579616000000000000e+01 1.204338203125000000e+02 3.585582000000000000e+00 -5.363509375000000300e+01 1.221057800000000000e+01
1.693094339896374800e-02 6.679303515624999900e+01 1.580312650000000100e+01 1.205528828125000000e+02 3.588355500000000000e+00 -5.375984765625000300e+01 1.221477100000000100e+01
1.695369172283983600e-02 6.679657031249999500e+01 1.580590650000000100e+01 1.205879296874999900e+02 3.590002500000000200e+00 -5.379135937499999900e+01 1.221590400000000000e+01
1.696648716613689500e-02 6.679825781249999700e+01 1.580731274999999900e+01 1.206078203125000000e+02 3.590798749999999800e+00 -5.380956249999999800e+01 1.221651400000000000e+01
1.697957359273915400e-02 6.679895312499999700e+01 1.580853375000000000e+01 1.206263984375000000e+02 3.591461750000000100e+00 -5.382744531249999700e+01 1.221707200000000000e+01
1.698693421881968300e-02 6.679944921874999900e+01 1.580908775000000000e+01 1.206362421875000000e+02 3.591771749999999900e+00 -5.383679296874999700e+01 1.221731600000000000e+01
1.700349680082065600e-02 6.679703906250000500e+01 1.581005349999999900e+01 1.206580156250000000e+02 3.592325499999999800e+00 -5.386097656249999900e+01 1.221772799999999900e+01
1.704076300142944000e-02 6.679762109374999600e+01 1.581410450000000100e+01 1.207198750000000000e+02 3.594109500000000100e+00 -5.392225390624999900e+01 1.221999500000000100e+01
1.712460999726623400e-02 6.679655468749999200e+01 1.582230500000000000e+01 1.208608203125000000e+02 3.597332999999999900e+00 -5.406426562499999700e+01 1.222497199999999900e+01
1.731326886675176400e-02 6.679748437499999600e+01 1.584305125000000000e+01 1.211548437500000000e+02 3.608508249999999900e+00 -5.435735937500000100e+01 1.223454300000000000e+01
1.741938860084753900e-02 6.679735546874999800e+01 1.585414325000000000e+01 1.213167109375000100e+02 3.614655250000000200e+00 -5.451935546875000000e+01 1.223948800000000000e+01
1.747908085349976100e-02 6.679755078124999600e+01 1.586034175000000000e+01 1.214115234374999900e+02 3.617844750000000200e+00 -5.461397265624999900e+01 1.224249700000000000e+01
1.749754734239553100e-02 6.679794921874999100e+01 1.586204199999999900e+01 1.214400546874999900e+02 3.618716000000000000e+00 -5.464210546875000300e+01 1.224332600000000000e+01
1.751643466198538400e-02 6.680151171874999200e+01 1.586291900000000000e+01 1.214670625000000000e+02 3.619362999999999900e+00 -5.466555078124999800e+01 1.224355600000000000e+01
1.755893073995595100e-02 6.679585156249999000e+01 1.586708350000000000e+01 1.215321406250000000e+02 3.621330500000000000e+00 -5.473628906249999900e+01 1.224575300000000100e+01
1.765454691538973300e-02 6.679608203124999500e+01 1.587586750000000000e+01 1.216875781250000000e+02 3.625675499999999800e+00 -5.489149609375000000e+01 1.225019200000000000e+01
1.770833032963469900e-02 6.679676562500000600e+01 1.588129475000000000e+01 1.217666015625000000e+02 3.628705750000000000e+00 -5.496983593750000100e+01 1.225258900000000000e+01
1.782934496721883300e-02 6.679783984375001200e+01 1.589145325000000000e+01 1.219365468750000000e+02 3.633953249999999800e+00 -5.513870703125000000e+01 1.225750000000000000e+01
1.784636279729407200e-02 6.679544531249999300e+01 1.589298799999999900e+01 1.219591015625000000e+02 3.634853999999999800e+00 -5.516365625000000300e+01 1.225813400000000000e+01
1.788465213275018300e-02 6.678083593750000100e+01 1.589193400000000100e+01 1.219969453125000000e+02 3.635329000000000000e+00 -5.521610937500000200e+01 1.225660500000000000e+01
1.797080352863301600e-02 6.679876562499998700e+01 1.590146925000000000e+01 1.221320937500000000e+02 3.640698249999999800e+00 -5.533332812500000100e+01 1.226077100000000000e+01
1.807741605703598900e-02 6.679690625000000600e+01 1.591076449999999900e+01 1.222982500000000000e+02 3.646014500000000200e+00 -5.550134374999999700e+01 1.226474999999999900e+01
1.813738521315607200e-02 6.679712890624999500e+01 1.591654875000000000e+01 1.223915937500000000e+02 3.648939749999999800e+00 -5.559446484375000400e+01 1.226760900000000000e+01
1.817111737459037300e-02 6.679764453125000000e+01 1.591955974999999900e+01 1.224423828125000000e+02 3.650561750000000000e+00 -5.564473828125000000e+01 1.226899800000000000e+01
1.819009230205706100e-02 6.679893359374999300e+01 1.592100349999999900e+01 1.224705390624999900e+02 3.651454499999999800e+00 -5.567160546875000200e+01 1.226954900000000000e+01
1.819494358823681200e-02 6.679997656250000700e+01 1.592132475000000000e+01 1.224780078125000000e+02 3.651684749999999800e+00 -5.567803124999999700e+01 1.226964000000000100e+01
1.820586015546102700e-02 6.682994140625001500e+01 1.592010249999999900e+01 1.225082656250000100e+02 3.651659500000000100e+00 -5.567832421874999900e+01 1.226844300000000000e+01
1.823042008507596100e-02 6.678579296875000200e+01 1.592135575000000000e+01 1.225238750000000000e+02 3.652896750000000000e+00 -5.573808203125000200e+01 1.226845900000000000e+01
1.828568188224251700e-02 6.679711328125000600e+01 1.592659125000000000e+01 1.226143437500000000e+02 3.655869249999999800e+00 -5.581723046874999700e+01 1.227072199999999900e+01
1.841002092586727400e-02 6.679723828125000300e+01 1.593778675000000100e+01 1.228141484374999900e+02 3.661824750000000100e+00 -5.601691015624999900e+01 1.227596200000000000e+01
1.856388851726462100e-02 6.679706250000001000e+01 1.595295074999999900e+01 1.230607031250000000e+02 3.670032749999999800e+00 -5.626364062500000100e+01 1.228291800000000000e+01
1.872125416602988400e-02 6.679744140625000200e+01 1.596697250000000100e+01 1.233106406250000000e+02 3.677911500000000000e+00 -5.651319921875000300e+01 1.228906100000000000e+01
1.907532765796491100e-02 6.679747265624999400e+01 1.599853999999999800e+01 1.239257265625000000e+02 3.696254999999999800e+00 -5.712825390625000200e+01 1.230228499999999900e+01
1.987199145039235400e-02 6.679716406250000200e+01 1.607050925000000100e+01 1.252571328125000000e+02 3.730669250000000000e+00 -5.845996875000000200e+01 1.233984000000000100e+01
2.085786322596191700e-02 6.679719140625000800e+01 1.615528050000000000e+01 1.268889843750000100e+02 3.771258500000000100e+00 -6.009179296874999900e+01 1.238402200000000000e+01
2.110993298958605700e-02 6.679719531249999400e+01 1.617604850000000000e+01 1.273178593750000000e+02 3.781636499999999800e+00 -6.052066406250000300e+01 1.239441200000000100e+01
2.167708917552717600e-02 6.679719140624999300e+01 1.622050099999999900e+01 1.282570781249999900e+02 3.803230000000000100e+00 -6.145988671874999900e+01 1.241727100000000000e+01
2.185255210856439800e-02 6.679716406249998800e+01 1.623417475000000100e+01 1.285365078124999900e+02 3.809602749999999800e+00 -6.173934375000000300e+01 1.242457200000000000e+01
2.195125176837750500e-02 6.679719531250000800e+01 1.624163450000000000e+01 1.286900390625000100e+02 3.812877499999999900e+00 -6.189284374999999700e+01 1.242875699999999900e+01
2.200676856704271100e-02 6.679714843749999900e+01 1.624565975000000200e+01 1.287694999999999900e+02 3.814521749999999900e+00 -6.197235156250000200e+01 1.243113800000000100e+01
2.203799764628172300e-02 6.679866406249999500e+01 1.624740475000000100e+01 1.288129921874999900e+02 3.814916750000000100e+00 -6.201432812499999900e+01 1.243248799999999900e+01
2.206993697509365000e-02 6.679657812500001100e+01 1.624841675000000100e+01 1.288611015625000100e+02 3.814208750000000100e+00 -6.206452343750000000e+01 1.243420800000000000e+01
2.210946064295731000e-02 6.679590625000000200e+01 1.624888899999999800e+01 1.289277109375000000e+02 3.812145000000000100e+00 -6.213180468750000100e+01 1.243674399999999900e+01
2.213169270613061700e-02 6.679486328125000200e+01 1.624861100000000000e+01 1.289645703125000000e+02 3.810394000000000100e+00 -6.216970703124999900e+01 1.243821700000000000e+01
2.214419873054884700e-02 6.679562109374998600e+01 1.624856875000000000e+01 1.289826562499999900e+02 3.809545749999999800e+00 -6.218703515624999800e+01 1.243902300000000100e+01
2.214739641805333100e-02 6.680190234374998700e+01 1.624804024999999900e+01 1.289923984374999900e+02 3.808857250000000000e+00 -6.219049609374999900e+01 1.243918300000000000e+01
2.214919394395482900e-02 6.680855468750000600e+01 1.624749024999999800e+01 1.290006015625000100e+02 3.808235250000000100e+00 -6.219204687500000300e+01 1.243925499999999900e+01
2.215324111497934300e-02 6.686509375000000000e+01 1.624282549999999900e+01 1.290504921875000000e+02 3.803955499999999800e+00 -6.218539843749999800e+01 1.243887000000000000e+01
2.216234607646471600e-02 6.680551171875001200e+01 1.624447049999999800e+01 1.290339687500000100e+02 3.804217500000000000e+00 -6.222845703125000200e+01 1.244025300000000000e+01
2.218283380423317900e-02 6.676597656249998600e+01 1.624782249999999800e+01 1.290322109375000000e+02 3.805909499999999800e+00 -6.226623437500000300e+01 1.244191300000000000e+01
2.222892962728585300e-02 6.679912890625000400e+01 1.625283624999999800e+01 1.291011718750000100e+02 3.809145249999999800e+00 -6.230204296875000100e+01 1.244369099999999900e+01
2.233264327362140300e-02 6.679775000000000800e+01 1.626047524999999900e+01 1.292407968750000000e+02 3.813575250000000000e+00 -6.244304687500000000e+01 1.244689999999999900e+01
2.256600249783573300e-02 6.679726953124998100e+01 1.628013150000000000e+01 1.295564453124999900e+02 3.824597499999999900e+00 -6.275917578125000100e+01 1.245553400000000000e+01
2.269726569258321800e-02 6.679727734374999700e+01 1.629059075000000000e+01 1.297374375000000000e+02 3.829975750000000000e+00 -6.294016015625000200e+01 1.246061500000000100e+01
2.299261061851120800e-02 6.679719921874999500e+01 1.631313175000000000e+01 1.301383984375000000e+02 3.841184750000000000e+00 -6.334119921874999900e+01 1.247194700000000000e+01
2.335809816525677100e-02 6.679710156250000400e+01 1.634019800000000100e+01 1.306526250000000000e+02 3.854025000000000000e+00 -6.385552343749999700e+01 1.248617300000000100e+01
2.373189281603795700e-02 6.679826171874999800e+01 1.636569300000000000e+01 1.311993281249999900e+02 3.864793999999999800e+00 -6.440106640624999600e+01 1.250089900000000000e+01
2.457293156250881000e-02 6.679715625000000000e+01 1.642321475000000000e+01 1.323299687500000100e+02 3.889509750000000200e+00 -6.553281250000000600e+01 1.253370499999999900e+01
2.483312695670941400e-02 6.679713281249999600e+01 1.644113074999999900e+01 1.326809218750000000e+02 3.897494749999999900e+00 -6.588378906250000000e+01 1.254363599999999900e+01
2.497948686594725000e-02 6.679717187500001800e+01 1.645092924999999800e+01 1.328746406250000100e+02 3.901732249999999800e+00 -6.607746874999999400e+01 1.254919699999999900e+01
2.506181480377677600e-02 6.679741406249998200e+01 1.645597474999999900e+01 1.329819374999999900e+02 3.903658750000000000e+00 -6.618452343750000500e+01 1.255231599999999900e+01
2.514601379554728300e-02 6.679762499999999600e+01 1.646053625000000100e+01 1.331150937500000000e+02 3.904645250000000200e+00 -6.631746875000000300e+01 1.255589100000000100e+01
2.533546113592433100e-02 6.679721874999998500e+01 1.647336675000000000e+01 1.333519218749999900e+02 3.910681750000000200e+00 -6.655470312500000300e+01 1.256268500000000000e+01
2.576171726066609300e-02 6.679719531249999400e+01 1.650116674999999900e+01 1.338914531250000000e+02 3.922787749999999900e+00 -6.709425781250000400e+01 1.257837900000000000e+01
2.600148750415311200e-02 6.679717968749999100e+01 1.651621349999999900e+01 1.341941718749999900e+02 3.929016499999999900e+00 -6.739699218750000400e+01 1.258719700000000000e+01
2.629820130315665300e-02 6.679714843749999900e+01 1.653436849999999900e+01 1.345622187500000000e+02 3.936339499999999900e+00 -6.776507031250000100e+01 1.259802900000000000e+01
2.646510369508597900e-02 6.679768749999999500e+01 1.654420850000000000e+01 1.347693437499999900e+02 3.940121500000000100e+00 -6.797165624999999500e+01 1.260408700000000000e+01
2.655898492167315200e-02 6.679653125000001500e+01 1.654958274999999900e+01 1.348853750000000100e+02 3.942046749999999800e+00 -6.808884374999999500e+01 1.260753600000000000e+01
2.658298947992600000e-02 6.679740625000000900e+01 1.655097050000000200e+01 1.349112812500000000e+02 3.942654500000000200e+00 -6.811387499999999300e+01 1.260831600000000000e+01
2.659649047951685700e-02 6.679853124999999600e+01 1.655168875000000000e+01 1.349251874999999900e+02 3.942989750000000200e+00 -6.812665624999999600e+01 1.260869900000000000e+01
2.660066749793025100e-02 6.679917187499998500e+01 1.655189675000000100e+01 1.349293593749999900e+02 3.943093750000000100e+00 -6.813018750000000500e+01 1.260880300000000000e+01
2.660494151077871100e-02 6.680099999999998800e+01 1.655211024999999800e+01 1.349337031249999900e+02 3.943209250000000200e+00 -6.813270312500000600e+01 1.260890099999999900e+01
2.660734446968619100e-02 6.680425000000001000e+01 1.655224875000000000e+01 1.349366875000000100e+02 3.943288749999999800e+00 -6.813243749999999500e+01 1.260896000000000000e+01
2.661031687979310100e-02 6.687182031249999200e+01 1.654991049999999900e+01 1.349497656250000000e+02 3.943073500000000100e+00 -6.807794531250000600e+01 1.260683700000000100e+01
2.661335812466037900e-02 6.685589062499998600e+01 1.654906199999999900e+01 1.349487499999999900e+02 3.942730000000000100e+00 -6.809285937500000300e+01 1.260633200000000000e+01
2.662020405446450400e-02 6.679664843749999600e+01 1.655078525000000100e+01 1.349380468750000000e+02 3.943141250000000000e+00 -6.814139843750000100e+01 1.260764400000000100e+01
2.663560113881829500e-02 6.677143749999999000e+01 1.655198000000000000e+01 1.349391562500000000e+02 3.943614999999999900e+00 -6.816771875000000600e+01 1.260836499999999900e+01
2.667024379640113600e-02 6.679514062499998800e+01 1.655435574999999900e+01 1.349858437499999900e+02 3.944595750000000000e+00 -6.819070312499999900e+01 1.260976000000000000e+01
2.668973029129148200e-02 6.680354687499999500e+01 1.655549100000000000e+01 1.350101406249999900e+02 3.945101000000000200e+00 -6.820659374999999600e+01 1.261039000000000100e+01
2.671384748824312200e-02 6.680437500000000700e+01 1.655645925000000000e+01 1.350310000000000100e+02 3.945632250000000100e+00 -6.822662499999999900e+01 1.261082700000000000e+01
2.671723916461774000e-02 6.680567187500001600e+01 1.655655450000000100e+01 1.350338281250000100e+02 3.945709500000000000e+00 -6.822815624999999800e+01 1.261084499999999900e+01
2.672070593345822500e-02 6.681215625000001500e+01 1.655658899999999900e+01 1.350382656250000100e+02 3.945784000000000200e+00 -6.822610937499999300e+01 1.261080499999999900e+01
2.672265833757055100e-02 6.683148437500000200e+01 1.655602150000000000e+01 1.350435156250000000e+02 3.945759499999999900e+00 -6.821203124999999500e+01 1.261026200000000100e+01
2.672704498911780000e-02 6.688648437499999500e+01 1.655169250000000100e+01 1.350528437499999900e+02 3.944954500000000100e+00 -6.816635937499999900e+01 1.260673800000000000e+01
2.673692277723097000e-02 6.678233593750000800e+01 1.655409925000000000e+01 1.350331093750000100e+02 3.945296250000000200e+00 -6.825077343750000100e+01 1.260880300000000000e+01
2.675914388941967600e-02 6.676687499999999900e+01 1.655664500000000000e+01 1.350428281250000000e+02 3.946282000000000100e+00 -6.827595312500000100e+01 1.261036300000000000e+01
2.680914608512337600e-02 6.680143749999999200e+01 1.656010650000000000e+01 1.351124218750000000e+02 3.947679500000000000e+00 -6.831098437500000400e+01 1.261242700000000000e+01
2.687101914813824800e-02 6.679765624999998900e+01 1.656394025000000200e+01 1.351786718749999900e+02 3.949031250000000000e+00 -6.838101562500000300e+01 1.261490900000000100e+01
2.690582450606378300e-02 6.679735937499999900e+01 1.656596774999999900e+01 1.352144062500000000e+02 3.949765750000000100e+00 -6.841704687499999700e+01 1.261620199999999900e+01
2.692540173768371400e-02 6.679843749999999100e+01 1.656696475000000000e+01 1.352332031249999900e+02 3.950170749999999800e+00 -6.843476562499999700e+01 1.261679400000000100e+01
2.693641529934299700e-02 6.680027343750001000e+01 1.656741749999999800e+01 1.352427812500000100e+02 3.950394499999999800e+00 -6.844250781249999700e+01 1.261702300000000000e+01
2.694261042777634400e-02 6.680561718750000500e+01 1.656760750000000100e+01 1.352486093750000000e+02 3.950538500000000000e+00 -6.844299218749999600e+01 1.261706900000000100e+01
2.694419362726486700e-02 6.680845312500001400e+01 1.656764199999999900e+01 1.352504687500000100e+02 3.950577000000000000e+00 -6.844201562499999600e+01 1.261706500000000000e+01
2.694775739054041500e-02 6.688859374999998400e+01 1.656440475000000100e+01 1.352654374999999900e+02 3.950201750000000200e+00 -6.837684375000000600e+01 1.261420300000000000e+01
2.695577351127083700e-02 6.691642968749998500e+01 1.655429875000000100e+01 1.352435312499999900e+02 3.947714749999999800e+00 -6.832710156250000500e+01 1.260658400000000000e+01
2.697381447619340300e-02 6.672135937500000600e+01 1.656049725000000100e+01 1.352076250000000100e+02 3.948505250000000200e+00 -6.848626562500000100e+01 1.261199200000000100e+01
2.701440508284280700e-02 6.679408593750001400e+01 1.656680074999999900e+01 1.352722500000000100e+02 3.951543749999999900e+00 -6.847816406249999900e+01 1.261525700000000000e+01
2.710573629444352300e-02 6.679861718750001400e+01 1.657246599999999900e+01 1.353636250000000100e+02 3.953514999999999900e+00 -6.856500781249999900e+01 1.261895099999999900e+01
2.731122995611876700e-02 6.679717968749999100e+01 1.658577074999999800e+01 1.355894062500000000e+02 3.957707750000000000e+00 -6.879222656250000500e+01 1.262806299999999900e+01
2.777359304152761400e-02 6.679717968750000500e+01 1.661320925000000100e+01 1.360880625000000100e+02 3.966897250000000200e+00 -6.929088281250000100e+01 1.264631200000000000e+01
2.822872847709755700e-02 6.679707812499999900e+01 1.663946975000000000e+01 1.365781250000000000e+02 3.975637750000000200e+00 -6.978104687500000100e+01 1.266383199999999900e+01
2.837502424485414300e-02 6.679816406249999300e+01 1.664629575000000000e+01 1.367210781249999900e+02 3.978649750000000200e+00 -6.992291406249999900e+01 1.266764600000000000e+01
2.870418581124052600e-02 6.679716406250000200e+01 1.666474524999999900e+01 1.370564843750000000e+02 3.984347249999999900e+00 -7.025932031249999500e+01 1.268039800000000000e+01
2.888933880122627700e-02 6.679721874999999900e+01 1.667474825000000000e+01 1.372392812500000000e+02 3.987640250000000100e+00 -7.044206250000000600e+01 1.268710800000000000e+01
2.930593302869421300e-02 6.679715624999998600e+01 1.669745525000000100e+01 1.376400312499999900e+02 3.994805250000000200e+00 -7.084287500000000600e+01 1.270265000000000000e+01
2.954026845496470300e-02 6.679718750000000700e+01 1.671010700000000100e+01 1.378623125000000000e+02 3.998696999999999900e+00 -7.106512499999999500e+01 1.271141000000000100e+01
2.967208389222152400e-02 6.679721874999999900e+01 1.671717574999999900e+01 1.379876874999999900e+02 4.000882749999999700e+00 -7.119046874999999400e+01 1.271629300000000000e+01
2.983520037233047100e-02 6.679562499999998700e+01 1.672496874999999900e+01 1.381323281249999900e+02 4.003549750000000400e+00 -7.133670312500000000e+01 1.272141899999999900e+01
3.000202767179394000e-02 6.679747656249999500e+01 1.673249100000000000e+01 1.382746406249999900e+02 4.003891000000000300e+00 -7.147716406249999500e+01 1.272860000000000000e+01
3.037738674894718100e-02 6.679720312500001000e+01 1.674936600000000200e+01 1.385882031250000100e+02 4.005366000000000400e+00 -7.179099999999999700e+01 1.274400000000000000e+01
3.058852486097280600e-02 6.679721875000001300e+01 1.675960824999999900e+01 1.387648281250000100e+02 4.007664250000000400e+00 -7.196760937499999500e+01 1.275194400000000000e+01
3.106359108852276400e-02 6.679717187499998900e+01 1.678479124999999800e+01 1.391733593749999900e+02 4.015662250000000100e+00 -7.237618750000000000e+01 1.276912900000000000e+01
3.133081388598664400e-02 6.679719531250000800e+01 1.679881775000000100e+01 1.394044687500000100e+02 4.020048749999999900e+00 -7.260727343749999800e+01 1.277876900000000000e+01
3.148112710066667400e-02 6.679724218750000400e+01 1.680653500000000000e+01 1.395339218750000000e+02 4.022429999999999900e+00 -7.273667968750000100e+01 1.278410500000000000e+01
3.181933105148355300e-02 6.679693749999999900e+01 1.682360549999999900e+01 1.398268281249999900e+02 4.027639500000000300e+00 -7.302989062499999300e+01 1.279596600000000000e+01
3.223785890994734800e-02 6.679717187499998900e+01 1.684468900000000200e+01 1.401789218749999900e+02 4.033262999999999800e+00 -7.338174999999999700e+01 1.281142600000000100e+01
3.247328317697278900e-02 6.679725781249999300e+01 1.685628300000000100e+01 1.403704687499999900e+02 4.036114999999999700e+00 -7.357321093749999400e+01 1.282016800000000100e+01
3.271405465333793200e-02 6.679728125000001200e+01 1.686756600000000000e+01 1.405559687500000100e+02 4.038268999999999700e+00 -7.375868749999999400e+01 1.282929700000000000e+01
3.325579360401223500e-02 6.679725000000000500e+01 1.689383000000000100e+01 1.409789531250000000e+02 4.044903999999999800e+00 -7.418170312499999900e+01 1.284892600000000100e+01
3.447470389638985400e-02 6.679719531249999400e+01 1.695075625000000100e+01 1.418654687499999900e+02 4.058259249999999900e+00 -7.506827343749999700e+01 1.289249700000000100e+01
3.485180574452156900e-02 6.679715625000000000e+01 1.696797099999999900e+01 1.421101093750000100e+02 4.061530999999999600e+00 -7.531295312500000700e+01 1.290644000000000000e+01
3.494822134183147400e-02 6.679723437500001600e+01 1.697232075000000200e+01 1.421710937500000100e+02 4.062307750000000400e+00 -7.537385937499999500e+01 1.291001299999999900e+01
3.506754014122830100e-02 6.679739843750000700e+01 1.697751000000000200e+01 1.422444687500000100e+02 4.063029000000000200e+00 -7.544707031250000300e+01 1.291448100000000000e+01
3.518956852710152700e-02 6.679958593750001200e+01 1.698265250000000000e+01 1.423232968750000100e+02 4.063466499999999600e+00 -7.552371093749999900e+01 1.291918600000000000e+01
3.546413474195585200e-02 6.679723437499998800e+01 1.699512425000000000e+01 1.424893437499999900e+02 4.066156249999999700e+00 -7.569210937500000100e+01 1.292896799999999900e+01
3.608190481431214300e-02 6.679916406249999700e+01 1.702281724999999900e+01 1.428664531249999900e+02 4.071208249999999800e+00 -7.606728906249999500e+01 1.295160899999999900e+01
3.642940145777905100e-02 6.679721874999999900e+01 1.703826900000000000e+01 1.430758750000000000e+02 4.074664000000000300e+00 -7.627865624999999700e+01 1.296360499999999900e+01
3.721126734115320200e-02 6.679717187500000400e+01 1.707299425000000100e+01 1.435255468750000000e+02 4.081527249999999700e+00 -7.672837500000000000e+01 1.299146700000000000e+01
3.765106514057148900e-02 6.679739062499999100e+01 1.709207899999999800e+01 1.437742656250000000e+02 4.084883999999999700e+00 -7.697687500000000700e+01 1.300719499999999900e+01
3.864061488254175900e-02 6.679726562499999400e+01 1.713397725000000100e+01 1.442617968749999900e+02 4.091708249999999900e+00 -7.746453124999999300e+01 1.304226899999999900e+01
3.986518214068074400e-02 6.679717968750001900e+01 1.718488550000000000e+01 1.448033593750000100e+02 4.100134500000000200e+00 -7.800617968749999400e+01 1.308475100000000100e+01
4.017828017707884800e-02 6.679720312500001000e+01 1.719763499999999800e+01 1.449352968750000100e+02 4.102050000000000200e+00 -7.813809374999999600e+01 1.309558500000000000e+01
4.088275701668005900e-02 6.679797656250001100e+01 1.722666200000000100e+01 1.452264687500000100e+02 4.106709000000000400e+00 -7.842849218749999800e+01 1.311995300000000100e+01
4.246782130143773900e-02 6.679721093750001200e+01 1.729116224999999900e+01 1.458188437500000100e+02 4.118167249999999900e+00 -7.902163281250000200e+01 1.317299500000000000e+01
4.295820326317013200e-02 6.679717968749999100e+01 1.731057124999999900e+01 1.459900312499999900e+02 4.121006249999999800e+00 -7.919285156249999600e+01 1.318956500000000000e+01
4.345972706952432700e-02 6.680073437500000500e+01 1.732961974999999900e+01 1.461677187500000100e+02 4.122492750000000200e+00 -7.936698437500000100e+01 1.320712700000000000e+01
4.458815719824763000e-02 6.679719531250000800e+01 1.737384300000000100e+01 1.464983750000000100e+02 4.129508999999999700e+00 -7.970117968750000200e+01 1.324433400000000000e+01
4.712712733451462200e-02 6.679720312499999600e+01 1.747100350000000200e+01 1.471679374999999900e+02 4.143045500000000400e+00 -8.037073437499999800e+01 1.332795800000000100e+01
5.283980857668899000e-02 6.679754687500000900e+01 1.767982849999999900e+01 1.483913437500000000e+02 4.169011499999999900e+00 -8.159379687499999500e+01 1.351081699999999900e+01
5.364315403415149300e-02 6.679718750000000700e+01 1.770864149999999900e+01 1.485465000000000100e+02 4.172730500000000100e+00 -8.174931250000000200e+01 1.353591100000000000e+01
5.409504172057304200e-02 6.679718749999999300e+01 1.772486000000000000e+01 1.486314999999999900e+02 4.174881000000000100e+00 -8.183431249999999600e+01 1.354997900000000000e+01
5.434922345979945100e-02 6.679796875000001000e+01 1.773305100000000000e+01 1.486801562500000100e+02 4.176617000000000200e+00 -8.188218750000000100e+01 1.355643399999999900e+01
5.492113393748526000e-02 6.679714843749998500e+01 1.775361200000000000e+01 1.487842499999999900e+02 4.179344999999999600e+00 -8.198710156250000100e+01 1.357426700000000100e+01
5.620794346326292400e-02 6.679718750000000700e+01 1.779912999999999800e+01 1.490015468750000000e+02 4.185090999999999900e+00 -8.220435937499999600e+01 1.361403900000000000e+01
5.693176599938099000e-02 6.679718749999999300e+01 1.782464424999999900e+01 1.491214531249999900e+02 4.188455249999999600e+00 -8.232426562499999500e+01 1.363618900000000000e+01
5.782750647837720700e-02 6.679718749999999300e+01 1.785579750000000100e+01 1.492647187499999900e+02 4.192634499999999600e+00 -8.246753124999999300e+01 1.366316300000000100e+01
5.874359701562115900e-02 6.679711718749999200e+01 1.788716600000000100e+01 1.494108437500000000e+02 4.197226999999999800e+00 -8.261372656250000500e+01 1.368993900000000100e+01
6.080481011097825500e-02 6.679717968750000500e+01 1.795824000000000000e+01 1.497145937500000100e+02 4.206396999999999900e+00 -8.291741406250000100e+01 1.375184299999999900e+01
6.335556350667957700e-02 6.679717968750001900e+01 1.804435850000000100e+01 1.500628437500000100e+02 4.218099500000000100e+00 -8.326566406249999400e+01 1.382625900000000000e+01
6.596428828602386700e-02 6.679718749999999300e+01 1.812993450000000100e+01 1.503728437499999900e+02 4.229084499999999900e+00 -8.357565624999999400e+01 1.390085000000000000e+01
7.000000145178766900e-02 6.679717968750000500e+01 1.825797099999999800e+01 1.507622812500000000e+02 4.243947000000000400e+00 -8.396510156249999600e+01 1.401402399999999900e+01
