0.000000000000000000e+00 0.000000000000000000e+00 0.000000000000000000e+00 0.000000000000000000e+00 0.000000000000000000e+00 0.000000000000000000e+00 0.000000000000000000e+00
7.365560745747070100e-08 2.397268046875000200e+02 1.878338623046880400e-05 1.297744609375000100e+02 -8.225621337890625000e-04 1.099523437500000000e+02 8.413455200195313000e-04
1.400072207198770500e-03 2.397269609375000000e+02 2.017220000000000000e+01 1.305796796875000000e+02 3.481300000000000100e+00 1.091472812500000100e+02 1.669089999999999900e+01
2.548508443857428400e-03 2.397305234375000100e+02 3.626474799999999700e+01 1.400297812500000100e+02 5.228647999999999700e+00 9.970074218749999800e+01 3.103610000000000100e+01
2.640793508566136900e-03 2.397274687499999900e+02 3.752894750000000100e+01 1.411983281249999900e+02 5.334383500000000400e+00 9.852914062499999700e+01 3.219456400000000000e+01
2.848434904160730600e-03 2.397272890625000100e+02 4.035300200000000400e+01 1.439970312499999900e+02 5.558457999999999900e+00 9.573025781250000000e+01 3.479454400000000200e+01
3.222189326835206300e-03 2.397272031249999900e+02 4.535366699999999400e+01 1.505509999999999900e+02 5.817014999999999600e+00 8.917620312500000100e+01 3.953665199999999700e+01
3.689382466923041600e-03 2.397268984374999800e+02 5.156962149999999700e+01 1.581964375000000000e+02 6.272365500000000300e+00 8.153046093749999600e+01 4.529725599999999700e+01
4.149275770069375500e-03 2.397260703124999800e+02 5.762163350000000200e+01 1.658248749999999900e+02 6.756073500000000300e+00 7.390119531249999300e+01 5.086556000000000200e+01
4.230578114667277000e-03 2.397271328125000000e+02 5.868082849999999700e+01 1.671983906250000000e+02 6.848956499999999900e+00 7.252874218750000100e+01 5.183187199999999700e+01
4.313728717279022800e-03 2.397325703125000000e+02 5.974925749999999900e+01 1.688986718749999900e+02 6.948045500000000100e+00 7.083389843749999700e+01 5.280121200000000000e+01
4.500816679197525000e-03 2.397263828124999900e+02 6.215451000000000200e+01 1.726682812500000100e+02 7.165078000000000300e+00 6.705810156249999900e+01 5.498943200000000100e+01
4.606053853329979300e-03 2.397269921875000000e+02 6.351131250000000300e+01 1.746793906250000000e+02 7.282572499999999700e+00 6.504760156250000600e+01 5.622874000000000200e+01
4.842837383383260900e-03 2.397261718749999800e+02 6.653400450000000900e+01 1.796666718749999900e+02 7.534120500000000200e+00 6.005950000000000000e+01 5.899988400000000200e+01
5.375600549492623600e-03 2.397241328124999900e+02 7.301418350000000100e+01 1.925779687500000000e+02 8.113011500000000700e+00 4.714616406249999900e+01 6.490117200000000300e+01
6.034894967552961200e-03 2.397228554687500300e+02 8.016277099999999200e+01 2.121727812500000100e+02 8.978994999999999400e+00 2.755007421875000200e+01 7.118377599999999500e+01
6.506889555666122600e-03 2.397288779296875100e+02 8.449321000000000500e+01 2.264176093750000100e+02 9.686721999999999600e+00 1.331126855468750000e+01 7.480648800000000200e+01
6.696530214444859500e-03 2.397281601562500000e+02 8.600028700000000000e+01 2.319708437500000000e+02 9.968495000000000800e+00 7.757316406250000200e+00 7.603179199999999600e+01
6.803203531986861500e-03 2.397261489257812500e+02 8.677575699999999900e+01 2.351435937500000100e+02 1.012996500000000000e+01 4.582555175781250200e+00 7.664579200000000000e+01
6.836205329794896800e-03 2.397262053222656300e+02 8.700855199999999500e+01 2.361132343749999900e+02 1.017991999999999900e+01 3.612970947265624800e+00 7.682863199999999900e+01
6.869957158303591900e-03 2.397298735351562600e+02 8.724397900000001000e+01 2.370952968750000000e+02 1.023052300000000000e+01 2.634576660156250100e+00 7.701345600000000500e+01
6.888942589775917700e-03 2.397282038574218700e+02 8.737367300000001100e+01 2.376380624999999900e+02 1.025844099999999900e+01 2.090141357421874800e+00 7.711523200000000600e+01
6.899622258149509800e-03 2.397317623291015700e+02 8.744516999999999000e+01 2.379363750000000000e+02 1.027341799999999900e+01 1.795387329101562500e+00 7.717175199999999800e+01
6.905629208439246700e-03 2.397576339111328100e+02 8.748241600000000100e+01 2.381181562500000000e+02 1.027961600000000100e+01 1.639477661132812600e+00 7.720279999999999600e+01
6.909008369402891400e-03 2.398450439453124800e+02 8.749693299999999900e+01 2.382774687500000000e+02 1.027778900000000000e+01 1.567575195312499900e+00 7.721914400000000000e+01
6.910908923955458500e-03 2.400229111328125100e+02 8.749534599999999800e+01 2.384599687500000000e+02 1.026953800000000100e+01 1.562942382812500000e+00 7.722580800000000100e+01
6.911978097636020000e-03 2.402415117187499900e+02 8.748605200000000100e+01 2.386491093749999900e+02 1.025906799999999900e+01 1.592402343749999900e+00 7.722698400000000200e+01
6.914383738417280100e-03 2.424988116455078000e+02 8.735171300000000400e+01 2.407498124999999900e+02 1.014734500000000000e+01 1.748999145507812400e+00 7.720436800000000200e+01
6.915736743739628500e-03 2.443521676025390500e+02 8.722438800000000500e+01 2.427639531250000000e+02 1.004107600000000000e+01 1.588214477539062500e+00 7.718331200000000100e+01
6.918781117459652800e-03 2.435428204956054700e+02 8.705388699999998900e+01 2.440364687500000100e+02 9.898782999999999900e+00 -4.936482543945312500e-01 7.715510399999999400e+01
6.925631517053411200e-03 2.400057143554687400e+02 8.717533500000000400e+01 2.425829687499999900e+02 9.934262999999999600e+00 -2.577254394531249800e+00 7.724107200000000300e+01
6.941044692649884900e-03 2.386801472167968800e+02 8.743682200000000600e+01 2.426114687500000000e+02 1.000144600000000000e+01 -3.931321533203124800e+00 7.743537600000000500e+01
6.975723555528765000e-03 2.392939106445312500e+02 8.776335100000000000e+01 2.436790781249999900e+02 1.010941500000000000e+01 -4.385167480468750200e+00 7.765393600000000200e+01
7.053752226198394200e-03 2.397987456054687500e+02 8.826875900000000300e+01 2.455820312500000000e+02 1.026444700000000100e+01 -5.783285644531249900e+00 7.800431199999999900e+01
7.229315729502394300e-03 2.397277646484375000e+02 8.933708099999999800e+01 2.500353437500000100e+02 1.057196100000000000e+01 -1.030757910156249900e+01 7.876511999999999600e+01
7.624333835425875700e-03 2.397272109375000200e+02 9.159206999999999300e+01 2.592765625000000100e+02 1.126113400000000000e+01 -1.954935156250000000e+01 8.033093599999999400e+01
8.513124685498450100e-03 2.397273632812500100e+02 9.541294899999999800e+01 2.817898749999999900e+02 1.252816500000000000e+01 -4.206251171875000200e+01 8.288478399999999600e+01
9.013069762153755300e-03 2.397306601562500000e+02 9.709927899999999600e+01 2.936816562500000000e+02 1.313867100000000000e+01 -5.395099609375000000e+01 8.396060799999999300e+01
1.013794596113870900e-02 2.397282812500000100e+02 1.000854490000000000e+02 3.183900312499999900e+02 1.439497700000000100e+01 -7.866174999999999800e+01 8.569047200000000000e+01
1.077068848783352100e-02 2.397268437500000000e+02 1.013706440000000000e+02 3.304518125000000200e+02 1.497571600000000000e+01 -9.072496875000000200e+01 8.639492799999999300e+01
1.219435939638633400e-02 2.397267500000000400e+02 1.037580190000000000e+02 3.532581875000000200e+02 1.607512300000000100e+01 -1.135314375000000000e+02 8.768289600000000000e+01
1.299517495291573600e-02 2.397277656249999900e+02 1.048357379999999900e+02 3.639536249999999900e+02 1.656676200000000100e+01 -1.242258593750000000e+02 8.826897599999999500e+01
1.479700794370155700e-02 2.397271718750000100e+02 1.067634099999999900e+02 3.851507500000000200e+02 1.754116200000000000e+01 -1.454235781250000100e+02 8.922224799999999300e+01
1.535445150025649900e-02 2.397276562500000000e+02 1.072696340000000000e+02 3.910103125000000000e+02 1.779853800000000100e+01 -1.512826562500000000e+02 8.947109600000000300e+01
1.566801260686072700e-02 2.397268749999999800e+02 1.075330900000000000e+02 3.941410937499999800e+02 1.792619399999999900e+01 -1.544142187500000000e+02 8.960689600000000600e+01
1.574818454166007600e-02 2.397306718749999800e+02 1.075933940000000000e+02 3.949385937500000000e+02 1.795013000000000100e+01 -1.552079218750000100e+02 8.964326400000000200e+01
1.577298651038371000e-02 2.397475312500000100e+02 1.076069100000000000e+02 3.952082187500000100e+02 1.795223800000000100e+01 -1.554606875000000100e+02 8.965467200000000500e+01
1.577932824791707100e-02 2.397628749999999800e+02 1.076083479999999900e+02 3.952859062499999800e+02 1.795115600000000100e+01 -1.555230312500000000e+02 8.965719199999999500e+01
1.578289692796121600e-02 2.397804218749999700e+02 1.076077840000000000e+02 3.953349687499999700e+02 1.794955200000000100e+01 -1.555545468750000000e+02 8.965823199999999800e+01
1.578490296954915600e-02 2.397984375000000100e+02 1.076064700000000000e+02 3.953660312499999900e+02 1.794807000000000100e+01 -1.555675937499999900e+02 8.965840000000000000e+01
1.578738638467005700e-02 2.398543593749999700e+02 1.076012080000000100e+02 3.954184062499999800e+02 1.794429600000000100e+01 -1.555640468750000000e+02 8.965691200000000500e+01
1.578992522518242500e-02 2.403015781250000200e+02 1.075618500000000100e+02 3.956214062500000100e+02 1.792561800000000000e+01 -1.553198281249999900e+02 8.963623200000000700e+01
1.579563940425110500e-02 2.405056562499999900e+02 1.074955839999999900e+02 3.957844687499999700e+02 1.788032000000000100e+01 -1.552788124999999900e+02 8.961526399999999600e+01
1.580849630715563600e-02 2.397956562499999800e+02 1.075486260000000000e+02 3.957778124999999800e+02 1.789067400000000100e+01 -1.559821562500000000e+02 8.965795199999999500e+01
1.583742299775394200e-02 2.394922031249999700e+02 1.075761200000000000e+02 3.961229374999999800e+02 1.788524800000000100e+01 -1.566307343750000000e+02 8.969087199999999900e+01
1.590250849857909700e-02 2.397327968750000200e+02 1.076458679999999900e+02 3.970087187500000100e+02 1.790282800000000000e+01 -1.572759218749999900e+02 8.974303999999999300e+01
1.604895311033051000e-02 2.397250624999999800e+02 1.077626180000000000e+02 3.984703749999999900e+02 1.795446600000000000e+01 -1.587453125000000100e+02 8.980815200000000700e+01
1.623017626126964700e-02 2.397302187499999800e+02 1.078931020000000000e+02 4.002473749999999800e+02 1.800250200000000000e+01 -1.605171562500000000e+02 8.989060000000000600e+01
1.627651188853621400e-02 2.397510156249999800e+02 1.079154560000000100e+02 4.007694062499999700e+02 1.800088800000000000e+01 -1.610183906249999900e+02 8.991456800000000300e+01
1.638076704988597500e-02 2.397130468750000000e+02 1.079913540000000000e+02 4.016989375000000000e+02 1.802572199999999800e+01 -1.619858906250000000e+02 8.996563199999999900e+01
1.643941068988995900e-02 2.397185000000000100e+02 1.080380520000000100e+02 4.021476875000000200e+02 1.805015600000000100e+01 -1.624291875000000100e+02 8.998789600000000600e+01
1.647239773739219900e-02 2.397287968749999700e+02 1.080618120000000000e+02 4.023888437499999800e+02 1.806315599999999900e+01 -1.626600468750000100e+02 8.999865599999999700e+01
1.649095272812273200e-02 2.397396250000000200e+02 1.080725320000000000e+02 4.025107187500000200e+02 1.806911600000000100e+01 -1.627710937500000100e+02 9.000341600000000100e+01
1.649669372592921900e-02 2.397461249999999800e+02 1.080750260000000100e+02 4.025448124999999800e+02 1.807057000000000000e+01 -1.627986875000000000e+02 9.000445600000000500e+01
1.650256345367717700e-02 2.397668593750000000e+02 1.080761020000000100e+02 4.025803750000000000e+02 1.807114999999999900e+01 -1.628135156250000100e+02 9.000495200000000300e+01
1.650586752217496300e-02 2.398137656250000000e+02 1.080741260000000100e+02 4.026113437500000000e+02 1.807004600000000100e+01 -1.627975781250000000e+02 9.000408000000000200e+01
1.650772337883118700e-02 2.398969687500000100e+02 1.080685840000000000e+02 4.026371250000000300e+02 1.806825600000000200e+01 -1.627401562500000100e+02 9.000032799999999600e+01
1.650876930960564600e-02 2.399751093749999900e+02 1.080628580000000100e+02 4.026562500000000000e+02 1.806656200000000100e+01 -1.626811406250000100e+02 8.999629600000000100e+01
1.651112041895336900e-02 2.405635312499999800e+02 1.080153060000000100e+02 4.027744999999999900e+02 1.805308200000000000e+01 -1.622109687500000100e+02 8.996222400000000600e+01
1.651641086196470300e-02 2.418273125000000100e+02 1.078438020000000000e+02 4.031418125000000100e+02 1.799414600000000100e+01 -1.613145000000000100e+02 8.984965599999999600e+01
1.652831301780331700e-02 2.400532499999999900e+02 1.078746220000000000e+02 4.026827187499999900e+02 1.799764600000000000e+01 -1.626294687500000000e+02 8.987697599999999900e+01
1.655509242146123100e-02 2.389960624999999900e+02 1.079676159999999900e+02 4.026412187500000100e+02 1.801792800000000100e+01 -1.636451562500000100e+02 8.994968799999999500e+01
1.661534697364947300e-02 2.397238906250000000e+02 1.080563800000000000e+02 4.033746874999999900e+02 1.806710800000000100e+01 -1.636507968750000000e+02 8.998927200000000000e+01
1.675091926909404900e-02 2.397461249999999800e+02 1.081543499999999900e+02 4.042287499999999900e+02 1.813054199999999800e+01 -1.644826250000000100e+02 9.002380800000000200e+01
1.691869192906520300e-02 2.397227031250000100e+02 1.082793839999999900e+02 4.054975625000000200e+02 1.819596800000000100e+01 -1.657748593750000100e+02 9.008341600000000000e+01
1.709027642563661800e-02 2.397253437499999800e+02 1.084062340000000000e+02 4.068519999999999800e+02 1.825368200000000100e+01 -1.671266562500000000e+02 9.015255200000000000e+01
1.747634109594332900e-02 2.397284531249999900e+02 1.086969520000000100e+02 4.098735937500000000e+02 1.840159200000000100e+01 -1.701451406250000100e+02 9.029536000000000200e+01
1.769350314345930300e-02 2.397269062499999800e+02 1.088529339999999900e+02 4.116059374999999800e+02 1.847965400000000000e+01 -1.718790312500000000e+02 9.037327999999999400e+01
1.818211551547542500e-02 2.397275312500000000e+02 1.091737699999999900e+02 4.158400937499999900e+02 1.860024200000000100e+01 -1.761125625000000000e+02 9.057352799999999600e+01
1.928149603438547200e-02 2.397273281250000100e+02 1.098984080000000000e+02 4.234794687500000200e+02 1.896176000000000200e+01 -1.837521406250000100e+02 9.093664800000000500e+01
1.962161663099760300e-02 2.397272656250000000e+02 1.101160540000000100e+02 4.256428437500000000e+02 1.907595800000000000e+01 -1.859155781250000000e+02 9.104009600000000500e+01
1.996946817576147900e-02 2.397254062500000200e+02 1.103302680000000000e+02 4.278826250000000200e+02 1.918168400000000100e+01 -1.881572187500000000e+02 9.114858400000000000e+01
2.075213370450123400e-02 2.397269218749999900e+02 1.107990540000000000e+02 4.325412499999999900e+02 1.941541399999999800e+01 -1.928143281250000000e+02 9.138364000000000000e+01
2.172067990497922300e-02 2.397259531250000200e+02 1.113327800000000100e+02 4.379376250000000300e+02 1.966305200000000000e+01 -1.982116718750000100e+02 9.166972800000000600e+01
2.226548826019550400e-02 2.397264843749999800e+02 1.116258800000000100e+02 4.408687499999999800e+02 1.980177600000000000e+01 -2.011422656249999900e+02 9.182410400000000500e+01
2.257194240128095700e-02 2.397274375000000100e+02 1.117813920000000000e+02 4.424966249999999900e+02 1.986632000000000200e+01 -2.027691874999999900e+02 9.191507199999999500e+01
2.288536226253273800e-02 2.397290468749999900e+02 1.119316900000000000e+02 4.440697812500000100e+02 1.993603399999999900e+01 -2.043407343750000100e+02 9.199565599999999700e+01
2.306165970529471300e-02 2.397266250000000100e+02 1.120183440000000100e+02 4.449584375000000000e+02 1.997209600000000100e+01 -2.052318124999999900e+02 9.204624800000000600e+01
2.327983013735221800e-02 2.397260781250000200e+02 1.121265240000000000e+02 4.460089687500000100e+02 2.001979599999999900e+01 -2.062828906249999900e+02 9.210672800000000400e+01
2.350295667215639800e-02 2.397202968750000300e+02 1.122264400000000000e+02 4.470790625000000200e+02 2.007071200000000000e+01 -2.073587656249999900e+02 9.215572799999999600e+01
2.400499450431855400e-02 2.397267968749999900e+02 1.124792220000000100e+02 4.493891249999999800e+02 2.018616600000000000e+01 -2.096623281249999900e+02 9.229305600000000700e+01
2.513457828574651100e-02 2.397268437500000300e+02 1.130174880000000000e+02 4.544217187500000300e+02 2.042397600000000000e+01 -2.146948750000000000e+02 9.259351200000000400e+01
2.576996960977870000e-02 2.397265468750000000e+02 1.133056299999999900e+02 4.571263437499999900e+02 2.054421400000000000e+01 -2.173997968749999900e+02 9.276141599999999700e+01
2.719959785395630400e-02 2.397265625000000300e+02 1.139186660000000000e+02 4.627529062500000200e+02 2.078107400000000000e+01 -2.230263437500000000e+02 9.313759199999999800e+01
2.896876383417771100e-02 2.397263281249999800e+02 1.146367039999999900e+02 4.688625937499999700e+02 2.104198399999999900e+01 -2.291362656249999900e+02 9.359471999999999500e+01
2.942110833309990700e-02 2.397267187500000000e+02 1.148108539999999900e+02 4.702880000000000100e+02 2.110195800000000000e+01 -2.305612812500000100e+02 9.370889599999999600e+01
2.956105208280697000e-02 2.397310468750000000e+02 1.148611120000000100e+02 4.707026562500000200e+02 2.111988800000000000e+01 -2.309716093750000100e+02 9.374122400000000300e+01
2.956999702582343400e-02 2.397329687500000000e+02 1.148641260000000000e+02 4.707285625000000100e+02 2.112105400000000100e+01 -2.309955937500000100e+02 9.374307199999999800e+01
2.959012359458943600e-02 2.397990312499999800e+02 1.148673400000000000e+02 4.707917812499999900e+02 2.112386800000000200e+01 -2.309927500000000000e+02 9.374347199999999700e+01
2.963540971524983000e-02 2.396933750000000000e+02 1.148803800000000000e+02 4.708842500000000100e+02 2.112886800000000100e+01 -2.311908750000000100e+02 9.375151200000000500e+01
2.973730125184089600e-02 2.397270156250000400e+02 1.149217240000000000e+02 4.712135625000000200e+02 2.114225199999999900e+01 -2.314865468749999900e+02 9.377947199999999800e+01
2.996655855010768900e-02 2.397268437499999700e+02 1.150103560000000000e+02 4.719103437499999800e+02 2.117063599999999800e+01 -2.321835000000000100e+02 9.383972000000000000e+01
3.048238836516590400e-02 2.397304218749999900e+02 1.152005600000000000e+02 4.734029062500000000e+02 2.122634400000000100e+01 -2.336724843750000100e+02 9.397421599999999800e+01
3.077254207741244100e-02 2.397266718749999700e+02 1.153062080000000000e+02 4.742105312499999700e+02 2.125824000000000100e+01 -2.344838593750000100e+02 9.404796799999999700e+01
3.086230975659902700e-02 2.397269531249999700e+02 1.153379240000000000e+02 4.744554999999999700e+02 2.126764400000000100e+01 -2.347285468750000100e+02 9.407027999999999700e+01
3.095411565985892500e-02 2.397420000000000200e+02 1.153624680000000100e+02 4.746881562500000200e+02 2.127778800000000100e+01 -2.349461562500000000e+02 9.408468000000000600e+01
3.116068073010954500e-02 2.397254687500000000e+02 1.154366660000000000e+02 4.752408750000000200e+02 2.129705800000000000e+01 -2.355154062500000100e+02 9.413960799999999600e+01
3.162544945629965100e-02 2.397270781250000200e+02 1.155990320000000100e+02 4.764959062500000200e+02 2.133354400000000000e+01 -2.367688281250000000e+02 9.426548800000000500e+01
3.188688566410277600e-02 2.397268437500000300e+02 1.156840840000000100e+02 4.771254062500000300e+02 2.135006800000000000e+01 -2.373985625000000000e+02 9.433401600000000500e+01
3.247510997999639900e-02 2.397263593750000200e+02 1.158566340000000000e+02 4.782827187500000200e+02 2.137784200000000100e+01 -2.385563593750000000e+02 9.447879199999999900e+01
3.320303846487267900e-02 2.397262500000000200e+02 1.160921619999999900e+02 4.797847187500000200e+02 2.143228999999999800e+01 -2.400584687500000000e+02 9.465987199999999300e+01
3.361249980204195800e-02 2.397401718749999900e+02 1.161665800000000000e+02 4.806209999999999800e+02 2.140142799999999900e+01 -2.408808281249999900e+02 9.476515200000000000e+01
3.403126545331431500e-02 2.397265156250000200e+02 1.163137480000000000e+02 4.813709062500000200e+02 2.144012400000000100e+01 -2.416443906250000000e+02 9.487362400000000700e+01
3.497348995659294700e-02 2.397264375000000300e+02 1.165880739999999900e+02 4.826965625000000300e+02 2.146530600000000200e+01 -2.429701250000000000e+02 9.512276799999999400e+01
3.550348900479237400e-02 2.397262812500000000e+02 1.167440300000000000e+02 4.834656249999999900e+02 2.147002200000000000e+01 -2.437393437499999900e+02 9.527400799999999500e+01
3.669598954511484700e-02 2.397266093749999800e+02 1.170960860000000000e+02 4.850079687499999700e+02 2.150298199999999900e+01 -2.452813593749999900e+02 9.559310399999999700e+01
3.736677266347261000e-02 2.397266250000000100e+02 1.173127760000000000e+02 4.860695312500000100e+02 2.155127200000000100e+01 -2.463429062500000000e+02 9.576150400000000200e+01
3.819686623606558700e-02 2.397263906249999900e+02 1.175800240000000100e+02 4.874575624999999900e+02 2.160989599999999900e+01 -2.477311718750000000e+02 9.597012800000000300e+01
3.904582232091594100e-02 2.397264843749999800e+02 1.178390800000000100e+02 4.887240312500000000e+02 2.165923199999999900e+01 -2.489975468750000100e+02 9.617984800000000700e+01
3.952336391796545300e-02 2.397266875000000300e+02 1.179860319999999900e+02 4.894725000000000300e+02 2.168819999999999800e+01 -2.497458125000000000e+02 9.629783200000000000e+01
4.038293307132384500e-02 2.397265937499999800e+02 1.182528360000000000e+02 4.908302499999999800e+02 2.174554799999999900e+01 -2.511036562500000000e+02 9.650728800000000300e+01
4.145739540697977000e-02 2.397266406249999900e+02 1.185866120000000000e+02 4.926182812500000000e+02 2.182340400000000000e+01 -2.528916406250000100e+02 9.676320800000000600e+01
4.278704339661399500e-02 2.397262968749999700e+02 1.189880079999999900e+02 4.947005312499999800e+02 2.191237599999999800e+01 -2.549742343750000100e+02 9.707563199999999900e+01
4.414691074000882300e-02 2.397266093750000100e+02 1.193834179999999900e+02 4.966108437500000200e+02 2.198991399999999900e+01 -2.568842343750000100e+02 9.739350399999999300e+01
4.582974720323045700e-02 2.397263437499999600e+02 1.198641079999999900e+02 4.988882812499999800e+02 2.208599600000000200e+01 -2.591619375000000200e+02 9.777811199999999300e+01
4.677634494868744600e-02 2.397263281250000100e+02 1.201288500000000000e+02 5.001304999999999800e+02 2.213629800000000000e+01 -2.604041718749999700e+02 9.799255200000000300e+01
4.730880416910167300e-02 2.397263593750000200e+02 1.202752640000000100e+02 5.008116249999999900e+02 2.216325600000000100e+01 -2.610852656249999800e+02 9.811200800000000300e+01
4.785336400401427000e-02 2.397270937499999900e+02 1.204230479999999900e+02 5.015237812500000100e+02 2.219230400000000000e+01 -2.617966875000000200e+02 9.823074400000000100e+01
4.907862631444141100e-02 2.397266562499999600e+02 1.207494380000000000e+02 5.029561249999999900e+02 2.225521399999999900e+01 -2.632294687500000200e+02 9.849422400000000300e+01
5.183546740686039600e-02 2.397265937500000100e+02 1.214757180000000000e+02 5.057976562499999900e+02 2.237156600000000100e+01 -2.660710624999999800e+02 9.910415199999999900e+01
5.803836254667690800e-02 2.397265937500000100e+02 1.230361420000000000e+02 5.110488125000000000e+02 2.259997400000000000e+01 -2.713222187499999900e+02 1.004361680000000000e+02
6.152749106282369400e-02 2.397265937499999500e+02 1.238901000000000000e+02 5.137486874999999600e+02 2.272929200000000100e+01 -2.740220937500000100e+02 1.011608080000000000e+02
6.584527924304872700e-02 2.397263125000000100e+02 1.249240300000000000e+02 5.168187500000000200e+02 2.287502999999999900e+01 -2.770924375000000200e+02 1.020490000000000100e+02
7.000000234574560400e-02 2.397265937500000100e+02 1.258946100000000000e+02 5.192873124999999800e+02 2.299266600000000000e+01 -2.795607187499999800e+02 1.029019440000000000e+02
