0.000000000000000000e+00 0.000000000000000000e+00 0.000000000000000000e+00 0.000000000000000000e+00 0.000000000000000000e+00 0.000000000000000000e+00 0.000000000000000000e+00
7.722129174063245100e-09 6.163589843749999800e+02 7.775115966796874200e-06 4.755829062500000100e+02 3.316537094116211000e-05 1.407760781250000000e+02 -2.539025497436523600e-05
1.400007578625056100e-03 6.163582187499999900e+02 3.877844100000000100e+01 4.757678750000000000e+02 2.445919599999999900e+01 1.405903437499999900e+02 1.431924500000000000e+01
1.760945069775331000e-03 6.163606406249999700e+02 4.875901400000000100e+01 4.759634687500000000e+02 3.073063000000000100e+01 1.403971718750000000e+02 1.802838399999999900e+01
1.853230235340831200e-03 6.163594687500000200e+02 5.129739800000000100e+01 4.760785312500000300e+02 3.230674400000000200e+01 1.402809374999999900e+02 1.899065399999999900e+01
1.881780932965587200e-03 6.163628281249999600e+02 5.208045599999999800e+01 4.761241875000000100e+02 3.279094200000000100e+01 1.402386406249999900e+02 1.928951400000000000e+01
1.910980513389876200e-03 6.163655781249999600e+02 5.287774600000000200e+01 4.761802500000000000e+02 3.328132999999999700e+01 1.401853281250000100e+02 1.959641600000000100e+01
1.927405195504026700e-03 6.163648124999999700e+02 5.332526000000000000e+01 4.762137187500000000e+02 3.355563999999999700e+01 1.401510937500000000e+02 1.976962000000000000e+01
1.964360948592897900e-03 6.163757812500000500e+02 5.432692799999999500e+01 4.763179375000000300e+02 3.416500800000000000e+01 1.400578437499999900e+02 2.016191999999999900e+01
2.010093794928656400e-03 6.163745156249999600e+02 5.555388600000000600e+01 4.764824062500000000e+02 3.489804800000000300e+01 1.398921093749999900e+02 2.065583799999999900e+01
2.056865901737422700e-03 6.163642812499999800e+02 5.680651599999999500e+01 4.766871874999999900e+02 3.563669199999999600e+01 1.396770937500000100e+02 2.116982399999999800e+01
2.063443226983113600e-03 6.163655000000000000e+02 5.698263800000000100e+01 4.767200624999999800e+02 3.574020800000000300e+01 1.396454375000000100e+02 2.124242999999999900e+01
2.071335929945129700e-03 6.163652656250000100e+02 5.719365399999999500e+01 4.767592812500000200e+02 3.586393199999999800e+01 1.396059843749999900e+02 2.132972200000000000e+01
2.086134911747933600e-03 6.163696562499999300e+02 5.758604799999999800e+01 4.768425312499999800e+02 3.609196399999999700e+01 1.395271250000000100e+02 2.149408400000000100e+01
2.119432729970259200e-03 6.163660625000000000e+02 5.847262000000000600e+01 4.770294374999999700e+02 3.660587600000000200e+01 1.393366250000000000e+02 2.186674400000000100e+01
2.138162707234477000e-03 6.163653437499999700e+02 5.896996000000000000e+01 4.771420625000000100e+02 3.689281199999999900e+01 1.392232812500000100e+02 2.207714800000000100e+01
2.180305010524279400e-03 6.163624062500000500e+02 6.008299999999999800e+01 4.774124375000000100e+02 3.753113599999999600e+01 1.389499687500000100e+02 2.255186399999999800e+01
2.232456381941016400e-03 6.163912031250000600e+02 6.143653600000000400e+01 4.778240625000000300e+02 3.829604799999999900e+01 1.385671406250000100e+02 2.314048800000000100e+01
2.285792859628232800e-03 6.163854062499999600e+02 6.276946800000000300e+01 4.783796562499999800e+02 3.901574800000000200e+01 1.380057500000000100e+02 2.375372000000000100e+01
2.315794591938620000e-03 6.164421718749999900e+02 6.346720400000000200e+01 4.788783124999999900e+02 3.935694000000000200e+01 1.375638593749999900e+02 2.411026400000000100e+01
2.332670639140556700e-03 6.165341718750000800e+02 6.381371000000000000e+01 4.793212500000000200e+02 3.949378000000000100e+01 1.372129218750000100e+02 2.431992999999999900e+01
2.337891685802567000e-03 6.172930312500000100e+02 6.378675800000000600e+01 4.802635312500000300e+02 3.939835200000000300e+01 1.370295000000000100e+02 2.438840600000000000e+01
2.343231359535376200e-03 6.219722812499999200e+02 6.292467000000000600e+01 4.856921874999999900e+02 3.844677200000000300e+01 1.362800937499999900e+02 2.447789800000000000e+01
2.355245589045523500e-03 6.177214218750000300e+02 6.288658200000000400e+01 4.837493749999999900e+02 3.813848000000000100e+01 1.339720468749999900e+02 2.474810199999999900e+01
2.382277714609372500e-03 6.154749843749999600e+02 6.383569000000000000e+01 4.836386249999999900e+02 3.850643600000000100e+01 1.318363593750000000e+02 2.532925399999999900e+01
2.443099924350687400e-03 6.161119218750000100e+02 6.540365200000000800e+01 4.873972187499999800e+02 3.892222000000000300e+01 1.287147031250000000e+02 2.648143200000000200e+01
2.579949859879974700e-03 6.163140390625000000e+02 6.838403999999999900e+01 4.922003125000000000e+02 3.998884000000000300e+01 1.241137265625000100e+02 2.839519999999999900e+01
2.887862360375559400e-03 6.163691484375000300e+02 7.458724799999998800e+01 5.034434062500000100e+02 4.198471599999999900e+01 1.129257421875000100e+02 3.260253199999999700e+01
3.061063123709989900e-03 6.163584296875000100e+02 7.820432400000000000e+01 5.090737812500000200e+02 4.328121600000000100e+01 1.072846484375000000e+02 3.492310799999999900e+01
3.450764841212458000e-03 6.163511406249999700e+02 8.582383200000001000e+01 5.238574687499999500e+02 4.560178400000000200e+01 9.249367187500000400e+01 4.022204800000000100e+01
3.933020709344027700e-03 6.163732109374999500e+02 9.489882399999999100e+01 5.416288124999999800e+02 4.831527599999999700e+01 7.474439843749999600e+01 4.658354800000000000e+01
4.056324743380331300e-03 6.163442734374999600e+02 9.716975200000000300e+01 5.459805000000000100e+02 4.899862000000000300e+01 7.036377343750000100e+01 4.817113200000000000e+01
4.333758965516701400e-03 6.163644804687500000e+02 1.021511600000000000e+02 5.557656875000000100e+02 5.046587199999999700e+01 6.059879296874999700e+01 5.168528800000000000e+01
4.541834632118980200e-03 6.163683437500000100e+02 1.057886479999999900e+02 5.630750000000000500e+02 5.151462000000000100e+01 5.329334374999999800e+01 5.427402800000000100e+01
4.627665902814295100e-03 6.163843437499999700e+02 1.072526680000000000e+02 5.661237499999999700e+02 5.192840799999999700e+01 5.026059374999999800e+01 5.532426000000000200e+01
4.649611183138557800e-03 6.164178984375000700e+02 1.076159600000000000e+02 5.669260000000000400e+02 5.203361600000000200e+01 4.949189843749999800e+01 5.558234399999999900e+01
4.661955676235995800e-03 6.164451562500000800e+02 1.078167239999999900e+02 5.673941250000000300e+02 5.209326000000000100e+01 4.905103125000000100e+01 5.572346400000000000e+01
4.668899217076936900e-03 6.165089414062499600e+02 1.079321200000000000e+02 5.677151249999999400e+02 5.213160400000000300e+01 4.879381640625000200e+01 5.580051600000000200e+01
4.684522766187805900e-03 6.172689726562499600e+02 1.080749439999999900e+02 5.694272499999999600e+02 5.212348399999999800e+01 4.784172265624999900e+01 5.595145999999999700e+01
4.719675096691165100e-03 6.159681406250000500e+02 1.085059520000000100e+02 5.699355000000000500e+02 5.221665200000000300e+01 4.603264062499999900e+01 5.628929999999999700e+01
4.798768058655754000e-03 6.162855585937500100e+02 1.098490360000000100e+02 5.729000624999999900e+02 5.270368400000000300e+01 4.338549609375000000e+01 5.714535200000000300e+01
4.976727295853425300e-03 6.163667031249999600e+02 1.127147559999999900e+02 5.796673749999999900e+02 5.352030800000000000e+01 3.669932812500000100e+01 5.919444800000000100e+01
5.377134851774744900e-03 6.163589277343749000e+02 1.192932400000000000e+02 5.936319999999999500e+02 5.539873600000000000e+01 2.272692773437500000e+01 6.389450399999999800e+01
6.278052580371153200e-03 6.163622895507812700e+02 1.334332640000000100e+02 6.229604375000000100e+02 5.936413600000000200e+01 -6.598147949218749800e+00 7.406912800000000600e+01
6.404743963108831500e-03 6.163637714843750900e+02 1.353535840000000100e+02 6.269472500000000500e+02 5.988948800000000000e+01 -1.058347851562500000e+01 7.546409599999999800e+01
6.689800010932671500e-03 6.163567324218749900e+02 1.396429680000000000e+02 6.361777499999999500e+02 6.103957599999999700e+01 -1.982101757812500200e+01 7.860339199999999900e+01
7.042557037502564100e-03 6.163620898437499100e+02 1.449073799999999900e+02 6.478011249999999600e+02 6.245152399999999900e+01 -3.143903515625000000e+01 8.245585599999999700e+01
7.240983010502816800e-03 6.163596796875000300e+02 1.477958840000000000e+02 6.543153125000000000e+02 6.325398800000000000e+01 -3.795563281249999900e+01 8.454189599999999400e+01
7.352597256428739100e-03 6.163732695312500000e+02 1.493963919999999900e+02 6.581463125000000200e+02 6.371018399999999800e+01 -4.177304296874999800e+01 8.568620799999999300e+01
7.466748229458801400e-03 6.163381132812500000e+02 1.509857600000000000e+02 6.621960000000000300e+02 6.417276800000000500e+01 -4.585788671875000200e+01 8.681299199999999400e+01
7.723588209885817900e-03 6.163651992187500400e+02 1.546354519999999900e+02 6.699943749999999900e+02 6.513823600000000600e+01 -5.362917578124999800e+01 8.949721599999999500e+01
7.743453513717185900e-03 6.163634609375000100e+02 1.549177040000000100e+02 6.706140000000000300e+02 6.521158400000000200e+01 -5.425053906250000300e+01 8.970611999999999900e+01
7.754627456012954900e-03 6.163616523437500500e+02 1.550770599999999900e+02 6.709616250000000300e+02 6.525322799999999300e+01 -5.459997265625000300e+01 8.982383199999999600e+01
7.760913089663700400e-03 6.163664257812499700e+02 1.551665919999999800e+02 6.711599999999999700e+02 6.527664000000000000e+01 -5.479357421875000300e+01 8.988995199999999400e+01
7.764448321928180500e-03 6.163742500000000700e+02 1.552168560000000100e+02 6.712731250000000500e+02 6.528990400000000700e+01 -5.489887499999999700e+01 8.992695200000000000e+01
7.768064482599242600e-03 6.163988085937500000e+02 1.552680240000000300e+02 6.713940000000000100e+02 6.530386400000000400e+01 -5.499519140625000100e+01 8.996416000000000700e+01
7.772538833711319400e-03 6.165808085937500200e+02 1.553296359999999900e+02 6.715947499999999800e+02 6.532510000000000600e+01 -5.501394140624999800e+01 9.000453600000000200e+01
7.777115073105063900e-03 6.168853242187500400e+02 1.553927840000000100e+02 6.718528125000000300e+02 6.535143999999999700e+01 -5.496748828124999900e+01 9.004134399999999500e+01
7.787412193959740300e-03 6.167117851562500200e+02 1.555135119999999900e+02 6.720419375000000200e+02 6.537783199999999800e+01 -5.533015234375000100e+01 9.013567999999999400e+01
7.810579842554635200e-03 6.162101640624999800e+02 1.558058920000000000e+02 6.724964374999999600e+02 6.543402799999999800e+01 -5.628627343750000000e+01 9.037186400000000200e+01
7.862707634111901900e-03 6.162330117187500500e+02 1.565771720000000200e+02 6.742601250000000200e+02 6.563558799999999800e+01 -5.802711328125000300e+01 9.094158400000000600e+01
7.979995019561059500e-03 6.163748007812500900e+02 1.582861320000000100e+02 6.780962500000000500e+02 6.608828400000000200e+01 -6.172144921875000300e+01 9.219784799999999300e+01
8.125137496780563900e-03 6.163639218749999600e+02 1.603809919999999900e+02 6.827192499999999900e+02 6.663386400000000300e+01 -6.635532812500000000e+01 9.374712800000000400e+01
8.190081087515321500e-03 6.163659999999999900e+02 1.613087319999999900e+02 6.847953125000000200e+02 6.687170799999999800e+01 -6.842931249999999500e+01 9.443702399999999400e+01
8.201561859093597900e-03 6.163736406250000100e+02 1.614726599999999900e+02 6.851556875000000000e+02 6.691462799999999300e+01 -6.878204687500000600e+01 9.455803199999999700e+01
8.208019829495051200e-03 6.165207031249999500e+02 1.615597760000000000e+02 6.853845000000000000e+02 6.694141600000000400e+01 -6.886379687500000600e+01 9.461835999999999600e+01
8.214625101240855700e-03 6.167727812499999800e+02 1.616414360000000000e+02 6.856331249999999500e+02 6.696996400000000400e+01 -6.886034374999999800e+01 9.467147199999999400e+01
8.229485652676723400e-03 6.164271171875000200e+02 1.618245800000000000e+02 6.858961875000000000e+02 6.700411599999999600e+01 -6.946907031249999400e+01 9.482046400000000100e+01
8.262923057844933800e-03 6.161866562500000600e+02 1.623015440000000100e+02 6.868198750000000200e+02 6.712326400000000600e+01 -7.063321874999999700e+01 9.517828000000000100e+01
8.338156200590588600e-03 6.163527500000000100e+02 1.634138079999999900e+02 6.892881250000000400e+02 6.742614399999999400e+01 -7.293537499999999300e+01 9.598766399999999500e+01
8.431257636846930400e-03 6.163679374999999300e+02 1.647482640000000100e+02 6.921645624999999900e+02 6.778387999999999600e+01 -7.579662500000000600e+01 9.696438399999999500e+01
8.472915388580063200e-03 6.163603749999999800e+02 1.653412720000000000e+02 6.934406249999999500e+02 6.794240000000000600e+01 -7.708025000000000700e+01 9.739887199999999700e+01
8.480279873578976800e-03 6.163622890625000500e+02 1.654459760000000000e+02 6.936675000000000200e+02 6.797041600000000000e+01 -7.730521093749999300e+01 9.747556000000000200e+01
8.487811455359827600e-03 6.163976796875000400e+02 1.655518799999999800e+02 6.939048125000000500e+02 6.799950400000000200e+01 -7.750713281250000400e+01 9.755237599999999500e+01
8.492048261220930600e-03 6.164577187500000300e+02 1.656099120000000100e+02 6.940447500000000200e+02 6.801634400000000400e+01 -7.758703124999999500e+01 9.759356800000000500e+01
8.501580928853724700e-03 6.165574218750000500e+02 1.657341040000000000e+02 6.943331875000000100e+02 6.805163199999999800e+01 -7.777576562500000500e+01 9.768247200000000400e+01
8.523028703254075000e-03 6.163421953125000500e+02 1.660251920000000000e+02 6.948845000000000000e+02 6.812119199999999400e+01 -7.854230468750000700e+01 9.790399999999999600e+01
8.571287068982991500e-03 6.162875937500000400e+02 1.667240160000000100e+02 6.963648749999999800e+02 6.830737600000000500e+01 -8.007728124999999900e+01 9.841664000000000100e+01
8.679867955208989100e-03 6.163707031249999800e+02 1.682920639999999800e+02 6.997682499999999700e+02 6.872355199999999800e+01 -8.339754687500000300e+01 9.956851199999999800e+01
8.924175094772172200e-03 6.163606171875000000e+02 1.717586240000000000e+02 7.070968749999999500e+02 6.962663200000000100e+01 -9.073625781250000000e+01 1.021319920000000000e+02
9.164664625975966700e-03 6.163677656249999500e+02 1.751221919999999800e+02 7.141065625000000000e+02 7.050484000000000200e+01 -9.773879687500000600e+01 1.046173520000000000e+02
9.183989630805121700e-03 6.163851328124999300e+02 1.753885359999999900e+02 7.146660624999999500e+02 7.057419199999999600e+01 -9.828092968750000600e+01 1.048143440000000100e+02
9.189968435173360600e-03 6.163966796874999500e+02 1.754698480000000100e+02 7.148373749999999500e+02 7.059539200000000400e+01 -9.844069531249999700e+01 1.048744560000000000e+02
9.196082896510906700e-03 6.164553359374999700e+02 1.755501919999999800e+02 7.150161875000000000e+02 7.061723999999999500e+01 -9.856085156250000500e+01 1.049329520000000000e+02
9.197917467799672200e-03 6.164868437499999300e+02 1.755735440000000000e+02 7.150713124999999800e+02 7.062388000000000000e+01 -9.858446874999999900e+01 1.049496640000000000e+02
9.201356633970007500e-03 6.165580234374999700e+02 1.756163040000000100e+02 7.151758750000000200e+02 7.063649599999999400e+01 -9.861785156249999300e+01 1.049798080000000100e+02
9.209095485626706000e-03 6.165652187499999900e+02 1.757142959999999900e+02 7.153792499999999600e+02 7.066165599999999400e+01 -9.881403124999999900e+01 1.050526400000000000e+02
9.226507901854277100e-03 6.163323828124999900e+02 1.759414080000000000e+02 7.157635000000000200e+02 7.071106399999999300e+01 -9.943111718750000700e+01 1.052303440000000000e+02
9.265685401702247100e-03 6.162704140625000900e+02 1.764887840000000100e+02 7.168629375000000400e+02 7.085227199999999900e+01 -1.005925234375000100e+02 1.056365120000000000e+02
9.353834485250804900e-03 6.163587500000001000e+02 1.777384559999999900e+02 7.195231250000000500e+02 7.117630400000000200e+01 -1.031643750000000100e+02 1.065621520000000000e+02
9.552170214344440200e-03 6.163601093749999800e+02 1.805715839999999700e+02 7.255804375000000200e+02 7.191043999999999400e+01 -1.092203281249999900e+02 1.086611439999999900e+02
9.998426332578554500e-03 6.163586796874999400e+02 1.869046960000000000e+02 7.391288124999999800e+02 7.356691999999999600e+01 -1.227701328124999900e+02 1.133377760000000100e+02
1.055066780584053600e-02 6.163589843749999800e+02 1.947102879999999900e+02 7.557489375000000100e+02 7.557473600000000100e+01 -1.393899531250000100e+02 1.191355520000000000e+02
1.086130363455040100e-02 6.163562656249999900e+02 1.990479680000000000e+02 7.649556874999999500e+02 7.666356799999999800e+01 -1.485994218749999900e+02 1.223844000000000000e+02
1.094072758787572100e-02 6.163619843750000200e+02 2.001554320000000200e+02 7.672979374999999900e+02 7.693944000000000500e+01 -1.509359531250000000e+02 1.232159920000000000e+02
1.096529838366386300e-02 6.163683906250000700e+02 2.004962960000000000e+02 7.680186875000000600e+02 7.702424000000000600e+01 -1.516502968750000100e+02 1.234720559999999900e+02
1.097912025684547600e-02 6.163767031250000600e+02 2.006866640000000100e+02 7.684209375000000400e+02 7.707157599999999300e+01 -1.520442343750000000e+02 1.236150880000000000e+02
1.099325652815337900e-02 6.165372343750000300e+02 2.008717920000000000e+02 7.688498750000000000e+02 7.712101599999999700e+01 -1.523126406250000000e+02 1.237507760000000000e+02
1.102506197415865600e-02 6.163615781250000500e+02 2.012657920000000000e+02 7.695498125000000300e+02 7.720775199999999900e+01 -1.531882343750000100e+02 1.240580400000000100e+02
1.109662364545177200e-02 6.162977343750001200e+02 2.022849360000000200e+02 7.716403125000000500e+02 7.745940000000000200e+01 -1.553425781249999900e+02 1.248255360000000000e+02
1.125763857029878800e-02 6.163654062499999800e+02 2.045155839999999900e+02 7.764038124999999600e+02 7.800946399999999400e+01 -1.600384062500000100e+02 1.265061200000000000e+02
1.161992302453270500e-02 6.163583437500000200e+02 2.095025680000000000e+02 7.871854375000000300e+02 7.920410400000000100e+01 -1.708270937499999900e+02 1.302984640000000000e+02
1.167086949424138300e-02 6.163490156249999900e+02 2.102062160000000100e+02 7.887568125000000200e+02 7.936582400000000300e+01 -1.724077968750000000e+02 1.308403920000000100e+02
1.169952630123376000e-02 6.163714531250000200e+02 2.106012719999999900e+02 7.896936250000000000e+02 7.945081600000000300e+01 -1.733221718750000100e+02 1.311504559999999900e+02
1.176400469918536400e-02 6.163774687500000500e+02 2.112631360000000000e+02 7.941263750000000500e+02 7.908271999999999500e+01 -1.777489062500000000e+02 1.321804160000000100e+02
1.190908196790460000e-02 6.163476406249999400e+02 2.130809920000000100e+02 8.045803750000000000e+02 7.841238400000000300e+01 -1.882327343750000100e+02 1.346686080000000100e+02
1.223550524030413000e-02 6.163532500000000000e+02 2.174763600000000000e+02 8.185208125000000300e+02 7.871187999999999400e+01 -2.021675625000000000e+02 1.387644799999999900e+02
1.296995905874995400e-02 6.163572812499999100e+02 2.274958880000000100e+02 8.450828749999999400e+02 8.040710400000000400e+01 -2.287255937500000000e+02 1.470887840000000000e+02
1.319029508783995000e-02 6.163647968750000200e+02 2.305185040000000100e+02 8.532348749999999900e+02 8.093477599999999900e+01 -2.368700781249999900e+02 1.495837280000000100e+02
1.324709984263512100e-02 6.163446093749998900e+02 2.313034240000000100e+02 8.553245624999999600e+02 8.107475200000000400e+01 -2.389799531250000100e+02 1.502286719999999900e+02
1.329357720120049300e-02 6.163366093750000800e+02 2.319240240000000300e+02 8.568540625000000500e+02 8.119071200000000500e+01 -2.405174531250000000e+02 1.507333120000000100e+02
1.335167331718845600e-02 6.163242031250000500e+02 2.327503280000000000e+02 8.588981250000000500e+02 8.135639200000000000e+01 -2.425739218750000000e+02 1.513939360000000000e+02
1.348239074259887300e-02 6.163675937499999700e+02 2.345565919999999900e+02 8.635388749999999600e+02 8.171236799999999800e+01 -2.471712812499999900e+02 1.528442240000000000e+02
1.377650320311605800e-02 6.163600000000000100e+02 2.385788320000000100e+02 8.737378750000000300e+02 8.251644799999999700e+01 -2.573778750000000200e+02 1.560623840000000100e+02
1.443825769482660500e-02 6.163637499999999800e+02 2.471200240000000000e+02 8.952646875000000400e+02 8.425936799999999500e+01 -2.789009375000000000e+02 1.628606560000000100e+02
1.464298793247767800e-02 6.163620937499999900e+02 2.495933839999999900e+02 9.012704999999999700e+02 8.478792799999999400e+01 -2.849084062499999800e+02 1.648054559999999900e+02
1.485237126239781300e-02 6.163614999999999800e+02 2.520749999999999900e+02 9.071541875000000300e+02 8.532810399999999600e+01 -2.907926875000000000e+02 1.667468959999999900e+02
1.532348288138998600e-02 6.163584999999999400e+02 2.574722800000000100e+02 9.200170624999999500e+02 8.652060000000000200e+01 -3.036585625000000200e+02 1.709516800000000100e+02
1.638348547966925900e-02 6.163597187499999600e+02 2.684438079999999900e+02 9.475116874999999900e+02 8.916521600000000100e+01 -3.311519687499999800e+02 1.792785920000000000e+02
1.876849103468824000e-02 6.163584062499999200e+02 2.868179440000000100e+02 1.008224312500000000e+03 9.476728799999999400e+01 -3.918659062500000200e+02 1.920506560000000000e+02
2.011005695049579400e-02 6.163582812499998900e+02 2.941889360000000100e+02 1.038552062499999900e+03 9.740101599999999800e+01 -4.221937812499999700e+02 1.967879200000000100e+02
2.086468697758676200e-02 6.163583437499999000e+02 2.976733280000000300e+02 1.054975250000000000e+03 9.868598400000000500e+01 -4.386169062500000000e+02 1.989873440000000100e+02
2.256260453854143000e-02 6.163585937499999500e+02 3.038333840000000200e+02 1.085890500000000000e+03 1.009876240000000000e+02 -4.695319062500000200e+02 2.028457600000000100e+02
2.269392980032933900e-02 6.163452812499999700e+02 3.042409759999999900e+02 1.088274625000000000e+03 1.011535520000000000e+02 -4.719293437499999900e+02 2.030874240000000000e+02
2.271239545027997300e-02 6.163517500000000400e+02 3.042986399999999800e+02 1.088615250000000100e+03 1.011771040000000000e+02 -4.722635000000000200e+02 2.031215359999999900e+02
2.273128262660733400e-02 6.163575312500000800e+02 3.043568080000000000e+02 1.088956875000000100e+03 1.012005520000000000e+02 -4.725993437500000000e+02 2.031562560000000100e+02
2.274190695440085300e-02 6.163651250000000300e+02 3.043887439999999700e+02 1.089143250000000100e+03 1.012133680000000000e+02 -4.727781249999999900e+02 2.031753760000000000e+02
2.274788284767532600e-02 6.163800625000000100e+02 3.044063760000000200e+02 1.089248875000000000e+03 1.012207920000000000e+02 -4.728688124999999900e+02 2.031855840000000100e+02
2.275124574318910400e-02 6.163961875000000000e+02 3.044159919999999600e+02 1.089308749999999900e+03 1.012251440000000000e+02 -4.729125624999999800e+02 2.031908479999999900e+02
2.275540511395613900e-02 6.165902187500000800e+02 3.044126320000000300e+02 1.089489125000000100e+03 1.012214160000000000e+02 -4.728989062499999800e+02 2.031912160000000000e+02
2.275774563334073000e-02 6.171980625000001100e+02 3.043586880000000300e+02 1.089872875000000000e+03 1.011930880000000000e+02 -4.726748124999999700e+02 2.031656000000000100e+02
2.276013738797552600e-02 6.188068125000000900e+02 3.041813440000000200e+02 1.090836250000000100e+03 1.010946240000000000e+02 -4.720294374999999700e+02 2.030867200000000100e+02
2.276148347773103800e-02 6.202899375000000600e+02 3.040011040000000000e+02 1.091718000000000100e+03 1.009898080000000000e+02 -4.714280625000000100e+02 2.030112959999999900e+02
2.276314862336285800e-02 6.230446250000001100e+02 3.036479840000000100e+02 1.093429000000000100e+03 1.007718720000000000e+02 -4.703843749999999800e+02 2.028761120000000100e+02
2.276485335986984000e-02 6.269060312499998400e+02 3.031461439999999900e+02 1.095971624999999900e+03 1.004497760000000000e+02 -4.690655937500000100e+02 2.026963680000000100e+02
2.276792048825740400e-02 6.363630624999999600e+02 3.018640639999999800e+02 1.102691624999999900e+03 9.960172799999999400e+01 -4.663285624999999800e+02 2.022623360000000000e+02
2.277175381652310500e-02 6.455985000000000600e+02 2.998528799999999700e+02 1.110042500000000000e+03 9.817270399999999600e+01 -4.644440000000000200e+02 2.016801759999999900e+02
2.278037764068343100e-02 6.308642812499999800e+02 2.974825920000000100e+02 1.099948249999999900e+03 9.634735999999999500e+01 -4.690839687500000000e+02 2.011352320000000000e+02
2.279978415613791900e-02 6.141611250000000800e+02 2.982734560000000100e+02 1.088877250000000000e+03 9.675361599999999400e+01 -4.747161249999999800e+02 2.015198399999999900e+02
2.284344823369176600e-02 6.089849062500001100e+02 2.999954319999999900e+02 1.087861000000000100e+03 9.782040800000000000e+01 -4.788760937500000000e+02 2.021750240000000100e+02
2.294168949709415900e-02 6.167685000000000200e+02 3.017607360000000100e+02 1.096133000000000000e+03 9.913169600000000500e+01 -4.793645000000000200e+02 2.026290400000000000e+02
2.316273699749957200e-02 6.163502187500000700e+02 3.024222800000000000e+02 1.098053500000000000e+03 9.963208799999999600e+01 -4.817032812499999700e+02 2.027901919999999900e+02
2.366008921566172700e-02 6.163597187499999600e+02 3.050310400000000200e+02 1.101838874999999900e+03 1.015678560000000100e+02 -4.854791562500000200e+02 2.034631840000000100e+02
2.477913461762033500e-02 6.163650937500001400e+02 3.084786880000000300e+02 1.117373125000000100e+03 1.033131520000000000e+02 -5.010080312499999900e+02 2.051655360000000000e+02
2.561841692243303800e-02 6.163573749999999300e+02 3.102715600000000200e+02 1.128323374999999900e+03 1.040650960000000000e+02 -5.119660000000000100e+02 2.062064640000000100e+02
2.624787923326131500e-02 6.163571875000000100e+02 3.115058480000000100e+02 1.135845125000000100e+03 1.045697040000000000e+02 -5.194879375000000400e+02 2.069361440000000100e+02
2.766417059706244300e-02 6.163561874999999200e+02 3.139079520000000200e+02 1.152227374999999900e+03 1.056178240000000000e+02 -5.358711875000000200e+02 2.082901280000000100e+02
2.777371156201112100e-02 6.163464374999999800e+02 3.140700080000000300e+02 1.153506750000000000e+03 1.056979920000000000e+02 -5.371603125000000300e+02 2.083720160000000000e+02
2.783532893701350800e-02 6.163556874999999300e+02 3.141607680000000200e+02 1.154227249999999900e+03 1.057437440000000100e+02 -5.378715624999999800e+02 2.084170240000000000e+02
2.786998725490547100e-02 6.163573125000001500e+02 3.142109040000000300e+02 1.154622125000000100e+03 1.057695760000000000e+02 -5.382648124999999500e+02 2.084413280000000000e+02
2.788948459648533200e-02 6.163575000000000700e+02 3.142381920000000300e+02 1.154832875000000100e+03 1.057846400000000000e+02 -5.384753749999999900e+02 2.084535520000000000e+02
2.789446838900574600e-02 6.163584375000000400e+02 3.142444160000000000e+02 1.154881000000000100e+03 1.057886560000000000e+02 -5.385225625000000500e+02 2.084557600000000000e+02
2.790063757890601600e-02 6.168481249999999800e+02 3.141720639999999800e+02 1.155235500000000000e+03 1.057438240000000000e+02 -5.383873750000000200e+02 2.084282399999999900e+02
2.790221422728746800e-02 6.173123124999999600e+02 3.141109920000000100e+02 1.155549000000000000e+03 1.057056480000000000e+02 -5.382366875000000200e+02 2.084053440000000100e+02
2.790576343280201000e-02 6.212185625000000800e+02 3.135626639999999800e+02 1.158609875000000100e+03 1.052957840000000000e+02 -5.373913125000000300e+02 2.082668799999999900e+02
2.791374681633470800e-02 6.184733124999999100e+02 3.134263520000000100e+02 1.156925999999999900e+03 1.051433119999999900e+02 -5.384526875000000200e+02 2.082830400000000000e+02
2.793171408703330400e-02 6.166101250000000400e+02 3.136006160000000000e+02 1.155868250000000000e+03 1.052706160000000000e+02 -5.392581249999999500e+02 2.083300000000000100e+02
2.797213637057387200e-02 6.155209374999999500e+02 3.137199600000000100e+02 1.155794374999999900e+03 1.053402960000000000e+02 -5.402734375000000000e+02 2.083796639999999900e+02
2.802215827690376200e-02 6.157699999999999800e+02 3.139147120000000100e+02 1.156464250000000000e+03 1.054866320000000000e+02 -5.406942500000000100e+02 2.084280799999999900e+02
2.805029574476901300e-02 6.166631249999999200e+02 3.138962080000000000e+02 1.157432499999999900e+03 1.054630720000000000e+02 -5.407693749999999700e+02 2.084331359999999900e+02
2.807907365326188500e-02 6.171824374999999900e+02 3.136428399999999800e+02 1.158246625000000000e+03 1.052644399999999900e+02 -5.410641875000000000e+02 2.083784000000000000e+02
2.814382103627709200e-02 6.159050624999999900e+02 3.139033039999999900e+02 1.158107125000000000e+03 1.054478640000000000e+02 -5.422020625000000100e+02 2.084554400000000100e+02
2.828950614137382100e-02 6.164131250000000400e+02 3.141338319999999800e+02 1.159655250000000000e+03 1.056124240000000000e+02 -5.432421249999999900e+02 2.085214080000000100e+02
2.846978901361225600e-02 6.163648124999999700e+02 3.144653440000000200e+02 1.160736249999999900e+03 1.058739040000000000e+02 -5.443714374999999600e+02 2.085914400000000100e+02
2.856197985973987100e-02 6.164051249999998800e+02 3.144222399999999900e+02 1.161784124999999900e+03 1.057885600000000000e+02 -5.453790000000000200e+02 2.086336800000000000e+02
2.860807528280368000e-02 6.164561250000000400e+02 3.143202240000000000e+02 1.162587125000000000e+03 1.056487200000000000e+02 -5.461309999999999700e+02 2.086715040000000000e+02
2.871179173135349900e-02 6.162326875000000000e+02 3.145690480000000100e+02 1.162895000000000000e+03 1.058444240000000000e+02 -5.466623124999999800e+02 2.087246240000000100e+02
2.884013836200420900e-02 6.168740000000001400e+02 3.145388320000000100e+02 1.164525000000000100e+03 1.057654880000000000e+02 -5.476509999999999500e+02 2.087733440000000100e+02
2.884464939289768700e-02 6.171601249999999900e+02 3.144909519999999900e+02 1.164883750000000000e+03 1.057141680000000000e+02 -5.477236249999999700e+02 2.087767839999999900e+02
2.884926522316659500e-02 6.185998750000001100e+02 3.142929360000000000e+02 1.166323000000000100e+03 1.055186640000000000e+02 -5.477231249999999800e+02 2.087742720000000000e+02
2.885964734795911900e-02 6.193499375000001200e+02 3.138201199999999700e+02 1.167482500000000100e+03 1.050446000000000000e+02 -5.481325624999999500e+02 2.087755200000000000e+02
2.888301062205481100e-02 6.165133124999999800e+02 3.139163360000000000e+02 1.165820375000000000e+03 1.050869280000000000e+02 -5.493070625000000300e+02 2.088294080000000000e+02
2.893557565989511900e-02 6.151109999999998800e+02 3.141000000000000200e+02 1.165528499999999900e+03 1.052153600000000000e+02 -5.504175000000000200e+02 2.088846399999999900e+02
2.905384524837955100e-02 6.163842499999999500e+02 3.144555920000000200e+02 1.167407125000000000e+03 1.054690480000000000e+02 -5.510228750000000000e+02 2.089865440000000100e+02
2.931995648021954200e-02 6.163902500000000400e+02 3.147806239999999900e+02 1.169237750000000000e+03 1.056486080000000000e+02 -5.528474999999999700e+02 2.091320159999999900e+02
2.940228454068175700e-02 6.164573124999999400e+02 3.148448880000000300e+02 1.170038624999999900e+03 1.056652720000000000e+02 -5.535813124999999700e+02 2.091796160000000100e+02
2.944859189137143500e-02 6.165628750000000800e+02 3.148349359999999700e+02 1.170765875000000100e+03 1.056178640000000000e+02 -5.542029999999999700e+02 2.092170720000000000e+02
2.947464268722813800e-02 6.165363750000000200e+02 3.148198400000000000e+02 1.171165375000000000e+03 1.055789600000000000e+02 -5.546290000000000200e+02 2.092408800000000000e+02
2.948130094088041000e-02 6.164986875000000700e+02 3.148186480000000000e+02 1.171237875000000000e+03 1.055717839999999900e+02 -5.547391874999999600e+02 2.092468639999999900e+02
2.949628725156679500e-02 6.194163750000000200e+02 3.141916479999999900e+02 1.172217875000000000e+03 1.052425760000000000e+02 -5.528015000000000300e+02 2.089490720000000000e+02
2.953000470395490000e-02 6.158854375000000800e+02 3.142604400000000200e+02 1.170816000000000000e+03 1.051391120000000000e+02 -5.549305624999999500e+02 2.091213280000000100e+02
2.954897106203258800e-02 6.152616874999999900e+02 3.143468719999999600e+02 1.170885250000000000e+03 1.051471440000000000e+02 -5.556235625000000500e+02 2.091997279999999900e+02
2.959164536770738200e-02 6.155496249999999900e+02 3.144630240000000200e+02 1.171525374999999900e+03 1.052028320000000000e+02 -5.559757499999999500e+02 2.092601919999999900e+02
2.964445260854867800e-02 6.163979999999999100e+02 3.146585120000000300e+02 1.172452874999999900e+03 1.053427520000000000e+02 -5.560548750000000400e+02 2.093157600000000100e+02
2.965795542585398700e-02 6.167623125000001200e+02 3.146519600000000300e+02 1.172817375000000100e+03 1.053304880000000000e+02 -5.560550624999999600e+02 2.093214720000000000e+02
2.966554988726009500e-02 6.175101250000000200e+02 3.145373759999999900e+02 1.173277000000000000e+03 1.052595520000000000e+02 -5.557668750000000300e+02 2.092778240000000100e+02
2.968263917208009000e-02 6.176526875000000700e+02 3.142531839999999800e+02 1.173244500000000000e+03 1.050623040000000000e+02 -5.555918124999999500e+02 2.091908799999999900e+02
2.972108889848758300e-02 6.161729374999999900e+02 3.143524879999999900e+02 1.172789250000000000e+03 1.050632399999999900e+02 -5.566163125000000500e+02 2.092892479999999900e+02
2.974271716070117300e-02 6.158434999999999500e+02 3.143220000000000000e+02 1.172699249999999900e+03 1.050199839999999900e+02 -5.568557499999999400e+02 2.093020160000000100e+02
2.979138133290050100e-02 6.158249375000000300e+02 3.144361839999999700e+02 1.172875000000000000e+03 1.050986319999999900e+02 -5.570500624999999700e+02 2.093375519999999900e+02
2.990087106259897000e-02 6.164334999999999800e+02 3.146556560000000200e+02 1.173621625000000000e+03 1.052596240000000000e+02 -5.571881250000000100e+02 2.093960319999999900e+02
3.014722877660805400e-02 6.163823750000000200e+02 3.150511199999999700e+02 1.174092500000000000e+03 1.055603519999999900e+02 -5.577101249999999500e+02 2.094907680000000000e+02
3.028580382630065300e-02 6.163618749999999400e+02 3.152814960000000000e+02 1.174611124999999900e+03 1.057439440000000000e+02 -5.582492499999999600e+02 2.095375520000000100e+02
3.045729053762806500e-02 6.163608124999999500e+02 3.154948080000000300e+02 1.175421750000000000e+03 1.059104399999999900e+02 -5.590609375000000200e+02 2.095843680000000100e+02
3.063267578572144100e-02 6.163778750000000200e+02 3.156434719999999700e+02 1.176033625000000000e+03 1.060133600000000100e+02 -5.596557500000000100e+02 2.096301120000000000e+02
3.102728968283777900e-02 6.163581249999998600e+02 3.161020560000000000e+02 1.177686999999999900e+03 1.063733359999999900e+02 -5.613288750000000400e+02 2.097287200000000100e+02
3.191517328022455000e-02 6.163578749999999200e+02 3.169704719999999700e+02 1.181441624999999900e+03 1.070128080000000100e+02 -5.650837500000000100e+02 2.099576639999999900e+02
3.241460751264523000e-02 6.163601874999999400e+02 3.173876880000000300e+02 1.183257374999999900e+03 1.072912720000000100e+02 -5.668971874999999700e+02 2.100964160000000000e+02
3.303265833592677200e-02 6.163561250000001300e+02 3.179161199999999800e+02 1.185847625000000100e+03 1.076421520000000000e+02 -5.694914999999999700e+02 2.102739680000000000e+02
3.338031046847575500e-02 6.163569375000000700e+02 3.181927279999999900e+02 1.187357250000000000e+03 1.078097040000000000e+02 -5.710003124999999500e+02 2.103830240000000100e+02
3.373586680280710900e-02 6.163578749999999200e+02 3.184604560000000200e+02 1.188922624999999900e+03 1.079598000000000000e+02 -5.725647500000000000e+02 2.105006559999999900e+02
3.378586542038690400e-02 6.163511250000001400e+02 3.184929839999999800e+02 1.189131125000000100e+03 1.079762159999999900e+02 -5.727799999999999700e+02 2.105167680000000100e+02
3.381399124387711500e-02 6.163531875000001000e+02 3.185046720000000300e+02 1.189233750000000100e+03 1.079794239999999900e+02 -5.728805625000000000e+02 2.105252480000000000e+02
3.384879628089467600e-02 6.164467499999999500e+02 3.184702239999999700e+02 1.189415000000000000e+03 1.079405120000000000e+02 -5.729682500000000100e+02 2.105297119999999900e+02
3.388439080654046700e-02 6.168074374999998800e+02 3.182380640000000100e+02 1.190029749999999900e+03 1.077273600000000000e+02 -5.732223125000000400e+02 2.105107040000000000e+02
3.396448081811851600e-02 6.160706874999999600e+02 3.184114480000000100e+02 1.189598874999999900e+03 1.078578640000000100e+02 -5.735281874999999400e+02 2.105535840000000000e+02
3.414468450860663100e-02 6.163987499999999500e+02 3.186379999999999800e+02 1.190456500000000000e+03 1.080067360000000000e+02 -5.740577500000000600e+02 2.106312639999999900e+02
3.436768360627003700e-02 6.163613750000000700e+02 3.188029920000000200e+02 1.191366500000000100e+03 1.080953760000000000e+02 -5.750051250000000200e+02 2.107076160000000000e+02
3.442470145312857800e-02 6.163596874999999500e+02 3.188405199999999700e+02 1.191617125000000000e+03 1.081138000000000000e+02 -5.752574375000000400e+02 2.107267200000000000e+02
3.455298986190404700e-02 6.163582500000001100e+02 3.189183280000000300e+02 1.192166625000000100e+03 1.081447600000000100e+02 -5.758083749999999600e+02 2.107735680000000100e+02
3.462515238294963000e-02 6.163561250000000200e+02 3.189720240000000300e+02 1.192540125000000000e+03 1.081697360000000000e+02 -5.761839999999999700e+02 2.108022880000000000e+02
3.478751921973968100e-02 6.163493749999999000e+02 3.190515839999999900e+02 1.193223874999999900e+03 1.081887840000000000e+02 -5.768745000000000100e+02 2.108627999999999900e+02
3.515284052698604300e-02 6.163583124999999000e+02 3.193090960000000100e+02 1.195271874999999900e+03 1.082955920000000000e+02 -5.789135625000000100e+02 2.110135040000000100e+02
3.535833580007774500e-02 6.163606874999999300e+02 3.194430480000000300e+02 1.196434999999999900e+03 1.083456560000000100e+02 -5.800743125000000200e+02 2.110973920000000100e+02
3.582069667122157700e-02 6.163524374999999500e+02 3.197156479999999900e+02 1.198798875000000000e+03 1.084337759999999900e+02 -5.824464375000000000e+02 2.112818719999999900e+02
3.686100979573269500e-02 6.163574375000000600e+02 3.203328240000000200e+02 1.204355125000000000e+03 1.086594960000000000e+02 -5.879976874999999800e+02 2.116733280000000000e+02
3.920171549032023400e-02 6.163578750000001500e+02 3.213258720000000000e+02 1.217484875000000100e+03 1.090435840000000000e+02 -6.011269999999999500e+02 2.122822879999999900e+02
3.990392254094647000e-02 6.163575000000000700e+02 3.215275120000000000e+02 1.220698750000000000e+03 1.091034960000000100e+02 -6.043412499999999500e+02 2.124240159999999900e+02
4.047995580130590200e-02 6.163541250000000700e+02 3.216721760000000400e+02 1.223177625000000000e+03 1.091375199999999900e+02 -6.068234999999999700e+02 2.125346560000000100e+02
4.058179284772302200e-02 6.163561250000000200e+02 3.216964560000000100e+02 1.223606250000000000e+03 1.091424560000000000e+02 -6.072501250000000300e+02 2.125540000000000000e+02
4.063907385745764400e-02 6.163573125000001500e+02 3.217096880000000300e+02 1.223844250000000100e+03 1.091447920000000000e+02 -6.074869374999999500e+02 2.125648960000000000e+02
4.067129617208963000e-02 6.163560625000001200e+02 3.217165039999999900e+02 1.223973750000000100e+03 1.091454800000000100e+02 -6.076176874999999900e+02 2.125710239999999900e+02
4.070424975347460700e-02 6.163403749999999900e+02 3.217150080000000100e+02 1.224062625000000000e+03 1.091391359999999900e+02 -6.077222500000000300e+02 2.125758720000000000e+02
4.072278294080052000e-02 6.164655000000000200e+02 3.216843600000000300e+02 1.224207750000000000e+03 1.091110000000000000e+02 -6.077422500000000100e+02 2.125733600000000100e+02
4.076448843447134900e-02 6.168716874999998900e+02 3.214232720000000000e+02 1.224871374999999900e+03 1.088687440000000100e+02 -6.079996875000000500e+02 2.125545280000000000e+02
4.081454061617635600e-02 6.159608124999999700e+02 3.213559280000000100e+02 1.224274500000000000e+03 1.088055119999999900e+02 -6.083136875000000100e+02 2.125504160000000100e+02
4.090838030581073200e-02 6.162610624999999800e+02 3.213889679999999800e+02 1.224575750000000000e+03 1.088329360000000000e+02 -6.083146874999999900e+02 2.125560319999999900e+02
4.111951611417553900e-02 6.163705625000000100e+02 3.215267200000000100e+02 1.224956375000000000e+03 1.089233280000000000e+02 -6.085858124999999700e+02 2.126033920000000100e+02
4.159458332737141900e-02 6.163699375000001100e+02 3.216969199999999800e+02 1.226594000000000100e+03 1.089835439999999900e+02 -6.102240624999999500e+02 2.127133760000000100e+02
4.218247056152939900e-02 6.163546250000000600e+02 3.218456400000000000e+02 1.228778125000000000e+03 1.090142800000000000e+02 -6.124234999999999900e+02 2.128313599999999900e+02
4.251316149738391300e-02 6.163563124999999400e+02 3.219217119999999600e+02 1.230073124999999900e+03 1.090319040000000000e+02 -6.137168124999999500e+02 2.128898079999999900e+02
4.269917340214581700e-02 6.163540000000000400e+02 3.219554160000000100e+02 1.230772750000000100e+03 1.090344240000000000e+02 -6.144187500000000500e+02 2.129209920000000100e+02
4.280380509857438500e-02 6.163516250000000100e+02 3.219484479999999800e+02 1.231110750000000100e+03 1.090164800000000000e+02 -6.147591250000000400e+02 2.129319680000000100e+02
4.286266042781546000e-02 6.163613749999999500e+02 3.219416880000000000e+02 1.231316750000000000e+03 1.090038160000000000e+02 -6.149553750000000000e+02 2.129378720000000000e+02
4.292285253131200600e-02 6.165411874999998600e+02 3.218003200000000000e+02 1.231806374999999900e+03 1.088735680000000100e+02 -6.152651875000000200e+02 2.129267519999999900e+02
4.305829058636676000e-02 6.163039375000000700e+02 3.218570479999999600e+02 1.231992375000000000e+03 1.089127120000000000e+02 -6.156884374999999600e+02 2.129443359999999900e+02
4.336301456586490900e-02 6.163679375000000400e+02 3.219264240000000000e+02 1.233058500000000100e+03 1.089348399999999900e+02 -6.166905625000000600e+02 2.129915839999999900e+02
4.374011532290951500e-02 6.163588750000001300e+02 3.220177280000000300e+02 1.234448000000000100e+03 1.089626240000000100e+02 -6.180891249999999700e+02 2.130551040000000000e+02
4.383653540605445000e-02 6.163413124999999600e+02 3.220255359999999900e+02 1.234772250000000000e+03 1.089576000000000000e+02 -6.184309375000000300e+02 2.130679360000000000e+02
4.389077024727659800e-02 6.165375000000000200e+02 3.219431040000000100e+02 1.235224500000000000e+03 1.088818720000000000e+02 -6.186870000000000100e+02 2.130612319999999900e+02
4.401279864002642600e-02 6.163109374999999100e+02 3.220001439999999800e+02 1.235404874999999900e+03 1.089195680000000000e+02 -6.190939375000000400e+02 2.130805760000000100e+02
4.428736368815104600e-02 6.163683125000001200e+02 3.220752080000000300e+02 1.236455750000000100e+03 1.089527120000000100e+02 -6.200874374999999600e+02 2.131224960000000100e+02
4.490513504643143400e-02 6.163579374999999300e+02 3.222201200000000100e+02 1.238789000000000000e+03 1.090112879999999900e+02 -6.224310625000000500e+02 2.132088320000000000e+02
4.566962553031278500e-02 6.163573125000000300e+02 3.223859439999999900e+02 1.241580250000000000e+03 1.090786959999999900e+02 -6.252229374999999400e+02 2.133072479999999900e+02
4.586509266761342600e-02 6.163575000000000700e+02 3.224278560000000200e+02 1.242270250000000000e+03 1.090949440000000000e+02 -6.259127499999999600e+02 2.133329119999999900e+02
4.589257805047600200e-02 6.163578125000000200e+02 3.224323279999999800e+02 1.242357500000000100e+03 1.090957839999999900e+02 -6.259996875000000500e+02 2.133365440000000000e+02
4.590804178053934500e-02 6.163581874999999900e+02 3.224334639999999600e+02 1.242395874999999900e+03 1.090948080000000000e+02 -6.260376874999999500e+02 2.133386559999999900e+02
4.591673779982495500e-02 6.163599375000000000e+02 3.224330880000000000e+02 1.242410875000000000e+03 1.090932799999999900e+02 -6.260509375000000300e+02 2.133398080000000000e+02
4.592750186011904800e-02 6.164577500000000300e+02 3.224220000000000300e+02 1.242469875000000000e+03 1.090825920000000100e+02 -6.260121249999999700e+02 2.133394079999999900e+02
4.593024993263030600e-02 6.165636249999998900e+02 3.224097520000000300e+02 1.242517499999999900e+03 1.090757040000000000e+02 -6.259538750000000400e+02 2.133340480000000000e+02
4.593180096338665700e-02 6.166473125000001100e+02 3.223994960000000000e+02 1.242551750000000100e+03 1.090705520000000100e+02 -6.259044374999999700e+02 2.133289440000000100e+02
4.593528030265090600e-02 6.172262499999999400e+02 3.223270959999999800e+02 1.242727249999999900e+03 1.090453200000000000e+02 -6.255009999999999800e+02 2.132817760000000100e+02
4.593724121540894400e-02 6.178489374999999200e+02 3.222493359999999700e+02 1.242929500000000000e+03 1.090182320000000000e+02 -6.250805625000000400e+02 2.132311039999999900e+02
4.594164744692699100e-02 6.192486249999999500e+02 3.220036880000000100e+02 1.243456250000000000e+03 1.088945200000000000e+02 -6.242076250000000100e+02 2.131091680000000100e+02
4.595156845446762800e-02 6.195074375000000400e+02 3.214720079999999600e+02 1.242788375000000100e+03 1.085845200000000000e+02 -6.232809375000000500e+02 2.128874879999999900e+02
4.597388373480902600e-02 6.177615624999999700e+02 3.212244319999999800e+02 1.241082375000000000e+03 1.084097759999999900e+02 -6.233208124999999900e+02 2.128146560000000100e+02
4.602408962226467400e-02 6.147435624999999400e+02 3.214301040000000300e+02 1.239592249999999900e+03 1.084105840000000000e+02 -6.248486874999999800e+02 2.130195200000000000e+02
4.613706334897741500e-02 6.164579374999999600e+02 3.215100479999999800e+02 1.241015625000000000e+03 1.083684160000000000e+02 -6.245576875000000400e+02 2.131416319999999900e+02
4.639124608301854100e-02 6.164152500000001300e+02 3.216402320000000300e+02 1.241014875000000100e+03 1.083582320000000000e+02 -6.245996249999999500e+02 2.132820000000000100e+02
4.653422503535419000e-02 6.163403124999999800e+02 3.218234640000000000e+02 1.240904125000000000e+03 1.084919759999999900e+02 -6.245638125000000400e+02 2.133314880000000100e+02
4.671115898532890400e-02 6.162877500000000700e+02 3.218558959999999700e+02 1.240809625000000100e+03 1.084718960000000000e+02 -6.245218750000000200e+02 2.133839999999999900e+02
4.689211723132011300e-02 6.163729999999999300e+02 3.220078399999999900e+02 1.241406874999999900e+03 1.085618240000000000e+02 -6.250338749999999700e+02 2.134460159999999900e+02
4.699390304248702400e-02 6.163769375000000500e+02 3.220651599999999900e+02 1.241759375000000100e+03 1.085914320000000000e+02 -6.253824375000000400e+02 2.134737279999999900e+02
4.705116076347155800e-02 6.163814375000000600e+02 3.220848560000000000e+02 1.241908750000000100e+03 1.085964240000000000e+02 -6.255273124999999900e+02 2.134884319999999900e+02
4.708336910485348000e-02 6.165990624999999500e+02 3.220486640000000300e+02 1.241984999999999900e+03 1.085581200000000000e+02 -6.253859374999999500e+02 2.134905440000000000e+02
4.715582972190028600e-02 6.162711249999999800e+02 3.220800719999999700e+02 1.241894125000000000e+03 1.085675440000000000e+02 -6.256230000000000500e+02 2.135125280000000000e+02
4.731887426131811700e-02 6.163656874999999200e+02 3.221693280000000100e+02 1.242593499999999900e+03 1.086178879999999900e+02 -6.262278125000000300e+02 2.135514400000000100e+02
4.768572796832074700e-02 6.163601875000000500e+02 3.223172960000000000e+02 1.244076250000000100e+03 1.087012320000000000e+02 -6.277160625000000200e+02 2.136160639999999900e+02
4.789208026741596100e-02 6.163578749999999200e+02 3.223780000000000400e+02 1.244824374999999900e+03 1.087305920000000000e+02 -6.284665000000000000e+02 2.136474080000000100e+02
4.800815605564140400e-02 6.163566250000000100e+02 3.223956959999999900e+02 1.245126125000000000e+03 1.087299520000000000e+02 -6.287694999999999900e+02 2.136657439999999900e+02
4.826932075696114400e-02 6.163503124999999700e+02 3.224472720000000000e+02 1.245805625000000000e+03 1.087345040000000000e+02 -6.294553124999999900e+02 2.137127680000000100e+02
4.885694715711805900e-02 6.163583125000000100e+02 3.226253840000000000e+02 1.248098125000000000e+03 1.088388560000000100e+02 -6.317398124999999700e+02 2.137865280000000000e+02
4.958413372109661500e-02 6.163569375000000700e+02 3.228133520000000100e+02 1.250674625000000100e+03 1.089414160000000000e+02 -6.343176875000000300e+02 2.138719360000000100e+02
4.999317732777205900e-02 6.163578749999999200e+02 3.229098240000000100e+02 1.252038624999999900e+03 1.089919040000000100e+02 -6.356807499999999900e+02 2.139179200000000100e+02
5.022326086321447800e-02 6.163574375000000600e+02 3.229622080000000300e+02 1.252787375000000100e+03 1.090201600000000000e+02 -6.364299375000000500e+02 2.139420480000000000e+02
5.035268576299460600e-02 6.163570000000000800e+02 3.229899600000000000e+02 1.253195500000000000e+03 1.090343440000000000e+02 -6.368384999999999500e+02 2.139556159999999900e+02
5.038577441913013500e-02 6.163538750000001300e+02 3.229953199999999900e+02 1.253286250000000100e+03 1.090360560000000000e+02 -6.369323749999999800e+02 2.139592639999999900e+02
5.046023321093511700e-02 6.168656874999999200e+02 3.226015600000000100e+02 1.253463000000000000e+03 1.087170800000000000e+02 -6.365973125000000400e+02 2.138844800000000000e+02
5.062775384812127900e-02 6.162454375000000900e+02 3.228272799999999700e+02 1.253023750000000100e+03 1.088601599999999900e+02 -6.367783124999999700e+02 2.139671199999999900e+02
5.083506564372043700e-02 6.164108749999999200e+02 3.229337600000000100e+02 1.253686124999999900e+03 1.089269440000000100e+02 -6.372752500000000300e+02 2.140068159999999900e+02
5.095168173094808500e-02 6.163672499999999000e+02 3.229726640000000100e+02 1.254027499999999900e+03 1.089482480000000100e+02 -6.376602500000000200e+02 2.140244160000000000e+02
5.107094342018658800e-02 6.163545624999999300e+02 3.230008719999999600e+02 1.254364750000000000e+03 1.089603760000000000e+02 -6.380101875000000300e+02 2.140404959999999900e+02
5.113802899371137200e-02 6.163588125000001100e+02 3.230067760000000000e+02 1.254508250000000100e+03 1.089580880000000000e+02 -6.381494374999999800e+02 2.140486880000000000e+02
5.117576608436594200e-02 6.163598124999999800e+02 3.230196080000000100e+02 1.254645000000000000e+03 1.089662160000000000e+02 -6.382851875000000100e+02 2.140533920000000000e+02
5.118107126163767100e-02 6.163647499999999600e+02 3.230222239999999900e+02 1.254671875000000000e+03 1.089681279999999900e+02 -6.383071250000000400e+02 2.140540959999999900e+02
5.118763868916457300e-02 6.164106249999999800e+02 3.230294319999999900e+02 1.254741874999999900e+03 1.089739120000000000e+02 -6.383312499999999500e+02 2.140555200000000000e+02
5.119435516469208300e-02 6.164931874999999800e+02 3.230409119999999900e+02 1.254846125000000000e+03 1.089832160000000000e+02 -6.383529375000000500e+02 2.140576959999999900e+02
5.120946490575396800e-02 6.164703749999999900e+02 3.230462880000000000e+02 1.254886375000000000e+03 1.089865920000000000e+02 -6.384160000000000500e+02 2.140596960000000000e+02
5.124346648089323600e-02 6.163256250000000600e+02 3.230408640000000000e+02 1.254873000000000000e+03 1.089806399999999900e+02 -6.385473749999999900e+02 2.140602240000000100e+02
5.131996536720658000e-02 6.163219374999998800e+02 3.230641200000000000e+02 1.255153624999999900e+03 1.089958160000000000e+02 -6.388316875000000400e+02 2.140683040000000100e+02
5.149209251916162000e-02 6.163642499999998600e+02 3.231131520000000100e+02 1.255798624999999900e+03 1.090284960000000000e+02 -6.394343750000000500e+02 2.140846560000000000e+02
5.170510074303409600e-02 6.163571874999999000e+02 3.231708879999999900e+02 1.256547499999999900e+03 1.090667280000000000e+02 -6.401903125000000000e+02 2.141041600000000100e+02
5.182491670452486100e-02 6.163568750000000600e+02 3.232018560000000200e+02 1.256961375000000100e+03 1.090865920000000000e+02 -6.406045000000000300e+02 2.141152640000000000e+02
5.184176378634387100e-02 6.163567499999999200e+02 3.232061439999999900e+02 1.257018499999999900e+03 1.090892800000000000e+02 -6.406617499999999800e+02 2.141168639999999900e+02
5.185899746141445200e-02 6.163636250000000700e+02 3.232111760000000200e+02 1.257079750000000100e+03 1.090924080000000100e+02 -6.407161250000000300e+02 2.141187679999999900e+02
5.186432592743628300e-02 6.163708124999999400e+02 3.232132239999999700e+02 1.257101375000000000e+03 1.090937040000000000e+02 -6.407305625000000200e+02 2.141195199999999900e+02
5.186978015270862100e-02 6.173767499999999000e+02 3.231378560000000000e+02 1.257269624999999900e+03 1.091002880000000100e+02 -6.398928750000000000e+02 2.140375679999999900e+02
5.188204866625887500e-02 6.187888749999999600e+02 3.228343439999999900e+02 1.257554750000000000e+03 1.089810160000000000e+02 -6.387658750000000500e+02 2.138533280000000000e+02
5.190965049287193200e-02 6.162219375000000800e+02 3.229402480000000000e+02 1.256285000000000100e+03 1.089803120000000000e+02 -6.400630625000000000e+02 2.139599360000000000e+02
5.197175693162631900e-02 6.155924374999999600e+02 3.231470880000000000e+02 1.256216249999999900e+03 1.090256000000000000e+02 -6.406238124999999900e+02 2.141214880000000000e+02
5.211149408994868900e-02 6.164709375000001000e+02 3.232265439999999900e+02 1.257347375000000100e+03 1.090816480000000000e+02 -6.408764374999999500e+02 2.141448959999999900e+02
5.228441771715697900e-02 6.163642500000000800e+02 3.232666080000000200e+02 1.257865500000000100e+03 1.091051040000000000e+02 -6.415012500000000300e+02 2.141615040000000100e+02
5.246127248538137700e-02 6.163956249999998800e+02 3.232279919999999700e+02 1.257968374999999900e+03 1.090419760000000100e+02 -6.415727500000000400e+02 2.141860160000000000e+02
5.268013550102784000e-02 6.163605625000001300e+02 3.233251280000000100e+02 1.258673500000000100e+03 1.091037520000000000e+02 -6.423129374999999800e+02 2.142213759999999900e+02
5.280323983403207400e-02 6.163655625000000100e+02 3.233613680000000300e+02 1.259110375000000000e+03 1.091276720000000000e+02 -6.427448124999999700e+02 2.142336960000000100e+02
5.292914813254779400e-02 6.163577500000001200e+02 3.233954479999999900e+02 1.259538500000000100e+03 1.091498000000000000e+02 -6.431807499999999900e+02 2.142456479999999900e+02
5.296810089595734000e-02 6.163616875000001300e+02 3.234060160000000200e+02 1.259670125000000100e+03 1.091565120000000100e+02 -6.433084374999999700e+02 2.142495040000000000e+02
5.299001095204708400e-02 6.163700624999999000e+02 3.234123520000000000e+02 1.259742749999999900e+03 1.091603680000000100e+02 -6.433726874999999800e+02 2.142519839999999900e+02
5.301241938738887600e-02 6.165336249999999200e+02 3.234285600000000000e+02 1.259865875000000000e+03 1.091698080000000000e+02 -6.433322500000000400e+02 2.142587519999999900e+02
5.302502325894049900e-02 6.166935624999999800e+02 3.234206560000000100e+02 1.259934000000000000e+03 1.091624480000000000e+02 -6.432404374999999800e+02 2.142582080000000000e+02
5.303211235446952900e-02 6.174315000000000300e+02 3.233301920000000100e+02 1.260134000000000000e+03 1.091354560000000000e+02 -6.427024999999999900e+02 2.141947360000000100e+02
5.304806514828487600e-02 6.174712499999999400e+02 3.231318320000000300e+02 1.259886874999999900e+03 1.090323439999999900e+02 -6.424156249999999800e+02 2.140994880000000100e+02
5.308396242768190900e-02 6.158060624999999400e+02 3.232664720000000200e+02 1.259081250000000000e+03 1.090501359999999900e+02 -6.432751875000000200e+02 2.142163360000000100e+02
5.310414911626459800e-02 6.154981249999999600e+02 3.233056320000000000e+02 1.258786499999999900e+03 1.090636800000000100e+02 -6.432883749999999700e+02 2.142419520000000000e+02
5.312913794511695000e-02 6.156081249999999700e+02 3.233413360000000100e+02 1.258838874999999900e+03 1.090816240000000100e+02 -6.432307499999999400e+02 2.142597120000000100e+02
5.315469036172161500e-02 6.160723124999999500e+02 3.233810560000000000e+02 1.259270874999999900e+03 1.091102880000000000e+02 -6.431985624999999800e+02 2.142707680000000000e+02
5.316906417828049700e-02 6.163938749999998700e+02 3.234034320000000100e+02 1.259549749999999900e+03 1.091275760000000000e+02 -6.431558750000000400e+02 2.142758560000000000e+02
5.317715003231361000e-02 6.166091875000000800e+02 3.234169919999999900e+02 1.259714750000000100e+03 1.091378080000000100e+02 -6.431055625000000200e+02 2.142791839999999900e+02
5.319534320388812800e-02 6.169342500000001300e+02 3.234239279999999900e+02 1.259912375000000100e+03 1.091428080000000000e+02 -6.429781249999999800e+02 2.142811199999999900e+02
5.323627085330576900e-02 6.166723125000000900e+02 3.234035040000000000e+02 1.259781750000000100e+03 1.091255040000000100e+02 -6.431094375000000100e+02 2.142779999999999900e+02
5.332836854443300000e-02 6.162902500000000100e+02 3.234128319999999800e+02 1.259837375000000100e+03 1.091296799999999900e+02 -6.435471250000000500e+02 2.142831520000000000e+02
5.353558718503176300e-02 6.163569999999999700e+02 3.234945520000000000e+02 1.260742125000000000e+03 1.091877520000000000e+02 -6.443851250000000200e+02 2.143068000000000100e+02
5.400182796194149400e-02 6.163579374999999300e+02 3.236187360000000100e+02 1.262428375000000000e+03 1.092740640000000000e+02 -6.460704375000000300e+02 2.143446720000000000e+02
5.426408723451570800e-02 6.163584999999999400e+02 3.236828400000000000e+02 1.263341375000000000e+03 1.093181840000000000e+02 -6.469828750000000400e+02 2.143646560000000000e+02
5.441160749311994800e-02 6.163608749999999600e+02 3.237182960000000100e+02 1.263825624999999900e+03 1.093416880000000000e+02 -6.474647499999999800e+02 2.143766080000000000e+02
5.474352807497949400e-02 6.163524999999999600e+02 3.237902719999999600e+02 1.264825624999999900e+03 1.093875520000000000e+02 -6.484731249999999800e+02 2.144027199999999900e+02
5.549035637078850200e-02 6.163586875000000900e+02 3.239757200000000200e+02 1.267345125000000100e+03 1.095193040000000100e+02 -6.509864374999999700e+02 2.144564159999999900e+02
5.641455178732400500e-02 6.163567499999999200e+02 3.241967280000000100e+02 1.270325374999999900e+03 1.096765999999999900e+02 -6.539686249999999700e+02 2.145201280000000000e+02
5.693441258245335300e-02 6.163581875000001000e+02 3.243245920000000000e+02 1.272054125000000100e+03 1.097705280000000000e+02 -6.556959375000000100e+02 2.145540640000000100e+02
5.706733079474778800e-02 6.163589375000000200e+02 3.243573200000000200e+02 1.272489875000000000e+03 1.097947280000000100e+02 -6.561309374999999600e+02 2.145625920000000000e+02
5.710845406966622700e-02 6.163619375000000700e+02 3.243677520000000000e+02 1.272627375000000000e+03 1.098025520000000100e+02 -6.562654374999999600e+02 2.145652000000000000e+02
5.713158445626097300e-02 6.163653124999999600e+02 3.243738240000000100e+02 1.272706124999999900e+03 1.098071360000000000e+02 -6.563408124999999700e+02 2.145666880000000000e+02
5.715524116860787300e-02 6.163866249999998700e+02 3.243819039999999600e+02 1.272803124999999900e+03 1.098134560000000000e+02 -6.564165000000000400e+02 2.145684479999999900e+02
5.716255849388784300e-02 6.164029374999998900e+02 3.243854079999999800e+02 1.272842124999999900e+03 1.098162880000000000e+02 -6.564391875000000000e+02 2.145691200000000000e+02
5.717004349816850300e-02 6.164422499999999400e+02 3.243913279999999900e+02 1.272902499999999900e+03 1.098211520000000000e+02 -6.564602499999999700e+02 2.145701760000000000e+02
5.717425410418575100e-02 6.164850624999999100e+02 3.243967040000000000e+02 1.272954874999999900e+03 1.098256320000000000e+02 -6.564698124999999900e+02 2.145710719999999900e+02
5.718372796772455000e-02 6.179668125000000600e+02 3.244059520000000100e+02 1.273935750000000100e+03 1.098668000000000000e+02 -6.559689375000000400e+02 2.145391520000000000e+02
5.720504183181185400e-02 6.168723125000000200e+02 3.243809200000000000e+02 1.273386250000000000e+03 1.098400879999999900e+02 -6.565139375000000000e+02 2.145408319999999900e+02
5.725300268375830400e-02 6.158942500000000600e+02 3.243732000000000000e+02 1.272622125000000100e+03 1.098104800000000000e+02 -6.567278750000000400e+02 2.145627200000000100e+02
5.736090877845028600e-02 6.162669374999999300e+02 3.244087680000000100e+02 1.273158124999999900e+03 1.098355200000000000e+02 -6.568911875000000000e+02 2.145732480000000100e+02
5.760370331369477100e-02 6.163718125000000300e+02 3.244775839999999800e+02 1.274108375000000000e+03 1.098885920000000000e+02 -6.577365624999999900e+02 2.145889919999999900e+02
5.814998286693233400e-02 6.163586250000000700e+02 3.246209119999999800e+02 1.276000375000000100e+03 1.099976480000000000e+02 -6.596417500000000000e+02 2.146232640000000100e+02
5.937911651946686100e-02 6.163584999999999400e+02 3.249360320000000100e+02 1.280137874999999900e+03 1.102477120000000100e+02 -6.637793749999999600e+02 2.146883200000000000e+02
6.007050361679879000e-02 6.163582500000000000e+02 3.251160160000000000e+02 1.282383750000000000e+03 1.103892640000000000e+02 -6.660254999999999700e+02 2.147267520000000000e+02
6.045941177014175400e-02 6.163582500000000000e+02 3.252130799999999900e+02 1.283588125000000000e+03 1.104644720000000000e+02 -6.672298749999999900e+02 2.147486079999999900e+02
6.067817231528779800e-02 6.163570624999999800e+02 3.252699279999999900e+02 1.284322249999999900e+03 1.105121200000000000e+02 -6.679651874999999600e+02 2.147578080000000100e+02
6.080122541304182300e-02 6.163571875000001200e+02 3.253016159999999700e+02 1.284737000000000100e+03 1.105390400000000000e+02 -6.683798124999999600e+02 2.147625760000000000e+02
6.092235486003796900e-02 6.163522499999999100e+02 3.253319280000000000e+02 1.285135874999999900e+03 1.105646639999999900e+02 -6.687836250000000300e+02 2.147672640000000100e+02
6.096128899244744600e-02 6.163355000000000200e+02 3.253275519999999700e+02 1.285185125000000000e+03 1.105595359999999900e+02 -6.688496249999999500e+02 2.147680159999999900e+02
6.098318973303715200e-02 6.168322499999999300e+02 3.252040959999999900e+02 1.285599999999999900e+03 1.104529440000000000e+02 -6.687677499999999800e+02 2.147511519999999900e+02
6.101028852264814300e-02 6.167533749999998900e+02 3.250904080000000200e+02 1.285585624999999900e+03 1.103425040000000100e+02 -6.688322500000000400e+02 2.147479040000000100e+02
6.101721925467653400e-02 6.169515000000001200e+02 3.250084319999999700e+02 1.285737125000000100e+03 1.102722880000000000e+02 -6.687856249999999800e+02 2.147361440000000000e+02
6.102579417246165700e-02 6.176985625000000900e+02 3.247632959999999700e+02 1.286239375000000100e+03 1.100750400000000000e+02 -6.685408125000000200e+02 2.146882560000000000e+02
6.103456471574757900e-02 6.171961249999999400e+02 3.247450480000000000e+02 1.285923875000000000e+03 1.100449680000000000e+02 -6.687277500000000100e+02 2.147000800000000100e+02
6.105429960257841700e-02 6.160445624999998700e+02 3.248179999999999800e+02 1.285070874999999900e+03 1.100855200000000000e+02 -6.690263125000000200e+02 2.147324800000000100e+02
6.109869727576026900e-02 6.154928124999999000e+02 3.248230480000000300e+02 1.284519624999999900e+03 1.100893520000000100e+02 -6.690268125000000100e+02 2.147336960000000100e+02
6.119859204041943500e-02 6.163577500000000100e+02 3.249998160000000100e+02 1.285057125000000000e+03 1.102550000000000000e+02 -6.686993750000000300e+02 2.147448159999999900e+02
6.142336574084011200e-02 6.163754999999999900e+02 3.251280799999999500e+02 1.285252375000000000e+03 1.103653439999999900e+02 -6.688768750000000400e+02 2.147627359999999900e+02
6.192909492241158200e-02 6.163664999999999700e+02 3.253367920000000000e+02 1.286697375000000000e+03 1.105273040000000000e+02 -6.703308749999999900e+02 2.148094879999999900e+02
6.221356700482676800e-02 6.163482499999998900e+02 3.254298719999999900e+02 1.287591124999999900e+03 1.106007200000000000e+02 -6.712428750000000300e+02 2.148291519999999900e+02
6.256560440901871900e-02 6.163582500000000000e+02 3.255347439999999900e+02 1.288756750000000000e+03 1.106852880000000000e+02 -6.723985000000000100e+02 2.148494560000000000e+02
6.276362399332981200e-02 6.163548749999998800e+02 3.255812879999999700e+02 1.289349999999999900e+03 1.107222800000000000e+02 -6.729951250000000300e+02 2.148590079999999900e+02
6.287501408503606800e-02 6.163547500000000800e+02 3.255974640000000000e+02 1.289634125000000000e+03 1.107342960000000000e+02 -6.732793749999999600e+02 2.148631680000000000e+02
6.298892867725265600e-02 6.163867500000001200e+02 3.256223919999999900e+02 1.289915500000000100e+03 1.107521359999999900e+02 -6.735287499999999500e+02 2.148702560000000100e+02
6.324524466080253000e-02 6.163556875000000400e+02 3.256928399999999900e+02 1.290771500000000100e+03 1.108135280000000100e+02 -6.744158125000000200e+02 2.148793120000000000e+02
6.382195329491473200e-02 6.163577500000000100e+02 3.258413919999999800e+02 1.292714250000000000e+03 1.109470240000000000e+02 -6.763564999999999800e+02 2.148943679999999900e+02
6.511955121497968500e-02 6.163565625000001100e+02 3.260530239999999900e+02 1.296338500000000100e+03 1.111554079999999900e+02 -6.799819374999999600e+02 2.148976160000000000e+02
6.530202788747710400e-02 6.163623124999999200e+02 3.261185199999999900e+02 1.296960750000000000e+03 1.112147440000000000e+02 -6.805984375000000500e+02 2.149037759999999900e+02
6.535847981770834300e-02 6.163600624999999100e+02 3.261366880000000500e+02 1.297141374999999900e+03 1.112313440000000100e+02 -6.807813125000000100e+02 2.149053440000000100e+02
6.541621728694482800e-02 6.163536875000000900e+02 3.261537280000000000e+02 1.297319500000000100e+03 1.112471360000000000e+02 -6.809658124999999700e+02 2.149065919999999900e+02
6.542068406921312800e-02 6.163551874999999400e+02 3.261551920000000000e+02 1.297334750000000000e+03 1.112484720000000100e+02 -6.809795625000000400e+02 2.149067200000000100e+02
6.542319459647340200e-02 6.163586875000000900e+02 3.261562639999999600e+02 1.297345250000000100e+03 1.112494160000000000e+02 -6.809865624999999900e+02 2.149068480000000000e+02
6.542576101673391900e-02 6.163667500000000200e+02 3.261578079999999900e+02 1.297359500000000000e+03 1.112507040000000000e+02 -6.809927500000000000e+02 2.149071040000000000e+02
6.542720957698985900e-02 6.163738124999999900e+02 3.261589040000000100e+02 1.297369375000000000e+03 1.112516080000000000e+02 -6.809955625000000100e+02 2.149072960000000000e+02
6.543046068650317000e-02 6.164854374999999900e+02 3.261572640000000000e+02 1.297399375000000000e+03 1.112550560000000000e+02 -6.809139374999999700e+02 2.149022080000000000e+02
6.543777335403312700e-02 6.190764999999999000e+02 3.259354480000000100e+02 1.298202624999999900e+03 1.112209200000000100e+02 -6.791261250000000000e+02 2.147145280000000000e+02
6.545423384260054500e-02 6.177819999999999300e+02 3.258284479999999800e+02 1.297572249999999900e+03 1.111312800000000000e+02 -6.797902500000000100e+02 2.146971680000000000e+02
6.549126761300223800e-02 6.156816874999999500e+02 3.259680399999999700e+02 1.296581124999999900e+03 1.111416720000000000e+02 -6.808994374999999800e+02 2.148263680000000000e+02
6.551210172883757700e-02 6.152607500000001400e+02 3.260281360000000200e+02 1.296334250000000100e+03 1.111501360000000000e+02 -6.810734999999999700e+02 2.148779999999999900e+02
6.555897266727955800e-02 6.159830624999999600e+02 3.259847199999999800e+02 1.296583625000000000e+03 1.111033600000000000e+02 -6.806005625000000200e+02 2.148813600000000000e+02
6.566443344321151700e-02 6.164194375000000700e+02 3.261258639999999800e+02 1.297010125000000000e+03 1.112060400000000000e+02 -6.805906874999999400e+02 2.149198240000000100e+02
6.590172251793347000e-02 6.163752500000000500e+02 3.262321759999999800e+02 1.297926375000000000e+03 1.113013280000000000e+02 -6.815511249999999600e+02 2.149308480000000000e+02
6.643562642937032900e-02 6.163578125000000200e+02 3.264085680000000000e+02 1.299841500000000000e+03 1.114727280000000000e+02 -6.834836874999999700e+02 2.149358400000000100e+02
6.696118365277301000e-02 6.163578125000000200e+02 3.265582319999999800e+02 1.301617375000000000e+03 1.116228880000000000e+02 -6.852595625000000200e+02 2.149353439999999900e+02
6.713011093046493400e-02 6.163603750000000900e+02 3.266031360000000100e+02 1.302118750000000100e+03 1.116660320000000000e+02 -6.857583750000000000e+02 2.149371040000000100e+02
6.751020196302177900e-02 6.163579374999999300e+02 3.267056800000000300e+02 1.303379375000000000e+03 1.117702879999999900e+02 -6.870214375000000500e+02 2.149353920000000100e+02
6.836540678627470200e-02 6.163595625000000400e+02 3.269304639999999700e+02 1.306071375000000000e+03 1.119972159999999900e+02 -6.897118124999999500e+02 2.149332479999999900e+02
6.884646386599511900e-02 6.163576249999998700e+02 3.270643999999999800e+02 1.307628999999999900e+03 1.121342080000000000e+02 -6.912713750000000300e+02 2.149301920000000100e+02
6.911705585335346800e-02 6.163570624999999800e+02 3.271365200000000200e+02 1.308467500000000000e+03 1.122075760000000000e+02 -6.921104374999999900e+02 2.149289440000000000e+02
6.926926180847689500e-02 6.163550000000000200e+02 3.271743119999999900e+02 1.308916625000000100e+03 1.122456080000000000e+02 -6.925616250000000500e+02 2.149287040000000100e+02
6.935488056932759300e-02 6.163462500000000500e+02 3.271906799999999900e+02 1.309135500000000100e+03 1.122617680000000000e+02 -6.927892500000000400e+02 2.149289120000000000e+02
6.954752045236666000e-02 6.163366874999999300e+02 3.271242800000000000e+02 1.309545374999999900e+03 1.122083120000000100e+02 -6.932086875000000000e+02 2.149159679999999900e+02
6.998095669589200800e-02 6.163709374999999700e+02 3.272876000000000000e+02 1.310845624999999900e+03 1.123710880000000000e+02 -6.944746874999999600e+02 2.149165120000000100e+02
7.000000223572001900e-02 6.163696250000000400e+02 3.272937759999999800e+02 1.310904500000000100e+03 1.123774560000000000e+02 -6.945348750000000600e+02 2.149163200000000100e+02
