0.000000000000000000e+00 0.000000000000000000e+00 0.000000000000000000e+00 0.000000000000000000e+00 0.000000000000000000e+00 0.000000000000000000e+00 0.000000000000000000e+00
-1.026261828143845700e-08 6.532285937500000700e+02 -1.107666015625003200e-05 3.930770937500000200e+02 -6.037406005859375000e-04 2.601515000000000000e+02 5.926639404296874700e-04
1.399989966507796500e-03 6.532284531249999900e+02 5.545252599999999200e+01 3.936973125000000100e+02 2.133644599999999900e+01 2.595311406249999800e+02 3.411607999999999700e+01
1.760927457658071600e-03 6.532305468750000700e+02 6.964293200000000200e+01 3.949556250000000000e+02 2.652157600000000000e+01 2.582749218750000200e+02 4.312135599999999900e+01
1.963954851013109300e-03 6.532382499999999900e+02 7.755622400000000000e+01 3.962753750000000000e+02 2.926646399999999900e+01 2.569628750000000000e+02 4.828976000000000100e+01
2.015865329421047200e-03 6.532347656250000200e+02 7.955223800000000300e+01 3.968154062500000200e+02 2.991078200000000100e+01 2.564193593750000000e+02 4.964145599999999800e+01
2.132663651118202700e-03 6.532343750000000000e+02 8.401759200000000800e+01 3.982242187499999800e+02 3.131004400000000100e+01 2.550101562499999900e+02 5.270754800000000300e+01
2.198362816238869200e-03 6.532385781250000000e+02 8.649587599999999600e+01 3.991597499999999700e+02 3.205355999999999700e+01 2.540788281250000000e+02 5.444231599999999800e+01
2.279665443923447200e-03 6.532435937499999500e+02 8.954304400000000900e+01 4.005061250000000000e+02 3.293197599999999900e+01 2.527374687500000100e+02 5.661106800000000300e+01
2.362815888373406800e-03 6.532443593749999300e+02 9.260590000000000500e+01 4.023235624999999800e+02 3.372546400000000200e+01 2.509207968750000100e+02 5.888043600000000300e+01
2.409587995182172300e-03 6.532572812500000100e+02 9.429830799999999200e+01 4.036195624999999700e+02 3.411062799999999800e+01 2.496377187500000000e+02 6.018768000000000000e+01
2.467468399122375800e-03 6.532558593750000000e+02 9.637537600000000300e+01 4.054899062499999900e+02 3.452789200000000100e+01 2.477659531250000100e+02 6.184748400000000100e+01
2.526664617442968400e-03 6.532767499999999900e+02 9.843319999999999900e+01 4.079924062499999900e+02 3.481680399999999800e+01 2.452843437500000100e+02 6.361639600000000200e+01
2.599919380868020300e-03 6.532467812500000300e+02 1.010026240000000000e+02 4.113010312499999900e+02 3.515865600000000100e+01 2.419457500000000000e+02 6.584396800000000400e+01
2.674839289924891900e-03 6.533357968749999100e+02 1.034036439999999900e+02 4.164321249999999800e+02 3.512388399999999700e+01 2.369036718749999900e+02 6.827975999999999600e+01
2.843409085302854100e-03 6.532056250000000500e+02 1.091309320000000000e+02 4.265557499999999900e+02 3.553098800000000100e+01 2.266498750000000100e+02 7.359994399999999400e+01
2.938229522425613300e-03 6.532368906250000000e+02 1.123346200000000000e+02 4.316872500000000100e+02 3.590174799999999800e+01 2.215496406249999900e+02 7.643287200000000300e+01
3.151575724283854500e-03 6.532323437499999300e+02 1.195434120000000000e+02 4.432393124999999800e+02 3.681536400000000200e+01 2.099930312500000000e+02 8.272804800000000100e+01
3.271582944634778700e-03 6.532333125000000100e+02 1.235603120000000100e+02 4.496200937500000200e+02 3.735980000000000000e+01 2.036132187499999900e+02 8.620051200000000300e+01
3.308710161146226900e-03 6.532388593749999500e+02 1.247859720000000000e+02 4.516695937499999900e+02 3.752085999999999900e+01 2.015692656250000100e+02 8.726511200000000200e+01
3.313931207808237600e-03 6.532436875000000800e+02 1.249599960000000000e+02 4.519613125000000200e+02 3.754666799999999700e+01 2.012823750000000000e+02 8.741332800000000700e+01
3.319270735986357800e-03 6.533677812500000100e+02 1.251388600000000100e+02 4.524212499999999900e+02 3.757375600000000300e+01 2.009465312499999900e+02 8.756510400000000500e+01
3.322274402529911400e-03 6.539386406250000600e+02 1.252162720000000000e+02 4.532676250000000100e+02 3.756419199999999800e+01 2.006710156250000000e+02 8.765207999999999800e+01
3.323964001349332100e-03 6.547603750000000700e+02 1.252364839999999900e+02 4.543320312500000000e+02 3.753364400000000200e+01 2.004283437500000100e+02 8.770283999999999500e+01
3.327765307583651600e-03 6.593118906249999300e+02 1.250903359999999900e+02 4.605364374999999800e+02 3.725319199999999900e+01 1.987754531250000100e+02 8.783714399999999500e+01
3.336318392165560500e-03 6.566454062499999500e+02 1.247569640000000100e+02 4.621081249999999700e+02 3.675463599999999800e+01 1.945372812500000100e+02 8.800232800000000600e+01
3.355563050806886300e-03 6.521833906250000200e+02 1.253514759999999900e+02 4.600440312499999900e+02 3.690596399999999700e+01 1.921393593750000000e+02 8.844551199999999400e+01
3.398863241640494300e-03 6.520753593749999500e+02 1.271193560000000000e+02 4.625403749999999800e+02 3.734897999999999700e+01 1.895349843749999900e+02 8.977037599999999900e+01
3.496288525461423200e-03 6.532999843750000100e+02 1.303851559999999900e+02 4.676390625000000200e+02 3.810206800000000300e+01 1.856609218750000100e+02 9.228308800000000600e+01
3.715495923499921600e-03 6.532579062500000200e+02 1.375272799999999900e+02 4.774905625000000100e+02 3.955309599999999600e+01 1.757673437500000100e+02 9.797418399999999400e+01
4.208712350754511200e-03 6.532312343749999900e+02 1.533459640000000100e+02 5.048519062500000100e+02 4.197350800000000200e+01 1.483793281250000000e+02 1.113724560000000000e+02
5.318448948190618000e-03 6.532292890625000200e+02 1.878502839999999900e+02 5.646574375000000100e+02 4.701599600000000100e+01 8.857185156250000100e+01 1.408342879999999900e+02
6.691748697096903600e-03 6.532287558593750400e+02 2.290137479999999900e+02 6.355806250000000500e+02 5.293968400000000000e+01 1.764813085937500100e+01 1.760740639999999900e+02
7.464229551135984200e-03 6.532284394531250200e+02 2.515817360000000100e+02 6.752928124999999700e+02 5.627380000000000100e+01 -2.206437304687500100e+01 1.953079360000000100e+02
7.898749885978280400e-03 6.532170273437500300e+02 2.638126719999999600e+02 6.990831250000000000e+02 5.822390399999999700e+01 -4.586609765624999800e+01 2.055887679999999900e+02
8.009848868308340100e-03 6.532386601562500300e+02 2.667985200000000000e+02 7.054291875000000100e+02 5.873968800000000100e+01 -5.219052734374999900e+01 2.080588320000000000e+02
8.072342482533065300e-03 6.532324843750000100e+02 2.684584720000000300e+02 7.090962500000000500e+02 5.903640800000000200e+01 -5.586376562499999900e+01 2.094220640000000100e+02
8.091676220643506000e-03 6.533103671874999900e+02 2.689543560000000200e+02 7.102669375000000400e+02 5.913048400000000300e+01 -5.695657031249999800e+01 2.098238719999999900e+02
8.111449533911997700e-03 6.535949648437500600e+02 2.694163959999999600e+02 7.116419375000000400e+02 5.922961200000000300e+01 -5.804697265624999900e+01 2.101867839999999900e+02
8.155939197656727000e-03 6.529822851562499900e+02 2.705680160000000000e+02 7.139563124999999700e+02 5.943372800000000200e+01 -6.097402734375000200e+01 2.111342880000000000e+02
8.256041232191745400e-03 6.532455859374999800e+02 2.732148720000000100e+02 7.202068124999999600e+02 5.994997599999999900e+01 -6.696122656250000200e+01 2.132648959999999900e+02
8.481270809895535100e-03 6.532304765625000300e+02 2.788128719999999700e+02 7.344349375000000500e+02 6.111842399999999700e+01 -8.120446093750000200e+01 2.176944479999999900e+02
8.988036923064999000e-03 6.532289531250000900e+02 2.901256920000000200e+02 7.672167500000000500e+02 6.391017200000000300e+01 -1.139877968750000000e+02 2.262155200000000000e+02
1.012826111436035800e-02 6.532316093749999500e+02 3.105146720000000200e+02 8.394719374999999700e+02 7.029187199999999800e+01 -1.862403281249999900e+02 2.402228000000000100e+02
1.076963794973743800e-02 6.532336874999999700e+02 3.194778240000000000e+02 8.770054999999999800e+02 7.374347199999999700e+01 -2.237718125000000100e+02 2.457343520000000000e+02
1.096806275830018500e-02 6.532387187500000900e+02 3.219501119999999900e+02 8.884656250000000500e+02 7.480409600000000100e+01 -2.352269062500000100e+02 2.471460160000000000e+02
1.101879730038299500e-02 6.532710468750000200e+02 3.225506560000000000e+02 8.914180625000000200e+02 7.507715199999999800e+01 -2.381470156249999900e+02 2.474735039999999900e+02
1.113294827341305600e-02 6.532297812500000900e+02 3.238450639999999800e+02 8.980118125000000200e+02 7.568199199999999400e+01 -2.447820312499999900e+02 2.481630720000000000e+02
1.138978825384007400e-02 6.532260625000001300e+02 3.267779199999999900e+02 9.123769375000000500e+02 7.700230399999999500e+01 -2.591508749999999800e+02 2.497756160000000100e+02
1.196767879201961400e-02 6.532312187500000400e+02 3.326772320000000000e+02 9.423901250000000100e+02 7.985974400000000600e+01 -2.891589062499999700e+02 2.528174880000000000e+02
1.268281808557382300e-02 6.532259999999998900e+02 3.391317760000000000e+02 9.768373749999999500e+02 8.312132800000000500e+01 -3.236113750000000100e+02 2.560104480000000000e+02
1.286566621363527000e-02 6.532251562500000500e+02 3.406559039999999600e+02 9.856382499999999700e+02 8.393518400000000700e+01 -3.324130937499999700e+02 2.567207199999999700e+02
1.292223458761697400e-02 6.532522500000000000e+02 3.411046640000000100e+02 9.882975625000000300e+02 8.418411999999999300e+01 -3.350453125000000200e+02 2.569205440000000100e+02
1.298008966504144700e-02 6.534299062499999300e+02 3.413772720000000000e+02 9.913398124999999900e+02 8.436848799999999900e+01 -3.379099062500000100e+02 2.570087839999999900e+02
1.311026096926213100e-02 6.532173750000000600e+02 3.424287599999999500e+02 9.968885625000000300e+02 8.500874399999999300e+01 -3.436711874999999700e+02 2.574200159999999800e+02
1.327134925367194800e-02 6.532362187500000300e+02 3.436003759999999800e+02 1.004027125000000000e+03 8.568447200000000000e+01 -3.507909062499999800e+02 2.579159040000000100e+02
1.343609852959676100e-02 6.532457812499999400e+02 3.445838560000000300e+02 1.011201375000000000e+03 8.635364800000000700e+01 -3.579555937499999900e+02 2.582302080000000000e+02
1.352877028841384400e-02 6.532164062500000900e+02 3.452326399999999500e+02 1.015256312500000000e+03 8.673891199999999900e+01 -3.620399062500000000e+02 2.584937279999999800e+02
1.373728029020540100e-02 6.532260000000001100e+02 3.466021839999999700e+02 1.024127562500000100e+03 8.758045599999999800e+01 -3.709015625000000100e+02 2.590217280000000000e+02
1.420642983200203600e-02 6.532278437500000300e+02 3.495480160000000200e+02 1.043354937500000000e+03 8.936556799999999600e+01 -3.901270937499999700e+02 2.601824480000000200e+02
1.466824807526864600e-02 6.532168124999998300e+02 3.522296480000000000e+02 1.061013999999999900e+03 9.096667200000000300e+01 -4.077971875000000100e+02 2.612629759999999800e+02
1.470535869854565000e-02 6.532178750000000500e+02 3.524331520000000100e+02 1.062363750000000000e+03 9.108721599999999800e+01 -4.091458749999999900e+02 2.613459359999999900e+02
1.472623240525614900e-02 6.532304687500000000e+02 3.525387119999999800e+02 1.063100250000000000e+03 9.115165600000000300e+01 -4.098697812500000200e+02 2.613870559999999700e+02
1.472916795220567300e-02 6.532332812500001200e+02 3.525527360000000400e+02 1.063202375000000100e+03 9.116043200000000000e+01 -4.099690937500000100e+02 2.613923040000000200e+02
1.473577264173272700e-02 6.532544062499999900e+02 3.525798399999999900e+02 1.063429625000000000e+03 9.117811199999999900e+01 -4.101752187500000000e+02 2.614017279999999900e+02
1.475063435760610000e-02 6.538585937500001800e+02 3.525167840000000300e+02 1.064459250000000100e+03 9.112886399999999300e+01 -4.106006562499999900e+02 2.613879200000000100e+02
1.478407118055555800e-02 6.532059375000000000e+02 3.525775520000000300e+02 1.065087000000000000e+03 9.116396799999999700e+01 -4.118810624999999800e+02 2.614135840000000100e+02
1.485930432330121100e-02 6.531087499999998700e+02 3.530407759999999900e+02 1.066884499999999900e+03 9.147800800000000300e+01 -4.137757500000000200e+02 2.615627680000000100e+02
1.488258026458405000e-02 6.532741874999999300e+02 3.531461840000000100e+02 1.067595750000000000e+03 9.154090399999999800e+01 -4.143215625000000300e+02 2.616052799999999900e+02
1.490638369605655000e-02 6.535232500000000800e+02 3.531808239999999700e+02 1.068353000000000100e+03 9.154087199999999300e+01 -4.148297499999999900e+02 2.616399519999999900e+02
1.491977356292389400e-02 6.544746250000000600e+02 3.529598720000000200e+02 1.069276000000000100e+03 9.135551999999999900e+01 -4.148013750000000100e+02 2.616043520000000100e+02
1.494990105448479700e-02 6.529375312500001200e+02 3.531808239999999700e+02 1.069203500000000100e+03 9.148343199999999300e+01 -4.162659687500000100e+02 2.616973919999999800e+02
1.501768761938744900e-02 6.530000937500001300e+02 3.536667439999999900e+02 1.070829500000000100e+03 9.182453599999999500e+01 -4.178294062499999800e+02 2.618422080000000300e+02
1.517020797263717200e-02 6.532608125000001600e+02 3.544587279999999500e+02 1.075878875000000100e+03 9.226559199999999800e+01 -4.226180625000000100e+02 2.621931359999999800e+02
1.551337702079279300e-02 6.532365937500000000e+02 3.561503920000000100e+02 1.086648375000000000e+03 9.321696799999999400e+01 -4.334117812499999900e+02 2.629334240000000000e+02
1.593804970765725200e-02 6.532307812500000600e+02 3.580351600000000200e+02 1.098679875000000000e+03 9.429515999999999600e+01 -4.454490937499999700e+02 2.637400000000000100e+02
1.637237325256124200e-02 6.532275624999999800e+02 3.597576159999999800e+02 1.109879250000000000e+03 9.527128000000000400e+01 -4.566516874999999800e+02 2.644863359999999900e+02
1.643345032856141300e-02 6.532227812500000300e+02 3.599892639999999900e+02 1.111374250000000100e+03 9.540334400000000400e+01 -4.581514687499999900e+02 2.645859199999999900e+02
1.649357256580767600e-02 6.532292187499999700e+02 3.602147600000000100e+02 1.112830250000000000e+03 9.553311200000000300e+01 -4.596010312500000100e+02 2.646816480000000000e+02
1.651289757063683200e-02 6.532284374999999300e+02 3.602842239999999900e+02 1.113277875000000000e+03 9.557371200000000000e+01 -4.600494375000000100e+02 2.647105119999999900e+02
1.652376759474385300e-02 6.532652499999999200e+02 3.603009600000000300e+02 1.113502874999999900e+03 9.558331200000000600e+01 -4.602376249999999800e+02 2.647176480000000000e+02
1.652713049025762700e-02 6.534517812499999500e+02 3.602789119999999900e+02 1.113681750000000000e+03 9.556796799999999300e+01 -4.602299687500000100e+02 2.647109439999999800e+02
1.653057023864671800e-02 6.542363437499999500e+02 3.601748959999999900e+02 1.114242000000000000e+03 9.549972800000000500e+01 -4.600056562500000200e+02 2.646751679999999900e+02
1.653830909030341500e-02 6.569352500000001100e+02 3.595813759999999800e+02 1.116186875000000100e+03 9.509718399999999900e+01 -4.592516249999999900e+02 2.644841920000000100e+02
1.655223809173546700e-02 6.543611874999999100e+02 3.594820000000000300e+02 1.115065625000000000e+03 9.500571200000000300e+01 -4.607044374999999800e+02 2.644762880000000100e+02
1.656965109018179400e-02 6.527101874999999600e+02 3.597030480000000200e+02 1.114510874999999900e+03 9.513812000000000100e+01 -4.618006874999999800e+02 2.645649280000000100e+02
1.660882859002976400e-02 6.518730937499999500e+02 3.599466400000000000e+02 1.114722749999999900e+03 9.530139200000000700e+01 -4.628496562500000100e+02 2.646452479999999800e+02
1.663086556980752600e-02 6.526263437500001600e+02 3.600595680000000100e+02 1.115520500000000100e+03 9.537912000000000000e+01 -4.628941562499999800e+02 2.646804480000000100e+02
1.664326217148330600e-02 6.534099375000000700e+02 3.600786319999999700e+02 1.116247125000000100e+03 9.538266400000000500e+01 -4.628371875000000300e+02 2.646959679999999900e+02
1.665860130673363400e-02 6.547094687499999300e+02 3.599287919999999900e+02 1.117533124999999900e+03 9.523427999999999800e+01 -4.628236562500000000e+02 2.646945119999999700e+02
1.667428977323539100e-02 6.551124062499998200e+02 3.597190320000000300e+02 1.118340999999999900e+03 9.502127199999999600e+01 -4.632285937500000200e+02 2.646977600000000200e+02
1.669370560418992000e-02 6.558726249999999700e+02 3.588494799999999700e+02 1.119939875000000000e+03 9.418930400000000700e+01 -4.640672500000000000e+02 2.646601759999999800e+02
1.669866960127275000e-02 6.552579999999999200e+02 3.587210400000000200e+02 1.119803124999999900e+03 9.404608000000000300e+01 -4.645451249999999800e+02 2.646749600000000000e+02
1.670481200911041300e-02 6.542934999999999900e+02 3.586549679999999400e+02 1.119481125000000000e+03 9.394613599999999600e+01 -4.651876250000000300e+02 2.647088319999999700e+02
1.671109414944864000e-02 6.539886562499998500e+02 3.584754480000000300e+02 1.119653499999999900e+03 9.374663200000000500e+01 -4.656648437499999900e+02 2.647288159999999900e+02
1.671462821727561600e-02 6.545678125000000600e+02 3.582156880000000000e+02 1.120272500000000000e+03 9.350508000000000700e+01 -4.657046874999999800e+02 2.647106079999999800e+02
1.672258016099569000e-02 6.559025000000000300e+02 3.573137840000000000e+02 1.121834875000000000e+03 9.269405600000000300e+01 -4.659323749999999800e+02 2.646197280000000100e+02
1.674047057881896900e-02 6.531248749999999700e+02 3.567533200000000300e+02 1.122067624999999900e+03 9.195469599999999800e+01 -4.689427499999999900e+02 2.647986240000000200e+02
1.678072401892134700e-02 6.503620937499999900e+02 3.572286720000000200e+02 1.121925125000000000e+03 9.218225599999999500e+01 -4.715630312499999900e+02 2.650464160000000200e+02
1.687129513247982700e-02 6.532876874999999500e+02 3.580869520000000000e+02 1.125378125000000000e+03 9.279010399999999900e+01 -4.720904375000000100e+02 2.652968480000000100e+02
1.707507984687702700e-02 6.532108437499999800e+02 3.588734159999999600e+02 1.128495375000000000e+03 9.343156000000000500e+01 -4.752845312499999900e+02 2.654418559999999700e+02
1.753359574538010700e-02 6.532243750000000100e+02 3.609755199999999600e+02 1.135756625000000000e+03 9.515603199999999600e+01 -4.825322499999999800e+02 2.658194879999999800e+02
1.856525593479328700e-02 6.532275937500001000e+02 3.646156399999999800e+02 1.152415375000000000e+03 9.822023199999999600e+01 -4.991877812500000000e+02 2.663954079999999700e+02
2.088648990542606500e-02 6.532295624999999300e+02 3.704110080000000400e+02 1.195951499999999900e+03 1.017696000000000000e+02 -5.427219374999999700e+02 2.686414080000000100e+02
2.160462413224254300e-02 6.532279375000001700e+02 3.718214560000000100e+02 1.206991625000000100e+03 1.026170080000000000e+02 -5.537636874999999500e+02 2.692044480000000100e+02
2.200857216039711300e-02 6.532265625000000000e+02 3.725704319999999800e+02 1.212984375000000000e+03 1.030703360000000000e+02 -5.597578125000000000e+02 2.695000959999999800e+02
2.206537807962979200e-02 6.532277500000000100e+02 3.726681439999999800e+02 1.213776625000000000e+03 1.031300320000000000e+02 -5.605488749999999500e+02 2.695381120000000100e+02
2.212347419561775200e-02 6.537387499999999800e+02 3.724002320000000200e+02 1.215163000000000000e+03 1.029168080000000000e+02 -5.614242500000000300e+02 2.694834240000000100e+02
2.215615296975160400e-02 6.527333125000000100e+02 3.725232079999999500e+02 1.214808250000000000e+03 1.030005520000000000e+02 -5.620749375000000300e+02 2.695226559999999800e+02
2.217453478020189500e-02 6.532560624999998700e+02 3.724345040000000000e+02 1.215430374999999900e+03 1.029300240000000000e+02 -5.621743125000000400e+02 2.695044800000000000e+02
2.221589560037131100e-02 6.529576874999999100e+02 3.725105120000000100e+02 1.215760624999999900e+03 1.029670880000000000e+02 -5.628029374999999800e+02 2.695434240000000200e+02
2.230895511687748200e-02 6.532394374999998900e+02 3.728449039999999900e+02 1.216557749999999900e+03 1.032292880000000000e+02 -5.633183125000000500e+02 2.696156159999999900e+02
2.242411565722417900e-02 6.532701250000000100e+02 3.730579199999999700e+02 1.217883750000000000e+03 1.033853440000000000e+02 -5.646136249999999600e+02 2.696725759999999900e+02
2.254189385308159900e-02 6.533751249999999100e+02 3.728915840000000200e+02 1.219597874999999900e+03 1.032190400000000100e+02 -5.662227500000000200e+02 2.696725440000000200e+02
2.280689421154204200e-02 6.532637499999999600e+02 3.735260560000000400e+02 1.223221875000000000e+03 1.036182800000000000e+02 -5.699581250000000000e+02 2.699077760000000100e+02
2.295595618540259900e-02 6.532141875000000900e+02 3.737669599999999800e+02 1.224945625000000100e+03 1.037608480000000000e+02 -5.717314374999999700e+02 2.700061119999999700e+02
2.300207256834149000e-02 6.532335000000000500e+02 3.738349680000000000e+02 1.225463625000000100e+03 1.038007280000000100e+02 -5.722301250000000400e+02 2.700342400000000100e+02
2.304923694503467600e-02 6.542073750000000700e+02 3.734780960000000500e+02 1.226712500000000100e+03 1.034700000000000000e+02 -5.725051250000000200e+02 2.700080960000000200e+02
2.305586958106184100e-02 6.546575000000001400e+02 3.733301919999999500e+02 1.227073000000000100e+03 1.033460319999999900e+02 -5.724154999999999500e+02 2.699841599999999700e+02
2.307079301212296800e-02 6.548608750000000800e+02 3.730409599999999800e+02 1.227376375000000100e+03 1.030742719999999900e+02 -5.725154999999999700e+02 2.699666879999999800e+02
2.310437073201050300e-02 6.528863124999999200e+02 3.727305519999999900e+02 1.226818874999999900e+03 1.026785840000000000e+02 -5.739325625000000200e+02 2.700519679999999900e+02
2.317991943731995100e-02 6.524639374999999300e+02 3.729153279999999900e+02 1.227136000000000000e+03 1.026677119999999900e+02 -5.746720625000000400e+02 2.702476159999999900e+02
2.322241441961901000e-02 6.532341875000000800e+02 3.730628560000000100e+02 1.227733500000000000e+03 1.027358799999999900e+02 -5.744993124999999700e+02 2.703269760000000000e+02
2.331803104088565500e-02 6.532088750000000300e+02 3.730656880000000200e+02 1.228149500000000000e+03 1.026470640000000000e+02 -5.749406249999999500e+02 2.704186240000000200e+02
2.353316552764184900e-02 6.532019375000001000e+02 3.735140960000000000e+02 1.228538500000000100e+03 1.029604000000000100e+02 -5.753365625000000100e+02 2.705536960000000000e+02
2.401721986949953400e-02 6.532318124999999300e+02 3.744064720000000100e+02 1.230182499999999900e+03 1.036283280000000000e+02 -5.769506874999999600e+02 2.707781440000000000e+02
2.428950262011480400e-02 6.532329375000000500e+02 3.748762479999999800e+02 1.231356000000000000e+03 1.039830319999999900e+02 -5.781230624999999500e+02 2.708932160000000000e+02
2.444265875624213000e-02 6.532336249999999600e+02 3.751166079999999900e+02 1.232345750000000000e+03 1.041285120000000000e+02 -5.791121249999999900e+02 2.709880959999999800e+02
2.452881082947001200e-02 6.532314999999998700e+02 3.752526159999999900e+02 1.233043124999999900e+03 1.042003600000000000e+02 -5.798116250000000500e+02 2.710522560000000000e+02
2.455001290755685600e-02 6.532340625000000500e+02 3.752844399999999600e+02 1.233213500000000100e+03 1.042156720000000000e+02 -5.799794375000000200e+02 2.710687679999999800e+02
2.455682719583476800e-02 6.532371875000000000e+02 3.752947120000000000e+02 1.233268125000000100e+03 1.042204400000000000e+02 -5.800309375000000500e+02 2.710742720000000100e+02
2.456066052410046600e-02 6.532420624999999700e+02 3.753005440000000600e+02 1.233299000000000000e+03 1.042231040000000100e+02 -5.800569375000000000e+02 2.710774400000000200e+02
2.456928434826079200e-02 6.553273750000000700e+02 3.750963280000000300e+02 1.233833125000000100e+03 1.041742160000000000e+02 -5.785057500000000300e+02 2.709221120000000300e+02
2.458869086371528000e-02 6.535881874999998900e+02 3.751216640000000100e+02 1.233324499999999900e+03 1.041518080000000000e+02 -5.797363125000000500e+02 2.709698559999999900e+02
2.463235494126912700e-02 6.524993125000000900e+02 3.752657440000000400e+02 1.233076375000000100e+03 1.042063840000000000e+02 -5.805770625000000100e+02 2.710593600000000300e+02
2.473059620467152300e-02 6.532824375000001300e+02 3.754663120000000200e+02 1.234326250000000100e+03 1.042947600000000000e+02 -5.810438124999999400e+02 2.711715520000000200e+02
2.495164370507693300e-02 6.532365624999998800e+02 3.757928960000000400e+02 1.236171374999999900e+03 1.044186880000000000e+02 -5.829348125000000200e+02 2.713742080000000100e+02
2.507598234183622600e-02 6.532440625000000400e+02 3.759664000000000200e+02 1.237211000000000000e+03 1.044767360000000000e+02 -5.839669374999999700e+02 2.714896640000000000e+02
2.511328393286401200e-02 6.531916875000000600e+02 3.760100800000000200e+02 1.237469875000000000e+03 1.044894080000000000e+02 -5.842781874999999400e+02 2.715206719999999900e+02
2.515174996139656800e-02 6.532366250000000000e+02 3.760535039999999800e+02 1.237755750000000000e+03 1.045031360000000000e+02 -5.845191250000000300e+02 2.715503679999999900e+02
2.516158480056185400e-02 6.532873124999999800e+02 3.760631840000000400e+02 1.237835624999999900e+03 1.045069280000000000e+02 -5.845483124999999500e+02 2.715562560000000200e+02
2.517375550136170500e-02 6.535136249999999300e+02 3.760585360000000000e+02 1.237992999999999900e+03 1.045029519999999900e+02 -5.844793750000000000e+02 2.715555840000000100e+02
2.518620333828769000e-02 6.539105000000000700e+02 3.760057519999999700e+02 1.238163125000000000e+03 1.044811120000000000e+02 -5.842526249999999700e+02 2.715246399999999800e+02
2.521421271802741500e-02 6.530556249999999600e+02 3.760182079999999600e+02 1.237793375000000000e+03 1.044825600000000100e+02 -5.847377500000000100e+02 2.715356479999999800e+02
2.527722974691053500e-02 6.530331875000000500e+02 3.761240799999999900e+02 1.238231125000000000e+03 1.045146720000000000e+02 -5.851979374999999700e+02 2.716094079999999700e+02
2.541901864411630400e-02 6.532671874999999800e+02 3.763169839999999900e+02 1.239443874999999900e+03 1.045557040000000100e+02 -5.861766874999999600e+02 2.717612800000000000e+02
2.573804424504802900e-02 6.532301875000000600e+02 3.767306080000000200e+02 1.242103125000000100e+03 1.046513439999999900e+02 -5.888729375000000300e+02 2.720792640000000200e+02
2.613283746554010200e-02 6.532257499999999500e+02 3.772557679999999900e+02 1.245672499999999900e+03 1.048346160000000000e+02 -5.924467499999999500e+02 2.724211520000000100e+02
2.623378022395356600e-02 6.532273750000000500e+02 3.773887280000000100e+02 1.246532875000000100e+03 1.048843440000000000e+02 -5.933055000000000500e+02 2.725043840000000200e+02
2.629055819668612800e-02 6.532286874999999800e+02 3.774610880000000200e+02 1.246997625000000000e+03 1.049101120000000000e+02 -5.937689374999999900e+02 2.725509759999999900e+02
2.641831329308441300e-02 6.532133125000000300e+02 3.776037039999999900e+02 1.247877625000000100e+03 1.049537840000000000e+02 -5.946643125000000500e+02 2.726499200000000100e+02
2.670575934888679000e-02 6.532301250000000400e+02 3.779806080000000200e+02 1.250404250000000000e+03 1.050900160000000100e+02 -5.971741250000000000e+02 2.728905920000000300e+02
2.706147637559381100e-02 6.532265000000001000e+02 3.784305200000000000e+02 1.253383250000000100e+03 1.052669680000000100e+02 -6.001567499999999900e+02 2.731635519999999800e+02
2.726156632978837500e-02 6.532268750000000600e+02 3.786766639999999600e+02 1.254964375000000000e+03 1.053694000000000000e+02 -6.017374999999999500e+02 2.733072639999999800e+02
2.737411620124938200e-02 6.532263750000000800e+02 3.788125279999999900e+02 1.255814125000000100e+03 1.054290400000000000e+02 -6.025877500000000300e+02 2.733834880000000000e+02
2.743742666838370000e-02 6.532270624999999900e+02 3.788858239999999600e+02 1.256240000000000000e+03 1.054644160000000000e+02 -6.030129375000000200e+02 2.734214079999999900e+02
2.746980035989130700e-02 6.532904374999999400e+02 3.788974959999999900e+02 1.256423749999999900e+03 1.054722160000000000e+02 -6.031333124999999900e+02 2.734252799999999900e+02
2.747384794465788200e-02 6.533635000000000400e+02 3.788861120000000300e+02 1.256485500000000000e+03 1.054654080000000000e+02 -6.031219999999999600e+02 2.734207040000000000e+02
2.747612325554220400e-02 6.534526875000000200e+02 3.788719439999999800e+02 1.256549125000000000e+03 1.054569999999999900e+02 -6.030964374999999800e+02 2.734149439999999900e+02
2.747740413679744900e-02 6.535367499999998700e+02 3.788589759999999800e+02 1.256605499999999900e+03 1.054493440000000000e+02 -6.030687500000000200e+02 2.734096319999999900e+02
2.747898777180393700e-02 6.537917499999998700e+02 3.788231759999999900e+02 1.256765124999999900e+03 1.054285520000000000e+02 -6.029733750000000300e+02 2.733946240000000200e+02
2.748060866881057600e-02 6.545845625000000600e+02 3.787225760000000000e+02 1.257291375000000000e+03 1.053653600000000000e+02 -6.027068124999999600e+02 2.733572159999999900e+02
2.748425568707551400e-02 6.563476249999999900e+02 3.784288960000000100e+02 1.258606874999999900e+03 1.051552960000000100e+02 -6.022592499999999500e+02 2.732735999999999900e+02
2.749246031373412200e-02 6.541868749999998700e+02 3.784911520000000000e+02 1.257374624999999900e+03 1.051838240000000000e+02 -6.031877500000000500e+02 2.733073279999999800e+02
2.751091897705972700e-02 6.532614374999999400e+02 3.786120320000000000e+02 1.256948124999999900e+03 1.052424000000000000e+02 -6.036866874999999500e+02 2.733696320000000200e+02
2.755245213397984600e-02 6.525741874999998800e+02 3.787170400000000000e+02 1.256746249999999900e+03 1.052923360000000100e+02 -6.041720625000000400e+02 2.734247040000000200e+02
2.760384807656536200e-02 6.529826249999999800e+02 3.788337760000000600e+02 1.257139249999999900e+03 1.053590240000000100e+02 -6.041566249999999600e+02 2.734747520000000200e+02
2.763275873093377900e-02 6.532933749999999700e+02 3.789108239999999900e+02 1.257368250000000000e+03 1.054096720000000000e+02 -6.040748750000000200e+02 2.735011519999999900e+02
2.764902126512539000e-02 6.535120625000000700e+02 3.789289680000000000e+02 1.257579500000000100e+03 1.054170320000000100e+02 -6.040674374999999800e+02 2.735119359999999900e+02
2.765816908616286100e-02 6.541025624999999800e+02 3.788470560000000100e+02 1.258170374999999900e+03 1.053440160000000000e+02 -6.040678124999999500e+02 2.735030400000000000e+02
2.766050727667243900e-02 6.544875625000000800e+02 3.787947440000000400e+02 1.258507125000000100e+03 1.053022960000000000e+02 -6.040195625000000100e+02 2.734924480000000200e+02
2.766340206830929600e-02 6.555178750000000000e+02 3.786576640000000100e+02 1.259281250000000000e+03 1.052059840000000000e+02 -6.037633750000000000e+02 2.734516800000000100e+02
2.766636206844642200e-02 6.566540000000000000e+02 3.784836400000000400e+02 1.260035500000000000e+03 1.050942640000000000e+02 -6.033814999999999600e+02 2.733893760000000300e+02
2.767302265097370400e-02 6.559681249999999900e+02 3.783514719999999400e+02 1.259642750000000000e+03 1.050072160000000000e+02 -6.036746249999999900e+02 2.733442559999999700e+02
2.768800663278507500e-02 6.541034999999999400e+02 3.784283280000000200e+02 1.258739875000000000e+03 1.050276880000000000e+02 -6.046363750000000400e+02 2.734006400000000100e+02
2.772172408517318100e-02 6.521044999999999200e+02 3.785639599999999500e+02 1.257710750000000000e+03 1.051047279999999900e+02 -6.056062500000000500e+02 2.734592319999999900e+02
2.779758951748392800e-02 6.529104999999999600e+02 3.787953760000000300e+02 1.258269875000000000e+03 1.052618080000000000e+02 -6.053593750000000000e+02 2.735335680000000000e+02
2.796828441130809500e-02 6.532933124999999600e+02 3.790918080000000100e+02 1.259014500000000000e+03 1.054895040000000000e+02 -6.057211875000000400e+02 2.736023040000000000e+02
2.817952036129831700e-02 6.531901249999999700e+02 3.793464319999999900e+02 1.259826624999999900e+03 1.056696960000000000e+02 -6.066364999999999600e+02 2.736767360000000100e+02
2.829833956428500300e-02 6.532351250000000400e+02 3.795205760000000100e+02 1.260270500000000100e+03 1.057991360000000000e+02 -6.070353750000000400e+02 2.737214399999999700e+02
2.836517594818376000e-02 6.532478125000000100e+02 3.796086880000000300e+02 1.260561625000000000e+03 1.058599520000000100e+02 -6.073138125000000400e+02 2.737487360000000100e+02
2.840277097746275000e-02 6.532665624999999600e+02 3.796503439999999600e+02 1.260777499999999900e+03 1.058833360000000000e+02 -6.075109374999999500e+02 2.737670079999999800e+02
2.844122070387024300e-02 6.538098125000000200e+02 3.795370319999999500e+02 1.261996750000000000e+03 1.057232400000000000e+02 -6.081869375000000000e+02 2.738137919999999800e+02
2.852773142384959100e-02 6.529265624999999300e+02 3.796771919999999900e+02 1.262093249999999900e+03 1.057645200000000000e+02 -6.091666874999999700e+02 2.739126719999999900e+02
2.872238345489688500e-02 6.532545624999999100e+02 3.799697919999999800e+02 1.263201499999999900e+03 1.059436480000000000e+02 -6.099469374999999900e+02 2.740261439999999900e+02
2.883187551347036300e-02 6.532117499999999400e+02 3.800742879999999700e+02 1.263903875000000000e+03 1.059717280000000000e+02 -6.106921250000000300e+02 2.741025599999999800e+02
2.886574900048410900e-02 6.532313749999999600e+02 3.801067600000000100e+02 1.264132750000000000e+03 1.059800720000000100e+02 -6.109013750000000300e+02 2.741266880000000000e+02
2.890039334512601100e-02 6.533905624999998700e+02 3.801112799999999700e+02 1.264592124999999900e+03 1.059489440000000000e+02 -6.112015625000000200e+02 2.741623359999999800e+02
2.891111082791991300e-02 6.535868124999999500e+02 3.800891679999999700e+02 1.264915000000000000e+03 1.059117920000000100e+02 -6.113281875000000100e+02 2.741773759999999800e+02
2.892207284258981400e-02 6.543953750000000600e+02 3.799523840000000000e+02 1.265866125000000000e+03 1.057634560000000100e+02 -6.114707499999999500e+02 2.741889279999999800e+02
2.894673562894083100e-02 6.533598124999999800e+02 3.800202239999999800e+02 1.265502999999999900e+03 1.057693440000000000e+02 -6.121431874999999500e+02 2.742508800000000000e+02
2.900223039154313500e-02 6.528139999999999600e+02 3.801234480000000500e+02 1.265513375000000000e+03 1.058046320000000000e+02 -6.126993750000000300e+02 2.743188160000000300e+02
2.912708836742955400e-02 6.532062500000000700e+02 3.803208720000000100e+02 1.266450250000000100e+03 1.058884240000000000e+02 -6.132440000000000300e+02 2.744324480000000200e+02
2.928159990881243300e-02 6.532818124999998900e+02 3.804614000000000300e+02 1.267433874999999900e+03 1.059188719999999900e+02 -6.141520625000000600e+02 2.745425280000000000e+02
2.932110694447425500e-02 6.534310624999999400e+02 3.804517760000000000e+02 1.267959625000000000e+03 1.058638400000000000e+02 -6.145285625000000200e+02 2.745879360000000100e+02
2.940999544583834300e-02 6.531036250000000800e+02 3.803157360000000200e+02 1.269933250000000000e+03 1.055085360000000100e+02 -6.168296249999999600e+02 2.748072000000000200e+02
2.960999457390754000e-02 6.531686250000001300e+02 3.806722959999999600e+02 1.270924625000000100e+03 1.056889999999999900e+02 -6.177559999999999700e+02 2.749832960000000000e+02
3.005999377650073500e-02 6.532342500000000900e+02 3.811711520000000100e+02 1.273682250000000100e+03 1.058929440000000000e+02 -6.204479999999999800e+02 2.752782080000000100e+02
3.107249081789792400e-02 6.532300000000000200e+02 3.822137359999999800e+02 1.278989875000000000e+03 1.061982160000000000e+02 -6.257598749999999700e+02 2.760155199999999800e+02
3.232545584840507100e-02 6.532276875000000000e+02 3.834953199999999900e+02 1.284077250000000000e+03 1.066934640000000100e+02 -6.308495625000000500e+02 2.768018559999999900e+02
3.360689836252885700e-02 6.532272500000000300e+02 3.846407920000000300e+02 1.288288000000000000e+03 1.069928560000000000e+02 -6.350607499999999800e+02 2.776479360000000200e+02
3.370300637642251200e-02 6.532235625000000700e+02 3.847249839999999500e+02 1.288621000000000100e+03 1.070134319999999900e+02 -6.353974375000000200e+02 2.777115519999999800e+02
3.374805613460703900e-02 6.532293750000001200e+02 3.847646240000000300e+02 1.288779500000000100e+03 1.070232480000000000e+02 -6.355501249999999800e+02 2.777413760000000000e+02
3.380380707346039600e-02 6.532456875000000300e+02 3.848142000000000300e+02 1.288981000000000000e+03 1.070363760000000000e+02 -6.357353124999999600e+02 2.777778240000000100e+02
3.386082492031893700e-02 6.531400000000001000e+02 3.847999920000000300e+02 1.289038375000000100e+03 1.070371440000000000e+02 -6.358983749999999900e+02 2.777628480000000200e+02
3.398911332909440600e-02 6.532021249999999100e+02 3.849356240000000200e+02 1.289513999999999900e+03 1.070728079999999900e+02 -6.363118749999999900e+02 2.778628160000000100e+02
3.427776341327672100e-02 6.532313750000000700e+02 3.851996399999999900e+02 1.290530500000000100e+03 1.071307440000000100e+02 -6.372991250000000000e+02 2.780688960000000000e+02
3.492722610268692000e-02 6.532276249999999900e+02 3.857414080000000400e+02 1.292680499999999900e+03 1.072294400000000000e+02 -6.394528749999999500e+02 2.785119680000000200e+02
3.638851598942236700e-02 6.532274999999999600e+02 3.869077839999999900e+02 1.297563375000000000e+03 1.074716880000000000e+02 -6.443358749999999900e+02 2.794360960000000200e+02
3.819686181670434900e-02 6.532271250000000000e+02 3.882591520000000300e+02 1.303572375000000000e+03 1.077608480000000000e+02 -6.503452499999999600e+02 2.804983040000000200e+02
3.921405852787078500e-02 6.532264374999999700e+02 3.889987280000000300e+02 1.306911499999999900e+03 1.079034320000000000e+02 -6.536850624999999600e+02 2.810952960000000200e+02
3.978623051346440200e-02 6.532264374999998600e+02 3.894067440000000000e+02 1.308760624999999900e+03 1.079727599999999900e+02 -6.555341875000000300e+02 2.814339840000000100e+02
4.010807638203268300e-02 6.532246875000000700e+02 3.896314479999999800e+02 1.309814000000000100e+03 1.080082160000000000e+02 -6.565893125000000100e+02 2.816232319999999700e+02
4.015333573896806600e-02 6.532266250000000100e+02 3.896632080000000000e+02 1.309960000000000000e+03 1.080142800000000000e+02 -6.567333750000000200e+02 2.816489280000000100e+02
4.019962445865766400e-02 6.533063124999999900e+02 3.896980160000000000e+02 1.310187625000000000e+03 1.080284800000000000e+02 -6.568813125000000400e+02 2.816695359999999900e+02
4.021394703996632900e-02 6.533827499999999900e+02 3.897109440000000400e+02 1.310311124999999900e+03 1.080381120000000000e+02 -6.569283749999999600e+02 2.816728320000000300e+02
4.022200028974931600e-02 6.534710624999999000e+02 3.897199120000000200e+02 1.310421499999999900e+03 1.080468880000000000e+02 -6.569504375000000200e+02 2.816730240000000000e+02
4.023023984953306300e-02 6.539783749999999100e+02 3.897125039999999700e+02 1.310838749999999900e+03 1.080541999999999900e+02 -6.568603749999999800e+02 2.816583039999999900e+02
4.024877303685897600e-02 6.538293124999999000e+02 3.896678880000000000e+02 1.310889124999999900e+03 1.080431840000000000e+02 -6.570598125000000200e+02 2.816247040000000100e+02
4.029048318827982400e-02 6.528033750000000700e+02 3.896943680000000500e+02 1.310309375000000000e+03 1.080520640000000000e+02 -6.575059999999999700e+02 2.816423040000000200e+02
4.038432287791418600e-02 6.531222500000001200e+02 3.897877680000000300e+02 1.310797250000000100e+03 1.080744880000000000e+02 -6.576749999999999500e+02 2.817132800000000000e+02
4.059546334402901900e-02 6.532484375000000200e+02 3.899513920000000000e+02 1.311512625000000100e+03 1.080952320000000000e+02 -6.582641875000000500e+02 2.818561599999999900e+02
4.097551245683570000e-02 6.532287499999999900e+02 3.902129919999999900e+02 1.312576125000000000e+03 1.081260160000000100e+02 -6.593473750000000600e+02 2.820869759999999900e+02
4.109427576682216100e-02 6.532276249999999900e+02 3.902940879999999900e+02 1.312932000000000000e+03 1.081366800000000000e+02 -6.597043750000000300e+02 2.821574079999999800e+02
4.116108187534579100e-02 6.532377500000001200e+02 3.903404879999999900e+02 1.313148750000000100e+03 1.081446799999999900e+02 -6.599109999999999400e+02 2.821958080000000000e+02
4.124375693818443200e-02 6.533125000000000000e+02 3.904011520000000200e+02 1.313550375000000000e+03 1.081698240000000100e+02 -6.602378750000000300e+02 2.822313280000000200e+02
4.126489380777100700e-02 6.534014374999999300e+02 3.904208879999999900e+02 1.313752999999999900e+03 1.081861360000000000e+02 -6.603515625000000000e+02 2.822347520000000100e+02
4.131245409321581500e-02 6.534361875000000700e+02 3.904496240000000300e+02 1.314263625000000000e+03 1.082382000000000100e+02 -6.608274374999999700e+02 2.822114240000000200e+02
4.141946589990413300e-02 6.530346249999998900e+02 3.904979599999999800e+02 1.314390124999999900e+03 1.082405200000000000e+02 -6.613555000000000100e+02 2.822574399999999700e+02
4.166023431389032100e-02 6.532367500000000300e+02 3.906772720000000200e+02 1.315208750000000000e+03 1.082590640000000000e+02 -6.619719999999999800e+02 2.824182079999999900e+02
4.220197256085928000e-02 6.532283125000000200e+02 3.910464319999999800e+02 1.316727625000000000e+03 1.082817280000000000e+02 -6.634993124999999700e+02 2.827647039999999900e+02
4.287237649435525500e-02 6.532275624999998600e+02 3.914838960000000200e+02 1.318876749999999900e+03 1.083363120000000100e+02 -6.656491875000000400e+02 2.831475839999999900e+02
4.324947725139986100e-02 6.532224999999999700e+02 3.917246880000000100e+02 1.319877999999999900e+03 1.083400480000000000e+02 -6.666554999999999600e+02 2.833846399999999900e+02
4.346159584501870000e-02 6.532272500000000300e+02 3.918580799999999700e+02 1.320398500000000000e+03 1.083336640000000000e+02 -6.671712499999999900e+02 2.835244159999999700e+02
4.351583068624084700e-02 6.532278750000000400e+02 3.918917759999999900e+02 1.320528125000000000e+03 1.083315200000000000e+02 -6.673002500000000100e+02 2.835602559999999800e+02
4.354633894886580900e-02 6.532359375000000900e+02 3.919110479999999900e+02 1.320602875000000000e+03 1.083306960000000000e+02 -6.673669374999999500e+02 2.835803520000000000e+02
4.357636746323880600e-02 6.532243125000000000e+02 3.919281280000000200e+02 1.320666125000000000e+03 1.083285760000000000e+02 -6.674418124999999700e+02 2.835995520000000200e+02
4.358167729826055400e-02 6.532413124999999400e+02 3.919330880000000000e+02 1.320687124999999900e+03 1.083291840000000000e+02 -6.674458124999999900e+02 2.836039040000000000e+02
4.358466291602278200e-02 6.532664375000000500e+02 3.919374480000000200e+02 1.320708000000000100e+03 1.083304080000000100e+02 -6.674415625000000300e+02 2.836070399999999800e+02
4.358771840003530100e-02 6.533812500000000200e+02 3.919440080000000000e+02 1.320745500000000000e+03 1.083333520000000000e+02 -6.673642499999999700e+02 2.836106560000000100e+02
4.359458858131343800e-02 6.561638749999998500e+02 3.917212880000000200e+02 1.321477124999999900e+03 1.083207120000000000e+02 -6.653132500000000400e+02 2.834005760000000000e+02
4.361005231137677500e-02 6.544220000000000300e+02 3.917011200000000000e+02 1.321011500000000100e+03 1.082791359999999900e+02 -6.665895000000000400e+02 2.834219840000000100e+02
4.364484104626927000e-02 6.524676250000000000e+02 3.918444480000000000e+02 1.320410875000000000e+03 1.083047040000000000e+02 -6.679432500000000300e+02 2.835397439999999800e+02
4.372311453533988400e-02 6.528874999999999300e+02 3.919447840000000300e+02 1.320674749999999900e+03 1.083279200000000100e+02 -6.677872499999999700e+02 2.836168640000000200e+02
4.389923337906126400e-02 6.533048125000000300e+02 3.920688800000000400e+02 1.321333750000000000e+03 1.083228960000000000e+02 -6.680289374999999800e+02 2.837459840000000200e+02
4.411717881795396800e-02 6.532240625000000600e+02 3.922190319999999700e+02 1.321797250000000100e+03 1.082978480000000000e+02 -6.685731875000000200e+02 2.839211839999999800e+02
4.417290413918221300e-02 6.532263125000000600e+02 3.922562399999999900e+02 1.321932125000000000e+03 1.082924000000000000e+02 -6.687058124999999800e+02 2.839638400000000000e+02
4.420425079681061100e-02 6.532301875000000600e+02 3.922763999999999700e+02 1.322009125000000000e+03 1.082894560000000000e+02 -6.687789374999999800e+02 2.839869439999999900e+02
4.424304053896949800e-02 6.532407500000000500e+02 3.923005039999999900e+02 1.322107250000000000e+03 1.082863600000000000e+02 -6.688664999999999700e+02 2.840141439999999900e+02
4.428271059588198600e-02 6.532935625000000100e+02 3.923237199999999800e+02 1.322221000000000000e+03 1.082874640000000000e+02 -6.689274375000000000e+02 2.840362559999999800e+02
4.437197171724759800e-02 6.531928124999999500e+02 3.923632160000000200e+02 1.322358999999999900e+03 1.082714720000000000e+02 -6.691661874999999800e+02 2.840917440000000100e+02
4.457280924032023400e-02 6.532344375000000100e+02 3.924833680000000400e+02 1.322859375000000000e+03 1.082424720000000100e+02 -6.696249374999999900e+02 2.842408960000000200e+02
4.482134212358821600e-02 6.532348124999999800e+02 3.926288160000000300e+02 1.323468499999999900e+03 1.081992160000000100e+02 -6.702336874999999700e+02 2.844295999999999900e+02
4.485629387973138300e-02 6.532517500000000200e+02 3.926486720000000300e+02 1.323559125000000000e+03 1.081940480000000000e+02 -6.703073749999999800e+02 2.844546240000000200e+02
4.489203745337778900e-02 6.536608125000001300e+02 3.925822000000000000e+02 1.323800625000000100e+03 1.081778800000000000e+02 -6.701398124999999500e+02 2.844043199999999800e+02
4.497246282295721400e-02 6.528774374999999300e+02 3.926408239999999500e+02 1.323526625000000000e+03 1.081761840000000100e+02 -6.706491875000000400e+02 2.844646399999999700e+02
4.515342106894841600e-02 6.532771250000000700e+02 3.927577600000000200e+02 1.324285875000000000e+03 1.081399040000000000e+02 -6.710087499999999600e+02 2.846178560000000200e+02
4.525520688011533400e-02 6.532354374999999900e+02 3.928209200000000000e+02 1.324567125000000000e+03 1.081070000000000000e+02 -6.713316875000000400e+02 2.847139199999999700e+02
4.528669792799432100e-02 6.532252500000000700e+02 3.928410000000000100e+02 1.324654500000000100e+03 1.080969999999999900e+02 -6.714292500000000200e+02 2.847440000000000300e+02
4.530441135131687400e-02 6.532240624999999500e+02 3.928524719999999800e+02 1.324708249999999900e+03 1.080916400000000000e+02 -6.714841874999999600e+02 2.847608319999999900e+02
4.531437893635769500e-02 6.532356875000000400e+02 3.928599360000000000e+02 1.324746750000000000e+03 1.080893760000000000e+02 -6.715110624999999800e+02 2.847705599999999900e+02
4.532456543564942300e-02 6.533521875000000100e+02 3.928775040000000400e+02 1.324847125000000000e+03 1.080935360000000000e+02 -6.714949374999999900e+02 2.847839680000000200e+02
4.534749553899334500e-02 6.533399999999999200e+02 3.928837680000000300e+02 1.324887125000000000e+03 1.080889520000000100e+02 -6.715471250000000500e+02 2.847948160000000300e+02
4.539908477820465300e-02 6.531305625000001100e+02 3.928964479999999600e+02 1.324908875000000100e+03 1.080667840000000000e+02 -6.717783124999999700e+02 2.848296639999999800e+02
4.551515590868007700e-02 6.532286875000000900e+02 3.929618400000000000e+02 1.325310500000000000e+03 1.080380320000000000e+02 -6.720818124999999600e+02 2.849238080000000100e+02
4.577632526774983600e-02 6.532274999999999600e+02 3.931149040000000200e+02 1.326003125000000000e+03 1.079957359999999900e+02 -6.727756249999999900e+02 2.851191680000000000e+02
4.636395166790674400e-02 6.532258125000000700e+02 3.934711439999999800e+02 1.327325000000000000e+03 1.079443280000000000e+02 -6.740991874999999700e+02 2.855268160000000000e+02
4.768610524607228700e-02 6.532273124999999300e+02 3.943014719999999900e+02 1.329639375000000000e+03 1.079555520000000000e+02 -6.764120625000000500e+02 2.863459199999999800e+02
4.932227501502404300e-02 6.532258749999998600e+02 3.953230080000000200e+02 1.332095499999999900e+03 1.080139839999999900e+02 -6.788696250000000400e+02 2.873090240000000200e+02
5.099562760237809400e-02 6.532276249999999900e+02 3.963680319999999700e+02 1.334463375000000000e+03 1.080656319999999900e+02 -6.812357500000000500e+02 2.883023999999999800e+02
5.151332254374857400e-02 6.532271874999999000e+02 3.966877439999999500e+02 1.335170249999999900e+03 1.080791040000000000e+02 -6.819430625000000000e+02 2.886086399999999800e+02
5.180452507494133500e-02 6.532290624999999400e+02 3.968676560000000100e+02 1.335582375000000000e+03 1.080917520000000000e+02 -6.823533125000000200e+02 2.887759040000000300e+02
5.196832882761227800e-02 6.532197499999999800e+02 3.969672880000000000e+02 1.335805499999999900e+03 1.080991279999999900e+02 -6.825857499999999600e+02 2.888681599999999900e+02
5.206046843848968100e-02 6.532247499999999700e+02 3.970238960000000400e+02 1.335925000000000000e+03 1.081023600000000000e+02 -6.827002499999999800e+02 2.889215360000000000e+02
5.211229522295196500e-02 6.532289375000000300e+02 3.970557680000000600e+02 1.335991375000000100e+03 1.081041840000000000e+02 -6.827624375000000300e+02 2.889515840000000300e+02
5.216530041816907400e-02 6.532375000000000700e+02 3.970884320000000100e+02 1.336063000000000100e+03 1.081065440000000000e+02 -6.828255000000000300e+02 2.889818880000000300e+02
5.219511467604119600e-02 6.532606874999999000e+02 3.971078559999999700e+02 1.336119124999999900e+03 1.081095200000000000e+02 -6.828584375000000400e+02 2.889983359999999900e+02
5.221188723385988800e-02 6.532892499999999200e+02 3.971195520000000000e+02 1.336163749999999900e+03 1.081125760000000000e+02 -6.828745000000000100e+02 2.890069760000000100e+02
5.224962432451446500e-02 6.533545625000000400e+02 3.971400560000000200e+02 1.336265625000000000e+03 1.081215280000000000e+02 -6.829110624999999600e+02 2.890185280000000000e+02
5.233452579186222100e-02 6.531348750000000800e+02 3.971717280000000300e+02 1.336225875000000100e+03 1.081154720000000000e+02 -6.830910000000000100e+02 2.890562560000000200e+02
5.252556340889471400e-02 6.532349375000000000e+02 3.972932240000000100e+02 1.336499875000000000e+03 1.081238480000000000e+02 -6.832649374999999700e+02 2.891693760000000000e+02
5.295539455390529900e-02 6.532288125000001200e+02 3.975609039999999900e+02 1.337021750000000100e+03 1.081472400000000000e+02 -6.837929374999999900e+02 2.894136639999999800e+02
5.392251579461662700e-02 6.532260624999999000e+02 3.981473760000000100e+02 1.338016249999999900e+03 1.081847520000000000e+02 -6.847901875000000000e+02 2.899626240000000100e+02
5.609853742177960800e-02 6.532275624999999800e+02 3.994339999999999700e+02 1.339600500000000000e+03 1.082034080000000000e+02 -6.863729375000000300e+02 2.912305920000000000e+02
6.001537914532299700e-02 6.532271874999999000e+02 4.017072799999999700e+02 1.342683874999999900e+03 1.082794399999999900e+02 -6.894566875000000400e+02 2.934278400000000000e+02
6.270820608360282200e-02 6.532264374999999700e+02 4.032346240000000000e+02 1.344410750000000000e+03 1.083195200000000000e+02 -6.911843125000000300e+02 2.949151039999999900e+02
6.308688116015387400e-02 6.532263125000000600e+02 4.034492319999999900e+02 1.344652125000000100e+03 1.083274720000000000e+02 -6.914258125000000100e+02 2.951217599999999900e+02
6.329988938402635000e-02 6.532269374999999600e+02 4.035694399999999900e+02 1.344784249999999900e+03 1.083316160000000000e+02 -6.915573124999999700e+02 2.952378239999999900e+02
6.351773701016864800e-02 6.532318749999999500e+02 4.036845280000000000e+02 1.344853750000000000e+03 1.083314720000000100e+02 -6.916218750000000500e+02 2.953530559999999800e+02
6.400789533342635100e-02 6.532275625000000900e+02 4.039617519999999900e+02 1.345120750000000000e+03 1.083382640000000000e+02 -6.918931874999999500e+02 2.956234880000000100e+02
6.511075272519364900e-02 6.532274375000000600e+02 4.045801280000000000e+02 1.345743750000000100e+03 1.083571840000000000e+02 -6.925163125000000300e+02 2.962229439999999800e+02
6.647553403153379200e-02 6.532263125000000600e+02 4.053298160000000500e+02 1.346471500000000100e+03 1.083742000000000000e+02 -6.932451875000000400e+02 2.969556160000000200e+02
6.682448334746309000e-02 6.532275624999999800e+02 4.055194559999999900e+02 1.346666125000000000e+03 1.083788800000000000e+02 -6.934385624999999900e+02 2.971405760000000100e+02
6.702077024876708400e-02 6.532271250000000000e+02 4.056250160000000200e+02 1.346762500000000000e+03 1.083805360000000100e+02 -6.935353750000000400e+02 2.972444800000000100e+02
6.708149333576579600e-02 6.532325624999999700e+02 4.056560240000000000e+02 1.346766875000000000e+03 1.083795440000000000e+02 -6.935343125000000600e+02 2.972764799999999900e+02
6.709003564930078600e-02 6.532373749999999300e+02 4.056604639999999900e+02 1.346766374999999900e+03 1.083795040000000000e+02 -6.935290000000000000e+02 2.972809599999999900e+02
6.709876893058655500e-02 6.532651875000000200e+02 4.056659119999999900e+02 1.346768875000000000e+03 1.083799280000000100e+02 -6.935036874999999600e+02 2.972859839999999800e+02
6.710367819910666200e-02 6.533498749999998800e+02 4.056681679999999800e+02 1.346792999999999900e+03 1.083798160000000100e+02 -6.934431250000000100e+02 2.972883519999999700e+02
6.711473103990194000e-02 6.547119374999998600e+02 4.055138880000000100e+02 1.347214874999999900e+03 1.083330560000000000e+02 -6.925029375000000300e+02 2.971808320000000100e+02
6.713960342500381600e-02 6.533985000000000100e+02 4.055526239999999800e+02 1.346649500000000000e+03 1.083255200000000000e+02 -6.932509999999999800e+02 2.972271040000000000e+02
6.719556163373302500e-02 6.527253125000000900e+02 4.056238000000000200e+02 1.346184500000000100e+03 1.083455280000000000e+02 -6.934591874999999800e+02 2.972782720000000200e+02
6.732146527449872600e-02 6.532605625000001100e+02 4.057177120000000100e+02 1.346614250000000100e+03 1.083658400000000100e+02 -6.933536874999999800e+02 2.973518720000000100e+02
6.760475428840907700e-02 6.532343750000000000e+02 4.058812080000000200e+02 1.346773250000000000e+03 1.083630320000000000e+02 -6.935388749999999600e+02 2.975181759999999800e+02
6.824215340526985900e-02 6.532266875000000300e+02 4.062315440000000400e+02 1.347163250000000100e+03 1.083627440000000100e+02 -6.939365625000000400e+02 2.978688000000000200e+02
6.967630258264413700e-02 6.532275625000000900e+02 4.069956799999999900e+02 1.348224875000000100e+03 1.083767040000000000e+02 -6.949973125000000200e+02 2.986189759999999800e+02
7.000000223572001900e-02 6.532267500000000400e+02 4.071657280000000000e+02 1.348471375000000100e+03 1.083784000000000000e+02 -6.952446250000000400e+02 2.987873280000000000e+02
