0.000000000000000000e+00 0.000000000000000000e+00 0.000000000000000000e+00 0.000000000000000000e+00 0.000000000000000000e+00 0.000000000000000000e+00 0.000000000000000000e+00
6.411330762450892000e-09 7.873369843750000400e+02 8.251647949218760800e-06 6.313605625000000100e+02 8.331370544433594200e-05 1.559764218750000000e+02 -7.506205749511718200e-05
1.400006268632863400e-03 7.873361875000000500e+02 4.354995000000000300e+01 6.315423749999999900e+02 2.924870200000000200e+01 1.557938125000000000e+02 1.430124799999999900e+01
2.056256173148988000e-03 7.873366093750000800e+02 6.394283800000000200e+01 6.319426875000000300e+02 4.290909200000000100e+01 1.553939218749999900e+02 2.103374600000000100e+01
2.207373088096087600e-03 7.873481562499999900e+02 6.859373199999998900e+01 6.322115000000000000e+02 4.597789199999999700e+01 1.551366562499999900e+02 2.261583999999999900e+01
2.220350744086744300e-03 7.873497499999999700e+02 6.898767800000000200e+01 6.322433125000000000e+02 4.623529599999999800e+01 1.551064375000000000e+02 2.275238200000000100e+01
2.249550324511033400e-03 7.873431249999999900e+02 6.987809799999999400e+01 6.323141249999999900e+02 4.681626399999999700e+01 1.550290000000000000e+02 2.306183400000000100e+01
2.265975152179871900e-03 7.873424843750000300e+02 7.037802600000000600e+01 6.323599375000000000e+02 4.714144000000000300e+01 1.549825468750000000e+02 2.323658599999999900e+01
2.302930905268742700e-03 7.873475312499999700e+02 7.149547200000000700e+01 6.324945625000000300e+02 4.786117600000000000e+01 1.548529687500000000e+02 2.363429599999999900e+01
2.386081349718701900e-03 7.873442343749999300e+02 7.399239800000000900e+01 6.328976874999999600e+02 4.944187600000000100e+01 1.544465468750000000e+02 2.455052200000000100e+01
2.392317494775495000e-03 7.873472500000000300e+02 7.417846400000000500e+01 6.329339999999999700e+02 4.955878400000000300e+01 1.544132500000000100e+02 2.461967999999999900e+01
2.400112967205863000e-03 7.873459531250000500e+02 7.441134999999999900e+01 6.329759374999999900e+02 4.970504400000000100e+01 1.543700156250000100e+02 2.470630600000000100e+01
2.417652452676142400e-03 7.873460937499999100e+02 7.493406400000000600e+01 6.330773749999999600e+02 5.003222399999999900e+01 1.542687187500000100e+02 2.490184000000000000e+01
2.457116549704974300e-03 7.873465625000000000e+02 7.610071999999999500e+01 6.333360000000000100e+02 5.075506800000000100e+01 1.540105624999999900e+02 2.534565200000000100e+01
2.504473058586446600e-03 7.873386093750000300e+02 7.749864600000000800e+01 6.336594999999999800e+02 5.161716400000000200e+01 1.536791093750000000e+02 2.588148199999999800e+01
2.526671604067996900e-03 7.873432031249999500e+02 7.815106199999999600e+01 6.338262499999999600e+02 5.201767199999999700e+01 1.535169531249999900e+02 2.613338999999999900e+01
2.576618113069452800e-03 7.873663749999999500e+02 7.958281399999999900e+01 6.342956249999999700e+02 5.287916800000000000e+01 1.530707500000000000e+02 2.670364599999999900e+01
2.638427038041372200e-03 7.873911406249999300e+02 8.130324400000000700e+01 6.350389374999999700e+02 5.387924000000000300e+01 1.523522031249999900e+02 2.742400400000000000e+01
2.673194521949405000e-03 7.874376875000000400e+02 8.219044800000000400e+01 6.356982500000000300e+02 5.434120399999999800e+01 1.517394375000000100e+02 2.784924399999999900e+01
2.682084128970191700e-03 7.874944687500000100e+02 8.239440400000000900e+01 6.359491249999999800e+02 5.443310400000000000e+01 1.515453437500000000e+02 2.796130000000000100e+01
2.687084223615672200e-03 7.877189218749999800e+02 8.246947399999999100e+01 6.363086250000000100e+02 5.444346399999999900e+01 1.514102968750000000e+02 2.802600999999999900e+01
2.689896922408442800e-03 7.880804687500000200e+02 8.246745400000000400e+01 6.367680625000000400e+02 5.440393999999999900e+01 1.513124062500000100e+02 2.806351400000000100e+01
2.691479101868048400e-03 7.884707187500000600e+02 8.243387799999999300e+01 6.372266875000000300e+02 5.434870399999999800e+01 1.512440312500000100e+02 2.808517399999999900e+01
2.695039078429505300e-03 7.945642812500000200e+02 8.157323800000000300e+01 6.437050000000000400e+02 5.343244399999999700e+01 1.508592812500000100e+02 2.814079400000000000e+01
2.703048370696686000e-03 7.923741406250001100e+02 8.041701799999999900e+01 6.442318125000000500e+02 5.206540400000000100e+01 1.481423281250000100e+02 2.835161400000000100e+01
2.721069787739251900e-03 7.875543906250000000e+02 8.128941199999999900e+01 6.421398749999999600e+02 5.243733600000000200e+01 1.454145156250000100e+02 2.885207600000000000e+01
2.761618121639713000e-03 7.857675781250000000e+02 8.270074999999999900e+01 6.436983125000000400e+02 5.288566399999999800e+01 1.420692656250000100e+02 2.981508600000000100e+01
2.852851217919653700e-03 7.872506249999999000e+02 8.520594599999999700e+01 6.499629999999999700e+02 5.371580000000000200e+01 1.372876249999999900e+02 3.149014599999999900e+01
3.058126412322960900e-03 7.873737812499999800e+02 8.952468400000000800e+01 6.576243749999999900e+02 5.532363600000000000e+01 1.297494062499999900e+02 3.420104800000000000e+01
3.519995017511649800e-03 7.873301640624999900e+02 9.986519599999999700e+01 6.770898124999999900e+02 5.906960399999999800e+01 1.102403515625000000e+02 4.079559199999999900e+01
3.779796162513295600e-03 7.873142812500000200e+02 1.053716520000000100e+02 6.889984375000000200e+02 6.086587200000000300e+01 9.831584374999999900e+01 4.450578000000000100e+01
4.364348738766997800e-03 7.873457343750000100e+02 1.174537200000000000e+02 7.145728125000000500e+02 6.484481200000000500e+01 7.277292187499999400e+01 5.260890800000000000e+01
4.693159690270057800e-03 7.873404960937499500e+02 1.239988080000000000e+02 7.281404999999999700e+02 6.699289199999999800e+01 5.919999609375000200e+01 5.700591599999999900e+01
4.878115741324511900e-03 7.873380585937499100e+02 1.275919240000000100e+02 7.356760624999999400e+02 6.814716000000000000e+01 5.166199609374999800e+01 5.944476399999999900e+01
5.294267074529067900e-03 7.873446679687499500e+02 1.353214840000000000e+02 7.536682499999999400e+02 7.043197600000000600e+01 3.367641796875000200e+01 6.488950800000000600e+01
5.423013689462664900e-03 7.873357851562499300e+02 1.376957080000000000e+02 7.587782499999999600e+02 7.117518400000000200e+01 2.855753515625000100e+01 6.652052399999999500e+01
5.495434133415548100e-03 7.873706992187500200e+02 1.389868400000000000e+02 7.616382499999999700e+02 7.157768000000000100e+01 2.573244921874999800e+01 6.740916000000000000e+01
5.513950436397641200e-03 7.873929296874999900e+02 1.393072400000000100e+02 7.623723125000000200e+02 7.168017600000000300e+01 2.502061718750000100e+01 6.762706400000000400e+01
5.524365747659052600e-03 7.874070683593749900e+02 1.394858480000000000e+02 7.627847500000000300e+02 7.174008000000000600e+01 2.462231835937500100e+01 6.774576799999999800e+01
5.530224614964300200e-03 7.874919667968749800e+02 1.395894960000000000e+02 7.630955000000000200e+02 7.177938399999999300e+01 2.439646679687500000e+01 6.781011200000000400e+01
5.543406629737043600e-03 7.893559277343749700e+02 1.395948880000000000e+02 7.660316249999999600e+02 7.166696799999999700e+01 2.332430273437499900e+01 6.792792000000000000e+01
5.559719816960112700e-03 7.879083359375000600e+02 1.395171200000000100e+02 7.661481250000000500e+02 7.146621600000000300e+01 2.176021093749999800e+01 6.805090400000000300e+01
5.576403295309698300e-03 7.868232871093750900e+02 1.396430000000000000e+02 7.666436875000000600e+02 7.142767999999999500e+01 2.017959960937500000e+01 6.821532000000000600e+01
5.613941849369705500e-03 7.863251445312499800e+02 1.404708400000000100e+02 7.676958750000000000e+02 7.182182400000000700e+01 1.862926953124999900e+01 6.864901600000000300e+01
5.698402577121907500e-03 7.874964287109374900e+02 1.420030239999999800e+02 7.716333124999999900e+02 7.248160000000000000e+01 1.586311621093750000e+01 6.952142399999999600e+01
5.888439942337800300e-03 7.873567363281250700e+02 1.453812879999999800e+02 7.779939375000000200e+02 7.371221599999999800e+01 9.362798828124999400e+00 7.166907200000000000e+01
6.316024305182936200e-03 7.873366284179687700e+02 1.528443599999999900e+02 7.944663749999999700e+02 7.605412800000000600e+01 -7.129746582031249800e+00 7.679023200000000300e+01
6.845159262819022600e-03 7.873390097656250600e+02 1.616616960000000100e+02 8.144844375000000100e+02 7.873619999999999700e+01 -2.714542773437500100e+01 8.292549599999999500e+01
7.386320531004369000e-03 7.873389492187500300e+02 1.703668400000000200e+02 8.341991874999999900e+02 8.130082400000000600e+01 -4.686023828124999800e+01 8.906601600000000500e+01
8.056007170997405900e-03 7.873361406249999800e+02 1.808231599999999700e+02 8.583160000000000300e+02 8.434927999999999300e+01 -7.097985937500000400e+01 9.647387999999999400e+01
8.432705614884112800e-03 7.873394843750001000e+02 1.865594320000000200e+02 8.719137500000000500e+02 8.600205599999999600e+01 -8.457426562499999500e+01 1.005573760000000000e+02
8.529020898653620300e-03 7.873386328125000100e+02 1.879998719999999800e+02 8.753664999999999700e+02 8.642517599999999300e+01 -8.802786718749999300e+01 1.015746960000000000e+02
8.648210974985571400e-03 7.873413906250000300e+02 1.897608879999999900e+02 8.798758125000000500e+02 8.695535999999999900e+01 -9.253442187500000700e+01 1.028055280000000000e+02
8.678685468922897300e-03 7.874021562499999600e+02 1.902199520000000100e+02 8.812943749999999500e+02 8.710720000000000600e+01 -9.389221874999999800e+01 1.031127520000000000e+02
8.747253371391251100e-03 7.872633515625000200e+02 1.911338160000000000e+02 8.845223750000000100e+02 8.739461599999999900e+01 -9.725902343750000500e+01 1.037392000000000000e+02
8.901531443054423700e-03 7.873468281250000000e+02 1.933898879999999800e+02 8.897158124999999700e+02 8.809320800000000400e+01 -1.023689843750000000e+02 1.052966799999999900e+02
8.949261154156174000e-03 7.873625078124999800e+02 1.940868160000000000e+02 8.913471250000000100e+02 8.829728000000000100e+01 -1.039846171875000100e+02 1.057895360000000000e+02
8.961465041424912200e-03 7.873589062500000200e+02 1.942641120000000100e+02 8.917507500000000400e+02 8.834836000000000000e+01 -1.043918437500000100e+02 1.059157520000000000e+02
8.968329400515527600e-03 7.873642109375000500e+02 1.943640639999999800e+02 8.919801250000000400e+02 8.837748000000000600e+01 -1.046159140625000000e+02 1.059865839999999900e+02
8.972190675281342700e-03 7.873824218749999800e+02 1.944201439999999900e+02 8.921139375000000200e+02 8.839429599999999700e+01 -1.047315156250000000e+02 1.060258480000000000e+02
8.974362933446491600e-03 7.874061093750000300e+02 1.944515680000000100e+02 8.921936875000000100e+02 8.840415199999999600e+01 -1.047875781250000000e+02 1.060474160000000000e+02
8.979249495435257000e-03 7.877482656249999300e+02 1.945206719999999900e+02 8.924781874999999900e+02 8.843569599999999300e+01 -1.047299218750000000e+02 1.060849760000000000e+02
8.990245278792795300e-03 7.880532734375000200e+02 1.946461919999999900e+02 8.928761875000000100e+02 8.848446400000000300e+01 -1.048229140625000000e+02 1.061617280000000000e+02
9.014985500237880300e-03 7.871374843749999900e+02 1.949304159999999800e+02 8.931345000000000000e+02 8.852968799999999300e+01 -1.059970156250000000e+02 1.064007280000000000e+02
9.070651435153388000e-03 7.871771406249999900e+02 1.957868080000000100e+02 8.950851874999999600e+02 8.878699199999999800e+01 -1.079080468750000000e+02 1.069998160000000000e+02
9.195898915385152300e-03 7.873559999999999900e+02 1.976579439999999900e+02 8.995496875000000000e+02 8.933851199999999400e+01 -1.121936875000000000e+02 1.083194320000000100e+02
9.477706182570684900e-03 7.873359531250000600e+02 2.018706000000000200e+02 9.093535000000000500e+02 9.056590400000000300e+01 -1.220175468749999900e+02 1.113046960000000100e+02
9.826442406436609500e-03 7.873236875000000100e+02 2.070140480000000000e+02 9.209451249999999600e+02 9.205870400000000600e+01 -1.336214375000000100e+02 1.149553440000000000e+02
9.848733233590412800e-03 7.873308906249999400e+02 2.073467359999999900e+02 9.216945624999999600e+02 9.215443999999999400e+01 -1.343636718749999900e+02 1.151922960000000000e+02
9.855630196931163000e-03 7.873392343750000500e+02 2.074495519999999800e+02 9.219275000000000100e+02 9.218420000000000400e+01 -1.345882656249999900e+02 1.152653519999999900e+02
9.862683194897551800e-03 7.874483749999999400e+02 2.075521119999999900e+02 9.221879374999999800e+02 9.221652799999999700e+01 -1.347395625000000100e+02 1.153355840000000000e+02
9.878553313650055600e-03 7.875668124999999700e+02 2.077595519999999900e+02 9.226694999999999700e+02 9.227686400000000300e+01 -1.351026875000000000e+02 1.154826880000000000e+02
9.914259625296307700e-03 7.872298437499999900e+02 2.082709199999999900e+02 9.236686250000000200e+02 9.241151200000000200e+01 -1.364387812500000100e+02 1.158594080000000000e+02
9.994598826500377200e-03 7.873334687499999500e+02 2.094832880000000200e+02 9.264513124999999700e+02 9.276384799999999600e+01 -1.391178437499999900e+02 1.167194400000000100e+02
1.017536261142828500e-02 7.873367343750001100e+02 2.121596240000000100e+02 9.325231250000000500e+02 9.352867200000000000e+01 -1.451863906250000000e+02 1.186309519999999900e+02
1.027704245878226800e-02 7.873391562499999700e+02 2.136568480000000200e+02 9.358647499999999600e+02 9.395992800000000500e+01 -1.485255937500000100e+02 1.196969200000000100e+02
1.050582182421934600e-02 7.873366562500000300e+02 2.169971280000000000e+02 9.433770624999999700e+02 9.491950400000000300e+01 -1.560404062499999900e+02 1.220776240000000000e+02
1.102057656089028100e-02 7.873354843749999600e+02 2.243609199999999900e+02 9.599818749999999500e+02 9.701682400000000000e+01 -1.726463906250000100e+02 1.273440959999999900e+02
1.217877268063425300e-02 7.873359531249999500e+02 2.412232000000000200e+02 9.989417499999999600e+02 1.018301600000000100e+02 -2.116057968750000100e+02 1.393930400000000100e+02
1.361204037881741900e-02 7.873377031249999600e+02 2.615639519999999700e+02 1.045386874999999900e+03 1.074714400000000000e+02 -2.580491718750000100e+02 1.540925120000000000e+02
1.441825382293216900e-02 7.873446562500000700e+02 2.719962239999999800e+02 1.069201375000000100e+03 1.103896800000000000e+02 -2.818567187500000300e+02 1.616065440000000100e+02
1.524278969118446900e-02 7.873408437499999800e+02 2.816103120000000200e+02 1.090265750000000000e+03 1.132102960000000000e+02 -3.029249062499999900e+02 1.684000159999999900e+02
1.626315367236387900e-02 7.873413437499999600e+02 2.924102159999999900e+02 1.115982000000000000e+03 1.166385360000000000e+02 -3.286406562500000100e+02 1.757716800000000000e+02
1.652404240199497800e-02 7.873390624999999500e+02 2.949594400000000300e+02 1.123235124999999900e+03 1.175191200000000000e+02 -3.358960625000000300e+02 1.774403200000000100e+02
1.660475422320057500e-02 7.873336562499999900e+02 2.957265039999999800e+02 1.125492000000000000e+03 1.177711920000000000e+02 -3.381583437499999700e+02 1.779553119999999900e+02
1.662539154909760400e-02 7.874069687500000300e+02 2.958941120000000100e+02 1.126307000000000000e+03 1.177887520000000000e+02 -3.389000312499999800e+02 1.781053599999999900e+02
1.663699982658265300e-02 7.896828749999999700e+02 2.954539360000000000e+02 1.130086125000000000e+03 1.171704800000000000e+02 -3.404032500000000100e+02 1.782834560000000000e+02
1.666311815981463500e-02 7.894766250000001300e+02 2.947937200000000100e+02 1.135310750000000100e+03 1.159442160000000000e+02 -3.458341249999999700e+02 1.788495040000000000e+02
1.669543945163452100e-02 7.878981562500000600e+02 2.944420400000000200e+02 1.140645500000000100e+03 1.148315280000000100e+02 -3.527473437500000300e+02 1.796105120000000000e+02
1.672849550351992000e-02 7.866886874999999000e+02 2.943973839999999900e+02 1.145796499999999900e+03 1.140224719999999900e+02 -3.591078125000000200e+02 1.803749119999999900e+02
1.680287162026206400e-02 7.868080625000000100e+02 2.954680480000000100e+02 1.154826125000000000e+03 1.136881120000000000e+02 -3.680180624999999800e+02 1.817799359999999900e+02
1.697021642738500900e-02 7.871706874999999900e+02 2.971789680000000000e+02 1.162276000000000100e+03 1.140672720000000000e+02 -3.751053125000000300e+02 1.831116959999999900e+02
1.734674544561477100e-02 7.873757812500000500e+02 3.002443600000000300e+02 1.175833875000000000e+03 1.148693840000000000e+02 -3.884580937499999900e+02 1.853749760000000000e+02
1.819393311664735000e-02 7.873415625000000100e+02 3.071064240000000000e+02 1.204937375000000000e+03 1.174033360000000000e+02 -4.175958125000000200e+02 1.897030880000000100e+02
1.902788462656321600e-02 7.873324687500000900e+02 3.127297039999999700e+02 1.230069750000000100e+03 1.197072240000000000e+02 -4.427372812500000200e+02 1.930224800000000000e+02
1.914515978541857600e-02 7.873539062499999100e+02 3.134299520000000100e+02 1.233364499999999900e+03 1.200032000000000100e+02 -4.460105937500000000e+02 1.934267519999999900e+02
1.915458357814467400e-02 7.873664062499999500e+02 3.134862479999999900e+02 1.233635000000000000e+03 1.200270320000000100e+02 -4.462685937499999800e+02 1.934592160000000000e+02
1.916624541975494500e-02 7.874001875000000200e+02 3.135571840000000100e+02 1.233980125000000000e+03 1.200576480000000000e+02 -4.465799375000000300e+02 1.934995360000000100e+02
1.917280469621931000e-02 7.874392187500001200e+02 3.135984879999999700e+02 1.234184625000000100e+03 1.200762000000000000e+02 -4.467454062499999700e+02 1.935222880000000000e+02
1.917951418512179100e-02 7.875129062500000100e+02 3.136423839999999900e+02 1.234411499999999900e+03 1.200965920000000000e+02 -4.468985937499999700e+02 1.935457920000000100e+02
1.919460878849611800e-02 7.874866562500000100e+02 3.137274160000000100e+02 1.234800375000000000e+03 1.201323440000000000e+02 -4.473137187500000200e+02 1.935950719999999900e+02
1.922857310163523700e-02 7.871870000000001300e+02 3.139026320000000400e+02 1.235538250000000100e+03 1.202006800000000100e+02 -4.483512499999999900e+02 1.937019520000000100e+02
1.930499280619825400e-02 7.873319374999998700e+02 3.143557599999999800e+02 1.237807499999999900e+03 1.203964639999999900e+02 -4.504755625000000200e+02 1.939592959999999900e+02
1.947693597702752900e-02 7.873395000000000400e+02 3.153479840000000000e+02 1.242643125000000100e+03 1.208247680000000100e+02 -4.553036250000000100e+02 1.945232159999999900e+02
1.986380869361216100e-02 7.873373437500000600e+02 3.175120000000000000e+02 1.253266000000000100e+03 1.217566240000000000e+02 -4.659286562500000200e+02 1.957553760000000100e+02
2.073427230592758000e-02 7.873386562500001000e+02 3.217953760000000300e+02 1.274710250000000100e+03 1.237030240000000000e+02 -4.873715937499999900e+02 1.980923520000000100e+02
2.122390663230812300e-02 7.873370937500001200e+02 3.238720240000000100e+02 1.286276000000000100e+03 1.246888720000000000e+02 -4.989389062500000000e+02 1.991831520000000100e+02
2.232558561332060100e-02 7.873358124999998600e+02 3.281584320000000000e+02 1.310845499999999900e+03 1.266869120000000100e+02 -5.235096875000000400e+02 2.014715200000000000e+02
2.364760178786057600e-02 7.873369374999999800e+02 3.323234800000000200e+02 1.336881500000000000e+03 1.286913199999999900e+02 -5.495445624999999800e+02 2.036321600000000000e+02
2.612638182401366300e-02 7.873353750000000000e+02 3.378255679999999800e+02 1.377476625000000000e+03 1.314412959999999900e+02 -5.901412500000000100e+02 2.063842720000000100e+02
2.910091647007235700e-02 7.873356875000000600e+02 3.423177120000000300e+02 1.410511500000000100e+03 1.336997440000000100e+02 -6.231758125000000100e+02 2.086179679999999900e+02
2.944949549487513700e-02 7.873355625000000400e+02 3.427251680000000000e+02 1.414167625000000000e+03 1.339393279999999900e+02 -6.268320625000000100e+02 2.087858400000000100e+02
2.988086136851701000e-02 7.873344999999999300e+02 3.432141599999999900e+02 1.418646000000000000e+03 1.342316480000000100e+02 -6.313115000000000200e+02 2.089825120000000100e+02
2.999115456009377200e-02 7.873346249999999600e+02 3.433358240000000000e+02 1.419790874999999900e+03 1.343057120000000000e+02 -6.324562499999999500e+02 2.090301120000000000e+02
3.005319346147288300e-02 7.873358124999999700e+02 3.434035519999999900e+02 1.420434125000000000e+03 1.343470240000000000e+02 -6.330983125000000200e+02 2.090565279999999900e+02
3.008808932461581500e-02 7.873371874999999100e+02 3.434414080000000200e+02 1.420794249999999900e+03 1.343700000000000000e+02 -6.334570625000000100e+02 2.090714079999999900e+02
3.010771941207121900e-02 7.873381249999999900e+02 3.434624639999999500e+02 1.420993375000000000e+03 1.343827839999999900e+02 -6.336552500000000200e+02 2.090796800000000000e+02
3.012704208802536400e-02 7.873124375000001000e+02 3.434722719999999800e+02 1.421102000000000100e+03 1.343872639999999900e+02 -6.337895624999999900e+02 2.090850079999999900e+02
3.013325319767580500e-02 7.873089374999999600e+02 3.434686560000000100e+02 1.421093625000000000e+03 1.343862560000000000e+02 -6.337846875000000200e+02 2.090824000000000100e+02
3.013674651019011500e-02 7.875884374999999400e+02 3.434313440000000200e+02 1.421190374999999900e+03 1.343720000000000100e+02 -6.336019374999999600e+02 2.090593440000000100e+02
3.013871208069816500e-02 7.879892500000000800e+02 3.433782400000000100e+02 1.421331625000000000e+03 1.343518239999999900e+02 -6.333423749999999500e+02 2.090264160000000100e+02
3.014313461434128100e-02 7.935076874999998600e+02 3.425084160000000100e+02 1.422913624999999900e+03 1.339993279999999900e+02 -6.294059375000000500e+02 2.085090879999999900e+02
3.015308356838203300e-02 7.890600624999999600e+02 3.420249200000000100e+02 1.419373624999999900e+03 1.335646160000000000e+02 -6.303135624999999900e+02 2.084603040000000100e+02
3.017546871497372300e-02 7.870616249999999400e+02 3.424044880000000100e+02 1.418516249999999900e+03 1.337972080000000100e+02 -6.314546249999999600e+02 2.086072800000000000e+02
3.022583296593001400e-02 7.861819999999999000e+02 3.427088720000000400e+02 1.418591124999999900e+03 1.339477520000000100e+02 -6.324091250000000200e+02 2.087611200000000100e+02
3.028816064781030700e-02 7.872752499999999100e+02 3.429605040000000100e+02 1.419938249999999900e+03 1.340805039999999900e+02 -6.326630000000000100e+02 2.088800000000000000e+02
3.032321953220390800e-02 7.875899375000000200e+02 3.430737679999999700e+02 1.420484625000000100e+03 1.341348879999999900e+02 -6.328946875000000300e+02 2.089388800000000100e+02
3.035907489185077400e-02 7.899737500000000000e+02 3.419104640000000500e+02 1.421445250000000000e+03 1.332847680000000100e+02 -6.314714999999999900e+02 2.086256960000000000e+02
3.043975177993122500e-02 7.865211249999999800e+02 3.421785280000000300e+02 1.419769875000000000e+03 1.333689599999999900e+02 -6.332487499999999700e+02 2.088095680000000100e+02
3.062127128479972700e-02 7.873116250000000500e+02 3.425003600000000000e+02 1.421335000000000000e+03 1.334974960000000100e+02 -6.340233749999999900e+02 2.090028639999999900e+02
3.072337615184294800e-02 7.874268750000001100e+02 3.426067200000000000e+02 1.421560625000000100e+03 1.335578879999999900e+02 -6.341337499999999600e+02 2.090488320000000000e+02
3.095311501378396000e-02 7.873274374999999700e+02 3.431098000000000100e+02 1.422026875000000000e+03 1.339412560000000100e+02 -6.346994375000000400e+02 2.091685440000000000e+02
3.108234195918827300e-02 7.873733125000000000e+02 3.433161119999999800e+02 1.423040000000000000e+03 1.340575839999999900e+02 -6.356666874999999700e+02 2.092585280000000100e+02
3.137310200412922500e-02 7.873330000000000800e+02 3.436293120000000300e+02 1.425347625000000100e+03 1.341957760000000000e+02 -6.380146250000000200e+02 2.094335360000000000e+02
3.202731326968388100e-02 7.873388750000001400e+02 3.443926080000000000e+02 1.431811875000000100e+03 1.346145760000000000e+02 -6.444729999999999600e+02 2.097780320000000000e+02
3.211931314806071300e-02 7.873156250000000700e+02 3.444730240000000100e+02 1.432551875000000100e+03 1.346544320000000100e+02 -6.452362500000000400e+02 2.098185920000000000e+02
3.217106075077266800e-02 7.878506250000000400e+02 3.441535040000000000e+02 1.433359750000000100e+03 1.343613760000000100e+02 -6.455091250000000400e+02 2.097921279999999900e+02
3.228749751462459100e-02 7.871114375000000800e+02 3.443294879999999700e+02 1.433062875000000100e+03 1.344819840000000100e+02 -6.459514375000000000e+02 2.098475039999999900e+02
3.243158734033978200e-02 7.874245624999998700e+02 3.445555039999999800e+02 1.434101124999999900e+03 1.346405279999999900e+02 -6.466765625000000500e+02 2.099149760000000000e+02
3.257895156431838600e-02 7.873436874999999900e+02 3.446617119999999700e+02 1.435149375000000000e+03 1.346904800000000100e+02 -6.478056874999999800e+02 2.099712319999999900e+02
3.266184321253291800e-02 7.873904999999999700e+02 3.446630079999999900e+02 1.435590500000000000e+03 1.346691840000000000e+02 -6.482000000000000500e+02 2.099938239999999900e+02
3.284835116767185300e-02 7.873185625000001000e+02 3.448232799999999500e+02 1.436848500000000100e+03 1.347533599999999900e+02 -6.495299374999999600e+02 2.100699200000000000e+02
3.295326000022656000e-02 7.873375624999999900e+02 3.449386879999999600e+02 1.437794500000000000e+03 1.348221279999999900e+02 -6.504569374999999800e+02 2.101165599999999900e+02
3.301227369296827500e-02 7.873295624999999500e+02 3.449927520000000000e+02 1.438275625000000000e+03 1.348533920000000100e+02 -6.509460625000000400e+02 2.101393600000000100e+02
3.304546714847923100e-02 7.873215000000000100e+02 3.450177919999999900e+02 1.438528875000000000e+03 1.348673760000000100e+02 -6.512073749999999600e+02 2.101504160000000100e+02
3.306413773943071100e-02 7.874261874999999700e+02 3.450040000000000200e+02 1.438754500000000000e+03 1.348540160000000000e+02 -6.513283125000000400e+02 2.101499839999999900e+02
3.307464096572373300e-02 7.878946875000000300e+02 3.449323680000000000e+02 1.439304875000000000e+03 1.347912480000000000e+02 -6.514101875000000100e+02 2.101411200000000000e+02
3.309827206044552200e-02 7.882474374999999300e+02 3.444487839999999900e+02 1.440113750000000000e+03 1.343838399999999900e+02 -6.518663125000000500e+02 2.100649440000000000e+02
3.315144493466331400e-02 7.865586875000000200e+02 3.445884479999999700e+02 1.438937500000000000e+03 1.345099999999999900e+02 -6.523788124999999800e+02 2.100784480000000100e+02
3.327107924390334400e-02 7.873146249999999800e+02 3.448015839999999900e+02 1.439867000000000000e+03 1.347056000000000000e+02 -6.525523749999999800e+02 2.100959839999999900e+02
3.328033186431624000e-02 7.873994375000000900e+02 3.448182400000000000e+02 1.439972625000000100e+03 1.347198559999999900e+02 -6.525731875000000200e+02 2.100983840000000100e+02
3.328979408347999800e-02 7.875430625000000200e+02 3.448323520000000100e+02 1.440152000000000000e+03 1.347324480000000100e+02 -6.526089375000000200e+02 2.100999040000000100e+02
3.330150599590297300e-02 7.879370624999999100e+02 3.448215520000000000e+02 1.440634624999999900e+03 1.347270719999999900e+02 -6.526975625000000000e+02 2.100944800000000000e+02
3.331348340007703200e-02 7.890187499999999500e+02 3.446429919999999900e+02 1.441989499999999900e+03 1.345806719999999900e+02 -6.529707499999999500e+02 2.100623200000000000e+02
3.334043081281240500e-02 7.873289375000000500e+02 3.445741920000000400e+02 1.440718125000000100e+03 1.345384960000000100e+02 -6.533891875000000500e+02 2.100356960000000000e+02
3.340106307368575400e-02 7.869261250000000700e+02 3.446901759999999500e+02 1.440649875000000100e+03 1.346512319999999900e+02 -6.537237500000000000e+02 2.100389439999999900e+02
3.353748857174455200e-02 7.871706874999999900e+02 3.445521599999999600e+02 1.442564875000000000e+03 1.346404000000000000e+02 -6.553941875000000400e+02 2.099117599999999900e+02
3.384444594237685100e-02 7.873414999999998800e+02 3.450052479999999900e+02 1.444189374999999900e+03 1.350102880000000000e+02 -6.568478750000000400e+02 2.099949599999999900e+02
3.453509711520575500e-02 7.873391874999998700e+02 3.456326400000000400e+02 1.448947124999999900e+03 1.354159040000000100e+02 -6.616079375000000500e+02 2.102167360000000000e+02
3.538977794158153200e-02 7.873385624999999700e+02 3.462727039999999800e+02 1.454432875000000000e+03 1.357638880000000100e+02 -6.670943125000000000e+02 2.105088160000000000e+02
3.587053692530071900e-02 7.873366875000001500e+02 3.465835359999999800e+02 1.457075250000000100e+03 1.359234879999999900e+02 -6.697385624999999400e+02 2.106600479999999900e+02
3.599345727717920300e-02 7.873368749999998500e+02 3.466575840000000400e+02 1.457681374999999900e+03 1.359613760000000000e+02 -6.703445000000000400e+02 2.106962080000000100e+02
3.611445863604982600e-02 7.873346875000000900e+02 3.467287039999999900e+02 1.458258125000000100e+03 1.359981919999999900e+02 -6.709234374999999800e+02 2.107305120000000000e+02
3.613584935301243600e-02 7.873348124999998800e+02 3.467407519999999900e+02 1.458351124999999900e+03 1.360051359999999900e+02 -6.710163125000000300e+02 2.107356159999999900e+02
3.614788265018673000e-02 7.873338750000000300e+02 3.467472960000000100e+02 1.458400750000000000e+03 1.360090559999999900e+02 -6.710668749999999800e+02 2.107382399999999900e+02
3.616018842573713600e-02 7.873329999999999700e+02 3.467516640000000100e+02 1.458438249999999900e+03 1.360128800000000000e+02 -6.711052499999999600e+02 2.107387840000000100e+02
3.616710984226548200e-02 7.874246249999999900e+02 3.467363199999999800e+02 1.458507499999999900e+03 1.360044959999999900e+02 -6.710828749999999400e+02 2.107318239999999900e+02
3.616925240727425500e-02 7.875043124999999700e+02 3.467231840000000000e+02 1.458562500000000000e+03 1.359964320000000000e+02 -6.710581875000000300e+02 2.107267520000000000e+02
3.617144154978322500e-02 7.876969999999998900e+02 3.466944160000000500e+02 1.458694999999999900e+03 1.359779680000000000e+02 -6.709980000000000500e+02 2.107164480000000100e+02
3.617636944930340700e-02 7.931313125000000400e+02 3.458909919999999800e+02 1.462630500000000000e+03 1.354105439999999900e+02 -6.694991874999999500e+02 2.104804480000000000e+02
3.618524013421474400e-02 7.899358750000000100e+02 3.457318239999999600e+02 1.460278125000000000e+03 1.352665600000000000e+02 -6.703422500000000400e+02 2.104652639999999900e+02
3.619632790813515800e-02 7.883954375000000700e+02 3.457849760000000300e+02 1.459135250000000000e+03 1.353026720000000000e+02 -6.707398124999999700e+02 2.104823040000000000e+02
3.622127481723734500e-02 7.867243750000000100e+02 3.459475200000000000e+02 1.458056875000000000e+03 1.354328640000000000e+02 -6.713324999999999800e+02 2.105146560000000000e+02
3.627740769159226700e-02 7.862546875000000500e+02 3.461287680000000400e+02 1.457928875000000100e+03 1.356007200000000000e+02 -6.716741875000000200e+02 2.105280480000000100e+02
3.630898257897159600e-02 7.876214374999999600e+02 3.460464319999999800e+02 1.459045374999999900e+03 1.355548159999999900e+02 -6.714239374999999700e+02 2.104916159999999900e+02
3.638002491113757900e-02 7.872219999999999800e+02 3.456527360000000000e+02 1.458785500000000000e+03 1.353168800000000000e+02 -6.715634999999999800e+02 2.103358560000000100e+02
3.653987190516731800e-02 7.872211249999999200e+02 3.459258399999999900e+02 1.459467249999999900e+03 1.355625920000000000e+02 -6.722461250000000100e+02 2.103632480000000000e+02
3.662978511153560500e-02 7.875181250000000500e+02 3.459134560000000000e+02 1.460016000000000100e+03 1.355762240000000000e+02 -6.724978750000000200e+02 2.103372320000000000e+02
3.671829400627313300e-02 7.873208750000000000e+02 3.460427039999999600e+02 1.459948750000000000e+03 1.357181760000000000e+02 -6.726278750000000200e+02 2.103245279999999900e+02
3.673393938858721800e-02 7.880113125000000300e+02 3.459852480000000100e+02 1.460394125000000000e+03 1.356849760000000100e+02 -6.723828125000000000e+02 2.103002720000000100e+02
3.674994341765277400e-02 7.879868124999999300e+02 3.459314080000000300e+02 1.460371249999999900e+03 1.356501120000000100e+02 -6.723844374999999900e+02 2.102812960000000000e+02
3.676974584185888100e-02 7.879323124999999700e+02 3.459159200000000300e+02 1.460314500000000000e+03 1.356468800000000100e+02 -6.723821874999999900e+02 2.102690399999999900e+02
3.677480881612962100e-02 7.885614374999999000e+02 3.458648319999999800e+02 1.460769624999999900e+03 1.356117920000000100e+02 -6.722081875000000100e+02 2.102530400000000000e+02
3.678620167267628700e-02 7.877773124999998800e+02 3.458417920000000000e+02 1.460178124999999900e+03 1.356001760000000000e+02 -6.724008125000000300e+02 2.102416159999999900e+02
3.681183559990627900e-02 7.867642500000000600e+02 3.458466560000000500e+02 1.459446875000000100e+03 1.356157760000000100e+02 -6.726826250000000300e+02 2.102308800000000100e+02
3.686951018951751400e-02 7.867763750000001400e+02 3.460051519999999500e+02 1.459609875000000100e+03 1.357618559999999900e+02 -6.728334999999999600e+02 2.102432959999999900e+02
3.699927743392404000e-02 7.874105000000000700e+02 3.462998719999999900e+02 1.460376500000000100e+03 1.360294240000000100e+02 -6.729660000000000100e+02 2.102704479999999900e+02
3.715986501020680800e-02 7.873639375000000200e+02 3.464908639999999900e+02 1.460518000000000000e+03 1.362212960000000000e+02 -6.731540625000000100e+02 2.102695679999999900e+02
3.725019508520180400e-02 7.873559999999999900e+02 3.465633120000000000e+02 1.460560250000000000e+03 1.362953120000000000e+02 -6.732042500000000000e+02 2.102680000000000000e+02
3.727329286754640900e-02 7.873673124999999100e+02 3.465772799999999700e+02 1.460595750000000000e+03 1.363082400000000100e+02 -6.732284375000000400e+02 2.102690399999999900e+02
3.730187282166347300e-02 7.874028749999999900e+02 3.465848800000000000e+02 1.460712000000000000e+03 1.363104640000000000e+02 -6.733091249999999900e+02 2.102744160000000000e+02
3.733110486078320600e-02 7.875119374999999300e+02 3.465510239999999800e+02 1.461013999999999900e+03 1.362653599999999900e+02 -6.735020624999999700e+02 2.102856640000000000e+02
3.739687229105258900e-02 7.873043125000000400e+02 3.465611199999999600e+02 1.461146375000000000e+03 1.362552479999999900e+02 -6.738420625000000000e+02 2.103058719999999900e+02
3.754485366690871900e-02 7.874754374999998800e+02 3.462450880000000100e+02 1.462617749999999900e+03 1.359188640000000100e+02 -6.751423125000000000e+02 2.103262240000000000e+02
3.759063469184623800e-02 7.870524375000000000e+02 3.462902560000000000e+02 1.462251125000000000e+03 1.359596320000000000e+02 -6.751986875000000100e+02 2.103306240000000000e+02
3.761638739170172800e-02 7.874407500000000900e+02 3.462489600000000100e+02 1.462610750000000100e+03 1.359171200000000100e+02 -6.751699999999999600e+02 2.103318400000000000e+02
3.762297112135369600e-02 7.879569374999999800e+02 3.461870720000000000e+02 1.463108250000000000e+03 1.358551520000000000e+02 -6.751513125000000200e+02 2.103319200000000000e+02
3.763778742416437600e-02 7.897324374999999500e+02 3.457165919999999900e+02 1.465030749999999900e+03 1.353812159999999900e+02 -6.752983124999999500e+02 2.103353760000000000e+02
3.767112061217591000e-02 7.871596249999998900e+02 3.457715840000000200e+02 1.463135749999999900e+03 1.354165120000000100e+02 -6.759761250000000200e+02 2.103550720000000100e+02
3.774611970298311100e-02 7.866717499999998600e+02 3.459016639999999800e+02 1.462974999999999900e+03 1.355152160000000100e+02 -6.763032500000000500e+02 2.103864480000000000e+02
3.791486998617431300e-02 7.873815624999999700e+02 3.460151839999999800e+02 1.464035374999999900e+03 1.355539039999999900e+02 -6.766538124999999600e+02 2.104612799999999900e+02
3.829455579447949700e-02 7.873506874999999400e+02 3.464515519999999900e+02 1.463982874999999900e+03 1.359314720000000100e+02 -6.766321874999999900e+02 2.105200800000000100e+02
3.841201959221063300e-02 7.873741250000000500e+02 3.465225440000000400e+02 1.464155500000000100e+03 1.359863200000000100e+02 -6.767813750000000300e+02 2.105362240000000000e+02
3.844205509320865900e-02 7.874688750000000300e+02 3.465195200000000000e+02 1.464328125000000000e+03 1.359770080000000100e+02 -6.768592499999999700e+02 2.105425119999999900e+02
3.850962973048544700e-02 7.875917499999999300e+02 3.463772480000000100e+02 1.465147250000000000e+03 1.358075200000000100e+02 -6.775555000000000500e+02 2.105697280000000000e+02
3.866167732210823400e-02 7.872752500000001400e+02 3.462032960000000200e+02 1.466163375000000100e+03 1.355829119999999900e+02 -6.788881249999999500e+02 2.106203840000000000e+02
3.900377974550948300e-02 7.873055624999999500e+02 3.465044639999999800e+02 1.466353499999999900e+03 1.358238240000000000e+02 -6.790479374999999900e+02 2.106806400000000100e+02
3.977351485591231600e-02 7.873383124999999200e+02 3.470527200000000200e+02 1.466572375000000000e+03 1.363097280000000100e+02 -6.792340625000000500e+02 2.107429919999999900e+02
4.150541070325616800e-02 7.873373749999999500e+02 3.476067679999999900e+02 1.470204999999999900e+03 1.366008320000000000e+02 -6.828676249999999800e+02 2.110059359999999900e+02
4.174895979400374000e-02 7.873301874999998500e+02 3.476254240000000100e+02 1.471280749999999900e+03 1.365657280000000100e+02 -6.839505625000000500e+02 2.110596960000000000e+02
4.188595819531488300e-02 7.873249374999999200e+02 3.476494400000000300e+02 1.471827624999999900e+03 1.365591360000000000e+02 -6.845026874999999800e+02 2.110903040000000000e+02
4.196301601163051500e-02 7.873298750000000200e+02 3.476737440000000000e+02 1.472094875000000000e+03 1.365686880000000100e+02 -6.847649999999999900e+02 2.111050559999999900e+02
4.205837878552112100e-02 7.871764374999999100e+02 3.476811040000000000e+02 1.472448374999999900e+03 1.366085600000000100e+02 -6.852719375000000400e+02 2.110725439999999900e+02
4.215590741317060100e-02 7.871928124999999500e+02 3.477034719999999800e+02 1.472435125000000000e+03 1.365925279999999900e+02 -6.852423125000000300e+02 2.111109439999999900e+02
4.237534798981942900e-02 7.873487500000000000e+02 3.478044479999999800e+02 1.473284375000000000e+03 1.366553120000000100e+02 -6.859356249999999600e+02 2.111491360000000000e+02
4.286909278059180400e-02 7.873371249999999000e+02 3.479861280000000100e+02 1.474941499999999900e+03 1.367654880000000000e+02 -6.876043750000000000e+02 2.112206400000000000e+02
4.398001273764213400e-02 7.873368749999999600e+02 3.483405119999999900e+02 1.479018624999999900e+03 1.369528799999999900e+02 -6.916817499999999700e+02 2.113876320000000000e+02
4.535477560227316200e-02 7.873341250000000900e+02 3.487091199999999800e+02 1.484487875000000000e+03 1.371394400000000100e+02 -6.971537499999999500e+02 2.115696800000000100e+02
4.676078265403216900e-02 7.873353750000001100e+02 3.490064639999999900e+02 1.490331875000000100e+03 1.372699040000000000e+02 -7.029964999999999700e+02 2.117365600000000000e+02
4.850071777790894400e-02 7.873348124999998800e+02 3.492955520000000400e+02 1.497422499999999900e+03 1.373687840000000100e+02 -7.100876875000000200e+02 2.119267680000000100e+02
4.947943215841775500e-02 7.873343750000000200e+02 3.494443039999999900e+02 1.501333875000000000e+03 1.374179200000000100e+02 -7.139995000000000100e+02 2.120263840000000100e+02
4.954199039892399200e-02 7.873327499999999200e+02 3.494535200000000300e+02 1.501581124999999900e+03 1.374210239999999900e+02 -7.142483750000000100e+02 2.120324960000000100e+02
4.961941151974111300e-02 7.873318750000000800e+02 3.494644319999999900e+02 1.501882000000000100e+03 1.374241280000000000e+02 -7.145501249999999800e+02 2.120403039999999900e+02
4.963920229957217300e-02 7.873221249999999100e+02 3.494644319999999900e+02 1.501931624999999900e+03 1.374216160000000000e+02 -7.146095000000000300e+02 2.120428159999999900e+02
4.964532724084726900e-02 7.873156875000000800e+02 3.494634080000000200e+02 1.501935500000000000e+03 1.374196320000000100e+02 -7.146198124999999700e+02 2.120437760000000100e+02
4.964877397586137800e-02 7.873171250000000300e+02 3.494619679999999600e+02 1.501928875000000100e+03 1.374177599999999900e+02 -7.146117500000000300e+02 2.120442080000000000e+02
4.965071159986932100e-02 7.874081874999999400e+02 3.494513600000000200e+02 1.501937124999999900e+03 1.374152320000000000e+02 -7.145289374999999800e+02 2.120361279999999900e+02
4.965269114362742800e-02 7.877881874999999400e+02 3.494072320000000200e+02 1.502019875000000000e+03 1.374041440000000000e+02 -7.142316875000000200e+02 2.120030879999999900e+02
4.965715326814570300e-02 7.915001250000000300e+02 3.488812320000000100e+02 1.502854875000000000e+03 1.372223840000000100e+02 -7.113547499999999700e+02 2.116588480000000100e+02
4.966718140393677800e-02 7.899749375000000100e+02 3.483489119999999800e+02 1.501141875000000000e+03 1.368335999999999900e+02 -7.111669375000000200e+02 2.115153119999999900e+02
4.968975751827925400e-02 7.874003124999999300e+02 3.485651199999999800e+02 1.499660625000000000e+03 1.369088319999999900e+02 -7.122603125000000500e+02 2.116562879999999900e+02
4.971769004514366200e-02 7.861982500000001400e+02 3.487082560000000100e+02 1.499147750000000100e+03 1.369463360000000000e+02 -7.129494999999999400e+02 2.117619200000000000e+02
4.974625602601066800e-02 7.863707500000000400e+02 3.486214719999999800e+02 1.498975625000000000e+03 1.368707839999999900e+02 -7.126048749999999900e+02 2.117506880000000000e+02
4.978160834865547100e-02 7.874276250000000300e+02 3.485574719999999600e+02 1.499622875000000000e+03 1.367989120000000000e+02 -7.121952499999999900e+02 2.117585599999999900e+02
4.979064904144250200e-02 7.902570624999999600e+02 3.480362079999999900e+02 1.500305374999999900e+03 1.365519840000000000e+02 -7.100483124999999500e+02 2.114842240000000100e+02
4.979573530446333700e-02 7.916926875000000300e+02 3.476110559999999600e+02 1.500364250000000100e+03 1.363157760000000000e+02 -7.086715625000000500e+02 2.112952799999999900e+02
4.980717473851019300e-02 7.892511250000000000e+02 3.475218560000000100e+02 1.498573875000000000e+03 1.362008960000000000e+02 -7.093227500000000400e+02 2.113209600000000100e+02
4.983291346511561900e-02 7.874779375000000500e+02 3.477313279999999600e+02 1.497710250000000100e+03 1.362765440000000000e+02 -7.102323125000000300e+02 2.114547839999999900e+02
4.989083258660285300e-02 7.859959374999999700e+02 3.478959519999999700e+02 1.497008875000000000e+03 1.362762879999999900e+02 -7.110129375000000200e+02 2.116196640000000000e+02
4.990874629317623000e-02 7.863492499999999800e+02 3.479463999999999800e+02 1.497336875000000000e+03 1.362922399999999900e+02 -7.109876249999999800e+02 2.116541599999999900e+02
4.992707453950130000e-02 7.871593124999999400e+02 3.479705280000000000e+02 1.497905874999999900e+03 1.363011040000000100e+02 -7.107465624999999800e+02 2.116694239999999900e+02
4.996830494267018300e-02 7.880348750000000600e+02 3.478127519999999900e+02 1.498011625000000100e+03 1.361864799999999900e+02 -7.099767500000000400e+02 2.116262720000000000e+02
5.006107334980015900e-02 7.871436875000000600e+02 3.478911520000000300e+02 1.497531500000000100e+03 1.361474719999999900e+02 -7.103878125000000000e+02 2.117436800000000100e+02
5.011325878101391400e-02 7.872627499999999800e+02 3.479639039999999600e+02 1.497740875000000000e+03 1.361522239999999900e+02 -7.104781249999999800e+02 2.118116800000000000e+02
5.014261192163414100e-02 7.874574999999999800e+02 3.479859360000000400e+02 1.497899249999999900e+03 1.361434240000000100e+02 -7.104417499999999600e+02 2.118425120000000000e+02
5.015912364545176800e-02 7.878779999999999300e+02 3.479390080000000000e+02 1.498020749999999900e+03 1.361062880000000100e+02 -7.101427499999999800e+02 2.118327199999999900e+02
5.019627385960394300e-02 7.875035000000000300e+02 3.478404640000000000e+02 1.497435375000000000e+03 1.360016479999999900e+02 -7.099318749999999900e+02 2.118388160000000100e+02
5.027986184144631700e-02 7.870506874999999800e+02 3.480612959999999700e+02 1.497397125000000000e+03 1.360862080000000000e+02 -7.103464374999999800e+02 2.119750880000000000e+02
5.046793247171665900e-02 7.873877499999998700e+02 3.483027680000000100e+02 1.497357874999999900e+03 1.362234560000000000e+02 -7.099701250000000500e+02 2.120793119999999900e+02
5.089109371869991700e-02 7.873310000000000200e+02 3.485390400000000000e+02 1.497421750000000000e+03 1.362819680000000100e+02 -7.100907499999999600e+02 2.122570719999999900e+02
5.141475523784484100e-02 7.873439375000000400e+02 3.488310880000000200e+02 1.499919625000000000e+03 1.364406080000000000e+02 -7.125756874999999600e+02 2.123904800000000000e+02
5.154864691989325500e-02 7.873350625000000500e+02 3.488676320000000100e+02 1.500495750000000000e+03 1.364595360000000100e+02 -7.131606874999999900e+02 2.124080960000000000e+02
5.159006829081292500e-02 7.873315000000000100e+02 3.488709280000000500e+02 1.500618375000000000e+03 1.364578720000000100e+02 -7.132868750000000100e+02 2.124130560000000100e+02
5.161337101415836700e-02 7.873341250000000900e+02 3.488593919999999600e+02 1.500611000000000100e+03 1.364439199999999900e+02 -7.132768750000000200e+02 2.124154719999999900e+02
5.163720006325597800e-02 7.878926249999999500e+02 3.486978399999999900e+02 1.500871625000000000e+03 1.363188319999999900e+02 -7.129790000000000400e+02 2.123790080000000000e+02
5.169081542372558300e-02 7.873239374999999400e+02 3.484719840000000200e+02 1.500269624999999900e+03 1.361077600000000100e+02 -7.129456874999999600e+02 2.123642240000000100e+02
5.181145114921970700e-02 7.872337499999999900e+02 3.486729760000000100e+02 1.500099500000000000e+03 1.362504000000000100e+02 -7.128657500000000500e+02 2.124225759999999900e+02
5.208288618933150400e-02 7.873605625000000100e+02 3.487618880000000000e+02 1.500950125000000100e+03 1.362913279999999900e+02 -7.135895625000000600e+02 2.124705600000000100e+02
5.223557189270691000e-02 7.873358750000001000e+02 3.488081280000000100e+02 1.501623125000000100e+03 1.363202240000000000e+02 -7.142872499999999700e+02 2.124879039999999900e+02
5.228280613565037400e-02 7.873378125000000400e+02 3.488191360000000100e+02 1.501797250000000100e+03 1.363244320000000000e+02 -7.144594375000000400e+02 2.124947040000000100e+02
5.230937859950921700e-02 7.873440625000000600e+02 3.488231200000000200e+02 1.501868750000000100e+03 1.363237440000000000e+02 -7.145246875000000300e+02 2.124993760000000100e+02
5.232432531932043600e-02 7.873632499999998800e+02 3.488217119999999900e+02 1.501880249999999900e+03 1.363187519999999900e+02 -7.145170000000000500e+02 2.125029600000000000e+02
5.232814467433608000e-02 7.873759374999999600e+02 3.488206240000000100e+02 1.501881500000000000e+03 1.363166080000000000e+02 -7.145055625000000000e+02 2.125040160000000100e+02
5.233674288087129800e-02 7.876905624999999400e+02 3.487977920000000200e+02 1.501994250000000000e+03 1.362956800000000000e+02 -7.143036875000000200e+02 2.125021120000000100e+02
5.235608651670053300e-02 7.873658125000000600e+02 3.487851520000000400e+02 1.501735875000000100e+03 1.362769280000000000e+02 -7.143700625000000200e+02 2.125082240000000100e+02
5.239961784837883500e-02 7.872005624999999300e+02 3.488008640000000500e+02 1.501758374999999900e+03 1.362849600000000100e+02 -7.145578124999999500e+02 2.125159040000000100e+02
5.249755170027997600e-02 7.873514999999999900e+02 3.488367519999999900e+02 1.502272250000000000e+03 1.363079520000000000e+02 -7.149207500000000000e+02 2.125287999999999900e+02
5.271791451143258100e-02 7.873375000000000900e+02 3.488577119999999900e+02 1.502897500000000000e+03 1.363056960000000100e+02 -7.155599999999999500e+02 2.125520160000000100e+02
5.321372268546340600e-02 7.873365624999999000e+02 3.489623839999999900e+02 1.504863499999999900e+03 1.363705119999999900e+02 -7.175269375000000300e+02 2.125918720000000000e+02
5.382728343772656000e-02 7.873351874999999600e+02 3.490905279999999500e+02 1.507416999999999900e+03 1.364632159999999900e+02 -7.200818124999999600e+02 2.126273119999999900e+02
5.417241339864020700e-02 7.873346249999999600e+02 3.491533279999999900e+02 1.508793249999999900e+03 1.365081439999999900e+02 -7.214586249999999800e+02 2.126451840000000000e+02
5.426065913050166800e-02 7.873337500000000100e+02 3.491671999999999800e+02 1.509122625000000000e+03 1.365173600000000000e+02 -7.217888749999999600e+02 2.126498400000000100e+02
5.428795820336348300e-02 7.873302499999999800e+02 3.491703360000000200e+02 1.509208750000000000e+03 1.365189279999999900e+02 -7.218785000000000300e+02 2.126514080000000000e+02
5.430331480517637500e-02 7.874909999999999900e+02 3.491590880000000000e+02 1.509366000000000000e+03 1.365088639999999900e+02 -7.218750000000000000e+02 2.126502240000000100e+02
5.430724128844246400e-02 7.878185000000000900e+02 3.491363199999999600e+02 1.509666750000000100e+03 1.364889599999999900e+02 -7.218482500000000100e+02 2.126473599999999900e+02
5.431607238247863900e-02 7.903185624999999800e+02 3.487703679999999600e+02 1.511754250000000000e+03 1.362093600000000000e+02 -7.214356874999999700e+02 2.125610079999999900e+02
5.433595165956006000e-02 7.880004374999999800e+02 3.486714079999999900e+02 1.509870500000000000e+03 1.361137440000000000e+02 -7.218700625000000200e+02 2.125576639999999900e+02
5.438067537524325000e-02 7.868613750000000700e+02 3.486460640000000200e+02 1.508791375000000000e+03 1.360510720000000000e+02 -7.219299999999999500e+02 2.125949919999999900e+02
5.443601876096993600e-02 7.867236249999999700e+02 3.487288159999999900e+02 1.508592249999999900e+03 1.361198560000000000e+02 -7.218686249999999500e+02 2.126089600000000000e+02
5.446715116209745200e-02 7.875568750000001000e+02 3.487406240000000300e+02 1.509289500000000100e+03 1.361357920000000100e+02 -7.217326249999999800e+02 2.126048319999999900e+02
5.448466430216918800e-02 7.879625000000000900e+02 3.487316000000000100e+02 1.509711125000000000e+03 1.361332960000000000e+02 -7.217486249999999500e+02 2.125983040000000100e+02
5.448914039993752600e-02 7.880609375000000200e+02 3.487287680000000000e+02 1.509826875000000000e+03 1.361327039999999900e+02 -7.217659374999999500e+02 2.125960640000000100e+02
5.449921511322878400e-02 7.888604374999999900e+02 3.486641280000000100e+02 1.510736625000000000e+03 1.360858880000000100e+02 -7.218761875000000100e+02 2.125782399999999900e+02
5.452188438257164100e-02 7.876275000000000500e+02 3.486096160000000200e+02 1.509788250000000100e+03 1.360498880000000100e+02 -7.221607500000000100e+02 2.125597280000000100e+02
5.457288208753052800e-02 7.866642499999999200e+02 3.486785760000000200e+02 1.508920374999999900e+03 1.361116800000000100e+02 -7.222561250000000000e+02 2.125668960000000100e+02
5.468763507475055800e-02 7.876870625000000200e+02 3.486599360000000200e+02 1.510294750000000000e+03 1.361600960000000100e+02 -7.226076875000000000e+02 2.124998400000000100e+02
5.494582347380809500e-02 7.873032500000000500e+02 3.489056319999999700e+02 1.510190875000000000e+03 1.363779199999999900e+02 -7.228876249999999600e+02 2.125277120000000100e+02
5.552675202943758300e-02 7.873408124999999700e+02 3.491124320000000100e+02 1.512169249999999900e+03 1.365256799999999900e+02 -7.248284374999999500e+02 2.125867519999999900e+02
5.683383778629140500e-02 7.873364375000001000e+02 3.493726880000000400e+02 1.517038375000000100e+03 1.367226880000000100e+02 -7.297019374999999900e+02 2.126500000000000100e+02
5.977478306808751300e-02 7.873359375000000000e+02 3.499097760000000200e+02 1.527660625000000000e+03 1.371177920000000100e+02 -7.403246874999999800e+02 2.127919840000000100e+02
6.018835400778149700e-02 7.873355625000000400e+02 3.499858719999999700e+02 1.529121750000000000e+03 1.371758560000000100e+02 -7.417861874999999800e+02 2.128100159999999900e+02
6.024651533226973300e-02 7.873403124999999800e+02 3.499975039999999900e+02 1.529334875000000000e+03 1.371848320000000000e+02 -7.419945625000000300e+02 2.128126719999999900e+02
6.037737016130571100e-02 7.873330000000000800e+02 3.500187680000000200e+02 1.529787125000000100e+03 1.372010559999999900e+02 -7.424541249999999800e+02 2.128177120000000000e+02
6.067179585551168300e-02 7.873361250000000400e+02 3.500711999999999800e+02 1.530839625000000100e+03 1.372414880000000000e+02 -7.435035000000000300e+02 2.128297120000000000e+02
6.133425832522512700e-02 7.873360000000000100e+02 3.501811360000000400e+02 1.533202000000000000e+03 1.373271520000000100e+02 -7.458659999999999900e+02 2.128539840000000000e+02
6.282478956658034400e-02 7.873361875000000500e+02 3.504350880000000100e+02 1.538428875000000100e+03 1.375340480000000100e+02 -7.510926875000000100e+02 2.129010399999999900e+02
6.466932844038557300e-02 7.873346874999999700e+02 3.507740159999999600e+02 1.544880249999999900e+03 1.378187839999999900e+02 -7.575455624999999600e+02 2.129552320000000000e+02
6.570687951913538300e-02 7.873355625000000400e+02 3.509774879999999900e+02 1.548493375000000000e+03 1.379894720000000100e+02 -7.611578124999999800e+02 2.129880159999999900e+02
6.629050491202591300e-02 7.873346249999999600e+02 3.510920959999999700e+02 1.550526750000000000e+03 1.380889280000000100e+02 -7.631921250000000300e+02 2.130031679999999900e+02
6.643972524938712700e-02 7.873373749999999500e+02 3.511220319999999900e+02 1.551051250000000000e+03 1.381150879999999900e+02 -7.637138750000000300e+02 2.130069440000000000e+02
6.658661671173878000e-02 7.873381875000001200e+02 3.511514879999999700e+02 1.551564125000000100e+03 1.381406880000000100e+02 -7.642259374999999900e+02 2.130107999999999900e+02
6.661258366809513800e-02 7.873431249999998700e+02 3.511573440000000200e+02 1.551657999999999900e+03 1.381456640000000100e+02 -7.643148750000000300e+02 2.130116800000000100e+02
6.661922096187232500e-02 7.873466249999999000e+02 3.511590079999999700e+02 1.551683624999999900e+03 1.381471040000000100e+02 -7.643369999999999900e+02 2.130119039999999900e+02
6.662743723290598400e-02 7.873602500000000600e+02 3.511620639999999900e+02 1.551723375000000000e+03 1.381496640000000000e+02 -7.643631249999999700e+02 2.130124000000000100e+02
6.663206237867493100e-02 7.873776249999998500e+02 3.511647840000000000e+02 1.551753999999999900e+03 1.381519199999999900e+02 -7.643763750000000500e+02 2.130128640000000100e+02
6.663466140318558000e-02 7.873936249999999300e+02 3.511669440000000000e+02 1.551776374999999900e+03 1.381536960000000000e+02 -7.643827499999999900e+02 2.130132480000000000e+02
6.663732097844646300e-02 7.874204999999999500e+02 3.511702239999999600e+02 1.551807624999999900e+03 1.381563199999999900e+02 -7.643871249999999700e+02 2.130139040000000000e+02
6.663881611620259300e-02 7.874425000000000000e+02 3.511727680000000200e+02 1.551830250000000000e+03 1.381583200000000000e+02 -7.643877499999999800e+02 2.130144479999999900e+02
6.664217901171636000e-02 7.881600624999999800e+02 3.511235360000000000e+02 1.551950750000000000e+03 1.381634880000000000e+02 -7.637906874999999900e+02 2.129600480000000000e+02
6.664975251324739600e-02 7.940772500000000500e+02 3.504904320000000600e+02 1.554561500000000000e+03 1.379660320000000100e+02 -7.604842499999999700e+02 2.125244000000000100e+02
6.666678590506715200e-02 7.898538125000000000e+02 3.499936960000000000e+02 1.551794875000000000e+03 1.376229600000000100e+02 -7.619410625000000400e+02 2.123707359999999900e+02
6.670511918772417700e-02 7.852538749999998800e+02 3.504008959999999900e+02 1.549547499999999900e+03 1.377683040000000000e+02 -7.642936250000000200e+02 2.126325919999999900e+02
6.679136208707742200e-02 7.870067499999999000e+02 3.510960800000000300e+02 1.551590124999999900e+03 1.381175680000000100e+02 -7.645833750000000500e+02 2.129785119999999900e+02
6.689808511326456000e-02 7.875239999999998900e+02 3.511719679999999900e+02 1.551847749999999900e+03 1.381383040000000100e+02 -7.643237500000000200e+02 2.130336639999999900e+02
6.692537487062634500e-02 7.875416874999999700e+02 3.511759040000000000e+02 1.551910625000000000e+03 1.381406399999999900e+02 -7.643689375000000200e+02 2.130352640000000100e+02
6.693381937141093500e-02 7.875785625000000900e+02 3.511808959999999600e+02 1.551959000000000100e+03 1.381446239999999900e+02 -7.643804374999999700e+02 2.130362720000000000e+02
6.694245018219628600e-02 7.879858124999999500e+02 3.511861920000000100e+02 1.552232874999999900e+03 1.381579519999999900e+02 -7.642470624999999700e+02 2.130282400000000100e+02
6.696187765752585600e-02 7.898458124999999700e+02 3.506812320000000200e+02 1.552900500000000000e+03 1.379712000000000100e+02 -7.630546875000000000e+02 2.127100320000000100e+02
6.700558598370488800e-02 7.864626875000001300e+02 3.507454400000000300e+02 1.551147750000000100e+03 1.379696319999999900e+02 -7.646850624999999600e+02 2.127758080000000100e+02
6.710393437535772100e-02 7.870403125000000300e+02 3.511716000000000100e+02 1.551716500000000000e+03 1.381340640000000000e+02 -7.646761874999999700e+02 2.130375359999999900e+02
6.732521476326408500e-02 7.873553124999999700e+02 3.512515200000000300e+02 1.552479875000000000e+03 1.381794240000000100e+02 -7.651245625000000200e+02 2.130720959999999900e+02
6.782310029380342300e-02 7.873358125000000900e+02 3.513668800000000400e+02 1.554265875000000100e+03 1.382778240000000100e+02 -7.669300624999999600e+02 2.130890560000000000e+02
6.894334040864193200e-02 7.873364999999998900e+02 3.515941920000000200e+02 1.558351249999999900e+03 1.384887520000000100e+02 -7.710147500000000500e+02 2.131054399999999900e+02
7.000000223572001900e-02 7.873301874999999700e+02 3.518113919999999600e+02 1.562140249999999900e+03 1.386938399999999900e+02 -7.748100624999999600e+02 2.131175519999999900e+02
