0.000000000000000000e+00 0.000000000000000000e+00 0.000000000000000000e+00 0.000000000000000000e+00 0.000000000000000000e+00 0.000000000000000000e+00 0.000000000000000000e+00
-1.621928637473919700e-07 4.765098125000000100e+02 -4.710313415527343800e-05 2.323716562500000000e+02 1.086989288330078200e-04 2.441381562500000100e+02 -1.558020629882812500e-04
1.399841091138484100e-03 4.765097500000000000e+02 3.160885812500000100e+00 2.308620156250000000e+02 9.467008125000000400e-01 2.456477343750000000e+02 2.214185000000000100e+00
4.024847051290076200e-03 4.765097968750000100e+02 9.051626999999999900e+00 2.269679687500000100e+02 2.650084500000000200e+00 2.495418281249999900e+02 6.401542499999999700e+00
4.836958380821808700e-03 4.765097656250000000e+02 1.086387075000000000e+01 2.257705625000000100e+02 3.159916250000000200e+00 2.507392031249999900e+02 7.703954500000000000e+00
5.293770881462597100e-03 4.765097656250000000e+02 1.187480100000000100e+01 2.252260625000000100e+02 3.438740000000000100e+00 2.512837031249999900e+02 8.436061000000000500e+00
5.550727913073041700e-03 4.765097656250000000e+02 1.243909575000000000e+01 2.250184999999999900e+02 3.588116750000000200e+00 2.514912656250000100e+02 8.850979000000000600e+00
5.813524948330376500e-03 4.765097656250000000e+02 1.300855300000000100e+01 2.249273593750000100e+02 3.734694999999999900e+00 2.515824062499999900e+02 9.273858000000000600e+00
6.138736338127315700e-03 4.765093124999999600e+02 1.368158250000000100e+01 2.252818125000000000e+02 3.913517500000000200e+00 2.512274999999999900e+02 9.768065000000000000e+00
6.471338860319041800e-03 4.765097812499999500e+02 1.431248350000000100e+01 2.265881093749999900e+02 4.070839499999999900e+00 2.499216718749999900e+02 1.024164400000000100e+01
7.219694730803721800e-03 4.765096406249999700e+02 1.559966050000000100e+01 2.314658750000000100e+02 4.400400499999999900e+00 2.450437656249999900e+02 1.119926000000000100e+01
7.640644321291465000e-03 4.765097187499999900e+02 1.625958350000000200e+01 2.348289062499999900e+02 4.577125500000000200e+00 2.416808125000000000e+02 1.168245800000000000e+01
7.877428857047412800e-03 4.765096562500000300e+02 1.661067500000000100e+01 2.369367031250000100e+02 4.668037000000000000e+00 2.395729531250000000e+02 1.194263800000000100e+01
8.410193475838408400e-03 4.765096874999999800e+02 1.734843850000000000e+01 2.422162187500000000e+02 4.861276499999999800e+00 2.342934687499999900e+02 1.248716200000000000e+01
9.608914845884629400e-03 4.765096562499999800e+02 1.886079750000000000e+01 2.545719374999999900e+02 5.256425499999999800e+00 2.219377187499999900e+02 1.360437200000000000e+01
1.109233130933105600e-02 4.765095468750000100e+02 2.048475650000000000e+01 2.705151562500000200e+02 5.657097499999999900e+00 2.059943906249999900e+02 1.482765900000000100e+01
1.192675331446129400e-02 4.765096406250000300e+02 2.130278150000000200e+01 2.794214375000000200e+02 5.852770500000000100e+00 1.970882031250000100e+02 1.545001100000000000e+01
1.214010039652426200e-02 4.765096875000000400e+02 2.150288600000000000e+01 2.816619062500000200e+02 5.897911999999999800e+00 1.948477812500000000e+02 1.560497400000000000e+01
1.262012976673957200e-02 4.765097187500000500e+02 2.193771400000000000e+01 2.866077812500000200e+02 5.990261000000000300e+00 1.899019375000000000e+02 1.594745299999999900e+01
1.309265927692723600e-02 4.765090156250000200e+02 2.234854650000000100e+01 2.915709375000000100e+02 6.074027499999999700e+00 1.849380781250000000e+02 1.627451900000000200e+01
1.324454317568481100e-02 4.765099218750000300e+02 2.247507900000000100e+01 2.932452187499999900e+02 6.100088999999999700e+00 1.832647031250000100e+02 1.637499000000000000e+01
1.358628429452891000e-02 4.765096874999999800e+02 2.275542150000000100e+01 2.968568124999999900e+02 6.155242499999999900e+00 1.796528749999999900e+02 1.660017900000000100e+01
1.435519829196879800e-02 4.765097187500000500e+02 2.334594500000000000e+01 3.046764062500000100e+02 6.270469000000000300e+00 1.718333125000000100e+02 1.707547599999999800e+01
1.608525674174151100e-02 4.765098281250000100e+02 2.444505849999999800e+01 3.201451562500000100e+02 6.516134499999999700e+00 1.563646718750000000e+02 1.792892399999999900e+01
1.997788903594329900e-02 4.765115937499999700e+02 2.599009650000000000e+01 3.479033437499999800e+02 6.973888500000000200e+00 1.286082500000000000e+02 1.901620799999999900e+01
2.118217194174218400e-02 4.765098203124999800e+02 2.633439000000000300e+01 3.551515000000000000e+02 7.107990000000000000e+00 1.213583203125000000e+02 1.922640000000000200e+01
2.185958107625405500e-02 4.765098125000000100e+02 2.650744550000000300e+01 3.588947812499999900e+02 7.179087499999999600e+00 1.176150312500000000e+02 1.932835800000000100e+01
2.224062371441698500e-02 4.765098203125000400e+02 2.659693550000000100e+01 3.608463750000000200e+02 7.218823500000000100e+00 1.156634453125000000e+02 1.937811200000000200e+01
2.233804836673686200e-02 4.765098984375000000e+02 2.661887450000000000e+01 3.613231562500000100e+02 7.228846500000000400e+00 1.151867421875000000e+02 1.939002800000000100e+01
2.239285022255004000e-02 4.765099374999999800e+02 2.663091300000000000e+01 3.615844374999999800e+02 7.234319000000000200e+00 1.149255000000000000e+02 1.939659400000000000e+01
2.246066810577872900e-02 4.765107109374999900e+02 2.664482699999999900e+01 3.618921874999999800e+02 7.240319000000000400e+00 1.146185234375000000e+02 1.940450800000000000e+01
2.249881507843497900e-02 4.765180624999999800e+02 2.664933849999999900e+01 3.620583437500000100e+02 7.240226500000000300e+00 1.144597187499999900e+02 1.940911200000000000e+01
2.250417949646476400e-02 4.765273437500000000e+02 2.664875599999999900e+01 3.620833124999999800e+02 7.239271999999999700e+00 1.144440312499999900e+02 1.940948399999999900e+01
2.250719727493646600e-02 4.765422890625000000e+02 2.664740250000000200e+01 3.620998124999999800e+02 7.238054499999999600e+00 1.144424765625000000e+02 1.940934800000000100e+01
2.250889467755014600e-02 4.765627187499999900e+02 2.664556800000000100e+01 3.621123124999999700e+02 7.236711999999999800e+00 1.144504062500000000e+02 1.940885600000000000e+01
2.250984897763710200e-02 4.765844687500000400e+02 2.664370800000000000e+01 3.621220000000000100e+02 7.235483999999999600e+00 1.144624687500000000e+02 1.940822400000000100e+01
2.251082674411963500e-02 4.766183671874999800e+02 2.664066849999999700e+01 3.621315624999999700e+02 7.233676499999999600e+00 1.144868046875000000e+02 1.940699199999999900e+01
2.251137585777622900e-02 4.766459062500000000e+02 2.663825199999999800e+01 3.621367187500000000e+02 7.232380000000000000e+00 1.145091875000000000e+02 1.940587199999999900e+01
2.251261175461015400e-02 4.767560078125000000e+02 2.662800400000000100e+01 3.621571250000000100e+02 7.226688000000000200e+00 1.145988828124999900e+02 1.940131600000000100e+01
2.251539174027330000e-02 4.765913515624999900e+02 2.663125399999999800e+01 3.620854375000000100e+02 7.226826000000000000e+00 1.145059140625000000e+02 1.940442799999999900e+01
2.252164788133516000e-02 4.764846171875000200e+02 2.664004849999999900e+01 3.620898124999999900e+02 7.230348499999999800e+00 1.143948046875000000e+02 1.940970000000000100e+01
2.253572458983093400e-02 4.764366874999999500e+02 2.664621850000000000e+01 3.621633749999999700e+02 7.231852499999999600e+00 1.142733125000000000e+02 1.941436600000000100e+01
2.256739796615961000e-02 4.765221484374999900e+02 2.665354100000000100e+01 3.623970937500000100e+02 7.232954999999999600e+00 1.141250546875000000e+02 1.942058600000000000e+01
2.258521365368460300e-02 4.765436796875000000e+02 2.665089199999999900e+01 3.625093437500000300e+02 7.228075999999999700e+00 1.140343359375000000e+02 1.942281600000000100e+01
2.262530051504220100e-02 4.764955468750000000e+02 2.666038499999999800e+01 3.626865937499999900e+02 7.230458999999999700e+00 1.138089531250000000e+02 1.942992599999999800e+01
2.271549438867043200e-02 4.765113984375000200e+02 2.667599449999999800e+01 3.631259375000000200e+02 7.234338499999999800e+00 1.133854609375000000e+02 1.944165599999999800e+01
2.282710838818487500e-02 4.765084765625000500e+02 2.669863550000000200e+01 3.636575000000000300e+02 7.243187500000000300e+00 1.128509765624999900e+02 1.945544800000000100e+01
2.288989194734828600e-02 4.765097578125000300e+02 2.671206200000000000e+01 3.639401250000000200e+02 7.249830000000000200e+00 1.125696328125000000e+02 1.946223200000000000e+01
2.295410226336301200e-02 4.765104296875000500e+02 2.672517100000000300e+01 3.642322187500000200e+02 7.255772999999999600e+00 1.122782109375000100e+02 1.946939800000000200e+01
2.309857547439615400e-02 4.765093906250000400e+02 2.675384899999999900e+01 3.649082500000000100e+02 7.267356999999999600e+00 1.116011406250000000e+02 1.948649199999999800e+01
2.342363824368774700e-02 4.765097343749999900e+02 2.681592350000000000e+01 3.664522499999999900e+02 7.292391499999999900e+00 1.100574843750000000e+02 1.952353199999999900e+01
2.360648683362745500e-02 4.765099531249999800e+02 2.685185250000000000e+01 3.672761562499999900e+02 7.309406499999999700e+00 1.092337968750000000e+02 1.954244600000000200e+01
2.401789655209839200e-02 4.765096328125000000e+02 2.692739950000000000e+01 3.691601249999999900e+02 7.341507499999999600e+00 1.073495078124999900e+02 1.958589200000000100e+01
2.494356763644481000e-02 4.765098046874999800e+02 2.709211050000000000e+01 3.731879687499999800e+02 7.418492500000000200e+00 1.033218359375000000e+02 1.967361800000000100e+01
2.702632601179788500e-02 4.765097968750000100e+02 2.741437200000000000e+01 3.811669687500000200e+02 7.580041999999999700e+00 9.534282812499999700e+01 1.983433000000000100e+01
2.960374036173182100e-02 4.765097734374999700e+02 2.772621449999999800e+01 3.892599062499999700e+02 7.743230500000000100e+00 8.724986718750000100e+01 1.998298399999999800e+01
3.105353495580317700e-02 4.765097500000000000e+02 2.787308900000000000e+01 3.932111874999999900e+02 7.822673000000000000e+00 8.329856250000000300e+01 2.005041599999999800e+01
3.253628262697554800e-02 4.765098203124999800e+02 2.800650850000000200e+01 3.969170312499999800e+02 7.890710500000000000e+00 7.959278906250000300e+01 2.011579800000000200e+01
3.437117954564532900e-02 4.765097578125000300e+02 2.815155850000000000e+01 4.010728750000000100e+02 7.959448499999999700e+00 7.543688281250000200e+01 2.019211000000000000e+01
3.484032911265615800e-02 4.765097890625000300e+02 2.818603699999999900e+01 4.020781875000000100e+02 7.975312999999999900e+00 7.443160156250000600e+01 2.021072399999999900e+01
3.542090025473767400e-02 4.765095937499999600e+02 2.822057050000000100e+01 4.031904374999999700e+02 7.986392500000000000e+00 7.331915625000000600e+01 2.023417800000000000e+01
3.601466889769385600e-02 4.765097812500000600e+02 2.826241000000000300e+01 4.043433125000000200e+02 8.004811999999999400e+00 7.216646875000000700e+01 2.025759800000000200e+01
3.674945806268006100e-02 4.765098515624999900e+02 2.830936099999999900e+01 4.056732500000000000e+02 8.024971000000000700e+00 7.083660156249999300e+01 2.028438999999999800e+01
3.716277638132490400e-02 4.765085234375000000e+02 2.833208150000000100e+01 4.064483750000000000e+02 8.042635499999999400e+00 7.006014843750000400e+01 2.028944600000000200e+01
3.726845338275739500e-02 4.765098593750000200e+02 2.833819499999999900e+01 4.066187812499999800e+02 8.044703000000000200e+00 6.989107812500000700e+01 2.029349200000000100e+01
3.732789532719008700e-02 4.765097578124999700e+02 2.834107099999999900e+01 4.067047812500000000e+02 8.045529000000000200e+00 6.980497656250000200e+01 2.029554200000000100e+01
3.736133337646643800e-02 4.765097578125000300e+02 2.834220750000000100e+01 4.067458437500000100e+02 8.045719500000000600e+00 6.976391406250000700e+01 2.029648800000000000e+01
3.738014091031131900e-02 4.765102031249999800e+02 2.834217500000000100e+01 4.067605937500000000e+02 8.045417000000000500e+00 6.974960937500000600e+01 2.029675800000000100e+01
3.738596057641537000e-02 4.765110703125000100e+02 2.834190650000000000e+01 4.067627499999999800e+02 8.045166500000000600e+00 6.974832031249999900e+01 2.029674000000000000e+01
3.739191165433467700e-02 4.765213125000000200e+02 2.834037450000000300e+01 4.067595937500000200e+02 8.044386499999999900e+00 6.976171875000000000e+01 2.029598800000000100e+01
3.739375454860096500e-02 4.765306796874999700e+02 2.833938200000000100e+01 4.067561562500000000e+02 8.043972000000000100e+00 6.977452343749999400e+01 2.029541000000000000e+01
3.739563498910017400e-02 4.765544062500000000e+02 2.833703700000000200e+01 4.067469375000000000e+02 8.043181000000000600e+00 6.980746874999999800e+01 2.029385600000000200e+01
3.739669567018043300e-02 4.765901328125000300e+02 2.833395499999999600e+01 4.067341875000000200e+02 8.042282999999999400e+00 6.985594531249999800e+01 2.029167199999999800e+01
3.739729015220181300e-02 4.766292812499999600e+02 2.833078199999999900e+01 4.067209062499999800e+02 8.041435999999999100e+00 6.990837500000000700e+01 2.028934599999999800e+01
3.739802856144942200e-02 4.767148281249999400e+02 2.832345149999999700e+01 4.066895937499999700e+02 8.039451500000000200e+00 7.002523437499999700e+01 2.028399999999999900e+01
3.739878261496076100e-02 4.768230703125000200e+02 2.831234700000000300e+01 4.066429375000000200e+02 8.036120999999999600e+00 7.018013281250000500e+01 2.027622600000000100e+01
3.740047845314806900e-02 4.769020234375000200e+02 2.828855500000000200e+01 4.065435937500000100e+02 8.027048999999999900e+00 7.035842968750000600e+01 2.026150600000000100e+01
3.740429565349588600e-02 4.766929921874999500e+02 2.828431949999999900e+01 4.064345937499999800e+02 8.024177500000000400e+00 7.025839843750000600e+01 2.026014199999999800e+01
3.741288435427848200e-02 4.764481796874999900e+02 2.830183000000000200e+01 4.063655000000000000e+02 8.029260000000000700e+00 7.008267968750000400e+01 2.027257000000000200e+01
3.743221127767888000e-02 4.763935937500000400e+02 2.831210000000000100e+01 4.064164062500000200e+02 8.030936000000000500e+00 6.997718749999999900e+01 2.028116400000000000e+01
3.747569294426384600e-02 4.765291328125000500e+02 2.831919800000000000e+01 4.066421562500000300e+02 8.031183999999999700e+00 6.988697656249999600e+01 2.028801400000000000e+01
3.757352591186682900e-02 4.765091718749999900e+02 2.832957950000000100e+01 4.068250312499999900e+02 8.034723500000000100e+00 6.968414062499999800e+01 2.029485599999999900e+01
3.779365008897355600e-02 4.765099687499999800e+02 2.834685050000000200e+01 4.071712499999999900e+02 8.042994500000000700e+00 6.933871874999999800e+01 2.030385600000000000e+01
3.828893183410323600e-02 4.765098359375000400e+02 2.837823699999999900e+01 4.079635000000000100e+02 8.054693000000000300e+00 6.854633593750000400e+01 2.032354399999999800e+01
3.856752801129198500e-02 4.765094687500000000e+02 2.839165650000000300e+01 4.083526249999999900e+02 8.057174500000000400e+00 6.815684374999999300e+01 2.033448200000000100e+01
3.919436862775346800e-02 4.765098046874999800e+02 2.842635999999999900e+01 4.092496249999999800e+02 8.069259999999999900e+00 6.726017968749999900e+01 2.035709999999999900e+01
4.060476157921818300e-02 4.765097890624999800e+02 2.849342350000000200e+01 4.110380937499999700e+02 8.093859500000000700e+00 6.547169531250000300e+01 2.039956400000000200e+01
4.104110199635423200e-02 4.765097617187499800e+02 2.851309550000000200e+01 4.115802187499999700e+02 8.101473500000000900e+00 6.492954296874999900e+01 2.041162200000000100e+01
4.128654172101358500e-02 4.765096953124999600e+02 2.852331050000000100e+01 4.118693124999999800e+02 8.104916499999999900e+00 6.464038281249999300e+01 2.041839399999999900e+01
4.153756019011569500e-02 4.765096171875000000e+02 2.852806950000000100e+01 4.121171249999999900e+02 8.105615500000000800e+00 6.439249218749999700e+01 2.042245399999999800e+01
4.210235565666138600e-02 4.765098164062499700e+02 2.855065199999999900e+01 4.127359687499999800e+02 8.112434000000000400e+00 6.377384765624999800e+01 2.043821799999999900e+01
4.337313919868368600e-02 4.765097929687500500e+02 2.860224999999999800e+01 4.141463437500000300e+02 8.131605999999999700e+00 6.236344921874999900e+01 2.047064400000000000e+01
4.494573813410881300e-02 4.765097500000000500e+02 2.865861700000000000e+01 4.156786875000000200e+02 8.150358999999999900e+00 6.083106250000000200e+01 2.050825800000000100e+01
4.504625878621899800e-02 4.765097539062500100e+02 2.866224550000000100e+01 4.157755937499999800e+02 8.151797500000000700e+00 6.073416015624999900e+01 2.051044800000000000e+01
4.510280341301064300e-02 4.765097812500000000e+02 2.866423199999999800e+01 4.158287812500000200e+02 8.152571999999999300e+00 6.068099999999999700e+01 2.051165999999999900e+01
4.513460820115457200e-02 4.765097851562499600e+02 2.866525150000000000e+01 4.158567499999999800e+02 8.152965500000000500e+00 6.065303515624999900e+01 2.051228600000000000e+01
4.514444844303481400e-02 4.765098828125000000e+02 2.866553100000000100e+01 4.158647187500000100e+02 8.153079000000000000e+00 6.064516406250000100e+01 2.051245200000000000e+01
4.514998338353915000e-02 4.765100039062500100e+02 2.866567100000000000e+01 4.158689062500000100e+02 8.153133000000000400e+00 6.064109765624999700e+01 2.051253799999999900e+01
4.515564347815325500e-02 4.765108750000000600e+02 2.866576299999999800e+01 4.158726250000000300e+02 8.153162999999999300e+00 6.063824999999999900e+01 2.051259999999999900e+01
4.515882865024677100e-02 4.765725117187500400e+02 2.866254000000000000e+01 4.158680937500000100e+02 8.152511999999999800e+00 6.070441796875000100e+01 2.051002799999999800e+01
4.516276787585160600e-02 4.766638984375000500e+02 2.865116300000000000e+01 4.158249062500000300e+02 8.149373000000000600e+00 6.083899218749999700e+01 2.050179000000000000e+01
4.516679783818602900e-02 4.765678437499999500e+02 2.865193899999999900e+01 4.157914374999999700e+02 8.149158999999999200e+00 6.077640625000000100e+01 2.050278000000000100e+01
4.517586525343847400e-02 4.764675625000000400e+02 2.865806049999999800e+01 4.157696562500000300e+02 8.150640499999999700e+00 6.069790625000000300e+01 2.050742000000000000e+01
4.519626537333010200e-02 4.764581953125000400e+02 2.866261899999999900e+01 4.158142187500000100e+02 8.151445000000000700e+00 6.064397656250000100e+01 2.051117400000000000e+01
4.524216877193901200e-02 4.765216796875000100e+02 2.866457100000000200e+01 4.158981875000000100e+02 8.152547000000000200e+00 6.062349218749999800e+01 2.051202400000000000e+01
4.534545220102224900e-02 4.765094609374999700e+02 2.866876350000000400e+01 4.159863125000000000e+02 8.154263500000000800e+00 6.052314843749999800e+01 2.051450000000000200e+01
4.557783835203315500e-02 4.765097773437500500e+02 2.867747550000000000e+01 4.161968125000000200e+02 8.157425500000000400e+00 6.031296484375000200e+01 2.052005000000000100e+01
4.570855556197679600e-02 4.765098242187500000e+02 2.868160499999999800e+01 4.163051874999999900e+02 8.158550999999999200e+00 6.020463671875000200e+01 2.052305399999999800e+01
4.587031724884754100e-02 4.765094218749999900e+02 2.868591800000000100e+01 4.164278749999999700e+02 8.159124000000000300e+00 6.008154687500000100e+01 2.052679399999999900e+01
4.603575846654536100e-02 4.765097851562500200e+02 2.869092150000000200e+01 4.165569687500000100e+02 8.161119499999999900e+00 5.995281640625000100e+01 2.052980200000000000e+01
4.608694023973359400e-02 4.765097109375000200e+02 2.869185749999999800e+01 4.165878750000000000e+02 8.161407499999999300e+00 5.992183593749999900e+01 2.053044999999999800e+01
4.610002823076223000e-02 4.765098125000000100e+02 2.869194500000000000e+01 4.165937500000000000e+02 8.161417000000000100e+00 5.991606250000000200e+01 2.053052800000000000e+01
4.610738729241638900e-02 4.765098710937500100e+02 2.869189550000000100e+01 4.165957500000000100e+02 8.161375500000000100e+00 5.991412109374999800e+01 2.053051999999999900e+01
4.611649851160724800e-02 4.765115703125000000e+02 2.869134950000000100e+01 4.165936562499999800e+02 8.161071500000000300e+00 5.991791406250000300e+01 2.053027799999999900e+01
4.612581310622648100e-02 4.765690039062500300e+02 2.867844650000000000e+01 4.165185000000000200e+02 8.157152500000000500e+00 6.005050390625000000e+01 2.052129400000000100e+01
4.614677641961205400e-02 4.764632734374999900e+02 2.868587799999999900e+01 4.165170312500000000e+02 8.158367999999999400e+00 5.994624218749999800e+01 2.052750999999999900e+01
4.619394074587683500e-02 4.765154218750000200e+02 2.868803200000000000e+01 4.165904687500000100e+02 8.159387999999999900e+00 5.992495312500000200e+01 2.052864400000000000e+01
4.630006204439899400e-02 4.765098828125000000e+02 2.869219449999999900e+01 4.166755625000000100e+02 8.161364499999999500e+00 5.983432031249999700e+01 2.053083000000000200e+01
4.653883105500789000e-02 4.765098125000000100e+02 2.870130000000000300e+01 4.168840000000000100e+02 8.165010000000000500e+00 5.962581250000000200e+01 2.053629000000000100e+01
4.707606445773066700e-02 4.765097812499999500e+02 2.871934900000000100e+01 4.173215937499999800e+02 8.171530999999999900e+00 5.918818749999999800e+01 2.054781799999999900e+01
4.828484039607010300e-02 4.765097695312500200e+02 2.875890700000000100e+01 4.182710625000000300e+02 8.187602999999999300e+00 5.823870703125000100e+01 2.057130400000000100e+01
5.100458312848108600e-02 4.765097929687499900e+02 2.884427649999999900e+01 4.201598124999999900e+02 8.225636500000000200e+00 5.634998046874999700e+01 2.061863999999999900e+01
5.437026812335637300e-02 4.765097734375000300e+02 2.893291500000000100e+01 4.217198750000000000e+02 8.253213000000000600e+00 5.478989843750000000e+01 2.067970199999999900e+01
5.523080900898129400e-02 4.765097968750000100e+02 2.895631900000000100e+01 4.220623437500000300e+02 8.261416999999999800e+00 5.444745312500000300e+01 2.069490199999999900e+01
5.716703695262197900e-02 4.765097890624999800e+02 2.901110049999999800e+01 4.228565312499999900e+02 8.285186500000000000e+00 5.365325781250000100e+01 2.072591400000000000e+01
5.776605581048278900e-02 4.765097460937499800e+02 2.902816550000000000e+01 4.230848125000000000e+02 8.292707500000000600e+00 5.342493359374999800e+01 2.073545800000000100e+01
5.837868517778051200e-02 4.765097656250000000e+02 2.904545850000000200e+01 4.233075000000000000e+02 8.300230499999999600e+00 5.320226562500000300e+01 2.074522800000000100e+01
5.842606852373738400e-02 4.765096132812500400e+02 2.904653150000000000e+01 4.233198125000000100e+02 8.300671500000000000e+00 5.318980078125000000e+01 2.074586000000000000e+01
5.847453445274372600e-02 4.765101445312499800e+02 2.904789600000000100e+01 4.233366562499999800e+02 8.301258000000000700e+00 5.317348828125000200e+01 2.074663800000000100e+01
5.848952165738803600e-02 4.765090078124999900e+02 2.904713000000000300e+01 4.233266562499999800e+02 8.300796000000000100e+00 5.318235156250000300e+01 2.074633400000000100e+01
5.849335763085232500e-02 4.765107500000000300e+02 2.904660100000000300e+01 4.233226562500000200e+02 8.300508999999999900e+00 5.318809375000000000e+01 2.074609200000000100e+01
5.849551028154027800e-02 4.765186210937499700e+02 2.904564899999999700e+01 4.233174062499999800e+02 8.300129000000000100e+00 5.320121484375000200e+01 2.074551999999999900e+01
5.850036626099914400e-02 4.765243476562500300e+02 2.904414549999999900e+01 4.233109062500000200e+02 8.299503500000000100e+00 5.321344140624999900e+01 2.074464199999999900e+01
5.851127969937060900e-02 4.765029218749999700e+02 2.904536499999999700e+01 4.233077500000000000e+02 8.299811000000000000e+00 5.319517187500000000e+01 2.074555399999999800e+01
5.852479008551970300e-02 4.765034726562499800e+02 2.904561899999999900e+01 4.233067812499999700e+02 8.299918999999999200e+00 5.319669140624999700e+01 2.074569999999999900e+01
5.852824433894920900e-02 4.765084257812499700e+02 2.904501850000000100e+01 4.233032187499999800e+02 8.299606499999999400e+00 5.320520703124999800e+01 2.074541200000000200e+01
5.853601640916559400e-02 4.765125390625000300e+02 2.904401899999999900e+01 4.233021875000000000e+02 8.299158999999999500e+00 5.321035156250000100e+01 2.074485999999999900e+01
5.855350043829970300e-02 4.765083476562500100e+02 2.904549000000000100e+01 4.233086562500000100e+02 8.299839999999999700e+00 5.319969140624999700e+01 2.074565000000000100e+01
5.859284263270420800e-02 4.765108750000000000e+02 2.904744500000000000e+01 4.233261249999999900e+02 8.300719000000000800e+00 5.318475000000000100e+01 2.074672599999999900e+01
5.868135787683521200e-02 4.765098593750000200e+02 2.904993899999999800e+01 4.233555000000000100e+02 8.301944999999999900e+00 5.315435937499999900e+01 2.074799399999999800e+01
5.888052812711459800e-02 4.765098085937499900e+02 2.905611499999999800e+01 4.234295624999999700e+02 8.304748999999999300e+00 5.308024609374999900e+01 2.075136600000000100e+01
5.932864867483223600e-02 4.765097812500000600e+02 2.906911800000000300e+01 4.235916562500000300e+02 8.310622000000000400e+00 5.291812500000000300e+01 2.075849600000000100e+01
6.033692772932878300e-02 4.765097851562500200e+02 2.909733449999999900e+01 4.239282812500000000e+02 8.322984500000000500e+00 5.258150390624999900e+01 2.077434999999999800e+01
6.260555873079876000e-02 4.765097890624999800e+02 2.915946650000000100e+01 4.245899999999999700e+02 8.349636500000000800e+00 5.191978906250000100e+01 2.080983000000000200e+01
6.362644080414858700e-02 4.765097734374999700e+02 2.918729000000000100e+01 4.248520312499999800e+02 8.361484000000000800e+00 5.165774218749999800e+01 2.082580600000000000e+01
6.490254339583588500e-02 4.765097929687499900e+02 2.922051499999999900e+01 4.251194687500000100e+02 8.374845000000000500e+00 5.139032421875000300e+01 2.084566999999999800e+01
6.643387276356614600e-02 4.765097851562500200e+02 2.925775449999999700e+01 4.253349062500000200e+02 8.388002500000000700e+00 5.117487890625000100e+01 2.086975199999999800e+01
6.930510828814168100e-02 4.765097890624999800e+02 2.931703900000000100e+01 4.253984375000000000e+02 8.403093000000000100e+00 5.111135156249999800e+01 2.091394599999999900e+01
7.000000145178766900e-02 4.765097695312500200e+02 2.933235100000000300e+01 4.254405937500000100e+02 8.408115000000000400e+00 5.106917578125000300e+01 2.092423600000000100e+01
