0.000000000000000000e+00 0.000000000000000000e+00 0.000000000000000000e+00 0.000000000000000000e+00 0.000000000000000000e+00 0.000000000000000000e+00 0.000000000000000000e+00
4.198792360052618300e-07 1.149412875000000000e+03 7.070115051269531900e-04 6.986308749999999500e+02 8.705350952148437900e-04 4.507819999999999800e+02 -1.635235900878906300e-04
1.400411413409877400e-03 1.149412156250000000e+03 2.426320799999999900e+01 6.906838125000000400e+02 1.030370900000000000e+01 4.587283437500000200e+02 1.395949899999999900e+01
2.844152925123385000e-03 1.149410968749999900e+03 4.908466800000000100e+01 6.816016875000000300e+02 2.065149400000000000e+01 4.678092812500000300e+02 2.843317400000000100e+01
3.490145058557137100e-03 1.149410843749999900e+03 6.008936799999999300e+01 6.772263749999999600e+02 2.515725600000000000e+01 4.721844687500000100e+02 3.493211199999999600e+01
3.542054975284714300e-03 1.149414187500000000e+03 6.096687599999999900e+01 6.769043124999999500e+02 2.550655600000000000e+01 4.725098750000000200e+02 3.546032000000000300e+01
3.606293749142928200e-03 1.149412499999999900e+03 6.205182200000000100e+01 6.765188124999999700e+02 2.593403400000000000e+01 4.728936875000000000e+02 3.611778799999999700e+01
3.671992613331509100e-03 1.149413500000000100e+03 6.315812800000000500e+01 6.761425000000000400e+02 2.636555600000000200e+01 4.732710000000000200e+02 3.679257200000000000e+01
3.819814732713445400e-03 1.149413031249999900e+03 6.563161800000000300e+01 6.753613749999999500e+02 2.730952999999999900e+01 4.740516562500000100e+02 3.832208800000000100e+01
3.902964471714303100e-03 1.149412468750000000e+03 6.701603199999999600e+01 6.749466250000000400e+02 2.782915200000000100e+01 4.744658437499999800e+02 3.918688000000000200e+01
3.949736443684063100e-03 1.149419718749999900e+03 6.778672000000000300e+01 6.747500000000000000e+02 2.810962400000000000e+01 4.746697187500000200e+02 3.967709599999999900e+01
4.054973136834247000e-03 1.149432687499999900e+03 6.946971999999999500e+01 6.747015000000000100e+02 2.863554800000000000e+01 4.747311874999999800e+02 4.083417200000000200e+01
4.114168553264594400e-03 1.149396093750000100e+03 7.042318199999999700e+01 6.747401875000000500e+02 2.891695000000000000e+01 4.746559062499999900e+02 4.150623199999999700e+01
4.247358890317618800e-03 1.149416656250000000e+03 7.256744200000000000e+01 6.746386874999999500e+02 2.960192599999999900e+01 4.747779687500000100e+02 4.296551600000000100e+01
4.322278231443314700e-03 1.149414031250000100e+03 7.376247200000000200e+01 6.745810625000000300e+02 2.998164399999999900e+01 4.748329687500000200e+02 4.378082800000000000e+01
4.490846830236725400e-03 1.149417812499999900e+03 7.640858199999999600e+01 6.748933749999999900e+02 3.074890200000000100e+01 4.745244374999999800e+02 4.565968000000000200e+01
4.699450572819310200e-03 1.149416500000000000e+03 7.967380400000000400e+01 6.752637499999999600e+02 3.172003200000000000e+01 4.741527500000000300e+02 4.795377200000000100e+01
4.816790218652310300e-03 1.149473437500000000e+03 8.143173600000000100e+01 6.759691249999999600e+02 3.219776800000000300e+01 4.735043125000000300e+02 4.923396799999999700e+01
4.936796837139064000e-03 1.149407812500000100e+03 8.325694599999999900e+01 6.765478124999999600e+02 3.271047399999999800e+01 4.728600000000000100e+02 5.054647200000000100e+01
5.206811159910111600e-03 1.149406468749999900e+03 8.719862000000000500e+01 6.791781875000000400e+02 3.378643999999999900e+01 4.702282812500000100e+02 5.341217999999999900e+01
5.814343629926747500e-03 1.149408593749999900e+03 9.510684000000000500e+01 6.916487499999999500e+02 3.610307600000000100e+01 4.577598437500000200e+02 5.900376399999999700e+01
6.566165333795319200e-03 1.149405374999999800e+03 1.036685720000000100e+02 7.125606249999999600e+02 3.879257200000000000e+01 4.368447499999999800e+02 6.487600000000000500e+01
7.335073865020688900e-03 1.149409000000000100e+03 1.112260719999999900e+02 7.379462499999999600e+02 4.098768799999999900e+01 4.114627500000000300e+02 7.023838399999999600e+01
9.065118385320142600e-03 1.149408656250000100e+03 1.252308319999999900e+02 7.960253750000000500e+02 4.470784799999999800e+01 3.533832812499999800e+02 8.052298399999999400e+01
9.097556313772792200e-03 1.149357437500000100e+03 1.254652360000000000e+02 7.970486250000000200e+02 4.476391600000000200e+01 3.523088124999999900e+02 8.070131999999999600e+01
9.158378242227441200e-03 1.149400718749999900e+03 1.258947359999999900e+02 7.990690624999999700e+02 4.486692000000000000e+01 3.503316562499999800e+02 8.102781600000000100e+01
9.295227581250399900e-03 1.149409875000000100e+03 1.268488680000000100e+02 8.036751874999999900e+02 4.509461999999999900e+01 3.457346875000000100e+02 8.175424800000000400e+01
9.603138269009683200e-03 1.149408843750000000e+03 1.289194360000000200e+02 8.139916875000000100e+02 4.557419600000000100e+01 3.354171562500000100e+02 8.334524000000000400e+01
1.029593747898926100e-02 1.149410062500000100e+03 1.332866760000000000e+02 8.366992500000000100e+02 4.652969999999999800e+01 3.127108124999999700e+02 8.675697599999999500e+01
1.185473472631619500e-02 1.149411968749999900e+03 1.412558760000000000e+02 8.821628749999999900e+02 4.834098000000000200e+01 2.672490937499999900e+02 9.291489599999999900e+01
1.338917654878685200e-02 1.149415843750000000e+03 1.464964880000000000e+02 9.180309375000000500e+02 4.993021600000000100e+01 2.313849062500000000e+02 9.656627199999999800e+01
1.366044390989796200e-02 1.149421796874999900e+03 1.472605440000000100e+02 9.235306249999999900e+02 5.019693600000000100e+01 2.258911718750000000e+02 9.706360800000000200e+01
1.381303180052296200e-02 1.149414796875000100e+03 1.476564440000000200e+02 9.264515625000000200e+02 5.034189200000000100e+01 2.229632343750000100e+02 9.731455200000000600e+01
1.396908724316139900e-02 1.149333015624999900e+03 1.480264960000000100e+02 9.305881875000000000e+02 5.029936000000000000e+01 2.187448281250000000e+02 9.772713600000000200e+01
1.432021361430973500e-02 1.149412703125000000e+03 1.488561359999999900e+02 9.370796874999999800e+02 5.061747199999999900e+01 2.123330156250000000e+02 9.823866400000000000e+01
1.511024599913926600e-02 1.149414000000000000e+03 1.505166360000000100e+02 9.526213125000000400e+02 5.117198799999999900e+01 1.967926875000000000e+02 9.934464800000000700e+01
1.555463872804232000e-02 1.149415093750000100e+03 1.513636080000000000e+02 9.607998750000000400e+02 5.149848800000000200e+01 1.886152187500000000e+02 9.986512000000000500e+01
1.580461061317740100e-02 1.149413499999999900e+03 1.517844640000000100e+02 9.649791874999999700e+02 5.167951999999999700e+01 1.844343125000000000e+02 1.001049440000000000e+02
1.588194469407698500e-02 1.149421125000000100e+03 1.519050200000000100e+02 9.661970000000000000e+02 5.173448400000000200e+01 1.832241249999999900e+02 1.001705360000000000e+02
1.590171767158742000e-02 1.149430734375000200e+03 1.519328480000000100e+02 9.665013125000000400e+02 5.174661600000000300e+01 1.829294218750000000e+02 1.001862320000000000e+02
1.591284062152178600e-02 1.149441906250000100e+03 1.519467119999999900e+02 9.666728749999999800e+02 5.175192799999999900e+01 1.827690312500000100e+02 1.001947840000000000e+02
1.591909703707808700e-02 1.149454843750000000e+03 1.519530279999999900e+02 9.667735000000000100e+02 5.175357199999999800e+01 1.826813437500000000e+02 1.001994560000000000e+02
1.592683954635443200e-02 1.149505125000000100e+03 1.519535999999999900e+02 9.669176875000000600e+02 5.174939200000000000e+01 1.825874374999999900e+02 1.002042079999999900e+02
1.593119381395585700e-02 1.149631562500000000e+03 1.519378319999999900e+02 9.670493750000000500e+02 5.173575199999999800e+01 1.825821875000000000e+02 1.002020800000000000e+02
1.593564819460753900e-02 1.149965265625000000e+03 1.518822480000000000e+02 9.672824375000000100e+02 5.169451200000000300e+01 1.826828281249999900e+02 1.001877360000000000e+02
1.593815362120292200e-02 1.150084062500000100e+03 1.518498240000000100e+02 9.673700000000000000e+02 5.166878400000000200e+01 1.827140625000000100e+02 1.001810400000000000e+02
1.594378985591542500e-02 1.150510843749999800e+03 1.517307520000000000e+02 9.676704999999999500e+02 5.157498400000000100e+01 1.828403437499999900e+02 1.001557679999999900e+02
1.595647430939989600e-02 1.149881890625000100e+03 1.517861800000000000e+02 9.675296875000000200e+02 5.158620400000000200e+01 1.823522031249999900e+02 1.001999760000000100e+02
1.598501172940098800e-02 1.149266062499999900e+03 1.519037079999999900e+02 9.677571249999999700e+02 5.163056400000000000e+01 1.815089375000000000e+02 1.002731440000000000e+02
1.604922059936107400e-02 1.149144984374999900e+03 1.520468520000000000e+02 9.688527500000000100e+02 5.168578000000000100e+01 1.802922343749999900e+02 1.003610719999999900e+02
1.608533930762251100e-02 1.149378484375000000e+03 1.521203920000000100e+02 9.696130000000000600e+02 5.172247999999999700e+01 1.797654843750000000e+02 1.003979120000000100e+02
1.616660380087178400e-02 1.149540640624999900e+03 1.522047640000000100e+02 9.710611249999999500e+02 5.172581999999999900e+01 1.784795156250000000e+02 1.004789440000000000e+02
1.634945183606397900e-02 1.149390750000000000e+03 1.524683000000000000e+02 9.735170000000000500e+02 5.185736399999999700e+01 1.758737500000000000e+02 1.006109360000000000e+02
1.657572423184738500e-02 1.149401406250000000e+03 1.527592320000000000e+02 9.767296250000000600e+02 5.198071199999999700e+01 1.726717812500000100e+02 1.007785200000000000e+02
1.659018731718577000e-02 1.149403421875000000e+03 1.527728520000000000e+02 9.769213750000000100e+02 5.198514800000000200e+01 1.724820468750000100e+02 1.007877040000000100e+02
1.661622191093044300e-02 1.149723765624999900e+03 1.525336519999999900e+02 9.775127499999999800e+02 5.176927599999999800e+01 1.722110156249999900e+02 1.007643760000000000e+02
1.664225650467511900e-02 1.149160546874999900e+03 1.526369839999999800e+02 9.776147499999999600e+02 5.181987199999999700e+01 1.715457968750000100e+02 1.008171119999999900e+02
1.666910370434720000e-02 1.148998984375000000e+03 1.527020239999999900e+02 9.779291875000000100e+02 5.185285600000000300e+01 1.710697968750000100e+02 1.008491680000000100e+02
1.667596859922194600e-02 1.148997906249999900e+03 1.527150639999999800e+02 9.780304999999999600e+02 5.185979199999999900e+01 1.709674062500000100e+02 1.008552720000000000e+02
1.667983010258898600e-02 1.149007656249999900e+03 1.527215200000000000e+02 9.780940624999999500e+02 5.186316800000000200e+01 1.709135937499999900e+02 1.008583520000000000e+02
1.668460822544214800e-02 1.149039343749999900e+03 1.527271880000000100e+02 9.781858750000000100e+02 5.186564400000000300e+01 1.708534687499999900e+02 1.008615439999999900e+02
1.668949556253195400e-02 1.149169046875000000e+03 1.527182359999999900e+02 9.783379374999999500e+02 5.185761200000000300e+01 1.708311093750000100e+02 1.008606240000000000e+02
1.669224412082081700e-02 1.149360765625000100e+03 1.526943839999999900e+02 9.784877500000000100e+02 5.184096799999999700e+01 1.708730156249999900e+02 1.008534160000000000e+02
1.669842902705550800e-02 1.149590453124999800e+03 1.526273960000000000e+02 9.787358749999999600e+02 5.178717999999999900e+01 1.708545781249999900e+02 1.008402160000000000e+02
1.671234604121067000e-02 1.149428015624999900e+03 1.526657840000000000e+02 9.788700000000000000e+02 5.180651199999999800e+01 1.705580156250000000e+02 1.008592720000000000e+02
1.674365672272082000e-02 1.149543234375000100e+03 1.527567560000000000e+02 9.794298125000000300e+02 5.186119600000000000e+01 1.701134218750000000e+02 1.008955600000000000e+02
1.681410900654237200e-02 1.149417953125000200e+03 1.528801440000000000e+02 9.802686250000000400e+02 5.193327200000000200e+01 1.691493281250000100e+02 1.009468720000000000e+02
1.697262436984425500e-02 1.149406156250000100e+03 1.530625039999999900e+02 9.821126874999999900e+02 5.203766399999999900e+01 1.672934687499999900e+02 1.010248400000000000e+02
1.732928426231587100e-02 1.149411984375000000e+03 1.534409880000000000e+02 9.866787500000000400e+02 5.219929200000000000e+01 1.627332343749999900e+02 1.012416960000000000e+02
1.777065149682999900e-02 1.149416171875000100e+03 1.539932159999999900e+02 9.920404375000000500e+02 5.250708800000000300e+01 1.573757343750000100e+02 1.014861279999999900e+02
1.822204823874256800e-02 1.149413484375000100e+03 1.545051080000000100e+02 9.975789375000000500e+02 5.275970000000000200e+01 1.518345468750000000e+02 1.017454080000000000e+02
1.923769383342719500e-02 1.149413531250000000e+03 1.555403279999999900e+02 1.008535500000000000e+03 5.332207199999999900e+01 1.408780312499999900e+02 1.022182560000000000e+02
2.152289512129811400e-02 1.149412250000000100e+03 1.571554919999999800e+02 1.026875062500000000e+03 5.419254800000000200e+01 1.225371875000000000e+02 1.029629439999999900e+02
2.323679543711656300e-02 1.149409921875000000e+03 1.579614240000000200e+02 1.038674874999999900e+03 5.451938400000000200e+01 1.107350468749999900e+02 1.034420400000000100e+02
2.355815312776259700e-02 1.149411351562499900e+03 1.580912360000000100e+02 1.040778499999999900e+03 5.456302000000000200e+01 1.086328515624999900e+02 1.035282160000000000e+02
2.365757188751490800e-02 1.149411031250000000e+03 1.581288680000000100e+02 1.041418375000000000e+03 5.457389200000000100e+01 1.079926562500000000e+02 1.035549760000000000e+02
2.371349737769337000e-02 1.149410039062499900e+03 1.581467999999999800e+02 1.041762187500000000e+03 5.457703999999999700e+01 1.076478515624999900e+02 1.035697600000000000e+02
2.377069183328806700e-02 1.149418953125000100e+03 1.581497919999999900e+02 1.042076125000000000e+03 5.456768000000000300e+01 1.073428281250000000e+02 1.035821120000000000e+02
2.378784886979699200e-02 1.149447960937500100e+03 1.581375840000000000e+02 1.042174062500000000e+03 5.455392799999999900e+01 1.072738984374999900e+02 1.035836560000000000e+02
2.379589171822410500e-02 1.149490914062500000e+03 1.581210320000000100e+02 1.042221250000000100e+03 5.454010399999999900e+01 1.072696640625000000e+02 1.035809280000000000e+02
2.381398747710037100e-02 1.149770718750000000e+03 1.579800839999999800e+02 1.042240375000000100e+03 5.444133999999999700e+01 1.075303437500000000e+02 1.035387439999999900e+02
2.385470618499568500e-02 1.149259335937500100e+03 1.580715240000000100e+02 1.042367375000000000e+03 5.446654000000000200e+01 1.068919609375000000e+02 1.036049840000000000e+02
2.394632132750591100e-02 1.149365195312500000e+03 1.581322560000000100e+02 1.043011562500000100e+03 5.449338399999999900e+01 1.063536328125000000e+02 1.036388720000000100e+02
2.415245279781494700e-02 1.149423390624999900e+03 1.582067759999999900e+02 1.044195375000000000e+03 5.452752000000000300e+01 1.052280156250000000e+02 1.036792560000000000e+02
2.426840451272393700e-02 1.149413257812500000e+03 1.582456520000000100e+02 1.044869500000000000e+03 5.453761999999999700e+01 1.045437578125000000e+02 1.037080320000000000e+02
2.430427618878344300e-02 1.149414960937499900e+03 1.582571639999999900e+02 1.045081187499999900e+03 5.453953200000000100e+01 1.043337734375000000e+02 1.037176319999999900e+02
2.432445221883387800e-02 1.149417757812500000e+03 1.582630240000000000e+02 1.045197937500000100e+03 5.453995200000000000e+01 1.042198203125000000e+02 1.037230720000000000e+02
2.434509110922055900e-02 1.149422351562500100e+03 1.582678839999999800e+02 1.045311750000000100e+03 5.453925999999999900e+01 1.041106015624999900e+02 1.037286240000000000e+02
2.435147494138627900e-02 1.149433749999999900e+03 1.582691560000000100e+02 1.045344562499999900e+03 5.453869999999999900e+01 1.040891874999999900e+02 1.037304560000000000e+02
2.435800439253418800e-02 1.149474757812500000e+03 1.582685920000000100e+02 1.045377625000000100e+03 5.453700800000000000e+01 1.040971328125000100e+02 1.037315840000000000e+02
2.437269630770172800e-02 1.149426718750000000e+03 1.582642999999999900e+02 1.045411625000000000e+03 5.453314000000000300e+01 1.040150937500000100e+02 1.037311600000000000e+02
2.440575181665920900e-02 1.149376875000000200e+03 1.582795560000000100e+02 1.045574187500000100e+03 5.453719600000000200e+01 1.038026875000000000e+02 1.037423600000000100e+02
2.448012671181354300e-02 1.149405984375000100e+03 1.583112080000000200e+02 1.046051562500000000e+03 5.454545600000000100e+01 1.033544218750000000e+02 1.037657520000000100e+02
2.464747152608027400e-02 1.149415046874999900e+03 1.583608400000000000e+02 1.046966062499999900e+03 5.455305599999999800e+01 1.024489843749999900e+02 1.038077840000000000e+02
2.474160379671124000e-02 1.149409070312500000e+03 1.583879279999999900e+02 1.047487750000000000e+03 5.455721599999999700e+01 1.019213203125000000e+02 1.038307120000000100e+02
2.485809118144757500e-02 1.149378890624999900e+03 1.583598959999999900e+02 1.048142687500000000e+03 5.451532799999999700e+01 1.012362031250000000e+02 1.038445680000000000e+02
2.492361452275583500e-02 1.149418609375000000e+03 1.583890519999999900e+02 1.048506875000000000e+03 5.452844400000000000e+01 1.009117343749999900e+02 1.038606080000000000e+02
2.499062785829259100e-02 1.149581835937499800e+03 1.582599000000000200e+02 1.048414687499999900e+03 5.445632400000000200e+01 1.011671484375000000e+02 1.038035760000000100e+02
2.507355786865067900e-02 1.149328781250000000e+03 1.583434120000000000e+02 1.048790250000000000e+03 5.448552399999999800e+01 1.005385312500000100e+02 1.038578880000000000e+02
2.515837312476035300e-02 1.149456109374999900e+03 1.583702920000000100e+02 1.049282125000000000e+03 5.449175600000000200e+01 1.001739843750000000e+02 1.038785360000000000e+02
2.534920420058340800e-02 1.149410492187500000e+03 1.584392639999999800e+02 1.050253125000000000e+03 5.450668799999999700e+01 9.915736718750000000e+01 1.039325760000000000e+02
2.577857477127002200e-02 1.149413617187500000e+03 1.585497159999999900e+02 1.052318250000000000e+03 5.452571600000000300e+01 9.709536718750000300e+01 1.040240000000000000e+02
2.630992023491420700e-02 1.149412140625000100e+03 1.586539320000000000e+02 1.054624375000000100e+03 5.453765200000000100e+01 9.478776562500000600e+01 1.041162800000000000e+02
2.674465790523016700e-02 1.149410328125000000e+03 1.587215960000000100e+02 1.056283875000000100e+03 5.453722799999999900e+01 9.312645312499999800e+01 1.041843680000000100e+02
2.728808194337934200e-02 1.149412054687500100e+03 1.588095000000000100e+02 1.058325000000000000e+03 5.454261999999999900e+01 9.108705468750000000e+01 1.042668800000000000e+02
2.796056600517371800e-02 1.149411656249999900e+03 1.589132600000000100e+02 1.060751749999999900e+03 5.454421200000000200e+01 8.865990625000000600e+01 1.043690480000000100e+02
2.864833745975923400e-02 1.149412492187500000e+03 1.589968440000000100e+02 1.062922000000000000e+03 5.453574799999999800e+01 8.649049218749999600e+01 1.044610960000000000e+02
2.949945180694018400e-02 1.149412499999999900e+03 1.591109280000000000e+02 1.065478750000000000e+03 5.454954399999999700e+01 8.393375000000000300e+01 1.045613840000000000e+02
3.036990747536292800e-02 1.149412453125000000e+03 1.592272560000000100e+02 1.067911625000000000e+03 5.454993600000000200e+01 8.150082812499999800e+01 1.046773199999999900e+02
3.232843858007679300e-02 1.149412109375000000e+03 1.595070440000000100e+02 1.072538875000000000e+03 5.459982800000000200e+01 7.687323437499999600e+01 1.049072160000000100e+02
3.475212091967290500e-02 1.149411632812499900e+03 1.598634759999999900e+02 1.076891374999999900e+03 5.467288400000000300e+01 7.252025781250000600e+01 1.051905920000000000e+02
3.611543963535675300e-02 1.149411734375000200e+03 1.600831520000000100e+02 1.078780500000000100e+03 5.472276000000000100e+01 7.063123437500000500e+01 1.053603920000000000e+02
3.688230820066196200e-02 1.149412015625000100e+03 1.602120439999999900e+02 1.079766000000000100e+03 5.475448399999999800e+01 6.964601562500000400e+01 1.054575600000000000e+02
3.731367063099783100e-02 1.149410859375000000e+03 1.602888840000000000e+02 1.080321250000000000e+03 5.477258799999999900e+01 6.908960937499999500e+01 1.055162960000000000e+02
3.742396400831309000e-02 1.149412656250000100e+03 1.603088880000000000e+02 1.080450875000000000e+03 5.477844799999999700e+01 6.896178125000000100e+01 1.055304400000000000e+02
3.745808565624733600e-02 1.149416109374999900e+03 1.603148799999999900e+02 1.080489750000000000e+03 5.478003199999999900e+01 6.892635937500000400e+01 1.055348480000000000e+02
3.747727875816797600e-02 1.149420742187500100e+03 1.603181600000000100e+02 1.080511125000000000e+03 5.478087200000000200e+01 6.890961718750000400e+01 1.055372880000000000e+02
3.748807536556188900e-02 1.149426460937500000e+03 1.603199840000000100e+02 1.080523500000000000e+03 5.478133600000000300e+01 6.890296093749999800e+01 1.055386479999999900e+02
3.749414715705148800e-02 1.149433445312500000e+03 1.603210440000000000e+02 1.080531375000000000e+03 5.478161200000000300e+01 6.890207031250000100e+01 1.055394320000000100e+02
3.749756400245504700e-02 1.149440671874999900e+03 1.603217119999999900e+02 1.080536625000000000e+03 5.478179200000000300e+01 6.890404687500000600e+01 1.055399200000000000e+02
3.750105625768868100e-02 1.149460398437500100e+03 1.603225479999999800e+02 1.080544000000000100e+03 5.478193199999999800e+01 6.891639843750000700e+01 1.055406160000000000e+02
3.750538062139197700e-02 1.149700562499999900e+03 1.603056760000000100e+02 1.080585875000000000e+03 5.477936400000000100e+01 6.911468750000000200e+01 1.055263120000000000e+02
3.750980119763707600e-02 1.150012007812500100e+03 1.602754320000000000e+02 1.080664125000000000e+03 5.477008800000000100e+01 6.934788281250000400e+01 1.055053439999999900e+02
3.751975009452751500e-02 1.149884679687500000e+03 1.602498040000000100e+02 1.080548375000000100e+03 5.475311599999999900e+01 6.933630468750000400e+01 1.054966880000000100e+02
3.754213641270050300e-02 1.149345273437500100e+03 1.602838280000000000e+02 1.080311750000000100e+03 5.475869999999999700e+01 6.903352343749999400e+01 1.055251280000000000e+02
3.755472725398213700e-02 1.149232148437500000e+03 1.602898639999999900e+02 1.080229875000000000e+03 5.476128800000000000e+01 6.900227343749999400e+01 1.055285760000000000e+02
3.756180797699119900e-02 1.149190234375000000e+03 1.602913480000000000e+02 1.080189875000000000e+03 5.476165999999999900e+01 6.900035937500000200e+01 1.055296879999999900e+02
3.757774545452426800e-02 1.149194132812499900e+03 1.602871440000000100e+02 1.080151750000000000e+03 5.475791999999999900e+01 6.904238281249999400e+01 1.055292240000000000e+02
3.761360152854997100e-02 1.149253500000000000e+03 1.602945159999999900e+02 1.080200000000000000e+03 5.476134799999999800e+01 6.905350000000000000e+01 1.055331680000000000e+02
3.769427704502306000e-02 1.149411374999999900e+03 1.602839999999999900e+02 1.080236124999999900e+03 5.475382400000000200e+01 6.917525000000000500e+01 1.055301760000000000e+02
3.787579630700276000e-02 1.149420171875000100e+03 1.603245719999999900e+02 1.080387625000000100e+03 5.476216399999999900e+01 6.903254687499999400e+01 1.055624080000000000e+02
3.810042658872805200e-02 1.149406624999999800e+03 1.603595720000000100e+02 1.080502000000000000e+03 5.476214800000000300e+01 6.890462499999999600e+01 1.055974240000000000e+02
3.820093489050784000e-02 1.149411273437500100e+03 1.603796800000000100e+02 1.080607375000000000e+03 5.476635199999999800e+01 6.880389843749999600e+01 1.056133280000000000e+02
3.821870300667417500e-02 1.149413070312499900e+03 1.603827200000000100e+02 1.080621750000000000e+03 5.476682400000000000e+01 6.879132031250000500e+01 1.056158960000000100e+02
3.823687677571947100e-02 1.149413117187500100e+03 1.603844080000000100e+02 1.080620625000000000e+03 5.476648800000000300e+01 6.879249218750000200e+01 1.056179200000000000e+02
3.824249870856764900e-02 1.149412234375000000e+03 1.603844120000000000e+02 1.080613750000000000e+03 5.476607599999999800e+01 6.879848437500000100e+01 1.056183360000000000e+02
3.824824805802525700e-02 1.149421796875000200e+03 1.603824480000000100e+02 1.080598500000000100e+03 5.476457599999999800e+01 6.882329687499999700e+01 1.056178720000000100e+02
3.826118474438958800e-02 1.149671210937499800e+03 1.603191479999999800e+02 1.080501749999999900e+03 5.473996400000000100e+01 6.916946093750000600e+01 1.055791840000000000e+02
3.829029553913306000e-02 1.149295757812500100e+03 1.603472280000000000e+02 1.080364250000000100e+03 5.474096399999999800e+01 6.893150781250000100e+01 1.056062640000000000e+02
3.835578767637370900e-02 1.149390195312499800e+03 1.603733200000000100e+02 1.080501874999999900e+03 5.475302400000000300e+01 6.888832031249999900e+01 1.056202960000000000e+02
3.850315148601258400e-02 1.149435187500000000e+03 1.604065440000000000e+02 1.080730499999999900e+03 5.475940800000000100e+01 6.870468750000000600e+01 1.056471360000000000e+02
3.867998753751145100e-02 1.149406679687500200e+03 1.604457960000000000e+02 1.080895625000000100e+03 5.477298799999999800e+01 6.851105468750000700e+01 1.056728080000000000e+02
3.901155415894469500e-02 1.149412773437499900e+03 1.605172760000000100e+02 1.081268499999999900e+03 5.479920400000000300e+01 6.814427343750000400e+01 1.057180720000000100e+02
3.975758100742373500e-02 1.149412414062499900e+03 1.606679839999999900e+02 1.082024625000000000e+03 5.485585600000000300e+01 6.738778906250000500e+01 1.058121280000000000e+02
4.068078715214536900e-02 1.149412023437500000e+03 1.608571519999999900e+02 1.083012874999999900e+03 5.493995199999999800e+01 6.639914843750000300e+01 1.059171999999999900e+02
4.143613621582363500e-02 1.149412406250000000e+03 1.610023999999999900e+02 1.083682250000000100e+03 5.500543199999999900e+01 6.573015624999999300e+01 1.059969680000000000e+02
4.195543950970837700e-02 1.149410960937499800e+03 1.611017679999999900e+02 1.084123374999999900e+03 5.505172799999999700e+01 6.528758593749999800e+01 1.060500400000000000e+02
4.248654574216752900e-02 1.149411683593750000e+03 1.611891680000000000e+02 1.084423500000000100e+03 5.508922400000000200e+01 6.498818359374999400e+01 1.060999439999999900e+02
4.368153411511588300e-02 1.149412632812500100e+03 1.614244999999999900e+02 1.085424625000000100e+03 5.520382000000000000e+01 6.398800781250000100e+01 1.062206800000000000e+02
4.516033128401659300e-02 1.149411429687500000e+03 1.617172999999999900e+02 1.086618500000000000e+03 5.534226000000000300e+01 6.279292968749999900e+01 1.063750400000000000e+02
4.667274043441387700e-02 1.149413554687500000e+03 1.620000440000000000e+02 1.087650625000000000e+03 5.545890800000000100e+01 6.176292968749999800e+01 1.065411359999999900e+02
4.939507170445105200e-02 1.149412386718750000e+03 1.625040040000000100e+02 1.089292500000000000e+03 5.565845199999999700e+01 6.011988671875000300e+01 1.068455520000000000e+02
5.126667607781345400e-02 1.149412199218749900e+03 1.628604880000000000e+02 1.090380375000000000e+03 5.581962399999999700e+01 5.903182421875000300e+01 1.070408640000000000e+02
5.174521125736249200e-02 1.149412320312500000e+03 1.629533960000000000e+02 1.090671374999999900e+03 5.586144399999999900e+01 5.874094531250000300e+01 1.070919520000000100e+02
5.189325895614987900e-02 1.149412218750000000e+03 1.629820880000000000e+02 1.090762125000000000e+03 5.587475200000000100e+01 5.865009375000000300e+01 1.071073360000000000e+02
5.197653221125170300e-02 1.149413519531249900e+03 1.629980800000000200e+02 1.090814750000000000e+03 5.588244799999999700e+01 5.859876953124999900e+01 1.071156320000000100e+02
5.202337471741596400e-02 1.149416125000000000e+03 1.630071320000000100e+02 1.090846875000000000e+03 5.588707600000000000e+01 5.856924999999999700e+01 1.071200560000000100e+02
5.204972655251469800e-02 1.149419707031250000e+03 1.630122800000000000e+02 1.090867250000000000e+03 5.588991999999999600e+01 5.855245703125000000e+01 1.071223600000000000e+02
5.207667646557599700e-02 1.149438898437500000e+03 1.630183519999999900e+02 1.090903125000000000e+03 5.589408800000000400e+01 5.853577343749999800e+01 1.071242640000000000e+02
5.208501315230646600e-02 1.149456878906250000e+03 1.630208240000000000e+02 1.090925500000000100e+03 5.589618399999999800e+01 5.853137890624999800e+01 1.071246400000000000e+02
5.209353706344260800e-02 1.149539714843750100e+03 1.630266199999999800e+02 1.091005000000000100e+03 5.590182000000000100e+01 5.853471484375000200e+01 1.071247999999999900e+02
5.211272236434634500e-02 1.149556792968750000e+03 1.630268840000000000e+02 1.091016374999999900e+03 5.590481200000000000e+01 5.854041796874999900e+01 1.071220720000000000e+02
5.215588799121027200e-02 1.149340957031250100e+03 1.630241880000000100e+02 1.090857500000000100e+03 5.590173999999999700e+01 5.848345703124999800e+01 1.071224480000000100e+02
5.225301065165409400e-02 1.149379714843750000e+03 1.630418880000000000e+02 1.090937500000000000e+03 5.590942400000000100e+01 5.844221484375000100e+01 1.071324640000000000e+02
5.247153273714425000e-02 1.149417175781249900e+03 1.630848920000000000e+02 1.091088874999999900e+03 5.592660399999999800e+01 5.832830078125000000e+01 1.071582880000000000e+02
5.296321523051401900e-02 1.149413054687500100e+03 1.631793240000000100e+02 1.091339750000000100e+03 5.596378000000000000e+01 5.807330468749999900e+01 1.072155439999999900e+02
5.357167374624552400e-02 1.149410234374999800e+03 1.632861719999999900e+02 1.091549874999999900e+03 5.600802800000000300e+01 5.786035937500000200e+01 1.072781440000000000e+02
5.391393036117501200e-02 1.149412464843750100e+03 1.633501479999999900e+02 1.091683000000000000e+03 5.603271600000000100e+01 5.772946484375000200e+01 1.073174320000000000e+02
5.426396198961795000e-02 1.149413968749999900e+03 1.634074640000000000e+02 1.091756374999999900e+03 5.605655200000000300e+01 5.765759374999999700e+01 1.073509119999999900e+02
5.505154225480092500e-02 1.149412156250000000e+03 1.635525759999999900e+02 1.092036875000000000e+03 5.610970400000000100e+01 5.737528125000000000e+01 1.074428719999999900e+02
5.602617010260895600e-02 1.149411726562500000e+03 1.637215640000000000e+02 1.092293124999999900e+03 5.616890000000000100e+01 5.711860156249999700e+01 1.075526639999999900e+02
5.702295283842183400e-02 1.149412285156250200e+03 1.638865240000000100e+02 1.092450125000000100e+03 5.622197200000000100e+01 5.696216015625000000e+01 1.076645520000000000e+02
5.716312671081500600e-02 1.149411449218750000e+03 1.639089080000000000e+02 1.092458249999999900e+03 5.622903600000000100e+01 5.695319921875000100e+01 1.076798720000000000e+02
5.747851142285222100e-02 1.149410742187500100e+03 1.639520160000000100e+02 1.092419750000000000e+03 5.624259200000000200e+01 5.699099218749999800e+01 1.077094240000000000e+02
5.818813352578337800e-02 1.149411960937500000e+03 1.640490480000000000e+02 1.092295875000000000e+03 5.627174399999999800e+01 5.711608593750000300e+01 1.077773040000000000e+02
5.978478325737847400e-02 1.149412238281250000e+03 1.643024399999999900e+02 1.092354250000000100e+03 5.634870399999999800e+01 5.705798828124999700e+01 1.079537360000000100e+02
6.337723995278948800e-02 1.149412355468749900e+03 1.648350760000000200e+02 1.092110250000000000e+03 5.648877199999999700e+01 5.730210546875000000e+01 1.083463040000000000e+02
6.745783747989625400e-02 1.149411332031249900e+03 1.653864959999999900e+02 1.091261749999999900e+03 5.659836800000000100e+01 5.814958203124999900e+01 1.087881280000000000e+02
6.904669139526616000e-02 1.149413957031250000e+03 1.656027520000000100e+02 1.090935625000000100e+03 5.663952799999999900e+01 5.847833203124999800e+01 1.089632240000000000e+02
6.912116510330126900e-02 1.149429539062500000e+03 1.656076880000000000e+02 1.090951000000000000e+03 5.663319200000000100e+01 5.847853906249999800e+01 1.089744960000000000e+02
6.921333151767264400e-02 1.149478023437500000e+03 1.655872840000000100e+02 1.091146500000000100e+03 5.657978000000000000e+01 5.833152343750000300e+01 1.090075040000000000e+02
6.930759380525199100e-02 1.149354152343750000e+03 1.656190680000000000e+02 1.091107500000000100e+03 5.658314000000000000e+01 5.824665234375000000e+01 1.090359280000000000e+02
6.951967745145812300e-02 1.149401609374999900e+03 1.656574880000000000e+02 1.091165874999999900e+03 5.658460000000000200e+01 5.823573437500000000e+01 1.090728880000000100e+02
6.999687085609981900e-02 1.149412800781249900e+03 1.657181360000000200e+02 1.090924749999999900e+03 5.661472799999999900e+01 5.848805078125000300e+01 1.091034080000000000e+02
7.000000166421693800e-02 1.149412542968749900e+03 1.657185159999999900e+02 1.090922875000000000e+03 5.661489999999999900e+01 5.848966796874999800e+01 1.091036160000000000e+02
