0.000000000000000000e+00 0.000000000000000000e+00 0.000000000000000000e+00 0.000000000000000000e+00 0.000000000000000000e+00 0.000000000000000000e+00 0.000000000000000000e+00
-1.234896670087662700e-07 2.236813062499999900e+03 -4.520274047851561600e-04 1.514263250000000000e+03 7.260908813476563000e-04 7.225498125000000300e+02 -1.178118286132812500e-03
1.399878908280778900e-03 2.236811437500000000e+03 4.020067000000000200e+01 1.502693375000000100e+03 1.972198600000000100e+01 7.341180624999999500e+02 2.047868400000000100e+01
4.024883475204673300e-03 2.236812187499999700e+03 1.150713600000000000e+02 1.478683624999999900e+03 5.582347599999999900e+01 7.581285625000000400e+02 5.924788399999999900e+01
4.394025010794801900e-03 2.236811125000000200e+03 1.254498640000000100e+02 1.475571500000000000e+03 6.082878800000000300e+01 7.612396250000000500e+02 6.462107600000000200e+01
4.508228092403202700e-03 2.236804999999999800e+03 1.286234319999999800e+02 1.474858250000000000e+03 6.235855999999999700e+01 7.619467499999999500e+02 6.626487199999999700e+01
4.625026705209734300e-03 2.236812437499999800e+03 1.318320280000000100e+02 1.474457375000000000e+03 6.390951600000000400e+01 7.623550625000000300e+02 6.792251199999999800e+01
4.690725724775713200e-03 2.236805562499999700e+03 1.336160280000000000e+02 1.474398375000000000e+03 6.477682799999999500e+01 7.624071874999999600e+02 6.883920000000000500e+01
4.838549028240572400e-03 2.236806125000000100e+03 1.375356319999999900e+02 1.475004875000000100e+03 6.671307199999999700e+01 7.618012499999999800e+02 7.082255999999999600e+01
4.921699472690531500e-03 2.236805687500000200e+03 1.396917120000000000e+02 1.475726000000000100e+03 6.780208000000000400e+01 7.610796874999999800e+02 7.188963200000000600e+01
4.968472016163361300e-03 2.236804625000000200e+03 1.408894880000000000e+02 1.476240375000000100e+03 6.841090400000000200e+01 7.605642500000000200e+02 7.247858399999999800e+01
5.073709220094413200e-03 2.236806250000000100e+03 1.435453200000000000e+02 1.477717000000000100e+03 6.977736000000000200e+01 7.590892499999999900e+02 7.376796000000000200e+01
5.203940492846590600e-03 2.236837062499999800e+03 1.466764560000000000e+02 1.480426125000000000e+03 7.131559199999999500e+01 7.564109375000000500e+02 7.536086400000000700e+01
5.337131765735891500e-03 2.236799500000000100e+03 1.497301440000000000e+02 1.484508750000000000e+03 7.263462400000000200e+01 7.522907500000000000e+02 7.709551999999999300e+01
5.501955565661010400e-03 2.236789749999999900e+03 1.534908160000000000e+02 1.489351875000000100e+03 7.448012799999999300e+01 7.474378749999999600e+02 7.901068800000000200e+01
5.670525943257724600e-03 2.236832187500000100e+03 1.571475199999999900e+02 1.495267000000000100e+03 7.619205599999999400e+01 7.415651874999999800e+02 8.095546400000000600e+01
6.049808273967514700e-03 2.236803687499999800e+03 1.650820320000000000e+02 1.509892875000000000e+03 7.997382399999999300e+01 7.269108125000000200e+02 8.510820800000000500e+01
6.167148641323141200e-03 2.236827499999999900e+03 1.673995600000000100e+02 1.514823750000000000e+03 8.105830400000000700e+01 7.220037499999999700e+02 8.634125600000000100e+01
6.233153034624745700e-03 2.236868937499999900e+03 1.686549520000000100e+02 1.517933375000000100e+03 8.161701600000000700e+01 7.189355624999999500e+02 8.703793600000000200e+01
6.250029227381370500e-03 2.237083625000000200e+03 1.689020080000000000e+02 1.519218625000000000e+03 8.168711999999999300e+01 7.178650000000000100e+02 8.721488800000000200e+01
6.287999787755647900e-03 2.236678687499999800e+03 1.696459280000000000e+02 1.520611625000000000e+03 8.203683999999999800e+01 7.160670625000000200e+02 8.760908800000000000e+01
6.373435149699340800e-03 2.236817375000000100e+03 1.712917919999999900e+02 1.524694375000000000e+03 8.278640799999999400e+01 7.121230000000000500e+02 8.850538400000000600e+01
6.565663404080457700e-03 2.236807687499999700e+03 1.748300639999999900e+02 1.534190374999999900e+03 8.435022399999999700e+01 7.026173125000000300e+02 9.047983999999999600e+01
6.998177995320788000e-03 2.236815250000000100e+03 1.825175439999999900e+02 1.556363625000000000e+03 8.785016799999999600e+01 6.804516250000000400e+02 9.466737600000000400e+01
7.971335097838089600e-03 2.236808812499999900e+03 1.983549520000000000e+02 1.609651249999999900e+03 9.471799199999999500e+01 6.271575625000000400e+02 1.036369600000000000e+02
8.518736586611496200e-03 2.236808187499999800e+03 2.065768640000000000e+02 1.639815875000000000e+03 9.821074400000000500e+01 5.969923125000000300e+02 1.083661200000000000e+02
9.750388335250092000e-03 2.236809937500000200e+03 2.234322399999999800e+02 1.709235500000000000e+03 1.050346160000000000e+02 5.275744375000000400e+02 1.183976239999999900e+02
1.044319255302531700e-02 2.236810937499999900e+03 2.319553040000000100e+02 1.748125000000000000e+03 1.081586320000000000e+02 4.886859375000000200e+02 1.237966720000000000e+02
1.200200291634770400e-02 2.236810718750000000e+03 2.488670240000000100e+02 1.831104374999999900e+03 1.140592640000000000e+02 4.057063437499999700e+02 1.348077600000000000e+02
1.287883367293920400e-02 2.236811499999999800e+03 2.561484319999999600e+02 1.870658500000000000e+03 1.170000800000000000e+02 3.661530000000000200e+02 1.391483519999999900e+02
1.337205097352192300e-02 2.236813000000000100e+03 2.596161119999999900e+02 1.890007499999999900e+03 1.185293439999999900e+02 3.468054999999999900e+02 1.410867680000000100e+02
1.448178902650490900e-02 2.236813468750000100e+03 2.661969680000000300e+02 1.928771250000000000e+03 1.215039440000000000e+02 3.080422187500000200e+02 1.446930240000000100e+02
1.463784694089412100e-02 2.236819749999999700e+03 2.669579200000000000e+02 1.933631249999999900e+03 1.218642239999999900e+02 3.031884999999999800e+02 1.450936959999999900e+02
1.498897491939484200e-02 2.236810218749999900e+03 2.686669120000000200e+02 1.944034000000000100e+03 1.226854400000000000e+02 2.927762187500000000e+02 1.459814720000000000e+02
1.577901316213083800e-02 2.236810562499999800e+03 2.721040560000000100e+02 1.966834000000000100e+03 1.243074960000000000e+02 2.699765625000000000e+02 1.477965600000000000e+02
1.622341025588858900e-02 2.236813328125000200e+03 2.737953519999999800e+02 1.978991625000000100e+03 1.251070160000000000e+02 2.578217031250000000e+02 1.486883359999999900e+02
1.647338354834997800e-02 2.236814390625000200e+03 2.746467680000000100e+02 1.985250375000000100e+03 1.255480320000000100e+02 2.515640156250000000e+02 1.490987360000000000e+02
1.661399287036341400e-02 2.236814890624999900e+03 2.751063839999999900e+02 1.988654250000000000e+03 1.257943040000000000e+02 2.481606406250000100e+02 1.493120800000000100e+02
1.678799826001364100e-02 2.236830265624999800e+03 2.756430800000000000e+02 1.992820250000000000e+03 1.260933200000000100e+02 2.440100156249999900e+02 1.495497599999999900e+02
1.696595691499256200e-02 2.236785218749999800e+03 2.761559760000000100e+02 1.996967374999999900e+03 1.263773200000000000e+02 2.398178437500000100e+02 1.497786560000000100e+02
1.736636621757013700e-02 2.236808843750000100e+03 2.773157599999999500e+02 2.006080375000000000e+03 1.269897120000000000e+02 2.307284687499999900e+02 1.503260479999999900e+02
1.786187163784972600e-02 2.236811093750000100e+03 2.786484479999999700e+02 2.016733125000000000e+03 1.276938880000000000e+02 2.200779687500000000e+02 1.509545599999999900e+02
1.836863833323794400e-02 2.236811500000000300e+03 2.799188319999999500e+02 2.027177875000000100e+03 1.283594559999999900e+02 2.096336249999999900e+02 1.515593759999999900e+02
1.899576361799415100e-02 2.236810218749999900e+03 2.813579839999999900e+02 2.039695250000000000e+03 1.290767679999999900e+02 1.971149687500000000e+02 1.522812160000000000e+02
1.908395229241786900e-02 2.236811953124999900e+03 2.815426800000000200e+02 2.041384375000000100e+03 1.291679440000000100e+02 1.954275781250000000e+02 1.523747360000000100e+02
1.910650046026022800e-02 2.236807015625000100e+03 2.815837440000000200e+02 2.041791750000000100e+03 1.291874239999999900e+02 1.950152656250000100e+02 1.523963200000000000e+02
1.911918467799968200e-02 2.236797484375000300e+03 2.816006639999999900e+02 2.042006000000000100e+03 1.291938639999999900e+02 1.947914843750000100e+02 1.524068000000000000e+02
1.912631918659140500e-02 2.236869578124999900e+03 2.815886239999999800e+02 2.042186999999999900e+03 1.291798400000000100e+02 1.946825781249999900e+02 1.524087840000000000e+02
1.913033183823284100e-02 2.237251218750000100e+03 2.815226640000000200e+02 2.042532875000000100e+03 1.291279920000000100e+02 1.947183437500000000e+02 1.523946720000000100e+02
1.913258968255458800e-02 2.237917921875000000e+03 2.814154879999999800e+02 2.043061875000000100e+03 1.290469760000000000e+02 1.948560468750000000e+02 1.523685120000000100e+02
1.913766895895039100e-02 2.239442562499999900e+03 2.809194400000000100e+02 2.044301625000000100e+03 1.286594560000000100e+02 1.951409375000000100e+02 1.522599840000000000e+02
1.914909674862220300e-02 2.237395468750000000e+03 2.808887680000000300e+02 2.043076499999999900e+03 1.286119679999999900e+02 1.943189687500000100e+02 1.522768000000000100e+02
1.917480985760252100e-02 2.236450203124999900e+03 2.811619600000000200e+02 2.042994375000000000e+03 1.287831600000000100e+02 1.934558281250000100e+02 1.523788000000000100e+02
1.923266377058949200e-02 2.236324812500000000e+03 2.813803520000000200e+02 2.044145000000000000e+03 1.289103360000000000e+02 1.921798125000000000e+02 1.524700159999999900e+02
1.926520746997278900e-02 2.236808031250000100e+03 2.814782080000000000e+02 2.045119375000000000e+03 1.289753760000000100e+02 1.916886562500000100e+02 1.525028320000000100e+02
1.930181738512274500e-02 2.237259359374999800e+03 2.814663840000000100e+02 2.046152624999999900e+03 1.289429279999999900e+02 1.911067343750000000e+02 1.525234560000000100e+02
1.934575161217769900e-02 2.236820468750000100e+03 2.815147440000000100e+02 2.046551375000000000e+03 1.289561200000000000e+02 1.902690937500000000e+02 1.525586240000000100e+02
1.942812625014010700e-02 2.236747734375000200e+03 2.816232800000000200e+02 2.047594000000000100e+03 1.290213280000000100e+02 1.891537343750000000e+02 1.526019520000000100e+02
1.945360996493198900e-02 2.236852359375000100e+03 2.816153120000000200e+02 2.048025125000000100e+03 1.290053440000000100e+02 1.888272343749999900e+02 1.526099680000000100e+02
1.946012615720867800e-02 2.236931015624999900e+03 2.815935279999999900e+02 2.048184624999999900e+03 1.289832720000000000e+02 1.887463906250000000e+02 1.526102559999999900e+02
1.947185553619422400e-02 2.239730109374999800e+03 2.802589520000000200e+02 2.050615624999999900e+03 1.278567440000000100e+02 1.891144843749999900e+02 1.524022080000000000e+02
1.948651580437927100e-02 2.237358531249999900e+03 2.806299920000000200e+02 2.049324375000000100e+03 1.280859280000000000e+02 1.880341562500000000e+02 1.525440639999999900e+02
1.951950315445188600e-02 2.235730515625000000e+03 2.808622000000000300e+02 2.048870625000000000e+03 1.282094319999999900e+02 1.868598906249999900e+02 1.526527680000000100e+02
1.959372440100589800e-02 2.236658718749999900e+03 2.810833360000000300e+02 2.050861625000000000e+03 1.283336880000000000e+02 1.857970937499999900e+02 1.527496480000000100e+02
1.976072104131491500e-02 2.236839968750000000e+03 2.812709439999999900e+02 2.053319875000000100e+03 1.283948000000000000e+02 1.835200937500000000e+02 1.528761440000000100e+02
2.013646406422895500e-02 2.236813515625000000e+03 2.819701760000000400e+02 2.057506374999999900e+03 1.289562560000000000e+02 1.793071406249999900e+02 1.530139200000000100e+02
2.098188761244181400e-02 2.236813265625000000e+03 2.832730560000000000e+02 2.067279875000000200e+03 1.299453599999999900e+02 1.695333906250000100e+02 1.533276960000000000e+02
2.288408943148323100e-02 2.236811703125000300e+03 2.855633279999999600e+02 2.090962750000000100e+03 1.314671199999999900e+02 1.458489531250000100e+02 1.540962079999999900e+02
2.523806272700010500e-02 2.236811109374999900e+03 2.875937519999999900e+02 2.115374249999999800e+03 1.328516400000000000e+02 1.214368593750000000e+02 1.547421119999999900e+02
2.656217488904866900e-02 2.236809468750000200e+03 2.881893840000000200e+02 2.125631500000000000e+03 1.332367920000000100e+02 1.111779687500000100e+02 1.549525920000000100e+02
2.723927666707207800e-02 2.236809695312500000e+03 2.883969200000000200e+02 2.130275250000000100e+03 1.333316399999999900e+02 1.065344453125000000e+02 1.550652800000000000e+02
2.738739311767876200e-02 2.236815132812500000e+03 2.884376479999999700e+02 2.131292500000000000e+03 1.333401600000000000e+02 1.055226328125000100e+02 1.550974880000000000e+02
2.743499998062376100e-02 2.236935789062499700e+03 2.884336399999999700e+02 2.131878499999999800e+03 1.333019280000000000e+02 1.050572890625000000e+02 1.551317119999999900e+02
2.744169549627618500e-02 2.237110726562500100e+03 2.884107359999999900e+02 2.132149750000000000e+03 1.332697599999999900e+02 1.049609765624999900e+02 1.551409759999999900e+02
2.745675865983788300e-02 2.239598789062499700e+03 2.878651280000000300e+02 2.135686499999999800e+03 1.326201680000000100e+02 1.039122890624999900e+02 1.552449599999999900e+02
2.749065310672671800e-02 2.236990078125000300e+03 2.880643840000000200e+02 2.135007250000000100e+03 1.326004800000000000e+02 1.019828281250000000e+02 1.554639040000000100e+02
2.753259614564851700e-02 2.235796835937500000e+03 2.882741599999999900e+02 2.134864750000000200e+03 1.326815680000000000e+02 1.009320859375000100e+02 1.555925920000000000e+02
2.757549169444921700e-02 2.236437867187499700e+03 2.883632079999999900e+02 2.135994749999999800e+03 1.326943760000000100e+02 1.004431171874999900e+02 1.556688320000000100e+02
2.767200959034455500e-02 2.236860460937499700e+03 2.884487120000000000e+02 2.137057249999999800e+03 1.327307439999999900e+02 9.980321093749999800e+01 1.557179680000000100e+02
2.788917019835904200e-02 2.236801546875000000e+03 2.884791520000000000e+02 2.138353500000000200e+03 1.327348160000000000e+02 9.844804687500000300e+01 1.557443360000000000e+02
2.837778680636041500e-02 2.236834789062500000e+03 2.885608640000000400e+02 2.143009250000000100e+03 1.324816480000000100e+02 9.382553906249999900e+01 1.560792160000000000e+02
2.885876703320551200e-02 2.236801062499999700e+03 2.886518879999999900e+02 2.146050499999999800e+03 1.324377760000000100e+02 9.075056250000000100e+01 1.562141120000000000e+02
2.901336707183875500e-02 2.236816492187500400e+03 2.886600320000000000e+02 2.147043500000000200e+03 1.324057440000000000e+02 8.977299218749999500e+01 1.562542880000000000e+02
2.936121948763855900e-02 2.236814046874999800e+03 2.886881680000000200e+02 2.149508249999999900e+03 1.322975120000000100e+02 8.730579687499999900e+01 1.563906560000000100e+02
2.979168641552675000e-02 2.236805835937500000e+03 2.887160959999999900e+02 2.151925000000000200e+03 1.322208160000000100e+02 8.488083593749999500e+01 1.564952800000000100e+02
2.985222086364969900e-02 2.236810218749999900e+03 2.887177199999999900e+02 2.152243500000000000e+03 1.322100399999999900e+02 8.456671875000000700e+01 1.565076799999999900e+02
2.988627134516416700e-02 2.236812687500000300e+03 2.887182400000000400e+02 2.152422250000000100e+03 1.322035520000000000e+02 8.439043750000000400e+01 1.565146880000000100e+02
2.992109501318180800e-02 2.236814109375000000e+03 2.887104080000000300e+02 2.152584750000000000e+03 1.321907600000000100e+02 8.422935937500000100e+01 1.565196479999999900e+02
2.994068318088703700e-02 2.236834625000000000e+03 2.886841440000000000e+02 2.152674250000000000e+03 1.321672320000000100e+02 8.416037500000000200e+01 1.565169119999999900e+02
2.998475946931757800e-02 2.237485671875000200e+03 2.881611360000000000e+02 2.152976250000000200e+03 1.317897600000000000e+02 8.450942187500000100e+01 1.563713760000000000e+02
3.000955034379412100e-02 2.236448976562499900e+03 2.882452319999999900e+02 2.152408750000000100e+03 1.318204320000000100e+02 8.404022656249999600e+01 1.564248000000000000e+02
3.006533155802259800e-02 2.236325976562499800e+03 2.883420160000000000e+02 2.152755999999999900e+03 1.318499200000000000e+02 8.356997656250000300e+01 1.564920960000000000e+02
3.013436407105536000e-02 2.237013085937499900e+03 2.883279999999999700e+02 2.153642249999999900e+03 1.318100320000000100e+02 8.337083593750000400e+01 1.565179680000000000e+02
3.014407082209511600e-02 2.237104781250000100e+03 2.883096799999999600e+02 2.153747499999999900e+03 1.317909440000000000e+02 8.335728125000000000e+01 1.565187359999999900e+02
3.014952970511747600e-02 2.237107367187500100e+03 2.883076560000000100e+02 2.153768750000000200e+03 1.317867760000000000e+02 8.333861718750000600e+01 1.565208800000000100e+02
3.015511434739034900e-02 2.237185585937500000e+03 2.882915679999999800e+02 2.153841249999999900e+03 1.317704960000000100e+02 8.334433593750000600e+01 1.565210720000000000e+02
3.015825599977822000e-02 2.237395757812500100e+03 2.882518400000000200e+02 2.153961249999999800e+03 1.317408320000000100e+02 8.343450781250000100e+01 1.565110080000000000e+02
3.016532413543216900e-02 2.239830343749999900e+03 2.876451680000000100e+02 2.154930750000000000e+03 1.313284960000000000e+02 8.489959374999999400e+01 1.563166720000000100e+02
3.018122802287231300e-02 2.237898898437500100e+03 2.877219999999999800e+02 2.153735250000000200e+03 1.313171840000000000e+02 8.416364843750000100e+01 1.564048160000000100e+02
3.021700885851887100e-02 2.236178070312500000e+03 2.879050800000000000e+02 2.152866000000000000e+03 1.313766479999999900e+02 8.331207031249999800e+01 1.565284320000000100e+02
3.029751573872362400e-02 2.236524914062499600e+03 2.879460560000000000e+02 2.153521499999999800e+03 1.313506960000000000e+02 8.300341406249999900e+01 1.565953600000000000e+02
3.047865796584058700e-02 2.236774703125000100e+03 2.878725200000000100e+02 2.154202499999999900e+03 1.311943919999999900e+02 8.257220312500000100e+01 1.566781279999999900e+02
3.088622739463499000e-02 2.236812617187499700e+03 2.879286720000000100e+02 2.155271499999999800e+03 1.311880480000000100e+02 8.154111718750000600e+01 1.567406240000000000e+02
3.180326152051616400e-02 2.236810148437499700e+03 2.878816640000000000e+02 2.157664249999999800e+03 1.309872159999999900e+02 7.914589843749999400e+01 1.568944480000000100e+02
3.293808970841441400e-02 2.236810125000000000e+03 2.877889519999999900e+02 2.160974499999999800e+03 1.306902640000000100e+02 7.583562499999999300e+01 1.570986880000000100e+02
3.357642969077905700e-02 2.236811039062499700e+03 2.876984959999999800e+02 2.162845750000000000e+03 1.304816800000000100e+02 7.396528906250000500e+01 1.572168159999999900e+02
3.373964190919757200e-02 2.236811390625000100e+03 2.876702080000000000e+02 2.163312500000000000e+03 1.304227200000000000e+02 7.349889062500000100e+01 1.572474880000000000e+02
3.410686823620173700e-02 2.236811968750000200e+03 2.875951840000000200e+02 2.164351500000000200e+03 1.302787360000000100e+02 7.246046875000000400e+01 1.573164480000000100e+02
3.422048007466709000e-02 2.236810875000000100e+03 2.875690799999999900e+02 2.164668000000000100e+03 1.302313680000000000e+02 7.214287500000000400e+01 1.573377120000000100e+02
3.428438673380385100e-02 2.236969835937500200e+03 2.875116960000000300e+02 2.164933500000000100e+03 1.301704800000000000e+02 7.203633593749999900e+01 1.573412160000000000e+02
3.429310138408954400e-02 2.238267335937499900e+03 2.872934480000000100e+02 2.165472749999999900e+03 1.300502319999999900e+02 7.279458593750000300e+01 1.572432159999999900e+02
3.430181603437524500e-02 2.237985859375000000e+03 2.871777759999999900e+02 2.165087750000000100e+03 1.299707200000000000e+02 7.289810937500000400e+01 1.572070559999999900e+02
3.431815542144216200e-02 2.237191726562500200e+03 2.872924719999999800e+02 2.164706000000000100e+03 1.300228240000000100e+02 7.248572656250000500e+01 1.572696479999999900e+02
3.435491904234275200e-02 2.236203437500000300e+03 2.873973039999999600e+02 2.164286750000000200e+03 1.300534160000000000e+02 7.191668749999999500e+01 1.573438879999999900e+02
3.443763835380656700e-02 2.236660070312499600e+03 2.874433680000000200e+02 2.165016749999999800e+03 1.300535120000000100e+02 7.164332031249999500e+01 1.573898560000000100e+02
3.462375738681891500e-02 2.236848296875000000e+03 2.874095519999999600e+02 2.165630250000000200e+03 1.299979199999999900e+02 7.121804687499999900e+01 1.574116320000000000e+02
3.463030152559572200e-02 2.236854132812500200e+03 2.874062000000000100e+02 2.165647750000000100e+03 1.299945360000000100e+02 7.120638281249999600e+01 1.574116640000000000e+02
3.463398114811078900e-02 2.236871109374999800e+03 2.874014720000000100e+02 2.165666749999999900e+03 1.299904640000000000e+02 7.120435937499999600e+01 1.574110080000000100e+02
3.464226262764471400e-02 2.237839640624999900e+03 2.871664400000000200e+02 2.166008499999999900e+03 1.298632880000000100e+02 7.183114062500000300e+01 1.573031520000000100e+02
3.466089595659602900e-02 2.236992812499999700e+03 2.872380640000000100e+02 2.165555249999999900e+03 1.298908000000000100e+02 7.143756249999999900e+01 1.573472640000000000e+02
3.470282036451775900e-02 2.236556640625000000e+03 2.873159120000000300e+02 2.165482250000000000e+03 1.299159919999999900e+02 7.107439062500000700e+01 1.573999200000000100e+02
3.479714911790412300e-02 2.236743632812500000e+03 2.873386799999999500e+02 2.165971250000000100e+03 1.299059279999999900e+02 7.077238281249999800e+01 1.574327519999999900e+02
3.500938881302345700e-02 2.236831078125000200e+03 2.873003840000000100e+02 2.166558750000000100e+03 1.298421439999999900e+02 7.027232812500000100e+01 1.574582399999999900e+02
3.548692929147946600e-02 2.236810210937500000e+03 2.871801600000000000e+02 2.167840999999999900e+03 1.296420000000000000e+02 6.896921093749999400e+01 1.575381600000000000e+02
3.656139536800547700e-02 2.236811265625000000e+03 2.868196480000000300e+02 2.170400500000000200e+03 1.291326560000000000e+02 6.641076562499999600e+01 1.576869920000000000e+02
3.716578268160604400e-02 2.236812015624999700e+03 2.865909920000000300e+02 2.171679749999999800e+03 1.288280959999999900e+02 6.513226562500000200e+01 1.577628960000000100e+02
3.750574952662355500e-02 2.236811746093750100e+03 2.864563919999999900e+02 2.172343750000000000e+03 1.286527280000000000e+02 6.446799609375000300e+01 1.578036640000000000e+02
3.769698276915684600e-02 2.236812117187500000e+03 2.863809039999999900e+02 2.172697500000000200e+03 1.285548880000000100e+02 6.411461718750000200e+01 1.578260160000000100e+02
3.780455117697244200e-02 2.236812730468750000e+03 2.863371040000000100e+02 2.172880500000000200e+03 1.284984000000000000e+02 6.393223046874999900e+01 1.578387040000000100e+02
3.783782847198374800e-02 2.236816441406249900e+03 2.863226479999999600e+02 2.172926250000000000e+03 1.284798160000000000e+02 6.389019140624999700e+01 1.578428319999999900e+02
3.785654796931042100e-02 2.236821937499999900e+03 2.863132880000000000e+02 2.172939249999999900e+03 1.284682320000000000e+02 6.388268750000000300e+01 1.578450560000000000e+02
3.786707681322855300e-02 2.236828210937500000e+03 2.863074080000000100e+02 2.172941249999999900e+03 1.284612480000000100e+02 6.388696093750000000e+01 1.578461600000000000e+02
3.787784786014766800e-02 2.236890093749999800e+03 2.862957680000000100e+02 2.172939500000000000e+03 1.284501840000000100e+02 6.395059375000000300e+01 1.578455840000000000e+02
3.788390526404748100e-02 2.237220210937499800e+03 2.862453199999999900e+02 2.172937249999999900e+03 1.284302319999999900e+02 6.428296093749999300e+01 1.578150880000000000e+02
3.789139958382817300e-02 2.237321093749999800e+03 2.861807840000000200e+02 2.172829249999999800e+03 1.283934879999999900e+02 6.449184375000000100e+01 1.577872960000000000e+02
3.789906624035958200e-02 2.237037269531249900e+03 2.861651279999999800e+02 2.172625250000000100e+03 1.283769680000000100e+02 6.441201953124999600e+01 1.577881600000000000e+02
3.790337931687724100e-02 2.236971785156250000e+03 2.861563599999999500e+02 2.172533500000000000e+03 1.283716719999999900e+02 6.443828515625000400e+01 1.577846879999999900e+02
3.790580600463718700e-02 2.237038835937500200e+03 2.861406400000000200e+02 2.172494000000000100e+03 1.283666560000000100e+02 6.454483593749999700e+01 1.577739840000000100e+02
3.791126255878453400e-02 2.238095859375000100e+03 2.859360800000000000e+02 2.172332500000000000e+03 1.282986559999999900e+02 6.576335937499999300e+01 1.576374240000000100e+02
3.792354271670983500e-02 2.237319355468750000e+03 2.858636559999999900e+02 2.171818499999999900e+03 1.282296719999999900e+02 6.550085546875000400e+01 1.576339840000000000e+02
3.795117481869801600e-02 2.236379500000000000e+03 2.859566479999999700e+02 2.171377250000000000e+03 1.282446640000000000e+02 6.500225000000000400e+01 1.577119840000000000e+02
3.801334413707765900e-02 2.236412015625000100e+03 2.860599520000000100e+02 2.171870249999999900e+03 1.282537120000000100e+02 6.454176562499999600e+01 1.578062400000000000e+02
3.815322568565061900e-02 2.236937636718750100e+03 2.860447199999999800e+02 2.172527500000000100e+03 1.282082080000000100e+02 6.441013671874999600e+01 1.578365120000000000e+02
3.832632630735963900e-02 2.236802460937500200e+03 2.859958080000000100e+02 2.172661250000000100e+03 1.281243839999999900e+02 6.414121093750000600e+01 1.578714239999999900e+02
3.842369657150846600e-02 2.236804625000000200e+03 2.859632960000000100e+02 2.172791000000000200e+03 1.280740480000000000e+02 6.401362500000000500e+01 1.578892480000000100e+02
3.847846705398280700e-02 2.236812023437499600e+03 2.859406239999999600e+02 2.172847249999999800e+03 1.280429920000000000e+02 6.396477343750000000e+01 1.578976319999999900e+02
3.850927574148399500e-02 2.236813011718750200e+03 2.859212719999999900e+02 2.172835750000000200e+03 1.280213359999999900e+02 6.397726171875000000e+01 1.578999360000000000e+02
3.852660722930498900e-02 2.238355101562500300e+03 2.853621039999999900e+02 2.172293000000000100e+03 1.277646960000000000e+02 6.606210156250000400e+01 1.575974080000000000e+02
3.854432996812758000e-02 2.237008386718750000e+03 2.854518000000000500e+02 2.171635499999999900e+03 1.277794800000000100e+02 6.537288671874999600e+01 1.576723200000000100e+02
3.858420729491591300e-02 2.235881664062500000e+03 2.856152080000000000e+02 2.171349749999999900e+03 1.278038000000000000e+02 6.453191406249999300e+01 1.578114080000000000e+02
3.867393419128343400e-02 2.236834976562499800e+03 2.856605119999999800e+02 2.172331749999999800e+03 1.278058880000000000e+02 6.450322656250000400e+01 1.578546240000000000e+02
3.887581737923535100e-02 2.236851464843749900e+03 2.856146000000000000e+02 2.172482000000000000e+03 1.277281200000000000e+02 6.436946484374999500e+01 1.578864800000000100e+02
3.898937798245049500e-02 2.236823750000000000e+03 2.855432319999999900e+02 2.172379500000000000e+03 1.276506560000000000e+02 6.444424999999999700e+01 1.578925759999999900e+02
3.924488817524706500e-02 2.236809148437500000e+03 2.854650639999999800e+02 2.172670000000000100e+03 1.275295600000000000e+02 6.413914843749999800e+01 1.579355040000000100e+02
3.953233190217443600e-02 2.236762191406250200e+03 2.853398720000000100e+02 2.172971000000000000e+03 1.273357120000000000e+02 6.379119140625000000e+01 1.580041600000000100e+02
3.967605609451312800e-02 2.236838492187499900e+03 2.852329280000000200e+02 2.172980000000000000e+03 1.272516160000000000e+02 6.385849218749999800e+01 1.579813120000000000e+02
3.999943436283768400e-02 2.236802789062499900e+03 2.851184319999999800e+02 2.173141749999999800e+03 1.271256159999999900e+02 6.366103906250000200e+01 1.579928160000000000e+02
4.014495644668374100e-02 2.236893355468750100e+03 2.848963919999999900e+02 2.173285249999999900e+03 1.269210000000000100e+02 6.360810546874999700e+01 1.579753920000000000e+02
4.032685555817879700e-02 2.236774957031250300e+03 2.849185200000000000e+02 2.173411500000000200e+03 1.269013680000000100e+02 6.336345703125000000e+01 1.580171520000000100e+02
4.073613205235520500e-02 2.236813062499999900e+03 2.848265040000000000e+02 2.173618500000000000e+03 1.267956240000000000e+02 6.319456250000000400e+01 1.580308800000000000e+02
4.165700183537707900e-02 2.236812925781249800e+03 2.845834479999999800e+02 2.174166749999999900e+03 1.264712399999999900e+02 6.264617578125000100e+01 1.581122080000000100e+02
4.279658092829480300e-02 2.236810687499999900e+03 2.842759039999999700e+02 2.174942000000000000e+03 1.260470560000000000e+02 6.186868750000000000e+01 1.582288480000000000e+02
4.295683081770117900e-02 2.236811632812500200e+03 2.842340239999999800e+02 2.175058000000000000e+03 1.259900720000000000e+02 6.175363281250000100e+01 1.582439520000000100e+02
4.304697691157041700e-02 2.236815082031250300e+03 2.842108480000000000e+02 2.175128250000000200e+03 1.259585920000000000e+02 6.168683203124999900e+01 1.582522559999999900e+02
4.305273854834401600e-02 2.236818574218750200e+03 2.842095840000000100e+02 2.175134750000000200e+03 1.259566880000000000e+02 6.168382421874999700e+01 1.582528959999999900e+02
4.306570106664711600e-02 2.236846878906249900e+03 2.842085839999999700e+02 2.175161999999999800e+03 1.259532560000000000e+02 6.168487890624999900e+01 1.582553279999999900e+02
4.309487255501660100e-02 2.236814863281250400e+03 2.841992559999999900e+02 2.175157250000000200e+03 1.259420559999999900e+02 6.165761328125000100e+01 1.582572000000000100e+02
4.316050491053542700e-02 2.236800582031250100e+03 2.841809839999999700e+02 2.175193000000000200e+03 1.259184400000000000e+02 6.160758203124999700e+01 1.582625439999999900e+02
4.330817421714028300e-02 2.236813640625000100e+03 2.841424559999999800e+02 2.175312249999999900e+03 1.258674160000000100e+02 6.150139062499999900e+01 1.582750399999999900e+02
4.364043947250124300e-02 2.236812707031249800e+03 2.840347919999999800e+02 2.175438999999999900e+03 1.257466479999999900e+02 6.137370703124999900e+01 1.582881439999999900e+02
4.438802698156336200e-02 2.236812308593750000e+03 2.838685040000000300e+02 2.175919500000000000e+03 1.255114800000000100e+02 6.089280859374999700e+01 1.583570240000000000e+02
4.607010819245317000e-02 2.236811617187499900e+03 2.835356239999999800e+02 2.176839250000000000e+03 1.250392880000000000e+02 5.997236718749999800e+01 1.584963360000000100e+02
4.985478625920520400e-02 2.236812019531249900e+03 2.830223360000000000e+02 2.177800749999999900e+03 1.241607680000000000e+02 5.901126953125000100e+01 1.588615680000000100e+02
5.198366679842510200e-02 2.236812230468749900e+03 2.828920799999999600e+02 2.177990749999999900e+03 1.238148640000000000e+02 5.882148046875000300e+01 1.590772159999999900e+02
5.318116035508004000e-02 2.236812187499999700e+03 2.828803199999999800e+02 2.177972749999999900e+03 1.236718400000000000e+02 5.883943750000000300e+01 1.592084800000000100e+02
5.587552435086615100e-02 2.236812046874999900e+03 2.828995599999999500e+02 2.177248999999999800e+03 1.233697679999999900e+02 5.956304687499999800e+01 1.595297919999999900e+02
5.739110497182397400e-02 2.236812199218750300e+03 2.829336480000000100e+02 2.176679500000000200e+03 1.232151680000000100e+02 6.013269921874999800e+01 1.597184800000000000e+02
5.824361761556586000e-02 2.236812410156249800e+03 2.829613600000000100e+02 2.176289499999999900e+03 1.231334880000000000e+02 6.052291015624999900e+01 1.598278720000000100e+02
5.908281375200321500e-02 2.236817285156249900e+03 2.829855360000000200e+02 2.175840999999999900e+03 1.230516640000000000e+02 6.097628515625000000e+01 1.599338720000000100e+02
5.915024865677942500e-02 2.236808070312500100e+03 2.829883600000000000e+02 2.175793000000000100e+03 1.230459760000000000e+02 6.101507031250000100e+01 1.599423840000000000e+02
5.918818137293479400e-02 2.236812875000000100e+03 2.829889920000000000e+02 2.175774750000000000e+03 1.230421120000000000e+02 6.103812500000000100e+01 1.599468799999999900e+02
5.927352998428438200e-02 2.236801644531250100e+03 2.829891519999999900e+02 2.175668500000000200e+03 1.230314880000000000e+02 6.113314453124999700e+01 1.599576639999999900e+02
5.937594459170387300e-02 2.236793753906250000e+03 2.829836400000000400e+02 2.175565750000000200e+03 1.230170320000000000e+02 6.122800390625000200e+01 1.599666080000000100e+02
5.948156373113649300e-02 2.236825468750000300e+03 2.829799760000000200e+02 2.175511500000000100e+03 1.230035760000000000e+02 6.131396875000000100e+01 1.599764000000000100e+02
5.958958161182893000e-02 2.236817996093750000e+03 2.829755119999999800e+02 2.175353500000000200e+03 1.229866320000000000e+02 6.146449609375000000e+01 1.599888799999999900e+02
5.983262300782443000e-02 2.236822976562499700e+03 2.829889600000000200e+02 2.175215499999999800e+03 1.229741600000000000e+02 6.160747656249999700e+01 1.600148000000000100e+02
6.037946149106427500e-02 2.236811406249999900e+03 2.830131200000000100e+02 2.174892499999999900e+03 1.229261280000000100e+02 6.191890624999999900e+01 1.600869920000000100e+02
6.068706396007422100e-02 2.236814917968750300e+03 2.830217360000000300e+02 2.174666000000000200e+03 1.228947920000000000e+02 6.214891796874999800e+01 1.601269440000000100e+02
6.105618133358612500e-02 2.236811042968749900e+03 2.830368399999999800e+02 2.174437750000000100e+03 1.228618320000000100e+02 6.237329296875000000e+01 1.601750079999999900e+02
6.122920277354482200e-02 2.236811785156250200e+03 2.830424800000000100e+02 2.174328000000000000e+03 1.228456640000000000e+02 6.248378515625000100e+01 1.601968160000000100e+02
6.139952271849245100e-02 2.236791996093749700e+03 2.830363840000000000e+02 2.174200249999999900e+03 1.228217920000000000e+02 6.259174609374999700e+01 1.602145920000000100e+02
6.142963507236579000e-02 2.236777210937500100e+03 2.830282080000000100e+02 2.174161750000000200e+03 1.228127200000000000e+02 6.261546093750000400e+01 1.602154879999999900e+02
6.146042745774191200e-02 2.236755808593749900e+03 2.830050720000000400e+02 2.174113750000000000e+03 1.227916960000000000e+02 6.264205859375000100e+01 1.602133760000000100e+02
6.146966843377976700e-02 2.236743035156249800e+03 2.829878959999999800e+02 2.174093750000000000e+03 1.227769519999999900e+02 6.264928515625000200e+01 1.602109440000000100e+02
6.148699060610071700e-02 2.236770285156249900e+03 2.829542720000000000e+02 2.174102750000000000e+03 1.227481760000000000e+02 6.266753515624999700e+01 1.602060960000000000e+02
6.152596665826036400e-02 2.236822253906249900e+03 2.829861119999999900e+02 2.174104750000000000e+03 1.227688960000000000e+02 6.271750390625000200e+01 1.602172160000000100e+02
6.161365811786954900e-02 2.236862652343750100e+03 2.830130399999999900e+02 2.174099250000000200e+03 1.227769280000000000e+02 6.276340234375000200e+01 1.602361119999999900e+02
6.181096506642772000e-02 2.236812527343749900e+03 2.830297840000000100e+02 2.173934249999999800e+03 1.227671600000000000e+02 6.287827734375000000e+01 1.602626239999999900e+02
6.225490919399611500e-02 2.236812621093749800e+03 2.830560480000000300e+02 2.173608749999999900e+03 1.227386560000000100e+02 6.320387109375000300e+01 1.603173920000000100e+02
6.231733701750181300e-02 2.236814289062499900e+03 2.830606720000000100e+02 2.173563250000000200e+03 1.227350720000000000e+02 6.325103906249999900e+01 1.603256000000000100e+02
6.235245179489564600e-02 2.236814074218749700e+03 2.830631839999999800e+02 2.173535500000000000e+03 1.227329440000000000e+02 6.327857421875000200e+01 1.603302400000000000e+02
6.237220531272656000e-02 2.236814332031249700e+03 2.830644800000000000e+02 2.173519249999999800e+03 1.227316639999999900e+02 6.329508203124999700e+01 1.603328160000000100e+02
6.239664918482668000e-02 2.236818671875000300e+03 2.830658240000000200e+02 2.173498750000000200e+03 1.227298720000000000e+02 6.331992187499999900e+01 1.603359519999999900e+02
6.241039886288300000e-02 2.236828050781249700e+03 2.830664640000000000e+02 2.173488249999999900e+03 1.227288320000000000e+02 6.333980078124999800e+01 1.603376320000000100e+02
6.242446526794061300e-02 2.236866730468749700e+03 2.830662160000000000e+02 2.173481499999999900e+03 1.227273520000000000e+02 6.338523046875000200e+01 1.603388640000000000e+02
6.243237412747301000e-02 2.237064449218750300e+03 2.830489599999999700e+02 2.173500500000000100e+03 1.227226880000000100e+02 6.356394921874999700e+01 1.603262719999999900e+02
6.245017139029590500e-02 2.236855468750000000e+03 2.830399200000000000e+02 2.173354249999999900e+03 1.227107840000000000e+02 6.350121875000000000e+01 1.603291360000000100e+02
6.249021406720992000e-02 2.236741437499999800e+03 2.830467999999999600e+02 2.173240749999999900e+03 1.227098240000000000e+02 6.350068749999999800e+01 1.603369759999999900e+02
6.253977252741291200e-02 2.236768835937499700e+03 2.830553679999999900e+02 2.173222499999999900e+03 1.227089520000000000e+02 6.354633593749999700e+01 1.603464160000000000e+02
6.256764916127709200e-02 2.236814542968749700e+03 2.830572080000000000e+02 2.173220249999999900e+03 1.227071600000000000e+02 6.359429296874999700e+01 1.603500479999999900e+02
6.257156632904313500e-02 2.236826980468750200e+03 2.830574720000000200e+02 2.173222000000000200e+03 1.227069920000000000e+02 6.360498046875000000e+01 1.603504800000000000e+02
6.257557665180955900e-02 2.236854578125000000e+03 2.830577040000000000e+02 2.173226999999999900e+03 1.227068720000000000e+02 6.362757812499999900e+01 1.603508320000000000e+02
6.257783100281880100e-02 2.236924050781250100e+03 2.830536080000000000e+02 2.173233999999999900e+03 1.227066800000000100e+02 6.369005078125000100e+01 1.603469279999999900e+02
6.258290329258957300e-02 2.237747367187500000e+03 2.829740160000000100e+02 2.173349000000000200e+03 1.226943040000000000e+02 6.439836718750000000e+01 1.602797119999999900e+02
6.259431943788633400e-02 2.237785281250000000e+03 2.828546400000000200e+02 2.173151249999999900e+03 1.226347200000000000e+02 6.463403125000000700e+01 1.602199200000000000e+02
6.262000692924155100e-02 2.236743855468750100e+03 2.829137680000000000e+02 2.172596250000000100e+03 1.226438800000000000e+02 6.414760546875000100e+01 1.602698880000000100e+02
6.267780494922829700e-02 2.236448039062500400e+03 2.829661520000000200e+02 2.172452000000000200e+03 1.226473520000000000e+02 6.399603906250000300e+01 1.603188000000000100e+02
6.273103837419634300e-02 2.236705113281249900e+03 2.829739200000000200e+02 2.172606749999999900e+03 1.226481280000000000e+02 6.409836328125000200e+01 1.603257920000000100e+02
6.273355355920663700e-02 2.236720355468749900e+03 2.829740400000000000e+02 2.172614999999999800e+03 1.226480399999999900e+02 6.410535546875000500e+01 1.603259999999999900e+02
6.273612463721717200e-02 2.236738070312500000e+03 2.829740640000000000e+02 2.172621999999999800e+03 1.226478560000000000e+02 6.411607031250000000e+01 1.603262080000000100e+02
6.273757319747309800e-02 2.236752468749999900e+03 2.829739280000000000e+02 2.172625000000000000e+03 1.226476880000000000e+02 6.412746875000000600e+01 1.603262400000000100e+02
6.274082430698642300e-02 2.237143542968749900e+03 2.829365040000000100e+02 2.172652250000000100e+03 1.226446960000000000e+02 6.449129296875000300e+01 1.602918080000000000e+02
6.274815094776643700e-02 2.237714914062499700e+03 2.828479439999999800e+02 2.172769499999999900e+03 1.226144240000000000e+02 6.494541406250000600e+01 1.602335200000000000e+02
6.276462540958391300e-02 2.237009507812500000e+03 2.828607440000000100e+02 2.172423499999999900e+03 1.226031760000000000e+02 6.458600781250000000e+01 1.602575679999999900e+02
6.280169644198575800e-02 2.236690281250000200e+03 2.829252639999999700e+02 2.172357750000000100e+03 1.226180640000000000e+02 6.433253125000000200e+01 1.603071999999999900e+02
6.288511208707742200e-02 2.236812605468750000e+03 2.829567840000000300e+02 2.172455750000000100e+03 1.226254560000000000e+02 6.435685546874999800e+01 1.603313280000000100e+02
6.307279146634615900e-02 2.236817406249999700e+03 2.829911920000000100e+02 2.172329999999999900e+03 1.226235440000000000e+02 6.448740625000000600e+01 1.603676480000000000e+02
6.317835937052855600e-02 2.236810535156249900e+03 2.830063920000000100e+02 2.172248999999999800e+03 1.226211919999999900e+02 6.456153515625000200e+01 1.603852000000000000e+02
6.323774568327181200e-02 2.236933742187499800e+03 2.829309680000000100e+02 2.172056999999999800e+03 1.226069360000000000e+02 6.487674218750000000e+01 1.603240319999999900e+02
6.337135790031908600e-02 2.236718175781250000e+03 2.829513680000000000e+02 2.171859250000000000e+03 1.226015920000000000e+02 6.485892578124999400e+01 1.603497759999999900e+02
6.367198305980044400e-02 2.236815765625000000e+03 2.829932240000000000e+02 2.171758750000000000e+03 1.225959280000000000e+02 6.505701562500000500e+01 1.603972960000000100e+02
6.404400686932425200e-02 2.236811296874999700e+03 2.830320480000000300e+02 2.171507999999999800e+03 1.225816480000000000e+02 6.530329687500000100e+01 1.604504000000000000e+02
6.413912744021386900e-02 2.236811730468750300e+03 2.830380079999999900e+02 2.171435750000000100e+03 1.225760080000000000e+02 6.537598046875000100e+01 1.604619999999999900e+02
6.423276218884740900e-02 2.236814222656250000e+03 2.830379039999999700e+02 2.171324999999999800e+03 1.225657600000000000e+02 6.548922265625000700e+01 1.604721439999999900e+02
6.424028445512820800e-02 2.236818132812499700e+03 2.830370879999999800e+02 2.171309499999999800e+03 1.225643040000000100e+02 6.550863281249999700e+01 1.604727839999999900e+02
6.424959995516635300e-02 2.236840984375000100e+03 2.830310880000000100e+02 2.171279250000000000e+03 1.225596000000000000e+02 6.556173437500000000e+01 1.604714879999999900e+02
6.425483526618781800e-02 2.237016898437500000e+03 2.830047759999999900e+02 2.171269749999999900e+03 1.225507280000000100e+02 6.574714843750000200e+01 1.604540480000000000e+02
6.426019167870974900e-02 2.237730820312500300e+03 2.829021520000000000e+02 2.171299750000000100e+03 1.225254000000000000e+02 6.643107031249999700e+01 1.603767520000000100e+02
6.427224593575911500e-02 2.237787859375000200e+03 2.827483040000000200e+02 2.171025500000000200e+03 1.224493279999999900e+02 6.676235937500000300e+01 1.602989760000000100e+02
6.429936335637019600e-02 2.236630609374999900e+03 2.828455999999999900e+02 2.170437249999999900e+03 1.224716640000000000e+02 6.619335937500000000e+01 1.603739359999999900e+02
6.436037522387011400e-02 2.236382203125000200e+03 2.829317360000000000e+02 2.170418250000000200e+03 1.224896880000000000e+02 6.596395312500000300e+01 1.604420480000000000e+02
6.449765774793241000e-02 2.236915125000000000e+03 2.829569040000000100e+02 2.170759250000000100e+03 1.224928720000000100e+02 6.615587499999999500e+01 1.604640320000000000e+02
6.480654575594760300e-02 2.236810226562500200e+03 2.829892400000000000e+02 2.170438250000000200e+03 1.224772399999999900e+02 6.637197656249999500e+01 1.605120000000000000e+02
6.518878866901327300e-02 2.236812656249999700e+03 2.830301920000000000e+02 2.170222249999999800e+03 1.224647680000000100e+02 6.659040625000000100e+01 1.605654240000000100e+02
6.540380438314399900e-02 2.236813242187500200e+03 2.830503600000000100e+02 2.170105000000000000e+03 1.224568240000000000e+02 6.670824218750000500e+01 1.605935360000000000e+02
6.552474752013937000e-02 2.236811117187499800e+03 2.830603760000000200e+02 2.170026499999999900e+03 1.224511119999999900e+02 6.678461718750000400e+01 1.606092640000000000e+02
6.558659778264271100e-02 2.236810125000000000e+03 2.830653200000000400e+02 2.169981749999999900e+03 1.224479440000000100e+02 6.682837499999999400e+01 1.606173760000000100e+02
6.559432498992436000e-02 2.236809382812500200e+03 2.830652719999999900e+02 2.169967500000000200e+03 1.224469040000000000e+02 6.684188281250000300e+01 1.606183680000000000e+02
6.559867532844218500e-02 2.236808984375000400e+03 2.830650640000000100e+02 2.169958250000000100e+03 1.224462000000000000e+02 6.685073437500000200e+01 1.606188640000000000e+02
6.560405502971421200e-02 2.236809617187500000e+03 2.830642080000000100e+02 2.169940250000000100e+03 1.224448320000000100e+02 6.686936718750000400e+01 1.606193759999999900e+02
6.560708256722661000e-02 2.236870609375000200e+03 2.830568240000000100e+02 2.169928500000000000e+03 1.224431759999999900e+02 6.694210937500000100e+01 1.606136480000000100e+02
6.561017997098930700e-02 2.237268906250000300e+03 2.830074000000000200e+02 2.169925000000000200e+03 1.224355920000000000e+02 6.734390625000000300e+01 1.605718080000000000e+02
6.561714330726782500e-02 2.238157757812500200e+03 2.827331839999999900e+02 2.169570000000000200e+03 1.223325440000000000e+02 6.858775781250000100e+01 1.604006400000000100e+02
6.563281663608203100e-02 2.237201726562500000e+03 2.827253440000000100e+02 2.169125500000000100e+03 1.222957280000000000e+02 6.807622656249999700e+01 1.604296160000000100e+02
6.566808046147645800e-02 2.236333281249999800e+03 2.828807600000000100e+02 2.168819000000000000e+03 1.223429520000000000e+02 6.751428124999999600e+01 1.605378080000000100e+02
6.574742523305146500e-02 2.236657468749999700e+03 2.829690160000000100e+02 2.169219999999999800e+03 1.223671920000000000e+02 6.743746874999999400e+01 1.606018239999999900e+02
6.592594747578267600e-02 2.236886117187500100e+03 2.829912160000000100e+02 2.169292750000000100e+03 1.223639199999999900e+02 6.759336718749999300e+01 1.606272960000000000e+02
6.632761786417792900e-02 2.236808078125000100e+03 2.830431120000000100e+02 2.168981749999999900e+03 1.223507599999999900e+02 6.782632812500000300e+01 1.606923520000000000e+02
6.723138438912976100e-02 2.236812390625000300e+03 2.831238399999999700e+02 2.168507250000000100e+03 1.223181280000000000e+02 6.830514062500000700e+01 1.608057120000000000e+02
6.926485557695885600e-02 2.236812203125000000e+03 2.832436720000000000e+02 2.167530999999999900e+03 1.222462640000000000e+02 6.928120312500000500e+01 1.609974080000000100e+02
7.000000223572001900e-02 2.236811437500000000e+03 2.832802239999999800e+02 2.167121999999999800e+03 1.222187840000000000e+02 6.968943749999999700e+01 1.610614400000000000e+02
