0.000000000000000000e+00 0.000000000000000000e+00 0.000000000000000000e+00 0.000000000000000000e+00 0.000000000000000000e+00 0.000000000000000000e+00 0.000000000000000000e+00
-1.157012207903222700e-07 2.645873062499999800e+03 -5.010308227539062000e-04 1.834579874999999900e+03 4.465433959960937600e-04 8.112931875000000400e+02 -9.475742187499999600e-04
1.399886622679248100e-03 2.645871812500000000e+03 4.159869400000000200e+01 1.821734999999999900e+03 2.113803800000000200e+01 8.241368125000000200e+02 2.046065600000000000e+01
4.024891044048454200e-03 2.645872250000000300e+03 1.192112200000000000e+02 1.796391000000000100e+03 6.007342800000000000e+01 8.494812500000000500e+02 5.913779199999999700e+01
4.837001781906109800e-03 2.645870437500000200e+03 1.429615839999999900e+02 1.787910125000000100e+03 7.182453599999999500e+01 8.579603124999999900e+02 7.113704799999999300e+01
5.200374985206986100e-03 2.645875250000000100e+03 1.534732320000000000e+02 1.784535875000000000e+03 7.696151999999999300e+01 8.613393750000000200e+02 7.651171200000000300e+01
5.229575002295339500e-03 2.645871937500000100e+03 1.543073200000000000e+02 1.784319500000000100e+03 7.736379999999999800e+01 8.615524375000000000e+02 7.694352000000000700e+01
5.295273730751941200e-03 2.645873375000000100e+03 1.561912480000000000e+02 1.783857874999999900e+03 7.827000800000000400e+01 8.620154999999999700e+02 7.792123999999999700e+01
5.443097325326177500e-03 2.645872312500000100e+03 1.603946159999999800e+02 1.782995875000000100e+03 8.027468799999999800e+01 8.628764374999999500e+02 8.011992800000000200e+01
5.588610675890949900e-03 2.645866125000000000e+03 1.644851439999999900e+02 1.782462250000000000e+03 8.223121600000000300e+01 8.634038749999999700e+02 8.225392800000000200e+01
5.635382637145027300e-03 2.645867062500000000e+03 1.657855040000000000e+02 1.782396999999999900e+03 8.285655199999999400e+01 8.634700625000000400e+02 8.292895199999999500e+01
5.693263332194606500e-03 2.645880624999999800e+03 1.673781040000000100e+02 1.782445250000000000e+03 8.361823200000000600e+01 8.634353750000000200e+02 8.375987200000000100e+01
5.752459259405822900e-03 2.645882375000000100e+03 1.689744959999999900e+02 1.782722125000000000e+03 8.436668000000000200e+01 8.631602500000000200e+02 8.460781600000000000e+01
5.859012277717265200e-03 2.645900375000000200e+03 1.717161360000000100e+02 1.784149124999999900e+03 8.552841600000000700e+01 8.617512500000000300e+02 8.618771999999999900e+01
5.992203550606566200e-03 2.645841249999999900e+03 1.751134960000000000e+02 1.786616125000000000e+03 8.698843200000000300e+01 8.592251250000000500e+02 8.812506399999999500e+01
6.157027350531685100e-03 2.645845312500000100e+03 1.792140880000000000e+02 1.789850124999999900e+03 8.890482400000000500e+01 8.559951875000000400e+02 9.030926399999999900e+01
6.199170090485550900e-03 2.645864500000000100e+03 1.802457519999999800e+02 1.790761000000000000e+03 8.940762399999999800e+01 8.551035000000000500e+02 9.083812799999999800e+01
6.293990818717686700e-03 2.645880125000000100e+03 1.825066080000000000e+02 1.793241250000000000e+03 9.045130399999999300e+01 8.526388749999999800e+02 9.205530400000000700e+01
6.507337311685303600e-03 2.645846375000000100e+03 1.874760080000000100e+02 1.800011999999999900e+03 9.265801600000000300e+01 8.458343750000000200e+02 9.481799200000000400e+01
6.627344240926852500e-03 2.645872312499999700e+03 1.902099440000000100e+02 1.803849125000000000e+03 9.396068800000000500e+01 8.420231874999999500e+02 9.624925600000000300e+01
6.694848429734599200e-03 2.645873062499999800e+03 1.917174640000000100e+02 1.806183375000000100e+03 9.466595200000000400e+01 8.396896874999999900e+02 9.705151200000000200e+01
6.704341506492233500e-03 2.645869437500000000e+03 1.919278719999999800e+02 1.806519624999999900e+03 9.476409599999999500e+01 8.393498124999999800e+02 9.716377599999999900e+01
6.705676534091451400e-03 2.645869250000000200e+03 1.919574880000000100e+02 1.806567125000000000e+03 9.477791200000000100e+01 8.393021250000000500e+02 9.717957599999999700e+01
6.708679618416252600e-03 2.645870062500000100e+03 1.920241199999999800e+02 1.806675750000000100e+03 9.480898399999999500e+01 8.391943125000000200e+02 9.721513600000000100e+01
6.715438013693934700e-03 2.645874624999999900e+03 1.921736240000000200e+02 1.806925125000000000e+03 9.487833600000000400e+01 8.389494999999999400e+02 9.729528799999999900e+01
6.730643238631215200e-03 2.645876312500000000e+03 1.925094560000000000e+02 1.807482625000000100e+03 9.503368799999999800e+01 8.383936875000000600e+02 9.747576800000000200e+01
6.764856159177600400e-03 2.645869312500000000e+03 1.932687040000000100e+02 1.808729875000000000e+03 9.538650400000000200e+01 8.371394374999999900e+02 9.788219999999999700e+01
6.841834211524153000e-03 2.645891625000000200e+03 1.949402159999999900e+02 1.811677625000000000e+03 9.614885599999999500e+01 8.342140000000000600e+02 9.879135999999999700e+01
7.015035557077336700e-03 2.645847187500000000e+03 1.985013200000000200e+02 1.819340500000000000e+03 9.769096000000000400e+01 8.265066875000000000e+02 1.008103600000000000e+02
7.404737856798556400e-03 2.645869000000000100e+03 2.063485039999999900e+02 1.837094250000000100e+03 1.011992480000000000e+02 8.087747500000000400e+02 1.051492559999999900e+02
8.281568031171303000e-03 2.645871124999999700e+03 2.225512799999999900e+02 1.882074499999999900e+03 1.083070640000000000e+02 7.637966249999999500e+02 1.142442159999999900e+02
9.366646208897034400e-03 2.645863249999999900e+03 2.405464880000000100e+02 1.940875125000000000e+03 1.160300000000000000e+02 7.049881249999999700e+02 1.245164880000000000e+02
1.047638484409877200e-02 2.645871000000000100e+03 2.569472880000000100e+02 2.003503375000000000e+03 1.227322800000000000e+02 6.423676249999999800e+02 1.342150080000000100e+02
1.297329633663862200e-02 2.645869625000000300e+03 2.879018959999999700e+02 2.143949500000000200e+03 1.336902159999999900e+02 5.019201249999999800e+02 1.542116800000000000e+02
1.437780941507900800e-02 2.645871531250000300e+03 3.012626400000000300e+02 2.211342500000000200e+03 1.384712160000000000e+02 4.345290312500000000e+02 1.627914240000000100e+02
1.753796355046050000e-02 2.645872468750000300e+03 3.198256159999999700e+02 2.322346750000000200e+03 1.463779840000000000e+02 3.235257187500000100e+02 1.734476320000000000e+02
1.851563575940254700e-02 2.645869093750000000e+03 3.237596479999999700e+02 2.348792250000000000e+03 1.481410559999999900e+02 2.970768437500000200e+02 1.756185920000000100e+02
1.906557630415510100e-02 2.645871718749999700e+03 3.255743200000000000e+02 2.362271499999999800e+03 1.490385120000000000e+02 2.836002187500000100e+02 1.765358080000000000e+02
1.937491844279716800e-02 2.645876874999999900e+03 3.264929600000000400e+02 2.369334249999999900e+03 1.495260480000000000e+02 2.765426249999999900e+02 1.769669120000000100e+02
1.954892383244739200e-02 2.645870156250000000e+03 3.269884319999999900e+02 2.373277999999999800e+03 1.497946880000000100e+02 2.725921562500000200e+02 1.771937440000000100e+02
1.964680179134830100e-02 2.645877312500000200e+03 3.272605760000000100e+02 2.375484750000000100e+03 1.499404480000000000e+02 2.703925625000000000e+02 1.773201280000000100e+02
1.974690382588332000e-02 2.645896468750000200e+03 3.275271999999999900e+02 2.377775500000000200e+03 1.500897760000000000e+02 2.681209687499999700e+02 1.774374239999999900e+02
1.997213165693085100e-02 2.645868468749999900e+03 3.281294400000000500e+02 2.382730750000000200e+03 1.504043200000000100e+02 2.631377187499999800e+02 1.777251200000000000e+02
2.025085374694750000e-02 2.645870281250000100e+03 3.288581120000000100e+02 2.388828750000000100e+03 1.507788480000000100e+02 2.570415312499999900e+02 1.780792639999999900e+02
2.053591037699009300e-02 2.645876546875000300e+03 3.295678879999999800e+02 2.394895750000000100e+03 1.511355519999999900e+02 2.509807968750000100e+02 1.784323359999999900e+02
2.117728721236716800e-02 2.645869078124999800e+03 3.310596319999999700e+02 2.407836749999999900e+03 1.518809440000000000e+02 2.380323281249999900e+02 1.791786879999999900e+02
2.197099343324318900e-02 2.645869453124999800e+03 3.327461119999999800e+02 2.423128999999999900e+03 1.527037919999999900e+02 2.227404531249999900e+02 1.800423199999999900e+02
2.217392927269941400e-02 2.645873703125000200e+03 3.331261279999999900e+02 2.426782250000000200e+03 1.528874720000000000e+02 2.190914531249999900e+02 1.802386559999999900e+02
2.220246497819129700e-02 2.645871484374999900e+03 3.331735200000000000e+02 2.427269499999999900e+03 1.529095519999999900e+02 2.186019843750000000e+02 1.802639680000000100e+02
2.221851791363205200e-02 2.645868921875000100e+03 3.331957280000000300e+02 2.427529000000000000e+03 1.529187520000000100e+02 2.183399218749999900e+02 1.802769759999999900e+02
2.223838321746341900e-02 2.646022609374999800e+03 3.331412799999999900e+02 2.427938999999999900e+03 1.528620320000000000e+02 2.180836093750000100e+02 1.802792480000000000e+02
2.224346249385922300e-02 2.646385625000000300e+03 3.330609920000000600e+02 2.428279750000000100e+03 1.527951360000000100e+02 2.181058750000000000e+02 1.802658560000000100e+02
2.224632002349593100e-02 2.646801421875000000e+03 3.329655359999999900e+02 2.428602249999999900e+03 1.527198559999999900e+02 2.181991718749999900e+02 1.802456799999999900e+02
2.224792694725251000e-02 2.647035046874999800e+03 3.328986879999999900e+02 2.428771499999999800e+03 1.526673920000000100e+02 2.182635468750000000e+02 1.802312959999999900e+02
2.224991580651065500e-02 2.647924796875000100e+03 3.327228480000000000e+02 2.429430499999999900e+03 1.525311360000000000e+02 2.184942968750000000e+02 1.801917120000000000e+02
2.225194891439398500e-02 2.650937625000000000e+03 3.322370080000000000e+02 2.431755500000000200e+03 1.521492000000000100e+02 2.191821250000000100e+02 1.800878080000000000e+02
2.225446642827929800e-02 2.657661546874999700e+03 3.308994720000000000e+02 2.437231499999999900e+03 1.510421600000000000e+02 2.204300468749999900e+02 1.798573120000000100e+02
2.225588238428509400e-02 2.660441968749999900e+03 3.300192160000000300e+02 2.439471250000000100e+03 1.503040640000000100e+02 2.209707187500000000e+02 1.797151519999999900e+02
2.225733094454102800e-02 2.660518328124999700e+03 3.292260639999999500e+02 2.439369999999999900e+03 1.496390879999999900e+02 2.211483281250000100e+02 1.795869759999999900e+02
2.226058904067937400e-02 2.652787796874999900e+03 3.286900799999999700e+02 2.433547999999999800e+03 1.491187679999999900e+02 2.192397968750000000e+02 1.795713120000000100e+02
2.226791801033439400e-02 2.646693000000000200e+03 3.293821279999999700e+02 2.429458000000000100e+03 1.496081600000000000e+02 2.172350000000000100e+02 1.797739680000000000e+02
2.228441343202695900e-02 2.645288062500000300e+03 3.304812160000000200e+02 2.429402000000000000e+03 1.503708480000000000e+02 2.158860625000000100e+02 1.801103679999999900e+02
2.232152172642895600e-02 2.642878625000000300e+03 3.308308799999999800e+02 2.428989750000000200e+03 1.505337920000000100e+02 2.138888750000000100e+02 1.802970880000000000e+02
2.240502121102096900e-02 2.646106046874999700e+03 3.312912320000000400e+02 2.433706749999999800e+03 1.507986880000000000e+02 2.123992968750000000e+02 1.804925440000000100e+02
2.250835106631920600e-02 2.646018046875000000e+03 3.313461919999999700e+02 2.435359750000000100e+03 1.507739680000000000e+02 2.106582968749999900e+02 1.805722240000000100e+02
2.261402842762706400e-02 2.645768828124999800e+03 3.314096640000000200e+02 2.436744999999999900e+03 1.507814880000000000e+02 2.090238281249999900e+02 1.806281760000000000e+02
2.285180423722599200e-02 2.645871453124999800e+03 3.317832320000000000e+02 2.440676250000000000e+03 1.509917120000000100e+02 2.051952031250000100e+02 1.807915199999999900e+02
2.338679806216732700e-02 2.645874000000000300e+03 3.327591519999999700e+02 2.447357500000000100e+03 1.517735999999999900e+02 1.985165000000000100e+02 1.809855520000000100e+02
2.459053533272283200e-02 2.645871359374999900e+03 3.345880320000000000e+02 2.461047000000000000e+03 1.534259999999999900e+02 1.848243593750000000e+02 1.811620320000000100e+02
2.729894244481646800e-02 2.645872249999999900e+03 3.374423840000000000e+02 2.491420000000000100e+03 1.555746719999999900e+02 1.544522499999999900e+02 1.818677120000000100e+02
3.065059647891984300e-02 2.645870617187499600e+03 3.389626879999999600e+02 2.516289249999999800e+03 1.563734399999999900e+02 1.295813671875000100e+02 1.825892480000000000e+02
3.150755494505494400e-02 2.645871093750000000e+03 3.391144960000000300e+02 2.521199250000000100e+03 1.563920799999999900e+02 1.246718437499999900e+02 1.827224160000000100e+02
3.177267407614087200e-02 2.645873593750000100e+03 3.391485760000000500e+02 2.522731000000000200e+03 1.563792160000000100e+02 1.231425937500000000e+02 1.827693600000000100e+02
3.184046064104352500e-02 2.645923453124999900e+03 3.391506400000000100e+02 2.523274249999999900e+03 1.563514560000000100e+02 1.226492031250000000e+02 1.827991840000000000e+02
3.186143216050443100e-02 2.646059851562500200e+03 3.391357279999999700e+02 2.523661250000000100e+03 1.563129280000000000e+02 1.223986015625000100e+02 1.828228000000000000e+02
3.186679555965139800e-02 2.646149132812499800e+03 3.391240799999999900e+02 2.523836249999999800e+03 1.562923999999999900e+02 1.223128828125000100e+02 1.828316800000000100e+02
3.187885913220080800e-02 2.648375726562499900e+03 3.387243200000000300e+02 2.526727500000000000e+03 1.558248480000000000e+02 1.216482265625000000e+02 1.828994720000000000e+02
3.190600449931199600e-02 2.646630203124999800e+03 3.387900479999999600e+02 2.526641749999999800e+03 1.556999999999999900e+02 1.199884531250000100e+02 1.830900480000000000e+02
3.196708157531216700e-02 2.644986406250000100e+03 3.390515199999999800e+02 2.526590749999999800e+03 1.557611520000000100e+02 1.183956562500000000e+02 1.832903680000000000e+02
3.210450383187504800e-02 2.645878570312500000e+03 3.391574880000000000e+02 2.528145750000000100e+03 1.558109760000000100e+02 1.177328203125000000e+02 1.833465119999999900e+02
3.241370623801654400e-02 2.645873351562499900e+03 3.391590880000000000e+02 2.529911999999999800e+03 1.557534560000000000e+02 1.159613515625000000e+02 1.834056320000000000e+02
3.310941106961615100e-02 2.645872312500000100e+03 3.391949120000000400e+02 2.533702749999999900e+03 1.556280160000000000e+02 1.121695625000000000e+02 1.835668960000000100e+02
3.350074358184405200e-02 2.645896726562500100e+03 3.391688800000000000e+02 2.537415500000000100e+03 1.552931199999999900e+02 1.084812265625000000e+02 1.838757600000000100e+02
3.438124464545058000e-02 2.645872164062499900e+03 3.391168960000000000e+02 2.541790500000000100e+03 1.550330400000000000e+02 1.040816640625000000e+02 1.840838560000000000e+02
3.465364849756634400e-02 2.645875476562499900e+03 3.390860319999999900e+02 2.543293999999999900e+03 1.549138399999999900e+02 1.025814765625000000e+02 1.841721920000000000e+02
3.480687682881897200e-02 2.645876148437500000e+03 3.390661119999999800e+02 2.544217000000000100e+03 1.548326720000000000e+02 1.016591484374999900e+02 1.842334400000000000e+02
3.489306616404699900e-02 2.645878882812499800e+03 3.390533600000000000e+02 2.544774249999999900e+03 1.547798560000000000e+02 1.011046328125000000e+02 1.842735040000000000e+02
3.494154868399558500e-02 2.645882718750000100e+03 3.390455680000000000e+02 2.545111249999999900e+03 1.547467200000000100e+02 1.007714687500000000e+02 1.842988479999999900e+02
3.496881981035728600e-02 2.645830062500000200e+03 3.390452480000000200e+02 2.545210250000000100e+03 1.547364640000000100e+02 1.006198124999999900e+02 1.843087840000000000e+02
3.498416011004512600e-02 2.645810390624999900e+03 3.390432640000000200e+02 2.545259250000000100e+03 1.547307840000000000e+02 1.005511406250000000e+02 1.843124799999999900e+02
3.499984974098438500e-02 2.645801640624999900e+03 3.390371840000000200e+02 2.545304999999999800e+03 1.547222400000000000e+02 1.004966406250000000e+02 1.843149440000000000e+02
3.500867384839553100e-02 2.645798945312499700e+03 3.390304479999999800e+02 2.545322749999999800e+03 1.547152000000000100e+02 1.004761953125000000e+02 1.843152480000000000e+02
3.501363668104085600e-02 2.645803007812499800e+03 3.390242400000000200e+02 2.545332249999999900e+03 1.547095040000000100e+02 1.004707578125000000e+02 1.843147360000000100e+02
3.501642900217729500e-02 2.645825390624999700e+03 3.390176639999999700e+02 2.545345499999999900e+03 1.547046719999999900e+02 1.004798906250000000e+02 1.843129920000000100e+02
3.501988505269144900e-02 2.645952562500000100e+03 3.389959519999999900e+02 2.545399500000000000e+03 1.546923360000000100e+02 1.005530625000000000e+02 1.843036160000000100e+02
3.502341795608091700e-02 2.646471499999999700e+03 3.389210560000000200e+02 2.545565999999999800e+03 1.546600799999999900e+02 1.009055000000000000e+02 1.842609760000000000e+02
3.503137106423850200e-02 2.646335070312500200e+03 3.388200960000000400e+02 2.545366750000000100e+03 1.545898880000000000e+02 1.009683203125000000e+02 1.842302080000000000e+02
3.504926148206177800e-02 2.645852773437499800e+03 3.388652640000000200e+02 2.545186999999999900e+03 1.546018719999999900e+02 1.006657734374999900e+02 1.842633920000000100e+02
3.506687243488391300e-02 2.645850562499999800e+03 3.388450880000000300e+02 2.545215499999999800e+03 1.545775840000000000e+02 1.006350625000000000e+02 1.842675040000000000e+02
3.507253393003210300e-02 2.646043281249999800e+03 3.388038400000000400e+02 2.545272500000000000e+03 1.545530880000000000e+02 1.007707812500000000e+02 1.842507520000000100e+02
3.507571750217014500e-02 2.646177265625000000e+03 3.387640800000000400e+02 2.545293000000000100e+03 1.545288319999999900e+02 1.008842656250000000e+02 1.842352480000000100e+02
3.507750840705247500e-02 2.646211882812499900e+03 3.387401919999999800e+02 2.545275000000000100e+03 1.545134720000000100e+02 1.009368828125000000e+02 1.842267200000000000e+02
3.508153736081897500e-02 2.646664218749999700e+03 3.386275200000000000e+02 2.545266999999999800e+03 1.544660959999999900e+02 1.013972187499999900e+02 1.841614240000000100e+02
3.509060600010612700e-02 2.646220429687499700e+03 3.385029280000000000e+02 2.544769499999999900e+03 1.543830399999999900e+02 1.014509296874999900e+02 1.841198880000000000e+02
3.511100694518968400e-02 2.645513757812500000e+03 3.386232639999999500e+02 2.544567500000000100e+03 1.544282399999999900e+02 1.009462578124999900e+02 1.841950239999999900e+02
3.515690907162770400e-02 2.645381929687499900e+03 3.387400000000000100e+02 2.544948249999999900e+03 1.544592000000000100e+02 1.004336796875000000e+02 1.842808000000000000e+02
3.526019234942574800e-02 2.646045015624999900e+03 3.387932480000000100e+02 2.545923249999999800e+03 1.544696960000000000e+02 1.001217656249999900e+02 1.843235520000000100e+02
3.549257914225260900e-02 2.645870687499999800e+03 3.388001279999999700e+02 2.546758499999999900e+03 1.544196159999999900e+02 9.911218750000000500e+01 1.843805120000000100e+02
3.578015561505552100e-02 2.645867726562500100e+03 3.387758719999999900e+02 2.547881500000000000e+03 1.543184000000000000e+02 9.798622656249999400e+01 1.844574720000000000e+02
3.582059652959616900e-02 2.645862281250000300e+03 3.387584640000000000e+02 2.547980500000000100e+03 1.542939839999999900e+02 9.788178125000000300e+01 1.844644800000000100e+02
3.584334498068934800e-02 2.645856789062500000e+03 3.387347839999999900e+02 2.547992249999999800e+03 1.542704799999999900e+02 9.786453906250000000e+01 1.844643040000000000e+02
3.585613981999175000e-02 2.645896226562500000e+03 3.387052159999999500e+02 2.548021000000000200e+03 1.542439359999999900e+02 9.787522656250000400e+01 1.844612799999999900e+02
3.586333837264623500e-02 2.645985859374999600e+03 3.386720480000000200e+02 2.548056999999999800e+03 1.542187360000000100e+02 9.792885937500000200e+01 1.844533120000000100e+02
3.587069994655139200e-02 2.646794289062500000e+03 3.385046399999999900e+02 2.548282499999999800e+03 1.541211520000000000e+02 9.851178906250000000e+01 1.843834880000000000e+02
3.587484068631834700e-02 2.647216085937500300e+03 3.383428000000000100e+02 2.548293500000000200e+03 1.540206080000000100e+02 9.892258593750000300e+01 1.843221920000000000e+02
3.587716956132788700e-02 2.647198570312500100e+03 3.382537760000000200e+02 2.548136750000000100e+03 1.539622720000000100e+02 9.906182031250000400e+01 1.842915040000000000e+02
3.588240953009935000e-02 2.647792898437499800e+03 3.378716319999999800e+02 2.547693499999999900e+03 1.537465919999999900e+02 1.000993984375000000e+02 1.841250400000000100e+02
3.589420062427264900e-02 2.646652507812500100e+03 3.378287679999999700e+02 2.546886500000000100e+03 1.536845920000000100e+02 9.976600781250000700e+01 1.841441759999999900e+02
3.592073116838131300e-02 2.645153242187499900e+03 3.380996480000000000e+02 2.546362000000000100e+03 1.537924960000000000e+02 9.879124218750000400e+01 1.843071520000000000e+02
3.598042256375081500e-02 2.645296078124999900e+03 3.382357440000000100e+02 2.547104499999999900e+03 1.538072320000000000e+02 9.819157812500000700e+01 1.844285120000000100e+02
3.611473111442594500e-02 2.646018289062500100e+03 3.382801440000000100e+02 2.547991250000000000e+03 1.538234720000000100e+02 9.802703906249999500e+01 1.844566720000000000e+02
3.628093826610672600e-02 2.645886179687499900e+03 3.382738400000000100e+02 2.548186499999999800e+03 1.537960160000000100e+02 9.769967968749999400e+01 1.844778240000000000e+02
3.637442862448966200e-02 2.645873867187500300e+03 3.382725920000000300e+02 2.548425000000000200e+03 1.537735840000000000e+02 9.744886718749999900e+01 1.844990080000000000e+02
3.642701695108006100e-02 2.645876554687500200e+03 3.382580960000000200e+02 2.548549250000000000e+03 1.537486720000000000e+02 9.732730468750000300e+01 1.845094240000000000e+02
3.645659832145123300e-02 2.645873906249999900e+03 3.382369760000000300e+02 2.548585000000000000e+03 1.537244640000000100e+02 9.728890624999999700e+01 1.845125119999999900e+02
3.648685273670015200e-02 2.645907609375000000e+03 3.381837279999999700e+02 2.548601250000000200e+03 1.536735840000000100e+02 9.730635937500000000e+01 1.845101440000000000e+02
3.649025522308908800e-02 2.645968273437500100e+03 3.381694239999999900e+02 2.548627250000000000e+03 1.536621920000000000e+02 9.734102343749999900e+01 1.845072319999999900e+02
3.649451007773151700e-02 2.646495984374999800e+03 3.380842720000000000e+02 2.548797999999999800e+03 1.536099040000000000e+02 9.769798437500000400e+01 1.844743680000000000e+02
3.650408175402072200e-02 2.646275203125000200e+03 3.380184480000000300e+02 2.548608000000000200e+03 1.535523360000000000e+02 9.766720312500000000e+01 1.844661120000000100e+02
3.652562151898394700e-02 2.645752320312500200e+03 3.380892159999999600e+02 2.548397250000000000e+03 1.535818559999999900e+02 9.735507031250000400e+01 1.845073600000000100e+02
3.657408075018243900e-02 2.645677749999999800e+03 3.381240320000000000e+02 2.548453250000000000e+03 1.535940160000000100e+02 9.722450000000000600e+01 1.845300159999999900e+02
3.668311634925405100e-02 2.645927593750000100e+03 3.381346399999999900e+02 2.549029000000000000e+03 1.535703520000000100e+02 9.689859375000000300e+01 1.845642880000000000e+02
3.692844702938391500e-02 2.645871460937499700e+03 3.380987199999999600e+02 2.549751749999999900e+03 1.534793919999999900e+02 9.611971093750000300e+01 1.846193280000000000e+02
3.723204150450244700e-02 2.645870875000000100e+03 3.380515520000000200e+02 2.550642249999999900e+03 1.533569760000000000e+02 9.522862499999999400e+01 1.846945760000000100e+02
3.730966523744539500e-02 2.645866890625000000e+03 3.380279520000000300e+02 2.550815000000000100e+03 1.533161440000000100e+02 9.505189062499999900e+01 1.847118079999999900e+02
3.748431921878576900e-02 2.645870992187500200e+03 3.379306880000000300e+02 2.551014250000000200e+03 1.531848000000000000e+02 9.485674218750000400e+01 1.847458880000000100e+02
3.770045512179606700e-02 2.645879570312500200e+03 3.378705119999999600e+02 2.551507000000000100e+03 1.530787039999999900e+02 9.437257031250000200e+01 1.847918080000000000e+02
3.772463117327008700e-02 2.645881593749999900e+03 3.378662080000000300e+02 2.551570749999999900e+03 1.530687040000000000e+02 9.431084375000000400e+01 1.847975040000000000e+02
3.773240262917692400e-02 2.645903023437500000e+03 3.378658080000000200e+02 2.551600750000000100e+03 1.530657760000000000e+02 9.430227343750000600e+01 1.848000319999999900e+02
3.774201855409131000e-02 2.645940796874999700e+03 3.378654719999999500e+02 2.551646749999999900e+03 1.530624000000000000e+02 9.429404687500000600e+01 1.848030719999999900e+02
3.774742853073846700e-02 2.645938945312500000e+03 3.378627520000000000e+02 2.551657999999999900e+03 1.530591680000000000e+02 9.428094531249999500e+01 1.848035840000000000e+02
3.775295960888612500e-02 2.645931929687500100e+03 3.378544000000000000e+02 2.551658250000000000e+03 1.530519999999999900e+02 9.427367968750000700e+01 1.848024000000000100e+02
3.775607331477388200e-02 2.645943046874999700e+03 3.378455999999999900e+02 2.551664249999999800e+03 1.530451520000000000e+02 9.427879687499999800e+01 1.848004479999999900e+02
3.776167425917181800e-02 2.648144804687500300e+03 3.374182240000000100e+02 2.552873250000000100e+03 1.527675680000000100e+02 9.527155468750000000e+01 1.846506560000000000e+02
3.776867718632550400e-02 2.647019484375000000e+03 3.373466560000000000e+02 2.551994250000000200e+03 1.527012640000000100e+02 9.502523437499999700e+01 1.846453919999999900e+02
3.778442969689002600e-02 2.646303007812500300e+03 3.374932320000000300e+02 2.551583000000000100e+03 1.527891520000000000e+02 9.472000781250000000e+01 1.847040800000000000e+02
3.781987750341021800e-02 2.645322117187499800e+03 3.375984960000000100e+02 2.551012999999999900e+03 1.528263360000000000e+02 9.430911718749999300e+01 1.847721600000000100e+02
3.786374419308990300e-02 2.645334921875000000e+03 3.376199199999999800e+02 2.551187249999999900e+03 1.528143200000000100e+02 9.414767187500000000e+01 1.848056000000000000e+02
3.787496005513584000e-02 2.645563648437500000e+03 3.375957119999999900e+02 2.551378250000000200e+03 1.527920159999999900e+02 9.418539843749999800e+01 1.848036960000000000e+02
3.790019574473920500e-02 2.646041570312500000e+03 3.375166880000000400e+02 2.551737500000000200e+03 1.527239040000000000e+02 9.430407031250000200e+01 1.847927840000000100e+02
3.795697371747176800e-02 2.646060257812499900e+03 3.374835040000000400e+02 2.551823750000000000e+03 1.526789280000000100e+02 9.423650781249999400e+01 1.848045760000000000e+02
3.808472881387005300e-02 2.645842359375000300e+03 3.374712319999999900e+02 2.551973750000000100e+03 1.526331680000000100e+02 9.386860937500000500e+01 1.848380640000000000e+02
3.837217719854744300e-02 2.645880335937500100e+03 3.374181600000000000e+02 2.552666000000000200e+03 1.525520160000000100e+02 9.321433593749999600e+01 1.848661439999999900e+02
3.901893373519655500e-02 2.645870828125000100e+03 3.372363040000000200e+02 2.554228750000000200e+03 1.522820800000000100e+02 9.164207812499999800e+01 1.849542240000000100e+02
3.938273428706168300e-02 2.645871421874999700e+03 3.371061439999999700e+02 2.555086249999999800e+03 1.520913280000000000e+02 9.078517187500000300e+01 1.850148160000000000e+02
3.958737253414988000e-02 2.645868265625000300e+03 3.370067040000000100e+02 2.555424500000000100e+03 1.519606080000000100e+02 9.044376562499999700e+01 1.850460960000000100e+02
3.978881090697497500e-02 2.647061492187500300e+03 3.364859840000000300e+02 2.555947250000000200e+03 1.514919840000000000e+02 9.111424218749999700e+01 1.849940000000000000e+02
3.985356294774019400e-02 2.645548515624999700e+03 3.365750560000000200e+02 2.555054749999999800e+03 1.514948799999999900e+02 9.049376562499999500e+01 1.850801759999999900e+02
3.999924339508689800e-02 2.645860937500000100e+03 3.365833599999999700e+02 2.555660500000000000e+03 1.514510720000000100e+02 9.020043750000000700e+01 1.851322879999999900e+02
4.032703721042954500e-02 2.645859640624999900e+03 3.363504160000000000e+02 2.555910500000000000e+03 1.511970560000000000e+02 8.994914062499999800e+01 1.851533599999999900e+02
4.106456397945045700e-02 2.645866726562499900e+03 3.358783359999999900e+02 2.556747750000000000e+03 1.506308960000000100e+02 8.911897656249999500e+01 1.852474400000000100e+02
4.179056747492417000e-02 2.645869156249999800e+03 3.355645600000000300e+02 2.557758499999999900e+03 1.502348800000000000e+02 8.811065625000000500e+01 1.853296800000000000e+02
4.191891643444988600e-02 2.645890867187500100e+03 3.355002399999999600e+02 2.557915000000000000e+03 1.501552800000000000e+02 8.797586718750000000e+01 1.853449599999999900e+02
4.205018114548754500e-02 2.645888187500000200e+03 3.354173119999999800e+02 2.557986500000000000e+03 1.500475999999999900e+02 8.790168749999999400e+01 1.853697119999999900e+02
4.217939178876679200e-02 2.646926632812500000e+03 3.350038399999999700e+02 2.558559999999999900e+03 1.495976320000000000e+02 8.836663281250000100e+01 1.854062079999999900e+02
4.218977391355931100e-02 2.646731875000000400e+03 3.350056160000000300e+02 2.558458500000000200e+03 1.495526560000000100e+02 8.827337500000000100e+01 1.854529599999999900e+02
4.221313718765501400e-02 2.646565992187499900e+03 3.349311040000000000e+02 2.558400000000000100e+03 1.493957279999999900e+02 8.816599218749999500e+01 1.855353760000000100e+02
4.226570455437032900e-02 2.645333468750000100e+03 3.350359359999999900e+02 2.557430750000000000e+03 1.494024800000000000e+02 8.790271875000000500e+01 1.856334560000000000e+02
4.238397414285476100e-02 2.645759070312499700e+03 3.350651360000000500e+02 2.557774249999999900e+03 1.493852960000000100e+02 8.798482031250000500e+01 1.856798400000000100e+02
4.265008537469475200e-02 2.645879445312500100e+03 3.349456800000000400e+02 2.558017499999999900e+03 1.492614720000000000e+02 8.786194531249999800e+01 1.856842080000000100e+02
4.324882982414721100e-02 2.645873062500000300e+03 3.347048800000000000e+02 2.558454000000000200e+03 1.489686720000000000e+02 8.741906249999999500e+01 1.857362080000000000e+02
4.459601415091527700e-02 2.645869968750000200e+03 3.342169599999999700e+02 2.559449750000000200e+03 1.484140319999999900e+02 8.642021875000000400e+01 1.858029280000000100e+02
4.626315329974387700e-02 2.645871351562500000e+03 3.336625599999999800e+02 2.560958999999999800e+03 1.477818560000000000e+02 8.491235156250000700e+01 1.858807040000000100e+02
4.649759183145413900e-02 2.645871624999999800e+03 3.335886239999999800e+02 2.561179749999999800e+03 1.476970399999999900e+02 8.469187499999999600e+01 1.858915839999999900e+02
4.662946670774430200e-02 2.645871359375000300e+03 3.335466079999999900e+02 2.561295750000000200e+03 1.476489280000000100e+02 8.457560937499999900e+01 1.858976800000000100e+02
4.670364603454813700e-02 2.645871664062500300e+03 3.335223520000000100e+02 2.561356000000000200e+03 1.476211840000000000e+02 8.451566406249999400e+01 1.859011680000000100e+02
4.677951146685888800e-02 2.645874421875000300e+03 3.334965600000000400e+02 2.561404750000000100e+03 1.475916960000000100e+02 8.446967187500000300e+01 1.859048640000000000e+02
4.680298186920502100e-02 2.645875781250000300e+03 3.334882559999999800e+02 2.561411500000000200e+03 1.475821919999999900e+02 8.446428124999999900e+01 1.859060639999999900e+02
4.681618193275908400e-02 2.645882624999999700e+03 3.334827839999999800e+02 2.561407499999999800e+03 1.475759679999999900e+02 8.447512500000000600e+01 1.859068159999999900e+02
4.682361104403951600e-02 2.645905414062499900e+03 3.334788159999999900e+02 2.561398999999999900e+03 1.475713279999999900e+02 8.450641406249999900e+01 1.859074880000000000e+02
4.683120317657061400e-02 2.646250484374999800e+03 3.334297920000000200e+02 2.561390500000000000e+03 1.475512640000000000e+02 8.485998437499999600e+01 1.858785279999999900e+02
4.684829246139060600e-02 2.647566296874999800e+03 3.329302079999999900e+02 2.560427499999999800e+03 1.473446720000000000e+02 8.713879687499999700e+01 1.855855359999999900e+02
4.688674218779809900e-02 2.645486351562499700e+03 3.330217280000000000e+02 2.559207249999999900e+03 1.473351519999999900e+02 8.627910156250000300e+01 1.856865760000000000e+02
4.697325523665245300e-02 2.645580906250000200e+03 3.331812959999999700e+02 2.559982250000000000e+03 1.473422239999999900e+02 8.559865625000000500e+01 1.858390719999999900e+02
4.708031362084096800e-02 2.645969960937500200e+03 3.331009279999999500e+02 2.560085500000000100e+03 1.472675199999999900e+02 8.588446093749999500e+01 1.858334079999999900e+02
4.718980335053943300e-02 2.646151726562499800e+03 3.325708640000000300e+02 2.558342749999999800e+03 1.469848639999999900e+02 8.780897656250000700e+01 1.855860000000000100e+02
4.732530195634444100e-02 2.645765929687499900e+03 3.327517599999999900e+02 2.558863499999999900e+03 1.469874240000000000e+02 8.690242968750000300e+01 1.857643359999999900e+02
4.746387933491205000e-02 2.645931851562499600e+03 3.327493759999999800e+02 2.558985499999999800e+03 1.469672160000000100e+02 8.694635156249999900e+01 1.857821600000000000e+02
4.754182678148132600e-02 2.645797796875000100e+03 3.326550240000000300e+02 2.558602249999999900e+03 1.468952480000000100e+02 8.719554687500000500e+01 1.857597759999999900e+02
4.771720970069968900e-02 2.645872882812499900e+03 3.326578399999999600e+02 2.558721500000000100e+03 1.468754879999999900e+02 8.715138281250000300e+01 1.857823520000000000e+02
4.781586550385378400e-02 2.645886015624999800e+03 3.326405919999999700e+02 2.558770000000000000e+03 1.468529279999999900e+02 8.711601562500000300e+01 1.857876640000000100e+02
4.803783523876297600e-02 2.645870007812500300e+03 3.325443679999999600e+02 2.558746500000000200e+03 1.467736319999999900e+02 8.712350781249999400e+01 1.857707360000000000e+02
4.831252604613810900e-02 2.645864164062500100e+03 3.324915839999999900e+02 2.558954749999999900e+03 1.467078080000000000e+02 8.690941406250000500e+01 1.857837759999999900e+02
4.846703758752099500e-02 2.645871289062499700e+03 3.324619520000000000e+02 2.559108999999999900e+03 1.466721920000000000e+02 8.676228906250000300e+01 1.857897600000000000e+02
4.862506107241825600e-02 2.645875789062500200e+03 3.323707200000000100e+02 2.559130000000000100e+03 1.466129760000000000e+02 8.674578906249999500e+01 1.857577440000000000e+02
4.898061973562462000e-02 2.645871492187499800e+03 3.323052800000000400e+02 2.559428750000000000e+03 1.465297600000000100e+02 8.644274218750000200e+01 1.857755200000000000e+02
4.978061624790140700e-02 2.645871921875000200e+03 3.321530720000000100e+02 2.559913250000000100e+03 1.463209280000000100e+02 8.595867187499999300e+01 1.858321440000000000e+02
5.158061305827419500e-02 2.645872250000000300e+03 3.317790079999999800e+02 2.560648000000000100e+03 1.458429120000000100e+02 8.522424999999999800e+01 1.859360959999999900e+02
5.380811213864802900e-02 2.645870804687499900e+03 3.313914720000000200e+02 2.561443749999999900e+03 1.453568960000000100e+02 8.442705468750000400e+01 1.860345759999999900e+02
5.506107949803017800e-02 2.645871367187499800e+03 3.312348480000000000e+02 2.561814750000000000e+03 1.451192959999999900e+02 8.405661718749999500e+01 1.861155520000000100e+02
5.576587159991701300e-02 2.645871476562500000e+03 3.311681600000000000e+02 2.562016500000000200e+03 1.450025440000000000e+02 8.385497656249999900e+01 1.861656160000000000e+02
5.616232065054087300e-02 2.645870484375000200e+03 3.311305280000000300e+02 2.562063000000000100e+03 1.449398400000000000e+02 8.380748437500000100e+01 1.861906879999999900e+02
5.656777778970162300e-02 2.645873101562499900e+03 3.310980480000000100e+02 2.562098250000000000e+03 1.448784320000000000e+02 8.377485156250000400e+01 1.862196160000000000e+02
5.748005402393830500e-02 2.645871617187500300e+03 3.310457920000000100e+02 2.562105750000000200e+03 1.447513280000000000e+02 8.376586718750000700e+01 1.862944640000000000e+02
5.860899947356246200e-02 2.645870539062500000e+03 3.310000160000000200e+02 2.562007250000000100e+03 1.446028640000000100e+02 8.386328906250000200e+01 1.863971520000000100e+02
5.976359981029170900e-02 2.645871796874999700e+03 3.309384640000000100e+02 2.561602500000000000e+03 1.444323840000000100e+02 8.426929687499999500e+01 1.865060800000000000e+02
6.236145522568252400e-02 2.645872578125000000e+03 3.309026240000000000e+02 2.560719750000000200e+03 1.441438080000000100e+02 8.515282812499999900e+01 1.867588160000000000e+02
6.300076867780116100e-02 2.645872625000000000e+03 3.309057920000000200e+02 2.560478000000000100e+03 1.440812479999999900e+02 8.539462500000000500e+01 1.868245440000000000e+02
6.305214366051158100e-02 2.645872601562500200e+03 3.309061120000000100e+02 2.560458250000000100e+03 1.440768480000000100e+02 8.541435156250000200e+01 1.868292639999999900e+02
6.316773038498502100e-02 2.645856867187499600e+03 3.309010720000000000e+02 2.560362749999999800e+03 1.440628000000000100e+02 8.549411718749999500e+01 1.868382719999999900e+02
6.342780983055031100e-02 2.645865937500000200e+03 3.308934080000000200e+02 2.560208000000000100e+03 1.440346400000000000e+02 8.565793750000000300e+01 1.868587680000000000e+02
6.357410510089953100e-02 2.645881460937499900e+03 3.308875199999999900e+02 2.560126249999999800e+03 1.440182720000000000e+02 8.575521093749999600e+01 1.868692480000000000e+02
6.375514252864106200e-02 2.645856906250000100e+03 3.308627040000000100e+02 2.559835250000000100e+03 1.439864480000000000e+02 8.602165625000000700e+01 1.868762560000000100e+02
6.385697957505819000e-02 2.645620671875000000e+03 3.307456799999999900e+02 2.559078750000000100e+03 1.439135680000000000e+02 8.654192187500000000e+01 1.868321120000000000e+02
6.396112686548477400e-02 2.645890648437500200e+03 3.307909919999999600e+02 2.559343750000000000e+03 1.439318879999999900e+02 8.654689843750000500e+01 1.868591040000000000e+02
6.419546292669461900e-02 2.645871523437499900e+03 3.308069920000000400e+02 2.559258750000000000e+03 1.439241280000000000e+02 8.661277343749999600e+01 1.868828640000000100e+02
6.472271557110424700e-02 2.645872328125000000e+03 3.308410240000000000e+02 2.559090749999999800e+03 1.438915200000000100e+02 8.678157812499999600e+01 1.869495039999999900e+02
6.501929780356904800e-02 2.645872499999999900e+03 3.308511360000000000e+02 2.558985499999999800e+03 1.438716640000000100e+02 8.688700000000000000e+01 1.869794719999999900e+02
6.518612443600237100e-02 2.645873914062500300e+03 3.308563360000000000e+02 2.558924750000000100e+03 1.438611040000000100e+02 8.694916406250000300e+01 1.869952319999999900e+02
6.523773696396377400e-02 2.645874148437500000e+03 3.308570399999999800e+02 2.558897250000000000e+03 1.438572159999999900e+02 8.697689843749999700e+01 1.869998239999999900e+02
6.526676871983268200e-02 2.645874015625000100e+03 3.308563199999999800e+02 2.558873000000000000e+03 1.438542239999999900e+02 8.700101562499999400e+01 1.870020959999999900e+02
6.528309879139958200e-02 2.645875179687499900e+03 3.308549120000000100e+02 2.558850750000000100e+03 1.438518239999999900e+02 8.702442968750000300e+01 1.870030879999999900e+02
6.529980148296799000e-02 2.646953828125000200e+03 3.306377280000000400e+02 2.558657000000000200e+03 1.437803040000000000e+02 8.829682812500000500e+01 1.868574240000000100e+02
6.531983912355006400e-02 2.646585320312499800e+03 3.304918400000000200e+02 2.558004250000000000e+03 1.437037919999999900e+02 8.858107031250000300e+01 1.867880480000000000e+02
6.535741785070398000e-02 2.645187117187500000e+03 3.306484639999999900e+02 2.557396999999999900e+03 1.437373120000000000e+02 8.779011718750000200e+01 1.869111519999999900e+02
6.544196998680031100e-02 2.645718289062499900e+03 3.307383679999999800e+02 2.558032999999999900e+03 1.437689279999999900e+02 8.768528906250000400e+01 1.869694399999999900e+02
6.563221112857954600e-02 2.645932601562499700e+03 3.307495359999999800e+02 2.558164749999999900e+03 1.437643359999999900e+02 8.776785156249999900e+01 1.869851999999999900e+02
6.606025369758281000e-02 2.645869820312500000e+03 3.307910239999999900e+02 2.558015249999999900e+03 1.437542400000000100e+02 8.785457031250000200e+01 1.870367840000000100e+02
6.702334598452762400e-02 2.645872062499999600e+03 3.308246879999999800e+02 2.557695749999999900e+03 1.437069119999999900e+02 8.817631249999999500e+01 1.871177759999999900e+02
6.821517105940934400e-02 2.645872468749999800e+03 3.308444959999999900e+02 2.557202749999999900e+03 1.436522559999999900e+02 8.866971875000000100e+01 1.871922400000000000e+02
6.888557033515529900e-02 2.645871031250000200e+03 3.308484800000000000e+02 2.556853500000000200e+03 1.436208800000000000e+02 8.901753125000000500e+01 1.872276000000000000e+02
6.926267109219991200e-02 2.645874562499999700e+03 3.308515039999999800e+02 2.556650999999999800e+03 1.436041760000000000e+02 8.922356250000000000e+01 1.872473280000000100e+02
6.964834676702963400e-02 2.645872593749999900e+03 3.308541920000000100e+02 2.556439750000000000e+03 1.435861120000000100e+02 8.943284375000000400e+01 1.872680800000000000e+02
6.967207334562682000e-02 2.645870234375000100e+03 3.308538240000000300e+02 2.556422250000000100e+03 1.435847840000000100e+02 8.944798437500000400e+01 1.872690399999999900e+02
6.967969808240805100e-02 2.645868375000000000e+03 3.308536960000000100e+02 2.556413250000000100e+03 1.435843199999999900e+02 8.945512499999999500e+01 1.872693759999999900e+02
6.968398787017561500e-02 2.645867953125000000e+03 3.308536000000000300e+02 2.556406500000000100e+03 1.435839839999999900e+02 8.946145312500000600e+01 1.872696160000000100e+02
6.968929770519735600e-02 2.645867406249999900e+03 3.308534720000000100e+02 2.556390500000000000e+03 1.435834400000000000e+02 8.947690624999999900e+01 1.872700319999999900e+02
6.969472864171960500e-02 2.645920859375000000e+03 3.308450560000000000e+02 2.556347249999999800e+03 1.435807040000000000e+02 8.957360937500000400e+01 1.872643520000000000e+02
6.969641008947649600e-02 2.645983937500000100e+03 3.308358079999999900e+02 2.556328500000000100e+03 1.435783999999999900e+02 8.965543750000000500e+01 1.872574080000000000e+02
6.969812414148352000e-02 2.646096656249999800e+03 3.308188800000000400e+02 2.556303500000000000e+03 1.435743040000000100e+02 8.979315624999999600e+01 1.872445760000000000e+02
6.970199007399935400e-02 2.647102023437500100e+03 3.306603999999999800e+02 2.556160750000000000e+03 1.435394560000000000e+02 9.094127343750000100e+01 1.871209440000000100e+02
6.971069075103499000e-02 2.647681867187499800e+03 3.302663039999999900e+02 2.555532499999999800e+03 1.433518239999999900e+02 9.214936718750000500e+01 1.869144800000000000e+02
6.973025795886514400e-02 2.646229437500000100e+03 3.303524479999999800e+02 2.554888750000000100e+03 1.433624480000000000e+02 9.134068750000000100e+01 1.869900000000000100e+02
6.977428766979548700e-02 2.645129812500000300e+03 3.305534559999999800e+02 2.554422750000000200e+03 1.434211520000000100e+02 9.070706250000000600e+01 1.871323040000000000e+02
6.987335335495126200e-02 2.645839039062500400e+03 3.306247359999999800e+02 2.555137250000000200e+03 1.434235040000000100e+02 9.070178906249999800e+01 1.872012320000000000e+02
7.000000223572001900e-02 2.645973679687500400e+03 3.306013439999999800e+02 2.554951750000000200e+03 1.434035840000000000e+02 9.102192968750000500e+01 1.871977599999999900e+02
