0.000000000000000000e+00 0.000000000000000000e+00 0.000000000000000000e+00 0.000000000000000000e+00 0.000000000000000000e+00 0.000000000000000000e+00 0.000000000000000000e+00
-2.879138560692188000e-08 1.658066406250000600e-01 -1.602172851569608000e-09 1.045840917968750000e+01 1.040193557739257800e-04 -1.029260253906250000e+01 -1.040209579467773500e-04
8.749715455873744300e-04 1.666123046874989900e-01 2.040419937500000300e+00 1.110776855468750000e+01 5.688825625000000200e-01 -1.094115625000000100e+01 1.471537375000000000e+00
1.235909251559750600e-03 1.662060546874997200e-01 2.860607312500000000e+00 1.207351171875000000e+01 7.492390625000000500e-01 -1.190730566406250000e+01 2.111368249999999900e+00
1.605050027214010400e-03 1.664218749999992800e-01 3.638246374999999600e+00 1.502065429687500000e+01 8.008821250000000000e-01 -1.485423242187500000e+01 2.837364249999999800e+00
1.812691646298085500e-03 1.660703124999969300e-01 4.062747625000000100e+00 1.715366210937499900e+01 8.153893749999999700e-01 -1.698759179687500200e+01 3.247358250000000000e+00
1.929490154809526200e-03 1.658730468749993700e-01 4.299687500000000100e+00 1.836649023437500000e+01 8.237765000000000200e-01 -1.820061718750000100e+01 3.475911000000000000e+00
2.074028289537104300e-03 1.653769531250013400e-01 4.587060750000000000e+00 2.019951757812500000e+01 8.187449999999999500e-01 -2.003414062499999900e+01 3.768315750000000200e+00
2.221851328539410500e-03 1.656406250000017600e-01 4.886138374999999800e+00 2.173467382812500000e+01 8.378041250000000100e-01 -2.156903320312499900e+01 4.048334249999999900e+00
2.554453068517949900e-03 1.658535156250025000e-01 5.557050125000000000e+00 2.490282226562500200e+01 8.982471250000000400e-01 -2.473696874999999900e+01 4.658802999999999800e+00
2.579398238126999600e-03 1.659960937499995700e-01 5.607110687499999600e+00 2.513348437499999800e+01 9.033411875000000300e-01 -2.496748828124999900e+01 4.703769499999999900e+00
2.605122883175927000e-03 1.656972656249990900e-01 5.658454312500000000e+00 2.537135156249999900e+01 9.086243124999999800e-01 -2.520565429687500000e+01 4.749830000000000200e+00
2.631432232581411100e-03 1.660546875000008500e-01 5.710845749999999800e+00 2.561610546875000000e+01 9.141152500000000500e-01 -2.545005078124999900e+01 4.796730499999999800e+00
2.690628170967102100e-03 1.658457031250009100e-01 5.827997562500000200e+00 2.616588476562500200e+01 9.279140624999999700e-01 -2.600003906250000100e+01 4.900083500000000000e+00
2.705195913790405000e-03 1.709257812500020200e-01 5.855941500000000100e+00 2.632218554687500100e+01 9.323274999999999800e-01 -2.615125976562499900e+01 4.923613999999999700e+00
2.707771350705404300e-03 1.987734375000016500e-01 5.860767749999999900e+00 2.639317382812500100e+01 9.330087500000000500e-01 -2.619440039062499900e+01 4.927759000000000000e+00
2.710405258056060000e-03 3.979843749999965000e-01 5.864952437500000400e+00 2.674500390624999800e+01 9.325094375000000400e-01 -2.634701953125000200e+01 4.932443000000000100e+00
2.716331500706710200e-03 4.644843750000013900e-01 5.853829937500000500e+00 2.744542578125000200e+01 9.214629374999999700e-01 -2.698094140625000000e+01 4.932367000000000200e+00
2.723665335985619200e-03 7.383984375000096600e-02 5.853005249999999800e+00 2.750223632812500100e+01 9.168937499999999500e-01 -2.742839648437500000e+01 4.936111500000000000e+00
2.731165782673152200e-03 -1.033730468749993700e-01 5.868899312500000000e+00 2.754809960937500100e+01 9.196418124999999900e-01 -2.765147265625000000e+01 4.949257499999999900e+00
2.748041836608425900e-03 1.615624999999987200e-01 5.910421750000000300e+00 2.787028710937499900e+01 9.288502499999999900e-01 -2.770872460937500000e+01 4.981571500000000300e+00
2.786012811297819300e-03 1.660878906249969600e-01 5.980768187500000700e+00 2.831570117187499800e+01 9.413596874999999900e-01 -2.814961328125000200e+01 5.039408500000000400e+00
2.871447699902251700e-03 1.648203124999980700e-01 6.149656312499999400e+00 2.901421093750000000e+01 9.754203125000000500e-01 -2.884939062500000200e+01 5.174235999999999600e+00
3.063676003708926800e-03 1.658613281250005400e-01 6.531841562499999500e+00 3.054396875000000100e+01 1.043834562500000100e+00 -3.037810742187500100e+01 5.488006999999999600e+00
3.496189833938919000e-03 1.658125000000012500e-01 7.383435999999999700e+00 3.444195312499999800e+01 1.158168499999999900e+00 -3.427614062499999600e+01 6.225267500000000200e+00
4.469345951956400400e-03 1.658320312499981200e-01 9.280933000000001000e+00 4.309053124999999800e+01 1.390665500000000100e+00 -4.292469921875000000e+01 7.890267500000000200e+00
5.016746170564585800e-03 1.658046874999996600e-01 1.033235925000000000e+01 4.787152734375000300e+01 1.519419250000000100e+00 -4.770572265625000300e+01 8.812939999999999300e+00
5.186098063085961900e-03 1.657656250000059100e-01 1.065613725000000000e+01 4.930532812500000300e+01 1.559416249999999900e+00 -4.913956249999999700e+01 9.096721000000000500e+00
5.359298835589190900e-03 1.657812500000019900e-01 1.098654987500000000e+01 5.072940234375000300e+01 1.599881874999999900e+00 -5.056362109375000100e+01 9.386668000000000200e+00
5.456724270122257500e-03 1.658203125000028400e-01 1.117174037500000100e+01 5.152212500000000300e+01 1.622286375000000100e+00 -5.135630468750000000e+01 9.549454000000000800e+00
5.486865290819503500e-03 1.654726562499959600e-01 1.122876074999999900e+01 5.175633593749999800e+01 1.629124749999999900e+00 -5.159086328125000200e+01 9.599636000000000300e+00
5.503819761626676700e-03 1.679453124999952300e-01 1.125993850000000100e+01 5.187687499999999800e+01 1.632352500000000100e+00 -5.170892968750000300e+01 9.627586000000000900e+00
5.508154787103647400e-03 1.749648437499971000e-01 1.126699637500000000e+01 5.191706250000000000e+01 1.632321375000000100e+00 -5.174209765625000300e+01 9.634674999999999700e+00
5.510592945604499100e-03 1.885117187500000600e-01 1.127004137500000000e+01 5.195188671875000400e+01 1.631455375000000000e+00 -5.176337500000000300e+01 9.638586000000000100e+00
5.511964556426201400e-03 2.109101562500015300e-01 1.127075125000000000e+01 5.198717578125000200e+01 1.630078250000000000e+00 -5.177626562500000100e+01 9.640672999999999600e+00
5.512736209734217700e-03 2.367343750000046000e-01 1.127038850000000100e+01 5.202037890625000200e+01 1.628634500000000000e+00 -5.178364453124999800e+01 9.641754000000000600e+00
5.513690900927765500e-03 4.148906249999981800e-01 1.126371112500000000e+01 5.220298046874999900e+01 1.621472124999999900e+00 -5.178808984375000100e+01 9.642239000000000000e+00
5.514667494090523700e-03 1.005480468750001000e+00 1.124004062499999900e+01 5.280315625000000100e+01 1.599552625000000100e+00 -5.179767578125000000e+01 9.640487999999999500e+00
5.515216607747115500e-03 1.504515625000003400e+00 1.121929187500000000e+01 5.333008593750000200e+01 1.580584875000000000e+00 -5.182557031249999800e+01 9.638707000000000100e+00
5.516452504581040000e-03 2.398000000000003200e+00 1.116780737499999900e+01 5.462343359375000100e+01 1.531126374999999900e+00 -5.222543359374999700e+01 9.636680999999999400e+00
5.519232881350779500e-03 7.482304687499947700e-01 1.114040125000000000e+01 5.432856249999999700e+01 1.497324249999999900e+00 -5.358033203125000200e+01 9.643076999999999900e+00
5.522569802802378100e-03 1.160507812500029000e-01 1.116701887500000000e+01 5.410247656250000100e+01 1.508333874999999900e+00 -5.398642578124999900e+01 9.658685000000000200e+00
5.528825943864236100e-03 -2.886484375000009100e-01 1.121287300000000000e+01 5.405810937500000100e+01 1.520170999999999900e+00 -5.434675781250000200e+01 9.692702000000000600e+00
5.542903043466602800e-03 -2.020195312500021600e-01 1.127851987500000100e+01 5.422189453125000100e+01 1.534367875000000000e+00 -5.442391406250000300e+01 9.744151999999999700e+00
5.574576028688685500e-03 2.276953125000034100e-01 1.134994887499999900e+01 5.453198828125000100e+01 1.549704875000000000e+00 -5.430429296874999800e+01 9.800243999999999300e+00
5.645839952108428300e-03 1.646679687500025600e-01 1.146203725000000000e+01 5.501284765625000300e+01 1.563016250000000000e+00 -5.484817968750000000e+01 9.899020999999999400e+00
5.806183877579496400e-03 1.657499999999956200e-01 1.176807437499999900e+01 5.625801562499999900e+01 1.606066374999999900e+00 -5.609226562500000300e+01 1.016200800000000000e+01
6.166958198772640000e-03 1.657617187499980100e-01 1.245370637500000100e+01 5.865098828125000100e+01 1.712090375000000100e+00 -5.848522656250000300e+01 1.074161600000000000e+01
6.978700323680566700e-03 1.657617187500051200e-01 1.398287762500000000e+01 6.436107421875000500e+01 1.937350625000000100e+00 -6.419531250000000000e+01 1.204552700000000000e+01
8.439835444522968500e-03 1.657890624999964800e-01 1.672402625000000100e+01 7.431345312499999500e+01 2.313874250000000000e+00 -7.414766406249999900e+01 1.441015200000000000e+01
1.026625473668256100e-02 1.657734374999932900e-01 2.013114975000000200e+01 8.752299218749999500e+01 2.712497749999999800e+00 -8.735721875000000100e+01 1.741865200000000200e+01
1.129361588185227700e-02 1.657812499999948800e-01 2.204649300000000200e+01 9.481302343749999300e+01 2.927090999999999900e+00 -9.464724218749999800e+01 1.911940200000000100e+01
1.256497513277949800e-02 1.657578125000043200e-01 2.440987524999999900e+01 1.036648593750000100e+02 3.186111250000000200e+00 -1.034991015625000000e+02 2.122376399999999900e+01
1.386522933879862300e-02 1.657890624999964800e-01 2.681110500000000100e+01 1.124160937500000000e+02 3.449843000000000000e+00 -1.122503046875000100e+02 2.336126200000000000e+01
1.679079895570209300e-02 1.658593749999965900e-01 3.183185100000000000e+01 1.298983359375000100e+02 4.028844999999999600e+00 -1.297324765625000100e+02 2.780300600000000000e+01
2.337333411369423700e-02 1.658124999999870400e-01 3.783161799999999900e+01 1.623362187500000000e+02 5.164952000000000400e+00 -1.621704062500000100e+02 3.266666599999999900e+01
2.360475032035446900e-02 1.657187499999963600e-01 3.794497349999999600e+01 1.632439374999999900e+02 5.196059499999999600e+00 -1.630782187499999900e+02 3.274891399999999900e+01
2.373492310992063000e-02 1.658593749999965900e-01 3.800498350000000200e+01 1.637590937500000100e+02 5.213251500000000100e+00 -1.635932343750000100e+02 3.279173200000000300e+01
2.377519457359013300e-02 1.661093749999906800e-01 3.802313999999999800e+01 1.639189218750000000e+02 5.218574000000000300e+00 -1.637528125000000000e+02 3.280456600000000100e+01
2.378549162797101400e-02 1.666718750000200100e-01 3.802771799999999300e+01 1.639605625000000100e+02 5.219955999999999800e+00 -1.637938906249999900e+02 3.280776199999999700e+01
2.379128313440037300e-02 1.674218750000022700e-01 3.803026450000000100e+01 1.639846406250000000e+02 5.220750500000000300e+00 -1.638172187499999900e+02 3.280951400000000000e+01
2.379454183453336800e-02 1.681718750000129600e-01 3.803167200000000000e+01 1.639987656250000000e+02 5.221212000000000400e+00 -1.638305937499999900e+02 3.281045999999999900e+01
2.379637377781504800e-02 1.690781249999986400e-01 3.803245799999999800e+01 1.640071250000000000e+02 5.221482000000000000e+00 -1.638380468750000000e+02 3.281097599999999700e+01
2.379864219605453200e-02 1.721250000000225100e-01 3.803342899999999800e+01 1.640191562500000100e+02 5.221857000000000000e+00 -1.638470312499999900e+02 3.281157199999999800e+01
2.380096224036429300e-02 1.960624999999822600e-01 3.803415150000000000e+01 1.640465624999999900e+02 5.222245499999999700e+00 -1.638505000000000100e+02 3.281190600000000000e+01
2.380617960231510400e-02 1.853906249999965900e-01 3.803520750000000600e+01 1.640655468750000000e+02 5.222967500000000200e+00 -1.638801562500000000e+02 3.281224000000000300e+01
2.381792218666377000e-02 1.475156250000111400e-01 3.804007149999999600e+01 1.640939062500000000e+02 5.224331499999999900e+00 -1.639463906249999900e+02 3.281573999999999800e+01
2.384434221923507900e-02 1.639999999999872700e-01 3.805281250000000200e+01 1.642015312499999900e+02 5.227944500000000400e+00 -1.640375312500000000e+02 3.282486800000000200e+01
2.390378572809414400e-02 1.662187500000129600e-01 3.807969350000000500e+01 1.644358750000000100e+02 5.235727500000000300e+00 -1.642696562500000000e+02 3.284396600000000200e+01
2.403753323192045500e-02 1.658125000000154600e-01 3.813887950000000200e+01 1.649614218750000100e+02 5.253031499999999600e+00 -1.647956093750000000e+02 3.288584800000000300e+01
2.411276649615270300e-02 1.658281250000186400e-01 3.817129800000000000e+01 1.652577187500000100e+02 5.262716000000000200e+00 -1.650918906249999900e+02 3.290858200000000300e+01
2.420586863840659000e-02 1.664375000000006800e-01 3.821022000000000000e+01 1.656326562500000000e+02 5.274866000000000300e+00 -1.654662187500000000e+02 3.293535399999999700e+01
2.422967295008381400e-02 1.764374999999915900e-01 3.821811950000000000e+01 1.657518281250000000e+02 5.278421500000000300e+00 -1.655753906250000100e+02 3.293969800000000000e+01
2.428323265135757700e-02 1.639687500000093200e-01 3.824106799999999900e+01 1.659460781250000100e+02 5.285027999999999600e+00 -1.657821093750000000e+02 3.295604000000000200e+01
2.440374197922353500e-02 1.659062500000061400e-01 3.829205999999999900e+01 1.664033281250000000e+02 5.299815999999999900e+00 -1.662374218750000000e+02 3.299224399999999900e+01
2.467488835802854000e-02 1.658125000000154600e-01 3.840322499999999900e+01 1.674234218750000000e+02 5.332424999999999700e+00 -1.672576093749999900e+02 3.307079999999999800e+01
2.501043121958655000e-02 1.657812500000090900e-01 3.853566649999999800e+01 1.686792500000000000e+02 5.371992500000000200e+00 -1.685134687499999900e+02 3.316367400000000000e+01
2.519917456809616900e-02 1.657812500000090900e-01 3.860794800000000000e+01 1.693692968750000000e+02 5.393595999999999600e+00 -1.692035156249999900e+02 3.321435199999999800e+01
2.530534279940948100e-02 1.659843750000220600e-01 3.864739099999999900e+01 1.697542343750000100e+02 5.405580999999999700e+00 -1.695882499999999900e+02 3.324181000000000100e+01
2.536506321173640300e-02 1.658749999999997700e-01 3.866899699999999700e+01 1.699668593750000100e+02 5.412208999999999800e+00 -1.698009843750000100e+02 3.325678800000000000e+01
2.542613998172790100e-02 1.661875000000065900e-01 3.869050949999999700e+01 1.701879218750000000e+02 5.419103500000000300e+00 -1.700217343749999900e+02 3.327140599999999900e+01
2.556356232310217500e-02 1.657343749999995500e-01 3.873961399999999600e+01 1.706562343750000000e+02 5.433524000000000200e+00 -1.704905000000000000e+02 3.330608999999999800e+01
2.569883827149398500e-02 1.660781249999843100e-01 3.878468550000000200e+01 1.710682968749999900e+02 5.445697499999999600e+00 -1.709022187500000000e+02 3.333898800000000100e+01
2.572275209301725500e-02 1.667187500000011400e-01 3.879182099999999900e+01 1.711401093750000100e+02 5.447176999999999900e+00 -1.709733906250000100e+02 3.334464400000000200e+01
2.574721033491800300e-02 1.745156249999979500e-01 3.879516400000000000e+01 1.712403750000000000e+02 5.445050000000000200e+00 -1.710658593750000000e+02 3.335011399999999800e+01
2.575065050851015800e-02 1.813906250000059100e-01 3.879487100000000100e+01 1.712619218750000100e+02 5.444118999999999700e+00 -1.710805312500000100e+02 3.335075200000000000e+01
2.575258570393239300e-02 1.899687500000197800e-01 3.879428000000000100e+01 1.712783593750000100e+02 5.443279999999999700e+00 -1.710883906249999900e+02 3.335099999999999900e+01
2.575497927628164100e-02 2.391093749999981800e-01 3.879089599999999600e+01 1.713245156250000000e+02 5.440532000000000100e+00 -1.710854062500000100e+02 3.335036399999999900e+01
2.575559096699311600e-02 2.633749999999963600e-01 3.878936299999999400e+01 1.713432031250000000e+02 5.439442999999999800e+00 -1.710798281250000100e+02 3.334991999999999700e+01
2.575696922662689500e-02 1.040281249999992500e+00 3.875269649999999900e+01 1.718238906249999900e+02 5.417496500000000400e+00 -1.707836093750000000e+02 3.333520000000000000e+01
2.576006835526994200e-02 1.056812500000006600e+00 3.869213849999999900e+01 1.720872500000000100e+02 5.376366499999999600e+00 -1.710304375000000100e+02 3.331577200000000300e+01
2.576704100361020300e-02 1.583281249999970400e-01 3.871782550000000400e+01 1.717555156249999900e+02 5.383371500000000000e+00 -1.715971874999999900e+02 3.333445400000000100e+01
2.578272907126920000e-02 -1.505468750000034100e-01 3.873710450000000100e+01 1.717446562499999900e+02 5.387122500000000300e+00 -1.718952031249999900e+02 3.334998199999999700e+01
2.581802878792830200e-02 1.870624999999961300e-01 3.876035449999999800e+01 1.720346718749999900e+02 5.392426500000000000e+00 -1.718476093749999900e+02 3.336792799999999900e+01
2.589745315041128800e-02 1.662343750000161400e-01 3.878155050000000200e+01 1.722717812500000000e+02 5.394302500000000200e+00 -1.721055468749999900e+02 3.338724800000000000e+01
2.594212847431813500e-02 1.765312500000106900e-01 3.878861899999999700e+01 1.724856875000000100e+02 5.388404999999999700e+00 -1.723091562500000000e+02 3.340021399999999800e+01
2.604264912642831700e-02 1.680312500000127300e-01 3.880916100000000300e+01 1.729160625000000100e+02 5.378199000000000400e+00 -1.727480312500000000e+02 3.343096200000000100e+01
2.609919218879359200e-02 1.632656250000081900e-01 3.882975550000000500e+01 1.730407500000000000e+02 5.382943499999999700e+00 -1.728774843749999900e+02 3.344681200000000100e+01
2.622641447022204900e-02 1.665156250000166000e-01 3.886453199999999700e+01 1.734477500000000100e+02 5.380639999999999600e+00 -1.732812343750000000e+02 3.348389199999999700e+01
2.629797602575907600e-02 1.667656250000106900e-01 3.888483400000000500e+01 1.736685937500000100e+02 5.380627999999999700e+00 -1.735018281250000000e+02 3.350420600000000300e+01
2.645899304567672300e-02 1.633125000000177400e-01 3.891870200000000300e+01 1.743749062500000100e+02 5.361209999999999800e+00 -1.742115937499999900e+02 3.355749200000000300e+01
2.654956394606062000e-02 1.662812499999972700e-01 3.894781450000000000e+01 1.746234843750000000e+02 5.367146499999999600e+00 -1.744572031250000100e+02 3.358066800000000300e+01
2.666164570906030500e-02 1.560781249999934100e-01 3.896314950000000000e+01 1.752426093750000000e+02 5.341021500000000100e+00 -1.750865312500000100e+02 3.362212799999999600e+01
2.677627435819370300e-02 1.663281250000068200e-01 3.899865549999999800e+01 1.755554218750000100e+02 5.351251500000000000e+00 -1.753890937500000000e+02 3.364740400000000200e+01
2.703418881874384800e-02 1.656718749999868100e-01 3.907788449999999600e+01 1.761934843750000000e+02 5.377260500000000200e+00 -1.760278125000000100e+02 3.370062399999999800e+01
2.717926433393022900e-02 1.658749999999997700e-01 3.912482599999999900e+01 1.764574687500000000e+02 5.399606000000000300e+00 -1.762915937500000000e+02 3.372522000000000000e+01
2.750568815416551100e-02 1.657968749999838600e-01 3.922619250000000300e+01 1.770123906249999900e+02 5.449476500000000300e+00 -1.768465937500000100e+02 3.377671600000000000e+01
2.790963868769447800e-02 1.655937499999993200e-01 3.934158300000000000e+01 1.777416250000000000e+02 5.505914999999999900e+00 -1.775760312500000000e+02 3.383566799999999800e+01
2.801292211677771200e-02 1.658125000000154600e-01 3.936997700000000600e+01 1.779344843750000100e+02 5.519816999999999800e+00 -1.777686718750000000e+02 3.385016000000000200e+01
2.814073262252206700e-02 1.659843749999936300e-01 3.940375400000000600e+01 1.781726562499999900e+02 5.535925999999999900e+00 -1.780066718749999900e+02 3.386782800000000300e+01
2.821262740087634300e-02 1.663749999999879500e-01 3.942137200000000500e+01 1.782965781250000000e+02 5.544152000000000400e+00 -1.781302031250000100e+02 3.387722000000000100e+01
2.828615544036304100e-02 1.673750000000211500e-01 3.943855150000000300e+01 1.784365625000000100e+02 5.552707500000000400e+00 -1.782691874999999900e+02 3.388584399999999900e+01
2.837714873586739600e-02 1.660468750000063700e-01 3.946126499999999700e+01 1.786113437500000000e+02 5.563221000000000400e+00 -1.784452968750000000e+02 3.389804399999999900e+01
2.842833050905562900e-02 1.672343749999925000e-01 3.947250300000000300e+01 1.787108906249999900e+02 5.568843000000000200e+00 -1.785436562500000000e+02 3.390366000000000200e+01
2.845711908315423300e-02 1.644843749999722600e-01 3.947907899999999900e+01 1.787630468749999900e+02 5.571899000000000200e+00 -1.785985625000000100e+02 3.390717999999999700e+01
2.847331402495776800e-02 1.682656250000036400e-01 3.948262000000000400e+01 1.787947656250000000e+02 5.573616000000000300e+00 -1.786264999999999900e+02 3.390900400000000300e+01
2.848987817138511400e-02 1.795312499999965900e-01 3.948515650000000200e+01 1.788323593750000100e+02 5.575108499999999800e+00 -1.786528281250000100e+02 3.391004800000000300e+01
2.849919276600434600e-02 1.791093749999959100e-01 3.948571799999999900e+01 1.788520937499999900e+02 5.575586000000000400e+00 -1.786729843750000000e+02 3.391013199999999700e+01
2.852015607938991600e-02 1.673906249999959100e-01 3.948676650000000200e+01 1.788960781250000000e+02 5.576610500000000100e+00 -1.787286875000000100e+02 3.391015600000000100e+01
2.856732040565470400e-02 1.613593750000177400e-01 3.949890100000000400e+01 1.789708906250000100e+02 5.582716999999999700e+00 -1.788095312499999900e+02 3.391618400000000100e+01
2.867343857532411000e-02 1.657656250000059100e-01 3.952495399999999400e+01 1.791992343750000000e+02 5.594637999999999800e+00 -1.790334687500000000e+02 3.393031599999999800e+01
2.880476278270010700e-02 1.657500000000027300e-01 3.955771099999999800e+01 1.794860781250000100e+02 5.608995000000000200e+00 -1.793203281250000000e+02 3.394871599999999700e+01
2.893907191559398600e-02 1.662031250000097800e-01 3.959009800000000500e+01 1.797951250000000100e+02 5.623586000000000400e+00 -1.796289218750000000e+02 3.396651200000000200e+01
2.924126590017884400e-02 1.657968749999838600e-01 3.966250550000000200e+01 1.804920156249999900e+02 5.654173499999999700e+00 -1.803262187500000100e+02 3.400833200000000300e+01
2.992120001885521800e-02 1.657812500000090900e-01 3.981209800000000600e+01 1.821671875000000100e+02 5.716818000000000000e+00 -1.820014062500000000e+02 3.409528000000000200e+01
3.013155591769481000e-02 1.656718749999868100e-01 3.985768300000000200e+01 1.827072499999999900e+02 5.734699000000000000e+00 -1.825415781250000000e+02 3.412298400000000200e+01
3.034668957467466900e-02 1.658749999999997700e-01 3.990313950000000200e+01 1.832700937500000000e+02 5.752459499999999600e+00 -1.831042187500000000e+02 3.415068000000000100e+01
3.061292052581866800e-02 1.657968750000122800e-01 3.995793950000000200e+01 1.839552187500000000e+02 5.773119500000000000e+00 -1.837894218749999900e+02 3.418482000000000200e+01
3.065036037775475300e-02 1.668750000000045500e-01 3.996487900000000300e+01 1.840445000000000000e+02 5.775662999999999800e+00 -1.838776249999999900e+02 3.418921600000000200e+01
3.065562310807035100e-02 1.685156249999977300e-01 3.996568949999999600e+01 1.840565156250000000e+02 5.775957499999999600e+00 -1.838880000000000100e+02 3.418973199999999900e+01
3.066100786364297700e-02 1.756718749999777200e-01 3.996612799999999800e+01 1.840704062499999900e+02 5.776080000000000300e+00 -1.838947343750000100e+02 3.419004799999999700e+01
3.066403659309927700e-02 1.874687499999936300e-01 3.996589300000000100e+01 1.840819687499999900e+02 5.775904999999999800e+00 -1.838944999999999900e+02 3.418998800000000000e+01
3.067085123437595900e-02 1.717656250000061400e-01 3.996629600000000000e+01 1.840885624999999900e+02 5.776116000000000000e+00 -1.839167968749999900e+02 3.419017999999999800e+01
3.068618574167486500e-02 1.521718749999934100e-01 3.996965149999999800e+01 1.841142187499999900e+02 5.777403500000000100e+00 -1.839620468750000000e+02 3.419224799999999900e+01
3.070515910471518000e-02 1.634843749999959100e-01 3.997365800000000000e+01 1.841627031250000100e+02 5.778882000000000300e+00 -1.839992187500000100e+02 3.419477599999999700e+01
3.071001195532130400e-02 1.675156249999929500e-01 3.997461100000000300e+01 1.841754687499999900e+02 5.779234999999999900e+00 -1.840079531250000000e+02 3.419537600000000300e+01
3.071601622373726000e-02 1.732968750000054600e-01 3.997558200000000300e+01 1.841908437500000000e+02 5.779594000000000300e+00 -1.840175468749999900e+02 3.419598800000000000e+01
3.072215503282121200e-02 1.825468749999856800e-01 3.997573800000000000e+01 1.842072968750000000e+02 5.779606000000000200e+00 -1.840247500000000100e+02 3.419613199999999900e+01
3.073596891768648100e-02 1.597812500000088700e-01 3.997866599999999700e+01 1.842299687500000100e+02 5.780738000000000400e+00 -1.840701875000000000e+02 3.419792799999999700e+01
3.076705406969926200e-02 1.642656250000129600e-01 3.998542699999999400e+01 1.843114218750000100e+02 5.783178999999999600e+00 -1.841471562499999900e+02 3.420224799999999700e+01
3.083699644394120900e-02 1.660781250000127300e-01 4.000005750000000400e+01 1.844970000000000100e+02 5.788589499999999600e+00 -1.843309218750000000e+02 3.421146800000000400e+01
3.099436209270647500e-02 1.658281249999902200e-01 4.003244050000000000e+01 1.849160937499999900e+02 5.800680500000000400e+00 -1.847502656250000000e+02 3.423176000000000100e+01
3.134843245578875600e-02 1.657968749999838600e-01 4.010351649999999800e+01 1.858688124999999900e+02 5.827328500000000100e+00 -1.857030156250000100e+02 3.427618799999999800e+01
3.214509781264257600e-02 1.657812500000090900e-01 4.025913349999999700e+01 1.880247500000000100e+02 5.884237500000000200e+00 -1.878589687500000000e+02 3.437489600000000000e+01
3.393759251892410100e-02 1.658281250000186400e-01 4.057380949999999600e+01 1.926530781250000100e+02 5.988481499999999800e+00 -1.924872499999999900e+02 3.458532799999999700e+01
3.797070247920478900e-02 1.658281250000186400e-01 4.108808849999999800e+01 2.007302500000000100e+02 6.145480499999999700e+00 -2.005644218749999900e+02 3.494260800000000000e+01
3.853786022957227800e-02 1.657968750000122800e-01 4.114607599999999400e+01 2.018871875000000100e+02 6.164603999999999800e+00 -2.017213906250000000e+02 3.498147199999999700e+01
3.981395969240684300e-02 1.660156250000000000e-01 4.127003450000000100e+01 2.046164374999999900e+02 6.201750500000000200e+00 -2.044504218749999900e+02 3.506828399999999800e+01
4.053176857355073000e-02 1.659062499999777200e-01 4.133567150000000400e+01 2.060780781249999900e+02 6.220319499999999600e+00 -2.059121718750000100e+02 3.511535200000000100e+01
4.093553450476778600e-02 1.658437499999934100e-01 4.136911699999999600e+01 2.069410000000000000e+02 6.226045000000000100e+00 -2.067751562500000100e+02 3.514307199999999700e+01
4.143519664373922900e-02 1.662968750000004500e-01 4.139262099999999800e+01 2.083821093750000000e+02 6.203081000000000100e+00 -2.082158125000000000e+02 3.518954000000000100e+01
4.156295083013419200e-02 1.662031250000097800e-01 4.139413199999999900e+01 2.088454375000000000e+02 6.190024000000000200e+00 -2.086792343749999900e+02 3.520410799999999800e+01
4.185039540288329500e-02 1.659218749999809000e-01 4.135944800000000000e+01 2.110863124999999900e+02 6.092255999999999900e+00 -2.109203906250000100e+02 3.526719200000000100e+01
4.220611154250898700e-02 1.662031250000097800e-01 4.140092249999999300e+01 2.121731093750000000e+02 6.092766499999999800e+00 -2.120069062499999900e+02 3.530815599999999700e+01
4.256991263762546100e-02 1.659062500000061400e-01 4.142932100000000200e+01 2.131759843750000100e+02 6.092177000000000400e+00 -2.130100781250000100e+02 3.533714400000000200e+01
4.338846431942436400e-02 1.656249999999772600e-01 4.149602550000000200e+01 2.146986093749999900e+02 6.128725499999999800e+00 -2.145329843750000100e+02 3.536730000000000000e+01
4.384889690269009500e-02 1.657812500000090900e-01 4.154480550000000200e+01 2.154485781250000100e+02 6.158853500000000200e+00 -2.152827968750000000e+02 3.538595200000000300e+01
4.410789394628970200e-02 1.659062500000061400e-01 4.156990400000000100e+01 2.158705625000000100e+02 6.173943999999999700e+00 -2.157046562500000000e+02 3.539596000000000200e+01
4.469063025447014100e-02 1.658281250000186400e-01 4.162537199999999900e+01 2.168135000000000000e+02 6.203344000000000400e+00 -2.166476718749999900e+02 3.542202799999999700e+01
4.541176823493376500e-02 1.657812499999806700e-01 4.169009700000000200e+01 2.179222343749999900e+02 6.237237000000000400e+00 -2.177564531250000100e+02 3.545286000000000100e+01
4.614929514607106500e-02 1.657812500000090900e-01 4.175249949999999900e+01 2.189860937500000100e+02 6.270659499999999800e+00 -2.188203125000000000e+02 3.548183999999999800e+01
4.780873226055635400e-02 1.658124999999870400e-01 4.188750600000000200e+01 2.212478437499999900e+02 6.340805999999999700e+00 -2.210820312500000000e+02 3.554670000000000100e+01
5.154246420372189000e-02 1.658124999999870400e-01 4.216507800000000100e+01 2.255974531249999900e+02 6.475094000000000300e+00 -2.254316406250000000e+02 3.568998400000000300e+01
5.521785555862066000e-02 1.657031250000216000e-01 4.240460300000000200e+01 2.287691718750000100e+02 6.579523000000000000e+00 -2.286034687499999900e+02 3.582508000000000000e+01
5.639922900462714100e-02 1.657812500000090900e-01 4.247671400000000100e+01 2.297036875000000000e+02 6.607549999999999800e+00 -2.295379062499999900e+02 3.586916399999999800e+01
5.786118544931486600e-02 1.657812500000090900e-01 4.256419150000000000e+01 2.308146406250000100e+02 6.640039500000000300e+00 -2.306488593750000000e+02 3.592415199999999900e+01
5.935636405243961000e-02 1.657812500000090900e-01 4.265022350000000300e+01 2.318430937500000100e+02 6.670067500000000000e+00 -2.316773125000000000e+02 3.598015600000000100e+01
6.272051278061753500e-02 1.657812499999806700e-01 4.283891500000000000e+01 2.341172968749999900e+02 6.734707000000000200e+00 -2.339515156250000100e+02 3.610420800000000000e+01
7.000000145178766900e-02 1.657968749999838600e-01 4.321321100000000100e+01 2.381129374999999900e+02 6.843451000000000000e+00 -2.379471406250000000e+02 3.636975999999999900e+01
