0.000000000000000000e+00 0.000000000000000000e+00 0.000000000000000000e+00 0.000000000000000000e+00 0.000000000000000000e+00 0.000000000000000000e+00 0.000000000000000000e+00
-6.834086815396002300e-09 1.353931640625000400e+00 -5.111694335933718300e-09 7.723916992187500200e+00 -1.462350463867187500e-04 -6.369985351562499800e+00 1.462299346923828200e-04
3.499932055529187600e-04 1.354621093749999600e+00 4.133073749999999400e+00 7.802154296875000000e+00 1.826600500000000100e+00 -6.447533203125000300e+00 2.306473249999999800e+00
5.140557384157260500e-04 1.356258300781250100e+00 6.092983999999999500e+00 8.080671386718750100e+00 2.646700749999999900e+00 -6.724413085937500000e+00 3.446283250000000000e+00
5.648125438553801500e-04 1.366032714843750100e+00 6.665222249999999300e+00 8.271143554687499800e+00 2.865644249999999900e+00 -6.905110839843749700e+00 3.799577999999999900e+00
5.933632865881386000e-04 1.373296386718750200e+00 6.982521249999999600e+00 8.417174804687499900e+00 2.980842749999999900e+00 -7.043878417968749700e+00 4.001678499999999700e+00
6.094230793753153400e-04 1.371406249999999700e+00 7.160521499999999800e+00 8.506120117187499800e+00 3.043726749999999800e+00 -7.134713867187500100e+00 4.116794750000000400e+00
6.258478179907264900e-04 1.372010253906249300e+00 7.341159000000000200e+00 8.615328124999999600e+00 3.104719499999999900e+00 -7.243317871093750200e+00 4.236439500000000400e+00
6.461735187410382900e-04 1.379784179687500300e+00 7.561368749999999700e+00 8.792439453125000500e+00 3.172600750000000000e+00 -7.412655273437500200e+00 4.388767999999999800e+00
6.572602275080574300e-04 1.386885742187500300e+00 7.679971000000000100e+00 8.906301757812499900e+00 3.206471000000000100e+00 -7.519416015624999600e+00 4.473499999999999600e+00
6.780478121137830000e-04 1.390269042968750300e+00 7.901079749999999200e+00 9.150155273437500000e+00 3.263716749999999900e+00 -7.759886230468749700e+00 4.637362999999999700e+00
7.248199568225716100e-04 1.698462890625000600e+00 8.185192999999999900e+00 1.126146972656250100e+01 3.077565500000000000e+00 -9.563006835937500200e+00 5.107627500000000400e+00
7.511292457145297900e-04 1.674324218749999800e+00 8.283456250000000400e+00 1.343491210937500000e+01 2.820206750000000100e+00 -1.176058789062500100e+01 5.463249499999999900e+00
8.103251910619534500e-04 1.170758789062500000e+00 8.908415999999999000e+00 1.696435156249999900e+01 2.662431499999999800e+00 -1.579359277343749900e+01 6.245984499999999600e+00
9.435161361044334300e-04 1.321675781249997100e+00 1.018771225000000100e+01 2.202051953124999900e+01 2.712331250000000100e+00 -2.069884375000000200e+01 7.475380999999999600e+00
1.018435991682745900e-03 1.342775390625000400e+00 1.086536875000000000e+01 2.408968750000000000e+01 2.799687749999999900e+00 -2.274691210937500000e+01 8.065680999999999700e+00
1.187005780085243500e-03 1.360205078124998600e+00 1.246109900000000100e+01 2.903384765625000000e+01 3.020829000000000000e+00 -2.767364257812500100e+01 9.440269999999999900e+00
1.395610883031717700e-03 1.363203124999998300e+00 1.442290824999999900e+01 3.456208593750000100e+01 3.350666250000000200e+00 -3.319888281250000300e+01 1.107224199999999900e+01
1.608956881206401600e-03 1.353703125000002700e+00 1.637475225000000000e+01 4.006132031250000100e+01 3.690518249999999800e+00 -3.870761718749999900e+01 1.268423400000000000e+01
1.648959369215449400e-03 1.358621093749995600e+00 1.673390425000000200e+01 4.104110546874999700e+01 3.758452249999999900e+00 -3.968248437500000100e+01 1.297545200000000100e+01
1.665460234560343300e-03 1.372246093750000300e+00 1.688101174999999900e+01 4.147551562500000000e+01 3.790497750000000100e+00 -4.010326953125000000e+01 1.309051400000000100e+01
1.669679260428013900e-03 1.400808593749999900e+00 1.692029200000000000e+01 4.163699218749999900e+01 3.800468000000000000e+00 -4.023618359374999900e+01 1.311982399999999900e+01
1.679172113970790300e-03 1.882367187499994500e+00 1.698598524999999900e+01 4.265459765624999700e+01 3.805862250000000100e+00 -4.077223046875000300e+01 1.318012300000000000e+01
1.700530762398930200e-03 1.391281249999998700e+00 1.710228674999999800e+01 4.313657421874999900e+01 3.810841749999999800e+00 -4.174529296875000000e+01 1.329144500000000000e+01
1.726962107964960600e-03 1.085937500000000000e+00 1.733415025000000000e+01 4.362014843749999900e+01 3.876036249999999800e+00 -4.253421093749999900e+01 1.345811400000000000e+01
1.753994306073637800e-03 1.240062500000000500e+00 1.758938875000000100e+01 4.446101953125000300e+01 3.950868750000000200e+00 -4.322095703125000200e+01 1.363852000000000000e+01
1.814816434434536700e-03 1.376898437500003100e+00 1.805381949999999900e+01 4.703234375000000300e+01 4.052637500000000300e+00 -4.565544531249999900e+01 1.400118200000000000e+01
1.951666449949147700e-03 1.351843750000000500e+00 1.925286200000000000e+01 5.017681640624999800e+01 4.366611999999999900e+00 -4.882497265624999700e+01 1.488625000000000000e+01
2.259579166219093900e-03 1.355585937500002600e+00 2.192321249999999800e+01 5.772775781250000200e+01 4.948204500000000100e+00 -5.637217187499999900e+01 1.697500799999999900e+01
2.952382279080777100e-03 1.354828124999997400e+00 2.774805650000000100e+01 7.389773437499999900e+01 6.108388500000000200e+00 -7.254290625000000100e+01 2.163966800000000000e+01
3.342084030065473900e-03 1.353968749999992800e+00 3.094943800000000100e+01 8.257418749999999400e+01 6.734936000000000300e+00 -8.122021875000000100e+01 2.421450200000000000e+01
3.458994736722954700e-03 1.350750000000005000e+00 3.191271749999999900e+01 8.515821875000000300e+01 6.920873499999999900e+00 -8.380746874999999800e+01 2.499184400000000000e+01
3.579558800947315900e-03 1.361335937499987400e+00 3.289793699999999900e+01 8.775833593749999300e+01 7.109243000000000200e+00 -8.639700000000000600e+01 2.578869400000000000e+01
3.647375883041189200e-03 1.345476562500010700e+00 3.345211100000000200e+01 8.917029687500000500e+01 7.212196999999999700e+00 -8.782482031249999500e+01 2.623991399999999900e+01
3.664715547966445900e-03 1.345820312499995500e+00 3.359378600000000100e+01 8.952596093750000300e+01 7.238328000000000100e+00 -8.818014062500000700e+01 2.635545799999999900e+01
3.674469200167937900e-03 1.347304687499999400e+00 3.367320850000000100e+01 8.972306249999999700e+01 7.252888500000000100e+00 -8.837575781249999800e+01 2.642032000000000000e+01
3.684070145505286900e-03 1.349726562500009700e+00 3.374624500000000200e+01 8.990167187500000500e+01 7.262989000000000100e+00 -8.855194531249999600e+01 2.648325600000000100e+01
3.687156202512735800e-03 1.373960937499987300e+00 3.376695949999999900e+01 8.998183593749999400e+01 7.263693499999999600e+00 -8.860787500000000700e+01 2.650326600000000000e+01
3.688892200260461000e-03 1.418999999999996900e+00 3.377554800000000100e+01 9.005990624999999700e+01 7.261164000000000000e+00 -8.864090625000000000e+01 2.651438400000000000e+01
3.691040615358618300e-03 1.811585937500012700e+00 3.375732150000000300e+01 9.051105468750000700e+01 7.231183500000000200e+00 -8.869946874999999400e+01 2.652613800000000000e+01
3.693237635491918500e-03 2.831093749999993700e+00 3.367924599999999900e+01 9.161994531249999300e+01 7.145494000000000200e+00 -8.878885156250000000e+01 2.653375200000000000e+01
3.694473436646640500e-03 3.600562499999995200e+00 3.361199150000000200e+01 9.247607031249999900e+01 7.073807500000000000e+00 -8.887550781250000400e+01 2.653818400000000100e+01
3.697254079925801700e-03 5.371585937500000800e+00 3.342703499999999700e+01 9.474629687499999900e+01 6.869304999999999800e+00 -8.937471093749999800e+01 2.655772999999999900e+01
3.703510345941843000e-03 3.959609374999999400e+00 3.323306050000000100e+01 9.532694531250000100e+01 6.608776500000000300e+00 -9.136733593750000200e+01 2.662428399999999900e+01
3.717587307202078100e-03 9.687968750000095500e-01 3.344604150000000000e+01 9.382842187500000400e+01 6.686057500000000400e+00 -9.285962499999999400e+01 2.675998399999999900e+01
3.749260016632428400e-03 3.170156249999962500e-01 3.396088449999999900e+01 9.413162500000000000e+01 6.869512499999999900e+00 -9.381460937500000300e+01 2.709137200000000000e+01
3.820524066255895400e-03 1.430734375000000100e+00 3.469406850000000000e+01 9.623468750000000700e+01 7.043574500000000100e+00 -9.480395312500000700e+01 2.765049399999999800e+01
3.980868087227660200e-03 1.346945312499997300e+00 3.589874400000000100e+01 9.907645312500000000e+01 7.289556000000000100e+00 -9.772950781250000300e+01 2.860918800000000000e+01
4.341642225095167900e-03 1.353890624999991100e+00 3.885832099999999700e+01 1.059495390624999900e+02 7.927997000000000400e+00 -1.045956484375000000e+02 3.093032399999999900e+01
4.788100148161379000e-03 1.365999999999999700e+00 4.238724500000000000e+01 1.135703203125000000e+02 8.742832999999999200e+00 -1.122043203125000000e+02 3.364441200000000300e+01
5.244704916399943100e-03 1.359203124999993400e+00 4.557986799999999800e+01 1.205189687500000000e+02 9.517072000000000600e+00 -1.191597656250000100e+02 3.606279599999999900e+01
5.381686238054270000e-03 1.365429687499997200e+00 4.644722900000000700e+01 1.224971250000000000e+02 9.719393000000000200e+00 -1.211316953125000000e+02 3.672783600000000300e+01
5.445896391271546800e-03 1.362250000000003100e+00 4.684078300000000200e+01 1.234562031250000000e+02 9.809350999999999500e+00 -1.220939531250000000e+02 3.703143200000000200e+01
5.465761341679391800e-03 1.361874999999997700e+00 4.696114599999999900e+01 1.237602265624999900e+02 9.836593999999999800e+00 -1.223983515625000000e+02 3.712455200000000100e+01
5.476935421624321900e-03 1.362953125000004200e+00 4.702853900000000200e+01 1.239329843750000000e+02 9.851710999999999900e+00 -1.225700312500000000e+02 3.717682800000000000e+01
5.488363408469254500e-03 1.371367187499998900e+00 4.709759599999999600e+01 1.241124453125000000e+02 9.867152000000000800e+00 -1.227410781250000000e+02 3.723044399999999900e+01
5.494791605729010100e-03 1.380976562500009700e+00 4.713660600000000000e+01 1.242152265625000100e+02 9.875909999999999300e+00 -1.228342500000000000e+02 3.726069600000000300e+01
5.498407602709177100e-03 1.384476562499998000e+00 4.715843800000000400e+01 1.242726093750000000e+02 9.880801999999999200e+00 -1.228881328125000000e+02 3.727763600000000100e+01
5.500441396978189900e-03 1.384679687499996700e+00 4.717063199999999800e+01 1.243042812500000000e+02 9.883516000000000200e+00 -1.229196015625000100e+02 3.728711599999999700e+01
5.505017887488649500e-03 1.382617187500002800e+00 4.719767600000000100e+01 1.243721015625000100e+02 9.889395999999999600e+00 -1.229894843750000000e+02 3.730828000000000300e+01
5.515314537732002500e-03 1.371179687500003300e+00 4.725702099999999500e+01 1.245176015625000000e+02 9.902013000000000200e+00 -1.231464218750000000e+02 3.735500799999999800e+01
5.538482454184725400e-03 1.327374999999989300e+00 4.739295200000000100e+01 1.248637421874999900e+02 9.931376000000000200e+00 -1.235363671875000100e+02 3.746157600000000100e+01
5.590610266203353000e-03 1.351124999999996100e+00 4.770261699999999600e+01 1.256913125000000000e+02 1.000067300000000100e+01 -1.243401875000000000e+02 3.770194399999999700e+01
5.707897480521121100e-03 1.359187500000004400e+00 4.837370299999999900e+01 1.275127109375000000e+02 1.015227900000000000e+01 -1.261535234375000000e+02 3.822142399999999900e+01
5.971793440692993800e-03 1.357820312499995900e+00 4.977201999999999800e+01 1.314979843749999900e+02 1.049339999999999900e+01 -1.301401640624999900e+02 3.927861999999999700e+01
6.565560167209028500e-03 1.355468750000000000e+00 5.238810900000000000e+01 1.410315937500000100e+02 1.129626900000000100e+01 -1.396761250000000100e+02 4.109183999999999800e+01
7.901534848464926800e-03 1.355296875000021800e+00 5.634491200000000100e+01 1.623761562500000100e+02 1.304528799999999900e+01 -1.610208593749999900e+02 4.329962400000000100e+01
9.404506274196776400e-03 1.353687500000006600e+00 5.910073300000000500e+01 1.826650625000000000e+02 1.463771700000000000e+01 -1.813113750000000000e+02 4.446301600000000300e+01
9.592377793094292500e-03 1.355437499999993600e+00 5.936416900000000400e+01 1.848960937500000100e+02 1.481009300000000000e+01 -1.835406562500000100e+02 4.455407600000000200e+01
9.824868734253245500e-03 1.352765624999989300e+00 5.967192899999999900e+01 1.875461718750000000e+02 1.501347299999999900e+01 -1.861934062500000100e+02 4.465845600000000100e+01
9.955644571271531400e-03 1.354015624999988200e+00 5.983673300000000200e+01 1.889953593749999900e+02 1.512361300000000100e+01 -1.876413437500000000e+02 4.471312000000000400e+01
1.008939329536469300e-02 1.352953124999999100e+00 6.000039200000000500e+01 1.904406562499999900e+02 1.523251600000000000e+01 -1.890877031249999900e+02 4.476787600000000100e+01
1.039032665503980900e-02 1.353437500000012500e+00 6.035073500000000000e+01 1.935566406250000000e+02 1.546617099999999900e+01 -1.922032031249999900e+02 4.488456399999999700e+01
1.055960203258120300e-02 1.353468749999990500e+00 6.053952499999999800e+01 1.952377968749999900e+02 1.559243300000000000e+01 -1.938843281250000000e+02 4.494709199999999800e+01
1.061197141887897400e-02 1.352843750000005200e+00 6.059649400000000000e+01 1.957408125000000000e+02 1.563070199999999900e+01 -1.943879687500000000e+02 4.496579200000000000e+01
1.064142897196888400e-02 1.352499999999992000e+00 6.062806499999999900e+01 1.960196406249999900e+02 1.565197300000000000e+01 -1.946671406250000000e+02 4.497609200000000100e+01
1.065799966171127600e-02 1.350875000000002000e+00 6.064553600000000000e+01 1.961742656250000000e+02 1.566374399999999900e+01 -1.948233906250000000e+02 4.498179199999999900e+01
1.066732022128619500e-02 1.348812500000008200e+00 6.065511300000000000e+01 1.962595000000000000e+02 1.567022500000000000e+01 -1.949106874999999900e+02 4.498488799999999800e+01
1.067256303604708700e-02 1.345124999999995900e+00 6.066009899999999500e+01 1.963041406250000000e+02 1.567364300000000000e+01 -1.949590156250000100e+02 4.498645599999999700e+01
1.067551198332853500e-02 1.341562500000009100e+00 6.066247100000000400e+01 1.963270625000000100e+02 1.567529100000000000e+01 -1.949855000000000000e+02 4.498718000000000200e+01
1.067852839730055500e-02 1.382468750000015200e+00 6.065959900000000000e+01 1.963870312500000100e+02 1.567284300000000000e+01 -1.950045624999999900e+02 4.498675600000000000e+01
1.068022449539256600e-02 1.555234374999997700e+00 6.064387700000000300e+01 1.965220937500000100e+02 1.566267700000000000e+01 -1.949668593750000100e+02 4.498120000000000100e+01
1.068404180427201900e-02 2.234546875000006600e+00 6.056043100000000100e+01 1.971643906250000100e+02 1.559479100000000100e+01 -1.949298437500000000e+02 4.496564000000000000e+01
1.069263111197493200e-02 1.909218749999979500e+00 6.052564100000000000e+01 1.971496249999999900e+02 1.556207700000000000e+01 -1.952404062500000100e+02 4.496356399999999800e+01
1.071195632885820100e-02 1.206953124999984100e+00 6.059828199999999800e+01 1.967519062499999900e+02 1.562240600000000000e+01 -1.955449531250000100e+02 4.497587600000000000e+01
1.073587073159693000e-02 1.107531249999993900e+00 6.064114699999999700e+01 1.968303281249999900e+02 1.565682700000000000e+01 -1.957227968750000000e+02 4.498431999999999700e+01
1.076032922054994700e-02 1.206031250000023600e+00 6.065421999999999500e+01 1.970784531250000100e+02 1.566761200000000000e+01 -1.958724218749999900e+02 4.498660799999999700e+01
1.079059637392671700e-02 1.381656250000020200e+00 6.065445799999999800e+01 1.974607187500000100e+02 1.567151800000000100e+01 -1.960790624999999900e+02 4.498293999999999900e+01
1.082155125227834800e-02 1.373781250000007500e+00 6.070241400000000500e+01 1.976350468750000000e+02 1.571331799999999900e+01 -1.962612656249999900e+02 4.498909600000000400e+01
1.089120009129366200e-02 1.329031250000014100e+00 6.081087199999999600e+01 1.979734062500000100e+02 1.580652000000000100e+01 -1.966443750000000000e+02 4.500435199999999700e+01
1.104790997907811900e-02 1.364015625000007500e+00 6.095103199999999800e+01 1.992843750000000100e+02 1.591218800000000000e+01 -1.979203593750000000e+02 4.503884399999999700e+01
1.124183826571310300e-02 1.355171875000024800e+00 6.114899200000000000e+01 2.010211250000000100e+02 1.604280800000000100e+01 -1.996659531249999900e+02 4.510618399999999900e+01
1.129142265604200100e-02 1.354703124999986100e+00 6.119840200000000200e+01 2.014539218749999900e+02 1.607513000000000100e+01 -2.000992187500000100e+02 4.512327200000000000e+01
1.135278252294468800e-02 1.353109375000002500e+00 6.125833500000000200e+01 2.019741875000000000e+02 1.611423100000000000e+01 -2.006210781250000000e+02 4.514410399999999900e+01
1.138729790148262700e-02 1.351562500000000000e+00 6.129016000000000000e+01 2.022491249999999900e+02 1.613524800000000100e+01 -2.008975624999999900e+02 4.515491200000000300e+01
1.142259676416914500e-02 1.516937500000011600e+00 6.126063899999999800e+01 2.026513593750000000e+02 1.611100300000000000e+01 -2.011344218749999900e+02 4.514963600000000100e+01
1.150202101883452200e-02 1.308921874999981600e+00 6.136888100000000200e+01 2.029569999999999900e+02 1.619414499999999900e+01 -2.016480781250000100e+02 4.517473600000000300e+01
1.154669702606224400e-02 1.364718749999980200e+00 6.141633000000000200e+01 2.033547343749999900e+02 1.622328200000000100e+01 -2.019900156250000100e+02 4.519304799999999700e+01
1.157182728012783600e-02 1.373921875000007700e+00 6.143964400000000100e+01 2.035460156250000000e+02 1.623734800000000100e+01 -2.021720937499999900e+02 4.520229599999999700e+01
1.158596263997507300e-02 1.388406250000002700e+00 6.144534199999999700e+01 2.036308437500000000e+02 1.623917399999999800e+01 -2.022424374999999900e+02 4.520616799999999800e+01
1.159391427863483900e-02 2.035593750000003900e+00 6.136065399999999700e+01 2.041730937499999900e+02 1.616605399999999900e+01 -2.021374999999999900e+02 4.519460000000000100e+01
1.161180455880895600e-02 2.533640624999975400e+00 6.114651100000000400e+01 2.048261093749999900e+02 1.595957499999999900e+01 -2.022924687500000100e+02 4.518693600000000300e+01
1.165205895873522000e-02 9.518593749999979500e-01 6.116442700000000300e+01 2.041134687500000100e+02 1.593925499999999900e+01 -2.031616093750000100e+02 4.522517200000000100e+01
1.174262972631067100e-02 1.221171875000010200e+00 6.135413099999999500e+01 2.042952187500000000e+02 1.607339500000000100e+01 -2.030740468749999900e+02 4.528073599999999700e+01
1.194641467880372200e-02 1.365015624999983900e+00 6.152291500000000500e+01 2.046199531249999900e+02 1.617727500000000200e+01 -2.032549375000000100e+02 4.534564000000000300e+01
1.240493064055101100e-02 1.356953124999989800e+00 6.185042000000000000e+01 2.061125937500000000e+02 1.640210400000000100e+01 -2.047556406250000100e+02 4.544831599999999800e+01
1.266284491688298700e-02 1.354093750000004100e+00 6.201710299999999900e+01 2.075529062500000100e+02 1.649960300000000000e+01 -2.061988125000000000e+02 4.551749999999999800e+01
1.280792151595765100e-02 1.353609374999990700e+00 6.210996000000000100e+01 2.083680468750000000e+02 1.655603599999999900e+01 -2.070144375000000100e+02 4.555392400000000200e+01
1.288952864451475800e-02 1.353015625000011800e+00 6.216043300000000500e+01 2.088108593750000100e+02 1.658667700000000200e+01 -2.074578437499999900e+02 4.557375600000000300e+01
1.293543211024191800e-02 1.353140625000008900e+00 6.218837700000000300e+01 2.090552812500000100e+02 1.660350899999999900e+01 -2.077021406250000000e+02 4.558486800000000000e+01
1.296125226562722800e-02 1.353734375000016100e+00 6.220390900000000300e+01 2.091904843750000100e+02 1.661280500000000200e+01 -2.078367499999999900e+02 4.559110400000000100e+01
1.297577574030732400e-02 1.354093750000004100e+00 6.221254399999999400e+01 2.092652656250000100e+02 1.661794000000000100e+01 -2.079111718750000100e+02 4.559460399999999700e+01
1.299374944703429900e-02 1.355984375000019800e+00 6.222297100000000100e+01 2.093537031250000100e+02 1.662398700000000000e+01 -2.079977187499999900e+02 4.559898400000000200e+01
1.299834588737261400e-02 1.359953125000004100e+00 6.222571700000000300e+01 2.093751718750000100e+02 1.662550500000000000e+01 -2.080152187500000000e+02 4.560021199999999900e+01
1.300403195103608100e-02 2.332578124999997700e+00 6.215435499999999500e+01 2.098114687499999900e+02 1.660054699999999900e+01 -2.074788906249999900e+02 4.555380799999999700e+01
1.300984859539097500e-02 2.500312500000006800e+00 6.209707900000000100e+01 2.100167656250000100e+02 1.655729900000000000e+01 -2.075164531250000000e+02 4.553978000000000000e+01
1.302293423156877600e-02 1.511984374999997300e+00 6.210299600000000500e+01 2.094568593749999900e+02 1.655334399999999900e+01 -2.079448750000000000e+02 4.554965200000000200e+01
1.303912913909916600e-02 1.228312500000015500e+00 6.213949100000000000e+01 2.094210468750000000e+02 1.656660300000000100e+01 -2.081927343749999900e+02 4.557288799999999900e+01
1.305569257435870500e-02 1.405828124999999300e+00 6.209375800000000100e+01 2.096322500000000000e+02 1.653595000000000000e+01 -2.082264218750000000e+02 4.555780800000000100e+01
1.306500878124390900e-02 1.204156250000011100e+00 6.207355499999999900e+01 2.095735156250000000e+02 1.651734700000000100e+01 -2.083693593749999900e+02 4.555620799999999800e+01
1.308596988401147500e-02 9.401718750000043200e-01 6.209215700000000000e+01 2.094408124999999900e+02 1.652808500000000100e+01 -2.085006406249999900e+02 4.556407200000000300e+01
1.313313417885921200e-02 1.130734375000003000e+00 6.217507299999999800e+01 2.094812031250000100e+02 1.659008499999999800e+01 -2.083504687500000000e+02 4.558498800000000300e+01
1.323925420499076500e-02 1.440578125000001800e+00 6.227650200000000100e+01 2.099201406249999900e+02 1.665703800000000000e+01 -2.084795624999999900e+02 4.561946400000000100e+01
1.327208509260926700e-02 1.426343750000000900e+00 6.229509600000000100e+01 2.100514531249999900e+02 1.666571199999999900e+01 -2.086251093749999900e+02 4.562938400000000200e+01
1.328047998017160700e-02 1.421046875000001800e+00 6.229910500000000400e+01 2.100782187499999900e+02 1.666747300000000100e+01 -2.086571718749999900e+02 4.563163200000000300e+01
1.329936630084201400e-02 1.409484375000005200e+00 6.229913700000000200e+01 2.100957187500000000e+02 1.666701300000000100e+01 -2.086862343750000000e+02 4.563212399999999700e+01
1.334186306141943600e-02 1.319187499999998200e+00 6.232173399999999900e+01 2.102486093750000000e+02 1.667788600000000100e+01 -2.089294218750000000e+02 4.564384799999999800e+01
1.343747859637377800e-02 1.352078124999991400e+00 6.238849500000000600e+01 2.107562656250000000e+02 1.671087100000000100e+01 -2.094041875000000100e+02 4.567762400000000200e+01
1.365261463819347200e-02 1.354234375000004300e+00 6.252007999999999300e+01 2.118191250000000100e+02 1.677930400000000000e+01 -2.104648906250000100e+02 4.574077599999999700e+01
1.391884400277636200e-02 1.351437500000003000e+00 6.265701000000000000e+01 2.129337968750000100e+02 1.684950999999999900e+01 -2.115823593750000100e+02 4.580749999999999700e+01
1.398691426632195000e-02 1.353171875000015200e+00 6.269302400000000100e+01 2.132458437500000100e+02 1.686971200000000000e+01 -2.118926718749999900e+02 4.582331200000000100e+01
1.407115187036307400e-02 1.352546875000001600e+00 6.273196400000000500e+01 2.135794062500000100e+02 1.689067199999999900e+01 -2.122268593750000000e+02 4.584129200000000300e+01
1.409268897906950000e-02 1.350906250000008400e+00 6.273992199999999300e+01 2.136490312500000100e+02 1.689503399999999900e+01 -2.122981250000000000e+02 4.584488799999999700e+01
1.414114892455553200e-02 1.339187500000008400e+00 6.274869600000000200e+01 2.137580781250000000e+02 1.690095600000000100e+01 -2.124188906249999900e+02 4.584774000000000200e+01
1.425018525279567500e-02 1.354140625000013600e+00 6.281318199999999800e+01 2.142729375000000100e+02 1.693516199999999800e+01 -2.129187968750000000e+02 4.587801999999999900e+01
1.431151755266350600e-02 1.352796874999995700e+00 6.284432400000000000e+01 2.145267656250000000e+02 1.695234000000000000e+01 -2.131739687500000000e+02 4.589198400000000100e+01
1.433049237802477300e-02 1.348078125000000700e+00 6.285248800000000100e+01 2.145906562499999900e+02 1.695707600000000100e+01 -2.132425781249999900e+02 4.589541200000000000e+01
1.434116517320427200e-02 1.354812500000008400e+00 6.285140799999999900e+01 2.146187812500000100e+02 1.695602399999999900e+01 -2.132639687500000000e+02 4.589538400000000000e+01
1.434389430965514600e-02 1.397984375000021400e+00 6.284632800000000000e+01 2.146592187500000100e+02 1.695194400000000100e+01 -2.132612343749999900e+02 4.589438400000000200e+01
1.434542935822773000e-02 1.454437499999983200e+00 6.283997800000000200e+01 2.147075312499999900e+02 1.694690999999999900e+01 -2.132530937500000100e+02 4.589306800000000000e+01
1.434888249206775100e-02 2.230078125000005700e+00 6.275340400000000300e+01 2.153469687500000000e+02 1.687752800000000200e+01 -2.131168906250000000e+02 4.587587599999999800e+01
1.435315683336720900e-02 2.618015624999998200e+00 6.267449999999999500e+01 2.157983593749999900e+02 1.680605600000000200e+01 -2.131803437499999900e+02 4.586844399999999700e+01
1.435752838473695000e-02 2.199718750000016600e+00 6.267119400000000000e+01 2.155410781250000100e+02 1.680382600000000100e+01 -2.133413593750000000e+02 4.586736799999999900e+01
1.436736401259473000e-02 1.490937500000001100e+00 6.270633599999999300e+01 2.150372656250000000e+02 1.683286000000000000e+01 -2.135463281250000000e+02 4.587347599999999700e+01
1.437953558393252400e-02 1.428515624999988600e+00 6.271657400000000100e+01 2.150712343749999900e+02 1.683590999999999800e+01 -2.136427187500000000e+02 4.588066400000000300e+01
1.438264630618168700e-02 1.481015624999997700e+00 6.271165599999999800e+01 2.151413125000000000e+02 1.682992000000000100e+01 -2.136602968750000000e+02 4.588173599999999700e+01
1.438964833303544800e-02 1.986296874999993600e+00 6.264178400000000100e+01 2.156320624999999900e+02 1.677182399999999900e+01 -2.136457656250000000e+02 4.586995999999999900e+01
1.440540361890469200e-02 1.193156249999987000e+00 6.263791500000000000e+01 2.151704531249999900e+02 1.676911499999999900e+01 -2.139772968750000100e+02 4.586880000000000000e+01
1.442489931613510700e-02 7.945468749999804500e-01 6.266289199999999900e+01 2.149359062499999900e+02 1.679030399999999900e+01 -2.141413593750000100e+02 4.587258800000000000e+01
1.442988459675456600e-02 7.521875000000193300e-01 6.266821199999999700e+01 2.149153437500000100e+02 1.679468400000000000e+01 -2.141631562499999900e+02 4.587352800000000000e+01
1.444110002725178400e-02 8.831406250000100000e-01 6.266133800000000100e+01 2.150665937500000100e+02 1.678800199999999900e+01 -2.141834531250000000e+02 4.587333600000000200e+01
1.446633547131880700e-02 9.998281249999934100e-01 6.270030200000000100e+01 2.151163281250000000e+02 1.681877000000000100e+01 -2.141165000000000000e+02 4.588153200000000000e+01
1.449756456912244100e-02 1.363093750000018600e+00 6.276496800000000300e+01 2.153017812500000000e+02 1.686768000000000000e+01 -2.139386874999999900e+02 4.589728800000000300e+01
1.451513057391284000e-02 1.517796874999987700e+00 6.279435600000000100e+01 2.153872656250000000e+02 1.689012400000000000e+01 -2.138694687500000100e+02 4.590423200000000000e+01
1.452501117956433500e-02 1.591031249999986100e+00 6.280543799999999500e+01 2.154395781250000000e+02 1.689863000000000100e+01 -2.138485468750000100e+02 4.590680799999999800e+01
1.453511667418440200e-02 1.756796874999992000e+00 6.280046600000000000e+01 2.156087812499999900e+02 1.689398600000000200e+01 -2.138519843750000000e+02 4.590648000000000200e+01
1.455785367435540700e-02 1.540124999999989100e+00 6.280994799999999900e+01 2.154892500000000000e+02 1.690389199999999900e+01 -2.139491250000000100e+02 4.590605600000000000e+01
1.460901373836088500e-02 1.205671875000007300e+00 6.283583000000000100e+01 2.152930937500000000e+02 1.693137000000000100e+01 -2.140874218749999900e+02 4.590446000000000000e+01
1.467232361025558500e-02 1.335421875000008600e+00 6.287586400000000000e+01 2.154400312500000000e+02 1.696957199999999900e+01 -2.141046093750000000e+02 4.590629200000000100e+01
1.470793441570496200e-02 1.426421874999988400e+00 6.289472000000000700e+01 2.155529843749999900e+02 1.698768000000000100e+01 -2.141265625000000100e+02 4.590704000000000200e+01
1.472796694466680700e-02 1.477031249999981800e+00 6.289696800000000100e+01 2.156377968749999900e+02 1.699085600000000100e+01 -2.141607656250000100e+02 4.590611200000000000e+01
1.474845360425551400e-02 1.458750000000009100e+00 6.288762799999999900e+01 2.157024375000000000e+02 1.698562400000000100e+01 -2.142436874999999900e+02 4.590200399999999800e+01
1.477380657094482300e-02 1.337250000000011600e+00 6.290686800000000300e+01 2.156433437500000100e+02 1.700296799999999900e+01 -2.143060937500000000e+02 4.590390000000000000e+01
1.478028772592943600e-02 1.328125000000000000e+00 6.291091000000000100e+01 2.156453593750000000e+02 1.700643000000000200e+01 -2.143172343750000000e+02 4.590448000000000000e+01
1.478830973307291600e-02 1.342328124999994500e+00 6.291084400000000400e+01 2.156711249999999900e+02 1.700603600000000200e+01 -2.143287968749999900e+02 4.590480800000000300e+01
1.479651310228782600e-02 1.593671875000012500e+00 6.288229200000000000e+01 2.159107187500000000e+02 1.698097200000000100e+01 -2.143170468749999900e+02 4.590131999999999800e+01
1.481497285936623400e-02 1.329046874999988900e+00 6.287825399999999800e+01 2.157707187499999900e+02 1.697671800000000200e+01 -2.144416718750000000e+02 4.590153600000000000e+01
1.485650622462022000e-02 1.225875000000002000e+00 6.293522600000000000e+01 2.157130156250000000e+02 1.702205000000000000e+01 -2.144871406249999900e+02 4.591317600000000000e+01
1.494995412009683300e-02 1.376515625000024600e+00 6.301827000000000100e+01 2.160495781250000100e+02 1.708372999999999900e+01 -2.146730624999999900e+02 4.593453999999999800e+01
1.500251865198346300e-02 1.374390624999989500e+00 6.304546200000000100e+01 2.162493125000000000e+02 1.709956599999999900e+01 -2.148749218750000100e+02 4.594589599999999800e+01
1.503208647321280100e-02 1.359843750000010200e+00 6.305498799999999400e+01 2.163284531250000100e+02 1.710525600000000100e+01 -2.149686093750000000e+02 4.594973199999999700e+01
1.504123437609571800e-02 1.366890624999996400e+00 6.305556200000000200e+01 2.163537656249999900e+02 1.710534200000000000e+01 -2.149868750000000000e+02 4.595022000000000200e+01
1.505058975718835000e-02 1.461234375000003600e+00 6.304529000000000100e+01 2.164616875000000100e+02 1.709490600000000200e+01 -2.150004531250000100e+02 4.595038400000000000e+01
1.505585215905295600e-02 1.587015624999992300e+00 6.302987799999999700e+01 2.165932968749999900e+02 1.707982200000000000e+01 -2.150062812500000000e+02 4.595005599999999600e+01
1.506532506276787500e-02 1.767828125000022500e+00 6.298741000000000400e+01 2.168047343750000100e+02 1.704079000000000100e+01 -2.150369062499999900e+02 4.594662000000000300e+01
1.507716437879081000e-02 1.413765624999996400e+00 6.299651999999999700e+01 2.165623906250000100e+02 1.704714800000000000e+01 -2.151486250000000100e+02 4.594937199999999700e+01
1.510380574163555600e-02 1.331203125000001800e+00 6.299353399999999700e+01 2.165539843750000000e+02 1.703854600000000000e+01 -2.152227812500000000e+02 4.595498800000000000e+01
1.511879205232193900e-02 1.250343749999984800e+00 6.298780800000000100e+01 2.165168437499999900e+02 1.702816000000000000e+01 -2.152665000000000100e+02 4.595964800000000100e+01
1.515250943774559000e-02 1.647124999999988400e+00 6.283845399999999900e+01 2.170445781249999900e+02 1.684744200000000100e+01 -2.153974531250000000e+02 4.599101199999999800e+01
1.522837391767294300e-02 1.178437500000001100e+00 6.279573200000000100e+01 2.168899843750000100e+02 1.673711200000000000e+01 -2.157115468750000100e+02 4.605861999999999800e+01
1.539906899750949200e-02 1.343765625000003200e+00 6.292240400000000000e+01 2.171621562500000100e+02 1.679211600000000000e+01 -2.158183906250000100e+02 4.613028800000000000e+01
1.578313292714172300e-02 1.356031250000000900e+00 6.312187399999999800e+01 2.177460156250000100e+02 1.692503800000000100e+01 -2.163899843750000100e+02 4.619683599999999800e+01
1.587764868249491200e-02 1.351218750000015200e+00 6.316743000000000300e+01 2.178831406250000100e+02 1.695406200000000000e+01 -2.165319218749999900e+02 4.621336800000000300e+01
1.588524267514981900e-02 1.351249999999993200e+00 6.317108799999999700e+01 2.178943593749999900e+02 1.695638800000000000e+01 -2.165431093750000000e+02 4.621470000000000100e+01
1.590233133496821900e-02 1.385078125000006800e+00 6.318150000000000000e+01 2.179439687500000100e+02 1.696329199999999900e+01 -2.165588906250000000e+02 4.621820799999999700e+01
1.591194497565056800e-02 1.425796875000003200e+00 6.318913999999999500e+01 2.179889843750000000e+02 1.696854000000000100e+01 -2.165631875000000000e+02 4.622059999999999700e+01
1.591735101627574400e-02 1.446046875000007500e+00 6.319328000000000100e+01 2.180123906249999900e+02 1.697139599999999900e+01 -2.165663437499999900e+02 4.622188400000000300e+01
1.592951678402725400e-02 1.545609374999998000e+00 6.320494200000000300e+01 2.180915937499999900e+02 1.697966200000000100e+01 -2.165459843749999900e+02 4.622527999999999800e+01
1.595688939874400500e-02 1.397671874999986100e+00 6.320383599999999500e+01 2.180513124999999900e+02 1.697980799999999800e+01 -2.166536406250000100e+02 4.622402799999999700e+01
1.601847850730498200e-02 1.240796875000000900e+00 6.322011000000000500e+01 2.180362187499999900e+02 1.698854199999999900e+01 -2.167954218749999900e+02 4.623156800000000300e+01
1.615705363884303200e-02 1.368906250000009100e+00 6.328477200000000400e+01 2.182982656250000000e+02 1.702459599999999900e+01 -2.169293593749999900e+02 4.626017600000000100e+01
1.646884841025193100e-02 1.354406250000010900e+00 6.341957000000000000e+01 2.188998593750000100e+02 1.709441400000000000e+01 -2.175454531249999900e+02 4.632515600000000000e+01
1.664423278780736600e-02 1.353953124999975400e+00 6.349222999999999900e+01 2.192855156249999900e+02 1.713054199999999800e+01 -2.179315625000000100e+02 4.636168800000000100e+01
1.669849341778600900e-02 1.354000000000013400e+00 6.351341200000000200e+01 2.194131250000000100e+02 1.713998000000000100e+01 -2.180591249999999900e+02 4.637343200000000100e+01
1.672901447806278100e-02 1.355359375000006100e+00 6.352470199999999800e+01 2.194822031250000100e+02 1.714475399999999900e+01 -2.181268437500000100e+02 4.637994799999999900e+01
1.673681739982397400e-02 1.358937500000024600e+00 6.352734600000000100e+01 2.195006093750000100e+02 1.714583400000000100e+01 -2.181416718749999900e+02 4.638151200000000100e+01
1.674120781284914300e-02 1.366453125000020900e+00 6.352871600000000300e+01 2.195152500000000100e+02 1.714643600000000100e+01 -2.181487968749999900e+02 4.638228000000000200e+01
1.675108406581092200e-02 1.722484374999993400e+00 6.350798799999999700e+01 2.198601093750000100e+02 1.713032000000000100e+01 -2.181376250000000100e+02 4.637766800000000000e+01
1.677330599769906800e-02 1.451890625000004300e+00 6.349981200000000600e+01 2.197191875000000000e+02 1.712554400000000100e+01 -2.182672968750000000e+02 4.637426800000000100e+01
1.682330534444739400e-02 1.182687499999985900e+00 6.352864999999999900e+01 2.195506250000000000e+02 1.714276999999999900e+01 -2.183679375000000100e+02 4.638588000000000000e+01
1.693580496280356100e-02 1.375296875000003600e+00 6.359204800000000500e+01 2.198897812500000000e+02 1.717128800000000100e+01 -2.185144843749999900e+02 4.642076000000000100e+01
1.695162553901852200e-02 1.396640625000003400e+00 6.359956400000000100e+01 2.199394687500000000e+02 1.717485599999999800e+01 -2.185428281250000000e+02 4.642470800000000300e+01
1.696052388769115100e-02 1.406781249999994500e+00 6.360350799999999800e+01 2.199676406250000000e+02 1.717682800000000000e+01 -2.185608593750000100e+02 4.642667999999999800e+01
1.698054771127357000e-02 1.757031250000011400e+00 6.360083000000000200e+01 2.203909062500000000e+02 1.717867000000000000e+01 -2.186338749999999900e+02 4.642215999999999800e+01
1.702559804981672300e-02 1.259546874999983900e+00 6.360338000000000100e+01 2.201333124999999900e+02 1.718538399999999900e+01 -2.188737656250000000e+02 4.641799600000000200e+01
1.708134729967766100e-02 1.246046874999990500e+00 6.363197199999999800e+01 2.202594531249999900e+02 1.719954800000000000e+01 -2.190134062500000000e+02 4.643242399999999700e+01
1.711270697817272200e-02 1.344078124999981600e+00 6.364947000000000800e+01 2.204053593749999900e+02 1.721009400000000200e+01 -2.190612812500000100e+02 4.643937600000000300e+01
1.714477904688436000e-02 1.632296875000008600e+00 6.366436399999999900e+01 2.208219843750000000e+02 1.723330800000000100e+01 -2.191896874999999900e+02 4.643105599999999800e+01
1.721694228965797400e-02 1.286156250000004800e+00 6.367967399999999900e+01 2.208003437500000000e+02 1.724244600000000100e+01 -2.195141874999999900e+02 4.643722799999999800e+01
1.723926723520269300e-02 1.259640625000003000e+00 6.368895399999999500e+01 2.208462812500000000e+02 1.724682999999999900e+01 -2.195866406250000000e+02 4.644212400000000000e+01
1.726209999454741600e-02 1.298374999999993000e+00 6.370022600000000100e+01 2.209362187499999900e+02 1.725338199999999800e+01 -2.196378437500000000e+02 4.644684399999999900e+01
1.731347334034889400e-02 1.361453124999997000e+00 6.372250599999999600e+01 2.211127968749999900e+02 1.726498200000000000e+01 -2.197513437499999900e+02 4.645752399999999900e+01
1.742906336840222400e-02 1.359968750000007300e+00 6.376994400000000200e+01 2.214619062500000000e+02 1.728744400000000100e+01 -2.201019374999999900e+02 4.648250000000000200e+01
1.757210726138030300e-02 1.351796875000019300e+00 6.382663399999999900e+01 2.219201250000000100e+02 1.731558199999999900e+01 -2.205683281249999900e+02 4.651105199999999900e+01
1.765256818164597600e-02 1.353265624999977500e+00 6.385765200000000200e+01 2.221895468749999900e+02 1.733178399999999900e+01 -2.208362812500000100e+02 4.652586800000000300e+01
1.769782890019198600e-02 1.345156250000002300e+00 6.387424399999999700e+01 2.223207968750000100e+02 1.733920799999999900e+01 -2.209756406250000100e+02 4.653503599999999800e+01
1.772328778233101000e-02 1.351546874999996800e+00 6.388403400000000000e+01 2.224020312499999900e+02 1.734386599999999800e+01 -2.210504843750000000e+02 4.654016800000000100e+01
1.773760813149110500e-02 1.361078125000005900e+00 6.388974799999999700e+01 2.224517656250000100e+02 1.734678800000000000e+01 -2.210906875000000000e+02 4.654296000000000100e+01
1.774566350925572600e-02 1.372078125000001600e+00 6.389323000000000300e+01 2.224837656249999900e+02 1.734874200000000100e+01 -2.211116874999999900e+02 4.654448800000000100e+01
1.775019320835175700e-02 1.382812500000000000e+00 6.389542000000000100e+01 2.225049531249999900e+02 1.735007999999999800e+01 -2.211221406249999900e+02 4.654534000000000300e+01
1.775274243362777400e-02 1.390890624999997300e+00 6.389676200000000300e+01 2.225180937499999900e+02 1.735092600000000100e+01 -2.211272031249999900e+02 4.654583600000000100e+01
1.775534969476664700e-02 1.400671875000000500e+00 6.389820799999999700e+01 2.225314999999999900e+02 1.735180000000000100e+01 -2.211308281249999900e+02 4.654640800000000000e+01
1.775857503784495200e-02 1.609703125000010000e+00 6.388888200000000200e+01 2.225690625000000000e+02 1.735292200000000000e+01 -2.209593593749999900e+02 4.653596000000000300e+01
1.776187437664840400e-02 2.286109374999995200e+00 6.384714999999999900e+01 2.228388593750000000e+02 1.734326199999999900e+01 -2.205527500000000000e+02 4.650388800000000300e+01
1.776373007336327200e-02 2.724625000000003200e+00 6.381598599999999500e+01 2.230855781250000100e+02 1.733175400000000000e+01 -2.203609531250000100e+02 4.648423199999999900e+01
1.776790575369587000e-02 3.529374999999987500e+00 6.371948199999999900e+01 2.235797812500000000e+02 1.728705799999999800e+01 -2.200504062500000100e+02 4.643242399999999700e+01
1.777730030899593200e-02 2.764859374999986100e+00 6.362398999999999900e+01 2.231765937499999900e+02 1.722519799999999900e+01 -2.204117343750000100e+02 4.639879200000000000e+01
1.779843697024864600e-02 1.320468750000003400e+00 6.367721399999999900e+01 2.225399218750000000e+02 1.723800599999999900e+01 -2.212194531250000000e+02 4.643920800000000100e+01
1.784599735986038300e-02 6.606562500000166000e-01 6.376506799999999900e+01 2.224372812500000100e+02 1.726942800000000100e+01 -2.217766250000000000e+02 4.649564000000000200e+01
1.787275044174113300e-02 8.575625000000002300e-01 6.380150600000000300e+01 2.225074843749999900e+02 1.729023000000000100e+01 -2.216499218749999900e+02 4.651127600000000200e+01
1.788102635578461100e-02 9.754218749999950000e-01 6.381344000000000000e+01 2.225521093749999900e+02 1.729688000000000200e+01 -2.215766874999999900e+02 4.651655999999999800e+01
1.788949088638238200e-02 1.166921874999985700e+00 6.382446000000000200e+01 2.226422343749999900e+02 1.730220800000000000e+01 -2.214753125000000000e+02 4.652225200000000200e+01
1.790853680567565400e-02 1.506265624999997500e+00 6.384076000000000300e+01 2.228097968749999900e+02 1.731113600000000100e+01 -2.213035312499999900e+02 4.652962399999999800e+01
1.795138903591307300e-02 1.563812499999983200e+00 6.387237400000000100e+01 2.227779843749999900e+02 1.733135000000000000e+01 -2.212141718750000100e+02 4.654102400000000000e+01
1.804780691667142200e-02 1.359046875000018400e+00 6.390918800000000000e+01 2.227160000000000100e+02 1.734508400000000000e+01 -2.213569531249999900e+02 4.656410400000000000e+01
1.816712429801677400e-02 1.360312499999992000e+00 6.396282200000000300e+01 2.229682187500000100e+02 1.735948600000000000e+01 -2.216079062500000100e+02 4.660333599999999900e+01
1.823423987161835700e-02 1.357734374999978400e+00 6.399198200000000700e+01 2.231040156249999900e+02 1.736671000000000100e+01 -2.217462812500000100e+02 4.662527200000000200e+01
1.824339212719099100e-02 1.360296874999988900e+00 6.399612200000000000e+01 2.231217499999999900e+02 1.736767400000000100e+01 -2.217614531250000000e+02 4.662844799999999900e+01
1.826055188094138600e-02 1.375093750000019100e+00 6.400226200000000200e+01 2.231500312500000100e+02 1.736882599999999900e+01 -2.217749374999999900e+02 4.663343600000000300e+01
1.829916314050049700e-02 1.341281250000008600e+00 6.401757999999999500e+01 2.232223906250000000e+02 1.737270399999999900e+01 -2.218811093749999900e+02 4.664487599999999600e+01
1.838603702361192200e-02 1.348640625000001600e+00 6.405437000000000600e+01 2.234325468750000100e+02 1.738440200000000100e+01 -2.220839062500000100e+02 4.666996799999999700e+01
1.858150326061263100e-02 1.354999999999989800e+00 6.412297399999999900e+01 2.238741718750000000e+02 1.740962199999999900e+01 -2.225191718750000100e+02 4.671335200000000000e+01
1.869145365369278400e-02 1.353156250000012100e+00 6.416139599999999600e+01 2.240975625000000100e+02 1.742469200000000000e+01 -2.227444062500000000e+02 4.673670400000000300e+01
1.872546847291357500e-02 1.354937500000005500e+00 6.417080200000000900e+01 2.241324999999999900e+02 1.742982599999999800e+01 -2.227775624999999900e+02 4.674097600000000300e+01
1.873025207890960700e-02 1.365312499999987500e+00 6.417038800000000300e+01 2.241394687499999900e+02 1.742967600000000100e+01 -2.227741562500000000e+02 4.674071200000000200e+01
1.873514450214849900e-02 1.418937499999998400e+00 6.416460399999999700e+01 2.241727343750000000e+02 1.742617999999999900e+01 -2.227537968750000100e+02 4.673842400000000200e+01
1.873665778727250400e-02 1.449343749999997000e+00 6.416113800000000800e+01 2.241933437500000000e+02 1.742387400000000100e+01 -2.227440000000000000e+02 4.673726400000000300e+01
1.873820589391423200e-02 1.513765624999990700e+00 6.415402799999999700e+01 2.242334843749999900e+02 1.741952399999999900e+01 -2.227197187500000000e+02 4.673450400000000100e+01
1.874099161533139200e-02 2.450953124999983900e+00 6.406069800000000200e+01 2.249396718749999900e+02 1.735021800000000200e+01 -2.224887187500000000e+02 4.671047999999999700e+01
1.874447521799941400e-02 3.468437499999993200e+00 6.393556999999999800e+01 2.258208593750000000e+02 1.724716199999999900e+01 -2.223524218750000000e+02 4.668840800000000300e+01
1.875231151038175100e-02 2.534812499999986800e+00 6.391022200000000500e+01 2.252167968750000000e+02 1.723568200000000100e+01 -2.226819843750000100e+02 4.667454000000000000e+01
1.876994280551786900e-02 1.524656250000020900e+00 6.394041599999999900e+01 2.246844687500000100e+02 1.724687600000000000e+01 -2.231598124999999900e+02 4.669353999999999900e+01
1.879176283905572400e-02 1.070578124999997300e+00 6.397280200000000100e+01 2.244672187500000000e+02 1.726321400000000100e+01 -2.233966406250000000e+02 4.670958799999999700e+01
1.880403597315352000e-02 8.087968750000129600e-01 6.397950199999999700e+01 2.243263125000000000e+02 1.726711399999999900e+01 -2.235175156249999900e+02 4.671238799999999700e+01
1.881093933904042300e-02 7.089374999999904500e-01 6.397937000000000300e+01 2.242807656249999900e+02 1.726630200000000000e+01 -2.235718281250000000e+02 4.671306800000000000e+01
1.881482338916216200e-02 7.379843749999963600e-01 6.397356200000000100e+01 2.243257812500000100e+02 1.726097800000000100e+01 -2.235877968750000100e+02 4.671258400000000000e+01
1.881879449307818600e-02 8.188906249999945400e-01 6.396301199999999900e+01 2.244066249999999900e+02 1.725247999999999800e+01 -2.235877343750000000e+02 4.671053200000000100e+01
1.882773056506167500e-02 6.030937499999993200e-01 6.397578199999999500e+01 2.242547187499999900e+02 1.726189799999999900e+01 -2.236516250000000000e+02 4.671388400000000000e+01
1.884783708974866600e-02 8.272812499999986400e-01 6.401583399999999800e+01 2.243518906250000100e+02 1.728788200000000000e+01 -2.235246093750000100e+02 4.672795200000000200e+01
1.889307604484610400e-02 1.465687500000001400e+00 6.409799200000000500e+01 2.246537031249999900e+02 1.733916400000000000e+01 -2.231880156249999900e+02 4.675882800000000100e+01
1.891852331981255800e-02 1.620265624999973400e+00 6.412717000000000700e+01 2.247299843749999900e+02 1.735708999999999900e+01 -2.231097187500000100e+02 4.677008000000000000e+01
1.892639588460918000e-02 1.646343749999999800e+00 6.413236399999999500e+01 2.247464531249999900e+02 1.735999199999999800e+01 -2.231001093749999900e+02 4.677237199999999700e+01
1.893444690968408900e-02 1.687046874999993000e+00 6.413260599999999600e+01 2.247845937500000000e+02 1.735919399999999900e+01 -2.230975468750000100e+02 4.677341200000000000e+01
1.893897660878012000e-02 1.774046874999982000e+00 6.412642800000000400e+01 2.248579374999999900e+02 1.735424000000000100e+01 -2.230838906250000100e+02 4.677218800000000000e+01
1.894916625540132500e-02 1.697718750000007000e+00 6.411944400000000100e+01 2.248432500000000100e+02 1.734848800000000000e+01 -2.231455312500000000e+02 4.677095599999999800e+01
1.897209477391976300e-02 1.400546875000003400e+00 6.412616400000000300e+01 2.246819375000000000e+02 1.735200000000000000e+01 -2.232813906250000000e+02 4.677416399999999900e+01
1.900046850727080500e-02 1.166968749999995200e+00 6.412862200000000700e+01 2.245728437500000000e+02 1.735255400000000100e+01 -2.234058750000000100e+02 4.677606800000000200e+01
1.902948643869956800e-02 1.451937500000013900e+00 6.408672599999999900e+01 2.250024062500000100e+02 1.730492999999999900e+01 -2.235504687499999900e+02 4.678179600000000000e+01
1.906539757973923400e-02 1.280046874999982300e+00 6.410374000000000200e+01 2.249048124999999900e+02 1.731606000000000000e+01 -2.236247656250000100e+02 4.678768000000000200e+01
1.910212412465204400e-02 1.317171875000013900e+00 6.412796800000001000e+01 2.249208125000000100e+02 1.733390800000000100e+01 -2.236036406250000000e+02 4.679406000000000200e+01
1.918475848798172800e-02 1.351562500000000000e+00 6.419036800000000700e+01 2.249295937500000100e+02 1.737655600000000100e+01 -2.235780312500000100e+02 4.681381199999999900e+01
1.923124086144089100e-02 1.360499999999973400e+00 6.422208000000000500e+01 2.249116249999999900e+02 1.739819200000000200e+01 -2.235511250000000100e+02 4.682388799999999700e+01
1.928876310691212500e-02 1.378999999999990700e+00 6.424535400000000600e+01 2.249205781249999900e+02 1.741266200000000100e+01 -2.235415781250000000e+02 4.683269200000000200e+01
1.932111810045519400e-02 1.602843750000005200e+00 6.417950400000000900e+01 2.253548906250000000e+02 1.734331999999999900e+01 -2.237520468749999900e+02 4.683618400000000300e+01
1.935421014945655500e-02 1.209609374999985200e+00 6.420170000000000200e+01 2.251067187500000000e+02 1.735680800000000100e+01 -2.238971093750000100e+02 4.684489200000000200e+01
1.937282370157153400e-02 1.100421874999995000e+00 6.421359200000000600e+01 2.250370468749999900e+02 1.736436000000000100e+01 -2.239366249999999900e+02 4.684923200000000100e+01
1.938329337123103100e-02 1.077812499999993200e+00 6.421980600000000500e+01 2.250213750000000100e+02 1.736839799999999900e+01 -2.239435625000000100e+02 4.685140799999999900e+01
1.940685157886147200e-02 1.247359375000002000e+00 6.422299400000000000e+01 2.251249687499999900e+02 1.737174999999999900e+01 -2.238776093749999900e+02 4.685124400000000100e+01
1.945985718330581900e-02 1.337687499999987000e+00 6.425133400000000000e+01 2.251816250000000000e+02 1.738969000000000200e+01 -2.238439375000000100e+02 4.686164399999999800e+01
1.948967310784886800e-02 1.427078125000008400e+00 6.426750200000000700e+01 2.252634062500000000e+02 1.739611400000000100e+01 -2.238363281249999900e+02 4.687138800000000300e+01
1.950644402131812600e-02 1.516140625000019800e+00 6.426972999999999600e+01 2.253662656250000100e+02 1.739182599999999800e+01 -2.238501249999999900e+02 4.687790400000000100e+01
1.951587920172218400e-02 1.624171875000001800e+00 6.426413199999998900e+01 2.254952500000000000e+02 1.738170399999999900e+01 -2.238710781250000000e+02 4.688242799999999700e+01
1.953710436766575200e-02 2.033984374999988600e+00 6.412391800000000300e+01 2.260200468749999900e+02 1.723377400000000000e+01 -2.239860625000000000e+02 4.689014399999999900e+01
1.958486353010777800e-02 1.087125000000014600e+00 6.414682799999999900e+01 2.256346562500000100e+02 1.723467600000000000e+01 -2.245475312499999900e+02 4.691215199999999900e+01
1.969232128287819900e-02 1.257609374999987000e+00 6.417335400000000300e+01 2.260080937500000000e+02 1.719686600000000000e+01 -2.247504843750000100e+02 4.697648800000000300e+01
1.993410158933578100e-02 1.349359375000005900e+00 6.429864399999999600e+01 2.261574218750000100e+02 1.725251199999999900e+01 -2.248080625000000100e+02 4.704613200000000000e+01
2.047810800431363100e-02 1.352812499999998900e+00 6.448998399999999300e+01 2.264719218749999900e+02 1.733903200000000000e+01 -2.251191093749999900e+02 4.715095199999999700e+01
2.078411079660935300e-02 1.353609375000019100e+00 6.458782999999999700e+01 2.266233750000000100e+02 1.737896599999999800e+01 -2.252697656249999900e+02 4.720886399999999800e+01
2.082714148712506600e-02 1.353093749999999300e+00 6.460173399999999300e+01 2.266431875000000100e+02 1.738526600000000100e+01 -2.252900937500000100e+02 4.721646799999999900e+01
2.084045491406457900e-02 1.364156250000007700e+00 6.460645999999999800e+01 2.266581250000000100e+02 1.738793600000000000e+01 -2.252939687500000000e+02 4.721852400000000200e+01
2.084385871742117400e-02 1.369546874999997500e+00 6.460778200000000000e+01 2.266641406249999900e+02 1.738880599999999900e+01 -2.252945937499999900e+02 4.721897599999999800e+01
2.084807067016806000e-02 1.385234375000010200e+00 6.460981599999999500e+01 2.266794375000000100e+02 1.739039199999999900e+01 -2.252942031250000000e+02 4.721942399999999700e+01
2.085237983298522700e-02 1.462109374999982900e+00 6.461173399999999800e+01 2.267482656249999900e+02 1.739211399999999900e+01 -2.252861562500000000e+02 4.721961999999999900e+01
2.086207182208243300e-02 1.986171874999996600e+00 6.458914799999999400e+01 2.272127656250000000e+02 1.738120000000000000e+01 -2.252265937500000100e+02 4.720794800000000200e+01
2.088388169934429400e-02 1.440156250000001100e+00 6.459018599999998900e+01 2.268610625000000000e+02 1.738524999999999900e+01 -2.254209062500000000e+02 4.720493599999999600e+01
2.093295247228689800e-02 1.141859374999995700e+00 6.460889399999999200e+01 2.266473281250000000e+02 1.739546599999999900e+01 -2.255054687500000100e+02 4.721342800000000000e+01
2.104336279958019300e-02 1.363843750000000900e+00 6.465610399999999900e+01 2.268201093749999900e+02 1.741343200000000000e+01 -2.254562656249999900e+02 4.724267199999999900e+01
2.110546842732060100e-02 1.394953125000000700e+00 6.467512399999999700e+01 2.268715312500000000e+02 1.741842799999999900e+01 -2.254765781250000000e+02 4.725669599999999800e+01
2.114040311496769000e-02 1.378015624999989100e+00 6.468430800000000100e+01 2.268812343749999900e+02 1.742040000000000100e+01 -2.255032187500000000e+02 4.726390800000000100e+01
2.116005405813124400e-02 1.373984374999992000e+00 6.468903199999999700e+01 2.268940781249999900e+02 1.742109999999999900e+01 -2.255200937500000000e+02 4.726793200000000200e+01
2.117110698821246200e-02 1.532281250000011100e+00 6.469649599999999600e+01 2.270436718750000000e+02 1.742718400000000000e+01 -2.255113906249999900e+02 4.726931199999999900e+01
2.119597680634348000e-02 1.530218750000017300e+00 6.468932200000000400e+01 2.271466406250000000e+02 1.742995799999999900e+01 -2.256164218749999900e+02 4.725936399999999800e+01
2.125193498531070500e-02 1.198968750000005900e+00 6.469787800000000300e+01 2.269283437500000100e+02 1.742974600000000200e+01 -2.257293750000000000e+02 4.726813200000000100e+01
2.132118337687230100e-02 1.303937499999989300e+00 6.472773200000000300e+01 2.270012031249999900e+02 1.744008799999999900e+01 -2.256972656250000000e+02 4.728764400000000000e+01
2.136013559712570200e-02 1.380953124999990700e+00 6.474291999999999800e+01 2.270547812499999900e+02 1.744553600000000100e+01 -2.256738281250000000e+02 4.729738400000000100e+01
2.139997286428767600e-02 1.414031249999993600e+00 6.475498600000000200e+01 2.270821718750000000e+02 1.744941800000000100e+01 -2.256681406250000100e+02 4.730556800000000100e+01
2.148960780357455100e-02 1.348515625000004500e+00 6.477836399999999600e+01 2.270759062500000000e+02 1.745428000000000100e+01 -2.257273906250000000e+02 4.732408399999999900e+01
2.169128387790101400e-02 1.351906250000013200e+00 6.483576999999999700e+01 2.271709531250000100e+02 1.746624999999999900e+01 -2.258190468750000000e+02 4.736952000000000100e+01
2.214505758420455900e-02 1.353281249999980700e+00 6.496136400000000300e+01 2.274268281249999900e+02 1.749303600000000000e+01 -2.260735468750000100e+02 4.746832800000000000e+01
2.270660098604138100e-02 1.354203124999998000e+00 6.511276599999999300e+01 2.278625625000000000e+02 1.752221799999999900e+01 -2.265083593750000000e+02 4.759054799999999800e+01
2.328090792501714600e-02 1.352640624999992300e+00 6.525751599999999500e+01 2.284267812500000000e+02 1.754764799999999900e+01 -2.270741406250000100e+02 4.770986800000000000e+01
2.457309817498847000e-02 1.353546874999977900e+00 6.556703799999999700e+01 2.294999531249999900e+02 1.755308200000000000e+01 -2.281464062500000100e+02 4.801395600000000000e+01
2.529995383038180500e-02 1.353671875000003400e+00 6.573300199999999900e+01 2.301498593750000100e+02 1.754438599999999900e+01 -2.287961875000000000e+02 4.818861600000000300e+01
2.552482538819585100e-02 1.352734374999982900e+00 6.578353599999999800e+01 2.303475000000000000e+02 1.754121200000000200e+01 -2.289947656250000100e+02 4.824232400000000400e+01
2.565131745308696400e-02 1.352906249999989500e+00 6.581208200000000400e+01 2.304540937500000000e+02 1.753979400000000100e+01 -2.291011875000000100e+02 4.827228800000000300e+01
2.568365793766432000e-02 1.352015625000007000e+00 6.581937400000001000e+01 2.304784375000000100e+02 1.753946200000000000e+01 -2.291264218750000100e+02 4.827991200000000300e+01
2.570184927887701100e-02 1.352328125000013900e+00 6.582344200000000000e+01 2.304905312500000000e+02 1.753917800000000000e+01 -2.291382031249999900e+02 4.828426400000000000e+01
2.571208100149879200e-02 1.354250000000007500e+00 6.582580400000000500e+01 2.304961406250000100e+02 1.753897200000000100e+01 -2.291418906250000000e+02 4.828683199999999700e+01
2.571524685781767200e-02 1.355515625000009500e+00 6.582656600000000000e+01 2.304976406250000000e+02 1.753890600000000100e+01 -2.291421249999999900e+02 4.828766000000000200e+01
2.571848525896511900e-02 1.358359374999992000e+00 6.582744999999999900e+01 2.304990000000000000e+02 1.753883400000000100e+01 -2.291406406250000000e+02 4.828861599999999800e+01
2.572030758505884600e-02 1.361718749999994300e+00 6.582804400000000600e+01 2.304996718749999900e+02 1.753879600000000100e+01 -2.291379531250000000e+02 4.828924800000000100e+01
2.572133191803828100e-02 1.364734375000011800e+00 6.582844000000000100e+01 2.305000312500000100e+02 1.753877599999999900e+01 -2.291352968749999900e+02 4.828966400000000200e+01
2.572363594179372500e-02 1.393031249999978600e+00 6.582970799999999700e+01 2.305017499999999900e+02 1.753884400000000100e+01 -2.291087187500000100e+02 4.829086399999999900e+01
2.572882434793318700e-02 1.948078124999995000e+00 6.579795599999999900e+01 2.306472656249999900e+02 1.753379199999999800e+01 -2.286991874999999900e+02 4.826416400000000100e+01
2.574049245816069000e-02 2.024984375000002500e+00 6.576099800000000100e+01 2.307831093750000100e+02 1.750894600000000200e+01 -2.287581250000000100e+02 4.825205199999999900e+01
2.574705631424987700e-02 1.724968750000016400e+00 6.576270200000000400e+01 2.306382812500000100e+02 1.750609800000000100e+01 -2.289133124999999900e+02 4.825660400000000300e+01
2.575074739512761900e-02 1.581484375000002300e+00 6.576588599999999500e+01 2.305610937500000000e+02 1.750689399999999900e+01 -2.289796093750000000e+02 4.825899199999999900e+01
2.575531771932764600e-02 1.598921875000002000e+00 6.576036200000000100e+01 2.305534218750000000e+02 1.750638599999999900e+01 -2.289545000000000000e+02 4.825397600000000200e+01
2.575998960628768000e-02 1.881203124999984800e+00 6.573480800000000100e+01 2.306618125000000000e+02 1.749972000000000000e+01 -2.287806093750000100e+02 4.823508799999999800e+01
2.577050570463746200e-02 1.891640624999979500e+00 6.569591400000000200e+01 2.307288906249999900e+02 1.747647400000000000e+01 -2.288372500000000100e+02 4.821943999999999900e+01
2.578351444329697600e-02 1.199578125000016400e+00 6.570658799999999600e+01 2.304197031250000100e+02 1.747294399999999800e+01 -2.292201250000000000e+02 4.823364399999999800e+01
2.579682206665020300e-02 9.197499999999934100e-01 6.571271000000000100e+01 2.303007656250000000e+02 1.747211799999999800e+01 -2.293810156250000000e+02 4.824059199999999900e+01
2.582676276829840000e-02 8.032812499999977300e-01 6.572871800000000100e+01 2.302313437500000100e+02 1.747808200000000100e+01 -2.294280625000000100e+02 4.825063600000000000e+01
2.589412789611026900e-02 1.261562499999996600e+00 6.579516800000000400e+01 2.303596406250000000e+02 1.750796000000000100e+01 -2.290980781250000000e+02 4.828720800000000000e+01
2.604570306092840800e-02 1.407906249999996400e+00 6.584726999999999500e+01 2.304193124999999900e+02 1.751290200000000000e+01 -2.290114062499999900e+02 4.833436799999999800e+01
2.613096354705239700e-02 1.379359375000007000e+00 6.586552999999999300e+01 2.304093593750000100e+02 1.750880199999999900e+01 -2.290300000000000000e+02 4.835672799999999700e+01
2.632279818993479500e-02 1.348906249999998900e+00 6.591742800000000100e+01 2.305448749999999900e+02 1.750729200000000000e+01 -2.291959687499999900e+02 4.841013600000000100e+01
2.675442831276505400e-02 1.353468749999990500e+00 6.602069800000001000e+01 2.308203125000000000e+02 1.750295800000000000e+01 -2.294668437500000100e+02 4.851774000000000300e+01
2.688796593140706900e-02 1.353109375000002500e+00 6.605110000000000500e+01 2.308919218750000100e+02 1.750118000000000200e+01 -2.295388125000000100e+02 4.854992000000000000e+01
2.696307884691042200e-02 1.354703124999986100e+00 6.606770399999999200e+01 2.309270156250000000e+02 1.749989600000000000e+01 -2.295723125000000100e+02 4.856780799999999900e+01
2.703990091857492300e-02 1.355609375000000200e+00 6.608342999999999300e+01 2.309537500000000100e+02 1.749811400000000100e+01 -2.295981406250000100e+02 4.858531599999999900e+01
2.706366660441508100e-02 1.354359375000001400e+00 6.608824799999999300e+01 2.309612812500000100e+02 1.749760399999999900e+01 -2.296069218750000100e+02 4.859064399999999800e+01
2.708797202377981000e-02 1.355343750000003000e+00 6.609321400000000300e+01 2.309703906249999900e+02 1.749722999999999800e+01 -2.296150468749999900e+02 4.859598400000000100e+01
2.710164527306904400e-02 1.458062500000011100e+00 6.609435600000000500e+01 2.310409062500000100e+02 1.749602399999999800e+01 -2.295828437499999900e+02 4.859833199999999900e+01
2.713240718217667000e-02 1.404671874999991100e+00 6.608955799999999700e+01 2.309973124999999900e+02 1.749201400000000100e+01 -2.295926406250000000e+02 4.859754399999999900e+01
2.714971347648078400e-02 1.308937499999984800e+00 6.609019800000000100e+01 2.309296406249999900e+02 1.749061800000000100e+01 -2.296207031250000100e+02 4.859958000000000300e+01
2.718864683507875600e-02 1.248453124999997500e+00 6.609729799999999500e+01 2.308948125000000000e+02 1.748888600000000100e+01 -2.296463593750000000e+02 4.860841200000000100e+01
2.727624906826904200e-02 1.354437499999988900e+00 6.612339399999999000e+01 2.309943906249999900e+02 1.749129800000000000e+01 -2.296399531250000100e+02 4.863209599999999700e+01
2.747335626929205100e-02 1.357937499999991400e+00 6.616992999999999400e+01 2.310881718750000000e+02 1.748897399999999900e+01 -2.297302343750000100e+02 4.868095600000000200e+01
2.791684311890409900e-02 1.353515625000000000e+00 6.627040399999999900e+01 2.312883124999999900e+02 1.748477600000000000e+01 -2.299347968749999900e+02 4.878562800000000300e+01
2.891469143232435300e-02 1.353484374999993600e+00 6.648493800000000000e+01 2.316869375000000000e+02 1.747517399999999900e+01 -2.303334531250000100e+02 4.900976399999999700e+01
3.014952919172330200e-02 1.353437500000012500e+00 6.674595600000000700e+01 2.321692656250000100e+02 1.747047200000000100e+01 -2.308158281250000000e+02 4.927548399999999900e+01
3.084412561274728300e-02 1.353343749999993400e+00 6.689063000000000200e+01 2.324078593749999900e+02 1.746785800000000000e+01 -2.310545156249999900e+02 4.942277200000000200e+01
3.085522497151878300e-02 1.354062499999997700e+00 6.689298600000000800e+01 2.324120781249999900e+02 1.746784600000000200e+01 -2.310580156250000000e+02 4.942513999999999900e+01
3.086146963036225400e-02 1.355125000000015200e+00 6.689436399999999600e+01 2.324149218750000000e+02 1.746787200000000000e+01 -2.310597968749999900e+02 4.942649200000000300e+01
3.087551721096691900e-02 1.367999999999995000e+00 6.689819400000000400e+01 2.324291718750000100e+02 1.746842200000000000e+01 -2.310611718750000100e+02 4.942977200000000000e+01
3.090712644367226900e-02 1.368171875000001600e+00 6.690510000000000400e+01 2.324428593750000100e+02 1.746859999999999900e+01 -2.310746875000000100e+02 4.943650000000000200e+01
3.097824359001787400e-02 1.341468749999990000e+00 6.691767999999999000e+01 2.324491874999999900e+02 1.746727599999999800e+01 -2.311077187500000000e+02 4.945040399999999900e+01
3.113826007108863900e-02 1.354296874999988600e+00 6.695134799999999600e+01 2.325050000000000000e+02 1.746712000000000100e+01 -2.311507031250000100e+02 4.948422800000000200e+01
3.149829715349785500e-02 1.353640624999997000e+00 6.702557799999999600e+01 2.325830625000000100e+02 1.746488199999999900e+01 -2.312294218750000100e+02 4.956069600000000000e+01
3.194384427624134800e-02 1.354062499999997700e+00 6.711807400000000700e+01 2.327154375000000100e+02 1.746514600000000100e+01 -2.313613750000000100e+02 4.965292800000000300e+01
3.218686945195722800e-02 1.353343749999993400e+00 6.716741000000000400e+01 2.327661718750000000e+02 1.746386599999999900e+01 -2.314128281250000000e+02 4.970354400000000100e+01
3.223670774918612600e-02 1.355156249999993200e+00 6.717723599999999400e+01 2.327727500000000000e+02 1.746347600000000000e+01 -2.314175937500000100e+02 4.971376000000000100e+01
3.224552049496104400e-02 1.358953124999999300e+00 6.717918000000000200e+01 2.327765781249999900e+02 1.746365600000000000e+01 -2.314176249999999900e+02 4.971552400000000200e+01
3.225047675764906900e-02 1.365453124999987700e+00 6.718054200000000300e+01 2.327827187499999900e+02 1.746408600000000200e+01 -2.314172656250000000e+02 4.971645600000000100e+01
3.225554328847653200e-02 1.387921875000017700e+00 6.718261599999999600e+01 2.328024843750000100e+02 1.746529200000000200e+01 -2.314145624999999900e+02 4.971732399999999800e+01
3.226695023732118600e-02 1.873749999999972700e+00 6.715972800000000100e+01 2.331789218749999900e+02 1.745507200000000100e+01 -2.313051718750000100e+02 4.970465600000000000e+01
3.229261079408363800e-02 1.474484375000003000e+00 6.715745599999999600e+01 2.329630156250000000e+02 1.745308400000000000e+01 -2.314885312499999900e+02 4.970437199999999900e+01
3.235034487045430200e-02 1.151609374999992500e+00 6.717358600000000000e+01 2.327126250000000000e+02 1.745712199999999800e+01 -2.315610156250000100e+02 4.971646400000000200e+01
3.248025234587457300e-02 1.367031249999996600e+00 6.721783999999999500e+01 2.328512656250000000e+02 1.746564800000000200e+01 -2.314842343750000000e+02 4.975219200000000100e+01
3.277254126377706500e-02 1.355734374999997300e+00 6.728220199999999800e+01 2.329248437500000100e+02 1.746568600000000200e+01 -2.315691093750000100e+02 4.981651600000000000e+01
3.343019205450594600e-02 1.353265625000005900e+00 6.741745799999999600e+01 2.330671718750000100e+02 1.746338199999999900e+01 -2.317139062500000100e+02 4.995407600000000100e+01
3.424403476294327800e-02 1.353328125000018600e+00 6.758343600000000600e+01 2.332825468750000100e+02 1.746560399999999900e+01 -2.319292187499999900e+02 5.011783200000000000e+01
3.445211944742578700e-02 1.353499999999996800e+00 6.762626399999999200e+01 2.333469531250000000e+02 1.746720399999999900e+01 -2.319934531250000000e+02 5.015905999999999700e+01
3.451649572830049100e-02 1.367265625000015900e+00 6.764009799999999500e+01 2.333783750000000100e+02 1.746863400000000200e+01 -2.320111093749999900e+02 5.017146400000000000e+01
3.452554932290626700e-02 1.382421875000005700e+00 6.764267799999998900e+01 2.333951406250000100e+02 1.746980599999999800e+01 -2.320127187500000000e+02 5.017287199999999800e+01
3.453480604303204400e-02 1.480703124999990900e+00 6.764700800000000000e+01 2.334885625000000000e+02 1.747360000000000100e+01 -2.320078593750000100e+02 5.017340800000000200e+01
3.455563801600475300e-02 1.696578125000002000e+00 6.763801599999999300e+01 2.337210000000000000e+02 1.747223999999999900e+01 -2.320244218750000000e+02 5.016577600000000100e+01
3.460251068064162900e-02 1.248953124999985700e+00 6.763857200000001100e+01 2.334266093750000000e+02 1.747191600000000000e+01 -2.321776562500000100e+02 5.016665600000000300e+01
3.470797345062631700e-02 1.293499999999994500e+00 6.766985600000001000e+01 2.334700312500000100e+02 1.747585600000000000e+01 -2.321765312500000100e+02 5.019400000000000300e+01
3.494526178129873200e-02 1.363046875000009100e+00 6.772539799999999800e+01 2.335732968750000100e+02 1.747870199999999800e+01 -2.322102500000000000e+02 5.024669600000000000e+01
3.547916270165651200e-02 1.352390624999998200e+00 6.783417800000000900e+01 2.337733906249999900e+02 1.748297399999999900e+01 -2.324209999999999900e+02 5.035120400000000300e+01
3.600472096672853500e-02 1.350687500000020700e+00 6.793848199999999300e+01 2.340141250000000100e+02 1.748951800000000000e+01 -2.326634374999999900e+02 5.044896399999999700e+01
3.609763348137028100e-02 1.352046874999985000e+00 6.795686000000000600e+01 2.340611874999999900e+02 1.749088000000000100e+01 -2.327091406250000000e+02 5.046598000000000200e+01
3.619265559962690800e-02 1.351656249999990700e+00 6.797552799999999700e+01 2.341064531250000000e+02 1.749205200000000100e+01 -2.327547968750000100e+02 5.048347600000000300e+01
3.620601835704984800e-02 1.372781250000002700e+00 6.797945599999999900e+01 2.341335312500000000e+02 1.749374800000000000e+01 -2.327607500000000000e+02 5.048570800000000200e+01
3.621353400128989700e-02 1.391531249999985700e+00 6.798205000000000100e+01 2.341567656249999900e+02 1.749531000000000000e+01 -2.327652343750000100e+02 5.048673999999999800e+01
3.622283424831282400e-02 1.445375000000012700e+00 6.798701800000000600e+01 2.342175468750000100e+02 1.749953000000000000e+01 -2.327721718750000000e+02 5.048748799999999900e+01
3.623234922802830900e-02 1.559078125000013400e+00 6.799403999999999800e+01 2.343383281250000000e+02 1.750700000000000100e+01 -2.327792499999999900e+02 5.048704000000000000e+01
3.623770013458377200e-02 1.646921875000003900e+00 6.799715000000000500e+01 2.344261875000000000e+02 1.751106199999999900e+01 -2.327792656249999900e+02 5.048608800000000200e+01
3.624432202653581800e-02 1.744156250000003200e+00 6.799779999999999800e+01 2.345227968750000100e+02 1.751425600000000000e+01 -2.327786406250000100e+02 5.048354400000000200e+01
3.624804502713812500e-02 1.781953125000001100e+00 6.799671599999999200e+01 2.345631093750000100e+02 1.751505999999999800e+01 -2.327811562500000100e+02 5.048165600000000100e+01
3.625185508153472300e-02 1.802687500000018900e+00 6.799374399999999200e+01 2.345836250000000100e+02 1.751449600000000100e+01 -2.327809374999999900e+02 5.047924799999999800e+01
3.626042697847877600e-02 1.753859374999990500e+00 6.798376199999999900e+01 2.345605625000000000e+02 1.751048200000000000e+01 -2.328067031250000100e+02 5.047328000000000300e+01
3.627971229570633300e-02 1.396781250000003600e+00 6.797601799999999600e+01 2.343554218749999900e+02 1.750810999999999900e+01 -2.329586406249999900e+02 5.046790800000000100e+01
3.632310571036490700e-02 1.136031250000002000e+00 6.797960200000000000e+01 2.342134062499999900e+02 1.750387800000000000e+01 -2.330773749999999900e+02 5.047572400000000000e+01
3.642073944245011200e-02 1.289687500000013600e+00 6.800834399999999400e+01 2.342973281250000100e+02 1.750738799999999900e+01 -2.330076406249999900e+02 5.050095600000000200e+01
3.664041388874526900e-02 1.365937500000001100e+00 6.805896200000000800e+01 2.344413593749999900e+02 1.751223399999999900e+01 -2.330754218749999900e+02 5.054672800000000200e+01
3.713468211835765200e-02 1.354765624999998900e+00 6.815686600000000800e+01 2.347379374999999900e+02 1.752569799999999800e+01 -2.333831718749999900e+02 5.063116800000000200e+01
3.824678853677865300e-02 1.353374999999999800e+00 6.837322000000000300e+01 2.353086562500000100e+02 1.754633200000000000e+01 -2.339552812500000100e+02 5.082688799999999700e+01
3.962301906885738700e-02 1.352734375000011400e+00 6.863269800000000500e+01 2.360563750000000000e+02 1.757704599999999900e+01 -2.347036406249999900e+02 5.105565200000000200e+01
4.019921652606573600e-02 1.353468749999990500e+00 6.873944199999999700e+01 2.363544687500000000e+02 1.758924199999999900e+01 -2.350010000000000000e+02 5.115019999999999800e+01
4.024869790273805800e-02 1.357874999999978600e+00 6.874831000000000400e+01 2.363762031249999900e+02 1.759020999999999900e+01 -2.350183281250000100e+02 5.115809999999999700e+01
4.026400776335988000e-02 1.365171875000015700e+00 6.875124599999999500e+01 2.363832812500000100e+02 1.759059399999999900e+01 -2.350181093749999900e+02 5.116065199999999900e+01
4.027262028540792800e-02 1.376874999999984100e+00 6.875326200000000700e+01 2.363881874999999900e+02 1.759094999999999900e+01 -2.350113125000000000e+02 5.116231200000000000e+01
4.028142722759656100e-02 1.442046874999988400e+00 6.875676199999999500e+01 2.364042343749999900e+02 1.759177000000000000e+01 -2.349621875000000000e+02 5.116499199999999800e+01
4.028415201135771700e-02 1.489437500000008200e+00 6.875745200000000100e+01 2.364195000000000000e+02 1.759199600000000200e+01 -2.349300624999999900e+02 5.116545599999999900e+01
4.028693773277487700e-02 1.575874999999996400e+00 6.875557000000000600e+01 2.364538281250000000e+02 1.759139400000000100e+01 -2.348779531250000000e+02 5.116417599999999800e+01
4.029320560596349300e-02 1.866531250000008400e+00 6.873903199999999500e+01 2.365645781250000000e+02 1.758699199999999900e+01 -2.346980468749999900e+02 5.115204000000000000e+01
4.030731412422415600e-02 1.772046875000000900e+00 6.872678600000000400e+01 2.365557187500000100e+02 1.757910199999999900e+01 -2.347836718750000100e+02 5.114768399999999800e+01
4.033905393762093900e-02 1.328562500000003900e+00 6.872781600000000400e+01 2.363433750000000100e+02 1.757921599999999900e+01 -2.350148125000000100e+02 5.114860000000000200e+01
4.037029754439028200e-02 1.218671874999984100e+00 6.873085199999999900e+01 2.362709062500000000e+02 1.757943200000000100e+01 -2.350522343750000100e+02 5.115142000000000200e+01
4.037281049725201900e-02 1.212140624999989300e+00 6.873102199999999600e+01 2.362659843749999900e+02 1.757937000000000100e+01 -2.350538437500000000e+02 5.115165199999999900e+01
4.037845738670804700e-02 1.207312500000000500e+00 6.873175999999999400e+01 2.362595781249999900e+02 1.757937600000000000e+01 -2.350522656249999900e+02 5.115238399999999800e+01
4.039117014246700100e-02 1.167093749999992300e+00 6.873240400000000200e+01 2.362332656250000000e+02 1.757910800000000200e+01 -2.350661718750000100e+02 5.115329599999999700e+01
4.040689786130138200e-02 1.119093750000018900e+00 6.873520400000001000e+01 2.362006562500000100e+02 1.757909600000000000e+01 -2.350815624999999900e+02 5.115610800000000300e+01
4.041091974659740500e-02 1.113406249999997000e+00 6.873623000000000600e+01 2.361965937500000100e+02 1.757916600000000100e+01 -2.350831875000000100e+02 5.115706399999999800e+01
4.041589632183744500e-02 1.114859375000008900e+00 6.873797600000000300e+01 2.361957812500000100e+02 1.757945600000000000e+01 -2.350809218750000000e+02 5.115852000000000300e+01
4.041869655222031500e-02 1.118078125000010900e+00 6.873905399999999600e+01 2.361960000000000000e+02 1.757964600000000000e+01 -2.350779218749999900e+02 5.115940799999999900e+01
4.042156062205233500e-02 1.129812500000014100e+00 6.874055799999999300e+01 2.361974687500000100e+02 1.757990600000000100e+01 -2.350676562500000000e+02 5.116065199999999900e+01
4.042800260282952000e-02 1.665203124999976600e+00 6.871057199999999900e+01 2.363248593749999900e+02 1.757862400000000100e+01 -2.346596562500000100e+02 5.113194800000000100e+01
4.044249705957819000e-02 1.875640624999988400e+00 6.867626200000000800e+01 2.365077656249999900e+02 1.756133000000000200e+01 -2.346321250000000000e+02 5.111493200000000300e+01
4.047510741091783100e-02 1.295203125000000500e+00 6.870494999999999700e+01 2.362902343750000100e+02 1.756512599999999900e+01 -2.349950312500000100e+02 5.113982399999999700e+01
4.054848795591487600e-02 1.202531249999992700e+00 6.873633399999999900e+01 2.361958750000000000e+02 1.757642999999999800e+01 -2.349933437500000100e+02 5.115990399999999700e+01
4.071358837857196000e-02 1.382593750000012300e+00 6.878503800000000000e+01 2.362874375000000100e+02 1.758263799999999900e+01 -2.349048437500000000e+02 5.120239999999999700e+01
4.091790073196872900e-02 1.353499999999996800e+00 6.883088800000000200e+01 2.363853750000000100e+02 1.758665200000000100e+01 -2.350318750000000100e+02 5.124423600000000100e+01
4.097013881212679300e-02 1.350750000000005000e+00 6.884216399999999700e+01 2.364121093750000000e+02 1.758780799999999900e+01 -2.350613593749999900e+02 5.125435600000000100e+01
4.099952236949155200e-02 1.350984374999995900e+00 6.884832000000000100e+01 2.364283749999999900e+02 1.758851999999999900e+01 -2.350773906249999900e+02 5.125979999999999800e+01
4.101605098323337500e-02 1.352812499999998900e+00 6.885174800000000100e+01 2.364380156249999900e+02 1.758894799999999800e+01 -2.350852031249999900e+02 5.126279999999999900e+01
4.102534832846315600e-02 1.354765624999998900e+00 6.885369199999999500e+01 2.364437343749999900e+02 1.758921600000000000e+01 -2.350889687499999900e+02 5.126447600000000200e+01
4.103685393827465100e-02 1.361718750000022700e+00 6.885631599999999300e+01 2.364523437500000100e+02 1.758970000000000100e+01 -2.350906249999999900e+02 5.126661599999999900e+01
4.103979635652153100e-02 1.365078124999996600e+00 6.885708200000000500e+01 2.364549218750000000e+02 1.758986200000000000e+01 -2.350898437500000000e+02 5.126722000000000200e+01
4.104641534668043000e-02 1.379828125000017300e+00 6.885925799999999700e+01 2.364643437500000100e+02 1.759053799999999900e+01 -2.350845156249999900e+02 5.126872000000000200e+01
4.106130734908967200e-02 1.377781249999998200e+00 6.886079200000000400e+01 2.364677968750000000e+02 1.759051600000000100e+01 -2.350900156250000100e+02 5.127027600000000300e+01
4.109481725630360900e-02 1.353000000000008600e+00 6.886491800000000300e+01 2.364720156250000100e+02 1.759004600000000100e+01 -2.351190156250000000e+02 5.127487200000000200e+01
4.117020874394867300e-02 1.341734374999987300e+00 6.887903799999999400e+01 2.365100156249999900e+02 1.759154200000000000e+01 -2.351682812500000100e+02 5.128749599999999700e+01
4.133984757108120900e-02 1.354828124999983200e+00 6.891197400000000100e+01 2.366135156249999900e+02 1.759590599999999900e+01 -2.352586875000000100e+02 5.131606800000000100e+01
4.172152912854314200e-02 1.353562499999981100e+00 6.898642800000000400e+01 2.368381093749999900e+02 1.760591600000000100e+01 -2.354845468750000100e+02 5.138051200000000300e+01
4.193622409780511900e-02 1.353968750000007000e+00 6.902663599999999600e+01 2.369611093750000100e+02 1.761131999999999900e+01 -2.356071406250000000e+02 5.141531599999999700e+01
4.200264614284555900e-02 1.354265625000010700e+00 6.903886799999999400e+01 2.369983281250000000e+02 1.761295600000000100e+01 -2.356440624999999900e+02 5.142591199999999700e+01
4.207057712032028600e-02 1.358781249999992700e+00 6.905120800000000300e+01 2.370357187500000000e+02 1.761467599999999900e+01 -2.356769375000000100e+02 5.143653200000000000e+01
4.222342327053500000e-02 1.345468750000009100e+00 6.907604200000000100e+01 2.370969843750000100e+02 1.761710600000000000e+01 -2.357515156250000000e+02 5.145893600000000100e+01
4.256732348127668200e-02 1.353890624999991100e+00 6.914034800000000300e+01 2.372990937500000000e+02 1.762611600000000000e+01 -2.359452031250000100e+02 5.151423200000000000e+01
4.276076861935337900e-02 1.354046875000023000e+00 6.917601799999999900e+01 2.374078281250000100e+02 1.763129400000000000e+01 -2.360537812499999900e+02 5.154472400000000200e+01
4.282061520113205500e-02 1.354749999999995700e+00 6.918684799999999800e+01 2.374393437500000100e+02 1.763275200000000000e+01 -2.360845937500000100e+02 5.155409600000000100e+01
4.288182272389474300e-02 1.357406249999996800e+00 6.919682600000000100e+01 2.374664687499999900e+02 1.763397000000000100e+01 -2.361090624999999900e+02 5.156285599999999600e+01
4.301953892466250200e-02 1.347234374999999300e+00 6.922136599999998900e+01 2.375345624999999900e+02 1.763684599999999800e+01 -2.361873281249999900e+02 5.158451999999999800e+01
4.318996413773676400e-02 1.354843750000014800e+00 6.925278600000000000e+01 2.376279375000000000e+02 1.764108600000000100e+01 -2.362730937499999900e+02 5.161169999999999900e+01
4.328582487421167600e-02 1.354468749999995200e+00 6.927025399999999400e+01 2.376769375000000100e+02 1.764333399999999900e+01 -2.363224687500000100e+02 5.162691999999999800e+01
4.333974889618574800e-02 1.355546874999987500e+00 6.928002599999999200e+01 2.377045156250000000e+02 1.764462999999999900e+01 -2.363489687500000100e+02 5.163539600000000000e+01
4.337008133990823100e-02 1.361828125000016600e+00 6.928563199999999300e+01 2.377220156250000100e+02 1.764556400000000000e+01 -2.363601874999999900e+02 5.164006799999999900e+01
4.338714388358834400e-02 1.385828124999989100e+00 6.928956200000000400e+01 2.377396718750000000e+02 1.764677800000000100e+01 -2.363538437500000100e+02 5.164278399999999900e+01
4.339150527868208100e-02 1.400062499999990000e+00 6.929090999999999700e+01 2.377478437499999900e+02 1.764735400000000000e+01 -2.363477812500000000e+02 5.164355599999999700e+01
4.340131914309129000e-02 1.643281250000001100e+00 6.928660000000000700e+01 2.378800625000000100e+02 1.764638400000000100e+01 -2.362367812500000100e+02 5.164021600000000200e+01
4.342340469070172400e-02 1.573671875000002300e+00 6.927989399999999900e+01 2.378621406249999900e+02 1.764215400000000100e+01 -2.362884687499999900e+02 5.163774000000000100e+01
4.347309499648033300e-02 1.255578124999999500e+00 6.928534399999999500e+01 2.376716406250000100e+02 1.764255199999999800e+01 -2.364160625000000100e+02 5.164279200000000000e+01
4.358489528268906500e-02 1.312640625000000200e+00 6.930884600000000300e+01 2.377478437499999900e+02 1.764702200000000000e+01 -2.364352031249999900e+02 5.166182400000000300e+01
4.383645173024500200e-02 1.356812499999989500e+00 6.935732799999999500e+01 2.378911562499999900e+02 1.765326400000000000e+01 -2.365343437500000100e+02 5.170406400000000200e+01
4.440244938455614000e-02 1.354093750000004100e+00 6.946142199999999900e+01 2.381781093749999900e+02 1.766735400000000000e+01 -2.368240156249999900e+02 5.179406800000000300e+01
4.510286970441786800e-02 1.353499999999996800e+00 6.958676400000000200e+01 2.385306875000000000e+02 1.768541600000000000e+01 -2.371771875000000000e+02 5.190134799999999900e+01
4.549685776659873800e-02 1.353437500000012500e+00 6.965707600000000400e+01 2.387218437500000100e+02 1.769479600000000000e+01 -2.373684062499999900e+02 5.196228000000000000e+01
4.589980076241852200e-02 1.354781250000002000e+00 6.972735600000000000e+01 2.389139843750000100e+02 1.770406399999999900e+01 -2.375592031250000100e+02 5.202329199999999800e+01
4.612645402122229200e-02 1.352781249999992500e+00 6.976728800000000800e+01 2.390157031249999900e+02 1.770863599999999800e+01 -2.376629218749999900e+02 5.205865200000000200e+01
4.663642675532392300e-02 1.351390624999993400e+00 6.985552799999999300e+01 2.392507812499999900e+02 1.771992399999999900e+01 -2.378993906250000000e+02 5.213560400000000100e+01
4.778386830884572700e-02 1.353656250000000200e+00 7.005412400000000200e+01 2.397124062499999900e+02 1.773991200000000000e+01 -2.383587499999999900e+02 5.231421199999999800e+01
4.842930255044310100e-02 1.353421875000009300e+00 7.016367200000000500e+01 2.399521875000000100e+02 1.775038400000000000e+01 -2.385987656250000000e+02 5.241328800000000100e+01
4.922802691660604900e-02 1.352906250000018000e+00 7.029758200000000600e+01 2.402199218750000100e+02 1.776240599999999900e+01 -2.388670156249999900e+02 5.253517600000000000e+01
5.004490490067083100e-02 1.353578125000012700e+00 7.043278999999999700e+01 2.404959531250000000e+02 1.777521399999999800e+01 -2.391423749999999900e+02 5.265757599999999900e+01
5.105579097068202500e-02 1.352937499999995900e+00 7.059900199999999900e+01 2.408141406249999900e+02 1.778968199999999900e+01 -2.394612031250000000e+02 5.280932000000000000e+01
5.162441474778747100e-02 1.353374999999999800e+00 7.069185199999999700e+01 2.409941875000000100e+02 1.779838799999999900e+01 -2.396408125000000100e+02 5.289346400000000200e+01
5.220596311155127600e-02 1.353624999999993900e+00 7.078617399999998800e+01 2.411800468749999900e+02 1.780805399999999800e+01 -2.398264218749999900e+02 5.297811999999999700e+01
5.238588008999588800e-02 1.354046875000023000e+00 7.081546000000000200e+01 2.412423750000000100e+02 1.781129200000000200e+01 -2.398883281249999900e+02 5.300416800000000000e+01
5.248708302764684000e-02 1.354187499999994800e+00 7.083185600000000200e+01 2.412783593750000100e+02 1.781319200000000100e+01 -2.399241718750000100e+02 5.301866400000000100e+01
5.254401040552377600e-02 1.355078125000005700e+00 7.084107000000000200e+01 2.412998593750000100e+02 1.781435400000000200e+01 -2.399447812500000100e+02 5.302671600000000000e+01
5.257602879106227500e-02 1.356500000000011100e+00 7.084627799999999800e+01 2.413131250000000100e+02 1.781509399999999800e+01 -2.399566250000000000e+02 5.303118400000000300e+01
5.260877842847277300e-02 1.411203125000014300e+00 7.085375799999999900e+01 2.413727968750000100e+02 1.781928600000000200e+01 -2.399615937499999900e+02 5.303447200000000100e+01
5.268246656354297300e-02 1.344015624999997300e+00 7.086100399999999400e+01 2.413716562500000000e+02 1.781919999999999900e+01 -2.400276406250000000e+02 5.304180399999999900e+01
5.284825761296806100e-02 1.348390625000007500e+00 7.088699200000000600e+01 2.414434687499999900e+02 1.782328000000000000e+01 -2.400950781249999900e+02 5.306371200000000200e+01
5.287157061907792700e-02 1.350531249999988900e+00 7.089054000000000100e+01 2.414525625000000000e+02 1.782377200000000200e+01 -2.401020312500000100e+02 5.306676800000000300e+01
5.290042024650440400e-02 1.365906250000023200e+00 7.089543799999999900e+01 2.414700625000000100e+02 1.782498199999999900e+01 -2.401041562499999900e+02 5.307045600000000000e+01
5.292993148276745100e-02 1.481875000000002300e+00 7.089900600000000000e+01 2.415448437500000100e+02 1.782761400000000100e+01 -2.400629687500000100e+02 5.307139200000000300e+01
5.294652973954470900e-02 1.465921875000020700e+00 7.089779199999999500e+01 2.415318593750000100e+02 1.782720799999999900e+01 -2.400659374999999900e+02 5.307058399999999700e+01
5.295586190629219400e-02 1.427250000000015000e+00 7.089710800000000300e+01 2.415075625000000100e+02 1.782673200000000000e+01 -2.400803124999999900e+02 5.307037600000000300e+01
5.296111415188080300e-02 1.410546874999994300e+00 7.089705800000000100e+01 2.414992343749999900e+02 1.782661399999999900e+01 -2.400886874999999900e+02 5.307044400000000200e+01
5.297293025355859200e-02 1.536421875000002000e+00 7.089269400000000600e+01 2.415984531249999900e+02 1.782482200000000100e+01 -2.400620312499999900e+02 5.306787200000000100e+01
5.299951648233362800e-02 1.415093749999982700e+00 7.088599800000000100e+01 2.415443437500000000e+02 1.782112600000000000e+01 -2.401292500000000100e+02 5.306487200000000100e+01
5.305933984976715600e-02 1.191593750000009800e+00 7.089756400000000300e+01 2.414066875000000000e+02 1.782361600000000100e+01 -2.402150937499999900e+02 5.307394800000000100e+01
5.319393081932003600e-02 1.345140624999999100e+00 7.092764200000000600e+01 2.415271406249999900e+02 1.783050199999999900e+01 -2.401819999999999900e+02 5.309714000000000300e+01
5.349677355888317300e-02 1.356437499999998400e+00 7.098381600000000400e+01 2.416329687500000000e+02 1.783533600000000200e+01 -2.402765312500000100e+02 5.314847999999999900e+01
5.417815521393448700e-02 1.353828125000006800e+00 7.109689000000000200e+01 2.418256250000000000e+02 1.784345799999999800e+01 -2.404717968750000000e+02 5.325343199999999700e+01
5.456143565941814300e-02 1.353484375000022100e+00 7.115893199999999300e+01 2.419297500000000100e+02 1.784779999999999900e+01 -2.405762656249999900e+02 5.331113200000000100e+01
5.542381375996322700e-02 1.353796875000000500e+00 7.129673800000000500e+01 2.421813750000000000e+02 1.785935400000000000e+01 -2.408275781250000000e+02 5.343738400000000200e+01
5.649100622411878900e-02 1.353281249999980700e+00 7.146727599999999800e+01 2.425436406249999900e+02 1.787793999999999900e+01 -2.411903593750000100e+02 5.358933600000000300e+01
5.709130597517186900e-02 1.353671875000003400e+00 7.156161199999999700e+01 2.427445625000000000e+02 1.788844800000000000e+01 -2.413908906250000000e+02 5.367316400000000000e+01
5.770524415399645700e-02 1.352765624999989300e+00 7.165679000000000100e+01 2.429710624999999900e+02 1.790100199999999800e+01 -2.416182968750000000e+02 5.375578800000000300e+01
5.805058655593015000e-02 1.353796875000000500e+00 7.171078399999999000e+01 2.430798593750000100e+02 1.790640799999999900e+01 -2.417260625000000100e+02 5.380437599999999800e+01
5.809915096596932800e-02 1.359671875000003600e+00 7.171864999999999700e+01 2.431032968750000100e+02 1.790775800000000100e+01 -2.417436250000000100e+02 5.381089200000000300e+01
5.815924710195829300e-02 1.357984375000000900e+00 7.172778400000000000e+01 2.431240000000000000e+02 1.790888800000000100e+01 -2.417660156249999900e+02 5.381889600000000200e+01
5.819305299207280100e-02 1.367953124999985400e+00 7.173346800000000200e+01 2.431464374999999900e+02 1.791033600000000100e+01 -2.417784843750000100e+02 5.382313200000000100e+01
5.822762495557702600e-02 1.379359375000007000e+00 7.173859799999999600e+01 2.431709531250000100e+02 1.791201800000000000e+01 -2.417915937500000000e+02 5.382658000000000000e+01
5.830541622615124900e-02 1.332140624999993900e+00 7.174816599999999800e+01 2.431681093750000000e+02 1.791151800000000100e+01 -2.418359687500000100e+02 5.383664799999999700e+01
5.840168031187303200e-02 1.341531250000002700e+00 7.176314200000000200e+01 2.431996875000000100e+02 1.791295399999999900e+01 -2.418581562500000100e+02 5.385018800000000300e+01
5.850013234962452700e-02 1.356906250000008600e+00 7.177891800000000400e+01 2.432345156250000000e+02 1.791454999999999800e+01 -2.418776093749999900e+02 5.386436799999999900e+01
5.872164943456540500e-02 1.354109375000007300e+00 7.181432399999999900e+01 2.432965624999999900e+02 1.791743200000000200e+01 -2.419424531249999900e+02 5.389689200000000100e+01
5.922006142478581500e-02 1.353656250000000200e+00 7.189161200000000900e+01 2.434405781250000000e+02 1.792421600000000100e+01 -2.420869218750000000e+02 5.396739600000000100e+01
6.034149420636802200e-02 1.353656250000000200e+00 7.206382600000000600e+01 2.437832500000000100e+02 1.794018600000000100e+01 -2.424295937500000100e+02 5.412364000000000200e+01
6.286471941582455500e-02 1.353546875000006400e+00 7.245028999999999500e+01 2.446323125000000100e+02 1.798168199999999900e+01 -2.432787656250000100e+02 5.446860800000000300e+01
6.364534239636225600e-02 1.353390625000003000e+00 7.256846799999999600e+01 2.448905156250000100e+02 1.799382400000000000e+01 -2.435371250000000000e+02 5.457464399999999900e+01
6.408444173474227300e-02 1.353718749999984500e+00 7.263460800000000000e+01 2.450372031249999900e+02 1.800045199999999900e+01 -2.436834843750000100e+02 5.463415599999999700e+01
6.433143656347760400e-02 1.354437499999988900e+00 7.267177399999999900e+01 2.451221562499999900e+02 1.800430600000000000e+01 -2.437677187500000000e+02 5.466746800000000000e+01
6.439458538585288200e-02 1.357187500000009100e+00 7.268141400000000400e+01 2.451466718750000100e+02 1.800548200000000100e+01 -2.437894843750000000e+02 5.467593200000000300e+01
6.441412606087700000e-02 1.359937500000000900e+00 7.268450400000000400e+01 2.451558281250000000e+02 1.800594400000000000e+01 -2.437958906250000000e+02 5.467855999999999700e+01
6.442511805330221300e-02 1.363499999999987700e+00 7.268631999999999500e+01 2.451623437499999900e+02 1.800629199999999800e+01 -2.437988437500000000e+02 5.468002800000000000e+01
6.443635379635144500e-02 1.371109375000003200e+00 7.268840400000000600e+01 2.451714531250000000e+02 1.800682000000000100e+01 -2.438003437500000000e+02 5.468158400000000100e+01
6.444267970540290500e-02 1.378375000000005500e+00 7.268974800000000900e+01 2.451780468750000100e+02 1.800723599999999900e+01 -2.437996718750000000e+02 5.468251200000000300e+01
6.445690429538927800e-02 1.425187499999992700e+00 7.269501599999999500e+01 2.452155468750000000e+02 1.800973600000000000e+01 -2.437903593750000100e+02 5.468527999999999900e+01
6.448891107375520600e-02 1.407000000000010700e+00 7.269884999999999300e+01 2.452270156250000100e+02 1.801037000000000200e+01 -2.438200156250000000e+02 5.468847999999999800e+01
6.456092197238882900e-02 1.321078124999985400e+00 7.270388199999999300e+01 2.452051562499999900e+02 1.800875400000000000e+01 -2.438840781250000000e+02 5.469512799999999700e+01
6.472295810148702400e-02 1.345421874999999500e+00 7.272713400000000700e+01 2.452661562499999900e+02 1.801151000000000100e+01 -2.439207343749999900e+02 5.471562399999999800e+01
6.508753358837170200e-02 1.351671874999993900e+00 7.278316599999999400e+01 2.453829375000000000e+02 1.801661800000000100e+01 -2.440312656250000000e+02 5.476654800000000000e+01
6.590782988475879500e-02 1.353578124999984300e+00 7.290620599999999700e+01 2.456262187499999900e+02 1.802677800000000000e+01 -2.442726406250000100e+02 5.487942799999999700e+01
6.616160910586216200e-02 1.353406250000006100e+00 7.294398200000000500e+01 2.457012187500000100e+02 1.802993000000000000e+01 -2.443478125000000000e+02 5.491405199999999800e+01
6.630435991773282700e-02 1.357671874999994100e+00 7.296538200000000500e+01 2.457477187499999900e+02 1.803205399999999900e+01 -2.443900468750000000e+02 5.493332800000000300e+01
6.645035493433719400e-02 1.364296875000008000e+00 7.298574600000000600e+01 2.458198750000000000e+02 1.803697400000000100e+01 -2.444555781249999900e+02 5.494877199999999800e+01
6.653248148386689500e-02 1.340062499999987700e+00 7.299659400000000200e+01 2.458403437499999900e+02 1.803797399999999800e+01 -2.445002812500000000e+02 5.495862000000000300e+01
6.671725606403267100e-02 1.351484375000012500e+00 7.302401799999999800e+01 2.459086250000000000e+02 1.804122999999999900e+01 -2.445571406249999900e+02 5.498278799999999900e+01
6.682119249082420200e-02 1.355312499999996600e+00 7.303974200000000400e+01 2.459472656250000000e+02 1.804304600000000000e+01 -2.445919531250000000e+02 5.499669600000000000e+01
6.684676889558550900e-02 1.354031250000019800e+00 7.304357199999999800e+01 2.459552500000000100e+02 1.804336800000000100e+01 -2.446012187499999900e+02 5.500020399999999700e+01
6.685499257735243200e-02 1.368312500000001800e+00 7.304540399999999100e+01 2.459695624999999900e+02 1.804426000000000100e+01 -2.446012499999999900e+02 5.500114399999999600e+01
6.687348860684511100e-02 1.667671874999996400e+00 7.303167799999999900e+01 2.461956718749999900e+02 1.803779400000000200e+01 -2.445279999999999900e+02 5.499388400000000100e+01
6.691511192768653800e-02 1.354124999999982000e+00 7.303918000000000200e+01 2.459981406249999900e+02 1.804321200000000000e+01 -2.446440156250000100e+02 5.499596799999999800e+01
6.700875859599343700e-02 1.270109375000004100e+00 7.305585200000000200e+01 2.459740156249999900e+02 1.804699600000000000e+01 -2.447039062499999900e+02 5.500885600000000200e+01
6.721946359968396200e-02 1.361125000000015500e+00 7.309159800000000500e+01 2.460913906250000000e+02 1.805257800000000000e+01 -2.447302656249999900e+02 5.503902000000000100e+01
6.769355856336706200e-02 1.353828125000006800e+00 7.316473999999999500e+01 2.462217968750000000e+02 1.805619199999999900e+01 -2.448679687499999900e+02 5.510854799999999900e+01
6.828024890458005100e-02 1.355421875000018900e+00 7.325012400000000000e+01 2.463774062500000100e+02 1.806004400000000100e+01 -2.450219843749999900e+02 5.519008000000000200e+01
6.861026403513306700e-02 1.348343749999998000e+00 7.329605800000000200e+01 2.464792656250000100e+02 1.806381400000000100e+01 -2.451309218750000100e+02 5.523224400000000100e+01
6.879589754606914300e-02 1.355531249999984300e+00 7.332265200000000500e+01 2.465382031250000000e+02 1.806599599999999800e+01 -2.451826718750000100e+02 5.525665600000000000e+01
6.898575026423496600e-02 1.348859374999989300e+00 7.334721399999999400e+01 2.466078281250000000e+02 1.807029400000000100e+01 -2.452589687500000100e+02 5.527691999999999700e+01
6.941291162562518400e-02 1.352609375000014300e+00 7.340855999999999400e+01 2.467196250000000100e+02 1.807316000000000100e+01 -2.453670156249999900e+02 5.533540000000000000e+01
7.000000241429189800e-02 1.353515625000000000e+00 7.349264800000000300e+01 2.468586875000000000e+02 1.807600800000000200e+01 -2.455051718750000000e+02 5.541664000000000100e+01
