0.000000000000000000e+00 0.000000000000000000e+00 0.000000000000000000e+00 0.000000000000000000e+00 0.000000000000000000e+00 0.000000000000000000e+00 0.000000000000000000e+00
1.369518450265159400e-08 1.306654296875000100e+00 1.147460937508601500e-08 6.897082519531250200e+00 5.981340942382813000e-04 -5.590428222656250100e+00 -5.981226196289062100e-04
8.750135053805558800e-04 1.308042480468750500e+00 1.231215750000000000e+01 7.147553222656250100e+00 7.919018500000000000e+00 -5.839510742187499700e+00 4.393138999999999700e+00
8.975721359543109800e-04 1.323226074218750300e+00 1.262142150000000000e+01 7.214998046875000300e+00 8.107053499999999200e+00 -5.891771972656250100e+00 4.514368000000000200e+00
9.102613146439655000e-04 1.318921875000000000e+00 1.279713500000000100e+01 7.244662109374999700e+00 8.213892500000000000e+00 -5.925740234374999600e+00 4.583242499999999900e+00
9.232389497082291000e-04 1.312616699218749800e+00 1.297588599999999900e+01 7.275895996093749900e+00 8.322047500000000000e+00 -5.963279296875000100e+00 4.653838500000000000e+00
9.305387730832769300e-04 1.310361816406249600e+00 1.307560700000000000e+01 7.295878906249999600e+00 8.382076500000000200e+00 -5.985517089843750000e+00 4.693530499999999600e+00
9.469635570392059900e-04 1.305680175781249700e+00 1.329817700000000100e+01 7.342808105468750000e+00 8.515555000000000900e+00 -6.037127929687500200e+00 4.782621999999999900e+00
9.672892577895177900e-04 1.315028320312499900e+00 1.356825650000000000e+01 7.424153320312499600e+00 8.675008999999999300e+00 -6.109124999999999700e+00 4.893247500000000200e+00
9.880768877357612600e-04 1.334304199218750300e+00 1.383523350000000100e+01 7.540890136718750200e+00 8.827007000000000000e+00 -6.206585937499999900e+00 5.008226500000000100e+00
1.013021971126424500e-03 1.335316406250000500e+00 1.414778150000000100e+01 7.702106933593750400e+00 8.997260000000000700e+00 -6.366790527343750000e+00 5.150521500000000000e+00
1.059794070494695600e-03 1.319372558593750400e+00 1.473472550000000000e+01 8.060068359375000200e+00 9.304906000000000800e+00 -6.740695800781249900e+00 5.429819499999999800e+00
1.086103359386653600e-03 1.342016113281251100e+00 1.504815950000000100e+01 8.356719726562500800e+00 9.453682999999999800e+00 -7.014703613281249700e+00 5.594476499999999900e+00
1.118661115725581200e-03 1.446397460937500800e+00 1.537949749999999900e+01 8.987778320312500600e+00 9.561961999999999400e+00 -7.541380859374999800e+00 5.817535500000000000e+00
1.136974876336487100e-03 1.789142578125000300e+00 1.541130450000000000e+01 1.001421484375000000e+01 9.438242000000000700e+00 -8.225072265625000200e+00 5.973062500000000200e+00
1.147276332674733100e-03 2.602636718750000400e+00 1.518884600000000000e+01 1.170535156250000100e+01 9.095957999999999500e+00 -9.102714843750000300e+00 6.092888000000000300e+00
1.157812018128230700e-03 3.228470703124999700e+00 1.490688799999999900e+01 1.380423046874999900e+01 8.651094999999999800e+00 -1.057575976562500000e+01 6.255792999999999700e+00
1.181517129036528800e-03 2.305400390625001400e+00 1.465857900000000000e+01 1.722667382812500100e+01 7.928751499999999700e+00 -1.492127343750000000e+01 6.729827499999999900e+00
1.194851231252187800e-03 2.157779296875002500e+00 1.441413900000000000e+01 2.040022460937500200e+01 7.367102000000000000e+00 -1.824244531249999900e+01 7.047037000000000400e+00
1.224853051918455800e-03 7.442148437499973600e-01 1.449266950000000000e+01 2.641189453124999900e+01 6.660076499999999700e+00 -2.566767968750000200e+01 7.832593000000000100e+00
1.292357012396005300e-03 6.406796875000040400e-01 1.547936599999999900e+01 3.518991406250000200e+01 6.452853000000000200e+00 -3.454923437499999700e+01 9.026512999999999600e+00
1.444241036821786500e-03 1.307984375000003800e+00 1.656102550000000000e+01 4.158922265625000100e+01 6.564884499999999800e+00 -4.028123828124999800e+01 9.996140999999999700e+00
1.632197523849768200e-03 1.321265625000002300e+00 1.839608099999999900e+01 4.951130859375000200e+01 6.978043999999999700e+00 -4.819004296874999900e+01 1.141803700000000000e+01
1.824425722427171000e-03 1.312742187500006700e+00 2.024599700000000300e+01 5.839671093750000400e+01 7.357134000000000300e+00 -5.708396874999999700e+01 1.288886300000000100e+01
2.256939259907362500e-03 1.303710937500000000e+00 2.433811300000000000e+01 7.499965625000000100e+01 8.426199000000000400e+00 -7.369594531250000100e+01 1.591191399999999900e+01
2.792174823748798500e-03 1.309906249999997400e+00 2.909524700000000100e+01 9.439140625000000300e+01 9.691261000000000800e+00 -9.308150000000000500e+01 1.940398600000000000e+01
3.093244749063700200e-03 1.308367187499996500e+00 3.166567399999999900e+01 1.042562656250000000e+02 1.040864799999999900e+01 -1.029478984375000000e+02 2.125702600000000000e+01
3.262596661399238700e-03 1.317562499999994000e+00 3.307565600000000200e+01 1.095297734375000000e+02 1.080743200000000000e+01 -1.082122109375000000e+02 2.226822400000000000e+01
3.435797439614659800e-03 1.307804687500009800e+00 3.446289800000000300e+01 1.147328671875000100e+02 1.119613799999999900e+01 -1.134250625000000000e+02 2.326676000000000100e+01
3.460153640359391000e-03 1.297898437500009500e+00 3.465088600000000000e+01 1.154237109375000000e+02 1.124962000000000000e+01 -1.141258124999999900e+02 2.340126600000000000e+01
3.467688871703154600e-03 1.347312500000001000e+00 3.470688200000000000e+01 1.156725312500000100e+02 1.126830600000000100e+01 -1.143252187500000000e+02 2.343857600000000100e+01
3.469615662350024300e-03 1.443953125000007300e+00 3.471848299999999900e+01 1.158192109375000000e+02 1.127118900000000000e+01 -1.143752578125000000e+02 2.344729399999999900e+01
3.473950578581338200e-03 3.233203125000002800e+00 3.469305599999999900e+01 1.178999218750000000e+02 1.122984600000000000e+01 -1.146667187500000000e+02 2.346321000000000000e+01
3.476388810269640000e-03 5.656500000000008300e+00 3.463702899999999800e+01 1.208305234375000100e+02 1.115972900000000000e+01 -1.151740234375000000e+02 2.347730000000000000e+01
3.481875375654533200e-03 1.087474218750000400e+01 3.428436299999999900e+01 1.279631250000000100e+02 1.081109300000000000e+01 -1.170883828125000000e+02 2.347326999999999900e+01
3.494219603684328500e-03 3.754945312499998500e+00 3.356696000000000200e+01 1.238218281250000000e+02 1.018584800000000000e+01 -1.200668828125000000e+02 2.338111200000000200e+01
3.521994479475510200e-03 -2.606312500000001400e+00 3.384450199999999900e+01 1.203696171875000000e+02 1.028464200000000000e+01 -1.229759296875000000e+02 2.355986000000000000e+01
3.584487496600491100e-03 1.402343750000000000e+00 3.493316899999999900e+01 1.247614531250000000e+02 1.089292700000000000e+01 -1.233591093750000000e+02 2.404024199999999900e+01
3.661822822927140800e-03 1.202335937499995600e+00 3.524345100000000000e+01 1.290010703124999900e+02 1.086310699999999900e+01 -1.277987343750000000e+02 2.438034400000000100e+01
3.740915547725945400e-03 1.279382812500017500e+00 3.586561199999999900e+01 1.306205703125000100e+02 1.114978799999999900e+01 -1.293411874999999900e+02 2.471582400000000100e+01
3.918874903971540100e-03 1.331296875000020900e+00 3.725008499999999900e+01 1.354604218750000100e+02 1.173882900000000100e+01 -1.341291249999999900e+02 2.551125599999999900e+01
4.139099240067269300e-03 1.296999999999997000e+00 3.896170999999999700e+01 1.407701093750000000e+02 1.249625799999999900e+01 -1.394731093750000100e+02 2.646545199999999900e+01
4.364328443886173300e-03 1.308937500000013200e+00 4.066022900000000100e+01 1.458266562500000100e+02 1.322745100000000000e+01 -1.445177187500000000e+02 2.743277799999999900e+01
4.871094696564923200e-03 1.310828125000000500e+00 4.436600400000000400e+01 1.584383906250000100e+02 1.448946800000000000e+01 -1.571275625000000100e+02 2.987653600000000200e+01
6.011318765092110200e-03 1.305453125000013900e+00 5.228470399999999800e+01 1.879223281250000100e+02 1.684882400000000000e+01 -1.866168749999999900e+02 3.543587999999999700e+01
7.133726911894466100e-03 1.303531249999991800e+00 6.009555199999999800e+01 2.171156093749999900e+02 1.908196800000000000e+01 -2.158120781250000000e+02 4.101358400000000200e+01
7.181829936823923800e-03 1.304484374999987000e+00 6.043173799999999600e+01 2.183716249999999900e+02 1.917699000000000000e+01 -2.170671406250000100e+02 4.125474799999999900e+01
7.194231475268290600e-03 1.310828124999972000e+00 6.051819199999999900e+01 2.186963593749999900e+02 1.920154399999999800e+01 -2.173855312500000100e+02 4.131664800000000100e+01
7.201207385983765200e-03 1.320156249999996600e+00 6.056660200000000300e+01 2.188800000000000000e+02 1.921543399999999800e+01 -2.175598437500000000e+02 4.135116800000000100e+01
7.205131335761219200e-03 1.330250000000006600e+00 6.059367799999999700e+01 2.189842343750000000e+02 1.922332200000000000e+01 -2.176539843749999900e+02 4.137035600000000100e+01
7.209144515677817100e-03 1.368750000000005700e+00 6.062098600000000200e+01 2.190982187500000000e+02 1.923196199999999900e+01 -2.177294687500000000e+02 4.138902399999999900e+01
7.216367804258721700e-03 2.134906250000000200e+00 6.066025399999999500e+01 2.196124062499999900e+02 1.925783399999999900e+01 -2.174774999999999900e+02 4.140241999999999900e+01
7.225397459071066500e-03 1.712187499999998900e+00 6.069001999999999700e+01 2.195281875000000000e+02 1.925823200000000000e+01 -2.178160000000000000e+02 4.143178799999999700e+01
7.245713638312628400e-03 1.072203125000015700e+00 6.079912399999999900e+01 2.196480312500000000e+02 1.927294800000000000e+01 -2.185758281249999900e+02 4.152617600000000000e+01
7.291426311140642900e-03 1.152796875000007000e+00 6.114909399999999800e+01 2.209465937500000100e+02 1.937303000000000000e+01 -2.197937968750000000e+02 4.177606399999999800e+01
7.394278192745030700e-03 1.334546875000000900e+00 6.188546999999999800e+01 2.237429531250000100e+02 1.958380599999999900e+01 -2.224084062500000100e+02 4.230166400000000200e+01
7.521557369026150700e-03 1.306890624999994100e+00 6.276027599999999800e+01 2.269781250000000100e+02 1.982922800000000100e+01 -2.256712343750000100e+02 4.293104799999999700e+01
7.526031934052465400e-03 1.307406249999985400e+00 6.279091800000000500e+01 2.270913593750000000e+02 1.983789799999999900e+01 -2.257839531250000100e+02 4.295302000000000200e+01
7.530608787287066500e-03 1.311234374999998000e+00 6.282210000000000600e+01 2.272071406249999900e+02 1.984676800000000100e+01 -2.258959062500000000e+02 4.297533200000000200e+01
7.533182677804797800e-03 1.316984375000004100e+00 6.283949400000000200e+01 2.272723750000000100e+02 1.985176999999999800e+01 -2.259553906250000100e+02 4.298772400000000000e+01
7.538974656917979600e-03 1.536281250000001800e+00 6.287616200000000100e+01 2.274728281250000100e+02 1.986693400000000100e+01 -2.259365468750000000e+02 4.300922800000000000e+01
7.552006609922635800e-03 1.393859375000005200e+00 6.295353199999999600e+01 2.277157812499999900e+02 1.988546799999999900e+01 -2.263219218749999900e+02 4.306806400000000000e+01
7.581328504183113700e-03 1.225703124999995500e+00 6.315063400000000400e+01 2.283787343749999900e+02 1.993681000000000100e+01 -2.271530312500000000e+02 4.321382400000000200e+01
7.647302222182975100e-03 1.304343749999986800e+00 6.361580000000000700e+01 2.301239687499999900e+02 2.007061200000000100e+01 -2.288196250000000000e+02 4.354518800000000300e+01
7.795744175855090300e-03 1.303062500000010000e+00 6.461237599999999800e+01 2.337957812500000000e+02 2.035180799999999800e+01 -2.324927187499999900e+02 4.426056799999999900e+01
8.062939112106268600e-03 1.307312499999994800e+00 6.647289000000000700e+01 2.405761562500000000e+02 2.087413000000000100e+01 -2.392688437500000000e+02 4.559875999999999900e+01
8.330133322909164700e-03 1.307531250000010900e+00 6.831166999999999200e+01 2.472012968750000000e+02 2.139026200000000000e+01 -2.458937656249999900e+02 4.692140800000000000e+01
8.831124281785302600e-03 1.304046875000040000e+00 7.180368000000000000e+01 2.596502031250000200e+02 2.236385999999999900e+01 -2.583461562499999800e+02 4.943981999999999700e+01
9.451099641243652900e-03 1.305968750000033700e+00 7.613747399999999700e+01 2.749261250000000100e+02 2.357192600000000100e+01 -2.736201562499999800e+02 5.256554800000000000e+01
9.662454646598182100e-03 1.303999999999973600e+00 7.760543400000000200e+01 2.800847812499999900e+02 2.397980600000000000e+01 -2.787807812500000200e+02 5.362562799999999900e+01
9.749639021575894800e-03 1.313781249999976800e+00 7.820483799999999500e+01 2.821885312499999800e+02 2.414607799999999900e+01 -2.808747500000000100e+02 5.405875999999999900e+01
9.838804595821908800e-03 1.298062500000014600e+00 7.880264200000000600e+01 2.842662187500000100e+02 2.431027800000000000e+01 -2.829681562499999900e+02 5.449236400000000200e+01
1.003942659378922300e-02 1.306375000000002700e+00 8.021851200000000400e+01 2.891936562500000000e+02 2.470116799999999900e+01 -2.878872812500000000e+02 5.551734400000000100e+01
1.028769676061084900e-02 1.305968749999976800e+00 8.196050599999999500e+01 2.952194999999999800e+02 2.517885800000000200e+01 -2.939135312500000100e+02 5.678164799999999700e+01
1.049082735875018200e-02 1.304031249999980000e+00 8.338298999999999200e+01 3.001219687500000100e+02 2.556692599999999900e+01 -2.988179375000000300e+02 5.781606399999999700e+01
1.074474006233813200e-02 1.306593750000047300e+00 8.515444200000000300e+01 3.062345000000000300e+02 2.604999400000000200e+01 -3.049279062499999800e+02 5.910444799999999800e+01
1.088756632083049500e-02 1.306406250000009100e+00 8.614219399999998900e+01 3.096058125000000100e+02 2.631729000000000000e+01 -3.082994062500000000e+02 5.982490399999999700e+01
1.097861733517109200e-02 1.308562500000050500e+00 8.676229200000000200e+01 3.116293125000000300e+02 2.648386000000000000e+01 -3.103207499999999800e+02 6.027843200000000200e+01
1.098598208616771400e-02 1.355218749999949100e+00 8.680055000000000100e+01 3.118184999999999700e+02 2.648737800000000000e+01 -3.104632812500000200e+02 6.031317200000000200e+01
1.098786462446915300e-02 1.390812499999981400e+00 8.680708199999999400e+01 3.118883124999999800e+02 2.648539800000000000e+01 -3.104975000000000000e+02 6.032168399999999800e+01
1.099019476436288400e-02 1.509718749999990500e+00 8.680587400000000300e+01 3.120422187500000200e+02 2.647482600000000000e+01 -3.105325000000000300e+02 6.033104800000000300e+01
1.099257786198147000e-02 2.418093750000025500e+00 8.672972199999999500e+01 3.129235625000000000e+02 2.639845000000000000e+01 -3.105054687499999800e+02 6.033127199999999800e+01
1.099391849041347700e-02 3.934781250000014600e+00 8.659328400000001100e+01 3.143392499999999900e+02 2.627410400000000100e+01 -3.104044687499999800e+02 6.031918000000000300e+01
1.099557759064291800e-02 7.597750000000019100e+00 8.623487199999999600e+01 3.177424687500000000e+02 2.595238799999999900e+01 -3.101447187499999800e+02 6.028248399999999700e+01
1.099727441418321500e-02 1.291731250000003700e+01 8.569190199999999900e+01 3.230017812500000200e+02 2.544195800000000000e+01 -3.100844687499999800e+02 6.024994399999999900e+01
1.099822837867893400e-02 1.622246875000001900e+01 8.534047599999999500e+01 3.264333437500000100e+02 2.510159600000000100e+01 -3.102108749999999900e+02 6.023888000000000200e+01
1.100037570560466300e-02 2.152562500000004800e+01 8.462772599999999600e+01 3.330539687500000200e+02 2.436105399999999900e+01 -3.115283437499999800e+02 6.026667200000000000e+01
1.100520719118755100e-02 1.175853124999997600e+01 8.399239000000000000e+01 3.294818437500000000e+02 2.352581000000000000e+01 -3.177233125000000200e+02 6.046658000000000000e+01
1.101607730830076800e-02 -4.530937499999936300e-01 8.439898399999999900e+01 3.217365937500000000e+02 2.369894000000000000e+01 -3.221896874999999900e+02 6.070004399999999800e+01
1.104053579725378300e-02 -2.426937500000008200e+00 8.543308799999999800e+01 3.223102187499999900e+02 2.423587200000000100e+01 -3.247371562500000000e+02 6.119721599999999700e+01
1.109556685331185800e-02 6.538125000000150100e-01 8.660698600000000600e+01 3.270675000000000000e+02 2.469735400000000100e+01 -3.264136874999999800e+02 6.190963200000000200e+01
1.121938709216667100e-02 1.410749999999950400e+00 8.731246199999999600e+01 3.309848124999999800e+02 2.481739800000000100e+01 -3.295740625000000300e+02 6.249506399999999900e+01
1.149798172277963700e-02 1.299843749999979500e+00 8.911331400000000300e+01 3.367430625000000100e+02 2.533395000000000200e+01 -3.354432187500000300e+02 6.377936400000000100e+01
1.184274376608475600e-02 1.304187500000011800e+00 9.156170799999999600e+01 3.435297812499999800e+02 2.610465999999999900e+01 -3.422255937499999700e+02 6.545704800000000000e+01
1.203667205271974000e-02 1.316687500000000500e+00 9.291020799999999700e+01 3.474352812500000000e+02 2.651789200000000000e+01 -3.461185937500000000e+02 6.639231599999999400e+01
1.223500743769046800e-02 1.307968749999986400e+00 9.424072000000001000e+01 3.515469375000000100e+02 2.692052800000000100e+01 -3.502389687500000300e+02 6.732019200000000600e+01
1.248044835619779200e-02 1.296593749999999500e+00 9.583813999999999600e+01 3.566005937499999700e+02 2.741258800000000000e+01 -3.553039999999999700e+02 6.842555199999999600e+01
1.268126404885739300e-02 1.306531249999977700e+00 9.712651599999999500e+01 3.600803437500000000e+02 2.785106800000000100e+01 -3.587738125000000200e+02 6.927544799999999700e+01
1.288207829062042300e-02 1.296437500000024600e+00 9.837388400000000400e+01 3.633571875000000100e+02 2.828381999999999900e+01 -3.620607499999999800e+02 7.009006399999999800e+01
1.313309790644492600e-02 1.308187500000030900e+00 9.992766399999999300e+01 3.674844687500000200e+02 2.882218400000000000e+01 -3.661762812499999900e+02 7.110548000000000000e+01
1.369788986570520000e-02 1.307812500000011400e+00 1.032086080000000000e+02 3.763363125000000200e+02 2.998604800000000000e+01 -3.750285000000000100e+02 7.322256000000000100e+01
1.401558543347013700e-02 1.306437500000015500e+00 1.050080760000000000e+02 3.808602187500000000e+02 3.063175599999999900e+01 -3.795537812499999900e+02 7.437632000000000700e+01
1.419428946238102300e-02 1.310281250000002700e+00 1.059785780000000000e+02 3.830700312500000000e+02 3.099375399999999900e+01 -3.817597500000000000e+02 7.498482400000000300e+01
1.429481047864339700e-02 1.310562500000003200e+00 1.065101640000000000e+02 3.842473125000000200e+02 3.119398000000000000e+01 -3.829367500000000200e+02 7.531618400000000700e+01
1.452098203978544900e-02 1.306031249999989500e+00 1.076992220000000100e+02 3.868730625000000000e+02 3.163858200000000000e+01 -3.855670312500000100e+02 7.606064000000000600e+01
1.480087014469185600e-02 1.308437500000025000e+00 1.091439000000000000e+02 3.901780625000000100e+02 3.217017200000000100e+01 -3.888696249999999800e+02 7.697372799999999400e+01
1.495830693165860400e-02 1.309156250000000900e+00 1.099360399999999900e+02 3.920673437500000200e+02 3.245737599999999600e+01 -3.907581875000000200e+02 7.747866399999999500e+01
1.499856060613658100e-02 1.310156250000034100e+00 1.101362620000000000e+02 3.925520312500000300e+02 3.252953399999999800e+01 -3.912418749999999900e+02 7.760672800000000400e+01
1.502120329803044300e-02 1.311531249999973200e+00 1.102484760000000000e+02 3.928257812499999800e+02 3.256999600000000300e+01 -3.915142500000000000e+02 7.767847999999999300e+01
1.503393926813452600e-02 1.317531250000001800e+00 1.103114140000000000e+02 3.929817187500000300e+02 3.259279800000000200e+01 -3.916641875000000300e+02 7.771861599999999700e+01
1.504110379540428800e-02 1.326250000000015900e+00 1.103467660000000000e+02 3.930717187500000000e+02 3.260575000000000000e+01 -3.917454687499999900e+02 7.774101600000000200e+01
1.504513438607974300e-02 1.334968750000030000e+00 1.103666360000000000e+02 3.931239687500000200e+02 3.261314000000000100e+01 -3.917889999999999900e+02 7.775349599999999800e+01
1.505420103875465900e-02 1.375093750000019100e+00 1.104114840000000000e+02 3.932505937500000100e+02 3.263029199999999700e+01 -3.918754999999999900e+02 7.778119200000000400e+01
1.507460209544565100e-02 1.320312500000000000e+00 1.105055940000000000e+02 3.934674999999999700e+02 3.266301800000000100e+01 -3.921471874999999700e+02 7.784257599999999400e+01
1.508607868732572500e-02 1.285749999999950400e+00 1.105579300000000000e+02 3.935844062499999700e+02 3.268145799999999900e+01 -3.922986562500000200e+02 7.787647200000000700e+01
1.511189884271103700e-02 1.293499999999994500e+00 1.106798140000000100e+02 3.938974062500000200e+02 3.272609400000000300e+01 -3.926039062500000200e+02 7.795372000000000400e+01
1.512642376828770400e-02 1.263874999999984500e+00 1.107484099999999900e+02 3.940595937499999800e+02 3.275022599999999800e+01 -3.927957187499999900e+02 7.799818399999999500e+01
1.513459376688147300e-02 1.262312500000007300e+00 1.107881680000000000e+02 3.941587187499999900e+02 3.276465600000000200e+01 -3.928964062499999800e+02 7.802351199999999700e+01
1.515297517554502200e-02 1.278937500000040500e+00 1.108793500000000000e+02 3.943923750000000200e+02 3.279791000000000200e+01 -3.931134374999999700e+02 7.808144000000000100e+01
1.519433443321043500e-02 1.315718750000030500e+00 1.110814140000000000e+02 3.948988125000000200e+02 3.287216600000000000e+01 -3.935830937499999900e+02 7.820924800000000200e+01
1.528739348840590200e-02 1.312562500000012700e+00 1.115217940000000000e+02 3.959486875000000100e+02 3.303532200000000100e+01 -3.946361249999999900e+02 7.848647200000000600e+01
1.549677672531984600e-02 1.308718750000025500e+00 1.124949360000000000e+02 3.983396875000000300e+02 3.339343999999999800e+01 -3.970309687500000000e+02 7.910149599999999700e+01
1.596788864565207600e-02 1.307593749999966800e+00 1.145965600000000100e+02 4.037599999999999900e+02 3.414764799999999700e+01 -4.024524062500000200e+02 8.044891200000000700e+01
1.702789191729616600e-02 1.308593750000000000e+00 1.189323520000000100e+02 4.161847187500000000e+02 3.556202400000000100e+01 -4.148761250000000000e+02 8.337032800000000100e+01
1.735582936395888700e-02 1.308499999999980900e+00 1.201491640000000000e+02 4.197979687500000000e+02 3.592532400000000300e+01 -4.184894687500000100e+02 8.422383999999999600e+01
1.743967812771886300e-02 1.307062499999972300e+00 1.204545880000000000e+02 4.207470937499999800e+02 3.601189999999999700e+01 -4.194400312500000000e+02 8.444268800000000400e+01
1.748684242256660200e-02 1.319406249999985900e+00 1.206210480000000000e+02 4.213418437500000100e+02 3.605264799999999800e+01 -4.200224375000000200e+02 8.456839999999999700e+01
1.751337206637534500e-02 1.352718749999951300e+00 1.207051960000000000e+02 4.217822499999999800e+02 3.606199600000000100e+01 -4.204295312500000300e+02 8.464319999999999300e+01
1.752829453761259000e-02 1.401031250000016800e+00 1.207418360000000100e+02 4.221303437500000100e+02 3.605337999999999700e+01 -4.207293124999999900e+02 8.468845600000000200e+01
1.756187263696537900e-02 1.282562500000040000e+00 1.208160000000000000e+02 4.229900937500000300e+02 3.600817599999999900e+01 -4.217075312499999900e+02 8.480782399999999700e+01
1.763742082144016000e-02 1.258718750000014100e+00 1.211283960000000000e+02 4.240074999999999900e+02 3.609392400000000100e+01 -4.227487812499999800e+02 8.503447199999999400e+01
1.780740351106013100e-02 1.302843750000022300e+00 1.217080239999999900e+02 4.264420000000000100e+02 3.620787200000000200e+01 -4.251391562499999800e+02 8.550015200000000000e+01
1.797473105995437200e-02 1.308843749999994100e+00 1.222902919999999900e+02 4.282392187500000200e+02 3.637877199999999800e+01 -4.269303750000000300e+02 8.591151999999999600e+01
1.800431193925285100e-02 1.318093750000002700e+00 1.223894519999999900e+02 4.285530937500000200e+02 3.640738799999999700e+01 -4.272350000000000100e+02 8.598206399999999400e+01
1.802095227203067200e-02 1.330562499999985000e+00 1.224441120000000000e+02 4.287264374999999700e+02 3.642311999999999700e+01 -4.273958749999999900e+02 8.602099200000000700e+01
1.803796983791707000e-02 1.572593750000010000e+00 1.224936199999999900e+02 4.289475937500000100e+02 3.644250799999999700e+01 -4.273750000000000000e+02 8.605111200000000300e+01
1.807625899843732000e-02 1.191374999999993600e+00 1.225945560000000100e+02 4.291337500000000200e+02 3.646175600000000100e+01 -4.279423750000000300e+02 8.613280000000000300e+01
1.816241033505617400e-02 1.305875000000014600e+00 1.229073239999999900e+02 4.301768750000000000e+02 3.654692399999999700e+01 -4.288709999999999800e+02 8.636039999999999800e+01
1.831748216061147200e-02 1.296812499999987300e+00 1.233763319999999900e+02 4.324528750000000100e+02 3.662145199999999800e+01 -4.311560625000000200e+02 8.675488000000000000e+01
1.851132339345217300e-02 1.304500000000018600e+00 1.240054840000000000e+02 4.342456562500000200e+02 3.681121999999999900e+01 -4.329411562500000100e+02 8.719426400000000400e+01
1.894746435372303100e-02 1.307281250000016800e+00 1.253510120000000000e+02 4.382609375000000100e+02 3.722699600000000000e+01 -4.369536562499999900e+02 8.812401599999999700e+01
1.992878260250489200e-02 1.306281250000040500e+00 1.280547119999999900e+02 4.479462500000000200e+02 3.815516800000000300e+01 -4.466399687499999800e+02 8.989954400000000600e+01
2.114316272024656400e-02 1.306687500000009500e+00 1.307945920000000200e+02 4.597446875000000000e+02 3.922476000000000300e+01 -4.584379999999999900e+02 9.156983200000000500e+01
2.180555213917776200e-02 1.306749999999965400e+00 1.320732520000000000e+02 4.658291874999999900e+02 3.977297200000000300e+01 -4.645224375000000200e+02 9.230028000000000100e+01
2.211604835815522700e-02 1.306375000000002700e+00 1.326331360000000100e+02 4.686910312499999800e+02 4.002903200000000100e+01 -4.673846562499999800e+02 9.260410400000000700e+01
2.229070148383865600e-02 1.306499999999971400e+00 1.329327560000000100e+02 4.703275312499999900e+02 4.017321199999999900e+01 -4.690210312500000200e+02 9.275954400000000500e+01
2.238894314158730200e-02 1.305187499999988200e+00 1.330973080000000000e+02 4.712165625000000100e+02 4.025603600000000200e+01 -4.699113750000000200e+02 9.284127200000000400e+01
2.244420489020023200e-02 1.305406249999975900e+00 1.331888040000000000e+02 4.716662499999999900e+02 4.030586000000000300e+01 -4.703608437500000200e+02 9.288294399999999500e+01
2.247529034924329600e-02 1.319812500000011800e+00 1.332351199999999900e+02 4.718790312500000300e+02 4.033496800000000300e+01 -4.705592187500000100e+02 9.290015200000000600e+01
2.249277510382569400e-02 1.427562500000021800e+00 1.332319679999999900e+02 4.719906250000000200e+02 4.033831200000000200e+01 -4.705630625000000000e+02 9.289365599999999300e+01
2.249818404624401600e-02 1.650812500000029100e+00 1.332031720000000000e+02 4.721211875000000200e+02 4.032423599999999900e+01 -4.704703749999999900e+02 9.287893599999999600e+01
2.249956675067659600e-02 1.765750000000025500e+00 1.331893920000000000e+02 4.721884375000000200e+02 4.031701600000000200e+01 -4.704226874999999900e+02 9.287237600000000300e+01
2.250267892382232900e-02 4.743499999999983200e+00 1.329023440000000000e+02 4.740437812499999900e+02 4.014961600000000200e+01 -4.693002812500000100e+02 9.275272800000000500e+01
2.250641353159721000e-02 7.817312500000014100e+00 1.324877239999999900e+02 4.761646875000000100e+02 3.987261199999999700e+01 -4.683473750000000000e+02 9.261511199999999600e+01
2.251341555845097100e-02 3.808937500000013200e+00 1.322475959999999900e+02 4.733300625000000000e+02 3.969281999999999800e+01 -4.695211249999999800e+02 9.255477600000000400e+01
2.252181770049617100e-02 1.443749999999965900e+00 1.322693280000000000e+02 4.718363749999999800e+02 3.970140000000000000e+01 -4.703926250000000100e+02 9.256792799999999500e+01
2.253757298636541500e-02 1.093031250000024100e+00 1.324304799999999900e+02 4.718652187500000000e+02 3.981893600000000100e+01 -4.707721874999999700e+02 9.261154399999999500e+01
2.257301984050222000e-02 -9.565624999999045000e-02 1.324881279999999900e+02 4.714756562499999900e+02 3.985193600000000200e+01 -4.715713124999999800e+02 9.263619199999999400e+01
2.261688479654650600e-02 1.455656250000004100e+00 1.325773639999999900e+02 4.735822499999999900e+02 3.983733200000000400e+01 -4.721265937499999800e+02 9.274003199999999900e+01
2.266174796943194700e-02 1.522874999999999100e+00 1.326273679999999900e+02 4.747734375000000000e+02 3.978623999999999900e+01 -4.732505625000000000e+02 9.284112799999999800e+01
2.276268974570003200e-02 1.105687499999987700e+00 1.327991519999999900e+02 4.752564687500000100e+02 3.986659199999999700e+01 -4.741507812500000200e+02 9.293255999999999500e+01
2.288381929686311400e-02 1.356125000000020000e+00 1.329708239999999900e+02 4.761318125000000200e+02 3.994639200000000300e+01 -4.747756875000000000e+02 9.302443200000000400e+01
2.294060013418634500e-02 1.293125000000031800e+00 1.331059760000000000e+02 4.763664375000000200e+02 4.002420000000000000e+01 -4.750733124999999900e+02 9.308177600000000500e+01
2.306835302819804100e-02 1.329218750000052300e+00 1.333788519999999900e+02 4.768609062500000300e+02 4.018498000000000300e+01 -4.755316874999999800e+02 9.319387199999999900e+01
2.335580030424163800e-02 1.306468750000021800e+00 1.339105720000000000e+02 4.777207187500000000e+02 4.054621199999999700e+01 -4.764142499999999800e+02 9.336436000000000500e+01
2.351748966905926500e-02 1.309843750000027300e+00 1.341716759999999900e+02 4.783600000000000100e+02 4.073086000000000000e+01 -4.770501562499999900e+02 9.344081599999999800e+01
2.360843912063986500e-02 1.322031249999952300e+00 1.343026480000000000e+02 4.788081874999999700e+02 4.082047200000000200e+01 -4.774861562500000200e+02 9.348217599999999500e+01
2.369796814447702000e-02 1.295343750000029100e+00 1.344291440000000100e+02 4.792970000000000300e+02 4.090741599999999800e+01 -4.780016562500000000e+02 9.352172799999999600e+01
2.370516314057478200e-02 1.296625000000005900e+00 1.344410159999999900e+02 4.793353437499999900e+02 4.091623200000000100e+01 -4.780387187499999900e+02 9.352478399999999700e+01
2.372134934272574600e-02 1.457656250000013600e+00 1.344717640000000100e+02 4.795809375000000000e+02 4.094471600000000000e+01 -4.781232812499999900e+02 9.352704799999999400e+01
2.375777119935855400e-02 1.255468749999977300e+00 1.344959080000000100e+02 4.796358437499999900e+02 4.096608400000000200e+01 -4.783803750000000200e+02 9.352982400000000500e+01
2.377825785894726500e-02 1.205156250000015900e+00 1.345209240000000100e+02 4.797053437500000000e+02 4.098422800000000200e+01 -4.785001874999999800e+02 9.353669600000000600e+01
2.380361082563657200e-02 1.260375000000010500e+00 1.345607479999999900e+02 4.798768749999999800e+02 4.101298800000000000e+01 -4.786164999999999700e+02 9.354775999999999700e+01
2.381009198062118300e-02 1.286781249999990000e+00 1.345715600000000100e+02 4.799307499999999900e+02 4.102100000000000100e+01 -4.786439687500000000e+02 9.355056000000000400e+01
2.381373808370520700e-02 1.306406250000009100e+00 1.345779000000000000e+02 4.799652187500000200e+02 4.102580400000000100e+01 -4.786588125000000100e+02 9.355209600000000600e+01
2.382194290381669000e-02 1.498406250000016400e+00 1.346011880000000100e+02 4.801864375000000100e+02 4.104685200000000100e+01 -4.786880312499999900e+02 9.355433600000000600e+01
2.384040120999852600e-02 1.471093750000022700e+00 1.346092960000000000e+02 4.802891250000000100e+02 4.105908800000000300e+01 -4.788180312499999900e+02 9.355020799999999800e+01
2.388193457525251300e-02 1.188187499999969500e+00 1.346414399999999900e+02 4.802962499999999900e+02 4.108117599999999900e+01 -4.791080625000000200e+02 9.356026400000000400e+01
2.397538247072912600e-02 1.317906250000021400e+00 1.347851120000000000e+02 4.808512812500000000e+02 4.117605600000000300e+01 -4.795333749999999800e+02 9.360905599999999500e+01
2.418564204917221500e-02 1.224937500000010000e+00 1.348827000000000000e+02 4.834406250000000100e+02 4.111183599999999700e+01 -4.822156875000000000e+02 9.377086400000000300e+01
2.430391333408956500e-02 1.303968749999967300e+00 1.350664480000000100e+02 4.841957812499999800e+02 4.122606400000000100e+01 -4.828918125000000100e+02 9.384038400000000000e+01
2.437043984368314500e-02 1.307749999999998600e+00 1.351489200000000000e+02 4.846003437499999800e+02 4.127848800000000300e+01 -4.832925937499999800e+02 9.387043199999999400e+01
2.440786136805367400e-02 1.310625000000015900e+00 1.351935080000000100e+02 4.848351562500000100e+02 4.130751600000000000e+01 -4.835245312500000000e+02 9.388599200000000200e+01
2.449205979788736700e-02 1.303718750000030000e+00 1.352955520000000100e+02 4.853826562500000300e+02 4.137420800000000300e+01 -4.840789374999999900e+02 9.392134400000000500e+01
2.468150916680632600e-02 1.308125000000018200e+00 1.355420360000000000e+02 4.867104062500000100e+02 4.152477199999999900e+01 -4.854022812499999900e+02 9.401726399999999700e+01
2.510776516873597400e-02 1.303875000000005000e+00 1.360532400000000200e+02 4.892884687499999900e+02 4.186298399999999700e+01 -4.879845937499999900e+02 9.419025600000000500e+01
2.534753453254554400e-02 1.307250000000010500e+00 1.363210640000000100e+02 4.906172812500000200e+02 4.204440000000000300e+01 -4.893100312500000100e+02 9.427666399999999700e+01
2.538125046707262500e-02 1.303062500000010000e+00 1.363577520000000000e+02 4.907938750000000100e+02 4.206920000000000200e+01 -4.894908125000000000e+02 9.428855199999999600e+01
2.540021658705446400e-02 1.308562499999993600e+00 1.363766119999999900e+02 4.908987187500000000e+02 4.208154799999999800e+01 -4.895901562500000100e+02 9.429506399999999600e+01
2.541088648044082000e-02 1.349874999999997300e+00 1.363787480000000000e+02 4.909837499999999900e+02 4.208199599999999700e+01 -4.896338749999999900e+02 9.429675199999999800e+01
2.541418581924427200e-02 1.384531250000009100e+00 1.363753519999999900e+02 4.910245625000000000e+02 4.207923999999999900e+01 -4.896400312499999900e+02 9.429611199999999400e+01
2.541756060466943100e-02 1.576375000000041400e+00 1.363534680000000200e+02 4.911329375000000300e+02 4.206781200000000400e+01 -4.895565624999999800e+02 9.428565600000000300e+01
2.542515749911748000e-02 1.969562499999995000e+00 1.362628760000000100e+02 4.913119375000000000e+02 4.201792400000000100e+01 -4.893423750000000000e+02 9.424495199999999800e+01
2.543455640710725800e-02 1.778906249999977300e+00 1.362136120000000100e+02 4.911947500000000000e+02 4.198690800000000000e+01 -4.894158437500000200e+02 9.422670399999999800e+01
2.543968097379758000e-02 1.648593749999975000e+00 1.361989720000000000e+02 4.911427812499999800e+02 4.197587600000000000e+01 -4.894941875000000100e+02 9.422309599999999800e+01
2.544208656031302100e-02 1.604343749999998200e+00 1.361944640000000100e+02 4.911407187500000200e+02 4.197111199999999800e+01 -4.895363750000000200e+02 9.422335200000000600e+01
2.544749260093820100e-02 2.139593750000017300e+00 1.361055079999999900e+02 4.913505000000000100e+02 4.193018800000000100e+01 -4.892109062499999900e+02 9.417531999999999900e+01
2.545965691779314100e-02 1.287374999999997300e+00 1.361481720000000200e+02 4.910117812500000100e+02 4.194092400000000300e+01 -4.897244062500000200e+02 9.420724800000000700e+01
2.548702953250989200e-02 7.060000000000172800e-01 1.362369080000000000e+02 4.909800000000000200e+02 4.198118800000000300e+01 -4.902740000000000000e+02 9.425571999999999700e+01
2.554862009196743500e-02 1.247562500000015000e+00 1.363954160000000100e+02 4.917723125000000000e+02 4.207351200000000100e+01 -4.905247499999999800e+02 9.432190400000000400e+01
2.568719522350548800e-02 1.331406249999986400e+00 1.366044200000000000e+02 4.925624062499999800e+02 4.221224399999999800e+01 -4.912309999999999900e+02 9.439217600000000600e+01
2.573006631539833900e-02 1.307749999999998600e+00 1.366456039999999900e+02 4.927753124999999800e+02 4.224065999999999800e+01 -4.914675624999999900e+02 9.440494400000000000e+01
2.577391240978719700e-02 1.310593749999952700e+00 1.366846200000000000e+02 4.930303124999999800e+02 4.226624400000000000e+01 -4.917197187500000300e+02 9.441837599999999500e+01
2.578747829273014100e-02 1.317031249999956800e+00 1.366963639999999900e+02 4.931187812499999800e+02 4.227362000000000100e+01 -4.918017500000000300e+02 9.442274399999999400e+01
2.580135176574623400e-02 1.327093750000017300e+00 1.367082080000000100e+02 4.932175937499999900e+02 4.228091200000000100e+01 -4.918904999999999700e+02 9.442729599999999800e+01
2.580915468750743000e-02 1.342468750000023200e+00 1.367154840000000000e+02 4.932849375000000100e+02 4.228575599999999900e+01 -4.919424687499999900e+02 9.442972799999999700e+01
2.581156897940230200e-02 1.351749999999981400e+00 1.367180760000000000e+02 4.933102500000000000e+02 4.228767599999999800e+01 -4.919585000000000200e+02 9.443040000000000600e+01
2.581403840536689000e-02 1.368375000000014600e+00 1.367213520000000000e+02 4.933430000000000200e+02 4.229030399999999900e+01 -4.919746250000000000e+02 9.443104800000000400e+01
2.581959243744235200e-02 3.118312500000001800e+00 1.366211040000000000e+02 4.943947812499999900e+02 4.227024000000000100e+01 -4.912764687499999900e+02 9.435086400000000100e+01
2.583209336230186600e-02 2.968562500000018600e+00 1.364024800000000000e+02 4.945333125000000200e+02 4.214225600000000300e+01 -4.915647500000000000e+02 9.426022399999999400e+01
2.586021754144261800e-02 5.107812500000363800e-01 1.364516079999999900e+02 4.931183750000000100e+02 4.216020799999999700e+01 -4.926075937499999800e+02 9.429139999999999600e+01
2.592349984630246100e-02 1.100718749999998600e+00 1.367449520000000100e+02 4.940675312500000000e+02 4.235173600000000200e+01 -4.929668125000000000e+02 9.439321599999999500e+01
2.600181053784926200e-02 1.418843750000007700e+00 1.368282080000000200e+02 4.947218125000000000e+02 4.239504800000000300e+01 -4.933029687499999900e+02 9.443316000000000100e+01
2.608190002859264700e-02 1.301374999999950400e+00 1.369043200000000100e+02 4.952247499999999700e+02 4.243474400000000200e+01 -4.939233750000000200e+02 9.446957600000000400e+01
2.612695036713579700e-02 1.289343750000000500e+00 1.369026440000000100e+02 4.955895625000000000e+02 4.241639599999999900e+01 -4.943002187500000000e+02 9.448624800000000300e+01
2.615229172665253400e-02 1.250750000000039100e+00 1.369418839999999900e+02 4.957200000000000300e+02 4.244129199999999700e+01 -4.944692499999999900e+02 9.450059199999999700e+01
2.620930906011690800e-02 1.497593750000021400e+00 1.369093680000000000e+02 4.968007499999999900e+02 4.237228000000000300e+01 -4.953031562499999700e+02 9.453708799999999700e+01
2.626543554308642000e-02 1.195562499999994100e+00 1.369916519999999900e+02 4.969398125000000200e+02 4.242348400000000200e+01 -4.957442500000000200e+02 9.456816800000000000e+01
2.627535677384191400e-02 1.227749999999957700e+00 1.369988680000000200e+02 4.970269374999999700e+02 4.242638800000000300e+01 -4.957991875000000200e+02 9.457247999999999900e+01
2.628093982384880800e-02 1.340937499999995500e+00 1.369890800000000000e+02 4.971567812499999900e+02 4.241655999999999700e+01 -4.958158437500000000e+02 9.457251999999999700e+01
2.628664765096084400e-02 1.876125000000001800e+00 1.369198040000000000e+02 4.975834062500000000e+02 4.236593200000000100e+01 -4.957072812499999900e+02 9.455387199999999800e+01
2.629949098741121400e-02 1.726656249999962300e+00 1.368376280000000000e+02 4.976212499999999700e+02 4.229980400000000200e+01 -4.958945937500000100e+02 9.453782400000000100e+01
2.632838704352797500e-02 1.107156250000002700e+00 1.369233800000000100e+02 4.974643125000000100e+02 4.234823600000000000e+01 -4.963571562500000000e+02 9.457514399999999500e+01
2.639340752248040300e-02 1.189187500000002700e+00 1.370516160000000000e+02 4.978412500000000000e+02 4.243596000000000100e+01 -4.966520625000000000e+02 9.461565600000000100e+01
2.653970142377850400e-02 1.335218750000024100e+00 1.371978960000000100e+02 4.988532812500000100e+02 4.253516799999999900e+01 -4.975180624999999800e+02 9.466272800000000100e+01
2.655101551524257500e-02 1.329500000000052800e+00 1.372057959999999900e+02 4.989259062500000300e+02 4.254019600000000200e+01 -4.975964062499999700e+02 9.466559999999999800e+01
2.656258786629636700e-02 1.335187500000017700e+00 1.372121640000000000e+02 4.990086875000000100e+02 4.254416400000000200e+01 -4.976734999999999900e+02 9.466800000000000600e+01
2.658862565616739600e-02 1.411000000000001400e+00 1.371958999999999900e+02 4.992329687500000000e+02 4.253045199999999700e+01 -4.978219687500000000e+02 9.466544799999999800e+01
2.660327100615949100e-02 1.237187500000004500e+00 1.372138720000000100e+02 4.992132187500000100e+02 4.254171199999999700e+01 -4.979760312500000100e+02 9.467216000000000500e+01
2.663622376908999000e-02 1.494281249999971800e+00 1.370623160000000100e+02 4.998492812499999900e+02 4.249988400000000200e+01 -4.983550000000000200e+02 9.456243200000000100e+01
2.665476042368668600e-02 7.460000000000377400e-01 1.370933959999999800e+02 4.995085000000000300e+02 4.252624399999999800e+01 -4.987624999999999900e+02 9.456715199999999300e+01
2.669646789652924100e-02 9.901874999999904500e-01 1.372260800000000000e+02 5.000349375000000100e+02 4.262075200000000300e+01 -4.990447500000000200e+02 9.460532800000000000e+01
2.679030608318357400e-02 1.381156250000003600e+00 1.373475080000000000e+02 5.006124375000000000e+02 4.269302799999999800e+01 -4.992312812499999900e+02 9.465448000000000700e+01
2.700144635584552900e-02 1.345281249999970900e+00 1.374708440000000000e+02 5.021790937499999900e+02 4.273046800000000200e+01 -5.008338125000000200e+02 9.474037599999999800e+01
2.712021384739030800e-02 1.280156250000004500e+00 1.376126720000000000e+02 5.027493437499999800e+02 4.282267999999999800e+01 -5.014691874999999800e+02 9.478999199999999800e+01
2.738743707612463100e-02 1.295156249999990900e+00 1.378418279999999900e+02 5.039403750000000200e+02 4.296311599999999900e+01 -5.026452187500000300e+02 9.487871199999999300e+01
2.771812542268679500e-02 1.307562499999960400e+00 1.381400240000000100e+02 5.052959687499999900e+02 4.315326400000000000e+01 -5.039884062500000300e+02 9.498676000000000400e+01
2.790413616673144400e-02 1.308843749999994100e+00 1.382942600000000100e+02 5.061183750000000100e+02 4.324167599999999800e+01 -5.048095312500000200e+02 9.505258399999999600e+01
2.800876902387727400e-02 1.311187500000016800e+00 1.383718880000000100e+02 5.066013437500000100e+02 4.328248000000000000e+01 -5.052901562500000000e+02 9.508940800000000600e+01
2.806762609419422700e-02 1.297343749999981800e+00 1.384178399999999800e+02 5.068369687499999800e+02 4.330792799999999700e+01 -5.055396250000000000e+02 9.510991199999999400e+01
2.808267189164004300e-02 1.296093750000011400e+00 1.384298680000000000e+02 5.068929062500000100e+02 4.331469200000000100e+01 -5.055968125000000000e+02 9.511517600000000500e+01
2.809113642223781300e-02 1.303187499999978600e+00 1.384361600000000000e+02 5.069293124999999800e+02 4.331807200000000100e+01 -5.056261250000000000e+02 9.511808800000000000e+01
2.811018379242765200e-02 1.416875000000004500e+00 1.384333159999999900e+02 5.070881875000000000e+02 4.331158800000000000e+01 -5.056713125000000000e+02 9.512172800000000400e+01
2.815303457176850400e-02 1.260156250000022700e+00 1.384494720000000100e+02 5.071571250000000100e+02 4.331493600000000300e+01 -5.058969687499999800e+02 9.513453599999999700e+01
2.824945245252685100e-02 1.288250000000005000e+00 1.385466000000000100e+02 5.075313437500000200e+02 4.337290399999999800e+01 -5.062430937500000100e+02 9.517369600000000700e+01
2.846639340968141700e-02 1.309468750000007700e+00 1.387192840000000200e+02 5.083759687500000300e+02 4.347321999999999800e+01 -5.070665000000000200e+02 9.524606400000000400e+01
2.885688481112511800e-02 1.307093750000035500e+00 1.389768960000000100e+02 5.103260000000000200e+02 4.359935999999999700e+01 -5.090189062499999900e+02 9.537753600000000600e+01
2.912534710553144800e-02 1.279812499999991400e+00 1.391151480000000000e+02 5.119058437499999700e+02 4.364183599999999800e+01 -5.106260312499999800e+02 9.547331200000000700e+01
2.927635932247986800e-02 1.306874999999990900e+00 1.392177120000000100e+02 5.126031249999999800e+02 4.370290399999999700e+01 -5.112962499999999900e+02 9.551480800000000200e+01
2.936130061135813400e-02 1.306218749999970900e+00 1.392731160000000200e+02 5.129719999999999800e+02 4.373591600000000300e+01 -5.116657812500000100e+02 9.553719999999999900e+01
2.944817739626270600e-02 1.324656250000089100e+00 1.393089559999999900e+02 5.133339687500000500e+02 4.375409200000000000e+01 -5.120093124999999600e+02 9.555486399999999500e+01
2.964364218236684200e-02 1.305374999999912700e+00 1.394465800000000100e+02 5.142972499999999600e+02 4.384214800000000200e+01 -5.129918750000000500e+02 9.560443200000000300e+01
2.988553275696385900e-02 1.306843749999984500e+00 1.395858480000000000e+02 5.155482812499999500e+02 4.392912799999999900e+01 -5.142414374999999600e+02 9.565672000000000700e+01
3.013291932777348000e-02 1.306500000000028200e+00 1.397315440000000100e+02 5.167752187500000200e+02 4.402602400000000000e+01 -5.154687187499999900e+02 9.570552000000000700e+01
3.042978437346228300e-02 1.308125000000018200e+00 1.398953920000000200e+02 5.182963750000000100e+02 4.413690400000000100e+01 -5.169882499999999900e+02 9.575848800000000000e+01
3.073592645182885900e-02 1.303124999999909100e+00 1.400083160000000100e+02 5.200723437499999600e+02 4.417921200000000000e+01 -5.187692187500000500e+02 9.582910400000000100e+01
3.090813046409970200e-02 1.303812499999935400e+00 1.401062039999999900e+02 5.208452187499999600e+02 4.424261200000000100e+01 -5.195414062500000200e+02 9.586359199999999700e+01
3.095215937145656300e-02 1.311250000000086400e+00 1.401294599999999900e+02 5.210365000000000500e+02 4.425741200000000200e+01 -5.197252499999999600e+02 9.587204800000000700e+01
3.100664634130035100e-02 1.318624999999997300e+00 1.401532159999999900e+02 5.212419999999999600e+02 4.427103199999999800e+01 -5.199233749999999600e+02 9.588218399999999500e+01
3.102057785017929600e-02 1.322000000000002700e+00 1.401581320000000200e+02 5.212911874999999800e+02 4.427353200000000300e+01 -5.199691874999999800e+02 9.588460000000000600e+01
3.105192301970864700e-02 1.446562500000027300e+00 1.401358000000000200e+02 5.215122812500000000e+02 4.424920000000000200e+01 -5.200657187499999700e+02 9.588660000000000100e+01
3.112245110204624900e-02 1.455343749999997300e+00 1.399787719999999900e+02 5.221708437500000200e+02 4.409003599999999800e+01 -5.207155000000000200e+02 9.588873599999999400e+01
3.128113566006443500e-02 1.264593750000017300e+00 1.401702680000000200e+02 5.223163749999999900e+02 4.424129200000000100e+01 -5.210517812499999800e+02 9.592897600000000600e+01
3.147750870742228900e-02 1.320187500000088200e+00 1.403038080000000000e+02 5.229276562500000400e+02 4.434962399999999900e+01 -5.216074687499999500e+02 9.595418399999999800e+01
3.152771843417347800e-02 1.314093750000097300e+00 1.403274999999999900e+02 5.231095937500000400e+02 4.436615599999999700e+01 -5.217954999999999500e+02 9.596134399999999700e+01
3.158985162894874200e-02 1.312218749999942700e+00 1.403354119999999900e+02 5.233213124999999800e+02 4.436712399999999700e+01 -5.220090937500000300e+02 9.596828800000000100e+01
3.162480082556154400e-02 1.303468750000092800e+00 1.403526160000000100e+02 5.234120625000000500e+02 4.437783199999999800e+01 -5.221085937499999500e+02 9.597478400000000000e+01
3.166054511349548900e-02 1.459156249999978200e+00 1.403241720000000000e+02 5.237359999999999900e+02 4.434683600000000300e+01 -5.222768437500000100e+02 9.597733599999999400e+01
3.174097121224344500e-02 1.253375000000005500e+00 1.403719239999999800e+02 5.238120937500000300e+02 4.437785999999999800e+01 -5.225587187500000300e+02 9.599406399999999500e+01
3.192192703263320400e-02 1.312031250000018200e+00 1.404720600000000000e+02 5.245650000000000500e+02 4.444336400000000300e+01 -5.232529687500000400e+02 9.602869599999999700e+01
3.197791132773871600e-02 1.329625000000078200e+00 1.404895599999999800e+02 5.248918750000000300e+02 4.445194399999999700e+01 -5.235622499999999500e+02 9.603761600000000000e+01
3.199222587331251900e-02 1.361281249999933600e+00 1.404895320000000000e+02 5.250166874999999900e+02 4.444988399999999700e+01 -5.236554062500000600e+02 9.603964800000000000e+01
3.202443287540530200e-02 1.303656250000017300e+00 1.404979720000000000e+02 5.251918124999999700e+02 4.445227599999999800e+01 -5.238881562499999500e+02 9.604569600000000700e+01
3.209689645376920300e-02 1.268624999999929100e+00 1.405331679999999900e+02 5.255232499999999600e+02 4.447191200000000300e+01 -5.242546250000000300e+02 9.606125600000000000e+01
3.225994240688113300e-02 1.307749999999941800e+00 1.406309760000000000e+02 5.262181249999999900e+02 4.453444799999999800e+01 -5.249103750000000400e+02 9.609652800000000600e+01
3.231038427708374900e-02 1.315312500000004500e+00 1.406585079999999800e+02 5.264383749999999500e+02 4.455200399999999700e+01 -5.251230624999999500e+02 9.610650400000000100e+01
3.233875801043479400e-02 1.544187500000020900e+00 1.406420799999999900e+02 5.268559374999999800e+02 4.453313599999999900e+01 -5.253117499999999600e+02 9.610894399999999400e+01
3.234601249329197700e-02 2.005687500000021800e+00 1.405986920000000000e+02 5.273985000000000100e+02 4.449329999999999800e+01 -5.253928124999999900e+02 9.610539199999999500e+01
3.235009241445087300e-02 2.032187500000077300e+00 1.405746800000000000e+02 5.275008125000000500e+02 4.447200800000000200e+01 -5.254686249999999700e+02 9.610267199999999800e+01
3.235927368795492300e-02 1.877250000000003600e+00 1.405183559999999800e+02 5.275925624999999900e+02 4.442135600000000300e+01 -5.257153124999999800e+02 9.609699999999999400e+01
3.237993445513220900e-02 1.233437500000036400e+00 1.405276120000000000e+02 5.273020625000000300e+02 4.442533999999999800e+01 -5.260686250000000000e+02 9.610227199999999900e+01
3.242641537769479200e-02 9.188749999999572500e-01 1.405714199999999900e+02 5.273246249999999700e+02 4.445361200000000000e+01 -5.264057500000000100e+02 9.611780799999999700e+01
3.253099890435719900e-02 1.334875000000010900e+00 1.406892800000000000e+02 5.280170000000000500e+02 4.453432000000000100e+01 -5.266821250000000400e+02 9.615496000000000300e+01
3.276631401569245200e-02 1.308312500000056400e+00 1.408310999999999900e+02 5.288640625000000500e+02 4.463649999999999800e+01 -5.275557499999999900e+02 9.619459999999999400e+01
3.329577519254163500e-02 1.307062499999915400e+00 1.410997440000000200e+02 5.310984999999999400e+02 4.481188800000000300e+01 -5.297914375000000300e+02 9.628785600000000500e+01
3.337022940100155300e-02 1.302437499999996400e+00 1.411365119999999800e+02 5.313756250000000100e+02 4.483464800000000100e+01 -5.300731875000000200e+02 9.630186399999999500e+01
3.341211098143268000e-02 1.306249999999977300e+00 1.411560959999999900e+02 5.315364375000000300e+02 4.484628000000000000e+01 -5.302301875000000600e+02 9.630981599999999800e+01
3.342506748781562400e-02 1.307000000000016400e+00 1.411619840000000200e+02 5.315853124999999900e+02 4.484968800000000000e+01 -5.302783124999999700e+02 9.631229600000000300e+01
3.343235679219053200e-02 1.307374999999979100e+00 1.411651239999999900e+02 5.316105000000000000e+02 4.485139600000000100e+01 -5.303031250000000200e+02 9.631372799999999800e+01
3.343981149877458400e-02 1.308812499999930900e+00 1.411677599999999900e+02 5.316291874999999400e+02 4.485252800000000000e+01 -5.303203750000000100e+02 9.631523199999999500e+01
3.344211552253002100e-02 1.311562500000036400e+00 1.411683759999999900e+02 5.316335625000000400e+02 4.485272799999999900e+01 -5.303220000000000000e+02 9.631564799999999600e+01
3.344447468035518400e-02 1.337625000000002700e+00 1.411672160000000000e+02 5.316387499999999600e+02 4.485272799999999900e+01 -5.303011249999999600e+02 9.631448799999999700e+01
3.344978206001350500e-02 3.158062500000028200e+00 1.409748199999999900e+02 5.321734374999999800e+02 4.478410000000000200e+01 -5.290153749999999500e+02 9.619071999999999900e+01
3.345276510336437500e-02 3.924062499999990900e+00 1.408419600000000000e+02 5.324321250000000400e+02 4.471618399999999800e+01 -5.285080625000000500e+02 9.612577600000000200e+01
3.345948275449013600e-02 2.593062499999973600e+00 1.407240360000000100e+02 5.314855000000000000e+02 4.462268400000000000e+01 -5.288924375000000300e+02 9.610135200000000600e+01
3.347459239138509500e-02 1.247187499999995500e+00 1.407904839999999900e+02 5.307319999999999700e+02 4.464867600000000200e+01 -5.294848124999999800e+02 9.614180799999999700e+01
3.349329444819092900e-02 1.162812499999972700e+00 1.407561800000000000e+02 5.306869375000000000e+02 4.461865999999999800e+01 -5.295241250000000300e+02 9.613751999999999500e+01
3.351242016679562700e-02 1.483812499999999100e+00 1.405398520000000000e+02 5.306136249999999600e+02 4.449149200000000100e+01 -5.291298124999999600e+02 9.604836000000000200e+01
3.355545085731133400e-02 9.429374999999709000e-01 1.405789680000000000e+02 5.305288749999999700e+02 4.448792000000000300e+01 -5.295859375000000000e+02 9.609104800000000100e+01
3.360870166327625800e-02 1.059437499999944500e+00 1.407491640000000100e+02 5.310243749999999600e+02 4.456195600000000200e+01 -5.299649375000000200e+02 9.618720799999999800e+01
3.366316541877490500e-02 1.342312499999934500e+00 1.408542280000000100e+02 5.314317499999999700e+02 4.460720400000000300e+01 -5.300894375000000300e+02 9.624702399999999600e+01
3.369379964898424500e-02 1.584062499999959100e+00 1.408324120000000100e+02 5.315607499999999800e+02 4.458851599999999800e+01 -5.299766875000000300e+02 9.624389600000000700e+01
3.376272884330012300e-02 1.225499999999897200e+00 1.408840999999999900e+02 5.314578749999999400e+02 4.460719600000000200e+01 -5.302323750000000500e+02 9.627690400000000200e+01
3.391781517782113700e-02 1.329999999999927200e+00 1.410965760000000000e+02 5.315696249999999700e+02 4.475752000000000000e+01 -5.302396250000000500e+02 9.633905599999999900e+01
3.426676741042457300e-02 1.307999999999992700e+00 1.412949040000000000e+02 5.328063750000000000e+02 4.486275200000000000e+01 -5.314983750000000100e+02 9.643215200000000200e+01
3.469859195339539800e-02 1.307874999999967300e+00 1.414787159999999900e+02 5.345561874999999600e+02 4.495817199999999800e+01 -5.332483125000000000e+02 9.652054400000000100e+01
3.475931777849636900e-02 1.314499999999952700e+00 1.415010320000000100e+02 5.347932499999999400e+02 4.496880800000000300e+01 -5.334787499999999900e+02 9.653222399999999900e+01
3.477484527360390200e-02 1.327125000000023600e+00 1.415049239999999900e+02 5.348751875000000400e+02 4.496998000000000000e+01 -5.335480625000000100e+02 9.653494399999999600e+01
3.480977996125098800e-02 1.286812499999996400e+00 1.415176759999999900e+02 5.349850000000000100e+02 4.497603600000000100e+01 -5.336981875000000200e+02 9.654164000000000100e+01
3.488838083211207700e-02 1.305375000000026400e+00 1.415485520000000000e+02 5.352178125000000400e+02 4.499016000000000300e+01 -5.339124375000000100e+02 9.655839199999999800e+01
3.506523641879094600e-02 1.307687499999929100e+00 1.416150799999999800e+02 5.357532499999999800e+02 4.501762399999999800e+01 -5.344455625000000500e+02 9.659745599999999400e+01
3.546316221426669400e-02 1.306749999999965400e+00 1.417819519999999900e+02 5.371153749999999700e+02 4.510140799999999900e+01 -5.358086250000000100e+02 9.668054399999999800e+01
3.568699493013559300e-02 1.307312499999966300e+00 1.418654679999999900e+02 5.377930625000000200e+02 4.513948400000000300e+01 -5.364857500000000500e+02 9.672598399999999700e+01
3.571847068035637100e-02 1.311249999999972700e+00 1.418746040000000100e+02 5.378496249999999500e+02 4.514170800000000100e+01 -5.365383749999999700e+02 9.673289599999999700e+01
3.573617452032106000e-02 1.320687500000076400e+00 1.418771199999999900e+02 5.378529375000000500e+02 4.514011200000000200e+01 -5.365322499999999800e+02 9.673700800000000300e+01
3.577601323837960300e-02 1.301812499999982700e+00 1.418900679999999900e+02 5.379490624999999700e+02 4.514549199999999700e+01 -5.366472499999999900e+02 9.674457599999999500e+01
3.586564672676990900e-02 1.306625000000053700e+00 1.419246640000000100e+02 5.382239375000000300e+02 4.516147200000000300e+01 -5.369173124999999800e+02 9.676319200000000400e+01
3.606732425199294500e-02 1.306062500000052800e+00 1.419955720000000100e+02 5.387870000000000300e+02 4.519265999999999700e+01 -5.374809374999999800e+02 9.680291200000000600e+01
3.618076695312054400e-02 1.305312500000013600e+00 1.420329600000000000e+02 5.390844375000000400e+02 4.520839200000000300e+01 -5.377791250000000200e+02 9.682456799999999900e+01
3.621586414118362800e-02 1.302874999999971800e+00 1.420432360000000100e+02 5.391635000000000000e+02 4.521215600000000000e+01 -5.378606250000000300e+02 9.683108000000000000e+01
3.623560503993462200e-02 1.300312500000018200e+00 1.420476120000000200e+02 5.391942500000000100e+02 4.521298800000000300e+01 -5.378939374999999900e+02 9.683462400000000500e+01
3.625579571662274800e-02 1.320812499999988200e+00 1.420446079999999800e+02 5.392111250000000400e+02 4.520782400000000200e+01 -5.378903125000000500e+02 9.683678399999999400e+01
3.630122619006761300e-02 1.392562500000053700e+00 1.419455959999999900e+02 5.392924375000000100e+02 4.512405199999999900e+01 -5.378998749999999500e+02 9.682154400000000300e+01
3.640343895173229300e-02 1.262249999999994500e+00 1.420515320000000100e+02 5.392205625000000300e+02 4.519558800000000100e+01 -5.379583125000000300e+02 9.685594399999999400e+01
3.663342056727093800e-02 1.314250000000015500e+00 1.421384120000000200e+02 5.398696250000000400e+02 4.523593999999999900e+01 -5.385553750000000300e+02 9.690247200000000300e+01
3.676278540737350200e-02 1.306687500000066400e+00 1.421791399999999900e+02 5.401903750000000200e+02 4.525269200000000300e+01 -5.388836874999999500e+02 9.692644799999999300e+01
3.705385557215597900e-02 1.306124999999951800e+00 1.422665480000000000e+02 5.408731874999999700e+02 4.528496400000000200e+01 -5.395670625000000200e+02 9.698158399999999800e+01
3.770876707015798100e-02 1.306687499999952700e+00 1.424586280000000000e+02 5.424196875000000100e+02 4.535074800000000300e+01 -5.411130000000000600e+02 9.710787999999999400e+01
3.791137897277303100e-02 1.305562499999950900e+00 1.425223800000000000e+02 5.429050624999999900e+02 4.537676400000000100e+01 -5.415995000000000300e+02 9.714561600000000400e+01
3.802534980025263500e-02 1.306375000000002700e+00 1.425574040000000200e+02 5.431718750000000000e+02 4.539048400000000100e+01 -5.418655000000000000e+02 9.716692000000000500e+01
3.805448960699339000e-02 1.306312499999990000e+00 1.425662000000000100e+02 5.432386874999999700e+02 4.539380800000000000e+01 -5.419323749999999800e+02 9.717239200000000200e+01
3.807087893466435500e-02 1.306437500000015500e+00 1.425710719999999900e+02 5.432758125000000300e+02 4.539559200000000100e+01 -5.419693750000000100e+02 9.717547999999999300e+01
3.809116537052620300e-02 1.307624999999916300e+00 1.425767199999999900e+02 5.433194999999999500e+02 4.539740799999999900e+01 -5.420118750000000300e+02 9.717931199999999600e+01
3.811191028970462700e-02 1.338750000000004500e+00 1.425743960000000100e+02 5.433750625000000100e+02 4.539271600000000000e+01 -5.420363125000000100e+02 9.718168000000000000e+01
3.815858563240779500e-02 1.331187500000055500e+00 1.425293879999999800e+02 5.435247500000000400e+02 4.534801199999999700e+01 -5.421935624999999800e+02 9.718137600000000000e+01
3.817302495508674600e-02 1.281187500000101000e+00 1.425248880000000000e+02 5.435114375000000600e+02 4.534232800000000200e+01 -5.422302499999999600e+02 9.718255999999999500e+01
3.818114997588679900e-02 1.373375000000010000e+00 1.425091120000000200e+02 5.436265624999999800e+02 4.532647200000000300e+01 -5.422531874999999700e+02 9.718264000000000600e+01
3.818571739829368400e-02 1.691562500000031800e+00 1.424724039999999800e+02 5.439593125000000100e+02 4.529151600000000100e+01 -5.422677499999999800e+02 9.718088799999999600e+01
3.819039218704685400e-02 2.146624999999971800e+00 1.424052759999999900e+02 5.444423124999999600e+02 4.522932399999999800e+01 -5.422956874999999900e+02 9.717595199999999500e+01
3.820090538360349600e-02 1.833625000000097300e+00 1.423468800000000000e+02 5.443032500000000500e+02 4.517622399999999800e+01 -5.424696249999999500e+02 9.717065599999999400e+01
3.822456080130422200e-02 1.174937500000055500e+00 1.423756400000000000e+02 5.438265000000000100e+02 4.520078399999999900e+01 -5.426515624999999500e+02 9.717485600000000500e+01
3.827778839292399900e-02 9.808749999999690800e-01 1.424246080000000100e+02 5.436705624999999600e+02 4.523888800000000300e+01 -5.426896874999999900e+02 9.718572000000000300e+01
3.839755119951678000e-02 1.330624999999940900e+00 1.425164719999999900e+02 5.439150624999999800e+02 4.530351199999999800e+01 -5.425844375000000400e+02 9.721295999999999500e+01
3.866701751435055300e-02 1.338562499999966300e+00 1.425119399999999800e+02 5.441036874999999800e+02 4.526466800000000000e+01 -5.427651250000000100e+02 9.724727199999999500e+01
3.927331237003681100e-02 1.310875000000010000e+00 1.427490960000000100e+02 5.446200625000000200e+02 4.539483200000000100e+01 -5.433091875000000100e+02 9.735426400000000100e+01
3.961435141273961900e-02 1.306687500000066400e+00 1.428628360000000200e+02 5.452614375000000600e+02 4.543301999999999900e+01 -5.439547499999999900e+02 9.742981600000000200e+01
3.971986351320773400e-02 1.306812499999978200e+00 1.428965120000000000e+02 5.454674999999999700e+02 4.544381599999999800e+01 -5.441606874999999900e+02 9.745269600000000300e+01
3.982776959301873000e-02 1.307312499999966300e+00 1.429230440000000000e+02 5.456476874999999600e+02 4.544765199999999800e+01 -5.443403749999999900e+02 9.747539199999999900e+01
4.007056262528318300e-02 1.305062499999962700e+00 1.429908320000000100e+02 5.461191874999999500e+02 4.546452000000000000e+01 -5.448141249999999900e+02 9.752631200000000400e+01
4.034370261023582200e-02 1.312687500000038200e+00 1.430654040000000000e+02 5.468181250000000100e+02 4.548719599999999700e+01 -5.455054374999999700e+02 9.757820800000000400e+01
4.048027260271214900e-02 1.307374999999979100e+00 1.431068880000000000e+02 5.470827500000000300e+02 4.550489600000000200e+01 -5.457753750000000500e+02 9.760199199999999600e+01
4.055709467437664700e-02 1.327687499999910900e+00 1.431194239999999800e+02 5.473027499999999500e+02 4.550560000000000100e+01 -5.459750625000000400e+02 9.761382399999999400e+01
4.058086036021681100e-02 1.363937500000020000e+00 1.431168480000000000e+02 5.474231250000000300e+02 4.549996800000000300e+01 -5.460591875000000100e+02 9.761687999999999500e+01
4.060516577958153700e-02 1.680124999999975400e+00 1.430732840000000000e+02 5.479314375000000200e+02 4.545769200000000200e+01 -5.462513125000000400e+02 9.761559200000000700e+01
4.065985587494532600e-02 1.143874999999980000e+00 1.430833519999999900e+02 5.476801874999999900e+02 4.545908000000000000e+01 -5.465363125000000100e+02 9.762427200000000500e+01
4.078290931496213200e-02 1.301687499999957300e+00 1.431455760000000100e+02 5.479681249999999900e+02 4.549459199999999700e+01 -5.466664375000000300e+02 9.765098399999999400e+01
4.093518671372084500e-02 1.309875000000033700e+00 1.431949200000000200e+02 5.481804375000000400e+02 4.552168000000000300e+01 -5.468705625000000100e+02 9.767324000000000700e+01
4.102084184371226200e-02 1.303062500000010000e+00 1.432159680000000000e+02 5.482768750000000200e+02 4.553159999999999700e+01 -5.469738125000000100e+02 9.768436800000000600e+01
4.104274167656155000e-02 1.307625000000030000e+00 1.432139239999999900e+02 5.482915625000000500e+02 4.552729999999999700e+01 -5.469839375000000200e+02 9.768662399999999500e+01
4.105506269024620400e-02 1.525250000000028200e+00 1.431810400000000000e+02 5.485424375000000100e+02 4.549327999999999900e+01 -5.470171874999999800e+02 9.768775999999999700e+01
4.107723529165091500e-02 1.589562499999942700e+00 1.431038040000000000e+02 5.488179999999999800e+02 4.541481999999999900e+01 -5.472284375000000400e+02 9.768898400000000500e+01
4.110495321975166800e-02 1.139874999999960900e+00 1.431186800000000100e+02 5.484814999999999800e+02 4.542726400000000100e+01 -5.473416250000000200e+02 9.769141600000000400e+01
4.116731855797836600e-02 1.160437499999943600e+00 1.431613519999999900e+02 5.485088124999999800e+02 4.545606399999999800e+01 -5.473483750000000300e+02 9.770528799999999600e+01
4.120240123707574100e-02 1.328374999999937200e+00 1.431891600000000200e+02 5.486448749999999600e+02 4.547431199999999800e+01 -5.473165000000000200e+02 9.771484800000000300e+01
4.128133291235511200e-02 1.306812499999978200e+00 1.432128040000000100e+02 5.485936874999999900e+02 4.548266000000000300e+01 -5.472868750000000100e+02 9.773014399999999600e+01
4.145892845628541800e-02 1.311687499999948200e+00 1.432705120000000000e+02 5.488418749999999600e+02 4.551653600000000200e+01 -5.475301875000000100e+02 9.775397599999999400e+01
4.185851697923203400e-02 1.306375000000002700e+00 1.433777560000000100e+02 5.497390000000000300e+02 4.557734000000000000e+01 -5.484326250000000300e+02 9.780041599999999800e+01
4.208328697428608000e-02 1.306062500000052800e+00 1.434321800000000200e+02 5.502371875000000000e+02 4.560647600000000100e+01 -5.489311249999999500e+02 9.782570400000000200e+01
4.215282554516196900e-02 1.312437499999987300e+00 1.434431679999999900e+02 5.503604374999999900e+02 4.560987999999999700e+01 -5.490480000000000000e+02 9.783328799999999600e+01
4.222394269150757400e-02 1.313625000000001800e+00 1.434458479999999800e+02 5.504890625000000500e+02 4.560530399999999700e+01 -5.491754375000000400e+02 9.784054399999999400e+01
4.226394681177526900e-02 1.278749999999945400e+00 1.434565560000000100e+02 5.505311874999999900e+02 4.561097199999999700e+01 -5.492524375000000400e+02 9.784558400000000200e+01
4.228645021759826900e-02 1.282812499999977300e+00 1.434640440000000000e+02 5.505779999999999700e+02 4.561535599999999800e+01 -5.492951875000000000e+02 9.784868799999999600e+01
4.231429582459730900e-02 1.302562500000021800e+00 1.434716640000000000e+02 5.506432499999999700e+02 4.561963200000000300e+01 -5.493406874999999400e+02 9.785203199999999400e+01
4.232995970398256000e-02 1.376750000000015500e+00 1.434685240000000000e+02 5.507126250000000000e+02 4.561636399999999700e+01 -5.493358749999999900e+02 9.785215999999999800e+01
4.234598050392437300e-02 1.759999999999990900e+00 1.434095840000000000e+02 5.510946874999999600e+02 4.556773599999999600e+01 -5.493346874999999700e+02 9.784184799999999900e+01
4.238202367655203400e-02 1.246249999999918100e+00 1.433691200000000100e+02 5.507643124999999600e+02 4.553088799999999700e+01 -5.495180625000000400e+02 9.783823200000000500e+01
4.246312299130914500e-02 1.175624999999968200e+00 1.434473720000000000e+02 5.506812499999999800e+02 4.559594800000000000e+01 -5.495056250000000100e+02 9.785142399999999400e+01
4.256348440894865800e-02 1.366874999999936300e+00 1.434952920000000100e+02 5.510294999999999800e+02 4.562860400000000300e+01 -5.496626250000000500e+02 9.786668799999999600e+01
4.266612663599847500e-02 1.320937500000013600e+00 1.435033640000000000e+02 5.511932500000000300e+02 4.562497200000000000e+01 -5.498723125000000200e+02 9.787839200000000500e+01
4.289707164686056000e-02 1.302187500000059100e+00 1.435541640000000100e+02 5.516296875000000500e+02 4.564377199999999800e+01 -5.503274999999999900e+02 9.791039200000000200e+01
4.302697912228084500e-02 1.308312499999942700e+00 1.435800720000000000e+02 5.518882499999999700e+02 4.565361600000000000e+01 -5.505799375000000300e+02 9.792645600000000200e+01
4.318773556060304100e-02 1.304562499999974500e+00 1.436020480000000000e+02 5.521591875000000300e+02 4.565660799999999900e+01 -5.508546250000000600e+02 9.794544000000000500e+01
4.335214825828525400e-02 1.308875000000057300e+00 1.436363079999999900e+02 5.525425625000000300e+02 4.567481200000000300e+01 -5.512336874999999700e+02 9.796149599999999700e+01
4.372207755351854200e-02 1.309562499999970000e+00 1.436998280000000000e+02 5.533966874999999800e+02 4.570145999999999700e+01 -5.520871250000000100e+02 9.799836799999999900e+01
4.455441629144855900e-02 1.309062499999981800e+00 1.438856800000000100e+02 5.551326874999999700e+02 4.580617600000000100e+01 -5.538236249999999900e+02 9.807950400000000000e+01
4.502260610608591800e-02 1.306249999999977300e+00 1.439740160000000100e+02 5.560623749999999700e+02 4.585000000000000100e+01 -5.547561250000000000e+02 9.812401599999999700e+01
4.516745201260571900e-02 1.304437500000062800e+00 1.439977799999999800e+02 5.563371875000000300e+02 4.586037199999999800e+01 -5.550327499999999600e+02 9.813740799999999400e+01
4.524892856047139900e-02 1.303500000000099100e+00 1.440077479999999900e+02 5.564779375000000500e+02 4.586287600000000000e+01 -5.551744374999999500e+02 9.814487200000000700e+01
4.533225645236223200e-02 1.464749999999980900e+00 1.439665119999999900e+02 5.569164375000000300e+02 4.583468800000000000e+01 -5.554516875000000500e+02 9.813182399999999500e+01
4.537912911699910900e-02 1.153562500000020900e+00 1.439869840000000100e+02 5.567210625000000200e+02 4.585574400000000100e+01 -5.555675000000000000e+02 9.813124000000000500e+01
4.540549480949528100e-02 1.183687500000019100e+00 1.440009440000000000e+02 5.567928124999999700e+02 4.586764000000000200e+01 -5.556091249999999500e+02 9.813330399999999500e+01
4.542032587424852500e-02 1.247250000000008200e+00 1.440090319999999900e+02 5.568721249999999800e+02 4.587454400000000000e+01 -5.556248749999999700e+02 9.813448800000000500e+01
4.543867681408407500e-02 1.418249999999943600e+00 1.440231680000000000e+02 5.570651874999999800e+02 4.588850399999999800e+01 -5.556469375000000400e+02 9.813466400000000100e+01
4.545744851392533700e-02 1.863312500000006400e+00 1.440085520000000100e+02 5.575960000000000000e+02 4.588813600000000300e+01 -5.557326875000000000e+02 9.812041600000000600e+01
4.549968121132676200e-02 1.460749999999961800e+00 1.439142640000000000e+02 5.574924999999999500e+02 4.583856800000000200e+01 -5.560317499999999900e+02 9.807569599999999400e+01
4.552343528999434900e-02 9.318749999999909100e-01 1.439184119999999900e+02 5.571143124999999800e+02 4.584380399999999900e+01 -5.561824374999999900e+02 9.807460799999999800e+01
4.557688631968612200e-02 1.167500000000018200e+00 1.439992240000000000e+02 5.572614375000000600e+02 4.589998400000000300e+01 -5.560939375000000400e+02 9.809923999999999500e+01
4.564302979258484000e-02 1.334187499999984500e+00 1.440172719999999900e+02 5.574499375000000300e+02 4.590667200000000000e+01 -5.561157500000000500e+02 9.811060000000000500e+01
4.568023658426280400e-02 1.319062499999972700e+00 1.440104959999999900e+02 5.574978125000000100e+02 4.589552799999999900e+01 -5.561787500000000400e+02 9.811496800000000500e+01
4.570116721820236700e-02 1.298687500000028200e+00 1.440104079999999800e+02 5.575208750000000500e+02 4.589323199999999800e+01 -5.562221875000000200e+02 9.811717600000000100e+01
4.571293979298301400e-02 1.311500000000023600e+00 1.440066360000000100e+02 5.575601874999999800e+02 4.588846000000000200e+01 -5.562486874999999600e+02 9.811817600000000500e+01
4.572497933273280600e-02 1.396687499999984500e+00 1.439922160000000100e+02 5.576861249999999500e+02 4.587328000000000100e+01 -5.562894374999999600e+02 9.811893600000000500e+01
4.572870233333511300e-02 1.453874999999925400e+00 1.439835520000000000e+02 5.577610624999999800e+02 4.586449600000000300e+01 -5.563071875000000500e+02 9.811905600000000000e+01
4.573251238773171100e-02 1.581249999999954500e+00 1.439653480000000100e+02 5.579156249999999800e+02 4.584626000000000100e+01 -5.563343750000000200e+02 9.811908800000000500e+01
4.574108428467577000e-02 1.599187499999970900e+00 1.439446520000000200e+02 5.579977500000000000e+02 4.582505199999999900e+01 -5.563985625000000300e+02 9.811960000000000500e+01
4.576036960190332100e-02 1.341812499999946300e+00 1.439624200000000100e+02 5.578281250000000000e+02 4.584036400000000100e+01 -5.564863125000000500e+02 9.812205600000000100e+01
4.580376301656189500e-02 1.152000000000043700e+00 1.439789000000000100e+02 5.577629375000000200e+02 4.585187599999999700e+01 -5.566109374999999800e+02 9.812702400000000600e+01
4.590139674864710700e-02 1.306624999999940000e+00 1.440237440000000200e+02 5.580612499999999700e+02 4.588299200000000200e+01 -5.567546250000000300e+02 9.814075200000000600e+01
4.612107119494226300e-02 1.311312499999985400e+00 1.440726320000000000e+02 5.584693750000000100e+02 4.591456800000000300e+01 -5.571580625000000300e+02 9.815806399999999600e+01
4.661533942455464000e-02 1.305624999999963600e+00 1.441484720000000000e+02 5.594970624999999700e+02 4.594972800000000000e+01 -5.581914375000000100e+02 9.819874400000000500e+01
4.722699679396893900e-02 1.303312499999947200e+00 1.442657800000000100e+02 5.608536249999999700e+02 4.602280400000000100e+01 -5.595503125000000200e+02 9.824297599999999900e+01
4.738338603361110000e-02 1.305999999999926300e+00 1.442472520000000000e+02 5.611699374999999500e+02 4.598620400000000100e+01 -5.598639375000000200e+02 9.826104800000000200e+01
4.773526327370254700e-02 1.301687500000070900e+00 1.442730119999999900e+02 5.619052500000000200e+02 4.597159599999999800e+01 -5.606035624999999500e+02 9.830141600000000300e+01
4.852698561301174000e-02 1.306312499999990000e+00 1.444225600000000000e+02 5.635064999999999600e+02 4.605908000000000200e+01 -5.622001874999999700e+02 9.836347999999999600e+01
4.897233251202837100e-02 1.306187499999964500e+00 1.445021680000000100e+02 5.643836874999999500e+02 4.610468800000000300e+01 -5.630774999999999900e+02 9.839748000000000200e+01
4.997435650578122000e-02 1.306437500000015500e+00 1.446647560000000100e+02 5.663709374999999700e+02 4.619643599999999900e+01 -5.650644999999999500e+02 9.846832000000000600e+01
5.028435506723468600e-02 1.305562500000064600e+00 1.447138280000000100e+02 5.669924375000000500e+02 4.622525999999999900e+01 -5.656868749999999900e+02 9.848856800000000100e+01
5.060140498602533300e-02 1.308312499999942700e+00 1.447660760000000000e+02 5.676666874999999700e+02 4.625813999999999700e+01 -5.663583750000000200e+02 9.850793600000000100e+01
5.131475859792487100e-02 1.305875000000014600e+00 1.448675040000000000e+02 5.690308750000000400e+02 4.631224000000000300e+01 -5.677250000000000200e+02 9.855526399999999400e+01
5.201696932415575400e-02 1.304687500000000000e+00 1.449451520000000100e+02 5.704460000000000300e+02 4.634107999999999800e+01 -5.691413125000000300e+02 9.860407200000000200e+01
5.204800110002567200e-02 1.352437500000064600e+00 1.449506759999999900e+02 5.705777500000000400e+02 4.634454800000000300e+01 -5.692253124999999700e+02 9.860612799999999800e+01
5.207974091342245500e-02 1.677250000000071900e+00 1.449223319999999800e+02 5.711022500000000300e+02 4.631765999999999700e+01 -5.694249999999999500e+02 9.860467199999999400e+01
5.215115984625492300e-02 1.163499999999999100e+00 1.449310840000000000e+02 5.708916249999999800e+02 4.632142799999999700e+01 -5.697281249999999800e+02 9.860965600000000100e+01
5.231184373974854400e-02 1.311374999999998200e+00 1.449804720000000200e+02 5.712738124999999600e+02 4.635823200000000100e+01 -5.699624374999999600e+02 9.862224000000000500e+01
5.267338975459205700e-02 1.305187499999988200e+00 1.450431120000000100e+02 5.718655000000000000e+02 4.640084800000000300e+01 -5.705603125000000100e+02 9.864226399999999700e+01
5.287675902521738600e-02 1.306250000000090900e+00 1.450732320000000200e+02 5.722340000000000400e+02 4.641892000000000000e+01 -5.709277499999999500e+02 9.865431200000000400e+01
5.299115351449585500e-02 1.307687500000042700e+00 1.450876680000000100e+02 5.724528125000000500e+02 4.642629999999999800e+01 -5.711451250000000100e+02 9.866136799999999600e+01
5.305549787564599300e-02 1.309687499999995500e+00 1.450961760000000100e+02 5.725842500000000000e+02 4.643075199999999800e+01 -5.712745625000000000e+02 9.866542400000000200e+01
5.320027994271665800e-02 1.311749999999960900e+00 1.451194199999999900e+02 5.729541874999999900e+02 4.644544400000000200e+01 -5.716424375000000300e+02 9.867397599999999600e+01
5.352603524093593100e-02 1.306187500000078200e+00 1.451765880000000100e+02 5.735263750000000300e+02 4.648403600000000300e+01 -5.722201874999999500e+02 9.869255200000000600e+01
5.425899336730873000e-02 1.306187499999964500e+00 1.453012479999999900e+02 5.748801250000000200e+02 4.656671999999999700e+01 -5.735739375000000600e+02 9.873452799999999700e+01
5.590813464268183000e-02 1.306687499999952700e+00 1.455730760000000100e+02 5.780388749999999600e+02 4.675009200000000200e+01 -5.767321875000000100e+02 9.882298400000000500e+01
5.683577987459648200e-02 1.305749999999989100e+00 1.457204400000000000e+02 5.796251875000000400e+02 4.684614400000000200e+01 -5.783194375000000500e+02 9.887429600000000100e+01
5.798374084909085900e-02 1.307062499999915400e+00 1.458867960000000000e+02 5.816058749999999700e+02 4.695083600000000200e+01 -5.802988125000000500e+02 9.893595999999999400e+01
5.915778894393970000e-02 1.306312499999990000e+00 1.460547520000000100e+02 5.836912499999999700e+02 4.705807999999999700e+01 -5.823849374999999800e+02 9.899667200000000400e+01
5.981819063456802300e-02 1.306437500000015500e+00 1.461466839999999900e+02 5.848526249999999900e+02 4.711695600000000200e+01 -5.835461874999999700e+02 9.902972800000000600e+01
6.002250008617164600e-02 1.308062500000005500e+00 1.461756240000000000e+02 5.852120625000000000e+02 4.713604800000000200e+01 -5.839040000000000000e+02 9.903957599999999700e+01
6.013742850538839800e-02 1.308750000000031800e+00 1.461922439999999900e+02 5.854130000000000100e+02 4.714725200000000200e+01 -5.841042499999999800e+02 9.904499199999999300e+01
6.020207465302539900e-02 1.310562499999946300e+00 1.462015880000000200e+02 5.855251250000000000e+02 4.715361200000000300e+01 -5.842145625000000600e+02 9.904797600000000600e+01
6.026818910799269100e-02 1.329250000000001800e+00 1.462124959999999900e+02 5.856498125000000500e+02 4.716130400000000100e+01 -5.843205625000000500e+02 9.905119200000000000e+01
6.028864094606368300e-02 1.355374999999980900e+00 1.462176800000000000e+02 5.857047499999999900e+02 4.716516800000000100e+01 -5.843493750000000100e+02 9.905251199999999300e+01
6.030014945766832400e-02 1.402249999999980900e+00 1.462233080000000000e+02 5.857630000000000300e+02 4.716958000000000300e+01 -5.843607500000000500e+02 9.905372800000000700e+01
6.031191332706954700e-02 1.698937500000056400e+00 1.462380599999999900e+02 5.860140000000000100e+02 4.718269999999999700e+01 -5.843150624999999500e+02 9.905535999999999300e+01
6.033838928770515100e-02 1.426062499999943600e+00 1.462221840000000000e+02 5.859038749999999700e+02 4.717828000000000100e+01 -5.844778125000000300e+02 9.904390399999999800e+01
6.039796310092839700e-02 1.108687500000087300e+00 1.462114320000000000e+02 5.856179375000000400e+02 4.715970399999999800e+01 -5.845092499999999500e+02 9.905172799999999700e+01
6.053199692619784500e-02 1.311374999999998200e+00 1.462378280000000100e+02 5.859734375000000500e+02 4.717864399999999800e+01 -5.846620625000000500e+02 9.905918400000000200e+01
6.083356868036439400e-02 1.307187500000054600e+00 1.462878680000000000e+02 5.865710000000000300e+02 4.721329200000000300e+01 -5.852638124999999700e+02 9.907457599999999300e+01
6.120676829646969800e-02 1.297937499999989100e+00 1.463393480000000000e+02 5.872307499999999400e+02 4.724888399999999700e+01 -5.859328124999999500e+02 9.909046399999999700e+01
6.123062683969042500e-02 1.297625000000039100e+00 1.463423359999999900e+02 5.872680625000000400e+02 4.725059199999999700e+01 -5.859704375000000000e+02 9.909174400000000600e+01
6.126014387953976300e-02 1.302750000000060000e+00 1.463458599999999900e+02 5.873115000000000200e+02 4.725229999999999800e+01 -5.860087499999999600e+02 9.909355999999999700e+01
6.126769434529752400e-02 1.305749999999989100e+00 1.463467000000000000e+02 5.873201874999999700e+02 4.725251600000000000e+01 -5.860144374999999900e+02 9.909418399999999800e+01
6.127703231563130100e-02 1.330000000000040900e+00 1.463477519999999900e+02 5.873293125000000100e+02 4.725207999999999900e+01 -5.859993124999999700e+02 9.909567199999999300e+01
6.128229036480619500e-02 1.473562499999957300e+00 1.463402360000000000e+02 5.873783124999999900e+02 4.724797999999999800e+01 -5.859047500000000400e+02 9.909225600000000600e+01
6.128766448570680000e-02 2.992687499999988200e+00 1.461965040000000000e+02 5.877303124999999700e+02 4.720235999999999900e+01 -5.847376249999999800e+02 9.899414400000000600e+01
6.129068235057538700e-02 4.343875000000025500e+00 1.460343520000000100e+02 5.880875624999999900e+02 4.713542400000000000e+01 -5.837436874999999600e+02 9.889892799999999800e+01
6.129748415370229300e-02 5.022562500000049100e+00 1.456678120000000000e+02 5.878576875000000000e+02 4.693159599999999900e+01 -5.828351249999999500e+02 9.873621599999999900e+01
6.131278821073782300e-02 2.297562499999912700e+00 1.455012840000000000e+02 5.858948124999999400e+02 4.679921199999999700e+01 -5.835972500000000300e+02 9.870207200000000100e+01
6.132139492919959400e-02 1.752875000000017300e+00 1.455064720000000000e+02 5.855232499999999600e+02 4.678837600000000000e+01 -5.837703749999999400e+02 9.871809600000000300e+01
6.132623512016190800e-02 2.111250000000040900e+00 1.454534759999999900e+02 5.855340625000000000e+02 4.676335600000000200e+01 -5.834228124999999600e+02 9.869011999999999300e+01
6.133712845162026700e-02 1.644624999999905400e+00 1.452514760000000000e+02 5.848803749999999600e+02 4.662729199999999700e+01 -5.832357500000000500e+02 9.862418400000000000e+01
6.136164280009127900e-02 -7.416875000000118200e-01 1.452982759999999900e+02 5.834931249999999600e+02 4.658967599999999700e+01 -5.842348124999999800e+02 9.870860000000000400e+01
6.139197234202062300e-02 7.312500000000454700e-02 1.454555959999999900e+02 5.842211875000000400e+02 4.665849999999999700e+01 -5.841480625000000400e+02 9.879709599999999600e+01
6.142299251071797100e-02 1.342937499999948200e+00 1.455560639999999900e+02 5.851494999999999900e+02 4.670935200000000300e+01 -5.838065625000000400e+02 9.884671199999999700e+01
6.149279224297671300e-02 1.429624999999987300e+00 1.456932200000000000e+02 5.854440624999999700e+02 4.675667599999999900e+01 -5.840144374999999900e+02 9.893654399999999800e+01
6.164983728786916500e-02 1.304500000000075500e+00 1.457530999999999900e+02 5.853467500000000400e+02 4.674280400000000000e+01 -5.840422499999999700e+02 9.901029599999999700e+01
6.200318283529091700e-02 1.297124999999937200e+00 1.460305839999999800e+02 5.847643749999999700e+02 4.688235199999999700e+01 -5.834672500000000400e+02 9.914823199999999300e+01
6.220194405840535900e-02 1.314499999999952700e+00 1.461354000000000000e+02 5.848609374999999800e+02 4.694155200000000100e+01 -5.835464375000000200e+02 9.919384800000000300e+01
6.231374434461409200e-02 1.318624999999997300e+00 1.461713560000000000e+02 5.849961875000000200e+02 4.695982800000000200e+01 -5.836775625000000200e+02 9.921152800000000100e+01
6.234833371887717900e-02 1.338187500000003600e+00 1.461758120000000100e+02 5.850185625000000300e+02 4.695982000000000100e+01 -5.836803750000000300e+02 9.921599200000000000e+01
6.238370657728883900e-02 1.392124999999964500e+00 1.461647079999999900e+02 5.849897499999999600e+02 4.694628399999999900e+01 -5.835976249999999900e+02 9.921842399999999900e+01
6.239465214102377100e-02 1.375937500000077300e+00 1.461598119999999900e+02 5.849555625000000400e+02 4.694111600000000100e+01 -5.835796249999999600e+02 9.921869599999999400e+01
6.240080974607295500e-02 1.366312500000049100e+00 1.461568040000000200e+02 5.849371875000000500e+02 4.693797200000000200e+01 -5.835708750000000000e+02 9.921883200000000600e+01
6.240710663719299000e-02 1.423000000000001800e+00 1.461486080000000000e+02 5.849629374999999500e+02 4.693101600000000000e+01 -5.835399374999999500e+02 9.921759199999999600e+01
6.242127319131651800e-02 1.597562499999980900e+00 1.461067840000000000e+02 5.850359999999999400e+02 4.689902399999999700e+01 -5.834384374999999600e+02 9.920775999999999300e+01
6.245314648719785900e-02 1.251437499999951800e+00 1.460732199999999900e+02 5.847659999999999600e+02 4.686105200000000100e+01 -5.835145625000000100e+02 9.921216800000000500e+01
6.252486140293091200e-02 1.131374999999934500e+00 1.461235800000000000e+02 5.845913749999999700e+02 4.689603600000000200e+01 -5.834600000000000400e+02 9.922754399999999500e+01
6.268621851243368100e-02 1.338750000000004500e+00 1.461802000000000100e+02 5.849244999999999700e+02 4.693039199999999800e+01 -5.835857499999999600e+02 9.924980800000000200e+01
6.304927345971148000e-02 1.307062500000029100e+00 1.462691519999999900e+02 5.855805625000000400e+02 4.699056800000000300e+01 -5.842735000000000100e+02 9.927858399999999500e+01
6.349855809202299700e-02 1.306937500000003600e+00 1.463576600000000100e+02 5.866119999999999700e+02 4.705871599999999700e+01 -5.853050624999999600e+02 9.929894400000000600e+01
6.375128106042236800e-02 1.307062499999915400e+00 1.464019960000000000e+02 5.871531874999999400e+02 4.709273199999999800e+01 -5.858461250000000300e+02 9.930926399999999900e+01
6.400974377565835100e-02 1.311874999999986400e+00 1.464188360000000000e+02 5.872899999999999600e+02 4.708946799999999700e+01 -5.859781249999999800e+02 9.932936800000000200e+01
6.459129213942216300e-02 1.306749999999965400e+00 1.465218120000000100e+02 5.885521874999999500e+02 4.717208399999999800e+01 -5.872454374999999800e+02 9.934972799999999900e+01
6.589977450699416300e-02 1.306437500000015500e+00 1.467368160000000000e+02 5.913862500000000200e+02 4.735358399999999800e+01 -5.900798125000000000e+02 9.938323200000000700e+01
6.751901570582306800e-02 1.306000000000040000e+00 1.469957120000000000e+02 5.947751875000000200e+02 4.757968000000000300e+01 -5.934691874999999800e+02 9.941603200000000100e+01
6.793303194427606500e-02 1.306249999999977300e+00 1.470607200000000000e+02 5.956233125000000000e+02 4.763690400000000100e+01 -5.943170625000000200e+02 9.942381600000000200e+01
6.816591245116444800e-02 1.307500000000004500e+00 1.470973599999999800e+02 5.961060625000000100e+02 4.766947199999999900e+01 -5.947985625000000000e+02 9.942788799999999600e+01
6.822322286573624700e-02 1.314875000000029100e+00 1.471066160000000000e+02 5.962367500000000300e+02 4.767781600000000000e+01 -5.949218750000000000e+02 9.942879999999999500e+01
6.823335592739117300e-02 1.321187499999950900e+00 1.471082439999999800e+02 5.962666874999999900e+02 4.767934799999999700e+01 -5.949455000000000400e+02 9.942889599999999500e+01
6.823905504912378100e-02 1.329187499999989100e+00 1.471091840000000000e+02 5.962888749999999600e+02 4.768024799999999900e+01 -5.949596874999999700e+02 9.942893599999999300e+01
6.824488184975467700e-02 1.365437499999984500e+00 1.471100840000000000e+02 5.963411250000000300e+02 4.768115600000000100e+01 -5.949756875000000500e+02 9.942892799999999900e+01
6.824816087600613100e-02 1.451687500000048200e+00 1.471103719999999800e+02 5.964375000000000000e+02 4.768150000000000000e+01 -5.949858124999999500e+02 9.942887199999999800e+01
6.825553723417532300e-02 1.441374999999993600e+00 1.471076280000000100e+02 5.964626250000000000e+02 4.767929199999999700e+01 -5.950212500000000100e+02 9.942833600000000200e+01
6.827213549095258200e-02 1.364750000000071900e+00 1.471114480000000000e+02 5.964599375000000200e+02 4.768307200000000300e+01 -5.950951874999999500e+02 9.942837600000000000e+01
6.830948156870138300e-02 1.287437500000010000e+00 1.471161960000000000e+02 5.964909374999999700e+02 4.768766800000000200e+01 -5.952034999999999600e+02 9.942852800000000000e+01
6.839350589094651800e-02 1.282500000000027300e+00 1.471289000000000200e+02 5.966810000000000400e+02 4.770007600000000300e+01 -5.953985000000000100e+02 9.942882400000000600e+01
6.841950015392039800e-02 1.303937500000074600e+00 1.471332960000000000e+02 5.967590625000000300e+02 4.770424800000000000e+01 -5.954551249999999500e+02 9.942904799999999500e+01
6.844608638269542000e-02 1.315312500000004500e+00 1.471344560000000000e+02 5.967946250000000000e+02 4.770486400000000100e+01 -5.954793124999999900e+02 9.942959200000000000e+01
6.846104222455380600e-02 1.546562499999936300e+00 1.471107440000000100e+02 5.969679999999999600e+02 4.768458400000000100e+01 -5.954214375000000200e+02 9.942615999999999600e+01
6.849469141783859300e-02 1.601250000000050000e+00 1.469458200000000000e+02 5.970732500000000300e+02 4.755438800000000300e+01 -5.954719999999999800e+02 9.939143199999999500e+01
6.857039920093623000e-02 9.921249999999872700e-01 1.470127840000000100e+02 5.965455624999999600e+02 4.759648000000000000e+01 -5.955534374999999700e+02 9.941630399999999700e+01
6.874074606559564500e-02 1.340187500000070000e+00 1.470999040000000100e+02 5.969388125000000400e+02 4.767137600000000200e+01 -5.955986249999999700e+02 9.942852800000000000e+01
6.912402651107929500e-02 1.309124999999994500e+00 1.471900200000000000e+02 5.976159374999999700e+02 4.774793199999999900e+01 -5.963068124999999800e+02 9.944208799999999800e+01
6.998640461162437800e-02 1.306562500000040900e+00 1.473298560000000100e+02 5.990710000000000300e+02 4.786527199999999700e+01 -5.977644374999999900e+02 9.946458400000000200e+01
7.000000241429189800e-02 1.305437500000039100e+00 1.473321799999999900e+02 5.991000625000000400e+02 4.786758799999999800e+01 -5.977946250000000000e+02 9.946459199999999600e+01
