0.000000000000000000e+00 0.000000000000000000e+00 0.000000000000000000e+00 0.000000000000000000e+00 0.000000000000000000e+00 0.000000000000000000e+00 0.000000000000000000e+00
1.576267028558839200e-08 1.912860351562500200e+00 1.919555664062471600e-08 1.256450585937500000e+01 3.749582824707031300e-04 -1.065164550781250000e+01 -3.749390869140625000e-04
3.500157013667547800e-04 1.913219726562498800e+00 6.620560499999999800e+00 1.260884082031250000e+01 3.068309750000000100e+00 -1.069562109375000100e+01 3.552250749999999800e+00
6.371249775538739800e-04 1.926102539062499700e+00 1.208782400000000100e+01 1.317443652343750000e+01 5.487330000000000000e+00 -1.124833398437500000e+01 6.600494000000000300e+00
6.878818064704587700e-04 1.933311523437499300e+00 1.300978299999999900e+01 1.343736132812500000e+01 5.859718000000000000e+00 -1.150404980468750100e+01 7.150064999999999700e+00
7.164325532087599700e-04 1.928297851562499300e+00 1.352596900000000000e+01 1.361611523437500000e+01 6.061656000000000200e+00 -1.168781738281250100e+01 7.464312999999999800e+00
7.237324360364460300e-04 1.939614257812499100e+00 1.365568650000000000e+01 1.367792382812500000e+01 6.110764999999999800e+00 -1.173830957031250000e+01 7.544921500000000100e+00
7.401572333441840000e-04 1.939652343749999700e+00 1.394722450000000100e+01 1.381134863281250000e+01 6.219025499999999900e+00 -1.187169628906250000e+01 7.728199000000000000e+00
7.771129257108535100e-04 1.928821289062499400e+00 1.460793100000000100e+01 1.414836621093750000e+01 6.457806500000000200e+00 -1.221954492187500000e+01 8.150124500000000400e+00
8.436332532314515300e-04 1.960391601562498900e+00 1.573706650000000100e+01 1.525823828125000000e+01 6.773932499999999900e+00 -1.329784667968750100e+01 8.963134000000000200e+00
8.852084477742512300e-04 2.391486328124997800e+00 1.624156150000000000e+01 1.725344531249999800e+01 6.686321500000000000e+00 -1.486195898437500100e+01 9.555239999999999500e+00
9.163898436813510000e-04 2.975320312499999200e+00 1.601371049999999800e+01 2.295069726562499900e+01 5.715346499999999900e+00 -1.997537695312500000e+01 1.029836399999999900e+01
9.538075837783448800e-04 1.415417968749999000e+00 1.664143599999999900e+01 2.678113085937500100e+01 5.397261999999999600e+00 -2.536571289062500200e+01 1.124417399999999900e+01
1.023965704254171200e-03 1.654783203124996000e+00 1.797955600000000200e+01 3.261330078124999700e+01 5.348321000000000300e+00 -3.095851757812500100e+01 1.263123500000000000e+01
1.181821556585372800e-03 1.904847656249998500e+00 2.016932950000000000e+01 4.025420703124999700e+01 5.501765500000000300e+00 -3.834935937499999900e+01 1.466756400000000000e+01
1.536997143069984300e-03 1.912937499999998200e+00 2.549556850000000100e+01 5.540813671875000100e+01 6.302866500000000400e+00 -5.349519921875000300e+01 1.919270200000000100e+01
1.736783461255448500e-03 1.907925781250000300e+00 2.843441000000000000e+01 6.377230078125000300e+01 6.787948000000000100e+00 -6.186437500000000300e+01 2.164646200000000000e+01
1.849163285549920500e-03 1.911718749999991500e+00 3.007345249999999800e+01 6.802006249999999500e+01 7.088096499999999800e+00 -6.610834375000000300e+01 2.298535599999999900e+01
1.975590628511497800e-03 1.919453125000004000e+00 3.188981550000000100e+01 7.255498437500000400e+01 7.436367500000000200e+00 -7.063553125000000000e+01 2.445344800000000200e+01
2.038804218731693300e-03 1.923007812500003400e+00 3.277661299999999800e+01 7.479808593750000500e+01 7.609445000000000000e+00 -7.287507812500000200e+01 2.516716800000000000e+01
2.058360880544255100e-03 1.932359374999990100e+00 3.304891349999999800e+01 7.552599218749999500e+01 7.667797499999999800e+00 -7.359363281250000500e+01 2.538111599999999900e+01
2.069361614547136700e-03 2.938085937499991500e+00 3.316294750000000100e+01 7.757810156249999500e+01 7.670783499999999800e+00 -7.464001562500000400e+01 2.549216399999999900e+01
2.080612306133288300e-03 2.648757812500008400e+00 3.320348100000000400e+01 7.835235937500000600e+01 7.632657000000000000e+00 -7.570360156249999800e+01 2.557082400000000200e+01
2.086940718574757700e-03 2.140226562500004100e+00 3.323650299999999900e+01 7.835905468750000600e+01 7.621965000000000300e+00 -7.621882812500000200e+01 2.561453800000000000e+01
2.101179849719545900e-03 1.584374999999994300e+00 3.339411700000000100e+01 7.878484374999999300e+01 7.654423000000000400e+00 -7.720046874999999900e+01 2.573969400000000000e+01
2.133217976055912100e-03 1.297078124999998700e+00 3.388531100000000200e+01 7.984462499999999400e+01 7.807067000000000000e+00 -7.854754687499999500e+01 2.607824400000000200e+01
2.205303597791550700e-03 1.888445312499996500e+00 3.476042550000000400e+01 8.486528906249999700e+01 7.999945499999999900e+00 -8.297684375000000000e+01 2.676048000000000100e+01
2.367496165436144600e-03 1.914742187499996400e+00 3.700485599999999700e+01 9.027167187499999600e+01 8.672781999999999800e+00 -8.835692968749999900e+01 2.833207399999999900e+01
2.732429361375887700e-03 1.913742187499991600e+00 4.198811700000000300e+01 1.030140703125000000e+02 9.824968999999999400e+00 -1.011003281250000000e+02 3.216314800000000000e+01
3.553529296022088900e-03 1.914531250000010200e+00 5.281323299999999700e+01 1.313537187500000100e+02 1.209951700000000100e+01 -1.294391875000000000e+02 4.071371599999999800e+01
3.807557059862049800e-03 1.916328125000006800e+00 5.609678400000000000e+01 1.397101093750000000e+02 1.276351200000000000e+01 -1.377937812499999900e+02 4.333327200000000100e+01
4.067358226295060900e-03 1.913062500000023600e+00 5.941399500000000000e+01 1.480864218750000100e+02 1.342254700000000000e+01 -1.461733593749999900e+02 4.599144799999999800e+01
4.379119365980776000e-03 1.912234374999997000e+00 6.342987000000000100e+01 1.582750937500000000e+02 1.421803800000000000e+01 -1.563628593750000000e+02 4.921183200000000100e+01
4.427832165947558200e-03 1.911124999999998400e+00 6.405068699999999600e+01 1.598195468749999900e+02 1.433898699999999900e+01 -1.579084218749999900e+02 4.971170000000000000e+01
4.452188565930949800e-03 1.909937499999983900e+00 6.436133399999999900e+01 1.605868906250000000e+02 1.439924600000000000e+01 -1.586769531250000100e+02 4.996208800000000100e+01
4.506990384632986700e-03 1.907078124999998200e+00 6.506036399999999300e+01 1.623067812500000000e+02 1.453454000000000000e+01 -1.603997031250000000e+02 5.052582400000000000e+01
4.574807549953135300e-03 1.940171875000004300e+00 6.591736500000000400e+01 1.643894062500000100e+02 1.470062100000000000e+01 -1.624492343750000000e+02 5.121674399999999800e+01
4.612954847651755900e-03 1.897390625000014100e+00 6.639711699999999400e+01 1.655118906250000100e+02 1.479131300000000100e+01 -1.636144999999999900e+02 5.160580399999999900e+01
4.618319346942133900e-03 1.891796875000011400e+00 6.646402400000000900e+01 1.656623750000000000e+02 1.480367200000000100e+01 -1.637705781249999900e+02 5.166035200000000300e+01
4.623805737121623200e-03 1.893593749999979500e+00 6.653041500000000500e+01 1.658120468749999900e+02 1.481469500000000000e+01 -1.639184531250000100e+02 5.171571999999999700e+01
4.626891689391549200e-03 1.912281249999978200e+00 6.656549099999999400e+01 1.659084374999999900e+02 1.481878300000000000e+01 -1.639961562500000100e+02 5.174670799999999800e+01
4.630710612207995800e-03 1.999062500000008000e+00 6.660000199999998900e+01 1.660891718750000100e+02 1.481558199999999900e+01 -1.640901093750000000e+02 5.178441999999999700e+01
4.634616646379862200e-03 3.674218749999994300e+00 6.646649599999999200e+01 1.679077343749999900e+02 1.465778000000000100e+01 -1.642335156250000000e+02 5.180871599999999700e+01
4.636813607765202800e-03 5.907531250000005200e+00 6.624340700000000500e+01 1.703331875000000100e+02 1.442939100000000100e+01 -1.644256562500000000e+02 5.181401600000000200e+01
4.641756852142812400e-03 9.570734375000000700e+00 6.562944100000000000e+01 1.759208281250000100e+02 1.375701699999999900e+01 -1.663500937500000100e+02 5.187242400000000200e+01
4.652879477034804400e-03 2.572265625000000000e+00 6.552722199999999500e+01 1.730762656249999900e+02 1.347706200000000000e+01 -1.705039999999999900e+02 5.205015999999999800e+01
4.677904814217637800e-03 3.128593749999879500e-01 6.632837100000000400e+01 1.727462343750000000e+02 1.381879099999999900e+01 -1.724333750000000100e+02 5.250958000000000000e+01
4.734212229181977000e-03 1.412656249999997700e+00 6.746340600000000600e+01 1.755956718749999900e+02 1.410912600000000000e+01 -1.741830156250000000e+02 5.335428000000000300e+01
4.860903669069962400e-03 1.977000000000003900e+00 6.904696099999999600e+01 1.792994531250000100e+02 1.445730500000000000e+01 -1.773224531250000100e+02 5.458965599999999800e+01
5.145959652599706300e-03 1.912625000000019800e+00 7.261612800000000300e+01 1.868252500000000100e+02 1.526540000000000000e+01 -1.849126249999999900e+02 5.735072799999999700e+01
5.787335859323408700e-03 1.912718749999982000e+00 8.082677200000000500e+01 2.040309374999999900e+02 1.712915200000000100e+01 -2.021182187500000100e+02 6.369762000000000100e+01
7.230431674366997800e-03 1.913390624999976800e+00 9.893755199999999700e+01 2.419409374999999900e+02 2.097719199999999900e+01 -2.400275468750000100e+02 7.796035999999999400e+01
8.042172989068424600e-03 1.918421874999978600e+00 1.075971480000000000e+02 2.620894843749999800e+02 2.279470800000000000e+01 -2.601710625000000100e+02 8.480244000000000400e+01
9.868591272189003400e-03 1.915562500000021400e+00 1.222216339999999900e+02 3.003593437499999900e+02 2.638117799999999800e+01 -2.984437812499999700e+02 9.584045600000000300e+01
1.089595139392314500e-02 1.914218750000031800e+00 1.276261899999999900e+02 3.228476875000000100e+02 2.838366999999999900e+01 -3.209334687499999700e+02 9.924251999999999900e+01
1.216730977209880400e-02 1.914531249999981800e+00 1.325530440000000000e+02 3.484321562499999900e+02 3.063732400000000000e+01 -3.465176250000000100e+02 1.019157199999999900e+02
1.249237294577382000e-02 1.913875000000018600e+00 1.335695080000000100e+02 3.544411250000000000e+02 3.115670799999999800e+01 -3.525272499999999800e+02 1.024128000000000000e+02
1.267522098096601800e-02 1.912656249999997700e+00 1.341102260000000100e+02 3.576740312499999800e+02 3.143476199999999900e+01 -3.557613749999999900e+02 1.026754640000000100e+02
1.277807348832518300e-02 1.908593749999965900e+00 1.344033539999999800e+02 3.594301874999999900e+02 3.158629799999999900e+01 -3.575215937500000200e+02 1.028170559999999900e+02
1.280989253610352200e-02 1.907874999999990000e+00 1.344930479999999900e+02 3.599679687500000100e+02 3.163262400000000000e+01 -3.580600937500000200e+02 1.028604239999999900e+02
1.284243577828436500e-02 1.968343749999974100e+00 1.345833140000000000e+02 3.605358749999999800e+02 3.168158599999999900e+01 -3.585675312500000000e+02 1.029017280000000100e+02
1.291565742310652100e-02 1.877718749999985400e+00 1.347830419999999900e+02 3.617018749999999700e+02 3.178201800000000100e+01 -3.598241562499999900e+02 1.030010240000000000e+02
1.308040709908348100e-02 1.915468750000002300e+00 1.352420500000000100e+02 3.644849687500000100e+02 3.201842599999999800e+01 -3.625695000000000100e+02 1.032236240000000000e+02
1.345109191977742100e-02 1.912718750000010500e+00 1.362155420000000000e+02 3.705562187500000300e+02 3.252870200000000300e+01 -3.686435000000000200e+02 1.036868400000000000e+02
1.365960270024190900e-02 1.909062500000004500e+00 1.367244020000000000e+02 3.739854062499999800e+02 3.281024200000000200e+01 -3.720763437499999800e+02 1.039141600000000000e+02
1.372411060918328100e-02 1.910562500000025900e+00 1.368754079999999900e+02 3.750536250000000100e+02 3.289674399999999800e+01 -3.731430624999999800e+02 1.039786639999999900e+02
1.376039573913865300e-02 1.916656250000016800e+00 1.369584240000000100e+02 3.756453124999999900e+02 3.294434400000000100e+01 -3.737286562499999700e+02 1.040140800000000100e+02
1.376967374857543000e-02 1.916125000000022300e+00 1.369794560000000000e+02 3.757952187500000000e+02 3.295639200000000100e+01 -3.738790937499999800e+02 1.040230640000000100e+02
1.378115554528733800e-02 1.911218749999989100e+00 1.370047020000000100e+02 3.759756562499999900e+02 3.297088600000000000e+01 -3.740644375000000000e+02 1.040338160000000000e+02
1.378761348711363500e-02 1.907093750000001400e+00 1.370146659999999800e+02 3.760694374999999900e+02 3.297643399999999800e+01 -3.741623437499999900e+02 1.040382319999999900e+02
1.378926470235812900e-02 1.925625000000025000e+00 1.370147299999999900e+02 3.761096875000000100e+02 3.297592999999999800e+01 -3.741840624999999800e+02 1.040387999999999900e+02
1.379130726861726100e-02 2.073093749999998200e+00 1.370013779999999900e+02 3.762500937500000200e+02 3.296630600000000300e+01 -3.741770000000000200e+02 1.040350720000000000e+02
1.379339794114729800e-02 2.608968749999974100e+00 1.369454499999999900e+02 3.766793437499999900e+02 3.292773799999999800e+01 -3.740703750000000100e+02 1.040177120000000000e+02
1.379809935400091000e-02 3.637343750000013600e+00 1.367746579999999900e+02 3.777867812499999900e+02 3.278316199999999700e+01 -3.741494374999999800e+02 1.039914960000000000e+02
1.380867883309102300e-02 2.494218750000015900e+00 1.367658240000000100e+02 3.773128750000000200e+02 3.276883999999999700e+01 -3.748186562500000000e+02 1.039969840000000000e+02
1.383248363617088800e-02 1.579125000000033200e+00 1.369214820000000000e+02 3.769582187500000100e+02 3.288678600000000100e+01 -3.753790937499999800e+02 1.040346960000000000e+02
1.388604281788873400e-02 1.697718750000035500e+00 1.370841300000000200e+02 3.776050000000000200e+02 3.300545000000000300e+01 -3.759072812499999800e+02 1.040786800000000100e+02
1.390261347796044100e-02 1.964968750000025500e+00 1.370927340000000100e+02 3.780413437500000100e+02 3.300756599999999700e+01 -3.760763749999999800e+02 1.040851680000000000e+02
1.391955988701298400e-02 2.290124999999989100e+00 1.370542439999999800e+02 3.786163124999999900e+02 3.297601199999999700e+01 -3.763261875000000000e+02 1.040782320000000000e+02
1.395768995746594400e-02 1.831531250000011800e+00 1.372012780000000000e+02 3.786328750000000100e+02 3.309268600000000000e+01 -3.768013437500000000e+02 1.041085920000000000e+02
1.404348164085798800e-02 1.895531250000033200e+00 1.374072060000000000e+02 3.795182187500000200e+02 3.325648600000000200e+01 -3.776226874999999800e+02 1.041507200000000100e+02
1.423651520378669100e-02 1.922281250000025900e+00 1.377987560000000000e+02 3.822533437500000000e+02 3.349894799999999900e+01 -3.803310624999999700e+02 1.042998080000000000e+02
1.434509625789171700e-02 1.922625000000039100e+00 1.379954559999999900e+02 3.837749062500000200e+02 3.362461600000000300e+01 -3.818522812499999800e+02 1.043708400000000000e+02
1.447946487353948300e-02 1.908218750000003200e+00 1.382693520000000000e+02 3.857313437500000100e+02 3.378579200000000100e+01 -3.838231250000000000e+02 1.044835600000000000e+02
1.461688758730482000e-02 1.912937499999998200e+00 1.385278040000000000e+02 3.876040625000000000e+02 3.393978800000000000e+01 -3.856911250000000000e+02 1.045880160000000000e+02
1.465940312942681600e-02 1.914750000000026400e+00 1.386031720000000000e+02 3.881442812500000100e+02 3.398533200000000000e+01 -3.862295312499999800e+02 1.046178400000000000e+02
1.467027254631182900e-02 1.913250000000005000e+00 1.386200880000000100e+02 3.882635937499999800e+02 3.399595999999999700e+01 -3.863503437499999800e+02 1.046241280000000000e+02
1.469473133464207400e-02 2.207375000000013200e+00 1.385708239999999900e+02 3.887986875000000300e+02 3.395290399999999700e+01 -3.865913125000000200e+02 1.046179200000000000e+02
1.470848842795072200e-02 1.966906250000022300e+00 1.385774600000000000e+02 3.887685312500000200e+02 3.396057199999999900e+01 -3.868016250000000000e+02 1.046168880000000000e+02
1.473944416319178000e-02 1.692718750000040000e+00 1.386718999999999900e+02 3.887528750000000200e+02 3.403785200000000100e+01 -3.870601562499999800e+02 1.046340480000000100e+02
1.480909294227230800e-02 1.910468750000006800e+00 1.388166480000000100e+02 3.896855625000000000e+02 3.412552000000000200e+01 -3.877750937500000000e+02 1.046911280000000100e+02
1.483064065112820400e-02 1.957499999999981800e+00 1.388544919999999900e+02 3.899427187499999800e+02 3.414656399999999800e+01 -3.879852187500000000e+02 1.047079280000000000e+02
1.485267722371003100e-02 3.014656249999973200e+00 1.386156280000000200e+02 3.909631249999999900e+02 3.393177200000000200e+01 -3.879484687500000200e+02 1.046838560000000100e+02
1.489234539466238900e-02 1.944593749999967300e+00 1.384964760000000000e+02 3.908783124999999900e+02 3.375781200000000100e+01 -3.889337187500000300e+02 1.047386640000000000e+02
1.490474121052144500e-02 1.659781249999980400e+00 1.384845080000000100e+02 3.907984374999999800e+02 3.373557999999999900e+01 -3.891386562500000000e+02 1.047489280000000100e+02
1.493263114611957800e-02 1.279406249999965400e+00 1.384780799999999800e+02 3.907435312499999900e+02 3.370503999999999700e+01 -3.894641250000000200e+02 1.047730399999999900e+02
1.499538642659671600e-02 1.725781250000011400e+00 1.387243480000000200e+02 3.910448749999999900e+02 3.387341200000000200e+01 -3.893190937499999800e+02 1.048509360000000000e+02
1.507304554986726100e-02 1.979593749999992300e+00 1.389277440000000200e+02 3.912847499999999700e+02 3.401420000000000200e+01 -3.893051562499999800e+02 1.049135440000000000e+02
1.515246900312739600e-02 1.938968750000015000e+00 1.390398000000000100e+02 3.914635000000000100e+02 3.408831200000000200e+01 -3.895245312500000000e+02 1.049514880000000000e+02
1.533117339817455200e-02 1.920062499999971800e+00 1.392558520000000000e+02 3.920274999999999700e+02 3.419525999999999800e+01 -3.901074375000000000e+02 1.050605920000000000e+02
1.573325731190354200e-02 1.917124999999998600e+00 1.398896039999999900e+02 3.952038437499999800e+02 3.453698800000000100e+01 -3.932867187499999800e+02 1.053526160000000000e+02
1.623083477371309700e-02 1.911499999999989500e+00 1.405967440000000000e+02 3.997854375000000000e+02 3.489240800000000300e+01 -3.978739375000000100e+02 1.057043360000000000e+02
1.651072355867163500e-02 1.911249999999995500e+00 1.409802239999999900e+02 4.022892499999999800e+02 3.508492799999999800e+01 -4.003779999999999900e+02 1.058952960000000000e+02
1.658228488706290800e-02 1.912250000000028600e+00 1.410760640000000000e+02 4.029202500000000100e+02 3.513295200000000300e+01 -4.010079999999999800e+02 1.059431120000000000e+02
1.660442417303395800e-02 1.912531249999972300e+00 1.411051280000000100e+02 4.031096249999999900e+02 3.514727200000000100e+01 -4.011970937500000200e+02 1.059578560000000100e+02
1.661687849651978900e-02 1.912656249999997700e+00 1.411211360000000100e+02 4.032129375000000100e+02 3.515505600000000200e+01 -4.013002812500000100e+02 1.059660800000000100e+02
1.662388380969879000e-02 1.913343750000024100e+00 1.411300160000000100e+02 4.032699062500000200e+02 3.515932800000000200e+01 -4.013565625000000000e+02 1.059706880000000000e+02
1.663104774355482100e-02 1.918218749999994100e+00 1.411390079999999900e+02 4.033244062499999800e+02 3.516344800000000200e+01 -4.014061874999999900e+02 1.059755600000000000e+02
1.663507696878528000e-02 1.926312500000051400e+00 1.411440079999999900e+02 4.033514062500000300e+02 3.516555999999999900e+01 -4.014250937499999700e+02 1.059784480000000000e+02
1.663734446436512100e-02 1.935937499999965900e+00 1.411467560000000100e+02 4.033654374999999800e+02 3.516666000000000000e+01 -4.014295000000000200e+02 1.059800960000000000e+02
1.663861993062878300e-02 1.945499999999981400e+00 1.411482280000000200e+02 4.033737499999999700e+02 3.516723600000000300e+01 -4.014282499999999900e+02 1.059809920000000000e+02
1.664148810451016000e-02 2.543656250000026400e+00 1.411033080000000000e+02 4.035525312500000200e+02 3.515921999999999800e+01 -4.010088749999999900e+02 1.059440879999999900e+02
1.664794344599749100e-02 4.195999999999969500e+00 1.409105280000000000e+02 4.045147499999999900e+02 3.505534399999999800e+01 -4.003187500000000200e+02 1.058551839999999900e+02
1.666246763930161500e-02 2.126468750000015000e+00 1.409177320000000000e+02 4.034682500000000100e+02 3.503134800000000100e+01 -4.013417812500000000e+02 1.058863840000000100e+02
1.668044118224639900e-02 1.645218749999969500e+00 1.409993440000000100e+02 4.034159687499999900e+02 3.506235199999999700e+01 -4.017707500000000200e+02 1.059369920000000000e+02
1.669882297840911600e-02 1.436843749999980000e+00 1.410121720000000200e+02 4.034214999999999800e+02 3.505845200000000300e+01 -4.019846562500000000e+02 1.059537200000000000e+02
1.670916322631419900e-02 1.306249999999977300e+00 1.410088040000000000e+02 4.033871562499999800e+02 3.505396400000000100e+01 -4.020809062500000000e+02 1.059548400000000000e+02
1.671497888441547300e-02 1.351562500000000000e+00 1.410019040000000000e+02 4.034587500000000100e+02 3.504743200000000100e+01 -4.021071875000000100e+02 1.059544720000000000e+02
1.672806639043993700e-02 1.931812499999978200e+00 1.409221920000000000e+02 4.039061249999999700e+02 3.499772800000000200e+01 -4.019743125000000000e+02 1.059244640000000000e+02
1.675751002857127400e-02 1.636000000000024100e+00 1.410152919999999900e+02 4.037515312500000300e+02 3.504892400000000000e+01 -4.021155312500000000e+02 1.059663680000000000e+02
1.682376016462101100e-02 1.938968750000015000e+00 1.411617520000000100e+02 4.038214687500000100e+02 3.514502399999999900e+01 -4.018824999999999900e+02 1.060167280000000000e+02
1.697282329577528400e-02 1.941249999999968200e+00 1.413826200000000000e+02 4.046898749999999700e+02 3.524939599999999700e+01 -4.027486250000000000e+02 1.061332240000000000e+02
1.705667122578897000e-02 1.921562500000050000e+00 1.414937600000000100e+02 4.053271250000000200e+02 3.529552799999999700e+01 -4.034055624999999700e+02 1.061982320000000000e+02
1.710383617398522600e-02 1.915281250000020900e+00 1.415533480000000000e+02 4.056696875000000100e+02 3.531990799999999800e+01 -4.037544062499999900e+02 1.062334400000000000e+02
1.713036613230324900e-02 1.968656249999980900e+00 1.415713120000000100e+02 4.057918124999999900e+02 3.532422400000000100e+01 -4.038231562500000100e+02 1.062470880000000100e+02
1.719005821347642900e-02 1.896468749999996800e+00 1.416469879999999900e+02 4.061865312499999700e+02 3.535639599999999700e+01 -4.042900624999999800e+02 1.062905920000000000e+02
1.726392734270154300e-02 1.903343750000033200e+00 1.417532480000000100e+02 4.067975625000000300e+02 3.540250400000000000e+01 -4.048942187499999900e+02 1.063507440000000100e+02
1.733947629089979700e-02 1.905093749999991800e+00 1.418467680000000000e+02 4.073601874999999900e+02 3.544659200000000300e+01 -4.054550937500000000e+02 1.064001760000000000e+02
1.734531925256023100e-02 1.896875000000022700e+00 1.418524360000000100e+02 4.073923125000000000e+02 3.544942000000000300e+01 -4.054954374999999800e+02 1.064030159999999900e+02
1.735129483150802200e-02 1.890687499999955900e+00 1.418553200000000100e+02 4.074192499999999800e+02 3.545031199999999700e+01 -4.055285625000000200e+02 1.064050080000000000e+02
1.735465576962377800e-02 1.934656249999989100e+00 1.418499400000000000e+02 4.074674999999999700e+02 3.544554000000000100e+01 -4.055328437499999800e+02 1.064044000000000000e+02
1.735654751622278700e-02 2.030406249999998600e+00 1.418380599999999800e+02 4.075449687500000100e+02 3.543654800000000200e+01 -4.055145625000000100e+02 1.064015120000000000e+02
1.736080167077395200e-02 3.283343749999971800e+00 1.416650720000000100e+02 4.085537812499999900e+02 3.530273600000000300e+01 -4.052704375000000100e+02 1.063623360000000000e+02
1.737037351851408000e-02 2.567656250000027300e+00 1.416309960000000100e+02 4.082567812500000200e+02 3.526728399999999700e+01 -4.056891249999999900e+02 1.063637120000000100e+02
1.739191212618359000e-02 1.769656249999968600e+00 1.417173919999999900e+02 4.078335937499999800e+02 3.532586400000000300e+01 -4.060639375000000100e+02 1.063915279999999900e+02
1.740402710543413300e-02 1.722874999999987700e+00 1.417307879999999900e+02 4.079006875000000000e+02 3.533109999999999900e+01 -4.061778125000000200e+02 1.063996880000000000e+02
1.743128515866311200e-02 1.444656250000036800e+00 1.417849280000000100e+02 4.078276562500000200e+02 3.537016800000000000e+01 -4.063829999999999800e+02 1.064147600000000000e+02
1.746501805592168300e-02 1.724968750000016400e+00 1.418602720000000100e+02 4.080977187500000100e+02 3.542430399999999900e+01 -4.063727500000000000e+02 1.064359680000000000e+02
1.747364338027756300e-02 1.937281250000012300e+00 1.418620440000000000e+02 4.083011875000000300e+02 3.542206800000000300e+01 -4.063639062500000100e+02 1.064399760000000000e+02
1.747849431262181800e-02 2.265562499999987300e+00 1.418349279999999900e+02 4.086041250000000100e+02 3.539781599999999900e+01 -4.063385625000000200e+02 1.064371120000000000e+02
1.748941053560824900e-02 2.646968749999985000e+00 1.417521079999999900e+02 4.090493750000000000e+02 3.533240399999999700e+01 -4.064024062500000100e+02 1.064197040000000000e+02
1.751397073715823400e-02 2.234781249999969100e+00 1.417754480000000100e+02 4.089982812499999900e+02 3.534179999999999900e+01 -4.067635000000000200e+02 1.064336480000000100e+02
1.756923314089992700e-02 1.641843750000020900e+00 1.419027639999999900e+02 4.087924062500000000e+02 3.544057200000000300e+01 -4.071505624999999800e+02 1.064621920000000000e+02
1.763761815524214600e-02 1.883656250000001400e+00 1.420280920000000200e+02 4.091765624999999900e+02 3.554341999999999800e+01 -4.072929062499999900e+02 1.064846720000000000e+02
1.770755947245654000e-02 1.923218749999989500e+00 1.420645959999999900e+02 4.095862500000000100e+02 3.558001200000000400e+01 -4.076630312500000200e+02 1.064845840000000000e+02
1.786492418576522000e-02 1.920281250000016400e+00 1.422633119999999800e+02 4.106517499999999900e+02 3.572558399999999800e+01 -4.087314687499999800e+02 1.065377280000000000e+02
1.791360903208810000e-02 1.921812499999987300e+00 1.423190480000000100e+02 4.110769687499999900e+02 3.575792800000000000e+01 -4.091551562500000000e+02 1.065611200000000000e+02
1.794099450192649500e-02 1.918593750000013600e+00 1.423502800000000000e+02 4.113131562500000200e+02 3.577564799999999700e+01 -4.093945625000000100e+02 1.065746319999999900e+02
1.796900275294766000e-02 1.914500000000032300e+00 1.423796239999999800e+02 4.115385937500000200e+02 3.579257599999999700e+01 -4.096240937499999900e+02 1.065870480000000000e+02
1.798475690658351100e-02 1.939999999999997700e+00 1.423872440000000100e+02 4.116702187500000000e+02 3.579706800000000300e+01 -4.097302187500000100e+02 1.065901760000000000e+02
1.802020472739127700e-02 1.906656250000025900e+00 1.423888400000000200e+02 4.118834687500000200e+02 3.579912800000000300e+01 -4.099768124999999900e+02 1.065897120000000100e+02
1.809996102403928200e-02 1.898937499999988200e+00 1.424452000000000000e+02 4.122471875000000000e+02 3.583746399999999700e+01 -4.103482500000000100e+02 1.066077360000000000e+02
1.814482337207963200e-02 1.906781249999994500e+00 1.425139360000000000e+02 4.124976562499999800e+02 3.588654400000000100e+01 -4.105908749999999800e+02 1.066273920000000000e+02
1.820034190920964000e-02 1.926437499999963200e+00 1.425792400000000000e+02 4.129331874999999700e+02 3.592296799999999700e+01 -4.110067500000000100e+02 1.066562720000000000e+02
1.825712031056950900e-02 1.911625000000015000e+00 1.426286839999999900e+02 4.132675937500000000e+02 3.594817200000000000e+01 -4.113559687499999900e+02 1.066805119999999900e+02
1.832738536998537700e-02 1.906468749999987700e+00 1.426925440000000000e+02 4.137311874999999800e+02 3.598402399999999800e+01 -4.118247187499999900e+02 1.067085199999999900e+02
1.836690922212503100e-02 1.925343749999967700e+00 1.427182040000000100e+02 4.139418749999999800e+02 3.600054800000000200e+01 -4.120165312500000100e+02 1.067176560000000100e+02
1.840733149137802400e-02 1.943093750000002700e+00 1.427378080000000000e+02 4.141410937499999800e+02 3.601252800000000300e+01 -4.121979999999999800e+02 1.067252800000000000e+02
1.848009157603341300e-02 1.835281249999980000e+00 1.426240239999999900e+02 4.144778437499999800e+02 3.587512000000000300e+01 -4.126425625000000000e+02 1.067489040000000000e+02
1.850282893996703400e-02 1.725906250000036800e+00 1.426319720000000200e+02 4.144364375000000100e+02 3.586789199999999800e+01 -4.127105312499999700e+02 1.067640800000000100e+02
1.851561870717969800e-02 1.933312499999999500e+00 1.426002080000000100e+02 4.146625312499999700e+02 3.582450399999999700e+01 -4.127292187499999700e+02 1.067757040000000000e+02
1.853144697047612700e-02 2.466000000000008200e+00 1.424638720000000100e+02 4.152381250000000300e+02 3.566487200000000300e+01 -4.127721250000000200e+02 1.067990000000000100e+02
1.854763408055009800e-02 2.360656249999976800e+00 1.424203479999999900e+02 4.152303749999999800e+02 3.559695599999999900e+01 -4.128697187500000000e+02 1.068233920000000000e+02
1.858405442813179000e-02 1.903624999999976800e+00 1.422865200000000000e+02 4.151110625000000000e+02 3.541549599999999700e+01 -4.132074375000000300e+02 1.068710240000000100e+02
1.866600281052956500e-02 1.618562499999995900e+00 1.424291480000000000e+02 4.149610312500000200e+02 3.548213200000000000e+01 -4.133424687500000200e+02 1.069470160000000000e+02
1.885038374554322600e-02 1.915593749999970900e+00 1.426340960000000000e+02 4.153347812499999900e+02 3.560552800000000000e+01 -4.134191875000000200e+02 1.070285680000000100e+02
1.926524312462055800e-02 1.920124999999984500e+00 1.429749039999999800e+02 4.163401250000000000e+02 3.581797600000000200e+01 -4.144200000000000200e+02 1.071569279999999900e+02
1.932358172936104700e-02 1.890781249999975000e+00 1.430262200000000000e+02 4.164413124999999800e+02 3.585146799999999700e+01 -4.145505312500000100e+02 1.071747520000000000e+02
1.935639800713349900e-02 1.901562500000011400e+00 1.430522880000000000e+02 4.165080937500000000e+02 3.586738400000000100e+01 -4.146065312499999900e+02 1.071849040000000000e+02
1.943023463212151600e-02 1.824156249999987300e+00 1.430676960000000100e+02 4.165602500000000000e+02 3.587103200000000000e+01 -4.147360937500000100e+02 1.071966640000000000e+02
1.959636508809033100e-02 1.925968749999981400e+00 1.432334000000000200e+02 4.169750937499999800e+02 3.597622400000000200e+01 -4.150491250000000000e+02 1.072571760000000000e+02
1.997015991418964500e-02 1.915093749999982700e+00 1.435223599999999900e+02 4.184628750000000000e+02 3.612791200000000200e+01 -4.165477812500000100e+02 1.073944480000000000e+02
2.081119794787073300e-02 1.911656249999964500e+00 1.440906640000000000e+02 4.221544374999999700e+02 3.637339999999999700e+01 -4.202427812500000100e+02 1.077172640000000000e+02
2.107139306565735200e-02 1.912031249999984100e+00 1.442531679999999900e+02 4.231520937500000100e+02 3.643761599999999800e+01 -4.212400625000000200e+02 1.078155520000000000e+02
2.121775314445469400e-02 1.911531249999995900e+00 1.443424359999999900e+02 4.236746562500000000e+02 3.647265199999999700e+01 -4.217631250000000000e+02 1.078697840000000000e+02
2.130008117634175600e-02 1.911312499999951300e+00 1.443930839999999900e+02 4.239641562499999700e+02 3.649329999999999800e+01 -4.220528437500000200e+02 1.078997840000000000e+02
2.134639061301763600e-02 1.911374999999964100e+00 1.444216079999999900e+02 4.241254374999999800e+02 3.650551999999999700e+01 -4.222140625000000100e+02 1.079160880000000000e+02
2.137243950862663400e-02 1.912187500000015900e+00 1.444374039999999900e+02 4.242134687500000000e+02 3.651232400000000000e+01 -4.223012812499999900e+02 1.079250799999999900e+02
2.139907998135078300e-02 1.913656250000030900e+00 1.444530639999999800e+02 4.242975000000000100e+02 3.651904799999999800e+01 -4.223838437499999800e+02 1.079340160000000000e+02
2.141406573482167500e-02 1.922718750000001400e+00 1.444609360000000000e+02 4.243452187500000200e+02 3.652265599999999800e+01 -4.224225000000000100e+02 1.079382800000000100e+02
2.142249603375497700e-02 2.012593750000007700e+00 1.444605799999999900e+02 4.244430937500000000e+02 3.652164400000000200e+01 -4.224304999999999900e+02 1.079389360000000000e+02
2.144146160601594100e-02 2.231156250000026400e+00 1.444237800000000200e+02 4.247358437500000200e+02 3.649328400000000300e+01 -4.225046874999999900e+02 1.079304960000000100e+02
2.148413576881496800e-02 1.721593749999954100e+00 1.444574839999999900e+02 4.243469999999999800e+02 3.651894800000000200e+01 -4.226254062500000300e+02 1.079385360000000000e+02
2.153694475274062900e-02 1.836656250000032700e+00 1.445076399999999800e+02 4.245648125000000200e+02 3.654384799999999700e+01 -4.227281562499999800e+02 1.079637920000000000e+02
2.156664842476873800e-02 1.933937499999956300e+00 1.445312160000000000e+02 4.246644999999999800e+02 3.655807200000000300e+01 -4.227305625000000200e+02 1.079731440000000000e+02
2.157424401489340900e-02 1.968906250000031800e+00 1.445337879999999900e+02 4.246845000000000100e+02 3.656004399999999800e+01 -4.227155937499999800e+02 1.079737440000000000e+02
2.157851637181735000e-02 2.004781250000007700e+00 1.445325160000000200e+02 4.247058437499999900e+02 3.655931600000000300e+01 -4.227010624999999800e+02 1.079732000000000100e+02
2.158380286093869800e-02 2.215000000000031800e+00 1.445081480000000100e+02 4.248368125000000100e+02 3.654399600000000000e+01 -4.226218124999999800e+02 1.079641520000000000e+02
2.158677634854826900e-02 3.951781250000010500e+00 1.443132440000000000e+02 4.260240312500000100e+02 3.641309199999999900e+01 -4.220722500000000000e+02 1.079001520000000100e+02
2.158981874514048400e-02 4.554437500000005900e+00 1.442010200000000000e+02 4.266225625000000200e+02 3.631385199999999700e+01 -4.220681250000000100e+02 1.078871680000000000e+02
2.159666153713400400e-02 2.949937499999975900e+00 1.442380360000000200e+02 4.255318125000000000e+02 3.634266800000000300e+01 -4.225818750000000300e+02 1.078953680000000000e+02
2.161205944433127600e-02 2.180375000000026400e+00 1.442772719999999800e+02 4.250946562500000100e+02 3.636134400000000300e+01 -4.229142812499999900e+02 1.079159279999999900e+02
2.162071987326322200e-02 2.106562499999995500e+00 1.442924199999999900e+02 4.251043750000000000e+02 3.636634800000000200e+01 -4.229978125000000100e+02 1.079260720000000000e+02
2.162559160831921700e-02 2.076000000000021800e+00 1.442942119999999900e+02 4.251185625000000000e+02 3.636455600000000000e+01 -4.230425624999999700e+02 1.079296559999999900e+02
2.162833236559118200e-02 2.070906250000007300e+00 1.442911920000000000e+02 4.251442812500000100e+02 3.635996000000000100e+01 -4.230733750000000000e+02 1.079312319999999900e+02
2.163172320760507100e-02 2.187968749999981800e+00 1.442707320000000100e+02 4.252943124999999900e+02 3.633951600000000300e+01 -4.231063437500000100e+02 1.079312160000000100e+02
2.163519205978798800e-02 2.746468750000019600e+00 1.441992840000000100e+02 4.257835312500000100e+02 3.628209199999999900e+01 -4.230370624999999900e+02 1.079171920000000000e+02
2.164299567703007600e-02 2.510781249999979500e+00 1.441266640000000100e+02 4.257039374999999900e+02 3.622831200000000300e+01 -4.231931562500000200e+02 1.078983520000000000e+02
2.166055316574002800e-02 1.271531250000009500e+00 1.441310039999999900e+02 4.249994062499999900e+02 3.622641200000000300e+01 -4.237278749999999800e+02 1.079045919999999900e+02
2.170005881550690600e-02 1.095156250000002300e+00 1.442431120000000000e+02 4.248666875000000100e+02 3.630630399999999700e+01 -4.237715312500000100e+02 1.079368080000000000e+02
2.172228131232492200e-02 1.421281249999992700e+00 1.443075920000000000e+02 4.250322812499999800e+02 3.635202400000000000e+01 -4.236109999999999900e+02 1.079555680000000000e+02
2.173478114174268500e-02 1.704031250000014100e+00 1.443418480000000000e+02 4.251888437499999900e+02 3.637556800000000100e+01 -4.234848124999999800e+02 1.079662800000000000e+02
2.174181245831136400e-02 1.899906249999958200e+00 1.443579720000000200e+02 4.253062499999999800e+02 3.638617200000000200e+01 -4.234063437500000200e+02 1.079718000000000000e+02
2.174576757388124400e-02 2.024999999999977300e+00 1.443649719999999900e+02 4.253858750000000000e+02 3.639047600000000000e+01 -4.233608750000000200e+02 1.079744960000000000e+02
2.175066271198795200e-02 2.240187499999990500e+00 1.443662679999999900e+02 4.255356249999999800e+02 3.639005199999999700e+01 -4.232954374999999900e+02 1.079762159999999900e+02
2.175566836450079000e-02 2.696750000000008600e+00 1.443428840000000000e+02 4.258621249999999900e+02 3.637233200000000000e+01 -4.231653749999999800e+02 1.079705520000000000e+02
2.176693043256992100e-02 2.521937499999978600e+00 1.443679200000000000e+02 4.257368750000000000e+02 3.638946399999999700e+01 -4.232149375000000200e+02 1.079784559999999900e+02
2.179227203597970300e-02 2.346093749999965900e+00 1.444219239999999900e+02 4.256012187499999900e+02 3.642968400000000200e+01 -4.232551250000000200e+02 1.079922400000000000e+02
2.184928836835511500e-02 1.730937499999981800e+00 1.444692479999999900e+02 4.252381562499999700e+02 3.647104800000000300e+01 -4.235072187499999900e+02 1.079982000000000000e+02
2.188136094918280100e-02 1.715406250000000900e+00 1.444901519999999900e+02 4.252530625000000000e+02 3.648743999999999900e+01 -4.235376562500000000e+02 1.080027120000000000e+02
2.189940210094074700e-02 1.847312499999986800e+00 1.444953400000000000e+02 4.253683750000000100e+02 3.649050799999999800e+01 -4.235210625000000300e+02 1.080048319999999900e+02
2.190954862359273700e-02 1.960031249999985900e+00 1.444932759999999800e+02 4.254723750000000000e+02 3.648793200000000100e+01 -4.235123437500000100e+02 1.080053439999999900e+02
2.193238220006816400e-02 2.180781250000052300e+00 1.444531200000000100e+02 4.257392500000000300e+02 3.645440000000000000e+01 -4.235584687499999700e+02 1.079987200000000100e+02
2.196063748329126300e-02 2.066812499999969100e+00 1.444706840000000100e+02 4.257374062499999900e+02 3.646255599999999900e+01 -4.236705937500000200e+02 1.080081280000000000e+02
2.198953505023938000e-02 1.994468750000010000e+00 1.444181040000000000e+02 4.259780312500000200e+02 3.640386399999999900e+01 -4.239835625000000100e+02 1.080142400000000000e+02
2.205455392578790600e-02 1.731312500000001400e+00 1.445019240000000000e+02 4.258635312499999900e+02 3.646579599999999700e+01 -4.241322187499999900e+02 1.080361280000000100e+02
2.213501621446564000e-02 1.897531249999985900e+00 1.446151360000000100e+02 4.259464375000000000e+02 3.655176800000000300e+01 -4.240489062500000200e+02 1.080633680000000000e+02
2.218027511419856700e-02 1.969187500000032300e+00 1.446621160000000000e+02 4.260212500000000100e+02 3.658717999999999600e+01 -4.240520624999999800e+02 1.080749359999999900e+02
2.222656374816270300e-02 2.478125000000034100e+00 1.445536360000000100e+02 4.267936250000000200e+02 3.647538800000000200e+01 -4.243154999999999900e+02 1.080782480000000000e+02
2.225260094224634400e-02 1.928656249999960400e+00 1.445364480000000100e+02 4.266047812499999700e+02 3.644828799999999800e+01 -4.246761250000000100e+02 1.080881600000000000e+02
2.228482174239519000e-02 1.584937500000023600e+00 1.445474320000000100e+02 4.265061562500000000e+02 3.644572800000000300e+01 -4.249212187499999800e+02 1.081017040000000000e+02
2.231777583813293600e-02 1.770875000000046400e+00 1.445316880000000000e+02 4.268977187500000200e+02 3.640736799999999800e+01 -4.251268437499999800e+02 1.081243200000000000e+02
2.233631105429474300e-02 2.101875000000006800e+00 1.445001399999999900e+02 4.273710624999999900e+02 3.635673200000000100e+01 -4.252691874999999900e+02 1.081434079999999900e+02
2.237801789099778300e-02 1.882093750000024100e+00 1.445261319999999900e+02 4.274697187500000300e+02 3.634738800000000200e+01 -4.255876250000000000e+02 1.081787439999999900e+02
2.247185892366436500e-02 1.830499999999972300e+00 1.446288360000000100e+02 4.275442812499999800e+02 3.640342799999999800e+01 -4.257137812500000100e+02 1.082254080000000000e+02
2.255829419095091800e-02 1.930375000000026400e+00 1.446818880000000100e+02 4.277940937500000000e+02 3.642268800000000100e+01 -4.258637187499999800e+02 1.082592000000000100e+02
2.256571555836475000e-02 1.958062499999982700e+00 1.446840839999999800e+02 4.278283124999999800e+02 3.642207599999999700e+01 -4.258702500000000000e+02 1.082620079999999900e+02
2.258241753555433100e-02 2.074468749999994100e+00 1.446795040000000100e+02 4.279594374999999800e+02 3.641166400000000200e+01 -4.258849687499999800e+02 1.082678400000000100e+02
2.259181256024465200e-02 2.433531250000044100e+00 1.446499279999999900e+02 4.282411562500000200e+02 3.638328800000000000e+01 -4.258076249999999700e+02 1.082666400000000000e+02
2.261295071571313800e-02 2.117374999999981400e+00 1.446387359999999900e+02 4.281967500000000100e+02 3.635802400000000000e+01 -4.260793750000000300e+02 1.082807119999999900e+02
2.266051091543248200e-02 1.796187499999973600e+00 1.446370560000000000e+02 4.282440312499999800e+02 3.632773600000000200e+01 -4.264478437500000000e+02 1.083093200000000000e+02
2.271936698762754400e-02 1.749468749999948600e+00 1.446781839999999900e+02 4.282878124999999700e+02 3.634261600000000000e+01 -4.265383437500000200e+02 1.083355679999999900e+02
2.275247190302541100e-02 1.857906250000041800e+00 1.447086200000000000e+02 4.284068750000000100e+02 3.636154799999999900e+01 -4.265489687499999700e+02 1.083470720000000000e+02
2.278633091672391600e-02 2.115312500000015900e+00 1.447339159999999900e+02 4.287314062500000200e+02 3.639082799999999900e+01 -4.266160937500000000e+02 1.083430879999999900e+02
2.286251304746080000e-02 1.839812499999993600e+00 1.447707800000000000e+02 4.286823749999999800e+02 3.640807600000000100e+01 -4.268425624999999900e+02 1.083627039999999900e+02
2.287322644400775100e-02 1.875031250000006400e+00 1.447733399999999900e+02 4.287291250000000100e+02 3.640636400000000400e+01 -4.268540937500000000e+02 1.083669759999999900e+02
2.288648297206511600e-02 2.055218749999994500e+00 1.447620359999999900e+02 4.288962187500000000e+02 3.638886000000000100e+01 -4.268410000000000100e+02 1.083731760000000000e+02
2.290004113944273800e-02 2.125875000000007700e+00 1.447474000000000000e+02 4.289971249999999800e+02 3.636692000000000000e+01 -4.268712499999999700e+02 1.083804800000000100e+02
2.293054831621186800e-02 1.947249999999996800e+00 1.447634240000000100e+02 4.289675312499999800e+02 3.636887200000000300e+01 -4.270202812499999800e+02 1.083945520000000000e+02
2.299918946394240900e-02 1.807031250000022700e+00 1.448153199999999900e+02 4.289975000000000000e+02 3.639820799999999700e+01 -4.271904687499999800e+02 1.084171120000000000e+02
2.315363139625138300e-02 1.949749999999994500e+00 1.449008320000000100e+02 4.294509375000000100e+02 3.641917600000000000e+01 -4.275011875000000100e+02 1.084816560000000000e+02
2.334475631037779100e-02 1.904781249999985000e+00 1.450375919999999900e+02 4.297513750000000000e+02 3.650549600000000100e+01 -4.278465937500000100e+02 1.085320960000000000e+02
2.339362188025892500e-02 1.961906250000026800e+00 1.450710839999999800e+02 4.299188750000000100e+02 3.653346799999999900e+01 -4.279569687499999900e+02 1.085376160000000000e+02
2.345409536329189800e-02 1.896687499999984500e+00 1.450960599999999900e+02 4.301483124999999700e+02 3.656640399999999900e+01 -4.282516249999999900e+02 1.085296560000000000e+02
2.351594182529982400e-02 1.819187499999998200e+00 1.451345279999999900e+02 4.301857499999999800e+02 3.658825600000000100e+01 -4.283665624999999900e+02 1.085462720000000000e+02
2.365509636481765200e-02 1.923937500000022300e+00 1.452313240000000000e+02 4.304623437500000000e+02 3.664275599999999900e+01 -4.285384062499999800e+02 1.085885680000000000e+02
2.396819537890225400e-02 1.914125000000012700e+00 1.454308560000000100e+02 4.309880000000000000e+02 3.674916799999999700e+01 -4.290738749999999900e+02 1.086816879999999900e+02
2.414431373684602600e-02 1.913124999999979500e+00 1.455364520000000000e+02 4.313149062499999800e+02 3.680330800000000100e+01 -4.294017812500000000e+02 1.087331440000000000e+02
2.419880123957534100e-02 1.916281249999997300e+00 1.455668479999999900e+02 4.314285937500000000e+02 3.681754399999999800e+01 -4.295123125000000100e+02 1.087493040000000000e+02
2.422944883464872900e-02 1.918749999999988600e+00 1.455835119999999800e+02 4.314972187500000000e+02 3.682519200000000100e+01 -4.295784687500000100e+02 1.087583200000000000e+02
2.424668908200462000e-02 1.921093750000011400e+00 1.455927240000000000e+02 4.315364687499999800e+02 3.682929200000000200e+01 -4.296153749999999700e+02 1.087634319999999900e+02
2.425638574601519900e-02 1.924312500000041800e+00 1.455978839999999900e+02 4.315592187500000100e+02 3.683155599999999900e+01 -4.296349062499999700e+02 1.087663280000000000e+02
2.426630343883803100e-02 1.940406250000023600e+00 1.456037560000000000e+02 4.315877187500000200e+02 3.683416400000000100e+01 -4.296473125000000000e+02 1.087695920000000000e+02
2.426937183881992100e-02 1.950312499999995500e+00 1.456057920000000100e+02 4.315987187499999900e+02 3.683511200000000200e+01 -4.296484062499999900e+02 1.087706800000000000e+02
2.427251044795394500e-02 1.967593749999991800e+00 1.456082440000000100e+02 4.316131874999999800e+02 3.683626000000000300e+01 -4.296455937499999900e+02 1.087719840000000000e+02
2.427427607811301300e-02 1.983156249999979100e+00 1.456098760000000100e+02 4.316238437499999900e+02 3.683702000000000300e+01 -4.296406875000000100e+02 1.087728560000000000e+02
2.427646036284588800e-02 2.066468750000012700e+00 1.456101520000000000e+02 4.316488437500000300e+02 3.683839199999999900e+01 -4.295823750000000100e+02 1.087717600000000000e+02
2.427869405401914700e-02 2.557937500000036800e+00 1.455784439999999900e+02 4.317322500000000200e+02 3.683885999999999700e+01 -4.291743124999999800e+02 1.087395839999999900e+02
2.428372050924372500e-02 3.977906249999989500e+00 1.454752479999999900e+02 4.323916874999999900e+02 3.681495199999999800e+01 -4.284137812500000000e+02 1.086602960000000000e+02
2.428654967804059000e-02 4.731187499999975900e+00 1.453990960000000100e+02 4.328096875000000000e+02 3.679058400000000300e+01 -4.280785000000000200e+02 1.086085120000000000e+02
2.428813848514985900e-02 5.116499999999973600e+00 1.453496480000000000e+02 4.330150312499999900e+02 3.677474399999999800e+01 -4.278985312500000200e+02 1.085749040000000000e+02
2.429171655156942300e-02 5.593250000000011800e+00 1.452360640000000000e+02 4.332442187500000200e+02 3.673264000000000400e+01 -4.276509687500000000e+02 1.085034240000000000e+02
2.429976980135240700e-02 4.184812499999964100e+00 1.451067200000000000e+02 4.325180312499999800e+02 3.665894399999999800e+01 -4.283332187500000100e+02 1.084477760000000000e+02
2.431788636294041800e-02 2.006625000000042300e+00 1.451370800000000000e+02 4.314920312500000300e+02 3.665496799999999700e+01 -4.294854062499999800e+02 1.084821120000000000e+02
2.434030388518101200e-02 8.482187500000009100e-01 1.452164839999999800e+02 4.311644062500000100e+02 3.667158800000000000e+01 -4.303161875000000100e+02 1.085448959999999900e+02
2.436323107385927900e-02 4.681249999999863600e-01 1.452447320000000000e+02 4.311367812500000100e+02 3.667409200000000200e+01 -4.306686562500000300e+02 1.085706400000000000e+02
2.441482179897856700e-02 1.515031249999992700e+00 1.454595559999999900e+02 4.319998125000000200e+02 3.678507599999999700e+01 -4.304847812500000300e+02 1.086744800000000000e+02
2.453089572981903900e-02 2.050312499999961300e+00 1.455947960000000000e+02 4.322292812499999900e+02 3.685811600000000300e+01 -4.301789687500000200e+02 1.087366800000000100e+02
2.456680641096306200e-02 1.995187499999985900e+00 1.456130399999999800e+02 4.321831874999999700e+02 3.686709599999999700e+01 -4.301879999999999900e+02 1.087459439999999900e+02
2.460353099820397600e-02 1.937031249999961300e+00 1.456195640000000000e+02 4.321304999999999800e+02 3.686781200000000100e+01 -4.301934687500000200e+02 1.087517520000000000e+02
2.468616717025870800e-02 1.866937500000005900e+00 1.456868880000000100e+02 4.321569375000000300e+02 3.689660800000000100e+01 -4.302900000000000200e+02 1.087902800000000000e+02
2.487209400678867100e-02 1.920093750000035000e+00 1.458321080000000100e+02 4.324460000000000300e+02 3.695042000000000100e+01 -4.305259062499999900e+02 1.088816880000000000e+02
2.529043393957427700e-02 1.913281249999954500e+00 1.460620439999999900e+02 4.331123124999999700e+02 3.701764399999999700e+01 -4.311990312500000200e+02 1.090444000000000000e+02
2.552574901411788400e-02 1.911656249999964500e+00 1.461990440000000100e+02 4.335732812499999800e+02 3.706701999999999900e+01 -4.316616250000000200e+02 1.091320240000000000e+02
2.581695057375543000e-02 1.912781250000023200e+00 1.463609800000000100e+02 4.341967500000000100e+02 3.711795600000000000e+01 -4.322839687499999900e+02 1.092430240000000100e+02
2.598075372634814700e-02 1.912937499999998200e+00 1.464473759999999900e+02 4.345486562500000200e+02 3.714219200000000100e+01 -4.326357187500000200e+02 1.093051840000000000e+02
2.614827796400364900e-02 1.929375000000050000e+00 1.465006840000000100e+02 4.347693750000000300e+02 3.714873200000000300e+01 -4.328399999999999700e+02 1.093519520000000000e+02
2.652520749872853600e-02 1.914187500000025500e+00 1.467012080000000100e+02 4.356222500000000100e+02 3.719384000000000200e+01 -4.337080624999999800e+02 1.095073680000000000e+02
2.699165630275567400e-02 1.912531249999972300e+00 1.469242480000000100e+02 4.366950312500000000e+02 3.723572000000000100e+01 -4.347825000000000300e+02 1.096885280000000100e+02
2.711092084950951800e-02 1.911718749999977300e+00 1.469794200000000000e+02 4.369458124999999900e+02 3.724570800000000000e+01 -4.350340937500000100e+02 1.097337120000000000e+02
2.714781705912230200e-02 1.913281250000011400e+00 1.469963360000000100e+02 4.370264374999999900e+02 3.724875200000000300e+01 -4.351131562499999700e+02 1.097475840000000000e+02
2.716857296476253600e-02 1.918687499999975900e+00 1.470060680000000000e+02 4.370743749999999700e+02 3.725075600000000300e+01 -4.351556875000000000e+02 1.097553120000000000e+02
2.718979693141695300e-02 2.458218750000014600e+00 1.469917439999999800e+02 4.375867812500000000e+02 3.723965599999999700e+01 -4.351285624999999900e+02 1.097520880000000000e+02
2.723755735723681200e-02 1.748343750000003600e+00 1.469935240000000100e+02 4.371708437500000200e+02 3.724405999999999800e+01 -4.354225000000000100e+02 1.097494640000000000e+02
2.734501376473830500e-02 1.867781250000007300e+00 1.470671240000000100e+02 4.374108125000000200e+02 3.726529200000000200e+01 -4.355430312500000100e+02 1.098018320000000000e+02
2.747799509954679900e-02 1.938781249999976800e+00 1.471298760000000000e+02 4.377144687499999800e+02 3.727351600000000100e+01 -4.357756875000000000e+02 1.098563600000000000e+02
2.751199453154955900e-02 1.942937499999970900e+00 1.471446080000000100e+02 4.377979687500000000e+02 3.727669600000000100e+01 -4.358550312500000200e+02 1.098679120000000000e+02
2.752251290267392800e-02 1.947937500000023200e+00 1.471493720000000000e+02 4.378300937500000000e+02 3.727823600000000000e+01 -4.358821562499999800e+02 1.098711360000000100e+02
2.752843127416443000e-02 1.957468750000032300e+00 1.471524760000000100e+02 4.378547500000000200e+02 3.727966000000000000e+01 -4.358972812499999900e+02 1.098728160000000000e+02
2.753448226294228200e-02 1.984562499999981400e+00 1.471567159999999900e+02 4.378965000000000000e+02 3.728235600000000000e+01 -4.359119375000000200e+02 1.098743600000000000e+02
2.754809763777718900e-02 2.430250000000000900e+00 1.471606760000000000e+02 4.383679999999999900e+02 3.729150800000000000e+01 -4.359377499999999900e+02 1.098691680000000000e+02
2.757873223115573500e-02 1.883937500000001800e+00 1.471536920000000100e+02 4.380522187500000100e+02 3.728894799999999800e+01 -4.361682812500000100e+02 1.098647440000000000e+02
2.764765941617272600e-02 1.737250000000017300e+00 1.471879079999999900e+02 4.381064375000000300e+02 3.729183600000000400e+01 -4.363691875000000100e+02 1.098960720000000000e+02
2.780274883288465900e-02 1.936406250000004500e+00 1.472684480000000100e+02 4.385268750000000200e+02 3.730196800000000200e+01 -4.365904687500000100e+02 1.099664800000000000e+02
2.815169872031702400e-02 1.912624999999991400e+00 1.474191319999999900e+02 4.392606250000000000e+02 3.730733200000000200e+01 -4.373480000000000100e+02 1.101118000000000000e+02
2.858352401098915700e-02 1.914093750000006400e+00 1.475959039999999900e+02 4.402539687500000100e+02 3.730507999999999700e+01 -4.383398750000000100e+02 1.102908240000000000e+02
2.877674219798456400e-02 1.913749999999993200e+00 1.476739000000000000e+02 4.407412499999999800e+02 3.730505999999999700e+01 -4.388274999999999900e+02 1.103688400000000100e+02
2.883884869388926200e-02 1.931937500000003600e+00 1.476993040000000100e+02 4.409296875000000000e+02 3.730786400000000200e+01 -4.389977500000000000e+02 1.103914400000000000e+02
2.897858570933585500e-02 1.903500000000008200e+00 1.477464760000000000e+02 4.412710000000000200e+02 3.730888399999999900e+01 -4.393675000000000100e+02 1.104375920000000000e+02
2.929299529426018100e-02 1.912937499999998200e+00 1.478747159999999800e+02 4.420483750000000200e+02 3.730190799999999700e+01 -4.401354375000000200e+02 1.105728079999999900e+02
3.000041751042465500e-02 1.911468749999983200e+00 1.481569480000000000e+02 4.434458437499999900e+02 3.729990000000000100e+01 -4.415343750000000100e+02 1.108570480000000100e+02
3.159211619662523300e-02 1.912249999999971800e+00 1.487601720000000100e+02 4.449028124999999800e+02 3.730026000000000200e+01 -4.429905625000000100e+02 1.114599120000000000e+02
3.315894524093867400e-02 1.908781250000004100e+00 1.493349039999999900e+02 4.458851562500000200e+02 3.727229599999999700e+01 -4.439763750000000200e+02 1.120626080000000000e+02
3.328485105341603300e-02 1.911687500000027700e+00 1.493803159999999900e+02 4.459635625000000200e+02 3.727011600000000200e+01 -4.440518750000000000e+02 1.121102000000000100e+02
3.332380153081330300e-02 1.911531249999995900e+00 1.493941560000000100e+02 4.459864687499999700e+02 3.726931600000000300e+01 -4.440749374999999800e+02 1.121248400000000100e+02
3.334571198695519800e-02 1.912812499999972700e+00 1.494019920000000100e+02 4.459980312500000000e+02 3.726883200000000300e+01 -4.440852187500000200e+02 1.121331600000000000e+02
3.335803759366212700e-02 1.920593749999966300e+00 1.494068960000000200e+02 4.460033124999999900e+02 3.726863199999999700e+01 -4.440827187500000300e+02 1.121382640000000100e+02
3.336118920449099300e-02 1.924562500000035900e+00 1.494082640000000000e+02 4.460045937500000300e+02 3.726859199999999800e+01 -4.440800312499999900e+02 1.121396720000000000e+02
3.336296263566696000e-02 1.927687499999990500e+00 1.494090880000000000e+02 4.460053437500000100e+02 3.726857600000000300e+01 -4.440776562500000200e+02 1.121405120000000000e+02
3.336515472141674000e-02 1.934406249999995000e+00 1.494103040000000000e+02 4.460064375000000000e+02 3.726857600000000300e+01 -4.440720312500000100e+02 1.121417280000000000e+02
3.336739881394586900e-02 1.950593750000052800e+00 1.494120520000000200e+02 4.460085000000000300e+02 3.726865200000000300e+01 -4.440579062499999700e+02 1.121434000000000000e+02
3.337244607188218800e-02 2.833906249999984100e+00 1.493560720000000100e+02 4.461681874999999900e+02 3.726447999999999900e+01 -4.433342812500000000e+02 1.120915920000000100e+02
3.337869208608261500e-02 3.611843749999991400e+00 1.492760800000000100e+02 4.465731250000000000e+02 3.723283200000000200e+01 -4.429612812500000100e+02 1.120432480000000100e+02
3.338508111892627600e-02 3.148468750000006400e+00 1.492545079999999900e+02 4.464543437500000200e+02 3.720694799999999700e+01 -4.433058750000000100e+02 1.120475600000000000e+02
3.339298614938809900e-02 2.317468750000045900e+00 1.492763200000000000e+02 4.460341562500000200e+02 3.720870399999999700e+01 -4.437166874999999800e+02 1.120676160000000000e+02
3.340107320357766500e-02 2.144875000000013200e+00 1.492859599999999900e+02 4.459615312500000100e+02 3.721261599999999700e+01 -4.438166562499999900e+02 1.120733440000000100e+02
3.340562119643218600e-02 2.430468749999988600e+00 1.492664240000000000e+02 4.460756562500000100e+02 3.720965600000000300e+01 -4.436451875000000200e+02 1.120567680000000100e+02
3.341585353027010800e-02 3.128687500000012300e+00 1.491462599999999800e+02 4.463387812500000100e+02 3.716537199999999800e+01 -4.432100937500000000e+02 1.119808879999999900e+02
3.343887693149017600e-02 1.565281249999998200e+00 1.491219320000000200e+02 4.456253125000000100e+02 3.712677999999999700e+01 -4.440600312500000100e+02 1.119951520000000000e+02
3.349068088440482200e-02 1.065781249999986400e+00 1.492513680000000100e+02 4.454905000000000000e+02 3.717034400000000000e+01 -4.444247187500000100e+02 1.120810240000000000e+02
3.360724107863225000e-02 1.991781250000030900e+00 1.493856040000000000e+02 4.457294687500000200e+02 3.722124399999999900e+01 -4.437376874999999900e+02 1.121643600000000000e+02
3.386950086555923200e-02 1.932937500000036800e+00 1.494973719999999800e+02 4.456566250000000200e+02 3.721408400000000000e+01 -4.437236874999999800e+02 1.122832880000000000e+02
3.445958538614492300e-02 1.912906249999991800e+00 1.497343720000000100e+02 4.460265000000000000e+02 3.720890000000000000e+01 -4.441135937500000100e+02 1.125254719999999900e+02
3.504044910475114000e-02 1.909406250000017700e+00 1.499456360000000100e+02 4.464590625000000200e+02 3.720701199999999900e+01 -4.445496562500000000e+02 1.127386240000000000e+02
3.514313649058585500e-02 1.915312500000027300e+00 1.499814879999999800e+02 4.465388125000000100e+02 3.720702399999999700e+01 -4.446234999999999800e+02 1.127744639999999900e+02
3.520090042041448100e-02 1.914749999999969500e+00 1.499998559999999900e+02 4.465758124999999800e+02 3.720647999999999900e+01 -4.446610625000000100e+02 1.127933759999999900e+02
3.523339165581597400e-02 1.910250000000019100e+00 1.500104760000000100e+02 4.465994375000000200e+02 3.720630800000000000e+01 -4.446891875000000000e+02 1.128041680000000000e+02
3.524169973881779300e-02 1.913093750000030000e+00 1.500135799999999900e+02 4.466082812500000000e+02 3.720653999999999700e+01 -4.446951874999999700e+02 1.128070400000000000e+02
3.525197887875713300e-02 1.927062500000033700e+00 1.500180400000000100e+02 4.466245000000000100e+02 3.720736000000000100e+01 -4.446974374999999800e+02 1.128106800000000000e+02
3.526249204920357100e-02 2.071687499999995900e+00 1.500221440000000000e+02 4.467205937499999800e+02 3.720813600000000300e+01 -4.446489062499999800e+02 1.128140080000000000e+02
3.528614993313176200e-02 2.192437499999982700e+00 1.500093959999999800e+02 4.468068124999999800e+02 3.720065999999999900e+01 -4.446143750000000000e+02 1.128087360000000000e+02
3.533937627146174100e-02 1.746249999999975000e+00 1.500167999999999900e+02 4.465010312499999800e+02 3.719523999999999800e+01 -4.447547812500000100e+02 1.128215600000000100e+02
3.545914008329738300e-02 1.888937499999997300e+00 1.500684160000000100e+02 4.466602812500000300e+02 3.719878400000000300e+01 -4.447713437500000300e+02 1.128696320000000000e+02
3.572860280916490700e-02 1.916468749999978600e+00 1.501685160000000100e+02 4.469263437500000000e+02 3.719840399999999600e+01 -4.450098750000000200e+02 1.129701120000000000e+02
3.633490044321425300e-02 1.912593750000041800e+00 1.503824200000000200e+02 4.476231250000000200e+02 3.720918000000000300e+01 -4.457105312499999700e+02 1.131732400000000100e+02
3.769906426906260300e-02 1.911906249999958600e+00 1.508533160000000100e+02 4.491703437499999700e+02 3.723871599999999700e+01 -4.472584375000000100e+02 1.136146000000000000e+02
3.812110188386028800e-02 1.910875000000032700e+00 1.509965159999999900e+02 4.496420625000000100e+02 3.724829199999999900e+01 -4.477311874999999800e+02 1.137482239999999900e+02
3.835849982991702800e-02 1.911562500000002300e+00 1.510764959999999900e+02 4.499024062500000100e+02 3.725403200000000200e+01 -4.479908437500000100e+02 1.138224640000000000e+02
3.849203503692564400e-02 1.913218749999998600e+00 1.511217719999999900e+02 4.500530000000000000e+02 3.725757999999999700e+01 -4.481397812500000000e+02 1.138641920000000000e+02
3.851081208461144800e-02 1.914874999999995000e+00 1.511282440000000000e+02 4.500753750000000100e+02 3.725819599999999800e+01 -4.481605000000000100e+02 1.138700480000000000e+02
3.853001818822692600e-02 1.924468750000016800e+00 1.511352640000000100e+02 4.501038437500000100e+02 3.725933599999999800e+01 -4.481793749999999900e+02 1.138759280000000000e+02
3.854081999629877700e-02 1.942625000000020900e+00 1.511400600000000100e+02 4.501298750000000300e+02 3.726084399999999900e+01 -4.481872500000000100e+02 1.138792160000000000e+02
3.856512796496889400e-02 2.572437499999978200e+00 1.511183480000000000e+02 4.507089687500000000e+02 3.725465200000000000e+01 -4.481365312500000200e+02 1.138636960000000000e+02
3.861981829413769400e-02 1.692062499999963200e+00 1.511247640000000000e+02 4.501162187499999700e+02 3.725656399999999700e+01 -4.484241562500000100e+02 1.138682000000000000e+02
3.874286893442852000e-02 1.859718750000013200e+00 1.511893560000000000e+02 4.502715000000000000e+02 3.726738000000000300e+01 -4.484117812499999900e+02 1.139219760000000000e+02
3.901973742567607000e-02 1.919343749999995900e+00 1.512935440000000000e+02 4.506272187500000000e+02 3.727716800000000300e+01 -4.487078750000000000e+02 1.140163759999999900e+02
3.936236068840001000e-02 1.918343750000019600e+00 1.514106319999999900e+02 4.509807500000000000e+02 3.728494400000000300e+01 -4.490624062499999800e+02 1.141256880000000000e+02
3.938426074318602400e-02 1.937156250000043700e+00 1.514191480000000100e+02 4.510207812500000300e+02 3.728697199999999900e+01 -4.490836249999999800e+02 1.141321760000000000e+02
3.939658114921501500e-02 1.956906250000031400e+00 1.514244679999999900e+02 4.510517187500000200e+02 3.728884399999999700e+01 -4.490948124999999900e+02 1.141356240000000100e+02
3.941182433624371200e-02 2.780249999999966800e+00 1.514290960000000200e+02 4.517942499999999800e+02 3.730556000000000000e+01 -4.490140000000000100e+02 1.141235360000000000e+02
3.942741596869407700e-02 2.543343750000019600e+00 1.514120600000000000e+02 4.517271875000000100e+02 3.730240400000000300e+01 -4.491838437499999900e+02 1.141096560000000000e+02
3.946249714170740200e-02 1.730125000000043700e+00 1.514063759999999900e+02 4.512297187500000200e+02 3.730301600000000000e+01 -4.494995937499999700e+02 1.141033600000000000e+02
3.954142783073315300e-02 1.677687499999990500e+00 1.514452359999999900e+02 4.511642812499999900e+02 3.730413999999999700e+01 -4.494865937500000000e+02 1.141410960000000000e+02
3.971902318121058700e-02 1.928062500000010000e+00 1.515178119999999900e+02 4.514150000000000200e+02 3.731135600000000400e+01 -4.494869375000000100e+02 1.142064560000000000e+02
4.011861467003903500e-02 1.911718750000034100e+00 1.516580280000000000e+02 4.517972187500000100e+02 3.731801200000000300e+01 -4.498854999999999800e+02 1.143400160000000100e+02
4.051196014466704900e-02 1.912218749999965400e+00 1.517885959999999800e+02 4.521957812499999800e+02 3.732757999999999800e+01 -4.502835625000000200e+02 1.144610160000000000e+02
4.058149840934145000e-02 1.916343750000010000e+00 1.518116239999999900e+02 4.522694687499999900e+02 3.732961600000000100e+01 -4.503531249999999800e+02 1.144820079999999900e+02
4.065261768010821500e-02 1.941437500000006400e+00 1.518360920000000100e+02 4.523700312500000100e+02 3.733433999999999700e+01 -4.504285937500000000e+02 1.145017520000000000e+02
4.067461914811397500e-02 2.025156250000009100e+00 1.518488120000000100e+02 4.524796562500000100e+02 3.734221200000000400e+01 -4.504545000000000000e+02 1.145066000000000100e+02
4.069712248154050400e-02 2.119250000000022300e+00 1.518609119999999800e+02 4.526149375000000000e+02 3.735278400000000000e+01 -4.504956874999999700e+02 1.145081280000000000e+02
4.074775108124174800e-02 1.872656249999977300e+00 1.518594480000000100e+02 4.524935625000000000e+02 3.734466400000000200e+01 -4.506209062500000200e+02 1.145147840000000100e+02
4.086166933107798100e-02 1.837062500000001800e+00 1.518959239999999800e+02 4.525581250000000200e+02 3.734483600000000100e+01 -4.507210625000000200e+02 1.145510879999999900e+02
4.111798474312478700e-02 1.918531250000000900e+00 1.519881960000000200e+02 4.528967500000000000e+02 3.735625199999999800e+01 -4.509782187500000000e+02 1.146319440000000000e+02
4.169469572039957000e-02 1.911968749999971400e+00 1.521825080000000100e+02 4.535104687499999700e+02 3.737830000000000300e+01 -4.515985000000000000e+02 1.148042080000000000e+02
4.240837435212033900e-02 1.912312500000041400e+00 1.524169320000000000e+02 4.542384062500000300e+02 3.740399599999999900e+01 -4.523260937499999800e+02 1.150129360000000000e+02
4.259084793850119500e-02 1.912093749999996800e+00 1.524762200000000100e+02 4.544236562500000200e+02 3.741062800000000300e+01 -4.525115625000000300e+02 1.150655920000000000e+02
4.269349111857345700e-02 1.915406250000046400e+00 1.525098120000000100e+02 4.545397187500000200e+02 3.741583599999999900e+01 -4.526243124999999700e+02 1.150939760000000000e+02
4.275122644467343300e-02 1.951031250000028200e+00 1.525297600000000100e+02 4.546361875000000100e+02 3.742219200000000300e+01 -4.526851562499999800e+02 1.151075680000000000e+02
4.288113157848313200e-02 1.890468749999968200e+00 1.525667120000000000e+02 4.547438124999999900e+02 3.742710400000000000e+01 -4.528533437500000200e+02 1.151396080000000000e+02
4.317342268014814900e-02 1.911499999999989500e+00 1.526628240000000000e+02 4.550648125000000200e+02 3.743916000000000100e+01 -4.531533125000000300e+02 1.152236640000000000e+02
4.383107440847072700e-02 1.911906249999958600e+00 1.528735920000000000e+02 4.557367499999999700e+02 3.746092000000000200e+01 -4.538248437500000100e+02 1.154126720000000000e+02
4.531078689668807000e-02 1.912187499999959100e+00 1.533392600000000000e+02 4.573219062499999800e+02 3.752219600000000100e+01 -4.554097187500000200e+02 1.158170640000000000e+02
4.864014129534657800e-02 1.912218750000022300e+00 1.543656520000000100e+02 4.606202500000000000e+02 3.764032400000000000e+01 -4.587080312499999800e+02 1.167253280000000000e+02
4.967016156384468400e-02 1.911812499999996400e+00 1.546727919999999900e+02 4.615468124999999900e+02 3.767113599999999700e+01 -4.596349999999999900e+02 1.170016560000000000e+02
5.072359008373007700e-02 1.912125000000003200e+00 1.549817239999999900e+02 4.624693125000000000e+02 3.770420399999999700e+01 -4.605571875000000000e+02 1.172775200000000000e+02
5.202720761705435800e-02 1.911656250000021400e+00 1.553707279999999900e+02 4.636641562500000200e+02 3.775850400000000200e+01 -4.617525000000000000e+02 1.176122240000000000e+02
5.236051906593493900e-02 1.912062499999990500e+00 1.554695600000000000e+02 4.639730000000000100e+02 3.777340800000000300e+01 -4.620609375000000200e+02 1.176961520000000000e+02
5.254800350550655600e-02 1.913093750000030000e+00 1.555251160000000000e+02 4.641485312500000200e+02 3.778219599999999900e+01 -4.622354374999999900e+02 1.177429200000000000e+02
5.265346805335878500e-02 1.913468749999992700e+00 1.555561840000000000e+02 4.642467500000000200e+02 3.778736000000000000e+01 -4.623332812500000300e+02 1.177688240000000000e+02
5.271278698589009600e-02 1.917875000000037700e+00 1.555734719999999800e+02 4.642988750000000100e+02 3.779016000000000000e+01 -4.623809999999999700e+02 1.177833120000000000e+02
5.274615973620164200e-02 1.931281249999983600e+00 1.555834280000000000e+02 4.643275625000000000e+02 3.779194799999999800e+01 -4.623962812500000200e+02 1.177914800000000100e+02
5.275648308190343500e-02 1.941124999999999500e+00 1.555867440000000100e+02 4.643371250000000100e+02 3.779264800000000000e+01 -4.623960000000000200e+02 1.177940960000000000e+02
5.276704045811232000e-02 1.970406249999996400e+00 1.555913119999999900e+02 4.643514999999999900e+02 3.779385599999999800e+01 -4.623810937499999900e+02 1.177974560000000000e+02
5.277297963231456600e-02 2.024562500000001800e+00 1.555955040000000100e+02 4.643673125000000300e+02 3.779512799999999800e+01 -4.623427500000000200e+02 1.178003760000000000e+02
5.277631846754909900e-02 2.111781250000035500e+00 1.555972319999999900e+02 4.643870625000000100e+02 3.779629599999999800e+01 -4.622752812499999800e+02 1.178009359999999900e+02
5.278383344716577200e-02 2.666656250000016800e+00 1.555671480000000000e+02 4.645692812500000200e+02 3.779098799999999900e+01 -4.619026250000000000e+02 1.177761600000000000e+02
5.279285662338371200e-02 3.086531249999950400e+00 1.555133319999999900e+02 4.647362187499999800e+02 3.777428400000000200e+01 -4.616496875000000300e+02 1.177390480000000000e+02
5.280976922802967100e-02 2.340812499999970000e+00 1.555051840000000100e+02 4.644357499999999800e+02 3.776022400000000100e+01 -4.620949375000000100e+02 1.177449600000000100e+02
5.284781738780514700e-02 1.585406250000005500e+00 1.555317600000000200e+02 4.640930000000000200e+02 3.776484800000000100e+01 -4.625075937500000100e+02 1.177669120000000000e+02
5.286922337818730800e-02 1.434812499999964100e+00 1.555411800000000000e+02 4.639851562499999900e+02 3.776729199999999800e+01 -4.625503437500000200e+02 1.177738880000000000e+02
5.288126294760778900e-02 1.434687499999995500e+00 1.555489279999999900e+02 4.639682187500000100e+02 3.776914399999999700e+01 -4.625335312500000100e+02 1.177797840000000100e+02
5.288803423027969200e-02 1.462187499999970400e+00 1.555542959999999900e+02 4.639731249999999800e+02 3.777073599999999900e+01 -4.625109375000000100e+02 1.177835599999999900e+02
5.289184632720635200e-02 1.486812499999985000e+00 1.555575159999999900e+02 4.639800624999999700e+02 3.777177199999999900e+01 -4.624932499999999900e+02 1.177857439999999900e+02
5.289398900651574200e-02 1.504937500000039600e+00 1.555594639999999900e+02 4.639853437500000300e+02 3.777240799999999900e+01 -4.624804062499999900e+02 1.177870560000000100e+02
5.289784270886588300e-02 1.684281250000026400e+00 1.555553640000000000e+02 4.640000937500000200e+02 3.777378000000000200e+01 -4.623158124999999900e+02 1.177815840000000000e+02
5.290266893798994300e-02 2.270343750000051800e+00 1.555213200000000000e+02 4.641672500000000200e+02 3.777064800000000100e+01 -4.618969062499999700e+02 1.177506719999999900e+02
5.290537849119429000e-02 2.555625000000020500e+00 1.555049160000000100e+02 4.643235000000000200e+02 3.776615600000000200e+01 -4.617678750000000000e+02 1.177387600000000000e+02
5.291147888641253200e-02 3.067875000000015000e+00 1.554587240000000200e+02 4.645492187500000200e+02 3.775450800000000100e+01 -4.614813437500000100e+02 1.177042160000000000e+02
5.292520867616202400e-02 2.852750000000014600e+00 1.553873160000000000e+02 4.644077500000000200e+02 3.772737200000000300e+01 -4.615550000000000100e+02 1.176599440000000000e+02
5.295610070309837000e-02 1.782375000000001800e+00 1.554244400000000000e+02 4.640367187499999800e+02 3.772561600000000200e+01 -4.622543437499999800e+02 1.176988240000000000e+02
5.302560776370515000e-02 1.548687500000028200e+00 1.555180159999999900e+02 4.639325625000000200e+02 3.775730399999999800e+01 -4.623838749999999900e+02 1.177607120000000000e+02
5.318199734990093600e-02 1.967499999999972700e+00 1.556123719999999900e+02 4.641717812499999800e+02 3.778443599999999900e+01 -4.622042812500000100e+02 1.178279359999999900e+02
5.326996681717844500e-02 1.946312500000033200e+00 1.556483320000000100e+02 4.642428437500000200e+02 3.778989200000000200e+01 -4.622965312499999900e+02 1.178584400000000000e+02
5.337882740772249800e-02 1.915031250000026800e+00 1.556906080000000000e+02 4.643212500000000200e+02 3.779527199999999700e+01 -4.624062187499999900e+02 1.178953360000000000e+02
5.340666143603282200e-02 1.927843749999965400e+00 1.557012640000000100e+02 4.643470624999999900e+02 3.779700799999999800e+01 -4.624192187500000300e+02 1.179042560000000000e+02
5.344111072667699600e-02 1.912343749999990900e+00 1.557108040000000000e+02 4.643596249999999900e+02 3.779740400000000000e+01 -4.624472812500000000e+02 1.179134000000000000e+02
5.346048325198640000e-02 1.898593750000031800e+00 1.557160360000000000e+02 4.643663750000000100e+02 3.779756400000000100e+01 -4.624677812499999700e+02 1.179184719999999900e+02
5.348029783492033000e-02 1.905593750000036800e+00 1.557230720000000000e+02 4.643860000000000200e+02 3.779887999999999700e+01 -4.624804062499999900e+02 1.179241920000000100e+02
5.352488324686061800e-02 1.893812500000024100e+00 1.557336039999999900e+02 4.644098750000000000e+02 3.779963600000000000e+01 -4.625160624999999800e+02 1.179339679999999900e+02
5.362519912355678800e-02 1.901374999999973200e+00 1.557610160000000100e+02 4.645018437499999800e+02 3.780287200000000100e+01 -4.626004687500000000e+02 1.179581440000000000e+02
5.385090854595368800e-02 1.913687499999980400e+00 1.558327199999999900e+02 4.647237187499999900e+02 3.781271999999999900e+01 -4.628100312500000100e+02 1.180200000000000000e+02
5.435875474634670200e-02 1.912968750000004500e+00 1.559920439999999900e+02 4.652624062500000300e+02 3.784013199999999700e+01 -4.633494375000000200e+02 1.181519120000000000e+02
5.498722027009574800e-02 1.912000000000034600e+00 1.561810760000000200e+02 4.659052500000000200e+02 3.787390800000000000e+01 -4.639932499999999900e+02 1.183071680000000000e+02
5.534072595139953600e-02 1.912437500000010000e+00 1.562861639999999900e+02 4.662567187500000000e+02 3.789254799999999800e+01 -4.643442812499999900e+02 1.183936159999999900e+02
5.543111373391700100e-02 1.912656249999997700e+00 1.563127840000000200e+02 4.663449062500000100e+02 3.789723200000000200e+01 -4.644322500000000100e+02 1.184155520000000100e+02
5.554296471427391800e-02 1.923375000000021400e+00 1.563453880000000100e+02 4.664549062500000200e+02 3.790336400000000300e+01 -4.645315312500000000e+02 1.184420240000000000e+02
5.557156324224075300e-02 1.964249999999992700e+00 1.563555079999999900e+02 4.665007187499999800e+02 3.790672399999999700e+01 -4.645364687499999800e+02 1.184487840000000000e+02
5.560695385559123700e-02 1.991125000000010900e+00 1.563627720000000100e+02 4.665265625000000100e+02 3.790885200000000300e+01 -4.645354375000000000e+02 1.184539200000000000e+02
5.564315057402170100e-02 1.904843749999997700e+00 1.563653239999999900e+02 4.664985937500000000e+02 3.790666000000000200e+01 -4.645937500000000000e+02 1.184586640000000000e+02
5.572458798981232800e-02 1.844156250000025900e+00 1.563843960000000100e+02 4.665265312500000100e+02 3.790731600000000200e+01 -4.646823749999999800e+02 1.184770800000000000e+02
5.590782867618865300e-02 1.918468749999988200e+00 1.564420360000000000e+02 4.667487499999999700e+02 3.791813200000000000e+01 -4.648302812499999800e+02 1.185239040000000000e+02
5.632011241951846700e-02 1.912937499999998200e+00 1.565667239999999900e+02 4.671418125000000100e+02 3.793925999999999700e+01 -4.652288750000000200e+02 1.186274640000000000e+02
5.683031972769416600e-02 1.911937500000021800e+00 1.567151880000000100e+02 4.676161875000000200e+02 3.796491600000000200e+01 -4.657042500000000000e+02 1.187502720000000000e+02
5.735211934698789700e-02 1.912437500000010000e+00 1.568657160000000200e+02 4.680912812500000100e+02 3.799049200000000300e+01 -4.661788437500000000e+02 1.188752240000000000e+02
5.739247660776669600e-02 1.918843750000007700e+00 1.568775799999999900e+02 4.681320937500000200e+02 3.799293200000000300e+01 -4.662132500000000200e+02 1.188846480000000000e+02
5.741517756695477300e-02 1.945625000000006800e+00 1.568854760000000100e+02 4.681674375000000100e+02 3.799555600000000100e+01 -4.662218125000000000e+02 1.188899200000000000e+02
5.742098152353069400e-02 1.971781249999992300e+00 1.568886880000000000e+02 4.681870937499999700e+02 3.799715200000000000e+01 -4.662153124999999800e+02 1.188915360000000000e+02
5.743404042582651900e-02 2.657781249999970900e+00 1.568673959999999900e+02 4.685649374999999800e+02 3.799405999999999800e+01 -4.659071562500000100e+02 1.188733359999999900e+02
5.746342425616159800e-02 2.123906250000004500e+00 1.568611640000000000e+02 4.683322187499999800e+02 3.798844400000000100e+01 -4.662083124999999800e+02 1.188727200000000000e+02
5.752954047475449000e-02 1.664531250000038700e+00 1.568803040000000000e+02 4.680570000000000200e+02 3.799292799999999900e+01 -4.663924687499999800e+02 1.188873760000000000e+02
5.767830066641902600e-02 1.905562500000030500e+00 1.569358199999999800e+02 4.683170312500000100e+02 3.800793199999999700e+01 -4.664114687499999800e+02 1.189278880000000000e+02
5.801300589698629700e-02 1.913687499999980400e+00 1.570411240000000000e+02 4.686131562499999700e+02 3.802124400000000300e+01 -4.666994687499999900e+02 1.190198800000000000e+02
5.876609526610163100e-02 1.912968749999947700e+00 1.572601200000000000e+02 4.692772187499999700e+02 3.805474399999999900e+01 -4.673642500000000300e+02 1.192053760000000000e+02
5.918970608597477800e-02 1.913812500000005900e+00 1.573812040000000000e+02 4.696541562500000300e+02 3.807482000000000300e+01 -4.677403437500000200e+02 1.193063839999999900e+02
6.014283433119780400e-02 1.912343749999990900e+00 1.576549400000000100e+02 4.704757812500000100e+02 3.811453199999999700e+01 -4.685634375000000200e+02 1.195404080000000000e+02
6.228737548328859600e-02 1.911843750000002700e+00 1.582626200000000000e+02 4.722838437500000200e+02 3.820409200000000300e+01 -4.703720000000000100e+02 1.200585280000000000e+02
6.439840866744152300e-02 1.909687500000018200e+00 1.588463079999999900e+02 4.737924687500000100e+02 3.826995600000000100e+01 -4.718827812499999900e+02 1.205763520000000000e+02
6.477160411540877600e-02 1.911406249999970400e+00 1.589490840000000000e+02 4.740487499999999800e+02 3.828078800000000100e+01 -4.721373437500000100e+02 1.206682960000000000e+02
6.515328706976662700e-02 1.912218749999965400e+00 1.590546200000000000e+02 4.743090312499999800e+02 3.829184399999999800e+01 -4.723968125000000100e+02 1.207627760000000000e+02
6.527136846229017500e-02 1.915656249999983600e+00 1.590869319999999900e+02 4.743895312500000000e+02 3.829545199999999700e+01 -4.724738750000000200e+02 1.207914800000000100e+02
6.539213860530632100e-02 1.929437500000005900e+00 1.591184720000000000e+02 4.744788125000000000e+02 3.830100800000000300e+01 -4.725493750000000000e+02 1.208174640000000000e+02
6.566386362607575000e-02 1.907343749999995500e+00 1.591916760000000000e+02 4.746473437500000000e+02 3.830722000000000100e+01 -4.727400000000000100e+02 1.208844560000000000e+02
6.581670634991958200e-02 1.914812500000039100e+00 1.592344080000000000e+02 4.747548125000000100e+02 3.831176800000000100e+01 -4.728399999999999700e+02 1.209226400000000000e+02
6.590268395754782200e-02 1.916937500000017300e+00 1.592582040000000100e+02 4.748136875000000100e+02 3.831443600000000100e+01 -4.728967500000000000e+02 1.209437680000000100e+02
6.591477553374765200e-02 1.921593749999999500e+00 1.592618640000000000e+02 4.748251562500000200e+02 3.831510399999999800e+01 -4.729035625000000200e+02 1.209467600000000000e+02
6.592157281980924600e-02 1.927531250000015500e+00 1.592641199999999900e+02 4.748337500000000100e+02 3.831568000000000000e+01 -4.729062187499999900e+02 1.209484400000000100e+02
6.592998751670874100e-02 1.945375000000012700e+00 1.592675400000000000e+02 4.748507187500000000e+02 3.831698800000000200e+01 -4.729053437499999900e+02 1.209505520000000000e+02
6.593859463869183900e-02 2.056343749999996400e+00 1.592729760000000000e+02 4.749270000000000200e+02 3.832029599999999900e+01 -4.728706562500000200e+02 1.209526800000000000e+02
6.595796196332331900e-02 2.416312500000003600e+00 1.592540160000000100e+02 4.751668750000000000e+02 3.831027999999999900e+01 -4.727505625000000000e+02 1.209437360000000000e+02
6.600153844374413700e-02 1.861031249999996400e+00 1.592596159999999900e+02 4.748079999999999900e+02 3.831330400000000200e+01 -4.729469687500000000e+02 1.209463120000000100e+02
6.609958162418253000e-02 1.783812499999953600e+00 1.592890879999999900e+02 4.748243749999999700e+02 3.831884800000000300e+01 -4.730405625000000200e+02 1.209702400000000000e+02
6.632017357949097900e-02 1.923874999999952700e+00 1.593586080000000000e+02 4.750637812499999800e+02 3.832918399999999800e+01 -4.731399062500000200e+02 1.210294240000000100e+02
6.659315716432077900e-02 1.916187500000035000e+00 1.594380840000000000e+02 4.752598750000000200e+02 3.833683599999999800e+01 -4.733436874999999900e+02 1.211012480000000000e+02
6.687235035860546200e-02 1.907062500000051800e+00 1.595126119999999900e+02 4.754688750000000300e+02 3.834575600000000200e+01 -4.735618124999999700e+02 1.211668560000000000e+02
6.721784699588871600e-02 1.912093749999996800e+00 1.596067080000000000e+02 4.757102812499999800e+02 3.835425200000000200e+01 -4.737981874999999800e+02 1.212524560000000000e+02
6.757119665685444600e-02 1.915718749999996400e+00 1.596999240000000100e+02 4.759881874999999800e+02 3.836686799999999700e+01 -4.740724687499999800e+02 1.213330560000000000e+02
6.836623469419680900e-02 1.911843750000002700e+00 1.599137120000000000e+02 4.765266250000000200e+02 3.838788000000000300e+01 -4.746147812500000200e+02 1.215258319999999900e+02
6.931132269133168100e-02 1.911749999999983600e+00 1.601669719999999900e+02 4.771398437500000100e+02 3.841197199999999900e+01 -4.752280937500000300e+02 1.217550000000000000e+02
7.000000166421693800e-02 1.912187500000015900e+00 1.603490239999999900e+02 4.775717500000000100e+02 3.842915200000000200e+01 -4.756595624999999900e+02 1.219198720000000000e+02
