0.000000000000000000e+00 0.000000000000000000e+00 0.000000000000000000e+00 0.000000000000000000e+00 0.000000000000000000e+00 0.000000000000000000e+00 0.000000000000000000e+00
1.674260427002717100e-09 2.829014843750000000e+02 2.883110046386695700e-07 1.905202343750000000e+02 -4.517576217651367500e-05 9.238124999999999400e+01 4.546407318115234500e-05
1.400001640394916700e-03 2.829014140625000100e+02 2.437658125000000000e+00 1.902951562499999900e+02 1.246591999999999900e+00 9.260625781250000400e+01 1.191066125000000100e+00
4.025001538394317200e-03 2.829014453124999600e+02 6.706668500000000100e+00 1.875149999999999900e+02 3.286336500000000000e+00 9.538644531250000100e+01 3.420332000000000100e+00
4.048072916316234500e-03 2.829009609375000300e+02 6.743401500000000000e+00 1.874909531250000000e+02 3.303132000000000200e+00 9.541000781249999800e+01 3.440269499999999900e+00
4.099983321087253800e-03 2.829015546874999800e+02 6.826387999999999700e+00 1.874393125000000000e+02 3.340938749999999800e+00 9.546224218749999600e+01 3.485449249999999800e+00
4.164222578989864300e-03 2.829015234375000300e+02 6.928529250000000400e+00 1.873797343750000000e+02 3.386900750000000100e+00 9.552178906250000500e+01 3.541628499999999800e+00
4.216781829598694600e-03 2.829014921875000300e+02 7.011938499999999400e+00 1.873325781250000000e+02 3.424177499999999900e+00 9.556891406249999900e+01 3.587761000000000000e+00
4.282480697306435700e-03 2.829015000000000000e+02 7.116044249999999800e+00 1.872748750000000100e+02 3.470515250000000100e+00 9.562662500000000400e+01 3.645528999999999800e+00
4.356392412360884800e-03 2.829015703124999800e+02 7.232755499999999700e+00 1.872154062500000000e+02 3.521907750000000000e+00 9.568616406249999800e+01 3.710847750000000100e+00
4.393348074334812700e-03 2.829015625000000100e+02 7.290896749999999900e+00 1.871892812499999900e+02 3.547148000000000000e+00 9.571228125000000400e+01 3.743748750000000000e+00
4.476498509329447300e-03 2.829015078125000300e+02 7.421192749999999400e+00 1.871401250000000100e+02 3.602790250000000000e+00 9.576138281250000300e+01 3.818402499999999900e+00
4.663586694737431600e-03 2.829017109375000100e+02 7.707708499999999900e+00 1.871325781250000100e+02 3.715466499999999800e+00 9.576913281250000400e+01 3.992242000000000100e+00
4.768824092359368000e-03 2.829015312500000100e+02 7.859031500000000400e+00 1.873124531249999900e+02 3.758782249999999900e+00 9.558907812500000000e+01 4.100249250000000100e+00
5.005607845902130100e-03 2.829018281250000100e+02 8.204298500000000200e+00 1.876456406250000000e+02 3.869795499999999900e+00 9.525618749999999600e+01 4.334502999999999800e+00
5.298628034241242300e-03 2.829016796875000100e+02 8.634597750000001100e+00 1.879685156250000100e+02 4.017414750000000400e+00 9.493316406249999800e+01 4.617182999999999800e+00
5.598307594539612300e-03 2.829016250000000200e+02 9.060570249999999600e+00 1.885861250000000100e+02 4.143618749999999900e+00 9.431550000000000000e+01 4.916951499999999700e+00
5.766877273874958400e-03 2.829015390624999800e+02 9.298289000000000500e+00 1.889340000000000000e+02 4.215771499999999800e+00 9.396753906249999500e+01 5.082517499999999800e+00
5.819028600307274800e-03 2.829039296874999500e+02 9.369253499999999200e+00 1.890805781249999900e+02 4.235913000000000000e+00 9.382335156249999400e+01 5.133340500000000100e+00
5.822362001799535500e-03 2.829098593750000000e+02 9.373363999999998700e+00 1.891006250000000100e+02 4.236822499999999700e+00 9.380923437500000300e+01 5.136541499999999900e+00
5.824236966806446500e-03 2.829273281249999700e+02 9.375080499999999300e+00 1.891296874999999900e+02 4.236735500000000000e+00 9.379764062500000000e+01 5.138345000000000200e+00
5.828456224731886000e-03 2.829536875000000000e+02 9.374755999999999600e+00 1.892189218750000100e+02 4.232378999999999900e+00 9.373476562499999400e+01 5.142376999999999800e+00
5.837948772850937700e-03 2.828734609375000000e+02 9.389900499999999500e+00 1.891773437500000100e+02 4.238346499999999600e+00 9.369611718749999300e+01 5.151554000000000000e+00
5.859307495002045700e-03 2.828967578124999700e+02 9.421846000000000400e+00 1.892412812499999900e+02 4.249038500000000200e+00 9.365547656249999900e+01 5.172807500000000200e+00
5.907364717618686700e-03 2.829019453125000000e+02 9.487453999999999600e+00 1.893641875000000100e+02 4.268479000000000100e+00 9.353775781250000400e+01 5.218975000000000400e+00
6.015493175176184600e-03 2.829014531249999900e+02 9.636393000000000000e+00 1.896682812500000100e+02 4.310526499999999900e+00 9.323317187499999600e+01 5.325866500000000100e+00
6.258781813573962300e-03 2.829017265625000200e+02 9.961863000000001000e+00 1.905131093750000000e+02 4.400122500000000200e+00 9.238861718750000300e+01 5.561740500000000000e+00
6.806181641075554300e-03 2.829014843750000000e+02 1.068439350000000100e+01 1.925184375000000000e+02 4.610873500000000300e+00 9.038304687500000500e+01 6.073520000000000300e+00
7.483589211161055300e-03 2.829013281250000200e+02 1.149906899999999900e+01 1.965710625000000100e+02 4.870065999999999600e+00 8.633026562499999600e+01 6.629003000000000000e+00
8.176392301173972300e-03 2.829014140625000100e+02 1.225649299999999900e+01 2.019454375000000000e+02 5.119480499999999900e+00 8.095597656249999800e+01 7.137012500000000000e+00
9.735200035916226000e-03 2.829014296875000100e+02 1.377232700000000100e+01 2.151438125000000000e+02 5.653266500000000000e+00 6.775761718750000300e+01 8.119060499999999800e+00
1.061202894671382400e-02 2.829014648437500300e+02 1.452743400000000000e+01 2.229735625000000100e+02 5.909974000000000100e+00 5.992790234374999900e+01 8.617459999999999500e+00
1.169710490960148800e-02 2.829014062499999800e+02 1.538136849999999900e+01 2.328082968750000000e+02 6.195799499999999700e+00 5.009310937499999700e+01 9.185568999999999200e+00
1.280684170760507500e-02 2.829015273437499900e+02 1.608889550000000000e+01 2.415405000000000100e+02 6.469395500000000100e+00 4.136102734375000300e+01 9.619500000000000400e+00
1.418014054536193700e-02 2.829014804687499800e+02 1.675982499999999900e+01 2.505267656250000000e+02 6.773653000000000400e+00 3.237471484374999900e+01 9.986171999999999800e+00
1.453126822243838200e-02 2.829014824218750200e+02 1.690130800000000000e+01 2.525306093750000100e+02 6.842757999999999900e+00 3.037087304687500100e+01 1.005855000000000000e+01
1.472877705191064100e-02 2.829014687499999900e+02 1.697704900000000100e+01 2.536177500000000000e+02 6.879207000000000100e+00 2.928371874999999800e+01 1.009784200000000000e+01
1.483987635514867400e-02 2.829016113281250000e+02 1.701858250000000100e+01 2.542219375000000000e+02 6.899145500000000400e+00 2.867967382812500100e+01 1.011943700000000000e+01
1.490236893100688400e-02 2.829021445312500300e+02 1.704101349999999800e+01 2.545591875000000100e+02 6.910133499999999700e+00 2.834295703124999800e+01 1.013087999999999900e+01
1.493752159158701600e-02 2.829038769531250100e+02 1.705282700000000100e+01 2.547495000000000100e+02 6.916064000000000400e+00 2.815437695312499900e+01 1.013676300000000000e+01
1.501661429567912600e-02 2.828992597656250000e+02 1.707963799999999900e+01 2.551670156250000000e+02 6.929358999999999800e+00 2.773224414062499900e+01 1.015027899999999900e+01
1.519457405320615500e-02 2.829013105468750400e+02 1.714367250000000100e+01 2.561100000000000100e+02 6.959797499999999600e+00 2.679131054687500000e+01 1.018387500000000000e+01
1.559498116100241000e-02 2.829015683593750100e+02 1.727768600000000300e+01 2.581145000000000200e+02 7.025425000000000300e+00 2.478706835937499900e+01 1.025226100000000100e+01
1.649589989129013700e-02 2.829015058593749900e+02 1.753611799999999800e+01 2.621343593749999700e+02 7.158688999999999900e+00 2.076714648437500100e+01 1.037742899999999900e+01
1.700266609041709400e-02 2.829016230468749900e+02 1.766253950000000100e+01 2.643805937500000000e+02 7.225408500000000300e+00 1.852102929687500000e+01 1.043713100000000100e+01
1.814289042955934100e-02 2.829015156250000000e+02 1.791093000000000000e+01 2.690413437500000100e+02 7.357480999999999900e+00 1.386017187500000100e+01 1.055344900000000100e+01
1.955391697370473900e-02 2.829013779296875000e+02 1.814664850000000100e+01 2.737505625000000000e+02 7.492207500000000100e+00 9.150815429687499500e+00 1.065444100000000000e+01
2.034762087143625300e-02 2.829014443359374700e+02 1.826270199999999700e+01 2.760858124999999700e+02 7.559302999999999900e+00 6.815631835937500300e+00 1.070339899999999900e+01
2.079407843392039000e-02 2.829014658203125200e+02 1.832260949999999900e+01 2.773443750000000100e+02 7.592278499999999900e+00 5.557090820312500200e+00 1.073033100000000000e+01
2.085686199308380400e-02 2.829014902343749900e+02 1.833074350000000100e+01 2.775205312499999800e+02 7.596572499999999700e+00 5.380958984374999900e+00 1.073417100000000000e+01
2.089217735400662700e-02 2.829016513671874700e+02 1.833527550000000200e+01 2.776218124999999800e+02 7.598806500000000200e+00 5.279838867187500300e+00 1.073646900000000000e+01
2.091204244007901700e-02 2.829024565429687100e+02 1.833773700000000100e+01 2.776831874999999700e+02 7.599768000000000100e+00 5.219269042968750000e+00 1.073796900000000000e+01
2.093235808094655300e-02 2.829102426757812100e+02 1.833924100000000100e+01 2.777755624999999800e+02 7.598713000000000100e+00 5.134680175781250400e+00 1.074052799999999900e+01
2.093864394610947900e-02 2.829241567382812300e+02 1.833855700000000200e+01 2.778282812499999700e+02 7.596746000000000400e+00 5.095875488281249600e+00 1.074181100000000000e+01
2.094217954971033100e-02 2.829470175781249800e+02 1.833684500000000000e+01 2.778819374999999900e+02 7.594008999999999800e+00 5.065080078124999800e+00 1.074283600000000000e+01
2.094416793562921600e-02 2.829806567382812500e+02 1.833435400000000100e+01 2.779384999999999800e+02 7.590760999999999600e+00 5.042156738281249800e+00 1.074359300000000100e+01
2.094620168991288800e-02 2.831759003906249700e+02 1.832149499999999900e+01 2.781726249999999800e+02 7.576797000000000000e+00 5.003275390625000300e+00 1.074469800000000000e+01
2.095077763705115900e-02 2.830101289062499700e+02 1.831567300000000000e+01 2.781524999999999700e+02 7.567000000000000200e+00 4.857628906250000400e+00 1.074867300000000000e+01
2.096107469143204300e-02 2.828572270507812600e+02 1.832155200000000100e+01 2.781637187499999900e+02 7.567406000000000100e+00 4.693508300781250100e+00 1.075414600000000000e+01
2.098424384600221200e-02 2.828621918945312400e+02 1.832730950000000200e+01 2.784115625000000000e+02 7.564220500000000200e+00 4.450629394531249600e+00 1.076308900000000100e+01
2.103637053271917000e-02 2.829008266601562100e+02 1.834208900000000100e+01 2.786726562499999900e+02 7.569943000000000300e+00 4.228170410156249800e+00 1.077214599999999900e+01
2.115365714225869000e-02 2.829007175292968600e+02 1.835784100000000100e+01 2.790195312500000000e+02 7.575867999999999800e+00 3.881186279296875000e+00 1.078197300000000100e+01
2.141755396925558100e-02 2.829037797851562500e+02 1.838188250000000000e+01 2.801332499999999800e+02 7.566438500000000300e+00 2.770529785156250000e+00 1.081544399999999900e+01
2.201132104778540100e-02 2.829004608154297100e+02 1.844517850000000100e+01 2.818112187500000200e+02 7.588352500000000100e+00 1.089242065429687500e+00 1.085682600000000000e+01
2.234531356280869800e-02 2.829014416198730300e+02 1.847969299999999700e+01 2.826104687500000000e+02 7.605394999999999700e+00 2.909728698730468800e-01 1.087429800000000000e+01
2.253318552582908200e-02 2.829015254974365200e+02 1.849812949999999700e+01 2.830350624999999800e+02 7.614795499999999600e+00 -1.335370025634765600e-01 1.088333400000000000e+01
2.263886252726157000e-02 2.829015530395507800e+02 1.850819149999999900e+01 2.832757812500000200e+02 7.619759499999999800e+00 -3.742282104492187200e-01 1.088843200000000000e+01
2.269830760054700900e-02 2.829015306396484600e+02 1.851367649999999900e+01 2.834102500000000200e+02 7.622443500000000100e+00 -5.087193603515625100e-01 1.089123300000000000e+01
2.275682184014107500e-02 2.829016096801757400e+02 1.851878750000000200e+01 2.835419999999999700e+02 7.624929500000000400e+00 -6.403903198242187900e-01 1.089385800000000000e+01
2.276716582731311600e-02 2.829010177001953300e+02 1.851945149999999900e+01 2.835628750000000200e+02 7.625273499999999600e+00 -6.618572998046875500e-01 1.089417800000000000e+01
2.277774604286734700e-02 2.830281266479491900e+02 1.849796549999999900e+01 2.836578437499999800e+02 7.610975500000000300e+00 -6.297171020507812400e-01 1.088699000000000100e+01
2.278369712078665400e-02 2.829487598266601900e+02 1.849156999999999900e+01 2.836105937500000200e+02 7.606448999999999600e+00 -6.618339233398437000e-01 1.088512100000000000e+01
2.279708704610508900e-02 2.828154746093749700e+02 1.850029149999999900e+01 2.835613437499999900e+02 7.611938499999999900e+00 -7.458691406249999800e-01 1.088835300000000000e+01
2.282721476917817400e-02 2.828974431762695200e+02 1.850829399999999900e+01 2.836856874999999700e+02 7.617146000000000000e+00 -7.882443237304687100e-01 1.089114799999999900e+01
2.286449661405067600e-02 2.829087329101562900e+02 1.851207550000000200e+01 2.837484375000000200e+02 7.620124500000000200e+00 -8.397045898437499600e-01 1.089195100000000100e+01
2.290262637801683200e-02 2.829562446289062900e+02 1.846078500000000100e+01 2.837531875000000200e+02 7.582840000000000000e+00 -7.969428710937499500e-01 1.087794500000000000e+01
2.290798923162024400e-02 2.828541058349609300e+02 1.846268999999999800e+01 2.836999999999999900e+02 7.583526000000000000e+00 -8.458941650390624500e-01 1.087916399999999900e+01
2.292005408780155300e-02 2.828118638305664400e+02 1.846862300000000100e+01 2.837137812500000100e+02 7.586786000000000000e+00 -9.019174194335937100e-01 1.088183700000000100e+01
2.294719844978312200e-02 2.829069882812499900e+02 1.847263149999999900e+01 2.838411562499999800e+02 7.588447500000000000e+00 -9.341679687499999700e-01 1.088418399999999900e+01
2.300827521977462000e-02 2.828998864746093900e+02 1.847638100000000000e+01 2.839164062500000200e+02 7.590245000000000400e+00 -1.016519775390625000e+00 1.088613600000000000e+01
2.314569756114889800e-02 2.829026511230468900e+02 1.848370350000000100e+01 2.840787500000000100e+02 7.593404500000000100e+00 -1.176098876953125100e+00 1.089029900000000100e+01
2.345490017588057100e-02 2.829019538574218600e+02 1.851905800000000100e+01 2.844563749999999800e+02 7.618940000000000300e+00 -1.554421142578124900e+00 1.090011800000000100e+01
2.383753540009025300e-02 2.829014357910156100e+02 1.855133800000000100e+01 2.851503124999999800e+02 7.633835000000000400e+00 -2.248876708984374900e+00 1.091750300000000000e+01
2.389134384515716900e-02 2.829012016601562300e+02 1.855431150000000100e+01 2.852332187499999900e+02 7.634764500000000200e+00 -2.332017089843749800e+00 1.091954700000000000e+01
2.394637567164703600e-02 2.829007868652344100e+02 1.855461000000000000e+01 2.852897187500000200e+02 7.633803999999999600e+00 -2.388931884765625100e+00 1.092080600000000100e+01
2.397733097627093700e-02 2.829059165039062700e+02 1.854911900000000100e+01 2.853123437500000300e+02 7.628136999999999700e+00 -2.406427246093750100e+00 1.092098200000000000e+01
2.404697923835494000e-02 2.829020590820312600e+02 1.855362249999999900e+01 2.853727812500000000e+02 7.630868500000000100e+00 -2.470722167968749900e+00 1.092275399999999900e+01
2.420368939247031000e-02 2.829015576171875100e+02 1.856262350000000100e+01 2.856045937499999900e+02 7.634126499999999800e+00 -2.703036132812500100e+00 1.092849700000000000e+01
2.455628606591011800e-02 2.829014501953125200e+02 1.858255100000000200e+01 2.861395312500000000e+02 7.640850999999999600e+00 -3.238081054687500100e+00 1.094170000000000100e+01
2.475462247693319500e-02 2.829015056152343300e+02 1.859600049999999900e+01 2.864797812499999700e+02 7.646033499999999700e+00 -3.578275634765625000e+00 1.094996699999999900e+01
2.520087822841534200e-02 2.829014902343749900e+02 1.862217450000000000e+01 2.871925312500000000e+02 7.655703500000000400e+00 -4.291041015624999800e+00 1.096647100000000000e+01
2.545189669751745500e-02 2.829015068359374800e+02 1.863614349999999900e+01 2.875853437499999900e+02 7.661111499999999600e+00 -4.683836914062499800e+00 1.097503200000000100e+01
2.552955482262638700e-02 2.829013349609375000e+02 1.864016600000000100e+01 2.877036249999999900e+02 7.662713000000000100e+00 -4.802290039062500100e+00 1.097745300000000100e+01
2.560897918510937600e-02 2.829012500000000000e+02 1.864091750000000000e+01 2.877958750000000200e+02 7.662317500000000300e+00 -4.894624999999999600e+00 1.097860000000000000e+01
2.570726583636026200e-02 2.829016708984374900e+02 1.864586950000000000e+01 2.879322500000000100e+02 7.664408500000000400e+00 -5.030579101562500100e+00 1.098146099999999900e+01
2.580778805289681400e-02 2.829011547851562800e+02 1.864907650000000000e+01 2.880628125000000100e+02 7.665361500000000400e+00 -5.161657714843750400e+00 1.098371500000000000e+01
2.603395873793153800e-02 2.829015273437499900e+02 1.866184549999999800e+01 2.884332187499999800e+02 7.670974499999999800e+00 -5.531691406250000200e+00 1.099087100000000000e+01
2.654284629921900600e-02 2.829014492187499700e+02 1.868828849999999900e+01 2.892424062499999900e+02 7.682814500000000100e+00 -6.340957031250000300e+00 1.100547400000000000e+01
2.682909565021985100e-02 2.829014072265624700e+02 1.870040099999999900e+01 2.896737499999999800e+02 7.688138999999999600e+00 -6.772342773437499900e+00 1.101226200000000000e+01
2.718332871364483400e-02 2.829014091796875100e+02 1.871737100000000000e+01 2.902383125000000100e+02 7.696220000000000300e+00 -7.336903320312499600e+00 1.102115100000000000e+01
2.738258344294830500e-02 2.829014423828124900e+02 1.872599250000000000e+01 2.905479374999999900e+02 7.700216499999999800e+00 -7.646495117187500400e+00 1.102577600000000000e+01
2.758636875102526300e-02 2.829014355468750100e+02 1.873413049999999900e+01 2.908530625000000200e+02 7.703780499999999700e+00 -7.951626953125000300e+00 1.103035000000000000e+01
2.804488334755884900e-02 2.829014667968750100e+02 1.874356450000000200e+01 2.914026562500000100e+02 7.704131499999999900e+00 -8.501189453125000700e+00 1.103943300000000100e+01
2.861229766385135800e-02 2.829016425781250100e+02 1.875670549999999900e+01 2.920292187499999800e+02 7.704485499999999700e+00 -9.127576171875000800e+00 1.105222000000000000e+01
2.893146880342578300e-02 2.829015498046874800e+02 1.876717349999999800e+01 2.924486249999999900e+02 7.708051499999999800e+00 -9.547075195312499900e+00 1.105912200000000000e+01
2.911099924503035900e-02 2.829015019531249800e+02 1.877270250000000100e+01 2.926695312499999800e+02 7.709999500000000300e+00 -9.768029296874999500e+00 1.106270300000000100e+01
2.921198922505215800e-02 2.829016240234374800e+02 1.877552700000000000e+01 2.927872812499999800e+02 7.711057000000000300e+00 -9.885657226562500500e+00 1.106447000000000000e+01
2.926879354662156500e-02 2.829019541015624700e+02 1.877687999999999800e+01 2.928504062499999900e+02 7.711507000000000100e+00 -9.948452148437500100e+00 1.106537299999999900e+01
2.928331768105975000e-02 2.829036503906249900e+02 1.877703900000000200e+01 2.928663124999999900e+02 7.711501000000000200e+00 -9.962662109374999600e+00 1.106553800000000000e+01
2.929148711557463100e-02 2.829051875000000100e+02 1.877695599999999800e+01 2.928752187499999900e+02 7.711349000000000200e+00 -9.970031249999999900e+00 1.106560700000000000e+01
2.930159643879086700e-02 2.829147470703125000e+02 1.877575449999999800e+01 2.928885937499999800e+02 7.710341500000000200e+00 -9.973846679687499200e+00 1.106541299999999900e+01
2.930418087115750600e-02 2.829232949218749700e+02 1.877493299999999700e+01 2.928942187499999900e+02 7.709768999999999700e+00 -9.970923828125000600e+00 1.106516399999999900e+01
2.930563578768351900e-02 2.829325087890625200e+02 1.877415900000000100e+01 2.928990312500000100e+02 7.709266999999999600e+00 -9.966522460937499200e+00 1.106489200000000000e+01
2.930743487801138600e-02 2.829842246093750200e+02 1.877080399999999800e+01 2.929199687500000100e+02 7.707442999999999600e+00 -9.935744140624999300e+00 1.106336100000000000e+01
2.930789481936477100e-02 2.830069833984375100e+02 1.876941300000000000e+01 2.929286562500000200e+02 7.706736000000000300e+00 -9.921672851562499700e+00 1.106267700000000100e+01
2.930893046962307300e-02 2.832744179687500200e+02 1.875569099999999900e+01 2.930257187500000100e+02 7.700975999999999800e+00 -9.751300781250000300e+00 1.105471500000000000e+01
2.931126146491744000e-02 2.834036826171874800e+02 1.872831600000000000e+01 2.930230937499999900e+02 7.682856000000000100e+00 -9.619411132812500000e+00 1.104546000000000000e+01
2.931649916441108800e-02 2.829591328125000000e+02 1.873598849999999800e+01 2.927400625000000200e+02 7.685604500000000200e+00 -9.780929687500000500e+00 1.105038399999999900e+01
2.932829181040365700e-02 2.827881689453125200e+02 1.874450300000000200e+01 2.926754687499999900e+02 7.688940999999999800e+00 -9.887299804687499400e+00 1.105556200000000000e+01
2.935482135282100800e-02 2.828622675781250000e+02 1.875414149999999900e+01 2.928136250000000000e+02 7.693418499999999900e+00 -9.951357421875000500e+00 1.106072299999999900e+01
2.941451360547323400e-02 2.829054658203124900e+02 1.875996500000000100e+01 2.929351874999999800e+02 7.695522000000000400e+00 -1.002972167968750000e+01 1.106444300000000100e+01
2.944809245312307900e-02 2.829009814453124800e+02 1.876048050000000000e+01 2.929742499999999800e+02 7.694715500000000000e+00 -1.007326855468750000e+01 1.106576500000000100e+01
2.946697820828655600e-02 2.829096826171874600e+02 1.875942200000000100e+01 2.930043749999999800e+02 7.692946000000000100e+00 -1.009469238281250000e+01 1.106647600000000000e+01
2.949035073828509500e-02 2.828820136718750300e+02 1.873870900000000000e+01 2.929997500000000100e+02 7.675373999999999700e+00 -1.011773632812500000e+01 1.106333500000000000e+01
2.951425517325013300e-02 2.828607548828125000e+02 1.874511650000000200e+01 2.930471875000000100e+02 7.677904500000000400e+00 -1.018643261718749900e+01 1.106721200000000000e+01
2.954383534709299400e-02 2.829104824218749700e+02 1.874711149999999900e+01 2.931238750000000000e+02 7.678257500000000000e+00 -1.021339257812499900e+01 1.106885400000000000e+01
2.955140091302826300e-02 2.829207939453124800e+02 1.874652950000000100e+01 2.931372499999999900e+02 7.677671499999999800e+00 -1.021645605468750000e+01 1.106885800000000100e+01
2.956075931158591200e-02 2.829184414062500500e+02 1.874520300000000000e+01 2.931410312500000300e+02 7.676488000000000000e+00 -1.022258984375000100e+01 1.106871499999999900e+01
2.957033047213016000e-02 2.829023701171875000e+02 1.874454500000000200e+01 2.931373125000000100e+02 7.675717999999999800e+00 -1.023494238281250000e+01 1.106882700000000100e+01
2.959186949442065000e-02 2.828769121093750400e+02 1.874529300000000000e+01 2.931437812500000200e+02 7.675556000000000300e+00 -1.026686914062499900e+01 1.106973700000000000e+01
2.964032916572149900e-02 2.829017470703125200e+02 1.875098849999999800e+01 2.932285312500000000e+02 7.678580499999999800e+00 -1.032678417968750000e+01 1.107240799999999900e+01
2.974936342614842000e-02 2.829020048828124900e+02 1.875965000000000100e+01 2.933535625000000100e+02 7.683495999999999900e+00 -1.045155761718750000e+01 1.107615400000000100e+01
2.988429520073837900e-02 2.829018789062500300e+02 1.876659550000000100e+01 2.934685625000000200e+02 7.688913500000000000e+00 -1.056668359375000000e+01 1.107768199999999900e+01
2.990327169263143700e-02 2.829035917968749900e+02 1.876735700000000100e+01 2.934860937500000100e+02 7.689519999999999900e+00 -1.058250195312500000e+01 1.107783700000000100e+01
2.991394420934161500e-02 2.829066630859375100e+02 1.876751850000000100e+01 2.934975000000000000e+02 7.689586499999999900e+00 -1.059083691406250000e+01 1.107793200000000100e+01
2.992486077656583000e-02 2.829164111328125300e+02 1.876691500000000100e+01 2.935117812500000100e+02 7.689003999999999700e+00 -1.059537011718750000e+01 1.107791100000000000e+01
2.992823680867673000e-02 2.829337285156250300e+02 1.876584049999999900e+01 2.935240625000000100e+02 7.688181499999999800e+00 -1.059033398437500000e+01 1.107765900000000100e+01
2.993169106210623300e-02 2.830272031250000300e+02 1.875971650000000000e+01 2.935720937500000200e+02 7.684002500000000100e+00 -1.054489062500000100e+01 1.107571400000000000e+01
2.993946313232261400e-02 2.829268935546874700e+02 1.876160949999999900e+01 2.935158124999999800e+02 7.684510500000000000e+00 -1.058891894531250000e+01 1.107709900000000000e+01
2.995694716145672800e-02 2.828522636718749900e+02 1.876464100000000100e+01 2.934889999999999800e+02 7.685880000000000000e+00 -1.063673632812500000e+01 1.107876100000000000e+01
2.999628935586123200e-02 2.829008769531250200e+02 1.876875049999999900e+01 2.935647500000000000e+02 7.688904499999999600e+00 -1.066387304687500000e+01 1.107984600000000000e+01
3.008480772884498900e-02 2.829018632812499700e+02 1.877280400000000100e+01 2.936349999999999900e+02 7.693028000000000000e+00 -1.073313671875000000e+01 1.107977600000000100e+01
3.028397172141888600e-02 2.829014853515625400e+02 1.878139300000000100e+01 2.937824687500000200e+02 7.701166999999999900e+00 -1.088098339843750000e+01 1.108022600000000000e+01
3.073209539798926400e-02 2.829016855468750000e+02 1.879600149999999900e+01 2.940781250000000000e+02 7.714118499999999700e+00 -1.117643945312500100e+01 1.108188299999999900e+01
3.174037445248580800e-02 2.829013427734374800e+02 1.881986599999999800e+01 2.947217499999999900e+02 7.727396999999999800e+00 -1.182040722656250000e+01 1.109246899999999900e+01
3.298811712290045800e-02 2.829014453125000200e+02 1.883912600000000000e+01 2.955969375000000200e+02 7.726243000000000200e+00 -1.269549218749999900e+01 1.111288300000000000e+01
3.368997198390209800e-02 2.829014765625000200e+02 1.884575000000000200e+01 2.960176250000000100e+02 7.721584000000000000e+00 -1.311614843750000000e+01 1.112416600000000100e+01
3.408476436544904300e-02 2.829014306640625000e+02 1.884878099999999900e+01 2.962466562500000000e+02 7.718366999999999800e+00 -1.334522558593750000e+01 1.113041400000000000e+01
3.430683781781534300e-02 2.829014775390625100e+02 1.885079199999999800e+01 2.963758437500000000e+02 7.716784999999999800e+00 -1.347436621093750000e+01 1.113400700000000000e+01
3.453395498080516500e-02 2.829017871093749900e+02 1.885233949999999900e+01 2.964957187499999800e+02 7.715085499999999800e+00 -1.359393164062500000e+01 1.113725400000000000e+01
3.460209200701375200e-02 2.829013564453125000e+02 1.885298399999999900e+01 2.965343125000000000e+02 7.714611999999999800e+00 -1.363295605468750100e+01 1.113837200000000000e+01
3.467235665308834200e-02 2.829018759765625100e+02 1.885347900000000000e+01 2.965737812500000200e+02 7.713973000000000200e+00 -1.367190527343750100e+01 1.113950600000000100e+01
3.471188032095200900e-02 2.829020341796875200e+02 1.885367649999999900e+01 2.965948750000000000e+02 7.713503499999999800e+00 -1.369284082031249900e+01 1.114017300000000100e+01
3.475230196955322900e-02 2.829041533203125000e+02 1.885349750000000000e+01 2.966171562499999900e+02 7.712496500000000300e+00 -1.371300292968750000e+01 1.114100099999999900e+01
3.477503934244471200e-02 2.829224853515625000e+02 1.885133700000000100e+01 2.966413125000000300e+02 7.709695000000000000e+00 -1.371882714843750000e+01 1.114164199999999900e+01
3.480317711517253600e-02 2.829603789062500100e+02 1.884266650000000000e+01 2.967271250000000000e+02 7.699672500000000100e+00 -1.376674609374999900e+01 1.114299400000000000e+01
3.483195317386016100e-02 2.828691845703124800e+02 1.884378300000000200e+01 2.966955624999999900e+02 7.698088000000000300e+00 -1.382637792968749900e+01 1.114569500000000000e+01
3.489670478139961900e-02 2.829005205078125300e+02 1.884750749999999900e+01 2.967414687500000200e+02 7.700120499999999700e+00 -1.384094824218749900e+01 1.114738700000000000e+01
3.493312462734111900e-02 2.829024619140624800e+02 1.884835350000000200e+01 2.967553437500000100e+02 7.700677500000000300e+00 -1.385288183593750100e+01 1.114767600000000100e+01
3.495361235510958300e-02 2.829015849609375000e+02 1.884867650000000000e+01 2.967615312500000200e+02 7.700891500000000000e+00 -1.385994628906249900e+01 1.114778500000000100e+01
3.497377781104540900e-02 2.829011738281249700e+02 1.884892700000000000e+01 2.967669062499999800e+02 7.701026999999999800e+00 -1.386573242187500000e+01 1.114790000000000000e+01
3.498026079393121900e-02 2.829010019531249900e+02 1.884899499999999900e+01 2.967681250000000000e+02 7.701058999999999900e+00 -1.386712304687499900e+01 1.114793600000000000e+01
3.498226638854019100e-02 2.829010615234375300e+02 1.884901250000000100e+01 2.967684687500000100e+02 7.701067499999999700e+00 -1.386740722656250000e+01 1.114794500000000000e+01
3.498339277552807400e-02 2.829011562499999900e+02 1.884902149999999900e+01 2.967686562499999900e+02 7.701071500000000300e+00 -1.386750000000000000e+01 1.114795000000000000e+01
3.498454732219064700e-02 2.829014326171874800e+02 1.884903699999999900e+01 2.967688749999999800e+02 7.701080000000000100e+00 -1.386744238281250000e+01 1.114795700000000000e+01
3.498519499470868800e-02 2.829018134765624900e+02 1.884905150000000200e+01 2.967690625000000200e+02 7.701088500000000000e+00 -1.386724902343750000e+01 1.114796300000000100e+01
3.498599910986392000e-02 2.829062001953125200e+02 1.884898750000000000e+01 2.967698437500000100e+02 7.701104499999999600e+00 -1.386364355468749900e+01 1.114788300000000000e+01
3.498682199813562400e-02 2.829309570312499900e+02 1.884817250000000000e+01 2.967730624999999800e+02 7.701072500000000400e+00 -1.384210546875000100e+01 1.114710000000000000e+01
3.498866802125465100e-02 2.831609658203124700e+02 1.883564200000000000e+01 2.967907187500000000e+02 7.697975999999999700e+00 -1.362975292968750000e+01 1.113766599999999900e+01
3.499282626655158400e-02 2.830518310546875100e+02 1.882050549999999900e+01 2.966807812500000000e+02 7.688912499999999800e+00 -1.362895019531250000e+01 1.113159300000000100e+01
3.500218153625648400e-02 2.828842207031250400e+02 1.882795350000000000e+01 2.966070000000000300e+02 7.691897499999999600e+00 -1.372277929687500000e+01 1.113605600000000000e+01
3.502323245751888500e-02 2.828390771484375300e+02 1.883468450000000200e+01 2.966142500000000300e+02 7.694638499999999900e+00 -1.377517285156250000e+01 1.114004600000000000e+01
3.507059390150655400e-02 2.829052392578124700e+02 1.884021849999999900e+01 2.967264999999999900e+02 7.696451500000000200e+00 -1.382126074218750000e+01 1.114376700000000000e+01
3.517715636826562700e-02 2.829036259765624700e+02 1.884415950000000000e+01 2.967803749999999900e+02 7.697849500000000200e+00 -1.387674902343749900e+01 1.114631000000000000e+01
3.541692661175264300e-02 2.829011025390624900e+02 1.884829900000000100e+01 2.968543750000000000e+02 7.698198999999999800e+00 -1.395327246093750000e+01 1.115010000000000000e+01
3.555179580928772400e-02 2.829013964843750300e+02 1.884973949999999800e+01 2.968872812500000000e+02 7.698342499999999900e+00 -1.398588476562500000e+01 1.115139699999999900e+01
3.585525385038120000e-02 2.829023398437499800e+02 1.885355900000000100e+01 2.969931874999999800e+02 7.698366000000000000e+00 -1.409084765625000000e+01 1.115519300000000100e+01
3.602594841183639300e-02 2.829014892578125000e+02 1.885502000000000000e+01 2.970689062500000000e+02 7.697160000000000200e+00 -1.416741699218750000e+01 1.115785999999999900e+01
3.607875718845157000e-02 2.829009648437499900e+02 1.885484950000000000e+01 2.970883124999999700e+02 7.696471500000000400e+00 -1.418734765624999900e+01 1.115837800000000100e+01
3.609226131689517000e-02 2.829176240234375000e+02 1.885164749999999900e+01 2.970847812499999900e+02 7.694760500000000100e+00 -1.416715722656250000e+01 1.115688699999999900e+01
3.609985504250513800e-02 2.830038691406250000e+02 1.883667100000000300e+01 2.970536250000000100e+02 7.688437000000000400e+00 -1.404975585937500100e+01 1.114823400000000000e+01
3.611694483619349400e-02 2.828526093749999900e+02 1.884040950000000000e+01 2.969795624999999900e+02 7.688920500000000000e+00 -1.412695312500000000e+01 1.115148900000000000e+01
3.615539530756592400e-02 2.828951923828125200e+02 1.884587600000000100e+01 2.970610937500000000e+02 7.690401999999999700e+00 -1.416590136718750000e+01 1.115547400000000000e+01
3.624190495708796300e-02 2.829045058593749800e+02 1.884867249999999900e+01 2.971062812499999900e+02 7.691668499999999600e+00 -1.420177539062500000e+01 1.115700400000000100e+01
3.643655714400483700e-02 2.829014824218750200e+02 1.885168200000000000e+01 2.971958750000000000e+02 7.690402999999999900e+00 -1.429439257812500100e+01 1.116127900000000000e+01
3.648445987951724100e-02 2.829013818359375100e+02 1.885201299999999900e+01 2.972145625000000000e+02 7.689828999999999600e+00 -1.431318066406250000e+01 1.116218400000000000e+01
3.649292968389555900e-02 2.829016240234374800e+02 1.885202999999999900e+01 2.972173124999999900e+02 7.689702999999999700e+00 -1.431568847656249900e+01 1.116232699999999900e+01
3.650159034829127100e-02 2.829022089843750200e+02 1.885191800000000100e+01 2.972185000000000100e+02 7.689504000000000300e+00 -1.431629101562500000e+01 1.116241400000000000e+01
3.650646197201386200e-02 2.829064580078125500e+02 1.885165849999999900e+01 2.972196875000000200e+02 7.689268499999999800e+00 -1.431322949218749900e+01 1.116239000000000000e+01
3.651742234317649500e-02 2.829037539062500200e+02 1.884960050000000100e+01 2.972058749999999900e+02 7.687899500000000300e+00 -1.430212109374999900e+01 1.116170100000000100e+01
3.654208708935834800e-02 2.828945654296875300e+02 1.885066300000000100e+01 2.972123750000000100e+02 7.688212000000000000e+00 -1.431780957031250000e+01 1.116245100000000100e+01
3.659758042162797300e-02 2.829028671875000200e+02 1.885173150000000000e+01 2.972460937500000000e+02 7.687902499999999900e+00 -1.434322656250000000e+01 1.116382900000000000e+01
3.672243729038188200e-02 2.829013613281249500e+02 1.885336200000000100e+01 2.973045624999999700e+02 7.686833000000000000e+00 -1.440320117187500100e+01 1.116652900000000100e+01
3.700337072057047900e-02 2.829014462890625100e+02 1.885550800000000000e+01 2.974397812500000100e+02 7.684107000000000000e+00 -1.453833496093749900e+01 1.117140099999999900e+01
3.735102380667458500e-02 2.829014541015625400e+02 1.885715899999999900e+01 2.976025312500000300e+02 7.680189999999999600e+00 -1.470107714843750000e+01 1.117696900000000000e+01
3.754657710318177300e-02 2.829014355468750100e+02 1.885784700000000000e+01 2.976916875000000000e+02 7.677780000000000300e+00 -1.479025195312500100e+01 1.118006699999999900e+01
3.774657649943834900e-02 2.829014697265624800e+02 1.885826900000000000e+01 2.977790625000000100e+02 7.675055000000000400e+00 -1.487759277343750100e+01 1.118321400000000000e+01
3.785907752870574400e-02 2.828991269531250100e+02 1.885539150000000000e+01 2.977955312500000100e+02 7.670977500000000200e+00 -1.489640429687500000e+01 1.118441400000000000e+01
3.811220171570464700e-02 2.829015927734374700e+02 1.885739050000000100e+01 2.979087500000000000e+02 7.668845499999999800e+00 -1.500715722656250000e+01 1.118854500000000000e+01
3.868173113645218000e-02 2.829014814453125300e+02 1.885628399999999900e+01 2.980989062500000300e+02 7.658864999999999600e+00 -1.519742480468750000e+01 1.119741900000000000e+01
3.885792934988427400e-02 2.829016162109375000e+02 1.885605800000000100e+01 2.981712812499999900e+02 7.655596000000000100e+00 -1.526966503906250100e+01 1.120046200000000000e+01
3.890297857169404400e-02 2.829023906250000100e+02 1.885585749999999900e+01 2.981919687500000000e+02 7.654605499999999700e+00 -1.528957812500000000e+01 1.120125200000000000e+01
3.900434401404512900e-02 2.828995458984375100e+02 1.885499850000000100e+01 2.982427500000000000e+02 7.651650499999999700e+00 -1.534320410156250100e+01 1.120334800000000000e+01
3.923241234826916500e-02 2.829014853515624800e+02 1.885452949999999800e+01 2.983291874999999900e+02 7.648002499999999600e+00 -1.542770214843750100e+01 1.120652699999999900e+01
3.951464738119930800e-02 2.829014531249999900e+02 1.885380500000000100e+01 2.984315937499999900e+02 7.643311999999999900e+00 -1.553014062500000000e+01 1.121049300000000000e+01
3.967340536943570600e-02 2.829014833984375100e+02 1.885329699999999800e+01 2.984879062499999800e+02 7.640560999999999900e+00 -1.558642285156249900e+01 1.121273600000000000e+01
3.969572973376496400e-02 2.829015527343750000e+02 1.885319600000000100e+01 2.984955625000000100e+02 7.640146999999999800e+00 -1.559400976562500000e+01 1.121304900000000000e+01
3.971856410109151500e-02 2.829021523437500000e+02 1.885280050000000100e+01 2.985009999999999800e+02 7.639477499999999900e+00 -1.559884765624999900e+01 1.121332300000000100e+01
3.972562905058772700e-02 2.829043427734375200e+02 1.885234150000000100e+01 2.985037187500000200e+02 7.638955499999999800e+00 -1.559937597656250000e+01 1.121338600000000000e+01
3.973285357157389100e-02 2.829222158203124900e+02 1.885005100000000100e+01 2.985108750000000000e+02 7.637173999999999900e+00 -1.558865917968750000e+01 1.121287700000000100e+01
3.973508757243318600e-02 2.829364628906249700e+02 1.884851950000000200e+01 2.985152187499999700e+02 7.636124500000000200e+00 -1.557875585937500100e+01 1.121239500000000100e+01
3.973737163493639600e-02 2.831354882812499900e+02 1.883414550000000200e+01 2.985657499999999800e+02 7.629032500000000100e+00 -1.543026171875000000e+01 1.120511300000000100e+01
3.974251546884772400e-02 2.830119785156250000e+02 1.882914750000000100e+01 2.984763437500000100e+02 7.624083500000000200e+00 -1.546436523437500000e+01 1.120506400000000000e+01
3.975408909514820100e-02 2.828520468749999800e+02 1.883613649999999900e+01 2.984001562500000100e+02 7.626502500000000000e+00 -1.554810937499999900e+01 1.120963399999999900e+01
3.978012427883198500e-02 2.828596572265624900e+02 1.884043100000000200e+01 2.984471874999999800e+02 7.627205000000000000e+00 -1.558753027343749900e+01 1.121322600000000100e+01
3.983870891761279200e-02 2.829072207031250100e+02 1.884289850000000000e+01 2.985249062500000200e+02 7.627386500000000100e+00 -1.561768554687500000e+01 1.121551200000000000e+01
3.997052122601686700e-02 2.829037128906250000e+02 1.883905550000000100e+01 2.985909062499999900e+02 7.619647500000000100e+00 -1.568719335937500000e+01 1.121940800000000000e+01
4.026710204877877900e-02 2.829007753906249700e+02 1.883991500000000100e+01 2.986871874999999900e+02 7.616126999999999600e+00 -1.578641210937500000e+01 1.122378800000000100e+01
4.080094690397968700e-02 2.829014843750000000e+02 1.884140449999999900e+01 2.988274062500000200e+02 7.612835500000000100e+00 -1.592592187500000000e+01 1.122856900000000000e+01
4.109289076697481700e-02 2.829014111328124800e+02 1.884137549999999800e+01 2.989295624999999700e+02 7.609655499999999700e+00 -1.602815136718750100e+01 1.123171999999999900e+01
4.118673131847631900e-02 2.829015214843750000e+02 1.884128100000000200e+01 2.989591874999999800e+02 7.608546999999999700e+00 -1.605766601562499900e+01 1.123273400000000100e+01
4.123951506426953900e-02 2.829016093749999600e+02 1.884049800000000000e+01 2.989684062499999900e+02 7.607246000000000000e+00 -1.606679687500000100e+01 1.123325200000000000e+01
4.135828318558339900e-02 2.829002578125000000e+02 1.883936899999999800e+01 2.989934999999999800e+02 7.604734999999999800e+00 -1.609324218750000000e+01 1.123463400000000000e+01
4.162550598304728300e-02 2.829014951171874900e+02 1.884017150000000000e+01 2.990989374999999800e+02 7.602403500000000300e+00 -1.619744238281250000e+01 1.123776800000000100e+01
4.177581919772730600e-02 2.829014667968750100e+02 1.884037150000000000e+01 2.991565312500000000e+02 7.600792499999999800e+00 -1.625506445312500100e+01 1.123957900000000100e+01
4.196183262221769200e-02 2.829015634765625000e+02 1.884047000000000000e+01 2.992218750000000100e+02 7.598645000000000300e+00 -1.632031152343750000e+01 1.124182500000000000e+01
4.197372226264533400e-02 2.829068779296874800e+02 1.884020350000000100e+01 2.992245937500000000e+02 7.598366500000000000e+00 -1.631771582031250000e+01 1.124183700000000000e+01
4.199512361541507500e-02 2.828987109375000300e+02 1.883950949999999800e+01 2.992179375000000100e+02 7.597738500000000200e+00 -1.631922656249999900e+01 1.124177100000000000e+01
4.202187530637726400e-02 2.828988544921874700e+02 1.883977450000000100e+01 2.992289374999999700e+02 7.597559500000000000e+00 -1.633008300781250100e+01 1.124221500000000000e+01
4.208206817546854300e-02 2.829016816406249900e+02 1.884002900000000100e+01 2.992542187500000100e+02 7.596970999999999900e+00 -1.635253710937500000e+01 1.124305800000000000e+01
4.221750369535030200e-02 2.829014609375000200e+02 1.884030549999999900e+01 2.993055937500000100e+02 7.595514500000000200e+00 -1.640413281249999900e+01 1.124479099999999900e+01
4.252223205065790200e-02 2.829014648437499800e+02 1.884041249999999900e+01 2.994173749999999900e+02 7.591934499999999800e+00 -1.651591015625000100e+01 1.124847800000000000e+01
4.261650751269082500e-02 2.829011875000000500e+02 1.884016600000000000e+01 2.994493437500000300e+02 7.590575000000000300e+00 -1.654815625000000200e+01 1.124959100000000100e+01
4.266953530899808600e-02 2.829011894531250300e+02 1.883964849999999900e+01 2.994643750000000200e+02 7.589429499999999600e+00 -1.656318554687500100e+01 1.125021900000000000e+01
4.272377084246457200e-02 2.829101484374999700e+02 1.882965800000000200e+01 2.995065624999999700e+02 7.578288999999999800e+00 -1.659641406249999900e+01 1.125136900000000000e+01
4.284579922833780400e-02 2.829006875000000000e+02 1.883186150000000200e+01 2.995217500000000000e+02 7.579469500000000100e+00 -1.662106250000000100e+01 1.125239200000000000e+01
4.312036544319213000e-02 2.829016425781250100e+02 1.883191499999999900e+01 2.996087187499999800e+02 7.577345000000000200e+00 -1.670707617187499800e+01 1.125456999999999900e+01
4.373813551554842100e-02 2.829015019531250300e+02 1.883132650000000300e+01 2.998200625000000100e+02 7.570219500000000300e+00 -1.691856054687500000e+01 1.126110700000000100e+01
4.450262687963450800e-02 2.829014609374999600e+02 1.882941849999999900e+01 3.000595937499999800e+02 7.560600499999999600e+00 -1.715813281250000000e+01 1.126881800000000000e+01
4.469809256826485400e-02 2.829014707031250300e+02 1.882917600000000000e+01 3.001217812500000300e+02 7.558469999999999800e+00 -1.722031054687500200e+01 1.127070600000000100e+01
4.480804358254580200e-02 2.829014902343749900e+02 1.882878750000000100e+01 3.001539374999999800e+02 7.557249500000000200e+00 -1.725244726562500100e+01 1.127153800000000000e+01
4.482350324395447500e-02 2.829014628906250000e+02 1.882865499999999800e+01 3.001576875000000100e+02 7.557074000000000100e+00 -1.725622460937500000e+01 1.127158099999999900e+01
4.483220145458311600e-02 2.829013789062499900e+02 1.882848549999999900e+01 3.001590937500000100e+02 7.556948499999999800e+00 -1.725771484375000100e+01 1.127153700000000000e+01
4.483709185142216400e-02 2.829018007812500200e+02 1.882831399999999900e+01 3.001596875000000200e+02 7.556852000000000100e+00 -1.725788671875000100e+01 1.127146200000000000e+01
4.483984524183698400e-02 2.829040722656249600e+02 1.882811600000000100e+01 3.001611874999999800e+02 7.556743000000000000e+00 -1.725711523437500000e+01 1.127137300000000100e+01
4.484324943362258400e-02 2.829251835937499800e+02 1.882681500000000000e+01 3.001706249999999700e+02 7.556231000000000400e+00 -1.724544140624999900e+01 1.127058399999999900e+01
4.484673184672678000e-02 2.830183613281249700e+02 1.881890299999999900e+01 3.002030624999999900e+02 7.553173000000000100e+00 -1.718470117187499800e+01 1.126573000000000000e+01
4.485456962285078900e-02 2.829485449218750000e+02 1.881468850000000300e+01 3.001489062499999800e+02 7.550806500000000200e+00 -1.720036132812499800e+01 1.126388200000000100e+01
4.487220070806387900e-02 2.828486777343750300e+02 1.881945999999999900e+01 3.001011250000000200e+02 7.552565000000000400e+00 -1.725244726562500100e+01 1.126689500000000000e+01
4.491187143200651300e-02 2.828995468750000000e+02 1.882219500000000100e+01 3.001609062499999800e+02 7.553783000000000100e+00 -1.726135937500000100e+01 1.126841200000000000e+01
4.495947692650822300e-02 2.829062714843750000e+02 1.882313450000000200e+01 3.001764062500000100e+02 7.554493500000000400e+00 -1.727013476562499900e+01 1.126864100000000100e+01
4.504873996644507400e-02 2.829014628906250000e+02 1.882435149999999900e+01 3.002040000000000100e+02 7.554296500000000400e+00 -1.730253710937499900e+01 1.127005499999999900e+01
4.524957476638433200e-02 2.829013749999999700e+02 1.882546700000000000e+01 3.002699687499999800e+02 7.552789999999999900e+00 -1.736859374999999900e+01 1.127267700000000000e+01
4.570145619510039600e-02 2.829014707031250300e+02 1.882627150000000100e+01 3.004026875000000100e+02 7.548802499999999900e+00 -1.750121679687499900e+01 1.127746900000000000e+01
4.595564106317955700e-02 2.829014980468749600e+02 1.882648000000000000e+01 3.004742812499999900e+02 7.546600999999999900e+00 -1.757278320312499900e+01 1.127987899999999900e+01
4.652755466971809900e-02 2.829012929687500000e+02 1.882535450000000000e+01 3.006301250000000200e+02 7.543121499999999800e+00 -1.772883203125000100e+01 1.128223300000000000e+01
4.684925392230977100e-02 2.829014843750000000e+02 1.882587350000000000e+01 3.006998750000000200e+02 7.540213500000000100e+00 -1.779839062500000000e+01 1.128566000000000000e+01
4.703021112076566400e-02 2.829014843750000000e+02 1.882600300000000000e+01 3.007365624999999900e+02 7.538523999999999800e+00 -1.783507812499999900e+01 1.128747899999999900e+01
4.743736559950460100e-02 2.829013691406249800e+02 1.882516199999999900e+01 3.008005000000000000e+02 7.534118000000000300e+00 -1.789913085937499900e+01 1.129104399999999900e+01
4.835345926560128500e-02 2.829014746093749900e+02 1.882130600000000000e+01 3.009530312499999800e+02 7.522467999999999900e+00 -1.805155664062500200e+01 1.129883800000000000e+01
5.041467236095838200e-02 2.829014882812500100e+02 1.882676099999999800e+01 3.013270312500000000e+02 7.507445999999999800e+00 -1.842554296875000100e+01 1.131931500000000000e+01
5.057409366597653100e-02 2.829190468750000500e+02 1.882705299999999900e+01 3.013672812500000200e+02 7.505873000000000200e+00 -1.844823437499999800e+01 1.132118000000000000e+01
5.073713818247236500e-02 2.829005898437500300e+02 1.882664700000000100e+01 3.013911875000000000e+02 7.501521000000000300e+00 -1.849059765624999900e+01 1.132512599999999900e+01
5.110398990901435900e-02 2.829010234374999900e+02 1.882738300000000100e+01 3.014403125000000000e+02 7.497549000000000200e+00 -1.853928906250000000e+01 1.132983400000000000e+01
5.192940629373384700e-02 2.829014746093749900e+02 1.883028249999999900e+01 3.015384374999999900e+02 7.492541499999999700e+00 -1.863696289062500000e+01 1.133774099999999900e+01
5.295085781828311900e-02 2.829025156249999800e+02 1.883210850000000000e+01 3.016714999999999800e+02 7.481528499999999600e+00 -1.876898437499999900e+01 1.135058000000000100e+01
5.352542156309593500e-02 2.829014726562500100e+02 1.883430250000000000e+01 3.017273124999999800e+02 7.477368499999999900e+00 -1.882583984375000000e+01 1.135693400000000100e+01
5.411305139696816900e-02 2.829013906249999800e+02 1.883656100000000000e+01 3.017939687499999800e+02 7.471956999999999700e+00 -1.889257812500000000e+01 1.136460400000000000e+01
5.543520444334335000e-02 2.829014589843749800e+02 1.884355649999999800e+01 3.018809999999999700e+02 7.464861499999999600e+00 -1.897954101562499900e+01 1.137869500000000000e+01
5.663211577207710000e-02 2.829016796874999500e+02 1.884984400000000100e+01 3.019278749999999700e+02 7.457644000000000200e+00 -1.902619531250000100e+01 1.139220000000000100e+01
5.665826672331241600e-02 2.829011523437500300e+02 1.884999600000000100e+01 3.019283750000000200e+02 7.457493999999999600e+00 -1.902722265625000000e+01 1.139250200000000000e+01
5.671709541260726300e-02 2.829015117187500400e+02 1.885034100000000000e+01 3.019305937500000100e+02 7.457167000000000100e+00 -1.902908203124999900e+01 1.139317400000000000e+01
5.678989130055184200e-02 2.829015703124999800e+02 1.885075499999999900e+01 3.019324687500000000e+02 7.456744999999999700e+00 -1.903089843749999900e+01 1.139401000000000000e+01
5.680850797437932800e-02 2.829017031250000400e+02 1.885085900000000000e+01 3.019328125000000100e+02 7.456636999999999700e+00 -1.903110937500000000e+01 1.139422199999999900e+01
5.681426506342850100e-02 2.829018710937500000e+02 1.885088950000000100e+01 3.019329374999999800e+02 7.456605500000000200e+00 -1.903106640625000200e+01 1.139428400000000100e+01
5.682015356429292300e-02 2.829023749999999500e+02 1.885092849999999800e+01 3.019331874999999700e+02 7.456578500000000000e+00 -1.903081250000000000e+01 1.139434999999999900e+01
5.682347014820168800e-02 2.829032285156250200e+02 1.885096150000000000e+01 3.019335937500000000e+02 7.456572500000000000e+00 -1.903036523437500100e+01 1.139438900000000000e+01
5.682533494443717900e-02 2.829046953125000500e+02 1.885100400000000000e+01 3.019342812500000300e+02 7.456584000000000300e+00 -1.902958593749999800e+01 1.139442000000000000e+01
5.682952760711429400e-02 2.832465820312500000e+02 1.882900550000000100e+01 3.019522187499999900e+02 7.450757499999999900e+00 -1.870563671875000000e+01 1.137824799999999900e+01
5.683895796928505700e-02 2.829397031249999900e+02 1.882573750000000200e+01 3.017755937499999800e+02 7.446907500000000000e+00 -1.883589062500000100e+01 1.137883000000000100e+01
5.686018410630113600e-02 2.828064316406250200e+02 1.883774650000000200e+01 3.017397500000000200e+02 7.450808499999999900e+00 -1.893331835937500100e+01 1.138693800000000100e+01
5.690794291458730500e-02 2.829036542968749500e+02 1.884303800000000000e+01 3.018450312499999800e+02 7.452289000000000400e+00 -1.894137695312500100e+01 1.139074900000000000e+01
5.701540023323119200e-02 2.829028847656250000e+02 1.884782600000000100e+01 3.018718437499999800e+02 7.453921000000000200e+00 -1.896895898437500000e+01 1.139390500000000000e+01
5.725717920017993300e-02 2.829014980468750200e+02 1.885083600000000100e+01 3.018834375000000100e+02 7.452809000000000200e+00 -1.898193945312500100e+01 1.139802700000000100e+01
5.733198381158623200e-02 2.829014199218750000e+02 1.885137500000000100e+01 3.018848125000000100e+02 7.452286000000000000e+00 -1.898339257812499900e+01 1.139908900000000000e+01
5.740848426117984400e-02 2.829017578125000200e+02 1.885173449999999900e+01 3.018824999999999900e+02 7.451675500000000300e+00 -1.898074218749999900e+01 1.140005900000000100e+01
5.745151224411691000e-02 2.829022207031250100e+02 1.885159300000000100e+01 3.018739062500000000e+02 7.451211999999999900e+00 -1.897168554687500100e+01 1.140038099999999900e+01
5.754833772113629500e-02 2.829012460937499900e+02 1.885219099999999800e+01 3.018747812500000100e+02 7.450466999999999700e+00 -1.897353515625000100e+01 1.140172400000000000e+01
5.776618722229804500e-02 2.829020097656250000e+02 1.885250549999999900e+01 3.018682812500000000e+02 7.447971500000000400e+00 -1.896627148437500000e+01 1.140453400000000000e+01
5.825634077778012200e-02 2.829014082031250200e+02 1.884940600000000200e+01 3.018415625000000100e+02 7.439318000000000100e+00 -1.894015429687500100e+01 1.141008800000000000e+01
5.853205528159154100e-02 2.829015273437499900e+02 1.885161149999999700e+01 3.018337187500000000e+02 7.438764499999999600e+00 -1.893219140624999900e+01 1.141284699999999900e+01
5.861735406510160100e-02 2.829015019531249800e+02 1.885221299999999900e+01 3.018319687499999900e+02 7.438441000000000100e+00 -1.893046679687499900e+01 1.141377200000000000e+01
5.863916216872808200e-02 2.829016054687500100e+02 1.885234549999999800e+01 3.018309375000000000e+02 7.438340499999999800e+00 -1.892933203124999900e+01 1.141400500000000000e+01
5.865143352919050000e-02 2.829019902343749800e+02 1.885240449999999900e+01 3.018297499999999900e+02 7.438275499999999600e+00 -1.892775976562500200e+01 1.141412900000000100e+01
5.865522569871637500e-02 2.829022675781249600e+02 1.885242150000000200e+01 3.018291562499999800e+02 7.438254500000000200e+00 -1.892688867187499800e+01 1.141416700000000100e+01
5.865910547611907100e-02 2.829036796875000200e+02 1.885245649999999900e+01 3.018284062500000000e+02 7.438238499999999800e+00 -1.892472656249999800e+01 1.141421800000000000e+01
5.866128941533446700e-02 2.829081074218750000e+02 1.885237400000000100e+01 3.018280937499999900e+02 7.438203999999999800e+00 -1.891998632812499900e+01 1.141417000000000000e+01
5.866252218331564200e-02 2.829168984374999800e+02 1.885203749999999800e+01 3.018285937499999800e+02 7.438117499999999700e+00 -1.891169531250000100e+01 1.141391999999999900e+01
5.866404280574927900e-02 2.829459980468749900e+02 1.885053849999999900e+01 3.018280312499999800e+02 7.437766500000000400e+00 -1.888203320312500100e+01 1.141277200000000000e+01
5.866559471671036600e-02 2.830486015625000400e+02 1.884380949999999900e+01 3.018128750000000200e+02 7.436239500000000100e+00 -1.876427343750000200e+01 1.140757000000000000e+01
5.866909277407828700e-02 2.832092773437499900e+02 1.881947999999999900e+01 3.017390624999999900e+02 7.426897000000000300e+00 -1.852978515625000000e+01 1.139258300000000000e+01
5.867695870987699200e-02 2.829375722656250200e+02 1.882252899999999900e+01 3.016082187499999900e+02 7.426077000000000300e+00 -1.867064648437499800e+01 1.139645200000000000e+01
5.869466801640868500e-02 2.827984023437500100e+02 1.883467400000000000e+01 3.015601874999999800e+02 7.429951000000000000e+00 -1.876178515624999900e+01 1.140472300000000100e+01
5.873450456954675700e-02 2.829012265625000300e+02 1.883994299999999800e+01 3.016599687500000200e+02 7.431631999999999600e+00 -1.875874218750000100e+01 1.140831099999999900e+01
5.878380277338302700e-02 2.829066621093749600e+02 1.884204450000000000e+01 3.016807499999999900e+02 7.431555500000000000e+00 -1.877408789062500100e+01 1.141048900000000000e+01
5.879640579223632800e-02 2.829047792968750100e+02 1.884231750000000000e+01 3.016778437500000200e+02 7.431619500000000000e+00 -1.877306445312499900e+01 1.141069800000000000e+01
5.880030434275549500e-02 2.829044062500000200e+02 1.884238549999999900e+01 3.016766875000000100e+02 7.431634500000000400e+00 -1.877228124999999900e+01 1.141075099999999900e+01
5.880250079738186300e-02 2.829044335937500100e+02 1.884241399999999800e+01 3.016760625000000000e+02 7.431637000000000300e+00 -1.877162890625000100e+01 1.141077700000000000e+01
5.880474105594665100e-02 2.829070234375000200e+02 1.884239000000000200e+01 3.016761250000000100e+02 7.431618000000000300e+00 -1.876910156250000100e+01 1.141077200000000000e+01
5.880979102427564400e-02 2.829442792968749800e+02 1.884029350000000100e+01 3.016767812499999800e+02 7.430914500000000100e+00 -1.873250195312499900e+01 1.140937899999999900e+01
5.882114875973678400e-02 2.828924960937499700e+02 1.884160449999999900e+01 3.016525624999999900e+02 7.431026499999999800e+00 -1.876006640625000100e+01 1.141057799999999900e+01
5.884670522895071900e-02 2.828884277343750000e+02 1.884365049999999900e+01 3.016541250000000200e+02 7.431908499999999600e+00 -1.876569726562500100e+01 1.141174200000000000e+01
5.890419476927108400e-02 2.829048789062499600e+02 1.884605549999999900e+01 3.016745312499999700e+02 7.432715499999999600e+00 -1.876965234375000000e+01 1.141334000000000000e+01
5.903356031482926600e-02 2.829016562499999700e+02 1.884842850000000100e+01 3.016782812500000000e+02 7.432770500000000200e+00 -1.877662499999999900e+01 1.141565800000000100e+01
5.932463122790879900e-02 2.829014531249999900e+02 1.885233699999999900e+01 3.016953125000000000e+02 7.432356999999999700e+00 -1.879385937500000000e+01 1.141998000000000100e+01
5.997954391119048000e-02 2.829014843750000000e+02 1.885987050000000000e+01 3.017263750000000200e+02 7.430967500000000400e+00 -1.882489062499999800e+01 1.142890300000000000e+01
6.034792877557709100e-02 2.829014824218750200e+02 1.886360599999999700e+01 3.017385625000000000e+02 7.429968999999999800e+00 -1.883708007812499800e+01 1.143363699999999900e+01
6.055514643511433800e-02 2.829014863281249700e+02 1.886554350000000100e+01 3.017429374999999800e+02 7.429326500000000200e+00 -1.884145117187500100e+01 1.143621699999999900e+01
6.067170871524359800e-02 2.829015898437500000e+02 1.886647500000000100e+01 3.017410312499999900e+02 7.428852000000000000e+00 -1.883944140625000000e+01 1.143762300000000000e+01
6.070776561426678000e-02 2.829026660156250200e+02 1.886660699999999800e+01 3.017364375000000200e+02 7.428607999999999700e+00 -1.883377148437499900e+01 1.143799900000000000e+01
6.071284061341773000e-02 2.829033789062500000e+02 1.886660450000000100e+01 3.017353125000000200e+02 7.428561499999999800e+00 -1.883193359375000100e+01 1.143804300000000000e+01
6.071569412712036300e-02 2.829042402343749800e+02 1.886660099999999900e+01 3.017346249999999900e+02 7.428531999999999700e+00 -1.883038476562499900e+01 1.143806900000000000e+01
6.071729609972535000e-02 2.829050351562500500e+02 1.886659850000000200e+01 3.017342187500000300e+02 7.428514500000000400e+00 -1.882918359374999900e+01 1.143808400000000000e+01
6.071893561856327200e-02 2.829069199218749900e+02 1.886657950000000000e+01 3.017337187499999800e+02 7.428485499999999900e+00 -1.882679882812500000e+01 1.143809400000000000e+01
6.072262766480132600e-02 2.829528164062500100e+02 1.886438700000000100e+01 3.017350312500000200e+02 7.427740000000000000e+00 -1.878221484375000100e+01 1.143664700000000100e+01
6.073093789768969900e-02 2.829025312500000400e+02 1.886506149999999900e+01 3.017116250000000300e+02 7.427492499999999600e+00 -1.880909374999999900e+01 1.143756900000000000e+01
6.074962966398303500e-02 2.828842832031249900e+02 1.886568600000000000e+01 3.016991249999999800e+02 7.427611999999999900e+00 -1.881484179687500100e+01 1.143807400000000000e+01
6.079168770256943000e-02 2.829029824218749800e+02 1.886616700000000100e+01 3.017117499999999900e+02 7.427570000000000200e+00 -1.880876757812500000e+01 1.143859700000000000e+01
6.088631046725696100e-02 2.829014707031249700e+02 1.886708200000000000e+01 3.017077499999999800e+02 7.427145000000000300e+00 -1.880627929687500100e+01 1.143993700000000000e+01
6.109922263878849600e-02 2.829014960937499800e+02 1.886887799999999900e+01 3.017042500000000000e+02 7.426224999999999600e+00 -1.880275390625000000e+01 1.144265300000000000e+01
6.157826876702896700e-02 2.829014707031250300e+02 1.887333500000000100e+01 3.017068750000000300e+02 7.424489000000000300e+00 -1.880540429687500000e+01 1.144884600000000000e+01
6.217109249645642900e-02 2.829014453125000200e+02 1.887809049999999900e+01 3.016981250000000000e+02 7.421953499999999900e+00 -1.879667968749999900e+01 1.145613700000000000e+01
6.277738906580006300e-02 2.829014609375000200e+02 1.888303050000000000e+01 3.016830625000000100e+02 7.419858500000000100e+00 -1.878160156250000100e+01 1.146317200000000000e+01
6.414155008911773300e-02 2.829014707031250300e+02 1.889468850000000100e+01 3.016453750000000000e+02 7.414266500000000100e+00 -1.874390429687500200e+01 1.148042200000000100e+01
6.721092334256710500e-02 2.829014765625000200e+02 1.892166749999999800e+01 3.015447812500000300e+02 7.403381500000000100e+00 -1.864330468749999900e+01 1.151828600000000000e+01
6.893744305988622200e-02 2.829014824218750200e+02 1.893936950000000200e+01 3.015103750000000100e+02 7.400548500000000200e+00 -1.860889257812500100e+01 1.153882100000000000e+01
7.000000145178766900e-02 2.829014687499999900e+02 1.895042249999999800e+01 3.014709374999999900e+02 7.398885499999999600e+00 -1.856946874999999900e+01 1.155153700000000000e+01
