0.000000000000000000e+00 0.000000000000000000e+00 0.000000000000000000e+00 0.000000000000000000e+00 0.000000000000000000e+00 0.000000000000000000e+00 0.000000000000000000e+00
-2.058154689194751200e-07 3.592097656250000500e+02 -5.895812988281250000e-05 1.939652812500000000e+02 2.313233642578124900e-04 1.652444843750000100e+02 -2.902814941406249900e-04
1.399798351421690600e-03 3.592096093750000100e+02 4.988335250000000400e+00 1.923447812500000100e+02 1.796706750000000000e+00 1.668648281250000000e+02 3.191628500000000200e+00
2.843552663511500600e-03 3.592096562499999700e+02 1.008115624999999900e+01 1.896728750000000000e+02 3.546320750000000000e+00 1.695367812499999900e+02 6.534835499999999800e+00
3.212694237405494900e-03 3.592097343750000400e+02 1.137616399999999900e+01 1.890033906250000100e+02 3.975515000000000100e+00 1.702063437500000000e+02 7.400648999999999600e+00
3.326897334335441800e-03 3.592100468749999900e+02 1.177526125000000000e+01 1.888068906249999900e+02 4.105275250000000000e+00 1.704031562499999900e+02 7.669985999999999700e+00
3.443696146322073400e-03 3.592099687500000300e+02 1.218132950000000000e+01 1.886445781250000100e+02 4.232156999999999900e+00 1.705653906249999900e+02 7.949172500000000400e+00
3.588234571585977400e-03 3.592098906249999600e+02 1.268147900000000000e+01 1.884791718749999900e+02 4.383872499999999800e+00 1.707307187499999900e+02 8.297606500000000600e+00
3.669537398450655300e-03 3.592101718750000100e+02 1.296143199999999900e+01 1.884009531250000000e+02 4.466899999999999900e+00 1.708092187500000100e+02 8.494531999999999500e+00
3.752688118688444600e-03 3.592097812499999900e+02 1.324631349999999900e+01 1.883261875000000000e+02 4.550363499999999600e+00 1.708835937499999900e+02 8.695949999999999800e+00
3.799460585553544200e-03 3.592099062500000200e+02 1.340626149999999900e+01 1.882853906249999900e+02 4.596966499999999700e+00 1.709245156250000000e+02 8.809295000000000500e+00
3.852079386699169200e-03 3.592115000000000000e+02 1.358465000000000000e+01 1.882545000000000100e+02 4.647289999999999900e+00 1.709569999999999900e+02 8.937360000000000000e+00
3.878388488501833100e-03 3.592106874999999500e+02 1.367297250000000000e+01 1.882529999999999900e+02 4.670582500000000100e+00 1.709576874999999900e+02 9.002390000000000100e+00
3.937584714483198300e-03 3.592101875000000200e+02 1.387156399999999900e+01 1.882712656250000100e+02 4.720742999999999700e+00 1.709389218750000100e+02 9.150821000000000500e+00
4.070776148248734400e-03 3.592088125000000200e+02 1.430894200000000000e+01 1.885175156249999900e+02 4.811609999999999900e+00 1.706912968750000100e+02 9.497332000000000100e+00
4.235600170336271100e-03 3.592106406250000000e+02 1.485227049999999900e+01 1.887587187500000100e+02 4.934591499999999800e+00 1.704519218750000100e+02 9.917678999999999700e+00
4.404170471325254700e-03 3.592092656250000000e+02 1.540759950000000000e+01 1.890131562500000100e+02 5.061432499999999600e+00 1.701961093749999900e+02 1.034616699999999900e+01
4.612776271083898200e-03 3.592102343750000300e+02 1.609019599999999900e+01 1.893383125000000000e+02 5.215976000000000400e+00 1.698719218750000000e+02 1.087421999999999900e+01
4.826122955570841600e-03 3.592102187499999700e+02 1.677216250000000000e+01 1.899974843750000000e+02 5.344070499999999900e+00 1.692127343750000000e+02 1.142809199999999900e+01
5.082138797693085100e-03 3.592095937499999500e+02 1.758203100000000100e+01 1.908564062499999900e+02 5.499418999999999600e+00 1.683531874999999900e+02 1.208261199999999900e+01
5.562169211251395300e-03 3.592097656250000500e+02 1.907807250000000100e+01 1.926894687500000000e+02 5.768532500000000100e+00 1.665202968750000100e+02 1.330954000000000000e+01
6.642236446676994200e-03 3.592098593750000100e+02 2.236201800000000300e+01 1.975388125000000100e+02 6.313282000000000100e+00 1.616710468750000000e+02 1.604873600000000200e+01
7.249774789451656500e-03 3.592095937499999500e+02 2.412681849999999900e+01 2.010698281249999900e+02 6.595928500000000300e+00 1.581397656250000000e+02 1.753088999999999900e+01
8.001602980726045500e-03 3.592088593749999700e+02 2.609142350000000100e+01 2.074470000000000000e+02 6.965029500000000000e+00 1.517618593750000000e+02 1.912639400000000100e+01
8.770518434376345400e-03 3.592094531249999800e+02 2.788373599999999900e+01 2.157783437500000000e+02 7.314826000000000100e+00 1.434311093750000100e+02 2.056890999999999900e+01
9.722051166352770800e-03 3.592089218749999900e+02 2.987160800000000200e+01 2.271499374999999900e+02 7.703523999999999800e+00 1.320589843749999900e+02 2.216808400000000000e+01
1.069521007681251500e-02 3.592094374999999800e+02 3.167177350000000000e+01 2.389639374999999900e+02 8.037401499999999600e+00 1.202455000000000100e+02 2.363437199999999900e+01
1.189949279440973000e-02 3.592093906249999700e+02 3.361491850000000200e+01 2.536155312500000000e+02 8.374892499999999600e+00 1.055938593749999900e+02 2.524002600000000000e+01
1.313114644292004200e-02 3.592118593750000200e+02 3.512422000000000100e+01 2.672877500000000200e+02 8.657738000000000200e+00 9.192410937500000000e+01 2.646648199999999900e+01
1.465531877407752700e-02 3.592098828124999800e+02 3.647789500000000400e+01 2.814533437499999900e+02 9.030454999999999900e+00 7.775653906249999600e+01 2.744744000000000000e+01
1.486965528406893600e-02 3.592095546874999700e+02 3.663610100000000400e+01 2.831726562499999900e+02 9.080239000000000600e+00 7.603689843750000000e+01 2.755586200000000100e+01
1.496555811181701800e-02 3.592107968750000300e+02 3.670398199999999600e+01 2.839070937500000000e+02 9.100856000000000300e+00 7.530370312499999800e+01 2.760312600000000000e+01
1.498251272024666100e-02 3.592115937500000200e+02 3.671527100000000100e+01 2.840338437500000200e+02 9.103980999999999200e+00 7.517775000000000300e+01 2.761129000000000000e+01
1.499204946341072300e-02 3.592133281249999800e+02 3.672119899999999900e+01 2.841051562499999900e+02 9.105349000000000400e+00 7.510817187499999600e+01 2.761584999999999800e+01
1.499741418021065800e-02 3.592164765625000200e+02 3.672410399999999700e+01 2.841462812500000200e+02 9.105734000000000000e+00 7.507019531250000500e+01 2.761836999999999900e+01
1.500043175871808300e-02 3.592214765625000200e+02 3.672529799999999500e+01 2.841711562500000200e+02 9.105589999999999400e+00 7.505032031250000600e+01 2.761970799999999900e+01
1.500212877316582300e-02 3.592281171875000000e+02 3.672554699999999900e+01 2.841870312500000200e+02 9.105199000000000700e+00 7.504108593750000000e+01 2.762034800000000000e+01
1.500386522527326500e-02 3.592505468749999400e+02 3.672436499999999900e+01 2.842099687499999700e+02 9.103901000000000500e+00 7.504057812499999600e+01 2.762046399999999800e+01
1.500777074866426300e-02 3.593656875000000400e+02 3.671074000000000100e+01 2.842927500000000100e+02 9.092909999999999800e+00 7.507293749999999500e+01 2.761783000000000100e+01
1.500996730680154900e-02 3.593138203125000100e+02 3.671114699999999700e+01 2.842844375000000200e+02 9.091533000000000100e+00 7.502938281250000300e+01 2.761961399999999900e+01
1.501491135523134000e-02 3.592295156249999800e+02 3.672116499999999900e+01 2.842889999999999900e+02 9.095869000000000400e+00 7.494051562500000300e+01 2.762529599999999900e+01
1.502603397034762100e-02 3.592949609374999800e+02 3.671675100000000200e+01 2.844203749999999800e+02 9.087358999999999300e+00 7.487458593750000100e+01 2.762939199999999900e+01
1.502937063537444600e-02 3.592311953125000100e+02 3.671951199999999500e+01 2.844220000000000300e+02 9.086795999999999700e+00 7.480919531249999500e+01 2.763271599999999900e+01
1.503562688229974400e-02 3.591443203124999900e+02 3.673018500000000600e+01 2.844435937499999900e+02 9.090699000000000800e+00 7.470072656249999500e+01 2.763948600000000200e+01
1.504970373665180800e-02 3.590982031250000000e+02 3.674446700000000000e+01 2.845509999999999900e+02 9.094692999999999500e+00 7.454720312499999600e+01 2.764977400000000100e+01
1.506712323143368500e-02 3.591665156249999900e+02 3.675896900000000000e+01 2.847339687499999700e+02 9.099147000000000300e+00 7.443254687500000000e+01 2.765982199999999800e+01
1.507692289232908900e-02 3.592218671875000400e+02 3.676643800000000100e+01 2.848435937500000300e+02 9.101369999999999300e+00 7.437827343749999900e+01 2.766506800000000200e+01
1.508694364313493600e-02 3.592797187500000300e+02 3.677128499999999900e+01 2.849590312500000100e+02 9.101240999999999900e+00 7.432068750000000500e+01 2.767004400000000100e+01
1.510949242383913800e-02 3.592268046875000200e+02 3.678951500000000200e+01 2.851040937500000000e+02 9.107053000000000500e+00 7.412271093750000300e+01 2.768246200000000100e+01
1.516022718042359100e-02 3.592029453124999900e+02 3.681983400000000000e+01 2.854379062500000300e+02 9.116360000000000200e+00 7.376503906249999400e+01 2.770347400000000000e+01
1.518876450999936300e-02 3.592117890624999700e+02 3.683621699999999800e+01 2.856462500000000100e+02 9.120832999999999300e+00 7.356553906249999400e+01 2.771538400000000000e+01
1.520481683257827000e-02 3.592155000000000200e+02 3.684539499999999600e+01 2.857706562500000000e+02 9.122764999999999300e+00 7.344484375000000400e+01 2.772262999999999900e+01
1.521384686156920600e-02 3.592193906250000200e+02 3.684999500000000000e+01 2.858456875000000000e+02 9.123134999999999600e+00 7.337370312500000600e+01 2.772685999999999900e+01
1.522502086515115800e-02 3.592377734375000400e+02 3.685065399999999900e+01 2.859610312500000200e+02 9.118415999999999900e+00 7.327674218750000500e+01 2.773223799999999900e+01
1.523644822581967500e-02 3.591877109375000100e+02 3.686228400000000200e+01 2.860343125000000000e+02 9.122566000000000800e+00 7.315339843750000200e+01 2.773971800000000000e+01
1.526216157994473400e-02 3.591838984375000300e+02 3.688332700000000100e+01 2.862478750000000200e+02 9.130181000000000300e+00 7.293602343749999800e+01 2.775314600000000100e+01
1.532001662672611800e-02 3.592145468750000000e+02 3.692299400000000300e+01 2.867162187500000000e+02 9.144346000000000500e+00 7.249832812500000000e+01 2.777864800000000000e+01
1.545018839059318100e-02 3.592099140625000500e+02 3.700266899999999700e+01 2.877020937500000200e+02 9.170429000000000400e+00 7.150782031250000200e+01 2.783223999999999900e+01
1.552341097877139200e-02 3.592127109374999900e+02 3.704406000000000200e+01 2.882933437500000200e+02 9.179171999999999400e+00 7.091936718750000100e+01 2.786488800000000100e+01
1.568816000955146700e-02 3.592094843749999900e+02 3.714530899999999700e+01 2.895046562499999800e+02 9.217309000000000200e+00 6.970482812500000600e+01 2.792800000000000100e+01
1.589203836923852600e-02 3.592111562499999900e+02 3.725934000000000200e+01 2.909422500000000000e+02 9.261848000000000500e+00 6.826890625000000100e+01 2.799749200000000100e+01
1.610054886131956000e-02 3.592091015625000000e+02 3.736837800000000000e+01 2.924134062499999800e+02 9.299175999999999200e+00 6.679569531250000100e+01 2.806920200000000100e+01
1.635858229825968800e-02 3.592095820312500200e+02 3.750275100000000400e+01 2.941121875000000000e+02 9.356749000000000600e+00 6.509739453125000400e+01 2.814600199999999900e+01
1.650372483676537700e-02 3.592100937500000000e+02 3.757560100000000600e+01 2.950534687499999800e+02 9.386869000000000800e+00 6.415662500000000500e+01 2.818873200000000200e+01
1.658536796283004800e-02 3.592099101562499800e+02 3.761438400000000100e+01 2.955707812499999800e+02 9.401780000000000500e+00 6.363912890625000100e+01 2.821260399999999900e+01
1.660624243561785100e-02 3.592127109374999900e+02 3.762248900000000200e+01 2.956984375000000100e+02 9.403992999999999800e+00 6.351427343750000200e+01 2.821849599999999800e+01
1.661798529756397500e-02 3.592180625000000300e+02 3.762571799999999900e+01 2.957726875000000200e+02 9.404070000000000800e+00 6.344537499999999900e+01 2.822164799999999800e+01
1.664440494432186200e-02 3.592033867187499800e+02 3.763407699999999800e+01 2.959315312499999800e+02 9.404640999999999800e+00 6.327185546874999700e+01 2.822943600000000000e+01
1.670384825321666000e-02 3.592099023437500000e+02 3.765712800000000000e+01 2.963099374999999900e+02 9.410339999999999700e+00 6.289996484374999900e+01 2.824678799999999900e+01
1.673728541324013100e-02 3.592107851562499800e+02 3.766692700000000100e+01 2.965223437500000000e+02 9.410904999999999600e+00 6.268844140625000000e+01 2.825602200000000200e+01
1.675609359167572200e-02 3.592214257812499900e+02 3.766556099999999700e+01 2.966592187499999800e+02 9.405381000000000200e+00 6.256220703124999700e+01 2.826017999999999800e+01
1.679841259069609800e-02 3.591969843750000000e+02 3.768589400000000500e+01 2.969026875000000100e+02 9.413095999999999500e+00 6.229429687500000100e+01 2.827279800000000200e+01
1.682221740110775200e-02 3.592150195312500500e+02 3.769484699999999600e+01 2.970556562500000300e+02 9.415907000000000700e+00 6.215936328125000200e+01 2.827893999999999900e+01
1.682958148774646800e-02 3.592218242187499900e+02 3.769688500000000200e+01 2.971042499999999800e+02 9.416204999999999700e+00 6.211757421875000100e+01 2.828068000000000000e+01
1.683372363709567000e-02 3.592265781250000000e+02 3.769763499999999800e+01 2.971324687499999900e+02 9.416050999999999500e+00 6.209410937500000200e+01 2.828158399999999900e+01
1.683796139289263000e-02 3.592371093750000500e+02 3.769755800000000100e+01 2.971661250000000200e+02 9.415207999999999800e+00 6.207098437500000200e+01 2.828235000000000100e+01
1.684034438360304900e-02 3.592545859375000000e+02 3.769637600000000100e+01 2.971918437499999800e+02 9.413940000000000200e+00 6.206274218750000000e+01 2.828243600000000100e+01
1.684570551516119400e-02 3.594788593750000100e+02 3.766469300000000000e+01 2.973653437500000200e+02 9.390480999999999400e+00 6.211351562499999800e+01 2.827421199999999900e+01
1.685777104886850700e-02 3.592108124999999700e+02 3.767804100000000000e+01 2.973175000000000000e+02 9.395015000000000800e+00 6.189331250000000000e+01 2.828302600000000000e+01
1.688491610954877300e-02 3.591399414062499900e+02 3.769224500000000000e+01 2.974962499999999700e+02 9.397667000000000200e+00 6.164369140624999900e+01 2.829457800000000100e+01
1.694599309361967100e-02 3.592055703125000200e+02 3.771598600000000100e+01 2.979642812500000000e+02 9.402965999999999300e+00 6.124128906250000200e+01 2.831302000000000200e+01
1.708341660654933200e-02 3.592104257812499700e+02 3.777182500000000000e+01 2.988085312499999900e+02 9.422067000000000200e+00 6.040189453125000100e+01 2.834975800000000100e+01
1.739261861433062700e-02 3.592091874999999800e+02 3.790567000000000100e+01 3.006889687500000200e+02 9.474888000000000000e+00 5.852021874999999800e+01 2.843078200000000100e+01
1.808832283306838900e-02 3.592097382812500000e+02 3.820516899999999800e+01 3.047563124999999800e+02 9.601250999999999500e+00 5.445342578124999700e+01 2.860391800000000000e+01
1.965365852030895300e-02 3.592098085937500400e+02 3.874214800000000000e+01 3.127744062500000300e+02 9.840581999999999500e+00 4.643540234374999900e+01 2.890156599999999900e+01
2.053415924684146700e-02 3.592096562500000200e+02 3.899652100000000100e+01 3.168670312500000300e+02 9.964254999999999600e+00 4.234262499999999800e+01 2.903226600000000000e+01
2.162377876147889400e-02 3.592094999999999900e+02 3.927329300000000200e+01 3.219173437499999900e+02 1.010202900000000000e+01 3.729215624999999800e+01 2.917126400000000100e+01
2.223669018661766600e-02 3.592095390624999700e+02 3.941682199999999600e+01 3.246466874999999800e+02 1.017334999999999900e+01 3.456285156250000100e+01 2.924347200000000100e+01
2.258145420772389800e-02 3.592097304687499700e+02 3.949337400000000300e+01 3.261315624999999700e+02 1.021042199999999900e+01 3.307816796875000200e+01 2.928295200000000200e+01
2.266960335255864200e-02 3.592099355468749900e+02 3.951160600000000000e+01 3.264952500000000000e+02 1.021927200000000000e+01 3.271468554687500300e+01 2.929233400000000000e+01
2.269687509178218800e-02 3.592098066406250000e+02 3.951701099999999700e+01 3.266055000000000100e+02 1.022183700000000100e+01 3.260430664062499800e+01 2.929517399999999900e+01
2.271221514632528600e-02 3.592101464843750000e+02 3.951982000000000300e+01 3.266660625000000100e+02 1.022313400000000000e+01 3.254408398437500000e+01 2.929668600000000100e+01
2.272084362823562800e-02 3.592105742187500300e+02 3.952124999999999500e+01 3.266992187500000000e+02 1.022376800000000000e+01 3.251135546874999700e+01 2.929748199999999900e+01
2.272966810336387800e-02 3.592122578125000100e+02 3.952229300000000500e+01 3.267310937500000100e+02 1.022413100000000000e+01 3.248116406250000000e+01 2.929816200000000100e+01
2.274555311465920700e-02 3.592166855468750600e+02 3.952002199999999700e+01 3.267805312500000200e+02 1.022170599999999900e+01 3.243615429687500300e+01 2.929831600000000000e+01
2.276540818369777000e-02 3.591887109374999900e+02 3.952575000000000200e+01 3.268378437499999900e+02 1.022493800000000000e+01 3.235086718750000000e+01 2.930081200000000100e+01
2.281008507673603200e-02 3.592114374999999900e+02 3.953610499999999900e+01 3.270368437500000000e+02 1.023005300000000000e+01 3.217459375000000000e+01 2.930605200000000100e+01
2.291060569591092000e-02 3.592100800781249700e+02 3.955591499999999900e+01 3.274380625000000000e+02 1.023968700000000000e+01 3.177201757812499800e+01 2.931622799999999900e+01
2.313677947921561500e-02 3.592098007812500100e+02 3.960316300000000200e+01 3.283536250000000200e+02 1.026287499999999900e+01 3.085617578124999800e+01 2.934028800000000100e+01
2.341666735503308800e-02 3.592096972656250400e+02 3.965906400000000100e+01 3.294540937500000300e+02 1.029005000000000100e+01 2.975560351562500100e+01 2.936901400000000000e+01
2.348822878118147000e-02 3.592100703125000200e+02 3.967257200000000200e+01 3.297269687500000300e+02 1.029661200000000000e+01 2.948310156250000000e+01 2.937595999999999900e+01
2.355867400205224900e-02 3.592109277343749900e+02 3.968384400000000100e+01 3.299707500000000100e+02 1.030200800000000100e+01 2.924017773437499900e+01 2.938183600000000000e+01
2.357112674187299100e-02 3.592121523437499500e+02 3.968525799999999700e+01 3.300099374999999800e+02 1.030260000000000000e+01 2.920221484374999900e+01 2.938265799999999900e+01
2.358386391087581900e-02 3.592373359374999500e+02 3.968295400000000200e+01 3.300514999999999800e+02 1.030047800000000000e+01 2.918583593749999800e+01 2.938247600000000000e+01
2.361252194359189000e-02 3.591990625000000300e+02 3.968952400000000600e+01 3.301248437500000300e+02 1.030420600000000100e+01 2.907421875000000000e+01 2.938531800000000200e+01
2.367700132212244300e-02 3.592106464843749900e+02 3.970228399999999900e+01 3.303652500000000000e+02 1.031091999999999900e+01 2.884539648437500100e+01 2.939136399999999900e+01
2.382207932627589500e-02 3.592098867187500000e+02 3.972795099999999700e+01 3.308740624999999800e+02 1.032454300000000000e+01 2.833582421874999800e+01 2.940340799999999900e+01
2.400161150404086400e-02 3.592098574218750300e+02 3.975813300000000100e+01 3.314805625000000200e+02 1.034062100000000100e+01 2.772929492187499900e+01 2.941751199999999900e+01
2.418522607712518500e-02 3.592096835937500100e+02 3.978701499999999700e+01 3.320736562500000000e+02 1.035594100000000000e+01 2.713602734375000100e+01 2.943107399999999900e+01
2.459835587886341500e-02 3.592097753906250000e+02 3.985016300000000200e+01 3.333603125000000200e+02 1.038943699999999900e+01 2.584946289062499900e+01 2.946072600000000100e+01
2.552790151801622900e-02 3.592097265625000100e+02 3.997635599999999600e+01 3.359928437500000200e+02 1.045362600000000000e+01 2.321688281250000000e+01 2.952272999999999900e+01
2.605077079065461200e-02 3.592096855468749900e+02 4.004501299999999700e+01 3.374413437499999900e+02 1.048878900000000100e+01 2.176834179687499900e+01 2.955622400000000000e+01
2.634488490589878200e-02 3.592096855468749900e+02 4.008233400000000300e+01 3.382256874999999900e+02 1.050745200000000100e+01 2.098399804687500100e+01 2.957488199999999900e+01
2.651032469326392000e-02 3.592094179687499600e+02 4.009907400000000200e+01 3.386070624999999800e+02 1.051429800000000000e+01 2.060235546875000200e+01 2.958477600000000200e+01
2.688256122713399500e-02 3.592096894531250100e+02 4.014615100000000300e+01 3.395472187500000100e+02 1.053627900000000000e+01 1.966247070312499900e+01 2.960987199999999900e+01
2.734320743340895900e-02 3.592096660156250300e+02 4.020167300000000000e+01 3.406733437500000200e+02 1.056106900000000000e+01 1.853632226562500000e+01 2.964060400000000000e+01
2.760231763796698600e-02 3.592097499999999900e+02 4.023139700000000100e+01 3.412733124999999700e+02 1.057371700000000000e+01 1.793643750000000000e+01 2.965767999999999900e+01
2.774806966757714300e-02 3.592097070312500500e+02 4.024787299999999800e+01 3.416050312500000200e+02 1.058070099999999900e+01 1.760467578124999800e+01 2.966717200000000100e+01
2.778533467075280600e-02 3.592096757812499800e+02 4.025195099999999800e+01 3.416876562499999700e+02 1.058239300000000000e+01 1.752201953124999900e+01 2.966955799999999900e+01
2.780629638442419500e-02 3.592096992187499600e+02 4.025417699999999900e+01 3.417328749999999800e+02 1.058329299999999900e+01 1.747682421875000000e+01 2.967088400000000100e+01
2.783223680386268100e-02 3.592108496093750300e+02 4.025663699999999800e+01 3.417843437500000100e+02 1.058423500000000000e+01 1.742650585937499800e+01 2.967240200000000200e+01
2.783588658000592200e-02 3.592115683593750100e+02 4.025694699999999700e+01 3.417911250000000200e+02 1.058434900000000000e+01 1.742044335937500000e+01 2.967259800000000100e+01
2.783961762162975500e-02 3.592143222656249600e+02 4.025725599999999800e+01 3.417978749999999800e+02 1.058444400000000000e+01 1.741644726562499900e+01 2.967281200000000000e+01
2.784171618315808800e-02 3.592188710937500100e+02 4.025741099999999800e+01 3.418012812499999900e+02 1.058445900000000100e+01 1.741758984375000100e+01 2.967295199999999900e+01
2.784643675151624000e-02 3.593858417968749600e+02 4.024355500000000100e+01 3.418017812499999800e+02 1.058052299999999900e+01 1.758406054687500100e+01 2.966303200000000100e+01
2.785706101802357100e-02 3.592094257812499900e+02 4.024885899999999600e+01 3.417633750000000000e+02 1.058088300000000000e+01 1.744605078125000100e+01 2.966797599999999900e+01
2.788096502012477400e-02 3.591569257812500400e+02 4.025574999999999900e+01 3.417933437500000200e+02 1.058339999999999900e+01 1.736358203125000100e+01 2.967235000000000200e+01
2.793474842731217400e-02 3.592175019531250100e+02 4.026248600000000300e+01 3.419484375000000100e+02 1.058645600000000000e+01 1.726906445312500100e+01 2.967603000000000100e+01
2.800130724608150900e-02 3.592114218749999800e+02 4.026934199999999500e+01 3.420824999999999800e+02 1.058909800000000000e+01 1.712892187500000000e+01 2.968024399999999800e+01
2.801832519378279600e-02 3.592113730468750000e+02 4.027076800000000400e+01 3.421139687500000300e+02 1.058965399999999900e+01 1.709740429687499800e+01 2.968111400000000100e+01
2.802789778936476800e-02 3.592379335937499700e+02 4.026959000000000100e+01 3.421329687499999700e+02 1.058906200000000000e+01 1.710496484375000000e+01 2.968052799999999900e+01
2.804943553188390900e-02 3.591969277343750400e+02 4.026914999999999600e+01 3.421323125000000100e+02 1.058888999999999900e+01 1.706461523437500100e+01 2.968026000000000100e+01
2.807608821935820800e-02 3.592013496093750300e+02 4.027160200000000100e+01 3.421803125000000100e+02 1.059003600000000000e+01 1.702103710937500100e+01 2.968156600000000000e+01
2.810334561761459300e-02 3.592083886718749600e+02 4.027330800000000000e+01 3.422284062499999800e+02 1.059075200000000000e+01 1.697998242187500000e+01 2.968255600000000200e+01
2.816467954401384200e-02 3.592103652343749900e+02 4.028095799999999800e+01 3.423620937499999900e+02 1.059357800000000100e+01 1.684827148437500100e+01 2.968738000000000100e+01
2.830267789071066300e-02 3.592106972656249600e+02 4.029677900000000100e+01 3.426575312499999800e+02 1.059900500000000000e+01 1.655316601562499900e+01 2.969777399999999900e+01
2.861317417077850800e-02 3.592097685546875100e+02 4.033127000000000400e+01 3.433352187500000200e+02 1.061209400000000100e+01 1.587454980468750100e+01 2.971917600000000100e+01
2.931178960585056200e-02 3.592097294921875300e+02 4.040090500000000200e+01 3.447964062500000200e+02 1.063603299999999900e+01 1.441332324218750000e+01 2.976487200000000000e+01
3.017632764084894600e-02 3.592097753906250000e+02 4.048873299999999600e+01 3.465742500000000100e+02 1.067024100000000100e+01 1.263552539062500000e+01 2.981849199999999900e+01
3.106051280086201800e-02 3.592097226562499900e+02 4.057376200000000200e+01 3.482438437500000000e+02 1.070303200000000000e+01 1.096587890625000000e+01 2.987072999999999800e+01
3.215469274305759300e-02 3.592096249999999600e+02 4.067576900000000300e+01 3.501960937499999900e+02 1.074088899999999900e+01 9.013531249999999800e+00 2.993488000000000000e+01
3.277016881115753200e-02 3.592096538085937100e+02 4.073082900000000000e+01 3.512323124999999800e+02 1.075979300000000000e+01 7.977341308593749700e+00 2.997103600000000200e+01
3.339963449272595500e-02 3.592097216796875000e+02 4.078479400000000500e+01 3.522512500000000300e+02 1.077888600000000000e+01 6.958471679687500400e+00 3.000590800000000200e+01
3.344831968608654600e-02 3.592172788085937900e+02 4.078770399999999800e+01 3.523248750000000200e+02 1.078039200000000100e+01 6.892403808593750000e+00 3.000731199999999900e+01
3.345516510774616800e-02 3.592342954101562800e+02 4.078771100000000200e+01 3.523437812500000100e+02 1.078064300000000000e+01 6.890514160156249600e+00 3.000706800000000000e+01
3.346216828004459200e-02 3.593338969726563100e+02 4.077891599999999500e+01 3.523726250000000300e+02 1.077833599999999900e+01 6.961271972656249800e+00 3.000057999999999900e+01
3.347792183247425000e-02 3.591901083984374700e+02 4.078123200000000300e+01 3.523221562499999800e+02 1.077867000000000000e+01 6.867952148437500300e+00 3.000256200000000100e+01
3.351337031314247100e-02 3.591735620117187900e+02 4.078718800000000000e+01 3.523650625000000200e+02 1.078149200000000000e+01 6.808499511718750300e+00 3.000569600000000000e+01
3.359312521186388200e-02 3.592149736328124700e+02 4.079449400000000000e+01 3.525152812499999900e+02 1.078440000000000000e+01 6.699692382812499700e+00 3.001009399999999900e+01
3.377257851430945400e-02 3.592095634765625500e+02 4.081073000000000000e+01 3.527975625000000300e+02 1.078971200000000000e+01 6.412000976562500100e+00 3.002101800000000200e+01
3.417634605465078700e-02 3.592097841796875200e+02 4.084460200000000200e+01 3.534182500000000000e+02 1.080186000000000000e+01 5.791534179687500000e+00 3.004274200000000100e+01
3.508482242287848400e-02 3.592097377929687200e+02 4.091714199999999800e+01 3.547119999999999900e+02 1.082966000000000100e+01 4.497737792968750100e+00 3.008748200000000100e+01
3.559584127631700700e-02 3.592097600097656000e+02 4.095645400000000100e+01 3.553857499999999700e+02 1.084498200000000000e+01 3.824010009765625100e+00 3.011147199999999900e+01
3.588328923199110600e-02 3.592170351562500100e+02 4.097433900000000100e+01 3.557564062500000000e+02 1.084901299999999900e+01 3.460628906250000200e+00 3.012532600000000100e+01
3.653004533963693400e-02 3.592097465820312400e+02 4.101840899999999800e+01 3.565038437499999900e+02 1.086361900000000000e+01 2.705902832031250100e+00 3.015478999999999800e+01
3.733040993673759200e-02 3.592099676513671500e+02 4.107943600000000100e+01 3.573629374999999900e+02 1.089123200000000000e+01 1.847030151367187400e+00 3.018820399999999900e+01
3.753504597752315600e-02 3.592096420898437800e+02 4.109413600000000600e+01 3.575670000000000100e+02 1.089761400000000100e+01 1.642642089843749900e+00 3.019652200000000200e+01
3.765015614062622300e-02 3.592097521972656300e+02 4.110239700000000300e+01 3.576786875000000200e+02 1.090105100000000100e+01 1.531064697265625000e+00 3.020134600000000100e+01
3.771490560737169500e-02 3.592098430175781200e+02 4.110699499999999800e+01 3.577405937500000200e+02 1.090295899999999900e+01 1.469249267578125000e+00 3.020403599999999900e+01
3.773493754833862100e-02 3.592100659179687300e+02 4.110842199999999700e+01 3.577599062499999700e+02 1.090357000000000000e+01 1.450159667968750100e+00 3.020485199999999900e+01
3.775542361993239300e-02 3.592111170654296800e+02 4.110987099999999800e+01 3.577800624999999900e+02 1.090422700000000100e+01 1.431054565429687600e+00 3.020564399999999900e+01
3.777501338107842200e-02 3.592086433105468500e+02 4.111116100000000300e+01 3.577963125000000000e+02 1.090474900000000100e+01 1.412330810546875000e+00 3.020641200000000000e+01
3.777731749646944700e-02 3.592120767822265700e+02 4.111142100000000000e+01 3.578004687499999900e+02 1.090486900000000000e+01 1.411608032226562500e+00 3.020655199999999900e+01
3.777840023949032700e-02 3.592162033691406000e+02 4.111161299999999800e+01 3.578039999999999700e+02 1.090497100000000000e+01 1.412203369140625100e+00 3.020664199999999900e+01
3.777900734043360100e-02 3.592195739746093800e+02 4.111175300000000000e+01 3.578066250000000000e+02 1.090504700000000000e+01 1.412948974609375100e+00 3.020670600000000100e+01
3.778037451263657100e-02 3.592697125244140500e+02 4.111039900000000100e+01 3.578157187499999700e+02 1.090531500000000000e+01 1.453993774414062500e+00 3.020508399999999900e+01
3.778345065009325300e-02 3.595398585205078300e+02 4.109853700000000000e+01 3.578873125000000100e+02 1.090468500000000100e+01 1.652546020507812400e+00 3.019385200000000000e+01
3.779037255691107500e-02 3.593187744140625500e+02 4.109811399999999500e+01 3.578078437500000200e+02 1.090227600000000100e+01 1.510930664062500000e+00 3.019583799999999800e+01
3.780594684725118600e-02 3.591366744384765800e+02 4.110876100000000100e+01 3.577653124999999900e+02 1.090496500000000100e+01 1.371361938476562500e+00 3.020379600000000100e+01
3.784099139067762000e-02 3.591699064941406600e+02 4.111253800000000100e+01 3.578137187500000200e+02 1.090680200000000100e+01 1.356187744140624900e+00 3.020573600000000200e+01
3.791983802814531700e-02 3.592178336181640400e+02 4.111807100000000000e+01 3.579179687500000000e+02 1.090939900000000100e+01 1.299864868164062500e+00 3.020867200000000000e+01
3.809724535260881900e-02 3.592094111328124800e+02 4.113175900000000200e+01 3.580765937499999700e+02 1.091442299999999900e+01 1.132817382812500100e+00 3.021733600000000000e+01
3.849641183265169200e-02 3.592098187255859300e+02 4.115868499999999800e+01 3.584193124999999900e+02 1.092498500000000000e+01 7.905062255859375300e-01 3.023369999999999900e+01
3.872094118505491800e-02 3.592097511596679700e+02 4.117412699999999900e+01 3.586105937500000200e+02 1.093090900000000000e+01 5.991574096679687100e-01 3.024321799999999900e+01
3.922613521566367000e-02 3.592094913940429700e+02 4.120100699999999700e+01 3.589245000000000200e+02 1.094258499999999900e+01 2.849913940429687500e-01 3.025842199999999900e+01
4.036282417469454200e-02 3.592097334594726600e+02 4.127826100000000100e+01 3.598043437499999900e+02 1.097280700000000000e+01 -5.946102905273437100e-01 3.030545400000000100e+01
4.292036835711103600e-02 3.592097387695312700e+02 4.145456399999999800e+01 3.617193125000000000e+02 1.104877400000000000e+01 -2.509573730468750000e+00 3.040579000000000000e+01
4.608532898408129000e-02 3.592096640625000000e+02 4.166418399999999900e+01 3.636174374999999900e+02 1.113148600000000100e+01 -4.407773437500000400e+00 3.053269800000000000e+01
4.653040090001615100e-02 3.592096967773437700e+02 4.169261199999999700e+01 3.638475000000000300e+02 1.114168400000000000e+01 -4.637803222656249800e+00 3.055092799999999900e+01
4.678075594412055300e-02 3.592096289062500300e+02 4.170870899999999900e+01 3.639757500000000100e+02 1.114745500000000100e+01 -4.766121093749999800e+00 3.056125400000000200e+01
4.678475707395931400e-02 3.592244335937500100e+02 4.170774099999999900e+01 3.639916562500000100e+02 1.114632300000000100e+01 -4.767222656250000400e+00 3.056141800000000000e+01
4.679375842101591400e-02 3.592262221679687300e+02 4.170772800000000300e+01 3.639999687499999900e+02 1.114571800000000000e+01 -4.773746582031249900e+00 3.056201000000000100e+01
4.680489657217995500e-02 3.592313076171875000e+02 4.170767000000000000e+01 3.640141562499999800e+02 1.114479200000000100e+01 -4.782848632812499700e+00 3.056287800000000100e+01
4.681116357483063000e-02 3.592436269531249900e+02 4.170646100000000400e+01 3.640331249999999800e+02 1.114300300000000000e+01 -4.789498046874999900e+00 3.056345800000000100e+01
4.681468667243058500e-02 3.592608662109374800e+02 4.170460299999999900e+01 3.640554062499999800e+02 1.114073700000000000e+01 -4.794540039062500400e+00 3.056386600000000100e+01
4.681667050622160400e-02 3.592792226562500000e+02 4.170259099999999800e+01 3.640771874999999800e+02 1.113846700000000000e+01 -4.797964843750000000e+00 3.056412400000000000e+01
4.681869736291412200e-02 3.593200532226562700e+02 4.169799399999999400e+01 3.641214687500000200e+02 1.113364999999999900e+01 -4.801415527343750400e+00 3.056434399999999800e+01
4.682325779047227100e-02 3.593806547851562500e+02 4.168826699999999600e+01 3.642015312500000200e+02 1.112274700000000000e+01 -4.820876464843750300e+00 3.056551999999999900e+01
4.683352592296170100e-02 3.592474555664062400e+02 4.169606300000000200e+01 3.641194375000000000e+02 1.112725099999999900e+01 -4.871981933593749800e+00 3.056881200000000100e+01
4.685661966041813200e-02 3.591436284179687800e+02 4.170169299999999900e+01 3.640693125000000200e+02 1.112947499999999900e+01 -4.925684082031249700e+00 3.057221799999999900e+01
4.690858654509809400e-02 3.591929643554687500e+02 4.170941200000000000e+01 3.641252187499999900e+02 1.113331799999999900e+01 -4.932254394531249800e+00 3.057609400000000100e+01
4.702550845038622200e-02 3.592112856445312400e+02 4.171707100000000400e+01 3.641784374999999700e+02 1.113836900000000100e+01 -4.967151855468750400e+00 3.057870200000000000e+01
4.728858393236509000e-02 3.592097104492187300e+02 4.173503600000000100e+01 3.642770312499999900e+02 1.114859600000000000e+01 -5.067320800781249800e+00 3.058644000000000000e+01
4.788051213238173100e-02 3.592097700195312800e+02 4.177444200000000100e+01 3.645503125000000200e+02 1.116869600000000100e+01 -5.340542480468750200e+00 3.060574600000000000e+01
4.921233863161320700e-02 3.592097255859375200e+02 4.186101100000000500e+01 3.652533437500000000e+02 1.120899300000000000e+01 -6.043618164062500000e+00 3.065201800000000200e+01
5.220895542536761100e-02 3.592097070312499900e+02 4.204916300000000000e+01 3.666588125000000100e+02 1.128954700000000100e+01 -7.449105468750000000e+00 3.075961600000000100e+01
5.591727139657003800e-02 3.592096601562500400e+02 4.227282100000000000e+01 3.680787812500000200e+02 1.138013499999999900e+01 -8.869121093749999600e+00 3.089268600000000100e+01
5.643875198555470300e-02 3.592096386718749800e+02 4.230325800000000000e+01 3.682473749999999800e+02 1.139143999999999900e+01 -9.037736328124999800e+00 3.091181800000000000e+01
5.697208299373923000e-02 3.592097519531249600e+02 4.233430200000000100e+01 3.684150937499999800e+02 1.140239600000000000e+01 -9.205341796875000400e+00 3.093190600000000100e+01
5.713708538160586200e-02 3.592098242187500400e+02 4.234306900000000000e+01 3.684607812500000300e+02 1.140454300000000000e+01 -9.250957031249999600e+00 3.093852600000000000e+01
5.717927172667997700e-02 3.592163154296874800e+02 4.234367999999999900e+01 3.684830312500000100e+02 1.140275600000000000e+01 -9.266715820312500200e+00 3.094092399999999900e+01
5.721813096737204300e-02 3.592084179687500400e+02 4.234610700000000300e+01 3.684894687500000100e+02 1.140315300000000000e+01 -9.281050781250000300e+00 3.094295400000000000e+01
5.721996661116903600e-02 3.592195937500000000e+02 4.234502200000000000e+01 3.685021249999999800e+02 1.140195800000000000e+01 -9.282531249999999900e+00 3.094306400000000000e+01
5.722184049754513300e-02 3.592565996093750300e+02 4.234109200000000300e+01 3.685413437500000100e+02 1.139797000000000100e+01 -9.284744140624999500e+00 3.094312199999999900e+01
5.722606630253612700e-02 3.593605585937500000e+02 4.232658899999999800e+01 3.686750312500000200e+02 1.138239100000000000e+01 -9.314472656250000400e+00 3.094419800000000000e+01
5.723556958344347400e-02 3.592728291015624800e+02 4.233562899999999700e+01 3.686179374999999800e+02 1.138790099999999900e+01 -9.345108398437499600e+00 3.094772800000000100e+01
5.725695196548499800e-02 3.592059482421875000e+02 4.234115599999999800e+01 3.685896250000000100e+02 1.139032800000000000e+01 -9.383676757812500200e+00 3.095082800000000100e+01
5.730506112999784300e-02 3.591744013671875000e+02 4.234772600000000200e+01 3.685824375000000300e+02 1.139334400000000100e+01 -9.408036132812499700e+00 3.095438199999999900e+01
5.741330196982935600e-02 3.592121728515624600e+02 4.235407099999999800e+01 3.686243437499999800e+02 1.139708899999999900e+01 -9.412170898437500100e+00 3.095698200000000000e+01
5.765685461517563300e-02 3.592097382812500000e+02 4.236802099999999900e+01 3.686666562500000200e+02 1.140421699999999900e+01 -9.456917968750000000e+00 3.096380400000000000e+01
5.795824438109432900e-02 3.592097226562499900e+02 4.238583800000000000e+01 3.687305625000000200e+02 1.141187399999999900e+01 -9.520839843750000100e+00 3.097396399999999900e+01
5.812777851458479600e-02 3.592099062500000200e+02 4.239510299999999900e+01 3.687581562500000100e+02 1.141571500000000100e+01 -9.548249999999999500e+00 3.097938800000000000e+01
5.817112169767680400e-02 3.592127412109375100e+02 4.239628100000000200e+01 3.687514062500000000e+02 1.141649100000000100e+01 -9.538665039062500700e+00 3.097979000000000100e+01
5.822314116590304000e-02 3.592104042968749700e+02 4.239710699999999800e+01 3.687384374999999700e+02 1.141721500000000100e+01 -9.528033203125000100e+00 3.097989200000000000e+01
5.832066930326303800e-02 3.592094697265624700e+02 4.240263600000000100e+01 3.687608750000000000e+02 1.141949200000000000e+01 -9.551405273437499200e+00 3.098314399999999900e+01
5.854011000248423400e-02 3.592097851562500100e+02 4.241642999999999800e+01 3.688246874999999800e+02 1.142406199999999900e+01 -9.614902343749999900e+00 3.099236799999999900e+01
5.903385516097372400e-02 3.592097451171874800e+02 4.244481299999999600e+01 3.689606875000000100e+02 1.143253299999999900e+01 -9.750942382812500100e+00 3.101228000000000100e+01
6.014477818233326900e-02 3.592097050781250100e+02 4.250714399999999700e+01 3.692474687500000000e+02 1.145294600000000100e+01 -1.003776367187500000e+01 3.105419800000000000e+01
6.076967148553757300e-02 3.592097353515624700e+02 4.254200199999999700e+01 3.694151249999999900e+02 1.146556799999999900e+01 -1.020538964843750000e+01 3.107643399999999900e+01
6.112117815137208000e-02 3.592097666015625400e+02 4.256027300000000200e+01 3.695004062500000300e+02 1.147308300000000100e+01 -1.029063964843750000e+01 3.108719000000000000e+01
6.191205858885495000e-02 3.592097490234375000e+02 4.260327300000000200e+01 3.696991249999999800e+02 1.148837100000000100e+01 -1.048937597656249900e+01 3.111490200000000100e+01
6.369154315843318600e-02 3.592097011718750000e+02 4.269830300000000300e+01 3.700688437499999800e+02 1.151699500000000000e+01 -1.085914257812500100e+01 3.118130800000000100e+01
6.469250442390155100e-02 3.592097255859375200e+02 4.275075900000000200e+01 3.702629687500000300e+02 1.153318299999999900e+01 -1.105324316406250100e+01 3.121757600000000100e+01
6.544322059268042900e-02 3.592096279296874900e+02 4.279024599999999600e+01 3.704180000000000100e+02 1.154601199999999900e+01 -1.120837207031250000e+01 3.124423399999999900e+01
6.575289465729752800e-02 3.592096416015625100e+02 4.280638299999999700e+01 3.704794687500000200e+02 1.155120500000000000e+01 -1.126982714843750000e+01 3.125517800000000100e+01
6.577268997230625900e-02 3.592193330078125100e+02 4.280761100000000100e+01 3.704919375000000100e+02 1.155209500000000000e+01 -1.127260449218750100e+01 3.125551600000000000e+01
6.581722823599525700e-02 3.592050527343749900e+02 4.280930500000000200e+01 3.704893750000000000e+02 1.155262300000000100e+01 -1.128432226562500100e+01 3.125668200000000100e+01
6.591743335389253800e-02 3.592100302734375000e+02 4.281432300000000200e+01 3.705131562500000100e+02 1.155445100000000000e+01 -1.130312597656250000e+01 3.125987200000000100e+01
6.614290681996738700e-02 3.592097255859374600e+02 4.282591099999999800e+01 3.705607187499999800e+02 1.155865099999999900e+01 -1.135099316406249900e+01 3.126726000000000000e+01
6.665021375307164700e-02 3.592096513671875200e+02 4.285143600000000000e+01 3.706644062500000100e+02 1.156791600000000000e+01 -1.145475488281250000e+01 3.128351999999999900e+01
6.779165913287857300e-02 3.592097246093749700e+02 4.291013399999999900e+01 3.708826874999999700e+02 1.158577799999999900e+01 -1.167296289062500000e+01 3.132435600000000200e+01
7.000000076485157800e-02 3.592097236328125400e+02 4.301790700000000100e+01 3.712277812500000200e+02 1.161573500000000100e+01 -1.201805761718750000e+01 3.140217200000000000e+01
