0.000000000000000000e+00 0.000000000000000000e+00 0.000000000000000000e+00 0.000000000000000000e+00 0.000000000000000000e+00 0.000000000000000000e+00 0.000000000000000000e+00
1.240465953462882900e-08 9.779046562500000200e+02 1.593341064453127600e-05 7.606512500000000000e+02 8.979081420898437900e-04 2.172534062500000100e+02 -8.819747314453125200e-04
1.400012177781175200e-03 9.779031718750000000e+02 1.932776600000000000e+01 7.601916250000000400e+02 1.243025199999999900e+01 2.177115468750000100e+02 6.897514000000000100e+00
2.843761814070422800e-03 9.779020000000000400e+02 3.759903299999999900e+01 7.551641875000000300e+02 2.365909200000000100e+01 2.227378124999999900e+02 1.393994099999999900e+01
3.448229446887027100e-03 9.778990937500000200e+02 4.510227799999999800e+01 7.526521874999999700e+02 2.822636599999999900e+01 2.252469062499999900e+02 1.687591200000000000e+01
3.500139987144081500e-03 9.779051875000000100e+02 4.573964600000000000e+01 7.524576875000000200e+02 2.860842600000000100e+01 2.254474999999999900e+02 1.713121999999999900e+01
3.564379158292788100e-03 9.779054531250000100e+02 4.652708799999999900e+01 7.522248124999999800e+02 2.907724599999999900e+01 2.256806406250000000e+02 1.744984200000000000e+01
3.630078294116504300e-03 9.779055468749999100e+02 4.732955599999999700e+01 7.519980624999999500e+02 2.955133599999999900e+01 2.259074843750000000e+02 1.777822000000000100e+01
3.711380734393608700e-03 9.779046406249999600e+02 4.831578199999999900e+01 7.517431874999999800e+02 3.012725800000000100e+01 2.261614531250000100e+02 1.818852400000000100e+01
3.757113357049479700e-03 9.779048593750000000e+02 4.886918199999999500e+01 7.516040000000000400e+02 3.044892600000000000e+01 2.263008593749999900e+02 1.842025599999999800e+01
3.803885547098786300e-03 9.779052500000000200e+02 4.943286200000000000e+01 7.514674374999999600e+02 3.077478599999999900e+01 2.264378125000000100e+02 1.865807600000000100e+01
3.909122702666618600e-03 9.779047187500000300e+02 5.069636800000000000e+01 7.511743125000000400e+02 3.150012800000000000e+01 2.267304062499999900e+02 1.919624000000000000e+01
3.968318920057149600e-03 9.779120625000000500e+02 5.138985400000000000e+01 7.510731250000000000e+02 3.188452800000000000e+01 2.268389374999999900e+02 1.950532600000000000e+01
4.101509774418594100e-03 9.779265781250001100e+02 5.283754600000000300e+01 7.514880000000000600e+02 3.255142599999999900e+01 2.264385781249999900e+02 2.028612000000000000e+01
4.232619317648310400e-03 9.779189374999999700e+02 5.431759199999999800e+01 7.517483750000000100e+02 3.327615999999999700e+01 2.261705624999999900e+02 2.104143200000000000e+01
4.274761696738157800e-03 9.778955781250000400e+02 5.478402200000000000e+01 7.518394375000000300e+02 3.350061600000000100e+01 2.260561406250000100e+02 2.128340599999999900e+01
4.369582503095493500e-03 9.779339062500000600e+02 5.573198999999999600e+01 7.525982500000000100e+02 3.386062799999999800e+01 2.253356562500000000e+02 2.187136200000000100e+01
4.582928501270177300e-03 9.779021718750000200e+02 5.808008200000000400e+01 7.532846875000000200e+02 3.497673600000000200e+01 2.246174843750000000e+02 2.310334599999999800e+01
4.846944160409193500e-03 9.779169218749999600e+02 6.080607600000000400e+01 7.551282499999999800e+02 3.611802000000000100e+01 2.227886718750000100e+02 2.468805600000000000e+01
4.995452855323595000e-03 9.779097187500000200e+02 6.233925000000000000e+01 7.562140000000000600e+02 3.678199599999999900e+01 2.216957187500000000e+02 2.555725400000000000e+01
5.033423906770558400e-03 9.779115000000000500e+02 6.271591800000000200e+01 7.565503750000000300e+02 3.693989599999999700e+01 2.213611249999999900e+02 2.577602200000000100e+01
5.045171090861207700e-03 9.779382031249999700e+02 6.282941999999999900e+01 7.567033125000000400e+02 3.698556399999999700e+01 2.212348906249999900e+02 2.584385599999999900e+01
5.057185602645143500e-03 9.783325624999999900e+02 6.281889200000000500e+01 7.575673124999999600e+02 3.690168800000000000e+01 2.207652500000000100e+02 2.591720400000000200e+01
5.084217619391748200e-03 9.776800000000000600e+02 6.313434200000000400e+01 7.572143125000000100e+02 3.706261599999999800e+01 2.204656875000000000e+02 2.607172600000000200e+01
5.145039929114718000e-03 9.779098593750000000e+02 6.377553400000000000e+01 7.579090625000000000e+02 3.735012400000000100e+01 2.200007968749999900e+02 2.642540999999999900e+01
5.281889944629330200e-03 9.779192968749999900e+02 6.503377600000000300e+01 7.598488125000000100e+02 3.782776799999999900e+01 2.180704843750000100e+02 2.720600800000000100e+01
5.589802116813062300e-03 9.779032656250000200e+02 6.794317599999999400e+01 7.644068125000000000e+02 3.905961599999999800e+01 2.134964531249999900e+02 2.888355999999999900e+01
6.282605592398888800e-03 9.779057812500000200e+02 7.391040999999999900e+01 7.796749999999999500e+02 4.174747200000000200e+01 1.982307812500000100e+02 3.216293799999999700e+01
7.139949081841078700e-03 9.779035937499999100e+02 8.050917599999999700e+01 8.036855624999999500e+02 4.474205200000000100e+01 1.742180312500000000e+02 3.576712400000000300e+01
8.016778112237681400e-03 9.779045781250000600e+02 8.663296800000000500e+01 8.295649375000000400e+02 4.756925600000000300e+01 1.483396406249999900e+02 3.906371200000000200e+01
9.989642705181755000e-03 9.779045078125000100e+02 9.805856399999999000e+01 8.886242499999999600e+02 5.271378000000000000e+01 8.928025781249999700e+01 4.534478399999999700e+01
1.059999789492318200e-02 9.779058984375000100e+02 1.007684800000000000e+02 9.031377499999999800e+02 5.419357600000000000e+01 7.476814843750000300e+01 4.657490399999999700e+01
1.122422510678413100e-02 9.779053398437499700e+02 1.031687240000000000e+02 9.166411875000000000e+02 5.556070400000000100e+01 6.126415234374999800e+01 4.760802000000000300e+01
1.199670565576290700e-02 9.779050742187499700e+02 1.056028760000000100e+02 9.321416874999999900e+02 5.702617200000000300e+01 4.576338671874999900e+01 4.857670399999999900e+01
1.210533573296304800e-02 9.779137109374999000e+02 1.059125040000000000e+02 9.342464374999999600e+02 5.720823599999999900e+01 4.366727343750000000e+01 4.870426799999999900e+01
1.213311024603008800e-02 9.779461328124999700e+02 1.059874880000000000e+02 9.347930625000000200e+02 5.725351200000000100e+01 4.315307031249999900e+01 4.873397599999999800e+01
1.214170318097443000e-02 9.779597187499999800e+02 1.060092120000000100e+02 9.349619374999999800e+02 5.726707600000000300e+01 4.299778125000000300e+01 4.874213600000000200e+01
1.215049126150763100e-02 9.785650820312499700e+02 1.060102599999999900e+02 9.357108124999999700e+02 5.727432799999999700e+01 4.285426953124999700e+01 4.873593199999999800e+01
1.216103710323712800e-02 9.786358164062500000e+02 1.059323840000000000e+02 9.360778749999999500e+02 5.722021600000000100e+01 4.255794140625000200e+01 4.871216799999999800e+01
1.218081064716097100e-02 9.776172421874999800e+02 1.059925760000000100e+02 9.355527499999999500e+02 5.726270800000000300e+01 4.206449218750000100e+01 4.872986800000000300e+01
1.222529948873097800e-02 9.776488046874999300e+02 1.061529040000000100e+02 9.362408749999999600e+02 5.736301199999999800e+01 4.140792968750000100e+01 4.878989200000000200e+01
1.232540119588420400e-02 9.779548593750000700e+02 1.064263400000000100e+02 9.382400000000000100e+02 5.752882000000000300e+01 3.971485937500000300e+01 4.889752000000000000e+01
1.255063112515139400e-02 9.779027968750000400e+02 1.069976240000000000e+02 9.422557500000000300e+02 5.788148799999999700e+01 3.564704687500000100e+01 4.911613599999999700e+01
1.305739737783014400e-02 9.779012578125000300e+02 1.081655240000000000e+02 9.506191250000000500e+02 5.861418799999999900e+01 2.728213281249999900e+01 4.955133599999999900e+01
1.368452130469596800e-02 9.779015878906250200e+02 1.094828280000000000e+02 9.598882499999999700e+02 5.945545200000000100e+01 1.801333789062499900e+01 5.002737599999999700e+01
1.377270970010111700e-02 9.779088339843749500e+02 1.096550000000000000e+02 9.611204999999999900e+02 5.956637599999999800e+01 1.678833398437500100e+01 5.008862400000000300e+01
1.382231585387858600e-02 9.779340058593749100e+02 1.097495000000000000e+02 9.618306874999999500e+02 5.962947599999999700e+01 1.610331835937499900e+01 5.012002400000000100e+01
1.385021949674048200e-02 9.780540644531249700e+02 1.097977760000000000e+02 9.623598124999999800e+02 5.966958400000000000e+01 1.569425195312500100e+01 5.012819199999999900e+01
1.387875718140409900e-02 9.779237060546875000e+02 1.098132560000000000e+02 9.627558125000000500e+02 5.969543199999999700e+01 1.516789355468750100e+01 5.011782399999999900e+01
1.394296806006966100e-02 9.777988984375000400e+02 1.099196000000000000e+02 9.633482500000000100e+02 5.975962400000000200e+01 1.445064843750000000e+01 5.015997600000000000e+01
1.408743963527403800e-02 9.779149433593750000e+02 1.101811520000000000e+02 9.652263749999999600e+02 5.994313199999999900e+01 1.268856835937499900e+01 5.023801999999999900e+01
1.441250285582874000e-02 9.779038427734375300e+02 1.107186680000000100e+02 9.690900625000000400e+02 6.032513999999999800e+01 8.813780273437499700e+00 5.039352800000000300e+01
1.514389546480096100e-02 9.779032244262695000e+02 1.117748919999999900e+02 9.769128124999999700e+02 6.107601199999999900e+01 9.904119262695312300e-01 5.069888000000000300e+01
1.555530444211508500e-02 9.779035300292968000e+02 1.123158799999999900e+02 9.811946249999999700e+02 6.146432800000000200e+01 -3.291094970703125200e+00 5.085155199999999800e+01
1.578672099436288800e-02 9.779050249023438300e+02 1.126064800000000000e+02 9.835292500000000500e+02 6.167038800000000300e+01 -5.624225097656250200e+00 5.093609200000000200e+01
1.630741005054115900e-02 9.779037841796874800e+02 1.132179759999999900e+02 9.886529375000000100e+02 6.209661599999999700e+01 -1.074915332031250000e+01 5.112136000000000300e+01
1.747895825059740700e-02 9.779048906250000100e+02 1.142462879999999900e+02 9.979819374999999600e+02 6.287495200000000000e+01 -2.007704687500000100e+01 5.137133599999999900e+01
1.813795402244801000e-02 9.779045371093750400e+02 1.147263800000000100e+02 1.002538687500000000e+03 6.324286399999999700e+01 -2.463415039062499900e+01 5.148351600000000200e+01
1.962069632273258700e-02 9.779039921874999700e+02 1.156151639999999900e+02 1.011685812500000000e+03 6.389221200000000100e+01 -3.378182031250000300e+01 5.172295199999999900e+01
2.228963072216893400e-02 9.779040468750000600e+02 1.165462840000000000e+02 1.023484437500000000e+03 6.447884799999999900e+01 -4.558039062500000000e+01 5.206743600000000100e+01
2.412452448199696100e-02 9.779037421875000300e+02 1.168239800000000100e+02 1.028289187500000000e+03 6.461887199999999600e+01 -5.038544531250000300e+01 5.220510800000000300e+01
2.515665167781401200e-02 9.779037148437499800e+02 1.168897320000000100e+02 1.030466500000000000e+03 6.460821599999999900e+01 -5.256278515625000100e+01 5.228151600000000300e+01
2.621223696939806900e-02 9.779043398437499900e+02 1.169193559999999900e+02 1.032514500000000000e+03 6.457006400000000200e+01 -5.461016015624999700e+01 5.234929199999999800e+01
2.653880767149049600e-02 9.779044648437500200e+02 1.169310359999999900e+02 1.033075750000000000e+03 6.456245199999999300e+01 -5.517128515625000100e+01 5.236858399999999800e+01
2.687280116044240100e-02 9.779199648437499900e+02 1.168449919999999900e+02 1.033783750000000100e+03 6.444726799999999400e+01 -5.586378515625000300e+01 5.239772399999999700e+01
2.697613111246707800e-02 9.778624414062499000e+02 1.168612039999999900e+02 1.033921499999999900e+03 6.445196799999999400e+01 -5.605905859375000200e+01 5.240923600000000000e+01
2.703425402911888800e-02 9.779015585937501100e+02 1.168654840000000100e+02 1.034018187500000100e+03 6.445335599999999900e+01 -5.611662890625000000e+01 5.241212800000000300e+01
2.709369726165070400e-02 9.780548007812500400e+02 1.167821520000000000e+02 1.034171062500000100e+03 6.438093600000000500e+01 -5.611626171875000300e+01 5.240121599999999800e+01
2.716725771782261400e-02 9.778553789062500500e+02 1.168072799999999900e+02 1.034196812500000100e+03 6.438761599999999400e+01 -5.634143359374999700e+01 5.241966399999999700e+01
2.720863728804003000e-02 9.779811679687500100e+02 1.167849919999999900e+02 1.034414375000000100e+03 6.436127999999999400e+01 -5.643320703124999900e+01 5.242371200000000200e+01
2.721921722583895600e-02 9.782503515624999900e+02 1.167335720000000100e+02 1.034664187500000000e+03 6.431604400000000500e+01 -5.641383593749999600e+01 5.241752799999999700e+01
2.724302063498996700e-02 9.780673007812499700e+02 1.166552160000000000e+02 1.034570375000000000e+03 6.424146399999999300e+01 -5.650307421875000100e+01 5.241375200000000200e+01
2.729657903102803600e-02 9.776728476562500400e+02 1.166947160000000000e+02 1.034402875000000000e+03 6.426126399999999700e+01 -5.673002734375000200e+01 5.243345200000000300e+01
2.736286178999761100e-02 9.778885234375001100e+02 1.167284640000000000e+02 1.034663250000000100e+03 6.428642800000000100e+01 -5.677472656250000000e+01 5.244203600000000200e+01
2.740014402829728200e-02 9.780058750000000600e+02 1.167153560000000100e+02 1.034800312500000000e+03 6.427254000000000600e+01 -5.679443750000000100e+01 5.244281600000000100e+01
2.740967641877163300e-02 9.780991640624999900e+02 1.166928040000000000e+02 1.034880750000000000e+03 6.425328000000000400e+01 -5.678158593749999700e+01 5.243952399999999900e+01
2.741503893249966700e-02 9.782324140624998600e+02 1.166650720000000000e+02 1.034982749999999900e+03 6.423080799999999600e+01 -5.675033593749999700e+01 5.243426399999999900e+01
2.741805389557511500e-02 9.784516328124999500e+02 1.166309360000000100e+02 1.035138375000000000e+03 6.420506000000000300e+01 -5.668674218750000200e+01 5.242587600000000200e+01
2.742484118973630100e-02 9.781954023437500600e+02 1.166117120000000100e+02 1.034932062500000000e+03 6.418582000000000700e+01 -5.673666015624999700e+01 5.242589199999999700e+01
2.744011042525412000e-02 9.779796992187499400e+02 1.166339759999999900e+02 1.034809874999999900e+03 6.419851599999999800e+01 -5.683017578124999900e+01 5.243545999999999900e+01
2.747446475427262800e-02 9.776753789062499900e+02 1.166450759999999900e+02 1.034613750000000000e+03 6.420122399999999600e+01 -5.693837109375000000e+01 5.244385200000000000e+01
2.749379069660418500e-02 9.776940117187500600e+02 1.166439440000000000e+02 1.034635187500000000e+03 6.419960799999999800e+01 -5.694117578125000300e+01 5.244433600000000000e+01
2.749976839047850800e-02 9.777439960937499600e+02 1.166388840000000000e+02 1.034671687500000000e+03 6.419594800000000100e+01 -5.692769140624999800e+01 5.244293600000000300e+01
2.750313156873110400e-02 9.777974570312500200e+02 1.166324039999999900e+02 1.034706812500000100e+03 6.419155999999999600e+01 -5.690935546875000000e+01 5.244084399999999800e+01
2.750657019360541100e-02 9.779410976562501200e+02 1.166143800000000000e+02 1.034790562500000100e+03 6.418044399999999400e+01 -5.684946484374999900e+01 5.243393600000000300e+01
2.751430927591746300e-02 9.784041953124999500e+02 1.164855120000000000e+02 1.034928124999999900e+03 6.409674400000000100e+01 -5.652392968750000100e+01 5.238876799999999900e+01
2.753172293656786000e-02 9.780714335937499300e+02 1.165286920000000100e+02 1.034754062499999900e+03 6.412108000000000600e+01 -5.668262890625000200e+01 5.240761200000000000e+01
2.757090004578982900e-02 9.778041640624999200e+02 1.165664840000000000e+02 1.034682875000000000e+03 6.413647199999999800e+01 -5.687871093750000300e+01 5.243001199999999800e+01
2.765904781609098200e-02 9.779606796875001500e+02 1.164427000000000000e+02 1.035228187500000100e+03 6.398798800000000100e+01 -5.726750781250000000e+01 5.245471200000000100e+01
2.785738537740656600e-02 9.778973671875000900e+02 1.165333640000000100e+02 1.035370937500000100e+03 6.405524800000000600e+01 -5.747357031250000100e+01 5.247811600000000000e+01
2.830364053767691800e-02 9.779071718749999000e+02 1.164952639999999900e+02 1.035954812499999900e+03 6.399281599999999800e+01 -5.804764062500000000e+01 5.250244800000000100e+01
2.836639471618476000e-02 9.778849531250000400e+02 1.165051000000000000e+02 1.035984437500000000e+03 6.399936000000000300e+01 -5.809948437500000300e+01 5.250574000000000300e+01
2.844405250427441100e-02 9.781502617187499000e+02 1.163712720000000000e+02 1.036489562499999900e+03 6.387064800000000300e+01 -5.833930078125000300e+01 5.250062400000000200e+01
2.852347748438807300e-02 9.777645898437499500e+02 1.162952559999999900e+02 1.036392687500000000e+03 6.379393600000000200e+01 -5.862809765624999900e+01 5.250132000000000000e+01
2.870218151329895900e-02 9.778950429687499800e+02 1.162260680000000000e+02 1.036815875000000000e+03 6.372162800000000300e+01 -5.892083203125000100e+01 5.250444000000000200e+01
2.910426557834845300e-02 9.779051484374998600e+02 1.162343999999999900e+02 1.037174687499999900e+03 6.370995200000000100e+01 -5.926953906250000200e+01 5.252444800000000000e+01
3.000895182291666800e-02 9.779042421874999000e+02 1.161225760000000100e+02 1.038096624999999900e+03 6.356721600000000200e+01 -6.019238281250000000e+01 5.255536000000000000e+01
3.028884137871964600e-02 9.779046171875000900e+02 1.161156479999999900e+02 1.038282625000000100e+03 6.354810799999999900e+01 -6.037800781250000200e+01 5.256754000000000100e+01
3.057508876329866400e-02 9.779044726562500500e+02 1.161033400000000000e+02 1.038481312500000100e+03 6.352261599999999900e+01 -6.057683984375000100e+01 5.258072399999999600e+01
3.121915045673945600e-02 9.779039999999998800e+02 1.160565280000000000e+02 1.038985062499999900e+03 6.344787999999999800e+01 -6.108106250000000200e+01 5.260864800000000200e+01
3.266828563973980800e-02 9.779039531250000400e+02 1.159145880000000100e+02 1.040029125000000000e+03 6.323857999999999900e+01 -6.212517187499999900e+01 5.267600800000000300e+01
3.287206986678457100e-02 9.779038085937500000e+02 1.158905360000000000e+02 1.040182812500000000e+03 6.320520400000000200e+01 -6.227900390624999700e+01 5.268533200000000200e+01
3.333058510308357900e-02 9.779027812499999800e+02 1.158181800000000000e+02 1.040565625000000000e+03 6.311249600000000000e+01 -6.266284375000000000e+01 5.270568399999999800e+01
3.436224511020462300e-02 9.779041054687500000e+02 1.156427559999999900e+02 1.041327937500000000e+03 6.288669999999999800e+01 -6.342383203125000100e+01 5.275605600000000100e+01
3.494255440829643200e-02 9.779039609374999600e+02 1.155612480000000100e+02 1.041666375000000000e+03 6.277412799999999700e+01 -6.376241406250000000e+01 5.278712000000000200e+01
3.526897711893856700e-02 9.779038828125000000e+02 1.155098879999999900e+02 1.041827874999999900e+03 6.270537999999999800e+01 -6.392399218749999800e+01 5.280450799999999800e+01
3.600342966877995200e-02 9.779022070312501000e+02 1.153655560000000000e+02 1.042082875000000100e+03 6.252241200000000300e+01 -6.418066796875000100e+01 5.284314400000000200e+01
3.623065167903972300e-02 9.779040078125000300e+02 1.153265840000000000e+02 1.042166500000000000e+03 6.247146800000000200e+01 -6.426249218750000100e+01 5.285511600000000200e+01
3.635846405981085100e-02 9.779025820312500600e+02 1.153038239999999900e+02 1.042206875000000100e+03 6.244160800000000200e+01 -6.430429296875000500e+01 5.286221599999999700e+01
3.643035888671875000e-02 9.779030078124999400e+02 1.152906920000000100e+02 1.042226187499999900e+03 6.242442400000000200e+01 -6.432317968750000100e+01 5.286626799999999800e+01
3.647079827595787300e-02 9.779058593749999800e+02 1.152821199999999900e+02 1.042236562500000000e+03 6.241364000000000100e+01 -6.433070312499999900e+01 5.286847999999999800e+01
3.648114026671908000e-02 9.779100625000000900e+02 1.152786080000000100e+02 1.042241250000000000e+03 6.240966000000000200e+01 -6.433118749999999900e+01 5.286894800000000300e+01
3.650440394234551900e-02 9.780477304687499300e+02 1.152396640000000000e+02 1.042334625000000000e+03 6.237377999999999600e+01 -6.428689453124999900e+01 5.286588400000000100e+01
3.655674938884986800e-02 9.778550664062501000e+02 1.152461040000000000e+02 1.042206812500000100e+03 6.237183600000000200e+01 -6.435174609374999500e+01 5.287426800000000100e+01
3.667452736893292400e-02 9.779063007812500200e+02 1.152345080000000100e+02 1.042258937500000000e+03 6.235273200000000300e+01 -6.435263671875000600e+01 5.288177600000000200e+01
3.682027863491330700e-02 9.779057617187501100e+02 1.152049040000000000e+02 1.042269500000000100e+03 6.231587600000000300e+01 -6.436373828124999400e+01 5.288902800000000300e+01
3.690226299657898400e-02 9.777591054687500200e+02 1.150173080000000000e+02 1.042033375000000000e+03 6.213562400000000000e+01 -6.427426953124999900e+01 5.288168400000000000e+01
3.692322555024312600e-02 9.776619257812499200e+02 1.150267920000000000e+02 1.042001687499999900e+03 6.213550800000000200e+01 -6.433976171874999700e+01 5.289128399999999900e+01
3.694916467914729400e-02 9.782992617187499000e+02 1.149180080000000000e+02 1.042382312499999900e+03 6.205074799999999900e+01 -6.408305078124999500e+01 5.286726000000000200e+01
3.697569577385261000e-02 9.779426367187500100e+02 1.149205560000000000e+02 1.042164312500000100e+03 6.203654399999999900e+01 -6.422167578124999900e+01 5.288401199999999800e+01
3.703538856059471900e-02 9.778146367187499700e+02 1.149275560000000100e+02 1.042142562499999900e+03 6.202540400000000200e+01 -6.432792578125000200e+01 5.290215200000000100e+01
3.710925660683977300e-02 9.779152851562500900e+02 1.149111400000000000e+02 1.042238125000000100e+03 6.200325200000000300e+01 -6.432283984375000300e+01 5.290788800000000000e+01
3.718480479131455700e-02 9.778320156249999400e+02 1.148265679999999900e+02 1.042121562500000000e+03 6.191971999999999800e+01 -6.428954687499999900e+01 5.290684799999999700e+01
3.722730155189197400e-02 9.778287187499998900e+02 1.148400440000000100e+02 1.042125812499999900e+03 6.192552400000000300e+01 -6.429709375000000200e+01 5.291452000000000300e+01
3.727989074902032100e-02 9.779016132812498700e+02 1.147139000000000000e+02 1.041944937499999900e+03 6.182966799999999800e+01 -6.404332421875000100e+01 5.288423199999999700e+01
3.733367258313038900e-02 9.778160039062499900e+02 1.147258080000000000e+02 1.041990000000000000e+03 6.181768000000000300e+01 -6.417399609375000600e+01 5.290812799999999800e+01
3.745468606256775100e-02 9.778334687500000700e+02 1.146082720000000000e+02 1.042068437500000100e+03 6.168941600000000100e+01 -6.423496874999999300e+01 5.291885599999999800e+01
3.772696711675010300e-02 9.779107382812501300e+02 1.146380640000000000e+02 1.042046125000000100e+03 6.169632000000000000e+01 -6.413538671874999900e+01 5.294174400000000000e+01
3.806391463112145800e-02 9.779059257812499500e+02 1.146457080000000000e+02 1.041870249999999900e+03 6.168541199999999900e+01 -6.396432421875000100e+01 5.296029600000000000e+01
3.840851997759686000e-02 9.779061015625000000e+02 1.145516360000000000e+02 1.041842625000000000e+03 6.157585199999999800e+01 -6.393652343750000000e+01 5.297578399999999700e+01
3.883497039966708100e-02 9.779039062499999800e+02 1.145115600000000000e+02 1.041743062500000000e+03 6.151591599999999700e+01 -6.383915625000000200e+01 5.299564399999999900e+01
3.889493885675775900e-02 9.779034179687499800e+02 1.144983800000000000e+02 1.041741000000000000e+03 6.150092800000000200e+01 -6.383758203125000100e+01 5.299745200000000300e+01
3.895627115662558800e-02 9.779142929687499200e+02 1.144585439999999900e+02 1.041786374999999900e+03 6.146199599999999900e+01 -6.387208203125000200e+01 5.299654799999999700e+01
3.909426883132820900e-02 9.778450390625000600e+02 1.143006520000000000e+02 1.041970125000000100e+03 6.131297200000000200e+01 -6.412508593750000300e+01 5.298767999999999700e+01
3.940476359940910100e-02 9.779047539062499900e+02 1.142215760000000000e+02 1.042125125000000000e+03 6.123116799999999700e+01 -6.422037109375000300e+01 5.299040800000000200e+01
4.010337900393596400e-02 9.779050898437501500e+02 1.140311200000000000e+02 1.042336437500000100e+03 6.103627999999999800e+01 -6.443134765624999700e+01 5.299484000000000300e+01
4.167526003687998400e-02 9.779044023437501200e+02 1.138274480000000000e+02 1.042334250000000100e+03 6.076848400000000100e+01 -6.442984765625000400e+01 5.305896400000000300e+01
4.362046256124129500e-02 9.779037460937499900e+02 1.135950240000000000e+02 1.042167062499999900e+03 6.045099199999999900e+01 -6.426331640624999900e+01 5.314403200000000300e+01
4.560987680592747800e-02 9.779041328125000500e+02 1.133720800000000000e+02 1.041838312500000000e+03 6.014432399999999700e+01 -6.393417968749999900e+01 5.322775599999999900e+01
4.588963578103902300e-02 9.779033046874999400e+02 1.133405559999999900e+02 1.041774375000000000e+03 6.010149200000000000e+01 -6.387107031250000200e+01 5.323906399999999900e+01
4.651909855317801200e-02 9.779044414062499300e+02 1.132772240000000000e+02 1.041621187499999900e+03 6.001175200000000100e+01 -6.371674609374999700e+01 5.326547200000000300e+01
4.652463227270147600e-02 9.778999062499999600e+02 1.132764600000000000e+02 1.041615624999999900e+03 6.001079200000000200e+01 -6.371571875000000100e+01 5.326566799999999800e+01
4.653707806349127000e-02 9.779014804687499200e+02 1.132753520000000000e+02 1.041613312499999900e+03 6.000915200000000000e+01 -6.371183203124999700e+01 5.326619999999999800e+01
4.656508617090631500e-02 9.778985976562499900e+02 1.132721960000000100e+02 1.041602437500000000e+03 6.000492400000000300e+01 -6.370383984375000400e+01 5.326727199999999800e+01
4.662810441259015300e-02 9.779032695312498600e+02 1.132649000000000100e+02 1.041585437499999900e+03 5.999531600000000300e+01 -6.368216796875000100e+01 5.326958400000000200e+01
4.664760156071714300e-02 9.779023164062499500e+02 1.132622040000000000e+02 1.041576562499999900e+03 5.999197999999999800e+01 -6.367424609375000000e+01 5.327022399999999900e+01
4.666753978140184000e-02 9.778894179687499700e+02 1.132567840000000000e+02 1.041549812499999900e+03 5.998627200000000000e+01 -6.366039453124999900e+01 5.327051199999999700e+01
4.671240150339071200e-02 9.778878359374998600e+02 1.132316600000000100e+02 1.041493874999999900e+03 5.996286400000000300e+01 -6.360603906250000300e+01 5.326879600000000200e+01
4.681334327965879600e-02 9.779062460937500400e+02 1.132312279999999900e+02 1.041477687500000000e+03 5.995862799999999700e+01 -6.357144140625000300e+01 5.327259999999999700e+01
4.704046372715856700e-02 9.779041289062498700e+02 1.132128160000000000e+02 1.041422437499999900e+03 5.993103599999999900e+01 -6.351830859375000000e+01 5.328177999999999800e+01
4.755147820499849200e-02 9.779043281249998900e+02 1.131745400000000100e+02 1.041297750000000000e+03 5.987040400000000100e+01 -6.339342187500000100e+01 5.330413600000000000e+01
4.870126440737974200e-02 9.779043046874999200e+02 1.131047800000000100e+02 1.041049812499999900e+03 5.975423599999999900e+01 -6.314550781250000000e+01 5.335054399999999900e+01
5.012412965705763400e-02 9.779038359375001600e+02 1.130323280000000100e+02 1.040708125000000100e+03 5.962548000000000300e+01 -6.280428906249999700e+01 5.340684799999999700e+01
5.092449063455316300e-02 9.779043046875000300e+02 1.129995160000000000e+02 1.040515812500000000e+03 5.956017200000000100e+01 -6.261150781250000100e+01 5.343934399999999800e+01
5.103703958339276400e-02 9.779046328125000400e+02 1.129947880000000000e+02 1.040482250000000000e+03 5.955046399999999800e+01 -6.257761718750000300e+01 5.344432400000000200e+01
5.110035090618403300e-02 9.779076914062499100e+02 1.129904480000000000e+02 1.040453687499999900e+03 5.954325200000000300e+01 -6.254599609374999900e+01 5.344719599999999800e+01
5.111653710833499700e-02 9.779173749999999900e+02 1.129873000000000000e+02 1.040444187500000000e+03 5.953944800000000000e+01 -6.252681249999999800e+01 5.344785199999999700e+01
5.112154560329960200e-02 9.779302343749999400e+02 1.129852240000000000e+02 1.040446187500000000e+03 5.953726000000000300e+01 -6.251595312500000300e+01 5.344796399999999900e+01
5.112436034264818800e-02 9.779518203124998800e+02 1.129828160000000000e+02 1.040453812499999900e+03 5.953520799999999700e+01 -6.250199218750000100e+01 5.344760800000000200e+01
5.112724472503221000e-02 9.780028085937499300e+02 1.129776239999999900e+02 1.040474937499999900e+03 5.953126400000000000e+01 -6.247212890624999900e+01 5.344635999999999900e+01
5.112886392560593600e-02 9.780620507812500400e+02 1.129718360000000000e+02 1.040496875000000000e+03 5.952743199999999700e+01 -6.243482421875000200e+01 5.344440399999999900e+01
5.113250857779339000e-02 9.784976015624998800e+02 1.129259720000000000e+02 1.040685999999999900e+03 5.949698399999999800e+01 -6.218839843749999800e+01 5.342898799999999700e+01
5.114071484880144300e-02 9.784208593749999600e+02 1.128903000000000000e+02 1.040618125000000000e+03 5.946746000000000300e+01 -6.219726562500000000e+01 5.342284000000000100e+01
5.115917025319013200e-02 9.779594101562499900e+02 1.129120040000000000e+02 1.040289125000000000e+03 5.947720000000000300e+01 -6.232971484374999700e+01 5.343480400000000000e+01
5.120070652023726200e-02 9.776396328125000500e+02 1.129352519999999900e+02 1.040053937500000100e+03 5.948608399999999800e+01 -6.241430468750000000e+01 5.344916800000000000e+01
5.129415586661044400e-02 9.779229882812500100e+02 1.129502880000000000e+02 1.040237812500000000e+03 5.949546800000000200e+01 -6.231482421874999700e+01 5.345481999999999800e+01
5.150441399415697100e-02 9.779085351562500800e+02 1.129469840000000000e+02 1.040155500000000100e+03 5.948317600000000000e+01 -6.224696484375000000e+01 5.346380800000000000e+01
5.197749913382635600e-02 9.779043320312500800e+02 1.129314119999999900e+02 1.039997125000000100e+03 5.944412799999999900e+01 -6.209279296874999700e+01 5.348728400000000200e+01
5.212385397278045800e-02 9.779033437499999800e+02 1.129255280000000000e+02 1.039947312500000000e+03 5.943133199999999800e+01 -6.204396874999999800e+01 5.349419600000000200e+01
5.220618364783014000e-02 9.779038749999999700e+02 1.129233319999999900e+02 1.039927500000000000e+03 5.942525599999999700e+01 -6.202362500000000300e+01 5.349807599999999800e+01
5.229038207766383700e-02 9.779501367187499500e+02 1.128421600000000100e+02 1.039745312500000000e+03 5.935376000000000100e+01 -6.179517578125000200e+01 5.348839999999999900e+01
5.247982854478965000e-02 9.778920039062499000e+02 1.128542520000000000e+02 1.039546499999999900e+03 5.934687600000000200e+01 -6.165449609374999800e+01 5.350737600000000100e+01
5.271427021638890000e-02 9.779095117187500800e+02 1.128514759999999900e+02 1.039417625000000000e+03 5.933220399999999700e+01 -6.150811328124999700e+01 5.351927200000000100e+01
5.284614510756004800e-02 9.779070195312500600e+02 1.128467040000000000e+02 1.039348250000000000e+03 5.932033200000000100e+01 -6.144123046875000000e+01 5.352637200000000200e+01
5.298101464925465000e-02 9.778969179687499000e+02 1.128327760000000000e+02 1.039238374999999900e+03 5.930027599999999700e+01 -6.134145703125000200e+01 5.353249999999999900e+01
5.328447256896406300e-02 9.779048437500000500e+02 1.128322640000000100e+02 1.039135250000000000e+03 5.928219200000000200e+01 -6.123040625000000100e+01 5.355007200000000000e+01
5.345516764880060800e-02 9.778935898437500800e+02 1.128073880000000000e+02 1.038935500000000000e+03 5.924901200000000000e+01 -6.104191015624999700e+01 5.355837600000000300e+01
5.355118218031209400e-02 9.779097031249999600e+02 1.127963680000000000e+02 1.038840375000000000e+03 5.923322799999999700e+01 -6.093067187500000200e+01 5.356313999999999700e+01
5.367000480592659000e-02 9.779138124999999500e+02 1.127988160000000000e+02 1.038802250000000000e+03 5.922867600000000000e+01 -6.088843750000000200e+01 5.357014000000000200e+01
5.373683890559331800e-02 9.779022578125000100e+02 1.127988320000000000e+02 1.038775687500000000e+03 5.922524800000000100e+01 -6.087342968750000000e+01 5.357358399999999700e+01
5.375392466361857100e-02 9.778944648437499200e+02 1.127978760000000000e+02 1.038760687499999900e+03 5.922350800000000200e+01 -6.086622265625000200e+01 5.357436800000000000e+01
5.377507293204384500e-02 9.779377929687500500e+02 1.127745400000000000e+02 1.038747000000000100e+03 5.920474399999999800e+01 -6.080920703124999700e+01 5.356979599999999700e+01
5.379670289813084900e-02 9.778982968749999100e+02 1.127482880000000000e+02 1.038672562499999900e+03 5.918270799999999800e+01 -6.077426562499999800e+01 5.356557999999999700e+01
5.384536596913688100e-02 9.778450898437499700e+02 1.127732800000000000e+02 1.038618125000000000e+03 5.919706399999999700e+01 -6.077303515625000300e+01 5.357621600000000200e+01
5.395485642800388500e-02 9.780619023437500300e+02 1.125193319999999900e+02 1.038369312500000000e+03 5.898466799999999900e+01 -6.030741015625000000e+01 5.353466399999999900e+01
5.401644408566828900e-02 9.776818242187499700e+02 1.125838039999999900e+02 1.038213187500000000e+03 5.900559599999999700e+01 -6.053136328125000200e+01 5.357820799999999700e+01
5.415502211899948100e-02 9.779413164062500500e+02 1.126115800000000000e+02 1.038322687500000000e+03 5.902151599999999800e+01 -6.038137109374999800e+01 5.359006399999999800e+01
5.423297008640341800e-02 9.779237734374999000e+02 1.126090519999999900e+02 1.038209625000000000e+03 5.901629599999999700e+01 -6.028585156250000000e+01 5.359275600000000100e+01
5.425708398742071900e-02 9.779139101562500400e+02 1.125998920000000000e+02 1.038163437500000100e+03 5.900669599999999800e+01 -6.024952734375000300e+01 5.359319599999999900e+01
5.428174922913517300e-02 9.784497421874998500e+02 1.123535280000000000e+02 1.038211499999999900e+03 5.879745599999999700e+01 -5.976175781250000100e+01 5.355607200000000000e+01
5.433724312119953700e-02 9.776641914062501000e+02 1.124211200000000000e+02 1.037738250000000100e+03 5.881681600000000300e+01 -6.007405859375000300e+01 5.360430399999999900e+01
5.446210147655121400e-02 9.779103867187500300e+02 1.124585480000000100e+02 1.037764687500000000e+03 5.884250399999999800e+01 -5.985430078124999700e+01 5.361604400000000200e+01
5.474302987429934000e-02 9.779092304687499100e+02 1.124549519999999900e+02 1.037401437499999900e+03 5.882950799999999700e+01 -5.949220703124999700e+01 5.362544400000000200e+01
5.490105572527408100e-02 9.779072421875000600e+02 1.124699479999999900e+02 1.037213375000000000e+03 5.883835599999999700e+01 -5.930613281250000300e+01 5.363159199999999800e+01
5.494994513614526200e-02 9.779099999999999700e+02 1.124731999999999900e+02 1.037161812500000000e+03 5.883968399999999800e+01 -5.925181250000000000e+01 5.363351600000000000e+01
5.497744252796715700e-02 9.779092382812499400e+02 1.124747600000000000e+02 1.037131437499999900e+03 5.884014799999999900e+01 -5.922219921874999900e+01 5.363461199999999700e+01
5.499291488900497100e-02 9.779091406249999600e+02 1.124755920000000100e+02 1.037114687499999900e+03 5.884034799999999900e+01 -5.920554687500000300e+01 5.363524400000000000e+01
5.500161446484731800e-02 9.779101562500000000e+02 1.124760760000000100e+02 1.037106125000000000e+03 5.884046000000000000e+01 -5.919596874999999900e+01 5.363561599999999900e+01
5.500650688808620500e-02 9.779115820312500800e+02 1.124763880000000000e+02 1.037101937500000100e+03 5.884055200000000200e+01 -5.919035546874999900e+01 5.363583599999999800e+01
5.500926359157194000e-02 9.779129179687498700e+02 1.124766000000000000e+02 1.037099937499999900e+03 5.884062800000000200e+01 -5.918701953125000200e+01 5.363597200000000200e+01
5.501207833092053300e-02 9.779153710937500800e+02 1.124768680000000000e+02 1.037098562500000100e+03 5.884073999999999700e+01 -5.918319140625000300e+01 5.363612799999999900e+01
5.501366270997653400e-02 9.779177070312500700e+02 1.124770800000000000e+02 1.037098312500000000e+03 5.884084000000000000e+01 -5.918060546875000200e+01 5.363624000000000100e+01
5.501562432214111800e-02 9.779267031250000200e+02 1.124775919999999900e+02 1.037101437500000000e+03 5.884111999999999700e+01 -5.917473437500000000e+01 5.363647199999999800e+01
5.501762655940970600e-02 9.779969609375000300e+02 1.124753719999999900e+02 1.037118187500000000e+03 5.884161199999999800e+01 -5.912122656249999900e+01 5.363376000000000200e+01
5.502213594595373900e-02 9.791066015625000300e+02 1.124003720000000000e+02 1.037469875000000000e+03 5.882688799999999700e+01 -5.836327343749999800e+01 5.357348400000000100e+01
5.503228641836752100e-02 9.791880351562499500e+02 1.122773080000000000e+02 1.037358874999999900e+03 5.875722799999999800e+01 -5.817083984375000200e+01 5.352008000000000000e+01
5.505511772681566400e-02 9.779624492187499500e+02 1.123155600000000000e+02 1.036593249999999900e+03 5.876330000000000100e+01 -5.863080078125000200e+01 5.355225999999999700e+01
5.510649107261714900e-02 9.774188906250000200e+02 1.124251400000000000e+02 1.036407500000000000e+03 5.880216399999999800e+01 -5.898860937500000300e+01 5.362297600000000100e+01
5.522208110067047100e-02 9.779440820312498800e+02 1.124507160000000000e+02 1.036765124999999900e+03 5.881359599999999700e+01 -5.882104296875000000e+01 5.363712000000000300e+01
5.548215721289389400e-02 9.779054375000000600e+02 1.124816240000000000e+02 1.036602687500000000e+03 5.882889999999999700e+01 -5.869724999999999700e+01 5.365272399999999900e+01
5.562845401598514500e-02 9.779111601562499300e+02 1.124916640000000000e+02 1.036514249999999900e+03 5.883168800000000000e+01 -5.860308984374999900e+01 5.365997600000000000e+01
5.595761601935415900e-02 9.779041914062501100e+02 1.125110400000000100e+02 1.036340687500000100e+03 5.883543999999999800e+01 -5.843649609375000200e+01 5.367560000000000300e+01
5.614276783262851100e-02 9.779079296875000900e+02 1.125190520000000000e+02 1.036257125000000100e+03 5.883505600000000200e+01 -5.834919531250000100e+01 5.368399600000000000e+01
5.655936086339238800e-02 9.779037343750001100e+02 1.125297360000000000e+02 1.036083125000000100e+03 5.882559200000000000e+01 -5.817939062500000300e+01 5.370414399999999900e+01
5.749670388799052500e-02 9.779043789062499200e+02 1.125431120000000100e+02 1.035760937500000000e+03 5.879536399999999900e+01 -5.785655859375000200e+01 5.374774800000000100e+01
5.802395389846484000e-02 9.779043164062499000e+02 1.125519319999999900e+02 1.035592312499999900e+03 5.878092000000000200e+01 -5.768799609375000200e+01 5.377101199999999900e+01
5.818707529819847800e-02 9.779042851562500100e+02 1.125540400000000000e+02 1.035534437500000000e+03 5.877601200000000100e+01 -5.763015234374999800e+01 5.377802799999999900e+01
5.827882999737622100e-02 9.779079882812500300e+02 1.125553000000000000e+02 1.035502312500000000e+03 5.877332799999999900e+01 -5.759432421875000300e+01 5.378197200000000300e+01
5.833044129021541800e-02 9.779145351562500500e+02 1.125562600000000100e+02 1.035485500000000000e+03 5.877208000000000300e+01 -5.757096484374999800e+01 5.378417999999999900e+01
5.835947082881675500e-02 9.779562070312499600e+02 1.125588920000000000e+02 1.035498687500000000e+03 5.877321200000000100e+01 -5.754248046875000000e+01 5.378567999999999900e+01
5.836689361567622800e-02 9.779943593749999300e+02 1.125610920000000000e+02 1.035519812499999900e+03 5.877478800000000100e+01 -5.752545312499999900e+01 5.378630400000000100e+01
5.837107219780197200e-02 9.780761249999999300e+02 1.125613760000000000e+02 1.035570187500000000e+03 5.877561599999999900e+01 -5.749406249999999800e+01 5.378576000000000300e+01
5.837341684666141200e-02 9.781966562499999300e+02 1.125578600000000100e+02 1.035636749999999900e+03 5.877531200000000000e+01 -5.744009375000000300e+01 5.378254799999999800e+01
5.837870391376773900e-02 9.788867343750000600e+02 1.125117960000000000e+02 1.035991250000000000e+03 5.876101200000000100e+01 -5.710451562499999800e+01 5.375078400000000300e+01
5.839059546206724200e-02 9.785931445312498900e+02 1.124356320000000000e+02 1.035699312499999900e+03 5.871284000000000000e+01 -5.710616796875000000e+01 5.372279199999999800e+01
5.841734419125827600e-02 9.777872578125001200e+02 1.124774600000000100e+02 1.035181125000000100e+03 5.872821199999999900e+01 -5.739386718750000000e+01 5.374924800000000100e+01
5.847753898821408900e-02 9.776229882812499500e+02 1.125244120000000000e+02 1.035044500000000000e+03 5.874883599999999700e+01 -5.742151171874999700e+01 5.377557600000000100e+01
5.861297147777840700e-02 9.779365078124999400e+02 1.125251440000000000e+02 1.035187124999999900e+03 5.874093599999999800e+01 -5.725061718749999800e+01 5.378420800000000000e+01
5.868915515495148900e-02 9.779364570312501400e+02 1.125305200000000000e+02 1.035141125000000100e+03 5.874116399999999800e+01 -5.720466796875000200e+01 5.378935599999999800e+01
5.886056407590117800e-02 9.778943007812499700e+02 1.125411200000000100e+02 1.035063437500000000e+03 5.874118800000000100e+01 -5.716913671875000300e+01 5.379993199999999800e+01
5.924623559893456300e-02 9.779036679687499100e+02 1.125505800000000000e+02 1.034980875000000000e+03 5.873438399999999900e+01 -5.707720703124999800e+01 5.381619599999999800e+01
5.972350512431597700e-02 9.779041914062499900e+02 1.125587000000000000e+02 1.034826125000000000e+03 5.872264400000000300e+01 -5.692193359374999800e+01 5.383605599999999900e+01
6.021161574887917700e-02 9.779040273437500400e+02 1.125622720000000100e+02 1.034626562500000100e+03 5.870700399999999800e+01 -5.672253515624999700e+01 5.385526800000000200e+01
6.048618341605811700e-02 9.779047070312500400e+02 1.125671440000000000e+02 1.034538312500000100e+03 5.869994400000000200e+01 -5.663360546874999800e+01 5.386719999999999700e+01
6.050741873827768200e-02 9.779141679687498900e+02 1.125679480000000000e+02 1.034538687499999900e+03 5.869978400000000100e+01 -5.662451953125000200e+01 5.386816400000000000e+01
6.052913575815897100e-02 9.780053867187500600e+02 1.125712560000000100e+02 1.034589500000000000e+03 5.870195199999999900e+01 -5.658411328124999800e+01 5.386930400000000000e+01
6.057800195468500400e-02 9.778912617187500000e+02 1.125642479999999900e+02 1.034472000000000000e+03 5.869462000000000000e+01 -5.658073828124999900e+01 5.386962799999999900e+01
6.068795089686858400e-02 9.778878710937501600e+02 1.125675640000000000e+02 1.034444750000000100e+03 5.869285200000000200e+01 -5.655687890624999900e+01 5.387471200000000200e+01
6.082401597733804600e-02 9.779087226562498900e+02 1.125720400000000000e+02 1.034423624999999900e+03 5.869095200000000300e+01 -5.651490234375000200e+01 5.388108799999999800e+01
6.090055367327454300e-02 9.779209765625000700e+02 1.125748240000000100e+02 1.034409750000000000e+03 5.869027200000000000e+01 -5.648877343750000100e+01 5.388455199999999900e+01
6.097882664151049000e-02 9.778895703124999300e+02 1.125746400000000000e+02 1.034355687499999900e+03 5.868728800000000200e+01 -5.646611718749999700e+01 5.388735200000000000e+01
6.115494227093792900e-02 9.779035312500000100e+02 1.125784920000000000e+02 1.034316937500000000e+03 5.868376399999999600e+01 -5.641340625000000100e+01 5.389472800000000100e+01
6.120943214257485600e-02 9.779073984375000900e+02 1.125798600000000000e+02 1.034304125000000100e+03 5.868287600000000000e+01 -5.639672656250000000e+01 5.389698400000000300e+01
6.124008088174991800e-02 9.779096835937499500e+02 1.125806319999999900e+02 1.034296437499999900e+03 5.868244399999999700e+01 -5.638675390625000000e+01 5.389818799999999800e+01
6.125731753301860000e-02 9.779141445312499200e+02 1.125812280000000000e+02 1.034294187499999900e+03 5.868238399999999900e+01 -5.638004296874999700e+01 5.389884399999999700e+01
6.127495463174100600e-02 9.780446367187498700e+02 1.125828719999999900e+02 1.034368874999999900e+03 5.868415199999999700e+01 -5.632423828124999700e+01 5.389871999999999700e+01
6.128040419926332500e-02 9.783238789062500000e+02 1.125689960000000000e+02 1.034507875000000000e+03 5.868159599999999900e+01 -5.618399609374999700e+01 5.388740000000000000e+01
6.128598724927021600e-02 9.791080624999999600e+02 1.124907440000000100e+02 1.034830437500000000e+03 5.865525199999999700e+01 -5.572237500000000000e+01 5.383549200000000200e+01
6.129854040640629600e-02 9.786463476562498700e+02 1.123882600000000000e+02 1.034419249999999900e+03 5.858787199999999700e+01 -5.577290234374999800e+01 5.380038799999999800e+01
6.132678065727276800e-02 9.782404492187499700e+02 1.122425560000000100e+02 1.033766750000000000e+03 5.850632000000000200e+01 -5.552630078125000100e+01 5.373623599999999800e+01
6.139032412351547200e-02 9.774905078125000300e+02 1.123392200000000000e+02 1.033288187500000000e+03 5.854471199999999700e+01 -5.579767968750000100e+01 5.379450800000000000e+01
6.153330707883755000e-02 9.779024453125000500e+02 1.122544640000000000e+02 1.033084187500000100e+03 5.846264399999999700e+01 -5.518174218749999900e+01 5.379182000000000100e+01
6.161372737399922100e-02 9.778696875000000500e+02 1.123056359999999900e+02 1.033086375000000100e+03 5.847547999999999700e+01 -5.521668749999999900e+01 5.383015600000000200e+01
6.179468899797526500e-02 9.779138749999999600e+02 1.123551239999999900e+02 1.032795625000000000e+03 5.849327999999999900e+01 -5.488174999999999700e+01 5.386184399999999800e+01
6.189647229425478800e-02 9.779516718749999900e+02 1.122664680000000000e+02 1.032386000000000000e+03 5.841519999999999900e+01 -5.443432812500000000e+01 5.385126799999999700e+01
6.212549921984943100e-02 9.779124062500000000e+02 1.122682959999999900e+02 1.031882875000000000e+03 5.839943199999999700e+01 -5.397046875000000200e+01 5.386886400000000200e+01
6.264079964616138500e-02 9.779076718750000100e+02 1.123114439999999900e+02 1.031499875000000000e+03 5.840890799999999700e+01 -5.359220312499999700e+01 5.390253599999999800e+01
6.380023431074269300e-02 9.779047812500000400e+02 1.123560520000000100e+02 1.031044000000000100e+03 5.839042800000000000e+01 -5.313921874999999800e+01 5.396562399999999800e+01
6.640895214977464400e-02 9.779042382812499500e+02 1.124501000000000100e+02 1.030073625000000000e+03 5.837588800000000300e+01 -5.216938671874999800e+01 5.407421200000000300e+01
6.721602787660278800e-02 9.779049531250000200e+02 1.124693200000000000e+02 1.029714562500000100e+03 5.836583199999999700e+01 -5.180960937500000100e+01 5.410348799999999900e+01
6.767000761021949000e-02 9.779040898437499400e+02 1.124805839999999900e+02 1.029511874999999900e+03 5.836080400000000200e+01 -5.160778515625000300e+01 5.411977999999999900e+01
6.792536540679257300e-02 9.779054921875000400e+02 1.124868760000000000e+02 1.029396500000000100e+03 5.835801200000000200e+01 -5.149100781250000100e+01 5.412886400000000000e+01
6.813430031666595200e-02 9.778980742187500300e+02 1.124756759999999900e+02 1.029195687500000100e+03 5.834407199999999700e+01 -5.129761328125000100e+01 5.413160400000000300e+01
6.839546750311109600e-02 9.779043789062500300e+02 1.124865040000000000e+02 1.029089625000000100e+03 5.834408400000000200e+01 -5.118524609375000300e+01 5.414242000000000100e+01
6.898309222171608600e-02 9.779028437499999900e+02 1.125000200000000100e+02 1.028798937500000000e+03 5.833726399999999800e+01 -5.089609374999999900e+01 5.416275600000000200e+01
7.000000241429189800e-02 9.779038437500000800e+02 1.125103159999999900e+02 1.028212312500000100e+03 5.831809599999999700e+01 -5.030846875000000300e+01 5.419221999999999900e+01
