0.000000000000000000e+00 0.000000000000000000e+00 0.000000000000000000e+00 0.000000000000000000e+00 0.000000000000000000e+00 0.000000000000000000e+00 0.000000000000000000e+00
1.780859070662447000e-08 1.322502874999999900e+03 3.451367187499998500e-05 9.226499374999999600e+02 3.521878967285156100e-04 3.998529375000000000e+02 -3.176742248535156300e-04
1.400017462056269700e-03 1.322500312499999800e+03 3.053202599999999800e+01 9.217135624999999700e+02 1.654118799999999800e+01 4.007867499999999800e+02 1.399083800000000000e+01
2.843767099829051400e-03 1.322499249999999800e+03 5.998079200000000100e+01 9.143671249999999900e+02 3.161255200000000100e+01 4.081321249999999700e+02 2.836824000000000000e+01
3.489763133771255300e-03 1.322500812499999900e+03 7.295663600000000300e+01 9.105154999999999700e+02 3.814372399999999900e+01 4.119853125000000200e+02 3.481291199999999700e+01
3.541673375541203100e-03 1.322503000000000200e+03 7.399219600000000700e+01 9.102400625000000200e+02 3.865490400000000200e+01 4.122629375000000200e+02 3.533729199999999800e+01
3.605912474441788100e-03 1.322503281250000100e+03 7.527007199999999900e+01 9.099170625000000400e+02 3.928006400000000300e+01 4.125862187500000000e+02 3.599000800000000300e+01
3.671611663672740400e-03 1.322503218750000100e+03 7.657544400000000500e+01 9.095949375000000100e+02 3.991575600000000200e+01 4.129082812500000200e+02 3.665968800000000300e+01
3.750450365707511800e-03 1.322504062500000100e+03 7.813007199999999800e+01 9.092541250000000400e+02 4.066008800000000200e+01 4.132499374999999900e+02 3.746998399999999700e+01
3.831753213956555400e-03 1.322502843750000000e+03 7.973157599999999000e+01 9.089137500000000500e+02 4.142237999999999700e+01 4.135890937500000200e+02 3.830919600000000000e+01
3.852540648706769900e-03 1.322504093750000000e+03 8.013955599999999900e+01 9.088326875000000200e+02 4.161549200000000300e+01 4.136714062500000200e+02 3.852406400000000300e+01
3.899312945718901500e-03 1.322504968750000000e+03 8.105492400000000000e+01 9.086601875000000100e+02 4.204579600000000300e+01 4.138447812499999800e+02 3.900912799999999700e+01
4.004549963911455500e-03 1.322507312499999900e+03 8.309561200000000300e+01 9.083766249999999900e+02 4.297975600000000200e+01 4.141306875000000200e+02 4.011585600000000100e+01
4.063746030426545000e-03 1.322515937499999800e+03 8.421068800000000500e+01 9.083815624999999700e+02 4.345233199999999800e+01 4.141343749999999800e+02 4.075835599999999900e+01
4.196936692521940900e-03 1.322531125000000000e+03 8.661467999999999300e+01 9.092391874999999600e+02 4.428937200000000000e+01 4.132919375000000200e+02 4.232530800000000000e+01
4.361760478159481700e-03 1.322509968750000100e+03 8.965498800000000300e+01 9.100780624999999900e+02 4.542763600000000000e+01 4.124319062500000000e+02 4.422735200000000300e+01
4.530330377122374900e-03 1.322483468750000200e+03 9.265966400000000600e+01 9.115760000000000200e+02 4.643846400000000300e+01 4.109074687500000200e+02 4.622120000000000300e+01
4.738935094832073300e-03 1.322518062499999800e+03 9.641301200000000900e+01 9.128987499999999500e+02 4.782337199999999900e+01 4.096193124999999800e+02 4.858964000000000300e+01
4.952281205607012500e-03 1.322508843750000100e+03 1.001113640000000100e+02 9.155838750000000300e+02 4.898686000000000000e+01 4.069249687500000100e+02 5.112450400000000200e+01
5.216296871421933400e-03 1.322528937500000000e+03 1.045508000000000100e+02 9.195022500000000000e+02 5.040266400000000100e+01 4.030266874999999800e+02 5.414813600000000100e+01
5.486312819404835800e-03 1.322506343750000000e+03 1.089642680000000000e+02 9.249030000000000200e+02 5.179163200000000000e+01 3.976033437500000200e+02 5.717263599999999700e+01
6.093848864887552000e-03 1.322501531250000000e+03 1.182778720000000000e+02 9.420637500000000300e+02 5.511786399999999700e+01 3.804377812500000000e+02 6.316000799999999800e+01
6.845675119349316700e-03 1.322498375000000100e+03 1.286269120000000000e+02 9.721130000000000600e+02 5.896960800000000100e+01 3.503853750000000100e+02 6.965730399999999600e+01
7.614588201167880400e-03 1.322500250000000100e+03 1.382331360000000000e+02 1.006231500000000000e+03 6.267122400000000200e+01 3.162687500000000100e+02 7.556191200000000700e+01
8.566117888010515600e-03 1.322500343750000000e+03 1.490065680000000200e+02 1.050765500000000000e+03 6.680773600000000600e+01 2.717348437499999800e+02 8.219883199999999600e+01
9.539273293878077300e-03 1.322501171875000000e+03 1.589985040000000000e+02 1.097716124999999900e+03 7.047273599999999800e+01 2.247850468750000100e+02 8.852576799999999900e+01
1.172887311960127900e-02 1.322502984375000100e+03 1.757280559999999800e+02 1.183299125000000000e+03 7.807477600000000000e+01 1.392038593750000100e+02 9.765327999999999500e+01
1.203678575761479000e-02 1.322504843750000000e+03 1.774497839999999900e+02 1.192871875000000000e+03 7.901657600000000100e+01 1.296329687500000000e+02 9.843320799999999300e+01
1.220998523506731200e-02 1.322503390625000100e+03 1.783576400000000000e+02 1.198140000000000100e+03 7.950697599999999500e+01 1.243633906249999900e+02 9.885066399999999500e+01
1.230741083500087900e-02 1.322504835937499800e+03 1.788495199999999800e+02 1.201058624999999900e+03 7.977079999999999400e+01 1.214462109375000000e+02 9.907872000000000400e+01
1.252661810980902600e-02 1.322474539062499800e+03 1.798674399999999900e+02 1.207492749999999900e+03 8.032886399999999600e+01 1.149817890625000000e+02 9.953857600000000600e+01
1.301983480316973300e-02 1.322503828124999900e+03 1.821629120000000100e+02 1.221848000000000000e+03 8.152082400000000500e+01 1.006558281250000000e+02 1.006420880000000000e+02
1.363019026617818400e-02 1.322501828125000000e+03 1.845310079999999900e+02 1.238040250000000000e+03 8.278825600000000400e+01 8.446157812500000300e+01 1.017427520000000000e+02
1.397351432025392000e-02 1.322499890625000000e+03 1.857279199999999800e+02 1.246838999999999900e+03 8.340349600000000400e+01 7.566089062499999300e+01 1.023244239999999900e+02
1.432464199157173900e-02 1.322503914062499900e+03 1.868402800000000100e+02 1.255441624999999900e+03 8.401199200000000600e+01 6.706228906250000000e+01 1.028282880000000000e+02
1.511467957707920500e-02 1.322502703124999900e+03 1.891702639999999700e+02 1.272931374999999900e+03 8.536703199999999500e+01 4.957132812500000100e+01 1.038032319999999900e+02
1.555907490632122700e-02 1.322502031250000100e+03 1.902806799999999900e+02 1.281302875000000100e+03 8.609086399999999600e+01 4.119915625000000100e+01 1.041898159999999900e+02
1.655896504720052000e-02 1.322501650390625200e+03 1.924692479999999900e+02 1.298278250000000100e+03 8.752200800000000000e+01 2.422340039062499900e+01 1.049472399999999900e+02
1.686830657147678600e-02 1.322498767578124900e+03 1.930950800000000000e+02 1.303237374999999900e+03 8.792423200000000300e+01 1.926139257812500100e+01 1.051708480000000100e+02
1.688807954898722400e-02 1.322496107421875000e+03 1.931350239999999900e+02 1.303547250000000100e+03 8.794979999999999600e+01 1.894885742187500100e+01 1.051852240000000100e+02
1.693257004855519200e-02 1.322500712890625000e+03 1.932241200000000000e+02 1.304247750000000000e+03 8.800681600000000100e+01 1.825296289062500000e+01 1.052173040000000000e+02
1.703267139728652900e-02 1.322503869140625100e+03 1.934210880000000000e+02 1.305795125000000100e+03 8.813245600000000500e+01 1.670874414062500100e+01 1.052886320000000100e+02
1.725790105714388200e-02 1.322501278320312400e+03 1.938548559999999800e+02 1.309237750000000000e+03 8.840851200000000200e+01 1.326352832031249900e+01 1.054463440000000000e+02
1.776466681669582000e-02 1.322502398925781100e+03 1.947717759999999900e+02 1.316626874999999900e+03 8.899195199999999800e+01 5.875523925781250200e+00 1.057798240000000000e+02
1.890489075081480000e-02 1.322503044433593700e+03 1.963599600000000000e+02 1.329657500000000000e+03 9.009087999999999900e+01 -7.154455566406250400e+00 1.062690800000000000e+02
2.031591788553915200e-02 1.322500068359374800e+03 1.979518799999999900e+02 1.342735124999999900e+03 9.116023199999999300e+01 -2.023505664062500000e+01 1.067916480000000000e+02
2.094727238588131600e-02 1.322499124999999800e+03 1.985636079999999900e+02 1.348054249999999900e+03 9.154608799999999700e+01 -2.555512500000000000e+01 1.070175200000000000e+02
2.099800629931074600e-02 1.322500130859375100e+03 1.986111200000000000e+02 1.348482625000000100e+03 9.157529599999999400e+01 -2.598249414062500100e+01 1.070358240000000100e+02
2.106078888334704500e-02 1.322512574218750200e+03 1.986681920000000000e+02 1.349050750000000100e+03 9.160544000000000200e+01 -2.653817578125000100e+01 1.070627520000000000e+02
2.107684207596418100e-02 1.322545435546875100e+03 1.986778800000000200e+02 1.349254500000000000e+03 9.160448800000000300e+01 -2.670906445312499900e+01 1.070733920000000000e+02
2.108587175302954100e-02 1.322601693359375100e+03 1.986768160000000000e+02 1.349427625000000000e+03 9.159524799999999800e+01 -2.682593164062500100e+01 1.070815680000000000e+02
2.110618820138422700e-02 1.324252607421874900e+03 1.982862160000000000e+02 1.352104499999999900e+03 9.113239199999999600e+01 -2.785189257812500000e+01 1.071538240000000000e+02
2.115189956009753600e-02 1.322219966796875000e+03 1.983557280000000000e+02 1.352402250000000100e+03 9.102745600000000100e+01 -3.018228320312499900e+01 1.073282720000000000e+02
2.125475206745670200e-02 1.322393654296875000e+03 1.986604720000000000e+02 1.354529624999999900e+03 9.114349599999999900e+01 -3.213597070312499700e+01 1.075169760000000000e+02
2.143988580060151100e-02 1.322405128906250000e+03 1.987628080000000100e+02 1.358358375000000000e+03 9.095166399999999400e+01 -3.595324609375000300e+01 1.078111440000000000e+02
2.167130296703252700e-02 1.322499152343750000e+03 1.989465360000000100e+02 1.361229125000000100e+03 9.095829600000000400e+01 -3.872997265624999800e+01 1.079882400000000000e+02
2.195768089788498200e-02 1.322493957031249900e+03 1.992026000000000200e+02 1.364244250000000000e+03 9.103041600000000200e+01 -4.175029296875000300e+01 1.081721840000000000e+02
2.211876929659541100e-02 1.322496269531250200e+03 1.993464480000000100e+02 1.365710250000000100e+03 9.109178400000000400e+01 -4.321398046875000200e+01 1.082546640000000100e+02
2.220938070826410100e-02 1.322504691406250000e+03 1.994226800000000100e+02 1.366512625000000100e+03 9.112434399999999400e+01 -4.400793359375000300e+01 1.082983360000000100e+02
2.226034995237010900e-02 1.322505273437499900e+03 1.994641439999999800e+02 1.366966625000000000e+03 9.114082399999999500e+01 -4.446135156249999900e+01 1.083233200000000000e+02
2.228902128982803900e-02 1.322505234374999900e+03 1.994864559999999800e+02 1.367222874999999900e+03 9.114946399999999500e+01 -4.471764062500000100e+01 1.083369920000000000e+02
2.229635164537800300e-02 1.322504640624999900e+03 1.994916959999999900e+02 1.367286625000000000e+03 9.115149599999999500e+01 -4.478198437500000000e+01 1.083402000000000000e+02
2.231284559545016300e-02 1.323358058593750000e+03 1.992703520000000000e+02 1.367951375000000100e+03 9.100436799999999900e+01 -4.459331640624999700e+01 1.082659840000000000e+02
2.231794746050480200e-02 1.323293414062500000e+03 1.991893120000000000e+02 1.367929625000000000e+03 9.094746399999999700e+01 -4.463621093750000300e+01 1.082418480000000000e+02
2.232316634081298700e-02 1.322870320312500100e+03 1.991877200000000100e+02 1.367656750000000100e+03 9.094576000000000700e+01 -4.478642968749999700e+01 1.082419600000000100e+02
2.233490687125218300e-02 1.322496820312500200e+03 1.992443759999999900e+02 1.367516000000000100e+03 9.098246399999999300e+01 -4.501917968749999900e+01 1.082619120000000000e+02
2.236132631516408000e-02 1.321875882812499900e+03 1.993290160000000000e+02 1.367295249999999900e+03 9.103068799999999800e+01 -4.541936718750000100e+01 1.082983280000000000e+02
2.242077006396583900e-02 1.322321531249999900e+03 1.993445120000000100e+02 1.368047499999999900e+03 9.104021600000000100e+01 -4.572596875000000000e+01 1.083042959999999900e+02
2.245420782275157200e-02 1.322591308593750000e+03 1.994182000000000100e+02 1.368444999999999900e+03 9.109771999999999500e+01 -4.585369140625000000e+01 1.083204800000000000e+02
2.249558701674468300e-02 1.322708374999999900e+03 1.994658479999999900e+02 1.368862750000000000e+03 9.112605600000000500e+01 -4.615437500000000200e+01 1.083397920000000000e+02
2.251886265084462200e-02 1.322630820312500000e+03 1.994758559999999900e+02 1.368973999999999900e+03 9.112925599999999800e+01 -4.634317968749999700e+01 1.083466000000000000e+02
2.253195275720805800e-02 1.322563058593749900e+03 1.994684320000000100e+02 1.368993874999999900e+03 9.112251200000000000e+01 -4.643081640625000300e+01 1.083459200000000100e+02
2.254534450289174100e-02 1.324374414062499900e+03 1.988960640000000000e+02 1.369724250000000000e+03 9.074497599999999400e+01 -4.534983593750000400e+01 1.081510880000000000e+02
2.256141199737319800e-02 1.324138675781250200e+03 1.982251840000000100e+02 1.368849750000000100e+03 9.024130400000000000e+01 -4.471107421874999900e+01 1.079838800000000000e+02
2.259153952465304400e-02 1.321179816406250000e+03 1.985671919999999800e+02 1.367406625000000100e+03 9.040261599999999500e+01 -4.622680859375000000e+01 1.081645760000000000e+02
2.265932516086320900e-02 1.322167109375000100e+03 1.988127519999999900e+02 1.368853875000000000e+03 9.051988000000000100e+01 -4.668676562500000000e+01 1.082928720000000000e+02
2.281184544267504700e-02 1.322561964843750000e+03 1.989393519999999900e+02 1.369519749999999900e+03 9.059596799999999900e+01 -4.695778515624999700e+01 1.083433840000000000e+02
2.315501477658220300e-02 1.322507449218750000e+03 1.990250240000000000e+02 1.369783750000000100e+03 9.060725600000000700e+01 -4.727630078125000100e+01 1.084177680000000000e+02
2.392714642795804400e-02 1.322506832031250000e+03 1.995322239999999900e+02 1.374382875000000000e+03 9.075888000000000500e+01 -5.187604296874999900e+01 1.087733439999999900e+02
2.488265658367549300e-02 1.322500128906250000e+03 1.999455120000000100e+02 1.379686250000000000e+03 9.082952000000000200e+01 -5.718612109375000300e+01 1.091159920000000100e+02
2.585988477045122700e-02 1.322502402343750000e+03 2.002411359999999800e+02 1.384665000000000000e+03 9.083267200000000200e+01 -6.216259765625000000e+01 1.094084640000000000e+02
2.640957562551257700e-02 1.322502324218749900e+03 2.003669360000000100e+02 1.386950374999999900e+03 9.083423999999999400e+01 -6.444805078125000400e+01 1.095326960000000000e+02
2.657963779400056300e-02 1.322501675781250000e+03 2.004092640000000100e+02 1.387661250000000100e+03 9.083820799999999500e+01 -6.515957421874999500e+01 1.095710560000000000e+02
2.667529646360556800e-02 1.322501320312500200e+03 2.004311040000000000e+02 1.388051875000000100e+03 9.083879199999999800e+01 -6.555055468749999600e+01 1.095923120000000100e+02
2.672910527786431800e-02 1.322500796875000100e+03 2.004421439999999800e+02 1.388265000000000100e+03 9.083813600000000600e+01 -6.576420312499999500e+01 1.096040079999999900e+02
2.675937062310944700e-02 1.322498500000000100e+03 2.004467119999999900e+02 1.388378750000000100e+03 9.083668799999999500e+01 -6.588025000000000400e+01 1.096100240000000000e+02
2.677639764266998700e-02 1.322481218749999900e+03 2.004452000000000000e+02 1.388422875000000000e+03 9.083307999999999500e+01 -6.594165624999999400e+01 1.096121200000000000e+02
2.678075061010193000e-02 1.322471781249999800e+03 2.004436079999999800e+02 1.388428124999999900e+03 9.083131199999999700e+01 -6.595634375000000200e+01 1.096122960000000000e+02
2.678319752907054200e-02 1.322471171875000000e+03 2.004414560000000200e+02 1.388433624999999900e+03 9.082940800000000100e+01 -6.596245312499999600e+01 1.096120480000000000e+02
2.678622692396791600e-02 1.322555625000000000e+03 2.004275840000000000e+02 1.388487249999999900e+03 9.082056799999999400e+01 -6.593162499999999700e+01 1.096070160000000000e+02
2.678932652801742400e-02 1.323024304687500000e+03 2.003649760000000100e+02 1.388733375000000000e+03 9.078522399999999900e+01 -6.570907031250000300e+01 1.095797520000000000e+02
2.679630063712881400e-02 1.323146640624999900e+03 2.002434000000000100e+02 1.388796499999999900e+03 9.069545599999999300e+01 -6.564985937500000500e+01 1.095479440000000000e+02
2.681198848212098400e-02 1.322454382812500200e+03 2.003036480000000100e+02 1.388377625000000100e+03 9.073155199999999400e+01 -6.592324218749999400e+01 1.095720960000000000e+02
2.684728808360759300e-02 1.322218109375000000e+03 2.003497679999999800e+02 1.388381500000000000e+03 9.075307200000000300e+01 -6.616339062500000500e+01 1.095966959999999900e+02
2.686714427196499800e-02 1.322397804687500200e+03 2.003186640000000100e+02 1.388570750000000100e+03 9.072846400000000200e+01 -6.617294531250000500e+01 1.095902000000000000e+02
2.691182069576915700e-02 1.322650406250000100e+03 2.001389760000000100e+02 1.388755375000000000e+03 9.059612799999999300e+01 -6.610496874999999800e+01 1.095428480000000100e+02
2.701234199924377700e-02 1.322470437500000100e+03 2.002034400000000000e+02 1.389005625000000000e+03 9.063211200000000600e+01 -6.653518750000000600e+01 1.095713279999999900e+02
2.713673441444193800e-02 1.322467578125000000e+03 2.001230080000000000e+02 1.389288000000000000e+03 9.057386400000000000e+01 -6.682042187499999400e+01 1.095491440000000000e+02
2.720670693572394700e-02 1.322512851562500100e+03 2.001693040000000100e+02 1.389495750000000000e+03 9.061301600000000200e+01 -6.698289843749999800e+01 1.095562880000000000e+02
2.724606566633915000e-02 1.322547374999999900e+03 2.001836720000000000e+02 1.389650374999999900e+03 9.062297599999999400e+01 -6.710299999999999400e+01 1.095606959999999900e+02
2.726820495231020000e-02 1.322551382812500200e+03 2.001889600000000100e+02 1.389734625000000100e+03 9.062545600000000000e+01 -6.718324218749999900e+01 1.095635039999999900e+02
2.728066057596551000e-02 1.322550398437500000e+03 2.001895840000000000e+02 1.389781625000000100e+03 9.062475999999999500e+01 -6.723122656249999800e+01 1.095648240000000000e+02
2.729339703622933600e-02 1.322562953125000100e+03 2.001812160000000100e+02 1.389837250000000000e+03 9.061756800000000600e+01 -6.727429687500000500e+01 1.095636480000000000e+02
2.730056097008536800e-02 1.322648601562499800e+03 2.001619120000000000e+02 1.389924749999999900e+03 9.060318399999999900e+01 -6.727614843749999800e+01 1.095587280000000000e+02
2.730459149548531200e-02 1.322782695312500000e+03 2.001378239999999900e+02 1.390034249999999900e+03 9.058584799999999900e+01 -6.725155468750000400e+01 1.095519760000000000e+02
2.731365887746570200e-02 1.322729484375000100e+03 2.000932960000000100e+02 1.390012750000000100e+03 9.055267999999999500e+01 -6.728326562499999900e+01 1.095406160000000000e+02
2.733405853666735800e-02 1.322397406250000100e+03 2.001258000000000000e+02 1.389834250000000100e+03 9.057432000000000000e+01 -6.743684374999999400e+01 1.095514800000000000e+02
2.737996232046427700e-02 1.322400742187500100e+03 2.001686720000000200e+02 1.390044875000000000e+03 9.059885599999999800e+01 -6.764413281250000400e+01 1.095698160000000000e+02
2.748324518392259900e-02 1.322538257812500000e+03 2.002240160000000100e+02 1.390630375000000000e+03 9.062408800000000000e+01 -6.809211718749999400e+01 1.095999280000000100e+02
2.761105704486329500e-02 1.322504070312500100e+03 2.002547920000000100e+02 1.391150500000000000e+03 9.063060799999999500e+01 -6.864642968750000300e+01 1.096241840000000000e+02
2.768295121664243400e-02 1.322499328124999900e+03 2.002677120000000200e+02 1.391447375000000000e+03 9.063101600000000200e+01 -6.894804687500000300e+01 1.096366960000000000e+02
2.772339168826819900e-02 1.322501312500000000e+03 2.002713680000000000e+02 1.391607375000000000e+03 9.062838399999999700e+01 -6.910606249999999300e+01 1.096429840000000000e+02
2.773373063600380300e-02 1.322499062500000000e+03 2.002701200000000200e+02 1.391641125000000100e+03 9.062596000000000600e+01 -6.914206249999999400e+01 1.096441600000000000e+02
2.774652690406388300e-02 1.322546499999999900e+03 2.002515520000000000e+02 1.391709374999999900e+03 9.060941599999999600e+01 -6.916287500000000000e+01 1.096421359999999900e+02
2.775961441008835100e-02 1.322681539062500000e+03 2.002044799999999900e+02 1.391836749999999900e+03 9.057123199999999500e+01 -6.915521093750000100e+01 1.096332479999999900e+02
2.778905804821968700e-02 1.322425578124999900e+03 2.002136160000000000e+02 1.391714375000000000e+03 9.057460799999999800e+01 -6.928879687500000300e+01 1.096390080000000000e+02
2.785530948443890400e-02 1.322478234375000100e+03 2.002502880000000100e+02 1.392000875000000000e+03 9.059308799999999500e+01 -6.952264062499999400e+01 1.096572000000000000e+02
2.793729297141274400e-02 1.322504367187500100e+03 2.002424320000000100e+02 1.392201749999999900e+03 9.056880800000000400e+01 -6.969738281249999500e+01 1.096736240000000000e+02
2.794882287439555400e-02 1.322535070312500000e+03 2.002196960000000000e+02 1.392216124999999900e+03 9.054637599999999500e+01 -6.968105468749999400e+01 1.096733200000000000e+02
2.795530811978101700e-02 1.322576960937500200e+03 2.001977680000000000e+02 1.392236000000000100e+03 9.052612800000000000e+01 -6.965903906250000000e+01 1.096716400000000000e+02
2.796193898414866700e-02 1.322738718750000100e+03 2.001400960000000000e+02 1.392286750000000000e+03 9.047885599999999300e+01 -6.954803124999999400e+01 1.096612400000000100e+02
2.797014825426971300e-02 1.324995992187500000e+03 1.992989839999999900e+02 1.392089125000000000e+03 8.990151199999999700e+01 -6.709313281250000200e+01 1.093974719999999900e+02
2.797854214845746700e-02 1.323700828125000000e+03 1.993218080000000000e+02 1.391250500000000100e+03 8.986756800000000600e+01 -6.754967187500000100e+01 1.094542400000000000e+02
2.799742841037991900e-02 1.322146429687500100e+03 1.995330880000000200e+02 1.390642000000000100e+03 8.995106400000000200e+01 -6.849557031250000700e+01 1.095820240000000000e+02
2.803992575012914300e-02 1.321621757812500200e+03 1.995261120000000100e+02 1.390527250000000100e+03 8.985863999999999400e+01 -6.890549218750000200e+01 1.096674720000000000e+02
2.813554021397169900e-02 1.322625851562500000e+03 1.996442160000000000e+02 1.391683000000000000e+03 8.989679200000000500e+01 -6.905714843750000400e+01 1.097474240000000000e+02
2.835067665812590300e-02 1.322494429687500100e+03 1.996861920000000100e+02 1.391708125000000100e+03 8.992304000000000000e+01 -6.921369531249999300e+01 1.097631520000000100e+02
2.861690716265656600e-02 1.322510492187499900e+03 1.997939759999999900e+02 1.391871374999999900e+03 9.000534399999999400e+01 -6.936088281249999500e+01 1.097886320000000100e+02
2.888918605562611600e-02 1.322509679687500000e+03 1.998749200000000000e+02 1.392519875000000000e+03 9.002417599999999700e+01 -7.001019531250000200e+01 1.098507440000000100e+02
2.950181811540079600e-02 1.322503093750000100e+03 1.999618240000000100e+02 1.394095125000000100e+03 8.995886400000000500e+01 -7.159203125000000500e+01 1.100029600000000000e+02
3.088023959980908100e-02 1.322503773437500100e+03 2.000448240000000100e+02 1.398006125000000100e+03 8.969245600000000700e+01 -7.550235156249999600e+01 1.103523680000000000e+02
3.258603595923467000e-02 1.322503531250000200e+03 2.000806319999999800e+02 1.401940250000000100e+03 8.937870399999999900e+01 -7.943671874999999700e+01 1.107019280000000000e+02
3.282591462866660300e-02 1.322501406249999900e+03 2.000763680000000000e+02 1.402404125000000000e+03 8.933037600000000100e+01 -7.990271875000000500e+01 1.107459920000000000e+02
3.296084621770087300e-02 1.322502007812499900e+03 2.000725999999999900e+02 1.402654874999999900e+03 8.930164800000000000e+01 -8.015286718749999300e+01 1.107709519999999900e+02
3.299534491478543800e-02 1.322504351562500000e+03 2.000712480000000000e+02 1.402717374999999900e+03 8.929392799999999400e+01 -8.021302343749999900e+01 1.107773200000000000e+02
3.303415757421741800e-02 1.322515437500000000e+03 2.000688480000000000e+02 1.402795249999999900e+03 8.928465599999999800e+01 -8.027981250000000600e+01 1.107841920000000000e+02
3.305356390393340800e-02 1.322578382812500000e+03 2.000594879999999900e+02 1.402873499999999900e+03 8.927303999999999500e+01 -8.029511718749999700e+01 1.107864479999999900e+02
3.305956808660984200e-02 1.322662757812500100e+03 2.000471600000000200e+02 1.402939125000000100e+03 8.926262400000000200e+01 -8.027636718750000000e+01 1.107845360000000000e+02
3.306294332658992600e-02 1.322908742187499900e+03 2.000170640000000000e+02 1.403082500000000000e+03 8.924320000000000200e+01 -8.017375781250000000e+01 1.107738640000000000e+02
3.306639657673903600e-02 1.323823007812500000e+03 1.999077200000000100e+02 1.403582500000000000e+03 8.917724800000000600e+01 -7.975949218750000100e+01 1.107304720000000100e+02
3.307416898991350600e-02 1.323124578125000000e+03 1.998956080000000100e+02 1.403117500000000100e+03 8.915345600000000600e+01 -7.999292187499999300e+01 1.107421520000000000e+02
3.309165366913237300e-02 1.322700257812499800e+03 1.999608320000000100e+02 1.402930249999999900e+03 8.918640000000000600e+01 -8.022999218750000200e+01 1.107744320000000000e+02
3.313099419737479400e-02 1.322160218750000000e+03 1.999992960000000200e+02 1.402655999999999900e+03 8.919512000000000300e+01 -8.049578124999999300e+01 1.108041760000000000e+02
3.314316638408262800e-02 1.322106749999999900e+03 2.000044159999999900e+02 1.402643750000000000e+03 8.919483999999999900e+01 -8.053700000000000600e+01 1.108095760000000100e+02
3.315001307658459900e-02 1.322124023437500000e+03 2.000035440000000100e+02 1.402668249999999900e+03 8.919250400000000000e+01 -8.054422656250000000e+01 1.108110400000000100e+02
3.315701578942463500e-02 1.322251187500000000e+03 1.999874880000000100e+02 1.402758125000000100e+03 8.918045600000000700e+01 -8.050693750000000600e+01 1.108070320000000100e+02
3.316095270262173900e-02 1.322549804687500000e+03 1.999488240000000000e+02 1.402923375000000100e+03 8.915732800000000700e+01 -8.037357031249999300e+01 1.107914960000000000e+02
3.316582833818618900e-02 1.323003976562499900e+03 1.998699039999999900e+02 1.403165999999999900e+03 8.910612799999999800e+01 -8.016202343749999700e+01 1.107637759999999900e+02
3.316856909545815000e-02 1.322992203124999800e+03 1.998466400000000100e+02 1.403139249999999900e+03 8.908810400000000100e+01 -8.014704687500000100e+01 1.107585360000000100e+02
3.317137226086534100e-02 1.322912859375000200e+03 1.998330239999999900e+02 1.403054875000000000e+03 8.907821599999999800e+01 -8.014201562499999900e+01 1.107548080000000000e+02
3.317295066661873200e-02 1.322949750000000200e+03 1.998205920000000000e+02 1.403050750000000100e+03 8.907152800000000100e+01 -8.010099999999999900e+01 1.107490640000000000e+02
3.317650012930965100e-02 1.323628695312500000e+03 1.997373999999999800e+02 1.403402125000000100e+03 8.902746399999999500e+01 -7.977342968749999800e+01 1.107099360000000000e+02
3.318448316994051400e-02 1.323101953124999900e+03 1.997628400000000100e+02 1.403104374999999900e+03 8.902957600000000600e+01 -8.000242187499999600e+01 1.107332640000000100e+02
3.320244891186839600e-02 1.322797007812499900e+03 1.998244720000000100e+02 1.403023375000000000e+03 8.905452800000000500e+01 -8.022636718750000300e+01 1.107699440000000000e+02
3.322468181004228200e-02 1.322335789062500000e+03 1.998403680000000100e+02 1.402799250000000000e+03 8.904537600000000500e+01 -8.046346093750000300e+01 1.107949919999999900e+02
3.323718684013798200e-02 1.322242484375000000e+03 1.998226960000000100e+02 1.402772125000000000e+03 8.902314400000000200e+01 -8.052964062499999900e+01 1.107995520000000100e+02
3.324038525706826000e-02 1.322293289062500000e+03 1.998098479999999900e+02 1.402812249999999900e+03 8.901208800000000600e+01 -8.051896093749999700e+01 1.107977600000000000e+02
3.324757779465293400e-02 1.323268421875000100e+03 1.996551120000000000e+02 1.403411875000000000e+03 8.890409599999999600e+01 -8.014345312499999400e+01 1.107510160000000100e+02
3.326376490472690600e-02 1.323144070312499900e+03 1.995320720000000000e+02 1.403326000000000000e+03 8.880140000000000100e+01 -8.018192968750000200e+01 1.107306720000000000e+02
3.330018785264756600e-02 1.322474640625000100e+03 1.994844800000000200e+02 1.402975750000000100e+03 8.872087200000000000e+01 -8.050110937499999900e+01 1.107636080000000000e+02
3.338213493487585800e-02 1.322175476562500100e+03 1.996217280000000200e+02 1.403219000000000100e+03 8.876372800000000000e+01 -8.104352343749999900e+01 1.108580000000000000e+02
3.348354555427743300e-02 1.322615093749999900e+03 1.996521200000000000e+02 1.403926125000000000e+03 8.875038399999999700e+01 -8.131103124999999900e+01 1.109017360000000000e+02
3.358726007400440100e-02 1.322590031250000000e+03 1.996435280000000000e+02 1.404063875000000100e+03 8.870255199999999700e+01 -8.147384375000000000e+01 1.109409760000000100e+02
3.382061709330531900e-02 1.322476929687499900e+03 1.997296800000000000e+02 1.404191624999999900e+03 8.873522400000000200e+01 -8.171469531249999800e+01 1.109944560000000000e+02
3.434567233698662700e-02 1.322502257812499900e+03 1.997885279999999900e+02 1.404386125000000000e+03 8.875149600000000300e+01 -8.188386718750000200e+01 1.110370320000000000e+02
3.552704793543903100e-02 1.322502867187500000e+03 1.997484000000000000e+02 1.405283375000000000e+03 8.857754400000000300e+01 -8.278050781250000500e+01 1.111708560000000000e+02
3.698900010850694100e-02 1.322500890625000000e+03 1.996141519999999900e+02 1.407268750000000000e+03 8.821004800000000000e+01 -8.476785937500000000e+01 1.114041040000000000e+02
3.781134690568815900e-02 1.322501671874999800e+03 1.995352159999999900e+02 1.408258624999999900e+03 8.800150399999999700e+01 -8.575695312499999500e+01 1.115337119999999900e+02
3.865238493936924700e-02 1.322502554687499900e+03 1.994510640000000000e+02 1.409124000000000000e+03 8.778001600000000300e+01 -8.662144531250000100e+01 1.116710480000000000e+02
3.912546980844196900e-02 1.322499250000000100e+03 1.994004800000000200e+02 1.409543625000000000e+03 8.764781600000000600e+01 -8.704437500000000200e+01 1.117526640000000000e+02
3.927182988723931100e-02 1.322502914062499900e+03 1.993862560000000000e+02 1.409665749999999900e+03 8.760950400000000100e+01 -8.716283593750000600e+01 1.117767520000000000e+02
3.942151579957635400e-02 1.322504546875000000e+03 1.993715520000000100e+02 1.409779125000000000e+03 8.756980000000000100e+01 -8.727457812500000500e+01 1.118017519999999900e+02
3.946782523625223100e-02 1.322540882812500100e+03 1.993634160000000000e+02 1.409833125000000100e+03 8.755430400000000200e+01 -8.729224218749999400e+01 1.118091120000000000e+02
3.951518781021003800e-02 1.322704828124999900e+03 1.993109200000000100e+02 1.410120124999999900e+03 8.748644000000000200e+01 -8.741529687499999600e+01 1.118244799999999900e+02
3.962175230144560100e-02 1.322427742187500100e+03 1.993303040000000100e+02 1.409960375000000100e+03 8.747599200000000500e+01 -8.753263281249999700e+01 1.118543119999999900e+02
3.986151915630192100e-02 1.322490062500000000e+03 1.993216879999999900e+02 1.410123125000000100e+03 8.744235200000000000e+01 -8.763306249999999400e+01 1.118793360000000000e+02
4.040100108057605900e-02 1.322503117187500000e+03 1.992918399999999800e+02 1.410497750000000000e+03 8.734950399999999600e+01 -8.799463281250000100e+01 1.119423360000000000e+02
4.106860690646701300e-02 1.322502195312500100e+03 1.992608480000000100e+02 1.411041625000000100e+03 8.722403199999999400e+01 -8.853942968750000400e+01 1.120368160000000000e+02
4.123930355766312200e-02 1.322506234375000100e+03 1.992526800000000000e+02 1.411141625000000000e+03 8.719337600000000100e+01 -8.863539062499999900e+01 1.120593040000000000e+02
4.129211124141929400e-02 1.322528570312500100e+03 1.992473440000000000e+02 1.411186124999999900e+03 8.718109599999999700e+01 -8.865755468749999600e+01 1.120662480000000000e+02
4.132181491344740600e-02 1.322600687500000000e+03 1.992311760000000000e+02 1.411300750000000100e+03 8.715898400000000400e+01 -8.870006250000000100e+01 1.120721920000000000e+02
4.135219727394608100e-02 1.322510687500000100e+03 1.992328000000000000e+02 1.411262500000000000e+03 8.715210399999999400e+01 -8.875181250000000000e+01 1.120806960000000000e+02
4.138979037440221300e-02 1.322515945312500000e+03 1.992189920000000100e+02 1.411329375000000000e+03 8.712863199999999600e+01 -8.881342968750000500e+01 1.120903600000000000e+02
4.142824158671767900e-02 1.322532898437500100e+03 1.991746080000000100e+02 1.411520125000000000e+03 8.706544800000000400e+01 -8.898722656249999800e+01 1.121091600000000000e+02
4.151475226383430400e-02 1.322371687500000000e+03 1.992205440000000200e+02 1.411397625000000100e+03 8.709000799999999700e+01 -8.902593749999999800e+01 1.121305360000000100e+02
4.170940583793988200e-02 1.322515460937499900e+03 1.992198239999999900e+02 1.411519749999999900e+03 8.708211199999999500e+01 -8.900428906250000700e+01 1.121377119999999900e+02
4.214737052891477000e-02 1.322506039062499900e+03 1.992123760000000100e+02 1.411620124999999900e+03 8.703928000000000500e+01 -8.911408593749999300e+01 1.121730960000000000e+02
4.268935397927583300e-02 1.322501218749999900e+03 1.992009439999999900e+02 1.411995249999999900e+03 8.695467200000000200e+01 -8.949403125000000600e+01 1.122462720000000000e+02
4.299422032018868100e-02 1.322503414062500000e+03 1.991915920000000100e+02 1.412222625000000100e+03 8.690426399999999800e+01 -8.971921093749999400e+01 1.122873280000000000e+02
4.316570747443096400e-02 1.322509367187500200e+03 1.991841360000000000e+02 1.412394250000000100e+03 8.687382399999999900e+01 -8.988488281249999500e+01 1.123103120000000000e+02
4.334109253678585000e-02 1.322492375000000000e+03 1.991708720000000000e+02 1.412588500000000100e+03 8.683138400000000000e+01 -9.009612500000000100e+01 1.123394880000000000e+02
4.343974419654268000e-02 1.322490859374999900e+03 1.991642799999999900e+02 1.412688500000000000e+03 8.680953599999999400e+01 -9.019764062500000500e+01 1.123547440000000000e+02
4.353685645563064300e-02 1.322530601562499900e+03 1.991296879999999900e+02 1.412918249999999900e+03 8.675754399999999600e+01 -9.038764843750000500e+01 1.123721440000000100e+02
4.355402649383440700e-02 1.322492750000000100e+03 1.991297680000000100e+02 1.412912250000000100e+03 8.675370399999999900e+01 -9.041949999999999900e+01 1.123760640000000000e+02
4.356368155242149700e-02 1.322480539062500200e+03 1.991309120000000000e+02 1.412913125000000000e+03 8.675265600000000200e+01 -9.043258593749999400e+01 1.123782559999999900e+02
4.357356024015981300e-02 1.322476992187499900e+03 1.991310880000000100e+02 1.412921875000000000e+03 8.675094400000000400e+01 -9.044488281249999800e+01 1.123801440000000000e+02
4.357911456419483900e-02 1.322481015625000100e+03 1.991311599999999900e+02 1.412931875000000000e+03 8.675003999999999800e+01 -9.045085937499999300e+01 1.123811200000000000e+02
4.358224017163402100e-02 1.322488578125000000e+03 1.991315359999999800e+02 1.412941499999999900e+03 8.674981599999999600e+01 -9.045292187500000100e+01 1.123817200000000000e+02
4.358927148820269900e-02 1.323895726562499900e+03 1.990602959999999900e+02 1.413450624999999900e+03 8.675475199999999600e+01 -8.955489843750000000e+01 1.123055440000000000e+02
4.360509195048221900e-02 1.323372124999999900e+03 1.990146320000000100e+02 1.413180750000000000e+03 8.672633600000000300e+01 -8.980862500000000600e+01 1.122882960000000000e+02
4.364068799061114600e-02 1.322101132812500100e+03 1.990867920000000000e+02 1.412557000000000000e+03 8.673904799999999700e+01 -9.045586718750000400e+01 1.123477440000000100e+02
4.372077843081650200e-02 1.322343437499999900e+03 1.990932000000000200e+02 1.412892875000000000e+03 8.672488800000000700e+01 -9.054943749999999600e+01 1.123683120000000000e+02
4.390098192127854500e-02 1.322479382812500000e+03 1.990926240000000000e+02 1.413236875000000100e+03 8.669028000000000100e+01 -9.075749218750000600e+01 1.124023440000000000e+02
4.430643717447916400e-02 1.322502976562500200e+03 1.991127760000000000e+02 1.413404500000000100e+03 8.667072799999999700e+01 -9.090152343750000300e+01 1.124420480000000000e+02
4.521871409451953100e-02 1.322502976562500000e+03 1.991107040000000000e+02 1.413984375000000000e+03 8.656710400000000000e+01 -9.148139843750000500e+01 1.125436000000000000e+02
4.573186498640666900e-02 1.322502031249999800e+03 1.991070560000000000e+02 1.414346749999999900e+03 8.650445600000000500e+01 -9.184471874999999800e+01 1.126026000000000000e+02
4.602051821385586700e-02 1.322502718750000000e+03 1.991054560000000000e+02 1.414582124999999900e+03 8.647127999999999300e+01 -9.207940625000000500e+01 1.126341760000000000e+02
4.606110950514176500e-02 1.322510476562499900e+03 1.991055440000000100e+02 1.414622625000000000e+03 8.646697600000000300e+01 -9.211214843749999700e+01 1.126385680000000100e+02
4.611133765264197700e-02 1.322573671874999900e+03 1.991075280000000000e+02 1.414698875000000000e+03 8.646440800000000600e+01 -9.212520312499999900e+01 1.126431200000000000e+02
4.612418332714244400e-02 1.323313585937500200e+03 1.990596640000000000e+02 1.415011625000000100e+03 8.646016799999999600e+01 -9.169803906250000100e+01 1.125994960000000000e+02
4.615308349442953000e-02 1.323002242187500100e+03 1.989751760000000000e+02 1.414682125000000000e+03 8.642271999999999800e+01 -9.167988281249999700e+01 1.125524560000000100e+02
4.621810236997805200e-02 1.322023937500000100e+03 1.990597040000000100e+02 1.414233625000000100e+03 8.644145600000000200e+01 -9.220968750000000100e+01 1.126182479999999900e+02
4.636439223962327000e-02 1.322545171875000100e+03 1.990745039999999900e+02 1.414770625000000100e+03 8.643764799999999600e+01 -9.222545312500000100e+01 1.126368559999999900e+02
4.649914700560774800e-02 1.322519703125000000e+03 1.990647199999999900e+02 1.414743250000000000e+03 8.641231200000000000e+01 -9.222354687499999700e+01 1.126524079999999900e+02
4.650550743472275200e-02 1.322489374999999900e+03 1.990635520000000200e+02 1.414710750000000000e+03 8.641025600000000400e+01 -9.222137499999999500e+01 1.126532960000000000e+02
4.651201868349788500e-02 1.322452484374999800e+03 1.990624159999999800e+02 1.414662499999999900e+03 8.640777599999999800e+01 -9.221001562499999700e+01 1.126546400000000000e+02
4.651567996076441700e-02 1.322432859375000100e+03 1.990615359999999900e+02 1.414626375000000100e+03 8.640591200000000100e+01 -9.219351562500000300e+01 1.126556240000000000e+02
4.652020975124616200e-02 1.322625976562500000e+03 1.990236720000000000e+02 1.414520250000000000e+03 8.638902400000000600e+01 -9.189427343750000400e+01 1.126346480000000000e+02
4.652484355528661900e-02 1.323777578125000000e+03 1.987794799999999800e+02 1.414241125000000000e+03 8.629388799999999500e+01 -9.046354687500000600e+01 1.124855920000000000e+02
4.653527091454712200e-02 1.325220351562500100e+03 1.982714479999999900e+02 1.414279500000000100e+03 8.605140799999999500e+01 -8.905914843749999900e+01 1.122200400000000000e+02
4.655873117271376600e-02 1.322392523437500100e+03 1.984206080000000200e+02 1.412829625000000100e+03 8.608183200000000600e+01 -9.043710156250000400e+01 1.123387760000000000e+02
4.661151805375819700e-02 1.321698179687500000e+03 1.986856559999999900e+02 1.412772375000000000e+03 8.619064799999999600e+01 -9.107419531249999500e+01 1.124950080000000000e+02
4.673028073509127900e-02 1.322558046875000200e+03 1.987789760000000000e+02 1.413670000000000100e+03 8.623180800000000100e+01 -9.111195312499999900e+01 1.125471680000000000e+02
4.699750716944656900e-02 1.322512476562500100e+03 1.988684160000000200e+02 1.413748250000000100e+03 8.627204000000000400e+01 -9.123577343750000100e+01 1.125963760000000100e+02
4.759875754555960300e-02 1.322506101562500100e+03 1.988217359999999900e+02 1.414615500000000100e+03 8.611297600000000300e+01 -9.210939843750000500e+01 1.127087600000000000e+02
4.895157349215287900e-02 1.322502421875000000e+03 1.988869359999999900e+02 1.415480624999999900e+03 8.599796800000000000e+01 -9.297820312499999300e+01 1.128889680000000100e+02
4.971253668766242200e-02 1.322502101562500000e+03 1.989181520000000200e+02 1.415840750000000100e+03 8.594940800000000500e+01 -9.333864843749999800e+01 1.129687440000000000e+02
5.014057848513654700e-02 1.322502250000000000e+03 1.989330800000000200e+02 1.416069000000000000e+03 8.592486399999999900e+01 -9.356674999999999900e+01 1.130082160000000000e+02
5.110366602860588700e-02 1.322502054687500000e+03 1.989696960000000000e+02 1.416532250000000000e+03 8.586472799999999900e+01 -9.403019531249999800e+01 1.131049680000000000e+02
5.327061690192037200e-02 1.322502437500000000e+03 1.990763440000000100e+02 1.417060125000000000e+03 8.573840800000000700e+01 -9.455768750000000000e+01 1.133379360000000000e+02
5.595222166304533000e-02 1.322501625000000100e+03 1.992551040000000200e+02 1.417106375000000100e+03 8.559801600000000100e+01 -9.460474999999999600e+01 1.136570880000000000e+02
5.612363080711858800e-02 1.322500890625000000e+03 1.992686960000000100e+02 1.417110375000000000e+03 8.559045600000000300e+01 -9.460948437499999400e+01 1.136782400000000000e+02
5.622004617536319200e-02 1.322503046875000100e+03 1.992761520000000000e+02 1.417112750000000000e+03 8.558609599999999800e+01 -9.460970312499999600e+01 1.136900560000000000e+02
5.631495854768447200e-02 1.322507867187499900e+03 1.992839439999999900e+02 1.417117125000000000e+03 8.558203199999999800e+01 -9.460925781250000500e+01 1.137019119999999900e+02
5.632258794221572200e-02 1.322513757812500000e+03 1.992845360000000000e+02 1.417118125000000000e+03 8.558162400000000500e+01 -9.460436718750000300e+01 1.137029120000000000e+02
5.633202717266849700e-02 1.322521171874999900e+03 1.992847199999999900e+02 1.417115000000000000e+03 8.558071999999999900e+01 -9.459382812500000200e+01 1.137039999999999900e+02
5.633444028723053100e-02 1.322524601562500000e+03 1.992847679999999900e+02 1.417114250000000100e+03 8.558047200000000000e+01 -9.458964843750000300e+01 1.137042960000000000e+02
5.633742547636545100e-02 1.322534320312500100e+03 1.992849039999999800e+02 1.417114375000000100e+03 8.558016800000000000e+01 -9.458005468749999500e+01 1.137047360000000000e+02
5.634047827431353700e-02 1.322664648437500100e+03 1.992754960000000000e+02 1.417123125000000100e+03 8.557904000000000600e+01 -9.445847656249999600e+01 1.136964560000000000e+02
5.634219449803222500e-02 1.322928546874999900e+03 1.992530720000000000e+02 1.417148500000000000e+03 8.557618399999999800e+01 -9.421995312500000400e+01 1.136768880000000100e+02
5.634316182412822000e-02 1.323163164062500100e+03 1.992325040000000100e+02 1.417173125000000000e+03 8.557324800000000700e+01 -9.400996093749999700e+01 1.136592560000000000e+02
5.634533570750521100e-02 1.323914187500000000e+03 1.991607920000000100e+02 1.417285125000000100e+03 8.555854399999999800e+01 -9.337093749999999700e+01 1.136022480000000000e+02
5.635022954544243600e-02 1.325168843750000200e+03 1.989293759999999900e+02 1.417402250000000100e+03 8.546769600000000400e+01 -9.223340625000000200e+01 1.134616800000000000e+02
5.636123417995377000e-02 1.323551617187499900e+03 1.988460240000000000e+02 1.416437124999999900e+03 8.538700000000000000e+01 -9.288550781249999500e+01 1.134590240000000000e+02
5.638600500896014100e-02 1.322336218749999900e+03 1.990044000000000000e+02 1.415908375000000000e+03 8.544555200000000600e+01 -9.357215625000000600e+01 1.135588480000000000e+02
5.644173027303808100e-02 1.321763664062500100e+03 1.991441679999999800e+02 1.415849750000000100e+03 8.547577599999999600e+01 -9.408608593750000200e+01 1.136683920000000000e+02
5.656710821670500600e-02 1.322639164062500000e+03 1.992092240000000100e+02 1.416622875000000000e+03 8.551239200000000600e+01 -9.398371093750000700e+01 1.136968320000000000e+02
5.684921899131145000e-02 1.322501335937500000e+03 1.992590319999999900e+02 1.416612750000000000e+03 8.550987999999999500e+01 -9.411141406250000300e+01 1.137491520000000000e+02
5.748395653265060000e-02 1.322502539062500100e+03 1.993323839999999900e+02 1.416646250000000000e+03 8.548864799999999800e+01 -9.414371093750000300e+01 1.138437360000000100e+02
5.891213030252800300e-02 1.322502257812499900e+03 1.994617759999999900e+02 1.416708500000000000e+03 8.543669599999999800e+01 -9.420624218749999600e+01 1.140250800000000000e+02
5.971547382253322700e-02 1.322502429687499900e+03 1.995349200000000000e+02 1.416691499999999900e+03 8.540711199999999800e+01 -9.418907031249999300e+01 1.141278080000000000e+02
5.982844294864625400e-02 1.322502039062500000e+03 1.995456320000000100e+02 1.416685375000000000e+03 8.540308000000000300e+01 -9.418333593750000400e+01 1.141425519999999900e+02
5.989199003233906100e-02 1.322504468749999900e+03 1.995509920000000100e+02 1.416676125000000000e+03 8.540014399999999700e+01 -9.417165624999999800e+01 1.141508480000000000e+02
5.991164859493491900e-02 1.322506531250000100e+03 1.995524080000000100e+02 1.416670875000000000e+03 8.539898399999999900e+01 -9.416434375000000000e+01 1.141534240000000000e+02
5.992271043690354500e-02 1.322508710937500200e+03 1.995530640000000100e+02 1.416666625000000100e+03 8.539820000000000300e+01 -9.415791406249999800e+01 1.141548640000000000e+02
5.993401671073513000e-02 1.322513968750000000e+03 1.995534720000000000e+02 1.416659750000000000e+03 8.539712799999999500e+01 -9.414578124999999900e+01 1.141563440000000000e+02
5.994038234052807100e-02 1.322522500000000000e+03 1.995535199999999900e+02 1.416654749999999900e+03 8.539631199999999500e+01 -9.413224999999999900e+01 1.141572080000000000e+02
5.995469460620632400e-02 1.322761234375000000e+03 1.995133200000000200e+02 1.416649500000000000e+03 8.537431200000000300e+01 -9.388826562500000300e+01 1.141390080000000000e+02
5.998690240466033500e-02 1.322440460937500100e+03 1.995165759999999900e+02 1.416406750000000100e+03 8.536569600000000000e+01 -9.396628906249999600e+01 1.141508800000000000e+02
6.000501636590937400e-02 1.322737140625000200e+03 1.994512640000000100e+02 1.416343000000000100e+03 8.533584000000000500e+01 -9.360585937499999400e+01 1.141154240000000000e+02
6.001520449398485600e-02 1.322711914062500000e+03 1.994167200000000000e+02 1.416218875000000000e+03 8.531435999999999400e+01 -9.350696093749999700e+01 1.141023600000000000e+02
6.002094084174761100e-02 1.322611242187500000e+03 1.994122320000000200e+02 1.416127250000000000e+03 8.530936800000000600e+01 -9.351600781250000700e+01 1.141028640000000000e+02
6.002416526206756600e-02 1.322587398437500000e+03 1.994087360000000000e+02 1.416085750000000000e+03 8.530717599999999800e+01 -9.349835156250000500e+01 1.141015600000000100e+02
6.003142020778747000e-02 1.323338578125000100e+03 1.992672640000000100e+02 1.415963625000000100e+03 8.525943999999999800e+01 -9.262504687499999500e+01 1.140078240000000000e+02
6.004773993514878800e-02 1.322912390624999900e+03 1.991410000000000200e+02 1.415341375000000000e+03 8.517734400000000500e+01 -9.242898437499999900e+01 1.139636560000000000e+02
6.008446712272867700e-02 1.321897937500000100e+03 1.992761360000000100e+02 1.414931250000000100e+03 8.520873600000000200e+01 -9.303331249999999400e+01 1.140674000000000100e+02
6.016710069444444100e-02 1.322398414062500000e+03 1.993725120000000000e+02 1.415467000000000100e+03 8.523837600000000200e+01 -9.306858593750000400e+01 1.141341360000000000e+02
6.035303013131336500e-02 1.322553414062500000e+03 1.994231760000000100e+02 1.415467500000000000e+03 8.526067200000000000e+01 -9.291408593750000500e+01 1.141625040000000000e+02
6.058311852453188200e-02 1.322503320312499900e+03 1.994669119999999800e+02 1.415423000000000000e+03 8.525609599999999900e+01 -9.291967968749999300e+01 1.142108159999999900e+02
6.064194339265933200e-02 1.322501859375000100e+03 1.994749520000000000e+02 1.415385125000000000e+03 8.525216000000000300e+01 -9.288326562500000700e+01 1.142227920000000000e+02
6.065021767125457200e-02 1.322502562499999800e+03 1.994757119999999900e+02 1.415375624999999900e+03 8.525123200000000200e+01 -9.287306250000000300e+01 1.142244800000000000e+02
6.066045780610940900e-02 1.322509960937500000e+03 1.994753360000000000e+02 1.415348500000000100e+03 8.524868800000000100e+01 -9.283853906250000400e+01 1.142266480000000000e+02
6.066307374711091300e-02 1.322516312499999900e+03 1.994748480000000100e+02 1.415339125000000000e+03 8.524770399999999900e+01 -9.282281249999999800e+01 1.142271440000000000e+02
6.066896091453380400e-02 1.322704773437500100e+03 1.994543280000000000e+02 1.415332625000000000e+03 8.523731200000000300e+01 -9.262785156249999800e+01 1.142170160000000000e+02
6.068221224191323200e-02 1.322623046875000000e+03 1.994371120000000100e+02 1.415229000000000000e+03 8.521952799999999700e+01 -9.260595312499999900e+01 1.142175840000000000e+02
6.071202772851695000e-02 1.322421203125000100e+03 1.994512560000000000e+02 1.415059375000000000e+03 8.522281599999999500e+01 -9.263817187499999800e+01 1.142284400000000100e+02
6.077911647388377400e-02 1.322477812500000000e+03 1.994571120000000000e+02 1.415018000000000000e+03 8.521571199999999600e+01 -9.254018750000000200e+01 1.142414000000000000e+02
6.093005574960325100e-02 1.322513507812499900e+03 1.994652320000000100e+02 1.414892000000000100e+03 8.519931200000000600e+01 -9.237849218750000100e+01 1.142659199999999900e+02
6.126967562081948200e-02 1.322501882812499800e+03 1.994955440000000000e+02 1.414585499999999900e+03 8.516863999999999600e+01 -9.208361718749999600e+01 1.143269040000000000e+02
6.203382163122549800e-02 1.322502414062500100e+03 1.996019920000000000e+02 1.414396750000000100e+03 8.514336799999999500e+01 -9.189433593750000300e+01 1.144586240000000000e+02
6.375314495396110200e-02 1.322502781250000200e+03 1.997466800000000000e+02 1.413643375000000100e+03 8.505853600000000400e+01 -9.114059374999999400e+01 1.146881439999999900e+02
6.472026822350832000e-02 1.322502507812500000e+03 1.998613760000000100e+02 1.413497374999999900e+03 8.504153599999999400e+01 -9.099486718750000600e+01 1.148198400000000000e+02
6.526427473758626700e-02 1.322501632812500000e+03 1.999241920000000100e+02 1.413439000000000100e+03 8.503688800000000500e+01 -9.093736718750000100e+01 1.148873040000000000e+02
6.557027742662799300e-02 1.322501828125000000e+03 1.999569520000000000e+02 1.413371374999999900e+03 8.503163200000000200e+01 -9.086954687499999700e+01 1.149253200000000000e+02
6.574240426425635700e-02 1.322498421875000100e+03 1.999669600000000000e+02 1.413254625000000000e+03 8.502131199999999500e+01 -9.075620312499999900e+01 1.149456480000000100e+02
6.583922528537991500e-02 1.322506546874999900e+03 1.999778479999999900e+02 1.413231874999999900e+03 8.501927200000000100e+01 -9.072532812500000400e+01 1.149585759999999900e+02
6.589368678471956000e-02 1.322501734375000100e+03 1.999833760000000200e+02 1.413209750000000000e+03 8.501772800000000500e+01 -9.070801562500000200e+01 1.149656480000000000e+02
6.594729537287778700e-02 1.322491828125000000e+03 1.999850720000000000e+02 1.413157625000000100e+03 8.501339199999999600e+01 -9.066579687499999800e+01 1.149716800000000100e+02
6.596453041955574500e-02 1.322477304687500000e+03 1.999831759999999900e+02 1.413115500000000100e+03 8.501001599999999300e+01 -9.063819531250000200e+01 1.149731599999999900e+02
6.597421928254941500e-02 1.322496953124999900e+03 1.999702800000000000e+02 1.413073249999999900e+03 8.499986400000000200e+01 -9.057629687499999700e+01 1.149704160000000000e+02
6.597967479370366000e-02 1.322597406249999900e+03 1.999234160000000000e+02 1.412981000000000000e+03 8.497234400000000700e+01 -9.038359375000000300e+01 1.149510720000000000e+02
6.599194319295330300e-02 1.323413640625000000e+03 1.995637519999999900e+02 1.412533875000000100e+03 8.477431199999999500e+01 -8.912023437499999500e+01 1.147894400000000000e+02
6.601954319075653600e-02 1.322526218750000000e+03 1.996422640000000100e+02 1.412073374999999900e+03 8.478537599999999900e+01 -8.954715625000000000e+01 1.148568880000000000e+02
6.608164968666123400e-02 1.322096679687500000e+03 1.997598320000000200e+02 1.411981375000000100e+03 8.481616800000000500e+01 -8.988469531250000000e+01 1.149436640000000000e+02
6.622138670210782300e-02 1.322581382812499900e+03 1.998219199999999800e+02 1.412142625000000000e+03 8.486750399999999700e+01 -8.956124218750000000e+01 1.149544159999999900e+02
6.653579888737111400e-02 1.322507570312499900e+03 1.998818400000000100e+02 1.411963999999999900e+03 8.488371200000000300e+01 -8.945642968750000500e+01 1.149981279999999900e+02
6.724322110353558900e-02 1.322502679687499900e+03 1.999964320000000000e+02 1.411786374999999900e+03 8.488648800000000000e+01 -8.928369531250000100e+01 1.151099440000000000e+02
6.811865122040355900e-02 1.322502007812500100e+03 2.001052880000000000e+02 1.411519250000000100e+03 8.487548800000000400e+01 -8.901724218750000300e+01 1.152298000000000000e+02
6.901398433173035200e-02 1.322502148437500000e+03 2.002105760000000000e+02 1.411318375000000100e+03 8.486436799999999900e+01 -8.881622656250000600e+01 1.153462080000000000e+02
7.000000166421693800e-02 1.322500453125000100e+03 2.003101120000000000e+02 1.410974500000000000e+03 8.484133599999999800e+01 -8.847404687499999900e+01 1.154687760000000100e+02
