0.000000000000000000e+00 0.000000000000000000e+00 0.000000000000000000e+00 0.000000000000000000e+00 0.000000000000000000e+00 0.000000000000000000e+00 0.000000000000000000e+00
4.196452943769416300e-07 1.536784343750000100e+03 9.451179199218751000e-04 1.137790625000000100e+03 1.382237426757812600e-03 3.989937187500000300e+02 -4.371195068359375000e-04
1.400411250888691600e-03 1.536781749999999900e+03 2.564673599999999700e+01 1.131237500000000000e+03 1.468925700000000000e+01 4.055442499999999800e+02 1.095747899999999900e+01
4.025395581246072300e-03 1.536783687499999800e+03 7.295019399999999600e+01 1.114328874999999900e+03 4.102546399999999900e+01 4.224548125000000000e+02 3.192473000000000000e+01
4.228421596742928100e-03 1.536783531250000100e+03 7.656927600000000200e+01 1.112913250000000100e+03 4.300715600000000200e+01 4.238702812500000100e+02 3.356212000000000000e+01
4.280331838512875500e-03 1.536785093750000000e+03 7.749001599999999700e+01 1.112569375000000000e+03 4.350597200000000000e+01 4.242157187500000100e+02 3.398404399999999700e+01
4.397129313671109500e-03 1.536785781250000100e+03 7.955131600000000000e+01 1.111853750000000000e+03 4.460733599999999700e+01 4.249320312500000200e+02 3.494398000000000300e+01
4.462828177859690800e-03 1.536784531250000100e+03 8.070794800000000200e+01 1.111464750000000100e+03 4.522096400000000200e+01 4.253197812500000100e+02 3.548698400000000000e+01
4.544130376023992700e-03 1.536789843750000000e+03 8.212954399999999600e+01 1.111018375000000100e+03 4.596688799999999700e+01 4.257714687500000000e+02 3.616265599999999800e+01
4.627280115024850000e-03 1.536783843750000000e+03 8.357872399999999400e+01 1.110586875000000000e+03 4.671781200000000200e+01 4.261969687500000000e+02 3.686091199999999900e+01
4.730178128315952300e-03 1.536785406250000100e+03 8.536380400000000200e+01 1.110090375000000000e+03 4.763493600000000300e+01 4.266950312500000000e+02 3.772886799999999900e+01
4.835414821466135300e-03 1.536786687500000000e+03 8.717367999999999000e+01 1.109650625000000000e+03 4.854885600000000100e+01 4.271360624999999800e+02 3.862482399999999700e+01
4.965645322689168200e-03 1.536874249999999800e+03 8.924487999999999500e+01 1.109963000000000000e+03 4.941478800000000100e+01 4.269112500000000000e+02 3.983009200000000000e+01
5.098835334699822000e-03 1.536764843750000000e+03 9.150533999999999000e+01 1.109960750000000000e+03 5.043128399999999800e+01 4.268040937499999900e+02 4.107405599999999900e+01
5.173754675825518000e-03 1.536810437500000000e+03 9.270539600000000700e+01 1.110107125000000000e+03 5.095049199999999700e+01 4.267033124999999800e+02 4.175490400000000300e+01
5.215897069305648600e-03 1.536779593750000000e+03 9.337803199999999000e+01 1.110203000000000000e+03 5.123318799999999800e+01 4.265765937499999700e+02 4.214484399999999900e+01
5.310716804551200000e-03 1.536797375000000100e+03 9.488480800000000700e+01 1.110623250000000100e+03 5.184038000000000300e+01 4.261741250000000000e+02 4.304442800000000300e+01
5.524061290114285300e-03 1.536779156250000100e+03 9.833208799999999900e+01 1.111199125000000100e+03 5.331099199999999900e+01 4.255800312499999900e+02 4.502109600000000000e+01
5.644068233643410500e-03 1.536791593749999900e+03 1.002243840000000000e+02 1.111665250000000000e+03 5.409003599999999800e+01 4.251263437499999900e+02 4.613434800000000300e+01
5.792576192428079300e-03 1.536810218749999900e+03 1.025199920000000000e+02 1.112546624999999900e+03 5.498358799999999700e+01 4.242635937499999800e+02 4.753640399999999700e+01
5.830546992119266800e-03 1.536745156250000000e+03 1.030396240000000000e+02 1.113034875000000100e+03 5.514289999999999700e+01 4.237102812499999800e+02 4.789672399999999900e+01
5.915981128903253400e-03 1.536766531250000100e+03 1.043478200000000000e+02 1.113777125000000100e+03 5.561939600000000200e+01 4.229894062500000000e+02 4.872842399999999700e+01
6.108207936667225600e-03 1.536785156250000000e+03 1.072626160000000100e+02 1.115120750000000000e+03 5.671918399999999800e+01 4.216644062500000100e+02 5.054343200000000300e+01
6.540719066742088800e-03 1.536786125000000100e+03 1.136372440000000100e+02 1.119231500000000100e+03 5.893429600000000300e+01 4.175546249999999900e+02 5.470294799999999900e+01
7.513869271931716100e-03 1.536786031250000000e+03 1.274600720000000000e+02 1.129568749999999900e+03 6.344232000000000200e+01 4.072172812499999800e+02 6.401775200000000200e+01
8.718142155164263300e-03 1.536787281250000000e+03 1.436101600000000100e+02 1.144922125000000100e+03 6.812641600000000600e+01 3.918651562499999800e+02 7.548374400000000200e+01
9.333963530682833400e-03 1.536784781249999900e+03 1.514740640000000000e+02 1.153314374999999900e+03 7.017424800000000600e+01 3.834704062500000000e+02 8.129981600000000700e+01
9.641874218442118500e-03 1.536786500000000200e+03 1.553182560000000200e+02 1.157616250000000000e+03 7.111932000000000200e+01 3.791702500000000100e+02 8.419893600000000300e+01
1.033467277833695400e-02 1.536783656250000100e+03 1.637742799999999800e+02 1.167574125000000100e+03 7.312177599999999700e+01 3.692095312500000000e+02 9.065250399999999300e+01
1.189347067574863000e-02 1.536784187499999900e+03 1.819256159999999900e+02 1.189918124999999900e+03 7.724536000000000500e+01 3.468660625000000000e+02 1.046802560000000000e+02
1.237572434002148800e-02 1.536779187500000000e+03 1.871617919999999900e+02 1.198567125000000000e+03 7.845720799999999400e+01 3.382120625000000000e+02 1.087045840000000000e+02
1.264699170113260000e-02 1.536783437500000000e+03 1.899716880000000000e+02 1.204324875000000000e+03 7.913402399999999700e+01 3.324585625000000300e+02 1.108376640000000000e+02
1.292442316576665800e-02 1.536781218749999900e+03 1.927449680000000000e+02 1.210816750000000000e+03 7.980496800000000200e+01 3.259644687499999800e+02 1.129400000000000000e+02
1.354864753665937000e-02 1.536782781250000000e+03 1.986901200000000100e+02 1.226457000000000100e+03 8.119652000000000700e+01 3.103257812499999800e+02 1.174936000000000000e+02
1.495314912074426400e-02 1.536781874999999900e+03 2.110604400000000000e+02 1.266010624999999900e+03 8.406943200000000600e+01 2.707712500000000100e+02 1.269910079999999900e+02
1.574318150557379300e-02 1.536782140625000000e+03 2.174499839999999700e+02 1.289591750000000000e+03 8.551303199999999500e+01 2.471903906249999900e+02 1.319369519999999900e+02
1.752075502152497900e-02 1.536781515625000100e+03 2.304097999999999900e+02 1.342513625000000000e+03 8.841381599999999700e+01 1.942678906250000100e+02 1.419959839999999900e+02
1.972050136990017400e-02 1.536782187500000000e+03 2.419783679999999900e+02 1.396004375000000000e+03 9.151817599999999700e+01 1.407778125000000100e+02 1.504601920000000100e+02
2.095785836581884700e-02 1.536784640625000100e+03 2.467835520000000100e+02 1.420729750000000000e+03 9.303185600000000500e+01 1.160548906250000000e+02 1.537516960000000100e+02
2.222333672750378300e-02 1.536826890625000000e+03 2.506759040000000000e+02 1.447670499999999900e+03 9.369745600000000300e+01 8.915639062500000000e+01 1.569784479999999900e+02
2.261484636282059400e-02 1.536777531250000000e+03 2.517513280000000000e+02 1.455226249999999900e+03 9.398627200000000000e+01 8.155128125000000200e+01 1.577650559999999900e+02
2.271494641138244200e-02 1.536789140625000100e+03 2.520084880000000000e+02 1.457025875000000000e+03 9.406699999999999300e+01 7.976326562500000300e+01 1.579414879999999900e+02
2.283882135912603300e-02 1.536808531250000000e+03 2.523155199999999900e+02 1.459332249999999900e+03 9.416123199999999800e+01 7.747628125000000000e+01 1.581542880000000100e+02
2.287049608809166000e-02 1.537038234375000000e+03 2.521063600000000000e+02 1.460510749999999900e+03 9.404540000000000100e+01 7.652748437500000000e+01 1.580609599999999900e+02
2.294175837750165100e-02 1.536477859375000000e+03 2.524435120000000000e+02 1.461012250000000000e+03 9.424251999999999900e+01 7.546560937500000000e+01 1.582009920000000100e+02
2.310210047892834900e-02 1.536806437499999900e+03 2.528567600000000100e+02 1.464012125000000000e+03 9.437251999999999400e+01 7.279431250000000400e+01 1.584842400000000000e+02
2.346287410764687600e-02 1.536784437500000000e+03 2.537344960000000100e+02 1.470416874999999900e+03 9.462703999999999400e+01 6.636756250000000500e+01 1.591074560000000100e+02
2.427461152183985100e-02 1.536788253906250000e+03 2.554350160000000200e+02 1.482690250000000100e+03 9.522000800000000700e+01 5.409800390625000000e+01 1.602150080000000100e+02
2.527913546675959400e-02 1.536781769531249900e+03 2.573283040000000000e+02 1.497079125000000000e+03 9.583804800000000100e+01 3.970264453125000200e+01 1.614902559999999900e+02
2.542039628084126800e-02 1.536783671875000000e+03 2.575800560000000100e+02 1.498968625000000000e+03 9.592344799999999300e+01 3.781504687500000000e+01 1.616566080000000100e+02
2.549985483867746300e-02 1.536792160156250000e+03 2.577167920000000000e+02 1.500010749999999900e+03 9.596891999999999700e+01 3.678141015624999700e+01 1.617478720000000000e+02
2.552017128703215300e-02 1.536821160156249800e+03 2.577444160000000000e+02 1.500262874999999900e+03 9.597681599999999900e+01 3.655828515625000100e+01 1.617675999999999900e+02
2.553159977679522000e-02 1.536898199218750100e+03 2.577459040000000000e+02 1.500430000000000100e+03 9.597092800000000100e+01 3.646819921875000100e+01 1.617749760000000100e+02
2.553513623779130400e-02 1.536952761718750000e+03 2.577406560000000000e+02 1.500496374999999900e+03 9.596528000000000700e+01 3.645638671874999700e+01 1.617753759999999900e+02
2.553875070895641300e-02 1.537130367187500000e+03 2.577184239999999700e+02 1.500625250000000100e+03 9.594938399999999500e+01 3.650511718749999800e+01 1.617690399999999900e+02
2.554078417402916000e-02 1.537391414062500000e+03 2.576853360000000100e+02 1.500770375000000100e+03 9.592955999999999500e+01 3.662103906250000300e+01 1.617557760000000000e+02
2.554330130214990000e-02 1.539405562500000100e+03 2.574389200000000000e+02 1.501687875000000100e+03 9.580405600000000300e+01 3.771768749999999700e+01 1.616348639999999900e+02
2.554587563772793200e-02 1.541487839843750000e+03 2.570727919999999900e+02 1.502601375000000000e+03 9.558808799999999900e+01 3.888646484374999800e+01 1.614847039999999900e+02
2.555166659260901100e-02 1.538489375000000100e+03 2.569573920000000300e+02 1.500396750000000100e+03 9.545680000000000100e+01 3.809262499999999800e+01 1.615005920000000100e+02
2.556469949151515800e-02 1.536970863281249900e+03 2.572132159999999900e+02 1.499864750000000000e+03 9.560736000000000000e+01 3.710611328125000300e+01 1.616058559999999900e+02
2.559402091371500800e-02 1.535995269531250000e+03 2.574322399999999800e+02 1.500011500000000100e+03 9.570911999999999900e+01 3.598376953124999700e+01 1.617231199999999900e+02
2.565999411366468400e-02 1.536672363281250000e+03 2.576232320000000300e+02 1.501601875000000100e+03 9.577540799999999900e+01 3.507048828125000000e+01 1.618478240000000000e+02
2.574163695623375400e-02 1.536913035156250100e+03 2.578130719999999800e+02 1.502885250000000000e+03 9.583945599999999800e+01 3.402778515624999800e+01 1.619736159999999900e+02
2.578756154274241700e-02 1.536837398437500000e+03 2.575978640000000200e+02 1.503614750000000000e+03 9.560268000000000700e+01 3.322264843749999800e+01 1.619951839999999900e+02
2.583452886517712300e-02 1.536665048828125000e+03 2.576218079999999900e+02 1.504258250000000100e+03 9.555150399999999400e+01 3.240679882812499800e+01 1.620703039999999900e+02
2.594020664082470600e-02 1.536725037109375100e+03 2.579092080000000400e+02 1.505579375000000000e+03 9.568248800000000600e+01 3.114566210937499900e+01 1.622267200000000000e+02
2.607098028784962000e-02 1.536790126953124900e+03 2.581464800000000000e+02 1.506844625000000000e+03 9.580164800000000000e+01 2.994550195312500000e+01 1.623448320000000000e+02
2.620472872265358300e-02 1.536843738281250100e+03 2.583081520000000100e+02 1.508168875000000100e+03 9.584807200000000200e+01 2.867486328125000100e+01 1.624600800000000000e+02
2.650566075070829100e-02 1.536778410156249900e+03 2.588213519999999900e+02 1.510589125000000000e+03 9.614389599999999800e+01 2.618928515625000100e+01 1.626774560000000100e+02
2.667493501648905700e-02 1.536785142578125000e+03 2.590754640000000100e+02 1.511876500000000100e+03 9.629192799999999900e+01 2.490864257812500100e+01 1.627835360000000000e+02
2.677015162846956000e-02 1.536785384765625200e+03 2.592118479999999700e+02 1.512599875000000100e+03 9.636895199999999300e+01 2.418550976562500000e+01 1.628428960000000000e+02
2.682371081018740400e-02 1.536787214843750000e+03 2.592863840000000000e+02 1.513009875000000000e+03 9.641036800000000500e+01 2.377733984374999900e+01 1.628760159999999900e+02
2.685383833746725000e-02 1.536785984375000000e+03 2.593271599999999900e+02 1.513244875000000100e+03 9.643277600000000400e+01 2.354110937500000100e+01 1.628943840000000000e+02
2.686315795232750400e-02 1.536782927734374900e+03 2.593393519999999600e+02 1.513316875000000000e+03 9.643956000000000000e+01 2.346605273437500100e+01 1.628997919999999900e+02
2.686554246316089100e-02 1.536781867187500000e+03 2.593424000000000000e+02 1.513335250000000100e+03 9.644126400000000400e+01 2.344661718749999900e+01 1.629011360000000100e+02
2.686849124755027000e-02 1.536781046874999900e+03 2.593460559999999800e+02 1.513358999999999900e+03 9.644335200000000400e+01 2.342204687499999900e+01 1.629027040000000000e+02
2.687150764075281100e-02 1.536826837890624800e+03 2.593452640000000400e+02 1.513407999999999900e+03 9.644398400000000000e+01 2.341883789062499900e+01 1.629012800000000100e+02
2.687320306175975200e-02 1.536942677734374900e+03 2.593359679999999800e+02 1.513484999999999900e+03 9.644078399999999400e+01 2.345767773437500000e+01 1.628951840000000000e+02
2.687702035936434900e-02 1.537720025390625100e+03 2.592164559999999900e+02 1.513975750000000100e+03 9.637477599999999700e+01 2.374427539062499900e+01 1.628416800000000000e+02
2.688560927897468100e-02 1.537367349609375000e+03 2.590432480000000100e+02 1.513800375000000000e+03 9.624721599999999500e+01 2.356697460937499900e+01 1.627960320000000000e+02
2.690493499818267400e-02 1.536630714843750200e+03 2.591712479999999900e+02 1.513538375000000100e+03 9.632800000000000300e+01 2.309233984375000000e+01 1.628432479999999900e+02
2.692885031566866900e-02 1.536441248046875000e+03 2.592332480000000000e+02 1.513675250000000000e+03 9.636096000000000600e+01 2.276599804687500100e+01 1.628722880000000000e+02
2.693496371258174300e-02 1.536458318359375000e+03 2.592350000000000100e+02 1.513749125000000000e+03 9.636143199999999400e+01 2.270919335937500000e+01 1.628735680000000100e+02
2.694872210605987800e-02 1.536402523437500100e+03 2.592519839999999900e+02 1.513831625000000000e+03 9.637060800000000400e+01 2.257089843749999900e+01 1.628813759999999900e+02
2.697967654113145300e-02 1.536721134765625000e+03 2.593468240000000300e+02 1.514338999999999900e+03 9.643376800000000100e+01 2.238213476562500000e+01 1.629130560000000100e+02
2.704932402004249500e-02 1.536908908203125100e+03 2.594881120000000000e+02 1.514956875000000100e+03 9.653099199999999800e+01 2.195203320312500100e+01 1.629571200000000000e+02
2.713551485546608300e-02 1.536782572265624800e+03 2.595925920000000200e+02 1.515511874999999900e+03 9.659480000000000600e+01 2.127069726562500000e+01 1.629977920000000000e+02
2.717408048269613600e-02 1.536756052734375100e+03 2.596119200000000000e+02 1.515786750000000000e+03 9.660536000000000500e+01 2.096930273437499900e+01 1.630065600000000100e+02
2.718647629855519200e-02 1.536939404296875000e+03 2.595632239999999900e+02 1.515985124999999900e+03 9.657069599999999800e+01 2.095427929687500100e+01 1.629925279999999900e+02
2.721436753432280800e-02 1.536831966796875100e+03 2.594303679999999900e+02 1.516013500000000000e+03 9.647624000000000400e+01 2.081846679687500100e+01 1.629541280000000000e+02
2.727712151463046100e-02 1.536635177734375000e+03 2.595768319999999700e+02 1.516435625000000100e+03 9.656076799999999600e+01 2.019955273437500100e+01 1.630160640000000000e+02
2.741831732023794100e-02 1.536826673828125000e+03 2.597500159999999600e+02 1.517689875000000000e+03 9.665441599999999800e+01 1.913679882812499900e+01 1.630955999999999900e+02
2.743817350859534600e-02 1.536790484375000000e+03 2.597652799999999600e+02 1.517809125000000000e+03 9.666030399999999600e+01 1.898135937500000000e+01 1.631049759999999900e+02
2.744934196446164500e-02 1.536841830078125000e+03 2.597476240000000300e+02 1.517919625000000000e+03 9.664343200000000400e+01 1.892220507812500000e+01 1.631041920000000100e+02
2.747447164024555800e-02 1.536828958984375000e+03 2.595874079999999800e+02 1.517870625000000000e+03 9.651107199999999900e+01 1.895833398437499900e+01 1.630763360000000000e+02
2.748860968321297300e-02 1.536586859375000100e+03 2.596172639999999800e+02 1.517825125000000100e+03 9.651897599999999500e+01 1.876173437500000000e+01 1.630982880000000000e+02
2.752041442912699100e-02 1.536549066406249900e+03 2.596807279999999900e+02 1.517964999999999900e+03 9.656002399999999900e+01 1.858406640624999900e+01 1.631207039999999900e+02
2.755977315974219400e-02 1.536805794921875100e+03 2.597356320000000100e+02 1.518356375000000100e+03 9.659555199999999800e+01 1.844941992187499800e+01 1.631400800000000100e+02
2.758191244571324400e-02 1.536951294921875200e+03 2.597242000000000000e+02 1.518554125000000100e+03 9.657781599999999900e+01 1.839716992187500100e+01 1.631463840000000100e+02
2.760455359710506000e-02 1.537083029296875100e+03 2.595668960000000400e+02 1.518579625000000100e+03 9.643843200000000600e+01 1.850340429687500100e+01 1.631284640000000100e+02
2.765549943816035900e-02 1.536591003906250100e+03 2.596900880000000000e+02 1.518556000000000000e+03 9.651352799999999400e+01 1.803500390625000100e+01 1.631765599999999900e+02
2.777013018087375400e-02 1.536808769531249900e+03 2.598241199999999900e+02 1.519446124999999900e+03 9.658293600000000400e+01 1.736264453125000200e+01 1.632411840000000000e+02
2.802804220104672400e-02 1.536783249023437500e+03 2.600487919999999900e+02 1.521265000000000100e+03 9.664979999999999900e+01 1.551824902343750000e+01 1.633989919999999900e+02
2.860834684677487900e-02 1.536782907226562400e+03 2.605822160000000200e+02 1.526114750000000000e+03 9.682076000000000700e+01 1.066815722656249900e+01 1.637614560000000100e+02
2.991403424991745400e-02 1.536783922241210800e+03 2.616707040000000000e+02 1.537653624999999900e+03 9.717883200000000000e+01 -8.697027587890624500e-01 1.644918720000000000e+02
3.152982247631486200e-02 1.536781916015625000e+03 2.628090320000000000e+02 1.551660125000000100e+03 9.750746399999999900e+01 -1.487820898437500000e+01 1.653015680000000000e+02
3.194294872947021900e-02 1.536790501953124900e+03 2.629792080000000300e+02 1.554742874999999900e+03 9.752396000000000200e+01 -1.795237304687500000e+01 1.654552480000000100e+02
3.217533322199722000e-02 1.536785224609374800e+03 2.630589360000000200e+02 1.556228374999999900e+03 9.753242400000000600e+01 -1.944315039062500000e+01 1.655265120000000000e+02
3.224722739377635500e-02 1.536807984374999900e+03 2.630770479999999900e+02 1.556684000000000000e+03 9.753013599999999900e+01 -1.987601562500000100e+01 1.655469119999999900e+02
3.232075457842722300e-02 1.537030318359375100e+03 2.629153279999999900e+02 1.557805000000000100e+03 9.732827199999999800e+01 -2.077468164062500100e+01 1.655870559999999900e+02
3.248619334423062000e-02 1.536743753906250000e+03 2.631065600000000000e+02 1.558353750000000000e+03 9.746340800000000100e+01 -2.160999609374999900e+01 1.656431519999999900e+02
3.285842666677983600e-02 1.536784998046875000e+03 2.632708640000000200e+02 1.559898999999999900e+03 9.758251199999999400e+01 -2.311400195312500100e+01 1.656883520000000100e+02
3.297358787864263600e-02 1.536781705078125000e+03 2.633117760000000100e+02 1.560436124999999900e+03 9.760251200000000400e+01 -2.365441992187500000e+01 1.657092639999999900e+02
3.302511619562670300e-02 1.536800179687500100e+03 2.633004000000000200e+02 1.560796125000000100e+03 9.757721600000000700e+01 -2.399594531250000200e+01 1.657231840000000000e+02
3.303422518303057700e-02 1.536819046874999900e+03 2.632915520000000200e+02 1.560884875000000000e+03 9.756609600000000200e+01 -2.406582812499999900e+01 1.657254560000000100e+02
3.304353959721290100e-02 1.536943253906250000e+03 2.632566960000000300e+02 1.561114499999999900e+03 9.752994400000000000e+01 -2.417124609375000000e+01 1.657267520000000000e+02
3.304878188057179500e-02 1.537271121093750000e+03 2.631910800000000000e+02 1.561543249999999900e+03 9.746664800000000600e+01 -2.427212890625000000e+01 1.657244320000000100e+02
3.306057181745137400e-02 1.537105484375000100e+03 2.631106000000000300e+02 1.561630375000000000e+03 9.738754400000000500e+01 -2.452489062500000100e+01 1.657230560000000100e+02
3.308710307593888700e-02 1.536699650390624800e+03 2.631733600000000000e+02 1.561465999999999900e+03 9.742819199999999600e+01 -2.476634960937499800e+01 1.657451680000000100e+02
3.314679385694258000e-02 1.536606056640625200e+03 2.632405600000000200e+02 1.561694625000000100e+03 9.746870400000000200e+01 -2.508856835937500000e+01 1.657718560000000100e+02
3.328110136462460200e-02 1.536818029296875000e+03 2.633112800000000100e+02 1.562500749999999900e+03 9.751150400000000200e+01 -2.568272070312500000e+01 1.657997760000000100e+02
3.358329195673968200e-02 1.536782892578125000e+03 2.633904000000000000e+02 1.563860250000000000e+03 9.754431999999999900e+01 -2.707735742187500000e+01 1.658460800000000000e+02
3.426322338933756500e-02 1.536784287109374900e+03 2.635449840000000000e+02 1.567152750000000000e+03 9.755623199999999400e+01 -3.036846289062500000e+01 1.659887520000000100e+02
3.510463587182999900e-02 1.536783269531250000e+03 2.637299120000000100e+02 1.570740624999999900e+03 9.756469599999999800e+01 -3.395735546875000200e+01 1.661652159999999900e+02
3.531977231598420300e-02 1.536784031250000000e+03 2.637781759999999700e+02 1.571595499999999900e+03 9.756871999999999900e+01 -3.481146875000000300e+01 1.662094559999999900e+02
3.535002465953449700e-02 1.536783808593749900e+03 2.637837440000000100e+02 1.571709750000000000e+03 9.756835200000000400e+01 -3.492594140624999700e+01 1.662153920000000100e+02
3.535938327947927400e-02 1.536784320312499900e+03 2.637852000000000300e+02 1.571744250000000000e+03 9.756806400000000700e+01 -3.495992968750000100e+01 1.662171360000000100e+02
3.536895512721940200e-02 1.537022500000000000e+03 2.637506559999999900e+02 1.571864250000000100e+03 9.754700800000000500e+01 -3.484174999999999800e+01 1.662036479999999900e+02
3.539049373488890900e-02 1.536802949218750000e+03 2.637483760000000100e+02 1.571793875000000100e+03 9.753720800000000700e+01 -3.499092578124999900e+01 1.662111679999999900e+02
3.541714720930790000e-02 1.536762273437500000e+03 2.637638799999999700e+02 1.571842625000000000e+03 9.754208800000000700e+01 -3.508035156249999900e+01 1.662217919999999900e+02
3.542396269774225600e-02 1.536787042968750000e+03 2.637626159999999800e+02 1.571874624999999900e+03 9.753944799999999300e+01 -3.508758203125000100e+01 1.662231679999999900e+02
3.542779559738065000e-02 1.536813832031250100e+03 2.637594800000000000e+02 1.571899625000000000e+03 9.753584800000000100e+01 -3.508579296874999900e+01 1.662236320000000100e+02
3.543642092173653800e-02 1.537030566406250000e+03 2.637240160000000100e+02 1.572013375000000000e+03 9.750679999999999800e+01 -3.498280859375000100e+01 1.662172160000000100e+02
3.545582465111356300e-02 1.536761417968750000e+03 2.637501920000000300e+02 1.571906625000000100e+03 9.751942400000000100e+01 -3.514520703125000300e+01 1.662307680000000100e+02
3.549948954305928000e-02 1.536680406250000000e+03 2.637772400000000100e+02 1.571970000000000000e+03 9.753330400000000100e+01 -3.528959375000000200e+01 1.662439359999999900e+02
3.555352198646925100e-02 1.536771000000000000e+03 2.637950399999999700e+02 1.572205999999999900e+03 9.753816000000000500e+01 -3.543500000000000200e+01 1.662568800000000000e+02
3.558391474832380000e-02 1.536823374999999900e+03 2.638006800000000000e+02 1.572334875000000000e+03 9.753719200000000500e+01 -3.551149999999999800e+01 1.662634880000000000e+02
3.561499920034376400e-02 1.536946652343750000e+03 2.637816799999999900e+02 1.572471875000000000e+03 9.751385600000000400e+01 -3.552522265625000100e+01 1.662678239999999900e+02
3.568494051755815400e-02 1.536731566406250100e+03 2.638073279999999800e+02 1.572529125000000000e+03 9.752249600000000400e+01 -3.579755859374999700e+01 1.662848319999999900e+02
3.584230523086683100e-02 1.536796374999999900e+03 2.638108879999999800e+02 1.572981749999999900e+03 9.749800799999999900e+01 -3.618537500000000100e+01 1.663128800000000100e+02
3.619637518572661100e-02 1.536779894531250000e+03 2.638419680000000100e+02 1.573935999999999900e+03 9.746780800000000500e+01 -3.715610546874999900e+01 1.663741599999999900e+02
3.654491421960207700e-02 1.536784722656250100e+03 2.638687039999999800e+02 1.574878625000000100e+03 9.743347199999999500e+01 -3.809390234375000300e+01 1.664352320000000100e+02
3.665694462334775900e-02 1.536791074218750100e+03 2.638509439999999700e+02 1.575096375000000100e+03 9.740113599999999400e+01 -3.830530078124999700e+01 1.664498079999999900e+02
3.669160194110935400e-02 1.536753570312500200e+03 2.638604080000000100e+02 1.575162250000000100e+03 9.740264799999999900e+01 -3.840867968749999800e+01 1.664577600000000100e+02
3.670046389631129200e-02 1.536754945312500000e+03 2.638593119999999900e+02 1.575184000000000000e+03 9.740023999999999700e+01 -3.842905468749999900e+01 1.664590719999999900e+02
3.671143212607707500e-02 1.536854894531250000e+03 2.638329039999999800e+02 1.575238125000000100e+03 9.738175200000000600e+01 -3.838323046875000000e+01 1.664511520000000100e+02
3.671423529148426500e-02 1.536923851562500000e+03 2.638182880000000000e+02 1.575262625000000100e+03 9.737321599999999900e+01 -3.833877343750000200e+01 1.664450720000000100e+02
3.671581109689869800e-02 1.536988597656250000e+03 2.638059920000000000e+02 1.575283500000000000e+03 9.736656800000000100e+01 -3.829490234375000300e+01 1.664394240000000000e+02
3.671776395146344300e-02 1.537222750000000100e+03 2.637704239999999900e+02 1.575349750000000100e+03 9.735082400000000300e+01 -3.812700000000000200e+01 1.664196000000000000e+02
3.671976101179064800e-02 1.537977800781250200e+03 2.636684240000000200e+02 1.575592875000000000e+03 9.730823200000000400e+01 -3.761507421875000300e+01 1.663601920000000100e+02
3.672425179718787100e-02 1.539613789062500000e+03 2.633094959999999700e+02 1.576230250000000100e+03 9.709647200000000600e+01 -3.661646093750000100e+01 1.662130239999999900e+02
3.673435671441637600e-02 1.537580417968750000e+03 2.633462640000000200e+02 1.574907250000000000e+03 9.708589600000000500e+01 -3.732683203124999900e+01 1.662603680000000000e+02
3.675709407834999700e-02 1.536681167968750100e+03 2.635068880000000000e+02 1.574678375000000000e+03 9.715955999999999900e+01 -3.799720703124999900e+01 1.663473280000000000e+02
3.680825314720065400e-02 1.536156667968750100e+03 2.635979519999999600e+02 1.574756625000000000e+03 9.717788799999999600e+01 -3.859995703125000000e+01 1.664200640000000000e+02
3.692336235228409900e-02 1.536863621093750000e+03 2.636854080000000000e+02 1.575854250000000100e+03 9.720167999999999600e+01 -3.899062890625000200e+01 1.664837280000000100e+02
3.718235351312867300e-02 1.536782847656249900e+03 2.637765680000000000e+02 1.576421499999999900e+03 9.725621599999999500e+01 -3.963865234375000300e+01 1.665203520000000000e+02
3.776508687545266500e-02 1.536783464843749900e+03 2.639130079999999900e+02 1.578201875000000000e+03 9.728364799999999900e+01 -4.141841015624999800e+01 1.666293599999999900e+02
3.907624019110535900e-02 1.536782769531249900e+03 2.640293600000000000e+02 1.582416999999999900e+03 9.714729599999999700e+01 -4.563423046874999800e+01 1.668820640000000100e+02
3.948187746803371500e-02 1.536782046875000100e+03 2.640412480000000000e+02 1.583762375000000000e+03 9.708998400000000100e+01 -4.698032812500000000e+01 1.669512640000000100e+02
3.958558938742171000e-02 1.536783324218750100e+03 2.640419279999999800e+02 1.584102500000000000e+03 9.707322399999999600e+01 -4.731917578125000300e+01 1.669687040000000000e+02
3.981894640672263600e-02 1.536788277343750000e+03 2.639891519999999900e+02 1.584744250000000000e+03 9.698017600000000000e+01 -4.795597265624999700e+01 1.670089759999999900e+02
3.995021151781243800e-02 1.536780312500000000e+03 2.640036400000000200e+02 1.585148500000000000e+03 9.696997600000000300e+01 -4.836818749999999800e+01 1.670336639999999900e+02
4.011264949244711800e-02 1.536786746093750000e+03 2.640089199999999900e+02 1.585672750000000000e+03 9.695123999999999900e+01 -4.888600390624999600e+01 1.670576800000000000e+02
4.015418210643931900e-02 1.536784738281249900e+03 2.640093679999999900e+02 1.585802124999999900e+03 9.694591200000000700e+01 -4.901738671874999700e+01 1.670634560000000000e+02
4.024762788758280700e-02 1.536735539062500000e+03 2.639624560000000300e+02 1.586049625000000100e+03 9.688336800000000400e+01 -4.931408593750000300e+01 1.670790880000000100e+02
4.045788609583360300e-02 1.536791843750000000e+03 2.639926239999999800e+02 1.586693375000000100e+03 9.688515200000000500e+01 -4.990153124999999800e+01 1.671074720000000000e+02
4.093096836456735400e-02 1.536783390625000000e+03 2.639966240000000000e+02 1.588186500000000000e+03 9.681516800000000000e+01 -5.140310937500000000e+01 1.671814560000000000e+02
4.151640607941776300e-02 1.536782160156250000e+03 2.640163920000000000e+02 1.589978000000000100e+03 9.674800799999999900e+01 -5.319583984375000100e+01 1.672683840000000000e+02
4.184571560662704600e-02 1.536782730468750100e+03 2.640176159999999800e+02 1.590939000000000100e+03 9.670123200000000500e+01 -5.415626953124999700e+01 1.673163840000000000e+02
4.203095075299159000e-02 1.536782214843750100e+03 2.640156160000000200e+02 1.591459250000000100e+03 9.667224000000000200e+01 -5.467703515625000000e+01 1.673433760000000100e+02
4.222039584814486100e-02 1.536793019531249900e+03 2.639526480000000100e+02 1.591900500000000000e+03 9.658092000000000600e+01 -5.510748046874999800e+01 1.673717279999999900e+02
4.264665121274816700e-02 1.536785496093750000e+03 2.639744319999999800e+02 1.593030874999999900e+03 9.654251200000000200e+01 -5.624537890624999600e+01 1.674319199999999900e+02
4.317414037370324200e-02 1.536783464843750200e+03 2.639982640000000100e+02 1.594491375000000100e+03 9.649672800000000400e+01 -5.770791015625000100e+01 1.675015359999999900e+02
4.347085205161335700e-02 1.536783355468750000e+03 2.640063200000000200e+02 1.595273625000000000e+03 9.646568000000000600e+01 -5.849026953125000000e+01 1.675406400000000000e+02
4.363775480825558100e-02 1.536782925781250000e+03 2.640064720000000300e+02 1.595667250000000000e+03 9.644362400000000000e+01 -5.888432421875000200e+01 1.675628480000000000e+02
4.373163224566771500e-02 1.536789609374999800e+03 2.639933120000000000e+02 1.595842124999999900e+03 9.641963199999999300e+01 -5.905251562499999800e+01 1.675736800000000000e+02
4.375563857501756800e-02 1.537038289062499900e+03 2.639046319999999900e+02 1.595826749999999900e+03 9.636160800000000400e+01 -5.878846093749999800e+01 1.675430240000000000e+02
4.375901381499765200e-02 1.537138105468750200e+03 2.638789840000000000e+02 1.595821875000000100e+03 9.634746400000000200e+01 -5.868376953125000000e+01 1.675315200000000000e+02
4.376318995937979200e-02 1.537696824218750000e+03 2.637771440000000200e+02 1.595851124999999900e+03 9.630215200000000700e+01 -5.815430078125000100e+01 1.674749919999999900e+02
4.376746491664269800e-02 1.540426578125000100e+03 2.633278720000000100e+02 1.596043500000000000e+03 9.612577600000000200e+01 -5.561692187500000300e+01 1.672020960000000100e+02
4.377707576946734300e-02 1.539314527343750100e+03 2.629420639999999600e+02 1.594302875000000100e+03 9.587319999999999700e+01 -5.498834765624999900e+01 1.670688639999999900e+02
4.379870538900072100e-02 1.536645078125000100e+03 2.632368080000000000e+02 1.593113250000000100e+03 9.599555999999999800e+01 -5.646817187500000300e+01 1.672412480000000100e+02
4.384736813244237400e-02 1.535627339843750000e+03 2.633699920000000200e+02 1.593002125000000000e+03 9.601203999999999900e+01 -5.737478515624999900e+01 1.673579520000000100e+02
4.395685800501661400e-02 1.536898960937500100e+03 2.634730480000000100e+02 1.594667875000000100e+03 9.601980000000000400e+01 -5.776891406250000200e+01 1.674532480000000000e+02
4.420321411881710000e-02 1.536778050781250200e+03 2.635212960000000100e+02 1.595497000000000100e+03 9.597953599999999600e+01 -5.871894921874999800e+01 1.675417600000000100e+02
4.450807785939097500e-02 1.536792589843750000e+03 2.636137279999999800e+02 1.596256500000000000e+03 9.599644800000000100e+01 -5.946391015625000200e+01 1.676172799999999900e+02
4.481986890297481900e-02 1.536801730468750100e+03 2.635745519999999800e+02 1.596659750000000000e+03 9.592776800000000000e+01 -5.985801953125000100e+01 1.676467840000000000e+02
4.499525136499073200e-02 1.536780027343749900e+03 2.636231920000000200e+02 1.596765374999999900e+03 9.597120800000000400e+01 -5.998534765624999900e+01 1.676519840000000000e+02
4.504951003789089300e-02 1.536794210937499900e+03 2.636315760000000000e+02 1.596813249999999900e+03 9.597935200000000600e+01 -6.001903906249999900e+01 1.676522239999999900e+02
4.508003281669382300e-02 1.536793800781250000e+03 2.636355600000000000e+02 1.596831250000000000e+03 9.598319200000000300e+01 -6.003744921874999800e+01 1.676523680000000000e+02
4.508783383359694900e-02 1.536793429687500100e+03 2.636365200000000200e+02 1.596835000000000000e+03 9.598410400000000200e+01 -6.004157031249999900e+01 1.676524159999999900e+02
4.509749149252300500e-02 1.536795957031250100e+03 2.636377679999999900e+02 1.596838625000000100e+03 9.598515999999999300e+01 -6.004266796875000300e+01 1.676526079999999900e+02
4.510292620096551000e-02 1.536806394531249900e+03 2.636389040000000300e+02 1.596843625000000000e+03 9.598600799999999800e+01 -6.003723046875000300e+01 1.676528960000000000e+02
4.510597899891360300e-02 1.536821707031250100e+03 2.636399599999999700e+02 1.596849875000000100e+03 9.598671199999999700e+01 -6.002816796874999700e+01 1.676532479999999900e+02
4.510910460635277800e-02 1.536962640624999900e+03 2.636316319999999700e+02 1.596869250000000000e+03 9.598684799999999500e+01 -5.990660937500000200e+01 1.676447839999999900e+02
4.511086243549495400e-02 1.537263957031250100e+03 2.636064079999999900e+02 1.596894375000000100e+03 9.598520800000000000e+01 -5.963041796875000200e+01 1.676211999999999900e+02
4.511482015140379900e-02 1.539292675781250200e+03 2.633407359999999900e+02 1.596885375000000100e+03 9.592326400000000300e+01 -5.759269921874999900e+01 1.674174720000000000e+02
4.512371851135128800e-02 1.538000796875000100e+03 2.630872880000000000e+02 1.595770625000000100e+03 9.574389600000000700e+01 -5.776982812499999700e+01 1.673433919999999900e+02
4.514374112140262500e-02 1.536788730468749900e+03 2.632608559999999900e+02 1.595361124999999900e+03 9.581968799999999900e+01 -5.857239453124999800e+01 1.674411680000000000e+02
4.518878939367916600e-02 1.536078734374999800e+03 2.634675040000000200e+02 1.595486249999999900e+03 9.589391999999999400e+01 -5.940751562500000200e+01 1.675735840000000100e+02
4.529015060664035000e-02 1.536872742187500100e+03 2.635640320000000000e+02 1.596531625000000100e+03 9.593851200000000300e+01 -5.965888281250000300e+01 1.676255199999999900e+02
4.551822113681993500e-02 1.536785875000000000e+03 2.636034479999999600e+02 1.596688249999999900e+03 9.596178399999999400e+01 -5.990237499999999900e+01 1.676416639999999900e+02
4.580045672769682300e-02 1.536785226562499900e+03 2.636452080000000300e+02 1.597069250000000000e+03 9.597240800000000100e+01 -6.028402343749999700e+01 1.676728000000000000e+02
4.584014310102196100e-02 1.536802289062500000e+03 2.636489680000000200e+02 1.597139750000000000e+03 9.597239199999999900e+01 -6.033746093749999800e+01 1.676765760000000100e+02
4.585028962367394800e-02 1.536793371093750000e+03 2.636485999999999900e+02 1.597140000000000100e+03 9.597146399999999700e+01 -6.034662890624999700e+01 1.676771359999999900e+02
4.586284926088796800e-02 1.536810421875000000e+03 2.636433200000000200e+02 1.597131625000000000e+03 9.596744800000000500e+01 -6.032120312499999700e+01 1.676758720000000000e+02
4.587569493538843500e-02 1.537449992187499900e+03 2.634846880000000100e+02 1.597006374999999900e+03 9.590497600000000500e+01 -5.955638281249999700e+01 1.675797120000000000e+02
4.590458990199759000e-02 1.536666800781250000e+03 2.635012480000000300e+02 1.596575499999999900e+03 9.589275200000000200e+01 -5.990869921875000200e+01 1.676084960000000000e+02
4.596960877754611300e-02 1.536623792968750000e+03 2.635627360000000300e+02 1.596762375000000000e+03 9.591118400000000600e+01 -6.013858203125000300e+01 1.676515520000000100e+02
4.597875156935656700e-02 1.536677117187500000e+03 2.635642880000000300e+02 1.596807000000000000e+03 9.591216000000000000e+01 -6.012988281250000000e+01 1.676521280000000000e+02
4.599006824454402600e-02 1.536760589843750000e+03 2.635667600000000400e+02 1.596880000000000100e+03 9.591327200000000600e+01 -6.011941015624999800e+01 1.676534880000000100e+02
4.600163975295031700e-02 1.537038507812500000e+03 2.635488639999999800e+02 1.596982375000000000e+03 9.590543999999999900e+01 -5.994386718749999700e+01 1.676434240000000100e+02
4.602767434669499700e-02 1.536912828125000000e+03 2.635486640000000300e+02 1.596948750000000000e+03 9.589975200000000700e+01 -6.003592187500000000e+01 1.676489120000000000e+02
4.608625998363741900e-02 1.536785937500000000e+03 2.635636240000000000e+02 1.596956500000000000e+03 9.590354399999999700e+01 -6.017056250000000300e+01 1.676600799999999900e+02
4.621807116591044500e-02 1.536774359375000100e+03 2.635805599999999900e+02 1.597162375000000100e+03 9.590147199999999800e+01 -6.038801562500000100e+01 1.676790880000000100e+02
4.651465022653320700e-02 1.536784535156250100e+03 2.636128720000000400e+02 1.597657500000000000e+03 9.589266399999999600e+01 -6.087296484374999700e+01 1.677202080000000100e+02
4.668147757334537000e-02 1.536783285156250000e+03 2.636278479999999700e+02 1.597935750000000100e+03 9.588616799999999800e+01 -6.115246484375000300e+01 1.677416800000000000e+02
4.705683130265582400e-02 1.536776507812500100e+03 2.635958719999999900e+02 1.598399625000000000e+03 9.582395200000000600e+01 -6.162311718750000000e+01 1.677719199999999900e+02
4.752133505313511900e-02 1.536784789062500100e+03 2.636239679999999900e+02 1.599154125000000000e+03 9.580831999999999500e+01 -6.236933593749999700e+01 1.678156480000000100e+02
4.764010293514613100e-02 1.536784378906249900e+03 2.636282959999999800e+02 1.599336499999999900e+03 9.580248799999999700e+01 -6.255212109375000300e+01 1.678258079999999900e+02
4.767684572475981700e-02 1.536788886718749800e+03 2.636289279999999700e+02 1.599388124999999900e+03 9.580007999999999400e+01 -6.259923828125000300e+01 1.678288479999999900e+02
4.769751321887514400e-02 1.536801828124999900e+03 2.636286959999999900e+02 1.599415125000000000e+03 9.579828000000000500e+01 -6.261329687500000300e+01 1.678304160000000100e+02
4.771864877400466100e-02 1.536901847656250100e+03 2.636102559999999900e+02 1.599406750000000100e+03 9.578363199999999700e+01 -6.250490234374999700e+01 1.678266240000000100e+02
4.776620897372401600e-02 1.536712851562500000e+03 2.636123759999999800e+02 1.599325125000000100e+03 9.578200800000000500e+01 -6.261227343750000100e+01 1.678303679999999900e+02
4.787321812292305600e-02 1.536780664062499900e+03 2.636146719999999800e+02 1.599539624999999900e+03 9.577526400000000700e+01 -6.275896093749999900e+01 1.678394079999999900e+02
4.811398870862090800e-02 1.536787238281250000e+03 2.635912000000000100e+02 1.599913000000000000e+03 9.573251200000000000e+01 -6.312576171874999900e+01 1.678586880000000000e+02
4.865572252644107700e-02 1.536784750000000000e+03 2.636435760000000000e+02 1.600686250000000000e+03 9.574157599999999500e+01 -6.390149999999999900e+01 1.679019999999999900e+02
4.987462621687541900e-02 1.536784089843749800e+03 2.636884000000000000e+02 1.602137874999999900e+03 9.570851199999999900e+01 -6.535378515624999800e+01 1.679798879999999900e+02
5.138302044390656600e-02 1.536782812499999900e+03 2.637955999999999800e+02 1.603963749999999900e+03 9.574910400000000300e+01 -6.718093749999999900e+01 1.680464959999999900e+02
5.223149544703529400e-02 1.536785054687500000e+03 2.638019439999999900e+02 1.604814500000000000e+03 9.577821600000000000e+01 -6.802944531250000200e+01 1.680237280000000100e+02
5.309924936327059500e-02 1.536783750000000100e+03 2.638993280000000300e+02 1.606034500000000000e+03 9.583849600000000600e+01 -6.925074999999999600e+01 1.680608320000000000e+02
5.505169307446105400e-02 1.536783445312499900e+03 2.641060959999999800e+02 1.608499499999999900e+03 9.596582399999999800e+01 -7.171605468750000500e+01 1.681402720000000100e+02
5.746785003308463300e-02 1.536783375000000000e+03 2.643814240000000400e+02 1.611420875000000000e+03 9.613056000000000300e+01 -7.463750000000000300e+01 1.682508640000000100e+02
5.882693799726802100e-02 1.536783351562500000e+03 2.645403840000000200e+02 1.612931624999999900e+03 9.622518399999999900e+01 -7.614827343749999500e+01 1.683152000000000000e+02
6.021691278770982500e-02 1.536784007812500000e+03 2.647051359999999800e+02 1.614304125000000100e+03 9.632417599999999400e+01 -7.752011718750000600e+01 1.683809599999999900e+02
6.064693604347733100e-02 1.536778804687499800e+03 2.647525680000000000e+02 1.614678124999999900e+03 9.635573599999999300e+01 -7.789932031249999500e+01 1.683968319999999900e+02
6.108673137308548400e-02 1.536784062500000100e+03 2.648010879999999900e+02 1.615044875000000000e+03 9.638688000000000500e+01 -7.826081250000000000e+01 1.684142080000000000e+02
6.133411722111717400e-02 1.536785250000000100e+03 2.648298639999999900e+02 1.615245750000000000e+03 9.640372000000000700e+01 -7.846049999999999600e+01 1.684261439999999900e+02
6.189073537918849500e-02 1.536780882812500100e+03 2.648952320000000200e+02 1.615680125000000100e+03 9.644476799999999600e+01 -7.889924218749999300e+01 1.684504640000000100e+02
6.314312623484896700e-02 1.536783289062500000e+03 2.650462320000000300e+02 1.616626500000000100e+03 9.653704799999999900e+01 -7.984321093750000400e+01 1.685091840000000000e+02
6.384759446594612300e-02 1.536782890624999900e+03 2.651264719999999800e+02 1.617074499999999900e+03 9.658661600000000600e+01 -8.029160937499999300e+01 1.685398559999999900e+02
6.424386012123486900e-02 1.536785125000000100e+03 2.651750400000000200e+02 1.617348500000000100e+03 9.661656000000000700e+01 -8.056337499999999400e+01 1.685584800000000000e+02
6.429958538531281600e-02 1.536784750000000000e+03 2.651824400000000400e+02 1.617388625000000000e+03 9.662108000000000600e+01 -8.060387500000000200e+01 1.685613600000000100e+02
6.436854117405845000e-02 1.536791304687500100e+03 2.651914560000000200e+02 1.617444750000000100e+03 9.662659200000000200e+01 -8.065344531249999700e+01 1.685648640000000000e+02
6.440733303077868200e-02 1.536796726562500000e+03 2.651965840000000300e+02 1.617478499999999900e+03 9.662967199999999900e+01 -8.068177343749999900e+01 1.685669120000000000e+02
6.442468769304916800e-02 1.536800656250000000e+03 2.651992159999999800e+02 1.617493125000000000e+03 9.663123199999999700e+01 -8.069246875000000300e+01 1.685679840000000000e+02
6.442766248082822100e-02 1.536801593749999900e+03 2.651996800000000000e+02 1.617495750000000000e+03 9.663151999999999500e+01 -8.069415625000000600e+01 1.685681600000000100e+02
6.443324280825291100e-02 1.536807968750000100e+03 2.652008160000000300e+02 1.617503500000000000e+03 9.663223999999999600e+01 -8.069553125000000200e+01 1.685685760000000100e+02
6.443496943332746600e-02 1.536811601562500100e+03 2.652012800000000000e+02 1.617506875000000000e+03 9.663254399999999600e+01 -8.069527343750000600e+01 1.685687360000000000e+02
6.443673246314757200e-02 1.536817328125000100e+03 2.652018479999999800e+02 1.617511500000000100e+03 9.663291999999999900e+01 -8.069417187499999500e+01 1.685689280000000000e+02
6.443772579263323800e-02 1.536821359374999900e+03 2.652022400000000200e+02 1.617514375000000000e+03 9.663316799999999800e+01 -8.069301562500000100e+01 1.685690720000000100e+02
6.443895835330393200e-02 1.536828476562499900e+03 2.652028480000000200e+02 1.617518624999999900e+03 9.663352000000000400e+01 -8.069014843750000000e+01 1.685693280000000100e+02
6.444021171668636000e-02 1.536847828125000000e+03 2.652030960000000200e+02 1.617523250000000000e+03 9.663391199999999500e+01 -8.067542187499999800e+01 1.685691840000000100e+02
6.444304088548322200e-02 1.537707742187499900e+03 2.651320000000000100e+02 1.617599999999999900e+03 9.663201599999999300e+01 -7.989225781250000600e+01 1.684999840000000100e+02
6.444940131459825400e-02 1.539456593749999900e+03 2.648951839999999700e+02 1.618038749999999900e+03 9.655465599999999400e+01 -7.858215624999999700e+01 1.683405280000000100e+02
6.446371358027648500e-02 1.537400703125000100e+03 2.648695680000000200e+02 1.616869875000000100e+03 9.649558399999999400e+01 -7.946917187500000100e+01 1.683739840000000100e+02
6.449592137873050300e-02 1.536294671874999900e+03 2.650366320000000000e+02 1.616466750000000000e+03 9.655984800000000200e+01 -8.017207812499999900e+01 1.684767840000000100e+02
6.456838762508253200e-02 1.536458249999999900e+03 2.651538640000000000e+02 1.616955125000000000e+03 9.660536799999999900e+01 -8.049687500000000300e+01 1.685484960000000000e+02
6.473142887835771400e-02 1.536854374999999900e+03 2.651884400000000100e+02 1.617444000000000000e+03 9.662925599999999800e+01 -8.058962499999999800e+01 1.685591839999999900e+02
6.478187025365328400e-02 1.536803875000000100e+03 2.651972480000000000e+02 1.617453375000000100e+03 9.663375999999999500e+01 -8.064950000000000300e+01 1.685634880000000100e+02
6.481024515246890100e-02 1.536783015625000200e+03 2.652036560000000200e+02 1.617468000000000100e+03 9.663735200000000700e+01 -8.068498437499999900e+01 1.685663040000000000e+02
6.482620603305266900e-02 1.536771500000000100e+03 2.652070719999999800e+02 1.617473000000000000e+03 9.663908800000000100e+01 -8.070149999999999600e+01 1.685679840000000000e+02
6.483028856523198600e-02 1.536768929687500100e+03 2.652079039999999800e+02 1.617473750000000100e+03 9.663948800000000000e+01 -8.070482031250000400e+01 1.685684160000000100e+02
6.483533842350726300e-02 1.536785804687500100e+03 2.652099440000000100e+02 1.617488125000000100e+03 9.664071199999999400e+01 -8.070232031250000700e+01 1.685692320000000000e+02
6.484050269669712500e-02 1.536973812500000100e+03 2.652063520000000400e+02 1.617552750000000100e+03 9.664400000000000500e+01 -8.057893749999999500e+01 1.685623520000000000e+02
6.485212101120482700e-02 1.536974546875000000e+03 2.652041199999999900e+02 1.617578250000000000e+03 9.663911199999999700e+01 -8.060370312499999600e+01 1.685650080000000100e+02
6.487826481918615400e-02 1.536693898437500100e+03 2.652056400000000200e+02 1.617400000000000100e+03 9.663773600000000400e+01 -8.070610156249999500e+01 1.685679040000000000e+02
6.493709488799152800e-02 1.536710023437500000e+03 2.652261120000000000e+02 1.617489499999999900e+03 9.664857600000000600e+01 -8.077947656249999400e+01 1.685775360000000100e+02
6.506945734212571400e-02 1.536795625000000000e+03 2.652547680000000100e+02 1.617695625000000100e+03 9.666382400000000500e+01 -8.090000000000000600e+01 1.685909440000000100e+02
6.536727936477504400e-02 1.536783593749999900e+03 2.653034000000000100e+02 1.617948625000000000e+03 9.668805600000000300e+01 -8.116503124999999800e+01 1.686153439999999900e+02
6.573583060734598800e-02 1.536783398437500000e+03 2.653583039999999800e+02 1.618251125000000000e+03 9.671745599999999900e+01 -8.146772656250000500e+01 1.686408480000000100e+02
6.577705638134000200e-02 1.536784445312499900e+03 2.653646000000000000e+02 1.618285625000000000e+03 9.672074399999999600e+01 -8.150117968749999900e+01 1.686438560000000000e+02
6.579030770871942300e-02 1.537018359375000000e+03 2.653584159999999800e+02 1.618374375000000100e+03 9.672051199999999900e+01 -8.135601562499999800e+01 1.686379039999999900e+02
6.582012319532315500e-02 1.536750367187499900e+03 2.653595120000000000e+02 1.618225124999999900e+03 9.671739999999999800e+01 -8.147475781250000200e+01 1.686421120000000000e+02
6.588720674001202800e-02 1.536744960937499900e+03 2.653728560000000100e+02 1.618280999999999900e+03 9.672405600000000400e+01 -8.153603906249999500e+01 1.686487999999999900e+02
6.603815121640944900e-02 1.536787609375000100e+03 2.653961679999999900e+02 1.618436875000000100e+03 9.673600799999999800e+01 -8.164926562499999800e+01 1.686601599999999900e+02
6.637776588694774300e-02 1.536784320312500100e+03 2.654430879999999900e+02 1.618657375000000000e+03 9.675854400000000100e+01 -8.187305468750000200e+01 1.686845439999999900e+02
6.714190669667581500e-02 1.536784226562500000e+03 2.655557759999999800e+02 1.619281250000000000e+03 9.682023999999999800e+01 -8.249702343750000500e+01 1.687355360000000000e+02
6.732995801014241000e-02 1.536785453125000000e+03 2.655840880000000100e+02 1.619435250000000000e+03 9.683626400000000000e+01 -8.264979687500000700e+01 1.687478240000000100e+02
6.739040028910775500e-02 1.536781757812500000e+03 2.655929600000000100e+02 1.619481375000000100e+03 9.684124799999999300e+01 -8.269961718749999600e+01 1.687517120000000000e+02
6.740910192696350500e-02 1.536789945312500100e+03 2.655960719999999900e+02 1.619501000000000000e+03 9.684308000000000000e+01 -8.271105468749999500e+01 1.687529920000000100e+02
6.741962289842684500e-02 1.536791726562499900e+03 2.655975040000000100e+02 1.619508875000000000e+03 9.684387200000000500e+01 -8.271714843750000100e+01 1.687536320000000100e+02
6.743037790039727000e-02 1.536795640625000000e+03 2.655989359999999800e+02 1.619517499999999900e+03 9.684467999999999700e+01 -8.272185937499999400e+01 1.687542560000000000e+02
6.743643148951408700e-02 1.536802617187500100e+03 2.655999840000000100e+02 1.619525000000000100e+03 9.684532799999999500e+01 -8.272238281250000100e+01 1.687546560000000100e+02
6.743983273288385600e-02 1.536810039062500000e+03 2.656007599999999800e+02 1.619530999999999900e+03 9.684581599999999900e+01 -8.272096093749999600e+01 1.687549439999999900e+02
6.744749333148271400e-02 1.537822062499999900e+03 2.654837840000000100e+02 1.619602124999999900e+03 9.682167200000000700e+01 -8.178006250000000000e+01 1.686621120000000100e+02
6.746472317748274100e-02 1.537864703125000000e+03 2.652176240000000000e+02 1.618891500000000000e+03 9.669221600000000200e+01 -8.102679687500000200e+01 1.685254080000000000e+02
6.750349943216918400e-02 1.536291898437500100e+03 2.653847519999999900e+02 1.618190750000000000e+03 9.673980799999999600e+01 -8.189885156249999900e+01 1.686449440000000100e+02
6.759073560385778200e-02 1.536571679687499900e+03 2.655106960000000000e+02 1.618772375000000000e+03 9.678404000000000500e+01 -8.220069531250000200e+01 1.687266559999999900e+02
6.778701959049611400e-02 1.536835289062499900e+03 2.655669280000000200e+02 1.619183749999999900e+03 9.681807999999999500e+01 -8.234846093749999300e+01 1.687488480000000100e+02
6.822865596009340700e-02 1.536782171874999900e+03 2.656581279999999800e+02 1.619497249999999900e+03 9.686121599999999900e+01 -8.271507812500000500e+01 1.687969119999999900e+02
6.877517960229208300e-02 1.536784820312500000e+03 2.657429839999999800e+02 1.619847375000000100e+03 9.690119199999999500e+01 -8.306255468749999700e+01 1.688417920000000000e+02
6.933412766407846800e-02 1.536782578124999900e+03 2.658196879999999900e+02 1.620103499999999900e+03 9.693338400000000400e+01 -8.332092187499999600e+01 1.688863040000000000e+02
7.000000166421693800e-02 1.536782992187500000e+03 2.659190800000000100e+02 1.620545625000000000e+03 9.698556000000000700e+01 -8.376263281250000100e+01 1.689335199999999900e+02
