0.000000000000000000e+00 0.000000000000000000e+00 0.000000000000000000e+00 0.000000000000000000e+00 0.000000000000000000e+00 0.000000000000000000e+00 0.000000000000000000e+00
3.555773083823996300e-07 5.716228593749999600e+02 2.973822784423828200e-04 3.284392500000000200e+02 2.763218078613281300e-04 2.431836093750000000e+02 2.106047058105468900e-05
1.400348517711095800e-03 5.716189062500000100e+02 2.324580600000000200e+01 3.255286874999999900e+02 9.300245999999999600e+00 2.460902187499999900e+02 1.394556000000000000e+01
1.761284180051547400e-03 5.716205781250000700e+02 2.908944599999999900e+01 3.239908437500000100e+02 1.152158599999999900e+01 2.476297343750000000e+02 1.756786000000000000e+01
2.130422936707998800e-03 5.716225468750000100e+02 3.503586000000000000e+01 3.224790625000000000e+02 1.372569200000000000e+01 2.491434843750000100e+02 2.131016800000000100e+01
2.182333015956761400e-03 5.716252812499999400e+02 3.586418700000000100e+01 3.223009687499999800e+02 1.402268300000000100e+01 2.493243124999999900e+02 2.184150400000000000e+01
2.299130816157366000e-03 5.716245312500000200e+02 3.772265300000000100e+01 3.219961562500000100e+02 1.466474300000000000e+01 2.496283750000000100e+02 2.305791000000000000e+01
2.335265126452611800e-03 5.716261562500000100e+02 3.829486199999999500e+01 3.219230000000000000e+02 1.485757400000000000e+01 2.497031562500000100e+02 2.343728799999999900e+01
2.372220656298095700e-03 5.716235312500000400e+02 3.888017700000000300e+01 3.218516875000000300e+02 1.505336900000000000e+01 2.497718437499999900e+02 2.382680800000000000e+01
2.388850636602504300e-03 5.716244843749999500e+02 3.914273500000000200e+01 3.218241562499999900e+02 1.514034099999999900e+01 2.498003281249999900e+02 2.400239399999999900e+01
2.409638233873904200e-03 5.716240156249999700e+02 3.947077900000000000e+01 3.217904375000000000e+02 1.524856900000000000e+01 2.498335781250000000e+02 2.422221000000000000e+01
2.456410043322479300e-03 5.716232968750000500e+02 4.020817800000000400e+01 3.217195312499999900e+02 1.549053000000000000e+01 2.499037656250000100e+02 2.471764800000000100e+01
2.482719297870617900e-03 5.716276093750000200e+02 4.062071799999999700e+01 3.216847500000000100e+02 1.562489600000000000e+01 2.499428593750000100e+02 2.499582200000000000e+01
2.515276841915783500e-03 5.716261250000000000e+02 4.113019800000000000e+01 3.216432500000000200e+02 1.578965799999999900e+01 2.499828750000000100e+02 2.534054000000000100e+01
2.548574507439632000e-03 5.716281718750000200e+02 4.164880099999999900e+01 3.216097500000000200e+02 1.595548499999999900e+01 2.500184218750000000e+02 2.569331599999999900e+01
2.588531478538590900e-03 5.716320625000000700e+02 4.226500699999999700e+01 3.216027812500000200e+02 1.614545700000000000e+01 2.500292812500000000e+02 2.611955000000000000e+01
2.629737262426790800e-03 5.716324374999999200e+02 4.289701699999999800e+01 3.216394687499999900e+02 1.633114099999999900e+01 2.499929687499999900e+02 2.656587599999999900e+01
2.671879493385735700e-03 5.716275781250000100e+02 4.354369100000000300e+01 3.217013124999999700e+02 1.651668700000000100e+01 2.499262656250000100e+02 2.702700400000000200e+01
2.724030429031382600e-03 5.716248749999999700e+02 4.434230199999999700e+01 3.217985625000000000e+02 1.674231199999999800e+01 2.498263125000000000e+02 2.759998999999999800e+01
2.753365340489632400e-03 5.716263593749999900e+02 4.478916400000000000e+01 3.218678750000000300e+02 1.686609599999999900e+01 2.497584843749999900e+02 2.792306800000000100e+01
2.783367076371913700e-03 5.716257187500000300e+02 4.524386400000000200e+01 3.219473437500000200e+02 1.698983799999999900e+01 2.496783749999999900e+02 2.825402600000000000e+01
2.850870575804082900e-03 5.716326093750000200e+02 4.624992999999999900e+01 3.222179062500000000e+02 1.724667399999999900e+01 2.494147031249999900e+02 2.900325600000000000e+01
2.888841375495270800e-03 5.717077656249999800e+02 4.676499400000000200e+01 3.226834687499999700e+02 1.732435600000000200e+01 2.490242968750000000e+02 2.944063800000000000e+01
2.900588731824254400e-03 5.717627343750000400e+02 4.691668199999999400e+01 3.229191562500000100e+02 1.733651600000000000e+01 2.488435781249999900e+02 2.958016599999999800e+01
2.912602947939799400e-03 5.721679687500000000e+02 4.696969800000000100e+01 3.237897500000000300e+02 1.723610800000000200e+01 2.483782187500000000e+02 2.973359000000000000e+01
2.939634771678589100e-03 5.715300937499999900e+02 4.739813200000000400e+01 3.238864687500000100e+02 1.730741199999999900e+01 2.476436249999999900e+02 3.009072000000000100e+01
3.000456700133236800e-03 5.715238749999999800e+02 4.837427400000000000e+01 3.243802187499999800e+02 1.754306600000000000e+01 2.471436562499999900e+02 3.083120800000000000e+01
3.137306039156195500e-03 5.716437031250000000e+02 5.033717599999999900e+01 3.256596562500000100e+02 1.797252999999999900e+01 2.459840468749999900e+02 3.236464600000000000e+01
3.306657339978884200e-03 5.716305156250000400e+02 5.277150199999999800e+01 3.271815624999999800e+02 1.851613000000000000e+01 2.444489531250000000e+02 3.425537200000000100e+01
3.479857142473778700e-03 5.716206406250000800e+02 5.524769200000000100e+01 3.289107812500000100e+02 1.906607599999999900e+01 2.427098593750000100e+02 3.618161599999999800e+01
3.577282092322601200e-03 5.716254687499999800e+02 5.662251200000000000e+01 3.299406875000000200e+02 1.937599200000000000e+01 2.416847812499999900e+02 3.724651999999999700e+01
3.697845508390815100e-03 5.716291249999999300e+02 5.828978800000000100e+01 3.314929374999999800e+02 1.973892400000000100e+01 2.401361875000000100e+02 3.855086399999999700e+01
3.714799718460259600e-03 5.716382812499999800e+02 5.851998799999999800e+01 3.317906562499999800e+02 1.978893199999999900e+01 2.398476249999999900e+02 3.873105600000000200e+01
3.719134483519425700e-03 5.716574218749999500e+02 5.858011200000000000e+01 3.319032500000000100e+02 1.980229599999999800e+01 2.397541718750000000e+02 3.877781600000000100e+01
3.728888029944920800e-03 5.717597187500000500e+02 5.870452400000000600e+01 3.322907500000000000e+02 1.982277600000000100e+01 2.394689687499999900e+02 3.888174800000000200e+01
3.750833265620506400e-03 5.715851562500000700e+02 5.898657000000000000e+01 3.324892500000000300e+02 1.988558199999999900e+01 2.390959062500000100e+02 3.910098800000000100e+01
3.800210452193537400e-03 5.716087187499999800e+02 5.964694799999999500e+01 3.334424062499999800e+02 2.003367199999999900e+01 2.381663125000000000e+02 3.961327599999999900e+01
3.911308959461672100e-03 5.716096250000000500e+02 6.109027799999999800e+01 3.357241562500000200e+02 2.036127799999999900e+01 2.358854687500000000e+02 4.072899999999999900e+01
4.161280194512011400e-03 5.716167656249999700e+02 6.419269800000000700e+01 3.415924687500000200e+02 2.111514199999999900e+01 2.300242968750000000e+02 4.307755600000000100e+01
4.470620093576421600e-03 5.716261093750000600e+02 6.772757599999999900e+01 3.509663750000000300e+02 2.193474399999999800e+01 2.206597343750000000e+02 4.579283199999999700e+01
4.786990009040026200e-03 5.716095000000000300e+02 7.114769799999999100e+01 3.619445312500000100e+02 2.271821800000000000e+01 2.096649687500000100e+02 4.842947999999999800e+01
5.498823050178469800e-03 5.716187499999999800e+02 7.811956200000000200e+01 3.874440000000000200e+02 2.458859400000000100e+01 1.841747499999999900e+02 5.353096800000000100e+01
7.100446580134042200e-03 5.716202031249999900e+02 9.071764600000000200e+01 4.438287812500000200e+02 2.817179399999999800e+01 1.277914218750000000e+02 6.254585199999999600e+01
8.001359368800791500e-03 5.716234375000000200e+02 9.523093000000000100e+01 4.705819999999999900e+02 2.979183799999999800e+01 1.010414375000000000e+02 6.543909200000000200e+01
1.002841460599164500e-02 5.716222187500000000e+02 1.013695840000000000e+02 5.136691875000000200e+02 3.238357599999999800e+01 5.795303125000000200e+01 6.898600799999999800e+01
1.031346896430953600e-02 5.716266171874999600e+02 1.019700019999999900e+02 5.185434687499999900e+02 3.266143400000000000e+01 5.308314843750000000e+01 6.930856799999999400e+01
1.035355513975095300e-02 5.716555585937500200e+02 1.020465459999999900e+02 5.192049687500000300e+02 3.270015399999999800e+01 5.245058984375000200e+01 6.934639199999999400e+01
1.037610332902467500e-02 5.717239492187500200e+02 1.020898100000000000e+02 5.196300937500000100e+02 3.272477800000000100e+01 5.209385546875000000e+01 6.936503199999999900e+01
1.042683659236936500e-02 5.715939921875000200e+02 1.021758660000000000e+02 5.203236562500000000e+02 3.276714599999999700e+01 5.127033593750000100e+01 6.940872000000000200e+01
1.054098757254321600e-02 5.716132265625000200e+02 1.023828520000000100e+02 5.220876562500000100e+02 3.287169200000000300e+01 4.952557031250000100e+01 6.951116000000000400e+01
1.079782630280726700e-02 5.716193164062500500e+02 1.028345300000000000e+02 5.260061875000000100e+02 3.309703400000000100e+01 4.561312890624999700e+01 6.973749599999999300e+01
1.137571328338019700e-02 5.716221210937500200e+02 1.037520000000000100e+02 5.341723124999999800e+02 3.354767199999999900e+01 3.744980859374999900e+01 7.020432800000000400e+01
1.170077515688573000e-02 5.716253437499999600e+02 1.042221880000000000e+02 5.385140000000000100e+02 3.378014000000000300e+01 3.311134375000000300e+01 7.044204800000000000e+01
1.210303849400349300e-02 5.716204628906249400e+02 1.047671280000000100e+02 5.436031249999999800e+02 3.403986400000000100e+01 2.801733789062500100e+01 7.072726400000000500e+01
1.228302875667018100e-02 5.716204746093750400e+02 1.049972600000000000e+02 5.457892500000000400e+02 3.414540399999999900e+01 2.583122460937499900e+01 7.085185599999999800e+01
1.231484910461800300e-02 5.716227871093749400e+02 1.050358520000000100e+02 5.461644374999999600e+02 3.416302000000000300e+01 2.545834960937499900e+01 7.087283200000000200e+01
1.234739104662936100e-02 5.716258144531250300e+02 1.050733319999999900e+02 5.465341250000000200e+02 3.417940399999999800e+01 2.509168945312499900e+01 7.089392800000000200e+01
1.236569743296201200e-02 5.716312128906249700e+02 1.050874760000000000e+02 5.467226875000000100e+02 3.418353200000000000e+01 2.490852539062500200e+01 7.090394399999999600e+01
1.237599347510464500e-02 5.718893359375000500e+02 1.050451880000000000e+02 5.469481875000000200e+02 3.415225199999999700e+01 2.494114843750000100e+01 7.089293600000000600e+01
1.239916119513742400e-02 5.716525390625000700e+02 1.050663200000000000e+02 5.470816875000000400e+02 3.415016000000000000e+01 2.457085156250000000e+01 7.091616000000000500e+01
1.245128889025354600e-02 5.715383300781250000e+02 1.051472719999999900e+02 5.475626875000000400e+02 3.419268799999999700e+01 2.397564257812500100e+01 7.095458399999999700e+01
1.248061031245340100e-02 5.716499960937499100e+02 1.051523960000000100e+02 5.479517499999999500e+02 3.418242000000000000e+01 2.369824609375000100e+01 7.096997600000000300e+01
1.254658481257255900e-02 5.716147851562500400e+02 1.052245360000000000e+02 5.486412500000000100e+02 3.421136800000000000e+01 2.297353515625000100e+01 7.101316799999999300e+01
1.258369424998069500e-02 5.716543261718750300e+02 1.052495800000000100e+02 5.490673749999999700e+02 3.421589999999999800e+01 2.258695117187500000e+01 7.103368000000000400e+01
1.266719243440322400e-02 5.715375898437499700e+02 1.052626240000000000e+02 5.499446874999999900e+02 3.418090399999999800e+01 2.159290234375000100e+01 7.108172000000000400e+01
1.277052080379348200e-02 5.716030234375000400e+02 1.053774760000000000e+02 5.509710625000000200e+02 3.424823599999999900e+01 2.063196093750000100e+01 7.112923999999999600e+01
1.287619857944106300e-02 5.716278535156250200e+02 1.054644759999999900e+02 5.519398750000000300e+02 3.429677199999999700e+01 1.968797851562500200e+01 7.116770400000000100e+01
1.289105951664150400e-02 5.716361269531249700e+02 1.054727960000000000e+02 5.520768124999999600e+02 3.430017200000000300e+01 1.955931445312500100e+01 7.117262399999999900e+01
1.289941830625319400e-02 5.716450410156250000e+02 1.054752440000000000e+02 5.521565000000000500e+02 3.430000400000000100e+01 1.948854101562500000e+01 7.117524000000000200e+01
1.291446516768982600e-02 5.717132089843750000e+02 1.054629520000000000e+02 5.523491249999999600e+02 3.428416000000000000e+01 1.936408398437500000e+01 7.117879200000000100e+01
1.293327341944324600e-02 5.716383925781250400e+02 1.054767840000000100e+02 5.524615625000000100e+02 3.429007200000000200e+01 1.917683007812500100e+01 7.118671200000000000e+01
1.295654905354318300e-02 5.716038183593750500e+02 1.054935079999999900e+02 5.526395000000000000e+02 3.429773999999999700e+01 1.896431835937500000e+01 7.119576800000000100e+01
1.296964046007610000e-02 5.715949609374999900e+02 1.054982120000000000e+02 5.527468125000000300e+02 3.429812400000000100e+01 1.884814843750000100e+01 7.120008799999999400e+01
1.298303090559030400e-02 5.719040898437499400e+02 1.054458240000000000e+02 5.530422499999999700e+02 3.425478400000000100e+01 1.886183984375000100e+01 7.119104000000000100e+01
1.299056278741026400e-02 5.719405234374999100e+02 1.054146519999999900e+02 5.531459999999999600e+02 3.422696400000000200e+01 1.879452343750000100e+01 7.118768799999999400e+01
1.300750919646280700e-02 5.715991269531250500e+02 1.054446600000000000e+02 5.530782500000000300e+02 3.424204400000000000e+01 1.852087695312500100e+01 7.120261600000000600e+01
1.304563926691576500e-02 5.714275058593749500e+02 1.055008960000000000e+02 5.532620624999999600e+02 3.427918400000000100e+01 1.816544335937500100e+01 7.122171199999999700e+01
1.306708686272140700e-02 5.714516347656250400e+02 1.055268879999999900e+02 5.534441875000000000e+02 3.429598399999999700e+01 1.800744726562500000e+01 7.123090399999999500e+01
1.311534525345358300e-02 5.716753691406249800e+02 1.055392200000000000e+02 5.539703749999999900e+02 3.429599600000000200e+01 1.770499414062500100e+01 7.124322399999999800e+01
1.313027509963666700e-02 5.718043183593749700e+02 1.055264880000000000e+02 5.541879374999999800e+02 3.428135199999999800e+01 1.761638085937499900e+01 7.124513600000000200e+01
1.313409239724125900e-02 5.718594414062499700e+02 1.055183999999999900e+02 5.542611875000000100e+02 3.427363199999999900e+01 1.759825390625000100e+01 7.124476799999999300e+01
1.313623897705910000e-02 5.718874687500000400e+02 1.055132040000000000e+02 5.543021250000000500e+02 3.426861199999999700e+01 1.758534375000000000e+01 7.124459199999999700e+01
1.314107040686110000e-02 5.722186503906250400e+02 1.054607760000000000e+02 5.545173750000000200e+02 3.423393600000000000e+01 1.770127539062500000e+01 7.122683999999999600e+01
1.314686786258960000e-02 5.731323789062499800e+02 1.052723480000000100e+02 5.551735625000000000e+02 3.409870800000000200e+01 1.795881640625000100e+01 7.117364000000000600e+01
1.315773857964409700e-02 5.724239316406250300e+02 1.052311840000000100e+02 5.548986875000000500e+02 3.405308000000000100e+01 1.752524414062499900e+01 7.117810400000000500e+01
1.318219606780485700e-02 5.714748105468750100e+02 1.053598600000000000e+02 5.545604375000000300e+02 3.412484400000000300e+01 1.691437304687499900e+01 7.123501600000000200e+01
1.323722704137842400e-02 5.711472460937499100e+02 1.054478360000000000e+02 5.547481249999999600e+02 3.418664400000000100e+01 1.639912109375000100e+01 7.126119199999999400e+01
1.336104608183420600e-02 5.716795244140624800e+02 1.055736560000000000e+02 5.559101249999999900e+02 3.428669599999999900e+01 1.576939941406250000e+01 7.128695999999999300e+01
1.363963989798682900e-02 5.716240175781250600e+02 1.058194600000000100e+02 5.578059375000000300e+02 3.446165200000000100e+01 1.381808007812500000e+01 7.135780800000000600e+01
1.379634932587564400e-02 5.716261640625000400e+02 1.059533240000000100e+02 5.590959374999999900e+02 3.454061200000000300e+01 1.253022656249999900e+01 7.141271199999999900e+01
1.388449821654191500e-02 5.716250351562499600e+02 1.060242480000000000e+02 5.598396249999999600e+02 3.457920800000000100e+01 1.178541015625000000e+01 7.144504000000000600e+01
1.393408147997813800e-02 5.716244042968750100e+02 1.060549240000000000e+02 5.602436874999999600e+02 3.459535600000000200e+01 1.138071679687499900e+01 7.145956800000000400e+01
1.404564512287912100e-02 5.716225292968749700e+02 1.061309200000000000e+02 5.611873749999999700e+02 3.463717599999999700e+01 1.043515429687500000e+01 7.149374400000000700e+01
1.429666234427922000e-02 5.716226972656249900e+02 1.063269640000000000e+02 5.632775000000000300e+02 3.474872400000000300e+01 8.345197265625000000e+00 7.157823999999999400e+01
1.486145206755655700e-02 5.716213410644530800e+02 1.067147119999999900e+02 5.675886874999999900e+02 3.495327199999999800e+01 4.032653564453125000e+00 7.176143999999999300e+01
1.517914588059709300e-02 5.716228093261718200e+02 1.069208960000000000e+02 5.698792499999999600e+02 3.506188800000000300e+01 1.743559326171874900e+00 7.185900800000000300e+01
1.535784897547476700e-02 5.716214209899901600e+02 1.070312120000000100e+02 5.711392499999999500e+02 3.512125999999999900e+01 4.821709899902343900e-01 7.190995200000000400e+01
1.545837027894938500e-02 5.716236784057617800e+02 1.070908720000000000e+02 5.718294375000000400e+02 3.515378400000000200e+01 -2.057590942382812600e-01 7.193708800000000300e+01
1.568454126151305400e-02 5.716199533691406000e+02 1.072229280000000000e+02 5.733474999999999700e+02 3.522842399999999700e+01 -1.727546630859375000e+00 7.199450400000000600e+01
1.581176154533859400e-02 5.716206735839844000e+02 1.072883360000000000e+02 5.741985624999999800e+02 3.526612000000000100e+01 -2.577888916015624900e+00 7.202221600000000000e+01
1.609800945924266100e-02 5.716194184570312000e+02 1.074508240000000100e+02 5.761097499999999600e+02 3.535672000000000300e+01 -4.490331542968750300e+00 7.209410400000000200e+01
1.674206661544206900e-02 5.716222236328123900e+02 1.078076279999999900e+02 5.804366874999999500e+02 3.555894800000000100e+01 -8.814463867187500400e+00 7.224867999999999300e+01
1.710434844076186300e-02 5.716219541015625500e+02 1.079968559999999900e+02 5.827653125000000500e+02 3.566124800000000100e+01 -1.114335839843750100e+01 7.233560799999999300e+01
1.775645624640528900e-02 5.716185683593749900e+02 1.082998960000000000e+02 5.869940000000000300e+02 3.578455999999999900e+01 -1.537543164062499900e+01 7.251533600000000500e+01
1.796023961062649000e-02 5.716230585937499900e+02 1.083913760000000100e+02 5.881024374999999500e+02 3.583840800000000100e+01 -1.647937890624999800e+01 7.255296800000000700e+01
1.807486775300091600e-02 5.716244453125000300e+02 1.084414599999999900e+02 5.887030624999999900e+02 3.586713199999999800e+01 -1.707861718750000100e+01 7.257432799999999400e+01
1.813934705821364200e-02 5.716277910156250100e+02 1.084680560000000000e+02 5.890208125000000300e+02 3.588255999999999800e+01 -1.739302148437500200e+01 7.258549600000000600e+01
1.817561528596572200e-02 5.716269941406249000e+02 1.084827960000000100e+02 5.891944999999999500e+02 3.589110800000000300e+01 -1.756750585937500000e+01 7.259168800000000500e+01
1.819601754550634700e-02 5.716303945312499800e+02 1.084906759999999900e+02 5.892893749999999500e+02 3.589574799999999800e+01 -1.765898046874999800e+01 7.259492799999999600e+01
1.822126423654380600e-02 5.716314003906250000e+02 1.084999960000000100e+02 5.893993749999999600e+02 3.590099599999999900e+01 -1.776797460937499900e+01 7.259900000000000400e+01
1.822771827786165400e-02 5.716336386718750200e+02 1.085022720000000000e+02 5.894251249999999800e+02 3.590212799999999800e+01 -1.779148632812500000e+01 7.260014400000000000e+01
1.823134965123005300e-02 5.716400449218749600e+02 1.085035200000000100e+02 5.894384999999999800e+02 3.590256800000000200e+01 -1.779845507812499900e+01 7.260095200000000700e+01
1.823951991626658600e-02 5.719467499999999500e+02 1.084720079999999900e+02 5.895666874999999400e+02 3.588631199999999700e+01 -1.761993749999999900e+01 7.258569599999999900e+01
1.824932319417484100e-02 5.718320156250000500e+02 1.084541119999999900e+02 5.895482500000000500e+02 3.587068800000000100e+01 -1.771623437499999900e+01 7.258342399999999400e+01
1.826770499033755800e-02 5.715558652343748900e+02 1.084764600000000000e+02 5.894428124999999500e+02 3.588522799999999800e+01 -1.788694726562500000e+01 7.259123200000000500e+01
1.829045275562704900e-02 5.714958945312499700e+02 1.084911560000000000e+02 5.894758749999999700e+02 3.589529199999999800e+01 -1.797998046875000000e+01 7.259586400000000600e+01
1.831371798837111800e-02 5.714963203124999600e+02 1.085050720000000000e+02 5.895702499999999900e+02 3.590230400000000100e+01 -1.807392968750000200e+01 7.260276799999999800e+01
1.832091572663372900e-02 5.715058125000000500e+02 1.085090039999999900e+02 5.896043750000000000e+02 3.590417999999999700e+01 -1.809856250000000000e+01 7.260482399999999400e+01
1.832275546645337900e-02 5.715095117187499900e+02 1.085099600000000100e+02 5.896135624999999400e+02 3.590463199999999900e+01 -1.810405078124999900e+01 7.260532800000000000e+01
1.832689650625945300e-02 5.715343183593749900e+02 1.085118080000000000e+02 5.896370624999999600e+02 3.590537599999999700e+01 -1.810274414062499900e+01 7.260643199999999800e+01
1.833621222061125900e-02 5.716661074218750400e+02 1.085008280000000100e+02 5.897496250000000400e+02 3.589672399999999900e+01 -1.808351757812500100e+01 7.260410400000000700e+01
1.835717485319942100e-02 5.716122421875001000e+02 1.085096279999999900e+02 5.897820625000000500e+02 3.590489199999999700e+01 -1.816982031250000100e+01 7.260473600000000300e+01
1.840433850122619500e-02 5.716618769531249900e+02 1.085351240000000000e+02 5.900141250000000400e+02 3.591805999999999700e+01 -1.835224804687500100e+01 7.261706399999999900e+01
1.851045833449828400e-02 5.716329003906250800e+02 1.085773600000000000e+02 5.904505625000000500e+02 3.593789600000000200e+01 -1.881766210937500000e+01 7.263946400000000400e+01
1.861491915150898000e-02 5.716253066406250100e+02 1.086114920000000000e+02 5.908474374999999600e+02 3.595226000000000300e+01 -1.922213085937500000e+01 7.265923200000000300e+01
1.864849602842948500e-02 5.716072070312500300e+02 1.086178879999999900e+02 5.909455625000000500e+02 3.595526400000000000e+01 -1.933835546874999900e+01 7.266262399999999400e+01
1.872404367645825000e-02 5.716166132812500100e+02 1.086474080000000000e+02 5.912601250000000200e+02 3.597028000000000200e+01 -1.964351171874999800e+01 7.267712799999999600e+01
1.881753496353367700e-02 5.716257304687499100e+02 1.086789480000000100e+02 5.916225624999999600e+02 3.598584400000000000e+01 -1.999683203125000100e+01 7.269310400000000500e+01
1.887012291864708500e-02 5.716233496093750500e+02 1.086880679999999900e+02 5.917768750000000200e+02 3.598973199999999700e+01 -2.015352539062499900e+01 7.269833599999999800e+01
1.889970437474370800e-02 5.716193281250000400e+02 1.086958960000000000e+02 5.918711875000000200e+02 3.599314400000000100e+01 -2.025185937499999900e+01 7.270275200000000400e+01
1.890726746063128200e-02 5.716171523437499200e+02 1.086976160000000000e+02 5.918921249999999600e+02 3.599373599999999800e+01 -2.027497265625000000e+01 7.270387999999999800e+01
1.891662608057605900e-02 5.716117304687499000e+02 1.086988880000000100e+02 5.919109999999999400e+02 3.599387999999999700e+01 -2.029926953125000100e+01 7.270500800000000700e+01
1.892189176698566200e-02 5.716071093749999400e+02 1.086985000000000000e+02 5.919139999999999900e+02 3.599313999999999700e+01 -2.030689062500000100e+01 7.270535999999999900e+01
1.892727576881829800e-02 5.717571386718749400e+02 1.086764160000000000e+02 5.919524999999999900e+02 3.598386399999999700e+01 -2.019536132812499900e+01 7.269255200000000600e+01
1.893939074806884300e-02 5.717366816406249700e+02 1.086538960000000000e+02 5.919787499999999900e+02 3.596418400000000300e+01 -2.024206835937500100e+01 7.268971200000000000e+01
1.896665010146730500e-02 5.715307714843750100e+02 1.086846240000000000e+02 5.919258750000000200e+02 3.598399200000000100e+01 -2.039510351562499900e+01 7.270063199999999900e+01
1.902798169635962600e-02 5.716582656250000100e+02 1.087047000000000000e+02 5.922842500000000400e+02 3.598353199999999700e+01 -2.062598437500000200e+01 7.272116800000000600e+01
1.910158039033209600e-02 5.716370078124999700e+02 1.087227920000000000e+02 5.926210624999999900e+02 3.597399200000000300e+01 -2.098405468749999900e+01 7.274880000000000300e+01
1.923957777900929900e-02 5.715948261718749600e+02 1.087829639999999900e+02 5.930751249999999600e+02 3.600789199999999800e+01 -2.148029882812500100e+01 7.277507199999999400e+01
1.955007125344825400e-02 5.716255781250000600e+02 1.088865040000000000e+02 5.941502500000000300e+02 3.606092000000000300e+01 -2.252467187499999900e+01 7.282558400000000600e+01
1.972472302021424300e-02 5.716223300781249500e+02 1.089337520000000000e+02 5.947374999999999500e+02 3.607200000000000300e+01 -2.311516992187500100e+01 7.286175199999999600e+01
1.973823178115147500e-02 5.716176093750000300e+02 1.089377120000000000e+02 5.947734375000000000e+02 3.607316800000000300e+01 -2.315582812499999900e+01 7.286454399999999500e+01
1.975204738208689900e-02 5.716504999999999700e+02 1.089347520000000000e+02 5.948063124999999900e+02 3.606895999999999700e+01 -2.315581250000000000e+01 7.286579199999999900e+01
1.976862584317551000e-02 5.716136796875000500e+02 1.089320960000000000e+02 5.948110000000000400e+02 3.606790399999999900e+01 -2.319732031250000000e+01 7.286419200000000300e+01
1.979971029519547000e-02 5.715958300781250000e+02 1.089454040000000000e+02 5.949136250000000200e+02 3.607306799999999900e+01 -2.331779492187499900e+01 7.287233600000000400e+01
1.986965031224038200e-02 5.716289746093749500e+02 1.089703959999999900e+02 5.951985624999999800e+02 3.607963600000000100e+01 -2.356958789062500200e+01 7.289076000000000000e+01
2.002701502554905800e-02 5.716221660156250000e+02 1.090162720000000000e+02 5.957875625000000400e+02 3.608633600000000300e+01 -2.416539648437500200e+01 7.292993599999999800e+01
2.011553186417926200e-02 5.716186074218749100e+02 1.090414760000000000e+02 5.960845624999999500e+02 3.609240400000000200e+01 -2.446595507812499900e+01 7.294907200000000100e+01
2.022507244336336700e-02 5.716145644531250100e+02 1.090656360000000100e+02 5.964970624999999700e+02 3.608219600000000300e+01 -2.488249804687500000e+01 7.298344000000000200e+01
2.033710284710905600e-02 5.716293613281250100e+02 1.090896720000000100e+02 5.969588750000000300e+02 3.606767200000000200e+01 -2.532951367187499900e+01 7.302200000000000600e+01
2.058917190562159100e-02 5.716029941406250100e+02 1.091294599999999900e+02 5.981991874999999900e+02 3.599827599999999700e+01 -2.659619335937500000e+01 7.313118400000000500e+01
2.115632403685108900e-02 5.716206328125000500e+02 1.092655760000000000e+02 5.997963125000000000e+02 3.602120800000000100e+01 -2.817567968750000100e+01 7.324436799999999400e+01
2.183690815452986700e-02 5.716202500000000600e+02 1.094116160000000100e+02 6.015911250000000300e+02 3.601292800000000200e+01 -2.997087499999999900e+01 7.339868800000000700e+01
2.204958987869855600e-02 5.716223417968750500e+02 1.094634080000000200e+02 6.020915625000000100e+02 3.602803200000000300e+01 -3.046922070312500000e+01 7.343537600000000500e+01
2.216922367358581400e-02 5.716251523437499600e+02 1.094898600000000100e+02 6.023821874999999900e+02 3.603276400000000000e+01 -3.075703515625000200e+01 7.345709600000000700e+01
2.223651784573108300e-02 5.716240703124999500e+02 1.095040120000000000e+02 6.025417499999999800e+02 3.603420400000000300e+01 -3.091767968750000200e+01 7.346980800000000000e+01
2.227437098008398400e-02 5.716147324218750300e+02 1.095086160000000000e+02 6.026038750000000200e+02 3.603296799999999700e+01 -3.098914257812500100e+01 7.347564800000000700e+01
2.235953988229326400e-02 5.716320820312499800e+02 1.095277480000000000e+02 6.028475624999999800e+02 3.603386799999999800e+01 -3.121548046874999800e+01 7.349388000000000400e+01
2.255117186251837400e-02 5.716168437499999300e+02 1.095725560000000100e+02 6.032849999999999700e+02 3.604193200000000300e+01 -3.166815624999999900e+01 7.353062400000000300e+01
2.265896371374669800e-02 5.716222265625000300e+02 1.095957280000000100e+02 6.035201250000000100e+02 3.604612000000000200e+01 -3.189789843750000000e+01 7.354960800000000600e+01
2.290149472892568900e-02 5.716246582031250200e+02 1.096435680000000000e+02 6.040106875000000200e+02 3.604984000000000300e+01 -3.238602929687500200e+01 7.359372799999999900e+01
2.344719146333263900e-02 5.716192265624999900e+02 1.097335919999999900e+02 6.049193125000000500e+02 3.605150400000000100e+01 -3.330008593750000000e+01 7.368208799999999300e+01
2.467501171608725200e-02 5.716225742187499500e+02 1.099902199999999900e+02 6.070941874999999800e+02 3.606844400000000000e+01 -3.547161328125000100e+01 7.392177599999999400e+01
2.588364666793812800e-02 5.716179335937499700e+02 1.102183359999999900e+02 6.086325624999999500e+02 3.606831199999999900e+01 -3.701462890625000300e+01 7.415002400000000200e+01
2.598076672804298600e-02 5.716220117187500600e+02 1.102375880000000000e+02 6.087518750000000400e+02 3.606996399999999900e+01 -3.712986328125000300e+01 7.416762400000000400e+01
2.603539984975449300e-02 5.716242421875000400e+02 1.102484640000000000e+02 6.088131875000000300e+02 3.607090399999999900e+01 -3.718894531250000300e+01 7.417756000000000000e+01
2.606613065567484400e-02 5.716281679687500600e+02 1.102547000000000000e+02 6.088473750000000600e+02 3.607159600000000000e+01 -3.721920703125000100e+01 7.418310400000000000e+01
2.607563749494077800e-02 5.716307773437499700e+02 1.102567440000000000e+02 6.088583125000000100e+02 3.607190400000000400e+01 -3.722753515624999900e+01 7.418483999999999400e+01
2.608098379185838300e-02 5.716334492187500000e+02 1.102579560000000100e+02 6.088648124999999700e+02 3.607211600000000100e+01 -3.723136328124999700e+01 7.418583999999999900e+01
2.608645490504643900e-02 5.716397812499999400e+02 1.102594279999999900e+02 6.088726874999999800e+02 3.607246000000000000e+01 -3.723290624999999900e+01 7.418696799999999300e+01
2.608953110604523100e-02 5.716477499999999700e+02 1.102605080000000200e+02 6.088788124999999800e+02 3.607278000000000200e+01 -3.723106250000000000e+01 7.418772800000000700e+01
2.609126033145875800e-02 5.716554062499999400e+02 1.102613200000000000e+02 6.088833750000000000e+02 3.607304800000000000e+01 -3.722796875000000200e+01 7.418827199999999800e+01
2.609515563923238100e-02 5.717483906249999600e+02 1.102624879999999900e+02 6.089123124999999800e+02 3.607471199999999800e+01 -3.716392187500000000e+01 7.418777599999999900e+01
2.610391618121458300e-02 5.720530312500000000e+02 1.102472760000000000e+02 6.090396250000000000e+02 3.607133199999999800e+01 -3.698659374999999700e+01 7.417594400000000100e+01
2.612362675058979600e-02 5.716525507812500600e+02 1.102516519999999900e+02 6.088398750000000100e+02 3.606929999999999800e+01 -3.718732421875000000e+01 7.418235199999999500e+01
2.616797813202299500e-02 5.715150898437500500e+02 1.102585880000000000e+02 6.087881875000000500e+02 3.606949199999999700e+01 -3.727309765625000200e+01 7.418909600000000600e+01
2.626776874024768600e-02 5.716105937500000200e+02 1.102808960000000000e+02 6.089568749999999700e+02 3.607343199999999700e+01 -3.734628124999999700e+01 7.420746400000000200e+01
2.629864256481126400e-02 5.716627304687499400e+02 1.102870680000000000e+02 6.090126249999999600e+02 3.607520399999999900e+01 -3.734989453125000100e+01 7.421186400000000600e+01
2.633021588055715200e-02 5.717126796874999900e+02 1.102825720000000200e+02 6.090149374999999700e+02 3.607350000000000300e+01 -3.730225781250000200e+01 7.420907200000000600e+01
2.640125714115488700e-02 5.715783984375000300e+02 1.102922400000000100e+02 6.089840000000000400e+02 3.607264800000000100e+01 -3.740560156250000300e+01 7.421959200000000600e+01
2.656110257783875200e-02 5.716222382812500200e+02 1.103300600000000000e+02 6.091742500000000300e+02 3.607586800000000000e+01 -3.755201171875000200e+01 7.425419200000000300e+01
2.675891296345113100e-02 5.716231210937498900e+02 1.103718240000000000e+02 6.093635624999999400e+02 3.607781599999999900e+01 -3.774044140625000000e+01 7.429400800000000500e+01
2.696121673479970700e-02 5.716194726562499700e+02 1.104111839999999900e+02 6.095433124999999600e+02 3.608019199999999700e+01 -3.792383984375000200e+01 7.433099199999999500e+01
2.741640087041874100e-02 5.716224765624999700e+02 1.105032799999999900e+02 6.099928750000000300e+02 3.608711199999999800e+01 -3.837039843750000000e+01 7.441616799999999900e+01
2.797969149828119500e-02 5.716210976562500700e+02 1.106125160000000000e+02 6.105023750000000300e+02 3.609102800000000100e+01 -3.888127734375000000e+01 7.452148800000000500e+01
2.855578359488166600e-02 5.716216484375000800e+02 1.107093879999999900e+02 6.108378125000000400e+02 3.608518000000000100e+01 -3.921616406249999900e+01 7.462420799999999600e+01
2.887983523669824400e-02 5.716248906250000300e+02 1.107722320000000000e+02 6.110625625000000100e+02 3.608966399999999900e+01 -3.943767187499999900e+01 7.468256800000000300e+01
2.960895208087029100e-02 5.716223124999999100e+02 1.109228720000000100e+02 6.117046249999999600e+02 3.610972000000000300e+01 -4.008231250000000000e+01 7.481315200000000200e+01
3.124946693051161900e-02 5.716223085937499500e+02 1.112590480000000100e+02 6.129963749999999400e+02 3.615616800000000100e+01 -4.137406640625000200e+01 7.510287999999999900e+01
3.175700109022851900e-02 5.716211562499999000e+02 1.113664800000000000e+02 6.133178124999999500e+02 3.617524800000000300e+01 -4.169665624999999700e+01 7.519123199999999900e+01
3.227607035360615500e-02 5.716221875000000000e+02 1.114732239999999900e+02 6.136236874999999600e+02 3.619025599999999800e+01 -4.200150000000000000e+01 7.528296799999999700e+01
3.256804681425607600e-02 5.716231718750000300e+02 1.115305960000000000e+02 6.137448124999999700e+02 3.619609200000000000e+01 -4.212164062499999800e+01 7.533450399999999500e+01
3.292936651415782900e-02 5.716186757812499800e+02 1.116022040000000000e+02 6.138806250000000100e+02 3.620318799999999700e+01 -4.226194921874999700e+01 7.539901600000000300e+01
3.313260900787373700e-02 5.716220859374999500e+02 1.116442240000000100e+02 6.139835624999999500e+02 3.620875199999999700e+01 -4.236147656250000200e+01 7.543547200000000400e+01
3.316119193380676800e-02 5.716220078124999900e+02 1.116500920000000000e+02 6.139973750000000300e+02 3.620951600000000100e+01 -4.237536718749999700e+01 7.544057599999999300e+01
3.319042234414275300e-02 5.716211289062499600e+02 1.116538760000000000e+02 6.140072500000000000e+02 3.620856400000000300e+01 -4.238612109374999900e+01 7.544531200000000100e+01
3.325619011731397600e-02 5.716196328125000700e+02 1.116607120000000000e+02 6.140275625000000400e+02 3.620456000000000100e+01 -4.240792968750000100e+01 7.545615200000000300e+01
3.340417020728820400e-02 5.716215507812499900e+02 1.116947680000000100e+02 6.140916250000000200e+02 3.621051200000000100e+01 -4.247007421875000000e+01 7.548425600000000200e+01
3.373712540973021500e-02 5.716225390624999800e+02 1.117616640000000000e+02 6.142214374999999800e+02 3.621882399999999800e+01 -4.259889843749999700e+01 7.554283999999999800e+01
3.414915692018016100e-02 5.716218476562500000e+02 1.118465280000000100e+02 6.143637499999999800e+02 3.623011999999999900e+01 -4.274190234374999900e+01 7.561640800000000700e+01
3.457055225125282200e-02 5.716225195312499600e+02 1.119357680000000000e+02 6.144995000000000100e+02 3.624417600000000300e+01 -4.287698046874999800e+01 7.569159200000000000e+01
3.470092024539876700e-02 5.716243124999999700e+02 1.119620360000000000e+02 6.145239374999999900e+02 3.624756399999999700e+01 -4.289962500000000000e+01 7.571447200000000100e+01
3.471925523546006600e-02 5.716265546874999500e+02 1.119655600000000100e+02 6.145260624999999700e+02 3.624811199999999900e+01 -4.289950781249999800e+01 7.571744800000000500e+01
3.472956817980598500e-02 5.716265351562500400e+02 1.119673840000000100e+02 6.145252500000000300e+02 3.624834400000000300e+01 -4.289871484375000000e+01 7.571904000000000700e+01
3.474011255432004500e-02 5.716276523437500100e+02 1.119692760000000100e+02 6.145242500000000500e+02 3.624866800000000200e+01 -4.289659765625000200e+01 7.572060799999999900e+01
3.474604652784434000e-02 5.716338749999999900e+02 1.119706439999999900e+02 6.145266874999999800e+02 3.624921200000000000e+01 -4.289281249999999800e+01 7.572143199999999300e+01
3.475939406776558400e-02 5.717695859374999800e+02 1.119643959999999900e+02 6.145888750000000300e+02 3.624722800000000000e+01 -4.281928906249999800e+01 7.571716800000000100e+01
3.478942798284259000e-02 5.715893671874999900e+02 1.119636400000000000e+02 6.144580624999999800e+02 3.624637599999999800e+01 -4.286869531250000200e+01 7.571726400000000000e+01
3.485700299159636600e-02 5.715884179687499200e+02 1.119822040000000000e+02 6.144841249999999500e+02 3.625045999999999700e+01 -4.289570703124999800e+01 7.573174400000000600e+01
3.500905001171608600e-02 5.716276523437500100e+02 1.120159000000000200e+02 6.145579999999999900e+02 3.625482000000000200e+01 -4.293034765624999900e+01 7.576108000000000700e+01
3.519720533874137100e-02 5.716200039062499600e+02 1.120491800000000100e+02 6.145881249999999900e+02 3.625129199999999900e+01 -4.296812109375000000e+01 7.579788800000000000e+01
3.538963822336853300e-02 5.716232617187499700e+02 1.120959399999999800e+02 6.146476249999999500e+02 3.626033199999999800e+01 -4.302436328124999700e+01 7.583560799999999300e+01
3.562777206535313500e-02 5.716226210937500100e+02 1.121459960000000000e+02 6.146989375000000600e+02 3.626748400000000300e+01 -4.307631640625000100e+01 7.587851200000000100e+01
3.568865900228197100e-02 5.716228632812500300e+02 1.121586880000000000e+02 6.147098125000000000e+02 3.626915999999999900e+01 -4.308694921875000000e+01 7.588952799999999900e+01
3.572290806682563300e-02 5.716245000000000100e+02 1.121657879999999900e+02 6.147152499999999700e+02 3.627004399999999900e+01 -4.309075000000000000e+01 7.589574399999999300e+01
3.579996911213360200e-02 5.716206484374999900e+02 1.121800279999999900e+02 6.147103750000000000e+02 3.627122800000000100e+01 -4.308972656249999700e+01 7.590879999999999900e+01
3.597335191348334500e-02 5.716207343750001000e+02 1.122165519999999900e+02 6.147435625000000500e+02 3.627586399999999900e+01 -4.312282812499999800e+01 7.594068799999999400e+01
3.636346776711347300e-02 5.716224257812500600e+02 1.123004160000000100e+02 6.148350625000000500e+02 3.628813600000000200e+01 -4.321263671874999800e+01 7.601228000000000400e+01
3.724122778769650700e-02 5.716222304687499900e+02 1.124903000000000000e+02 6.150211875000000000e+02 3.631794800000000100e+01 -4.339895703124999900e+01 7.617235200000000400e+01
3.832745438298158800e-02 5.716215546875000700e+02 1.127312680000000000e+02 6.152140000000000600e+02 3.636061200000000300e+01 -4.359244531249999700e+01 7.637065599999999700e+01
3.860518358642744300e-02 5.716219023437499800e+02 1.127929519999999900e+02 6.152618750000000300e+02 3.637326399999999900e+01 -4.363997265625000200e+01 7.641968799999999400e+01
3.876140675092929600e-02 5.716214999999999700e+02 1.128271120000000000e+02 6.152856874999999900e+02 3.638027999999999900e+01 -4.366418749999999700e+01 7.644683200000000100e+01
3.911290757088898400e-02 5.716188164062500600e+02 1.128974480000000000e+02 6.153852500000000400e+02 3.640339999999999800e+01 -4.376643359375000100e+01 7.649404800000000600e+01
3.990378246554404700e-02 5.716222968749999600e+02 1.130704520000000000e+02 6.155011250000000000e+02 3.643227600000000200e+01 -4.387882812499999800e+01 7.663817600000000100e+01
4.034865105647819600e-02 5.716220937499999800e+02 1.131609520000000100e+02 6.155222499999999900e+02 3.644308800000000300e+01 -4.390015625000000200e+01 7.671786400000000600e+01
4.089917402000921300e-02 5.716220898437500200e+02 1.132685000000000000e+02 6.155588125000000400e+02 3.645605200000000000e+01 -4.393672265624999800e+01 7.681244800000000300e+01
4.112966546576772600e-02 5.716188164062500600e+02 1.133112199999999900e+02 6.155676250000000200e+02 3.646000399999999800e+01 -4.394880859375000200e+01 7.685121599999999400e+01
4.114055308502551100e-02 5.716270976562500400e+02 1.133093800000000000e+02 6.155736249999999900e+02 3.645687600000000100e+01 -4.394652734374999900e+01 7.685250399999999600e+01
4.114667688329445200e-02 5.716346328125000600e+02 1.133067399999999900e+02 6.155798125000000000e+02 3.645364399999999700e+01 -4.394517968750000100e+01 7.685309599999999400e+01
4.115294109986766100e-02 5.716521523437500000e+02 1.132997080000000000e+02 6.155953749999999900e+02 3.644627599999999700e+01 -4.394322265625000100e+01 7.685343199999999800e+01
4.115646195882993700e-02 5.716798320312500400e+02 1.132907880000000100e+02 6.156140000000000300e+02 3.643823600000000300e+01 -4.393416796875000300e+01 7.685255200000000300e+01
4.115844341712332500e-02 5.717082539062499800e+02 1.132824359999999900e+02 6.156298749999999700e+02 3.643137200000000300e+01 -4.392162109374999800e+01 7.685106399999999400e+01
4.116089553676987500e-02 5.717830781250000900e+02 1.132623840000000000e+02 6.156654375000000500e+02 3.641631199999999800e+01 -4.388235937500000000e+01 7.684607200000000700e+01
4.116340486387370900e-02 5.719315781249999900e+02 1.132266520000000000e+02 6.157470624999999700e+02 3.638950799999999900e+01 -4.381548437499999700e+01 7.683714399999999500e+01
4.116904759943363500e-02 5.723536093750000200e+02 1.131536319999999900e+02 6.160663749999999900e+02 3.633289599999999800e+01 -4.371276562500000300e+01 7.682073599999999700e+01
4.118174505461293800e-02 5.719038593750000200e+02 1.131987320000000100e+02 6.158201874999999700e+02 3.635158800000000000e+01 -4.391632812500000000e+01 7.684714400000000000e+01
4.121031237851216500e-02 5.716653125000000300e+02 1.132446999999999900e+02 6.156829999999999900e+02 3.637208400000000100e+01 -4.401768750000000100e+01 7.687261599999999400e+01
4.127459015745488900e-02 5.714268828125000300e+02 1.132842960000000000e+02 6.154990000000000200e+02 3.638812000000000100e+01 -4.407211718749999800e+01 7.689617599999999700e+01
4.141921581016077400e-02 5.716341757812500600e+02 1.133378160000000000e+02 6.156029375000000500e+02 3.641589599999999600e+01 -4.396876171875000200e+01 7.692192000000000000e+01
4.174462482891849700e-02 5.716235664062498900e+02 1.134036199999999900e+02 6.155393749999999500e+02 3.644975600000000100e+01 -4.391580859375000000e+01 7.695386399999999600e+01
4.247679447103863000e-02 5.716229257812499300e+02 1.135732000000000000e+02 6.157019374999999900e+02 3.650630400000000000e+01 -4.407901171875000300e+01 7.706689600000000000e+01
4.412417421555470100e-02 5.716222578124999200e+02 1.139415160000000100e+02 6.161024999999999600e+02 3.661099600000000000e+01 -4.448024218749999600e+01 7.733052000000000700e+01
4.616280356149082100e-02 5.716221875000000000e+02 1.143776560000000000e+02 6.164071874999999600e+02 3.673071999999999800e+01 -4.478499999999999700e+01 7.764693599999999700e+01
4.707497646797247800e-02 5.716200000000000000e+02 1.145692000000000000e+02 6.165264375000000400e+02 3.677660000000000200e+01 -4.490643750000000300e+01 7.779259999999999300e+01
4.711529212332778900e-02 5.716157148437499700e+02 1.145758520000000000e+02 6.165201875000000200e+02 3.677723600000000200e+01 -4.490447265625000000e+01 7.779861599999999600e+01
4.712096086227739200e-02 5.716197499999999500e+02 1.145761720000000100e+02 6.165228124999999900e+02 3.677682800000000200e+01 -4.490306249999999700e+01 7.779934400000000500e+01
4.712675961817537600e-02 5.716247382812499600e+02 1.145756519999999900e+02 6.165255624999999800e+02 3.677563599999999900e+01 -4.490082421875000300e+01 7.780001599999999900e+01
4.713002044324088300e-02 5.716324765624999600e+02 1.145743280000000100e+02 6.165317499999999900e+02 3.677401600000000300e+01 -4.489927343750000000e+01 7.780031200000000500e+01
4.713369212186328100e-02 5.716589023437500100e+02 1.145660599999999900e+02 6.165558750000000100e+02 3.676603600000000000e+01 -4.489697265625000000e+01 7.780002399999999300e+01
4.713552276049654700e-02 5.716831093749999600e+02 1.145578759999999900e+02 6.165759375000000100e+02 3.675865999999999900e+01 -4.489282812500000100e+01 7.779921600000000100e+01
4.713965209877726100e-02 5.719044531250000300e+02 1.145111599999999900e+02 6.167596250000000300e+02 3.671928799999999900e+01 -4.485517187500000300e+01 7.779187199999999800e+01
4.714197680181439500e-02 5.721023867187500400e+02 1.144806440000000000e+02 6.169214375000000200e+02 3.669422000000000100e+01 -4.481905078124999900e+01 7.778642399999999700e+01
4.714719828246154800e-02 5.722932499999999400e+02 1.144498360000000000e+02 6.171236249999999500e+02 3.666362800000000300e+01 -4.483037499999999700e+01 7.778620800000000200e+01
4.715895181459558300e-02 5.719595937499999500e+02 1.144913040000000000e+02 6.169161874999999800e+02 3.668534400000000100e+01 -4.495659375000000300e+01 7.780595999999999900e+01
4.718540246257508400e-02 5.717653632812500700e+02 1.145292120000000000e+02 6.167519375000000500e+02 3.670619599999999800e+01 -4.498657421875000000e+01 7.782301599999999600e+01
4.724490861951207600e-02 5.714135117187499900e+02 1.145627240000000000e+02 6.164751874999999500e+02 3.672011599999999700e+01 -4.506167578125000300e+01 7.784260799999999800e+01
4.737880007295926200e-02 5.716008828125000000e+02 1.146126520000000000e+02 6.165694999999999500e+02 3.674624399999999700e+01 -4.496861718750000100e+01 7.786640800000000700e+01
4.768004934236803200e-02 5.716281445312500900e+02 1.146708679999999800e+02 6.165225000000000400e+02 3.677597999999999700e+01 -4.489435546875000000e+01 7.789488799999999500e+01
4.835786929972413900e-02 5.716234179687500000e+02 1.148195880000000100e+02 6.165488125000000500e+02 3.682077199999999800e+01 -4.492539453124999900e+01 7.799881600000000500e+01
4.988296290360588700e-02 5.716210703125000200e+02 1.151326680000000000e+02 6.167925625000000300e+02 3.687561999999999800e+01 -4.517149218750000000e+01 7.825704799999999800e+01
5.138422700118758200e-02 5.716206757812500400e+02 1.154346879999999900e+02 6.168388125000000200e+02 3.695191200000000000e+01 -4.521813671875000300e+01 7.848277600000000100e+01
5.139742112110972500e-02 5.716199257812500000e+02 1.154374080000000000e+02 6.168389375000000400e+02 3.695258400000000200e+01 -4.521901171874999600e+01 7.848482400000000300e+01
5.139975622550271800e-02 5.716094609375001000e+02 1.154367000000000000e+02 6.168295000000000500e+02 3.695161199999999700e+01 -4.522003906250000000e+01 7.848508800000000500e+01
5.140214333667508100e-02 5.716109921875000700e+02 1.154296440000000000e+02 6.168355000000000200e+02 3.694474000000000300e+01 -4.522450781250000100e+01 7.848490400000000000e+01
5.140751043630442000e-02 5.719988945312500200e+02 1.153777159999999900e+02 6.172124374999999600e+02 3.689769199999999900e+01 -4.521354296874999800e+01 7.848002400000000000e+01
5.141958641047045300e-02 5.719625195312501100e+02 1.153791200000000000e+02 6.172106250000000500e+02 3.689271999999999700e+01 -4.524810546874999800e+01 7.848640000000000300e+01
5.144675995268298300e-02 5.717269296875000500e+02 1.154099479999999900e+02 6.170128125000000000e+02 3.691104399999999700e+01 -4.528588281249999900e+01 7.849890399999999600e+01
5.150789912249168600e-02 5.715025585937500000e+02 1.154350000000000000e+02 6.168494375000000200e+02 3.692022399999999700e+01 -4.534687890624999800e+01 7.851477599999999800e+01
5.164547265591715200e-02 5.715993593750000600e+02 1.154760839999999900e+02 6.169030625000000300e+02 3.693661999999999800e+01 -4.530370312499999800e+01 7.853946399999999500e+01
5.195500140459909800e-02 5.716268203125000600e+02 1.155338720000000000e+02 6.168745625000000200e+02 3.695765600000000000e+01 -4.524774218750000200e+01 7.857621600000000200e+01
5.265143978896397900e-02 5.716225898437500100e+02 1.156735800000000000e+02 6.168384375000000500e+02 3.699579599999999900e+01 -4.521584765624999800e+01 7.867778400000000300e+01
5.421843525497134500e-02 5.716225625000000700e+02 1.159810360000000000e+02 6.168500000000000200e+02 3.706436399999999800e+01 -4.522743750000000100e+01 7.891667200000000500e+01
5.774416725247102200e-02 5.716239296874999800e+02 1.166330640000000000e+02 6.169710000000000000e+02 3.716426400000000300e+01 -4.534707031250000100e+01 7.946880000000000200e+01
6.197504356919947300e-02 5.716223085937499500e+02 1.173622599999999900e+02 6.165898124999999900e+02 3.728865199999999900e+01 -4.496750390625000200e+01 8.007360799999999300e+01
6.633813672107991000e-02 5.716216601562499600e+02 1.180954680000000000e+02 6.160483124999999500e+02 3.738405199999999700e+01 -4.442665234375000000e+01 8.071141600000000000e+01
7.000000166421693800e-02 5.716222382812499100e+02 1.186896120000000100e+02 6.155756874999999600e+02 3.745546800000000300e+01 -4.395344921875000200e+01 8.123414400000000100e+01
