0.000000000000000000e+00 0.000000000000000000e+00 0.000000000000000000e+00 0.000000000000000000e+00 0.000000000000000000e+00 0.000000000000000000e+00 0.000000000000000000e+00
1.616337545839232400e-07 1.791564562500000200e+03 3.803369140625003800e-04 1.175193250000000000e+03 4.413488281250000000e-03 6.163713125000000400e+02 -4.033151367187499600e-03
1.400158446291783300e-03 1.791553187499999900e+03 1.079883749999999900e+01 1.174345624999999900e+03 5.694915499999999600e+00 6.172075624999999900e+02 5.103921999999999800e+00
2.056406854803333800e-03 1.791559187500000000e+03 1.382050800000000000e+01 1.180387250000000000e+03 7.612985499999999700e+00 6.111719375000000100e+02 6.207522499999999600e+00
3.532965796624582200e-03 1.791561437500000000e+03 1.926353449999999900e+01 1.195539125000000000e+03 1.113301100000000000e+01 5.960223125000000000e+02 8.130523500000000700e+00
6.855223687765497900e-03 1.791561062499999900e+03 2.589083600000000000e+01 1.225692125000000000e+03 1.510178600000000100e+01 5.658689375000000200e+02 1.078905000000000000e+01
1.096651830866187000e-02 1.791560999999999900e+03 2.851162600000000000e+01 1.249416874999999900e+03 1.633054800000000000e+01 5.421441250000000300e+02 1.218107799999999900e+01
1.327912049008417000e-02 1.791561250000000000e+03 2.890943500000000200e+01 1.258462125000000000e+03 1.642250700000000000e+01 5.330991249999999600e+02 1.248692800000000100e+01
1.457996098541440800e-02 1.791562187499999900e+03 2.888240600000000000e+01 1.262563375000000000e+03 1.633358200000000000e+01 5.289988124999999900e+02 1.254882400000000000e+01
1.491256161365773200e-02 1.791563375000000000e+03 2.885407200000000200e+01 1.263534625000000000e+03 1.629811300000000100e+01 5.280287499999999500e+02 1.255595900000000000e+01
1.531168294790834700e-02 1.791563312499999900e+03 2.880666600000000000e+01 1.264642499999999900e+03 1.624713900000000100e+01 5.269208125000000100e+02 1.255952699999999900e+01
1.606003508690410900e-02 1.791563625000000200e+03 2.867176599999999800e+01 1.266497125000000100e+03 1.612460099999999800e+01 5.250665000000000200e+02 1.254716500000000000e+01
1.774382667419628600e-02 1.791563437500000000e+03 2.817257300000000000e+01 1.269586624999999900e+03 1.573674500000000100e+01 5.219768125000000500e+02 1.243582800000000100e+01
1.982752017809451300e-02 1.791562437500000000e+03 2.723242100000000200e+01 1.271538125000000000e+03 1.508594100000000000e+01 5.200243124999999500e+02 1.214648000000000000e+01
2.195856949518790900e-02 1.791563187500000100e+03 2.589361800000000000e+01 1.271429125000000100e+03 1.423631499999999900e+01 5.201340625000000300e+02 1.165730300000000100e+01
2.675343009592390200e-02 1.791563375000000000e+03 2.136209699999999900e+01 1.263149375000000000e+03 1.152623799999999900e+01 5.284139999999999900e+02 9.835858999999999200e+00
3.754186753575231700e-02 1.791564250000000100e+03 8.028639999999999300e+00 1.232929000000000100e+03 3.641970500000000200e+00 5.586352500000000400e+02 4.386669500000000000e+00
4.191685753036956300e-02 1.791564249999999900e+03 2.750500812499999900e+00 1.225695500000000000e+03 5.014400624999999500e-01 5.658687499999999800e+02 2.249060749999999900e+00
4.716684552391025400e-02 1.791564187499999900e+03 -4.497218499999999800e+00 1.221776499999999900e+03 -3.682723499999999800e+00 5.697876874999999500e+02 -8.144949999999999700e-01
5.241683641924409200e-02 1.791563812500000000e+03 -1.347412350000000100e+01 1.222298000000000000e+03 -8.681400000000000000e+00 5.692658125000000400e+02 -4.792723500000000100e+00
5.783088599349671400e-02 1.791563312499999900e+03 -2.523232900000000000e+01 1.226734999999999900e+03 -1.511247599999999900e+01 5.648283125000000400e+02 -1.011985300000000100e+01
6.087628887901381400e-02 1.791551562500000000e+03 -3.242283400000000200e+01 1.236449125000000100e+03 -1.932467600000000000e+01 5.551024374999999500e+02 -1.309815800000000000e+01
6.258932763939303900e-02 1.791548812500000200e+03 -3.745231300000000400e+01 1.249771625000000100e+03 -2.228695000000000100e+01 5.417771874999999700e+02 -1.516536299999999900e+01
6.434129685657710700e-02 1.791455250000000000e+03 -4.495863800000000100e+01 1.283151125000000100e+03 -2.649102399999999900e+01 5.083041250000000000e+02 -1.846761400000000100e+01
6.488331699414864900e-02 1.791435062500000200e+03 -4.735896999999999900e+01 1.296869750000000100e+03 -2.777607199999999900e+01 4.945653125000000000e+02 -1.958289800000000000e+01
6.518819679249807100e-02 1.791308531250000200e+03 -4.857881000000000400e+01 1.304961375000000100e+03 -2.835678600000000000e+01 4.863471562500000100e+02 -2.022202400000000100e+01
6.550001187645897200e-02 1.790751125000000000e+03 -4.981595400000000500e+01 1.315016625000000000e+03 -2.879473600000000000e+01 4.757345000000000300e+02 -2.102121800000000100e+01
6.559647908770076300e-02 1.790362468750000100e+03 -5.018536999999999900e+01 1.318462250000000000e+03 -2.888352600000000000e+01 4.719002187500000200e+02 -2.130184399999999900e+01
6.569514005455853700e-02 1.789846468750000000e+03 -5.053105600000000000e+01 1.322231375000000100e+03 -2.892194400000000000e+01 4.676150937500000300e+02 -2.160911200000000000e+01
6.575063394662289400e-02 1.789385874999999900e+03 -5.070159999999999900e+01 1.324351375000000000e+03 -2.891000599999999900e+01 4.650344999999999800e+02 -2.179159400000000000e+01
6.587550390914716200e-02 1.787836593750000000e+03 -5.087089600000000200e+01 1.328857000000000000e+03 -2.867575199999999900e+01 4.589795937499999900e+02 -2.219514399999999900e+01
6.603002439400530700e-02 1.782469750000000000e+03 -4.986212000000000400e+01 1.330129250000000000e+03 -2.733705200000000000e+01 4.523405000000000200e+02 -2.252506800000000100e+01
6.618805604856634100e-02 1.770094687500000000e+03 -4.636531000000000100e+01 1.318280125000000000e+03 -2.398378800000000100e+01 4.518145625000000200e+02 -2.238152200000000000e+01
6.627694957970521600e-02 1.774916281249999900e+03 -4.813821799999999500e+01 1.334601500000000000e+03 -2.427732599999999900e+01 4.403147812500000100e+02 -2.386089200000000000e+01
6.630445277511339000e-02 1.775973156249999900e+03 -4.911330000000000200e+01 1.341271000000000000e+03 -2.453576800000000100e+01 4.347021562499999700e+02 -2.457753200000000100e+01
6.633257695425415200e-02 1.776448531250000100e+03 -5.027306399999999800e+01 1.348477625000000000e+03 -2.483925599999999900e+01 4.279709062499999800e+02 -2.543380799999999900e+01
6.638320744101104700e-02 1.776300812500000100e+03 -5.277491800000000000e+01 1.362616625000000100e+03 -2.555149600000000000e+01 4.136841875000000100e+02 -2.722342199999999900e+01
6.641801154796669900e-02 1.775650187499999900e+03 -5.469572399999999800e+01 1.371586000000000000e+03 -2.624505400000000000e+01 4.040641875000000000e+02 -2.845066999999999900e+01
6.645361074624350800e-02 1.773599687499999800e+03 -5.681698800000000200e+01 1.379518624999999900e+03 -2.708907200000000200e+01 3.940810624999999700e+02 -2.972791600000000000e+01
6.649766576973865900e-02 1.770039874999999900e+03 -5.954083599999999900e+01 1.387807250000000100e+03 -2.824499200000000000e+01 3.822326249999999800e+02 -3.129584399999999900e+01
6.654271901007494100e-02 1.766537812500000000e+03 -6.233389799999999800e+01 1.394892750000000000e+03 -2.949701400000000000e+01 3.716450624999999900e+02 -3.283688399999999800e+01
6.664409025172818300e-02 1.761035937499999800e+03 -6.897140400000000700e+01 1.409188124999999900e+03 -3.261768800000000100e+01 3.518478124999999700e+02 -3.635371599999999900e+01
6.667544702843011800e-02 1.759382781249999900e+03 -7.110408400000000000e+01 1.412750749999999900e+03 -3.368238800000000300e+01 3.466320312500000100e+02 -3.742169599999999700e+01
6.669308993073878900e-02 1.758189625000000000e+03 -7.237708000000000700e+01 1.414699000000000100e+03 -3.430073600000000100e+01 3.434906250000000200e+02 -3.807634399999999900e+01
6.670301406328742200e-02 1.757589218749999900e+03 -7.310685599999999300e+01 1.415950750000000000e+03 -3.464826000000000100e+01 3.416384687500000200e+02 -3.845859600000000000e+01
6.671315873211491900e-02 1.757167375000000000e+03 -7.384320800000000400e+01 1.417649625000000000e+03 -3.495991600000000000e+01 3.395177499999999800e+02 -3.888329199999999700e+01
6.672534045972872100e-02 1.756378312500000000e+03 -7.476058000000000400e+01 1.419356000000000000e+03 -3.535942399999999700e+01 3.370223125000000000e+02 -3.940115600000000000e+01
6.674817176817687800e-02 1.755304437499999900e+03 -7.650871200000000300e+01 1.422580999999999900e+03 -3.616523999999999700e+01 3.327234374999999900e+02 -4.034347199999999800e+01
6.679955091756463500e-02 1.752530562499999900e+03 -8.074423600000000100e+01 1.432105749999999900e+03 -3.834360000000000200e+01 3.204248124999999700e+02 -4.240063599999999900e+01
6.682844697368139900e-02 1.750288687499999900e+03 -8.325318400000000500e+01 1.436859250000000000e+03 -3.989927200000000300e+01 3.134294375000000100e+02 -4.335391200000000100e+01
6.684470281886778500e-02 1.748638937499999900e+03 -8.472470400000000300e+01 1.439611249999999900e+03 -4.089348400000000100e+01 3.090276875000000100e+02 -4.383122000000000200e+01
6.688128282322689000e-02 1.744149375000000000e+03 -8.824446399999999400e+01 1.446794750000000000e+03 -4.337474000000000300e+01 2.973546250000000000e+02 -4.486972399999999800e+01
6.692654499266946500e-02 1.739255093750000000e+03 -9.281016400000000000e+01 1.460690125000000100e+03 -4.668664400000000100e+01 2.785649687499999900e+02 -4.612351999999999900e+01
6.695200532570505500e-02 1.735918218750000100e+03 -9.556344000000000000e+01 1.470719000000000100e+03 -4.866289199999999900e+01 2.651992187500000000e+02 -4.690054800000000100e+01
6.697804021378295200e-02 1.731691437499999900e+03 -9.852367200000000500e+01 1.481861500000000000e+03 -5.078649999999999700e+01 2.498299375000000000e+02 -4.773717200000000100e+01
6.700928672234543500e-02 1.726897281250000100e+03 -1.021036800000000000e+02 1.494630625000000000e+03 -5.363722800000000000e+01 2.322666562500000100e+02 -4.846645199999999700e+01
6.703858322591591000e-02 1.722319859374999900e+03 -1.056496040000000100e+02 1.509315499999999900e+03 -5.659500400000000300e+01 2.130043593750000100e+02 -4.905460000000000100e+01
6.705323147770116100e-02 1.720100500000000000e+03 -1.074888160000000000e+02 1.517093249999999900e+03 -5.810832800000000000e+01 2.030072500000000000e+02 -4.938048800000000000e+01
6.706146676664064000e-02 1.718786562499999900e+03 -1.085294040000000000e+02 1.521615000000000000e+03 -5.895546399999999900e+01 1.971715624999999900e+02 -4.957394000000000000e+01
6.707166366774469600e-02 1.717307156250000200e+03 -1.098127279999999900e+02 1.527610875000000100e+03 -5.999056000000000200e+01 1.896962812500000000e+02 -4.982216799999999800e+01
6.707426947798700300e-02 1.716931312500000100e+03 -1.101477040000000000e+02 1.529148750000000100e+03 -6.025624400000000200e+01 1.877825625000000100e+02 -4.989146000000000200e+01
6.708013690372190100e-02 1.716080703124999900e+03 -1.109110840000000000e+02 1.532756249999999900e+03 -6.085607600000000200e+01 1.833244531249999900e+02 -5.005500800000000100e+01
6.708739138657909800e-02 1.714965578125000100e+03 -1.118578480000000000e+02 1.537317125000000000e+03 -6.159974400000000100e+01 1.776484531250000000e+02 -5.025810400000000300e+01
6.709481997702485000e-02 1.713949406249999800e+03 -1.128421960000000000e+02 1.542241749999999900e+03 -6.235094000000000100e+01 1.717076562500000100e+02 -5.049125600000000000e+01
6.711151689476896300e-02 1.711639812500000100e+03 -1.150554520000000000e+02 1.554004375000000000e+03 -6.401746400000000400e+01 1.576354374999999900e+02 -5.103798799999999900e+01
6.713218926911880500e-02 1.707403624999999900e+03 -1.178040080000000100e+02 1.565787624999999900e+03 -6.624450400000000600e+01 1.416160000000000100e+02 -5.155950399999999700e+01
6.714346563727202600e-02 1.703596828124999800e+03 -1.193894400000000100e+02 1.570276249999999900e+03 -6.753790399999999700e+01 1.333205781250000000e+02 -5.185153600000000300e+01
6.714636743041491100e-02 1.702347093750000100e+03 -1.198011720000000100e+02 1.571170000000000100e+03 -6.787920800000000600e+01 1.311770937500000100e+02 -5.192196400000000300e+01
6.714934467017950900e-02 1.701149132812500100e+03 -1.202234880000000000e+02 1.572038125000000000e+03 -6.822215199999999400e+01 1.291110078124999900e+02 -5.200133600000000200e+01
6.715301834029836800e-02 1.699462617187500200e+03 -1.207637039999999900e+02 1.573178000000000100e+03 -6.865648799999999600e+01 1.262846171875000000e+02 -5.210721600000000100e+01
6.715509022060238400e-02 1.698492507812500000e+03 -1.210764800000000000e+02 1.573808624999999900e+03 -6.890324800000000500e+01 1.246838828125000000e+02 -5.217323199999999900e+01
6.715720852959668200e-02 1.697666570312500000e+03 -1.213800320000000000e+02 1.574458750000000000e+03 -6.915219199999999900e+01 1.232078203125000000e+02 -5.222784000000000000e+01
6.716196747035101100e-02 1.695227531250000100e+03 -1.220551240000000100e+02 1.575910625000000000e+03 -6.966704000000000000e+01 1.193169062500000000e+02 -5.238808399999999900e+01
6.716785811043105000e-02 1.691944460937500000e+03 -1.229604760000000000e+02 1.577756625000000000e+03 -7.033672799999999400e+01 1.141878359375000000e+02 -5.262374799999999900e+01
6.717388803658194700e-02 1.688128289062500000e+03 -1.239211959999999900e+02 1.578687750000000100e+03 -7.106029599999999400e+01 1.094405390624999900e+02 -5.286090000000000100e+01
6.718744521414546400e-02 1.682085460937499900e+03 -1.259337199999999900e+02 1.583021874999999900e+03 -7.255368799999999400e+01 9.906358593749999400e+01 -5.338003200000000000e+01
6.719507693011123100e-02 1.679553359374999900e+03 -1.270516480000000000e+02 1.586277750000000000e+03 -7.337132800000000500e+01 9.327560937500000200e+01 -5.368032000000000200e+01
6.719743318614324100e-02 1.678774828125000100e+03 -1.273955800000000000e+02 1.587339375000000000e+03 -7.362456000000000200e+01 9.143545312499999500e+01 -5.377102000000000000e+01
6.719984747803810200e-02 1.678626945312499900e+03 -1.277179520000000000e+02 1.588963749999999900e+03 -7.384431200000000200e+01 8.966319531249999400e+01 -5.387364000000000200e+01
6.720274346759469400e-02 1.678209070312500000e+03 -1.281082280000000000e+02 1.590740000000000000e+03 -7.411740000000000400e+01 8.746907031249999400e+01 -5.399082800000000000e+01
6.720573231453187700e-02 1.677272015625000000e+03 -1.285528720000000100e+02 1.592110625000000000e+03 -7.443928800000000500e+01 8.516139062499999600e+01 -5.411358400000000300e+01
6.720878500091817500e-02 1.676590585937500000e+03 -1.290033200000000000e+02 1.593875125000000000e+03 -7.475695199999999800e+01 8.271546093749999800e+01 -5.424636799999999700e+01
6.721050286245874900e-02 1.676318546875000000e+03 -1.292442159999999900e+02 1.595022250000000000e+03 -7.492486399999999900e+01 8.129629687499999600e+01 -5.431935200000000200e+01
6.721436805092508000e-02 1.676293781249999900e+03 -1.297680280000000200e+02 1.598124624999999900e+03 -7.528119999999999800e+01 7.816915625000000000e+01 -5.448682800000000300e+01
6.722306762676741300e-02 1.673974171874999900e+03 -1.310144320000000000e+02 1.602768624999999900e+03 -7.616288799999999500e+01 7.120554687499999600e+01 -5.485154399999999700e+01
6.724263731972297800e-02 1.666423777343750100e+03 -1.338760120000000000e+02 1.610965500000000000e+03 -7.811298399999999700e+01 5.545827734374999800e+01 -5.576302799999999800e+01
6.726685568529340600e-02 1.653522023437499900e+03 -1.374373239999999900e+02 1.612504124999999900e+03 -8.066466400000000200e+01 4.101789843750000100e+01 -5.677266000000000200e+01
6.729161958797472100e-02 1.638274777343750000e+03 -1.411324040000000100e+02 1.609498125000000100e+03 -8.327699200000000700e+01 2.877665234375000100e+01 -5.785541200000000100e+01
6.731948260573261700e-02 1.622869927734374900e+03 -1.452023440000000100e+02 1.609699249999999900e+03 -8.602572000000000700e+01 1.317067773437499900e+01 -5.917662399999999700e+01
6.733341701640470400e-02 1.612300010253906300e+03 -1.473656560000000000e+02 1.607867000000000000e+03 -8.737891200000000000e+01 4.433010253906250100e+00 -5.998674400000000200e+01
6.734125185789047200e-02 1.605543022705078100e+03 -1.485933800000000000e+02 1.606622750000000000e+03 -8.811455200000000300e+01 -1.079727294921875000e+00 -6.047882800000000000e+01
6.735888895661287800e-02 1.588860497070312500e+03 -1.515586199999999900e+02 1.603895375000000100e+03 -8.984040799999999600e+01 -1.503487792968750000e+01 -6.171821200000000100e+01
6.736417602371919100e-02 1.582242882812500100e+03 -1.524508400000000000e+02 1.601738125000000100e+03 -9.034017600000000000e+01 -1.949524218750000100e+01 -6.211066400000000000e+01
6.736665415506319600e-02 1.579195613281250000e+03 -1.528751959999999900e+02 1.600777875000000000e+03 -9.057633599999999800e+01 -2.158226171875000100e+01 -6.229885999999999800e+01
6.737223720507010100e-02 1.573092892578125000e+03 -1.538734880000000100e+02 1.599423875000000000e+03 -9.114043200000000400e+01 -2.633098242187499900e+01 -6.273305599999999800e+01
6.738479036220619600e-02 1.560834851562499800e+03 -1.559370759999999900e+02 1.595057624999999900e+03 -9.230656000000000500e+01 -3.422277343750000300e+01 -6.363051600000000000e+01
6.739184752312965500e-02 1.554594785156250100e+03 -1.569556920000000000e+02 1.591685625000000100e+03 -9.286942399999999500e+01 -3.709083984374999700e+01 -6.408626800000000400e+01
6.740773774238005600e-02 1.543200550781250100e+03 -1.591948199999999900e+02 1.586081750000000100e+03 -9.410590399999999500e+01 -4.288119921874999800e+01 -6.508891599999999800e+01
6.741250248672064900e-02 1.538833199218750000e+03 -1.598090000000000000e+02 1.583530125000000000e+03 -9.442211199999999800e+01 -4.469692578125000200e+01 -6.538688799999999900e+01
6.742144000960072200e-02 1.530372542968749900e+03 -1.610516839999999900e+02 1.578579000000000000e+03 -9.509420799999999500e+01 -4.820645703124999700e+01 -6.595747600000000000e+01
6.742646591532416900e-02 1.524463996093750000e+03 -1.617436400000000000e+02 1.574779375000000100e+03 -9.545253599999999500e+01 -5.031537890624999700e+01 -6.629110400000000400e+01
6.743777710499510000e-02 1.510030226562500000e+03 -1.634172800000000100e+02 1.565957875000000100e+03 -9.631297600000000600e+01 -5.592764843749999700e+01 -6.710430399999999900e+01
6.745177535511634500e-02 1.490296957031250000e+03 -1.654848800000000000e+02 1.554445625000000100e+03 -9.732085600000000600e+01 -6.414866796875000400e+01 -6.816402399999999800e+01
6.746608699889700100e-02 1.469314984375000000e+03 -1.675820959999999800e+02 1.543269624999999900e+03 -9.828657599999999700e+01 -7.395464062499999600e+01 -6.929551999999999600e+01
6.747682363352564000e-02 1.453791460937499800e+03 -1.690400240000000200e+02 1.535711499999999900e+03 -9.890875200000000700e+01 -8.192003906249999500e+01 -7.013127199999999600e+01
6.748219195083995900e-02 1.444628328125000100e+03 -1.697247199999999900e+02 1.530592625000000000e+03 -9.917876800000000500e+01 -8.596429687500000200e+01 -7.054595200000000000e+01
6.749426921390062900e-02 1.426836234375000000e+03 -1.713611440000000000e+02 1.521737374999999900e+03 -9.985991199999999400e+01 -9.490114062499999600e+01 -7.150123200000000200e+01
6.750876657244242500e-02 1.403359124999999900e+03 -1.732348880000000100e+02 1.508399750000000000e+03 -1.005220640000000000e+02 -1.050406250000000100e+02 -7.271282399999999800e+01
6.751873133009506100e-02 1.384719273437500100e+03 -1.744360560000000100e+02 1.496549250000000000e+03 -1.008474720000000000e+02 -1.118299765624999900e+02 -7.358858399999999700e+01
6.752892242761283900e-02 1.365763796874999800e+03 -1.757221999999999900e+02 1.484182499999999900e+03 -1.011825920000000000e+02 -1.184187031249999900e+02 -7.453960800000000100e+01
6.754038451052719900e-02 1.345414585937499900e+03 -1.771360720000000100e+02 1.469912750000000000e+03 -1.014201280000000100e+02 -1.244981640625000000e+02 -7.571594399999999300e+01
6.754611845377751800e-02 1.332609476562500000e+03 -1.777513920000000100e+02 1.460206500000000000e+03 -1.014277840000000000e+02 -1.275970234375000000e+02 -7.632360799999999300e+01
6.755901402250447100e-02 1.307504968750000000e+03 -1.793843679999999900e+02 1.440766875000000000e+03 -1.015001360000000000e+02 -1.332619062500000100e+02 -7.788423199999999700e+01
6.756288501455706700e-02 1.297589484375000000e+03 -1.797279760000000100e+02 1.432464375000000000e+03 -1.013420960000000000e+02 -1.348748906250000100e+02 -7.838588000000000000e+01
6.757013949741426400e-02 1.280735546875000000e+03 -1.805380639999999900e+02 1.419060874999999900e+03 -1.012145920000000000e+02 -1.383253281250000000e+02 -7.932347199999999500e+01
6.757911764539831200e-02 1.257344906249999900e+03 -1.814710480000000000e+02 1.399853499999999900e+03 -1.008871039999999900e+02 -1.425085937499999900e+02 -8.058394400000000200e+01
6.758829891890237600e-02 1.230138234375000100e+03 -1.823139120000000200e+02 1.376290625000000100e+03 -1.003014400000000000e+02 -1.461523906250000100e+02 -8.201247200000000200e+01
6.759346411069669400e-02 1.212243265625000000e+03 -1.826188159999999800e+02 1.360160750000000000e+03 -9.973434399999999300e+01 -1.479174843749999900e+02 -8.288447200000000200e+01
6.760508869402706600e-02 1.174552281249999900e+03 -1.834488240000000000e+02 1.324218625000000000e+03 -9.845395200000000100e+01 -1.496663437500000100e+02 -8.499487200000000100e+01
6.760857084579850700e-02 1.160844406250000000e+03 -1.835518079999999900e+02 1.310540250000000000e+03 -9.788120000000000700e+01 -1.496958437499999900e+02 -8.567060800000000100e+01
6.761511148754255400e-02 1.135353499999999900e+03 -1.837422240000000200e+02 1.284406874999999900e+03 -9.679036800000000100e+01 -1.490533749999999900e+02 -8.695185600000000600e+01
6.761878515766144000e-02 1.119984203125000000e+03 -1.837830400000000000e+02 1.268579874999999900e+03 -9.609527199999999400e+01 -1.485956718749999900e+02 -8.768776800000000500e+01
6.762457713677462500e-02 1.095489875000000000e+03 -1.838342559999999800e+02 1.242784124999999900e+03 -9.491907999999999400e+01 -1.472942500000000100e+02 -8.891517600000000200e+01
6.762969589987864700e-02 1.073006218750000000e+03 -1.838314960000000200e+02 1.218174125000000000e+03 -9.371217599999999900e+01 -1.451679062499999900e+02 -9.011932000000000200e+01
6.763493073470838700e-02 1.048171484375000100e+03 -1.837539999999999900e+02 1.190497000000000100e+03 -9.227178399999999700e+01 -1.423255156250000100e+02 -9.148221599999999400e+01
6.764435575883645500e-02 1.003274750000000000e+03 -1.836840240000000200e+02 1.136861625000000000e+03 -8.929558400000000500e+01 -1.335868749999999900e+02 -9.438844000000000300e+01
6.764671201486846500e-02 9.899829296875000200e+02 -1.835199119999999800e+02 1.121007625000000000e+03 -8.835713599999999700e+01 -1.310246953125000000e+02 -9.516277599999999400e+01
6.764914371752220300e-02 9.758465312500000000e+02 -1.833271680000000000e+02 1.103946500000000000e+03 -8.734487199999999500e+01 -1.280999687499999900e+02 -9.598229600000000500e+01
6.765162765245250100e-02 9.611408593750001000e+02 -1.831226399999999900e+02 1.085988250000000100e+03 -8.627770400000000000e+01 -1.248473906250000000e+02 -9.684493600000000400e+01
6.765721650604568400e-02 9.268415234374999700e+02 -1.825822160000000200e+02 1.043295937500000000e+03 -8.368709599999999700e+01 -1.164544140625000100e+02 -9.889512000000000600e+01
6.766413438089830000e-02 8.800383281250000200e+02 -1.815535199999999900e+02 9.834636249999999800e+02 -7.985616000000000300e+01 -1.034252968750000000e+02 -1.016973600000000000e+02
6.767121475616691400e-02 8.272969765625000500e+02 -1.800567920000000000e+02 9.159653749999999900e+02 -7.527563999999999600e+01 -8.866839843750000200e+01 -1.047811520000000100e+02
6.767519021277265700e-02 7.944921562499999900e+02 -1.789285760000000200e+02 8.744630624999999800e+02 -7.232388000000000300e+01 -7.997090624999999900e+01 -1.066046960000000000e+02
6.767967058138527100e-02 7.553886250000000500e+02 -1.774340560000000000e+02 8.245596875000000000e+02 -6.868319999999999900e+01 -6.917106250000000500e+01 -1.087508560000000000e+02
6.768191076569155000e-02 7.333131523437499500e+02 -1.764715679999999900e+02 7.976606249999999800e+02 -6.668432000000000000e+01 -6.434747265625000500e+01 -1.097872480000000100e+02
6.768317014391557500e-02 7.202856523437500300e+02 -1.758718240000000000e+02 7.820670000000000100e+02 -6.551244800000000600e+01 -6.178134765624999900e+01 -1.103593760000000000e+02
6.768600229402300900e-02 6.888852617187500300e+02 -1.743493960000000100e+02 7.451910625000000400e+02 -6.271504399999999900e+01 -5.630580078124999900e+01 -1.116343520000000100e+02
6.769237463176477900e-02 6.061698164062499900e+02 -1.698167040000000200e+02 6.506394374999999900e+02 -5.534386400000000400e+01 -4.446962109375000000e+01 -1.144728400000000100e+02
6.769434785110192700e-02 5.777271328125000300e+02 -1.681081839999999900e+02 6.191957499999999800e+02 -5.281882399999999900e+01 -4.146861718750000100e+01 -1.152893600000000000e+02
6.769636749912937000e-02 5.470770937500000200e+02 -1.661729880000000000e+02 5.861031249999999800e+02 -5.012378799999999800e+01 -3.902603125000000300e+01 -1.160492000000000000e+02
6.769886304123223800e-02 5.087368398437500300e+02 -1.636809000000000100e+02 5.454136875000000400e+02 -4.676890000000000200e+01 -3.667684765624999700e+01 -1.169120000000000100e+02
6.770141661919797100e-02 4.690819492187499700e+02 -1.610294800000000100e+02 5.037219999999999800e+02 -4.327792800000000300e+01 -3.464005078124999700e+01 -1.177515520000000000e+02
6.770285010501055100e-02 4.468829257812500400e+02 -1.595234920000000000e+02 4.803485625000000100e+02 -4.129825999999999900e+01 -3.346563671874999800e+01 -1.182252320000000100e+02
6.770463180600028200e-02 4.201860507812500000e+02 -1.576955160000000000e+02 4.517525312500000000e+02 -3.884835600000000300e+01 -3.156648046875000100e+01 -1.188471600000000000e+02
6.770644832850772300e-02 3.933878984374999800e+02 -1.558477960000000200e+02 4.226889375000000100e+02 -3.630549200000000100e+01 -2.930103906249999900e+01 -1.195423040000000000e+02
6.770746975969400800e-02 3.783837539062499800e+02 -1.548068640000000200e+02 4.061819062500000000e+02 -3.486807199999999800e+01 -2.779815234375000100e+01 -1.199387920000000100e+02
6.770873494150429800e-02 3.600281972656250100e+02 -1.535259460000000000e+02 3.859542812500000100e+02 -3.305297800000000300e+01 -2.592608398437500100e+01 -1.204729679999999900e+02
6.771002914124602000e-02 3.414075390625000100e+02 -1.522172999999999900e+02 3.651619062500000200e+02 -3.120430000000000000e+01 -2.375436718750000200e+01 -1.210130000000000100e+02
6.771163093106089000e-02 3.194138964843749600e+02 -1.506766639999999900e+02 3.404013749999999700e+02 -2.898269600000000100e+01 -2.098747851562500000e+01 -1.216939680000000000e+02
6.771326754239348500e-02 2.979838164062500100e+02 -1.491921800000000100e+02 3.165010624999999900e+02 -2.680533200000000000e+01 -1.851724609375000000e+01 -1.223868480000000000e+02
6.771419031261291500e-02 2.861488300781250000e+02 -1.483803580000000000e+02 3.035552500000000000e+02 -2.561804600000000000e+01 -1.740641992187499900e+01 -1.227623119999999900e+02
6.771626219291693200e-02 2.616975595703124800e+02 -1.467091360000000000e+02 2.762337499999999900e+02 -2.312435199999999800e+01 -1.453619042968749900e+01 -1.235847840000000000e+02
6.771742871376036600e-02 2.488203271484375100e+02 -1.458398259999999900e+02 2.617918906250000100e+02 -2.178532999999999800e+01 -1.297156347656249900e+01 -1.240544960000000000e+02
6.772005193476152200e-02 2.248715253906250100e+02 -1.443017560000000100e+02 2.338938906250000100e+02 -1.913986800000000000e+01 -9.022365234375000000e+00 -1.251618880000000000e+02
6.772152604567810400e-02 2.135317929687500100e+02 -1.436127940000000100e+02 2.204115625000000000e+02 -1.782468199999999900e+01 -6.879769531250000000e+00 -1.257881120000000000e+02
6.772484569703356200e-02 1.956638011474609600e+02 -1.426666520000000000e+02 1.968179843750000100e+02 -1.547732399999999900e+01 -1.154183227539062400e+00 -1.271893280000000000e+02
6.772671445181757700e-02 1.874727800292968700e+02 -1.422838610000000000e+02 1.854779531250000000e+02 -1.432108500000000000e+01 1.994826904296874900e+00 -1.279627760000000100e+02
6.772776490093528100e-02 1.832613581542968600e+02 -1.420994000000000000e+02 1.794931249999999900e+02 -1.370707999999999900e+01 3.768233154296875200e+00 -1.283923200000000100e+02
6.772906490426329500e-02 1.785048750000000000e+02 -1.419083950000000100e+02 1.724613593750000000e+02 -1.298359499999999900e+01 6.043515625000000400e+00 -1.289248000000000000e+02
6.773039392552272800e-02 1.738669677734375200e+02 -1.417347650000000100e+02 1.655441250000000100e+02 -1.227106100000000000e+01 8.322842773437500300e+00 -1.294637040000000100e+02
6.773338277245991000e-02 1.645424736328124900e+02 -1.414790070000000000e+02 1.515225312499999900e+02 -1.082336699999999900e+01 1.301994238281250000e+01 -1.306556400000000100e+02
6.773506581248277300e-02 1.591316933593749900e+02 -1.413506510000000000e+02 1.440189218749999900e+02 -1.005246700000000000e+01 1.511277148437499900e+01 -1.312981839999999900e+02
6.773601179704734400e-02 1.561936240234374800e+02 -1.412856790000000200e+02 1.398689531249999900e+02 -9.628766999999999900e+00 1.632467089843750000e+01 -1.316569120000000100e+02
6.773714929995935900e-02 1.528700136718750000e+02 -1.412247450000000100e+02 1.350316718750000000e+02 -9.137088999999999600e+00 1.783834179687500000e+01 -1.320876560000000100e+02
6.773828680287136100e-02 1.497990117187500200e+02 -1.411855760000000000e+02 1.303963828125000100e+02 -8.665224000000000300e+00 1.940262890625000100e+01 -1.325203520000000000e+02
6.773998725365308600e-02 1.459098906250000000e+02 -1.411909545000000000e+02 1.240158046874999900e+02 -8.010466499999999700e+00 2.189408593750000200e+01 -1.331804880000000000e+02
6.774105511352966600e-02 1.439147871093750000e+02 -1.412336305000000000e+02 1.204073984375000100e+02 -7.635694499999999600e+00 2.350738867187499900e+01 -1.335979360000000000e+02
6.774158904346795600e-02 1.429745429687500000e+02 -1.412616440000000200e+02 1.187785468750000000e+02 -7.446772000000000200e+00 2.419599609375000100e+01 -1.338148720000000100e+02
6.774278458224282400e-02 1.412915996093750000e+02 -1.413555685000000000e+02 1.152506484375000000e+02 -7.070784500000000200e+00 2.604095117187500100e+01 -1.342847840000000000e+02
6.774422387164168200e-02 1.396435839843750000e+02 -1.414932094999999800e+02 1.113700781250000100e+02 -6.644489499999999700e+00 2.827350585937500000e+01 -1.348487199999999900e+02
6.774565735745426100e-02 1.377746679687500100e+02 -1.416058500000000000e+02 1.074001328125000000e+02 -6.205129999999999600e+00 3.037453515625000100e+01 -1.354007200000000100e+02
6.774709664685313300e-02 1.342332597656250100e+02 -1.415554049999999800e+02 1.022193359375000100e+02 -5.655644999999999800e+00 3.201392382812500200e+01 -1.358997599999999900e+02
6.774978951088972400e-02 1.229051953125000000e+02 -1.409915259999999900e+02 8.846573437499999700e+01 -4.245542000000000400e+00 3.443946093750000200e+01 -1.367459839999999900e+02
6.775131005049658800e-02 1.177225898437500000e+02 -1.407703717499999800e+02 8.168624218750000000e+01 -3.505091750000000100e+00 3.603634765625000100e+01 -1.372652799999999900e+02
6.775216317768058300e-02 1.160183593749999900e+02 -1.407489219999999900e+02 7.868733593749999500e+01 -3.176826000000000100e+00 3.733102343750000100e+01 -1.375720959999999900e+02
6.775407836115489300e-02 1.181150781250000000e+02 -1.412272500000000300e+02 7.693564062500000500e+01 -2.880770000000000100e+00 4.117943749999999900e+01 -1.383464800000000100e+02
6.775638238491034400e-02 1.269135468750000100e+02 -1.423532727500000000e+02 8.109880468750000700e+01 -3.106152750000000100e+00 4.581474218750000200e+01 -1.392471200000000000e+02
6.775868640866578000e-02 1.381662070312500000e+02 -1.436911132500000000e+02 8.779995312500000200e+01 -3.580745250000000100e+00 5.036625390625000200e+01 -1.401103679999999900e+02
6.776098462883493900e-02 1.475121367187500100e+02 -1.448174285000000100e+02 9.570160156250000200e+01 -4.195028500000000300e+00 5.181053515624999800e+01 -1.406224000000000000e+02
