0.000000000000000000e+00 0.000000000000000000e+00 0.000000000000000000e+00 0.000000000000000000e+00 0.000000000000000000e+00 0.000000000000000000e+00 0.000000000000000000e+00
8.539522267987220900e-09 2.844766812500000000e+03 3.992578125000013900e-05 1.821346749999999900e+03 7.696065429687500200e-03 1.023420062500000000e+03 -7.656139648437500000e-03
1.400008306398496700e-03 2.844739250000000100e+03 2.190567999999999700e+01 1.820259250000000100e+03 1.119893199999999900e+01 1.024480000000000000e+03 1.070674799999999900e+01
2.056258356469309400e-03 2.844752812499999900e+03 2.792380800000000100e+01 1.830322124999999900e+03 1.492846300000000100e+01 1.014430687500000000e+03 1.299534500000000000e+01
3.532820714407933700e-03 2.844759312499999900e+03 3.864230200000000100e+01 1.855198124999999900e+03 2.169667000000000100e+01 9.895611874999999600e+02 1.694563200000000000e+01
6.855086092547183300e-03 2.844758624999999900e+03 5.190677999999999800e+01 1.905192375000000100e+03 2.942431600000000100e+01 9.395662499999999700e+02 2.248246400000000000e+01
1.096638946160583200e-02 2.844758249999999900e+03 5.761164999999999700e+01 1.945608375000000000e+03 3.205266999999999900e+01 8.991498749999999500e+02 2.555897999999999800e+01
1.327899727920327400e-02 2.844759062500000300e+03 5.874800200000000000e+01 1.961425750000000100e+03 3.241136000000000200e+01 8.833333125000000300e+02 2.633664200000000100e+01
1.564416431245349900e-02 2.844764062499999900e+03 5.873921199999999500e+01 1.973766000000000100e+03 3.211453999999999800e+01 8.709980624999999500e+02 2.662467200000000000e+01
1.582155239305507700e-02 2.844759437499999900e+03 5.870998600000000100e+01 1.974607625000000100e+03 3.207466999999999800e+01 8.701518125000000100e+02 2.663531600000000000e+01
1.604328691158830500e-02 2.844765437500000200e+03 5.865899799999999700e+01 1.975612000000000100e+03 3.201726000000000000e+01 8.691534375000000000e+02 2.664173800000000000e+01
1.616801214159917900e-02 2.844763562500000300e+03 5.862720800000000300e+01 1.976161250000000100e+03 3.198310800000000100e+01 8.686023125000000400e+02 2.664410000000000200e+01
1.644864507356115200e-02 2.844764125000000100e+03 5.854655400000000000e+01 1.977362875000000000e+03 3.190130800000000000e+01 8.674012500000000000e+02 2.664524600000000000e+01
1.708006829714746000e-02 2.844764312500000000e+03 5.831494200000000200e+01 1.979808250000000000e+03 3.169029799999999900e+01 8.649560625000000300e+02 2.662464400000000000e+01
1.850077055021665700e-02 2.844764374999999700e+03 5.754592200000000400e+01 1.984126125000000000e+03 3.107605399999999900e+01 8.606382499999999700e+02 2.646986800000000200e+01
2.025889069460541600e-02 2.844761625000000100e+03 5.616827399999999700e+01 1.987347000000000000e+03 3.010402399999999900e+01 8.574146250000000000e+02 2.606425000000000100e+01
2.205696851197034400e-02 2.844763687499999800e+03 5.426586799999999800e+01 1.988394250000000100e+03 2.887504399999999900e+01 8.563694375000000000e+02 2.539082399999999900e+01
2.610264127216642100e-02 2.844763937499999900e+03 4.800316399999999800e+01 1.981675000000000000e+03 2.514144800000000000e+01 8.630889375000000400e+02 2.286171600000000100e+01
3.520540556482634100e-02 2.844766000000000100e+03 2.825413799999999800e+01 1.941195625000000100e+03 1.381187400000000000e+01 9.035703750000000100e+02 1.444226400000000000e+01
4.920540275154533500e-02 2.844765687500000200e+03 -1.127094400000000000e+01 1.921182875000000000e+03 -8.362672999999999100e+00 9.235828125000000500e+02 -2.908271000000000100e+00
5.358040405571534000e-02 2.844764812500000100e+03 -2.400324799999999900e+01 1.920013250000000000e+03 -1.529439900000000000e+01 9.247515624999999800e+02 -8.708849000000000700e+00
6.145540174547133000e-02 2.844764125000000100e+03 -5.437193800000000000e+01 1.927254500000000000e+03 -3.133418000000000000e+01 9.175096250000000300e+02 -2.303775800000000000e+01
6.654467833056701400e-02 2.844759437499999900e+03 -7.680985599999999600e+01 1.961090750000000100e+03 -4.400900000000000000e+01 8.836686875000000300e+02 -3.280085600000000300e+01
7.000000223572001900e-02 2.844750312500000300e+03 -8.902590399999999700e+01 1.996932250000000100e+03 -5.097229600000000000e+01 8.478180625000000000e+02 -3.805360799999999700e+01
