0.000000000000000000e+00 0.000000000000000000e+00 0.000000000000000000e+00 0.000000000000000000e+00 0.000000000000000000e+00 0.000000000000000000e+00 0.000000000000000000e+00
-1.510373741269766600e-07 7.146798125000000300e+02 -6.579308891296387700e-05 3.304343124999999800e+02 -2.125189781188964900e-05 3.842454999999999900e+02 -4.454119110107422100e-05
1.399851944346440400e-03 7.146797812500000200e+02 3.108173062499999700e+00 3.282712500000000100e+02 8.952280624999999800e-01 3.864085312500000100e+02 2.212944999999999900e+00
4.024857611168087200e-03 7.146797500000000100e+02 8.803780750000001400e+00 3.249367187500000100e+02 2.545371750000000200e+00 3.897430312500000000e+02 6.258409000000000300e+00
7.273302147081830800e-03 7.146793749999999400e+02 1.332596450000000100e+01 3.440874999999999800e+02 4.349097500000000100e+00 3.705918750000000200e+02 8.976867000000000400e+00
7.730114647722619200e-03 7.146796249999999900e+02 1.380499750000000100e+01 3.475119374999999900e+02 4.544813500000000100e+00 3.671676875000000000e+02 9.260184000000000600e+00
8.197309463981568300e-03 7.146797187500000100e+02 1.427107200000000000e+01 3.510084375000000100e+02 4.728932999999999600e+00 3.636712812499999900e+02 9.542139000000000600e+00
8.775462785105065500e-03 7.146795624999999700e+02 1.480600250000000000e+01 3.556689687499999800e+02 4.933485499999999700e+00 3.590105937500000000e+02 9.872517000000000200e+00
9.366755723327475200e-03 7.146797500000000100e+02 1.531810499999999900e+01 3.605069062499999900e+02 5.116390000000000000e+00 3.541728437500000300e+02 1.020171500000000000e+01
1.007630756207964100e-02 7.146796875000000000e+02 1.588653150000000000e+01 3.665261249999999800e+02 5.288943500000000200e+00 3.481535625000000200e+02 1.059758800000000000e+01
1.074151260646309300e-02 7.146794374999999500e+02 1.638898300000000000e+01 3.720478749999999800e+02 5.436706000000000000e+00 3.426315624999999700e+02 1.095227700000000000e+01
1.107411512865481800e-02 7.146797187500000100e+02 1.662330899999999900e+01 3.748870312500000100e+02 5.501852000000000400e+00 3.397926875000000000e+02 1.112145699999999900e+01
1.126120331406280400e-02 7.146797187500000100e+02 1.675072900000000000e+01 3.765145000000000000e+02 5.534409000000000100e+00 3.381652187500000100e+02 1.121632000000000000e+01
1.149272590171633800e-02 7.146796875000000000e+02 1.690496849999999900e+01 3.785380312500000200e+02 5.571825500000000100e+00 3.361416562499999800e+02 1.133314300000000000e+01
1.172951043747228600e-02 7.146797812500000200e+02 1.705761050000000300e+01 3.806303437500000100e+02 5.605953500000000000e+00 3.340494375000000100e+02 1.145165700000000100e+01
1.215572197606244400e-02 7.146796249999999900e+02 1.732247900000000100e+01 3.844428750000000200e+02 5.659653999999999700e+00 3.302367499999999700e+02 1.166282500000000000e+01
1.258193429686578700e-02 7.146797187500000100e+02 1.757964050000000000e+01 3.881322187499999900e+02 5.713667499999999700e+00 3.265475000000000100e+02 1.186597300000000000e+01
1.338108161615887300e-02 7.146797187500000100e+02 1.803943100000000000e+01 3.948726250000000300e+02 5.808701000000000100e+00 3.198070937499999800e+02 1.223072999999999900e+01
1.383060076105313000e-02 7.146797500000000100e+02 1.828768850000000200e+01 3.986177187499999900e+02 5.860646499999999600e+00 3.160620312500000200e+02 1.242704200000000000e+01
1.484202274813113700e-02 7.146797187500000100e+02 1.881128000000000000e+01 4.069612812500000100e+02 5.965918000000000300e+00 3.077184374999999900e+02 1.284536200000000000e+01
1.711771869909731900e-02 7.146797500000000100e+02 1.985250250000000000e+01 4.253116249999999900e+02 6.142898500000000300e+00 2.893681250000000200e+02 1.370960400000000100e+01
2.223803458877122600e-02 7.146797656249999600e+02 2.168225150000000000e+01 4.597069999999999900e+02 6.417186499999999700e+00 2.549727656249999900e+02 1.526506500000000000e+01
2.857442603023659100e-02 7.146797812500000200e+02 2.295638849999999900e+01 4.893936249999999900e+02 6.692947499999999800e+00 2.252861562500000000e+02 1.626344100000000000e+01
2.897945288910953200e-02 7.146797968749999700e+02 2.301349150000000100e+01 4.908940000000000100e+02 6.709079499999999600e+00 2.237857968749999900e+02 1.630441199999999900e+01
2.989075941050772400e-02 7.146796718749999400e+02 2.312071900000000100e+01 4.941374999999999900e+02 6.732568999999999800e+00 2.205421718750000100e+02 1.638815000000000000e+01
3.101850119162731900e-02 7.146797968749999700e+02 2.325576650000000000e+01 4.978216562499999900e+02 6.772241499999999800e+00 2.168581406250000000e+02 1.648352500000000000e+01
3.217187140557396800e-02 7.146797968749999700e+02 2.337914100000000100e+01 5.012984999999999900e+02 6.809686000000000100e+00 2.133812968750000000e+02 1.656945500000000100e+01
3.476696064465940900e-02 7.146797812500000200e+02 2.360736800000000100e+01 5.080363437500000100e+02 6.881751000000000400e+00 2.066434375000000000e+02 1.672561700000000000e+01
3.554548491330284500e-02 7.146797968749999700e+02 2.366477950000000200e+01 5.098561562500000300e+02 6.900439500000000100e+00 2.048236406250000000e+02 1.676434000000000100e+01
3.700522300139499200e-02 7.146797968749999700e+02 2.375859300000000100e+01 5.130296875000000200e+02 6.930081000000000400e+00 2.016501093750000000e+02 1.682851200000000000e+01
4.028962978853641000e-02 7.146797812500000200e+02 2.392201049999999900e+01 5.190859375000000000e+02 6.970620499999999900e+00 1.955938437499999900e+02 1.695139000000000000e+01
4.213710782409027500e-02 7.146797968749999700e+02 2.398854000000000000e+01 5.219219687500000200e+02 6.982446000000000400e+00 1.927578281250000000e+02 1.700609400000000100e+01
4.317631558796239400e-02 7.146798906249999800e+02 2.401887800000000100e+01 5.234200624999999700e+02 6.979914000000000000e+00 1.912598281250000100e+02 1.703896400000000000e+01
4.434542393121193600e-02 7.146797968749999700e+02 2.404691749999999900e+01 5.249111249999999700e+02 6.978657499999999700e+00 1.897686718750000000e+02 1.706825999999999900e+01
4.492997810283670700e-02 7.146795468750000300e+02 2.405857049999999800e+01 5.256675000000000200e+02 6.972812499999999900e+00 1.890120468750000100e+02 1.708575799999999800e+01
4.525878923771575100e-02 7.146798593749999800e+02 2.406468350000000100e+01 5.260519375000000100e+02 6.971677500000000200e+00 1.886279218750000000e+02 1.709300599999999900e+01
4.533970762738405400e-02 7.146814843750000800e+02 2.406597850000000000e+01 5.261552500000000200e+02 6.970728499999999900e+00 1.885262343750000000e+02 1.709525000000000000e+01
4.536571778024588200e-02 7.146818906250000500e+02 2.406631099999999900e+01 5.261931250000000100e+02 6.970055000000000300e+00 1.884887656250000100e+02 1.709625600000000000e+01
4.538967540570756900e-02 7.146895937500000900e+02 2.406766249999999700e+01 5.262285000000000500e+02 6.970630500000000400e+00 1.884610937500000000e+02 1.709703199999999900e+01
4.539080492154819200e-02 7.147109218750000500e+02 2.406638950000000000e+01 5.262418750000000500e+02 6.969747500000000400e+00 1.884690468750000000e+02 1.709664199999999900e+01
4.539196259706351800e-02 7.147195625000000500e+02 2.406458650000000100e+01 5.262507500000000400e+02 6.968354500000000200e+00 1.884688125000000100e+02 1.709623200000000100e+01
4.539261339843429100e-02 7.147277968749999700e+02 2.406346449999999800e+01 5.262590625000000300e+02 6.967438500000000100e+00 1.884687343750000000e+02 1.709602599999999800e+01
4.539342064244227000e-02 7.147723281250000600e+02 2.406061650000000200e+01 5.262948750000000500e+02 6.965202500000000200e+00 1.884774531250000100e+02 1.709541400000000200e+01
4.539424353071398000e-02 7.148825781250000100e+02 2.405413700000000100e+01 5.263836874999999500e+02 6.960085000000000300e+00 1.884988906250000000e+02 1.709405200000000100e+01
4.539609894039124000e-02 7.147778593749999300e+02 2.405207549999999700e+01 5.263250624999999400e+02 6.957397499999999900e+00 1.884527968749999900e+02 1.709467799999999800e+01
4.540026970109914400e-02 7.147121562500000200e+02 2.405841200000000100e+01 5.263125000000000000e+02 6.960390000000000300e+00 1.883996562499999900e+02 1.709802200000000000e+01
4.540965313047874700e-02 7.147016874999999300e+02 2.406311450000000100e+01 5.263491249999999600e+02 6.961964499999999700e+00 1.883525625000000000e+02 1.710115000000000100e+01
4.543076975764877300e-02 7.146448281250000000e+02 2.406741900000000100e+01 5.263691874999999500e+02 6.963015000000000400e+00 1.882756406249999900e+02 1.710440399999999900e+01
4.547827825771541500e-02 7.146769531249999500e+02 2.406903949999999900e+01 5.264543125000000100e+02 6.963027499999999900e+00 1.882226406250000000e+02 1.710601200000000000e+01
4.558517551171810400e-02 7.146800312499999600e+02 2.407000599999999900e+01 5.265681875000000200e+02 6.962469999999999700e+00 1.881118437499999900e+02 1.710753600000000000e+01
4.582569042215822700e-02 7.146799218749999900e+02 2.407390650000000000e+01 5.268696875000000500e+02 6.960398500000000200e+00 1.878102343749999900e+02 1.711350799999999900e+01
4.636685366392761400e-02 7.146796562499999900e+02 2.408246349999999900e+01 5.275118750000000300e+02 6.956569499999999600e+00 1.871677812499999900e+02 1.712589399999999900e+01
4.758446861126917200e-02 7.146797812500000200e+02 2.409660200000000100e+01 5.286970625000000200e+02 6.952102000000000000e+00 1.859827187500000000e+02 1.714450000000000100e+01
5.032410146057449100e-02 7.146797500000000100e+02 2.410908049999999700e+01 5.307926250000000400e+02 6.936764499999999800e+00 1.838871250000000000e+02 1.717231599999999900e+01
5.648827615372464800e-02 7.146797656250000700e+02 2.409421800000000100e+01 5.336580000000000200e+02 6.894990000000000000e+00 1.810217656250000000e+02 1.719922800000000200e+01
5.995562696081446100e-02 7.146797968749999700e+02 2.407868249999999900e+01 5.347126250000000000e+02 6.883382499999999700e+00 1.799671718749999900e+02 1.719530000000000000e+01
6.099583282871196000e-02 7.146797656249999600e+02 2.407357599999999900e+01 5.350145000000000000e+02 6.879900000000000100e+00 1.796652656249999900e+02 1.719367600000000000e+01
6.206854121891532100e-02 7.146797343749999500e+02 2.406918600000000200e+01 5.352944374999999600e+02 6.877824000000000400e+00 1.793852968749999900e+02 1.719136200000000200e+01
6.234281645046443900e-02 7.146797968749999700e+02 2.406809350000000300e+01 5.353608749999999600e+02 6.877471500000000400e+00 1.793189218750000000e+02 1.719062200000000100e+01
6.259110968882643200e-02 7.146871874999999400e+02 2.406657650000000000e+01 5.354133124999999600e+02 6.876954500000000100e+00 1.792738750000000000e+02 1.718962200000000000e+01
6.259246135321189200e-02 7.147017812499999500e+02 2.406584150000000100e+01 5.354121874999999600e+02 6.876805499999999700e+00 1.792895937499999900e+02 1.718903600000000200e+01
6.259322479328145700e-02 7.147109531250000600e+02 2.406521049999999900e+01 5.354103125000000300e+02 6.876672499999999700e+00 1.793006406250000000e+02 1.718853800000000100e+01
6.259365657496014600e-02 7.147160625000000200e+02 2.406474250000000100e+01 5.354081875000000500e+02 6.876570499999999700e+00 1.793078750000000000e+02 1.718817200000000200e+01
6.259462026160532400e-02 7.147593437499999700e+02 2.406067849999999800e+01 5.353788749999999900e+02 6.875840499999999800e+00 1.793804687500000100e+02 1.718483799999999900e+01
6.259679168540974200e-02 7.148677343750000500e+02 2.404094650000000000e+01 5.352679375000000200e+02 6.870542500000000000e+00 1.795997968750000100e+02 1.717040400000000100e+01
6.260167895339605000e-02 7.147475000000000600e+02 2.403885400000000100e+01 5.352401250000000300e+02 6.868413999999999600e+00 1.795073750000000000e+02 1.717043999999999900e+01
6.261267374193886500e-02 7.146705781250000200e+02 2.404999399999999800e+01 5.352336249999999600e+02 6.872105999999999600e+00 1.794369531250000000e+02 1.717788799999999900e+01
6.263741670943932800e-02 7.146343906249999200e+02 2.405804699999999800e+01 5.352809999999999500e+02 6.873617000000000300e+00 1.793533906250000000e+02 1.718442999999999900e+01
6.269307899975713700e-02 7.146859218750000800e+02 2.406057049999999700e+01 5.353763125000000400e+02 6.873386499999999600e+00 1.793096093750000100e+02 1.718718399999999800e+01
6.281832697510406100e-02 7.146797812500000200e+02 2.406000950000000000e+01 5.353852500000000400e+02 6.873451499999999800e+00 1.792945312500000100e+02 1.718655800000000200e+01
6.310013648406101500e-02 7.146798593749999800e+02 2.405931100000000100e+01 5.354322499999999500e+02 6.873098999999999800e+00 1.792476093750000000e+02 1.718621200000000100e+01
6.373420475036140100e-02 7.146797656249999600e+02 2.405729949999999900e+01 5.355361874999999800e+02 6.872111499999999900e+00 1.791435781250000000e+02 1.718518800000000000e+01
6.516085522068454400e-02 7.146798125000000300e+02 2.404914449999999700e+01 5.357127500000000300e+02 6.868986500000000100e+00 1.789670625000000000e+02 1.718015799999999900e+01
6.837082034333796800e-02 7.146797812499999100e+02 2.402712199999999900e+01 5.360065624999999700e+02 6.862682000000000400e+00 1.786732187499999900e+02 1.716443999999999900e+01
7.000000145178766900e-02 7.146797812499999100e+02 2.401356750000000100e+01 5.360879374999999500e+02 6.859341500000000200e+00 1.785918437500000100e+02 1.715422600000000100e+01
