0.000000000000000000e+00 0.000000000000000000e+00 0.000000000000000000e+00 0.000000000000000000e+00 0.000000000000000000e+00 0.000000000000000000e+00 0.000000000000000000e+00
-1.048145617426830100e-07 6.040998124999999800e+02 -3.859288787841794900e-05 2.696798437499999700e+02 -1.295491333007812400e-04 3.344199687500000100e+02 9.095624542236328700e-05
1.399897312711229900e-03 6.040997499999999700e+02 3.059949000000000000e+00 2.676916249999999900e+02 8.360699999999999800e-01 3.364081249999999800e+02 2.223879000000000200e+00
4.024901023999912300e-03 6.040996250000000600e+02 8.291421500000000200e+00 2.692286250000000200e+02 2.407772500000000100e+00 3.348709999999999800e+02 5.883649000000000100e+00
7.273343604380690300e-03 6.040994687499999100e+02 1.199340325000000000e+01 2.923451250000000000e+02 3.922856250000000200e+00 3.117543437499999800e+02 8.070546999999999500e+00
7.439456743205312900e-03 6.040996562499999500e+02 1.214333574999999900e+01 2.936735312500000000e+02 3.981717250000000000e+00 3.104261250000000100e+02 8.161618499999999400e+00
7.647099144502574100e-03 6.040997187499999700e+02 1.232606225000000000e+01 2.953365312500000100e+02 4.051635750000000000e+00 3.087631875000000200e+02 8.274426500000000600e+00
8.114293178548337400e-03 6.040997187499999700e+02 1.272209100000000100e+01 2.990685937499999900e+02 4.197117000000000400e+00 3.050311249999999700e+02 8.524974000000000300e+00
8.377090213805671300e-03 6.040997499999999700e+02 1.293773200000000000e+01 3.011581562499999900e+02 4.272967000000000400e+00 3.029415937499999800e+02 8.664764999999999200e+00
8.968383152028079300e-03 6.040996562499999500e+02 1.339334900000000100e+01 3.060397500000000300e+02 4.419131000000000100e+00 2.980599062499999800e+02 8.974218000000000500e+00
9.700107605751417300e-03 6.040995937499999400e+02 1.391260349999999900e+01 3.123785312499999800e+02 4.568334499999999700e+00 2.917210625000000200e+02 9.344269000000000600e+00
1.011170270874744300e-02 6.040995937499999400e+02 1.418878099999999900e+01 3.158779374999999700e+02 4.643510000000000000e+00 2.882216562500000200e+02 9.545270999999999600e+00
1.034322529640097600e-02 6.040996250000000600e+02 1.433835249999999900e+01 3.178432187500000100e+02 4.681499500000000100e+00 2.862564062500000000e+02 9.656852999999999900e+00
1.058000904994373800e-02 6.040997500000000900e+02 1.448714949999999900e+01 3.198370937500000100e+02 4.717526500000000000e+00 2.842626562500000200e+02 9.769622999999999300e+00
1.087303002049603800e-02 6.040996562499999500e+02 1.466604950000000000e+01 3.222995624999999800e+02 4.758230499999999800e+00 2.818000937499999700e+02 9.907818999999999900e+00
1.117270997190100000e-02 6.040997499999999700e+02 1.484257949999999900e+01 3.248272812500000000e+02 4.795063500000000400e+00 2.792724687499999700e+02 1.004751600000000000e+01
1.171213357154465700e-02 6.040997187499999700e+02 1.514821399999999900e+01 3.292320937499999900e+02 4.857391999999999900e+00 2.748676249999999800e+02 1.029082200000000000e+01
1.238641385331241400e-02 6.040997187499999700e+02 1.551047900000000000e+01 3.347602812499999900e+02 4.927252000000000200e+00 2.693394374999999700e+02 1.058322700000000100e+01
1.258869809428537900e-02 6.040997187499999700e+02 1.561438800000000200e+01 3.364640937500000200e+02 4.945362000000000300e+00 2.676356250000000000e+02 1.066902600000000100e+01
1.296797997056655700e-02 6.040997500000000900e+02 1.580661849999999900e+01 3.395912500000000000e+02 4.981047499999999900e+00 2.645085000000000300e+02 1.082557100000000000e+01
1.382136595217887400e-02 6.040997343750000300e+02 1.621471700000000000e+01 3.466065937500000000e+02 5.057063999999999600e+00 2.574931406250000200e+02 1.115765300000000000e+01
1.574148343304010800e-02 6.040997499999999700e+02 1.704862700000000000e+01 3.615183437499999900e+02 5.201672000000000300e+00 2.425814062499999900e+02 1.184695499999999900e+01
2.006174698276469400e-02 6.040997656249999200e+02 1.851888100000000000e+01 3.899560937499999800e+02 5.433819999999999900e+00 2.141436718750000000e+02 1.308506100000000000e+01
2.249189562059137100e-02 6.040997968750000400e+02 1.908254249999999900e+01 4.025095937500000200e+02 5.564536500000000000e+00 2.015902031249999900e+02 1.351800600000000000e+01
2.549920495100847100e-02 6.040997812499999800e+02 1.958901449999999800e+01 4.149254062499999800e+02 5.710275499999999800e+00 1.891743750000000000e+02 1.387873899999999900e+01
2.626812051287473100e-02 6.040997812499999800e+02 1.969574400000000100e+01 4.176781562499999700e+02 5.743682999999999900e+00 1.864216250000000100e+02 1.395206100000000000e+01
2.670063434310472300e-02 6.040997968750000400e+02 1.975205749999999900e+01 4.191469374999999800e+02 5.761386500000000400e+00 1.849528593750000000e+02 1.399067100000000100e+01
2.694392454592887300e-02 6.040964374999999800e+02 1.977614500000000000e+01 4.203309375000000000e+02 5.746204999999999800e+00 1.837655000000000000e+02 1.402994000000000000e+01
2.724499214352585000e-02 6.040997656250000300e+02 1.981271650000000100e+01 4.212697812499999900e+02 5.760049500000000000e+00 1.828299843750000100e+02 1.405266700000000000e+01
2.755290567092695200e-02 6.040998437499999900e+02 1.984938000000000000e+01 4.222152812499999800e+02 5.774307000000000300e+00 1.818845624999999900e+02 1.407507300000000000e+01
2.824571188979261400e-02 6.040997968750000400e+02 1.992779300000000100e+01 4.243150000000000000e+02 5.802220000000000200e+00 1.797847968750000100e+02 1.412557299999999900e+01
2.980451884232168000e-02 6.040997812499999800e+02 2.008399000000000000e+01 4.286182812500000000e+02 5.858114999999999700e+00 1.754815000000000100e+02 1.422587500000000000e+01
3.173354729579815100e-02 6.040997499999999700e+02 2.024400050000000200e+01 4.332251249999999900e+02 5.917381500000000300e+00 1.708746250000000100e+02 1.432661900000000100e+01
3.370641410507242000e-02 6.040997968750000400e+02 2.037750499999999900e+01 4.373716875000000100e+02 5.963020000000000200e+00 1.667281093750000000e+02 1.441448500000000100e+01
3.814536755479226700e-02 6.040997812499999800e+02 2.058235150000000100e+01 4.445720000000000000e+02 6.014447500000000200e+00 1.595277812500000000e+02 1.456790400000000000e+01
3.876959557921241100e-02 6.040997656250000300e+02 2.060402150000000200e+01 4.454165312499999900e+02 6.018528500000000400e+00 1.586832343750000100e+02 1.458549300000000000e+01
3.912072482071523400e-02 6.040997656250000300e+02 2.061530099999999900e+01 4.458720000000000100e+02 6.020095000000000400e+00 1.582277656249999900e+02 1.459520599999999900e+01
3.931823365018749500e-02 6.040997968750000400e+02 2.062118999999999900e+01 4.461177500000000000e+02 6.020539999999999600e+00 1.579820468750000100e+02 1.460065000000000000e+01
3.942933295342553000e-02 6.040998437499999900e+02 2.062400399999999900e+01 4.462467812500000300e+02 6.020368000000000400e+00 1.578530624999999900e+02 1.460363600000000000e+01
3.946370652967237000e-02 6.041000000000000200e+02 2.062467300000000100e+01 4.462845624999999900e+02 6.020128999999999800e+00 1.578154375000000000e+02 1.460454400000000100e+01
3.948303971077826700e-02 6.041002656250000200e+02 2.062483600000000200e+01 4.463041250000000000e+02 6.019823999999999800e+00 1.577961406249999900e+02 1.460501200000000000e+01
3.949391560291680400e-02 6.041015312499999900e+02 2.062456750000000100e+01 4.463134999999999800e+02 6.019382499999999900e+00 1.577880312499999900e+02 1.460518500000000100e+01
3.949669402415357400e-02 6.041026093749999300e+02 2.062436599999999800e+01 4.463155312499999900e+02 6.019184000000000100e+00 1.577870781249999900e+02 1.460518199999999900e+01
3.949825845052563900e-02 6.041039687500000400e+02 2.062416299999999900e+01 4.463164062500000000e+02 6.019032000000000200e+00 1.577875625000000100e+02 1.460513100000000000e+01
3.950019521037424100e-02 6.041078593749999800e+02 2.062362900000000100e+01 4.463163749999999900e+02 6.018729999999999700e+00 1.577914843750000100e+02 1.460489900000000000e+01
3.950128405112919600e-02 6.041120468750000300e+02 2.062310700000000100e+01 4.463154062500000200e+02 6.018476999999999900e+00 1.577966406250000100e+02 1.460463000000000000e+01
3.950239792270610100e-02 6.041216875000000100e+02 2.062205350000000000e+01 4.463120937499999700e+02 6.018041499999999800e+00 1.578095937500000000e+02 1.460401200000000100e+01
3.950302369325492400e-02 6.041321249999999700e+02 2.062099750000000100e+01 4.463080312500000000e+02 6.017647499999999800e+00 1.578240937500000000e+02 1.460335000000000100e+01
3.950379964873546700e-02 6.042107499999999600e+02 2.061386500000000100e+01 4.462725312499999900e+02 6.015562000000000100e+00 1.579382187500000000e+02 1.459830300000000000e+01
3.950459124847972800e-02 6.043967343750000500e+02 2.059478649999999800e+01 4.462019687499999900e+02 6.009127500000000000e+00 1.581947656250000000e+02 1.458565900000000000e+01
3.950637469454387100e-02 6.044407499999999800e+02 2.056482850000000100e+01 4.461254374999999800e+02 5.994762500000000200e+00 1.583153125000000000e+02 1.457006600000000100e+01
3.951038901261457600e-02 6.041718906250000600e+02 2.057829549999999900e+01 4.460332187500000000e+02 5.999390499999999600e+00 1.581386718750000000e+02 1.457890500000000100e+01
3.951941575278133900e-02 6.040653906249999600e+02 2.059362399999999800e+01 4.460341250000000200e+02 6.004273999999999700e+00 1.580312656250000000e+02 1.458935000000000000e+01
3.953973452250162500e-02 6.040366562499999600e+02 2.060366249999999900e+01 4.461441249999999700e+02 6.005719499999999700e+00 1.578925312499999900e+02 1.459794300000000100e+01
3.958544706109314700e-02 6.041104374999999900e+02 2.061220550000000200e+01 4.463790624999999700e+02 6.005540500000000400e+00 1.577313750000000100e+02 1.460666500000000000e+01
3.968829870849768800e-02 6.040980468749999100e+02 2.061857949999999900e+01 4.465498124999999700e+02 6.006073500000000300e+00 1.575482343749999900e+02 1.461250600000000000e+01
3.991971491515792400e-02 6.040998124999999800e+02 2.062568500000000100e+01 4.467919062500000100e+02 6.007997999999999700e+00 1.573079062500000000e+02 1.461768700000000000e+01
4.044040607342256500e-02 6.040998437499999900e+02 2.063831450000000000e+01 4.473386874999999900e+02 6.009027500000000200e+00 1.567611562500000000e+02 1.462928700000000000e+01
4.161195492181252200e-02 6.040997968750000400e+02 2.066690650000000000e+01 4.485272499999999800e+02 6.012746500000000400e+00 1.555725468750000000e+02 1.465415999999999900e+01
4.424794452396903200e-02 6.040997812499999800e+02 2.070808650000000000e+01 4.508040937499999900e+02 6.006787499999999700e+00 1.532956875000000100e+02 1.470129900000000100e+01
4.573068906628866000e-02 6.040997812499999800e+02 2.072009549999999900e+01 4.517967187500000300e+02 5.995789499999999900e+00 1.523030625000000100e+02 1.472430600000000000e+01
4.906686272208146000e-02 6.040997656249999200e+02 2.074094200000000000e+01 4.535805312499999800e+02 5.974939000000000000e+00 1.505192343750000000e+02 1.476600300000000000e+01
5.657325579425481100e-02 6.040997812499999800e+02 2.077174950000000200e+01 4.557529374999999700e+02 5.961505500000000300e+00 1.483468437500000100e+02 1.481024400000000100e+01
6.079559876849957600e-02 6.040997812499999800e+02 2.078843500000000000e+01 4.564500625000000000e+02 5.966588999999999900e+00 1.476497187500000100e+02 1.482184600000000100e+01
6.594678548377329300e-02 6.040997812499999800e+02 2.079654649999999800e+01 4.568278124999999900e+02 5.973172500000000400e+00 1.472719687500000100e+02 1.482337399999999900e+01
7.000000145178766900e-02 6.040997656250000300e+02 2.078907050000000100e+01 4.567695937500000100e+02 5.974305499999999800e+00 1.473301718749999900e+02 1.481476500000000000e+01
