0.000000000000000000e+00 0.000000000000000000e+00 0.000000000000000000e+00 0.000000000000000000e+00 0.000000000000000000e+00 0.000000000000000000e+00 0.000000000000000000e+00
2.772215420567407000e-07 3.447574875000000200e+03 1.019389801025390700e-03 1.134948875000000000e+03 1.593962707519531300e-04 2.312626000000000200e+03 8.599935302734375500e-04
1.400271671561207900e-03 3.447574500000000200e+03 1.939646900000000000e+01 1.127995750000000000e+03 3.501729999999999800e+00 2.319578750000000100e+03 1.589473900000000000e+01
4.025261456661560600e-03 3.447574500000000200e+03 5.552877399999999900e+01 1.113493250000000000e+03 9.862050000000000000e+00 2.334081250000000200e+03 4.566672400000000200e+01
9.931488165839316700e-03 3.447572374999999700e+03 1.290132160000000000e+02 1.102126125000000000e+03 2.288677600000000100e+01 2.345446250000000000e+03 1.061264400000000000e+02
1.175872654694942400e-02 3.447571625000000500e+03 1.426102599999999800e+02 1.127939125000000100e+03 2.525773999999999800e+01 2.319632500000000200e+03 1.173525200000000000e+02
1.362749374355320400e-02 3.447573499999999500e+03 1.533248120000000100e+02 1.160951749999999900e+03 2.678467600000000100e+01 2.286621749999999800e+03 1.265401360000000000e+02
1.783222038289067700e-02 3.447574375000000100e+03 1.709488040000000000e+02 1.246162125000000100e+03 2.887046799999999900e+01 2.201412249999999900e+03 1.420783360000000100e+02
1.913305610854124400e-02 3.447572874999999800e+03 1.752425279999999900e+02 1.273006875000000000e+03 2.931963199999999900e+01 2.174565999999999800e+03 1.459228960000000100e+02
2.046345859866576700e-02 3.447574249999999700e+03 1.792769500000000000e+02 1.300717500000000000e+03 2.972250199999999900e+01 2.146856749999999900e+03 1.495544480000000100e+02
2.345686062561424400e-02 3.447574250000000100e+03 1.872966820000000000e+02 1.358536000000000100e+03 3.047970600000000000e+01 2.089038250000000100e+03 1.568169760000000100e+02
2.716119878516467000e-02 3.447573750000000000e+03 1.956057419999999900e+02 1.426385874999999900e+03 3.112950199999999900e+01 2.021187875000000100e+03 1.644762399999999900e+02
2.810832932954608600e-02 3.447574499999999700e+03 1.975312519999999900e+02 1.443005124999999900e+03 3.127562000000000000e+01 2.004569375000000000e+03 1.662556319999999900e+02
3.023937484232012300e-02 3.447574375000000100e+03 2.016492020000000000e+02 1.478917124999999900e+03 3.159521799999999900e+01 1.968657250000000000e+03 1.700539840000000100e+02
3.503422903397756400e-02 3.447574499999999700e+03 2.095340959999999800e+02 1.550618125000000000e+03 3.213092799999999700e+01 1.896956375000000000e+03 1.774031679999999900e+02
3.773133585772176600e-02 3.447574500000000200e+03 2.132359860000000000e+02 1.587731500000000100e+03 3.235235399999999800e+01 1.859843000000000100e+03 1.808836320000000100e+02
4.379981905948279700e-02 3.447574625000000200e+03 2.195764920000000000e+02 1.658253125000000000e+03 3.280074799999999900e+01 1.789321500000000000e+03 1.867757440000000000e+02
4.721334376583664900e-02 3.447574749999999800e+03 2.222941399999999700e+02 1.690528749999999900e+03 3.311418799999999900e+01 1.757046000000000000e+03 1.891799519999999900e+02
5.130957341346125500e-02 3.447574625000000200e+03 2.249046779999999900e+02 1.723607125000000000e+03 3.347957400000000000e+01 1.723967500000000000e+03 1.914251040000000000e+02
5.899000221484155400e-02 3.447574625000000200e+03 2.286135920000000100e+02 1.773175625000000100e+03 3.427200800000000000e+01 1.674398999999999900e+03 1.943415840000000100e+02
7.000000234574560400e-02 3.447574625000000200e+03 2.320517880000000200e+02 1.824276249999999900e+03 3.537631600000000300e+01 1.623298375000000100e+03 1.966754720000000100e+02
