0.000000000000000000e+00 0.000000000000000000e+00 0.000000000000000000e+00 0.000000000000000000e+00 0.000000000000000000e+00 0.000000000000000000e+00 0.000000000000000000e+00
9.927798631675416400e-08 1.433382781250000100e+03 1.517474365234376600e-04 4.744947812500000200e+02 -1.420863281249999900e-03 9.588880000000000300e+02 1.572610717773437600e-03
1.400097238020723500e-03 1.433382312499999900e+03 1.948732175000000000e+01 4.723131250000000100e+02 3.407745750000000100e+00 9.610691875000000000e+02 1.607957599999999900e+01
4.025093392571304900e-03 1.433377812499999900e+03 4.404347800000000000e+01 5.125448125000000300e+02 9.397845999999999500e+00 9.208329999999999700e+02 3.464563199999999900e+01
7.273526418776738800e-03 1.433380000000000100e+03 5.936338399999999600e+01 5.940349999999999700e+02 1.383315999999999900e+01 8.393450000000000300e+02 4.553022399999999700e+01
1.059578740735334800e-02 1.433384375000000100e+03 6.996308799999999900e+01 6.768148750000000300e+02 1.579855200000000100e+01 7.565694999999999500e+02 5.416453599999999800e+01
1.246455907374676200e-02 1.433382000000000100e+03 7.459053000000000100e+01 7.205053124999999500e+02 1.641349400000000000e+01 7.128766875000000000e+02 5.817703600000000100e+01
1.666929554662142900e-02 1.433382750000000000e+03 8.212590600000000100e+01 8.016054374999999900e+02 1.761700600000000000e+01 6.317773124999999900e+02 6.450889999999999700e+01
1.797013663601955800e-02 1.433382875000000000e+03 8.378467000000000600e+01 8.218760624999999900e+02 1.799684600000000100e+01 6.115068125000000200e+02 6.578782400000000100e+01
1.930054091405993700e-02 1.433382750000000000e+03 8.526357399999999100e+01 8.407317500000000300e+02 1.836247799999999900e+01 5.926509999999999500e+02 6.690109599999999500e+01
1.969966273384680600e-02 1.433383062500000100e+03 8.566856199999999400e+01 8.460793750000000300e+02 1.846978599999999900e+01 5.873036875000000200e+02 6.719877599999999500e+01
2.044801458152081500e-02 1.433382875000000000e+03 8.637767999999999800e+01 8.556510624999999700e+02 1.866352799999999900e+01 5.777318125000000500e+02 6.771415199999999900e+01
2.213180936764008000e-02 1.433382750000000000e+03 8.780365599999998900e+01 8.753247499999999900e+02 1.905881600000000000e+01 5.580579999999999900e+02 6.874483999999999600e+01
2.402607582015047300e-02 1.433382750000000000e+03 8.917223599999999800e+01 8.945100625000000000e+02 1.945003600000000100e+01 5.388726874999999800e+02 6.972220000000000100e+01
2.497320994036359600e-02 1.433382562499999900e+03 8.978479600000000000e+01 9.031435000000000200e+02 1.963200399999999800e+01 5.302390625000000500e+02 7.015279200000000500e+01
2.550597310647295700e-02 1.433382687500000000e+03 9.011135199999999700e+01 9.077846250000000100e+02 1.972944000000000000e+01 5.255980624999999700e+02 7.038191200000000000e+01
2.646494680546981200e-02 1.433382437499999900e+03 9.066548199999999700e+01 9.158096875000000000e+02 1.988993000000000000e+01 5.175727500000000400e+02 7.077555200000000500e+01
2.766366214130002600e-02 1.433382625000000000e+03 9.131017199999999400e+01 9.248983124999999700e+02 2.008067600000000000e+01 5.084843124999999900e+02 7.122949599999999700e+01
2.833794063515193000e-02 1.433382562499999900e+03 9.164877799999999300e+01 9.296356250000000000e+02 2.018451400000000000e+01 5.037469375000000000e+02 7.146426400000000000e+01
2.871722195270940600e-02 1.433382625000000000e+03 9.183100399999999300e+01 9.322114374999999900e+02 2.023958800000000100e+01 5.011711874999999700e+02 7.159141599999999500e+01
2.883456287019298500e-02 1.433384218749999900e+03 9.188421400000000000e+01 9.330028125000000000e+02 2.025487000000000000e+01 5.003814062500000000e+02 7.162934400000000300e+01
2.895456957021455200e-02 1.433377531249999900e+03 9.193183000000000500e+01 9.338585624999999500e+02 2.026654200000000100e+01 4.995189687500000000e+02 7.166528800000000400e+01
2.922458598619997000e-02 1.433382312499999900e+03 9.205532599999999400e+01 9.356141874999999600e+02 2.030459799999999900e+01 4.977681250000000000e+02 7.175072799999999500e+01
2.983212158123026500e-02 1.433382843750000100e+03 9.232820399999999900e+01 9.393761875000000100e+02 2.039041999999999900e+01 4.940066562499999900e+02 7.193778399999999400e+01
3.119907443515361500e-02 1.433382625000000000e+03 9.289929400000001200e+01 9.471932500000000300e+02 2.056471000000000200e+01 4.861893749999999800e+02 7.233458400000000700e+01
3.427472237929182100e-02 1.433382593750000100e+03 9.400584400000001000e+01 9.620349374999999600e+02 2.086488400000000000e+01 4.713476562500000000e+02 7.314096000000000700e+01
3.808083764881867900e-02 1.433382468750000000e+03 9.508374400000001000e+01 9.751500624999999900e+02 2.110220800000000100e+01 4.582324062500000000e+02 7.398153600000000600e+01
4.022177748792753200e-02 1.433382437499999900e+03 9.561148799999999400e+01 9.808117499999999600e+02 2.120270400000000100e+01 4.525706875000000200e+02 7.440878399999999700e+01
4.241137366908116100e-02 1.433382625000000200e+03 9.610869999999999900e+01 9.857881875000000500e+02 2.131206800000000000e+01 4.475944375000000300e+02 7.479663200000000200e+01
4.733796865250852700e-02 1.433382593750000100e+03 9.712854199999999600e+01 9.940080000000000400e+02 2.157379800000000000e+01 4.393745937499999700e+02 7.555474399999999900e+01
4.886213115953889900e-02 1.433382468750000000e+03 9.743052199999999600e+01 9.961121249999999900e+02 2.165754600000000000e+01 4.372703437499999900e+02 7.577297600000000000e+01
5.042093632415210700e-02 1.433382593750000100e+03 9.771883200000000600e+01 9.978485624999999600e+02 2.173302400000000000e+01 4.355340312500000000e+02 7.598580800000000600e+01
5.392824794453184000e-02 1.433382593750000100e+03 9.836823400000000100e+01 1.001423062500000000e+03 2.191631400000000000e+01 4.319595312500000000e+02 7.645192000000000100e+01
5.826854598535595500e-02 1.433382531249999800e+03 9.910271600000000100e+01 1.004104750000000000e+03 2.215050799999999900e+01 4.292777812499999800e+02 7.695220799999999900e+01
6.070996296285108300e-02 1.433382468750000000e+03 9.948273199999999900e+01 1.005132937500000000e+03 2.227181200000000100e+01 4.282495312500000200e+02 7.721092000000000200e+01
6.320686612095241500e-02 1.433382656249999900e+03 9.985468400000000600e+01 1.005752750000000000e+03 2.238480399999999900e+01 4.276299062499999800e+02 7.746988000000000300e+01
6.882489822668040600e-02 1.433382625000000000e+03 1.006247439999999900e+02 1.006550937500000000e+03 2.261928800000000100e+01 4.268316874999999900e+02 7.800545599999999500e+01
7.000000234574560400e-02 1.433382468750000000e+03 1.007788040000000100e+02 1.006686875000000000e+03 2.266835599999999900e+01 4.266955937500000000e+02 7.811044800000000500e+01
