0.000000000000000000e+00 0.000000000000000000e+00 0.000000000000000000e+00 0.000000000000000000e+00 0.000000000000000000e+00 0.000000000000000000e+00 0.000000000000000000e+00
-1.046680275729969200e-06 3.220393812500000000e+03 -4.429696044921874700e-03 2.324952499999999900e+03 3.463967285156250000e-04 8.954413124999999800e+02 -4.776092773437499800e-03
1.398974242646382700e-03 3.220393500000000100e+03 1.980547400000000000e+01 2.315006750000000000e+03 1.105098100000000000e+01 9.053867500000000100e+02 8.754493000000000100e+00
4.024013398572514300e-03 3.220393375000000100e+03 5.652308999999999600e+01 2.295000750000000200e+03 3.130346200000000000e+01 9.253926249999999500e+02 2.521962800000000000e+01
7.272499365366232000e-03 3.220392562500000200e+03 9.980368000000000000e+01 2.263694750000000100e+03 5.417243200000000100e+01 9.566978125000000500e+02 4.563124799999999900e+01
8.103078165755103800e-03 3.220390875000000100e+03 1.098760080000000000e+02 2.260491250000000000e+03 5.973936400000000200e+01 9.598996250000000100e+02 5.013664399999999700e+01
8.360038477591359000e-03 3.220386312499999800e+03 1.127527640000000000e+02 2.260858499999999800e+03 6.141692400000000200e+01 9.595278124999999800e+02 5.133583999999999700e+01
8.504578970382878700e-03 3.220390187500000100e+03 1.143269119999999900e+02 2.261297000000000000e+03 6.235132000000000100e+01 9.590931875000000000e+02 5.197559199999999900e+01
8.585882861556553100e-03 3.220393000000000000e+03 1.152009160000000100e+02 2.261568749999999900e+03 6.286912800000000300e+01 9.588242500000000100e+02 5.233178800000000300e+01
8.669034469513956300e-03 3.220392374999999900e+03 1.160867240000000000e+02 2.261862999999999800e+03 6.339375600000000300e+01 9.585293749999999600e+02 5.269296800000000000e+01
8.856125406056038900e-03 3.220391625000000200e+03 1.180273400000000100e+02 2.262750500000000100e+03 6.453330400000000100e+01 9.576411249999999900e+02 5.349403600000000100e+01
9.066603344433132500e-03 3.220388124999999900e+03 1.201190240000000000e+02 2.264140249999999900e+03 6.576380799999999700e+01 9.562478750000000200e+02 5.435521599999999900e+01
9.171841950897537800e-03 3.220391687500000000e+03 1.211374919999999900e+02 2.264949000000000100e+03 6.635909599999999400e+01 9.554426875000000300e+02 5.477839600000000100e+01
9.302075152598106000e-03 3.220391875000000300e+03 1.223801560000000000e+02 2.265965000000000100e+03 6.708433999999999700e+01 9.544268750000000000e+02 5.529581600000000200e+01
9.375331645938300000e-03 3.220391937500000000e+03 1.230696800000000100e+02 2.266556250000000100e+03 6.748422399999999800e+01 9.538356874999999500e+02 5.558545600000000100e+01
9.450252317645933100e-03 3.220391874999999800e+03 1.237685240000000100e+02 2.267188999999999900e+03 6.788860800000000500e+01 9.532028749999999500e+02 5.587991600000000100e+01
9.542966784905683800e-03 3.220391687500000000e+03 1.246245480000000000e+02 2.267992749999999900e+03 6.838067999999999800e+01 9.523989374999999900e+02 5.624386799999999900e+01
9.637788679435448400e-03 3.220397687499999800e+03 1.254667639999999800e+02 2.268986500000000000e+03 6.884221599999999300e+01 9.514111874999999800e+02 5.662454799999999700e+01
9.808468524857994600e-03 3.220390562499999800e+03 1.269301120000000100e+02 2.271138500000000000e+03 6.959967199999999800e+01 9.492520624999999700e+02 5.733044000000000300e+01
1.002181778754996500e-02 3.220391437500000400e+03 1.287150719999999900e+02 2.273949500000000200e+03 7.056891199999999700e+01 9.464419374999999900e+02 5.814616000000000200e+01
1.050185344724482500e-02 3.220392937499999800e+03 1.325653279999999900e+02 2.280706749999999800e+03 7.263868800000000200e+01 9.396861874999999600e+02 5.992663999999999900e+01
1.077187327912059400e-02 3.220391000000000100e+03 1.345873560000000000e+02 2.284675000000000200e+03 7.368518400000000700e+01 9.357160000000000100e+02 6.090217200000000000e+01
1.110602346490221400e-02 3.220393375000000100e+03 1.370219840000000000e+02 2.289473500000000100e+03 7.497232800000000500e+01 9.309198750000000500e+02 6.204965599999999900e+01
1.144776764333873800e-02 3.220390249999999900e+03 1.393225559999999900e+02 2.295384000000000000e+03 7.614668799999999700e+01 9.250062500000000200e+02 6.317586800000000100e+01
1.221669277026920700e-02 3.220392937499999800e+03 1.440444160000000100e+02 2.309659749999999800e+03 7.832642400000000300e+01 9.107331874999999900e+02 6.571799199999999500e+01
1.394677231087997400e-02 3.220392062500000100e+03 1.528982399999999900e+02 2.343233499999999800e+03 8.186262399999999700e+01 8.771585625000000200e+02 7.103561600000000500e+01
1.608774721141857700e-02 3.220390437500000200e+03 1.612903840000000200e+02 2.385916999999999900e+03 8.474923200000000600e+01 8.344734375000000500e+02 7.654115199999999700e+01
1.827737937937692600e-02 3.220392875000000000e+03 1.680546799999999900e+02 2.429828250000000000e+03 8.663843199999999500e+01 7.905646249999999800e+02 8.141624799999999600e+01
1.858529735514694400e-02 3.220393375000000100e+03 1.688988080000000000e+02 2.435719750000000200e+03 8.684689600000000100e+01 7.846736250000000200e+02 8.205191200000000200e+01
1.868055887133785600e-02 3.220392437500000100e+03 1.691563120000000100e+02 2.437547750000000200e+03 8.690915200000000600e+01 7.828446874999999600e+02 8.224715999999999400e+01
1.873414338351420500e-02 3.220393937500000000e+03 1.693003280000000100e+02 2.438590250000000200e+03 8.694352800000000100e+01 7.818036875000000200e+02 8.235680000000000700e+01
1.878894664881056500e-02 3.220320999999999900e+03 1.694076880000000100e+02 2.439913750000000200e+03 8.695420000000000000e+01 7.804072499999999800e+02 8.245348799999999300e+01
1.891225254483079900e-02 3.220395187500000200e+03 1.697390320000000100e+02 2.442314750000000000e+03 8.703745600000000600e+01 7.780804375000000200e+02 8.270157600000000300e+01
1.918969008542804900e-02 3.220391625000000200e+03 1.704717840000000100e+02 2.447632250000000100e+03 8.720630400000000300e+01 7.727593749999999800e+02 8.326547999999999700e+01
1.981392672811670800e-02 3.220392499999999900e+03 1.719942480000000000e+02 2.459837000000000000e+03 8.751693600000000100e+01 7.605555000000000500e+02 8.447731199999999800e+01
2.121845844871791600e-02 3.220392812499999800e+03 1.750675919999999900e+02 2.486425249999999800e+03 8.803779199999999600e+01 7.339675624999999900e+02 8.702979999999999400e+01
2.200850790428023800e-02 3.220392875000000000e+03 1.766398800000000100e+02 2.500833000000000100e+03 8.827356000000000300e+01 7.195598750000000300e+02 8.836632000000000200e+01
2.378611736567473900e-02 3.220393187499999800e+03 1.798223760000000200e+02 2.531080250000000000e+03 8.868408800000000300e+01 6.893129374999999800e+02 9.113828800000000300e+01
2.598591161321944400e-02 3.220391749999999800e+03 1.831862800000000100e+02 2.565200499999999900e+03 8.896308000000000500e+01 6.551912499999999700e+02 9.422320000000000600e+01
2.654835747272370200e-02 3.220392750000000000e+03 1.839360240000000000e+02 2.573646999999999900e+03 8.897747200000000600e+01 6.467457500000000400e+02 9.495855199999999700e+01
2.686473417550520500e-02 3.220393000000000000e+03 1.843418080000000100e+02 2.578337750000000100e+03 8.897787200000000500e+01 6.420552500000000000e+02 9.536393599999999500e+01
2.725624990992834100e-02 3.220391812500000000e+03 1.848219520000000100e+02 2.584094500000000200e+03 8.896492000000000600e+01 6.362973124999999800e+02 9.585703200000000400e+01
2.735635306797814000e-02 3.220404000000000000e+03 1.849079679999999800e+02 2.585738499999999900e+03 8.891639999999999600e+01 6.346654999999999500e+02 9.599156800000000100e+01
2.753653991318503300e-02 3.220394562500000100e+03 1.851426480000000100e+02 2.588268250000000100e+03 8.893382400000000100e+01 6.321263125000000400e+02 9.620882400000000700e+01
2.776177129334879800e-02 3.220393125000000100e+03 1.854003119999999900e+02 2.591450499999999900e+03 8.892347999999999800e+01 6.289426250000000200e+02 9.647683200000000200e+01
2.826854625140697400e-02 3.220393312500000300e+03 1.859716159999999800e+02 2.598590250000000200e+03 8.889704000000000400e+01 6.218030625000000100e+02 9.707457599999999300e+01
2.889567888365222900e-02 3.220391875000000300e+03 1.866122959999999900e+02 2.607003000000000200e+03 8.885273599999999300e+01 6.133888749999999800e+02 9.775955999999999300e+01
2.924844117065225300e-02 3.220392937500000200e+03 1.869362719999999700e+02 2.611500750000000200e+03 8.882330399999999300e+01 6.088921874999999800e+02 9.811296799999999500e+01
2.960922111210604800e-02 3.220394124999999800e+03 1.872114480000000200e+02 2.615991500000000100e+03 8.875136799999999900e+01 6.044026249999999400e+02 9.846008000000000500e+01
3.042097452948051100e-02 3.220392437500000100e+03 1.877392800000000100e+02 2.625435750000000100e+03 8.858021599999999300e+01 5.949566875000000400e+02 9.915906400000000100e+01
3.224742116946962400e-02 3.220393624999999700e+03 1.886955439999999800e+02 2.642910500000000000e+03 8.834640000000000300e+01 5.774831249999999700e+02 1.003491440000000000e+02
3.443915423566341900e-02 3.220393312500000300e+03 1.893016319999999800e+02 2.659953500000000100e+03 8.794719200000000100e+01 5.604398125000000200e+02 1.013544400000000000e+02
3.669938122720165600e-02 3.220392562500000200e+03 1.894216880000000200e+02 2.673666250000000200e+03 8.740111199999999800e+01 5.467263124999999500e+02 1.020205760000000100e+02
3.901097866274823300e-02 3.220393187499999800e+03 1.890381679999999800e+02 2.685425999999999900e+03 8.659777599999999600e+01 5.349671875000000200e+02 1.024403920000000000e+02
4.421206854003832000e-02 3.220393312500000300e+03 1.867917840000000100e+02 2.703348500000000100e+03 8.412305600000000500e+01 5.170448125000000300e+02 1.026687280000000000e+02
4.713768250282434500e-02 3.220393062500000300e+03 1.848419680000000100e+02 2.708493500000000000e+03 8.242674399999999900e+01 5.118995625000000000e+02 1.024152239999999900e+02
4.878333872463284900e-02 3.220395281250000200e+03 1.836224399999999800e+02 2.710067000000000000e+03 8.142607999999999900e+01 5.103282812499999700e+02 1.021963600000000000e+02
4.970902234438291700e-02 3.220393312499999900e+03 1.829574880000000100e+02 2.710915250000000000e+03 8.088414400000000600e+01 5.094780625000000200e+02 1.020733440000000100e+02
4.999540611323965300e-02 3.220396781250000000e+03 1.827481359999999900e+02 2.711199000000000100e+03 8.070938400000000000e+01 5.091977812499999900e+02 1.020387520000000000e+02
5.003567719847648600e-02 3.220403437500000100e+03 1.827154960000000000e+02 2.711264250000000200e+03 8.068019999999999900e+01 5.091391874999999900e+02 1.020352960000000000e+02
5.007686525034647100e-02 3.220411874999999800e+03 1.826788720000000100e+02 2.711363249999999900e+03 8.064505599999999700e+01 5.090486250000000200e+02 1.020338160000000000e+02
5.016953691615735900e-02 3.220376687499999700e+03 1.826224320000000000e+02 2.711425249999999800e+03 8.059777599999999600e+01 5.089514375000000000e+02 1.020246559999999900e+02
5.037804816423187300e-02 3.220395406249999700e+03 1.824686320000000100e+02 2.711568499999999900e+03 8.047499999999999400e+01 5.088269062499999800e+02 1.019936320000000100e+02
5.084720427598580400e-02 3.220394250000000300e+03 1.821177920000000100e+02 2.711989250000000100e+03 8.018132799999999300e+01 5.084049999999999700e+02 1.019364640000000000e+02
5.190280697832871900e-02 3.220394000000000200e+03 1.813388479999999800e+02 2.712382000000000100e+03 7.957555999999999600e+01 5.080120000000000000e+02 1.017632880000000000e+02
5.216258130406528600e-02 3.220373375000000100e+03 1.811364079999999900e+02 2.712758750000000000e+03 7.939458399999999500e+01 5.076146249999999900e+02 1.017418239999999900e+02
5.224608330354468800e-02 3.220388937499999900e+03 1.810803119999999900e+02 2.712819250000000000e+03 7.935122400000000200e+01 5.075696874999999900e+02 1.017290880000000000e+02
5.234941615736250800e-02 3.220399843749999900e+03 1.810016000000000000e+02 2.712862999999999800e+03 7.929233600000000600e+01 5.075368437500000000e+02 1.017092640000000000e+02
5.240753907401431800e-02 3.220396249999999800e+03 1.809563120000000000e+02 2.712879500000000000e+03 7.925849599999999400e+01 5.075167500000000000e+02 1.016978160000000000e+02
5.244023067556195800e-02 3.220415812500000400e+03 1.809224399999999900e+02 2.712918500000000200e+03 7.923138400000000600e+01 5.074973125000000200e+02 1.016910560000000000e+02
5.244859364339972400e-02 3.220426843750000000e+03 1.809115439999999900e+02 2.712935750000000100e+03 7.922240800000000100e+01 5.074910937500000000e+02 1.016891360000000000e+02
5.245329454829118800e-02 3.220436812500000100e+03 1.809041920000000200e+02 2.712949250000000100e+03 7.921628800000000600e+01 5.074875625000000200e+02 1.016879040000000000e+02
5.245911554533579800e-02 3.220465124999999700e+03 1.808901439999999900e+02 2.712979750000000000e+03 7.920462399999999500e+01 5.074853749999999800e+02 1.016855200000000000e+02
5.246506422127869600e-02 3.220976093750000000e+03 1.807730560000000000e+02 2.713344000000000100e+03 7.911360000000000500e+01 5.076320937500000200e+02 1.016594560000000100e+02
5.247845309483992200e-02 3.221050968749999800e+03 1.806130000000000000e+02 2.713280749999999900e+03 7.898175200000000000e+01 5.077702187500000300e+02 1.016312480000000000e+02
5.250857951124926500e-02 3.220451125000000000e+03 1.807350480000000100e+02 2.713145500000000100e+03 7.904563199999999800e+01 5.073056250000000200e+02 1.016894159999999900e+02
5.257637120265313400e-02 3.220116531249999800e+03 1.807737680000000200e+02 2.713356749999999900e+03 7.903286400000000400e+01 5.067597812500000000e+02 1.017409040000000000e+02
5.272888945024270500e-02 3.220408406250000100e+03 1.806968400000000100e+02 2.713814249999999900e+03 7.896493599999999400e+01 5.065941562500000300e+02 1.017319040000000000e+02
5.307206711449181200e-02 3.220391156250000200e+03 1.804310240000000100e+02 2.713811000000000100e+03 7.877509600000000500e+01 5.065801562500000200e+02 1.016559280000000000e+02
5.384421105546601700e-02 3.220393531250000300e+03 1.798887680000000000e+02 2.713871250000000100e+03 7.837234399999999800e+01 5.065222812499999900e+02 1.015164240000000000e+02
5.558153202086483400e-02 3.220393624999999700e+03 1.785958959999999800e+02 2.713534999999999900e+03 7.743479200000000200e+01 5.068586250000000200e+02 1.011611039999999900e+02
5.773146475683549300e-02 3.220393312499999900e+03 1.770592080000000100e+02 2.712496749999999800e+03 7.632133600000000200e+01 5.078965625000000200e+02 1.007378720000000000e+02
5.894080445988799500e-02 3.220393781249999800e+03 1.762269999999999800e+02 2.711761000000000000e+03 7.572298399999999700e+01 5.086327812499999900e+02 1.005040159999999900e+02
5.925000793002030400e-02 3.220393593750000000e+03 1.760179440000000000e+02 2.711578500000000100e+03 7.557255200000000200e+01 5.088150937500000200e+02 1.004453920000000000e+02
5.942393560741800900e-02 3.220393093749999900e+03 1.758994559999999900e+02 2.711465999999999900e+03 7.548665599999999600e+01 5.089270937499999800e+02 1.004128000000000000e+02
5.952177246502322900e-02 3.220393749999999700e+03 1.758315920000000000e+02 2.711398999999999900e+03 7.543720000000000400e+01 5.089947500000000100e+02 1.003943920000000000e+02
5.957680207018472400e-02 3.220393437499999900e+03 1.757921120000000000e+02 2.711357500000000100e+03 7.540829600000000700e+01 5.090359374999999900e+02 1.003838160000000000e+02
5.960775839943293500e-02 3.220393718750000100e+03 1.757690400000000200e+02 2.711332750000000000e+03 7.539136000000000600e+01 5.090609687499999700e+02 1.003776800000000000e+02
5.964606787250518300e-02 3.220401843749999900e+03 1.757324720000000000e+02 2.711292750000000100e+03 7.536461599999999800e+01 5.091090937500000000e+02 1.003678560000000000e+02
5.965145360057836500e-02 3.220409937500000100e+03 1.757246240000000100e+02 2.711284000000000100e+03 7.535931999999999700e+01 5.091259375000000200e+02 1.003653039999999900e+02
5.965448307261952300e-02 3.220419468750000300e+03 1.757188720000000000e+02 2.711277500000000100e+03 7.535568000000000700e+01 5.091419687499999900e+02 1.003631920000000000e+02
5.965758218769611600e-02 3.220441312500000100e+03 1.757102720000000000e+02 2.711267750000000000e+03 7.535071200000000100e+01 5.091735625000000000e+02 1.003595600000000000e+02
5.965932326358183700e-02 3.220464218749999900e+03 1.757033840000000000e+02 2.711260249999999800e+03 7.534703199999999900e+01 5.092039687500000000e+02 1.003563520000000000e+02
5.966324648791101300e-02 3.220514500000000200e+03 1.756802559999999900e+02 2.711226500000000200e+03 7.533416800000000500e+01 5.092880000000000100e+02 1.003460879999999900e+02
5.967207374265164100e-02 3.220420312500000400e+03 1.756632480000000100e+02 2.711175000000000200e+03 7.531981600000000300e+01 5.092453125000000100e+02 1.003434320000000100e+02
5.969192781133519900e-02 3.220398468750000100e+03 1.756671200000000100e+02 2.711190250000000100e+03 7.531864000000000200e+01 5.092082187500000100e+02 1.003484800000000000e+02
5.973660381856291800e-02 3.220345531250000000e+03 1.756467280000000000e+02 2.711170999999999800e+03 7.529840799999999500e+01 5.091745312499999700e+02 1.003483200000000000e+02
5.975042796109558000e-02 3.220360999999999900e+03 1.756295680000000100e+02 2.711160249999999900e+03 7.528615200000000100e+01 5.092007500000000300e+02 1.003434160000000000e+02
5.975396234514360900e-02 3.220377468749999900e+03 1.756223919999999900e+02 2.711155999999999900e+03 7.528169599999999700e+01 5.092214687499999900e+02 1.003406959999999900e+02
5.976191325835508700e-02 3.220701874999999700e+03 1.754979920000000100e+02 2.710983499999999800e+03 7.521787200000000000e+01 5.097183749999999800e+02 1.002801200000000000e+02
5.976638782338140200e-02 3.220587656249999800e+03 1.754587200000000000e+02 2.710885249999999800e+03 7.518912799999999700e+01 5.097024062500000200e+02 1.002695920000000000e+02
5.977645124200089300e-02 3.220518343750000000e+03 1.754665599999999900e+02 2.710876749999999900e+03 7.519072799999999300e+01 5.096415937500000300e+02 1.002758319999999900e+02
5.979909103210161200e-02 3.220354281250000000e+03 1.754986640000000200e+02 2.710851000000000100e+03 7.520395200000000100e+01 5.095032812499999900e+02 1.002947120000000000e+02
5.982138260702518600e-02 3.220308000000000000e+03 1.754912400000000000e+02 2.710845499999999900e+03 7.519329600000000400e+01 5.094624999999999800e+02 1.002979440000000000e+02
5.982532324211321100e-02 3.220310125000000000e+03 1.754877680000000200e+02 2.710843750000000000e+03 7.519047200000000000e+01 5.094663750000000300e+02 1.002972960000000000e+02
5.982935093099552700e-02 3.220334468749999800e+03 1.754797759999999900e+02 2.710838999999999900e+03 7.518569599999999300e+01 5.094954687499999900e+02 1.002940799999999900e+02
5.983433621161499100e-02 3.220389812500000100e+03 1.754583360000000000e+02 2.710812750000000100e+03 7.517388800000000500e+01 5.095770625000000100e+02 1.002844480000000000e+02
5.983714514737729200e-02 3.220403281250000000e+03 1.754442320000000000e+02 2.710786999999999800e+03 7.516547199999999400e+01 5.096162812499999900e+02 1.002787600000000100e+02
5.984001211900245200e-02 3.220446750000000100e+03 1.754243040000000100e+02 2.710758249999999900e+03 7.515466399999999700e+01 5.096884999999999800e+02 1.002696400000000000e+02
5.984162551598989200e-02 3.220525968749999700e+03 1.754052480000000000e+02 2.710738249999999900e+03 7.514604799999999300e+01 5.097877187500000100e+02 1.002592000000000100e+02
5.984525856100477600e-02 3.221123000000000000e+03 1.752580800000000100e+02 2.710567000000000000e+03 7.508444000000000100e+01 5.105559999999999800e+02 1.001736400000000100e+02
5.985343001049511100e-02 3.220657718750000200e+03 1.751415040000000000e+02 2.710145250000000000e+03 7.499983199999999800e+01 5.105124687499999800e+02 1.001416720000000000e+02
5.987180996826209400e-02 3.220389406249999900e+03 1.752202320000000100e+02 2.710108499999999800e+03 7.504155199999999600e+01 5.102809062499999900e+02 1.001786800000000000e+02
5.991317212772064700e-02 3.220158906250000200e+03 1.753042560000000100e+02 2.710284500000000200e+03 7.507172799999999300e+01 5.098744062499999900e+02 1.002325280000000000e+02
6.000623263381268900e-02 3.220423906250000100e+03 1.752691360000000000e+02 2.710739500000000100e+03 7.502516000000000000e+01 5.096844062499999900e+02 1.002439760000000000e+02
6.021561441983006000e-02 3.220393125000000100e+03 1.751259120000000000e+02 2.710722000000000200e+03 7.490938400000000300e+01 5.096711250000000200e+02 1.002165280000000000e+02
6.068673794733486100e-02 3.220393906249999900e+03 1.748247519999999900e+02 2.710503749999999900e+03 7.468141599999999900e+01 5.098901562500000200e+02 1.001433360000000100e+02
6.174675717884123300e-02 3.220393593750000000e+03 1.741417199999999900e+02 2.709656750000000100e+03 7.418951199999999300e+01 5.107368437499999900e+02 9.995220799999999900e+01
6.413179319524772700e-02 3.220393468750000000e+03 1.725962800000000100e+02 2.707358000000000200e+03 7.309649600000000200e+01 5.130354687499999500e+02 9.949978400000000500e+01
6.708328244748879000e-02 3.220393156250000200e+03 1.707149360000000200e+02 2.703580750000000100e+03 7.184656800000000500e+01 5.168124062499999800e+02 9.886836800000000400e+01
7.000000241429189800e-02 3.220393531249999800e+03 1.687549119999999900e+02 2.698282749999999900e+03 7.064380800000000700e+01 5.221107812499999500e+02 9.811110399999999700e+01
