0.000000000000000000e+00 0.000000000000000000e+00 0.000000000000000000e+00 0.000000000000000000e+00 0.000000000000000000e+00 0.000000000000000000e+00 0.000000000000000000e+00
-1.249385686927862900e-07 1.466701062500000000e+03 -3.001162109375001200e-04 7.664236875000000300e+02 1.153422485351562400e-03 7.002773750000000100e+02 -1.453538696289062500e-03
1.399877598288586300e-03 1.466699000000000100e+03 3.231494100000000500e+01 7.561306875000000200e+02 1.141850900000000000e+01 7.105683125000000500e+02 2.089643200000000100e+01
2.843630037319383900e-03 1.466661999999999800e+03 6.176818400000000500e+01 7.630199374999999700e+02 2.311169599999999800e+01 7.036420624999999500e+02 3.865648800000000300e+01
3.655741066286415700e-03 1.466674500000000100e+03 7.326228799999999800e+01 7.833411250000000300e+02 2.878849999999999900e+01 6.833333750000000500e+02 4.447378799999999900e+01
3.863382979918166800e-03 1.466688937500000100e+03 7.581934599999999600e+01 7.893328749999999400e+02 3.002966599999999900e+01 6.773560625000000100e+02 4.578967999999999700e+01
3.980181592724699400e-03 1.466690000000000100e+03 7.720080600000000000e+01 7.928256249999999500e+02 3.068643000000000100e+01 6.738643750000000000e+02 4.651437599999999900e+01
4.111579922966031500e-03 1.466689750000000000e+03 7.871661799999999700e+01 7.968068124999999800e+02 3.140041400000000100e+01 6.698829375000000300e+02 4.731620399999999900e+01
4.177279233641385600e-03 1.466693562500000100e+03 7.946325799999999600e+01 7.988093750000000500e+02 3.174921799999999900e+01 6.678841875000000500e+02 4.771403999999999700e+01
4.325102537106244800e-03 1.466698812500000000e+03 8.110107800000000100e+01 8.033860624999999800e+02 3.248653000000000200e+01 6.633127500000000500e+02 4.861454799999999900e+01
4.408252981556204000e-03 1.466714187500000000e+03 8.196247999999999900e+01 8.062778124999999800e+02 3.280661599999999800e+01 6.604363750000000000e+02 4.915586400000000100e+01
4.511151703868301900e-03 1.466666375000000000e+03 8.305368400000000400e+01 8.096540000000000000e+02 3.324889600000000200e+01 6.570123750000000200e+02 4.980478800000000200e+01
4.616389198908730000e-03 1.466691124999999800e+03 8.411654000000000100e+01 8.131343124999999600e+02 3.368997999999999800e+01 6.535568124999999800e+02 5.042656000000000200e+01
4.746620762770284400e-03 1.466679937500000100e+03 8.539300399999999100e+01 8.175531250000000200e+02 3.420763199999999700e+01 6.491268125000000300e+02 5.118537200000000100e+01
4.879811744550209200e-03 1.466694999999999900e+03 8.666620800000001200e+01 8.221706249999999700e+02 3.470970400000000200e+01 6.445243749999999600e+02 5.195650400000000200e+01
4.954731653607081200e-03 1.466693562500000100e+03 8.737082799999998900e+01 8.247788124999999600e+02 3.498259999999999800e+01 6.419147500000000300e+02 5.238822799999999800e+01
5.123302031203796200e-03 1.466692749999999900e+03 8.892589599999999500e+01 8.305421874999999500e+02 3.559048800000000100e+01 6.361505624999999800e+02 5.333540800000000100e+01
5.331907516870743600e-03 1.466694375000000000e+03 9.076166000000000600e+01 8.376126249999999800e+02 3.627937599999999900e+01 6.290817500000000600e+02 5.448228400000000000e+01
5.361242608709650000e-03 1.466714125000000000e+03 9.099754400000000500e+01 8.386788125000000500e+02 3.635302000000000100e+01 6.280353125000000300e+02 5.464452399999999700e+01
5.368742750677869800e-03 1.466728500000000200e+03 9.105442800000000100e+01 8.389705000000000200e+02 3.636810799999999900e+01 6.277580000000000400e+02 5.468632000000000200e+01
5.385618943434495500e-03 1.466822874999999800e+03 9.116092000000000400e+01 8.397631874999999600e+02 3.637821600000000200e+01 6.270596875000000000e+02 5.478270400000000300e+01
5.423590086027525200e-03 1.466653499999999900e+03 9.148316800000000600e+01 8.410611874999999600e+02 3.648084800000000200e+01 6.255923125000000500e+02 5.500231999999999700e+01
5.509024865752466600e-03 1.466670250000000100e+03 9.221000799999998800e+01 8.440698750000000200e+02 3.673161199999999800e+01 6.226003749999999900e+02 5.547839599999999600e+01
5.701253702352335900e-03 1.466701687499999900e+03 9.374221599999999900e+01 8.508553124999999700e+02 3.720479999999999900e+01 6.158463749999999700e+02 5.653741600000000000e+01
6.133767711373912900e-03 1.466691812500000200e+03 9.700148400000000500e+01 8.661960000000000300e+02 3.813334400000000100e+01 6.004958125000000600e+02 5.886813999999999700e+01
6.669004321534991400e-03 1.466689625000000000e+03 1.006253720000000000e+02 8.853691250000000500e+02 3.903619599999999700e+01 5.813205000000000400e+02 6.158917600000000200e+01
7.216405228089646500e-03 1.466695375000000000e+03 1.040320480000000000e+02 9.045439999999999800e+02 3.980247599999999900e+01 5.621513750000000300e+02 6.422957200000000500e+01
7.524318601913358900e-03 1.466697187499999900e+03 1.058319840000000100e+02 9.150232499999999600e+02 4.018010799999999700e+01 5.516739374999999700e+02 6.565187600000000100e+01
7.697519365247790200e-03 1.466695750000000100e+03 1.068071920000000100e+02 9.208607500000000500e+02 4.037212000000000200e+01 5.458350000000000400e+02 6.643507200000000500e+01
8.087222247187763100e-03 1.466692250000000100e+03 1.088867960000000000e+02 9.340101250000000200e+02 4.076921200000000300e+01 5.326821250000000400e+02 6.811758399999999400e+01
8.964053003779261200e-03 1.466696437500000000e+03 1.132229440000000000e+02 9.627790000000000000e+02 4.162258400000000300e+01 5.039174375000000100e+02 7.160035999999999500e+01
1.093692104167262900e-02 1.466697093750000000e+03 1.215205239999999900e+02 1.021100125000000000e+03 4.319946800000000300e+01 4.455969687499999700e+02 7.832105599999999900e+01
1.337834708711021000e-02 1.466700468750000000e+03 1.281169040000000100e+02 1.075970875000000000e+03 4.482339199999999800e+01 3.907295937499999900e+02 8.329351200000000700e+01
1.475164858267275500e-02 1.466699218750000000e+03 1.305496800000000000e+02 1.099452250000000000e+03 4.560041600000000300e+01 3.672469687500000100e+02 8.494926399999999900e+01
1.615616166111313900e-02 1.466700156250000000e+03 1.324339919999999900e+02 1.119324374999999900e+03 4.620248000000000100e+01 3.473757812499999900e+02 8.623151199999999500e+01
1.657751570108900400e-02 1.466701093750000200e+03 1.328801839999999900e+02 1.124403250000000100e+03 4.636442400000000000e+01 3.422978437500000300e+02 8.651576000000000000e+01
1.677502526177300500e-02 1.466700187500000100e+03 1.330803480000000100e+02 1.126687625000000000e+03 4.643628400000000100e+01 3.400125625000000000e+02 8.664406400000000000e+01
1.683612911983578500e-02 1.466699468749999800e+03 1.331410080000000000e+02 1.127386749999999900e+03 4.645792800000000300e+01 3.393127187499999900e+02 8.668308000000000400e+01
1.687050098610157200e-02 1.466699156250000000e+03 1.331746839999999800e+02 1.127776875000000000e+03 4.646986799999999800e+01 3.389222812500000300e+02 8.670481599999999400e+01
1.687928899595006800e-02 1.466699499999999900e+03 1.331830520000000000e+02 1.127875749999999900e+03 4.647276399999999800e+01 3.388237500000000200e+02 8.671028800000000600e+01
1.689906230921856000e-02 1.466700906250000100e+03 1.331995479999999900e+02 1.128096500000000100e+03 4.647743599999999700e+01 3.386044062500000100e+02 8.672211199999999600e+01
1.693465450598934800e-02 1.466764343750000100e+03 1.331906040000000100e+02 1.128600250000000000e+03 4.644189999999999700e+01 3.381640937500000100e+02 8.674870400000000400e+01
1.697914416973407600e-02 1.466664374999999800e+03 1.332551400000000100e+02 1.129046499999999900e+03 4.646988400000000000e+01 3.376178750000000300e+02 8.678525600000000400e+01
1.707924620426909400e-02 1.466685218749999900e+03 1.333464599999999800e+02 1.130190625000000000e+03 4.649471599999999700e+01 3.364945937499999800e+02 8.685174399999999700e+01
1.713555374424972900e-02 1.466746906249999900e+03 1.333846320000000100e+02 1.130901249999999900e+03 4.649208000000000100e+01 3.358456562499999900e+02 8.689255199999999500e+01
1.726224570920615800e-02 1.466676281249999900e+03 1.335091640000000000e+02 1.132242999999999900e+03 4.653190000000000000e+01 3.344332812499999900e+02 8.697726400000000500e+01
1.733350928449805700e-02 1.466691750000000000e+03 1.335708679999999900e+02 1.132989125000000100e+03 4.655383599999999700e+01 3.337026250000000100e+02 8.701703200000000000e+01
1.749385349334232600e-02 1.466706843750000000e+03 1.336889319999999900e+02 1.134668625000000000e+03 4.657617200000000000e+01 3.320382187500000000e+02 8.711275999999999400e+01
1.785462883657006100e-02 1.466699125000000100e+03 1.339933240000000000e+02 1.138172000000000000e+03 4.669548400000000000e+01 3.285271250000000100e+02 8.729783999999999400e+01
1.830108698471125500e-02 1.466698718749999900e+03 1.343274640000000200e+02 1.142352500000000000e+03 4.680176000000000200e+01 3.243462187499999900e+02 8.752570400000000500e+01
1.875769320570651300e-02 1.466702437500000100e+03 1.346274200000000000e+02 1.146497875000000000e+03 4.686286799999999900e+01 3.202045625000000100e+02 8.776455199999999500e+01
1.930561927357581800e-02 1.466694250000000000e+03 1.349594080000000000e+02 1.151125125000000000e+03 4.692413599999999700e+01 3.155691249999999900e+02 8.803527200000000600e+01
1.999052744063120300e-02 1.466700374999999900e+03 1.353264040000000000e+02 1.156363374999999900e+03 4.700692399999999800e+01 3.103369999999999900e+02 8.831947999999999900e+01
2.037578857570922900e-02 1.466699937500000000e+03 1.355004240000000100e+02 1.159090750000000100e+03 4.703525599999999700e+01 3.076091875000000200e+02 8.846516800000000600e+01
2.085254888103704000e-02 1.466703375000000100e+03 1.356829760000000000e+02 1.162247000000000100e+03 4.704943200000000300e+01 3.044563749999999800e+02 8.863354400000000100e+01
2.097444685678633700e-02 1.466701656250000000e+03 1.357236560000000100e+02 1.163002125000000000e+03 4.705068000000000000e+01 3.036995312500000100e+02 8.867297600000000600e+01
2.101216065869080900e-02 1.466705781250000200e+03 1.357352880000000000e+02 1.163233625000000100e+03 4.705035999999999800e+01 3.034721562500000100e+02 8.868492799999999900e+01
2.103337438115270400e-02 1.466708906249999900e+03 1.357412720000000100e+02 1.163364000000000000e+03 4.704956800000000100e+01 3.033449062500000100e+02 8.869170400000000100e+01
2.104530520782657200e-02 1.466711812500000000e+03 1.357442399999999900e+02 1.163438750000000000e+03 4.704860800000000200e+01 3.032730624999999800e+02 8.869563200000000300e+01
2.105201702560406300e-02 1.466716124999999900e+03 1.357454600000000100e+02 1.163483375000000000e+03 4.704754799999999900e+01 3.032327500000000100e+02 8.869791200000000200e+01
2.105888254913218500e-02 1.467052593750000100e+03 1.356929999999999800e+02 1.163765750000000000e+03 4.700527999999999900e+01 3.032868437500000000e+02 8.868771999999999900e+01
2.106711978004092300e-02 1.466927937500000100e+03 1.356886639999999900e+02 1.163747125000000100e+03 4.698966399999999800e+01 3.031808125000000000e+02 8.869899999999999800e+01
2.108256487910418700e-02 1.466809499999999800e+03 1.357353640000000000e+02 1.163792250000000000e+03 4.701226799999999900e+01 3.030172499999999900e+02 8.872309599999999800e+01
2.111731635199653000e-02 1.466716812499999800e+03 1.357616160000000000e+02 1.163977124999999900e+03 4.701820800000000100e+01 3.027396875000000000e+02 8.874340800000000200e+01
2.119550833044180400e-02 1.466593281250000000e+03 1.357928000000000000e+02 1.164365000000000000e+03 4.702217600000000200e+01 3.022282812500000100e+02 8.877062399999999800e+01
2.137144086416242400e-02 1.466712437499999900e+03 1.358402520000000200e+02 1.165456375000000000e+03 4.701873200000000000e+01 3.012560624999999800e+02 8.882152000000000700e+01
2.176728440728379800e-02 1.466698281250000000e+03 1.359222519999999900e+02 1.167557749999999900e+03 4.699054799999999700e+01 2.991405312499999800e+02 8.893170399999999600e+01
2.225714230566525400e-02 1.466699750000000000e+03 1.360132400000000000e+02 1.169930000000000100e+03 4.696671200000000100e+01 2.967697499999999900e+02 8.904652799999999500e+01
2.275813455546732100e-02 1.466700187499999900e+03 1.360880960000000100e+02 1.172233999999999900e+03 4.692488800000000300e+01 2.944661874999999900e+02 8.916320799999999700e+01
2.388536595308446100e-02 1.466698468750000100e+03 1.361852720000000000e+02 1.176751250000000000e+03 4.677932800000000000e+01 2.899472187499999900e+02 8.940594400000000500e+01
2.451943244980659900e-02 1.466699843749999900e+03 1.362316920000000100e+02 1.179058624999999900e+03 4.670853999999999900e+01 2.876412187500000100e+02 8.952315199999999600e+01
2.594608264965015500e-02 1.466699937500000000e+03 1.363806400000000000e+02 1.183577000000000000e+03 4.662357600000000000e+01 2.831229374999999800e+02 8.975706400000000000e+01
2.674857338706215800e-02 1.466699843749999900e+03 1.364976560000000100e+02 1.185902499999999900e+03 4.661702400000000100e+01 2.807973437499999800e+02 8.988063200000000600e+01
2.855418045733292700e-02 1.466699656250000100e+03 1.367977520000000000e+02 1.190377375000000000e+03 4.664920800000000200e+01 2.763222812500000000e+02 9.014854400000000100e+01
2.956983312436803700e-02 1.466709343750000000e+03 1.369767840000000100e+02 1.192476500000000000e+03 4.669746399999999700e+01 2.742328437499999700e+02 9.027931999999999800e+01
3.185505104297829000e-02 1.466699718750000100e+03 1.373647000000000000e+02 1.195703375000000100e+03 4.685254799999999900e+01 2.709963437499999900e+02 9.051215200000000000e+01
3.699679485316387900e-02 1.466700156250000000e+03 1.382571519999999900e+02 1.198743750000000100e+03 4.720159199999999800e+01 2.679564062499999900e+02 9.105556000000000000e+01
3.988902705638545900e-02 1.466699843750000100e+03 1.388507840000000000e+02 1.199358625000000100e+03 4.741431999999999600e+01 2.673412187500000000e+02 9.143646400000000100e+01
4.346816327254560100e-02 1.466699812500000000e+03 1.395361560000000100e+02 1.198733250000000000e+03 4.761359600000000100e+01 2.679665625000000100e+02 9.192256000000000400e+01
4.548142448304191800e-02 1.466700906250000100e+03 1.399302240000000100e+02 1.198112875000000000e+03 4.774819999999999700e+01 2.685880312499999700e+02 9.218202399999999800e+01
4.754044342972565300e-02 1.466700312500000100e+03 1.402921240000000000e+02 1.197029125000000000e+03 4.785738800000000000e+01 2.696711874999999700e+02 9.243473600000000100e+01
4.817745595333486300e-02 1.466699187500000100e+03 1.404031760000000000e+02 1.196662375000000100e+03 4.788346399999999600e+01 2.700368125000000000e+02 9.251971199999999800e+01
4.853577200455253000e-02 1.466698343749999800e+03 1.404651800000000000e+02 1.196450499999999900e+03 4.789734000000000000e+01 2.702478437500000200e+02 9.256784000000000400e+01
4.873732682112809400e-02 1.466699875000000000e+03 1.404965240000000200e+02 1.196319375000000000e+03 4.790233200000000100e+01 2.703804999999999800e+02 9.259419200000000700e+01
4.885070111434247600e-02 1.466698218750000000e+03 1.405017800000000000e+02 1.196202250000000000e+03 4.789643600000000100e+01 2.704959687499999700e+02 9.260534400000000200e+01
4.896665114331740600e-02 1.466699968749999900e+03 1.405026920000000000e+02 1.196076499999999900e+03 4.788402000000000000e+01 2.706234687499999700e+02 9.261867200000000400e+01
4.922754103738601100e-02 1.466700718749999900e+03 1.405657160000000100e+02 1.195973000000000000e+03 4.790315600000000300e+01 2.707277187500000100e+02 9.266255999999999900e+01
4.981453864129035300e-02 1.466700312500000100e+03 1.406685800000000200e+02 1.195634375000000100e+03 4.793159599999999900e+01 2.710659375000000200e+02 9.273698400000000700e+01
5.113529023670015200e-02 1.466700031249999900e+03 1.409083400000000100e+02 1.194836624999999900e+03 4.799201999999999700e+01 2.718634062500000300e+02 9.291631999999999900e+01
5.276971800714476400e-02 1.466700343750000000e+03 1.411908200000000000e+02 1.193765500000000000e+03 4.805082000000000200e+01 2.729348437500000300e+02 9.314000000000000100e+01
5.318761133885645900e-02 1.466699343750000000e+03 1.412631399999999900e+02 1.193472749999999900e+03 4.806318799999999700e+01 2.732265937500000100e+02 9.319995199999999600e+01
5.342267400906927600e-02 1.466699531250000100e+03 1.413010240000000100e+02 1.193288250000000100e+03 4.806804000000000300e+01 2.734112812500000000e+02 9.323298400000000200e+01
5.355489821661086500e-02 1.466698718750000100e+03 1.413207199999999900e+02 1.193173250000000100e+03 4.806960000000000100e+01 2.735254687500000200e+02 9.325112000000000000e+01
5.362927782666552400e-02 1.466698124999999900e+03 1.413302679999999900e+02 1.193100124999999900e+03 4.806954000000000300e+01 2.735980000000000100e+02 9.326072800000000000e+01
5.367111373733688500e-02 1.466697000000000100e+03 1.413348440000000000e+02 1.193052625000000000e+03 4.806915600000000000e+01 2.736443750000000300e+02 9.326568799999999700e+01
5.369464469043326600e-02 1.466696156250000100e+03 1.413366760000000100e+02 1.193021125000000000e+03 4.806850000000000000e+01 2.736750312500000200e+02 9.326817599999999700e+01
5.370788201598748800e-02 1.466695343750000100e+03 1.413372640000000000e+02 1.193000125000000000e+03 4.806787200000000100e+01 2.736952187499999800e+02 9.326939199999999600e+01
5.372426332280459000e-02 1.466694687500000100e+03 1.413358600000000000e+02 1.192958125000000100e+03 4.806593999999999800e+01 2.737365624999999900e+02 9.326991999999999900e+01
5.372845064007173600e-02 1.466695656250000000e+03 1.413350279999999900e+02 1.192944375000000000e+03 4.806520400000000100e+01 2.737512812499999800e+02 9.326982400000000000e+01
5.373363471584297800e-02 1.466714843750000000e+03 1.413308680000000100e+02 1.192919249999999900e+03 4.806358000000000200e+01 2.737955937500000200e+02 9.326728799999999400e+01
5.373655046735492000e-02 1.466742343749999900e+03 1.413253839999999900e+02 1.192899124999999900e+03 4.806208800000000300e+01 2.738432187500000100e+02 9.326329599999999700e+01
5.373953142736712800e-02 1.466801406250000100e+03 1.413140200000000000e+02 1.192864000000000000e+03 4.805966000000000100e+01 2.739374062499999800e+02 9.325436000000000500e+01
5.374624324514461900e-02 1.466934656250000000e+03 1.412742920000000000e+02 1.192760125000000000e+03 4.804862800000000100e+01 2.741745312499999700e+02 9.322566399999999500e+01
5.376133901295644700e-02 1.466707156250000000e+03 1.412736800000000100e+02 1.192696500000000000e+03 4.803917599999999800e+01 2.740106562500000100e+02 9.323450400000000100e+01
5.379530332609556300e-02 1.466661468750000000e+03 1.413099919999999900e+02 1.192734375000000000e+03 4.804816799999999700e+01 2.739270937499999800e+02 9.326182400000000400e+01
5.387172303065857600e-02 1.466683437499999900e+03 1.413445920000000100e+02 1.192736500000000000e+03 4.805979200000000200e+01 2.739469374999999900e+02 9.328480000000000400e+01
5.404366387261285600e-02 1.466709281250000000e+03 1.413849040000000100e+02 1.192655749999999900e+03 4.806909600000000200e+01 2.740535312499999900e+02 9.331580800000000400e+01
5.443053658919747700e-02 1.466699218750000000e+03 1.414420920000000000e+02 1.192346875000000000e+03 4.807737999999999800e+01 2.743523437499999900e+02 9.336471199999999700e+01
5.530100020151290000e-02 1.466700187500000100e+03 1.415815999999999800e+02 1.191703000000000000e+03 4.810231199999999800e+01 2.749971875000000000e+02 9.347928799999999700e+01
5.725954682253510400e-02 1.466700937500000000e+03 1.418849759999999900e+02 1.190130375000000000e+03 4.816221600000000100e+01 2.765705624999999900e+02 9.372275999999999400e+01
6.166627671983507300e-02 1.466700437499999900e+03 1.425084919999999900e+02 1.186510624999999900e+03 4.830053999999999800e+01 2.801898125000000200e+02 9.420795200000000600e+01
6.672424856705253000e-02 1.466699906249999900e+03 1.430336279999999900e+02 1.182049250000000000e+03 4.836352399999999800e+01 2.846506562500000000e+02 9.467010399999999500e+01
6.877159053443844500e-02 1.466698875000000000e+03 1.432174880000000000e+02 1.180106250000000000e+03 4.836443200000000100e+01 2.865926250000000000e+02 9.485305599999999500e+01
6.915546831776080100e-02 1.466703937499999900e+03 1.432391920000000000e+02 1.179612750000000000e+03 4.834901599999999900e+01 2.870911874999999900e+02 9.489017599999999700e+01
7.000000223572001900e-02 1.466697812500000100e+03 1.432950400000000000e+02 1.178555625000000000e+03 4.832365600000000000e+01 2.881421874999999800e+02 9.497138400000000000e+01
