0.000000000000000000e+00 0.000000000000000000e+00 0.000000000000000000e+00 0.000000000000000000e+00 0.000000000000000000e+00 0.000000000000000000e+00 0.000000000000000000e+00
-4.334791097083413500e-08 2.573820507812499900e+01 -6.775512695312516800e-07 1.588899511718750000e+01 1.343613433837890600e-04 9.849209960937500300e+00 -1.350388946533203200e-04
8.749571724200812400e-04 2.573885058593749900e+01 1.797274593750000100e+00 1.623520996093750000e+01 3.407539687500000200e-01 9.503640624999999200e+00 1.456520625000000000e+00
1.531207635803172600e-03 2.573839746093749900e+01 3.086669812499999800e+00 1.820837304687500000e+01 4.673900624999999800e-01 7.530024414062499900e+00 2.619279750000000000e+00
1.728082774818100000e-03 2.573824755859374800e+01 3.464056812500000000e+00 1.901548828125000100e+01 4.981428124999999800e-01 6.722759277343749700e+00 2.965914000000000200e+00
2.097223648249007900e-03 2.573825341796875000e+01 4.164405750000000200e+00 2.056496679687500200e+01 5.593662499999999500e-01 5.173286621093749800e+00 3.605039500000000200e+00
2.304865267333083300e-03 2.573824316406249900e+01 4.554365562500000100e+00 2.143308593750000000e+01 5.954923125000000100e-01 4.305157226562499800e+00 3.958873249999999900e+00
2.678620416348374700e-03 2.573824243164062500e+01 5.248673000000000100e+00 2.309199414062500100e+01 6.579675000000000400e-01 2.646248291015624900e+00 4.590705500000000300e+00
2.772059105825549200e-03 2.573841967773437400e+01 5.420200812499999200e+00 2.354514453124999900e+01 6.739398125000000100e-01 2.193275146484375200e+00 4.746260999999999600e+00
2.788118920301201600e-03 2.574065991210937600e+01 5.449382875000000400e+00 2.364214453125000000e+01 6.769973750000000100e-01 2.098515380859375100e+00 4.772385500000000400e+00
2.804543832781433700e-03 2.574866809082031300e+01 5.477003437499999600e+00 2.383265624999999900e+01 6.797994375000000500e-01 1.916011840820312400e+00 4.797203999999999800e+00
2.841499494755361600e-03 2.573447448730468800e+01 5.543265750000000700e+00 2.402994140625000000e+01 6.877102499999999700e-01 1.704533081054687500e+00 4.855555500000000400e+00
2.924649929749996700e-03 2.573851416015624900e+01 5.695205750000000400e+00 2.446131249999999800e+01 7.026827500000000200e-01 1.277201660156249900e+00 4.992523000000000300e+00
3.111738506264573800e-03 2.573821122741699300e+01 6.034406500000000200e+00 2.550979882812500000e+01 7.364530000000000200e-01 2.284123992919922000e-01 5.297953500000000200e+00
3.532687901199020400e-03 2.573818408203125000e+01 6.800365062500000100e+00 2.768220312500000100e+01 7.997315624999999900e-01 -1.944019042968750100e+00 6.000633500000000200e+00
4.053612550099690500e-03 2.573814599609374900e+01 7.743438187500000700e+00 3.027626171875000000e+01 8.766201875000000400e-01 -4.538115722656249900e+00 6.866818000000000300e+00
4.346632738438803600e-03 2.573815771484374800e+01 8.272327499999999400e+00 3.163162109374999900e+01 9.214495000000000300e-01 -5.893463378906250000e+00 7.350877999999999800e+00
4.511456789932851400e-03 2.573816064453125200e+01 8.568494875000000700e+00 3.239743750000000200e+01 9.460813750000000000e-01 -6.659276855468750300e+00 7.622413500000000400e+00
4.534634939954661900e-03 2.573812890624999700e+01 8.609913687499998900e+00 3.250472656249999700e+01 9.494916875000000100e-01 -6.766597656250000100e+00 7.660421999999999600e+00
4.547672869339389500e-03 2.573830810546874700e+01 8.633157937500000000e+00 3.256339843749999800e+01 9.513619374999999800e-01 -6.825090332031249900e+00 7.681796000000000300e+00
4.551006270831651200e-03 2.573848730468750300e+01 8.639069749999999100e+00 3.257800195312500300e+01 9.518197499999999600e-01 -6.839514648437499600e+00 7.687249999999999700e+00
4.555131663174767300e-03 2.574101855468749600e+01 8.646192562499999600e+00 3.259868749999999700e+01 9.522180624999999600e-01 -6.857668945312499700e+00 7.693974500000000400e+00
4.556186477656126700e-03 2.574254980468749900e+01 8.647963749999998800e+00 3.260494531250000000e+01 9.522747499999999500e-01 -6.862395507812499900e+00 7.695688999999999800e+00
4.557491600357015300e-03 2.574713476562499900e+01 8.650014875000000100e+00 3.261540820312500000e+01 9.522168749999999600e-01 -6.868273437500000100e+00 7.697797999999999700e+00
4.558826447158973200e-03 2.576032568359375200e+01 8.651728562500000700e+00 3.263460351562500300e+01 9.518045625000000100e-01 -6.874277832031250300e+00 7.699924000000000200e+00
4.560328296476149000e-03 2.589123486328125200e+01 8.649618500000000800e+00 3.277557812500000300e+01 9.477235000000000500e-01 -6.884343261718750100e+00 7.701895000000000400e+00
4.562130515656758800e-03 2.645896582031250000e+01 8.631030499999999600e+00 3.348392578125000100e+01 9.277410000000000400e-01 -7.024959960937500200e+00 7.703289500000000300e+00
4.562693709150699600e-03 2.663628076171874800e+01 8.623837187499999500e+00 3.375187109374999700e+01 9.200691875000000000e-01 -7.115590332031249700e+00 7.703768000000000200e+00
4.563960894512065700e-03 2.665708105468750200e+01 8.611247937499999900e+00 3.410778125000000200e+01 9.063904375000000300e-01 -7.450700195312499800e+00 7.704857500000000100e+00
4.566811670468547500e-03 2.578047998046875100e+01 8.613115312499999700e+00 3.372607421875000000e+01 9.045133125000000000e-01 -7.945594238281249700e+00 7.708602000000000000e+00
4.570233070944238300e-03 2.568280810546875200e+01 8.627211374999999900e+00 3.371679687500000000e+01 9.094673749999999700e-01 -8.033988769531250200e+00 7.717743999999999700e+00
4.576648001282859200e-03 2.554091943359375000e+01 8.651097937499999400e+00 3.372974609375000200e+01 9.134854375000000000e-01 -8.188826660156250300e+00 7.737612500000000000e+00
4.591081398991461700e-03 2.556108105468749900e+01 8.690706500000001000e+00 3.378973046875000100e+01 9.191055000000000200e-01 -8.228649414062500600e+00 7.771601000000000400e+00
4.623556543835816700e-03 2.577191601562500300e+01 8.753491750000000200e+00 3.393530468750000000e+01 9.278232499999999900e-01 -8.163388671874999500e+00 7.825668499999999900e+00
4.696625424182321500e-03 2.573734863281249800e+01 8.877446562499999400e+00 3.412492187499999800e+01 9.430490624999999800e-01 -8.387573242187500000e+00 7.934397500000000200e+00
4.861030991621842500e-03 2.573808984374999700e+01 9.173150624999999900e+00 3.480990624999999700e+01 9.750021250000000500e-01 -9.071816406250000900e+00 8.198148500000000300e+00
5.230943518360768400e-03 2.573818359375000100e+01 9.831969937500000300e+00 3.635304296875000300e+01 1.045186937500000000e+00 -1.061485937500000000e+01 8.786782999999999800e+00
6.063246507970053600e-03 2.573818847656249900e+01 1.113132462500000000e+01 4.075059765625000100e+01 1.202900625000000100e+00 -1.501240917968750000e+01 9.928423999999999700e+00
6.531417135178573500e-03 2.573825976562499900e+01 1.166952712500000000e+01 4.358038281249999800e+01 1.297682124999999900e+00 -1.784212304687499900e+01 1.037184500000000000e+01
7.110777802354706500e-03 2.573865234374999700e+01 1.218634924999999900e+01 4.710622656249999800e+01 1.413245249999999900e+00 -2.136757421875000100e+01 1.077310400000000000e+01
7.703306637411041500e-03 2.573820117187500100e+01 1.259004300000000100e+01 5.048780859375000300e+01 1.528059000000000100e+00 -2.474960742187500200e+01 1.106198400000000100e+01
9.036495147414721300e-03 2.573825976562499900e+01 1.320587825000000000e+01 5.715038281249999800e+01 1.740787249999999900e+00 -3.141212304687499900e+01 1.146509099999999900e+01
9.448949902702190700e-03 2.573817968750000100e+01 1.334323200000000000e+01 5.892392968749999900e+01 1.793733000000000000e+00 -3.318574999999999900e+01 1.154949900000000100e+01
9.680955898104689300e-03 2.573826562499999700e+01 1.341405724999999900e+01 5.985824218749999700e+01 1.820617250000000000e+00 -3.411997656250000000e+01 1.159343999999999900e+01
9.740275817280366300e-03 2.573839062500000100e+01 1.343115412499999900e+01 6.009281250000000100e+01 1.826711125000000100e+00 -3.435442187500000000e+01 1.160444300000000000e+01
9.773643467369981500e-03 2.573931249999999700e+01 1.344001787500000100e+01 6.022753906250000000e+01 1.829273874999999900e+00 -3.448822656250000300e+01 1.161074400000000000e+01
9.783966334786000800e-03 2.574147656250000400e+01 1.344236412499999900e+01 6.027171093750000400e+01 1.829675125000000100e+00 -3.453023437499999900e+01 1.161268900000000000e+01
9.789772703265892100e-03 2.575198437500000600e+01 1.344271449999999900e+01 6.030198437500000400e+01 1.829197500000000000e+00 -3.454999999999999700e+01 1.161351700000000000e+01
9.791257343892976000e-03 2.575944531249999900e+01 1.344246500000000000e+01 6.031193359374999800e+01 1.828881999999999900e+00 -3.455248828125000000e+01 1.161358300000000000e+01
9.792092747575654700e-03 2.576691406250000000e+01 1.344212512499999900e+01 6.031887890624999900e+01 1.828607125000000000e+00 -3.455196484375000000e+01 1.161351799999999900e+01
9.793971623648496000e-03 2.595761718749999900e+01 1.343238250000000100e+01 6.040383203124999800e+01 1.824083500000000000e+00 -3.444621484374999900e+01 1.160829900000000100e+01
9.796226744263815400e-03 2.619725781250000600e+01 1.341250712500000100e+01 6.054249218750000200e+01 1.811867125000000000e+00 -3.434523437499999700e+01 1.160064000000000000e+01
9.799045058373078200e-03 2.589203515624999600e+01 1.341185450000000000e+01 6.044011328124999900e+01 1.808038500000000100e+00 -3.454807812500000400e+01 1.160381600000000000e+01
9.805387242885398000e-03 2.571897656250000400e+01 1.342376137500000200e+01 6.046035937500000300e+01 1.811432375000000100e+00 -3.474138281249999900e+01 1.161232900000000100e+01
9.819655593611748300e-03 2.560832421874999900e+01 1.343365175000000100e+01 6.051960546875000100e+01 1.813938749999999900e+00 -3.491128125000000200e+01 1.161971300000000100e+01
9.851760751619111800e-03 2.574469140625000600e+01 1.344752512500000000e+01 6.072814453125000300e+01 1.817484125000000000e+00 -3.498345312499999700e+01 1.163004100000000000e+01
9.923997357135682500e-03 2.573983593750000400e+01 1.346554474999999900e+01 6.101508203125000300e+01 1.821826750000000100e+00 -3.527524609374999900e+01 1.164371800000000000e+01
1.008652874178148100e-02 2.573790234375000100e+01 1.351144800000000000e+01 6.163319921875000100e+01 1.838669000000000100e+00 -3.589529687500000000e+01 1.167277900000000000e+01
1.045222513944771100e-02 2.573799218750000500e+01 1.360437037500000000e+01 6.297291015625000200e+01 1.876527375000000000e+00 -3.723491796874999700e+01 1.172784300000000000e+01
1.090477457822464300e-02 2.573812500000000400e+01 1.370326712500000000e+01 6.451557812500000500e+01 1.921474125000000000e+00 -3.877745312500000100e+01 1.178179300000000000e+01
1.115933334420672300e-02 2.573819921875000500e+01 1.375555324999999800e+01 6.533064453125000200e+01 1.946776250000000100e+00 -3.959244531249999700e+01 1.180877699999999900e+01
1.141967814112585700e-02 2.573829687500000300e+01 1.380451275000000100e+01 6.614244531250000100e+01 1.968676750000000000e+00 -4.040414843749999800e+01 1.183583600000000000e+01
1.153683333885012700e-02 2.573785156249999100e+01 1.382409500000000000e+01 6.651175781249999400e+01 1.975805000000000000e+00 -4.077390625000000300e+01 1.184829000000000000e+01
1.168327694489887000e-02 2.573819531249999700e+01 1.384886137499999800e+01 6.696314843749999600e+01 1.985756375000000000e+00 -4.122495312499999900e+01 1.186310499999999900e+01
1.186450087805119600e-02 2.573828906250000200e+01 1.388027612500000000e+01 6.750307812500000200e+01 1.999983125000000000e+00 -4.176478906250000000e+01 1.188029300000000000e+01
1.204984394584115000e-02 2.573814062499999300e+01 1.391066262500000100e+01 6.806100781249999400e+01 2.012556625000000200e+00 -4.232286718750000200e+01 1.189810600000000000e+01
1.246686526170865700e-02 2.573812500000000400e+01 1.397827275000000000e+01 6.923766406250000200e+01 2.042510749999999900e+00 -4.349953906249999800e+01 1.193576200000000000e+01
1.293601404650630500e-02 2.573813281249999800e+01 1.405047125000000100e+01 7.046846875000000000e+01 2.074734250000000100e+00 -4.473033593750000100e+01 1.197573700000000100e+01
1.306502994277032800e-02 2.573825781250000200e+01 1.406935024999999900e+01 7.078739843750000200e+01 2.083010250000000100e+00 -4.504914062500000000e+01 1.198634000000000000e+01
1.313760211774370400e-02 2.573827734375000600e+01 1.407939987500000000e+01 7.095985156250000600e+01 2.087344874999999900e+00 -4.522157421875000000e+01 1.199205500000000100e+01
1.315615777894267800e-02 2.573863281250000100e+01 1.408175050000000000e+01 7.100105468750000200e+01 2.088350500000000200e+00 -4.526242187500000100e+01 1.199339999999999900e+01
1.316189765930175800e-02 2.573939062500000600e+01 1.408239300000000000e+01 7.101300000000000500e+01 2.088629000000000100e+00 -4.527360937499999900e+01 1.199376400000000100e+01
1.316659406727067400e-02 2.577225781249999400e+01 1.408102525000000000e+01 7.102977343749999800e+01 2.087977249999999800e+00 -4.525751562500000300e+01 1.199304800000000000e+01
1.317246535944500600e-02 2.574373046875000200e+01 1.408169099999999900e+01 7.103210937500000500e+01 2.088327000000000000e+00 -4.528837890625000300e+01 1.199336400000000000e+01
1.318567537573065900e-02 2.572598828124999700e+01 1.408353712499999900e+01 7.105089843749999500e+01 2.089257125000000000e+00 -4.532491015624999900e+01 1.199428000000000000e+01
1.321539634794700900e-02 2.573544531249999100e+01 1.408763675000000000e+01 7.111875781249999300e+01 2.091060750000000000e+00 -4.538331250000000200e+01 1.199657599999999900e+01
1.328227088207335100e-02 2.573890624999999900e+01 1.409726962500000100e+01 7.128194531250000000e+01 2.094894624999999800e+00 -4.554303906250000000e+01 1.200237500000000100e+01
1.343273741053784000e-02 2.573825781249999500e+01 1.411790399999999900e+01 7.164696093749999800e+01 2.103281000000000000e+00 -4.590870312500000200e+01 1.201462300000000000e+01
1.361894013061923900e-02 2.573801562499999600e+01 1.414300424999999900e+01 7.208647656249999600e+01 2.113728249999999900e+00 -4.634846093750000100e+01 1.202927599999999900e+01
1.380937618846342700e-02 2.573892968749999700e+01 1.416790849999999900e+01 7.252375781249999400e+01 2.124104500000000100e+00 -4.678482812499999700e+01 1.204380400000000000e+01
1.391649559101094600e-02 2.573835156249999300e+01 1.418120350000000100e+01 7.278205468749999300e+01 2.128870500000000100e+00 -4.704370312500000000e+01 1.205233300000000100e+01
1.402194105734036500e-02 2.573884375000000800e+01 1.419398050000000000e+01 7.299103125000000600e+01 2.133844499999999900e+00 -4.725218749999999800e+01 1.206013600000000000e+01
1.404058276198980400e-02 2.573908203125000000e+01 1.419599500000000000e+01 7.302650781250000000e+01 2.134488000000000200e+00 -4.728742578125000100e+01 1.206150700000000100e+01
1.405964686175969500e-02 2.573986718750000300e+01 1.419772800000000000e+01 7.306196093750000400e+01 2.134818999999999800e+00 -4.732209375000000100e+01 1.206290899999999900e+01
1.407037100454014900e-02 2.574081250000000400e+01 1.419847549999999900e+01 7.308129687500000700e+01 2.134780500000000200e+00 -4.734048437500000300e+01 1.206369499999999900e+01
1.408364203345431400e-02 2.576469531249999500e+01 1.419665799999999900e+01 7.310567187499999900e+01 2.132776999999999900e+00 -4.734097656250000300e+01 1.206388100000000000e+01
1.408550839411617900e-02 2.579623046874998900e+01 1.419459100000000100e+01 7.311185156249999300e+01 2.131699999999999900e+00 -4.731562109375000300e+01 1.206289100000000000e+01
1.408684441423791600e-02 2.587126171874999900e+01 1.419028625000000000e+01 7.312149999999999700e+01 2.129957249999999900e+00 -4.725023828124999900e+01 1.206032899999999900e+01
1.408802555614882000e-02 2.600976171875000600e+01 1.418196874999999900e+01 7.314232812500000600e+01 2.126467750000000200e+00 -4.713256640625000000e+01 1.205550100000000000e+01
1.408923329330804600e-02 2.621832812500000600e+01 1.416798675000000100e+01 7.317936718750000600e+01 2.120278750000000200e+00 -4.696103906249999900e+01 1.204770800000000000e+01
1.408991225435351900e-02 2.635205078125000700e+01 1.415790649999999900e+01 7.320858593750000400e+01 2.115541500000000000e+00 -4.685653515624999700e+01 1.204236500000000000e+01
1.409144069891902000e-02 2.644805078124999700e+01 1.413935524999999900e+01 7.327705468749999800e+01 2.103946249999999900e+00 -4.682900390625000100e+01 1.203540900000000000e+01
1.409488087251117500e-02 2.591192187499999700e+01 1.414613900000000000e+01 7.311544531250000000e+01 2.102987999999999900e+00 -4.720352343750000300e+01 1.204315100000000000e+01
1.410262008977374400e-02 2.567815234374999300e+01 1.416189075000000000e+01 7.310014843749999600e+01 2.106785749999999800e+00 -4.742199609375000300e+01 1.205510499999999900e+01
1.412003215529474200e-02 2.553205468749999300e+01 1.417294550000000100e+01 7.312503906249999400e+01 2.108741499999999800e+00 -4.759298437500000000e+01 1.206420400000000000e+01
1.415920852050380600e-02 2.575950390625000400e+01 1.418598575000000000e+01 7.331801562500000100e+01 2.113843750000000000e+00 -4.755851171874999700e+01 1.207214199999999900e+01
1.424735925329013100e-02 2.573720703125000100e+01 1.419781675000000100e+01 7.344614843750000000e+01 2.119680750000000100e+00 -4.770894140624999800e+01 1.207813600000000100e+01
1.444569409988683700e-02 2.573846484374999500e+01 1.422706575000000100e+01 7.378598437499999800e+01 2.135737750000000100e+00 -4.804751953125000300e+01 1.209132800000000100e+01
1.455725803775737200e-02 2.573864062500000200e+01 1.424120750000000000e+01 7.397978906250000400e+01 2.142847499999999800e+00 -4.824114843750000100e+01 1.209836000000000000e+01
1.469531866509144800e-02 2.573737500000000700e+01 1.425643724999999900e+01 7.421857031250000600e+01 2.149172249999999900e+00 -4.848119531249999900e+01 1.210726500000000000e+01
1.477297835462675200e-02 2.573892578124999600e+01 1.426434025000000000e+01 7.433167968749999900e+01 2.153088250000000100e+00 -4.859275390625000300e+01 1.211125200000000000e+01
1.485240271710974000e-02 2.573826171875000300e+01 1.427255800000000000e+01 7.445278125000000100e+01 2.157017000000000200e+00 -4.871451953124999800e+01 1.211554100000000000e+01
1.503110557716349500e-02 2.573807031250000700e+01 1.429313124999999800e+01 7.474842968750000700e+01 2.166841250000000100e+00 -4.901035937500000000e+01 1.212628999999999900e+01
1.543318975003059700e-02 2.573828906250000900e+01 1.433845275000000000e+01 7.543215625000000600e+01 2.188240749999999800e+00 -4.969386718749999700e+01 1.215021200000000000e+01
1.565936199949169400e-02 2.573821874999999400e+01 1.436278974999999900e+01 7.580954687499999500e+01 2.199947750000000200e+00 -5.007132812500000100e+01 1.216284199999999900e+01
1.593925039286375400e-02 2.573826171875000300e+01 1.439177000000000100e+01 7.627764843750000500e+01 2.213849999999999900e+00 -5.053938671875000200e+01 1.217792000000000000e+01
1.622549974386460300e-02 2.573818359374999400e+01 1.441975425000000000e+01 7.675144531249999600e+01 2.227001249999999800e+00 -5.101326171875000200e+01 1.219275300000000000e+01
1.674074826278085900e-02 2.573816015625000400e+01 1.446814274999999800e+01 7.757996093750000500e+01 2.248411749999999800e+00 -5.184180078125000100e+01 1.221973099999999900e+01
1.690176371827213300e-02 2.573813281250000500e+01 1.448247250000000000e+01 7.783903125000000500e+01 2.254712500000000100e+00 -5.210089843750000000e+01 1.222776000000000000e+01
1.726404731980771600e-02 2.573837109374999700e+01 1.451219600000000100e+01 7.842396875000000000e+01 2.267331000000000000e+00 -5.268559765625000300e+01 1.224486500000000100e+01
1.746783262788467000e-02 2.573820703124999900e+01 1.453003300000000000e+01 7.874120312499999800e+01 2.275437000000000200e+00 -5.300299609374999900e+01 1.225459599999999900e+01
1.769708992615146700e-02 2.573803515624999200e+01 1.454925600000000000e+01 7.910348437499999400e+01 2.283262000000000100e+00 -5.336544921875000100e+01 1.226599399999999900e+01
1.781171857528486200e-02 2.573828125000000700e+01 1.455885075000000000e+01 7.927758593750000700e+01 2.287519750000000000e+00 -5.353930468750000000e+01 1.227133100000000000e+01
1.787619797263558300e-02 2.573842968750000200e+01 1.456409099999999900e+01 7.937564062500000300e+01 2.289839999999999900e+00 -5.363721093750000100e+01 1.227425100000000000e+01
1.791246763364536300e-02 2.573856640625000100e+01 1.456694274999999900e+01 7.943032812500000300e+01 2.291132750000000100e+00 -5.369176171875000100e+01 1.227581000000000000e+01
1.793286775353699100e-02 2.573874609374999500e+01 1.456848725000000000e+01 7.946105468749999500e+01 2.291858250000000200e+00 -5.372230859375000000e+01 1.227662900000000000e+01
1.795811603075563000e-02 2.574096484374999200e+01 1.457015500000000000e+01 7.949949218749999600e+01 2.292808000000000000e+00 -5.375852734375000400e+01 1.227734700000000100e+01
1.796457085396674000e-02 2.574628124999999600e+01 1.457050624999999900e+01 7.951100781249999700e+01 2.293091249999999800e+00 -5.376472656250000200e+01 1.227741500000000000e+01
1.797255881502246600e-02 2.574536718750000100e+01 1.457070399999999900e+01 7.952197656250000100e+01 2.293388999999999900e+00 -5.377660937500000000e+01 1.227731500000000000e+01
1.798072824953735000e-02 2.574011718749999700e+01 1.457101725000000100e+01 7.953159374999999900e+01 2.293675250000000200e+00 -5.379147656250000200e+01 1.227734200000000100e+01
1.799911025940902400e-02 2.573225390624999400e+01 1.457194350000000000e+01 7.955488281249999700e+01 2.294373499999999800e+00 -5.382262890625000300e+01 1.227757000000000100e+01
1.800479694927145700e-02 2.573114453124999600e+01 1.457229500000000000e+01 7.956277343749999900e+01 2.294598000000000100e+00 -5.383162890625000300e+01 1.227769700000000000e+01
1.800799620120231000e-02 2.573192187500000500e+01 1.457251025000000100e+01 7.956789062500000400e+01 2.294739250000000100e+00 -5.383596874999999900e+01 1.227777100000000000e+01
1.801126741674628100e-02 2.573532812500000900e+01 1.457273925000000000e+01 7.957439062500000700e+01 2.294909249999999900e+00 -5.383906249999999700e+01 1.227783000000000000e+01
1.801862960725318700e-02 2.574644921875000800e+01 1.457293550000000000e+01 7.959050000000000600e+01 2.295277500000000100e+00 -5.384405078124999700e+01 1.227765800000000100e+01
1.803519218925415600e-02 2.574694531249999600e+01 1.457327650000000000e+01 7.961758593749999600e+01 2.296081500000000100e+00 -5.387064062500000000e+01 1.227719500000000100e+01
1.807245682543656700e-02 2.573157031250000400e+01 1.457610625000000000e+01 7.966665625000000300e+01 2.297515250000000000e+00 -5.393508593749999800e+01 1.227859100000000000e+01
1.815630538569973400e-02 2.573850000000000200e+01 1.458336400000000000e+01 7.979743750000000100e+01 2.300721999999999900e+00 -5.405893749999999900e+01 1.228264199999999900e+01
1.834496269075889000e-02 2.573835156250000000e+01 1.459869574999999900e+01 8.007876562500000300e+01 2.307421750000000000e+00 -5.434041406250000300e+01 1.229127400000000000e+01
1.857842673154014600e-02 2.573785156249999800e+01 1.461744325000000100e+01 8.042324999999999600e+01 2.315302249999999800e+00 -5.468539843749999800e+01 1.230214100000000100e+01
1.881719730657542200e-02 2.573817187499999900e+01 1.463635749999999900e+01 8.076562500000000000e+01 2.322465499999999800e+00 -5.502745312500000100e+01 1.231389199999999900e+01
1.935442914487182900e-02 2.573821484375000100e+01 1.467646250000000100e+01 8.148214843750000100e+01 2.336741500000000000e+00 -5.574393359375000000e+01 1.233972100000000100e+01
2.001925559807324300e-02 2.573819531249999700e+01 1.472853699999999900e+01 8.238655468749999500e+01 2.358566000000000200e+00 -5.664835937499999800e+01 1.236997100000000000e+01
2.039321920690261000e-02 2.573814453125000100e+01 1.475679749999999900e+01 8.289161718750000300e+01 2.370123500000000000e+00 -5.715347265625000300e+01 1.238667399999999900e+01
2.060357354131583200e-02 2.573813281249999800e+01 1.477228375000000000e+01 8.316942187499999800e+01 2.376296749999999800e+00 -5.743128906249999900e+01 1.239598700000000000e+01
2.072189892996640500e-02 2.573823828125000500e+01 1.478068450000000000e+01 8.332178906250000200e+01 2.379561499999999900e+00 -5.758355078124999700e+01 1.240112300000000000e+01
2.078845588553921900e-02 2.573778124999999800e+01 1.478512575000000100e+01 8.340660156250000100e+01 2.381185750000000200e+00 -5.766882031250000300e+01 1.240394000000000000e+01
2.085652564141381200e-02 2.574007421874999600e+01 1.478960674999999900e+01 8.349467187499999500e+01 2.382584749999999900e+00 -5.775459765624999900e+01 1.240702200000000000e+01
2.100968454766461200e-02 2.573855859375000000e+01 1.480001725000000000e+01 8.369090624999999800e+01 2.387046250000000000e+00 -5.795234765624999800e+01 1.241297100000000100e+01
2.109583594354744500e-02 2.573796874999999300e+01 1.480611500000000000e+01 8.379865624999999300e+01 2.389533000000000100e+00 -5.806068750000000000e+01 1.241658200000000000e+01
2.128967619317722800e-02 2.573819921874999700e+01 1.481987250000000100e+01 8.404038281249999900e+01 2.394905500000000100e+00 -5.830218359375000100e+01 1.242496700000000100e+01
2.172581792816402300e-02 2.573818749999999500e+01 1.485007525000000000e+01 8.457698437499999500e+01 2.406735250000000100e+00 -5.883879687500000000e+01 1.244333999999999900e+01
2.270713722299090200e-02 2.573819140625000300e+01 1.491510474999999900e+01 8.573217187500000600e+01 2.431744750000000000e+00 -5.999398046875000300e+01 1.248335999999999900e+01
2.491510289860522600e-02 2.573818359375000900e+01 1.505004175000000000e+01 8.799737500000000500e+01 2.477603750000000100e+00 -6.225919140624999700e+01 1.257243800000000000e+01
2.739906623920430500e-02 2.573814843750000100e+01 1.518715250000000000e+01 9.005560156250000100e+01 2.517399499999999800e+00 -6.431745312500000000e+01 1.266975300000000000e+01
2.864104869171703300e-02 2.573818749999999500e+01 1.525416624999999900e+01 9.103285937500000100e+01 2.538145249999999900e+00 -6.529467187500000600e+01 1.271602100000000000e+01
3.143550529880473300e-02 2.573817968749999400e+01 1.539576649999999900e+01 9.286715624999999400e+01 2.575869500000000000e+00 -6.712897656250000000e+01 1.281989699999999900e+01
3.300738772695145700e-02 2.573817187500000600e+01 1.547071850000000000e+01 9.374094531250000300e+01 2.593452500000000200e+00 -6.800277343749999700e+01 1.287726600000000100e+01
3.349368966470552700e-02 2.573814843750000100e+01 1.549325350000000000e+01 9.399018750000000500e+01 2.598476499999999900e+00 -6.825203906250000300e+01 1.289477699999999900e+01
3.361802714390391800e-02 2.573817187500000600e+01 1.549879499999999900e+01 9.404766406250000400e+01 2.599581999999999800e+00 -6.830949218749999800e+01 1.289921300000000000e+01
3.377189786415400700e-02 2.573819531249999700e+01 1.550502775000000000e+01 9.409871093750000200e+01 2.600358749999999800e+00 -6.836051562500000500e+01 1.290466900000000000e+01
3.381123692970576500e-02 2.574027343750000800e+01 1.550561974999999900e+01 9.408782812500000100e+01 2.599779750000000200e+00 -6.834755468749999400e+01 1.290584000000000000e+01
3.389975530268952300e-02 2.573802343750000400e+01 1.550942025000000000e+01 9.411587500000000300e+01 2.600296250000000000e+00 -6.837785156249999800e+01 1.290912400000000000e+01
3.409892242411616300e-02 2.573820312499999800e+01 1.551800425000000100e+01 9.419669531249999700e+01 2.601708250000000200e+00 -6.845849218749999900e+01 1.291629600000000100e+01
3.454704610068653300e-02 2.573817187499999200e+01 1.553729324999999900e+01 9.437457031249999800e+01 2.604777250000000200e+00 -6.863639843750000600e+01 1.293251600000000000e+01
3.555532515518308700e-02 2.573817968749999400e+01 1.558268700000000000e+01 9.485098437499999600e+01 2.614424000000000100e+00 -6.911280468750000200e+01 1.296826300000000000e+01
3.612247977669783000e-02 2.573817968750000800e+01 1.560818175000000000e+01 9.512536718750000400e+01 2.620177749999999900e+00 -6.938718749999999600e+01 1.298800400000000000e+01
3.739858236838513500e-02 2.573818749999999500e+01 1.566387500000000100e+01 9.569201562499999600e+01 2.632174000000000000e+00 -6.995382812500000100e+01 1.303170100000000000e+01
3.811638812067627600e-02 2.573818750000000900e+01 1.569527175000000000e+01 9.602053906250000600e+01 2.639699750000000100e+00 -7.028235156249999700e+01 1.305557200000000000e+01
3.973145497439727100e-02 2.573818749999999500e+01 1.576464625000000000e+01 9.672245312500000100e+01 2.656150250000000000e+00 -7.098426562500000600e+01 1.310849600000000100e+01
4.336535461305633000e-02 2.573818749999999500e+01 1.591219650000000000e+01 9.804297656250000200e+01 2.687192500000000100e+00 -7.230478906250000600e+01 1.322500400000000000e+01
4.540942472422842400e-02 2.573819531249999700e+01 1.599287599999999900e+01 9.872538281250000100e+01 2.703525000000000000e+00 -7.298718750000000500e+01 1.328935100000000000e+01
4.569687242583027300e-02 2.573817968750000800e+01 1.600411350000000300e+01 9.881964062500000500e+01 2.705734500000000200e+00 -7.308146093749999700e+01 1.329837900000000100e+01
4.634362819000804900e-02 2.573819531249999700e+01 1.602924374999999900e+01 9.902745312499999400e+01 2.710612750000000100e+00 -7.328925781249999700e+01 1.331863100000000000e+01
4.779882944162122700e-02 2.573851562500000500e+01 1.608451974999999800e+01 9.943005468750000400e+01 2.719613750000000200e+00 -7.369153906249999900e+01 1.336490600000000000e+01
5.107302991111133800e-02 2.573818750000000900e+01 1.620395424999999900e+01 1.001191562500000000e+02 2.735018250000000000e+00 -7.438096874999999400e+01 1.346893599999999900e+01
5.208598660046033500e-02 2.573816406250000500e+01 1.624257425000000100e+01 1.003816953125000000e+02 2.741509250000000000e+00 -7.464353124999999500e+01 1.350106500000000100e+01
5.234498051520720300e-02 2.573819531250001100e+01 1.625243250000000100e+01 1.004493203125000100e+02 2.743193499999999800e+00 -7.471112499999999600e+01 1.350923900000000100e+01
5.292771682338764200e-02 2.573817968750000800e+01 1.627408775000000000e+01 1.005906328125000000e+02 2.746805750000000000e+00 -7.485245312499999700e+01 1.352728200000000000e+01
5.423888133892549500e-02 2.573817968749999400e+01 1.632332900000000100e+01 1.008862890625000000e+02 2.754080999999999800e+00 -7.514810937500000400e+01 1.356924800000000000e+01
5.718898898347468700e-02 2.573818750000000900e+01 1.643134375000000000e+01 1.014618593750000000e+02 2.767241750000000200e+00 -7.572367187499999400e+01 1.366410200000000000e+01
6.382673744141585700e-02 2.573818750000000900e+01 1.666256050000000100e+01 1.024650156250000100e+02 2.787131500000000100e+00 -7.672682812499999700e+01 1.387542900000000000e+01
6.756046625572866000e-02 2.573818749999999500e+01 1.678719775000000100e+01 1.029268046875000000e+02 2.796024749999999900e+00 -7.718861718750000000e+01 1.399117300000000000e+01
6.839905511050087300e-02 2.573816406250000500e+01 1.681492399999999800e+01 1.030224140625000000e+02 2.797864999999999800e+00 -7.728425000000000000e+01 1.401705900000000000e+01
6.851698157042655800e-02 2.573820312499999800e+01 1.681881375000000000e+01 1.030349453125000000e+02 2.798089749999999900e+00 -7.729674218750000100e+01 1.402072400000000000e+01
6.854713745317433900e-02 2.573797656249999500e+01 1.681977399999999900e+01 1.030376640625000000e+02 2.798153000000000100e+00 -7.729968750000000500e+01 1.402162100000000000e+01
6.861497723837223200e-02 2.573823437499999000e+01 1.682199375000000100e+01 1.030451718749999900e+02 2.798302749999999900e+00 -7.730693750000000400e+01 1.402369099999999900e+01
6.876762144834662500e-02 2.573814062500000000e+01 1.682690000000000200e+01 1.030590156250000000e+02 2.798569999999999800e+00 -7.732087500000000100e+01 1.402833000000000000e+01
6.911106309865715200e-02 2.573823437500000500e+01 1.683795174999999800e+01 1.030890312500000100e+02 2.799122750000000000e+00 -7.735079687500000000e+01 1.403882900000000000e+01
6.988382089169319100e-02 2.573819531249999700e+01 1.686348750000000200e+01 1.031753515625000000e+02 2.800790500000000200e+00 -7.743715625000000100e+01 1.406269700000000000e+01
7.000000145178766900e-02 2.573814843750000100e+01 1.686729899999999900e+01 1.031875859375000000e+02 2.801013000000000200e+00 -7.744943750000000200e+01 1.406628600000000000e+01
