0.000000000000000000e+00 0.000000000000000000e+00 0.000000000000000000e+00 0.000000000000000000e+00 0.000000000000000000e+00 0.000000000000000000e+00 0.000000000000000000e+00
8.053816561427954200e-09 1.604475742187499900e+02 2.095870971679679100e-06 1.190993515625000000e+02 1.467280120849609300e-04 4.134822265625000200e+01 -1.446321411132812500e-04
8.750079752324702100e-04 1.604478164062500100e+02 2.011005200000000000e+01 1.192547500000000000e+02 1.109870100000000000e+01 4.119306640624999700e+01 9.011350999999999400e+00
9.652423480200389500e-04 1.604624062500000200e+02 2.219418400000000000e+01 1.194255078125000000e+02 1.221056600000000000e+01 4.103689843750000000e+01 9.983617999999999900e+00
1.005617035177601200e-03 1.604619414062499900e+02 2.309628599999999900e+01 1.195465468750000000e+02 1.267709100000000100e+01 4.091539453125000100e+01 1.041919500000000000e+01
1.012538451705951200e-03 1.604619804687500000e+02 2.324963700000000000e+01 1.195696406250000100e+02 1.275571300000000000e+01 4.089233984375000100e+01 1.049392400000000000e+01
1.025516034919263800e-03 1.604603906250000000e+02 2.353574799999999800e+01 1.196158125000000000e+02 1.290157800000000100e+01 4.084457812499999800e+01 1.063416999999999900e+01
1.041575811430357000e-03 1.604574531250000000e+02 2.388864100000000000e+01 1.196757578125000000e+02 1.308066299999999900e+01 4.078169531249999800e+01 1.080797800000000000e+01
1.058000639099195600e-03 1.604539296874999900e+02 2.424880499999999700e+01 1.197400781250000000e+02 1.326264900000000000e+01 4.071385156249999700e+01 1.098615599999999900e+01
1.094956319410722300e-03 1.604692929687500100e+02 2.504925899999999900e+01 1.199480468750000000e+02 1.365591399999999900e+01 4.052124609375000100e+01 1.139334500000000000e+01
1.115743930523212300e-03 1.605001835937499900e+02 2.548630299999999900e+01 1.201254062500000000e+02 1.385884399999999900e+01 4.037477734374999700e+01 1.162745900000000000e+01
1.127436993614075900e-03 1.605007968749999900e+02 2.573348599999999900e+01 1.202223203125000000e+02 1.397218600000000100e+01 4.027847656250000300e+01 1.176130000000000000e+01
1.153746294596838700e-03 1.604892187500000200e+02 2.629081500000000200e+01 1.204564375000000100e+02 1.422247200000000000e+01 4.003278124999999900e+01 1.206834300000000000e+01
1.212942221808055300e-03 1.605166796875000200e+02 2.748591100000000200e+01 1.213231796875000000e+02 1.468173799999999900e+01 3.919350000000000000e+01 1.280417300000000000e+01
1.231255985441662000e-03 1.605966093750000100e+02 2.781615700000000000e+01 1.217756328125000100e+02 1.477073000000000000e+01 3.882097656250000000e+01 1.304542700000000000e+01
1.249985962705880000e-03 1.607914023437500100e+02 2.807453999999999900e+01 1.225604765625000000e+02 1.476199000000000100e+01 3.823092578125000100e+01 1.331255000000000000e+01
1.292128411550370600e-03 1.605746914062500000e+02 2.864567400000000000e+01 1.246891640625000000e+02 1.460172800000000000e+01 3.588552734374999900e+01 1.404394600000000000e+01
1.386948848673130100e-03 1.605073125000000100e+02 3.025857100000000000e+01 1.302989609375000000e+02 1.449606799999999900e+01 3.020835156249999900e+01 1.576250300000000100e+01
1.600294904976682900e-03 1.604205546875000200e+02 3.399163099999999800e+01 1.404036562500000100e+02 1.499502700000000000e+01 2.001689843750000000e+01 1.899660400000000100e+01
1.720301979772919500e-03 1.604556113281250000e+02 3.607415100000000100e+01 1.453600000000000100e+02 1.542660100000000000e+01 1.509561132812500100e+01 2.064754999999999900e+01
1.787806023025978800e-03 1.604963222656250000e+02 3.721658300000000000e+01 1.484638124999999900e+02 1.563031299999999900e+01 1.203250976562500100e+01 2.158626999999999900e+01
1.871342332954080800e-03 1.604137939453125100e+02 3.869147399999999900e+01 1.520362656250000000e+02 1.594445400000000000e+01 8.377528320312499900e+00 2.274701999999999900e+01
1.956777112679021800e-03 1.604369926757812600e+02 4.019374600000000400e+01 1.553857343750000000e+02 1.630579200000000000e+01 5.051258300781250400e+00 2.388795400000000100e+01
2.004834176274300800e-03 1.604656789550781500e+02 4.101197999999999400e+01 1.572909375000000100e+02 1.649527799999999900e+01 3.174741455078125000e+00 2.451670199999999900e+01
2.112962532975007400e-03 1.604731164550781300e+02 4.281068000000000500e+01 1.618667187499999900e+02 1.686616000000000100e+01 -1.393602294921874900e+00 2.594452000000000100e+01
2.173784742716322700e-03 1.604619169921875300e+02 4.381716000000000100e+01 1.645589375000000100e+02 1.706123799999999900e+01 -4.097020507812500200e+00 2.675592200000000200e+01
2.188752713512006400e-03 1.604516884765625100e+02 4.406587199999999900e+01 1.652363906250000100e+02 1.710999400000000000e+01 -4.784702148437499900e+00 2.695587799999999800e+01
2.193563878172337700e-03 1.604344770507812500e+02 4.414787599999999700e+01 1.654515781250000000e+02 1.712714000000000100e+01 -5.017101074218749600e+00 2.702073599999999900e+01
2.196270176488109900e-03 1.604109672851562600e+02 4.419697200000000200e+01 1.655749375000000000e+02 1.713875600000000100e+01 -5.163970214843749900e+00 2.705821600000000200e+01
2.202359165755238200e-03 1.627014575195312300e+02 4.422156800000000500e+01 1.691809218750000000e+02 1.703140000000000100e+01 -6.479464355468749700e+00 2.719016800000000000e+01
2.216059646326980500e-03 1.633983378906250200e+02 4.384443199999999800e+01 1.731143125000000100e+02 1.649695600000000100e+01 -9.715974609374999500e+00 2.734747600000000000e+01
2.246885654836056200e-03 1.592304238281250300e+02 4.420155400000000200e+01 1.713292968750000100e+02 1.654379799999999900e+01 -1.209887304687499900e+01 2.765775599999999900e+01
2.316244210370149100e-03 1.601030742187499800e+02 4.562994799999999900e+01 1.748981249999999900e+02 1.706197200000000100e+01 -1.479505078125000000e+01 2.856797600000000200e+01
2.472300814767169300e-03 1.604890117187500200e+02 4.814533999999999700e+01 1.801158593750000100e+02 1.792530599999999900e+01 -1.962684765625000000e+01 3.022003399999999800e+01
2.823428502158513300e-03 1.604590390625000100e+02 5.368484599999999300e+01 1.930484218750000000e+02 1.951390999999999900e+01 -3.258938281249999800e+01 3.417093599999999800e+01
3.613465580457005100e-03 1.604514257812500100e+02 6.539985600000000000e+01 2.227395781250000100e+02 2.228076000000000100e+01 -6.228815234374999900e+01 4.311909599999999900e+01
4.057861509777250200e-03 1.604494609374999900e+02 7.166128799999999900e+01 2.385083437499999900e+02 2.368378800000000000e+01 -7.805888281250000200e+01 4.797749999999999900e+01
5.057752350747803600e-03 1.604477187500000100e+02 8.533852999999999200e+01 2.723030312500000000e+02 2.681242599999999900e+01 -1.118553125000000000e+02 5.852610399999999700e+01
6.295116829784798900e-03 1.604443906250000100e+02 1.020452720000000000e+02 3.123398437500000000e+02 3.054509600000000100e+01 -1.518954531249999900e+02 7.150017599999999600e+01
6.991134312854436300e-03 1.604501249999999900e+02 1.113123359999999900e+02 3.345264062499999800e+02 3.257305600000000100e+01 -1.740762812499999900e+02 7.873927999999999400e+01
7.702970679426368400e-03 1.604515312499999900e+02 1.198362040000000000e+02 3.559517187500000000e+02 3.445489200000000100e+01 -1.955001875000000100e+02 8.538131199999999400e+01
8.103378817566441300e-03 1.604500625000000000e+02 1.241790479999999900e+02 3.665653437500000100e+02 3.550137600000000000e+01 -2.061152812500000100e+02 8.867767200000000100e+01
9.004296546162847800e-03 1.604508593749999900e+02 1.326504640000000000e+02 3.878696562499999900e+02 3.787283200000000200e+01 -2.274187968750000000e+02 9.477763199999999700e+01
1.011918199513567000e-02 1.604515625000000200e+02 1.404637359999999800e+02 4.148739375000000100e+02 4.086648799999999700e+01 -2.544223749999999900e+02 9.959724799999999300e+01
1.040423862517826300e-02 1.604492500000000100e+02 1.421088880000000100e+02 4.216910312499999800e+02 4.162028800000000200e+01 -2.612417812499999700e+02 1.004886000000000100e+02
1.056458166958502800e-02 1.604544687499999900e+02 1.429764639999999900e+02 4.253931562500000000e+02 4.203278399999999900e+01 -2.649386875000000100e+02 1.009436800000000000e+02
1.065477550539196300e-02 1.604557500000000200e+02 1.434320559999999900e+02 4.273697500000000100e+02 4.225850400000000200e+01 -2.669139999999999900e+02 1.011735520000000000e+02
1.068267892131875300e-02 1.604531250000000000e+02 1.435698480000000100e+02 4.279662187500000000e+02 4.232793600000000100e+01 -2.675130937500000000e+02 1.012419120000000000e+02
1.068981342991047600e-02 1.604529374999999600e+02 1.436047480000000000e+02 4.281170624999999700e+02 4.234558799999999900e+01 -2.676641250000000100e+02 1.012591599999999900e+02
1.069382724598941800e-02 1.604523749999999600e+02 1.436241440000000000e+02 4.282002187499999800e+02 4.235540000000000300e+01 -2.677478437500000200e+02 1.012687440000000000e+02
1.069879357194726000e-02 1.604511249999999900e+02 1.436468239999999800e+02 4.282951562499999900e+02 4.236687200000000100e+01 -2.678440312500000000e+02 1.012799519999999900e+02
1.070387168390555900e-02 1.606372499999999900e+02 1.436404320000000000e+02 4.285183124999999800e+02 4.235596799999999700e+01 -2.678810624999999800e+02 1.012844640000000000e+02
1.070672921354226400e-02 1.612485624999999900e+02 1.435709360000000200e+02 4.290246250000000100e+02 4.230083200000000000e+01 -2.677760625000000200e+02 1.012701040000000000e+02
1.071026444580674300e-02 1.638082812499999900e+02 1.432334240000000100e+02 4.310959374999999900e+02 4.203646400000000200e+01 -2.672876562500000000e+02 1.011969600000000000e+02
1.071388118869655800e-02 1.680226562500000100e+02 1.426084240000000100e+02 4.348192500000000100e+02 4.151183199999999800e+01 -2.667965937500000000e+02 1.010965920000000000e+02
1.071496528001349800e-02 1.694293437499999900e+02 1.423848360000000100e+02 4.361157499999999900e+02 4.132015599999999700e+01 -2.666864062500000000e+02 1.010646800000000000e+02
1.071699955233433100e-02 1.721286875000000100e+02 1.419096920000000100e+02 4.388204062500000200e+02 4.090057199999999700e+01 -2.666917187500000100e+02 1.010091200000000000e+02
1.072066054384932700e-02 1.751710312500000000e+02 1.409874960000000200e+02 4.425768125000000200e+02 4.008220000000000000e+01 -2.674057812500000200e+02 1.009052960000000100e+02
1.072432153536432100e-02 1.745324999999999700e+02 1.402187040000000000e+02 4.436394374999999900e+02 3.939396000000000000e+01 -2.691069375000000200e+02 1.008247440000000000e+02
1.072889777475806600e-02 1.682461250000000100e+02 1.398195839999999900e+02 4.399333750000000100e+02 3.904761599999999800e+01 -2.716872500000000100e+02 1.007719680000000000e+02
1.073919489561274200e-02 1.609367812499999700e+02 1.402095359999999900e+02 4.350169062499999800e+02 3.933555200000000000e+01 -2.740801250000000100e+02 1.008739839999999900e+02
1.076236254420763800e-02 1.598256562500000100e+02 1.407107520000000100e+02 4.359746875000000200e+02 3.957398400000000300e+01 -2.761490312500000100e+02 1.011367680000000000e+02
1.081448975354614900e-02 1.563728749999999600e+02 1.413110360000000000e+02 4.356040312499999900e+02 3.991353199999999600e+01 -2.792311562500000300e+02 1.013975040000000000e+02
1.093177772121406300e-02 1.607072500000000400e+02 1.425903879999999900e+02 4.407489687500000200e+02 4.074065999999999800e+01 -2.800417187499999700e+02 1.018497280000000000e+02
1.119567302848247800e-02 1.604401250000000200e+02 1.437058440000000100e+02 4.438016250000000000e+02 4.147231599999999900e+01 -2.833614999999999800e+02 1.022335280000000100e+02
1.152224534888261800e-02 1.604586562499999900e+02 1.453476400000000100e+02 4.481190624999999800e+02 4.260354399999999900e+01 -2.876604062499999900e+02 1.027440960000000000e+02
1.160574366903712600e-02 1.604463437499999800e+02 1.457368920000000100e+02 4.491998125000000100e+02 4.287809200000000200e+01 -2.887534687500000200e+02 1.028588000000000000e+02
1.168793781918629400e-02 1.604610000000000100e+02 1.460690920000000100e+02 4.502819062500000200e+02 4.312445199999999800e+01 -2.898209062500000100e+02 1.029446400000000100e+02
1.170246767037080900e-02 1.604358125000000000e+02 1.461256520000000000e+02 4.504454999999999800e+02 4.316530000000000200e+01 -2.900096874999999800e+02 1.029603520000000000e+02
1.171064085721678700e-02 1.604300312500000100e+02 1.461587200000000200e+02 4.505438750000000100e+02 4.318946400000000100e+01 -2.901138437500000000e+02 1.029692560000000000e+02
1.171900035406352700e-02 1.604522812500000000e+02 1.461945760000000100e+02 4.506637812500000000e+02 4.321670400000000000e+01 -2.902115000000000000e+02 1.029778720000000000e+02
1.172370235270778600e-02 1.604889999999999800e+02 1.462159520000000200e+02 4.507482812499999900e+02 4.323380000000000200e+01 -2.902592812500000200e+02 1.029821520000000000e+02
1.172952104691911900e-02 1.614013124999999600e+02 1.461886680000000100e+02 4.515425937499999800e+02 4.323766799999999900e+01 -2.901412812500000200e+02 1.029509999999999900e+02
1.173547248700599700e-02 1.639647187500000300e+02 1.459756480000000100e+02 4.534277812500000100e+02 4.314443200000000200e+01 -2.894630624999999800e+02 1.028312160000000000e+02
1.174886235387334100e-02 1.635464687500000300e+02 1.455140040000000000e+02 4.532163125000000200e+02 4.285290799999999900e+01 -2.896698437499999800e+02 1.026610960000000000e+02
1.177898984543424400e-02 1.593077500000000000e+02 1.457626479999999800e+02 4.508536874999999800e+02 4.299490399999999800e+01 -2.915459374999999800e+02 1.027677439999999900e+02
1.184677641033689600e-02 1.596564999999999900e+02 1.464135479999999900e+02 4.517189687499999900e+02 4.346826800000000200e+01 -2.920624687499999900e+02 1.029452800000000000e+02
1.199929676358662100e-02 1.605837187500000000e+02 1.470719720000000200e+02 4.538513437500000100e+02 4.394767600000000100e+01 -2.932676250000000100e+02 1.031242960000000000e+02
1.234246581174224000e-02 1.604487187500000100e+02 1.483615680000000100e+02 4.574213125000000000e+02 4.490274399999999800e+01 -2.969725937499999900e+02 1.034588240000000100e+02
1.288295694614359200e-02 1.604516249999999800e+02 1.501609239999999900e+02 4.637544374999999900e+02 4.619084399999999800e+01 -3.033028125000000200e+02 1.039700800000000000e+02
1.336071284553798000e-02 1.604380937500000100e+02 1.514373080000000000e+02 4.724266562500000100e+02 4.692274799999999900e+01 -3.119885625000000000e+02 1.045145600000000000e+02
1.362945104838873300e-02 1.604397812500000100e+02 1.521119439999999900e+02 4.770658750000000100e+02 4.731501600000000000e+01 -3.166260937500000000e+02 1.047969279999999900e+02
1.366609706110133400e-02 1.604444374999999900e+02 1.522019960000000100e+02 4.776849062499999800e+02 4.736748399999999700e+01 -3.172404687499999900e+02 1.048345120000000000e+02
1.372106549795148500e-02 1.604518125000000200e+02 1.523348440000000000e+02 4.786113437500000000e+02 4.744418799999999700e+01 -3.181595312499999900e+02 1.048906560000000100e+02
1.378977779067043100e-02 1.604434375000000200e+02 1.524977920000000000e+02 4.797620312500000100e+02 4.753753600000000300e+01 -3.193185937499999900e+02 1.049602560000000000e+02
1.394437782930367200e-02 1.604549999999999800e+02 1.528623560000000100e+02 4.821472812499999900e+02 4.775803599999999700e+01 -3.216922812500000100e+02 1.051043200000000000e+02
1.395633543804015100e-02 1.604548749999999600e+02 1.528892440000000200e+02 4.823269062499999800e+02 4.777438800000000200e+01 -3.218720312500000200e+02 1.051148560000000000e+02
1.396856436071524000e-02 1.604503437500000000e+02 1.529167479999999800e+02 4.825087812500000300e+02 4.779097999999999800e+01 -3.220584375000000300e+02 1.051257679999999900e+02
1.397544385749341900e-02 1.604523749999999600e+02 1.529325920000000000e+02 4.826125937499999700e+02 4.780051199999999800e+01 -3.221602187500000100e+02 1.051320800000000000e+02
1.399092039636931100e-02 1.605461874999999700e+02 1.529748840000000000e+02 4.829042187499999800e+02 4.782731600000000300e+01 -3.223580312500000100e+02 1.051475680000000100e+02
1.402574522882445300e-02 1.604231562500000300e+02 1.530419840000000100e+02 4.833352187500000200e+02 4.786659199999999700e+01 -3.229120624999999900e+02 1.051753920000000000e+02
1.410410022852039700e-02 1.604144062499999600e+02 1.532179759999999900e+02 4.845074062499999700e+02 4.797194400000000100e+01 -3.240930000000000200e+02 1.052460320000000000e+02
1.428039839561751200e-02 1.604623125000000000e+02 1.535953920000000000e+02 4.870167187500000000e+02 4.819901600000000000e+01 -3.265544062500000000e+02 1.053963760000000000e+02
1.467706985380478000e-02 1.604455937500000000e+02 1.543771000000000100e+02 4.921391874999999900e+02 4.867108400000000000e+01 -3.316935937499999900e+02 1.057060160000000100e+02
1.556958209027301000e-02 1.604467812500000200e+02 1.559146800000000000e+02 5.021752812500000100e+02 4.957727200000000100e+01 -3.417285000000000000e+02 1.063374080000000000e+02
1.607161884051685300e-02 1.604466562499999900e+02 1.566775240000000100e+02 5.072234687499999900e+02 5.001951600000000300e+01 -3.467768125000000100e+02 1.066580080000000000e+02
1.611044933798840400e-02 1.604387187500000200e+02 1.567323319999999900e+02 5.075845312500000000e+02 5.005145199999999800e+01 -3.471458124999999800e+02 1.066808800000000000e+02
1.612037733215406600e-02 1.604304062500000300e+02 1.567446960000000000e+02 5.076644375000000200e+02 5.005886400000000000e+01 -3.472340312499999900e+02 1.066858320000000000e+02
1.612596080998943500e-02 1.604303125000000100e+02 1.567467920000000000e+02 5.077059062500000000e+02 5.005962399999999900e+01 -3.472755937499999800e+02 1.066871680000000000e+02
1.612910246237730200e-02 1.605309062500000400e+02 1.567331800000000000e+02 5.078062187500000300e+02 5.004884400000000300e+01 -3.472753124999999800e+02 1.066843360000000000e+02
1.613087007850954500e-02 1.607091874999999800e+02 1.567104120000000200e+02 5.079529999999999700e+02 5.003207600000000400e+01 -3.472438124999999900e+02 1.066783360000000000e+02
1.613484546815082900e-02 1.614846249999999900e+02 1.565955240000000100e+02 5.086421250000000200e+02 4.993930000000000300e+01 -3.471575000000000300e+02 1.066562239999999900e+02
1.614379067706247000e-02 1.621195937500000400e+02 1.563331640000000100e+02 5.094643750000000200e+02 4.971490000000000000e+01 -3.473447812499999800e+02 1.066182640000000000e+02
1.616391681489490500e-02 1.605575937500000200e+02 1.564199519999999900e+02 5.085653125000000000e+02 4.976900799999999900e+01 -3.480077187499999800e+02 1.066509440000000000e+02
1.620920295389289400e-02 1.598437500000000000e+02 1.566085760000000000e+02 5.082855937499999800e+02 4.990867999999999700e+01 -3.484418437499999800e+02 1.066998960000000000e+02
1.626524383768493700e-02 1.602283750000000300e+02 1.567915239999999800e+02 5.087431250000000200e+02 5.004941999999999800e+01 -3.485147499999999900e+02 1.067421040000000000e+02
1.629676632537655600e-02 1.606757812500000000e+02 1.568351840000000000e+02 5.092678124999999900e+02 5.007540800000000300e+01 -3.485920312499999900e+02 1.067597760000000000e+02
1.632900610657111000e-02 1.611972812500000000e+02 1.566705719999999900e+02 5.100126562500000200e+02 4.993704400000000000e+01 -3.488153750000000200e+02 1.067335280000000100e+02
1.640154474093072700e-02 1.601704062499999800e+02 1.568492640000000100e+02 5.096390000000000100e+02 5.008789600000000100e+01 -3.494685937500000300e+02 1.067613680000000000e+02
1.656475579491174100e-02 1.604602500000000300e+02 1.571129760000000000e+02 5.107440000000000300e+02 5.033242400000000300e+01 -3.502837500000000000e+02 1.067805520000000000e+02
1.665656354110028500e-02 1.604695937500000000e+02 1.572330839999999900e+02 5.114856874999999800e+02 5.042786799999999700e+01 -3.510160937499999800e+02 1.068052160000000000e+02
1.677017421512813300e-02 1.604458750000000600e+02 1.573865120000000100e+02 5.126017812500000400e+02 5.052938400000000000e+01 -3.521559062499999900e+02 1.068571280000000000e+02
1.683407970982739300e-02 1.604516249999999800e+02 1.574713360000000100e+02 5.132052499999999800e+02 5.058570400000000000e+01 -3.527536250000000000e+02 1.068856320000000000e+02
1.689943842253260200e-02 1.603347812499999300e+02 1.574700880000000000e+02 5.135555624999999500e+02 5.057475999999999800e+01 -3.532207812500000200e+02 1.068953280000000100e+02
1.704649523500994700e-02 1.604579375000000700e+02 1.576944240000000000e+02 5.147072812500000500e+02 5.074274400000000200e+01 -3.542493437499999800e+02 1.069516800000000000e+02
1.706717448065714700e-02 1.604633750000000400e+02 1.577209280000000100e+02 5.148853125000000500e+02 5.076012800000000200e+01 -3.544219375000000100e+02 1.069608000000000100e+02
1.709276532369946600e-02 1.611212187499999700e+02 1.575236360000000100e+02 5.157820937499999400e+02 5.056622800000000200e+01 -3.546608749999999800e+02 1.069574080000000000e+02
1.711893838549417200e-02 1.604397187499999400e+02 1.575507200000000100e+02 5.154110312499999500e+02 5.058020799999999900e+01 -3.549713125000000100e+02 1.069705120000000000e+02
1.717782748342288100e-02 1.605069062499999900e+02 1.573905560000000000e+02 5.161142187499999600e+02 5.037387600000000300e+01 -3.556073124999999800e+02 1.070166799999999900e+02
1.721095223712106400e-02 1.600359062499999800e+02 1.574454000000000100e+02 5.159458124999999900e+02 5.040273599999999700e+01 -3.559099062500000100e+02 1.070426640000000000e+02
1.728548438848884600e-02 1.604957187499999800e+02 1.573820640000000100e+02 5.168597499999999600e+02 5.025266400000000300e+01 -3.563640312499999800e+02 1.071294000000000000e+02
1.745317969130072400e-02 1.603706562500000200e+02 1.576981240000000100e+02 5.172148437500000000e+02 5.047192400000000100e+01 -3.568441874999999800e+02 1.072262000000000100e+02
1.783049470484620500e-02 1.604602187500000200e+02 1.581519559999999800e+02 5.184750312500000300e+02 5.082421999999999700e+01 -3.580148125000000100e+02 1.073277360000000000e+02
1.829742249988374300e-02 1.604474062499999700e+02 1.585959520000000100e+02 5.208463749999999700e+02 5.106103999999999800e+01 -3.603989687499999900e+02 1.075349120000000100e+02
1.831383873982598400e-02 1.604584687500000700e+02 1.586076800000000200e+02 5.209143125000000500e+02 5.106826399999999900e+01 -3.604558437499999900e+02 1.075394160000000000e+02
1.831803537259317100e-02 1.604617812500000600e+02 1.586103320000000000e+02 5.209315937500000500e+02 5.106991599999999900e+01 -3.604698124999999900e+02 1.075404159999999900e+02
1.832039568741534300e-02 1.604689062499999700e+02 1.586110640000000000e+02 5.209441875000000000e+02 5.107039199999999800e+01 -3.604752812500000200e+02 1.075406720000000000e+02
1.832331726111480900e-02 1.605214375000000500e+02 1.586059679999999900e+02 5.209868437500000500e+02 5.106705600000000100e+01 -3.604654062500000000e+02 1.075389120000000000e+02
1.832630637218955400e-02 1.611807500000000500e+02 1.585264919999999900e+02 5.214297812500000200e+02 5.101587599999999900e+01 -3.602490312499999700e+02 1.075106160000000000e+02
1.833302866990458400e-02 1.628728749999999600e+02 1.582174520000000100e+02 5.226142187499999600e+02 5.079175599999999900e+01 -3.597413437500000000e+02 1.074256960000000000e+02
1.834815587752904700e-02 1.618357812500000300e+02 1.579989640000000000e+02 5.217265625000000000e+02 5.064134800000000100e+01 -3.598907812499999700e+02 1.073576159999999900e+02
1.836630712935339400e-02 1.606190312500000300e+02 1.580642760000000100e+02 5.209734687500000500e+02 5.067619599999999700e+01 -3.603544375000000200e+02 1.073880800000000000e+02
1.838502662668007100e-02 1.600691562500000500e+02 1.581194680000000100e+02 5.206770937500000400e+02 5.070845200000000100e+01 -3.606079374999999900e+02 1.074110160000000000e+02
1.840417114369598600e-02 1.597263437500000700e+02 1.580812799999999900e+02 5.205287187500000500e+02 5.066964000000000100e+01 -3.608023749999999800e+02 1.074116400000000100e+02
1.844724718030992700e-02 1.595590312500000300e+02 1.581958640000000000e+02 5.204934687500000300e+02 5.074661600000000300e+01 -3.609344375000000000e+02 1.074492480000000000e+02
1.854416797158191200e-02 1.607127499999999700e+02 1.583727319999999800e+02 5.215449687499999500e+02 5.086080400000000200e+01 -3.608322187499999800e+02 1.075119280000000000e+02
1.859868577111771900e-02 1.604521249999999700e+02 1.584785880000000000e+02 5.214692187499999800e+02 5.094489999999999700e+01 -3.610170937500000200e+02 1.075336880000000000e+02
1.862935123280582600e-02 1.603756875000000300e+02 1.585182879999999800e+02 5.214945312500000200e+02 5.097634399999999700e+01 -3.611188437500000000e+02 1.075419440000000000e+02
1.864660121000147700e-02 1.603825000000000500e+02 1.585341640000000000e+02 5.215538125000000500e+02 5.098822799999999900e+01 -3.611713125000000000e+02 1.075459360000000000e+02
1.866794767833891700e-02 1.604859062499999700e+02 1.585348319999999900e+02 5.217453749999999700e+02 5.098222400000000200e+01 -3.612594687500000000e+02 1.075526080000000100e+02
1.868977971711583900e-02 1.607746562499999600e+02 1.584871280000000100e+02 5.221972812499999500e+02 5.092527200000000000e+01 -3.614226249999999800e+02 1.075618560000000100e+02
1.870205987504113700e-02 1.609894687499999600e+02 1.584449400000000000e+02 5.224887187499999800e+02 5.088327600000000200e+01 -3.614992500000000200e+02 1.075616639999999900e+02
1.872969081259181700e-02 1.608604062499999800e+02 1.583535960000000100e+02 5.228415000000000000e+02 5.078237200000000200e+01 -3.619810937500000100e+02 1.075712240000000000e+02
1.879186013097146000e-02 1.600223749999999500e+02 1.584576240000000100e+02 5.223988437499999700e+02 5.087144800000000100e+01 -3.623764687500000200e+02 1.075861759999999900e+02
1.893174051510691100e-02 1.604636874999999900e+02 1.586693559999999900e+02 5.230969374999999700e+02 5.104278800000000200e+01 -3.626332499999999800e+02 1.076265680000000100e+02
1.910484230125343600e-02 1.604504687500000300e+02 1.588040000000000000e+02 5.237455937500000100e+02 5.115164000000000000e+01 -3.632951249999999800e+02 1.076523600000000000e+02
1.928187872172857900e-02 1.604199062500000000e+02 1.589927040000000000e+02 5.242286874999999800e+02 5.132390399999999900e+01 -3.638087812499999800e+02 1.076688000000000000e+02
1.938146141713646700e-02 1.605248437500000000e+02 1.590369240000000000e+02 5.246958124999999900e+02 5.135312400000000100e+01 -3.641709687499999900e+02 1.076838000000000100e+02
1.943747668330340600e-02 1.604488125000000300e+02 1.590784280000000000e+02 5.248460000000000000e+02 5.138368400000000200e+01 -3.643971874999999700e+02 1.076947440000000000e+02
1.950679564796233300e-02 1.603860937500000400e+02 1.590592080000000100e+02 5.251809375000000300e+02 5.135053599999999800e+01 -3.647948437499999800e+02 1.077086720000000100e+02
1.957769009656521900e-02 1.603517187500000300e+02 1.591571040000000000e+02 5.254090625000000000e+02 5.143059199999999700e+01 -3.650573437499999700e+02 1.077265120000000000e+02
1.966542347592457500e-02 1.604484687500000700e+02 1.592533240000000200e+02 5.257681250000000500e+02 5.150710800000000200e+01 -3.653196562499999800e+02 1.077462160000000000e+02
1.971477233737670800e-02 1.605459375000000400e+02 1.592924240000000100e+02 5.260363750000000200e+02 5.153770399999999800e+01 -3.654904374999999800e+02 1.077547200000000100e+02
1.974253019861540700e-02 1.604938750000000000e+02 1.593083240000000000e+02 5.260953124999999800e+02 5.154875599999999700e+01 -3.656014374999999700e+02 1.077595680000000000e+02
1.977092151385669700e-02 1.605012812500000300e+02 1.593158480000000200e+02 5.261970625000000200e+02 5.155151999999999600e+01 -3.656957812499999800e+02 1.077643280000000100e+02
1.982202168931600200e-02 1.604971875000000000e+02 1.592596439999999800e+02 5.265249999999999800e+02 5.148451599999999900e+01 -3.660278124999999800e+02 1.077751280000000000e+02
1.988590040195265000e-02 1.601740625000000500e+02 1.593301280000000000e+02 5.264728125000000300e+02 5.153945600000000100e+01 -3.662987499999999800e+02 1.077906720000000000e+02
2.002962226541633200e-02 1.604787812500000000e+02 1.594524199999999900e+02 5.272041874999999900e+02 5.161294000000000200e+01 -3.667254062499999900e+02 1.078394799999999900e+02
2.035300053374089100e-02 1.604286874999999700e+02 1.596622480000000100e+02 5.283228749999999500e+02 5.173031999999999900e+01 -3.678941874999999900e+02 1.079319280000000000e+02
2.045304667527567800e-02 1.604429062499999600e+02 1.597316000000000100e+02 5.287045624999999500e+02 5.177110400000000100e+01 -3.682616562499999900e+02 1.079604960000000100e+02
2.055536346994477100e-02 1.604881874999999800e+02 1.597536880000000100e+02 5.293636874999999700e+02 5.174527200000000000e+01 -3.688754999999999900e+02 1.080084160000000000e+02
2.078558208013774700e-02 1.604299999999999500e+02 1.599149439999999900e+02 5.303273124999999500e+02 5.182198400000000000e+01 -3.698973125000000000e+02 1.080929600000000100e+02
2.130357045975942600e-02 1.604543750000000300e+02 1.602749920000000000e+02 5.325435625000000100e+02 5.202767999999999700e+01 -3.720891874999999800e+02 1.082473119999999900e+02
2.145896697364592700e-02 1.604396562500000400e+02 1.603866800000000100e+02 5.331658750000000300e+02 5.208903200000000300e+01 -3.727262187499999900e+02 1.082976480000000000e+02
2.153180952619429500e-02 1.604536249999999900e+02 1.604358440000000000e+02 5.334831249999999700e+02 5.211408399999999800e+01 -3.730294999999999800e+02 1.083217600000000000e+02
2.169570410499060300e-02 1.604557187499999600e+02 1.605379600000000000e+02 5.342274374999999500e+02 5.215974400000000300e+01 -3.737717187499999900e+02 1.083782159999999900e+02
2.189852350069635200e-02 1.604498437499999600e+02 1.606501600000000000e+02 5.352648749999999600e+02 5.219475200000000100e+01 -3.748150312500000000e+02 1.084554080000000100e+02
2.210595406892099100e-02 1.604460937500000500e+02 1.607814440000000200e+02 5.362318125000000500e+02 5.225405200000000100e+01 -3.757857187500000000e+02 1.085273920000000100e+02
2.236264733022240400e-02 1.604426875000000300e+02 1.609524280000000000e+02 5.371826875000000400e+02 5.234433200000000100e+01 -3.767400000000000100e+02 1.086080960000000000e+02
2.257266993633265700e-02 1.604030624999999800e+02 1.610444520000000100e+02 5.381757499999999900e+02 5.234722800000000100e+01 -3.777726875000000200e+02 1.086972240000000100e+02
2.278269254244291000e-02 1.604494374999999300e+02 1.611876839999999900e+02 5.389338749999999400e+02 5.242422799999999900e+01 -3.784844375000000100e+02 1.087634560000000100e+02
2.317648434668087900e-02 1.604477812500000500e+02 1.614249960000000200e+02 5.403708125000000600e+02 5.253384400000000200e+01 -3.799230312500000100e+02 1.088911520000000100e+02
2.339799063546316900e-02 1.604441562499999900e+02 1.615565960000000100e+02 5.411573124999999900e+02 5.259054799999999800e+01 -3.807131562500000000e+02 1.089660480000000000e+02
2.367210621071094700e-02 1.604320937499999800e+02 1.616979240000000000e+02 5.421733749999999600e+02 5.262617999999999800e+01 -3.817412812499999900e+02 1.090717440000000000e+02
2.382629869621752000e-02 1.604479062499999600e+02 1.617872120000000100e+02 5.426884374999999600e+02 5.266271600000000300e+01 -3.822405312500000000e+02 1.091244959999999900e+02
2.398399148086343200e-02 1.604794687500000200e+02 1.618451880000000100e+02 5.433785000000000300e+02 5.265460399999999900e+01 -3.828990312500000100e+02 1.091905840000000000e+02
2.433880490406674400e-02 1.604455312499999900e+02 1.620511040000000100e+02 5.444614374999999900e+02 5.273730400000000200e+01 -3.840159062500000000e+02 1.093138000000000000e+02
2.453838716350923600e-02 1.604530312499999800e+02 1.621494720000000000e+02 5.451082500000000000e+02 5.276581600000000100e+01 -3.846552187500000200e+02 1.093836560000000000e+02
2.498744782947358600e-02 1.604463749999999900e+02 1.623134999999999800e+02 5.466946249999999700e+02 5.275213999999999700e+01 -3.862482499999999800e+02 1.095613599999999900e+02
2.599783258123712300e-02 1.604457187500000300e+02 1.627926559999999900e+02 5.493962500000000100e+02 5.287228799999999800e+01 -3.889505312499999800e+02 1.099203680000000000e+02
2.613991724556910200e-02 1.604441250000000400e+02 1.628610400000000000e+02 5.497551875000000300e+02 5.289124799999999700e+01 -3.893110624999999900e+02 1.099697920000000000e+02
2.618387476137415400e-02 1.604450624999999500e+02 1.628810560000000000e+02 5.498558124999999600e+02 5.289564800000000100e+01 -3.894107500000000100e+02 1.099854080000000100e+02
2.620860042735042800e-02 1.604453437500000100e+02 1.628914159999999900e+02 5.499040000000000000e+02 5.289708799999999700e+01 -3.894586562499999900e+02 1.099943280000000000e+02
2.622251079778240400e-02 1.604445937499999700e+02 1.628952879999999900e+02 5.499122499999999700e+02 5.289565600000000200e+01 -3.894676562500000000e+02 1.099996320000000100e+02
2.623033348893944600e-02 1.604753437499999800e+02 1.628944359999999800e+02 5.499200624999999700e+02 5.289208399999999700e+01 -3.894447187499999900e+02 1.100023520000000000e+02
2.623473506270747700e-02 1.606625624999999200e+02 1.628775160000000100e+02 5.500047499999999400e+02 5.288140400000000300e+01 -3.893421875000000200e+02 1.099961120000000000e+02
2.623923444922590300e-02 1.613500624999999800e+02 1.628037239999999900e+02 5.502426874999999900e+02 5.285114800000000200e+01 -3.888926250000000100e+02 1.099525759999999900e+02
2.624480511824872300e-02 1.631664062500000200e+02 1.625396560000000100e+02 5.509007500000000200e+02 5.272520000000000100e+01 -3.877343437499999900e+02 1.098144560000000100e+02
2.624793745513655600e-02 1.639288437500000000e+02 1.623704080000000000e+02 5.512400000000000100e+02 5.262467999999999800e+01 -3.873111562500000100e+02 1.097457280000000000e+02
2.625114198714968000e-02 1.640179062500000700e+02 1.622275640000000000e+02 5.512530625000000600e+02 5.252492399999999900e+01 -3.872351562499999900e+02 1.097026400000000000e+02
2.625834985530420300e-02 1.635805937500000500e+02 1.619545679999999900e+02 5.505258125000000300e+02 5.237154400000000000e+01 -3.869452187499999800e+02 1.095830239999999900e+02
2.627457279862065200e-02 1.620926250000000600e+02 1.617869760000000100e+02 5.495559375000000300e+02 5.223838400000000300e+01 -3.874633124999999700e+02 1.095485920000000000e+02
2.628369500203301500e-02 1.612409375000000300e+02 1.618610999999999900e+02 5.491687500000000500e+02 5.225970000000000200e+01 -3.879278125000000200e+02 1.096014000000000000e+02
2.630422636411711500e-02 1.601086249999999600e+02 1.619036800000000100e+02 5.486862499999999700e+02 5.223399200000000100e+01 -3.885776250000000100e+02 1.096696879999999900e+02
2.635041727105631000e-02 1.584849374999999400e+02 1.620023280000000100e+02 5.480260624999999700e+02 5.221680800000000000e+01 -3.895411250000000200e+02 1.097855200000000100e+02
2.636470724811484200e-02 1.586657187500000000e+02 1.620404240000000000e+02 5.481981250000000000e+02 5.222207199999999700e+01 -3.895324062500000100e+02 1.098183520000000000e+02
2.637932326767471200e-02 1.591409999999999600e+02 1.620761880000000000e+02 5.485355624999999700e+02 5.222469999999999900e+01 -3.893945625000000100e+02 1.098514880000000000e+02
2.641220698280940000e-02 1.601058124999999600e+02 1.622601520000000100e+02 5.492776874999999600e+02 5.230156800000000300e+01 -3.891718750000000000e+02 1.099585840000000000e+02
2.648619767073746900e-02 1.609126562500000000e+02 1.624301120000000100e+02 5.497343750000000000e+02 5.239824000000000100e+01 -3.888217187500000000e+02 1.100318720000000100e+02
2.665267730079436800e-02 1.604164062499999700e+02 1.625375799999999900e+02 5.490428749999999800e+02 5.247113999999999800e+01 -3.886264687500000200e+02 1.100664400000000000e+02
2.695233830602178000e-02 1.604665312499999500e+02 1.628222840000000000e+02 5.489366874999999500e+02 5.260985199999999700e+01 -3.884701562500000000e+02 1.102124320000000100e+02
2.700384137685773700e-02 1.604951249999999700e+02 1.628604520000000100e+02 5.490226874999999600e+02 5.262113200000000300e+01 -3.885275624999999900e+02 1.102393200000000100e+02
2.705651587182348800e-02 1.604933124999999400e+02 1.628846360000000000e+02 5.490523124999999700e+02 5.261949200000000100e+01 -3.885590000000000300e+02 1.102651440000000100e+02
2.712170108334048900e-02 1.604320625000000300e+02 1.629004239999999900e+02 5.490351875000000100e+02 5.261041600000000100e+01 -3.886031249999999800e+02 1.102900080000000000e+02
2.715836689149067300e-02 1.604196562500000000e+02 1.629143719999999900e+02 5.490629374999999800e+02 5.260975599999999700e+01 -3.886432812499999700e+02 1.103046160000000000e+02
2.717899373745015800e-02 1.604139687499999200e+02 1.629200720000000000e+02 5.490689374999999500e+02 5.260750399999999900e+01 -3.886549687500000200e+02 1.103125680000000000e+02
2.720008635841155600e-02 1.605652812499999400e+02 1.628858119999999900e+02 5.491799999999999500e+02 5.257112399999999800e+01 -3.886147187500000100e+02 1.103146880000000000e+02
2.724754650223095200e-02 1.604003124999999800e+02 1.628702319999999900e+02 5.490072500000000000e+02 5.254664799999999800e+01 -3.886069375000000200e+02 1.103235840000000000e+02
2.735433473691835700e-02 1.604337500000000300e+02 1.629488400000000200e+02 5.490838750000000300e+02 5.257576000000000200e+01 -3.886501250000000000e+02 1.103730800000000000e+02
2.759460477165250100e-02 1.604468437500000800e+02 1.630625359999999900e+02 5.494255000000000600e+02 5.259117599999999700e+01 -3.889786562499999700e+02 1.104713600000000000e+02
2.813521118536682600e-02 1.604470312500000100e+02 1.633388959999999800e+02 5.507885000000000000e+02 5.266096799999999700e+01 -3.903414687499999900e+02 1.106779279999999900e+02
2.935158027397407500e-02 1.604449374999999800e+02 1.638524520000000000e+02 5.533476875000000100e+02 5.272890799999999700e+01 -3.929027500000000300e+02 1.111235440000000000e+02
3.003578744965158500e-02 1.604456874999999600e+02 1.641132200000000100e+02 5.550595624999999700e+02 5.277119600000000300e+01 -3.946138750000000100e+02 1.113420239999999900e+02
3.042065500485300500e-02 1.604455937500000000e+02 1.642488480000000100e+02 5.559861250000000200e+02 5.278766399999999900e+01 -3.955405312500000200e+02 1.114611840000000000e+02
3.053972339746571100e-02 1.604451562499999700e+02 1.642893359999999900e+02 5.562598749999999700e+02 5.279124000000000200e+01 -3.958147187500000000e+02 1.114980960000000000e+02
3.060669718499003200e-02 1.604296562500000500e+02 1.643064600000000200e+02 5.563656875000000400e+02 5.278782000000000400e+01 -3.959360312499999800e+02 1.115186400000000000e+02
3.067519638564560800e-02 1.605324375000000100e+02 1.641670800000000000e+02 5.565258750000000400e+02 5.264780799999999800e+01 -3.959934375000000300e+02 1.115192720000000000e+02
3.082931667602688600e-02 1.603895937500000200e+02 1.642899600000000100e+02 5.563985000000000100e+02 5.271076000000000100e+01 -3.960089062500000000e+02 1.115792000000000000e+02
3.117608849382225800e-02 1.604560624999999200e+02 1.644255240000000000e+02 5.571057499999999400e+02 5.273537199999999800e+01 -3.966496875000000300e+02 1.116901520000000000e+02
3.195632217276809400e-02 1.604466250000000400e+02 1.647080919999999900e+02 5.589756875000000500e+02 5.278090799999999700e+01 -3.985290625000000100e+02 1.119271840000000000e+02
3.292186210734794600e-02 1.604431250000000700e+02 1.650360200000000100e+02 5.611023125000000400e+02 5.281758000000000000e+01 -4.006591874999999700e+02 1.122184400000000000e+02
3.316873450273413700e-02 1.604454687499999700e+02 1.651120000000000200e+02 5.615746249999999700e+02 5.281996800000000300e+01 -4.011291562499999900e+02 1.122920320000000100e+02
3.372419448125930200e-02 1.604465937500000300e+02 1.652868000000000000e+02 5.626291250000000400e+02 5.282957600000000300e+01 -4.021825312500000100e+02 1.124572240000000000e+02
3.403664101028908200e-02 1.604470625000000200e+02 1.653843239999999900e+02 5.631854375000000300e+02 5.283402000000000200e+01 -4.027383750000000200e+02 1.125503040000000000e+02
3.413330329643501200e-02 1.604474999999999900e+02 1.654147360000000000e+02 5.633470624999999900e+02 5.283548799999999800e+01 -4.028995625000000000e+02 1.125792480000000100e+02
3.418767554128272100e-02 1.604418750000000400e+02 1.654308480000000000e+02 5.634288125000000500e+02 5.283537599999999700e+01 -4.029869375000000100e+02 1.125954720000000000e+02
3.421826065678299600e-02 1.604332499999999900e+02 1.654385880000000100e+02 5.634636249999999800e+02 5.283402800000000400e+01 -4.030303749999999900e+02 1.126045600000000100e+02
3.423546405647846100e-02 1.604196875000000100e+02 1.654410080000000100e+02 5.634688125000000100e+02 5.283152799999999900e+01 -4.030491250000000000e+02 1.126094800000000000e+02
3.425305870717553600e-02 1.604925312500000100e+02 1.654263000000000000e+02 5.635463750000000100e+02 5.281421999999999900e+01 -4.030538437500000000e+02 1.126120800000000100e+02
3.429264725346268400e-02 1.606093749999999400e+02 1.653657480000000000e+02 5.637068124999999600e+02 5.275137200000000300e+01 -4.030974375000000100e+02 1.126143759999999900e+02
3.438172206482753600e-02 1.603237187500000100e+02 1.654212600000000200e+02 5.635464375000000200e+02 5.277495600000000300e+01 -4.032227187500000100e+02 1.126463040000000000e+02
3.458214039039844700e-02 1.604762187499999900e+02 1.655174000000000100e+02 5.639608124999999700e+02 5.280361599999999800e+01 -4.034845937499999900e+02 1.127137840000000000e+02
3.483015626341432600e-02 1.604509374999999500e+02 1.655973359999999800e+02 5.642961874999999700e+02 5.281087999999999700e+01 -4.038452500000000200e+02 1.127864560000000000e+02
3.486503349555717500e-02 1.604479687500000300e+02 1.656043560000000000e+02 5.643260625000000300e+02 5.280874800000000100e+01 -4.038780937500000100e+02 1.127956080000000000e+02
3.490070487407828700e-02 1.604531562499999500e+02 1.656010840000000100e+02 5.643447499999999800e+02 5.279974800000000100e+01 -4.038915937500000300e+02 1.128013360000000100e+02
3.498096256465702700e-02 1.604158437500000200e+02 1.656192200000000100e+02 5.644035625000000200e+02 5.279615600000000300e+01 -4.039877187500000000e+02 1.128230640000000000e+02
3.502610547784192800e-02 1.604349374999999900e+02 1.656373600000000000e+02 5.644848749999999900e+02 5.279907200000000200e+01 -4.040499375000000000e+02 1.128382880000000100e+02
3.505149953094594700e-02 1.604497187500000500e+02 1.656466320000000100e+02 5.645292500000000500e+02 5.280000799999999800e+01 -4.040795312500000000e+02 1.128466240000000100e+02
3.510863615042997300e-02 1.604753125000000300e+02 1.656611080000000100e+02 5.645911875000000500e+02 5.279644400000000100e+01 -4.041158750000000200e+02 1.128646640000000000e+02
3.523719470870655100e-02 1.604449687500000400e+02 1.657073000000000000e+02 5.647696250000000200e+02 5.280263600000000000e+01 -4.043246562499999800e+02 1.129046640000000000e+02
3.552644797151633500e-02 1.604476249999999600e+02 1.658040960000000200e+02 5.652342499999999700e+02 5.281533600000000200e+01 -4.047866250000000200e+02 1.129887600000000000e+02
3.617726606618208700e-02 1.604456250000000100e+02 1.660143600000000100e+02 5.662110000000000100e+02 5.283468800000000000e+01 -4.057653750000000100e+02 1.131796720000000000e+02
3.764161143693003900e-02 1.604479062499999600e+02 1.664602800000000100e+02 5.681811874999999600e+02 5.286510400000000200e+01 -4.077332812500000000e+02 1.135951760000000000e+02
3.945373702835250400e-02 1.604446562499999800e+02 1.670255640000000000e+02 5.705746874999999800e+02 5.292405999999999700e+01 -4.101300312500000000e+02 1.141015040000000100e+02
4.047305767352765000e-02 1.604455312500000400e+02 1.673401800000000000e+02 5.718115625000000400e+02 5.295549200000000000e+01 -4.113660312499999900e+02 1.143846880000000000e+02
4.073368207584516400e-02 1.604464062500000500e+02 1.674201119999999900e+02 5.721151250000000300e+02 5.296334399999999900e+01 -4.116687187499999800e+02 1.144567680000000000e+02
4.088028009994562600e-02 1.604460937500000500e+02 1.674647200000000000e+02 5.722826250000000500e+02 5.296743200000000200e+01 -4.118365312500000100e+02 1.144972880000000000e+02
4.102459116878672700e-02 1.604492187500000000e+02 1.675087839999999900e+02 5.724486875000000100e+02 5.297148800000000100e+01 -4.119994687500000100e+02 1.145372960000000000e+02
4.105010166564122100e-02 1.604582812499999700e+02 1.675168520000000000e+02 5.724826249999999800e+02 5.297256399999999800e+01 -4.120243437500000100e+02 1.145442879999999900e+02
4.106445219345000000e-02 1.604670937500000600e+02 1.675214280000000100e+02 5.725013125000000400e+02 5.297314800000000200e+01 -4.120342187499999800e+02 1.145482800000000100e+02
4.107252407423305600e-02 1.604794374999999600e+02 1.675242720000000000e+02 5.725131874999999600e+02 5.297359999999999800e+01 -4.120337500000000000e+02 1.145506720000000100e+02
4.107706538050166800e-02 1.604990312499999700e+02 1.675262520000000000e+02 5.725211875000000000e+02 5.297395600000000100e+01 -4.120221562500000200e+02 1.145522960000000000e+02
4.107822516025641500e-02 1.605074374999999800e+02 1.675267560000000100e+02 5.725233749999999900e+02 5.297406000000000100e+01 -4.120159375000000100e+02 1.145526960000000000e+02
4.108083815801711500e-02 1.606726562500000500e+02 1.675123680000000100e+02 5.725343125000000600e+02 5.297350399999999800e+01 -4.118616562500000100e+02 1.145388640000000000e+02
4.108671623854119600e-02 1.623138750000000000e+02 1.673287159999999900e+02 5.730703750000000100e+02 5.291790799999999700e+01 -4.107565000000000200e+02 1.144108080000000000e+02
4.109993959084535400e-02 1.628929062500000100e+02 1.670701839999999800e+02 5.733415000000000000e+02 5.278076000000000100e+01 -4.104485937499999900e+02 1.142894240000000000e+02
4.112969329796722900e-02 1.607871562500000100e+02 1.671530160000000100e+02 5.721725625000000300e+02 5.279297600000000300e+01 -4.113854062500000200e+02 1.143600400000000000e+02
4.119663913899143700e-02 1.595843125000000100e+02 1.672811360000000000e+02 5.716558125000000200e+02 5.279475999999999700e+01 -4.120715000000000100e+02 1.144863760000000100e+02
4.127948188083075500e-02 1.601275937500000200e+02 1.674211359999999900e+02 5.717573750000000200e+02 5.286520000000000200e+01 -4.116297812500000100e+02 1.145559360000000000e+02
4.130066532791752700e-02 1.603459687500000000e+02 1.674480959999999900e+02 5.718743749999999900e+02 5.288049600000000100e+01 -4.115284062499999900e+02 1.145676000000000000e+02
4.134832342611273500e-02 1.606815624999999800e+02 1.674899600000000000e+02 5.721137499999999800e+02 5.290409600000000300e+01 -4.114321875000000000e+02 1.145858640000000000e+02
4.145555880480197200e-02 1.605962500000000500e+02 1.675100640000000000e+02 5.720962500000000500e+02 5.290466399999999700e+01 -4.115000000000000000e+02 1.146054000000000000e+02
4.151587666754903000e-02 1.603986875000000500e+02 1.675256440000000000e+02 5.720370000000000300e+02 5.290487600000000200e+01 -4.116383124999999800e+02 1.146207680000000000e+02
4.165159418760493900e-02 1.604043437500000100e+02 1.675941560000000000e+02 5.723214375000000000e+02 5.292683600000000200e+01 -4.119170937499999900e+02 1.146673200000000000e+02
4.181954333779285000e-02 1.604590937499999700e+02 1.676689120000000100e+02 5.726621249999999500e+02 5.294577600000000200e+01 -4.122030312499999800e+02 1.147231360000000000e+02
4.191401648142981100e-02 1.604573750000000100e+02 1.677032879999999900e+02 5.727970625000000400e+02 5.295133599999999800e+01 -4.123396875000000300e+02 1.147519520000000000e+02
4.193817157302875300e-02 1.604570312499999400e+02 1.677113360000000200e+02 5.728261874999999500e+02 5.295224799999999700e+01 -4.123691562500000000e+02 1.147590880000000100e+02
4.195175822983440700e-02 1.604575312499999900e+02 1.677156040000000100e+02 5.728404375000000100e+02 5.295254800000000000e+01 -4.123829062500000200e+02 1.147630560000000100e+02
4.196857270740327700e-02 1.604685000000000100e+02 1.677203880000000100e+02 5.728510000000000000e+02 5.295220400000000200e+01 -4.123824999999999900e+02 1.147681840000000100e+02
4.197803259769201900e-02 1.605194062500000300e+02 1.677227120000000000e+02 5.728662500000000400e+02 5.295122400000000300e+01 -4.123468437500000100e+02 1.147714880000000100e+02
4.198770208673163100e-02 1.614210000000000500e+02 1.676386119999999900e+02 5.732775625000000400e+02 5.291456399999999900e+01 -4.118565625000000000e+02 1.147240480000000000e+02
4.200946775257078500e-02 1.613783125000000500e+02 1.675311600000000000e+02 5.731647500000000300e+02 5.284700800000000200e+01 -4.117864374999999800e+02 1.146841520000000000e+02
4.205843467852134900e-02 1.600469375000000100e+02 1.676030600000000000e+02 5.723342500000000000e+02 5.284837999999999900e+01 -4.122873124999999800e+02 1.147546799999999900e+02
4.216861841297266100e-02 1.602306249999999700e+02 1.676889559999999900e+02 5.722268749999999500e+02 5.287925200000000100e+01 -4.119962499999999700e+02 1.148097040000000000e+02
4.223059443472652200e-02 1.605348125000000400e+02 1.677249999999999900e+02 5.724861875000000300e+02 5.289284000000000000e+01 -4.119513749999999800e+02 1.148321600000000000e+02
4.224976573380503900e-02 1.605993750000000100e+02 1.677330719999999900e+02 5.725396250000000000e+02 5.289469600000000300e+01 -4.119402499999999900e+02 1.148383760000000000e+02
4.226937486138535700e-02 1.606378750000000100e+02 1.677347920000000000e+02 5.725356249999999800e+02 5.289064799999999900e+01 -4.118977499999999700e+02 1.148441440000000000e+02
4.228040441343054000e-02 1.608495624999999900e+02 1.677107360000000000e+02 5.726215624999999800e+02 5.286979199999999700e+01 -4.117719999999999900e+02 1.148409439999999900e+02
4.230522556328220700e-02 1.615762812500000200e+02 1.675550279999999900e+02 5.727970625000000400e+02 5.277071600000000000e+01 -4.112207812500000200e+02 1.147843120000000000e+02
4.233593876690800600e-02 1.607136874999999900e+02 1.675373799999999800e+02 5.722449374999999900e+02 5.272361999999999700e+01 -4.115312500000000000e+02 1.148137600000000000e+02
4.235321436172876500e-02 1.602723750000000100e+02 1.675374679999999900e+02 5.719229374999999900e+02 5.270518800000000000e+01 -4.116505624999999800e+02 1.148322800000000000e+02
4.236293042826856000e-02 1.601259375000000200e+02 1.675229799999999900e+02 5.717728750000000000e+02 5.268735600000000100e+01 -4.116469374999999800e+02 1.148356240000000000e+02
4.237287006680928000e-02 1.601291874999999400e+02 1.674807520000000000e+02 5.716755624999999600e+02 5.264793600000000100e+01 -4.115463750000000100e+02 1.148328159999999900e+02
4.239523192465087500e-02 1.604677812500000300e+02 1.673342360000000000e+02 5.716184375000000300e+02 5.252652400000000200e+01 -4.111506562500000000e+02 1.148077120000000000e+02
4.244554494035695400e-02 1.598672500000000100e+02 1.674340560000000000e+02 5.710140625000000200e+02 5.256735200000000000e+01 -4.111468125000000100e+02 1.148667040000000000e+02
4.255875155457064500e-02 1.604398437499999700e+02 1.675669240000000000e+02 5.709892499999999700e+02 5.264274799999999700e+01 -4.105494062500000000e+02 1.149241760000000000e+02
4.281346527211395800e-02 1.604794999999999700e+02 1.677040279999999900e+02 5.710148749999999600e+02 5.269174000000000300e+01 -4.105353749999999900e+02 1.150122880000000000e+02
4.284928802751068700e-02 1.604819062500000700e+02 1.677182119999999900e+02 5.710510000000000400e+02 5.269458000000000200e+01 -4.105690937499999800e+02 1.150236320000000100e+02
4.286943279634319900e-02 1.604747812499999800e+02 1.677243959999999800e+02 5.710566874999999500e+02 5.269438799999999600e+01 -4.105819062499999700e+02 1.150300080000000000e+02
4.288076975988963600e-02 1.604655937499999800e+02 1.677265480000000100e+02 5.710473124999999800e+02 5.269296400000000300e+01 -4.105817187499999900e+02 1.150335840000000000e+02
4.290626628349406700e-02 1.616937500000000200e+02 1.674540560000000100e+02 5.712785625000000200e+02 5.250332000000000200e+01 -4.095848125000000000e+02 1.149507360000000100e+02
4.296364510597908800e-02 1.602518124999999700e+02 1.675013440000000200e+02 5.704529374999999600e+02 5.246517600000000000e+01 -4.102011249999999900e+02 1.150361680000000000e+02
4.303464784726992300e-02 1.599162812500000000e+02 1.675927319999999800e+02 5.699241250000000000e+02 5.252700399999999800e+01 -4.100078437500000100e+02 1.150657279999999900e+02
4.310726217006734900e-02 1.603936249999999900e+02 1.676735679999999900e+02 5.701857499999999800e+02 5.257524000000000100e+01 -4.097921250000000000e+02 1.150983280000000000e+02
4.312972649840936300e-02 1.605549999999999500e+02 1.676942560000000000e+02 5.702989374999999700e+02 5.258720799999999700e+01 -4.097439375000000200e+02 1.151070480000000100e+02
4.313546950418288600e-02 1.605928749999999900e+02 1.676991960000000000e+02 5.703258750000000000e+02 5.259001200000000200e+01 -4.097330000000000000e+02 1.151091840000000000e+02
4.314258188846201900e-02 1.606364375000000600e+02 1.677050639999999900e+02 5.703561875000000300e+02 5.259320799999999700e+01 -4.097197499999999800e+02 1.151118560000000000e+02
4.314657823797839200e-02 1.606615312500000000e+02 1.677083440000000100e+02 5.703733750000000100e+02 5.259493599999999700e+01 -4.097118437500000100e+02 1.151134080000000100e+02
4.314882793123760200e-02 1.606764374999999600e+02 1.677102240000000100e+02 5.703833124999999900e+02 5.259590399999999700e+01 -4.097068750000000300e+02 1.151143200000000100e+02
4.315112885974702700e-02 1.606931562499999600e+02 1.677122320000000000e+02 5.703938749999999800e+02 5.259691200000000300e+01 -4.097007187500000200e+02 1.151153200000000000e+02
4.315242371425232600e-02 1.607034999999999600e+02 1.677134320000000100e+02 5.704000624999999900e+02 5.259749600000000000e+01 -4.096965625000000300e+02 1.151159360000000000e+02
4.315533480801424900e-02 1.607460937500000600e+02 1.677170040000000000e+02 5.704175625000000300e+02 5.259913199999999700e+01 -4.096714687499999700e+02 1.151178720000000100e+02
4.316188360454107500e-02 1.619288125000000500e+02 1.676414719999999900e+02 5.707262500000000500e+02 5.259615199999999600e+01 -4.087974375000000000e+02 1.150453200000000000e+02
4.317662072560143900e-02 1.618482187500000600e+02 1.675911879999999900e+02 5.708222500000000500e+02 5.255348399999999700e+01 -4.089740312500000000e+02 1.150377040000000100e+02
4.320977924798725900e-02 1.605288437500000800e+02 1.676389760000000100e+02 5.701196875000000500e+02 5.254901600000000200e+01 -4.095908437499999800e+02 1.150899600000000000e+02
4.328439174554286900e-02 1.600612187500000200e+02 1.676743799999999900e+02 5.697110625000000300e+02 5.254658800000000000e+01 -4.096498437500000000e+02 1.151277920000000000e+02
4.329488565633585900e-02 1.600729687499999700e+02 1.676787479999999800e+02 5.697011874999999500e+02 5.254605200000000300e+01 -4.096282187499999700e+02 1.151326960000000000e+02
4.330078702561002800e-02 1.600944999999999800e+02 1.676818399999999900e+02 5.697086875000000000e+02 5.254666400000000000e+01 -4.096141875000000100e+02 1.151351760000000000e+02
4.330809037763994100e-02 1.602314062500000200e+02 1.676886639999999900e+02 5.697628125000000000e+02 5.255006399999999900e+01 -4.095314062499999700e+02 1.151386000000000000e+02
4.331556140867053700e-02 1.611540312499999500e+02 1.676235760000000100e+02 5.701141874999999600e+02 5.253691200000000100e+01 -4.089601562500000100e+02 1.150866640000000000e+02
4.333236657073937700e-02 1.611412812500000200e+02 1.675724199999999900e+02 5.701245000000000100e+02 5.249960399999999800e+01 -4.089832187499999900e+02 1.150728160000000000e+02
4.337017818539425100e-02 1.603328125000000500e+02 1.676286519999999900e+02 5.696866250000000500e+02 5.250818799999999700e+01 -4.093538125000000000e+02 1.151204640000000000e+02
4.345526130499275500e-02 1.602627499999999800e+02 1.676870280000000000e+02 5.695863749999999800e+02 5.252355599999999900e+01 -4.093236249999999900e+02 1.151634720000000000e+02
4.350311968643878100e-02 1.605397187500000200e+02 1.677211120000000100e+02 5.699231250000000300e+02 5.253923999999999900e+01 -4.093834062500000100e+02 1.151818720000000000e+02
4.350985013521634800e-02 1.605978437499999800e+02 1.677259440000000000e+02 5.699953124999999500e+02 5.254131199999999800e+01 -4.093974687499999700e+02 1.151846319999999900e+02
4.352499248052836600e-02 1.609335000000000400e+02 1.677295839999999900e+02 5.703985000000000100e+02 5.253920000000000100e+01 -4.094649999999999700e+02 1.151903839999999900e+02
4.355906392191792600e-02 1.607052812500000400e+02 1.677488000000000200e+02 5.703315625000000200e+02 5.254466399999999700e+01 -4.096262812499999800e+02 1.152041360000000100e+02
4.360123053284064400e-02 1.604909374999999700e+02 1.677670080000000000e+02 5.702443749999999900e+02 5.254613599999999700e+01 -4.097534375000000200e+02 1.152208720000000000e+02
4.362494779593778500e-02 1.603739687500000200e+02 1.677756200000000000e+02 5.701848750000000300e+02 5.254558000000000100e+01 -4.098109062500000200e+02 1.152300400000000000e+02
4.364920070028713300e-02 1.604187500000000500e+02 1.677912640000000100e+02 5.701704375000000500e+02 5.254803199999999900e+01 -4.097516875000000000e+02 1.152432320000000100e+02
4.370377555726066800e-02 1.602278125000000300e+02 1.678002960000000000e+02 5.701015625000000000e+02 5.254458400000000000e+01 -4.098737499999999700e+02 1.152557120000000000e+02
4.382657247876364100e-02 1.604420312500000700e+02 1.678736040000000000e+02 5.704606250000000500e+02 5.257389200000000100e+01 -4.100185937499999800e+02 1.152997120000000000e+02
4.410286555214534100e-02 1.604546250000000200e+02 1.679744719999999900e+02 5.708321250000000200e+02 5.260032000000000400e+01 -4.103775000000000000e+02 1.153741520000000000e+02
4.472451681619162700e-02 1.604500625000000000e+02 1.681818519999999900e+02 5.716165624999999900e+02 5.264320399999999700e+01 -4.111664999999999800e+02 1.155386479999999900e+02
4.612323448917077200e-02 1.604458437499999900e+02 1.685795719999999800e+02 5.729028124999999800e+02 5.266827599999999900e+01 -4.124569687499999900e+02 1.159112959999999900e+02
4.691001230689341400e-02 1.604463437500000400e+02 1.687893919999999900e+02 5.735654375000000300e+02 5.267352000000000300e+01 -4.131190937499999900e+02 1.161158720000000000e+02
4.868026472564437200e-02 1.604479062499999600e+02 1.692783800000000000e+02 5.750539374999999600e+02 5.272899600000000200e+01 -4.146060312500000000e+02 1.165493840000000000e+02
4.921134138281965700e-02 1.604451875000000300e+02 1.694346879999999900e+02 5.755820625000000100e+02 5.276033600000000200e+01 -4.151368749999999700e+02 1.166743520000000000e+02
4.922689826788338000e-02 1.604491874999999400e+02 1.694395440000000100e+02 5.755990624999999500e+02 5.276144800000000100e+01 -4.151498750000000100e+02 1.166780960000000000e+02
4.923565018016922600e-02 1.604530624999999300e+02 1.694424280000000100e+02 5.756091249999999500e+02 5.276214800000000300e+01 -4.151560625000000200e+02 1.166802800000000000e+02
4.924648410671360300e-02 1.604683750000000400e+02 1.694467680000000200e+02 5.756268125000000300e+02 5.276357600000000000e+01 -4.151584374999999900e+02 1.166831920000000100e+02
4.925756023625897000e-02 1.607321249999999400e+02 1.694453640000000100e+02 5.757833124999999700e+02 5.276308399999999900e+01 -4.150511875000000300e+02 1.166822800000000100e+02
4.928247919886104300e-02 1.609709062500000400e+02 1.694121799999999800e+02 5.759152500000000100e+02 5.273791599999999800e+01 -4.149443437499999700e+02 1.166742639999999900e+02
4.933855850909073900e-02 1.602476874999999800e+02 1.694260559999999900e+02 5.753019375000000100e+02 5.273532800000000300e+01 -4.150542500000000200e+02 1.166907279999999900e+02
4.946472764160752400e-02 1.603696250000000400e+02 1.694744080000000100e+02 5.754850000000000100e+02 5.274959200000000000e+01 -4.151153749999999700e+02 1.167248160000000000e+02
4.974860353202028400e-02 1.604594999999999900e+02 1.695681800000000100e+02 5.758706250000000200e+02 5.277248399999999900e+01 -4.154111250000000300e+02 1.167956960000000100e+02
5.038733476538652400e-02 1.604471562499999800e+02 1.697615480000000000e+02 5.764658124999999700e+02 5.281119600000000200e+01 -4.160186562499999900e+02 1.169503520000000000e+02
5.182448353377309300e-02 1.604469374999999300e+02 1.701730279999999900e+02 5.777481249999999600e+02 5.289880399999999800e+01 -4.173011875000000300e+02 1.172742240000000000e+02
5.263287331158425500e-02 1.604464375000000000e+02 1.704032560000000000e+02 5.784832500000000000e+02 5.294980799999999700e+01 -4.180368125000000000e+02 1.174534479999999900e+02
5.308759547269680000e-02 1.604603437499999900e+02 1.705346360000000100e+02 5.790272499999999800e+02 5.298182800000000000e+01 -4.185669062499999900e+02 1.175528080000000000e+02
5.365031222575168700e-02 1.604451562500000300e+02 1.706926279999999800e+02 5.794962500000000300e+02 5.301825199999999700e+01 -4.190510937500000100e+02 1.176743760000000000e+02
5.422581916035895700e-02 1.604462499999999600e+02 1.708537519999999900e+02 5.799813749999999600e+02 5.305416799999999700e+01 -4.195351249999999900e+02 1.177995840000000000e+02
5.454954210218492700e-02 1.604487812500000200e+02 1.709418959999999900e+02 5.802233750000000300e+02 5.307188800000000100e+01 -4.197745937500000100e+02 1.178700080000000000e+02
5.495015052357582500e-02 1.604455937500000000e+02 1.710550720000000000e+02 5.805556874999999800e+02 5.309707199999999700e+01 -4.201100937499999800e+02 1.179580000000000000e+02
5.505257910424536700e-02 1.604697499999999800e+02 1.710832480000000000e+02 5.806198124999999700e+02 5.310226399999999800e+01 -4.201500624999999900e+02 1.179809840000000100e+02
5.528303991743933200e-02 1.604425000000000000e+02 1.711459199999999900e+02 5.807945624999999800e+02 5.311507999999999900e+01 -4.203520624999999900e+02 1.180308400000000000e+02
5.580158256931327900e-02 1.604473437500000700e+02 1.712939759999999900e+02 5.812368750000000500e+02 5.315019999999999800e+01 -4.207895312499999800e+02 1.181437760000000000e+02
5.644327613169165800e-02 1.604461562500000600e+02 1.714749720000000100e+02 5.817675625000000500e+02 5.319263600000000000e+01 -4.213214062500000000e+02 1.182823360000000000e+02
5.660734537611369200e-02 1.604471249999999700e+02 1.715212359999999900e+02 5.819032499999999600e+02 5.320362000000000100e+01 -4.214561249999999900e+02 1.183176160000000000e+02
5.669963403499170300e-02 1.604473749999999700e+02 1.715471560000000000e+02 5.819786874999999800e+02 5.320976400000000000e+01 -4.215313125000000100e+02 1.183373919999999900e+02
5.675154931670434900e-02 1.604508437499999300e+02 1.715618440000000100e+02 5.820226249999999500e+02 5.321338000000000100e+01 -4.215717812500000200e+02 1.183484640000000100e+02
5.678074875157395500e-02 1.604727187500000700e+02 1.715713720000000000e+02 5.820588125000000400e+02 5.321665999999999700e+01 -4.215860937499999700e+02 1.183547120000000100e+02
5.678978478661096000e-02 1.604879062499999200e+02 1.715748480000000000e+02 5.820744999999999400e+02 5.321815200000000300e+01 -4.215865937500000200e+02 1.183566960000000000e+02
5.679902110489878900e-02 1.605312812500000100e+02 1.715802400000000000e+02 5.821066875000000200e+02 5.322107199999999900e+01 -4.215754062500000100e+02 1.183591680000000000e+02
5.681981330098395700e-02 1.613739375000000100e+02 1.715175439999999900e+02 5.826249374999999900e+02 5.319155200000000100e+01 -4.212509999999999800e+02 1.183259920000000000e+02
5.686658642667553900e-02 1.603670625000000300e+02 1.715352440000000100e+02 5.819119375000000200e+02 5.319016400000000300e+01 -4.215448749999999900e+02 1.183450800000000000e+02
5.697182828835661200e-02 1.602331250000000300e+02 1.715809560000000100e+02 5.817803125000000400e+02 5.320029999999999900e+01 -4.215471875000000100e+02 1.183806560000000000e+02
5.720862364157652100e-02 1.604701874999999500e+02 1.716628360000000000e+02 5.821644374999999600e+02 5.322806800000000000e+01 -4.216942500000000100e+02 1.184347680000000100e+02
5.774140969300881700e-02 1.604466874999999400e+02 1.718218000000000000e+02 5.826354374999999700e+02 5.326549599999999900e+01 -4.221887500000000300e+02 1.185563040000000000e+02
5.894017947316897800e-02 1.604467187500000600e+02 1.721547479999999800e+02 5.835933750000000400e+02 5.334130799999999800e+01 -4.231466562499999800e+02 1.188134400000000000e+02
6.163741264296684200e-02 1.604467812499999600e+02 1.728864680000000100e+02 5.857348124999999800e+02 5.352003599999999800e+01 -4.252880312500000200e+02 1.193664320000000000e+02
6.649243234860299800e-02 1.604466249999999800e+02 1.741645400000000200e+02 5.890294999999999800e+02 5.386193200000000300e+01 -4.285828750000000000e+02 1.203026080000000100e+02
6.800962455106743200e-02 1.604467500000000100e+02 1.745618920000000000e+02 5.901022500000000300e+02 5.398045200000000000e+01 -4.296555000000000200e+02 1.205814400000000000e+02
6.886304545606303200e-02 1.604464375000000000e+02 1.747809680000000000e+02 5.906680000000000100e+02 5.404527999999999800e+01 -4.302215625000000000e+02 1.207356880000000000e+02
6.934309646177933000e-02 1.604470312499999500e+02 1.749036000000000100e+02 5.909775624999999800e+02 5.408154400000000100e+01 -4.305305312500000200e+02 1.208220560000000000e+02
6.961312486138536400e-02 1.604470625000000200e+02 1.749727480000000000e+02 5.911564375000000400e+02 5.410294799999999800e+01 -4.307093750000000200e+02 1.208698000000000000e+02
6.976501408950749900e-02 1.604561250000000400e+02 1.750102560000000000e+02 5.912563750000000500e+02 5.411592799999999700e+01 -4.308002500000000100e+02 1.208943280000000000e+02
6.981200612944998800e-02 1.604786874999999800e+02 1.750216279999999900e+02 5.912911249999999700e+02 5.412091600000000100e+01 -4.308124374999999900e+02 1.209007120000000000e+02
6.986006479414683100e-02 1.608769687500000600e+02 1.750139000000000100e+02 5.916553750000000500e+02 5.412447600000000100e+01 -4.307784062499999900e+02 1.208894240000000100e+02
6.988709837525757000e-02 1.608810000000000300e+02 1.749699959999999800e+02 5.917228750000000400e+02 5.410837999999999700e+01 -4.308418750000000200e+02 1.208616160000000000e+02
6.994792393275670000e-02 1.601116875000000200e+02 1.749887360000000200e+02 5.910903749999999900e+02 5.411087200000000100e+01 -4.309786874999999800e+02 1.208778640000000000e+02
7.000000223572001900e-02 1.601500937500000000e+02 1.750138959999999900e+02 5.910005625000000000e+02 5.411181599999999700e+01 -4.308504687500000000e+02 1.209020800000000000e+02
