0.000000000000000000e+00 0.000000000000000000e+00 0.000000000000000000e+00 0.000000000000000000e+00 0.000000000000000000e+00 0.000000000000000000e+00 0.000000000000000000e+00
3.100132624360293000e-09 1.591319765625000000e+02 8.060302734372998300e-07 9.578655468750000100e+01 -1.967094116210937500e-03 6.334542187500000000e+01 1.967900146484374800e-03
8.750030263730749000e-04 1.591374492187499900e+02 2.918614050000000000e+01 9.804268750000000000e+01 7.410078500000000000e+00 6.109476171875000000e+01 2.177606200000000000e+01
1.235940517523350000e-03 1.591761367187500000e+02 4.065092200000000100e+01 1.050807968750000000e+02 9.116827999999999900e+00 5.409533984374999700e+01 3.153409400000000000e+01
1.309768620864812300e-03 1.591521171875000100e+02 4.291481999999999900e+01 1.074442187500000000e+02 9.313323999999999700e+00 5.170789843749999900e+01 3.360149599999999700e+01
1.402053786430312500e-03 1.591351054687500000e+02 4.569834499999999600e+01 1.110633828125000000e+02 9.466941000000000300e+00 4.807172265625000300e+01 3.623140399999999800e+01
1.609695408952687600e-03 1.591340898437500200e+02 5.198867699999999600e+01 1.179301875000000000e+02 1.011439700000000000e+01 4.120390234375000200e+01 4.187427999999999900e+01
1.726493876204531400e-03 1.591308554687499800e+02 5.549846600000000100e+01 1.217186562500000000e+02 1.051389799999999900e+01 3.741219921874999700e+01 4.498456800000000300e+01
1.871031864804371600e-03 1.591389121093749800e+02 5.980234300000000000e+01 1.266352421875000000e+02 1.099607100000000100e+01 3.250366992187500200e+01 4.880627200000000000e+01
1.952334492488949600e-03 1.591428652343749900e+02 6.220713100000000400e+01 1.294547343749999900e+02 1.127298700000000100e+01 2.968813085937500100e+01 5.093414400000000300e+01
1.973122030824095300e-03 1.591579902343749800e+02 6.282024200000000000e+01 1.302457656249999900e+02 1.134777399999999900e+01 2.891222460937499900e+01 5.147246799999999900e+01
1.984815021137615100e-03 1.591981113281250100e+02 6.317012299999999700e+01 1.308142343750000100e+02 1.139724700000000000e+01 2.838387695312500000e+01 5.177287599999999700e+01
1.991392346383305500e-03 1.593784609374999900e+02 6.337142500000000200e+01 1.314701718750000100e+02 1.142739699999999900e+01 2.790828906250000000e+01 5.194402800000000300e+01
1.999531910096333100e-03 1.605712558593749900e+02 6.357409099999999600e+01 1.341995781249999900e+02 1.141921100000000100e+01 2.637167773437500200e+01 5.215487999999999900e+01
2.007856328263242200e-03 1.603919609375000200e+02 6.368088399999999900e+01 1.350360000000000000e+02 1.138957600000000000e+01 2.535596093750000100e+01 5.229130800000000100e+01
2.026586305527460000e-03 1.587593417968749900e+02 6.412367500000000600e+01 1.346368750000000000e+02 1.145748300000000000e+01 2.412246679687499900e+01 5.266619200000000200e+01
2.068728754371950900e-03 1.585978867187500000e+02 6.543584699999999500e+01 1.357986875000000000e+02 1.171875099999999900e+01 2.279919921875000100e+01 5.371709599999999800e+01
2.163549191494710100e-03 1.592308906249999700e+02 6.817501099999999800e+01 1.396970624999999900e+02 1.210368300000000000e+01 1.953382812499999900e+01 5.607132800000000100e+01
2.280889558850336600e-03 1.591254121093750200e+02 7.159305899999999700e+01 1.439115937500000100e+02 1.251809500000000100e+01 1.521381835937500100e+01 5.907496400000000100e+01
2.400896633646572700e-03 1.591428046874999900e+02 7.505271299999999700e+01 1.485961093750000000e+02 1.288234900000000000e+01 1.054669531250000100e+01 6.217036399999999900e+01
2.670912806658808900e-03 1.591325611724853700e+02 8.282452100000000400e+01 1.588935781250000000e+02 1.373012900000000000e+01 2.389830474853515700e-01 6.909439199999999900e+01
3.005057755261842000e-03 1.591252128906249900e+02 9.234772800000000400e+01 1.714592812500000000e+02 1.476951200000000100e+01 -1.233406835937499900e+01 7.757821599999999800e+01
3.346796874161605100e-03 1.591309960937499900e+02 1.020122880000000000e+02 1.835055312499999900e+02 1.583875199999999900e+01 -2.437453515625000100e+01 8.617353599999999900e+01
3.430896626287328100e-03 1.591340839843750000e+02 1.043769619999999900e+02 1.864122031249999900e+02 1.610237000000000100e+01 -2.727811914062500200e+01 8.827459199999999800e+01
3.437654730455634000e-03 1.591343242187500100e+02 1.045662650000000000e+02 1.866412500000000100e+02 1.612307300000000200e+01 -2.750692578125000100e+01 8.844319199999999600e+01
3.446017720614888900e-03 1.591333085937500000e+02 1.047981610000000100e+02 1.869074218750000100e+02 1.614713700000000100e+01 -2.777411328124999900e+01 8.865102400000000700e+01
3.450722048134157900e-03 1.591499179687499700e+02 1.049244719999999900e+02 1.870654999999999900e+02 1.615709599999999900e+01 -2.791558203125000000e+01 8.876737599999999900e+01
3.455533212794489300e-03 1.592752929687499900e+02 1.050374789999999900e+02 1.873352500000000000e+02 1.615199099999999900e+01 -2.805995703125000100e+01 8.888548799999999500e+01
3.458239365555573800e-03 1.594785312500000000e+02 1.050838680000000000e+02 1.876318593750000000e+02 1.613269199999999900e+01 -2.815332812500000200e+01 8.895117600000000400e+01
3.459761576483683700e-03 1.596987988281250100e+02 1.050981150000000100e+02 1.879267812500000000e+02 1.610985099999999900e+01 -2.822798242187500200e+01 8.898826400000000100e+01
3.463186769403962900e-03 1.614701699218750000e+02 1.049996860000000000e+02 1.900364375000000100e+02 1.593831000000000000e+01 -2.856626757812500000e+01 8.906137599999999600e+01
3.467296942686423200e-03 1.642003613281250100e+02 1.047392210000000100e+02 1.939527343750000100e+02 1.558234900000000100e+01 -2.975237304687500000e+01 8.915687200000000700e+01
3.475003481202364800e-03 1.616522460937499900e+02 1.046293570000000000e+02 1.949935625000000000e+02 1.526838100000000000e+01 -3.334131640625000200e+01 8.936097599999999400e+01
3.492343120085887600e-03 1.585549257812500100e+02 1.053469470000000000e+02 1.940060156250000000e+02 1.545238700000000000e+01 -3.545108984374999700e+01 8.989455999999999800e+01
3.531357307573814700e-03 1.578416054687500000e+02 1.067930330000000100e+02 1.947168437500000100e+02 1.572202500000000000e+01 -3.687523828124999900e+01 9.107100800000000600e+01
3.619139011089618800e-03 1.592577929687499800e+02 1.094028469999999900e+02 1.978025624999999900e+02 1.609291100000000100e+01 -3.854476953124999700e+01 9.330993599999999300e+01
3.816648571773617800e-03 1.591416562500000100e+02 1.147549520000000000e+02 2.038225781250000100e+02 1.678153599999999900e+01 -4.468092187500000300e+01 9.797341600000000000e+01
4.261044209984487600e-03 1.591317968749999900e+02 1.271655519999999900e+02 2.170561562499999900e+02 1.840054400000000000e+01 -5.792435937500000200e+01 1.087650079999999900e+02
4.810984172518291200e-03 1.591307187500000000e+02 1.423413280000000000e+02 2.350250781249999900e+02 2.017708000000000000e+01 -7.589435937499999300e+01 1.221642480000000000e+02
5.373422625009539900e-03 1.591317890624999900e+02 1.575936539999999900e+02 2.543912812499999900e+02 2.187155800000000000e+01 -9.525949218750000100e+01 1.357220959999999900e+02
5.547427432441012400e-03 1.591371328125000000e+02 1.619616920000000000e+02 2.607323593749999900e+02 2.241766000000000100e+01 -1.015952265625000000e+02 1.395440319999999900e+02
5.591917096185742600e-03 1.591419765625000200e+02 1.630189340000000000e+02 2.623982812500000300e+02 2.256165400000000100e+01 -1.032563046875000100e+02 1.404572800000000000e+02
5.646972865848750400e-03 1.591627578125000200e+02 1.642968719999999800e+02 2.645664687500000100e+02 2.272637599999999800e+01 -1.054037109374999900e+02 1.415704959999999900e+02
5.703280405829386400e-03 1.591059531249999800e+02 1.655475979999999900e+02 2.672607499999999700e+02 2.280745400000000000e+01 -1.081547968750000000e+02 1.427401439999999900e+02
5.829971788567064700e-03 1.591265546874999800e+02 1.683529959999999900e+02 2.722177812499999700e+02 2.326717199999999900e+01 -1.130912265625000000e+02 1.450858240000000000e+02
6.115027836390904800e-03 1.591349140625000000e+02 1.739357239999999900e+02 2.835404062499999900e+02 2.432638000000000000e+01 -1.244054921875000000e+02 1.496093439999999900e+02
6.756404089549231500e-03 1.591349843749999900e+02 1.840323580000000200e+02 3.099229374999999900e+02 2.673570200000000000e+01 -1.507879531250000000e+02 1.572966560000000100e+02
7.550106817112737700e-03 1.591381562499999800e+02 1.930937380000000000e+02 3.408076874999999900e+02 2.967845799999999900e+01 -1.816695312500000100e+02 1.634152800000000000e+02
8.361848428281382400e-03 1.591363749999999900e+02 1.997970919999999900e+02 3.698439999999999900e+02 3.228789199999999900e+01 -2.107076250000000100e+02 1.675091999999999900e+02
8.970654782212551500e-03 1.591199218749999900e+02 2.035234960000000200e+02 3.899379999999999900e+02 3.384733599999999900e+01 -2.308180781250000000e+02 1.696761600000000100e+02
9.138076442210811600e-03 1.591312499999999900e+02 2.044429720000000000e+02 3.951227187499999900e+02 3.425553200000000200e+01 -2.359914687500000000e+02 1.701874400000000100e+02
9.309303483974656900e-03 1.591330781250000000e+02 2.053377639999999900e+02 4.001751874999999900e+02 3.466195600000000400e+01 -2.410421093750000000e+02 1.706758079999999900e+02
9.362276657160386100e-03 1.591587656250000000e+02 2.055927720000000000e+02 4.017561562500000000e+02 3.476811599999999900e+01 -2.425973906250000000e+02 1.708246560000000000e+02
9.375820811997111900e-03 1.591848593750000000e+02 2.056517920000000000e+02 4.021843749999999900e+02 3.478881599999999700e+01 -2.429995156249999900e+02 1.708629760000000000e+02
9.392581725440765300e-03 1.592209531249999900e+02 2.057134120000000100e+02 4.027139374999999900e+02 3.480421200000000000e+01 -2.434929843749999900e+02 1.709092000000000000e+02
9.396867437677069700e-03 1.592394687500000100e+02 2.057264119999999800e+02 4.028491250000000200e+02 3.480634800000000000e+01 -2.436096562500000000e+02 1.709200640000000000e+02
9.399277823311942200e-03 1.592692343750000200e+02 2.057310640000000000e+02 4.029336875000000200e+02 3.480613600000000200e+01 -2.436644531249999900e+02 1.709249279999999900e+02
9.402261112199161700e-03 1.593654843749999900e+02 2.057282400000000000e+02 4.030641249999999900e+02 3.480148799999999900e+01 -2.436986406250000000e+02 1.709267519999999900e+02
9.403939066643534500e-03 1.594602031249999900e+02 2.057207359999999900e+02 4.031545625000000000e+02 3.479603199999999700e+01 -2.436943593750000000e+02 1.709247039999999900e+02
9.405655447525564100e-03 1.596353125000000000e+02 2.057022319999999800e+02 4.032781249999999900e+02 3.478580000000000200e+01 -2.436428124999999900e+02 1.709164319999999900e+02
9.406620766217019600e-03 1.597912343750000200e+02 2.056842319999999800e+02 4.033703125000000100e+02 3.477691999999999700e+01 -2.435790781250000000e+02 1.709073119999999900e+02
9.408792442163414400e-03 1.606866562500000300e+02 2.055751800000000200e+02 4.038521875000000100e+02 3.472386800000000300e+01 -2.431655312499999900e+02 1.708513120000000100e+02
9.413679586370932200e-03 1.632191874999999800e+02 2.051601079999999800e+02 4.054828437499999700e+02 3.446477999999999800e+01 -2.422636562500000000e+02 1.706953279999999900e+02
9.424675369728470500e-03 1.597400468750000200e+02 2.052831840000000100e+02 4.042165937500000200e+02 3.443412800000000100e+01 -2.444765468750000000e+02 1.708490559999999900e+02
9.449415591173557200e-03 1.586911875000000100e+02 2.056288240000000100e+02 4.049540312500000100e+02 3.457114399999999700e+01 -2.462628437500000000e+02 1.710576800000000000e+02
9.505080943870312600e-03 1.585359375000000200e+02 2.060038559999999800e+02 4.065838437500000300e+02 3.471780799999999800e+01 -2.480479062500000100e+02 1.712860479999999900e+02
9.630328424102076900e-03 1.592032812500000000e+02 2.066589240000000100e+02 4.102285312500000000e+02 3.501028399999999900e+01 -2.510252500000000000e+02 1.716486400000000000e+02
9.700780386453146400e-03 1.591536875000000200e+02 2.069563599999999900e+02 4.120385312500000100e+02 3.514130399999999800e+01 -2.528848437499999900e+02 1.718150560000000000e+02
9.859297010633680900e-03 1.591074218750000000e+02 2.076136840000000100e+02 4.161765312499999800e+02 3.541051600000000100e+01 -2.570691093749999800e+02 1.722031680000000100e+02
1.005546164599967000e-02 1.591322031249999900e+02 2.084726440000000000e+02 4.206882812499999900e+02 3.584234000000000000e+01 -2.615560781250000000e+02 1.726303040000000000e+02
1.025608374813392000e-02 1.591441249999999700e+02 2.092509760000000100e+02 4.252032812499999700e+02 3.621217599999999900e+01 -2.660591562500000000e+02 1.730388000000000100e+02
1.070748376904535400e-02 1.591291249999999900e+02 2.109387720000000000e+02 4.346522812499999900e+02 3.706915600000000000e+01 -2.755231562500000000e+02 1.738696160000000100e+02
1.096139635358538000e-02 1.591221875000000000e+02 2.118049240000000300e+02 4.397837812500000000e+02 3.751172400000000100e+01 -2.806615937500000100e+02 1.742932000000000100e+02
1.103995163653214200e-02 1.591174687500000000e+02 2.120604159999999800e+02 4.413833437499999900e+02 3.764804800000000300e+01 -2.822658749999999900e+02 1.744123679999999900e+02
1.108413738208812600e-02 1.591351874999999700e+02 2.122010240000000200e+02 4.422887499999999900e+02 3.772145600000000300e+01 -2.831535625000000200e+02 1.744795680000000000e+02
1.112932920164823300e-02 1.591787187499999700e+02 2.123285359999999900e+02 4.432666562499999800e+02 3.777791200000000100e+01 -2.840879375000000100e+02 1.745506240000000000e+02
1.118525247725229500e-02 1.591127500000000100e+02 2.124882920000000000e+02 4.444455624999999900e+02 3.784322000000000200e+01 -2.853328124999999900e+02 1.746450720000000000e+02
1.121670975644364400e-02 1.590959374999999900e+02 2.125838400000000100e+02 4.450854062500000100e+02 3.789019199999999900e+01 -2.859894687500000100e+02 1.746936480000000000e+02
1.124888200026292200e-02 1.590922187499999700e+02 2.126771760000000000e+02 4.457629999999999800e+02 3.793220000000000200e+01 -2.866707812500000000e+02 1.747449760000000100e+02
1.132126925774691900e-02 1.591154687499999900e+02 2.129121120000000100e+02 4.471731874999999800e+02 3.806448000000000300e+01 -2.880577187499999900e+02 1.748476320000000000e+02
1.148414029597653900e-02 1.591382500000000300e+02 2.133924600000000000e+02 4.503359687500000100e+02 3.832421999999999700e+01 -2.911977187499999800e+02 1.750682400000000000e+02
1.185060158754006600e-02 1.591307187499999700e+02 2.143888719999999900e+02 4.575395312499999800e+02 3.879898399999999700e+01 -2.984088125000000100e+02 1.755898880000000000e+02
1.196397471631694000e-02 1.591590937500000100e+02 2.146821280000000100e+02 4.595967499999999900e+02 3.894132799999999900e+01 -3.004376562499999700e+02 1.757408000000000100e+02
1.207992590972937700e-02 1.591031249999999800e+02 2.149740439999999900e+02 4.615727187499999800e+02 3.908380400000000100e+01 -3.024695937500000000e+02 1.758902400000000100e+02
1.211579757150130700e-02 1.591113749999999500e+02 2.150598840000000100e+02 4.621435937499999800e+02 3.912810799999999700e+01 -3.030322187500000300e+02 1.759317760000000100e+02
1.212496984572637700e-02 1.591165625000000400e+02 2.150806360000000000e+02 4.622850000000000300e+02 3.913873199999999700e+01 -3.031684374999999800e+02 1.759419039999999900e+02
1.213012830387250700e-02 1.591205312500000000e+02 2.150918680000000100e+02 4.623624687500000100e+02 3.914444400000000000e+01 -3.032419375000000100e+02 1.759474240000000100e+02
1.213651291471115800e-02 1.591301875000000300e+02 2.151045719999999900e+02 4.624537812500000200e+02 3.915077999999999700e+01 -3.033235937499999900e+02 1.759537919999999900e+02
1.214010403997586700e-02 1.591419375000000400e+02 2.151108239999999800e+02 4.625048437500000200e+02 3.915376799999999900e+01 -3.033629062499999800e+02 1.759570559999999900e+02
1.214377784030341500e-02 1.591724375000000000e+02 2.151152879999999900e+02 4.625623749999999700e+02 3.915549599999999900e+01 -3.033899374999999700e+02 1.759597919999999900e+02
1.215204185327476400e-02 1.592436562500000200e+02 2.151169080000000000e+02 4.627062812500000200e+02 3.915665200000000100e+01 -3.034626250000000000e+02 1.759602559999999900e+02
1.217063559135092400e-02 1.591231562499999700e+02 2.151604840000000000e+02 4.629251562499999900e+02 3.918232400000000100e+01 -3.038020000000000200e+02 1.759781600000000000e+02
1.221247150202228400e-02 1.591130312500000100e+02 2.152679200000000000e+02 4.636065625000000000e+02 3.923470400000000100e+01 -3.044935312499999900e+02 1.760332160000000100e+02
1.223600478399367700e-02 1.591429062500000100e+02 2.153111840000000000e+02 4.639561249999999900e+02 3.925617600000000400e+01 -3.048132187499999800e+02 1.760550079999999900e+02
1.228895408621055700e-02 1.591220000000000100e+02 2.154450119999999900e+02 4.648480000000000100e+02 3.932358800000000100e+01 -3.057260000000000000e+02 1.761214239999999900e+02
1.240809001619853700e-02 1.591315312500000200e+02 2.157518920000000000e+02 4.668780625000000000e+02 3.948102800000000200e+01 -3.077465312499999800e+02 1.762708639999999900e+02
1.267614585867149500e-02 1.591337812499999700e+02 2.163687840000000100e+02 4.711266249999999900e+02 3.979060799999999900e+01 -3.119928437500000200e+02 1.765781760000000100e+02
1.275907593332367500e-02 1.591483749999999900e+02 2.165523479999999900e+02 4.724040000000000000e+02 3.987980400000000000e+01 -3.132556250000000100e+02 1.766725439999999900e+02
1.278027917584802400e-02 1.591503750000000000e+02 2.165969880000000100e+02 4.727099062500000200e+02 3.990126000000000100e+01 -3.135595312500000200e+02 1.766957280000000000e+02
1.280651861058050000e-02 1.591532500000000100e+02 2.166471040000000100e+02 4.730574687500000000e+02 3.992476800000000000e+01 -3.139042187499999800e+02 1.767223360000000100e+02
1.283335423731542100e-02 1.591733124999999500e+02 2.166849560000000000e+02 4.733701562499999800e+02 3.994422000000000100e+01 -3.141968437500000300e+02 1.767407360000000000e+02
1.289373497968773900e-02 1.591276250000000200e+02 2.168116719999999900e+02 4.742168750000000200e+02 4.000306400000000200e+01 -3.150892499999999900e+02 1.768086079999999900e+02
1.302959106780670700e-02 1.591331250000000100e+02 2.170831880000000100e+02 4.760314374999999800e+02 4.013403600000000200e+01 -3.168983124999999700e+02 1.769491520000000000e+02
1.319771371918283600e-02 1.591321562500000400e+02 2.174043000000000100e+02 4.782383750000000200e+02 4.028905199999999800e+01 -3.191062187499999800e+02 1.771152480000000100e+02
1.324070009410890800e-02 1.591384062500000000e+02 2.174905680000000000e+02 4.788299375000000300e+02 4.032941600000000200e+01 -3.196915312500000300e+02 1.771611519999999900e+02
1.333741827325506600e-02 1.591272812500000100e+02 2.176664200000000200e+02 4.801161875000000200e+02 4.040806800000000000e+01 -3.209889062500000100e+02 1.772583520000000000e+02
1.345710614662030800e-02 1.591279374999999700e+02 2.178950479999999700e+02 4.816768437499999900e+02 4.052058399999999900e+01 -3.225489062500000200e+02 1.773744639999999900e+02
1.352443159427107300e-02 1.591276874999999800e+02 2.180210879999999900e+02 4.825474687500000100e+02 4.058412800000000000e+01 -3.234197812500000300e+02 1.774369600000000000e+02
1.359328594836560000e-02 1.591311875000000100e+02 2.181501559999999800e+02 4.834330937500000100e+02 4.065154799999999800e+01 -3.243019062500000000e+02 1.774986079999999900e+02
1.361458816807785400e-02 1.591473437500000000e+02 2.181888319999999900e+02 4.837166874999999800e+02 4.067299200000000100e+01 -3.245693437499999700e+02 1.775158400000000000e+02
1.363637479379209100e-02 1.599497187499999900e+02 2.182008759999999900e+02 4.847502187499999900e+02 4.072957999999999900e+01 -3.248005000000000000e+02 1.774712960000000000e+02
1.368539295499287100e-02 1.589091874999999700e+02 2.182374240000000000e+02 4.849826875000000000e+02 4.077897600000000000e+01 -3.260735000000000200e+02 1.774584480000000000e+02
1.371296683510581400e-02 1.587469999999999600e+02 2.182878199999999800e+02 4.853017812499999800e+02 4.080668399999999700e+01 -3.265547812500000200e+02 1.774811359999999900e+02
1.377500573648492500e-02 1.590801250000000100e+02 2.184210360000000200e+02 4.863374062500000200e+02 4.088295600000000000e+01 -3.272572812500000100e+02 1.775380800000000100e+02
1.385177943004938800e-02 1.591955937500000000e+02 2.185749120000000100e+02 4.874121250000000000e+02 4.096016000000000200e+01 -3.282165312500000000e+02 1.776147520000000100e+02
1.393029861543350300e-02 1.591534062499999900e+02 2.187273199999999900e+02 4.884464062500000000e+02 4.102986400000000300e+01 -3.292930000000000100e+02 1.776974559999999900e+02
1.410696590921963300e-02 1.591189062500000100e+02 2.190554520000000000e+02 4.906578437499999800e+02 4.118223600000000300e+01 -3.315389374999999700e+02 1.778732160000000100e+02
1.450446644691029600e-02 1.591336875000000100e+02 2.196721039999999900e+02 4.951109062500000300e+02 4.148044000000000200e+01 -3.359772187500000200e+02 1.781916640000000000e+02
1.472806057213863600e-02 1.591323437499999600e+02 2.200622679999999900e+02 4.977487499999999700e+02 4.166366000000000000e+01 -3.386164062500000100e+02 1.783986080000000000e+02
1.500475886977199400e-02 1.591275937499999600e+02 2.205288999999999900e+02 5.009538749999999800e+02 4.188318799999999700e+01 -3.418262812500000200e+02 1.786457120000000000e+02
1.528774512993110600e-02 1.591413437499999800e+02 2.209638920000000200e+02 5.044799062500000000e+02 4.206408400000000100e+01 -3.453385625000000200e+02 1.788998080000000100e+02
1.563794039399050300e-02 1.591271249999999800e+02 2.215182480000000000e+02 5.083654374999999800e+02 4.233842400000000300e+01 -3.492383125000000100e+02 1.791798240000000000e+02
1.583492595779735800e-02 1.591324062500000300e+02 2.218187880000000100e+02 5.104668750000000200e+02 4.248840400000000300e+01 -3.513344687499999800e+02 1.793303840000000100e+02
1.594573033743871400e-02 1.591339687500000100e+02 2.219755240000000100e+02 5.115937187499999900e+02 4.256504400000000000e+01 -3.524597499999999900e+02 1.794104800000000100e+02
1.605905223096538000e-02 1.591314687499999500e+02 2.221303760000000100e+02 5.126957812499999800e+02 4.263396000000000200e+01 -3.535643125000000300e+02 1.794964160000000100e+02
1.609411111535898100e-02 1.591655937500000300e+02 2.221578440000000100e+02 5.129916562500000100e+02 4.263738000000000000e+01 -3.538260624999999800e+02 1.795204640000000000e+02
1.612996763944334700e-02 1.592701250000000100e+02 2.220817160000000000e+02 5.132783749999999800e+02 4.254646799999999700e+01 -3.540082499999999800e+02 1.795352480000000000e+02
1.621064336308629400e-02 1.590458750000000200e+02 2.221662400000000200e+02 5.138147187500000000e+02 4.253924800000000100e+01 -3.547688437499999700e+02 1.796269920000000000e+02
1.625602382152217500e-02 1.591114374999999700e+02 2.221948360000000100e+02 5.141632812499999500e+02 4.252222799999999800e+01 -3.550518437499999900e+02 1.796726080000000000e+02
1.627006344451718100e-02 1.592035625000000300e+02 2.221921199999999900e+02 5.143210312500000300e+02 4.250580000000000100e+01 -3.551174687500000000e+02 1.796863199999999900e+02
1.628442095895098900e-02 1.597241875000000300e+02 2.221009119999999900e+02 5.147038750000000400e+02 4.242407999999999600e+01 -3.549796875000000100e+02 1.796768319999999900e+02
1.631672827752082100e-02 1.592557187499999700e+02 2.221390240000000100e+02 5.148362187499999400e+02 4.240334399999999700e+01 -3.555804999999999700e+02 1.797356800000000000e+02
1.638941828875605700e-02 1.588957187500000100e+02 2.222401360000000100e+02 5.152624062500000300e+02 4.242418399999999700e+01 -3.563666875000000100e+02 1.798159520000000100e+02
1.655297168736347500e-02 1.591185625000000000e+02 2.224400039999999900e+02 5.165625937500000200e+02 4.250395600000000200e+01 -3.574440312500000200e+02 1.799360480000000000e+02
1.692096537868327500e-02 1.591270000000000100e+02 2.229967920000000000e+02 5.196701562499999900e+02 4.281282399999999900e+01 -3.605431562499999800e+02 1.801839679999999900e+02
1.737635825579856400e-02 1.591285937500000500e+02 2.236698360000000000e+02 5.235856250000000500e+02 4.316073200000000300e+01 -3.644570312500000000e+02 1.805091040000000100e+02
1.763251704028528900e-02 1.591328437499999500e+02 2.240185760000000000e+02 5.258139999999999600e+02 4.332649599999999900e+01 -3.666811562500000200e+02 1.806920800000000000e+02
1.777660570156297900e-02 1.591352187499999800e+02 2.242046560000000000e+02 5.270584999999999800e+02 4.340395199999999700e+01 -3.679232812500000000e+02 1.808007040000000000e+02
1.781344733977638000e-02 1.591317187500000000e+02 2.242555320000000200e+02 5.273666250000000000e+02 4.342775600000000200e+01 -3.682349062499999900e+02 1.808277760000000000e+02
1.785903739696311600e-02 1.591653125000000300e+02 2.243159759999999800e+02 5.277781250000000500e+02 4.345906399999999800e+01 -3.686128125000000200e+02 1.808569119999999900e+02
1.790566496796660400e-02 1.592098750000000100e+02 2.243707479999999900e+02 5.282400625000000200e+02 4.349807599999999800e+01 -3.690301875000000100e+02 1.808726719999999900e+02
1.796336517520294400e-02 1.592415937499999400e+02 2.244211280000000100e+02 5.289143749999999500e+02 4.355925599999999800e+01 -3.696727812500000100e+02 1.808618720000000100e+02
1.802237770350716100e-02 1.589262187499999800e+02 2.244754040000000300e+02 5.292688749999999800e+02 4.358930800000000300e+01 -3.703426562500000000e+02 1.808860960000000100e+02
1.815515501886351800e-02 1.591588750000000200e+02 2.246451560000000100e+02 5.304526250000000100e+02 4.366422800000000100e+01 -3.712937499999999900e+02 1.809809280000000100e+02
1.822984204041943500e-02 1.592029999999999700e+02 2.247280600000000000e+02 5.311565624999999500e+02 4.370353200000000300e+01 -3.719535624999999800e+02 1.810245280000000000e+02
1.827185378115401400e-02 1.591039374999999700e+02 2.247484120000000000e+02 5.314910625000000000e+02 4.368959600000000200e+01 -3.723871250000000300e+02 1.810588160000000100e+02
1.836637932447868900e-02 1.591084687499999900e+02 2.248550040000000100e+02 5.323145624999999700e+02 4.370382000000000000e+01 -3.732060937499999800e+02 1.811511840000000000e+02
1.857906267028734300e-02 1.591364062499999900e+02 2.251270400000000200e+02 5.338280624999999900e+02 4.381100800000000100e+01 -3.746916562499999900e+02 1.813160320000000100e+02
1.884225931505289700e-02 1.591385937500000400e+02 2.254193960000000100e+02 5.354572500000000400e+02 4.392187599999999700e+01 -3.763186562500000000e+02 1.814975200000000100e+02
1.897684733072916800e-02 1.591366249999999800e+02 2.255539200000000100e+02 5.363324999999999800e+02 4.396172800000000100e+01 -3.771958750000000000e+02 1.815921920000000100e+02
1.899367112379807600e-02 1.591234375000000200e+02 2.255718160000000100e+02 5.364214375000000200e+02 4.396749599999999700e+01 -3.772980000000000000e+02 1.816043200000000000e+02
1.903152465820312500e-02 1.594991874999999500e+02 2.255197600000000200e+02 5.365690624999999700e+02 4.394206400000000200e+01 -3.770698750000000200e+02 1.815776960000000000e+02
1.911669394617698100e-02 1.589749062500000000e+02 2.256497000000000000e+02 5.368721249999999800e+02 4.400025999999999700e+01 -3.778972187499999800e+02 1.816494400000000000e+02
1.922209067804618600e-02 1.591436562499999900e+02 2.257960000000000200e+02 5.376595624999999900e+02 4.406003200000000000e+01 -3.785159062500000000e+02 1.817359680000000100e+02
1.932988382230020300e-02 1.591262187499999600e+02 2.259072040000000100e+02 5.382084374999999500e+02 4.409683600000000300e+01 -3.790822187499999800e+02 1.818103680000000100e+02
1.957241752354362300e-02 1.591335000000000300e+02 2.262242560000000000e+02 5.400839375000000500e+02 4.422702400000000000e+01 -3.809504375000000200e+02 1.819972320000000000e+02
1.970884302160242100e-02 1.591379374999999600e+02 2.263871159999999900e+02 5.411476874999999600e+02 4.429962799999999800e+01 -3.820097500000000000e+02 1.820874880000000100e+02
1.978558178204174700e-02 1.591249374999999900e+02 2.264745920000000000e+02 5.417270624999999900e+02 4.433862400000000300e+01 -3.826021250000000000e+02 1.821359679999999900e+02
1.995824457524897300e-02 1.591303437499999500e+02 2.266863360000000100e+02 5.430438124999999400e+02 4.442393599999999800e+01 -3.839134687499999900e+02 1.822624000000000100e+02
2.017191419962416000e-02 1.591317812499999600e+02 2.269463279999999900e+02 5.446963124999999800e+02 4.453151199999999900e+01 -3.855645312500000200e+02 1.824148160000000000e+02
2.039044185726925100e-02 1.591351562500000200e+02 2.271820720000000100e+02 5.462511875000000100e+02 4.461115999999999800e+01 -3.871160312499999900e+02 1.825709119999999900e+02
2.066086849450191700e-02 1.591204062499999700e+02 2.274826800000000200e+02 5.482699374999999700e+02 4.472786399999999700e+01 -3.891495312500000000e+02 1.827548160000000100e+02
2.093744103288475800e-02 1.591300937500000100e+02 2.278012279999999800e+02 5.502311875000000300e+02 4.486285999999999800e+01 -3.911010937500000200e+02 1.829383680000000000e+02
2.127969949091165100e-02 1.591288750000000500e+02 2.281813640000000000e+02 5.526525000000000300e+02 4.500696400000000400e+01 -3.935236249999999800e+02 1.831743999999999900e+02
2.147221827245020600e-02 1.591304062500000200e+02 2.283901799999999900e+02 5.540090000000000100e+02 4.508491600000000000e+01 -3.948785937499999900e+02 1.833052639999999900e+02
2.166911533900669700e-02 1.591363749999999900e+02 2.285944120000000100e+02 5.554211874999999700e+02 4.515633199999999900e+01 -3.962848124999999900e+02 1.834380800000000100e+02
2.169680333399510600e-02 1.591596562500000100e+02 2.286234159999999900e+02 5.556586250000000300e+02 4.516885599999999800e+01 -3.964989687500000200e+02 1.834545599999999900e+02
2.175910306937528900e-02 1.591107500000000000e+02 2.286886600000000000e+02 5.560763124999999700e+02 4.519757200000000100e+01 -3.969655624999999800e+02 1.834910879999999900e+02
2.189927572732443300e-02 1.591301562500000300e+02 2.288445720000000000e+02 5.570040000000000200e+02 4.525844399999999700e+01 -3.978738437499999900e+02 1.835861280000000000e+02
2.221466362549126200e-02 1.591347500000000000e+02 2.291781760000000100e+02 5.590322499999999800e+02 4.538918400000000000e+01 -3.998974999999999800e+02 1.837889920000000100e+02
2.292429047189789600e-02 1.591316562499999900e+02 2.298834760000000000e+02 5.627192499999999900e+02 4.563331600000000100e+01 -4.035875937500000000e+02 1.842501599999999900e+02
2.314383119017213200e-02 1.591294062499999900e+02 2.300935200000000100e+02 5.637560624999999800e+02 4.569788799999999900e+01 -4.046266562500000000e+02 1.843956320000000100e+02
2.336836035871680700e-02 1.591361875000000100e+02 2.302714039999999900e+02 5.645643125000000300e+02 4.571628400000000200e+01 -4.054281250000000200e+02 1.845551199999999900e+02
2.349465990823413100e-02 1.591325000000000500e+02 2.303675720000000000e+02 5.650153125000000500e+02 4.572227600000000100e+01 -4.058828125000000000e+02 1.846452960000000000e+02
2.377882923689808600e-02 1.591281874999999700e+02 2.306066920000000100e+02 5.660110624999999800e+02 4.575782800000000300e+01 -4.068828750000000100e+02 1.848488639999999900e+02
2.413049169221349500e-02 1.591320625000000200e+02 2.309477479999999900e+02 5.674650625000000400e+02 4.587297999999999800e+01 -4.083330000000000300e+02 1.850747680000000100e+02
2.432830167777372600e-02 1.591311874999999500e+02 2.311323600000000100e+02 5.682949374999999500e+02 4.593072800000000200e+01 -4.091637499999999900e+02 1.852016319999999900e+02
2.442945403493804500e-02 1.591360000000000200e+02 2.312251360000000200e+02 5.687345625000000400e+02 4.596003199999999800e+01 -4.095985625000000100e+02 1.852651040000000100e+02
2.448003021352020500e-02 1.591748124999999700e+02 2.312709040000000000e+02 5.690143749999999700e+02 4.598023200000000100e+01 -4.098395625000000000e+02 1.852906720000000000e+02
2.459382603311131100e-02 1.591149999999999500e+02 2.313701360000000000e+02 5.694708124999999700e+02 4.600930400000000000e+01 -4.103558125000000100e+02 1.853608319999999900e+02
2.484986953828506600e-02 1.591314062500000000e+02 2.316018479999999900e+02 5.705580625000000100e+02 4.607650400000000000e+01 -4.114266562500000100e+02 1.855253439999999900e+02
2.542596334939474900e-02 1.591305625000000500e+02 2.321078000000000000e+02 5.727903125000000300e+02 4.620956000000000300e+01 -4.136597499999999700e+02 1.858982399999999900e+02
2.613888322506486800e-02 1.591287499999999700e+02 2.326670039999999900e+02 5.748691874999999500e+02 4.628404400000000200e+01 -4.157404374999999800e+02 1.863829600000000000e+02
2.632116194318648300e-02 1.591324062500000300e+02 2.328211320000000100e+02 5.754461250000000500e+02 4.632505199999999900e+01 -4.163137187500000200e+02 1.864960800000000100e+02
2.654673444773542400e-02 1.591317812499999600e+02 2.330068440000000000e+02 5.761332499999999800e+02 4.637109999999999800e+01 -4.170014687500000200e+02 1.866357439999999900e+02
2.677743280618036900e-02 1.591289999999999600e+02 2.331906719999999800e+02 5.767956249999999700e+02 4.641148799999999900e+01 -4.176666250000000100e+02 1.867791839999999900e+02
2.729650411268148100e-02 1.591317500000000100e+02 2.336098200000000100e+02 5.784576875000000200e+02 4.651450799999999900e+01 -4.193259375000000100e+02 1.870953120000000100e+02
2.745222666906932000e-02 1.591309062500000700e+02 2.337368640000000000e+02 5.789606250000000500e+02 4.654854400000000000e+01 -4.198297187499999800e+02 1.871883200000000000e+02
2.774420238676525400e-02 1.591336249999999900e+02 2.339727120000000000e+02 5.798772500000000000e+02 4.661226400000000300e+01 -4.207436250000000100e+02 1.873604479999999900e+02
2.790844163906297900e-02 1.591321562500000400e+02 2.340965080000000000e+02 5.803835625000000400e+02 4.664446000000000200e+01 -4.212514062500000000e+02 1.874520479999999900e+02
2.827797588120159100e-02 1.591291250000000400e+02 2.343903719999999900e+02 5.815074375000000400e+02 4.672584400000000200e+01 -4.223783124999999900e+02 1.876645279999999900e+02
2.848583729130299200e-02 1.591252187500000400e+02 2.345469039999999800e+02 5.820655625000000600e+02 4.675368799999999700e+01 -4.229403437500000100e+02 1.877932160000000000e+02
2.873527377807468000e-02 1.591329999999999800e+02 2.347396719999999800e+02 5.827198750000000000e+02 4.678800799999999800e+01 -4.235868750000000200e+02 1.879516639999999900e+02
2.920296544411535000e-02 1.591313750000000500e+02 2.351125720000000000e+02 5.840052500000000500e+02 4.687977200000000300e+01 -4.248738750000000000e+02 1.882328000000000000e+02
2.946604215181791000e-02 1.591318437499999700e+02 2.353109279999999900e+02 5.846113749999999500e+02 4.692091200000000100e+01 -4.254795312499999800e+02 1.883900160000000000e+02
3.005796532636742500e-02 1.591310937499999900e+02 2.357743720000000300e+02 5.861254374999999800e+02 4.702917200000000300e+01 -4.269943437499999800e+02 1.887452000000000100e+02
3.079046871199276100e-02 1.591289375000000100e+02 2.363338560000000000e+02 5.878677500000000000e+02 4.714875200000000200e+01 -4.287388124999999900e+02 1.891851040000000000e+02
3.153962122506128600e-02 1.591307812499999300e+02 2.368895720000000200e+02 5.894863749999999500e+02 4.725233999999999700e+01 -4.303555937500000300e+02 1.896372320000000100e+02
3.322521205059047300e-02 1.591312499999999700e+02 2.381098720000000000e+02 5.929233749999999600e+02 4.748396799999999700e+01 -4.337921250000000000e+02 1.906259039999999900e+02
3.531113183250939700e-02 1.591290937500000400e+02 2.395678320000000100e+02 5.969113750000000200e+02 4.777645600000000300e+01 -4.377822812499999800e+02 1.917913760000000100e+02
3.648446098206535600e-02 1.591299374999999800e+02 2.403558360000000100e+02 5.989462499999999600e+02 4.792005999999999900e+01 -4.398163124999999800e+02 1.924357760000000000e+02
3.768445807935554700e-02 1.591300625000000700e+02 2.411198359999999900e+02 6.007123125000000500e+02 4.803703600000000100e+01 -4.415822499999999900e+02 1.930827999999999900e+02
3.835945688324533800e-02 1.591325937499999600e+02 2.415513239999999900e+02 6.017543124999999700e+02 4.811162800000000300e+01 -4.426217187500000100e+02 1.934396960000000000e+02
3.987820244534112000e-02 1.591309062499999500e+02 2.425041239999999900e+02 6.039495624999999600e+02 4.826637999999999800e+01 -4.448186562500000000e+02 1.942377439999999900e+02
4.133050287453973700e-02 1.591266562500000000e+02 2.433794640000000100e+02 6.057417500000000200e+02 4.838832800000000100e+01 -4.466150937500000300e+02 1.949911360000000100e+02
4.154407468616453500e-02 1.591320312500000100e+02 2.435065520000000000e+02 6.060006875000000300e+02 4.840610399999999900e+01 -4.468686562500000200e+02 1.951004480000000000e+02
4.161014952793518100e-02 1.591387499999999600e+02 2.435458240000000100e+02 6.060853124999999900e+02 4.841219199999999700e+01 -4.469465625000000300e+02 1.951336320000000100e+02
4.164731837308741800e-02 1.591508124999999700e+02 2.435681880000000200e+02 6.061399999999999900e+02 4.841644399999999800e+01 -4.469891875000000100e+02 1.951517440000000100e+02
4.168533027099311000e-02 1.592586562499999400e+02 2.435944279999999900e+02 6.062809999999999500e+02 4.842890800000000000e+01 -4.470223437500000000e+02 1.951655199999999900e+02
4.177085587684342700e-02 1.591317187500000000e+02 2.436243840000000200e+02 6.063829375000000300e+02 4.844792000000000300e+01 -4.472512187500000200e+02 1.951764640000000100e+02
4.196328616113161700e-02 1.590864374999999300e+02 2.437350799999999800e+02 6.065538749999999500e+02 4.846235999999999700e+01 -4.474674375000000200e+02 1.952727199999999900e+02
4.239626128740509000e-02 1.591327187500000400e+02 2.440034200000000100e+02 6.070721875000000400e+02 4.849433200000000000e+01 -4.479394687500000000e+02 1.955090879999999900e+02
4.337045765039539100e-02 1.591310625000000400e+02 2.445850440000000100e+02 6.082278750000000400e+02 4.857259599999999700e+01 -4.490968125000000000e+02 1.960124480000000100e+02
4.556239015162355500e-02 1.591308437500000000e+02 2.458656520000000100e+02 6.106773749999999800e+02 4.874123600000000100e+01 -4.515465312499999900e+02 1.971244160000000000e+02
4.827491005698403300e-02 1.591298124999999600e+02 2.473977680000000100e+02 6.131873749999999700e+02 4.890491999999999700e+01 -4.540575625000000200e+02 1.984928480000000100e+02
5.104907994159703400e-02 1.591309687499999700e+02 2.489105079999999900e+02 6.152576249999999600e+02 4.903063600000000100e+01 -4.561266562500000000e+02 1.998798720000000100e+02
5.448211185515873500e-02 1.591299375000000400e+02 2.507475920000000000e+02 6.176301250000000200e+02 4.917872800000000000e+01 -4.585001874999999800e+02 2.015688639999999900e+02
5.641319172431844000e-02 1.591300625000000100e+02 2.517642480000000100e+02 6.189017499999999900e+02 4.926052000000000000e+01 -4.597716874999999800e+02 2.025037280000000000e+02
5.838816157190791800e-02 1.591310937500000500e+02 2.527891280000000100e+02 6.201245625000000200e+02 4.934021599999999800e+01 -4.609934687499999800e+02 2.034489120000000100e+02
5.949908152895824100e-02 1.591311875000000100e+02 2.533546640000000100e+02 6.207851875000000100e+02 4.938148000000000300e+01 -4.616540000000000000e+02 2.039731840000000000e+02
6.087384439358927600e-02 1.591300625000000100e+02 2.540470560000000000e+02 6.215799375000000300e+02 4.943187199999999800e+01 -4.624498750000000200e+02 2.046151840000000000e+02
6.227985610309829500e-02 1.591320000000000600e+02 2.547458480000000200e+02 6.223986250000000400e+02 4.948663200000000000e+01 -4.632666249999999800e+02 2.052592160000000100e+02
6.307073274083772900e-02 1.591308749999999500e+02 2.551383360000000100e+02 6.228441249999999600e+02 4.951424000000000100e+01 -4.637132500000000200e+02 2.056240960000000100e+02
6.326536614088494600e-02 1.591317500000000700e+02 2.552348480000000000e+02 6.229555625000000400e+02 4.952129600000000000e+01 -4.638238124999999700e+02 2.057135519999999900e+02
6.332792438139119000e-02 1.592877187500000100e+02 2.552643520000000000e+02 6.231290000000000200e+02 4.953860800000000400e+01 -4.638412812500000100e+02 2.057257439999999900e+02
6.346868624471774200e-02 1.590635312499999800e+02 2.553223720000000000e+02 6.230589999999999700e+02 4.953795600000000100e+01 -4.639954687499999900e+02 2.057844159999999900e+02
6.378539461501497900e-02 1.591313437499999300e+02 2.554825000000000200e+02 6.232809999999999500e+02 4.954954000000000000e+01 -4.641496562500000200e+02 2.059329600000000100e+02
6.449798844818376000e-02 1.591311875000000100e+02 2.558399559999999700e+02 6.237110625000000300e+02 4.957592400000000100e+01 -4.645798750000000200e+02 2.062640319999999900e+02
6.610133039500105900e-02 1.591310625000000400e+02 2.566307800000000200e+02 6.246664375000000300e+02 4.963641200000000000e+01 -4.655353749999999900e+02 2.069943680000000100e+02
6.700320587344514600e-02 1.591310624999999800e+02 2.570707400000000000e+02 6.251701875000000000e+02 4.966738000000000100e+01 -4.660391250000000100e+02 2.074033599999999900e+02
6.751051403227306700e-02 1.591314375000000000e+02 2.573167680000000200e+02 6.254442500000000100e+02 4.968488000000000000e+01 -4.663128125000000100e+02 2.076318880000000000e+02
6.779587574494190500e-02 1.591322500000000000e+02 2.574536360000000200e+02 6.256120624999999800e+02 4.969746000000000000e+01 -4.664798124999999800e+02 2.077561760000000100e+02
6.843793261182178100e-02 1.591304374999999700e+02 2.577638160000000200e+02 6.260150625000000000e+02 4.972831200000000300e+01 -4.668846250000000300e+02 2.080355040000000000e+02
6.988257104223902200e-02 1.591308124999999300e+02 2.584735560000000300e+02 6.269679999999999600e+02 4.979534799999999700e+01 -4.678371875000000300e+02 2.086782080000000100e+02
7.000000223572001900e-02 1.591293125000000300e+02 2.585307880000000300e+02 6.270441875000000200e+02 4.980072400000000200e+01 -4.679148749999999900e+02 2.087300640000000000e+02
