0.000000000000000000e+00 0.000000000000000000e+00 0.000000000000000000e+00 0.000000000000000000e+00 0.000000000000000000e+00 0.000000000000000000e+00 0.000000000000000000e+00
-8.450331931224464300e-07 3.094326437499999900e+03 -3.436463867187499600e-03 2.241162750000000000e+03 9.117727539062500300e-03 8.531636875000000400e+02 -1.255419140625000000e-02
1.399171836623205200e-03 3.094325937499999800e+03 1.484231900000000000e+01 2.230143999999999800e+03 8.299681500000000200e+00 8.641819375000000000e+02 6.542637499999999700e+00
4.024203466023373200e-03 3.094325624999999900e+03 4.114490999999999600e+01 2.205188000000000100e+03 2.238333799999999800e+01 8.891376249999999600e+02 1.876157200000000100e+01
9.930525198930222100e-03 3.094322937500000100e+03 7.506089199999999600e+01 2.203715000000000100e+03 4.144778399999999900e+01 8.906079375000000500e+02 3.361310799999999700e+01
1.076110109752595100e-02 3.094324624999999700e+03 7.704703200000000200e+01 2.207535249999999900e+03 4.259095599999999800e+01 8.867893749999999500e+02 3.445607600000000300e+01
1.122830067525330000e-02 3.094324812500000000e+03 7.804484399999999800e+01 2.209543000000000100e+03 4.316228400000000000e+01 8.847818125000000000e+02 3.488255999999999800e+01
1.167506002208222800e-02 3.094306125000000100e+03 7.889958400000000400e+01 2.211572250000000200e+03 4.363647199999999800e+01 8.827338750000000100e+02 3.526311200000000000e+01
1.172761947583085700e-02 3.094317250000000100e+03 7.898731599999999300e+01 2.211842250000000100e+03 4.368298800000000200e+01 8.824750000000000200e+02 3.530432799999999800e+01
1.175225715051044800e-02 3.094325812500000200e+03 7.902830799999999600e+01 2.211971750000000200e+03 4.370463199999999700e+01 8.823540625000000500e+02 3.532367599999999900e+01
1.180769155581538400e-02 3.094328250000000000e+03 7.912244400000000200e+01 2.212257250000000100e+03 4.375437999999999800e+01 8.820710000000000300e+02 3.536806399999999700e+01
1.193241860502734400e-02 3.094325750000000000e+03 7.932956799999999500e+01 2.212905499999999800e+03 4.386287999999999700e+01 8.814202500000000100e+02 3.546668799999999800e+01
1.221305537256461200e-02 3.094325437499999700e+03 7.977770400000000000e+01 2.214387749999999900e+03 4.409437200000000000e+01 8.799376875000000400e+02 3.568333200000000000e+01
1.237091291953707400e-02 3.094325624999999900e+03 8.002077599999999800e+01 2.215260749999999900e+03 4.421740799999999900e+01 8.790648750000000300e+02 3.580336799999999900e+01
1.272609240022511700e-02 3.094325499999999900e+03 8.053943599999999500e+01 2.217283250000000000e+03 4.447317999999999900e+01 8.770422499999999700e+02 3.606625600000000300e+01
1.316562845847314000e-02 3.094322125000000100e+03 8.112834000000000900e+01 2.219801250000000000e+03 4.474920000000000200e+01 8.745208750000000500e+02 3.637914000000000000e+01
1.361515248871894200e-02 3.094325437500000100e+03 8.164668399999999300e+01 2.222261500000000100e+03 4.497876800000000200e+01 8.720639374999999500e+02 3.666791599999999800e+01
1.462658264494442700e-02 3.094325375000000300e+03 8.266513999999999400e+01 2.227853000000000100e+03 4.539909999999999700e+01 8.664723750000000600e+02 3.726603999999999700e+01
1.690230231007248600e-02 3.094325374999999900e+03 8.408079999999999600e+01 2.240866250000000000e+03 4.577579600000000000e+01 8.534591249999999700e+02 3.830500399999999700e+01
1.971850416240636700e-02 3.094323750000000000e+03 8.483429599999999500e+01 2.254985000000000100e+03 4.558816399999999900e+01 8.393387500000000000e+02 3.924613200000000300e+01
2.259871086609267400e-02 3.094325624999999900e+03 8.462618399999999500e+01 2.266849749999999900e+03 4.482689599999999800e+01 8.274758749999999700e+02 3.979928799999999700e+01
2.421882695555414900e-02 3.094325812500000200e+03 8.424488800000000300e+01 2.272351250000000200e+03 4.424709200000000200e+01 8.219745625000000500e+02 3.999779600000000100e+01
2.786408851956661100e-02 3.094325499999999900e+03 8.254818000000000200e+01 2.280049250000000000e+03 4.254580800000000100e+01 8.142762500000000000e+02 4.000237200000000100e+01
3.237510006775617300e-02 3.094324999999999800e+03 7.899975200000000100e+01 2.283106499999999900e+03 3.967893200000000300e+01 8.112184999999999500e+02 3.932081999999999800e+01
3.491254406361280600e-02 3.094325062500000100e+03 7.645024000000000800e+01 2.282135000000000200e+03 3.778207199999999900e+01 8.121900624999999500e+02 3.866816800000000100e+01
3.750765829639095300e-02 3.094325750000000000e+03 7.348254399999999000e+01 2.278805750000000000e+03 3.568751999999999900e+01 8.155199999999999800e+02 3.779502399999999800e+01
3.896740823870794400e-02 3.094325812500000200e+03 7.169137200000000100e+01 2.276252750000000100e+03 3.446264000000000000e+01 8.180730624999999900e+02 3.722873200000000100e+01
4.225184923616261100e-02 3.094326125000000000e+03 6.737620599999999600e+01 2.268413500000000100e+03 3.158603400000000100e+01 8.259126250000000500e+02 3.579017199999999800e+01
4.631634156090582600e-02 3.094326124999999600e+03 6.196631000000000000e+01 2.256090749999999800e+03 2.805478600000000000e+01 8.382353749999999800e+02 3.391152400000000000e+01
5.047320956855935700e-02 3.094326250000000100e+03 5.664391599999999700e+01 2.242781750000000100e+03 2.462323800000000100e+01 8.515444999999999700e+02 3.202067799999999700e+01
5.281145126874381400e-02 3.094326437499999900e+03 5.358033399999999300e+01 2.235119749999999800e+03 2.267087799999999800e+01 8.592066875000000400e+02 3.090945599999999900e+01
5.807248929057258500e-02 3.094326374999999600e+03 4.619192400000000000e+01 2.218860749999999800e+03 1.799747999999999900e+01 8.754656250000000500e+02 2.819444400000000100e+01
6.455744562420365200e-02 3.094326125000000000e+03 3.548319300000000000e+01 2.202064750000000000e+03 1.130263300000000000e+01 8.922613750000000400e+02 2.418056000000000000e+01
6.788685861178661600e-02 3.094324125000000100e+03 2.952993399999999700e+01 2.194881249999999900e+03 7.619358000000000100e+00 8.994428749999999600e+02 2.191057599999999900e+01
7.000000241429189800e-02 3.094326812500000000e+03 2.549536849999999800e+01 2.190732750000000100e+03 5.149770499999999800e+00 9.035940624999999500e+02 2.034559799999999900e+01
