0.000000000000000000e+00 0.000000000000000000e+00 0.000000000000000000e+00 0.000000000000000000e+00 0.000000000000000000e+00 0.000000000000000000e+00 0.000000000000000000e+00
6.091083897037739900e-06 2.221754124999999900e+03 1.983967370605468900e-02 1.528445874999999900e+03 2.089448046875000100e-02 6.933082500000000400e+02 -1.054806762695312400e-03
1.405969312910978300e-03 2.221749437499999700e+03 1.262378174999999900e+01 1.560947249999999900e+03 8.812827999999999700e+00 6.608021874999999500e+02 3.810953749999999900e+00
4.030740903036563600e-03 2.221751937500000200e+03 3.221252300000000400e+01 1.618127000000000000e+03 2.225362600000000100e+01 6.036249374999999900e+02 9.958897000000000300e+00
7.278895491877622500e-03 2.221745625000000000e+03 4.932154099999999600e+01 1.680370625000000000e+03 3.317434399999999800e+01 5.413750000000000000e+02 1.614719699999999800e+01
1.060087207880000500e-02 2.221750500000000100e+03 5.814456400000000300e+01 1.729944999999999900e+03 3.777405600000000200e+01 4.918054999999999900e+02 2.037050800000000100e+01
1.063006933481415300e-02 2.221678249999999900e+03 5.820524799999999700e+01 1.730283750000000100e+03 3.780286400000000000e+01 4.913944999999999900e+02 2.040238400000000100e+01
1.064649242564944300e-02 2.221671937499999800e+03 5.823651999999999900e+01 1.730498374999999900e+03 3.781728799999999800e+01 4.911735625000000000e+02 2.041923200000000100e+01
1.068344519263477400e-02 2.221731374999999800e+03 5.829965000000000000e+01 1.731030999999999900e+03 3.784542400000000100e+01 4.907003750000000100e+02 2.045422599999999800e+01
1.076658843078821300e-02 2.221767687499999700e+03 5.844946000000000200e+01 1.732160500000000000e+03 3.791310000000000000e+01 4.896071875000000100e+02 2.053635999999999800e+01
1.095366006654870800e-02 2.221750687499999900e+03 5.878647999999999700e+01 1.734611000000000100e+03 3.806383999999999900e+01 4.871396874999999800e+02 2.072263999999999800e+01
1.116411720073052500e-02 2.221747656250000100e+03 5.914383999999999700e+01 1.737369875000000100e+03 3.821456800000000000e+01 4.843777812500000000e+02 2.092927200000000100e+01
1.126934511773669000e-02 2.221751343750000200e+03 5.931454399999999800e+01 1.738742625000000100e+03 3.828388799999999700e+01 4.830087187500000100e+02 2.103065600000000000e+01
1.150610858108530900e-02 2.221750906249999800e+03 5.967978399999999800e+01 1.741746750000000000e+03 3.842796400000000300e+01 4.800041562499999900e+02 2.125181999999999900e+01
1.163928754165534900e-02 2.221751124999999800e+03 5.987489800000000200e+01 1.743414000000000000e+03 3.850169600000000300e+01 4.783371250000000100e+02 2.137320199999999900e+01
1.193894020293794100e-02 2.221752625000000100e+03 6.029328800000000400e+01 1.747092000000000100e+03 3.865426000000000100e+01 4.746606249999999800e+02 2.163902800000000000e+01
1.210749547499414200e-02 2.221751874999999900e+03 6.051705400000000200e+01 1.749139500000000000e+03 3.873259600000000100e+01 4.726123749999999900e+02 2.178445800000000100e+01
1.248674451207821900e-02 2.221752468749999900e+03 6.098463799999999700e+01 1.753789749999999900e+03 3.887363599999999800e+01 4.679627187500000200e+02 2.211100199999999900e+01
1.334005484551739600e-02 2.221751593749999800e+03 6.187838000000000000e+01 1.763622499999999900e+03 3.911069200000000000e+01 4.581290937499999800e+02 2.276768800000000000e+01
1.382004231437989800e-02 2.221751968749999800e+03 6.230557199999999800e+01 1.768834875000000000e+03 3.921608799999999900e+01 4.529170937499999900e+02 2.308948399999999900e+01
1.490001249410867100e-02 2.221751531250000000e+03 6.303616799999999600e+01 1.779925874999999900e+03 3.930983599999999700e+01 4.418256562500000100e+02 2.372633199999999900e+01
1.732994604858315000e-02 2.221752250000000000e+03 6.373188000000000400e+01 1.800851875000000100e+03 3.891852000000000100e+01 4.209003750000000000e+02 2.481335999999999900e+01
2.033698843219447500e-02 2.221750687499999900e+03 6.327227999999999500e+01 1.818520749999999900e+03 3.776153600000000000e+01 4.032299375000000100e+02 2.551074399999999900e+01
2.341237292455505500e-02 2.221752625000000100e+03 6.156528999999999700e+01 1.829105875000000000e+03 3.596289999999999800e+01 3.926467500000000000e+02 2.560239000000000000e+01
2.894806553087188700e-02 2.221751749999999900e+03 5.509426000000000600e+01 1.828779250000000000e+03 3.103918600000000100e+01 3.929725000000000300e+02 2.405507400000000100e+01
3.586768193885267500e-02 2.221753249999999800e+03 4.417370400000000100e+01 1.806160249999999900e+03 2.365147400000000000e+01 4.155930000000000200e+02 2.052223000000000000e+01
4.909472735300304100e-02 2.221753906250000000e+03 2.800834199999999900e+01 1.754637625000000100e+03 1.338190400000000000e+01 4.671162812499999900e+02 1.462643800000000000e+01
5.346934520718834400e-02 2.221754124999999900e+03 2.326352299999999900e+01 1.740418124999999900e+03 1.043366800000000100e+01 4.813360000000000100e+02 1.282985500000000000e+01
6.331224187995271300e-02 2.221753625000000300e+03 9.178055999999999800e+00 1.715001625000000100e+03 2.107665500000000000e+00 5.067520000000000100e+02 7.070390500000000200e+00
6.749208914477888800e-02 2.221753125000000200e+03 2.249737125000000200e+00 1.707459499999999900e+03 -1.855827625000000100e+00 5.142936250000000200e+02 4.105564750000000100e+00
7.000000166421693800e-02 2.221753624999999800e+03 -2.435611125000000300e+00 1.704338000000000000e+03 -4.475768000000000400e+00 5.174156249999999800e+02 2.040156875000000100e+00
