0.000000000000000000e+00 0.000000000000000000e+00 0.000000000000000000e+00 0.000000000000000000e+00 0.000000000000000000e+00 0.000000000000000000e+00 0.000000000000000000e+00
-5.386623079741831200e-06 2.960552874999999900e+03 -2.610266223144531000e-02 1.811648999999999900e+03 -2.489477539062499900e-02 1.148903875000000000e+03 -1.207886840820312500e-03
1.394721177908090600e-03 2.960549500000000100e+03 1.867889800000000000e+01 1.860859124999999900e+03 1.176736700000000000e+01 1.099690374999999900e+03 6.911531000000000100e+00
4.019922971434354400e-03 2.960549062500000200e+03 4.807659200000000500e+01 1.949771999999999900e+03 3.002926600000000000e+01 1.010777062500000100e+03 1.804732600000000200e+01
9.926627116034465400e-03 2.960547000000000500e+03 8.724757999999999900e+01 2.113440750000000200e+03 5.102326800000000200e+01 8.471062500000000500e+02 3.622431199999999800e+01
1.013428474957253100e-02 2.960533437500000200e+03 8.804106000000000200e+01 2.118254250000000000e+03 5.136758400000000100e+01 8.422791875000000300e+02 3.667347600000000100e+01
1.060151529836130800e-02 2.960549500000000100e+03 8.975370399999999900e+01 2.128936499999999800e+03 5.211520000000000200e+01 8.316130000000000600e+02 3.763850399999999800e+01
1.102859138423561100e-02 2.960545624999999700e+03 9.119607999999999500e+01 2.138450499999999900e+03 5.272028000000000200e+01 8.220951250000000500e+02 3.847580000000000000e+01
1.104501810411539400e-02 2.960533375000000000e+03 9.125011999999999500e+01 2.138808000000000000e+03 5.274218799999999900e+01 8.217253749999999900e+02 3.850793199999999700e+01
1.108197618607927600e-02 2.960532812500000100e+03 9.136985200000000900e+01 2.139630000000000100e+03 5.279086000000000200e+01 8.209028124999999800e+02 3.857899200000000000e+01
1.116513332604488600e-02 2.960552624999999800e+03 9.163421600000000900e+01 2.141494999999999900e+03 5.289635200000000000e+01 8.190576250000000300e+02 3.873786400000000200e+01
1.135223630874876100e-02 2.960549187499999800e+03 9.222489600000000100e+01 2.145639749999999800e+03 5.313065600000000200e+01 8.149094374999999700e+02 3.909423999999999900e+01
1.152457538832966200e-02 2.960549625000000100e+03 9.275125199999999400e+01 2.149411250000000100e+03 5.333412800000000000e+01 8.111383750000000000e+02 3.941712400000000100e+01
1.153937538901528100e-02 2.960545937500000000e+03 9.279615200000000600e+01 2.149732000000000000e+03 5.335131200000000000e+01 8.108139374999999500e+02 3.944483999999999900e+01
1.157267597277668100e-02 2.960543437500000000e+03 9.289696399999999700e+01 2.150456000000000100e+03 5.338994000000000300e+01 8.100874374999999600e+02 3.950702400000000100e+01
1.164760170402107800e-02 2.960549750000000100e+03 9.311957999999999900e+01 2.152083000000000100e+03 5.347422000000000300e+01 8.084667500000000500e+02 3.964535999999999700e+01
1.181618430821159000e-02 2.960549437499999800e+03 9.360550800000000000e+01 2.155682499999999900e+03 5.365558399999999800e+01 8.048669374999999500e+02 3.994992400000000300e+01
1.202480493156610200e-02 2.960547875000000200e+03 9.418446000000000100e+01 2.160080500000000000e+03 5.386472400000000200e+01 8.004673749999999500e+02 4.031973599999999900e+01
1.223816714444003400e-02 2.960549500000000100e+03 9.475921600000000900e+01 2.164545250000000100e+03 5.406414000000000200e+01 7.960042499999999600e+02 4.069507600000000000e+01
1.271823328784388300e-02 2.960549999999999700e+03 9.597100000000000400e+01 2.174329249999999800e+03 5.446278000000000200e+01 7.862207499999999500e+02 4.150822000000000100e+01
1.298826983851245400e-02 2.960549562500000300e+03 9.661681200000001000e+01 2.179750500000000100e+03 5.466846400000000000e+01 7.807990624999999900e+02 4.194834800000000300e+01
1.359585353306361600e-02 2.960549687499999900e+03 9.796332000000001000e+01 2.191523000000000100e+03 5.507270400000000200e+01 7.690266874999999800e+02 4.289061600000000100e+01
1.496291480803810100e-02 2.960549812499999900e+03 1.004710400000000000e+02 2.216025749999999800e+03 5.568979600000000100e+01 7.445240625000000100e+02 4.478124400000000100e+01
1.803880442338694600e-02 2.960549874999999700e+03 1.039554919999999900e+02 2.261549000000000000e+03 5.589717600000000200e+01 6.990008749999999500e+02 4.805831599999999800e+01
2.495955489348433700e-02 2.960550687500000100e+03 1.042932520000000000e+02 2.319509500000000100e+03 5.277212399999999800e+01 6.410411874999999800e+02 5.152112799999999700e+01
3.818876897604620000e-02 2.960550937500000100e+03 8.605853200000000000e+01 2.305812249999999900e+03 3.996713199999999900e+01 6.547386874999999700e+02 4.609140000000000000e+01
5.218984676076961900e-02 2.960552437500000000e+03 6.738989799999998800e+01 2.252796499999999900e+03 2.896337799999999900e+01 7.077559374999999600e+02 3.842651999999999600e+01
5.656518342294100000e-02 2.960552250000000200e+03 6.185535600000000000e+01 2.237632250000000100e+03 2.584333200000000000e+01 7.229199999999999600e+02 3.601202399999999700e+01
6.640969207726409000e-02 2.960552062499999900e+03 4.526878399999999700e+01 2.205362500000000200e+03 1.713569199999999900e+01 7.551895624999999700e+02 2.813309200000000100e+01
7.000000223572001900e-02 2.960551999999999700e+03 3.818698500000000000e+01 2.195704499999999800e+03 1.350047099999999900e+01 7.648474999999999700e+02 2.468651399999999900e+01
