0.000000000000000000e+00 0.000000000000000000e+00 0.000000000000000000e+00 0.000000000000000000e+00 0.000000000000000000e+00 0.000000000000000000e+00 0.000000000000000000e+00
-3.967622152310188100e-07 1.954704999999999900e+03 -1.269099121093750100e-03 9.895456249999999700e+02 2.513150390624999800e-03 9.651593749999999500e+02 -3.782249511718750000e-03
1.399611233209370300e-03 1.954678249999999900e+03 2.779269500000000200e+01 9.943366250000000300e+02 1.077738100000000000e+01 9.603416250000000200e+02 1.701531400000000000e+01
4.024626134516118600e-03 1.954694999999999900e+03 5.225468399999999700e+01 1.065631500000000000e+03 2.329018400000000000e+01 8.890634999999999800e+02 2.896450000000000100e+01
6.608625325818929900e-03 1.954658062500000100e+03 6.619008999999999800e+01 1.131633125000000100e+03 2.934845800000000100e+01 8.230249374999999600e+02 3.684163199999999700e+01
7.439196473658449600e-03 1.954701000000000000e+03 6.942736200000000200e+01 1.151259250000000100e+03 3.053851399999999900e+01 8.034417499999999600e+02 3.888884800000000300e+01
7.906392671540835000e-03 1.954701500000000100e+03 7.107012799999999700e+01 1.161866000000000000e+03 3.108699199999999900e+01 7.928355000000000200e+02 3.998313600000000200e+01
8.484547537033957500e-03 1.954698000000000100e+03 7.294326999999999800e+01 1.174446750000000100e+03 3.167114200000000000e+01 7.802512500000000300e+02 4.127212800000000200e+01
9.075843079768403800e-03 1.954701000000000000e+03 7.471820400000000000e+01 1.186782125000000000e+03 3.219454799999999800e+01 7.679188749999999600e+02 4.252365600000000300e+01
9.807570367796808500e-03 1.954695312500000000e+03 7.669117000000000000e+01 1.201670625000000000e+03 3.271216600000000300e+01 7.530246875000000300e+02 4.397900400000000300e+01
1.055592873448708500e-02 1.954701624999999900e+03 7.851165399999999300e+01 1.216315625000000000e+03 3.314824600000000000e+01 7.383859999999999700e+02 4.536340800000000000e+01
1.097687987908630000e-02 1.954702250000000000e+03 7.946552399999998800e+01 1.224194500000000100e+03 3.336254799999999700e+01 7.305077499999999900e+02 4.610297599999999800e+01
1.149780729897001900e-02 1.954701812500000000e+03 8.057449600000001100e+01 1.233703874999999900e+03 3.357787600000000300e+01 7.209979375000000300e+02 4.699662000000000000e+01
1.203057471940223400e-02 1.954701437499999900e+03 8.163750000000000300e+01 1.243608125000000000e+03 3.369581600000000100e+01 7.110933125000000200e+02 4.794168400000000200e+01
1.322929908649971000e-02 1.954702187500000000e+03 8.379850400000000800e+01 1.263306250000000100e+03 3.401829599999999900e+01 6.913959374999999500e+02 4.978020800000000200e+01
1.390358176132407100e-02 1.954703062500000000e+03 8.489664799999999900e+01 1.273728875000000000e+03 3.414103999999999700e+01 6.809741874999999700e+02 5.075560800000000200e+01
1.473800719730437900e-02 1.954700437499999900e+03 8.613939999999999500e+01 1.286033250000000000e+03 3.423342800000000400e+01 6.686671874999999500e+02 5.190597199999999800e+01
1.495135427249074900e-02 1.954702687499999900e+03 8.644088399999999700e+01 1.289086875000000000e+03 3.424945999999999900e+01 6.656158124999999500e+02 5.219142399999999800e+01
1.507136236616980100e-02 1.954703000000000000e+03 8.660664800000000700e+01 1.290796624999999900e+03 3.425471999999999900e+01 6.639063750000000300e+02 5.235192800000000100e+01
1.534138028583829400e-02 1.954706125000000200e+03 8.697266799999999900e+01 1.294730125000000000e+03 3.423666800000000200e+01 6.599760000000000000e+02 5.273599999999999700e+01
1.594891973176427700e-02 1.954701812500000000e+03 8.774984000000000600e+01 1.302868125000000000e+03 3.425421200000000300e+01 6.518336875000000000e+02 5.349562800000000400e+01
1.731588435842586200e-02 1.954701937500000000e+03 8.924458400000000300e+01 1.319974125000000000e+03 3.417273600000000000e+01 6.347278125000000300e+02 5.507184800000000300e+01
2.039155273064880200e-02 1.954702687500000100e+03 9.146039600000000300e+01 1.351330375000000000e+03 3.359959599999999800e+01 6.033723125000000200e+02 5.786079999999999800e+01
2.731181180811918400e-02 1.954703875000000200e+03 9.172147799999999100e+01 1.385856500000000100e+03 3.123391399999999900e+01 5.688473750000000600e+02 6.048756399999999900e+01
3.704006302196610100e-02 1.954704187500000000e+03 9.024179399999999900e+01 1.396465124999999900e+03 2.894293400000000100e+01 5.582390625000000500e+02 6.129885999999999800e+01
4.404010237063826100e-02 1.954704374999999800e+03 8.976679400000000400e+01 1.397312124999999900e+03 2.831249000000000000e+01 5.573922499999999900e+02 6.145430400000000000e+01
5.454016139364650800e-02 1.954704249999999800e+03 8.825137399999999800e+01 1.392941499999999900e+03 2.732596600000000100e+01 5.617627499999999800e+02 6.092540799999999700e+01
6.110269828302665500e-02 1.954703812499999900e+03 8.669876800000000100e+01 1.388389750000000000e+03 2.647090400000000100e+01 5.663140624999999800e+02 6.022786399999999700e+01
6.438396672771672100e-02 1.954704562500000100e+03 8.581635199999999500e+01 1.385944625000000100e+03 2.600490800000000000e+01 5.687599374999999800e+02 5.981144400000000200e+01
7.000000223572001900e-02 1.954704437500000000e+03 8.386340799999999300e+01 1.380588625000000100e+03 2.503349600000000000e+01 5.741158124999999500e+02 5.882991200000000000e+01
