0.000000000000000000e+00 0.000000000000000000e+00 0.000000000000000000e+00 0.000000000000000000e+00 0.000000000000000000e+00 0.000000000000000000e+00 0.000000000000000000e+00
-1.300377352604336200e-08 6.400217968750000600e+02 -5.074851989746086600e-06 2.349936406250000100e+02 9.698451232910156600e-05 4.050281562499999900e+02 -1.020593643188476500e-04
1.399987267227623200e-03 6.400217812500000000e+02 2.852616250000000100e+00 2.330328125000000100e+02 6.280660000000000100e-01 4.069889687500000300e+02 2.224550250000000100e+00
4.024987849663561600e-03 6.400216718750000400e+02 7.886156250000000000e+00 2.309889218749999900e+02 1.754868750000000000e+00 4.090327500000000200e+02 6.131287500000000000e+00
7.273425736765222600e-03 6.400213281249999700e+02 1.110296250000000000e+01 2.464284218750000000e+02 2.706110499999999900e+00 3.935929062500000000e+02 8.396852000000000900e+00
1.059569242432361500e-02 6.400216250000000900e+02 1.290178975000000100e+01 2.650823437500000100e+02 3.116225749999999900e+00 3.749392812500000200e+02 9.785564000000000800e+00
1.162351820412583200e-02 6.400215625000000700e+02 1.332449224999999900e+01 2.707500625000000100e+02 3.191089250000000100e+00 3.692715000000000000e+02 1.013340299999999900e+01
1.267470399851561100e-02 6.400217500000000000e+02 1.371620175000000000e+01 2.766227187499999900e+02 3.253324750000000000e+00 3.633990312500000100e+02 1.046287700000000100e+01
1.326599615452483400e-02 6.400217500000000000e+02 1.392136475000000000e+01 2.798153125000000000e+02 3.285434749999999800e+00 3.602064374999999900e+02 1.063593000000000000e+01
1.459640311443899600e-02 6.400217812500000000e+02 1.434881899999999900e+01 2.866660625000000100e+02 3.349276999999999800e+00 3.533557187499999900e+02 1.099954200000000000e+01
1.624278196199672300e-02 6.400216562499999800e+02 1.482781950000000000e+01 2.947784375000000000e+02 3.411352500000000000e+00 3.452432187499999800e+02 1.141646700000000100e+01
1.716886918375811300e-02 6.400216875000001000e+02 1.507249875000000100e+01 2.992461875000000200e+02 3.438125750000000200e+00 3.407755000000000200e+02 1.163437300000000000e+01
1.811600576235553400e-02 6.400224687500000300e+02 1.531051475000000100e+01 3.037107500000000200e+02 3.462939749999999900e+00 3.363117187500000100e+02 1.184757500000000100e+01
1.840902595069464700e-02 6.400217187499999900e+02 1.538112550000000000e+01 3.050486562500000200e+02 3.470547499999999900e+00 3.349730625000000300e+02 1.191057799999999900e+01
1.864876959893334300e-02 6.400217500000000000e+02 1.543783250000000100e+01 3.061351874999999700e+02 3.476593499999999900e+00 3.338865625000000300e+02 1.196123900000000100e+01
1.894844798591193200e-02 6.400217500000000000e+02 1.550798150000000000e+01 3.074742812499999900e+02 3.484347500000000200e+00 3.325474687500000100e+02 1.202363399999999900e+01
1.962272826767969000e-02 6.400217812500000000e+02 1.566257325000000100e+01 3.104327812500000100e+02 3.501026249999999800e+00 3.295890000000000000e+02 1.216154700000000100e+01
2.113985577280439900e-02 6.400217500000000000e+02 1.599190150000000100e+01 3.167716562499999800e+02 3.533159500000000000e+00 3.232500937500000200e+02 1.245874200000000100e+01
2.455339344154818300e-02 6.400217812500000000e+02 1.664445400000000000e+01 3.296483749999999900e+02 3.579124999999999900e+00 3.103734062500000200e+02 1.306532900000000000e+01
2.864963739249962900e-02 6.400217812500000000e+02 1.726727525000000100e+01 3.431546250000000100e+02 3.608179250000000100e+00 2.968671562499999900e+02 1.365909600000000000e+01
3.376994546004167400e-02 6.400217812500000000e+02 1.780438974999999900e+01 3.561018750000000100e+02 3.631032750000000100e+00 2.839199062500000000e+02 1.417335699999999900e+01
4.010632595052243000e-02 6.400217812500000000e+02 1.821578274999999900e+01 3.670102499999999800e+02 3.653039750000000000e+00 2.730115312500000200e+02 1.456274299999999900e+01
4.658671188855108300e-02 6.400217812500000000e+02 1.850749650000000200e+01 3.746535000000000100e+02 3.717002500000000000e+00 2.653682812500000000e+02 1.479049400000000100e+01
5.436317814303821100e-02 6.400217968749999500e+02 1.876059674999999800e+01 3.810478749999999800e+02 3.800551749999999900e+00 2.589739218749999700e+02 1.496004499999999900e+01
5.800839797092548200e-02 6.400218125000000100e+02 1.885318350000000000e+01 3.833691562500000000e+02 3.837491500000000100e+00 2.566526562500000100e+02 1.501569200000000000e+01
6.621014101924545300e-02 6.400217968749999500e+02 1.899557000000000100e+01 3.871774062499999900e+02 3.896749999999999900e+00 2.528443906249999900e+02 1.509882000000000000e+01
7.000000145178766900e-02 6.400217812500000000e+02 1.903314774999999800e+01 3.884211562500000200e+02 3.912770750000000000e+00 2.516006250000000100e+02 1.512037700000000000e+01
