0.000000000000000000e+00 0.000000000000000000e+00 0.000000000000000000e+00 0.000000000000000000e+00 0.000000000000000000e+00 0.000000000000000000e+00 0.000000000000000000e+00
-3.847998320673566700e-07 1.376033750000000100e+03 -4.224685668945312700e-04 7.481081874999999900e+02 9.696458129882812900e-04 6.279255624999999600e+02 -1.392114379882812600e-03
1.399622823959006400e-03 1.376033687499999800e+03 4.938366874999999800e+00 7.428786874999999600e+02 1.797531124999999900e+00 6.331549999999999700e+02 3.140835749999999900e+00
4.024637372870193200e-03 1.376033750000000100e+03 1.412113699999999900e+01 7.324608124999999700e+02 5.069134000000000000e+00 6.435729374999999700e+02 9.052002999999999100e+00
7.273092604520027900e-03 1.376032937500000100e+03 2.467646900000000100e+01 7.216614375000000300e+02 8.762188000000000100e+00 6.543714999999999700e+02 1.591428100000000100e+01
9.100348728342462200e-03 1.376032750000000100e+03 2.861679799999999900e+01 7.269835000000000500e+02 1.036416600000000100e+01 6.490492500000000300e+02 1.825263199999999800e+01
9.357306592745291300e-03 1.376032999999999900e+03 2.906094299999999800e+01 7.281248749999999700e+02 1.054483900000000000e+01 6.479081250000000400e+02 1.851610399999999900e+01
9.620104816025659400e-03 1.376033500000000000e+03 2.949667900000000000e+01 7.294026874999999600e+02 1.071652300000000000e+01 6.466308125000000500e+02 1.878015600000000200e+01
9.767928517850717500e-03 1.376033562500000000e+03 2.973530900000000100e+01 7.301390625000000200e+02 1.080880700000000000e+01 6.458944999999999900e+02 1.892650199999999900e+01
9.950860102373853100e-03 1.376033062500000100e+03 3.002352400000000200e+01 7.310451875000000000e+02 1.091807000000000000e+01 6.449878750000000300e+02 1.910545400000000200e+01
1.013794996983425300e-02 1.376033437500000000e+03 3.030747300000000200e+01 7.319612499999999500e+02 1.102348300000000100e+01 6.440721875000000400e+02 1.928398999999999900e+01
1.024318757212550400e-02 1.376033500000000000e+03 3.046401699999999800e+01 7.324754375000000000e+02 1.108094300000000000e+01 6.435580625000000100e+02 1.938307400000000100e+01
1.047997247605096700e-02 1.376033062499999900e+03 3.080547900000000200e+01 7.337023124999999500e+02 1.120535500000000100e+01 6.423307499999999700e+02 1.960012400000000100e+01
1.061316420858665100e-02 1.376033375000000000e+03 3.098901599999999900e+01 7.344736874999999800e+02 1.127186599999999900e+01 6.415596875000000000e+02 1.971715000000000000e+01
1.091284500925164400e-02 1.376033437500000000e+03 3.138796000000000000e+01 7.362768125000000100e+02 1.141411600000000000e+01 6.397566249999999900e+02 1.997384400000000000e+01
1.128370122503218400e-02 1.376033250000000000e+03 3.186032099999999900e+01 7.385619375000000000e+02 1.157707699999999900e+01 6.374713124999999500e+02 2.028324400000000000e+01
1.166298514918276900e-02 1.376033687500000000e+03 3.230943800000000000e+01 7.410100625000000000e+02 1.171487600000000000e+01 6.350236250000000400e+02 2.059456200000000000e+01
1.251637427729173800e-02 1.376033500000000000e+03 3.323925700000000200e+01 7.465728125000000500e+02 1.198409700000000000e+01 6.294606874999999500e+02 2.125516000000000000e+01
1.299640469085004900e-02 1.376033500000000000e+03 3.371627000000000200e+01 7.499903749999999700e+02 1.211486200000000000e+01 6.260431250000000300e+02 2.160140799999999900e+01
1.326642239601689800e-02 1.376033437500000000e+03 3.397206599999999800e+01 7.518736874999999600e+02 1.218563000000000000e+01 6.241597500000000300e+02 2.178643599999999800e+01
1.387396193387215600e-02 1.376033625000000000e+03 3.451608699999999900e+01 7.559518749999999700e+02 1.233670900000000100e+01 6.200817500000000600e+02 2.217937800000000000e+01
1.406192062492657300e-02 1.376033687500000000e+03 3.467317800000000000e+01 7.572784375000000000e+02 1.237498000000000100e+01 6.187552500000000500e+02 2.229819799999999900e+01
1.425414933895407400e-02 1.376033812499999800e+03 3.483169399999999900e+01 7.586231874999999700e+02 1.241325600000000100e+01 6.174106249999999800e+02 2.241843799999999800e+01
1.468666573813684500e-02 1.376033625000000000e+03 3.518585399999999900e+01 7.615948124999999900e+02 1.249760200000000100e+01 6.144388125000000400e+02 2.268825199999999900e+01
1.492995546575178100e-02 1.376033687499999800e+03 3.538141500000000400e+01 7.632850624999999800e+02 1.254096099999999900e+01 6.127486249999999500e+02 2.284045400000000100e+01
1.547735854796598500e-02 1.376033062500000100e+03 3.579471999999999800e+01 7.677026875000000200e+02 1.258651800000000000e+01 6.083303750000000000e+02 2.320820200000000000e+01
1.670901578171808700e-02 1.376033500000000000e+03 3.663377299999999800e+01 7.765501249999999800e+02 1.274949100000000100e+01 5.994833750000000200e+02 2.388428199999999900e+01
1.740182193000812400e-02 1.376033625000000000e+03 3.707164799999999600e+01 7.812953750000000400e+02 1.283615000000000000e+01 5.947382499999999900e+02 2.423549800000000000e+01
1.779152695696455500e-02 1.376033687499999800e+03 3.730675800000000200e+01 7.839099374999999600e+02 1.288147800000000000e+01 5.921237499999999700e+02 2.442528000000000100e+01
1.866835998114488000e-02 1.376033687499999800e+03 3.781772800000000200e+01 7.897989374999999700e+02 1.297130400000000000e+01 5.862347499999999600e+02 2.484642399999999900e+01
1.893963132585797800e-02 1.376033500000000000e+03 3.796711500000000000e+01 7.916381249999999500e+02 1.299672700000000000e+01 5.843953749999999400e+02 2.497038800000000000e+01
1.921706689629040800e-02 1.376033687500000000e+03 3.811589899999999900e+01 7.934498750000000200e+02 1.302194500000000100e+01 5.825838125000000200e+02 2.509395400000000000e+01
1.984129692976337500e-02 1.376033625000000000e+03 3.844020799999999800e+01 7.974868125000000400e+02 1.307423000000000000e+01 5.785468124999999900e+02 2.536597799999999800e+01
2.124581540138799000e-02 1.376033625000000000e+03 3.909502500000000000e+01 8.066013124999999500e+02 1.316241900000000000e+01 5.694323124999999700e+02 2.593260600000000000e+01
2.203585689229176400e-02 1.376033687500000000e+03 3.944012999999999600e+01 8.116546250000000100e+02 1.320529000000000000e+01 5.643790625000000300e+02 2.623483999999999800e+01
2.381345084436555000e-02 1.376033625000000000e+03 4.014706199999999800e+01 8.223106249999999600e+02 1.328894599999999900e+01 5.537229999999999600e+02 2.685811599999999900e+01
2.781303424883008200e-02 1.376033625000000000e+03 4.146485599999999700e+01 8.431078750000000400e+02 1.338829800000000100e+01 5.329257499999999900e+02 2.807655799999999900e+01
3.276252268549791800e-02 1.376033500000000000e+03 4.262484899999999800e+01 8.655568124999999800e+02 1.334995700000000000e+01 5.104766875000000300e+02 2.927489200000000100e+01
3.402801504111229600e-02 1.376033656250000100e+03 4.286872199999999800e+01 8.707501875000000400e+02 1.332682200000000000e+01 5.052834687500000000e+02 2.954189999999999800e+01
3.559406538654987000e-02 1.376033562500000000e+03 4.313902699999999900e+01 8.767187500000000000e+02 1.328974700000000000e+01 4.993148125000000200e+02 2.984928000000000000e+01
3.719570523216610800e-02 1.376033718749999900e+03 4.338466800000000500e+01 8.824009999999999500e+02 1.324210600000000000e+01 4.936327187499999800e+02 3.014256200000000200e+01
3.742093490179917300e-02 1.376033718749999900e+03 4.341610300000000000e+01 8.831698125000000300e+02 1.323365500000000100e+01 4.928639062500000100e+02 3.018244800000000100e+01
3.749061527108787200e-02 1.376033937499999900e+03 4.342542600000000200e+01 8.834089374999999800e+02 1.323051000000000100e+01 4.926250000000000000e+02 3.019491599999999900e+01
3.752981152450828700e-02 1.376035249999999900e+03 4.343018800000000100e+01 8.835486875000000300e+02 1.322799400000000100e+01 4.924865624999999900e+02 3.020219399999999900e+01
3.754622237126630000e-02 1.376053531250000100e+03 4.343057700000000000e+01 8.836287499999999700e+02 1.322478300000000000e+01 4.924247812500000200e+02 3.020579400000000100e+01
3.754763017620956600e-02 1.376056156250000000e+03 4.343055400000000100e+01 8.836376874999999700e+02 1.322449400000000000e+01 4.924184687499999900e+02 3.020606000000000100e+01
3.754937499388118900e-02 1.376060406250000100e+03 4.342900799999999600e+01 8.836479375000000100e+02 1.322289400000000000e+01 4.924124687500000200e+02 3.020611399999999900e+01
3.755115805413190800e-02 1.376126250000000000e+03 4.341907200000000000e+01 8.836973749999999700e+02 1.321474000000000100e+01 4.924288750000000100e+02 3.020433200000000100e+01
3.755329963856173000e-02 1.376055249999999900e+03 4.340720600000000200e+01 8.836677499999999600e+02 1.320362400000000000e+01 4.923874999999999900e+02 3.020358200000000100e+01
3.755731271920646800e-02 1.376081625000000000e+03 4.340930399999999900e+01 8.837211875000000400e+02 1.320399400000000000e+01 4.923604374999999900e+02 3.020531000000000100e+01
3.756634274819739500e-02 1.376089656250000000e+03 4.341924699999999900e+01 8.837998125000000300e+02 1.320749900000000000e+01 4.922898437499999900e+02 3.021174800000000000e+01
3.758665911834640400e-02 1.375996187499999900e+03 4.343295200000000000e+01 8.838743749999999900e+02 1.321053599999999900e+01 4.921218124999999800e+02 3.022241599999999900e+01
3.763237095118166600e-02 1.376019749999999900e+03 4.344392500000000000e+01 8.840905625000000300e+02 1.321033899999999900e+01 4.919291875000000100e+02 3.023358599999999900e+01
3.773522436768190400e-02 1.376036875000000000e+03 4.345699000000000500e+01 8.844198750000000500e+02 1.320755600000000000e+01 4.916170000000000200e+02 3.024943400000000100e+01
3.796664216464622900e-02 1.376033500000000000e+03 4.348565200000000200e+01 8.851278750000000200e+02 1.320077000000000000e+01 4.909056249999999900e+02 3.028488200000000000e+01
3.848733400043688500e-02 1.376033687499999800e+03 4.355352399999999600e+01 8.867726249999999500e+02 1.318529599999999900e+01 4.892610624999999800e+02 3.036822799999999800e+01
3.965888824080464300e-02 1.376033718749999900e+03 4.369255199999999900e+01 8.903573750000000500e+02 1.314384400000000000e+01 4.856763437500000000e+02 3.054870800000000100e+01
4.229488707425301000e-02 1.376033718749999900e+03 4.392861299999999900e+01 8.976442500000000600e+02 1.302763100000000000e+01 4.783894687499999900e+02 3.090098199999999900e+01
4.555694082924596800e-02 1.376033593749999900e+03 4.405905299999999900e+01 9.050233124999999700e+02 1.285277499999999900e+01 4.710102812499999900e+02 3.120627800000000100e+01
4.639098757789247900e-02 1.376033687500000000e+03 4.406899099999999700e+01 9.066908124999999900e+02 1.280547700000000000e+01 4.693428749999999900e+02 3.126351400000000100e+01
4.686013797769569800e-02 1.376033843750000000e+03 4.406937999999999500e+01 9.075678124999999500e+02 1.277602800000000000e+01 4.684660312500000100e+02 3.129335199999999900e+01
4.744071291204084200e-02 1.376033718749999900e+03 4.406214400000000400e+01 9.085645624999999700e+02 1.274191000000000100e+01 4.674691562500000300e+02 3.132023399999999900e+01
4.803448153617686400e-02 1.376033718749999900e+03 4.405782500000000100e+01 9.095644999999999500e+02 1.270880700000000000e+01 4.664692187499999800e+02 3.134901800000000100e+01
4.876926967075892500e-02 1.376033687500000000e+03 4.404766600000000000e+01 9.107381249999999700e+02 1.266751400000000100e+01 4.652955625000000200e+02 3.138015199999999900e+01
4.895714590125215700e-02 1.376033656250000100e+03 4.404415199999999700e+01 9.110253750000000500e+02 1.265689000000000100e+01 4.650082812499999800e+02 3.138726200000000000e+01
4.914208223347675500e-02 1.376036781249999900e+03 4.403915299999999900e+01 9.112958125000000100e+02 1.264595100000000000e+01 4.647409687499999800e+02 3.139320199999999900e+01
4.920152554237154600e-02 1.376032843750000000e+03 4.403824099999999900e+01 9.113827499999999900e+02 1.264243300000000000e+01 4.646500937500000000e+02 3.139580799999999900e+01
4.923496389747562100e-02 1.376034281249999800e+03 4.403704899999999600e+01 9.114305624999999500e+02 1.264007500000000000e+01 4.646037187499999800e+02 3.139697400000000000e+01
4.931019661121798000e-02 1.376032343750000100e+03 4.403658699999999700e+01 9.115512499999999800e+02 1.263591100000000000e+01 4.644810937500000100e+02 3.140067600000000100e+01
4.947947260729949900e-02 1.376033781249999900e+03 4.403214599999999700e+01 9.117919375000000200e+02 1.262631200000000000e+01 4.642418437499999900e+02 3.140583399999999900e+01
4.986034479356350100e-02 1.376033812499999800e+03 4.402228999999999800e+01 9.123106249999999600e+02 1.260520000000000000e+01 4.637231874999999900e+02 3.141709000000000200e+01
5.033167024005325700e-02 1.376033781249999900e+03 4.400748500000000300e+01 9.129082499999999500e+02 1.257806700000000100e+01 4.631255312499999900e+02 3.142941799999999800e+01
5.081371316933691600e-02 1.376033625000000000e+03 4.399210300000000000e+01 9.135069375000000500e+02 1.255075700000000100e+01 4.625266874999999800e+02 3.144134599999999900e+01
5.189830139466097100e-02 1.376033750000000100e+03 4.395469099999999700e+01 9.147494375000000000e+02 1.249319500000000000e+01 4.612843125000000000e+02 3.146149600000000000e+01
5.433863207212366600e-02 1.376033718749999900e+03 4.384490400000000000e+01 9.170651249999999700e+02 1.236166200000000100e+01 4.589685937500000300e+02 3.148324200000000100e+01
5.982937251117295000e-02 1.376033750000000100e+03 4.355103400000000100e+01 9.202041249999999800e+02 1.211690600000000000e+01 4.558296250000000200e+02 3.143412800000000100e+01
7.000000076485157800e-02 1.376033750000000100e+03 4.278006899999999700e+01 9.202920000000000300e+02 1.172674100000000100e+01 4.557417500000000200e+02 3.105332800000000000e+01
