0.000000000000000000e+00 0.000000000000000000e+00 0.000000000000000000e+00 0.000000000000000000e+00 0.000000000000000000e+00 0.000000000000000000e+00 0.000000000000000000e+00
-4.084875417947955800e-07 7.081197500000000700e+02 -2.307591705322265500e-04 3.366599062500000100e+02 2.441441497802734300e-04 3.714598437500000000e+02 -4.749033203124999800e-04
1.399599669272439400e-03 7.081196875000000500e+02 4.697194999999999800e+00 3.334430312499999900e+02 1.477967250000000100e+00 3.746766562500000100e+02 3.219227749999999900e+00
4.024614965109000700e-03 7.081190937500000500e+02 1.213640400000000100e+01 3.357195624999999900e+02 4.032372999999999800e+00 3.723995312500000000e+02 8.104031000000000900e+00
5.501186041007364100e-03 7.081191562500000600e+02 1.454435450000000100e+01 3.461944374999999900e+02 5.067630499999999900e+00 3.619247187500000100e+02 9.476724000000000800e+00
5.958000221348047300e-03 7.081184375000000300e+02 1.514797349999999900e+01 3.496890000000000200e+02 5.319953499999999600e+00 3.584294375000000100e+02 9.828020000000000400e+00
6.214958085750875600e-03 7.081191249999999400e+02 1.546338649999999900e+01 3.517320937499999900e+02 5.444839499999999600e+00 3.563870312500000100e+02 1.001854700000000000e+01
6.477756309031244500e-03 7.081193749999999900e+02 1.577246299999999800e+01 3.538374687500000300e+02 5.561729999999999800e+00 3.542819062500000200e+02 1.021073299999999900e+01
6.802968811570551600e-03 7.081189375000000200e+02 1.613106350000000000e+01 3.563946250000000200e+02 5.690622499999999900e+00 3.517243125000000000e+02 1.044044100000000000e+01
7.135572290062008000e-03 7.081193749999999900e+02 1.647821499999999900e+01 3.590257500000000200e+02 5.809592999999999600e+00 3.490936249999999700e+02 1.066862199999999900e+01
7.883930564823006900e-03 7.081196875000000500e+02 1.717937200000000100e+01 3.653127187499999900e+02 6.027040999999999600e+00 3.428069687500000100e+02 1.115233100000000000e+01
7.968121005180186000e-03 7.081195312500000200e+02 1.725257450000000100e+01 3.660589687500000200e+02 6.044622500000000000e+00 3.420605625000000000e+02 1.120795200000000100e+01
8.073358607471437000e-03 7.081191562500000600e+02 1.734368549999999900e+01 3.669649375000000200e+02 6.068899499999999700e+00 3.411542187499999800e+02 1.127478600000000100e+01
8.310144108937198000e-03 7.081193749999999900e+02 1.754315400000000100e+01 3.690000000000000000e+02 6.119767000000000400e+00 3.391193749999999900e+02 1.142338700000000000e+01
8.603165322975406300e-03 7.081193437499999800e+02 1.778129949999999900e+01 3.714466875000000000e+02 6.182449499999999700e+00 3.366726562499999900e+02 1.159885000000000100e+01
8.902846721180697500e-03 7.081197500000000700e+02 1.801570100000000000e+01 3.739222187500000100e+02 6.241054000000000100e+00 3.341975312500000000e+02 1.177464700000000000e+01
9.071417619709979500e-03 7.081199374999999900e+02 1.814095449999999900e+01 3.753621875000000000e+02 6.266452499999999800e+00 3.327577499999999900e+02 1.187450200000000000e+01
9.450701543860566500e-03 7.081193749999999900e+02 1.841740600000000000e+01 3.784864062500000200e+02 6.329881999999999600e+00 3.296329687499999700e+02 1.208752400000000000e+01
1.030409126950983200e-02 7.081195000000000200e+02 1.898508250000000100e+01 3.855569062500000000e+02 6.446748500000000000e+00 3.225625937500000200e+02 1.253833400000000100e+01
1.078412287814874100e-02 7.081195937500000400e+02 1.928623150000000000e+01 3.893860000000000200e+02 6.510077500000000400e+00 3.187335937500000100e+02 1.277615400000000000e+01
1.132415828848243700e-02 7.081190624999999300e+02 1.960600149999999800e+01 3.935618124999999700e+02 6.575882499999999600e+00 3.145572500000000100e+02 1.303011899999999900e+01
1.159417599364928400e-02 7.081195937499999200e+02 1.975867350000000000e+01 3.956036562499999700e+02 6.606246500000000100e+00 3.125159375000000100e+02 1.315242699999999900e+01
1.167518094667515900e-02 7.081196562499999300e+02 1.980364750000000000e+01 3.962129687500000200e+02 6.614764499999999700e+00 3.119066874999999800e+02 1.318888300000000100e+01
1.182706612990912200e-02 7.081196562499999300e+02 1.988650549999999800e+01 3.973583125000000100e+02 6.629514500000000000e+00 3.107613437499999800e+02 1.325699099999999900e+01
1.216880659710494400e-02 7.081195937500000400e+02 2.007176050000000000e+01 3.998860000000000200e+02 6.664214499999999900e+00 3.082335937500000100e+02 1.340754600000000000e+01
1.293772503845673700e-02 7.081195625000000300e+02 2.046757600000000100e+01 4.053463125000000100e+02 6.736085000000000100e+00 3.027732500000000200e+02 1.373149100000000000e+01
1.466778944010722400e-02 7.081195937500000400e+02 2.125825000000000000e+01 4.171962812500000300e+02 6.852394999999999600e+00 2.909233125000000100e+02 1.440585500000000100e+01
1.564095074072816000e-02 7.081195625000000300e+02 2.165757850000000000e+01 4.235237500000000100e+02 6.904544500000000100e+00 2.845958125000000200e+02 1.475303400000000000e+01
1.618835382294236300e-02 7.081196562499999300e+02 2.186961350000000000e+01 4.269629687500000200e+02 6.931828499999999900e+00 2.811566874999999800e+02 1.493778500000000000e+01
1.649626753384009200e-02 7.081196562499999300e+02 2.198555650000000100e+01 4.288574375000000000e+02 6.946283499999999800e+00 2.792622187499999900e+02 1.503927300000000000e+01
1.718907487721072600e-02 7.081196250000000400e+02 2.223678599999999900e+01 4.329889687500000300e+02 6.975610999999999800e+00 2.751306562500000200e+02 1.526117500000000000e+01
1.874789139979465100e-02 7.081196250000000400e+02 2.275577999999999800e+01 4.416360937499999900e+02 7.027980999999999600e+00 2.664835312500000000e+02 1.572779899999999900e+01
2.225522827683833500e-02 7.081196718749999900e+02 2.370892099999999700e+01 4.585056875000000200e+02 7.087989999999999600e+00 2.496139843750000000e+02 1.662093099999999900e+01
2.334031126552954500e-02 7.081196874999999400e+02 2.393082600000000000e+01 4.630559999999999800e+02 7.097506000000000100e+00 2.450636874999999900e+02 1.683332000000000100e+01
2.382582231870569700e-02 7.081193906250000500e+02 2.401837799999999800e+01 4.649501250000000100e+02 7.100699999999999800e+00 2.431692656250000100e+02 1.691767799999999900e+01
2.398188072338438800e-02 7.081196718749999900e+02 2.404489149999999900e+01 4.655389374999999700e+02 7.101651500000000000e+00 2.425807343749999900e+02 1.694323999999999900e+01
2.406966178339525400e-02 7.081173437500000300e+02 2.405736449999999800e+01 4.658706562500000200e+02 7.100372499999999800e+00 2.422466875000000100e+02 1.695699200000000000e+01
2.426717275366149400e-02 7.081198281250000300e+02 2.409004300000000100e+01 4.665975937499999900e+02 7.101792999999999800e+00 2.415222343750000100e+02 1.698825000000000100e+01
2.471157303430083700e-02 7.081197187500000600e+02 2.415972900000000200e+01 4.681848437500000300e+02 7.104147000000000200e+00 2.399348750000000100e+02 1.705558200000000100e+01
2.496154565261420000e-02 7.081197031250000000e+02 2.419720599999999800e+01 4.690607812499999900e+02 7.104902000000000100e+00 2.390589218750000100e+02 1.709230399999999900e+01
2.503888170820728300e-02 7.081199687500000000e+02 2.420859349999999900e+01 4.693265625000000200e+02 7.105281500000000200e+00 2.387934062500000000e+02 1.710331199999999900e+01
2.504160171164605500e-02 7.081285156249999800e+02 2.420818150000000200e+01 4.693443125000000000e+02 7.104497499999999900e+00 2.387842031250000000e+02 1.710368400000000100e+01
2.504438146911467900e-02 7.081368906249999800e+02 2.420734550000000200e+01 4.693640624999999900e+02 7.103205499999999600e+00 2.387728281249999900e+02 1.710414000000000100e+01
2.504594463453555700e-02 7.081501093749999400e+02 2.420617250000000100e+01 4.693832499999999800e+02 7.101828499999999900e+00 2.387668593750000000e+02 1.710434400000000100e+01
2.504946534197432000e-02 7.081758437500000100e+02 2.420117450000000000e+01 4.694395937499999700e+02 7.095770500000000400e+00 2.387362500000000100e+02 1.710540400000000000e+01
2.505738394601004000e-02 7.081491250000000300e+02 2.420602750000000100e+01 4.694623125000000000e+02 7.097239499999999700e+00 2.386868125000000000e+02 1.710878800000000100e+01
2.507519781738892800e-02 7.081169531250000100e+02 2.421224350000000000e+01 4.695203750000000000e+02 7.098673500000000300e+00 2.385965781250000100e+02 1.711356999999999900e+01
2.511528560093470900e-02 7.081014218749999100e+02 2.421945799999999900e+01 4.696564062499999700e+02 7.099517999999999800e+00 2.384450156250000000e+02 1.711994000000000000e+01
2.520547833359032200e-02 7.081222031249999400e+02 2.423225600000000000e+01 4.699731562499999900e+02 7.100346000000000000e+00 2.381490468750000100e+02 1.713191000000000100e+01
2.540841496976694500e-02 7.081196562500000500e+02 2.425966100000000100e+01 4.706247812500000100e+02 7.102002999999999800e+00 2.374948750000000100e+02 1.715765800000000100e+01
2.586502419378524200e-02 7.081197343750000100e+02 2.432035300000000100e+01 4.720858749999999900e+02 7.104256999999999600e+00 2.360338593749999900e+02 1.721609600000000000e+01
2.689238956996372500e-02 7.081196875000000500e+02 2.444078049999999900e+01 4.751656874999999900e+02 7.102596499999999800e+00 2.329540000000000100e+02 1.733818399999999800e+01
2.816375455163176400e-02 7.081196875000000500e+02 2.456366200000000100e+01 4.786378750000000100e+02 7.088954000000000200e+00 2.294818124999999900e+02 1.747470800000000000e+01
2.887889795136033100e-02 7.081197343750000100e+02 2.462265900000000200e+01 4.804013749999999700e+02 7.080848999999999700e+00 2.277183593750000100e+02 1.754181000000000200e+01
2.906174767286257400e-02 7.081197343750000100e+02 2.463650750000000000e+01 4.808339687500000000e+02 7.078561500000000200e+00 2.272857656250000100e+02 1.755794600000000100e+01
2.916460108936280700e-02 7.081197031250000000e+02 2.464402949999999800e+01 4.810730937500000000e+02 7.077245500000000100e+00 2.270466093750000000e+02 1.756678399999999800e+01
2.919642130533853900e-02 7.081196875000000500e+02 2.464634749999999700e+01 4.811467500000000000e+02 7.076835499999999600e+00 2.269729375000000000e+02 1.756951200000000000e+01
2.920455741404291700e-02 7.081198749999999800e+02 2.464691349999999700e+01 4.811653749999999800e+02 7.076735499999999800e+00 2.269545000000000000e+02 1.757017799999999900e+01
2.922286126846657500e-02 7.081176562499999800e+02 2.464653149999999800e+01 4.811924687499999900e+02 7.076253500000000000e+00 2.269251874999999900e+02 1.757027799999999800e+01
2.926405091632278800e-02 7.081188124999999900e+02 2.464961050000000100e+01 4.812888125000000100e+02 7.075708500000000200e+00 2.268300000000000100e+02 1.757390200000000000e+01
2.935672224613658200e-02 7.081198906250000400e+02 2.465655900000000100e+01 4.815043125000000300e+02 7.074487000000000400e+00 2.266155781250000100e+02 1.758207200000000000e+01
2.956523273821761200e-02 7.081197187499999500e+02 2.467066350000000000e+01 4.819715312500000000e+02 7.071449499999999900e+00 2.261481875000000100e+02 1.759921400000000000e+01
3.003438552818202600e-02 7.081197968750000200e+02 2.469765100000000000e+01 4.829638749999999700e+02 7.063589000000000300e+00 2.251559218749999900e+02 1.763406200000000000e+01
3.059736648597812700e-02 7.081197031250000000e+02 2.472908599999999900e+01 4.840999062500000000e+02 7.054126000000000100e+00 2.240197968750000000e+02 1.767495999999999900e+01
3.165295727569656500e-02 7.081197031250000000e+02 2.477886200000000000e+01 4.860424687500000100e+02 7.036114000000000400e+00 2.220772343749999900e+02 1.774274799999999900e+01
3.355302069718975300e-02 7.081196875000000500e+02 2.484781899999999800e+01 4.890767500000000000e+02 7.002429000000000200e+00 2.190429374999999900e+02 1.784538999999999800e+01
3.592810236421742400e-02 7.081197031250000000e+02 2.492122750000000100e+01 4.921341562499999900e+02 6.978793500000000100e+00 2.159855468750000100e+02 1.794243399999999900e+01
3.666289049879948400e-02 7.081197500000000700e+02 2.494408600000000200e+01 4.929587187500000000e+02 6.978124000000000200e+00 2.151610312500000100e+02 1.796596200000000100e+01
3.707621151343323800e-02 7.081197343750000100e+02 2.495828900000000100e+01 4.934047812499999800e+02 6.979533000000000000e+00 2.147149531249999900e+02 1.797875600000000100e+01
3.749892347139822300e-02 7.081196562499999300e+02 2.497235000000000200e+01 4.938411874999999900e+02 6.981072000000000200e+00 2.142784687500000000e+02 1.799127800000000100e+01
3.845002836452091800e-02 7.081197343750000100e+02 2.500233349999999900e+01 4.947499687499999900e+02 6.986667500000000300e+00 2.133697656250000100e+02 1.801566600000000000e+01
4.059001377650669300e-02 7.081197343750000100e+02 2.506115549999999800e+01 4.964598125000000000e+02 7.002209500000000200e+00 2.116599218750000100e+02 1.805894599999999900e+01
4.179375631767406900e-02 7.081197812499999600e+02 2.509145099999999900e+01 4.972445937499999800e+02 7.014510999999999700e+00 2.108751875000000100e+02 1.807694000000000000e+01
4.450217703530065500e-02 7.081197187499999500e+02 2.514406499999999800e+01 4.985353124999999700e+02 7.041484999999999800e+00 2.095844062500000000e+02 1.810258000000000000e+01
5.059611767455748200e-02 7.081197343750000100e+02 2.524971199999999900e+01 5.002602499999999800e+02 7.096333999999999700e+00 2.078594843749999900e+02 1.815337800000000000e+01
5.402396257061109500e-02 7.081197343750000100e+02 2.529277799999999800e+01 5.007863125000000100e+02 7.120079999999999700e+00 2.073334218750000000e+02 1.817269800000000000e+01
6.173660641624814000e-02 7.081197343750000100e+02 2.532385649999999800e+01 5.010056250000000100e+02 7.129192500000000300e+00 2.071141093750000000e+02 1.819466400000000000e+01
6.607496887818913000e-02 7.081197187499999500e+02 2.531230700000000100e+01 5.008810312499999800e+02 7.115713000000000400e+00 2.072386875000000000e+02 1.819659400000000100e+01
7.000000076485157800e-02 7.081184687500000300e+02 2.526612650000000200e+01 5.004925937500000300e+02 7.085848500000000000e+00 2.076258750000000100e+02 1.818027800000000100e+01
