0.000000000000000000e+00 0.000000000000000000e+00 0.000000000000000000e+00 0.000000000000000000e+00 0.000000000000000000e+00 0.000000000000000000e+00 0.000000000000000000e+00
-8.426572810064879900e-07 1.642331750000000100e+03 -1.104226196289062500e-03 9.742450625000000200e+02 5.184146728515624700e-04 6.680866875000000400e+02 -1.622640869140625000e-03
1.399174220579907400e-03 1.642331624999999800e+03 5.401679249999999900e+00 9.697051249999999500e+02 2.277685500000000000e+00 6.726264999999999600e+02 3.123993749999999900e+00
4.024205650004527900e-03 1.642331687500000000e+03 1.518395750000000000e+01 9.589083124999999700e+02 6.214015500000000400e+00 6.834233749999999600e+02 8.969941999999999600e+00
9.930527001096490700e-03 1.642331312500000000e+03 3.184795899999999900e+01 9.663752500000000500e+02 1.360160300000000100e+01 6.759560625000000300e+02 1.824635599999999900e+01
1.076110323568932200e-02 1.642331375000000000e+03 3.322070600000000000e+01 9.717631874999999600e+02 1.427494600000000000e+01 6.705681875000000200e+02 1.894576000000000000e+01
1.113486230223997300e-02 1.642331437500000000e+03 3.378649600000000000e+01 9.743232500000000300e+02 1.453783200000000000e+01 6.680081874999999600e+02 1.924866400000000200e+01
1.136846231637443100e-02 1.642331250000000200e+03 3.412515499999999900e+01 9.759148750000000500e+02 1.469089100000000100e+01 6.664163750000000200e+02 1.943426399999999900e+01
1.154366232697527500e-02 1.642331499999999800e+03 3.437093800000000200e+01 9.771163749999999500e+02 1.479841399999999900e+01 6.652151249999999400e+02 1.957252400000000100e+01
1.176047145872187800e-02 1.642331375000000000e+03 3.466757800000000600e+01 9.786038750000000200e+02 1.492595400000000100e+01 6.637274999999999600e+02 1.974162400000000200e+01
1.198220910285051000e-02 1.642331562500000000e+03 3.496466600000000100e+01 9.801135000000000400e+02 1.505204999999999900e+01 6.622180624999999700e+02 1.991261600000000000e+01
1.238133614523368900e-02 1.642331312500000000e+03 3.546964799999999900e+01 9.830771250000000200e+02 1.526167000000000100e+01 6.592541874999999400e+02 2.020797800000000100e+01
1.250606312190082100e-02 1.642331562500000000e+03 3.562154499999999800e+01 9.840368750000000100e+02 1.532340499999999900e+01 6.582946875000000100e+02 2.029814000000000000e+01
1.278669911817201600e-02 1.642331437500000000e+03 3.595140399999999700e+01 9.863208124999999900e+02 1.544573400000000000e+01 6.560106250000000000e+02 2.050566999999999900e+01
1.341812951224190800e-02 1.642331562500000000e+03 3.664813099999999900e+01 9.915494999999999700e+02 1.568672699999999900e+01 6.507820625000000500e+02 2.096140400000000200e+01
1.377330985583159600e-02 1.642331562500000000e+03 3.701488700000000200e+01 9.944306249999999600e+02 1.580968900000000100e+01 6.479009375000000500e+02 2.120519799999999900e+01
1.421284496336055000e-02 1.642331500000000000e+03 3.744862200000000000e+01 9.978746875000000500e+02 1.595574000000000000e+01 6.444568124999999600e+02 2.149288200000000200e+01
1.427465453183740700e-02 1.642331500000000000e+03 3.750732200000000200e+01 9.983740625000000400e+02 1.597410000000000000e+01 6.439574374999999700e+02 2.153322199999999900e+01
1.433786951509633300e-02 1.642332124999999900e+03 3.756568899999999900e+01 9.989049374999999600e+02 1.599099900000000000e+01 6.434271874999999500e+02 2.157469000000000000e+01
1.448010203234832500e-02 1.642331749999999800e+03 3.769914200000000200e+01 1.000056875000000000e+03 1.603159600000000000e+01 6.422748749999999500e+02 2.166754600000000200e+01
1.480012429985486100e-02 1.642331625000000000e+03 3.799578100000000100e+01 1.002628000000000000e+03 1.612095300000000000e+01 6.397036249999999900e+02 2.187482800000000100e+01
1.552017589559531000e-02 1.642331437500000000e+03 3.861784099999999900e+01 1.008607625000000000e+03 1.629969099999999900e+01 6.337238125000000100e+02 2.231814999999999900e+01
1.592520544104707500e-02 1.642331562500000000e+03 3.894261299999999400e+01 1.011990437500000000e+03 1.639058299999999900e+01 6.303411250000000300e+02 2.255202999999999800e+01
1.683652132077324800e-02 1.642331562500000000e+03 3.962612800000000100e+01 1.019346187500000000e+03 1.658125400000000100e+01 6.229853749999999800e+02 2.304487400000000000e+01
1.796427346709975400e-02 1.642331500000000200e+03 4.040168800000000000e+01 1.027890000000000100e+03 1.679779600000000200e+01 6.144415000000000200e+02 2.360389199999999800e+01
1.911765650699013100e-02 1.642331625000000000e+03 4.112545199999999600e+01 1.036283687500000000e+03 1.698579600000000100e+01 6.060479374999999900e+02 2.413965599999999900e+01
2.171276924305392400e-02 1.642331625000000000e+03 4.248369599999999500e+01 1.054986750000000000e+03 1.724480799999999900e+01 5.873448750000000000e+02 2.523888799999999900e+01
2.492422328556987900e-02 1.642331562500000000e+03 4.378468600000000100e+01 1.076002000000000000e+03 1.740063999999999900e+01 5.663295624999999500e+02 2.638404600000000100e+01
2.820866090014464600e-02 1.642331687500000000e+03 4.484767600000000000e+01 1.094589874999999900e+03 1.747501799999999900e+01 5.477418125000000400e+02 2.737265800000000100e+01
2.922478534822774500e-02 1.642331312500000000e+03 4.512128800000000000e+01 1.100025875000000000e+03 1.747727000000000100e+01 5.423054375000000400e+02 2.764401799999999900e+01
2.928973558851352000e-02 1.642333687500000000e+03 4.513283199999999300e+01 1.100388625000000000e+03 1.747235999999999800e+01 5.419450624999999500e+02 2.766047199999999900e+01
2.943587721439830000e-02 1.642323937499999800e+03 4.515184800000000100e+01 1.101589999999999900e+03 1.744311799999999800e+01 5.407339375000000200e+02 2.770872999999999900e+01
2.976469168985696300e-02 1.642331687500000000e+03 4.522874199999999700e+01 1.103211875000000000e+03 1.744502000000000000e+01 5.391198124999999700e+02 2.778372200000000100e+01
3.050452545471956200e-02 1.642331687500000000e+03 4.540157399999999700e+01 1.106868874999999900e+03 1.744638600000000000e+01 5.354628125000000400e+02 2.795518800000000000e+01
3.216915082812010100e-02 1.642331750000000100e+03 4.575387999999999500e+01 1.114866125000000000e+03 1.742409400000000000e+01 5.274656250000000500e+02 2.832978599999999900e+01
3.591455732073102500e-02 1.642331718750000200e+03 4.634974400000000100e+01 1.130395250000000000e+03 1.731399000000000000e+01 5.119364687500000200e+02 2.903575400000000100e+01
3.960144071650684200e-02 1.642331281250000100e+03 4.672698400000000200e+01 1.143012750000000100e+03 1.713392599999999900e+01 4.993185312499999800e+02 2.959305799999999900e+01
4.025323050362723100e-02 1.642331593750000100e+03 4.677729399999999800e+01 1.145036250000000100e+03 1.709817200000000200e+01 4.972953437499999700e+02 2.967912200000000000e+01
4.052611998746866900e-02 1.642343156250000000e+03 4.679497200000000100e+01 1.145885000000000000e+03 1.708056600000000100e+01 4.964581562500000000e+02 2.971440600000000000e+01
4.053198066271635600e-02 1.642341781249999900e+03 4.679506800000000100e+01 1.145908375000000000e+03 1.707949999999999900e+01 4.964334062500000200e+02 2.971556800000000100e+01
4.053527430484169000e-02 1.642350906250000000e+03 4.679441599999999800e+01 1.145932000000000000e+03 1.707811800000000000e+01 4.964189062500000200e+02 2.971629799999999800e+01
4.053712906992823500e-02 1.642367812500000100e+03 4.679250199999999900e+01 1.145960375000000100e+03 1.707566200000000100e+01 4.964074375000000100e+02 2.971684000000000100e+01
4.053817118020881800e-02 1.642387625000000100e+03 4.679018999999999600e+01 1.145989125000000100e+03 1.707297600000000100e+01 4.963985000000000100e+02 2.971721399999999800e+01
4.053875915986254000e-02 1.642405718750000000e+03 4.678815199999999700e+01 1.146013625000000000e+03 1.707069400000000000e+01 4.963920937500000200e+02 2.971745800000000100e+01
4.054007852884163000e-02 1.642505781249999900e+03 4.677685799999999700e+01 1.146148375000000000e+03 1.705835799999999800e+01 4.963574062500000000e+02 2.971849999999999900e+01
4.054304710904457800e-02 1.642389562500000000e+03 4.676596800000000100e+01 1.146137625000000100e+03 1.704464000000000100e+01 4.962519375000000000e+02 2.972132800000000000e+01
4.054972521942062200e-02 1.642423750000000200e+03 4.677450999999999900e+01 1.146220250000000100e+03 1.704851599999999900e+01 4.962035000000000200e+02 2.972599400000000000e+01
4.056475933333088300e-02 1.642340031250000000e+03 4.678982200000000100e+01 1.146286125000000100e+03 1.705353800000000000e+01 4.960539062500000100e+02 2.973628400000000100e+01
4.059858489454838000e-02 1.642269281249999900e+03 4.680033000000000200e+01 1.146408875000000100e+03 1.705399200000000100e+01 4.958604062499999800e+02 2.974633800000000200e+01
4.067468284664297500e-02 1.642340656249999900e+03 4.680754199999999800e+01 1.146727875000000000e+03 1.704955400000000100e+01 4.956127812500000100e+02 2.975798800000000100e+01
4.084591399458117200e-02 1.642331437500000000e+03 4.681433200000000000e+01 1.147216875000000100e+03 1.703637000000000200e+01 4.951145624999999800e+02 2.977796199999999900e+01
4.123117929711975200e-02 1.642331593749999900e+03 4.683864400000000200e+01 1.148381249999999900e+03 1.701185600000000200e+01 4.939503437500000000e+02 2.982678800000000100e+01
4.209802383767034800e-02 1.642331625000000000e+03 4.688325799999999800e+01 1.150783750000000100e+03 1.696062999999999800e+01 4.915478749999999800e+02 2.992262800000000000e+01
4.404842883423157300e-02 1.642331750000000100e+03 4.692314400000000100e+01 1.155642000000000100e+03 1.682538800000000000e+01 4.866897500000000000e+02 3.009775600000000000e+01
4.646205185051251200e-02 1.642331656249999900e+03 4.686209700000000600e+01 1.160701749999999900e+03 1.662528100000000100e+01 4.816299062499999800e+02 3.023681600000000100e+01
4.893052906619575800e-02 1.642331656249999900e+03 4.668314800000000300e+01 1.164566499999999900e+03 1.639140600000000000e+01 4.777651562500000200e+02 3.029174199999999900e+01
4.969421424961328900e-02 1.642331624999999800e+03 4.661032799999999600e+01 1.165550999999999900e+03 1.631439800000000100e+01 4.767806249999999900e+02 3.029592999999999800e+01
5.047525678362164300e-02 1.642331593749999900e+03 4.652495799999999800e+01 1.166496249999999900e+03 1.623136800000000000e+01 4.758353437499999900e+02 3.029358999999999800e+01
5.141251069262511200e-02 1.642331718750000200e+03 4.641620400000000000e+01 1.167462250000000000e+03 1.613128599999999900e+01 4.748694687500000100e+02 3.028491800000000100e+01
5.316985280890213600e-02 1.642331656249999900e+03 4.618648700000000000e+01 1.168854750000000000e+03 1.593920299999999900e+01 4.734769062500000100e+02 3.024728400000000100e+01
5.712387735084782000e-02 1.642331656250000200e+03 4.556747899999999900e+01 1.170397875000000100e+03 1.549873900000000000e+01 4.719337812499999800e+02 3.006873999999999800e+01
6.602043974070918900e-02 1.642331781249999900e+03 4.387827699999999700e+01 1.167290625000000100e+03 1.452375500000000000e+01 4.750411562499999700e+02 2.935452199999999900e+01
7.000000076485157800e-02 1.642331687500000000e+03 4.303039600000000300e+01 1.163949499999999900e+03 1.409357600000000100e+01 4.783821874999999900e+02 2.893682000000000100e+01
