0.000000000000000000e+00 0.000000000000000000e+00 0.000000000000000000e+00 0.000000000000000000e+00 0.000000000000000000e+00 0.000000000000000000e+00 0.000000000000000000e+00
7.457258408329238600e-07 4.536614125000000100e+03 4.961600830078124300e-03 3.340600750000000100e+03 1.516372070312500000e-03 1.196013375000000000e+03 3.445228759765624800e-03
1.400730767539348700e-03 4.536613250000000300e+03 2.605180000000000000e+01 3.328940000000000100e+03 1.519666000000000000e+01 1.207673250000000100e+03 1.085514000000000000e+01
4.025702746286632200e-03 4.536612874999999800e+03 7.208458799999999700e+01 3.300138250000000000e+03 4.101715600000000000e+01 1.236474625000000100e+03 3.106743200000000000e+01
7.274105667499107500e-03 4.536606249999999800e+03 1.235749720000000000e+02 3.277662750000000000e+03 7.031633600000000700e+01 1.258943500000000100e+03 5.325863600000000300e+01
9.101332656038643700e-03 4.536605375000000100e+03 1.438979520000000000e+02 3.292982750000000100e+03 8.344515199999999300e+01 1.243622625000000000e+03 6.045280000000000300e+01
1.012914718700739000e-02 4.536607250000000000e+03 1.532142399999999900e+02 3.304041749999999900e+03 8.951037599999999400e+01 1.232565499999999900e+03 6.370386400000000300e+01
1.070729355139235000e-02 4.536607624999999600e+03 1.578281880000000100e+02 3.311012749999999900e+03 9.245905600000000400e+01 1.225594875000000000e+03 6.536913199999999300e+01
1.085511437060480300e-02 4.536610249999999700e+03 1.589295480000000100e+02 3.312942000000000000e+03 9.314162399999999300e+01 1.223668249999999900e+03 6.578792400000000400e+01
1.118771267652349100e-02 4.536611249999999900e+03 1.612915479999999800e+02 3.317275500000000200e+03 9.457388799999999700e+01 1.219335750000000000e+03 6.671765999999999500e+01
1.143716189352606200e-02 4.536610375000000200e+03 1.629652560000000100e+02 3.320547250000000100e+03 9.555427199999999700e+01 1.216063124999999900e+03 6.741098399999999900e+01
1.162424848123561900e-02 4.536612624999999800e+03 1.641852799999999800e+02 3.323103000000000100e+03 9.625061599999999400e+01 1.213509624999999900e+03 6.793466399999999800e+01
1.185576706088637500e-02 4.536610875000000300e+03 1.656451920000000100e+02 3.326332750000000000e+03 9.706583999999999400e+01 1.210278125000000000e+03 6.857935200000000000e+01
1.209254872660776700e-02 4.536614125000000100e+03 1.670607520000000100e+02 3.329854499999999900e+03 9.781597600000000600e+01 1.206759624999999900e+03 6.924477600000000200e+01
1.262530617431141400e-02 4.536612000000000100e+03 1.700171120000000000e+02 3.338394249999999800e+03 9.936226399999999600e+01 1.198217750000000000e+03 7.065484800000000100e+01
1.292498353881419700e-02 4.536610875000000300e+03 1.715471759999999800e+02 3.343584750000000000e+03 1.001219280000000000e+02 1.193026125000000100e+03 7.142524799999999600e+01
1.309355051239575300e-02 4.536611875000000500e+03 1.723363279999999800e+02 3.346541250000000200e+03 1.004977040000000000e+02 1.190070625000000100e+03 7.183862399999999600e+01
1.347282815320847600e-02 4.536611874999999600e+03 1.740644560000000100e+02 3.353095499999999900e+03 1.013128480000000000e+02 1.183516374999999900e+03 7.275160800000000400e+01
1.432620349512184700e-02 4.536612500000000200e+03 1.776556640000000000e+02 3.367980250000000100e+03 1.029203600000000000e+02 1.168632250000000100e+03 7.473530399999999900e+01
1.535025468551958100e-02 4.536610749999999800e+03 1.813447840000000000e+02 3.385663500000000100e+03 1.044417920000000100e+02 1.150947249999999900e+03 7.690299199999999800e+01
1.727034887978229300e-02 4.536612500000000200e+03 1.867550800000000200e+02 3.419269499999999900e+03 1.063214640000000100e+02 1.117343000000000100e+03 8.043361600000000100e+01
2.159055984174627900e-02 4.536612500000000200e+03 1.945981039999999800e+02 3.484569500000000100e+03 1.079195120000000000e+02 1.052042999999999900e+03 8.667859199999999500e+01
2.693682295494365500e-02 4.536611750000000000e+03 1.989416959999999800e+02 3.548299250000000000e+03 1.070269120000000000e+02 9.883125000000000000e+02 9.191478399999999700e+01
2.994409416838413700e-02 4.536611437499999700e+03 1.995393840000000100e+02 3.577119499999999800e+03 1.056120800000000100e+02 9.594919374999999500e+02 9.392730400000000700e+01
3.301971529159077700e-02 4.536612874999999800e+03 1.991043839999999800e+02 3.601092000000000100e+03 1.036612880000000000e+02 9.355208750000000500e+02 9.544309599999999700e+01
3.671045699896419200e-02 4.536612874999999800e+03 1.974038559999999900e+02 3.622914249999999800e+03 1.007661679999999900e+02 9.136986249999999900e+02 9.663768799999999700e+01
3.844049371824673900e-02 4.536612937500000000e+03 1.962064320000000100e+02 3.630866250000000000e+03 9.922935200000000600e+01 9.057466875000000100e+02 9.697708000000000100e+01
4.233307633663247600e-02 4.536612937500000000e+03 1.920756559999999800e+02 3.642788500000000100e+03 9.507992000000000100e+01 8.938244375000000400e+02 9.699573599999999400e+01
4.715014186617298700e-02 4.536612062500000300e+03 1.844970559999999900e+02 3.645518000000000000e+03 8.883668000000000100e+01 8.910940624999999500e+02 9.566037599999999900e+01
4.985974707730220900e-02 4.536613312499999700e+03 1.796812559999999900e+02 3.642509250000000100e+03 8.522552799999999700e+01 8.941040625000000500e+02 9.445572799999999300e+01
5.263092831518671000e-02 4.536613312499999700e+03 1.745730239999999800e+02 3.636581499999999800e+03 8.159014399999999500e+01 9.000318125000000000e+02 9.298287999999999400e+01
5.418971711141200300e-02 4.536613562499999700e+03 1.716512240000000100e+02 3.632133249999999900e+03 7.957473600000000100e+01 9.044803124999999700e+02 9.207648799999999800e+01
5.506654100996665600e-02 4.536613812499999800e+03 1.700399760000000000e+02 3.629511750000000100e+03 7.846825599999999700e+01 9.071020624999999900e+02 9.157171999999999900e+01
5.615160525373316700e-02 4.536613250000000300e+03 1.680327440000000100e+02 3.625736750000000000e+03 7.712301600000000700e+01 9.108764999999999600e+02 9.090972800000000100e+01
5.642903541819774300e-02 4.536614812500000000e+03 1.675246080000000000e+02 3.624746749999999800e+03 7.678553599999999300e+01 9.118680624999999500e+02 9.073907199999999300e+01
5.651486740684379100e-02 4.536618312499999800e+03 1.673674639999999800e+02 3.624461499999999900e+03 7.668095999999999900e+01 9.121568125000000000e+02 9.068650399999999900e+01
5.656314530011822400e-02 4.536613374999999900e+03 1.672758800000000000e+02 3.624296750000000000e+03 7.662013600000000200e+01 9.123166250000000400e+02 9.065574399999999900e+01
5.661252053643703300e-02 4.536526937499999800e+03 1.667966480000000000e+02 3.623570749999999900e+03 7.632468000000000100e+01 9.129561875000000600e+02 9.047196800000000400e+01
5.672361741849330600e-02 4.536644937499999300e+03 1.667897280000000000e+02 3.623643999999999800e+03 7.630587199999999400e+01 9.130009374999999600e+02 9.048385600000000300e+01
5.697358800345890500e-02 4.536618375000000000e+03 1.663801440000000000e+02 3.622943749999999900e+03 7.602352000000000500e+01 9.136746249999999900e+02 9.035662399999999600e+01
5.753602051946201500e-02 4.536613812499999800e+03 1.653936959999999800e+02 3.621085750000000200e+03 7.536473599999999400e+01 9.155280625000000300e+02 9.002895999999999800e+01
5.880149628080798300e-02 4.536613812499999800e+03 1.631325279999999800e+02 3.616521749999999900e+03 7.387134399999999300e+01 9.200920625000000000e+02 8.926118400000000000e+01
6.036751922004143100e-02 4.536612499999999300e+03 1.604172160000000000e+02 3.611235499999999800e+03 7.206476000000000700e+01 9.253769999999999500e+02 8.835245600000000400e+01
6.124840484806365300e-02 4.536612437499999900e+03 1.588607920000000000e+02 3.607985250000000200e+03 7.104178400000000700e+01 9.286271874999999900e+02 8.781900799999999700e+01
6.164255382743268800e-02 4.536609687500000300e+03 1.581535999999999800e+02 3.606451750000000200e+03 7.057980800000000000e+01 9.301579375000000000e+02 8.757379199999999700e+01
6.165997609851631800e-02 4.536607750000000100e+03 1.581225360000000000e+02 3.606380500000000200e+03 7.055964000000000200e+01 9.302272500000000300e+02 8.756289599999999500e+01
6.166442787882902400e-02 4.536608187500000000e+03 1.581145760000000000e+02 3.606362999999999800e+03 7.055447200000000400e+01 9.302451875000000400e+02 8.756010399999999500e+01
6.166994059744056200e-02 4.536609124999999900e+03 1.581046800000000000e+02 3.606340999999999900e+03 7.054807200000000500e+01 9.302681250000000500e+02 8.755660799999999700e+01
6.167557813232255000e-02 4.536623375000000100e+03 1.580942319999999800e+02 3.606322749999999800e+03 7.054171999999999800e+01 9.303006249999999700e+02 8.755251199999999300e+01
6.167874534518522100e-02 4.536653687500000200e+03 1.580876959999999900e+02 3.606318749999999900e+03 7.053844800000000200e+01 9.303349375000000200e+02 8.754924800000000600e+01
6.168588067531260300e-02 4.536794562500000200e+03 1.580733999999999900e+02 3.606295000000000100e+03 7.053515199999999700e+01 9.304995625000000200e+02 8.753824799999999600e+01
6.170193516809922100e-02 4.536553187499999700e+03 1.580202959999999700e+02 3.605994250000000200e+03 7.050040799999999300e+01 9.305589374999999600e+02 8.751988799999999500e+01
6.173805387636065900e-02 4.536540250000000000e+03 1.579289919999999900e+02 3.605819250000000000e+03 7.044007200000000100e+01 9.307210000000000000e+02 8.748891999999999300e+01
6.181931446910148000e-02 4.536648687500000100e+03 1.577854800000000100e+02 3.605590499999999800e+03 7.034681600000000400e+01 9.310581875000000300e+02 8.743866400000000300e+01
6.200216510463264800e-02 4.536610437499999500e+03 1.574710160000000200e+02 3.604887499999999800e+03 7.013972800000000500e+01 9.317229374999999400e+02 8.733128800000000100e+01
6.241356473271343600e-02 4.536613812499999800e+03 1.567441039999999900e+02 3.603283500000000000e+03 6.966611199999999800e+01 9.333303124999999900e+02 8.707799199999999500e+01
6.333922299708162600e-02 4.536614125000000100e+03 1.551203840000000000e+02 3.599619250000000200e+03 6.861328000000000300e+01 9.369948749999999800e+02 8.650710399999999800e+01
6.542195929258796900e-02 4.536613437500000100e+03 1.515189120000000000e+02 3.591197250000000200e+03 6.628958400000000500e+01 9.454161874999999800e+02 8.522932799999999500e+01
6.797230934397899300e-02 4.536614499999999700e+03 1.471487359999999900e+02 3.580351000000000100e+03 6.349942399999999800e+01 9.562635000000000200e+02 8.364931199999999500e+01
7.000000166421693800e-02 4.536612312499999500e+03 1.433564720000000000e+02 3.570559249999999800e+03 6.115896000000000000e+01 9.660530625000000100e+02 8.219751200000000300e+01
