0.000000000000000000e+00 0.000000000000000000e+00 0.000000000000000000e+00 0.000000000000000000e+00 0.000000000000000000e+00 0.000000000000000000e+00 0.000000000000000000e+00
3.181163449595445100e-07 1.465908937499999900e+03 7.630289306640625400e-04 9.014004374999999500e+02 2.215875976562500100e-03 5.645085000000000300e+02 -1.452847045898437600e-03
1.400311787923177200e-03 1.465906875000000100e+03 2.539745099999999700e+01 8.926656249999999800e+02 1.150318399999999900e+01 5.732412500000000400e+02 1.389426699999999900e+01
4.025299761612628400e-03 1.465896812500000100e+03 5.391474800000000300e+01 9.404505625000000500e+02 2.825205800000000200e+01 5.254462499999999600e+02 2.566269000000000100e+01
4.671293009477366800e-03 1.465857281250000100e+03 5.873653800000000300e+01 9.541983125000000400e+02 3.108714000000000200e+01 5.116589687499999900e+02 2.764939800000000100e+01
4.740506592542115400e-03 1.465892687500000000e+03 5.920852000000000000e+01 9.557323125000000300e+02 3.135576400000000100e+01 5.101603749999999900e+02 2.785275599999999900e+01
4.792416634285988200e-03 1.465910218750000000e+03 5.955736199999999800e+01 9.568930000000000300e+02 3.155046600000000000e+01 5.090172187499999800e+02 2.800689600000000100e+01
4.909214373764392100e-03 1.465902312500000100e+03 6.033863399999999900e+01 9.594962500000000300e+02 3.198052600000000100e+01 5.064060625000000200e+02 2.835810800000000100e+01
4.974913102220993900e-03 1.465898531249999900e+03 6.076841399999999300e+01 9.609593750000000200e+02 3.221341799999999700e+01 5.049391562500000000e+02 2.855499599999999900e+01
5.011868855309865500e-03 1.465895375000000100e+03 6.100609599999999900e+01 9.617784375000000000e+02 3.234126400000000200e+01 5.041169375000000100e+02 2.866483200000000100e+01
5.095019008650448500e-03 1.465903031249999900e+03 6.152554599999999900e+01 9.636392499999999500e+02 3.261348199999999800e+01 5.022637812500000200e+02 2.891206400000000100e+01
5.282106853666760500e-03 1.465901656250000100e+03 6.265817400000000200e+01 9.678092500000000200e+02 3.319144800000000100e+01 4.980924062500000100e+02 2.946672600000000100e+01
5.513627304990067200e-03 1.465906031250000100e+03 6.397566999999999400e+01 9.730604375000000300e+02 3.382112399999999800e+01 4.928455937499999800e+02 3.015454600000000000e+01
5.750410431616181200e-03 1.465906812499999900e+03 6.526099000000000700e+01 9.785463750000000100e+02 3.438976000000000300e+01 4.873604374999999900e+02 3.087123000000000100e+01
5.883600540067978300e-03 1.465899812500000100e+03 6.594729599999999400e+01 9.816576250000000500e+02 3.467312400000000100e+01 4.842421875000000000e+02 3.127417200000000000e+01
5.958519866906097900e-03 1.465896718750000000e+03 6.631767400000001100e+01 9.834366250000000500e+02 3.482045200000000300e+01 4.824600937500000000e+02 3.149722200000000100e+01
6.127089080065307300e-03 1.465900843750000100e+03 6.713165600000000700e+01 9.874476875000000300e+02 3.514590400000000200e+01 4.784531562500000100e+02 3.198575200000000200e+01
6.506369081900088000e-03 1.465904874999999900e+03 6.883451800000000300e+01 9.966840624999999800e+02 3.576074400000000300e+01 4.692208125000000200e+02 3.307377400000000000e+01
7.359749813801786000e-03 1.465903468750000000e+03 7.218062399999999500e+01 1.016739625000000000e+03 3.687247599999999900e+01 4.491638437500000100e+02 3.530814800000000300e+01
7.839776366330474300e-03 1.465903781250000100e+03 7.384452799999999700e+01 1.027148500000000000e+03 3.740391999999999900e+01 4.387552812500000000e+02 3.644060799999999700e+01
8.919835818410649200e-03 1.465904875000000200e+03 7.710817199999999600e+01 1.049768375000000100e+03 3.823780399999999700e+01 4.161365000000000100e+02 3.887036799999999900e+01
1.134997031336447800e-02 1.465904937500000000e+03 8.255830000000000300e+01 1.096094125000000100e+03 3.915118400000000100e+01 3.698108125000000000e+02 4.340711600000000200e+01
1.681777176257309400e-02 1.465906656250000000e+03 8.830303200000000200e+01 1.163087874999999900e+03 3.917090799999999700e+01 3.028187812499999700e+02 4.913212399999999700e+01
1.845811138222942400e-02 1.465907562500000000e+03 8.864797200000001000e+01 1.174531874999999900e+03 3.890375600000000100e+01 2.913756875000000300e+02 4.974421600000000200e+01
1.922702090644137800e-02 1.465906968750000000e+03 8.864991200000000000e+01 1.178778749999999900e+03 3.872155200000000300e+01 2.871282187499999700e+02 4.992835999999999800e+01
1.946490267985324200e-02 1.465905343749999900e+03 8.863332399999998800e+01 1.179986249999999900e+03 3.865641999999999700e+01 2.859190937500000000e+02 4.997690399999999800e+01
1.959871052240131800e-02 1.465905468750000200e+03 8.862012400000000400e+01 1.180645500000000100e+03 3.861752400000000300e+01 2.852599687499999800e+02 5.000260000000000100e+01
1.967397743383461300e-02 1.465904500000000100e+03 8.861070000000000800e+01 1.181005500000000000e+03 3.859461999999999900e+01 2.848990000000000000e+02 5.001608000000000200e+01
1.971631638150803500e-02 1.465904406250000200e+03 8.860415199999999900e+01 1.181203375000000100e+03 3.858135999999999700e+01 2.847010312500000300e+02 5.002279200000000300e+01
1.975961715456039200e-02 1.465923718750000000e+03 8.858789200000001100e+01 1.181410875000000000e+03 3.856616000000000400e+01 2.845128437500000000e+02 5.002173200000000000e+01
1.985704098283444200e-02 1.465904812499999900e+03 8.856252800000000000e+01 1.181831625000000000e+03 3.853006800000000000e+01 2.840731875000000200e+02 5.003246000000000000e+01
2.007624634310730900e-02 1.465908250000000000e+03 8.852979200000000000e+01 1.182830125000000000e+03 3.845962000000000100e+01 2.830781250000000000e+02 5.007017199999999900e+01
2.056946247925252000e-02 1.465907218750000100e+03 8.842616400000000000e+01 1.184820500000000000e+03 3.828421999999999800e+01 2.810867187499999900e+02 5.014194400000000200e+01
2.167919238117297500e-02 1.465906718750000000e+03 8.806122800000000000e+01 1.188535500000000000e+03 3.781067199999999700e+01 2.773712187500000300e+02 5.025055600000000300e+01
2.277158613752242000e-02 1.465901625000000000e+03 8.762569600000000500e+01 1.191363750000000000e+03 3.729673600000000300e+01 2.745378749999999900e+02 5.032896000000000200e+01
2.285936609438196700e-02 1.465906093749999900e+03 8.759010000000000700e+01 1.191575374999999900e+03 3.725656399999999700e+01 2.743307187500000200e+02 5.033353600000000200e+01
2.290874290233421000e-02 1.465910031250000000e+03 8.756937999999999500e+01 1.191689625000000000e+03 3.723379200000000100e+01 2.742204062500000000e+02 5.033558800000000100e+01
2.296984792483449900e-02 1.465909812500000000e+03 8.754144800000000300e+01 1.191818625000000100e+03 3.720385199999999800e+01 2.740911874999999900e+02 5.033759599999999800e+01
2.298547234727349800e-02 1.465952031249999900e+03 8.751358799999999900e+01 1.191842124999999900e+03 3.718415199999999700e+01 2.741099062499999900e+02 5.032943600000000100e+01
2.300421979110028500e-02 1.465928156250000000e+03 8.750239200000000000e+01 1.191891750000000000e+03 3.716991999999999800e+01 2.740364062500000300e+02 5.033247200000000300e+01
2.303937183049426700e-02 1.465909281249999800e+03 8.750105999999999500e+01 1.191960750000000000e+03 3.716310399999999700e+01 2.739485312499999700e+02 5.033795599999999800e+01
2.311846275469322700e-02 1.465887218750000100e+03 8.747607999999999600e+01 1.192126000000000000e+03 3.713151200000000100e+01 2.737612187500000100e+02 5.034456800000000200e+01
2.329642140967214100e-02 1.465910875000000000e+03 8.740508400000000200e+01 1.192516249999999900e+03 3.705306399999999900e+01 2.733946250000000200e+02 5.035202000000000300e+01
2.369682721893720500e-02 1.465907343750000100e+03 8.723346399999999800e+01 1.193249125000000000e+03 3.687456799999999600e+01 2.726582187500000000e+02 5.035889600000000100e+01
2.419233031034178800e-02 1.465906812499999900e+03 8.701139200000000100e+01 1.194026750000000000e+03 3.665261199999999800e+01 2.718800625000000100e+02 5.035878000000000300e+01
2.469909584129249800e-02 1.465906375000000000e+03 8.676637999999999800e+01 1.194636000000000000e+03 3.641834399999999800e+01 2.712703750000000000e+02 5.034803600000000000e+01
2.498415014246008200e-02 1.465908031250000000e+03 8.662406400000000400e+01 1.194945750000000100e+03 3.628606800000000000e+01 2.709622812499999900e+02 5.033799599999999700e+01
2.562552232008714200e-02 1.465905000000000000e+03 8.629575199999999300e+01 1.195521874999999900e+03 3.598564400000000100e+01 2.703831250000000100e+02 5.031010800000000000e+01
2.677999456869086000e-02 1.465907125000000000e+03 8.575613599999999800e+01 1.196231000000000000e+03 3.549517199999999700e+01 2.696761250000000100e+02 5.026096400000000100e+01
2.822308429722675600e-02 1.465907749999999900e+03 8.512979999999998900e+01 1.196648375000000000e+03 3.492339599999999700e+01 2.692593749999999800e+02 5.020640399999999900e+01
3.000890757429148700e-02 1.465907437500000000e+03 8.451916400000000400e+01 1.196514375000000000e+03 3.438452000000000200e+01 2.693930624999999800e+02 5.013464400000000200e+01
3.183531848502246800e-02 1.465908093749999800e+03 8.402649599999999500e+01 1.195885624999999900e+03 3.398886799999999700e+01 2.700224687499999700e+02 5.003762799999999800e+01
3.286267374898051200e-02 1.465908062500000100e+03 8.380618000000001200e+01 1.195384375000000100e+03 3.382364400000000200e+01 2.705236874999999900e+02 4.998253600000000300e+01
3.517422425732362500e-02 1.465907937499999900e+03 8.342206600000000100e+01 1.193889375000000000e+03 3.353364200000000000e+01 2.720185624999999700e+02 4.988842400000000100e+01
3.647447243714944200e-02 1.465909124999999900e+03 8.324613600000000700e+01 1.192967374999999900e+03 3.339814799999999900e+01 2.729417500000000100e+02 4.984798800000000100e+01
3.665731940077338000e-02 1.465910843749999900e+03 8.322941400000000600e+01 1.192854000000000000e+03 3.338337400000000300e+01 2.730568437499999800e+02 4.984604000000000200e+01
3.676016950781965700e-02 1.466094093750000000e+03 8.315846200000000000e+01 1.192991749999999900e+03 3.330590200000000300e+01 2.731023437499999900e+02 4.985255999999999700e+01
3.688359289670020000e-02 1.465800593750000000e+03 8.321298600000000100e+01 1.192765249999999900e+03 3.333268199999999800e+01 2.730353437499999800e+02 4.988030400000000200e+01
3.711500854864807600e-02 1.465912531250000000e+03 8.319968600000000000e+01 1.192711125000000000e+03 3.331971000000000100e+01 2.732014062499999900e+02 4.987997599999999900e+01
3.763569376553080300e-02 1.465910750000000000e+03 8.315316000000000000e+01 1.192343625000000000e+03 3.327753200000000100e+01 2.735671249999999800e+02 4.987562799999999900e+01
3.880723899682945300e-02 1.465908062499999900e+03 8.307407000000000600e+01 1.191464999999999900e+03 3.321191400000000000e+01 2.744430625000000000e+02 4.986215599999999900e+01
4.144321110950139500e-02 1.465908250000000000e+03 8.284671199999999700e+01 1.189044875000000000e+03 3.303949200000000300e+01 2.768633750000000200e+02 4.980722000000000100e+01
4.470522907336262100e-02 1.465907937500000100e+03 8.253745800000000100e+01 1.185730125000000000e+03 3.279772200000000000e+01 2.801778125000000200e+02 4.973973600000000100e+01
4.804138444427751000e-02 1.465908906250000000e+03 8.221125800000000100e+01 1.182143125000000100e+03 3.254324199999999900e+01 2.837657812499999700e+02 4.966801600000000100e+01
4.904222779512697200e-02 1.465908124999999900e+03 8.213221999999999000e+01 1.181151374999999900e+03 3.247415999999999800e+01 2.847567500000000100e+02 4.965805999999999900e+01
5.091881664681347600e-02 1.465908031250000000e+03 8.198239200000000400e+01 1.179294500000000000e+03 3.234182400000000300e+01 2.866135312499999900e+02 4.964056800000000200e+01
5.514113690535810100e-02 1.465908124999999900e+03 8.153232599999999800e+01 1.174922750000000000e+03 3.198600199999999900e+01 2.909853749999999800e+02 4.954632399999999800e+01
6.464135865152100000e-02 1.465908343749999900e+03 7.976471399999999800e+01 1.163948249999999900e+03 3.081348600000000100e+01 3.019600937500000000e+02 4.895122800000000000e+01
6.732067811474550000e-02 1.465908156250000000e+03 7.915219799999999900e+01 1.160880249999999900e+03 3.043398200000000000e+01 3.050279062500000000e+02 4.871821599999999800e+01
7.000000223572001900e-02 1.465908812499999800e+03 7.848068000000000700e+01 1.157811999999999900e+03 3.002563200000000200e+01 3.080968125000000000e+02 4.845504799999999800e+01
