0.000000000000000000e+00 0.000000000000000000e+00 0.000000000000000000e+00 0.000000000000000000e+00 0.000000000000000000e+00 0.000000000000000000e+00 0.000000000000000000e+00
-3.809849896510296900e-07 3.910138500000000000e+03 -2.438550537109374600e-03 1.725248250000000100e+03 -2.931434326171874800e-03 2.184890249999999900e+03 4.928837890624999700e-04
1.399626662006308400e-03 3.910137000000000200e+03 4.636638500000000100e+01 1.710330250000000000e+03 1.313546900000000100e+01 2.199806750000000200e+03 3.323091600000000100e+01
4.024640981094305100e-03 3.910133624999999500e+03 1.277609960000000100e+02 1.692665874999999900e+03 3.638110000000000400e+01 2.217467749999999800e+03 9.137989600000000200e+01
6.608639299068986900e-03 3.910067625000000100e+03 1.728553719999999900e+02 1.767053375000000000e+03 5.309794800000000200e+01 2.143014250000000200e+03 1.197574240000000000e+02
7.439210446908506600e-03 3.910128999999999900e+03 1.828514400000000000e+02 1.796401000000000100e+03 5.652645600000000300e+01 2.113728000000000100e+03 1.263249840000000000e+02
7.906406644790892100e-03 3.910134125000000000e+03 1.878437600000000000e+02 1.813453250000000000e+03 5.808240000000000000e+01 2.096680875000000000e+03 1.297613600000000000e+02
8.484561510284014500e-03 3.910126874999999900e+03 1.936031319999999900e+02 1.834120750000000000e+03 5.978725200000000200e+01 2.076006124999999900e+03 1.338158799999999900e+02
9.075857053018460800e-03 3.910132500000000200e+03 1.988684920000000000e+02 1.856129500000000000e+03 6.121783599999999800e+01 2.054003000000000200e+03 1.376506560000000000e+02
9.408460577474554700e-03 3.910135000000000200e+03 2.016383359999999800e+02 1.868684874999999900e+03 6.191004800000000300e+01 2.041450125000000100e+03 1.397282879999999900e+02
9.595549586928370600e-03 3.910136875000000100e+03 2.031552760000000100e+02 1.875856874999999900e+03 6.225038000000000000e+01 2.034280000000000000e+03 1.409048960000000100e+02
1.001650073152758800e-02 3.910133624999999900e+03 2.064649080000000100e+02 1.892070999999999900e+03 6.291911600000000200e+01 2.018062625000000000e+03 1.435457920000000100e+02
1.053742815141130700e-02 3.910129875000000100e+03 2.102989920000000000e+02 1.911188000000000100e+03 6.371659199999999900e+01 1.998941875000000000e+03 1.465824000000000100e+02
1.107019440740601700e-02 3.910135499999999900e+03 2.140118960000000100e+02 1.930193749999999900e+03 6.446511200000000500e+01 1.979941750000000000e+03 1.495467840000000000e+02
1.136987637250851500e-02 3.910132749999999800e+03 2.160114880000000100e+02 1.941130249999999900e+03 6.483563200000000400e+01 1.969002500000000100e+03 1.511758560000000100e+02
1.190930204659300200e-02 3.910133624999999900e+03 2.193959600000000000e+02 1.961198500000000000e+03 6.538807199999999400e+01 1.948935125000000000e+03 1.540078880000000100e+02
1.258358472141736300e-02 3.910134500000000100e+03 2.234128640000000100e+02 1.985881000000000100e+03 6.606440000000000600e+01 1.924253500000000000e+03 1.573484640000000100e+02
1.334215287614946000e-02 3.910126749999999900e+03 2.276411360000000200e+02 2.012318125000000000e+03 6.679396800000000700e+01 1.897808624999999900e+03 1.608471680000000100e+02
1.372143695351550800e-02 3.910135374999999800e+03 2.296439360000000000e+02 2.025240624999999900e+03 6.713432000000000200e+01 1.884894749999999900e+03 1.625096159999999900e+02
1.393478402870187600e-02 3.910141500000000200e+03 2.307043360000000100e+02 2.032778375000000100e+03 6.727107200000000400e+01 1.877363125000000100e+03 1.634332640000000100e+02
1.441481523898058500e-02 3.910136125000000000e+03 2.331478559999999900e+02 2.048610250000000200e+03 6.768596800000000300e+01 1.861525875000000000e+03 1.654618879999999900e+02
1.549488575321705300e-02 3.910135624999999900e+03 2.383881680000000100e+02 2.083034125000000100e+03 6.853832800000000700e+01 1.827101500000000000e+03 1.698498400000000000e+02
1.683147253425421400e-02 3.910131750000000500e+03 2.442360319999999900e+02 2.124014500000000200e+03 6.935580799999999600e+01 1.786117250000000000e+03 1.748802240000000000e+02
1.819843599647829500e-02 3.910136125000000000e+03 2.496943279999999800e+02 2.164777999999999800e+03 7.002717599999999700e+01 1.745358125000000000e+03 1.796671519999999900e+02
2.065897279024415300e-02 3.910136249999999600e+03 2.583141759999999700e+02 2.231945499999999800e+03 7.096230400000000300e+01 1.678190750000000000e+03 1.873518719999999900e+02
2.373464116246709300e-02 3.910136625000000100e+03 2.675125279999999700e+02 2.304932249999999800e+03 7.171287999999999800e+01 1.605204375000000000e+03 1.957996479999999900e+02
2.546470418517842900e-02 3.910136875000000100e+03 2.720117119999999900e+02 2.342478999999999800e+03 7.196822400000000600e+01 1.567657875000000100e+03 2.000434880000000000e+02
2.935734889737270200e-02 3.910137625000000300e+03 2.794820960000000100e+02 2.413993750000000100e+03 7.212827199999999600e+01 1.496143875000000000e+03 2.073538240000000000e+02
3.417449410872872700e-02 3.910137124999999700e+03 2.848432799999999900e+02 2.477208749999999800e+03 7.180854399999999800e+01 1.432928375000000000e+03 2.130347360000000100e+02
3.540615226177359900e-02 3.910138124999999900e+03 2.857794320000000400e+02 2.490093499999999900e+03 7.166791200000000100e+01 1.420044625000000000e+03 2.141115200000000100e+02
3.817738077724955300e-02 3.910137875000000300e+03 2.874875359999999800e+02 2.515002750000000100e+03 7.138147200000000200e+01 1.395135125000000000e+03 2.161060640000000000e+02
4.025580158163776700e-02 3.910137000000000200e+03 2.885256319999999700e+02 2.530063250000000200e+03 7.137855999999999300e+01 1.380073750000000000e+03 2.171470720000000100e+02
4.111314896989946100e-02 3.910136875000000100e+03 2.889246479999999900e+02 2.535636750000000100e+03 7.140693600000000200e+01 1.374500125000000000e+03 2.175177119999999900e+02
4.159540774912479800e-02 3.910137125000000200e+03 2.891474319999999800e+02 2.538604499999999900e+03 7.143069599999999800e+01 1.371532625000000100e+03 2.177167360000000000e+02
4.171871236537984900e-02 3.910137374999999800e+03 2.892008000000000200e+02 2.539322749999999800e+03 7.143675199999999800e+01 1.370814625000000000e+03 2.177640480000000000e+02
4.199614658751622100e-02 3.910144624999999900e+03 2.892681600000000200e+02 2.540696500000000000e+03 7.141723199999999800e+01 1.369448124999999900e+03 2.178509280000000100e+02
4.232907324337988700e-02 3.910136625000000100e+03 2.894507679999999800e+02 2.542707500000000000e+03 7.145775999999999300e+01 1.367429125000000100e+03 2.179930080000000000e+02
4.274522457658443800e-02 3.910137875000000300e+03 2.896350160000000100e+02 2.545034000000000100e+03 7.149701600000000200e+01 1.365103875000000000e+03 2.181380000000000100e+02
4.368157206291972000e-02 3.910137375000000200e+03 2.900484480000000100e+02 2.550174000000000000e+03 7.158395199999999600e+01 1.359963375000000000e+03 2.184644960000000000e+02
4.578834692054907500e-02 3.910137749999999900e+03 2.908654240000000200e+02 2.560370249999999900e+03 7.178491200000000600e+01 1.349767499999999900e+03 2.190805120000000000e+02
4.839548523172791000e-02 3.910136999999999700e+03 2.917557040000000400e+02 2.570869999999999900e+03 7.205991199999999700e+01 1.339267000000000100e+03 2.196957920000000100e+02
5.106187478089944200e-02 3.910138125000000400e+03 2.925201200000000200e+02 2.579342500000000200e+03 7.229490400000000200e+01 1.330795625000000000e+03 2.202252159999999900e+02
5.186179211142590700e-02 3.910138124999999900e+03 2.927376800000000100e+02 2.581615749999999900e+03 7.238889600000000300e+01 1.328522375000000000e+03 2.203487839999999900e+02
5.336163419506925700e-02 3.910137375000000200e+03 2.931097039999999700e+02 2.585502500000000100e+03 7.255272800000000200e+01 1.324634875000000000e+03 2.205569759999999900e+02
5.673628586989183000e-02 3.910138125000000400e+03 2.938084079999999900e+02 2.592641250000000100e+03 7.287933599999999500e+01 1.317496875000000000e+03 2.209290719999999900e+02
6.432924748049259600e-02 3.910137875000000300e+03 2.944346800000000100e+02 2.600534250000000200e+03 7.326015200000000500e+01 1.309603625000000000e+03 2.211745280000000100e+02
7.000000223572001900e-02 3.910137749999999900e+03 2.941291999999999700e+02 2.601900250000000100e+03 7.318580799999999400e+01 1.308237500000000000e+03 2.209433919999999900e+02
