0.000000000000000000e+00 0.000000000000000000e+00 0.000000000000000000e+00 0.000000000000000000e+00 0.000000000000000000e+00 0.000000000000000000e+00 0.000000000000000000e+00
-1.830271354803224600e-08 9.610236718749999300e+01 -1.400833129882824700e-06 5.841936328125000000e+01 -1.811625061035156300e-04 3.768300390625000100e+01 1.797616729736328100e-04
8.749819190281076700e-04 9.610228906250000600e+01 3.393888375000000400e+00 5.844156250000000300e+01 1.336520125000000100e+00 3.766072656250000300e+01 2.057368250000000100e+00
1.235919488701306500e-03 9.610252734374999800e+01 4.787460999999999500e+00 5.858386718749999700e+01 1.868769249999999900e+00 3.751866015625000000e+01 2.918691749999999800e+00
1.438946951003301700e-03 9.610246875000000000e+01 5.565380250000000500e+00 5.877790625000000100e+01 2.152000999999999800e+00 3.732456249999999900e+01 3.413379250000000200e+00
1.542767785246808300e-03 9.610387109375000100e+01 5.958493000000000700e+00 5.895500781250000000e+01 2.286140000000000100e+00 3.714886328125000100e+01 3.672353000000000200e+00
1.584296089067196100e-03 9.610285156250000700e+01 6.114646750000000400e+00 5.904787890624999800e+01 2.336930999999999900e+00 3.705497265625000100e+01 3.777715750000000000e+00
1.662161714749826300e-03 9.610296875000000200e+01 6.404118999999999700e+00 5.925053906250000300e+01 2.427883749999999900e+00 3.685242968749999900e+01 3.976235250000000200e+00
1.758520465745662700e-03 9.610408593750000300e+01 6.757468499999999900e+00 5.957373046875000000e+01 2.531866500000000000e+00 3.653035546875000300e+01 4.225602000000000300e+00
1.857069052550428000e-03 9.610361718749999200e+01 7.108881499999999900e+00 6.009173437500000100e+01 2.616627499999999900e+00 3.601188281249999800e+01 4.492254000000000000e+00
1.912502716657213100e-03 9.610585937499999400e+01 7.299322250000000300e+00 6.051698046874999900e+01 2.648893750000000000e+00 3.558887890625000200e+01 4.650428500000000300e+00
2.037228348858672700e-03 9.610701562500000300e+01 7.701239499999999800e+00 6.214037890625000000e+01 2.654109500000000100e+00 3.396663671875000300e+01 5.047130000000000100e+00
2.191576443817980000e-03 9.610191601562499400e+01 8.212862749999999300e+00 6.388005468749999900e+01 2.705766750000000000e+00 3.222186132812500100e+01 5.507095999999999800e+00
2.349432249714557000e-03 9.610356640624999600e+01 8.734533499999999500e+00 6.564056250000000100e+01 2.771027999999999800e+00 3.046300390625000200e+01 5.963505500000000100e+00
2.438226289916456700e-03 9.610239843750000000e+01 9.028040250000000100e+00 6.661918749999999500e+01 2.810897250000000000e+00 2.948321093750000100e+01 6.217143000000000100e+00
2.548108722333023600e-03 9.610121679687499400e+01 9.387875250000000400e+00 6.777766406249999400e+01 2.863489749999999800e+00 2.832355273437499900e+01 6.524385500000000200e+00
2.609917693269581300e-03 9.610411523437500100e+01 9.587931499999999800e+00 6.841085937500000100e+01 2.895150500000000200e+00 2.769325585937500000e+01 6.692781000000000100e+00
2.613868629723264100e-03 9.610575000000000000e+01 9.600762500000000100e+00 6.845614843750000500e+01 2.897310500000000100e+00 2.764960156249999900e+01 6.703452000000000400e+00
2.616090882093386800e-03 9.612262695312499300e+01 9.607757750000001100e+00 6.850249999999999800e+01 2.898249250000000100e+00 2.762012695312499800e+01 6.709508500000000100e+00
2.617340936397848700e-03 9.615897265625000000e+01 9.611011500000000000e+00 6.856108593749999600e+01 2.898013999999999900e+00 2.759788671875000100e+01 6.712997500000000200e+00
2.620153558582889200e-03 9.693856250000000300e+01 9.595462749999999400e+00 6.965745312500000400e+01 2.871728249999999900e+00 2.728110937500000000e+01 6.723734499999999900e+00
2.626482107884303800e-03 9.648834570312500600e+01 9.558322750000000300e+00 6.997260937500000500e+01 2.824753250000000100e+00 2.651573632812500100e+01 6.733569499999999800e+00
2.640721194427413800e-03 9.582408984374998800e+01 9.614058249999999400e+00 6.970275781249999600e+01 2.841657249999999900e+00 2.612133203124999900e+01 6.772401000000000300e+00
2.672759512612096200e-03 9.607007421874999400e+01 9.741690500000000700e+00 7.025570312499999700e+01 2.872617500000000000e+00 2.581437109375000100e+01 6.869073000000000200e+00
2.744844981602260200e-03 9.610246679687500700e+01 9.966076750000000900e+00 7.092864843750000100e+01 2.924146250000000200e+00 2.517381835937500200e+01 7.041930500000000300e+00
2.907037734985351600e-03 9.610374804687501200e+01 1.048839549999999900e+01 7.242323437500000700e+01 3.041531000000000000e+00 2.368051367187500100e+01 7.446864500000000200e+00
3.271971131327158200e-03 9.610265429687500200e+01 1.162878425000000100e+01 7.657201562500000600e+01 3.223963250000000200e+00 1.953063867187500000e+01 8.404821000000000100e+00
4.093071273096222900e-03 9.610258886718750700e+01 1.412182175000000100e+01 8.553614062500000200e+01 3.605033750000000000e+00 1.056644824218750000e+01 1.051678800000000000e+01
4.554940345592068400e-03 9.610229541015625900e+01 1.547865775000000000e+01 9.063117187500000700e+01 3.815275750000000100e+00 5.471123535156250400e+00 1.166338200000000000e+01
5.594145385245032900e-03 9.610213134765625400e+01 1.829621699999999900e+01 1.035706875000000100e+02 4.345820999999999900e+00 -7.468556152343749600e+00 1.395039600000000000e+01
6.178698145357289400e-03 9.610270800781251000e+01 1.949215399999999900e+01 1.117258906250000100e+02 4.697262000000000300e+00 -1.562318261718749900e+01 1.479489200000000100e+01
6.507509035574165000e-03 9.610275000000000000e+01 2.005284150000000000e+01 1.162425859375000000e+02 4.898591500000000200e+00 -2.013983593749999900e+01 1.515424999999999900e+01
6.692465086628619100e-03 9.610265820312500300e+01 2.034313450000000100e+01 1.186766796875000000e+02 5.007996500000000000e+00 -2.257402148437499900e+01 1.533513800000000100e+01
6.749686143153293400e-03 9.610401953125000300e+01 2.042673750000000200e+01 1.193989921875000000e+02 5.040516499999999800e+00 -2.329497265625000000e+01 1.538622100000000100e+01
6.781872651332004400e-03 9.610319921875000700e+01 2.047220649999999900e+01 1.197979140625000000e+02 5.058841499999999800e+00 -2.369471484374999900e+01 1.541336500000000100e+01
6.814791146376376900e-03 9.614419726562499600e+01 2.050798000000000000e+01 1.202135781250000000e+02 5.075903000000000300e+00 -2.406938085937499800e+01 1.543207700000000000e+01
6.854292742889327900e-03 9.607989453125000500e+01 2.056300650000000000e+01 1.206658359375000100e+02 5.098294499999999700e+00 -2.458594140625000100e+01 1.546471200000000000e+01
6.928359057969019600e-03 9.610409570312499700e+01 2.066757799999999900e+01 1.215972109374999900e+02 5.142125000000000100e+00 -2.549311523437500100e+01 1.552545300000000100e+01
7.095007669358026000e-03 9.610241992187499700e+01 2.088720449999999900e+01 1.237218828125000000e+02 5.240139499999999700e+00 -2.761946289062500200e+01 1.564706500000000000e+01
7.294985883516774900e-03 9.610248046875000200e+01 2.113581749999999800e+01 1.262513671874999900e+02 5.354388499999999800e+00 -3.014888671874999900e+01 1.578142899999999900e+01
7.388725615384285700e-03 9.611963671875000200e+01 2.121238100000000100e+01 1.276194609374999900e+02 5.406253999999999700e+00 -3.149982421875000000e+01 1.580612700000000000e+01
7.599640012086184900e-03 9.610272265624999500e+01 2.144449300000000100e+01 1.300962343749999900e+02 5.524116000000000200e+00 -3.399351171875000000e+01 1.592037700000000000e+01
8.074197554050531100e-03 9.610257421875000700e+01 2.191574299999999900e+01 1.354460625000000100e+02 5.768803000000000100e+00 -3.934348828125000400e+01 1.614694000000000100e+01
9.141952471625535600e-03 9.610261718750000200e+01 2.276086850000000100e+01 1.464408593750000000e+02 6.265967500000000400e+00 -5.033824218750000100e+01 1.649490099999999900e+01
1.046329871156161800e-02 9.610272265625000900e+01 2.353839049999999800e+01 1.573315156250000100e+02 6.777614500000000300e+00 -6.122879296875000000e+01 1.676077600000000000e+01
1.054775983767401900e-02 9.610233593750001500e+01 2.357986249999999700e+01 1.579233125000000100e+02 6.806410500000000100e+00 -6.182097656250000000e+01 1.677345199999999900e+01
1.057389027492743000e-02 9.610212890625000200e+01 2.359254449999999900e+01 1.581036718750000000e+02 6.815176499999999700e+00 -6.200154296875000200e+01 1.677736799999999900e+01
1.058858857118993700e-02 9.610239843750000000e+01 2.359963099999999900e+01 1.582047812500000000e+02 6.820078999999999800e+00 -6.210238281249999700e+01 1.677955199999999900e+01
1.060362029493900800e-02 9.610254687500000200e+01 2.360655550000000200e+01 1.583069687500000100e+02 6.825065500000000000e+00 -6.220442187500000100e+01 1.678149000000000200e+01
1.060827154862253200e-02 9.610244140624999400e+01 2.360846600000000000e+01 1.583376250000000000e+02 6.826588000000000100e+00 -6.223518359375000100e+01 1.678187799999999900e+01
1.061088758004936700e-02 9.610379687499998600e+01 2.360928799999999900e+01 1.583555468749999900e+02 6.827394000000000000e+00 -6.225175000000000100e+01 1.678189400000000100e+01
1.061235872426427400e-02 9.611173828124998400e+01 2.360933299999999900e+01 1.583721406249999900e+02 6.827587000000000300e+00 -6.226040234375000200e+01 1.678174599999999800e+01
1.061386333073589800e-02 9.614622265624998900e+01 2.360801199999999900e+01 1.584120624999999900e+02 6.826842000000000100e+00 -6.226583984375000100e+01 1.678116999999999900e+01
1.061725018914779600e-02 9.633625781249999400e+01 2.359334700000000100e+01 1.586025156250000000e+02 6.817402000000000400e+00 -6.226625781250000100e+01 1.677594500000000000e+01
1.062486882795367300e-02 9.616836718749999600e+01 2.359125650000000000e+01 1.585581093749999900e+02 6.816879499999999800e+00 -6.238974218749999800e+01 1.677437700000000100e+01
1.064200986895644800e-02 9.603078906249999100e+01 2.360590350000000400e+01 1.585616093749999900e+02 6.829770500000000400e+00 -6.253082031249999800e+01 1.677613300000000200e+01
1.068057990014403500e-02 9.609586328124999000e+01 2.363353099999999800e+01 1.588160781249999900e+02 6.851278999999999900e+00 -6.272021484375000000e+01 1.678225200000000000e+01
1.072831022410763300e-02 9.611114843750002000e+01 2.365628800000000000e+01 1.591423593750000100e+02 6.867244000000000300e+00 -6.303121093749999900e+01 1.678904400000000100e+01
1.077712448617270700e-02 9.610226562500001500e+01 2.367561549999999900e+01 1.594494218750000100e+02 6.882237499999999600e+00 -6.334715624999999800e+01 1.679337800000000100e+01
1.083753222510928200e-02 9.610292968749999400e+01 2.370351550000000200e+01 1.598503906249999900e+02 6.901801500000000400e+00 -6.374746093750000100e+01 1.680171400000000000e+01
1.087151195172379000e-02 9.610346484374997500e+01 2.371873049999999900e+01 1.600752656249999900e+02 6.912792500000000100e+00 -6.397180078125000300e+01 1.680593800000000100e+01
1.089062487571161800e-02 9.610518750000000000e+01 2.372614500000000200e+01 1.602003593750000100e+02 6.918821000000000300e+00 -6.409517187500000500e+01 1.680732400000000100e+01
1.091017280903675200e-02 9.622374609375000900e+01 2.370900950000000100e+01 1.604994843750000100e+02 6.910281500000000000e+00 -6.427573828125000000e+01 1.679872800000000100e+01
1.095415536024815300e-02 9.605839062500000100e+01 2.374048350000000000e+01 1.606003437500000100e+02 6.937659499999999600e+00 -6.454195312500000600e+01 1.680282400000000100e+01
1.105311639924395700e-02 9.610591796875000600e+01 2.378732799999999900e+01 1.612559062500000100e+02 6.969738000000000400e+00 -6.514998828125000300e+01 1.681758999999999900e+01
1.117558108834096900e-02 9.610259375000001100e+01 2.384097750000000100e+01 1.620437187500000100e+02 7.006853500000000100e+00 -6.594112500000000000e+01 1.683412399999999900e+01
1.130082912014839300e-02 9.610209374999999500e+01 2.389202249999999900e+01 1.628414687499999900e+02 7.044298500000000000e+00 -6.673937499999999500e+01 1.684772399999999900e+01
1.158263629540464900e-02 9.610224218749999600e+01 2.400946499999999900e+01 1.645711249999999900e+02 7.124411000000000300e+00 -6.846888281249999900e+01 1.688505400000000000e+01
1.170944988279414400e-02 9.610203124999999600e+01 2.405974050000000000e+01 1.653322968750000000e+02 7.159034499999999700e+00 -6.923026562500000100e+01 1.690070600000000000e+01
1.186796537318026600e-02 9.610220312500000300e+01 2.411669849999999800e+01 1.662847812500000100e+02 7.201740499999999700e+00 -7.018257812500000600e+01 1.691495799999999900e+01
1.195713153160305600e-02 9.610208593749999300e+01 2.415013300000000000e+01 1.668102343749999900e+02 7.225283000000000100e+00 -7.070814843750000000e+01 1.692484999999999900e+01
1.198471757702361400e-02 9.610225781250000000e+01 2.415983850000000300e+01 1.669669375000000000e+02 7.232214500000000400e+00 -7.086467968750000100e+01 1.692762400000000200e+01
1.201292984467700100e-02 9.610379687500000000e+01 2.416782400000000000e+01 1.671103750000000000e+02 7.238416000000000000e+00 -7.100657812500000400e+01 1.692940799999999900e+01
1.202879931992456600e-02 9.610367968750000500e+01 2.417206850000000200e+01 1.671867187500000100e+02 7.241694500000000400e+00 -7.108303906250000600e+01 1.693037400000000000e+01
1.203772537690356300e-02 9.613352343750000300e+01 2.417070150000000000e+01 1.672465468750000100e+02 7.240849500000000400e+00 -7.111302343750000400e+01 1.692985200000000000e+01
1.204274710557215800e-02 9.618429687500000100e+01 2.416602299999999900e+01 1.673146093750000000e+02 7.237028999999999700e+00 -7.113031250000000200e+01 1.692899399999999900e+01
1.205404539753619800e-02 9.619992968749998900e+01 2.415315100000000100e+01 1.674109374999999900e+02 7.226874999999999700e+00 -7.121100781250000000e+01 1.692627600000000100e+01
1.207946476183439400e-02 9.601624999999999900e+01 2.416880050000000000e+01 1.673711250000000100e+02 7.239768500000000300e+00 -7.135487500000000700e+01 1.692903199999999900e+01
1.211092167330863600e-02 9.638680468750001800e+01 2.412266250000000100e+01 1.676595156250000100e+02 7.203890500000000000e+00 -7.127271093749999400e+01 1.691877200000000100e+01
1.214309443806048200e-02 9.599578906250000900e+01 2.415888700000000000e+01 1.675954687500000100e+02 7.226244999999999600e+00 -7.159967968750000000e+01 1.693264200000000100e+01
1.221548166490138800e-02 9.610696093749999100e+01 2.419845549999999800e+01 1.678494062499999900e+02 7.261993500000000000e+00 -7.174244531249999600e+01 1.693646199999999900e+01
1.237835322406357500e-02 9.610467187499999400e+01 2.425510599999999800e+01 1.685926093749999900e+02 7.302940000000000400e+00 -7.248793750000000100e+01 1.695216599999999800e+01
1.274481393340834800e-02 9.610233593750000100e+01 2.437835600000000000e+01 1.705286250000000100e+02 7.382894000000000300e+00 -7.442628906250000400e+01 1.699546200000000000e+01
1.319830877739086400e-02 9.610279687499999600e+01 2.450769700000000000e+01 1.725634374999999900e+02 7.468897000000000100e+00 -7.646064062499999600e+01 1.703879999999999800e+01
1.366210999644191000e-02 9.610233593749998700e+01 2.462330150000000000e+01 1.744403906249999900e+02 7.546343499999999900e+00 -7.833805468750000500e+01 1.707695800000000100e+01
1.423606537936026600e-02 9.610230468749999500e+01 2.475140450000000000e+01 1.765537187500000000e+02 7.631664500000000300e+00 -8.045141406250000700e+01 1.711974000000000000e+01
1.438281530126891800e-02 9.610222656250000700e+01 2.478506499999999900e+01 1.771039375000000000e+02 7.654135000000000100e+00 -8.100171093749999300e+01 1.713092999999999900e+01
1.452727186351193000e-02 9.610203906249999800e+01 2.481733700000000200e+01 1.776332343750000000e+02 7.675561000000000100e+00 -8.153119531250000300e+01 1.714177600000000000e+01
1.455280954078922900e-02 9.610192187499998800e+01 2.482281549999999700e+01 1.777239843749999900e+02 7.679305499999999900e+00 -8.162206249999999800e+01 1.714350999999999900e+01
1.456717440956517200e-02 9.609971874999999400e+01 2.482527600000000200e+01 1.777678124999999900e+02 7.681204000000000100e+00 -8.166809374999999700e+01 1.714407200000000100e+01
1.457084808732035100e-02 9.609849999999998700e+01 2.482563950000000100e+01 1.777767343749999900e+02 7.681583500000000300e+00 -8.167823437500000200e+01 1.714405599999999900e+01
1.457291318659196700e-02 9.610045312500000100e+01 2.482554599999999900e+01 1.777832187500000000e+02 7.681613999999999700e+00 -8.168276562500000200e+01 1.714393200000000000e+01
1.457407600001284700e-02 9.610660937500000500e+01 2.482517150000000000e+01 1.777913437500000100e+02 7.681377500000000000e+00 -8.168473437500000500e+01 1.714379400000000000e+01
1.457472970909940700e-02 9.611395312500000900e+01 2.482473399999999900e+01 1.777985937500000100e+02 7.681099999999999800e+00 -8.168464062500000000e+01 1.714363399999999900e+01
1.457553877866357900e-02 9.613138281250000700e+01 2.482366799999999800e+01 1.778135000000000000e+02 7.680399999999999700e+00 -8.168211718749999800e+01 1.714326799999999900e+01
1.457636577443670100e-02 9.616886718749999800e+01 2.482132599999999900e+01 1.778405312500000000e+02 7.678931999999999600e+00 -8.167166406250000000e+01 1.714239399999999900e+01
1.457822771000682900e-02 9.659464843749999800e+01 2.479250700000000100e+01 1.781353281250000000e+02 7.659587000000000100e+00 -8.154067968750000300e+01 1.713291999999999900e+01
1.458241527241871600e-02 9.682919531249999100e+01 2.474000399999999900e+01 1.784021875000000000e+02 7.621071999999999800e+00 -8.157299218750000600e+01 1.711893200000000100e+01
1.459183967800666000e-02 9.622814843750001000e+01 2.474887099999999800e+01 1.780435937500000100e+02 7.626641000000000200e+00 -8.181544531250000300e+01 1.712222999999999800e+01
1.460350127447219100e-02 9.611698437500000100e+01 2.471568250000000000e+01 1.781130000000000000e+02 7.601712499999999700e+00 -8.199601562499999800e+01 1.711396999999999800e+01
1.461542817883025400e-02 9.574283593750000400e+01 2.472728150000000000e+01 1.779217343750000000e+02 7.610269500000000200e+00 -8.217889843749999600e+01 1.711701199999999900e+01
1.464226490871649300e-02 9.598571874999999000e+01 2.474936400000000000e+01 1.781618125000000000e+02 7.627703999999999600e+00 -8.217609375000000700e+01 1.712165999999999900e+01
1.470264516079933800e-02 9.611929687500000300e+01 2.477749350000000200e+01 1.783429531250000100e+02 7.653639499999999700e+00 -8.222365625000000500e+01 1.712385400000000100e+01
1.477736638004618400e-02 9.610271875000000800e+01 2.480049899999999900e+01 1.784214843750000100e+02 7.676770999999999600e+00 -8.231876562499999700e+01 1.712372800000000000e+01
1.481939616956208900e-02 9.611003124999999200e+01 2.481344349999999800e+01 1.784762499999999900e+02 7.688887499999999900e+00 -8.236621875000000200e+01 1.712455599999999800e+01
1.483014352937091000e-02 9.611842968750001100e+01 2.481551400000000000e+01 1.784973750000000100e+02 7.690795999999999700e+00 -8.237894531249999400e+01 1.712471800000000100e+01
1.484344238625433100e-02 9.619991406250001400e+01 2.480647199999999900e+01 1.785960156250000100e+02 7.683081999999999700e+00 -8.239610156249999300e+01 1.712339000000000100e+01
1.484684239055279700e-02 9.632807812500000500e+01 2.479299450000000200e+01 1.786814062500000100e+02 7.672838500000000100e+00 -8.235332812500000400e+01 1.712015600000000100e+01
1.485449329653479300e-02 9.623838281250000600e+01 2.478468249999999900e+01 1.786647656250000000e+02 7.664058500000000300e+00 -8.242638281249999500e+01 1.712062399999999900e+01
1.487170604237338800e-02 9.599114843750000100e+01 2.479574800000000000e+01 1.785256875000000000e+02 7.672550000000000200e+00 -8.253453906250000200e+01 1.712319799999999900e+01
1.491043740944157300e-02 9.607526562500000000e+01 2.481188550000000200e+01 1.786144062500000000e+02 7.685229500000000200e+00 -8.253914062500000200e+01 1.712665600000000100e+01
1.493222372872488700e-02 9.612829687499999000e+01 2.481579400000000000e+01 1.786721093749999900e+02 7.687928000000000300e+00 -8.254381250000000100e+01 1.712786600000000100e+01
1.494447808516652900e-02 9.612628125000000500e+01 2.481720999999999900e+01 1.786825312500000100e+02 7.688900000000000300e+00 -8.255625000000000600e+01 1.712830999999999900e+01
1.497205098470052000e-02 9.612401562499999800e+01 2.480762550000000000e+01 1.787290937500000000e+02 7.678773500000000100e+00 -8.260507812500000600e+01 1.712885199999999800e+01
1.500617292590607200e-02 9.606787500000000100e+01 2.478235750000000000e+01 1.787608906250000000e+02 7.649889499999999600e+00 -8.269301562500000100e+01 1.713246799999999900e+01
1.504107047441907900e-02 9.607997656249999400e+01 2.478600200000000300e+01 1.788006093749999900e+02 7.648903999999999900e+00 -8.272063281250000000e+01 1.713709800000000200e+01
1.511958965980319200e-02 9.610646874999999100e+01 2.479159899999999800e+01 1.788918593750000000e+02 7.647224999999999700e+00 -8.278539062500000500e+01 1.714437399999999900e+01
1.529625603429655600e-02 9.610143750000000300e+01 2.480573499999999900e+01 1.791131406250000000e+02 7.648070999999999800e+00 -8.301170312499999700e+01 1.715766400000000000e+01
1.569375776706781500e-02 9.610214062499999000e+01 2.488312299999999800e+01 1.796047031249999900e+02 7.710004999999999800e+00 -8.350256249999999600e+01 1.717311799999999900e+01
1.591735137136358900e-02 9.610325781250000400e+01 2.492971749999999900e+01 1.800962656250000000e+02 7.743103500000000100e+00 -8.399300781249999700e+01 1.718661399999999900e+01
1.642043847487982500e-02 9.610231249999999600e+01 2.501836850000000100e+01 1.814726093749999900e+02 7.791974500000000200e+00 -8.537029687499999400e+01 1.722639399999999900e+01
1.755238535410180400e-02 9.610233593750000100e+01 2.519784399999999600e+01 1.843536406250000000e+02 7.890221999999999600e+00 -8.825130468749999600e+01 1.730762199999999900e+01
1.790258101652140700e-02 9.610220312500000300e+01 2.525027399999999700e+01 1.851903125000000000e+02 7.918067999999999900e+00 -8.908810937500000200e+01 1.733220599999999900e+01
1.809956615132496700e-02 9.610223437500000900e+01 2.527901849999999900e+01 1.856472187500000100e+02 7.932990499999999800e+00 -8.954498437499999900e+01 1.734602800000000000e+01
1.810124523956375300e-02 9.610224218749999600e+01 2.527925900000000000e+01 1.856510624999999900e+02 7.933114999999999900e+00 -8.954882031249999800e+01 1.734614399999999900e+01
1.810297571626820800e-02 9.610253125000001300e+01 2.527951549999999900e+01 1.856551875000000100e+02 7.933247500000000200e+00 -8.955265624999999800e+01 1.734626799999999800e+01
1.810474682571296100e-02 9.610350000000001100e+01 2.527979700000000200e+01 1.856597812500000100e+02 7.933395000000000000e+00 -8.955628124999999800e+01 1.734640200000000100e+01
1.810873122442336100e-02 9.613426562500001200e+01 2.528145949999999700e+01 1.856847500000000100e+02 7.934261499999999900e+00 -8.955048437499999600e+01 1.734719799999999900e+01
1.811769432890086500e-02 9.617189062500001700e+01 2.528447699999999900e+01 1.857290000000000100e+02 7.935951000000000200e+00 -8.955710937499999600e+01 1.734852600000000000e+01
1.813786370413644100e-02 9.607379687500001400e+01 2.528342050000000200e+01 1.857098906250000100e+02 7.935148500000000400e+00 -8.963609375000000100e+01 1.734827200000000100e+01
1.816282296240479000e-02 9.607372656249999900e+01 2.528650350000000200e+01 1.857603125000000000e+02 7.936717500000000300e+00 -8.968658593749999900e+01 1.734978600000000200e+01
1.818834868887611900e-02 9.610431250000000600e+01 2.529032999999999700e+01 1.858305468750000100e+02 7.938836000000000200e+00 -8.972623437500000400e+01 1.735149399999999900e+01
1.819193871098950800e-02 9.610956249999999600e+01 2.529089950000000200e+01 1.858404062500000000e+02 7.939143500000000100e+00 -8.973084375000000500e+01 1.735175600000000200e+01
1.819395839719844000e-02 9.611326562499999700e+01 2.529123750000000100e+01 1.858457968749999900e+02 7.939321500000000100e+00 -8.973253124999999400e+01 1.735191599999999900e+01
1.819509372376559200e-02 9.611555468749999400e+01 2.529143050000000100e+01 1.858487656250000000e+02 7.939422500000000000e+00 -8.973321093750000400e+01 1.735200800000000100e+01
1.819764880608197600e-02 9.625735156250000600e+01 2.528579850000000200e+01 1.858895468750000100e+02 7.938508500000000200e+00 -8.963219531250000200e+01 1.734729000000000100e+01
1.820339953391474100e-02 9.643786718749999000e+01 2.526185400000000000e+01 1.859557499999999900e+02 7.927109999999999900e+00 -8.951788281250000500e+01 1.733474400000000100e+01
1.821633628137726800e-02 9.609897656249999900e+01 2.527075899999999800e+01 1.858333906249999900e+02 7.929466999999999800e+00 -8.973441406249999400e+01 1.734129199999999900e+01
1.824544605455900500e-02 9.598892187500000300e+01 2.528524350000000000e+01 1.858042968750000100e+02 7.935991500000000100e+00 -8.981537500000000300e+01 1.734925200000000000e+01
1.831094005651641100e-02 9.612079687499999600e+01 2.529953799999999800e+01 1.859914843750000000e+02 7.942736000000000000e+00 -8.987068750000000300e+01 1.735680199999999800e+01
1.845830424985192600e-02 9.610196093749999600e+01 2.531986500000000000e+01 1.862646093749999900e+02 7.951081000000000300e+00 -9.016264843749999600e+01 1.736878400000000200e+01
1.847902814248450500e-02 9.610332812500001900e+01 2.532199800000000100e+01 1.862988906250000100e+02 7.952002000000000200e+00 -9.019556249999999400e+01 1.736999600000000000e+01
1.849068376354704900e-02 9.620510156250000500e+01 2.531455450000000000e+01 1.863720937500000000e+02 7.948476499999999900e+00 -9.016699218750000000e+01 1.736607800000000200e+01
1.851691219740941500e-02 9.606131249999998500e+01 2.531617749999999800e+01 1.863255624999999900e+02 7.948525499999999700e+00 -9.026425000000000400e+01 1.736765200000000000e+01
1.857592408220869500e-02 9.610260156250001300e+01 2.532764499999999700e+01 1.864227812500000100e+02 7.954447000000000000e+00 -9.032017968750000100e+01 1.737319799999999900e+01
1.864895187224959200e-02 9.610244531249998100e+01 2.533506549999999900e+01 1.865246249999999900e+02 7.957051500000000400e+00 -9.042217968750000500e+01 1.737801400000000000e+01
1.865922119981961600e-02 9.609764843749998400e+01 2.533607800000000100e+01 1.865360781249999900e+02 7.957340000000000300e+00 -9.043842968750000500e+01 1.737873799999999800e+01
1.866184679189122500e-02 9.609649218750001900e+01 2.533616999999999900e+01 1.865378750000000100e+02 7.957314000000000200e+00 -9.044138281249999500e+01 1.737885599999999900e+01
1.866509621603447100e-02 9.611439062499998400e+01 2.533467549999999900e+01 1.865546406249999900e+02 7.956073499999999600e+00 -9.044025000000000600e+01 1.737860200000000100e+01
1.866841973517472500e-02 9.625060156249999500e+01 2.532444449999999800e+01 1.866556875000000000e+02 7.948604500000000100e+00 -9.040508593750000400e+01 1.737584000000000000e+01
1.867589615938956100e-02 9.622440625000000100e+01 2.531231300000000000e+01 1.866791406250000000e+02 7.938680999999999900e+00 -9.045473437500000100e+01 1.737363200000000100e+01
1.869272050403413000e-02 9.605659374999999000e+01 2.531884450000000100e+01 1.866029375000000000e+02 7.942564499999999600e+00 -9.054634375000000500e+01 1.737628000000000100e+01
1.871353880803387800e-02 9.603648437500000100e+01 2.531906599999999900e+01 1.866287500000000000e+02 7.942052000000000300e+00 -9.059226562499999600e+01 1.737701399999999900e+01
1.872525059788448400e-02 9.605190625000000200e+01 2.532197349999999900e+01 1.866475781250000000e+02 7.943939499999999900e+00 -9.059567187499999400e+01 1.737803400000000000e+01
1.873183788213514700e-02 9.608235156250000800e+01 2.532246250000000000e+01 1.866755625000000100e+02 7.944022500000000000e+00 -9.059321093750000400e+01 1.737844000000000100e+01
1.873554263198584600e-02 9.611874999999999100e+01 2.532099600000000100e+01 1.867092031249999900e+02 7.942636000000000300e+00 -9.059045312499999600e+01 1.737836000000000100e+01
1.873933223255893800e-02 9.623602343749999500e+01 2.531272100000000000e+01 1.868093906249999900e+02 7.936068999999999800e+00 -9.057336718749999700e+01 1.737665200000000000e+01
1.874785913261853300e-02 9.617666406249999500e+01 2.531306550000000000e+01 1.867928281250000000e+02 7.935625500000000400e+00 -9.061616406250000500e+01 1.737744000000000000e+01
1.876704376144217700e-02 9.608999999999998900e+01 2.531898749999999900e+01 1.867581874999999900e+02 7.939727500000000000e+00 -9.066818750000000200e+01 1.737925999999999900e+01
1.881020887752523500e-02 9.609136718750001200e+01 2.532150100000000100e+01 1.868108750000000100e+02 7.941512999999999600e+00 -9.071950781249999800e+01 1.737998800000000100e+01
1.890733188256285200e-02 9.609985156249999200e+01 2.533405950000000200e+01 1.869174843749999900e+02 7.951649500000000300e+00 -9.081763281249999400e+01 1.738241000000000000e+01
1.893737979401323100e-02 9.611328906249998700e+01 2.533524450000000200e+01 1.869684218749999900e+02 7.952332499999999800e+00 -9.085513281250000300e+01 1.738291200000000100e+01
1.894160559900422100e-02 9.612038281250001100e+01 2.533430750000000100e+01 1.869823437500000100e+02 7.951517499999999600e+00 -9.086196093750000100e+01 1.738279000000000000e+01
1.894398141923106200e-02 9.612891406249998700e+01 2.533322750000000000e+01 1.869944999999999900e+02 7.950631500000000100e+00 -9.086558593750000100e+01 1.738259599999999900e+01
1.894641221316536000e-02 9.615217968750000900e+01 2.533081849999999900e+01 1.870181562500000000e+02 7.948790500000000300e+00 -9.086597656249999500e+01 1.738202799999999800e+01
1.894778058044892600e-02 9.618366406250001400e+01 2.532808949999999700e+01 1.870437343750000100e+02 7.946859500000000400e+00 -9.086007031250000000e+01 1.738122999999999900e+01
1.894854901727279600e-02 9.621540625000000100e+01 2.532559900000000000e+01 1.870670781249999900e+02 7.945174999999999900e+00 -9.085167187499999400e+01 1.738042400000000100e+01
1.895027949397725200e-02 9.649885156250000800e+01 2.530562950000000200e+01 1.872769687500000100e+02 7.931265500000000300e+00 -9.077811718750000100e+01 1.737436400000000000e+01
1.895417306656228100e-02 9.654424218749998900e+01 2.528219750000000200e+01 1.873714531249999900e+02 7.913285499999999800e+00 -9.082721093749999900e+01 1.736891200000000200e+01
1.896293420241888800e-02 9.618664843749999700e+01 2.529273100000000000e+01 1.871713281250000000e+02 7.919196999999999600e+00 -9.098467968750000500e+01 1.737353399999999900e+01
1.898264586178581200e-02 9.594139062499999700e+01 2.530242549999999800e+01 1.870651249999999900e+02 7.924405499999999800e+00 -9.112373437499999800e+01 1.737801999999999900e+01
1.900703984693178200e-02 9.600862499999999500e+01 2.531239499999999900e+01 1.871335156250000000e+02 7.930913000000000300e+00 -9.112489062500000600e+01 1.738148199999999800e+01
1.903198715439416100e-02 9.614451562499999700e+01 2.531886600000000000e+01 1.872521093750000000e+02 7.935196000000000400e+00 -9.110759375000000700e+01 1.738366999999999900e+01
1.908812009003526800e-02 9.609998437500002000e+01 2.532940350000000200e+01 1.872562031250000100e+02 7.943903500000000200e+00 -9.115621874999999400e+01 1.738550000000000000e+01
1.911969411940801800e-02 9.610526562500000100e+01 2.533386850000000100e+01 1.872825156250000000e+02 7.947342500000000400e+00 -9.117725000000000100e+01 1.738652600000000000e+01
1.912946270820789500e-02 9.612821875000000200e+01 2.533212599999999900e+01 1.873119218750000000e+02 7.945351999999999700e+00 -9.118370312499999400e+01 1.738677399999999900e+01
1.913495768879290600e-02 9.617182812499999000e+01 2.532724749999999900e+01 1.873565625000000000e+02 7.940729499999999800e+00 -9.118473437500000500e+01 1.738651799999999900e+01
1.914057695775999900e-02 9.620439062500000200e+01 2.532053150000000100e+01 1.873927031250000000e+02 7.934513500000000400e+00 -9.118831249999999500e+01 1.738601800000000000e+01
1.915069211993300800e-02 9.613675000000000600e+01 2.532032050000000100e+01 1.873624843750000100e+02 7.932920499999999800e+00 -9.122573437500000200e+01 1.738740000000000000e+01
1.916333607264927200e-02 9.611265625000001500e+01 2.531502549999999700e+01 1.873708750000000100e+02 7.926699499999999800e+00 -9.125821874999999700e+01 1.738832599999999900e+01
1.919178496626086600e-02 9.605339062500000600e+01 2.532100600000000100e+01 1.873435156250000100e+02 7.929619999999999900e+00 -9.129012500000000300e+01 1.739138600000000100e+01
1.925579587319739500e-02 9.614012500000001200e+01 2.530658849999999700e+01 1.874716093750000100e+02 7.905624500000000100e+00 -9.133148437500000200e+01 1.740096399999999800e+01
1.927559955377028700e-02 9.606203125000000400e+01 2.531107600000000000e+01 1.874286093750000100e+02 7.907276000000000400e+00 -9.136657812500000400e+01 1.740380000000000000e+01
1.928673890001492800e-02 9.606357812500000600e+01 2.531201899999999900e+01 1.874335000000000100e+02 7.906896999999999800e+00 -9.136992187500000300e+01 1.740512199999999900e+01
1.928958677707758000e-02 9.607080468750000100e+01 2.531181949999999900e+01 1.874403281250000100e+02 7.906381500000000200e+00 -9.136952343750000700e+01 1.740543800000000000e+01
1.929311106975813200e-02 9.610217968749999800e+01 2.530989950000000000e+01 1.874670312499999900e+02 7.904165500000000400e+00 -9.136485156249999300e+01 1.740573399999999900e+01
1.929509370846855700e-02 9.613641406249999500e+01 2.530763449999999900e+01 1.874928593749999900e+02 7.901876500000000200e+00 -9.135644531250000000e+01 1.740575799999999900e+01
1.929712176024166900e-02 9.621868749999998700e+01 2.530223600000000100e+01 1.875465624999999900e+02 7.897102000000000300e+00 -9.132787500000000600e+01 1.740513400000000000e+01
1.929826186713120800e-02 9.630836718749999600e+01 2.529636100000000100e+01 1.876027812499999900e+02 7.892221000000000200e+00 -9.129441406249999600e+01 1.740414000000000200e+01
1.930082890025356200e-02 9.651521093750001500e+01 2.527561049999999900e+01 1.877305312500000100e+02 7.874846500000000300e+00 -9.121532031249999800e+01 1.740076399999999900e+01
1.930660233461767300e-02 9.628153125000001500e+01 2.527992600000000000e+01 1.876170937500000100e+02 7.873607999999999900e+00 -9.133556249999999500e+01 1.740631799999999900e+01
1.931959405578766200e-02 9.606574999999999400e+01 2.528827150000000000e+01 1.875203593750000000e+02 7.877735500000000000e+00 -9.145460937500000400e+01 1.741053600000000000e+01
1.934882453210969000e-02 9.600159375000001200e+01 2.529523000000000000e+01 1.874986718750000100e+02 7.881248000000000300e+00 -9.149707812500000200e+01 1.741398200000000100e+01
1.938499723161969700e-02 9.611556249999999600e+01 2.530319150000000100e+01 1.875801874999999900e+02 7.884767499999999700e+00 -9.146462499999999800e+01 1.741842400000000200e+01
1.940534467386422300e-02 9.613961718750000800e+01 2.530302900000000200e+01 1.876092500000000000e+02 7.882329000000000400e+00 -9.146963281249999500e+01 1.742070000000000000e+01
1.942615461229978800e-02 9.622663281250000000e+01 2.528207750000000000e+01 1.877095468750000000e+02 7.858367499999999900e+00 -9.148291406250000100e+01 1.742371000000000000e+01
1.947297667500966600e-02 9.604992187499999500e+01 2.528589699999999900e+01 1.876513750000000000e+02 7.853519000000000400e+00 -9.160145312500000600e+01 1.743237800000000000e+01
1.957832661487703500e-02 9.610189843750001200e+01 2.530777700000000200e+01 1.877098906250000100e+02 7.865306999999999600e+00 -9.160799218750000300e+01 1.744247000000000000e+01
1.981536248572786700e-02 9.610370312500001000e+01 2.534446700000000200e+01 1.878135000000000000e+02 7.887309000000000100e+00 -9.170979687499999500e+01 1.745715800000000000e+01
2.034869468899298800e-02 9.610253906250001400e+01 2.540723400000000300e+01 1.881240625000000100e+02 7.917632000000000200e+00 -9.202152343749999400e+01 1.748960200000000100e+01
2.051369468669843700e-02 9.610170312500000000e+01 2.542594199999999900e+01 1.882304531250000000e+02 7.926967999999999600e+00 -9.212874999999999700e+01 1.749897400000000000e+01
2.060650703602267400e-02 9.610235156250000400e+01 2.543668500000000100e+01 1.882960937500000100e+02 7.932253000000000200e+00 -9.219374218750000700e+01 1.750443200000000100e+01
2.065871293682203600e-02 9.610853906250000000e+01 2.544156999999999900e+01 1.883246093749999900e+02 7.934186000000000400e+00 -9.221607031249999400e+01 1.750738399999999800e+01
2.071210674773481600e-02 9.609909374999999400e+01 2.544685649999999900e+01 1.883573906249999900e+02 7.936192499999999800e+00 -9.225829687499999900e+01 1.751066399999999800e+01
2.083224102966767600e-02 9.610326562499999200e+01 2.546059100000000100e+01 1.884905937499999900e+02 7.941024999999999800e+00 -9.238732812499999600e+01 1.751956600000000100e+01
2.110254674925839800e-02 9.610232812500000000e+01 2.549036200000000100e+01 1.888435937500000000e+02 7.950283999999999900e+00 -9.274126562499999700e+01 1.754007800000000100e+01
2.171073043555544000e-02 9.610232812500001400e+01 2.555419200000000000e+01 1.896172500000000100e+02 7.971554000000000300e+00 -9.351492187499999900e+01 1.758263799999999900e+01
2.205283420725275000e-02 9.610214843750000600e+01 2.558642049999999900e+01 1.900128906250000100e+02 7.979844499999999600e+00 -9.391074218750000600e+01 1.760657600000000000e+01
2.224526847514293700e-02 9.610253125000001300e+01 2.559893799999999700e+01 1.901801406250000100e+02 7.978968000000000100e+00 -9.407760937499999400e+01 1.761996999999999900e+01
2.259164824521631100e-02 9.610224218749999600e+01 2.563165649999999800e+01 1.905714062500000000e+02 7.987686499999999700e+00 -9.446916406249999900e+01 1.764396999999999900e+01
2.265118238023647700e-02 9.610210937499999800e+01 2.563714400000000300e+01 1.906361406250000000e+02 7.989028000000000200e+00 -9.453403124999999800e+01 1.764811600000000200e+01
2.267782072674361500e-02 9.610183593749999900e+01 2.563943099999999800e+01 1.906632187500000000e+02 7.989450999999999900e+00 -9.456138281250000000e+01 1.764997999999999900e+01
2.268252934429579700e-02 9.611161718749998800e+01 2.563845700000000200e+01 1.906758593749999900e+02 7.988408999999999900e+00 -9.456424218750000000e+01 1.765004800000000200e+01
2.268373398553757300e-02 9.611933593749999700e+01 2.563778400000000000e+01 1.906834531250000000e+02 7.987808000000000200e+00 -9.456411718750000300e+01 1.764997599999999900e+01
2.268522305596143800e-02 9.614788281250000100e+01 2.563555500000000000e+01 1.907069999999999900e+02 7.986049000000000400e+00 -9.455911718749999300e+01 1.764950599999999900e+01
2.268606200254053000e-02 9.618790624999999700e+01 2.563274949999999900e+01 1.907367187499999900e+02 7.984003500000000000e+00 -9.454881249999999700e+01 1.764874599999999900e+01
2.268691768024798400e-02 9.629789843749999500e+01 2.562575449999999900e+01 1.908166875000000000e+02 7.978992500000000400e+00 -9.451878906250000500e+01 1.764676199999999900e+01
2.268884654033153900e-02 9.673064843749999400e+01 2.559301650000000100e+01 1.911482968750000000e+02 7.953908499999999800e+00 -9.441764843750000600e+01 1.763910800000000000e+01
2.268993167351361600e-02 9.684067968749998600e+01 2.557932400000000000e+01 1.912573437499999900e+02 7.942452000000000300e+00 -9.441666406250000400e+01 1.763687200000000000e+01
2.269237202809269000e-02 9.656066406250001000e+01 2.557817700000000000e+01 1.911056250000000000e+02 7.940915000000000400e+00 -9.454496093749999400e+01 1.763726200000000000e+01
2.269786461851650400e-02 9.622685937499998900e+01 2.558419250000000000e+01 1.908929531249999900e+02 7.944390499999999900e+00 -9.466609375000000200e+01 1.763980200000000000e+01
2.271022175188948700e-02 9.611259374999998800e+01 2.558749900000000100e+01 1.908625312499999900e+02 7.943884999999999900e+00 -9.474993750000000100e+01 1.764361399999999900e+01
2.271717473080283500e-02 9.595699218749999200e+01 2.558839700000000100e+01 1.907802187499999900e+02 7.943429000000000100e+00 -9.482322656249999700e+01 1.764496799999999900e+01
2.272108264435502400e-02 9.589428125000000600e+01 2.558841700000000000e+01 1.907495937500000000e+02 7.942825000000000000e+00 -9.485531249999999700e+01 1.764559200000000100e+01
2.272988082771014400e-02 9.608208593749999700e+01 2.556501300000000000e+01 1.909490781250000000e+02 7.922805000000000300e+00 -9.486699218750000300e+01 1.764220800000000000e+01
2.274967614271885700e-02 9.598890624999999900e+01 2.557581450000000000e+01 1.909040156250000000e+02 7.926720500000000100e+00 -9.491510937500000000e+01 1.764909400000000200e+01
2.276080951356051000e-02 9.604614843750000800e+01 2.558048300000000100e+01 1.909463281250000100e+02 7.928269000000000200e+00 -9.490017968750000000e+01 1.765221400000000100e+01
2.278586079303483000e-02 9.611005468749999600e+01 2.558441350000000000e+01 1.910119531249999900e+02 7.927977499999999900e+00 -9.490189843749999500e+01 1.765643599999999900e+01
2.281686357388221200e-02 9.608534375000000700e+01 2.559274350000000100e+01 1.910043593750000100e+02 7.932757500000000100e+00 -9.491901562500000000e+01 1.765998600000000000e+01
2.284857145228182800e-02 9.610318750000000400e+01 2.559698949999999900e+01 1.910268281250000100e+02 7.935423499999999700e+00 -9.492364062500000400e+01 1.766156600000000100e+01
2.285838067382200600e-02 9.611649218750001500e+01 2.559735149999999800e+01 1.910423281250000100e+02 7.935517499999999600e+00 -9.492583593749999700e+01 1.766183399999999900e+01
2.286841218035322700e-02 9.624070312499999600e+01 2.558843100000000000e+01 1.911560937500000000e+02 7.928185000000000000e+00 -9.491539062500000100e+01 1.766024600000000100e+01
2.289098486266936600e-02 9.609334374999998800e+01 2.559239050000000000e+01 1.910787812499999900e+02 7.929988500000000300e+00 -9.498543750000000300e+01 1.766240200000000000e+01
2.294177339788068900e-02 9.610871874999999400e+01 2.559781100000000000e+01 1.911368124999999900e+02 7.930774999999999700e+00 -9.502809374999999600e+01 1.766703600000000000e+01
2.300462268647693300e-02 9.610228125000000400e+01 2.561101099999999800e+01 1.911398281250000100e+02 7.937670999999999900e+00 -9.503754687500000400e+01 1.767334000000000000e+01
2.302069174018420200e-02 9.611243749999998400e+01 2.561248299999999700e+01 1.911549374999999900e+02 7.937699000000000300e+00 -9.504250000000000400e+01 1.767478399999999900e+01
2.305685009872704100e-02 9.606967968749999900e+01 2.559470550000000300e+01 1.912320312500000100e+02 7.915453499999999900e+00 -9.516235156250000700e+01 1.767925200000000200e+01
2.313820162512604900e-02 9.610551562499998100e+01 2.560341799999999800e+01 1.912631874999999900e+02 7.914354000000000300e+00 -9.515767187500000500e+01 1.768906399999999800e+01
2.332124494968500200e-02 9.609344531249999500e+01 2.560109900000000100e+01 1.913720625000000000e+02 7.884481000000000100e+00 -9.527861718750000400e+01 1.771661800000000000e+01
2.334698459558319500e-02 9.610567187500001300e+01 2.560224350000000000e+01 1.913912343750000100e+02 7.882339499999999600e+00 -9.528556249999999700e+01 1.771990400000000000e+01
2.340490059147502500e-02 9.609285937500000300e+01 2.559323699999999800e+01 1.914705937500000100e+02 7.863429000000000000e+00 -9.537773437500000300e+01 1.772980799999999800e+01
2.353521217977194000e-02 9.610148437500001300e+01 2.561354599999999900e+01 1.914900156250000100e+02 7.871101999999999600e+00 -9.538853125000000000e+01 1.774244399999999900e+01
2.382841086327880000e-02 9.610302343749998500e+01 2.563487500000000100e+01 1.916408593749999900e+02 7.864969000000000300e+00 -9.553783593750000600e+01 1.776990599999999900e+01
2.448811208395133100e-02 9.610232812500001400e+01 2.570404200000000100e+01 1.917585781250000100e+02 7.900528000000000400e+00 -9.565625000000000000e+01 1.780351400000000000e+01
2.523027386581688400e-02 9.610210156250001000e+01 2.576675949999999900e+01 1.919909687500000100e+02 7.920157500000000200e+00 -9.588886718749999700e+01 1.784660200000000100e+01
2.560135356166906600e-02 9.610267968750000000e+01 2.579444300000000100e+01 1.921484062499999900e+02 7.927227000000000200e+00 -9.604572656249999300e+01 1.786721599999999900e+01
2.604665015275615600e-02 9.610221875000000600e+01 2.583137149999999900e+01 1.923973593750000100e+02 7.932269500000000300e+00 -9.629514062500000200e+01 1.789910199999999900e+01
2.688158365120564900e-02 9.610189843749998300e+01 2.589740350000000300e+01 1.929861249999999900e+02 7.939421499999999900e+00 -9.688422656250000400e+01 1.795798200000000100e+01
2.791481209279301700e-02 9.610224218749999600e+01 2.597572900000000100e+01 1.937748437500000000e+02 7.948011000000000200e+00 -9.767260156250000600e+01 1.802771800000000000e+01
2.849600129856501600e-02 9.610221874999999200e+01 2.601736250000000100e+01 1.941665312499999900e+02 7.950742499999999600e+00 -9.806431250000000000e+01 1.806662000000000000e+01
2.882292276635803300e-02 9.610218749999999900e+01 2.603984150000000100e+01 1.943683125000000000e+02 7.951005499999999900e+00 -9.826612500000000200e+01 1.808883600000000100e+01
2.900681459814085900e-02 9.610225000000001200e+01 2.605222500000000000e+01 1.944742187500000100e+02 7.950731000000000200e+00 -9.837196874999999400e+01 1.810149399999999900e+01
2.911025360413362400e-02 9.610224999999999800e+01 2.605906650000000000e+01 1.945354218750000000e+02 7.950120499999999700e+00 -9.843317187499999900e+01 1.810894600000000000e+01
2.916843968824037500e-02 9.610256249999999100e+01 2.606280599999999800e+01 1.945705312499999900e+02 7.949510000000000100e+00 -9.846796874999999700e+01 1.811329599999999800e+01
2.920116816546982500e-02 9.610411718749999500e+01 2.606459600000000200e+01 1.945954062500000000e+02 7.948567999999999900e+00 -9.849128906250000200e+01 1.811602800000000000e+01
2.920953611981002100e-02 9.611028906249998700e+01 2.606449099999999700e+01 1.946129531249999900e+02 7.947521000000000100e+00 -9.850266406250000300e+01 1.811696999999999800e+01
2.921212466438312400e-02 9.611691406250000100e+01 2.606410049999999900e+01 1.946251250000000000e+02 7.946756500000000200e+00 -9.850821093749999600e+01 1.811734399999999900e+01
2.921477296298608000e-02 9.613711718749999600e+01 2.606276249999999800e+01 1.946542499999999900e+02 7.944910499999999800e+00 -9.851713281249999500e+01 1.811785199999999900e+01
2.921626203340994100e-02 9.616941406249999600e+01 2.606071150000000000e+01 1.946928125000000000e+02 7.942539499999999600e+00 -9.852339843750000600e+01 1.811817200000000100e+01
2.921709858982784000e-02 9.621123437500000400e+01 2.605821950000000000e+01 1.947365937500000000e+02 7.939957500000000200e+00 -9.852535937499999400e+01 1.811826200000000100e+01
2.921898442700990700e-02 9.719793749999999500e+01 2.600165750000000000e+01 1.956041718749999900e+02 7.890435499999999700e+00 -9.840623437499999700e+01 1.811122200000000100e+01
2.922004565858004100e-02 9.762056250000000500e+01 2.597281849999999900e+01 1.960336562500000100e+02 7.863156499999999700e+00 -9.841309375000000200e+01 1.810966200000000000e+01
2.922243103945165700e-02 9.706308593750000600e+01 2.597482000000000100e+01 1.957045781250000100e+02 7.864886000000000300e+00 -9.864149218750000600e+01 1.810993399999999900e+01
2.922779934149338100e-02 9.619027343749999700e+01 2.596884149999999600e+01 1.951488281249999900e+02 7.859623499999999700e+00 -9.895855468749999800e+01 1.810921799999999800e+01
2.923987682600666400e-02 9.610082031250000500e+01 2.598563500000000200e+01 1.951614062500000000e+02 7.867424999999999900e+00 -9.906058593749999400e+01 1.811821000000000100e+01
2.924361264795289100e-02 9.605037499999998800e+01 2.598444700000000300e+01 1.951645937499999900e+02 7.864798999999999700e+00 -9.911421875000000600e+01 1.811964800000000200e+01
2.924743451570209500e-02 9.632103906250000600e+01 2.595989050000000000e+01 1.955192812500000100e+02 7.839922500000000100e+00 -9.919824218750000000e+01 1.811996800000000000e+01
2.925603192551691500e-02 9.580932031249999200e+01 2.595423049999999800e+01 1.952579375000000000e+02 7.833296500000000300e+00 -9.944861718750000500e+01 1.812093399999999800e+01
2.927537789022115900e-02 9.587185937499998500e+01 2.597474099999999800e+01 1.953274999999999900e+02 7.842960999999999800e+00 -9.945564062500000100e+01 1.813177999999999900e+01
2.931890511572510200e-02 9.609757031250001100e+01 2.600137250000000200e+01 1.954797968750000100e+02 7.853962499999999700e+00 -9.938222656249999400e+01 1.814741000000000100e+01
2.934338992699644600e-02 9.610753124999999400e+01 2.600809849999999900e+01 1.954949687500000000e+02 7.857084500000000000e+00 -9.938743750000000400e+01 1.815101400000000000e+01
2.935716203579627500e-02 9.610800000000000400e+01 2.600940700000000300e+01 1.955077187500000100e+02 7.857293000000000300e+00 -9.939971875000000500e+01 1.815211400000000100e+01
2.936142369320517800e-02 9.611512500000000600e+01 2.600920999999999900e+01 1.955197343750000100e+02 7.856846000000000000e+00 -9.940460937500000700e+01 1.815236399999999900e+01
2.936381863472156700e-02 9.612545312499999300e+01 2.600877400000000300e+01 1.955327343749999900e+02 7.856303999999999700e+00 -9.940728124999999700e+01 1.815247000000000100e+01
2.936627094010661400e-02 9.615894531249999500e+01 2.600736599999999800e+01 1.955658124999999900e+02 7.854946000000000000e+00 -9.940686718749999800e+01 1.815241999999999900e+01
2.937178504198117300e-02 9.621372656250000000e+01 2.600231300000000100e+01 1.956367343750000000e+02 7.850272999999999600e+00 -9.942300781250000300e+01 1.815204000000000000e+01
2.938419475890042400e-02 9.610827343750000300e+01 2.600458299999999700e+01 1.955836093750000100e+02 7.851369000000000000e+00 -9.947533593750000600e+01 1.815321399999999800e+01
2.941211662196873900e-02 9.605930468750000300e+01 2.600944050000000000e+01 1.955732812500000100e+02 7.853194499999999900e+00 -9.951397656250000500e+01 1.815624599999999900e+01
2.947493722863065900e-02 9.610172656249999100e+01 2.602820249999999900e+01 1.956183906249999900e+02 7.861874499999999900e+00 -9.951666406249999900e+01 1.816632800000000000e+01
2.961628658132146500e-02 9.610408593750000300e+01 2.605522350000000000e+01 1.956442656250000000e+02 7.875849500000000200e+00 -9.954017968750000000e+01 1.817937399999999900e+01
2.979120574798201400e-02 9.610253906250001400e+01 2.607532649999999900e+01 1.957180937500000100e+02 7.886848500000000200e+00 -9.961555468749999400e+01 1.818847800000000000e+01
2.988959673353305100e-02 9.610345312499998700e+01 2.608380900000000200e+01 1.957690468749999900e+02 7.890318999999999900e+00 -9.966559374999999900e+01 1.819349000000000100e+01
2.990343337668511700e-02 9.610428125000000000e+01 2.608488450000000100e+01 1.957781718750000000e+02 7.890640499999999900e+00 -9.967389062499999900e+01 1.819424400000000100e+01
2.990697081525223900e-02 9.610474218749999400e+01 2.608515900000000100e+01 1.957807968749999900e+02 7.890718999999999800e+00 -9.967605468749999900e+01 1.819444000000000000e+01
2.990896181952684300e-02 9.610514062500000400e+01 2.608531500000000100e+01 1.957824062500000100e+02 7.890762999999999700e+00 -9.967726562500000400e+01 1.819455200000000200e+01
2.991343859144320700e-02 9.611051562500000500e+01 2.608582549999999900e+01 1.957893906250000100e+02 7.890965500000000100e+00 -9.967887500000000500e+01 1.819485999999999800e+01
2.992351312087591600e-02 9.612535156250000100e+01 2.608720749999999800e+01 1.958086093750000000e+02 7.891489499999999600e+00 -9.968325781250000300e+01 1.819571799999999900e+01
2.994617901947862700e-02 9.609696875000000200e+01 2.608791300000000000e+01 1.958070468750000000e+02 7.891278999999999900e+00 -9.971007812499999500e+01 1.819663400000000000e+01
2.999718027903621300e-02 9.609485937500001300e+01 2.609241549999999800e+01 1.958125625000000100e+02 7.893459499999999600e+00 -9.971770312500000000e+01 1.819895599999999900e+01
3.006029248536380000e-02 9.610469531250001300e+01 2.609779700000000000e+01 1.958306875000000100e+02 7.895995000000000100e+00 -9.972599218749999700e+01 1.820180200000000100e+01
3.009579354957828800e-02 9.610425781249999500e+01 2.610060350000000200e+01 1.958391093749999900e+02 7.897207500000000400e+00 -9.973485156249999800e+01 1.820339600000000100e+01
3.011576334635416400e-02 9.610473437500000700e+01 2.610206649999999900e+01 1.958458437500000000e+02 7.897760500000000400e+00 -9.974110937499999400e+01 1.820430599999999900e+01
3.012699710396597000e-02 9.610550781249999400e+01 2.610283750000000000e+01 1.958508437500000000e+02 7.898009499999999700e+00 -9.974533593750000200e+01 1.820482799999999900e+01
3.013848421866433300e-02 9.611628125000000000e+01 2.610307900000000100e+01 1.958674374999999900e+02 7.897758999999999800e+00 -9.975115624999999400e+01 1.820532000000000000e+01
3.016433381197745200e-02 9.609399999999998000e+01 2.610563949999999900e+01 1.958548437499999900e+02 7.898979500000000300e+00 -9.976084375000000600e+01 1.820665999999999900e+01
3.022249121414987600e-02 9.610067968750000500e+01 2.611065149999999900e+01 1.958637187500000000e+02 7.901495500000000200e+00 -9.976303906249999900e+01 1.820915600000000000e+01
3.035334775919902200e-02 9.610257812500000800e+01 2.612074750000000000e+01 1.958813281250000100e+02 7.906461499999999800e+00 -9.977875000000000200e+01 1.821428600000000100e+01
3.064777498555960200e-02 9.610234374999998900e+01 2.614255700000000000e+01 1.959239062499999900e+02 7.915523000000000300e+00 -9.982156249999999900e+01 1.822703400000000000e+01
3.101212876781186300e-02 9.610225781250001400e+01 2.616783450000000100e+01 1.959848437500000100e+02 7.924140500000000000e+00 -9.988258593749999600e+01 1.824369400000000100e+01
3.110528530034803800e-02 9.610239062499998400e+01 2.617407500000000200e+01 1.960009218749999900e+02 7.925984999999999800e+00 -9.989853125000000500e+01 1.824809000000000100e+01
3.115768719436530500e-02 9.610255468750000300e+01 2.617749849999999900e+01 1.960096718750000100e+02 7.926862500000000400e+00 -9.990711718750000600e+01 1.825063600000000000e+01
3.127559145590416000e-02 9.610217968749999800e+01 2.618410000000000100e+01 1.960363749999999900e+02 7.926946000000000000e+00 -9.993419531249999500e+01 1.825715400000000000e+01
3.154087544682629400e-02 9.610212499999998700e+01 2.620182150000000100e+01 1.960851874999999900e+02 7.931323500000000400e+00 -9.998306250000000300e+01 1.827049800000000000e+01
3.186916169666108300e-02 9.610371093749999700e+01 2.622260500000000100e+01 1.961712968750000000e+02 7.934609000000000000e+00 -1.000675859375000000e+02 1.828799600000000000e+01
3.220491241990474500e-02 9.610040625000000600e+01 2.624382500000000100e+01 1.963211875000000100e+02 7.935545000000000300e+00 -1.002207812500000000e+02 1.830828000000000000e+01
3.230878404507362600e-02 9.610363281250001000e+01 2.625036699999999700e+01 1.963412656250000100e+02 7.937052999999999700e+00 -1.002376328125000000e+02 1.831331399999999800e+01
3.232339032013015900e-02 9.610643749999998400e+01 2.625133350000000100e+01 1.963471874999999900e+02 7.937321500000000400e+00 -1.002407500000000100e+02 1.831401200000000200e+01
3.233160769431513100e-02 9.614859375000000300e+01 2.625186850000000000e+01 1.963832343750000000e+02 7.938022499999999800e+00 -1.002346406250000000e+02 1.831384600000000200e+01
3.234001150107323300e-02 9.636792187500000800e+01 2.623717900000000100e+01 1.965355937500000000e+02 7.933622999999999900e+00 -1.001676718750000000e+02 1.830355600000000000e+01
3.235891767611778100e-02 9.605625781250000700e+01 2.624018399999999900e+01 1.963817500000000100e+02 7.933239999999999600e+00 -1.003254921875000000e+02 1.830694400000000100e+01
3.240146015520979600e-02 9.603921093750000200e+01 2.624868899999999900e+01 1.963487812500000000e+02 7.937542999999999800e+00 -1.003095703125000000e+02 1.831114600000000100e+01
3.245410345550766400e-02 9.612643749999999400e+01 2.625394399999999700e+01 1.964301093750000000e+02 7.938646000000000300e+00 -1.003036718750000100e+02 1.831529799999999900e+01
3.246756484335228100e-02 9.613749999999998900e+01 2.625452049999999800e+01 1.964511249999999900e+02 7.937990499999999700e+00 -1.003136250000000000e+02 1.831653000000000000e+01
3.249785057584145300e-02 9.611312499999999700e+01 2.625359650000000000e+01 1.964922968749999900e+02 7.932876499999999900e+00 -1.003791718750000000e+02 1.832072000000000100e+01
3.256599407148241100e-02 9.612687499999999800e+01 2.625121550000000100e+01 1.966513437500000000e+02 7.919871500000000200e+00 -1.005244687500000000e+02 1.833134400000000100e+01
3.271931574159397300e-02 9.609852343750000600e+01 2.626912799999999800e+01 1.966795781250000100e+02 7.925755999999999800e+00 -1.005810546875000000e+02 1.834337199999999900e+01
3.306428770672408000e-02 9.610220312500000300e+01 2.629543900000000200e+01 1.968102500000000000e+02 7.932361000000000200e+00 -1.007080468749999900e+02 1.836307800000000200e+01
3.384047821350862800e-02 9.610219531250000100e+01 2.634736399999999900e+01 1.969097500000000000e+02 7.945001999999999700e+00 -1.008075546875000000e+02 1.840236200000000000e+01
3.460453865223360500e-02 9.610226562500000100e+01 2.639515550000000100e+01 1.969831406250000000e+02 7.954569499999999800e+00 -1.008808750000000000e+02 1.844058600000000000e+01
3.473961383179016700e-02 9.610289062500000100e+01 2.640367850000000200e+01 1.970057500000000100e+02 7.956738500000000200e+00 -1.009028593750000100e+02 1.844694000000000100e+01
3.481559466598625100e-02 9.611037500000001900e+01 2.640875050000000000e+01 1.970466562500000100e+02 7.959438500000000100e+00 -1.009362812499999900e+02 1.844931199999999900e+01
3.483501950600989500e-02 9.620447656250000500e+01 2.640813700000000000e+01 1.971783281250000100e+02 7.962519000000000300e+00 -1.009738515625000000e+02 1.844561800000000000e+01
3.487873077392578100e-02 9.606078906250000700e+01 2.640961999999999700e+01 1.971117968750000100e+02 7.963948000000000200e+00 -1.010510078125000000e+02 1.844567199999999800e+01
3.497707634641412900e-02 9.610250000000000600e+01 2.641793200000000000e+01 1.971487812500000100e+02 7.966155999999999800e+00 -1.010462812500000100e+02 1.845177599999999900e+01
3.519835985991590100e-02 9.610300000000000900e+01 2.643267949999999900e+01 1.971802968750000100e+02 7.967839500000000200e+00 -1.010772968750000000e+02 1.846483999999999900e+01
3.532282989425467700e-02 9.610607031250000900e+01 2.643965599999999900e+01 1.972530937500000100e+02 7.965685999999999800e+00 -1.011470234375000000e+02 1.847397000000000100e+01
3.539284488611053900e-02 9.609798437500001000e+01 2.644482500000000200e+01 1.972507187500000000e+02 7.966965000000000100e+00 -1.011527343749999900e+02 1.847786000000000000e+01
3.555037802024592400e-02 9.610301562500001200e+01 2.645441650000000100e+01 1.972786250000000100e+02 7.968156500000000100e+00 -1.011756093749999900e+02 1.848626000000000100e+01
3.590482936467144500e-02 9.610123437500000400e+01 2.647602250000000300e+01 1.973649531250000000e+02 7.968832500000000400e+00 -1.012637187500000000e+02 1.850719000000000100e+01
3.610420705083020000e-02 9.610239062500001200e+01 2.648793950000000300e+01 1.973962500000000100e+02 7.970187499999999800e+00 -1.012938593750000000e+02 1.851775200000000200e+01
3.635093861056450100e-02 9.610772656250000500e+01 2.650198999999999900e+01 1.975000312500000100e+02 7.968581999999999600e+00 -1.013923046875000000e+02 1.853340800000000100e+01
3.641402213495775800e-02 9.609490624999999400e+01 2.650077149999999900e+01 1.976298750000000000e+02 7.957353500000000000e+00 -1.015349687500000000e+02 1.854341799999999900e+01
3.655596185746348000e-02 9.610285937500000800e+01 2.651334700000000000e+01 1.977370468750000000e+02 7.964528999999999700e+00 -1.016341875000000000e+02 1.854881800000000100e+01
3.687532802572226300e-02 9.610084374999999600e+01 2.653325300000000200e+01 1.978081562500000000e+02 7.970551000000000400e+00 -1.017073125000000000e+02 1.856270200000000200e+01
3.759390130676422400e-02 9.611106250000001700e+01 2.657662750000000100e+01 1.979642031250000100e+02 7.972329499999999800e+00 -1.018531406249999900e+02 1.860429800000000000e+01
3.799809907612047800e-02 9.610229687499999300e+01 2.660005649999999700e+01 1.980152812499999900e+02 7.973060499999999900e+00 -1.019129843749999900e+02 1.862699599999999800e+01
3.839597964944098400e-02 9.610210937499999800e+01 2.662224349999999600e+01 1.980744687499999900e+02 7.972575499999999600e+00 -1.019723593750000000e+02 1.864966799999999800e+01
3.846631970321922500e-02 9.610228125000000400e+01 2.662611249999999800e+01 1.980838593750000000e+02 7.972392499999999800e+00 -1.019815781250000000e+02 1.865372000000000000e+01
3.850588643162471800e-02 9.610232031249999800e+01 2.662825900000000000e+01 1.980885468749999900e+02 7.972251000000000000e+00 -1.019862265624999900e+02 1.865600800000000000e+01
3.852814122250205300e-02 9.610236718750000800e+01 2.662944650000000000e+01 1.980907187500000100e+02 7.972150499999999700e+00 -1.019883515625000000e+02 1.865729599999999900e+01
3.855090272755251600e-02 9.610260937500000000e+01 2.663062850000000000e+01 1.980913750000000000e+02 7.972042499999999700e+00 -1.019887656250000000e+02 1.865858600000000000e+01
3.855794414243004400e-02 9.610327343749999300e+01 2.663100550000000100e+01 1.980911874999999900e+02 7.972017499999999800e+00 -1.019879140625000000e+02 1.865898800000000100e+01
3.856190702968970200e-02 9.610463281250000000e+01 2.663124449999999800e+01 1.980912187500000000e+02 7.972016499999999600e+00 -1.019865859375000000e+02 1.865922799999999900e+01
3.856413465992250500e-02 9.610612499999999200e+01 2.663140649999999700e+01 1.980913593750000000e+02 7.972026500000000100e+00 -1.019852343750000000e+02 1.865937999999999900e+01
3.856538710438816400e-02 9.610742968750000200e+01 2.663151300000000200e+01 1.980915156250000000e+02 7.972037000000000300e+00 -1.019840859375000000e+02 1.865947600000000200e+01
3.856666823078815100e-02 9.610959374999998800e+01 2.663164400000000100e+01 1.980917343749999900e+02 7.972054000000000000e+00 -1.019821406250000000e+02 1.865959000000000100e+01
3.856739005946873500e-02 9.611134374999998900e+01 2.663173200000000000e+01 1.980918906249999900e+02 7.972065999999999900e+00 -1.019805468750000000e+02 1.865966600000000100e+01
3.856901297891946600e-02 9.615771093749998500e+01 2.663032200000000000e+01 1.980931406249999900e+02 7.972103999999999900e+00 -1.019354296875000000e+02 1.865821800000000200e+01
3.857266275506270000e-02 9.651883593750000000e+01 2.661090000000000100e+01 1.981558593750000100e+02 7.968826000000000000e+00 -1.016370234375000100e+02 1.864207400000000100e+01
3.858087534892529200e-02 9.630055468749998200e+01 2.660295650000000100e+01 1.980793281249999900e+02 7.963294499999999900e+00 -1.017787734375000100e+02 1.863966200000000100e+01
3.859935368511610600e-02 9.601910156250001200e+01 2.661197299999999900e+01 1.979820312500000100e+02 7.963372999999999800e+00 -1.019629296874999900e+02 1.864859999999999800e+01
3.864093053908575200e-02 9.600521875000001200e+01 2.659278249999999800e+01 1.979030781250000100e+02 7.954432500000000200e+00 -1.018978593750000000e+02 1.863834999999999900e+01
3.873447905805773400e-02 9.610329687499999800e+01 2.661459400000000000e+01 1.979655468750000000e+02 7.962781999999999800e+00 -1.018622500000000000e+02 1.865181200000000000e+01
3.894496382328501600e-02 9.610309375000001400e+01 2.663355349999999800e+01 1.979448125000000100e+02 7.964875499999999800e+00 -1.018417187500000000e+02 1.866867800000000000e+01
3.941855275242549900e-02 9.610253125000001300e+01 2.666087750000000200e+01 1.979321093750000100e+02 7.960771499999999900e+00 -1.018295781250000000e+02 1.870010600000000200e+01
3.968494577814164100e-02 9.610239843750000000e+01 2.667630300000000100e+01 1.979422656250000000e+02 7.959000999999999800e+00 -1.018398671875000000e+02 1.871730200000000000e+01
4.028433128108356600e-02 9.610231249999999600e+01 2.670968800000000000e+01 1.979578437499999900e+02 7.954962000000000100e+00 -1.018555312500000000e+02 1.875472600000000200e+01
4.062148263878690600e-02 9.610226562499998700e+01 2.672761849999999800e+01 1.979625468749999900e+02 7.952212499999999900e+00 -1.018602812500000000e+02 1.877540600000000000e+01
4.087435213246739400e-02 9.610158593750000500e+01 2.673815199999999900e+01 1.979344218750000000e+02 7.948610000000000400e+00 -1.018328359374999900e+02 1.878954200000000100e+01
4.106400186256657000e-02 9.610519531250000100e+01 2.674810399999999800e+01 1.980065781250000000e+02 7.943982000000000100e+00 -1.019013828125000000e+02 1.880412200000000000e+01
4.149071256020911400e-02 9.610204687499999900e+01 2.677334249999999800e+01 1.980182656250000000e+02 7.943030499999999900e+00 -1.019162187500000000e+02 1.883031199999999900e+01
4.245081162990484200e-02 9.610230468750000900e+01 2.682486050000000000e+01 1.980451250000000100e+02 7.935284499999999900e+00 -1.019428203125000000e+02 1.888957600000000200e+01
4.299086855168927900e-02 9.610290625000000400e+01 2.685332449999999900e+01 1.980839687500000000e+02 7.929830499999999600e+00 -1.019810624999999900e+02 1.892349400000000200e+01
4.306681353346745300e-02 9.610284374999999100e+01 2.685734899999999900e+01 1.980950781249999900e+02 7.928842999999999600e+00 -1.019922343750000000e+02 1.892850599999999900e+01
4.310953049432663500e-02 9.610393750000000100e+01 2.685960149999999700e+01 1.981062968750000000e+02 7.928109499999999700e+00 -1.020023593750000000e+02 1.893149199999999900e+01
4.315158299037388100e-02 9.611222656249999800e+01 2.686108249999999800e+01 1.981506562500000000e+02 7.925390499999999800e+00 -1.020384296875000000e+02 1.893569200000000000e+01
4.316509696176475800e-02 9.613925781250000600e+01 2.686018099999999700e+01 1.982031406250000000e+02 7.922540999999999800e+00 -1.020638828125000000e+02 1.893763999999999800e+01
4.318182809012276200e-02 9.610687500000000200e+01 2.686155300000000100e+01 1.981962656250000000e+02 7.921667000000000200e+00 -1.020893906249999900e+02 1.893988600000000100e+01
4.319123576458235000e-02 9.609975781249998800e+01 2.686195150000000000e+01 1.982001562499999900e+02 7.920965500000000300e+00 -1.021003984375000000e+02 1.894098599999999900e+01
4.319652758146587400e-02 9.609845312499999200e+01 2.686201099999999900e+01 1.982059999999999900e+02 7.920403000000000300e+00 -1.021075468750000000e+02 1.894160799999999900e+01
4.320193890640908900e-02 9.610627343750000800e+01 2.686171750000000100e+01 1.982231093750000100e+02 7.919385499999999700e+00 -1.021168359375000000e+02 1.894233200000000000e+01
4.321411916785371900e-02 9.610839843750001400e+01 2.686108449999999700e+01 1.982647031250000100e+02 7.916324500000000000e+00 -1.021563046875000000e+02 1.894475999999999900e+01
4.324151997578173200e-02 9.606967187499999700e+01 2.686456150000000100e+01 1.982410625000000000e+02 7.916839500000000000e+00 -1.021713906250000000e+02 1.894772199999999900e+01
4.330317657394217700e-02 9.609984374999999100e+01 2.687000750000000000e+01 1.982597500000000000e+02 7.918037499999999600e+00 -1.021599062500000100e+02 1.895196999999999900e+01
4.337947529957706500e-02 9.610478906250000400e+01 2.687411050000000000e+01 1.982678593750000000e+02 7.918650500000000000e+00 -1.021630703125000000e+02 1.895545999999999900e+01
4.345750450191641200e-02 9.610201562500000700e+01 2.687813400000000300e+01 1.982719218750000000e+02 7.918917999999999700e+00 -1.021699062500000000e+02 1.895921600000000100e+01
4.363307618258292100e-02 9.610228125000000400e+01 2.688835149999999900e+01 1.982879843750000100e+02 7.919015500000000400e+00 -1.021857031250000000e+02 1.896933599999999800e+01
4.402811246408256500e-02 9.610232812500000000e+01 2.690948350000000000e+01 1.983306250000000000e+02 7.916817499999999600e+00 -1.022282968750000000e+02 1.899266600000000000e+01
4.451697213309151200e-02 9.610230468749999500e+01 2.693546250000000000e+01 1.983727187499999900e+02 7.913714500000000200e+00 -1.022704140625000000e+02 1.902174799999999900e+01
4.464196322257058000e-02 9.610277343750000500e+01 2.694186900000000100e+01 1.983755625000000000e+02 7.912827000000000100e+00 -1.022727890625000000e+02 1.902904200000000000e+01
4.492319436897908300e-02 9.610245312499999700e+01 2.695665150000000000e+01 1.983994062500000000e+02 7.910439499999999800e+00 -1.022969531250000000e+02 1.904621200000000100e+01
4.496274197609501800e-02 9.610142968749998700e+01 2.695882749999999800e+01 1.984007499999999900e+02 7.910215499999999600e+00 -1.022993203125000000e+02 1.904861199999999900e+01
4.501168291670337700e-02 9.610319531250000600e+01 2.696141050000000000e+01 1.984033437500000000e+02 7.909912499999999900e+00 -1.023001484375000000e+02 1.905149799999999900e+01
4.506173767242813800e-02 9.607309374999999800e+01 2.695067950000000000e+01 1.983748750000000000e+02 7.904487500000000100e+00 -1.023017812500000000e+02 1.904619200000000100e+01
4.517435728756706600e-02 9.610317968750000300e+01 2.696310750000000000e+01 1.983770000000000100e+02 7.908275500000000200e+00 -1.022738203125000100e+02 1.905483200000000100e+01
4.542774783638784500e-02 9.610194531249999300e+01 2.697955999999999900e+01 1.984077499999999900e+02 7.906480000000000200e+00 -1.023058046875000000e+02 1.907308000000000100e+01
4.599788732695997400e-02 9.610269531249998900e+01 2.701126900000000200e+01 1.984232343749999900e+02 7.904124999999999600e+00 -1.023205390625000000e+02 1.910714400000000200e+01
4.728069640042488500e-02 9.610230468750000900e+01 2.708019050000000000e+01 1.985000625000000100e+02 7.900270500000000400e+00 -1.023977578125000000e+02 1.917991999999999900e+01
4.800227650424890300e-02 9.610239062499998400e+01 2.711822550000000100e+01 1.985465312499999900e+02 7.898293500000000300e+00 -1.024441406250000000e+02 1.921993200000000000e+01
4.810374840757900700e-02 9.610256250000000500e+01 2.712359550000000000e+01 1.985549843750000000e+02 7.897911500000000200e+00 -1.024524218750000000e+02 1.922568400000000100e+01
4.833206138515232900e-02 9.610271093749999200e+01 2.713575699999999800e+01 1.986001249999999900e+02 7.895919000000000100e+00 -1.024974140625000000e+02 1.923983799999999900e+01
4.884576438961172500e-02 9.610179687499999100e+01 2.716313699999999900e+01 1.986733593749999900e+02 7.893321000000000300e+00 -1.025715625000000000e+02 1.926981599999999900e+01
5.000159375948416000e-02 9.610244531249999500e+01 2.722258699999999700e+01 1.987251093749999900e+02 7.889545000000000000e+00 -1.026226640624999900e+02 1.933304199999999900e+01
5.260221342693892400e-02 9.610239062499998400e+01 2.735795350000000100e+01 1.988286249999999900e+02 7.878615500000000400e+00 -1.027262343750000000e+02 1.947933799999999800e+01
5.338240028323983100e-02 9.610233593750000100e+01 2.739826149999999700e+01 1.988387187500000000e+02 7.878089499999999700e+00 -1.027363828125000000e+02 1.952017199999999900e+01
5.418696678371955100e-02 9.610227343749998900e+01 2.743961449999999800e+01 1.988618437499999900e+02 7.877558500000000100e+00 -1.027595703125000000e+02 1.956205599999999800e+01
5.463953424515879300e-02 9.610228125000000400e+01 2.746290300000000100e+01 1.988692968750000000e+02 7.877073000000000200e+00 -1.027670156250000000e+02 1.958583000000000100e+01
5.489410553360941200e-02 9.610220312500001700e+01 2.747583050000000100e+01 1.988655781250000100e+02 7.876682500000000300e+00 -1.027633750000000000e+02 1.959914800000000000e+01
5.495919440324444100e-02 9.610233593749998700e+01 2.747906600000000000e+01 1.988625312499999900e+02 7.876528000000000400e+00 -1.027601953125000000e+02 1.960253799999999900e+01
5.503974283548225500e-02 9.610378906249998500e+01 2.748277999999999800e+01 1.988526093749999900e+02 7.876150000000000000e+00 -1.027488203125000000e+02 1.960662999999999900e+01
5.505106741921943900e-02 9.610539062499999800e+01 2.748327700000000100e+01 1.988507031250000000e+02 7.876093000000000000e+00 -1.027453125000000000e+02 1.960718400000000000e+01
5.506265492068794500e-02 9.611141406250000300e+01 2.748370199999999700e+01 1.988483750000000000e+02 7.876021999999999900e+00 -1.027369609375000000e+02 1.960767999999999800e+01
5.508871723834733000e-02 9.609966406249998300e+01 2.748434100000000100e+01 1.988382499999999900e+02 7.875695000000000300e+00 -1.027385859375000100e+02 1.960864600000000000e+01
5.514736701372571800e-02 9.609905468750000100e+01 2.748733400000000100e+01 1.988345156249999900e+02 7.875502000000000000e+00 -1.027354609374999900e+02 1.961183200000000000e+01
5.527931825260171800e-02 9.610278124999999200e+01 2.749420300000000200e+01 1.988298749999999900e+02 7.875153000000000100e+00 -1.027270937499999900e+02 1.961905000000000100e+01
5.557621451547569600e-02 9.610232812500000000e+01 2.750955399999999800e+01 1.988261562500000000e+02 7.874792000000000200e+00 -1.027238281250000000e+02 1.963476199999999800e+01
5.624423110694216200e-02 9.610232031249999800e+01 2.754389099999999900e+01 1.988279687500000000e+02 7.874884999999999900e+00 -1.027256484375000000e+02 1.966900600000000000e+01
5.774726963282229100e-02 9.610230468750000900e+01 2.762022900000000200e+01 1.988369375000000000e+02 7.875899000000000400e+00 -1.027346328125000000e+02 1.974433000000000100e+01
5.960727873302641000e-02 9.610233593750000100e+01 2.771400700000000200e+01 1.988734374999999900e+02 7.878993000000000400e+00 -1.027711015624999900e+02 1.983501400000000100e+01
5.967266876297187800e-02 9.610210156250001000e+01 2.771726250000000000e+01 1.988750312500000100e+02 7.879132499999999900e+00 -1.027729296875000000e+02 1.983813000000000000e+01
5.973954547318001400e-02 9.610273437499999700e+01 2.772052800000000200e+01 1.988755625000000000e+02 7.879247999999999600e+00 -1.027728281250000000e+02 1.984128000000000100e+01
5.974894836731722100e-02 9.610306249999999300e+01 2.772099000000000000e+01 1.988754999999999900e+02 7.879266000000000300e+00 -1.027724375000000000e+02 1.984172399999999900e+01
5.976058845233200200e-02 9.610562499999998900e+01 2.772152150000000100e+01 1.988759374999999900e+02 7.879323499999999900e+00 -1.027703125000000000e+02 1.984219800000000000e+01
5.977249145507812500e-02 9.615085937499999600e+01 2.772028800000000000e+01 1.988980156250000000e+02 7.878884000000000200e+00 -1.027471562500000000e+02 1.984140400000000100e+01
5.978721962835555100e-02 9.615390624999999100e+01 2.771715150000000000e+01 1.988988124999999900e+02 7.877453499999999700e+00 -1.027449062500000000e+02 1.983969799999999900e+01
5.980228720452253300e-02 9.609489062500000500e+01 2.771732550000000100e+01 1.988635625000000000e+02 7.877169499999999900e+00 -1.027686718750000000e+02 1.984015600000000000e+01
5.980694801885082900e-02 9.609429687500001200e+01 2.771686050000000300e+01 1.988637343750000100e+02 7.876890500000000000e+00 -1.027694375000000000e+02 1.983997000000000100e+01
5.981171400027167400e-02 9.617308593749999100e+01 2.771089400000000000e+01 1.988959062500000000e+02 7.874953999999999800e+00 -1.027228203125000100e+02 1.983594000000000100e+01
5.982243626338795700e-02 9.617143750000001000e+01 2.770318149999999900e+01 1.988972500000000100e+02 7.871523500000000300e+00 -1.027258125000000000e+02 1.983165800000000100e+01
5.984656733080259000e-02 9.601592187500000400e+01 2.771072699999999900e+01 1.988252031250000000e+02 7.873433000000000300e+00 -1.028092812500000000e+02 1.983729400000000000e+01
5.990085745216311400e-02 9.608812500000000500e+01 2.771862550000000200e+01 1.988402968750000100e+02 7.877581499999999800e+00 -1.027521718750000000e+02 1.984104400000000000e+01
6.002301859078849200e-02 9.610788281250000900e+01 2.772756950000000100e+01 1.988617656250000000e+02 7.879873500000000400e+00 -1.027538828125000000e+02 1.984769599999999900e+01
6.029787756745379200e-02 9.610217968749998400e+01 2.774397400000000100e+01 1.988779999999999900e+02 7.881135999999999700e+00 -1.027758203125000000e+02 1.986283800000000000e+01
6.091630787478950800e-02 9.610234375000000300e+01 2.777610449999999900e+01 1.988963281250000000e+02 7.882372499999999800e+00 -1.027939843749999900e+02 1.989373200000000000e+01
6.230777367613369400e-02 9.610229687499999300e+01 2.784601400000000000e+01 1.989235468750000000e+02 7.884310000000000200e+00 -1.028212500000000100e+02 1.996170400000000100e+01
6.402971272480517700e-02 9.610224218749999600e+01 2.793136599999999700e+01 1.990000937499999900e+02 7.887302000000000000e+00 -1.028978515624999900e+02 2.004406399999999900e+01
6.543856933899690200e-02 9.610269531249998900e+01 2.800034850000000100e+01 1.991090624999999900e+02 7.888756500000000400e+00 -1.030063671875000000e+02 2.011159200000000200e+01
6.719964488705895700e-02 9.610232031250001200e+01 2.808443249999999800e+01 1.992200468750000100e+02 7.893076500000000300e+00 -1.031177265625000000e+02 2.019135599999999900e+01
6.819025197423489400e-02 9.610282031249998600e+01 2.813112550000000300e+01 1.992971093749999900e+02 7.895387500000000000e+00 -1.031942890625000000e+02 2.023573800000000100e+01
6.845492886421375400e-02 9.610215625000000700e+01 2.814354299999999800e+01 1.993180937500000000e+02 7.896004999999999700e+00 -1.032159375000000000e+02 2.024753799999999900e+01
6.849410360618342400e-02 9.610244531249999500e+01 2.814538300000000200e+01 1.993215625000000000e+02 7.896100999999999800e+00 -1.032191171875000000e+02 2.024928200000000100e+01
6.856462770237359300e-02 9.610241406250000300e+01 2.814855950000000100e+01 1.993317343750000000e+02 7.896447499999999800e+00 -1.032293203124999900e+02 2.025211200000000000e+01
6.865278162753074600e-02 9.610235937500000600e+01 2.815253700000000200e+01 1.993390312500000100e+02 7.896614999999999700e+00 -1.032366718750000000e+02 2.025592200000000200e+01
6.885112676405369400e-02 9.610235156250000400e+01 2.816201850000000200e+01 1.993562968750000000e+02 7.897024499999999700e+00 -1.032539453124999900e+02 2.026499400000000200e+01
6.929740332123031400e-02 9.610372656250000000e+01 2.818291700000000000e+01 1.994044687500000100e+02 7.897177000000000100e+00 -1.033007421875000100e+02 2.028574000000000100e+01
6.977428828265731800e-02 9.610208593749999300e+01 2.820473350000000000e+01 1.994369062499999900e+02 7.898913499999999900e+00 -1.033348203125000000e+02 2.030582000000000100e+01
6.991535559632725000e-02 9.610230468749999500e+01 2.821109249999999900e+01 1.994465468750000000e+02 7.899364499999999900e+00 -1.033442421875000000e+02 2.031172799999999900e+01
6.996825942419525300e-02 9.610249999999999200e+01 2.821344699999999900e+01 1.994501562499999900e+02 7.899530999999999600e+00 -1.033476562500000000e+02 2.031391599999999900e+01
7.000000076485157800e-02 9.610434374999999800e+01 2.821520350000000100e+01 1.994553437500000000e+02 7.899855500000000100e+00 -1.033510000000000000e+02 2.031534800000000000e+01
