0.000000000000000000e+00 0.000000000000000000e+00 0.000000000000000000e+00 0.000000000000000000e+00 0.000000000000000000e+00 0.000000000000000000e+00 0.000000000000000000e+00
-1.028563096992802900e-08 2.618799296875000100e+02 -3.526962280273455900e-06 1.797886718750000100e+02 -2.431817932128906400e-04 8.209125781250000400e+01 2.396548309326171800e-04
1.399989960927424800e-03 2.618797265625000300e+02 1.892816600000000100e+01 1.800491562500000100e+02 9.729642000000000100e+00 8.183057031250000100e+01 9.198524000000000800e+00
1.441005537467479600e-03 2.618853437500000000e+02 1.947421899999999800e+01 1.801094062500000100e+02 9.999513000000000300e+00 8.177593749999999800e+01 9.474705999999999400e+00
1.491762433588169300e-03 2.618828359374999800e+02 2.014939799999999800e+01 1.802032343749999900e+02 1.032810900000000000e+01 8.167960156249999700e+01 9.821289000000000200e+00
1.520313085639892000e-03 2.618835468749999800e+02 2.052707799999999900e+01 1.802707031250000100e+02 1.050918199999999900e+01 8.161284374999999600e+01 1.001789600000000000e+01
1.549512741864226400e-03 2.618809609374999900e+02 2.091383600000000000e+01 1.803426875000000100e+02 1.069371600000000000e+01 8.153827343749999600e+01 1.022012000000000000e+01
1.565937435139119700e-03 2.618817734374999900e+02 2.113090600000000000e+01 1.803878281250000000e+02 1.079669799999999900e+01 8.149394531250000300e+01 1.033420800000000000e+01
1.602893221710219000e-03 2.618820937499999700e+02 2.161733199999999800e+01 1.805009218749999900e+02 1.102508899999999900e+01 8.138117187500000700e+01 1.059224300000000000e+01
1.623680942337498100e-03 2.618824531249999800e+02 2.189013100000000000e+01 1.805695312500000100e+02 1.115235300000000000e+01 8.131292187500000100e+01 1.073777800000000000e+01
1.648626025728161600e-03 2.618836640624999700e+02 2.221577200000000100e+01 1.806581406249999900e+02 1.130291600000000000e+01 8.122552343750000100e+01 1.091285600000000000e+01
1.657980500010437200e-03 2.618842968750000200e+02 2.233741599999999700e+01 1.806939375000000000e+02 1.135871100000000000e+01 8.119035937500000000e+01 1.097870500000000000e+01
1.669673456841728300e-03 2.618921249999999600e+02 2.248691200000000000e+01 1.807505468750000000e+02 1.142554600000000100e+01 8.114157812499999500e+01 1.106136600000000000e+01
1.695982745733686100e-03 2.618952031250000200e+02 2.282161200000000200e+01 1.808849218750000000e+02 1.157230300000000000e+01 8.101028125000000600e+01 1.124930900000000000e+01
1.728540502072613900e-03 2.618877187499999800e+02 2.323320600000000300e+01 1.810700312500000000e+02 1.174773700000000100e+01 8.081768750000000500e+01 1.148546900000000000e+01
1.761838215662975100e-03 2.618803984374999900e+02 2.365531899999999900e+01 1.812740781249999900e+02 1.192512700000000000e+01 8.060632031250000300e+01 1.173019200000000100e+01
1.836758161922323000e-03 2.618971093750000100e+02 2.457508599999999900e+01 1.819370312499999900e+02 1.227528700000000100e+01 7.996007812499999500e+01 1.229979900000000000e+01
1.878900541012170600e-03 2.619077343750000200e+02 2.506299599999999800e+01 1.825018125000000000e+02 1.242258400000000100e+01 7.940592187500000400e+01 1.264041200000000000e+01
1.902605651920468900e-03 2.620065156250000200e+02 2.528678200000000200e+01 1.831144062500000000e+02 1.243680700000000000e+01 7.889210937500000400e+01 1.284997500000000100e+01
1.955942242145175400e-03 2.618227421875000100e+02 2.584806300000000000e+01 1.846173125000000000e+02 1.245315100000000000e+01 7.720542968750000100e+01 1.339491200000000000e+01
2.075949524810247900e-03 2.618895781250000100e+02 2.715160699999999800e+01 1.880087968750000000e+02 1.260968400000000000e+01 7.388078124999999800e+01 1.454192300000000100e+01
2.224458401086721000e-03 2.618627343750000000e+02 2.877703000000000000e+01 1.914735312500000100e+02 1.294143000000000000e+01 7.038920312499999500e+01 1.583559999999999900e+01
2.376342425512502400e-03 2.618923281250000100e+02 3.039327900000000000e+01 1.952009531250000100e+02 1.326075299999999900e+01 6.669137499999999400e+01 1.713252599999999900e+01
2.521581525003168300e-03 2.618610234374999700e+02 3.195786400000000100e+01 1.985342499999999900e+02 1.359974000000000100e+01 6.332677343750000200e+01 1.835812400000000000e+01
2.538668552562923400e-03 2.618661914062499800e+02 3.214349900000000600e+01 1.989082343750000100e+02 1.364348700000000000e+01 6.295795703124999700e+01 1.850001200000000200e+01
2.560027200991063100e-03 2.618767109374999800e+02 3.237170400000000100e+01 1.993749843750000000e+02 1.369629400000000000e+01 6.250172656249999600e+01 1.867540999999999900e+01
2.608084341316449600e-03 2.618888867187499700e+02 3.287519299999999600e+01 2.004808281249999900e+02 1.380485900000000000e+01 6.140805859374999900e+01 1.907033399999999900e+01
2.635116358063055200e-03 2.618788828125000200e+02 3.315929200000000100e+01 2.010975781250000100e+02 1.386698799999999900e+01 6.078130468749999700e+01 1.929230400000000100e+01
2.668568592138274700e-03 2.618943515624999900e+02 3.350576300000000200e+01 2.019202343750000100e+02 1.393853900000000000e+01 5.997411718749999900e+01 1.956722400000000000e+01
2.683536585255443800e-03 2.618991718749999800e+02 3.365974400000000300e+01 2.023166562499999900e+02 1.396944399999999900e+01 5.958251562499999900e+01 1.969030000000000100e+01
2.688347758286332800e-03 2.619006914062500200e+02 3.371078899999999800e+01 2.024547031250000100e+02 1.398061100000000000e+01 5.944598828125000300e+01 1.973017799999999900e+01
2.691054043116207200e-03 2.619240624999999900e+02 3.374129100000000400e+01 2.025728750000000100e+02 1.398789300000000000e+01 5.935118750000000200e+01 1.975339800000000100e+01
2.692576214981717700e-03 2.620244335937500200e+02 3.375730699999999700e+01 2.027463437499999900e+02 1.398990300000000000e+01 5.927808984375000300e+01 1.976740399999999900e+01
2.696001419062739800e-03 2.632006445312500200e+02 3.376719500000000100e+01 2.044262343750000100e+02 1.395477700000000000e+01 5.877441015624999900e+01 1.981241800000000100e+01
2.703707856201933600e-03 2.638361718749999900e+02 3.364590300000000400e+01 2.065192812500000100e+02 1.376810700000000100e+01 5.731689062499999900e+01 1.987779600000000000e+01
2.721047521127189900e-03 2.616797773437500000e+02 3.368960800000000000e+01 2.054872499999999900e+02 1.372478000000000100e+01 5.619252734375000100e+01 1.996482800000000100e+01
2.760061767209017100e-03 2.613027070312500100e+02 3.419471099999999800e+01 2.063183124999999900e+02 1.389832099999999900e+01 5.498439453124999700e+01 2.029638999999999900e+01
2.847843730212092300e-03 2.619295898437500200e+02 3.515323800000000200e+01 2.081992656250000100e+02 1.422430999999999900e+01 5.373032421874999900e+01 2.092892799999999900e+01
3.045352829585386400e-03 2.618890351562499700e+02 3.710761600000000000e+01 2.126895937500000000e+02 1.472053000000000000e+01 4.919944140625000300e+01 2.238708600000000000e+01
3.489749028623584700e-03 2.618811953124999800e+02 4.143723000000000000e+01 2.240824687500000000e+02 1.559167600000000000e+01 3.779872656250000100e+01 2.584555400000000000e+01
4.489639841692281100e-03 2.618815019531250000e+02 5.071671800000000000e+01 2.480159999999999900e+02 1.753204399999999900e+01 1.386550195312499900e+01 3.318467400000000100e+01
5.052078446713680600e-03 2.618801472167969000e+02 5.570423400000000000e+01 2.610520312500000300e+02 1.853558200000000200e+01 8.281159667968750500e-01 3.716865200000000200e+01
5.748096383653527600e-03 2.618827412109375200e+02 6.171743400000000400e+01 2.766546562500000200e+02 1.974079400000000100e+01 -1.477191503906250100e+01 4.197664000000000300e+01
6.459932720463478600e-03 2.618799238281249600e+02 6.778410999999999800e+01 2.923701249999999700e+02 2.091232600000000000e+01 -3.049020117187500000e+01 4.687178399999999800e+01
7.340830790294680800e-03 2.618795781249999700e+02 7.519483800000000400e+01 3.112864999999999900e+02 2.232682600000000100e+01 -4.940692187500000200e+01 5.286801200000000000e+01
8.241748331018584200e-03 2.618802343749999900e+02 8.266191399999999600e+01 3.298789687500000100e+02 2.369153800000000100e+01 -6.799873437499999800e+01 5.897037600000000200e+01
8.748514583697334200e-03 2.618789921874999900e+02 8.684796799999999500e+01 3.405278749999999900e+02 2.446195200000000000e+01 -7.864888281250000500e+01 6.238601599999999800e+01
9.375638510563158100e-03 2.618831484374999800e+02 9.178029599999999300e+01 3.534118125000000000e+02 2.542393200000000100e+01 -9.152866406249999900e+01 6.635636399999999900e+01
9.728394993976898600e-03 2.618791562499999900e+02 9.431713999999999500e+01 3.607412812499999900e+02 2.598467600000000000e+01 -9.886212500000000600e+01 6.833246400000000200e+01
9.926821059983343500e-03 2.618802109375000100e+02 9.563367000000000900e+01 3.649847187500000100e+02 2.631389400000000100e+01 -1.031045078125000000e+02 6.931977600000000500e+01
1.012975651253381400e-02 2.618795234375000400e+02 9.692604800000000900e+01 3.694764062500000300e+02 2.666072799999999900e+01 -1.075968828125000000e+02 7.026532000000000300e+01
1.015829419719743200e-02 2.618838203125000100e+02 9.710139800000000300e+01 3.701031874999999900e+02 2.670871800000000100e+01 -1.082193671875000000e+02 7.039267999999999900e+01
1.017434691686382200e-02 2.618893437499999700e+02 9.719849399999999700e+01 3.704494062499999800e+02 2.673527000000000000e+01 -1.085600625000000000e+02 7.046322399999999700e+01
1.018337584622788100e-02 2.619196093749999900e+02 9.725152199999999400e+01 3.706551875000000100e+02 2.675094599999999900e+01 -1.087355781250000000e+02 7.050057599999999500e+01
1.018845543512448600e-02 2.619927031249999900e+02 9.728012200000000600e+01 3.708180937500000000e+02 2.676176200000000100e+01 -1.088253906250000000e+02 7.051836000000000100e+01
1.019131225047364600e-02 2.621626171874999600e+02 9.729140799999999000e+01 3.710634999999999800e+02 2.676540800000000100e+01 -1.089008828125000000e+02 7.052599999999999600e+01
1.019774044773340400e-02 2.631660781250000100e+02 9.726515800000000000e+01 3.724385624999999900e+02 2.674155800000000100e+01 -1.092724843750000000e+02 7.052360000000000200e+01
1.021220443565406900e-02 2.620332656250000100e+02 9.727042599999998600e+01 3.719215312499999900e+02 2.672074599999999800e+01 -1.098882656250000000e+02 7.054967999999999500e+01
1.024474732030314000e-02 2.614006328124999600e+02 9.752496600000000600e+01 3.720375312499999700e+02 2.684027000000000000e+01 -1.106368984374999900e+02 7.068469600000000200e+01
1.031796899212562000e-02 2.619169687500000200e+02 9.800558800000000300e+01 3.739458124999999900e+02 2.699206800000000000e+01 -1.120288437499999900e+02 7.101352000000000000e+01
1.040858111025335700e-02 2.618992265624999600e+02 9.853555799999999500e+01 3.759564374999999900e+02 2.714412600000000000e+01 -1.140572109375000000e+02 7.139143199999999500e+01
1.045955038135969000e-02 2.618849140625000000e+02 9.881963000000000400e+01 3.770551562499999800e+02 2.722869400000000100e+01 -1.151702421874999900e+02 7.159093599999999900e+01
1.048822009761130700e-02 2.618828281249999500e+02 9.897939399999999900e+01 3.776737187499999800e+02 2.727704999999999900e+01 -1.157908906250000000e+02 7.170234399999999700e+01
1.050434753845112600e-02 2.618817500000000100e+02 9.906925400000000100e+01 3.780210312500000200e+02 2.730446999999999800e+01 -1.161392812500000000e+02 7.176478400000000600e+01
1.052084060522694800e-02 2.618811796874999800e+02 9.916016799999999900e+01 3.783658437500000100e+02 2.733248800000000100e+01 -1.164846640625000000e+02 7.182768000000000100e+01
1.053011836335300900e-02 2.618815234375000500e+02 9.920792400000000600e+01 3.785385937500000200e+02 2.734654799999999900e+01 -1.166570703125000000e+02 7.186137600000000700e+01
1.053533723832047300e-02 2.619113125000000100e+02 9.922776000000000400e+01 3.786467187499999900e+02 2.734920800000000100e+01 -1.167354062500000000e+02 7.187855199999999900e+01
1.053827240208449400e-02 2.619599296874999900e+02 9.923298199999999300e+01 3.787291875000000200e+02 2.734595800000000000e+01 -1.167692578125000000e+02 7.188702399999999700e+01
1.053992424783107400e-02 2.620163124999999700e+02 9.923174799999999600e+01 3.787987812499999900e+02 2.734068400000000000e+01 -1.167824687500000100e+02 7.189106400000000000e+01
1.054196711020366000e-02 2.623865937499999700e+02 9.919774200000000500e+01 3.791289062500000000e+02 2.730774200000000100e+01 -1.167423125000000000e+02 7.189000000000000100e+01
1.054405712671481500e-02 2.640234921874999800e+02 9.903249200000000500e+01 3.805566250000000000e+02 2.716638800000000100e+01 -1.165331328125000000e+02 7.186610400000000700e+01
1.054523235293768100e-02 2.656436562500000500e+02 9.885904999999999600e+01 3.819771875000000100e+02 2.701790600000000000e+01 -1.163335312499999900e+02 7.184114400000000000e+01
1.054787733738741200e-02 2.703282890625000100e+02 9.825195599999999300e+01 3.865926250000000000e+02 2.645201200000000000e+01 -1.162643359374999900e+02 7.179994399999999600e+01
1.055105117363743300e-02 2.729926953125000200e+02 9.753553199999998900e+01 3.904940937499999900e+02 2.574967600000000100e+01 -1.175013984375000000e+02 7.178585599999999500e+01
1.055700275137347300e-02 2.644568593750000200e+02 9.732374200000001000e+01 3.856599687500000200e+02 2.548758200000000000e+01 -1.212031093750000000e+02 7.183616000000000700e+01
1.057039235038298800e-02 2.615007109375000000e+02 9.790819600000000400e+01 3.843277187499999700e+02 2.586427600000000000e+01 -1.228270078125000000e+02 7.204392000000000000e+01
1.060051949224061600e-02 2.594698437500000000e+02 9.845894400000000200e+01 3.843665937499999900e+02 2.612735199999999800e+01 -1.248967500000000000e+02 7.233159200000000100e+01
1.066830610550648600e-02 2.619038281250000200e+02 9.921291800000000200e+01 3.877309999999999900e+02 2.645803000000000100e+01 -1.258271718750000000e+02 7.275488799999999400e+01
1.082082580399263000e-02 2.618835781249999900e+02 9.987967199999999900e+01 3.901977812499999900e+02 2.669468000000000200e+01 -1.283142031250000100e+02 7.318499199999999400e+01
1.116399548831059300e-02 2.618812500000000200e+02 1.016361720000000000e+02 3.956893749999999800e+02 2.743788400000000000e+01 -1.338081249999999900e+02 7.419828800000000500e+01
1.158866783663251900e-02 2.618816718750000500e+02 1.035706800000000100e+02 4.022737812500000100e+02 2.832471200000000200e+01 -1.403921093749999900e+02 7.524596800000000500e+01
1.202299154894765100e-02 2.618787499999999700e+02 1.053612700000000000e+02 4.089253749999999700e+02 2.920323799999999900e+01 -1.470466250000000100e+02 7.615803200000000600e+01
1.300022044574291300e-02 2.618811718750000100e+02 1.086492299999999900e+02 4.236100312500000200e+02 3.085198200000000000e+01 -1.617288593750000100e+02 7.779724799999999600e+01
1.409960105033583100e-02 2.618810624999999800e+02 1.114977220000000000e+02 4.417641874999999900e+02 3.215268199999999900e+01 -1.798831250000000100e+02 7.934503999999999700e+01
1.440193162340924200e-02 2.618800468749999500e+02 1.121394480000000000e+02 4.462909374999999800e+02 3.245972799999999800e+01 -1.844108906250000100e+02 7.967972000000000300e+01
1.453720741614384300e-02 2.618921562499999700e+02 1.124155840000000000e+02 4.482568437499999700e+02 3.259293600000000200e+01 -1.863646875000000000e+02 7.982264800000000100e+01
1.455623012109196800e-02 2.618740625000000400e+02 1.124518899999999900e+02 4.485067812500000200e+02 3.260968199999999900e+01 -1.866327187500000100e+02 7.984220799999999900e+01
1.455959329934456000e-02 2.618780312499999900e+02 1.124586540000000000e+02 4.485566562500000000e+02 3.261299799999999700e+01 -1.866786250000000100e+02 7.984565600000000500e+01
1.456303337511544000e-02 2.618824999999999900e+02 1.124655920000000000e+02 4.486070937499999900e+02 3.261638399999999600e+01 -1.867245937500000000e+02 7.984920800000000400e+01
1.457077100653092000e-02 2.619552656250000400e+02 1.124838780000000000e+02 4.487491875000000100e+02 3.262605400000000300e+01 -1.867939218750000000e+02 7.985782399999999400e+01
1.458818321628474800e-02 2.619768281250000000e+02 1.125154180000000100e+02 4.489893437499999900e+02 3.264230599999999800e+01 -1.870125156249999900e+02 7.987311200000000600e+01
1.462736177640329100e-02 2.618117031250000100e+02 1.125844120000000100e+02 4.494353125000000100e+02 3.267313200000000300e+01 -1.876236093750000000e+02 7.991128000000000500e+01
1.471551099760101200e-02 2.618821093750000300e+02 1.127619840000000100e+02 4.507033749999999900e+02 3.275868799999999900e+01 -1.888212656250000000e+02 8.000329600000000600e+01
1.491384710802002600e-02 2.618804999999999800e+02 1.131399260000000000e+02 4.534034062499999900e+02 3.294112599999999700e+01 -1.915229062500000100e+02 8.019880000000000600e+01
1.536010226829037800e-02 2.618793437500000300e+02 1.139503560000000000e+02 4.592434375000000300e+02 3.332816400000000100e+01 -1.973640937499999900e+02 8.062219199999999800e+01
1.636417782979524700e-02 2.618796249999999800e+02 1.154877400000000000e+02 4.711971874999999800e+02 3.409241999999999700e+01 -2.093175625000000100e+02 8.139531999999999800e+01
1.667481333484356600e-02 2.618778125000000000e+02 1.158758320000000000e+02 4.745275624999999900e+02 3.430519999999999900e+01 -2.126497500000000100e+02 8.157063200000000300e+01
1.699250890260850500e-02 2.618796249999999800e+02 1.162502040000000000e+02 4.777789374999999800e+02 3.451122800000000300e+01 -2.158993125000000100e+02 8.173897599999999400e+01
1.709079698904743300e-02 2.618583750000000200e+02 1.163298600000000000e+02 4.786664999999999800e+02 3.456816400000000300e+01 -2.168081249999999900e+02 8.176169600000000100e+01
1.719131800530980500e-02 2.618759999999999800e+02 1.164578559999999900e+02 4.797119999999999900e+02 3.463495199999999800e+01 -2.178360000000000100e+02 8.182290399999999400e+01
1.741748956645186200e-02 2.618801250000000200e+02 1.167077800000000000e+02 4.819242187500000200e+02 3.477293199999999700e+01 -2.200440937500000000e+02 8.193484800000000200e+01
1.754471143231840800e-02 2.618794374999999900e+02 1.168419639999999900e+02 4.831129687499999900e+02 3.484722000000000000e+01 -2.212335312500000000e+02 8.199474399999999700e+01
1.758406990361180800e-02 2.618785937500000500e+02 1.168825200000000000e+02 4.834741875000000300e+02 3.486968000000000200e+01 -2.215955937500000100e+02 8.201283999999999700e+01
1.760621058529195400e-02 2.618787968750000300e+02 1.169048479999999900e+02 4.836749375000000000e+02 3.488209599999999700e+01 -2.217961406249999900e+02 8.202275199999999700e+01
1.761866363056460700e-02 2.618784375000000200e+02 1.169172040000000000e+02 4.837865625000000000e+02 3.488897999999999700e+01 -2.219081250000000100e+02 8.202822399999999400e+01
1.763139960066869400e-02 2.618742343750000100e+02 1.169288359999999900e+02 4.838936562499999900e+02 3.489548400000000300e+01 -2.220194218750000100e+02 8.203335199999999400e+01
1.763534023575671900e-02 2.618716875000000100e+02 1.169318959999999900e+02 4.839241562500000100e+02 3.489719999999999800e+01 -2.220524687500000000e+02 8.203469599999999700e+01
1.763937082643217400e-02 2.618871874999999800e+02 1.169316760000000000e+02 4.839693125000000000e+02 3.489633200000000100e+01 -2.220821249999999900e+02 8.203534399999999500e+01
1.764163712687676100e-02 2.619416093749999800e+02 1.169260120000000000e+02 4.840324062500000100e+02 3.489153199999999800e+01 -2.220907968750000000e+02 8.203448000000000200e+01
1.764673702832536600e-02 2.634126718750000000e+02 1.167144639999999900e+02 4.853493437500000000e+02 3.472044000000000400e+01 -2.219366718750000000e+02 8.199402399999999600e+01
1.765591830182942200e-02 2.623323906250000200e+02 1.167129080000000000e+02 4.847699062500000200e+02 3.470734000000000200e+01 -2.224375156250000000e+02 8.200556799999999700e+01
1.766739489370949800e-02 2.618272031249999800e+02 1.167790760000000000e+02 4.845170937500000200e+02 3.475521200000000000e+01 -2.226898906250000000e+02 8.202386400000000300e+01
1.769321504909481000e-02 2.614330468750000000e+02 1.168533640000000000e+02 4.844352500000000000e+02 3.480712400000000200e+01 -2.230022031249999900e+02 8.204623999999999700e+01
1.775131184960833400e-02 2.618097500000000100e+02 1.169778279999999900e+02 4.849419687500000000e+02 3.490232400000000000e+01 -2.231322187499999900e+02 8.207550399999999500e+01
1.778399039308683700e-02 2.620326406250000000e+02 1.170248680000000000e+02 4.852761249999999800e+02 3.493717999999999800e+01 -2.232434843750000100e+02 8.208768800000000000e+01
1.780237325264695500e-02 2.620408749999999700e+02 1.170506120000000000e+02 4.853913749999999800e+02 3.495693200000000200e+01 -2.233505000000000100e+02 8.209368000000000600e+01
1.781271234161502200e-02 2.620395156250000400e+02 1.170639160000000100e+02 4.854627187500000200e+02 3.496770000000000100e+01 -2.234232031249999900e+02 8.209621599999999800e+01
1.781852898596992000e-02 2.620715781249999700e+02 1.170695079999999800e+02 4.855395624999999900e+02 3.497311599999999700e+01 -2.234679843749999900e+02 8.209639199999999400e+01
1.783161462214771800e-02 2.622654999999999700e+02 1.170390039999999900e+02 4.858414687499999900e+02 3.496269999999999800e+01 -2.235759687499999900e+02 8.207630399999999300e+01
1.786105911716848500e-02 2.617034218750000000e+02 1.170691279999999900e+02 4.856383124999999800e+02 3.498488799999999800e+01 -2.239348906250000100e+02 8.208423999999999400e+01
1.792730995641348900e-02 2.618288125000000300e+02 1.171319399999999900e+02 4.862138125000000200e+02 3.502785999999999700e+01 -2.243849999999999900e+02 8.210407999999999600e+01
1.807637216836989500e-02 2.618915781250000200e+02 1.172932879999999900e+02 4.876275937500000200e+02 3.511395999999999900e+01 -2.257360156249999900e+02 8.217932799999999800e+01
1.812248891589305500e-02 2.618813437499999800e+02 1.173437840000000000e+02 4.880605312500000000e+02 3.514012799999999700e+01 -2.261791875000000100e+02 8.220365599999999500e+01
1.814842949569379200e-02 2.618782812499999900e+02 1.173704679999999900e+02 4.882961250000000200e+02 3.515405200000000000e+01 -2.264178437500000000e+02 8.221641599999999500e+01
1.816302116251274800e-02 2.618753437500000100e+02 1.173837120000000000e+02 4.884186250000000200e+02 3.516094400000000100e+01 -2.265432812500000100e+02 8.222276800000000200e+01
1.817794363374998500e-02 2.619062656250000000e+02 1.173847000000000100e+02 4.885596562499999900e+02 3.515826800000000000e+01 -2.266533906249999900e+02 8.222643200000000300e+01
1.821152173310278100e-02 2.619537187500000100e+02 1.172740440000000000e+02 4.890842187499999900e+02 3.506013200000000300e+01 -2.271305000000000100e+02 8.221391199999999300e+01
1.828706991757756200e-02 2.617578125000000000e+02 1.174299080000000100e+02 4.892520937499999700e+02 3.518202000000000100e+01 -2.274942812500000000e+02 8.224788800000000300e+01
1.845705260719753300e-02 2.618979062500000100e+02 1.176133240000000100e+02 4.905667187500000100e+02 3.530784400000000300e+01 -2.286688125000000000e+02 8.230548000000000300e+01
1.855266814215187100e-02 2.618799062499999800e+02 1.176944120000000000e+02 4.913399999999999700e+02 3.535387600000000000e+01 -2.294600937500000000e+02 8.234053600000000000e+01
1.876780418397156600e-02 2.618787499999999700e+02 1.178921839999999900e+02 4.931361249999999900e+02 3.546520799999999700e+01 -2.312573750000000000e+02 8.242697599999999600e+01
1.903403499945102700e-02 2.618787499999999700e+02 1.181334239999999900e+02 4.952999375000000000e+02 3.559549599999999700e+01 -2.334211875000000000e+02 8.253792799999999400e+01
1.912479438358076500e-02 2.618809687500000200e+02 1.182062880000000000e+02 4.959397812500000100e+02 3.563571999999999900e+01 -2.340588124999999900e+02 8.257056799999999400e+01
1.914181194946716300e-02 2.618869843750000000e+02 1.182152120000000100e+02 4.960366875000000300e+02 3.564069200000000100e+01 -2.341497031250000000e+02 8.257452000000000700e+01
1.915138496504551300e-02 2.619396250000000400e+02 1.182117720000000000e+02 4.961287500000000300e+02 3.563631600000000100e+01 -2.341891249999999900e+02 8.257545600000000300e+01
1.917292207375193700e-02 2.621212812499999800e+02 1.181379960000000000e+02 4.965125312499999900e+02 3.556760400000000300e+01 -2.343912500000000100e+02 8.257039199999999800e+01
1.922138347013454100e-02 2.616852187499999900e+02 1.182171280000000000e+02 4.964048437500000000e+02 3.562576000000000000e+01 -2.347196250000000100e+02 8.259136800000000300e+01
1.933041834747811100e-02 2.618988124999999600e+02 1.183424120000000000e+02 4.971441562499999800e+02 3.571153999999999900e+01 -2.352453437499999900e+02 8.263087199999999700e+01
1.939175064734594300e-02 2.618970468750000000e+02 1.183921880000000000e+02 4.975689062500000000e+02 3.573778000000000100e+01 -2.356718593750000000e+02 8.265440800000000400e+01
1.941072547270721000e-02 2.618903906250000100e+02 1.184035040000000000e+02 4.976739999999999800e+02 3.574293600000000000e+01 -2.357836093750000000e+02 8.266056799999999800e+01
1.943013121435019400e-02 2.619756875000000500e+02 1.183936160000000100e+02 4.978491562500000200e+02 3.572756799999999800e+01 -2.358734687500000000e+02 8.266604800000000400e+01
1.944104630925712300e-02 2.622736562499999900e+02 1.183477400000000000e+02 4.981921249999999800e+02 3.568015599999999700e+01 -2.359184687499999900e+02 8.266758400000000500e+01
1.944718650354744900e-02 2.631753437500000200e+02 1.182076199999999900e+02 4.989349374999999900e+02 3.555854000000000100e+01 -2.357595937499999900e+02 8.264907999999999800e+01
1.946100194070068300e-02 2.627015312500000200e+02 1.181070080000000100e+02 4.988756875000000300e+02 3.544190400000000100e+01 -2.361741562500000100e+02 8.266510399999999900e+01
1.949208739974374300e-02 2.615962500000000000e+02 1.181059960000000000e+02 4.985089375000000000e+02 3.539665200000000300e+01 -2.369126875000000000e+02 8.270934400000000200e+01
1.954803977512468300e-02 2.614898906250000400e+02 1.181450760000000000e+02 4.987573437500000200e+02 3.538653999999999700e+01 -2.372674531250000000e+02 8.275853600000000700e+01
1.961798024435085200e-02 2.619124843749999600e+02 1.182358440000000000e+02 4.992720312500000000e+02 3.542008400000000300e+01 -2.373595468750000100e+02 8.281575999999999700e+01
1.977534593738559900e-02 2.618689375000000200e+02 1.183332640000000000e+02 4.996036874999999800e+02 3.544535200000000000e+01 -2.377347499999999900e+02 8.288791200000000000e+01
2.012941838398963500e-02 2.618805781250000000e+02 1.186229119999999900e+02 5.000889687499999900e+02 3.564439999999999700e+01 -2.382083906249999900e+02 8.297851199999999500e+01
2.056758334497764800e-02 2.618888749999999800e+02 1.188873720000000000e+02 5.009864375000000200e+02 3.577700399999999800e+01 -2.390975625000000100e+02 8.311036799999999400e+01
2.101570726003201100e-02 2.618853593750000100e+02 1.191411479999999900e+02 5.025162812500000200e+02 3.588402000000000000e+01 -2.406309218750000100e+02 8.325712799999999400e+01
2.115434478012263900e-02 2.618778750000000200e+02 1.192149400000000100e+02 5.031740624999999900e+02 3.591766799999999900e+01 -2.412961875000000000e+02 8.329727200000000700e+01
2.129613364756642600e-02 2.618872656250000000e+02 1.192869520000000100e+02 5.038825625000000100e+02 3.595597600000000000e+01 -2.419952968750000100e+02 8.333097600000000700e+01
2.137588943209837700e-02 2.618621562500000000e+02 1.193227600000000000e+02 5.042303437499999700e+02 3.597480000000000200e+01 -2.423681875000000000e+02 8.334796000000000000e+01
2.138205864432012700e-02 2.618590624999999900e+02 1.193257840000000000e+02 5.042569374999999900e+02 3.597621600000000100e+01 -2.423978750000000000e+02 8.334956800000000500e+01
2.138552918891900900e-02 2.618612968749999900e+02 1.193277360000000000e+02 5.042756562500000000e+02 3.597723200000000100e+01 -2.424143593750000000e+02 8.335050400000000100e+01
2.138907663103617500e-02 2.618756718750000200e+02 1.193304880000000000e+02 5.043075625000000200e+02 3.597901600000000100e+01 -2.424318906249999900e+02 8.335147200000000100e+01
2.139706236576537100e-02 2.618948906250000200e+02 1.193356320000000000e+02 5.043609999999999900e+02 3.598214399999999800e+01 -2.424661093750000000e+02 8.335348799999999900e+01
2.140694297141686500e-02 2.618927656250000400e+02 1.193387880000000100e+02 5.043922812500000000e+02 3.598346800000000200e+01 -2.424995156249999900e+02 8.335532000000000600e+01
2.141704846603693200e-02 2.619589843750000000e+02 1.193391599999999900e+02 5.044653124999999800e+02 3.598279999999999700e+01 -2.425063281250000100e+02 8.335635999999999500e+01
2.143978546620793600e-02 2.621037656249999900e+02 1.192986040000000100e+02 5.046286562500000100e+02 3.595501999999999800e+01 -2.425248906250000100e+02 8.334358400000000700e+01
2.149094553021341600e-02 2.617038125000000300e+02 1.193309920000000100e+02 5.044119687500000300e+02 3.597617600000000200e+01 -2.427081562500000000e+02 8.335481600000000000e+01
2.155425540210811500e-02 2.618643437499999900e+02 1.193769680000000100e+02 5.047764374999999900e+02 3.599955200000000100e+01 -2.429120937500000000e+02 8.337741599999999700e+01
2.158986620755749100e-02 2.619277812500000100e+02 1.193931920000000000e+02 5.049268750000000000e+02 3.600897599999999700e+01 -2.429990937499999900e+02 8.338421599999999500e+01
2.159897203443983700e-02 2.641076249999999800e+02 1.190948800000000000e+02 5.063681250000000200e+02 3.580740000000000100e+01 -2.422605000000000100e+02 8.328748000000000200e+01
2.160409369933701300e-02 2.638374843749999700e+02 1.189959040000000000e+02 5.062339999999999800e+02 3.573281600000000000e+01 -2.423965156250000100e+02 8.326308799999999600e+01
2.161561817080394400e-02 2.622912656250000500e+02 1.190421360000000000e+02 5.052774062500000100e+02 3.575524000000000100e+01 -2.429861406249999900e+02 8.328689599999999900e+01
2.164154569253554400e-02 2.614526093749999500e+02 1.191051959999999900e+02 5.049248124999999700e+02 3.579036399999999700e+01 -2.434722031249999900e+02 8.331483199999999600e+01
2.167363372110946800e-02 2.611308593750000000e+02 1.191567320000000100e+02 5.048661562500000200e+02 3.582324400000000300e+01 -2.437352968749999900e+02 8.333348800000000300e+01
2.170644864886568300e-02 2.617664375000000500e+02 1.191792120000000100e+02 5.054473750000000200e+02 3.583305200000000200e+01 -2.436809375000000000e+02 8.334615999999999800e+01
2.178028477538616900e-02 2.619576406250000100e+02 1.192938920000000000e+02 5.057438437500000000e+02 3.591677200000000200e+01 -2.437862031249999900e+02 8.337712000000000500e+01
2.187165788876562600e-02 2.618773593749999700e+02 1.193570680000000000e+02 5.058900312499999900e+02 3.596746799999999700e+01 -2.440126718750000000e+02 8.338960000000000200e+01
2.192305444891224500e-02 2.620209531250000100e+02 1.193551760000000000e+02 5.061109687499999800e+02 3.596889600000000100e+01 -2.440900156250000100e+02 8.338627999999999900e+01
2.197561898079887800e-02 2.618408281250000300e+02 1.193886080000000000e+02 5.061264375000000100e+02 3.599372000000000300e+01 -2.442856093750000100e+02 8.339488799999999500e+01
2.209389026571622100e-02 2.619191875000000200e+02 1.194323080000000100e+02 5.062727187500000200e+02 3.602594800000000000e+01 -2.443535312500000000e+02 8.340636000000000600e+01
2.224024945736003900e-02 2.618699687500000000e+02 1.195245600000000100e+02 5.065292812500000000e+02 3.609990400000000200e+01 -2.446593125000000000e+02 8.342465599999999900e+01
2.232257768151314800e-02 2.618865156250000200e+02 1.195656480000000100e+02 5.067353437500000300e+02 3.613212800000000200e+01 -2.448488281250000100e+02 8.343352000000000100e+01
2.234362728897157400e-02 2.618912656250000200e+02 1.195735479999999900e+02 5.067924375000000100e+02 3.613804400000000100e+01 -2.449011718749999900e+02 8.343550399999999500e+01
2.236967668601517300e-02 2.619167968750000500e+02 1.195705040000000000e+02 5.068837812500000300e+02 3.613519999999999800e+01 -2.449669843750000100e+02 8.343530400000000200e+01
2.239631804885991800e-02 2.619271875000000600e+02 1.195688280000000000e+02 5.070190625000000200e+02 3.612961200000000200e+01 -2.450918749999999900e+02 8.343921600000000200e+01
2.242928532075613700e-02 2.618295312500000600e+02 1.195945920000000100e+02 5.070241250000000300e+02 3.614843200000000000e+01 -2.451945937500000000e+02 8.344616000000000600e+01
2.244783068073225700e-02 2.618303750000000000e+02 1.196043519999999900e+02 5.070773750000000200e+02 3.615481599999999700e+01 -2.452470000000000100e+02 8.344953599999999500e+01
2.245826117618432800e-02 2.619082968749999600e+02 1.196005920000000100e+02 5.071963124999999800e+02 3.614868800000000000e+01 -2.452880156250000100e+02 8.345190399999999900e+01
2.246892961867411100e-02 2.624343593749999900e+02 1.195348679999999900e+02 5.078491875000000300e+02 3.607849999999999800e+01 -2.454148281250000100e+02 8.345636799999999800e+01
2.249293470244855300e-02 2.619135156249999500e+02 1.195630800000000000e+02 5.075674374999999800e+02 3.609820800000000000e+01 -2.456539218750000100e+02 8.346487200000000000e+01
2.254694287642376400e-02 2.617161562500000400e+02 1.196158959999999900e+02 5.075675937500000100e+02 3.613776800000000100e+01 -2.458514375000000000e+02 8.347812799999999800e+01
2.266846271876455900e-02 2.618948593750000100e+02 1.196975720000000100e+02 5.078992187499999900e+02 3.620586000000000100e+01 -2.460043593750000100e+02 8.349171200000000700e+01
2.281884524660097700e-02 2.618789531250000100e+02 1.197654600000000000e+02 5.082216250000000200e+02 3.626122800000000300e+01 -2.463426718750000100e+02 8.350423200000000200e+01
2.283999206412968400e-02 2.618825625000000600e+02 1.197748840000000100e+02 5.082769062500000200e+02 3.626843600000000100e+01 -2.463943437499999900e+02 8.350644800000000600e+01
2.286162057932011200e-02 2.620073281249999600e+02 1.197667760000000100e+02 5.084775937499999800e+02 3.625652800000000300e+01 -2.464702656250000000e+02 8.351024800000000400e+01
2.286466165853384300e-02 2.620599999999999500e+02 1.197622440000000100e+02 5.085431562499999800e+02 3.625129199999999900e+01 -2.464831562500000100e+02 8.351095200000000300e+01
2.286842528424015700e-02 2.622767968750000600e+02 1.197445280000000000e+02 5.087657187500000200e+02 3.623327199999999900e+01 -2.464889218749999900e+02 8.351125600000000300e+01
2.287227451284418200e-02 2.628557968750000100e+02 1.196922240000000000e+02 5.093177499999999900e+02 3.618378400000000300e+01 -2.464619531250000100e+02 8.350843999999999300e+01
2.288093491447909500e-02 2.623920312499999500e+02 1.196788679999999900e+02 5.090383749999999700e+02 3.616397200000000100e+01 -2.466463437500000000e+02 8.351489599999999300e+01
2.290042190633008100e-02 2.619562343750000100e+02 1.197087040000000000e+02 5.088535000000000000e+02 3.618408800000000300e+01 -2.468972656249999900e+02 8.352461599999999500e+01
2.291138342992729600e-02 2.617999687499999500e+02 1.197144800000000100e+02 5.087984999999999900e+02 3.618666400000000000e+01 -2.469985312500000100e+02 8.352781600000000100e+01
2.291754974035590400e-02 2.618278593750000000e+02 1.197061520000000000e+02 5.088518124999999900e+02 3.617828800000000200e+01 -2.470239531249999900e+02 8.352786399999999400e+01
2.292101883405821600e-02 2.619965624999999800e+02 1.196895320000000100e+02 5.090034999999999700e+02 3.616352400000000200e+01 -2.470069374999999900e+02 8.352600800000000400e+01
2.292882175581940900e-02 2.617322500000000200e+02 1.196810720000000000e+02 5.088752812500000000e+02 3.615272800000000300e+01 -2.471430312500000100e+02 8.352834400000000400e+01
2.294638050612695200e-02 2.614377343749999900e+02 1.197020560000000000e+02 5.087554687499999800e+02 3.616548000000000200e+01 -2.473177343749999900e+02 8.353657599999999700e+01
2.298588551797406700e-02 2.617175781250000500e+02 1.197359840000000000e+02 5.091041250000000100e+02 3.618151199999999800e+01 -2.473865468749999900e+02 8.355447200000000400e+01
2.300810890075878600e-02 2.619748437499999900e+02 1.197494920000000000e+02 5.094079062500000000e+02 3.618229199999999700e+01 -2.474330625000000100e+02 8.356720000000000000e+01
2.305810824750711300e-02 2.619844062500000100e+02 1.196821480000000000e+02 5.101772500000000200e+02 3.606287600000000300e+01 -2.481928437500000100e+02 8.361927199999999500e+01
2.317060786586328000e-02 2.617712187500000000e+02 1.197837519999999900e+02 5.103851874999999700e+02 3.613697599999999700e+01 -2.486139687500000000e+02 8.364677600000000300e+01
2.330982574458247800e-02 2.619023593750000000e+02 1.198475960000000100e+02 5.107770312499999900e+02 3.618177200000000200e+01 -2.488746718749999900e+02 8.366582400000000100e+01
2.332940414291746400e-02 2.619476718749999700e+02 1.198501359999999900e+02 5.108651874999999900e+02 3.618139999999999600e+01 -2.489175156249999900e+02 8.366873599999999600e+01
2.333440973608892600e-02 2.619733125000000200e+02 1.198495839999999900e+02 5.109003437499999900e+02 3.618015200000000000e+01 -2.489270312500000000e+02 8.366943200000000000e+01
2.334567159527642700e-02 2.622280000000000100e+02 1.198175960000000100e+02 5.111412187500000100e+02 3.614909200000000300e+01 -2.489132187500000000e+02 8.366850399999999900e+01
2.337101295479316500e-02 2.618802499999999300e+02 1.198418120000000000e+02 5.110314062499999700e+02 3.616317200000000300e+01 -2.491511562500000100e+02 8.367864000000000100e+01
2.342803028825753800e-02 2.617510624999999900e+02 1.198738520000000000e+02 5.111143437499999900e+02 3.618265999999999800e+01 -2.493632812500000000e+02 8.369119200000000100e+01
2.355632001400066400e-02 2.619087187499999900e+02 1.199346360000000100e+02 5.117021874999999800e+02 3.620987600000000100e+01 -2.497934687499999900e+02 8.372476000000000300e+01
2.384496863240541400e-02 2.618807031249999700e+02 1.200678040000000000e+02 5.125346250000000100e+02 3.629184399999999800e+01 -2.506539218750000100e+02 8.377595999999999800e+01
2.400733556592190800e-02 2.618815625000000300e+02 1.201383400000000000e+02 5.130095625000000200e+02 3.633234000000000200e+01 -2.511279999999999900e+02 8.380599999999999700e+01
2.409866515240421900e-02 2.618819062500000400e+02 1.201734400000000000e+02 5.133052500000000000e+02 3.634827200000000100e+01 -2.514233437499999900e+02 8.382516800000000500e+01
2.430415998650670800e-02 2.618905312499999800e+02 1.202388320000000000e+02 5.140396250000000000e+02 3.636139200000000200e+01 -2.521490937499999900e+02 8.387744000000000700e+01
2.476652009872002500e-02 2.618766562500000000e+02 1.204109960000000100e+02 5.154492812500000100e+02 3.643745200000000000e+01 -2.535726249999999900e+02 8.397354400000000400e+01
2.580683325299312800e-02 2.618793124999999700e+02 1.207840480000000100e+02 5.182815937499999600e+02 3.661255200000000100e+01 -2.564022812499999900e+02 8.417149600000000500e+01
2.814753857555589400e-02 2.618794062499999300e+02 1.214412120000000100e+02 5.242626249999999600e+02 3.675533200000000300e+01 -2.623832187500000300e+02 8.468587999999999700e+01
2.887169556332635400e-02 2.618789062500000600e+02 1.216145960000000100e+02 5.259248125000000300e+02 3.676254000000000100e+01 -2.640459062499999700e+02 8.485205600000000500e+01
2.905684737660071600e-02 2.618794999999999500e+02 1.216567959999999900e+02 5.263246249999999700e+02 3.676272399999999900e+01 -2.644451250000000200e+02 8.489407199999999400e+01
2.911412877324108900e-02 2.618806249999999500e+02 1.216686479999999900e+02 5.264378124999999500e+02 3.676161599999999700e+01 -2.645571875000000000e+02 8.490703200000000100e+01
2.914635028429958500e-02 2.618842187500000000e+02 1.216727960000000100e+02 5.264848749999999900e+02 3.675890799999999800e+01 -2.646006562499999900e+02 8.491388800000000000e+01
2.915458847503221000e-02 2.618883124999999800e+02 1.216728799999999900e+02 5.264925624999999600e+02 3.675741599999999900e+01 -2.646042499999999800e+02 8.491546400000000000e+01
2.916269898686654800e-02 2.620011562500000700e+02 1.216605480000000100e+02 5.265471250000000500e+02 3.674800400000000200e+01 -2.645459687499999900e+02 8.491254399999999700e+01
2.916530479710885400e-02 2.620867187499999900e+02 1.216513559999999900e+02 5.265765000000000100e+02 3.674336400000000000e+01 -2.644897812500000200e+02 8.490799199999999300e+01
2.916853159108373200e-02 2.634468124999999600e+02 1.215203279999999900e+02 5.268586249999999600e+02 3.671099999999999900e+01 -2.634118125000000000e+02 8.480932799999999400e+01
2.917183092988718400e-02 2.660917812500000000e+02 1.212127720000000000e+02 5.276250000000000000e+02 3.659910000000000000e+01 -2.615332187500000000e+02 8.461367199999999400e+01
2.917925371674665700e-02 2.648210156249999700e+02 1.208999440000000000e+02 5.267376249999999800e+02 3.637566400000000000e+01 -2.619166093750000100e+02 8.452428000000000500e+01
2.919595353628391000e-02 2.621192812500000300e+02 1.210580919999999900e+02 5.253596250000000500e+02 3.642942000000000000e+01 -2.632403437500000200e+02 8.462867199999999500e+01
2.923353175748415900e-02 2.607684999999999600e+02 1.212007960000000000e+02 5.250473749999999900e+02 3.645978000000000200e+01 -2.642788750000000300e+02 8.474101600000000200e+01
2.931808420608128200e-02 2.617792187499999300e+02 1.213617520000000000e+02 5.261091249999999500e+02 3.649895200000000300e+01 -2.643299062500000200e+02 8.486279999999999300e+01
2.942271706322711200e-02 2.619350937499999600e+02 1.214012879999999900e+02 5.263480624999999700e+02 3.649457600000000200e+01 -2.644129687500000000e+02 8.490671199999999900e+01
2.952972648895695400e-02 2.618692187500000200e+02 1.214655280000000100e+02 5.262618750000000300e+02 3.653283199999999900e+01 -2.643926562500000200e+02 8.493269600000000700e+01
2.958991838411963500e-02 2.618985312499999600e+02 1.215012759999999900e+02 5.262264374999999700e+02 3.655225999999999700e+01 -2.643279062500000100e+02 8.494901600000000000e+01
2.962377650651071600e-02 2.619107499999999500e+02 1.215184240000000000e+02 5.262168749999999600e+02 3.655829599999999900e+01 -2.643061250000000100e+02 8.496012799999999700e+01
2.964282387670055500e-02 2.619261250000000100e+02 1.215251480000000000e+02 5.262172500000000400e+02 3.655861999999999800e+01 -2.642911250000000200e+02 8.496652799999999700e+01
2.968567465604140700e-02 2.618837812500000800e+02 1.215348600000000100e+02 5.261520625000000600e+02 3.655455599999999800e+01 -2.642682812499999700e+02 8.498030400000000400e+01
2.978209253679975000e-02 2.618684062499999600e+02 1.215790880000000100e+02 5.261531874999999400e+02 3.656639200000000000e+01 -2.642847812499999800e+02 8.501269600000000500e+01
2.999903349395431600e-02 2.618856874999999600e+02 1.216559159999999900e+02 5.264094374999999700e+02 3.658430800000000000e+01 -2.645237500000000100e+02 8.507160799999999800e+01
3.048714702031065900e-02 2.618806562499999600e+02 1.217715520000000000e+02 5.270199999999999800e+02 3.657531199999999700e+01 -2.651393437500000200e+02 8.519624000000000300e+01
3.076171178569646000e-02 2.618795937500000800e+02 1.218289200000000100e+02 5.273936875000000600e+02 3.656732000000000200e+01 -2.655140937499999700e+02 8.526160000000000100e+01
3.091615682393289800e-02 2.618784999999999700e+02 1.218592800000000100e+02 5.276031874999999900e+02 3.656231199999999900e+01 -2.657246875000000200e+02 8.529696800000000700e+01
3.126365235637860300e-02 2.618794687500000600e+02 1.219209760000000000e+02 5.280263750000000300e+02 3.654526400000000300e+01 -2.661469062499999700e+02 8.537571199999999300e+01
3.145911714248274300e-02 2.618794375000000500e+02 1.219569600000000000e+02 5.282775000000000300e+02 3.653695199999999900e+01 -2.663980624999999800e+02 8.542000799999999600e+01
3.165152924220057700e-02 2.618790312500000300e+02 1.219893720000000000e+02 5.284905625000000100e+02 3.652535600000000200e+01 -2.666115312499999800e+02 8.546401600000000100e+01
3.168554696321451000e-02 2.618784375000000200e+02 1.219934760000000000e+02 5.285118750000000300e+02 3.652167599999999900e+01 -2.666334375000000100e+02 8.547180000000000200e+01
3.170467848540549400e-02 2.618775312500000000e+02 1.219936680000000100e+02 5.285072500000000000e+02 3.651767600000000200e+01 -2.666297187499999900e+02 8.547599200000000500e+01
3.172424817836105200e-02 2.619542812500000100e+02 1.219776200000000000e+02 5.285358750000000300e+02 3.649993200000000100e+01 -2.665815937500000200e+02 8.547768800000000100e+01
3.176827708571790900e-02 2.618498437500000500e+02 1.219849000000000100e+02 5.284249375000000600e+02 3.649685199999999700e+01 -2.665750937500000100e+02 8.548804800000000600e+01
3.186734430361570100e-02 2.618836249999999900e+02 1.220115600000000000e+02 5.285601249999999700e+02 3.649660800000000200e+01 -2.666764999999999800e+02 8.551495199999999400e+01
3.198993926031593700e-02 2.618816875000000600e+02 1.220336399999999900e+02 5.287078125000000500e+02 3.649088799999999800e+01 -2.668261249999999900e+02 8.554275199999999300e+01
3.205890037435638100e-02 2.618777499999999900e+02 1.220444360000000000e+02 5.287773750000000100e+02 3.648658799999999800e+01 -2.668996250000000100e+02 8.555784800000000700e+01
3.209768864329721300e-02 2.618763437499999900e+02 1.220493120000000100e+02 5.288046875000000000e+02 3.648293600000000200e+01 -2.669283437500000100e+02 8.556637600000000500e+01
3.213736195914661900e-02 2.619244687499999600e+02 1.220277760000000000e+02 5.288117499999999600e+02 3.645668800000000000e+01 -2.668872812500000000e+02 8.557108800000000300e+01
3.222662111622148800e-02 2.618777499999999900e+02 1.220192920000000100e+02 5.286756874999999800e+02 3.643267600000000100e+01 -2.667979374999999900e+02 8.558661600000000600e+01
3.242745712143308600e-02 2.618851875000000300e+02 1.220771880000000100e+02 5.288975000000000400e+02 3.643764399999999900e+01 -2.670123125000000100e+02 8.563954400000000100e+01
3.287933885860747800e-02 2.618797500000000000e+02 1.221599520000000000e+02 5.294429999999999800e+02 3.641947199999999900e+01 -2.675632499999999800e+02 8.574048000000000500e+01
3.389607494359471500e-02 2.618795000000000100e+02 1.223389760000000000e+02 5.304598125000000000e+02 3.637556800000000100e+01 -2.685803124999999900e+02 8.596340800000000100e+01
3.421062641848934800e-02 2.618800937500000100e+02 1.223917240000000000e+02 5.306943750000000400e+02 3.635942000000000000e+01 -2.688142812500000200e+02 8.603230399999999600e+01
3.429105251723730400e-02 2.618845000000000000e+02 1.224028439999999900e+02 5.307287499999999900e+02 3.635246000000000100e+01 -2.688442499999999900e+02 8.605038399999999400e+01
3.447200833762705700e-02 2.618766562500000000e+02 1.224318160000000000e+02 5.308348750000000100e+02 3.634091200000000300e+01 -2.689582187500000100e+02 8.609090399999999500e+01
3.487916183529715700e-02 2.618790000000000800e+02 1.225003120000000100e+02 5.311353125000000500e+02 3.632119200000000300e+01 -2.692563124999999800e+02 8.617911999999999800e+01
3.579525502871001900e-02 2.618794999999999500e+02 1.226489000000000000e+02 5.316957499999999800e+02 3.627191599999999700e+01 -2.698162500000000300e+02 8.637698399999999300e+01
3.631055835681510500e-02 2.618794374999999400e+02 1.227372680000000000e+02 5.320466249999999500e+02 3.625108399999999900e+01 -2.701671875000000100e+02 8.648618399999999400e+01
3.646997997029158300e-02 2.618789687499999600e+02 1.227637400000000000e+02 5.321426249999999500e+02 3.624374799999999700e+01 -2.702636562500000000e+02 8.651999200000000200e+01
3.655965698557902400e-02 2.618785312499999800e+02 1.227777759999999900e+02 5.321869375000000000e+02 3.623863200000000300e+01 -2.703084062500000200e+02 8.653914399999999300e+01
3.665136815785963200e-02 2.618783124999999900e+02 1.227828480000000000e+02 5.321644999999999800e+02 3.622504800000000100e+01 -2.702861874999999800e+02 8.655780000000000000e+01
3.685772337362897700e-02 2.618803437499999500e+02 1.228222600000000000e+02 5.322916249999999500e+02 3.621904399999999700e+01 -2.704112812500000000e+02 8.660321600000000300e+01
3.711308407199522700e-02 2.618795937500000300e+02 1.228668680000000100e+02 5.324466250000000400e+02 3.621034800000000300e+01 -2.705670312500000100e+02 8.665652000000000000e+01
3.725672573436073600e-02 2.618790000000000200e+02 1.228918200000000000e+02 5.325280625000000300e+02 3.620549200000000000e+01 -2.706490625000000100e+02 8.668632800000000300e+01
3.733752616442412300e-02 2.618790000000000200e+02 1.229053280000000000e+02 5.325688125000000400e+02 3.620218400000000300e+01 -2.706898125000000200e+02 8.670314399999999500e+01
3.738297404862785100e-02 2.618772812499999500e+02 1.229119920000000000e+02 5.325829999999999700e+02 3.619939200000000300e+01 -2.707057187500000200e+02 8.671259999999999500e+01
3.740853884621658800e-02 2.618771874999999300e+02 1.229126040000000000e+02 5.325750624999999400e+02 3.619522800000000000e+01 -2.706978750000000100e+02 8.671737600000000200e+01
3.743468690422704900e-02 2.619352500000000500e+02 1.228940960000000000e+02 5.326029375000000500e+02 3.617512800000000100e+01 -2.706676875000000000e+02 8.671896800000000400e+01
3.749351495661257200e-02 2.618556562500000400e+02 1.229028160000000000e+02 5.325013750000000500e+02 3.617156800000000100e+01 -2.706457187500000100e+02 8.673124799999999400e+01
3.751171500320469400e-02 2.618607187499999900e+02 1.229030320000000000e+02 5.324971249999999800e+02 3.616808799999999700e+01 -2.706364062499999900e+02 8.673494399999999900e+01
3.753033000621624300e-02 2.619885937499999500e+02 1.228770160000000000e+02 5.326041874999999700e+02 3.614155199999999700e+01 -2.706155937500000200e+02 8.673546399999999300e+01
3.757220868485423200e-02 2.618413437500000200e+02 1.228918439999999900e+02 5.324464375000000000e+02 3.614701999999999800e+01 -2.706050937499999800e+02 8.674482399999999400e+01
3.766644151537599400e-02 2.618770312499999600e+02 1.229224600000000000e+02 5.324915624999999900e+02 3.615303600000000000e+01 -2.706145312500000300e+02 8.676942400000000100e+01
3.787846683494652800e-02 2.618833124999999900e+02 1.229662360000000100e+02 5.326058749999999700e+02 3.615291599999999800e+01 -2.707225624999999800e+02 8.681332000000000400e+01
3.814084406913224200e-02 2.618801249999999600e+02 1.230179400000000000e+02 5.327386249999999600e+02 3.614834799999999900e+01 -2.708584999999999900e+02 8.686959199999999700e+01
3.840918448822657600e-02 2.618835624999999800e+02 1.230429200000000000e+02 5.326579375000000000e+02 3.611560000000000100e+01 -2.707743750000000200e+02 8.692731999999999500e+01
3.901295478387853400e-02 2.618798437500000200e+02 1.231654360000000000e+02 5.329833125000000100e+02 3.611011599999999800e+01 -2.711034687499999900e+02 8.705531999999999500e+01
3.976011718768571200e-02 2.618790624999999700e+02 1.233038720000000100e+02 5.333409375000000000e+02 3.609604800000000300e+01 -2.714618750000000200e+02 8.720782400000000200e+01
3.995115383745382500e-02 2.618796874999999900e+02 1.233391320000000100e+02 5.334252500000000100e+02 3.609265200000000100e+01 -2.715455625000000200e+02 8.724648000000000500e+01
4.001025756018792400e-02 2.618803125000000000e+02 1.233499480000000100e+02 5.334487500000000200e+02 3.609148400000000100e+01 -2.715684375000000200e+02 8.725846400000000400e+01
4.002536719708287700e-02 2.618840312500000800e+02 1.233529800000000000e+02 5.334561875000000600e+02 3.609134800000000400e+01 -2.715721562499999800e+02 8.726163200000000600e+01
4.004024178873326300e-02 2.618790312499999700e+02 1.233551359999999900e+02 5.334574999999999800e+02 3.609069600000000100e+01 -2.715784687500000100e+02 8.726443999999999300e+01
4.004287371511385700e-02 2.618790937499999800e+02 1.233555680000000100e+02 5.334579374999999600e+02 3.609059200000000100e+01 -2.715788437499999800e+02 8.726497600000000400e+01
4.004556077556415500e-02 2.618830312499999300e+02 1.233562960000000000e+02 5.334601249999999500e+02 3.609061599999999700e+01 -2.715770937500000200e+02 8.726568000000000300e+01
4.004707551158473400e-02 2.618884375000000700e+02 1.233569440000000000e+02 5.334628750000000500e+02 3.609075200000000200e+01 -2.715744374999999900e+02 8.726619200000000400e+01
4.005047931494133700e-02 2.622478124999999500e+02 1.233390120000000000e+02 5.335043124999999700e+02 3.609310000000000000e+01 -2.712565000000000200e+02 8.724591200000000400e+01
4.005813714704538300e-02 2.630679062500000200e+02 1.232723240000000000e+02 5.338461250000000300e+02 3.607542000000000100e+01 -2.707782187500000100e+02 8.719690400000000400e+01
4.007536799472778700e-02 2.620310312500000100e+02 1.232904880000000100e+02 5.334012500000000000e+02 3.606730400000000000e+01 -2.713702187499999900e+02 8.722318400000000300e+01
4.011414175470288900e-02 2.615501249999999800e+02 1.233351560000000000e+02 5.332029374999999600e+02 3.607710000000000200e+01 -2.716528124999999800e+02 8.725805599999999600e+01
4.020137836195717500e-02 2.618502499999999600e+02 1.233633600000000000e+02 5.333720624999999700e+02 3.608028800000000300e+01 -2.715218125000000100e+02 8.728307200000000400e+01
4.039766435552075200e-02 2.618885937500000400e+02 1.234014440000000000e+02 5.334700625000000400e+02 3.607665200000000300e+01 -2.715814687500000000e+02 8.732479200000000200e+01
4.064056475413148400e-02 2.618795000000000100e+02 1.234519360000000000e+02 5.335658124999999900e+02 3.607280000000000100e+01 -2.716863124999999900e+02 8.737913600000000300e+01
4.077719858605695400e-02 2.618866249999999800e+02 1.234764720000000000e+02 5.336158749999999600e+02 3.607030400000000000e+01 -2.717292499999999800e+02 8.740616799999999400e+01
4.078593298341701100e-02 2.618949375000000300e+02 1.234785520000000100e+02 5.336245625000000200e+02 3.607060800000000000e+01 -2.717296250000000000e+02 8.740794400000000100e+01
4.080558102478742300e-02 2.622549062499999800e+02 1.234609560000000000e+02 5.337956249999999700e+02 3.606718800000000200e+01 -2.715407187500000000e+02 8.739376799999999400e+01
4.084979564690542600e-02 2.617435000000000400e+02 1.234681600000000000e+02 5.334829375000000500e+02 3.606148000000000300e+01 -2.717394375000000100e+02 8.740667999999999400e+01
4.094927782122265200e-02 2.618541249999999500e+02 1.234901760000000100e+02 5.335819374999999800e+02 3.606186400000000000e+01 -2.717278125000000300e+02 8.742831200000000500e+01
4.117311053709154400e-02 2.618842812499999600e+02 1.235366279999999900e+02 5.336788749999999500e+02 3.605821199999999700e+01 -2.717945937499999900e+02 8.747841599999999600e+01
4.129901643976779900e-02 2.618794687499999400e+02 1.235618839999999900e+02 5.337163124999999600e+02 3.605599600000000000e+01 -2.718368437500000100e+02 8.750588799999999900e+01
4.133796720912463100e-02 2.618920937499999600e+02 1.235699560000000000e+02 5.337319374999999600e+02 3.605583599999999900e+01 -2.718398437500000000e+02 8.751412000000000500e+01
4.136983760321283300e-02 2.619021874999999700e+02 1.235744400000000100e+02 5.337286249999999700e+02 3.605500000000000000e+01 -2.718264375000000000e+02 8.751944000000000300e+01
4.140967632127138400e-02 2.618472500000000300e+02 1.235765560000000100e+02 5.336977500000000400e+02 3.605122800000000200e+01 -2.718505000000000100e+02 8.752532800000000200e+01
4.149930980966168300e-02 2.618767187500000700e+02 1.235937480000000100e+02 5.337446250000000400e+02 3.605015600000000100e+01 -2.718679062499999800e+02 8.754359200000000400e+01
4.170098733488471900e-02 2.618802812500000000e+02 1.236309440000000000e+02 5.338023124999999700e+02 3.604578399999999800e+01 -2.719220312499999700e+02 8.758516000000000200e+01
4.215476104118826700e-02 2.618793750000000400e+02 1.237055880000000100e+02 5.338912500000000100e+02 3.603222000000000200e+01 -2.720118749999999700e+02 8.767336799999999600e+01
4.297155197145875700e-02 2.618789374999999500e+02 1.238129879999999900e+02 5.339579374999999600e+02 3.598205999999999700e+01 -2.720790000000000100e+02 8.783092800000000000e+01
4.399254208519345900e-02 2.618799374999999300e+02 1.240301160000000100e+02 5.343881249999999500e+02 3.600441200000000200e+01 -2.725081875000000200e+02 8.802570400000000500e+01
4.499757814022861000e-02 2.618781562499999600e+02 1.242221280000000000e+02 5.347213749999999700e+02 3.600881600000000300e+01 -2.728432187500000100e+02 8.821331200000000200e+01
4.517525493436692200e-02 2.618794687499999400e+02 1.242559560000000000e+02 5.347804374999999500e+02 3.600977199999999800e+01 -2.729009687500000000e+02 8.824618400000000000e+01
4.535696812276696800e-02 2.618844687500000500e+02 1.242859239999999900e+02 5.347843125000000600e+02 3.600803599999999700e+01 -2.728998437500000000e+02 8.827788800000000400e+01
4.576582497301193200e-02 2.618797187499999900e+02 1.243634280000000000e+02 5.349022499999999800e+02 3.600945200000000300e+01 -2.730225312499999900e+02 8.835397600000000300e+01
4.627178452719696300e-02 2.618789375000000100e+02 1.244570720000000000e+02 5.350653750000000200e+02 3.601382400000000000e+01 -2.731864375000000100e+02 8.844324799999999700e+01
4.678924388760720400e-02 2.618796875000000500e+02 1.245476679999999900e+02 5.351894375000000500e+02 3.601525199999999700e+01 -2.733097500000000100e+02 8.853241599999999800e+01
4.795353035032341000e-02 2.618795312500000100e+02 1.247611280000000000e+02 5.354867500000000300e+02 3.602542400000000100e+01 -2.736072187500000200e+02 8.873570399999999800e+01
4.860843894653227300e-02 2.618795312500000100e+02 1.248808679999999900e+02 5.356368125000000200e+02 3.603137199999999800e+01 -2.737572812500000100e+02 8.884949600000000200e+01
4.897682448781354200e-02 2.618795312500000100e+02 1.249475520000000000e+02 5.357104375000000100e+02 3.603399199999999800e+01 -2.738309062500000000e+02 8.891356000000000400e+01
4.943270199414567100e-02 2.618776562500000300e+02 1.250256080000000100e+02 5.357328750000000400e+02 3.603171199999999900e+01 -2.738552187500000100e+02 8.899389600000000700e+01
4.954926122110872600e-02 2.618784999999999700e+02 1.250449759999999900e+02 5.357375624999999700e+02 3.603107200000000200e+01 -2.738590624999999900e+02 8.901390399999999700e+01
4.981152528536187500e-02 2.618874999999999300e+02 1.250648000000000100e+02 5.356811249999999500e+02 3.600804800000000200e+01 -2.737936250000000200e+02 8.905675200000000300e+01
5.040161072455202900e-02 2.618805625000000500e+02 1.251860160000000000e+02 5.357836250000000300e+02 3.602773599999999700e+01 -2.739030624999999800e+02 8.915828000000000500e+01
5.113183536178424200e-02 2.618789062500000000e+02 1.253217920000000000e+02 5.359080625000000300e+02 3.604126399999999800e+01 -2.740291562500000300e+02 8.928052800000000400e+01
5.154258998474464700e-02 2.618792187500000100e+02 1.253950439999999800e+02 5.359616250000000300e+02 3.604565199999999700e+01 -2.740824062500000200e+02 8.934939199999999500e+01
5.164761168217162100e-02 2.618795312499999600e+02 1.254136640000000000e+02 5.359734999999999400e+02 3.604659999999999800e+01 -2.740939687499999900e+02 8.936706399999999900e+01
5.177757719345475700e-02 2.618802499999999300e+02 1.254361840000000000e+02 5.359813749999999600e+02 3.604729600000000300e+01 -2.741011250000000200e+02 8.938888799999999400e+01
5.191049673015733800e-02 2.618760312499999800e+02 1.254571640000000100e+02 5.359724374999999600e+02 3.604692399999999700e+01 -2.740964062499999700e+02 8.941024000000000200e+01
5.198526433227669600e-02 2.620199374999999700e+02 1.254502679999999900e+02 5.360663124999999800e+02 3.604221199999999900e+01 -2.740463750000000100e+02 8.940805600000000200e+01
5.215349288794179200e-02 2.618587187500000400e+02 1.254845440000000000e+02 5.359538750000000400e+02 3.604735199999999700e+01 -2.740951562500000000e+02 8.943719199999999600e+01
5.236166752801173200e-02 2.618825312500000000e+02 1.255265079999999900e+02 5.359960624999999900e+02 3.604993199999999800e+01 -2.741135312499999900e+02 8.947657599999999400e+01
5.257457789449084000e-02 2.618789374999999500e+02 1.255652240000000000e+02 5.360058749999999500e+02 3.605054400000000200e+01 -2.741269375000000000e+02 8.951467999999999800e+01
5.305362912086197800e-02 2.618794999999999500e+02 1.256497640000000000e+02 5.360137499999999600e+02 3.605073200000000400e+01 -2.741342500000000100e+02 8.959903199999999400e+01
5.413148857661075800e-02 2.618797812500000100e+02 1.258429920000000000e+02 5.361594999999999800e+02 3.606607999999999900e+01 -2.742797187499999700e+02 8.977691199999999600e+01
5.519250602495828100e-02 2.618809687499999700e+02 1.260329640000000100e+02 5.363289999999999500e+02 3.608621200000000300e+01 -2.744480312499999900e+02 8.994675200000000400e+01
5.523939900214715900e-02 2.618854687499999700e+02 1.260416000000000200e+02 5.363446874999999600e+02 3.608780800000000300e+01 -2.744592187499999900e+02 8.995379200000000700e+01
5.525138921141352400e-02 2.618878125000000000e+02 1.260438840000000100e+02 5.363500000000000200e+02 3.608834000000000200e+01 -2.744621875000000300e+02 8.995554400000000300e+01
5.527836428046970000e-02 2.619632187499999500e+02 1.260514600000000100e+02 5.364166249999999500e+02 3.609331600000000200e+01 -2.744534062500000000e+02 8.995814400000000400e+01
5.533906398943238400e-02 2.618711562500000100e+02 1.260516440000000000e+02 5.363643750000000000e+02 3.609238800000000000e+01 -2.744932187499999800e+02 8.995925599999999600e+01
5.547563398190871000e-02 2.618613437500000000e+02 1.260740120000000100e+02 5.363789375000000100e+02 3.609420399999999800e+01 -2.745175937500000000e+02 8.997980800000000600e+01
5.578291646498043800e-02 2.618799062499999800e+02 1.261339759999999900e+02 5.364429999999999800e+02 3.610060800000000100e+01 -2.745630937500000100e+02 9.003336799999999600e+01
5.647430350278839800e-02 2.618797812500000600e+02 1.262595240000000000e+02 5.365359375000000500e+02 3.611151600000000200e+01 -2.746561562499999800e+02 9.014800800000000400e+01
5.725211754756377700e-02 2.618784687499999700e+02 1.263969960000000000e+02 5.366478124999999900e+02 3.612496399999999900e+01 -2.747693437500000200e+02 9.027203199999999600e+01
5.746601452371146600e-02 2.618787499999999700e+02 1.264344760000000000e+02 5.366734374999999800e+02 3.612818000000000000e+01 -2.747946875000000100e+02 9.030629600000000300e+01
5.758633447458768500e-02 2.618798437500000200e+02 1.264556599999999900e+02 5.366898750000000300e+02 3.613013999999999700e+01 -2.748100312500000100e+02 9.032551999999999700e+01
5.765401009426584400e-02 2.618833125000000500e+02 1.264677520000000000e+02 5.367044375000000400e+02 3.613168000000000300e+01 -2.748211249999999900e+02 9.033607200000000100e+01
5.767131638856995400e-02 2.618927187500000300e+02 1.264714600000000100e+02 5.367193750000000100e+02 3.613287600000000300e+01 -2.748266562499999800e+02 9.033858399999999700e+01
5.771024684537478400e-02 2.619909374999999700e+02 1.264809159999999900e+02 5.368814374999999500e+02 3.614525199999999900e+01 -2.748904999999999700e+02 9.033566399999999400e+01
5.779785198035820900e-02 2.618265312499999600e+02 1.264853040000000100e+02 5.368122499999999500e+02 3.614411200000000000e+01 -2.749857187499999900e+02 9.034119200000000700e+01
5.799495918138122100e-02 2.618794062499999900e+02 1.265208440000000000e+02 5.369095624999999900e+02 3.615151600000000100e+01 -2.750301562500000000e+02 9.036932799999999600e+01
5.843844603099326900e-02 2.618750000000000000e+02 1.265991839999999900e+02 5.370262500000000000e+02 3.616424800000000100e+01 -2.751512500000000000e+02 9.043493599999999300e+01
5.943629724620666500e-02 2.618799062500000300e+02 1.267677560000000100e+02 5.371502500000000300e+02 3.618250799999999900e+01 -2.752703437499999900e+02 9.058524800000000700e+01
6.168145522595394600e-02 2.618795937500000300e+02 1.271544280000000000e+02 5.373784375000000200e+02 3.621397999999999900e+01 -2.754988437499999900e+02 9.094044800000000400e+01
6.445984091004987300e-02 2.618792812499999600e+02 1.276201600000000000e+02 5.376968124999999600e+02 3.625802399999999900e+01 -2.758175312500000000e+02 9.136213600000000700e+01
6.730136961293477200e-02 2.618795937499999700e+02 1.280897160000000100e+02 5.379636249999999800e+02 3.629892400000000000e+01 -2.760840312500000100e+02 9.179079199999999600e+01
7.000000241429189800e-02 2.618759687500000300e+02 1.285267760000000100e+02 5.382462500000000300e+02 3.633942400000000100e+01 -2.763702812500000100e+02 9.218735200000000400e+01
