0.000000000000000000e+00 0.000000000000000000e+00 0.000000000000000000e+00 0.000000000000000000e+00 0.000000000000000000e+00 0.000000000000000000e+00 0.000000000000000000e+00
1.666565655152000100e-08 5.595008437500000600e+02 1.365090942382816100e-05 3.960335000000000000e+02 4.264940490722656500e-04 1.634673437500000000e+02 -4.128431396484374900e-04
1.400016324407971200e-03 5.595003593750000200e+02 3.112335300000000200e+01 3.962012187500000100e+02 1.695374400000000000e+01 1.632991406250000100e+02 1.416960899999999900e+01
1.760953774481463100e-03 5.595015781250000400e+02 3.913270200000000200e+01 3.963800937500000100e+02 2.129113800000000000e+01 1.631214843749999900e+02 1.784156400000000200e+01
1.963981090147802500e-03 5.595011406250000600e+02 4.361722199999999800e+01 3.966310937499999900e+02 2.368213400000000100e+01 1.628700468750000100e+02 1.993508800000000000e+01
1.992531674364918200e-03 5.595161718749999400e+02 4.423628999999999700e+01 3.967119687499999800e+02 2.400313800000000000e+01 1.628042031249999900e+02 2.023315200000000000e+01
2.021731368196847700e-03 5.595076874999999700e+02 4.487008000000000200e+01 3.967974062499999900e+02 2.432785000000000200e+01 1.627102812500000100e+02 2.054223000000000000e+01
2.087430394906613800e-03 5.595016406250000500e+02 4.630132400000000100e+01 3.970263125000000200e+02 2.505540200000000100e+01 1.624753281250000000e+02 2.124592200000000000e+01
2.124386249794469200e-03 5.595051250000000200e+02 4.710100200000000100e+01 3.971835937500000000e+02 2.545612200000000100e+01 1.623215312499999900e+02 2.164488000000000100e+01
2.207536638880068600e-03 5.595019687500000600e+02 4.889013599999999800e+01 3.975647812500000100e+02 2.634473800000000000e+01 1.619371874999999900e+02 2.254539799999999900e+01
2.208267334129993500e-03 5.595025312499999500e+02 4.890576799999999500e+01 3.975688124999999800e+02 2.635245200000000000e+01 1.619337187500000000e+02 2.255331599999999900e+01
2.209911723484696800e-03 5.595036874999999600e+02 4.894089999999999900e+01 3.975778124999999900e+02 2.636977200000000100e+01 1.619258749999999900e+02 2.257112800000000200e+01
2.213611518272186800e-03 5.595035625000000400e+02 4.901991999999999900e+01 3.975957187500000000e+02 2.640870400000000000e+01 1.619078437500000100e+02 2.261121599999999900e+01
2.221935853392555800e-03 5.595066718750000500e+02 4.919680599999999500e+01 3.976415625000000200e+02 2.649523999999999900e+01 1.618651093750000000e+02 2.270156600000000000e+01
2.240665932455758200e-03 5.595057187499999100e+02 4.959575800000000400e+01 3.977409687499999800e+02 2.669033999999999900e+01 1.617647499999999900e+02 2.290541800000000100e+01
2.282808325935889300e-03 5.595028281250000600e+02 5.049196399999999600e+01 3.979775312500000300e+02 2.712622800000000100e+01 1.615252968750000100e+02 2.336573599999999800e+01
2.306513341007869600e-03 5.595233593750000400e+02 5.098398799999999700e+01 3.981583125000000200e+02 2.735736199999999800e+01 1.613650468749999900e+02 2.362662600000000200e+01
2.359849868701604400e-03 5.595146093749999600e+02 5.208433999999999700e+01 3.986232187499999800e+02 2.785394799999999900e+01 1.608913906250000100e+02 2.423039199999999800e+01
2.425853785155334400e-03 5.595122031250000400e+02 5.342857399999999800e+01 3.993368750000000200e+02 2.842966600000000100e+01 1.601753281249999900e+02 2.499890800000000000e+01
2.493357772151060000e-03 5.595210156250000200e+02 5.475820999999999800e+01 4.003135624999999900e+02 2.894107000000000000e+01 1.592074531250000000e+02 2.581713999999999800e+01
2.502850634595042800e-03 5.595582968750000000e+02 5.493237399999999600e+01 4.005141874999999900e+02 2.899748999999999900e+01 1.590441093750000100e+02 2.593488400000000000e+01
2.524209331312225000e-03 5.595633124999999400e+02 5.532256999999999900e+01 4.009655624999999800e+02 2.911295200000000000e+01 1.585977499999999900e+02 2.620961799999999900e+01
2.572266358295588600e-03 5.596390937500000300e+02 5.608744400000000500e+01 4.027020312500000000e+02 2.917716600000000000e+01 1.569370625000000000e+02 2.691027800000000200e+01
2.599298507076749400e-03 5.595225937499999400e+02 5.655133000000000000e+01 4.037469375000000000e+02 2.921126999999999900e+01 1.557756562500000000e+02 2.734006000000000100e+01
2.660120598052582900e-03 5.594053281249999800e+02 5.775367000000000000e+01 4.056529375000000100e+02 2.949571200000000100e+01 1.537523906250000000e+02 2.825795799999999900e+01
2.796970749681469000e-03 5.595622656250000100e+02 5.998509599999999900e+01 4.113371250000000100e+02 2.972279400000000000e+01 1.482251406249999900e+02 3.026230199999999800e+01
2.873948584142475600e-03 5.594779843750000100e+02 6.139293999999999600e+01 4.138024375000000000e+02 3.005668599999999900e+01 1.456755468750000100e+02 3.133625400000000000e+01
2.969209076843053600e-03 5.594524999999999900e+02 6.306195600000000200e+01 4.169604062500000100e+02 3.042393200000000100e+01 1.424920937500000100e+02 3.263802400000000100e+01
2.993565476826444800e-03 5.594917343750000800e+02 6.349799000000000100e+01 4.177026875000000200e+02 3.053929200000000000e+01 1.417890468750000000e+02 3.295869799999999800e+01
3.048367295528482100e-03 5.595336406249999800e+02 6.445373000000000700e+01 4.194025624999999900e+02 3.077905000000000200e+01 1.401310781249999900e+02 3.367468000000000200e+01
3.171671468868658300e-03 5.595099843749999300e+02 6.653550400000000300e+01 4.240448437499999800e+02 3.117201199999999900e+01 1.354651406250000000e+02 3.536349200000000100e+01
3.293048791033764800e-03 5.594924062499999300e+02 6.861845400000000000e+01 4.282170312499999900e+02 3.163599400000000000e+01 1.312753750000000000e+02 3.698246000000000300e+01
3.332062976735745000e-03 5.606761406250000200e+02 6.870533000000000400e+01 4.336476250000000100e+02 3.119240200000000100e+01 1.270285156250000000e+02 3.751292800000000200e+01
3.354008537453701200e-03 5.586061562500000300e+02 6.907502600000000800e+01 4.330752812499999900e+02 3.127617800000000200e+01 1.255308749999999900e+02 3.779884800000000000e+01
3.403385724026732300e-03 5.593323671875000400e+02 7.006423399999999900e+01 4.353890000000000100e+02 3.160066200000000000e+01 1.239433671875000000e+02 3.846357199999999900e+01
3.514484556337238000e-03 5.594911562500000200e+02 7.186621199999999000e+01 4.388084375000000300e+02 3.214659999999999900e+01 1.206827187500000100e+02 3.971961199999999800e+01
3.764457416599432200e-03 5.595130703124999600e+02 7.601573000000000500e+01 4.462879062499999900e+02 3.332459800000000200e+01 1.132251640625000000e+02 4.269113200000000300e+01
4.326895783365218900e-03 5.595036406250000000e+02 8.491580400000000900e+01 4.666621562500000100e+02 3.530580400000000200e+01 9.284148437499999300e+01 4.960999999999999900e+01
5.022913237859703700e-03 5.595019531250000000e+02 9.553738400000000300e+01 4.910730937500000000e+02 3.762413600000000000e+01 6.842885937500000200e+01 5.791324800000000300e+01
5.734749854464228500e-03 5.595022109375000800e+02 1.060002079999999900e+02 5.153874375000000300e+02 3.992830000000000000e+01 4.411477343749999800e+01 6.607190799999999300e+01
7.336381185436703600e-03 5.595010820312500100e+02 1.283123919999999900e+02 5.685933125000000200e+02 4.450091200000000000e+01 -9.092230468749999500e+00 8.381148000000000300e+01
7.831885527004249500e-03 5.594983789062499700e+02 1.349601759999999900e+02 5.845820625000000100e+02 4.584888000000000100e+01 -2.508368359374999900e+01 8.911129599999999600e+01
8.338651936640930500e-03 5.595001523437500700e+02 1.417485600000000000e+02 6.010536875000000200e+02 4.720364000000000000e+01 -4.155353515625000000e+01 9.454492000000000500e+01
8.965775035397893400e-03 5.595010507812500000e+02 1.500770080000000100e+02 6.212764375000000400e+02 4.887332800000000100e+01 -6.177538671874999900e+01 1.012036800000000100e+02
9.005861210839310000e-03 5.595084492187500000e+02 1.505999320000000000e+02 6.225238749999999800e+02 4.897654000000000000e+01 -6.301542578125000200e+01 1.016233920000000000e+02
9.018262227376300900e-03 5.595152187500000300e+02 1.507604519999999900e+02 6.229041250000000200e+02 4.900809199999999800e+01 -6.338890624999999800e+01 1.017523600000000000e+02
9.025238286741914600e-03 5.595230781249999800e+02 1.508500679999999900e+02 6.231155625000000100e+02 4.902564400000000000e+01 -6.359248437499999800e+01 1.018244239999999900e+02
9.032372966784559000e-03 5.595407070312500100e+02 1.509401960000000100e+02 6.233272500000000500e+02 4.904328400000000000e+01 -6.378654296874999800e+01 1.018969120000000000e+02
9.036385939896472400e-03 5.595441835937499500e+02 1.509905680000000000e+02 6.234430625000000000e+02 4.905297600000000100e+01 -6.389887890624999800e+01 1.019375920000000000e+02
9.041351937240047300e-03 5.595743671875000000e+02 1.510505840000000100e+02 6.235840624999999600e+02 4.906479199999999700e+01 -6.400969531250000000e+01 1.019857920000000000e+02
9.044146001460848200e-03 5.596253632812500900e+02 1.510821200000000000e+02 6.236648750000000500e+02 4.907167200000000000e+01 -6.403951171875000600e+01 1.020104480000000000e+02
9.047002473816874800e-03 5.597491054687500300e+02 1.511097760000000100e+02 6.237571249999999700e+02 4.907926400000000200e+01 -6.400801953125000000e+01 1.020305120000000000e+02
9.053431161829786400e-03 5.606510273437500000e+02 1.510872440000000000e+02 6.243115625000000400e+02 4.905077200000000200e+01 -6.366053515624999900e+01 1.020364720000000000e+02
9.067894897252909100e-03 5.602860234375000300e+02 1.510696880000000100e+02 6.244120000000000300e+02 4.896370400000000000e+01 -6.412597656250000000e+01 1.021059840000000100e+02
9.100437489349010400e-03 5.588272578124999700e+02 1.516136559999999900e+02 6.243706250000000200e+02 4.913627999999999900e+01 -6.554336718749999600e+01 1.024773760000000100e+02
9.173659134171166200e-03 5.595035625000000400e+02 1.526962560000000100e+02 6.270630625000000000e+02 4.936677600000000200e+01 -6.755950000000000000e+01 1.033294800000000000e+02
9.338408160063385600e-03 5.595067890625000500e+02 1.548275479999999800e+02 6.319544375000000400e+02 4.977665199999999900e+01 -7.244764843750000700e+01 1.050508959999999900e+02
9.709093630842066300e-03 5.594995703125000500e+02 1.596424399999999900e+02 6.431341250000000400e+02 5.071637599999999700e+01 -8.363455468750000000e+01 1.089260640000000000e+02
9.917604411306556500e-03 5.595012968749999800e+02 1.623779519999999900e+02 6.495890624999999500e+02 5.125262399999999700e+01 -9.008776562500000300e+01 1.111253280000000000e+02
1.017563604707204300e-02 5.595023828124999500e+02 1.657613920000000000e+02 6.575573749999999800e+02 5.191823999999999700e+01 -9.805499218750000500e+01 1.138431520000000000e+02
1.029109044715345600e-02 5.595080468749999900e+02 1.672620440000000000e+02 6.610743125000000200e+02 5.221050000000000300e+01 -1.015662656250000000e+02 1.150515440000000100e+02
1.030036845659023200e-02 5.595357109374999700e+02 1.673813999999999900e+02 6.613808749999999500e+02 5.223562400000000100e+01 -1.018451640625000000e+02 1.151457760000000000e+02
1.030558668681367600e-02 5.595914765625000200e+02 1.674488959999999900e+02 6.616041874999999700e+02 5.225265600000000200e+01 -1.020127109375000000e+02 1.151962400000000000e+02
1.030852246950821800e-02 5.597241093750000100e+02 1.674857000000000100e+02 6.618704374999999800e+02 5.226165199999999800e+01 -1.021463281250000000e+02 1.152240480000000000e+02
1.031512733048618900e-02 5.617554453125001100e+02 1.675155639999999800e+02 6.651598750000000600e+02 5.222773200000000300e+01 -1.034044296875000000e+02 1.152878319999999900e+02
1.032998826768663200e-02 5.603128593750000200e+02 1.673741680000000000e+02 6.650113125000000300e+02 5.205781600000000300e+01 -1.046984531250000000e+02 1.153163519999999900e+02
1.036342537638762300e-02 5.585160234375000500e+02 1.678855040000000000e+02 6.647003125000000000e+02 5.224201600000000000e+01 -1.061842890625000000e+02 1.156434880000000000e+02
1.043865903348604200e-02 5.595313671875000000e+02 1.690261840000000000e+02 6.669443750000000400e+02 5.261171999999999800e+01 -1.074130078125000000e+02 1.164144640000000000e+02
1.060793394935155400e-02 5.595128046875000800e+02 1.712294320000000000e+02 6.718786250000000600e+02 5.305512000000000200e+01 -1.123658203125000100e+02 1.181743120000000000e+02
1.098880234752777100e-02 5.594997890624999900e+02 1.762664719999999900e+02 6.835423124999999800e+02 5.402194399999999800e+01 -1.240425234374999900e+02 1.222445280000000000e+02
1.146012808728884500e-02 5.595009531250000200e+02 1.824176800000000200e+02 6.978731874999999700e+02 5.519721599999999700e+01 -1.383722343750000100e+02 1.272204640000000100e+02
1.158063819640822000e-02 5.595039531249999500e+02 1.839719759999999800e+02 7.014418124999999700e+02 5.549050400000000100e+01 -1.419378593749999900e+02 1.284814720000000000e+02
1.161792055635770800e-02 5.595036874999999600e+02 1.844498000000000100e+02 7.025373750000000000e+02 5.558027200000000100e+01 -1.430336875000000100e+02 1.288695280000000000e+02
1.163889229013225800e-02 5.594940625000000400e+02 1.847183400000000100e+02 7.031474375000000200e+02 5.563025199999999900e+01 -1.436533750000000100e+02 1.290880880000000000e+02
1.165068872785925800e-02 5.595005624999998900e+02 1.848689839999999800e+02 7.034908124999999500e+02 5.565836800000000300e+01 -1.439902500000000000e+02 1.292106159999999900e+02
1.165732349273536000e-02 5.595162968749999700e+02 1.849527880000000000e+02 7.036823124999999700e+02 5.567406799999999800e+01 -1.441660156250000000e+02 1.292787199999999900e+02
1.166411037744107300e-02 5.597542343750000100e+02 1.850250200000000100e+02 7.038729375000000300e+02 5.568979600000000100e+01 -1.441187031250000000e+02 1.293352240000000100e+02
1.167937956785944400e-02 5.597407656249999900e+02 1.851801519999999900e+02 7.041730000000000000e+02 5.571300800000000200e+01 -1.444322343750000100e+02 1.294671439999999900e+02
1.171373524630077800e-02 5.593155000000000400e+02 1.856393480000000100e+02 7.050391250000000100e+02 5.579054800000000100e+01 -1.457236250000000000e+02 1.298488000000000100e+02
1.179103552279378100e-02 5.595019531250000000e+02 1.866771159999999800e+02 7.074813124999999400e+02 5.598913999999999900e+01 -1.479793593750000000e+02 1.306879759999999900e+02
1.196496049481829200e-02 5.595015624999999800e+02 1.889249720000000000e+02 7.126678124999999700e+02 5.640971600000000300e+01 -1.531662499999999900e+02 1.325152559999999900e+02
1.235629330708530400e-02 5.595005156249999300e+02 1.939837680000000000e+02 7.244156874999999900e+02 5.734650400000000300e+01 -1.649151718750000000e+02 1.366372639999999900e+02
1.323679148460133400e-02 5.595001875000000400e+02 2.053780720000000000e+02 7.508738750000000000e+02 5.942204000000000300e+01 -1.913736874999999900e+02 1.459560319999999900e+02
1.521791303409714300e-02 5.595011093749999400e+02 2.301185160000000000e+02 8.076666874999999700e+02 6.389285199999999800e+01 -2.481655781250000000e+02 1.662256639999999900e+02
1.581224910889503900e-02 5.595014687499999600e+02 2.368164040000000100e+02 8.233334374999999500e+02 6.520658000000000200e+01 -2.638319687499999900e+02 1.716098240000000000e+02
1.609084422521714700e-02 5.595049687499999900e+02 2.397639479999999700e+02 8.305789999999999500e+02 6.583263599999999400e+01 -2.710740312500000200e+02 1.739313119999999900e+02
1.617703506064073800e-02 5.595014687499999600e+02 2.406424680000000100e+02 8.328346874999999700e+02 6.602710799999999800e+01 -2.733332187500000100e+02 1.746153600000000100e+02
1.622551708052413400e-02 5.594960624999999900e+02 2.411333839999999800e+02 8.341145000000000200e+02 6.613626399999999700e+01 -2.746184375000000300e+02 1.749971200000000000e+02
1.627510164412984000e-02 5.596899062499999200e+02 2.414706760000000300e+02 8.360572499999999500e+02 6.611982799999999800e+01 -2.763673437499999700e+02 1.753508480000000100e+02
1.638666528703082400e-02 5.594707187499999500e+02 2.426874560000000000e+02 8.382743124999999500e+02 6.649577600000000600e+01 -2.788035937500000000e+02 1.761916799999999900e+02
1.663768380860040600e-02 5.595019374999999400e+02 2.450948439999999900e+02 8.449750000000000200e+02 6.707095599999999500e+01 -2.854730625000000300e+02 1.780238880000000000e+02
1.688477971883720400e-02 5.594945625000000300e+02 2.473766000000000000e+02 8.517674375000000300e+02 6.763239199999999600e+01 -2.922728750000000000e+02 1.797442079999999900e+02
1.690463590719460900e-02 5.595841250000000900e+02 2.475330400000000000e+02 8.524136250000000200e+02 6.766606400000000600e+01 -2.928295000000000000e+02 1.798669759999999900e+02
1.694931233099876800e-02 5.594449062500000300e+02 2.478656560000000000e+02 8.536397500000000500e+02 6.773698400000000700e+01 -2.941948437500000200e+02 1.801286719999999900e+02
1.704983363447338700e-02 5.595027812500000000e+02 2.487894559999999700e+02 8.562223125000000400e+02 6.800670399999999900e+01 -2.967195312499999900e+02 1.807827519999999900e+02
1.727600461703705400e-02 5.595000937499999100e+02 2.506779440000000000e+02 8.623569999999999700e+02 6.852063200000000600e+01 -3.028569062500000100e+02 1.821573119999999900e+02
1.778489225318664200e-02 5.595012812499999200e+02 2.547699279999999900e+02 8.762045624999999500e+02 6.966424800000000100e+01 -3.167032812499999700e+02 1.851056800000000100e+02
1.807114146726019100e-02 5.594998124999999600e+02 2.569264880000000100e+02 8.840275000000000300e+02 7.029231199999999500e+01 -3.245276875000000100e+02 1.866341760000000000e+02
1.842537394330545300e-02 5.595037812499999700e+02 2.594638080000000300e+02 8.935969999999999800e+02 7.106643200000000600e+01 -3.340932187500000100e+02 1.883973760000000100e+02
1.862463011738387700e-02 5.595000937499999100e+02 2.608026560000000100e+02 8.987962499999999900e+02 7.149284799999999500e+01 -3.392961562500000200e+02 1.893098080000000000e+02
1.867557595843917500e-02 5.595004687499999800e+02 2.611361680000000000e+02 9.000968749999999500e+02 7.159896799999999900e+01 -3.405964062499999700e+02 1.895372000000000100e+02
1.870423299403278100e-02 5.595011562500000100e+02 2.613158640000000300e+02 9.007896875000000100e+02 7.165432800000000700e+01 -3.412885312500000100e+02 1.896615360000000100e+02
1.871309884974317600e-02 5.595036250000000600e+02 2.613671919999999900e+02 9.009916250000000000e+02 7.166906400000000600e+01 -3.414880000000000000e+02 1.896981280000000000e+02
1.872216623172356900e-02 5.596805625000000600e+02 2.613892319999999900e+02 9.013523125000000400e+02 7.165977599999999400e+01 -3.416717499999999700e+02 1.897294560000000000e+02
1.872726679660872300e-02 5.601265312499999700e+02 2.613439839999999800e+02 9.018824375000000400e+02 7.160537600000000700e+01 -3.417559062500000100e+02 1.897386080000000000e+02
1.873874339264269500e-02 5.606261562500000100e+02 2.611434879999999900e+02 9.026886875000000100e+02 7.139692800000000300e+01 -3.420625312500000100e+02 1.897465599999999900e+02
1.874519873413002500e-02 5.604479062499999600e+02 2.610876640000000200e+02 9.028519999999999800e+02 7.132135999999999900e+01 -3.424040937500000200e+02 1.897663039999999900e+02
1.875972162726466400e-02 5.593643437499999900e+02 2.612466319999999800e+02 9.024728125000000300e+02 7.139376799999999400e+01 -3.431084687499999900e+02 1.898528640000000100e+02
1.877769517020945100e-02 5.590009062500000700e+02 2.613522639999999900e+02 9.026347500000000500e+02 7.140533600000000500e+01 -3.436338437499999800e+02 1.899469280000000100e+02
1.878780528811589000e-02 5.590913437499999600e+02 2.613255679999999800e+02 9.029408124999999900e+02 7.133468800000000000e+01 -3.438494687500000300e+02 1.899908800000000000e+02
1.879349222943826500e-02 5.596428124999999900e+02 2.611634720000000100e+02 9.033893124999999600e+02 7.117715200000000700e+01 -3.437465000000000300e+02 1.899863200000000100e+02
1.879930918770902600e-02 5.606958125000001000e+02 2.608049599999999900e+02 9.040248125000000500e+02 7.087203200000000400e+01 -3.433290000000000100e+02 1.899329280000000000e+02
1.881239539356400700e-02 5.591689375000000800e+02 2.610593999999999800e+02 9.036302500000000500e+02 7.095978399999999900e+01 -3.444613125000000200e+02 1.900996160000000000e+02
1.884184033186482600e-02 5.589519374999999900e+02 2.614708319999999700e+02 9.040178750000000000e+02 7.114595199999999400e+01 -3.450659375000000200e+02 1.903248800000000100e+02
1.890809046791456000e-02 5.595259375000000500e+02 2.621125440000000100e+02 9.053231875000000200e+02 7.142294400000000100e+01 -3.457972500000000200e+02 1.906896000000000100e+02
1.905715359906883600e-02 5.595062500000000200e+02 2.630159919999999800e+02 9.069868125000000400e+02 7.183917599999999500e+01 -3.474805625000000200e+02 1.911768160000000000e+02
1.939254401895409600e-02 5.595089062499998800e+02 2.650770719999999900e+02 9.133591249999999500e+02 7.260566400000000400e+01 -3.538502187500000100e+02 1.924714080000000000e+02
2.014717408890779100e-02 5.594994062499999900e+02 2.692627519999999800e+02 9.308658124999999500e+02 7.393771200000000500e+01 -3.713664062500000100e+02 1.953250400000000000e+02
2.057165472216563500e-02 5.595013750000000500e+02 2.713121840000000000e+02 9.399320000000000200e+02 7.463964000000000000e+01 -3.804306250000000200e+02 1.966725439999999900e+02
2.109694789686248500e-02 5.595000625000000100e+02 2.736801520000000200e+02 9.505601874999999800e+02 7.546541600000000500e+01 -3.910601250000000300e+02 1.982147359999999900e+02
2.110534179105023900e-02 5.594975937499999600e+02 2.737164880000000300e+02 9.507225624999999800e+02 7.547807199999999700e+01 -3.912249687500000200e+02 1.982384160000000000e+02
2.111006400661559500e-02 5.594924375000000500e+02 2.737363679999999700e+02 9.508096249999999800e+02 7.548470399999999400e+01 -3.913171874999999900e+02 1.982516640000000100e+02
2.112068769146816000e-02 5.596485000000000100e+02 2.737521760000000200e+02 9.511309374999999600e+02 7.547590400000000000e+01 -3.914824375000000000e+02 1.982762720000000100e+02
2.114459130742879800e-02 5.594857500000000500e+02 2.738564400000000200e+02 9.513804374999999700e+02 7.551912799999999500e+01 -3.918946874999999700e+02 1.983373120000000000e+02
2.119837541846734600e-02 5.594761562500000300e+02 2.740954719999999700e+02 9.524429999999999800e+02 7.560441600000000100e+01 -3.929668437500000100e+02 1.984910559999999900e+02
2.131938999334645800e-02 5.595040937500000400e+02 2.746053759999999800e+02 9.547757500000000200e+02 7.578100800000000000e+01 -3.952716562499999800e+02 1.988243679999999900e+02
2.159167018648549100e-02 5.594991874999999500e+02 2.757368880000000200e+02 9.599366874999999500e+02 7.617527200000000700e+01 -4.004375000000000000e+02 1.995616159999999900e+02
2.192861690924292500e-02 5.594998437500000800e+02 2.770912000000000100e+02 9.663303750000000000e+02 7.666177600000000300e+01 -4.068305312499999800e+02 2.004294240000000100e+02
2.201476873958200000e-02 5.594992187499999500e+02 2.774220799999999900e+02 9.679378749999999600e+02 7.678289599999999400e+01 -4.084386562500000100e+02 2.006391840000000000e+02
2.212138263725795700e-02 5.594951562500000400e+02 2.778219440000000300e+02 9.699230000000000000e+02 7.693032800000000300e+01 -4.104278437500000200e+02 2.008916160000000000e+02
2.216908325528155500e-02 5.594921875000000000e+02 2.779932159999999600e+02 9.708018750000000000e+02 7.699407999999999700e+01 -4.113096875000000000e+02 2.009991359999999900e+02
2.217751875489279800e-02 5.594870312499999700e+02 2.780224559999999800e+02 9.709521250000000200e+02 7.700485600000000400e+01 -4.114650937499999900e+02 2.010175999999999900e+02
2.218614147890971000e-02 5.594805624999999100e+02 2.780501199999999900e+02 9.710981249999999800e+02 7.701484000000000700e+01 -4.116175625000000200e+02 2.010352800000000000e+02
2.219099371142344700e-02 5.594812500000000500e+02 2.780629040000000000e+02 9.711780625000000100e+02 7.701900000000000500e+01 -4.116968125000000200e+02 2.010439040000000000e+02
2.219372406733954200e-02 5.595105624999998800e+02 2.780659519999999800e+02 9.712464374999999600e+02 7.701820800000000100e+01 -4.117358750000000200e+02 2.010477439999999900e+02
2.219525826733048700e-02 5.595645312500000700e+02 2.780635199999999800e+02 9.713165625000000300e+02 7.701451199999999600e+01 -4.117520312500000200e+02 2.010490079999999900e+02
2.219871151747960000e-02 5.609934062500000200e+02 2.778976559999999800e+02 9.724096875000000200e+02 7.689900000000000100e+01 -4.114162812500000000e+02 2.009986560000000100e+02
2.220648393065407700e-02 5.619077812499999700e+02 2.775197200000000100e+02 9.737533750000000100e+02 7.658562399999999600e+01 -4.118455937499999800e+02 2.009340960000000100e+02
2.222396860987293400e-02 5.594206874999999900e+02 2.777075919999999800e+02 9.724362499999999700e+02 7.670068000000000600e+01 -4.130155624999999900e+02 2.010069120000000000e+02
2.226330913811536100e-02 5.587745625000000000e+02 2.779654640000000000e+02 9.727740625000000100e+02 7.684298400000000100e+01 -4.139995000000000100e+02 2.011224800000000000e+02
2.227548132482319200e-02 5.589437500000000200e+02 2.780061840000000200e+02 9.731188750000000000e+02 7.685856800000000500e+01 -4.141751249999999800e+02 2.011476160000000000e+02
2.228232801732516300e-02 5.593605937500000200e+02 2.779866319999999900e+02 9.735865625000000100e+02 7.683335200000000500e+01 -4.142259687499999900e+02 2.011532800000000000e+02
2.228617911933633600e-02 5.598989999999998900e+02 2.779340640000000300e+02 9.741024374999999500e+02 7.678796800000000600e+01 -4.142034375000000100e+02 2.011460960000000000e+02
2.229011603253344300e-02 5.613664375000000700e+02 2.777579440000000100e+02 9.753448750000000000e+02 7.665752799999999900e+01 -4.139784374999999800e+02 2.011004160000000000e+02
2.229897798773538400e-02 5.606117500000000300e+02 2.776441840000000000e+02 9.752528125000000000e+02 7.654634400000000500e+01 -4.146410624999999800e+02 2.010978399999999900e+02
2.231891738693975500e-02 5.595034375000000200e+02 2.778720159999999700e+02 9.748567500000000300e+02 7.668683199999999500e+01 -4.153533125000000200e+02 2.011851839999999900e+02
2.236378103514959400e-02 5.590684062499999500e+02 2.781351680000000200e+02 9.751991249999999800e+02 7.683268800000000500e+01 -4.161307187500000300e+02 2.013024800000000000e+02
2.241929827211012000e-02 5.594340312500000900e+02 2.782651200000000200e+02 9.762188750000000300e+02 7.686470400000000300e+01 -4.167848437499999900e+02 2.014004160000000100e+02
2.247607667346998200e-02 5.596443124999999600e+02 2.783582400000000200e+02 9.769618124999999500e+02 7.686827200000000500e+01 -4.173175000000000000e+02 2.014899680000000000e+02
2.248406231443981000e-02 5.596775000000000100e+02 2.783547680000000400e+02 9.770780624999999900e+02 7.685465600000000600e+01 -4.174005624999999800e+02 2.015001120000000000e+02
2.249843438791432300e-02 5.601630000000000100e+02 2.781213440000000200e+02 9.775393125000000500e+02 7.664824000000000100e+01 -4.173763124999999800e+02 2.014731040000000100e+02
2.251640012984220500e-02 5.591912500000000800e+02 2.782691679999999800e+02 9.771753750000000300e+02 7.672415999999999800e+01 -4.179841250000000100e+02 2.015450080000000000e+02
2.255682239909519500e-02 5.590885937499999700e+02 2.784569520000000000e+02 9.773269374999999900e+02 7.683623199999999500e+01 -4.182383437500000100e+02 2.016207200000000100e+02
2.264777185482968700e-02 5.595622499999999500e+02 2.788035280000000300e+02 9.781312500000000200e+02 7.702391199999999600e+01 -4.185690000000000200e+02 2.017796160000000000e+02
2.276032232636891800e-02 5.594583437500000400e+02 2.791251040000000200e+02 9.788205625000000500e+02 7.715985600000000500e+01 -4.193622187500000100e+02 2.019652480000000000e+02
2.287543153145236600e-02 5.595204999999999700e+02 2.794773119999999800e+02 9.796986249999999900e+02 7.733907200000000200e+01 -4.201781250000000200e+02 2.021382400000000000e+02
2.301787810010331300e-02 5.595030312500000500e+02 2.798987439999999700e+02 9.809371250000000400e+02 7.753575200000000200e+01 -4.214340937499999900e+02 2.023629919999999900e+02
2.316356209076905100e-02 5.595136562499999400e+02 2.802327679999999600e+02 9.822813125000000100e+02 7.762615999999999900e+01 -4.227676562500000200e+02 2.026066079999999900e+02
2.349135302002119300e-02 5.595003750000000800e+02 2.811850959999999900e+02 9.867624375000000300e+02 7.797818399999999900e+01 -4.272620625000000100e+02 2.032069119999999900e+02
2.389699289728852400e-02 5.594990312499999200e+02 2.822661200000000000e+02 9.921561249999999700e+02 7.834803999999999700e+01 -4.326570937500000000e+02 2.039180800000000000e+02
2.431185097619637300e-02 5.595009062500000700e+02 2.833363279999999800e+02 9.976514375000000400e+02 7.872272800000000400e+01 -4.381505312499999700e+02 2.046135999999999900e+02
2.482523849892957400e-02 5.594987812500000900e+02 2.845655360000000100e+02 1.004010312500000100e+03 7.914441600000000700e+01 -4.445115312500000200e+02 2.054211200000000000e+02
2.511401914298818900e-02 5.594975312499999500e+02 2.851271760000000200e+02 1.006642625000000000e+03 7.926880800000000700e+01 -4.471450937500000000e+02 2.058583680000000100e+02
2.540936304260128800e-02 5.594996874999999400e+02 2.857718879999999900e+02 1.009846437500000000e+03 7.947083200000000100e+01 -4.503467499999999900e+02 2.063010559999999900e+02
2.607388746681551400e-02 5.594982500000001000e+02 2.871345920000000000e+02 1.017641875000000000e+03 7.995292800000000000e+01 -4.581436249999999900e+02 2.071816640000000100e+02
2.672802613719271700e-02 5.595033750000000100e+02 2.883228879999999800e+02 1.025351687500000000e+03 8.043984799999999800e+01 -4.658483125000000200e+02 2.078830399999999900e+02
2.684367101210351600e-02 5.595000937500001300e+02 2.885149760000000500e+02 1.026602062500000100e+03 8.052190400000000600e+01 -4.671019687500000300e+02 2.079930720000000100e+02
2.690871849138068400e-02 5.594988750000000000e+02 2.886202480000000000e+02 1.027294937500000100e+03 8.056733599999999700e+01 -4.677960625000000100e+02 2.080529119999999900e+02
2.692535025941813300e-02 5.594969999999999600e+02 2.886458480000000000e+02 1.027464062500000000e+03 8.057842399999999800e+01 -4.679670625000000000e+02 2.080674239999999900e+02
2.693470627902394200e-02 5.594955312500000000e+02 2.886596720000000000e+02 1.027555875000000000e+03 8.058444000000000100e+01 -4.680603437500000200e+02 2.080752320000000000e+02
2.695575602296752500e-02 5.598725937500000800e+02 2.885810319999999900e+02 1.028058250000000000e+03 8.052191200000000000e+01 -4.681856562500000200e+02 2.080591200000000100e+02
2.696759536628749000e-02 5.596462187500001200e+02 2.885636799999999800e+02 1.028029562500000100e+03 8.050609599999999900e+01 -4.683833437499999900e+02 2.080575839999999900e+02
2.699423843935060800e-02 5.592462500000000300e+02 2.886339120000000100e+02 1.027902000000000000e+03 8.055341599999999900e+01 -4.686557500000000100e+02 2.080804960000000100e+02
2.705417885289520100e-02 5.594680312499999700e+02 2.887640320000000400e+02 1.028426999999999900e+03 8.063728000000000400e+01 -4.689589687500000000e+02 2.081267520000000100e+02
2.712835872262696000e-02 5.595560937500000600e+02 2.888788000000000100e+02 1.029196750000000100e+03 8.069427199999999800e+01 -4.696406562500000100e+02 2.081845280000000000e+02
2.720422361200978600e-02 5.594939062500001200e+02 2.889887760000000300e+02 1.029921250000000100e+03 8.074450400000000600e+01 -4.704273437499999800e+02 2.082442720000000000e+02
2.721489020245531800e-02 5.594859374999999800e+02 2.890004319999999900e+02 1.030007625000000000e+03 8.074975999999999500e+01 -4.705216874999999800e+02 2.082506720000000100e+02
2.722809212339436300e-02 5.595173124999998900e+02 2.889942800000000000e+02 1.030119062499999900e+03 8.074245600000000400e+01 -4.706017499999999800e+02 2.082518240000000000e+02
2.724159568365366200e-02 5.595550937500000800e+02 2.889688320000000200e+02 1.030269375000000100e+03 8.071995200000000600e+01 -4.707142812500000000e+02 2.082488800000000100e+02
2.727197544381337200e-02 5.594496249999999700e+02 2.890170080000000300e+02 1.030363937500000000e+03 8.075204800000000200e+01 -4.709143124999999900e+02 2.082649600000000000e+02
2.734033055425746600e-02 5.595094687500001100e+02 2.891269839999999900e+02 1.031004937500000100e+03 8.081304799999999500e+01 -4.714954687499999900e+02 2.083139360000000100e+02
2.749413020284141600e-02 5.595013124999999300e+02 2.893676720000000300e+02 1.032612500000000000e+03 8.092445600000000600e+01 -4.731111875000000300e+02 2.084432160000000100e+02
2.758064087995803400e-02 5.595080000000000400e+02 2.893974880000000100e+02 1.033344125000000100e+03 8.091988800000000000e+01 -4.738361249999999800e+02 2.084776000000000000e+02
2.762930362339968700e-02 5.594802499999998400e+02 2.894990720000000100e+02 1.033678124999999900e+03 8.098515199999999900e+01 -4.741978750000000100e+02 2.085139200000000100e+02
2.773879609631289100e-02 5.595088124999999800e+02 2.896573280000000100e+02 1.034815875000000000e+03 8.106043200000000600e+01 -4.753070624999999700e+02 2.085968959999999900e+02
2.787429195890316100e-02 5.594973124999999100e+02 2.898581679999999800e+02 1.036208500000000000e+03 8.115104800000000300e+01 -4.767111874999999900e+02 2.087071200000000000e+02
2.801286662283119000e-02 5.594987812500000900e+02 2.900343920000000300e+02 1.037491562500000100e+03 8.122339999999999800e+01 -4.779927812500000100e+02 2.088109920000000000e+02
2.809081698406611800e-02 5.595317499999999900e+02 2.900234399999999900e+02 1.038022250000000000e+03 8.117064000000000600e+01 -4.784905000000000000e+02 2.088528000000000000e+02
2.813466129940061700e-02 5.594264375000000200e+02 2.901085520000000300e+02 1.038127562500000100e+03 8.122378399999999500e+01 -4.787011249999999900e+02 2.088847680000000100e+02
2.823331555949642000e-02 5.595210937500000900e+02 2.902624079999999900e+02 1.039050375000000000e+03 8.129363999999999600e+01 -4.795292812500000000e+02 2.089687680000000100e+02
2.835539887369125900e-02 5.594997499999999500e+02 2.904225280000000000e+02 1.040141562500000000e+03 8.135945599999999400e+01 -4.806418125000000100e+02 2.090630720000000100e+02
2.841002419438586100e-02 5.594998437499998500e+02 2.904803840000000200e+02 1.040557562499999900e+03 8.137905600000000600e+01 -4.810577187499999900e+02 2.091013280000000000e+02
2.842758428343478100e-02 5.596697812499999100e+02 2.904512560000000000e+02 1.040814562500000000e+03 8.134472800000000300e+01 -4.811447812499999900e+02 2.091065280000000000e+02
2.846708863303217700e-02 5.594693125000000000e+02 2.904623599999999900e+02 1.040837000000000000e+03 8.133048800000000300e+01 -4.813676874999999900e+02 2.091318719999999900e+02
2.847931282651936300e-02 5.595406562499999800e+02 2.904377519999999900e+02 1.040961062500000000e+03 8.130069600000000200e+01 -4.814204062499999800e+02 2.091370560000000000e+02
2.848243583361957700e-02 5.596154062499999800e+02 2.904215280000000200e+02 1.041044562500000000e+03 8.128432800000000200e+01 -4.814291562500000100e+02 2.091372000000000100e+02
2.848419366276174600e-02 5.597004999999999200e+02 2.904060319999999800e+02 1.041121562500000000e+03 8.127048000000000600e+01 -4.814210625000000100e+02 2.091355519999999900e+02
2.848814877833162600e-02 5.623095937500000900e+02 2.900140559999999800e+02 1.042931125000000100e+03 8.098210400000000700e+01 -4.806215312499999800e+02 2.090319519999999900e+02
2.849304261626885200e-02 5.629094999999999800e+02 2.896585760000000400e+02 1.043225625000000000e+03 8.069599999999999800e+01 -4.803161250000000000e+02 2.089625760000000100e+02
2.849804826878168200e-02 5.607493437500000900e+02 2.896998560000000100e+02 1.041809625000000100e+03 8.068995200000000500e+01 -4.810602812500000000e+02 2.090099040000000100e+02
2.850931293718978600e-02 5.594698124999999900e+02 2.898743520000000400e+02 1.041265875000000100e+03 8.077696000000000300e+01 -4.817960625000000100e+02 2.090973920000000100e+02
2.853465324043008600e-02 5.590580625000000100e+02 2.897469760000000200e+02 1.041251312500000000e+03 8.057878399999999900e+01 -4.821932499999999800e+02 2.091681920000000000e+02
2.859167087297498000e-02 5.590821875000000300e+02 2.898609999999999900e+02 1.041646312500000000e+03 8.055060000000000300e+01 -4.825641249999999900e+02 2.093103999999999900e+02
2.866222847052472100e-02 5.595300624999999900e+02 2.896015360000000100e+02 1.042254124999999900e+03 8.012904000000000300e+01 -4.827240625000000000e+02 2.094724960000000100e+02
2.873439047721753500e-02 5.594166562500000700e+02 2.896976000000000200e+02 1.042474750000000100e+03 8.012700800000000400e+01 -4.830580937500000100e+02 2.095705920000000000e+02
2.889675824270007700e-02 5.595011250000000000e+02 2.898377840000000000e+02 1.043226687500000000e+03 8.012453600000000600e+01 -4.837255625000000200e+02 2.097132479999999900e+02
2.926207986427312200e-02 5.595028437500000100e+02 2.903676480000000300e+02 1.044619500000000000e+03 8.037304000000000300e+01 -4.851166562500000100e+02 2.099946080000000000e+02
3.008405481298195500e-02 5.594961874999999100e+02 2.913523280000000000e+02 1.047624687499999900e+03 8.088584799999999600e+01 -4.881284999999999700e+02 2.104664799999999900e+02
3.193349909766157700e-02 5.595008124999999400e+02 2.934887360000000200e+02 1.059742999999999900e+03 8.178049599999999900e+01 -5.002421875000000000e+02 2.117082399999999900e+02
3.250567248343771300e-02 5.594990312499999200e+02 2.940782960000000200e+02 1.063685125000000000e+03 8.198978400000000000e+01 -5.041860937500000000e+02 2.120885120000000100e+02
3.309084756405238100e-02 5.595006249999999000e+02 2.946406480000000000e+02 1.067510874999999900e+03 8.217578399999999300e+01 -5.080102499999999800e+02 2.124648640000000100e+02
3.346389739303744900e-02 5.595073749999999100e+02 2.949242239999999800e+02 1.069978625000000000e+03 8.225673600000000400e+01 -5.104712500000000000e+02 2.126674879999999900e+02
3.348447127494994000e-02 5.595911562499999300e+02 2.949017600000000200e+02 1.070221624999999900e+03 8.222969600000000400e+01 -5.106304687499999800e+02 2.126720640000000100e+02
3.349083430440391600e-02 5.596710312499999400e+02 2.948830239999999800e+02 1.070357000000000000e+03 8.221135999999999900e+01 -5.106859687499999700e+02 2.126716639999999900e+02
3.349441497116244900e-02 5.597649999999999900e+02 2.948651039999999700e+02 1.070476375000000000e+03 8.219510400000000100e+01 -5.107113749999999800e+02 2.126699999999999900e+02
3.349807624842898000e-02 5.600054062499998500e+02 2.948279440000000000e+02 1.070713749999999900e+03 8.216411999999999700e+01 -5.107083437499999800e+02 2.126638240000000100e+02
3.350013571689140100e-02 5.603271250000000200e+02 2.947855600000000300e+02 1.070983500000000000e+03 8.213135200000000700e+01 -5.106563750000000300e+02 2.126542080000000100e+02
3.350476952093185000e-02 5.621517812500001100e+02 2.945426560000000200e+02 1.072470125000000100e+03 8.194966399999999900e+01 -5.103183437500000000e+02 2.125929920000000100e+02
3.351519688019235400e-02 5.611075624999999700e+02 2.943945039999999800e+02 1.072168249999999900e+03 8.181960800000000200e+01 -5.110606874999999700e+02 2.125748960000000000e+02
3.353865713835899700e-02 5.593935312500000200e+02 2.944530320000000100e+02 1.071298125000000000e+03 8.183875999999999400e+01 -5.119045937500000000e+02 2.126142720000000000e+02
3.355185385862010500e-02 5.589700000000000300e+02 2.944322320000000000e+02 1.071213375000000000e+03 8.181264799999999600e+01 -5.122433750000000100e+02 2.126195840000000000e+02
3.355593639079940800e-02 5.588952187499999100e+02 2.944145839999999900e+02 1.071239624999999900e+03 8.179610400000000000e+01 -5.123444062500000200e+02 2.126184800000000100e+02
3.356010993484257600e-02 5.589641249999999700e+02 2.943792080000000100e+02 1.071390500000000000e+03 8.176616799999999300e+01 -5.124263750000000100e+02 2.126130400000000100e+02
3.356246064126938000e-02 5.591645000000000900e+02 2.943437119999999800e+02 1.071601000000000100e+03 8.173815999999999300e+01 -5.124365000000000200e+02 2.126055519999999900e+02
3.356774453005176300e-02 5.591153749999999700e+02 2.942868720000000200e+02 1.071720750000000000e+03 8.169204000000000600e+01 -5.126053749999999800e+02 2.125948320000000000e+02
3.357963327981211600e-02 5.581692187500000300e+02 2.943244799999999900e+02 1.071144000000000000e+03 8.171585600000000200e+01 -5.129747812499999800e+02 2.126086239999999900e+02
3.360638556711188100e-02 5.585917187500000400e+02 2.944195760000000100e+02 1.071593875000000000e+03 8.177612000000000600e+01 -5.130021562499999800e+02 2.126434559999999900e+02
3.363949308284870700e-02 5.596558125000000200e+02 2.944791760000000000e+02 1.072568000000000000e+03 8.180500000000000700e+01 -5.129121874999999600e+02 2.126741759999999900e+02
3.364414768960090300e-02 5.599648124999999900e+02 2.944702879999999800e+02 1.072851375000000000e+03 8.179542399999999700e+01 -5.128865624999999700e+02 2.126748640000000100e+02
3.364890891025077600e-02 5.607652812499999300e+02 2.944172879999999900e+02 1.073542250000000000e+03 8.175394400000000400e+01 -5.127769687500000400e+02 2.126633440000000000e+02
3.365962230679771900e-02 5.603901874999999100e+02 2.944139119999999800e+02 1.073433749999999900e+03 8.174284000000000100e+01 -5.130435625000000100e+02 2.126710720000000100e+02
3.368372744902836000e-02 5.598533750000000300e+02 2.944763199999999900e+02 1.073220875000000000e+03 8.178222399999999900e+01 -5.133674999999999500e+02 2.126940960000000000e+02
3.373796271887780800e-02 5.591781562500000300e+02 2.945420240000000300e+02 1.073050500000000100e+03 8.182580000000000100e+01 -5.138723437500000300e+02 2.127162240000000100e+02
3.380507746763430200e-02 5.594614687500001100e+02 2.945949440000000000e+02 1.073571750000000100e+03 8.186123200000000100e+01 -5.141102812499999600e+02 2.127337120000000000e+02
3.384283178910643700e-02 5.595793125000000100e+02 2.946183360000000000e+02 1.073811375000000000e+03 8.187503999999999800e+01 -5.142320624999999800e+02 2.127432959999999900e+02
3.386406615711672800e-02 5.596425312499999300e+02 2.946145280000000100e+02 1.073976375000000000e+03 8.186827200000000500e+01 -5.143338437500000300e+02 2.127462559999999900e+02
3.386949566488129500e-02 5.596750312499999600e+02 2.946086239999999600e+02 1.074036875000000000e+03 8.186271999999999600e+01 -5.143618437500000500e+02 2.127459040000000000e+02
3.387621494077384900e-02 5.599252187500000000e+02 2.945665679999999600e+02 1.074288000000000000e+03 8.182988000000000300e+01 -5.143627812500000100e+02 2.127366879999999900e+02
3.388308763666549000e-02 5.612897187500001300e+02 2.943282239999999800e+02 1.075520500000000100e+03 8.165369599999999700e+01 -5.142307812499999500e+02 2.126745280000000100e+02
3.389854925216747400e-02 5.598508750000000900e+02 2.943733520000000100e+02 1.074729000000000000e+03 8.167053599999999800e+01 -5.148781249999999500e+02 2.127028160000000100e+02
3.393333658687744400e-02 5.590398124999999300e+02 2.944554719999999900e+02 1.074502000000000000e+03 8.171519999999999600e+01 -5.154621875000000300e+02 2.127402720000000000e+02
3.397638779882679300e-02 5.590969374999999700e+02 2.945381679999999800e+02 1.074821124999999900e+03 8.176791199999999500e+01 -5.157241874999999700e+02 2.127702559999999900e+02
3.402041933856696200e-02 5.595718437500000800e+02 2.946248719999999800e+02 1.075304000000000100e+03 8.182380000000000600e+01 -5.157321562500000000e+02 2.128010720000000000e+02
3.411948445221966300e-02 5.596065937499998900e+02 2.946862800000000100e+02 1.075741874999999900e+03 8.185050400000000100e+01 -5.161352812500000500e+02 2.128357760000000100e+02
3.424208003319114500e-02 5.594688437500000200e+02 2.947732560000000000e+02 1.075924000000000000e+03 8.190877600000000300e+01 -5.164551562499999600e+02 2.128644799999999900e+02
3.427342451910787200e-02 5.595328125000000900e+02 2.947916000000000200e+02 1.076056000000000000e+03 8.191806400000000100e+01 -5.165231874999999500e+02 2.128735360000000000e+02
3.429105741764788100e-02 5.599086250000000300e+02 2.947402160000000300e+02 1.076487625000000000e+03 8.186755999999999700e+01 -5.165789999999999500e+02 2.128726560000000100e+02
3.433072818893920900e-02 5.595100624999998900e+02 2.947676800000000400e+02 1.076333249999999900e+03 8.187804800000000700e+01 -5.168231875000000200e+02 2.128896320000000100e+02
3.435304429796006600e-02 5.594850312500000200e+02 2.947647519999999900e+02 1.076424125000000000e+03 8.186503999999999300e+01 -5.169390937499999800e+02 2.128997119999999900e+02
3.436559613415718400e-02 5.596224375000000500e+02 2.947405119999999700e+02 1.076629750000000100e+03 8.183468800000000000e+01 -5.170073125000000100e+02 2.129058240000000000e+02
3.437265605445451200e-02 5.596611562500000900e+02 2.947278959999999900e+02 1.076711375000000100e+03 8.181775199999999900e+01 -5.170502187500000000e+02 2.129101440000000000e+02
3.438139319338600500e-02 5.601071875000001200e+02 2.946627599999999900e+02 1.077167875000000100e+03 8.174919199999999400e+01 -5.170606874999999700e+02 2.129135680000000000e+02
3.439033055841801000e-02 5.609893124999998700e+02 2.944722719999999800e+02 1.077844499999999900e+03 8.157358399999999700e+01 -5.168551875000000600e+02 2.128986879999999900e+02
3.441043637931631000e-02 5.602678125000001000e+02 2.943140159999999800e+02 1.077536250000000100e+03 8.137675199999999600e+01 -5.172684375000000000e+02 2.129372640000000000e+02
3.445567447633750300e-02 5.588285312499999700e+02 2.941946000000000400e+02 1.076976500000000000e+03 8.117922400000000500e+01 -5.181479687500000200e+02 2.130153760000000000e+02
3.451165977431220500e-02 5.592307499999999400e+02 2.942203519999999900e+02 1.077660249999999900e+03 8.112382399999999900e+01 -5.184294999999999600e+02 2.130965280000000100e+02
3.456891403770316600e-02 5.596127500000001200e+02 2.942559599999999600e+02 1.078272875000000100e+03 8.109527199999999400e+01 -5.186601249999999900e+02 2.131606879999999900e+02
3.469774003084126500e-02 5.594320937500000400e+02 2.942708079999999900e+02 1.078754375000000000e+03 8.103391200000000100e+01 -5.193222812499999500e+02 2.132368960000000000e+02
3.498759981557148000e-02 5.594933750000000100e+02 2.945466159999999700e+02 1.079574875000000000e+03 8.118944799999999900e+01 -5.200815000000000100e+02 2.133571680000000000e+02
3.534629837379377200e-02 5.594942812499999700e+02 2.948306800000000300e+02 1.080392499999999900e+03 8.135999200000000500e+01 -5.208982187499999600e+02 2.134706880000000000e+02
3.554806647531500600e-02 5.594976562500000900e+02 2.949739440000000200e+02 1.080853125000000100e+03 8.144767199999999700e+01 -5.213554687500000000e+02 2.135262720000000100e+02
3.557643877379164400e-02 5.594979999999999300e+02 2.949929359999999900e+02 1.080914000000000000e+03 8.145908000000000000e+01 -5.214160000000000500e+02 2.135338559999999900e+02
3.560545855667124300e-02 5.595029374999999200e+02 2.950116400000000000e+02 1.080975124999999900e+03 8.146992799999999600e+01 -5.214721875000000200e+02 2.135417119999999900e+02
3.561443492678776500e-02 5.595000000000000000e+02 2.950180879999999800e+02 1.080987500000000000e+03 8.147399199999999600e+01 -5.214874999999999500e+02 2.135440960000000000e+02
3.561948478506304900e-02 5.594977500000001100e+02 2.950217599999999700e+02 1.080992500000000100e+03 8.147630399999999900e+01 -5.214947499999999500e+02 2.135454560000000000e+02
3.562464905825291100e-02 5.595003437499999600e+02 2.950255520000000000e+02 1.080998624999999900e+03 8.147857600000000400e+01 -5.214982812499999900e+02 2.135469760000000000e+02
3.562755623721881200e-02 5.595088124999999800e+02 2.950280239999999600e+02 1.081003500000000000e+03 8.147992800000000100e+01 -5.214946875000000500e+02 2.135480959999999900e+02
3.562918925009053000e-02 5.595218125000000100e+02 2.950297759999999700e+02 1.081008125000000100e+03 8.148076799999999800e+01 -5.214863125000000500e+02 2.135490079999999900e+02
3.563286612939087200e-02 5.605470312500001500e+02 2.949493200000000000e+02 1.081186875000000100e+03 8.147237599999999700e+01 -5.206398437499999500e+02 2.134769440000000000e+02
3.564114040798610500e-02 5.612860312499999500e+02 2.947750240000000300e+02 1.081354624999999900e+03 8.139073600000000400e+01 -5.200685937499999900e+02 2.133842880000000000e+02
3.565975363431694900e-02 5.594794687500000200e+02 2.948666240000000000e+02 1.080626250000000000e+03 8.140158400000000000e+01 -5.211467812500000000e+02 2.134650399999999900e+02
3.570163469373082600e-02 5.588666250000001100e+02 2.949846159999999600e+02 1.080413250000000100e+03 8.143712800000000100e+01 -5.215466249999999500e+02 2.135474879999999900e+02
3.579586577724255800e-02 5.595842500000001100e+02 2.950836400000000000e+02 1.081030625000000100e+03 8.150239200000000000e+01 -5.214463749999999900e+02 2.135812479999999900e+02
3.600788961565242600e-02 5.595008125000000500e+02 2.952323359999999800e+02 1.081383250000000100e+03 8.159158399999999700e+01 -5.218824375000000400e+02 2.136407519999999900e+02
3.627026901817191600e-02 5.595013125000001500e+02 2.954028720000000000e+02 1.081904500000000100e+03 8.169042399999999300e+01 -5.224031874999999400e+02 2.137124479999999900e+02
3.633735256286080300e-02 5.595020625000000800e+02 2.954425679999999900e+02 1.082029250000000000e+03 8.171175200000000400e+01 -5.225271874999999700e+02 2.137308160000000000e+02
3.637508868196014800e-02 5.595052187499999300e+02 2.954632320000000000e+02 1.082088874999999900e+03 8.172198400000000600e+01 -5.225836562499999900e+02 2.137412480000000100e+02
3.639631524895354400e-02 5.595327812500000800e+02 2.954733840000000100e+02 1.082112875000000000e+03 8.172576800000000200e+01 -5.225800937499999500e+02 2.137476159999999900e+02
3.640288110484699700e-02 5.595619062499999900e+02 2.954760240000000000e+02 1.082123750000000000e+03 8.172620000000000600e+01 -5.225618437499999800e+02 2.137498239999999900e+02
3.640959778040057900e-02 5.596704687500000500e+02 2.954738240000000400e+02 1.082175375000000000e+03 8.172273599999999800e+01 -5.225049062499999800e+02 2.137510880000000100e+02
3.642470835014192200e-02 5.603318437499999600e+02 2.953396480000000100e+02 1.082298000000000000e+03 8.166527999999999600e+01 -5.219661562500000400e+02 2.136743679999999900e+02
3.645871038248365400e-02 5.591901562499999700e+02 2.954033519999999800e+02 1.081786875000000000e+03 8.166546400000000000e+01 -5.225967187500000400e+02 2.137378880000000000e+02
3.653520975457459600e-02 5.594031250000000500e+02 2.954873840000000200e+02 1.081962375000000100e+03 8.171234400000000200e+01 -5.225592500000000200e+02 2.137750399999999900e+02
3.670733659220294000e-02 5.595221874999999700e+02 2.955998000000000200e+02 1.082422000000000000e+03 8.176637599999999400e+01 -5.228998125000000500e+02 2.138334240000000100e+02
3.709462327703620000e-02 5.595006562500000200e+02 2.958291840000000000e+02 1.083356000000000000e+03 8.187470399999999400e+01 -5.238553437499999700e+02 2.139544799999999900e+02
3.721443909565120400e-02 5.595002500000001600e+02 2.958934639999999900e+02 1.083662375000000100e+03 8.190196000000000300e+01 -5.241621249999999500e+02 2.139915039999999900e+02
3.728183468101620900e-02 5.595012500000001400e+02 2.959280640000000100e+02 1.083835250000000100e+03 8.191526399999999300e+01 -5.243339999999999500e+02 2.140128000000000000e+02
3.729906712735520100e-02 5.595026249999999700e+02 2.959367199999999800e+02 1.083876000000000000e+03 8.191825600000000000e+01 -5.243733750000000100e+02 2.140184639999999900e+02
3.732039250722935700e-02 5.595476249999999300e+02 2.959458480000000100e+02 1.083908375000000000e+03 8.191930399999999700e+01 -5.243607500000000500e+02 2.140265440000000000e+02
3.734220155015150600e-02 5.595383125000000700e+02 2.959445519999999900e+02 1.083892000000000100e+03 8.191408800000000700e+01 -5.243536874999999800e+02 2.140304639999999900e+02
3.739127254681109300e-02 5.594491250000000900e+02 2.959678559999999800e+02 1.083972375000000100e+03 8.192217599999999300e+01 -5.245232499999999600e+02 2.140456800000000000e+02
3.750168293937989500e-02 5.595082499999999800e+02 2.960321759999999900e+02 1.084355000000000000e+03 8.194737600000000600e+01 -5.248467500000000400e+02 2.140848000000000000e+02
3.775010372232074500e-02 5.595014374999999500e+02 2.961586639999999900e+02 1.085203125000000000e+03 8.198821599999999400e+01 -5.257016875000000500e+02 2.141704479999999900e+02
3.830905438444609500e-02 5.594999374999999900e+02 2.964269600000000100e+02 1.087430875000000000e+03 8.205689599999999500e+01 -5.279309375000000300e+02 2.143700640000000100e+02
3.956669272414339200e-02 5.595003750000000800e+02 2.969779919999999700e+02 1.092483750000000100e+03 8.217752799999999500e+01 -5.329833750000000200e+02 2.148004640000000100e+02
4.239638158880128200e-02 5.595000625000001300e+02 2.979623920000000200e+02 1.101386625000000100e+03 8.220797600000000200e+01 -5.418865624999999700e+02 2.157544159999999900e+02
4.261523911801827500e-02 5.594985624999999300e+02 2.980322959999999700e+02 1.102040000000000000e+03 8.221018399999999800e+01 -5.425414375000000300e+02 2.158221120000000000e+02
4.273834696576638700e-02 5.595018749999999300e+02 2.980708960000000000e+02 1.102393624999999900e+03 8.221254399999999400e+01 -5.428917500000000000e+02 2.158583520000000000e+02
4.280759659281537000e-02 5.595053125000000600e+02 2.980915200000000000e+02 1.102590500000000000e+03 8.221443200000000200e+01 -5.430851874999999600e+02 2.158770879999999900e+02
4.287841682460085500e-02 5.595386874999999200e+02 2.980993680000000300e+02 1.102894624999999900e+03 8.220728800000000500e+01 -5.433559374999999800e+02 2.158920799999999900e+02
4.290032728074274400e-02 5.596308125000001600e+02 2.980825840000000000e+02 1.103112125000000100e+03 8.219072799999999300e+01 -5.434813124999999400e+02 2.158918559999999900e+02
4.290593101121815300e-02 5.597013125000000900e+02 2.980712479999999700e+02 1.103207875000000100e+03 8.218185599999999600e+01 -5.435065624999999700e+02 2.158893919999999900e+02
4.291286351490605800e-02 5.600238749999999800e+02 2.980271119999999900e+02 1.103489750000000000e+03 8.215207200000000400e+01 -5.434658749999999800e+02 2.158750400000000100e+02
4.291463694608203100e-02 5.601800624999999600e+02 2.980075360000000200e+02 1.103608999999999900e+03 8.213950400000000200e+01 -5.434289374999999600e+02 2.158680320000000000e+02
4.291682903183181200e-02 5.606292499999999600e+02 2.979566720000000300e+02 1.103914749999999900e+03 8.210838400000000100e+01 -5.432854999999999600e+02 2.158482880000000000e+02
4.291907312436093300e-02 5.629170000000000300e+02 2.977307759999999900e+02 1.105401875000000000e+03 8.197135199999999600e+01 -5.424848749999999900e+02 2.157594240000000000e+02
4.292412038229725300e-02 5.679241250000000000e+02 2.970730879999999800e+02 1.108896500000000100e+03 8.155809600000000600e+01 -5.409723750000000600e+02 2.155149920000000100e+02
4.292695995244998800e-02 5.660735625000000900e+02 2.969918480000000000e+02 1.107735750000000100e+03 8.149922399999999800e+01 -5.416621874999999600e+02 2.154926240000000100e+02
4.293334898529364800e-02 5.606014374999999700e+02 2.969340159999999900e+02 1.104093750000000000e+03 8.142888000000000700e+01 -5.434923125000000300e+02 2.155051359999999900e+02
4.294772105876815800e-02 5.598194374999999400e+02 2.970933440000000000e+02 1.104001874999999900e+03 8.150454399999999600e+01 -5.441824374999999900e+02 2.155887999999999900e+02
4.296550997764623400e-02 5.583935625000000300e+02 2.971828960000000300e+02 1.103382875000000000e+03 8.155054400000000200e+01 -5.449893124999999800e+02 2.156323520000000000e+02
4.297551608199396600e-02 5.573749999999998900e+02 2.971917760000000000e+02 1.102878999999999900e+03 8.154926399999999400e+01 -5.455040000000000200e+02 2.156425120000000100e+02
4.298574841583189400e-02 5.578808750000000600e+02 2.970816720000000300e+02 1.103500500000000100e+03 8.146876000000000300e+01 -5.456196250000000400e+02 2.156129119999999900e+02
4.300877181705196200e-02 5.577344375000001300e+02 2.971621040000000000e+02 1.103813000000000100e+03 8.151666400000000600e+01 -5.460785624999999800e+02 2.156454400000000100e+02
4.306057576996660100e-02 5.595932500000001300e+02 2.974477200000000000e+02 1.105582000000000100e+03 8.170413600000000500e+01 -5.459887499999999800e+02 2.157435840000000000e+02
4.312468452687643500e-02 5.594780624999999600e+02 2.971408400000000300e+02 1.106021874999999900e+03 8.152000800000000400e+01 -5.465438124999999400e+02 2.156208320000000100e+02
4.316074602768058700e-02 5.588220625000000200e+02 2.972139359999999900e+02 1.105844875000000000e+03 8.156710400000000000e+01 -5.470228124999999900e+02 2.156468319999999900e+02
4.318102867162869300e-02 5.588963750000000300e+02 2.972474080000000100e+02 1.105997000000000100e+03 8.159068800000000000e+01 -5.471006250000000400e+02 2.156567200000000100e+02
4.320177417591305300e-02 5.594862499999999300e+02 2.972571120000000100e+02 1.106565750000000000e+03 8.159688800000000700e+01 -5.470795000000000500e+02 2.156602240000000000e+02
4.324845026038338200e-02 5.596309999999999700e+02 2.973340559999999800e+02 1.106820125000000000e+03 8.165301599999999400e+01 -5.471891249999999900e+02 2.156810400000000000e+02
4.335347275061109800e-02 5.594946250000001600e+02 2.975091760000000200e+02 1.107113250000000100e+03 8.177956000000000400e+01 -5.476186249999999500e+02 2.157296159999999900e+02
4.358977335362346200e-02 5.595003124999999500e+02 2.978586239999999600e+02 1.107672875000000000e+03 8.203950399999999400e+01 -5.481725625000000300e+02 2.158191200000000000e+02
4.372269228029673100e-02 5.595331875000000500e+02 2.979583200000000100e+02 1.108036250000000100e+03 8.210214399999999600e+01 -5.485030625000000600e+02 2.158561760000000000e+02
4.402175726497262900e-02 5.595014999999999600e+02 2.981869920000000300e+02 1.108271000000000000e+03 8.227900800000000500e+01 -5.487694999999999900e+02 2.159079840000000000e+02
4.418998359414941200e-02 5.595048124999999600e+02 2.982828000000000100e+02 1.108512250000000000e+03 8.234600000000000400e+01 -5.490074375000000400e+02 2.159368000000000100e+02
4.428460992918423200e-02 5.595186875000000600e+02 2.983172799999999800e+02 1.108855250000000100e+03 8.235889600000000100e+01 -5.493365625000000100e+02 2.159583840000000000e+02
4.449752048318208300e-02 5.594974999999999500e+02 2.984314319999999700e+02 1.109025500000000000e+03 8.243480800000000400e+01 -5.495280000000000200e+02 2.159966240000000000e+02
4.461728169467876800e-02 5.595041249999999300e+02 2.984856800000000000e+02 1.109155999999999900e+03 8.246768000000000100e+01 -5.496518750000000200e+02 2.160180000000000000e+02
4.483285499577954100e-02 5.594383749999999500e+02 2.984674640000000100e+02 1.111311124999999900e+03 8.235667999999999700e+01 -5.518727500000000000e+02 2.161107840000000000e+02
4.510232292232500100e-02 5.594965000000000800e+02 2.986300959999999800e+02 1.111969250000000100e+03 8.246004800000000000e+01 -5.524727500000000200e+02 2.161700480000000100e+02
4.570861795603538300e-02 5.594994374999998900e+02 2.989024080000000400e+02 1.112730624999999900e+03 8.262139999999999400e+01 -5.532311875000000300e+02 2.162810080000000100e+02
4.707278178188373200e-02 5.594984999999999200e+02 2.994274399999999900e+02 1.114957249999999900e+03 8.290385600000000500e+01 -5.554587500000000100e+02 2.165235840000000000e+02
4.784012100854209000e-02 5.595000000000000000e+02 2.996926800000000000e+02 1.115675000000000000e+03 8.303624800000000100e+01 -5.561749999999999500e+02 2.166564320000000000e+02
4.857389505980529800e-02 5.594983750000000100e+02 2.999312800000000200e+02 1.116564875000000000e+03 8.312435200000000200e+01 -5.570665000000000200e+02 2.168069280000000000e+02
4.868180392628716800e-02 5.595009374999999600e+02 2.999659040000000200e+02 1.116742999999999900e+03 8.313327999999999900e+01 -5.572420624999999700e+02 2.168326240000000100e+02
4.874250103847136600e-02 5.595080624999999400e+02 2.999842640000000000e+02 1.116866000000000000e+03 8.313645599999999500e+01 -5.573579375000000500e+02 2.168478079999999900e+02
4.887907084105529800e-02 5.595116249999998700e+02 3.000221599999999900e+02 1.117276249999999900e+03 8.313526400000000600e+01 -5.577646250000000200e+02 2.168868960000000100e+02
4.904807727192239700e-02 5.594960625000001100e+02 3.000805679999999700e+02 1.117529375000000100e+03 8.315317600000000200e+01 -5.580333124999999700e+02 2.169273920000000000e+02
4.914314046390379900e-02 5.595146874999999200e+02 3.001098000000000100e+02 1.117736375000000000e+03 8.315868000000000400e+01 -5.582216875000000300e+02 2.169511200000000000e+02
4.916744843257391000e-02 5.595366249999999600e+02 3.001155440000000000e+02 1.117827000000000000e+03 8.315762399999999800e+01 -5.582903750000000400e+02 2.169579200000000000e+02
4.919752915375234100e-02 5.596484375000001100e+02 3.001100079999999900e+02 1.118107500000000100e+03 8.314127200000000100e+01 -5.584590624999999600e+02 2.169687360000000100e+02
4.922829116374030000e-02 5.595664375000000100e+02 3.001051120000000200e+02 1.118287750000000000e+03 8.312341600000000600e+01 -5.587213124999999500e+02 2.169816960000000000e+02
4.926636012622752400e-02 5.593990625000000100e+02 3.001203120000000100e+02 1.118311375000000000e+03 8.312421600000000400e+01 -5.589123124999999800e+02 2.169960959999999900e+02
4.928777651796555100e-02 5.593996875000000300e+02 3.001223280000000400e+02 1.118411125000000100e+03 8.311853600000000600e+01 -5.590114375000000600e+02 2.170037920000000000e+02
4.930967657275157200e-02 5.599052500000001400e+02 3.000681520000000000e+02 1.119131000000000100e+03 8.305440799999999500e+01 -5.592257499999999500e+02 2.170137440000000000e+02
4.935895299618960800e-02 5.594023750000000100e+02 3.001068240000000200e+02 1.119075750000000000e+03 8.306626400000000400e+01 -5.596733749999999600e+02 2.170405600000000000e+02
4.938666740890742400e-02 5.593363750000000900e+02 3.001246160000000000e+02 1.119163250000000100e+03 8.307139999999999700e+01 -5.598268749999999700e+02 2.170532159999999900e+02
4.939524332682291400e-02 5.594022499999998700e+02 3.001261999999999800e+02 1.119278624999999900e+03 8.306914399999999400e+01 -5.598763750000000500e+02 2.170570559999999900e+02
4.940006955594698100e-02 5.594791874999999700e+02 3.001248319999999700e+02 1.119388375000000000e+03 8.306558400000000100e+01 -5.599091875000000300e+02 2.170592480000000000e+02
4.940499979862974400e-02 5.596838749999999400e+02 3.001166160000000200e+02 1.119637125000000000e+03 8.305495200000000000e+01 -5.599532500000000300e+02 2.170616640000000100e+02
4.940777696064725700e-02 5.599261875000000800e+02 3.001051679999999900e+02 1.119912250000000100e+03 8.304211200000000300e+01 -5.599860625000000000e+02 2.170630559999999900e+02
4.941401777416974700e-02 5.598786874999998400e+02 3.000961519999999600e+02 1.119992749999999900e+03 8.302941599999999800e+01 -5.601140625000000500e+02 2.170667359999999900e+02
4.942807000595123700e-02 5.595923749999999500e+02 3.001210160000000000e+02 1.119865749999999900e+03 8.304547999999999800e+01 -5.602733749999999900e+02 2.170755360000000000e+02
4.945967452576473900e-02 5.593670000000000800e+02 3.001504640000000000e+02 1.119789250000000000e+03 8.306072000000000300e+01 -5.604222499999999600e+02 2.170897440000000000e+02
4.953079379653150400e-02 5.594024375000000200e+02 3.001944800000000000e+02 1.119915000000000000e+03 8.308603200000000300e+01 -5.605125624999999400e+02 2.171084480000000100e+02
4.969081345592620700e-02 5.595160000000000800e+02 3.002563200000000200e+02 1.120200250000000100e+03 8.311928000000000300e+01 -5.606842500000000200e+02 2.171370400000000100e+02
5.005084598803893900e-02 5.594994999999999000e+02 3.003965680000000000e+02 1.120792999999999900e+03 8.318156000000000500e+01 -5.612934999999999900e+02 2.172150080000000100e+02
5.040526178798142300e-02 5.595019375000000500e+02 3.005222320000000300e+02 1.121441125000000100e+03 8.322909599999999800e+01 -5.619391875000000000e+02 2.172931360000000000e+02
5.046791435506933100e-02 5.595015624999999800e+02 3.005431519999999600e+02 1.121548125000000000e+03 8.323625599999999700e+01 -5.620465625000000500e+02 2.173068959999999900e+02
5.050315934943762400e-02 5.595044374999999900e+02 3.005545680000000200e+02 1.121606125000000000e+03 8.323992800000000600e+01 -5.621016875000000300e+02 2.173146400000000000e+02
5.053920004753002800e-02 5.596594374999999700e+02 3.004870560000000000e+02 1.121680875000000000e+03 8.319400000000000300e+01 -5.620214375000000500e+02 2.172930560000000100e+02
5.062030461993279100e-02 5.593501249999999300e+02 3.005448400000000200e+02 1.121518750000000000e+03 8.322151200000000400e+01 -5.621686250000000200e+02 2.173233280000000000e+02
5.080277560597466800e-02 5.595197500000000400e+02 3.006254880000000200e+02 1.121931250000000100e+03 8.325163200000000100e+01 -5.624115000000000500e+02 2.173738559999999900e+02
5.121334312558580000e-02 5.595002500000000500e+02 3.007636159999999600e+02 1.122599750000000100e+03 8.328790399999999700e+01 -5.630995000000000300e+02 2.174757119999999900e+02
5.172142335648591300e-02 5.595034375000000200e+02 3.009189360000000300e+02 1.123339625000000100e+03 8.332157599999999300e+01 -5.638361875000000500e+02 2.175973600000000100e+02
5.200721621107063500e-02 5.595010000000000900e+02 3.010000320000000300e+02 1.123677750000000100e+03 8.333552000000000200e+01 -5.641767499999999700e+02 2.176645120000000000e+02
5.208028573606318000e-02 5.595014375000000700e+02 3.010206079999999800e+02 1.123772500000000000e+03 8.333881599999999400e+01 -5.642710624999999700e+02 2.176817920000000000e+02
5.217071512400413300e-02 5.595462500000001000e+02 3.010433120000000100e+02 1.124017250000000100e+03 8.333718399999999300e+01 -5.644710000000000000e+02 2.177061280000000100e+02
5.226319877972956900e-02 5.594639999999999400e+02 3.010707760000000200e+02 1.124153624999999900e+03 8.334000799999999700e+01 -5.646896249999999800e+02 2.177307680000000100e+02
5.247128310460335400e-02 5.595056874999999100e+02 3.011325600000000100e+02 1.124506500000000000e+03 8.335270400000000300e+01 -5.650008125000000500e+02 2.177798560000000000e+02
5.293947413573885800e-02 5.594980000000000500e+02 3.012682240000000300e+02 1.125148875000000100e+03 8.338008000000000700e+01 -5.656508750000000400e+02 2.178881440000000100e+02
5.399290265562425200e-02 5.595107500000001400e+02 3.015724640000000200e+02 1.126661250000000100e+03 8.342972799999999700e+01 -5.671504999999999700e+02 2.181427360000000100e+02
5.458545229755133700e-02 5.595002499999999400e+02 3.017408320000000100e+02 1.127435874999999900e+03 8.345596799999999900e+01 -5.679356249999999600e+02 2.182848640000000000e+02
5.491876374643191200e-02 5.595068749999999200e+02 3.018345120000000200e+02 1.127888250000000000e+03 8.346912000000000400e+01 -5.683813750000000500e+02 2.183653920000000100e+02
5.502188278853527300e-02 5.595164999999999500e+02 3.018626560000000200e+02 1.128077874999999900e+03 8.346984000000000500e+01 -5.685613750000000000e+02 2.183928160000000100e+02
5.504825022566781800e-02 5.595311874999999900e+02 3.018692479999999700e+02 1.128154874999999900e+03 8.346846399999999700e+01 -5.686236874999999600e+02 2.184007839999999900e+02
5.510757435887706600e-02 5.596807499999999900e+02 3.018512880000000100e+02 1.128702125000000000e+03 8.342101599999999500e+01 -5.690213750000000300e+02 2.184302720000000000e+02
5.514094190851066800e-02 5.595540000000000900e+02 3.018483440000000000e+02 1.128839625000000100e+03 8.339973600000000400e+01 -5.692856249999999800e+02 2.184486080000000100e+02
5.521601889518627800e-02 5.592844374999999700e+02 3.018465360000000100e+02 1.129216500000000000e+03 8.335397600000000300e+01 -5.699320625000000300e+02 2.184925600000000000e+02
5.530893420718036700e-02 5.594323749999998700e+02 3.019113999999999600e+02 1.129422499999999900e+03 8.338840799999999800e+01 -5.699901250000000300e+02 2.185229919999999900e+02
5.533268570331138800e-02 5.595119999999999400e+02 3.019255999999999700e+02 1.129504124999999900e+03 8.339649599999999900e+01 -5.699921249999999900e+02 2.185291039999999900e+02
5.534605144560540000e-02 5.595916250000001400e+02 3.019345680000000100e+02 1.129583000000000100e+03 8.340276000000000100e+01 -5.699913749999999500e+02 2.185318080000000100e+02
5.535356642522207300e-02 5.596582499999999500e+02 3.019404319999999900e+02 1.129648124999999900e+03 8.340747199999999900e+01 -5.699898749999999800e+02 2.185329600000000000e+02
5.536287043804852300e-02 5.603353124999998700e+02 3.019284640000000200e+02 1.130144624999999900e+03 8.341217600000000200e+01 -5.698093125000000300e+02 2.185162880000000000e+02
5.537238247799238600e-02 5.605545625000000900e+02 3.018836000000000000e+02 1.130313000000000100e+03 8.339614400000000700e+01 -5.697584375000000100e+02 2.184874560000000100e+02
5.539378326769661000e-02 5.595045000000001200e+02 3.018918640000000000e+02 1.129676750000000100e+03 8.339101599999999300e+01 -5.701722499999999600e+02 2.185008479999999900e+02
5.544194674605646600e-02 5.591140624999999300e+02 3.019121440000000100e+02 1.129393875000000000e+03 8.339552000000000500e+01 -5.702798125000000500e+02 2.185166240000000100e+02
5.555030287084079100e-02 5.595218750000000200e+02 3.019682159999999800e+02 1.129809500000000100e+03 8.342868000000000000e+01 -5.702876250000000500e+02 2.185395360000000000e+02
5.579411065245291900e-02 5.595009374999999600e+02 3.020716320000000200e+02 1.130113625000000000e+03 8.346811200000000500e+01 -5.706126874999999900e+02 2.186035200000000000e+02
5.609582278219793500e-02 5.595004999999999900e+02 3.021702880000000300e+02 1.130508624999999900e+03 8.349990400000000100e+01 -5.710081249999999500e+02 2.186703840000000100e+02
5.626553650526425200e-02 5.595031874999999700e+02 3.022219680000000000e+02 1.130750000000000000e+03 8.351665599999999800e+01 -5.712468125000000300e+02 2.187053119999999900e+02
5.636100014944667900e-02 5.595049375000001000e+02 3.022513359999999800e+02 1.130894500000000100e+03 8.352680800000000300e+01 -5.713895625000000100e+02 2.187245279999999900e+02
5.641470234980774900e-02 5.595082499999999800e+02 3.022682080000000200e+02 1.130985500000000000e+03 8.353336000000000200e+01 -5.714772500000000300e+02 2.187348480000000000e+02
5.646961630812776700e-02 5.595448750000000500e+02 3.022882399999999700e+02 1.131137750000000100e+03 8.354526400000000300e+01 -5.715928750000000500e+02 2.187429760000000000e+02
5.659318441587316700e-02 5.595177499999998600e+02 3.023199680000000200e+02 1.131429249999999900e+03 8.357467200000000700e+01 -5.719115000000000500e+02 2.187452960000000000e+02
5.687121265830031400e-02 5.594928125000001300e+02 3.023995279999999800e+02 1.131814000000000100e+03 8.359888800000000200e+01 -5.723211874999999500e+02 2.188006399999999900e+02
5.721526870779545400e-02 5.595005625000001100e+02 3.025026879999999800e+02 1.132278250000000100e+03 8.362188799999999800e+01 -5.727776874999999600e+02 2.188807999999999900e+02
5.740880153580595800e-02 5.595086250000000500e+02 3.025584240000000000e+02 1.132559250000000000e+03 8.363237599999999400e+01 -5.730506249999999700e+02 2.189260480000000100e+02
5.760673413734981900e-02 5.594056875000000000e+02 3.025555039999999800e+02 1.133621374999999900e+03 8.352617600000000700e+01 -5.742156874999999400e+02 2.190293279999999900e+02
5.805207859031505400e-02 5.594983125000000000e+02 3.027248080000000000e+02 1.134217625000000000e+03 8.359941600000000500e+01 -5.747193125000000000e+02 2.191253920000000100e+02
5.860318923045276800e-02 5.595018125000000300e+02 3.028988239999999900e+02 1.134905375000000000e+03 8.365458400000000000e+01 -5.754035625000000200e+02 2.192442399999999900e+02
5.916682830373690100e-02 5.594905625000000100e+02 3.030607039999999900e+02 1.135831750000000100e+03 8.367480000000000500e+01 -5.763411875000000500e+02 2.193859040000000100e+02
5.948387723271343600e-02 5.595023124999999000e+02 3.031543279999999600e+02 1.136213749999999900e+03 8.369840800000000100e+01 -5.767114374999999900e+02 2.194559199999999900e+02
6.019723342240222000e-02 5.594949999999998900e+02 3.033609440000000200e+02 1.137288749999999900e+03 8.373683200000000700e+01 -5.777937500000000500e+02 2.196241120000000000e+02
6.108000689651499300e-02 5.595000625000000100e+02 3.036236000000000100e+02 1.138297875000000000e+03 8.381547200000000000e+01 -5.787978124999999600e+02 2.198081280000000100e+02
6.130571631891189300e-02 5.594999375000001000e+02 3.036898880000000000e+02 1.138560500000000000e+03 8.383419200000000200e+01 -5.790605624999999500e+02 2.198556959999999900e+02
6.137554582155067100e-02 5.595003749999999600e+02 3.037103520000000000e+02 1.138640625000000000e+03 8.383971200000000600e+01 -5.791402500000000400e+02 2.198706400000000100e+02
6.144696153095975700e-02 5.595015624999999800e+02 3.037312559999999700e+02 1.138721000000000000e+03 8.384528799999999600e+01 -5.792194375000000300e+02 2.198859679999999900e+02
6.146905921150731800e-02 5.595025624999999500e+02 3.037377760000000000e+02 1.138745249999999900e+03 8.384699200000000000e+01 -5.792426874999999900e+02 2.198907840000000000e+02
6.148148363109502700e-02 5.595064999999999600e+02 3.037416640000000100e+02 1.138760125000000000e+03 8.384806399999999400e+01 -5.792536250000000600e+02 2.198935999999999900e+02
6.148847854291815400e-02 5.595105624999999900e+02 3.037440159999999900e+02 1.138769000000000000e+03 8.384873600000000200e+01 -5.792584375000000100e+02 2.198952800000000100e+02
6.149562427440141000e-02 5.595207499999999100e+02 3.037469360000000100e+02 1.138780749999999900e+03 8.384967199999999800e+01 -5.792599999999999900e+02 2.198972640000000100e+02
6.149964959912342100e-02 5.595340625000000000e+02 3.037491760000000300e+02 1.138790375000000000e+03 8.385047199999999600e+01 -5.792563125000000400e+02 2.198987040000000100e+02
6.150191189402532500e-02 5.595487500000000400e+02 3.037509599999999600e+02 1.138798125000000000e+03 8.385113599999999700e+01 -5.792493749999999900e+02 2.198998240000000000e+02
6.150699815704615400e-02 5.606573750000000000e+02 3.036736720000000100e+02 1.138994625000000000e+03 8.384736800000000300e+01 -5.783372500000000400e+02 2.198263039999999900e+02
6.151845004985993800e-02 5.606325625000000600e+02 3.035990480000000400e+02 1.139004500000000000e+03 8.380645599999999700e+01 -5.783719374999999400e+02 2.197925920000000100e+02
6.154421940902990400e-02 5.592674374999999100e+02 3.036739680000000000e+02 1.138463874999999900e+03 8.380542400000000200e+01 -5.791964375000000000e+02 2.198685440000000100e+02
6.160219656665388100e-02 5.591125000000000700e+02 3.037248240000000100e+02 1.138327125000000000e+03 8.381866399999999800e+01 -5.792146249999999600e+02 2.199061600000000000e+02
6.173265037198576900e-02 5.595757499999999700e+02 3.037794720000000000e+02 1.138822625000000000e+03 8.384515199999999900e+01 -5.792468750000000500e+02 2.199343200000000100e+02
6.177300763276456800e-02 5.595573125000000800e+02 3.037907200000000200e+02 1.138856250000000000e+03 8.384777599999999600e+01 -5.792989374999999700e+02 2.199429440000000100e+02
6.179570859195263700e-02 5.595278750000001100e+02 3.037968640000000300e+02 1.138862000000000100e+03 8.384886400000000600e+01 -5.793341249999999700e+02 2.199480000000000100e+02
6.181892441825632300e-02 5.595056874999999100e+02 3.038042880000000400e+02 1.138870249999999900e+03 8.385044800000000000e+01 -5.793645625000000300e+02 2.199538400000000100e+02
6.183198332055214000e-02 5.595205624999999800e+02 3.038105600000000100e+02 1.138887125000000000e+03 8.385240000000000300e+01 -5.793665624999999900e+02 2.199581599999999900e+02
6.183933187847488000e-02 5.595833125000000300e+02 3.038169279999999600e+02 1.138918750000000000e+03 8.385500799999999800e+01 -5.793354375000000100e+02 2.199619199999999900e+02
6.185585963295362600e-02 5.602309374999999800e+02 3.037444479999999800e+02 1.139070375000000000e+03 8.383052800000000100e+01 -5.788394375000000300e+02 2.199139199999999900e+02
6.189304968086975500e-02 5.592839375000000900e+02 3.037639920000000300e+02 1.138530625000000100e+03 8.381389600000000000e+01 -5.792466875000000100e+02 2.199500960000000000e+02
6.197672338817261000e-02 5.593733750000000100e+02 3.038080160000000100e+02 1.138632000000000100e+03 8.383065600000000500e+01 -5.792586250000000500e+02 2.199773600000000000e+02
6.216499833079040100e-02 5.595244374999999800e+02 3.038725200000000100e+02 1.138970750000000000e+03 8.385071200000000100e+01 -5.794463124999999800e+02 2.200218079999999900e+02
6.258860915066355400e-02 5.594969374999999400e+02 3.039991519999999800e+02 1.139403875000000000e+03 8.387700800000000400e+01 -5.799069375000000300e+02 2.201221439999999900e+02
6.354173739588658800e-02 5.595010000000000900e+02 3.042806959999999800e+02 1.140725625000000000e+03 8.393437600000000000e+01 -5.812246249999999500e+02 2.203463199999999900e+02
6.568627854797738600e-02 5.594999374999999900e+02 3.048832479999999800e+02 1.143215500000000000e+03 8.406081600000000300e+01 -5.837155625000000300e+02 2.208224319999999900e+02
6.689258099577420600e-02 5.595004999999998700e+02 3.052212720000000000e+02 1.144520749999999900e+03 8.414788000000000100e+01 -5.850202500000000300e+02 2.210733920000000100e+02
6.757112904804128700e-02 5.595048124999998400e+02 3.054086159999999900e+02 1.145247249999999900e+03 8.419424800000000200e+01 -5.857424375000000500e+02 2.212143680000000100e+02
6.795280680172119400e-02 5.594890624999999300e+02 3.055130080000000100e+02 1.145742874999999900e+03 8.421470399999999800e+01 -5.862538124999999800e+02 2.212983040000000000e+02
6.881159474919584800e-02 5.595005624999998900e+02 3.057429119999999900e+02 1.146418124999999900e+03 8.427889600000000300e+01 -5.869175625000000300e+02 2.214640159999999900e+02
6.929465971922663100e-02 5.595006249999999000e+02 3.058795040000000000e+02 1.146886749999999900e+03 8.432166399999999800e+01 -5.873861249999999900e+02 2.215578400000000000e+02
7.000000166421693800e-02 5.595000000000000000e+02 3.060772160000000200e+02 1.147571500000000000e+03 8.438457599999999600e+01 -5.880715000000000100e+02 2.216926400000000100e+02
