0.000000000000000000e+00 0.000000000000000000e+00 0.000000000000000000e+00 0.000000000000000000e+00 0.000000000000000000e+00 0.000000000000000000e+00 0.000000000000000000e+00
-1.666765420784905400e-08 6.634890312499999300e+02 -1.805651855468748900e-05 4.764030624999999800e+02 -1.474258789062500000e-03 1.870859687500000100e+02 1.456202270507812500e-03
1.399983707656208200e-03 6.634882656249999400e+02 4.683746599999999900e+01 4.766296874999999900e+02 2.570496400000000000e+01 1.868585781250000100e+02 2.113250199999999900e+01
1.760921198806483100e-03 6.634900781250000800e+02 5.887576000000000000e+01 4.769559687500000100e+02 3.224658199999999700e+01 1.865341093750000100e+02 2.662917800000000000e+01
2.130062006623171500e-03 6.634938281250000500e+02 7.100218599999999500e+01 4.783745625000000200e+02 3.855529599999999800e+01 1.851192656250000000e+02 3.244689000000000300e+01
2.233882817884359200e-03 6.635209531250000100e+02 7.432925199999999700e+01 4.792025937500000100e+02 4.018920000000000000e+01 1.843183593750000000e+02 3.414005199999999700e+01
2.285793150737609000e-03 6.635179375000000200e+02 7.594843199999999700e+01 4.797947500000000200e+02 4.093777200000000200e+01 1.837231874999999900e+02 3.501066000000000100e+01
2.402591617989452900e-03 6.635052031249999800e+02 7.953862399999999900e+01 4.815907812500000200e+02 4.248768400000000200e+01 1.819144218749999900e+02 3.705093999999999700e+01
2.468290783110119000e-03 6.635396250000000000e+02 8.142230399999999700e+01 4.832810625000000200e+02 4.313846399999999900e+01 1.802585625000000100e+02 3.828383999999999800e+01
2.549593265240009400e-03 6.636665312499999300e+02 8.330318400000000200e+01 4.883403437499999900e+02 4.308892800000000300e+01 1.753261875000000000e+02 4.021425599999999900e+01
2.632743709689968100e-03 6.634591406250000300e+02 8.561771600000000100e+01 4.928740000000000200e+02 4.344919600000000100e+01 1.705851406250000100e+02 4.216852000000000100e+01
2.735642432002066400e-03 6.633837812499999700e+02 8.814515600000000000e+01 4.999043437500000100e+02 4.354880399999999700e+01 1.634794374999999900e+02 4.459635200000000300e+01
2.840879927042494600e-03 6.635052187500000400e+02 9.086064400000000800e+01 5.058793125000000300e+02 4.400992800000000200e+01 1.576259062500000100e+02 4.685071599999999800e+01
3.077663635887360600e-03 6.635142187500000500e+02 9.702674400000000800e+01 5.189287500000000400e+02 4.524955599999999800e+01 1.445854687499999900e+02 5.177718800000000200e+01
3.210854617667285800e-03 6.634738750000000200e+02 1.005399999999999900e+02 5.258181250000000100e+02 4.605348800000000200e+01 1.376557500000000100e+02 5.448651199999999800e+01
3.375678417592403800e-03 6.635199921874999500e+02 1.048055520000000100e+02 5.342359999999999900e+02 4.704165600000000300e+01 1.292839921874999900e+02 5.776389600000000300e+01
3.468391805050282900e-03 6.634721562500000100e+02 1.071631400000000000e+02 5.394567500000000600e+02 4.753191600000000200e+01 1.240154062500000000e+02 5.963122400000000300e+01
3.474317918621431300e-03 6.634522812500000600e+02 1.073185680000000000e+02 5.397713125000000200e+02 4.756852399999999600e+01 1.236809687500000100e+02 5.975004400000000300e+01
3.481651837135846400e-03 6.634861015624999300e+02 1.075200560000000000e+02 5.402586874999999500e+02 4.762232399999999900e+01 1.232274140625000000e+02 5.989773199999999800e+01
3.483526872627901600e-03 6.635496406249999400e+02 1.075723079999999900e+02 5.404529999999999700e+02 4.763632799999999900e+01 1.230966406250000100e+02 5.993598000000000100e+01
3.487745920817057600e-03 6.667464999999999700e+02 1.075893360000000000e+02 5.446784374999999700e+02 4.753159200000000300e+01 1.220680625000000000e+02 6.005774400000000000e+01
3.497238706465314800e-03 6.684452734374999600e+02 1.070687080000000000e+02 5.503865624999999700e+02 4.681895200000000300e+01 1.180587109375000000e+02 6.024975599999999800e+01
3.518597401396550200e-03 6.624996484375000100e+02 1.072267960000000100e+02 5.472096874999999700e+02 4.671665999999999700e+01 1.152899609375000000e+02 6.051013600000000300e+01
3.566654610546517700e-03 6.625004843750000400e+02 1.087759760000000000e+02 5.502973749999999900e+02 4.727024399999999800e+01 1.122031093750000000e+02 6.150573200000000200e+01
3.674782821692535800e-03 6.635380078124999300e+02 1.115707680000000000e+02 5.553234999999999700e+02 4.825624400000000200e+01 1.082145078125000000e+02 6.331452399999999900e+01
3.918071951767173300e-03 6.635151093749999500e+02 1.174911200000000100e+02 5.669361249999999500e+02 4.997028000000000200e+01 9.657898437500000500e+01 6.752084000000000700e+01
4.465471984993698100e-03 6.634898124999999700e+02 1.304379920000000100e+02 5.978519999999999800e+02 5.273723199999999900e+01 6.563781249999999500e+01 7.770076000000000200e+01
5.142879718971486000e-03 6.634958574218750300e+02 1.459432800000000200e+02 6.317696875000000300e+02 5.631900000000000300e+01 3.172616992187500200e+01 8.962427999999999900e+01
5.835683354527959400e-03 6.634906166992186600e+02 1.610754600000000200e+02 6.685449999999999600e+02 5.954624400000000200e+01 -5.054383300781250200e+00 1.015292160000000100e+02
7.394490806756584400e-03 6.634907343749999900e+02 1.936165839999999900e+02 7.440373750000000000e+02 6.654598400000000400e+01 -8.054664062499999500e+01 1.270706000000000000e+02
9.148148826627068900e-03 6.634941562500000600e+02 2.281342480000000100e+02 8.253003125000000200e+02 7.397272800000000400e+01 -1.618061562499999900e+02 1.541615200000000000e+02
1.002497783656230800e-02 6.634913593750000000e+02 2.421748400000000200e+02 8.670166249999999800e+02 7.796483999999999500e+01 -2.035252656250000000e+02 1.642100000000000100e+02
1.199784354558066900e-02 6.634911562499999000e+02 2.655727840000000100e+02 9.593485624999999600e+02 8.747734400000000200e+01 -2.958574062500000000e+02 1.780954400000000000e+02
1.310758159856365500e-02 6.634904687499999900e+02 2.749930880000000000e+02 1.005506000000000000e+03 9.241083199999999900e+01 -3.420155312499999800e+02 1.825822560000000000e+02
1.448088076525118700e-02 6.634918750000000500e+02 2.839686239999999800e+02 1.056055000000000100e+03 9.783328000000000200e+01 -3.925631250000000100e+02 1.861353440000000000e+02
1.483200874375190800e-02 6.634888437499998900e+02 2.859386240000000000e+02 1.068133374999999900e+03 9.910326399999999600e+01 -4.046445312500000000e+02 1.868353600000000100e+02
1.502951713999840300e-02 6.634946562499999300e+02 2.869815519999999700e+02 1.074746374999999900e+03 9.979556800000000300e+01 -4.112517187500000100e+02 1.871859839999999900e+02
1.505729246779967200e-02 6.634515312500000200e+02 2.871241120000000300e+02 1.075612750000000000e+03 9.988768000000000300e+01 -4.121612187499999900e+02 1.872364320000000100e+02
1.509166316962795200e-02 6.634537812499999100e+02 2.873022639999999800e+02 1.076683624999999900e+03 1.000044400000000000e+02 -4.132298437499999900e+02 1.872978239999999900e+02
1.509649674971025100e-02 6.634485937499998700e+02 2.873219120000000000e+02 1.076803249999999900e+03 1.000177520000000000e+02 -4.133546562500000100e+02 1.873041600000000000e+02
1.509921571128388900e-02 6.635382812499999500e+02 2.873172240000000100e+02 1.076925250000000000e+03 1.000137359999999900e+02 -4.133869687499999900e+02 1.873034879999999900e+02
1.510199638804527800e-02 6.640176875000000800e+02 2.872589199999999900e+02 1.077292750000000100e+03 9.997455200000000300e+01 -4.132750624999999900e+02 1.872843680000000000e+02
1.510356022761418300e-02 6.645748437499999000e+02 2.871867360000000000e+02 1.077694000000000000e+03 9.992560000000000300e+01 -4.131191562500000000e+02 1.872611359999999900e+02
1.510549668718461600e-02 6.667111875000000500e+02 2.869123440000000200e+02 1.079272500000000000e+03 9.972927199999999500e+01 -4.125613124999999900e+02 1.871830720000000100e+02
1.510747623094272300e-02 6.724514375000000000e+02 2.861752400000000300e+02 1.083654000000000000e+03 9.918309600000000600e+01 -4.112025625000000000e+02 1.869921440000000000e+02
1.510858943319728200e-02 6.774000624999999900e+02 2.855251839999999700e+02 1.087539125000000000e+03 9.868513600000000000e+01 -4.101390625000000200e+02 1.868400480000000000e+02
1.510996696276542500e-02 6.853169687500001100e+02 2.844411360000000300e+02 1.094012625000000100e+03 9.781790399999999900e+01 -4.086956562500000100e+02 1.866232320000000000e+02
1.511137709658370200e-02 6.943010312500000500e+02 2.831439279999999600e+02 1.101669500000000000e+03 9.675367199999999500e+01 -4.073684687499999800e+02 1.863902559999999900e+02
1.511216891408694600e-02 6.993190937499998700e+02 2.823739120000000200e+02 1.106144749999999900e+03 9.611091999999999300e+01 -4.068256562500000100e+02 1.862629920000000000e+02
1.511395283234425100e-02 7.070715000000000100e+02 2.806899839999999800e+02 1.113832500000000000e+03 9.469054400000000300e+01 -4.067610000000000200e+02 1.859994399999999900e+02
1.511716318654490200e-02 7.017995937499999900e+02 2.786371040000000200e+02 1.112968750000000000e+03 9.297033600000000300e+01 -4.111691562500000100e+02 1.856667679999999900e+02
1.512117700262384200e-02 6.775067500000001200e+02 2.779309279999999900e+02 1.096000500000000100e+03 9.243705599999999800e+01 -4.184937499999999800e+02 1.854938720000000100e+02
1.513020605103582500e-02 6.648347187499998700e+02 2.788744560000000100e+02 1.087889124999999900e+03 9.311277599999999700e+01 -4.230544062500000000e+02 1.857616800000000100e+02
1.515052199218153800e-02 6.603215624999999100e+02 2.803020400000000300e+02 1.086428124999999900e+03 9.390837600000000400e+01 -4.261065625000000000e+02 1.863936640000000000e+02
1.519623431530627700e-02 6.555580937499999000e+02 2.814337520000000300e+02 1.086236124999999900e+03 9.467135199999999900e+01 -4.306780312500000000e+02 1.867624000000000100e+02
1.529908675122756100e-02 6.639822500000000200e+02 2.831764240000000000e+02 1.095302625000000000e+03 9.604355999999999900e+01 -4.313203750000000100e+02 1.871328640000000100e+02
1.553050356761294200e-02 6.635111249999999900e+02 2.839379040000000000e+02 1.098502125000000000e+03 9.669089599999999500e+01 -4.349909999999999900e+02 1.872470079999999900e+02
1.605119227780818500e-02 6.634833437499999000e+02 2.872819840000000200e+02 1.105886999999999900e+03 9.952652799999999900e+01 -4.424036562499999800e+02 1.877554560000000100e+02
1.722274216685685400e-02 6.634896875000000600e+02 2.927572000000000100e+02 1.121464500000000000e+03 1.043120320000000000e+02 -4.579748124999999800e+02 1.884451680000000000e+02
1.758518964234143800e-02 6.634996874999999400e+02 2.941033519999999700e+02 1.127820125000000000e+03 1.054770319999999900e+02 -4.643204375000000300e+02 1.886263199999999900e+02
1.767786140115851900e-02 6.634973437500001400e+02 2.944085359999999700e+02 1.129897875000000100e+03 1.057067919999999900e+02 -4.664005312499999700e+02 1.887017439999999900e+02
1.769089378571190400e-02 6.635285312500000100e+02 2.944528159999999800e+02 1.130225875000000100e+03 1.057397760000000100e+02 -4.666973437500000200e+02 1.887130400000000100e+02
1.769822391980442600e-02 6.636004062499998800e+02 2.944820399999999800e+02 1.130460499999999900e+03 1.057626480000000000e+02 -4.668600937499999800e+02 1.887193920000000000e+02
1.770234719300881400e-02 6.637023437499999500e+02 2.945035280000000200e+02 1.130650374999999900e+03 1.057806480000000000e+02 -4.669480312499999900e+02 1.887228800000000000e+02
1.770466675251831600e-02 6.638125312500001200e+02 2.945196960000000100e+02 1.130808375000000100e+03 1.057951840000000100e+02 -4.669958437500000100e+02 1.887245120000000000e+02
1.770988576141469300e-02 6.697858125000000200e+02 2.941278720000000200e+02 1.134977875000000000e+03 1.057492000000000000e+02 -4.651920625000000200e+02 1.883786719999999900e+02
1.771282014392671100e-02 6.773816875000001100e+02 2.935888960000000300e+02 1.140340875000000100e+03 1.056174720000000100e+02 -4.629591874999999800e+02 1.879714240000000100e+02
1.771942599789127000e-02 6.824509062500001200e+02 2.923269760000000000e+02 1.144057250000000100e+03 1.050175840000000000e+02 -4.616063437500000100e+02 1.873093920000000000e+02
1.773428654932713800e-02 6.648761875000000100e+02 2.912225039999999600e+02 1.132162000000000000e+03 1.042068400000000000e+02 -4.672858125000000200e+02 1.870156639999999900e+02
1.776772337227659400e-02 6.570280625000000300e+02 2.922105520000000100e+02 1.128246000000000100e+03 1.046890480000000000e+02 -4.712179375000000100e+02 1.875215039999999900e+02
1.784295651502225100e-02 6.633651250000000300e+02 2.937954159999999900e+02 1.134525875000000000e+03 1.057711440000000100e+02 -4.711607500000000100e+02 1.880242720000000000e+02
1.801223195952810600e-02 6.636070937499999900e+02 2.946480560000000000e+02 1.137219750000000000e+03 1.063726159999999900e+02 -4.736126562499999900e+02 1.882754400000000000e+02
1.839310200077564500e-02 6.634875312500000700e+02 2.959544960000000100e+02 1.145182125000000000e+03 1.071118560000000000e+02 -4.816945937500000200e+02 1.888426399999999900e+02
1.925005697359823500e-02 6.634899687500001200e+02 2.983547760000000200e+02 1.163520625000000100e+03 1.086818160000000000e+02 -5.000306562499999900e+02 1.896729599999999900e+02
2.031054048456697500e-02 6.634882812500000000e+02 3.007113919999999900e+02 1.181627250000000000e+03 1.102116960000000000e+02 -5.181389687500000000e+02 1.904996960000000000e+02
2.139512552300943500e-02 6.634876249999999800e+02 3.027905600000000300e+02 1.197754250000000000e+03 1.115389760000000100e+02 -5.342666249999999800e+02 1.912515840000000100e+02
2.173066750550881400e-02 6.634845625000000400e+02 3.033794239999999700e+02 1.202300250000000000e+03 1.119040799999999900e+02 -5.388156874999999700e+02 1.914753440000000100e+02
2.191941118065690900e-02 6.634870625000000900e+02 3.037008799999999800e+02 1.204786125000000100e+03 1.121015360000000000e+02 -5.412990624999999900e+02 1.915993440000000000e+02
2.196767012860457700e-02 6.634855625000000100e+02 3.037825040000000200e+02 1.205412750000000000e+03 1.121517360000000000e+02 -5.419271874999999500e+02 1.916307679999999900e+02
2.199481549571576800e-02 6.634856874999999300e+02 3.038278560000000000e+02 1.205762999999999900e+03 1.121797119999999900e+02 -5.422773124999999900e+02 1.916481440000000000e+02
2.202153700757521600e-02 6.634800000000001300e+02 3.038701280000000200e+02 1.206094250000000100e+03 1.122061280000000100e+02 -5.426142499999999700e+02 1.916639999999999900e+02
2.203012589861039600e-02 6.634624375000000800e+02 3.038810639999999800e+02 1.206181125000000100e+03 1.122130800000000100e+02 -5.427186874999999900e+02 1.916679839999999900e+02
2.203495598538017900e-02 6.634541875000001000e+02 3.038819599999999900e+02 1.206227000000000100e+03 1.122130640000000000e+02 -5.427728124999999900e+02 1.916688959999999900e+02
2.203767378251631600e-02 6.635245000000001000e+02 3.038705200000000000e+02 1.206306125000000100e+03 1.122044720000000000e+02 -5.427816249999999600e+02 1.916660479999999900e+02
2.203920152452257300e-02 6.636216875000000100e+02 3.038560479999999900e+02 1.206396500000000100e+03 1.121935359999999900e+02 -5.427748125000000500e+02 1.916625119999999900e+02
2.204264127291166000e-02 6.659591875000001000e+02 3.035377520000000100e+02 1.207999125000000000e+03 1.119846160000000000e+02 -5.420399374999999500e+02 1.915531359999999900e+02
2.205038012456836000e-02 6.669086874999999300e+02 3.029788720000000200e+02 1.209319874999999900e+03 1.115086800000000000e+02 -5.424111874999999800e+02 1.914701920000000000e+02
2.206779312301468100e-02 6.638494375000000200e+02 3.031625599999999800e+02 1.207332750000000000e+03 1.116369440000000000e+02 -5.434833125000000100e+02 1.915256160000000100e+02
2.210696945842514900e-02 6.622225624999998700e+02 3.034448800000000100e+02 1.206650124999999900e+03 1.118332159999999900e+02 -5.444275625000000200e+02 1.916116639999999900e+02
2.219511970641121400e-02 6.635361249999999700e+02 3.038502720000000200e+02 1.208348999999999900e+03 1.121331680000000000e+02 -5.448128749999999600e+02 1.917171040000000100e+02
2.224470378423931000e-02 6.636973124999999500e+02 3.040206880000000100e+02 1.208798000000000000e+03 1.122705919999999900e+02 -5.451006875000000500e+02 1.917500960000000100e+02
2.230606498299064400e-02 6.635298749999999500e+02 3.040884639999999900e+02 1.209171499999999900e+03 1.123284640000000000e+02 -5.456416249999999800e+02 1.917599999999999900e+02
2.234057891063201100e-02 6.645187500000000700e+02 3.037910719999999900e+02 1.210275750000000000e+03 1.121125920000000100e+02 -5.457569999999999500e+02 1.916784800000000100e+02
2.237587766915159400e-02 6.632439999999999100e+02 3.036358559999999900e+02 1.209795249999999900e+03 1.120035040000000100e+02 -5.465512499999999800e+02 1.916323520000000000e+02
2.245530162247691800e-02 6.632280624999998500e+02 3.039882559999999800e+02 1.210169124999999900e+03 1.123009440000000000e+02 -5.469410625000000400e+02 1.916873119999999900e+02
2.255358946337950400e-02 6.636274374999999300e+02 3.042272160000000000e+02 1.211059000000000000e+03 1.125271840000000100e+02 -5.474315625000000400e+02 1.917000319999999900e+02
2.265411069541624000e-02 6.634783750000000300e+02 3.043921839999999900e+02 1.211877375000000000e+03 1.126745040000000000e+02 -5.483990000000000000e+02 1.917176800000000000e+02
2.288028172084263400e-02 6.634938750000000000e+02 3.047778159999999700e+02 1.214733500000000000e+03 1.129311920000000000e+02 -5.512396250000000500e+02 1.918466239999999900e+02
2.316017057723905900e-02 6.634908125000000600e+02 3.052695840000000100e+02 1.218422000000000000e+03 1.132358239999999900e+02 -5.549311874999999600e+02 1.920337600000000000e+02
2.331760718563392200e-02 6.634869375000000700e+02 3.054739040000000000e+02 1.220205625000000100e+03 1.133783840000000000e+02 -5.567186874999999900e+02 1.920955199999999900e+02
2.340616498674665300e-02 6.634003124999999300e+02 3.055958239999999900e+02 1.221090250000000000e+03 1.134555680000000000e+02 -5.576899375000000400e+02 1.921402559999999900e+02
2.349673726474263800e-02 6.634376250000001400e+02 3.057259199999999700e+02 1.222119875000000100e+03 1.135329280000000000e+02 -5.586822499999999500e+02 1.921929920000000000e+02
2.354768373445131600e-02 6.635325624999999300e+02 3.058063680000000200e+02 1.222758624999999900e+03 1.135811520000000000e+02 -5.592260625000000100e+02 1.922252159999999900e+02
2.366231329129583900e-02 6.634899375000000000e+02 3.059809440000000200e+02 1.224069250000000000e+03 1.136827519999999900e+02 -5.605793125000000100e+02 1.922981920000000000e+02
2.392022688310225400e-02 6.634852499999999500e+02 3.063495279999999600e+02 1.226906999999999900e+03 1.138940560000000100e+02 -5.634217499999999700e+02 1.924554719999999900e+02
2.450053595797919600e-02 6.634881249999999700e+02 3.071276320000000100e+02 1.232867125000000000e+03 1.143262400000000000e+02 -5.693790000000000200e+02 1.928013919999999900e+02
2.515338250277825800e-02 6.634851250000000400e+02 3.079476240000000200e+02 1.239054000000000100e+03 1.147674800000000100e+02 -5.755688750000000500e+02 1.931801440000000100e+02
2.533291547726362200e-02 6.634857500000000500e+02 3.081673119999999800e+02 1.240690875000000000e+03 1.148832479999999900e+02 -5.772051249999999500e+02 1.932840640000000000e+02
2.543390481317727600e-02 6.634886250000000700e+02 3.082838959999999700e+02 1.241546125000000100e+03 1.149459279999999900e+02 -5.780575000000000000e+02 1.933379679999999900e+02
2.545972505040803400e-02 6.634942499999999700e+02 3.082853759999999900e+02 1.241678249999999900e+03 1.149436640000000000e+02 -5.781839999999999700e+02 1.933417120000000000e+02
2.551782116639599700e-02 6.633518750000000600e+02 3.080148160000000000e+02 1.242166500000000000e+03 1.147090560000000000e+02 -5.788146249999999800e+02 1.933057599999999900e+02
2.564853859180641500e-02 6.634166250000000700e+02 3.083517200000000000e+02 1.242541375000000000e+03 1.149778160000000000e+02 -5.791247499999999500e+02 1.933739040000000100e+02
2.594264988788609600e-02 6.635045624999999100e+02 3.087260640000000100e+02 1.244848874999999900e+03 1.151855039999999900e+02 -5.813443125000000000e+02 1.935405600000000000e+02
2.630661578987690200e-02 6.634863749999999500e+02 3.091168960000000000e+02 1.247409249999999900e+03 1.153807999999999900e+02 -5.839228749999999800e+02 1.937360960000000000e+02
2.651134719196547900e-02 6.634893750000001100e+02 3.092986480000000100e+02 1.248596500000000100e+03 1.154747919999999900e+02 -5.851071250000000000e+02 1.938238560000000100e+02
2.656369098667988100e-02 6.634940624999999300e+02 3.093315759999999800e+02 1.248818874999999900e+03 1.154923600000000100e+02 -5.853248125000000100e+02 1.938392159999999900e+02
2.659313728230049100e-02 6.634832500000001100e+02 3.093600720000000000e+02 1.248974625000000100e+03 1.155073520000000000e+02 -5.854913749999999500e+02 1.938527200000000100e+02
2.662957486069974000e-02 6.635011875000000100e+02 3.093753600000000000e+02 1.249070250000000000e+03 1.155133600000000100e+02 -5.855690624999999700e+02 1.938619999999999900e+02
2.666683918972737700e-02 6.636093749999998900e+02 3.093255600000000000e+02 1.249150249999999900e+03 1.154664720000000000e+02 -5.855408750000000300e+02 1.938590880000000100e+02
2.668780139368823500e-02 6.636249374999998700e+02 3.092977040000000100e+02 1.249166999999999900e+03 1.154360559999999900e+02 -5.855420625000000400e+02 1.938616480000000000e+02
2.669959248786153400e-02 6.640895624999999400e+02 3.092107280000000200e+02 1.249605875000000000e+03 1.153503280000000000e+02 -5.855163125000000300e+02 1.938604000000000000e+02
2.671418521867130500e-02 6.659951250000000300e+02 3.088022399999999800e+02 1.251291625000000100e+03 1.149691680000000000e+02 -5.852965000000000400e+02 1.938330719999999900e+02
2.672910864973243200e-02 6.656248749999999700e+02 3.084304640000000300e+02 1.251150500000000000e+03 1.145813440000000000e+02 -5.855256249999999900e+02 1.938491200000000000e+02
2.676268404074495400e-02 6.628836249999999400e+02 3.080651280000000200e+02 1.249374875000000000e+03 1.141356880000000000e+02 -5.864912500000000400e+02 1.939294400000000000e+02
2.683823274605440200e-02 6.626371249999998600e+02 3.083413040000000400e+02 1.249131249999999900e+03 1.142910000000000000e+02 -5.864941250000000500e+02 1.940503040000000100e+02
2.700821733300065900e-02 6.635092500000000700e+02 3.084213280000000200e+02 1.249779125000000000e+03 1.142241279999999900e+02 -5.862698749999999600e+02 1.941972000000000100e+02
2.739067916031722200e-02 6.634914374999998500e+02 3.088472879999999900e+02 1.249250624999999900e+03 1.144789200000000000e+02 -5.857591875000000500e+02 1.943683680000000000e+02
2.825122176509200400e-02 6.634908749999999600e+02 3.095655120000000100e+02 1.249650625000000000e+03 1.148176560000000000e+02 -5.861597500000000300e+02 1.947478560000000100e+02
2.931614411182893000e-02 6.634900625000001400e+02 3.103492000000000000e+02 1.253269375000000100e+03 1.150600320000000100e+02 -5.897793124999999500e+02 1.952891679999999900e+02
2.946589776156732100e-02 6.634874375000000600e+02 3.104595520000000300e+02 1.253852000000000100e+03 1.150989759999999900e+02 -5.903645625000000300e+02 1.953605760000000100e+02
2.955013549953735800e-02 6.634866875000001300e+02 3.105197200000000100e+02 1.254163375000000100e+03 1.151205200000000000e+02 -5.906766874999999600e+02 1.953992000000000100e+02
2.957167293562557400e-02 6.634855624999999000e+02 3.105343599999999900e+02 1.254232874999999900e+03 1.151263440000000000e+02 -5.907473125000000200e+02 1.954080160000000000e+02
2.958378774342519700e-02 6.634821250000001100e+02 3.105394319999999800e+02 1.254243625000000100e+03 1.151297359999999900e+02 -5.907614999999999600e+02 1.954096960000000000e+02
2.958753490331554300e-02 6.634865624999999900e+02 3.105389519999999900e+02 1.254245625000000000e+03 1.151297200000000100e+02 -5.907590625000000300e+02 1.954092320000000000e+02
2.959136823158124700e-02 6.636546875000000200e+02 3.105163680000000000e+02 1.254353000000000100e+03 1.151153760000000000e+02 -5.906983125000000400e+02 1.954009920000000000e+02
2.959352476984008000e-02 6.641992500000000100e+02 3.104478480000000200e+02 1.254679625000000000e+03 1.150756080000000000e+02 -5.904803749999999800e+02 1.953722400000000100e+02
2.959473811372005000e-02 6.650133750000001100e+02 3.103488800000000100e+02 1.255214750000000100e+03 1.150130560000000100e+02 -5.902013749999999800e+02 1.953358240000000000e+02
2.959746755523123100e-02 6.695273749999998900e+02 3.097443759999999900e+02 1.258476124999999900e+03 1.145761200000000000e+02 -5.889487500000000200e+02 1.951682560000000100e+02
2.960360646975637400e-02 6.691770625000000300e+02 3.092810560000000400e+02 1.258292500000000000e+03 1.142231520000000000e+02 -5.891154374999999800e+02 1.950579040000000100e+02
2.961742135631296000e-02 6.649818749999999500e+02 3.093113200000000200e+02 1.255178249999999900e+03 1.142464880000000000e+02 -5.901963749999999900e+02 1.950648320000000000e+02
2.964850717994028900e-02 6.630764375000000000e+02 3.089583359999999700e+02 1.253749875000000000e+03 1.139814880000000000e+02 -5.906734374999999800e+02 1.949768479999999900e+02
2.968697320847284200e-02 6.611912499999999700e+02 3.091201199999999900e+02 1.252426250000000000e+03 1.140718799999999900e+02 -5.912350000000000100e+02 1.950482399999999900e+02
2.972631489400898500e-02 6.625893750000000200e+02 3.093652960000000000e+02 1.253443000000000000e+03 1.142289920000000100e+02 -5.908536249999999700e+02 1.951363040000000000e+02
2.981483310424656200e-02 6.636703750000000400e+02 3.095230560000000000e+02 1.254375250000000100e+03 1.143199840000000100e+02 -5.907048750000000200e+02 1.952030719999999900e+02
3.001400082393734800e-02 6.635264999999999400e+02 3.097169599999999700e+02 1.254396999999999900e+03 1.144750400000000100e+02 -5.908704999999999900e+02 1.952419199999999900e+02
3.012603135627122500e-02 6.634584374999999500e+02 3.099613440000000000e+02 1.254281250000000000e+03 1.146725760000000100e+02 -5.908228125000000500e+02 1.952887680000000000e+02
3.037809947180369500e-02 6.635097500000000500e+02 3.103753199999999900e+02 1.254338250000000000e+03 1.150009199999999900e+02 -5.908284999999999600e+02 1.953744000000000100e+02
3.051988836900946400e-02 6.635108125000000400e+02 3.105065439999999600e+02 1.254408625000000000e+03 1.151081920000000000e+02 -5.908978124999999900e+02 1.953983519999999900e+02
3.083891396994119200e-02 6.634783750000001400e+02 3.107646240000000300e+02 1.254505000000000100e+03 1.152972480000000000e+02 -5.910266249999999700e+02 1.954673760000000000e+02
3.155672215425633200e-02 6.634934375000001400e+02 3.112304239999999700e+02 1.255006125000000100e+03 1.155481680000000000e+02 -5.915126874999999700e+02 1.956822560000000000e+02
3.196048853016016100e-02 6.634884374999999200e+02 3.114667440000000100e+02 1.256087624999999900e+03 1.155952560000000100e+02 -5.925991874999999700e+02 1.958714880000000000e+02
3.218760740771543800e-02 6.634876249999999800e+02 3.115898320000000000e+02 1.256763250000000000e+03 1.156065200000000000e+02 -5.932756249999999900e+02 1.959833120000000100e+02
3.231536017523871400e-02 6.634904999999998800e+02 3.116547840000000100e+02 1.257081124999999900e+03 1.156132800000000000e+02 -5.935906250000000500e+02 1.960415040000000000e+02
3.235488351302560200e-02 6.635417499999998700e+02 3.116627120000000000e+02 1.257179249999999900e+03 1.156085839999999900e+02 -5.936375000000000500e+02 1.960541279999999900e+02
3.239530579656618000e-02 6.638685000000000400e+02 3.115500879999999600e+02 1.257741250000000000e+03 1.154899600000000000e+02 -5.938727500000000000e+02 1.960601279999999900e+02
3.248625768118871400e-02 6.632779375000000100e+02 3.114535040000000100e+02 1.257979750000000000e+03 1.153447039999999900e+02 -5.947018124999999600e+02 1.961088000000000000e+02
3.269089359940190200e-02 6.635128749999998900e+02 3.117519199999999800e+02 1.258168124999999900e+03 1.155605920000000000e+02 -5.946552500000000200e+02 1.961913280000000000e+02
3.315132849091284600e-02 6.634884999999999300e+02 3.120124720000000000e+02 1.259466249999999900e+03 1.156030800000000100e+02 -5.959777500000000100e+02 1.964093920000000000e+02
3.418730757903121200e-02 6.634880000000000600e+02 3.125449840000000000e+02 1.262492250000000000e+03 1.156247760000000000e+02 -5.990042499999999600e+02 1.969202080000000000e+02
3.477004334166809700e-02 6.634876250000000900e+02 3.128280800000000000e+02 1.264063875000000100e+03 1.156314880000000000e+02 -6.005762499999999600e+02 1.971965920000000100e+02
3.495032854278155200e-02 6.634909374999999700e+02 3.129112480000000000e+02 1.264481749999999900e+03 1.156355040000000000e+02 -6.009908124999999500e+02 1.972757440000000000e+02
3.513471023503677400e-02 6.634889374999999100e+02 3.129977840000000200e+02 1.264847749999999900e+03 1.156457680000000000e+02 -6.013588125000000000e+02 1.973520159999999900e+02
3.523842435471159100e-02 6.635492499999999200e+02 3.130128639999999800e+02 1.264997374999999900e+03 1.156281440000000100e+02 -6.014481250000000000e+02 1.973847199999999900e+02
3.529676500257555200e-02 6.637256249999999200e+02 3.128095839999999700e+02 1.265576624999999900e+03 1.154294720000000000e+02 -6.018510000000000000e+02 1.973801120000000000e+02
3.542802971361321000e-02 6.633625624999999700e+02 3.130119280000000100e+02 1.265157375000000000e+03 1.155724880000000100e+02 -6.017948125000000300e+02 1.974394399999999900e+02
3.572337298457294000e-02 6.635071874999999900e+02 3.132206320000000200e+02 1.265779125000000000e+03 1.156827920000000100e+02 -6.022719375000000400e+02 1.975378399999999900e+02
3.638789650866982400e-02 6.634876249999998700e+02 3.135464319999999800e+02 1.267481624999999900e+03 1.156999520000000000e+02 -6.039940000000000300e+02 1.978464800000000100e+02
3.655143244071466800e-02 6.634975624999999600e+02 3.136245119999999800e+02 1.267883499999999900e+03 1.157010559999999900e+02 -6.043859374999999500e+02 1.979234559999999900e+02
3.658034309508308900e-02 6.635031875000000800e+02 3.136372800000000300e+02 1.267955625000000100e+03 1.157002560000000000e+02 -6.044524374999999700e+02 1.979370240000000100e+02
3.660991049220419700e-02 6.635774999999999900e+02 3.136433759999999900e+02 1.268103875000000000e+03 1.156912959999999900e+02 -6.045263750000000300e+02 1.979520800000000000e+02
3.664539090297452800e-02 6.635955000000001300e+02 3.136478240000000100e+02 1.268264875000000100e+03 1.156734240000000000e+02 -6.046693749999999500e+02 1.979744000000000000e+02
3.671191987537202700e-02 6.637303749999999800e+02 3.135900639999999800e+02 1.268946375000000000e+03 1.155608320000000000e+02 -6.052160000000000100e+02 1.980292320000000100e+02
3.679424560695922900e-02 6.632336250000000700e+02 3.135641759999999700e+02 1.269020500000000100e+03 1.154583040000000000e+02 -6.057868750000000100e+02 1.981058720000000100e+02
3.681529630817045200e-02 6.632116250000000300e+02 3.135789280000000200e+02 1.269041250000000000e+03 1.154560319999999900e+02 -6.058296249999999600e+02 1.981228960000000000e+02
3.686265863923944600e-02 6.635278124999999800e+02 3.135050079999999800e+02 1.269549125000000000e+03 1.153444800000000000e+02 -6.060213125000000200e+02 1.981605280000000000e+02
3.696922330192594500e-02 6.633083750000000700e+02 3.136061680000000300e+02 1.269561500000000000e+03 1.153624880000000000e+02 -6.062531249999999500e+02 1.982436800000000100e+02
3.702916388692145700e-02 6.636189999999999100e+02 3.136214320000000300e+02 1.270013999999999900e+03 1.153318640000000000e+02 -6.063949999999999800e+02 1.982895680000000000e+02
3.706288133930956500e-02 6.637366875000000200e+02 3.136167199999999900e+02 1.270296000000000000e+03 1.152981280000000100e+02 -6.065593125000000300e+02 1.983185920000000000e+02
3.708184769738725300e-02 6.641436250000000400e+02 3.135586160000000300e+02 1.270917500000000000e+03 1.152140720000000000e+02 -6.067738749999999800e+02 1.983445440000000100e+02
3.712452200306205100e-02 6.632330625000000700e+02 3.136024559999999600e+02 1.270314875000000000e+03 1.152299280000000000e+02 -6.070818124999999600e+02 1.983725279999999900e+02
3.722053686195532500e-02 6.633555625000001300e+02 3.136880400000000000e+02 1.270537250000000100e+03 1.152674640000000000e+02 -6.071816874999999500e+02 1.984205760000000100e+02
3.733935839381701700e-02 6.636321249999999700e+02 3.137488640000000300e+02 1.271137375000000000e+03 1.152481760000000000e+02 -6.075052500000000500e+02 1.985006880000000000e+02
3.736973856831644900e-02 6.638032499999999300e+02 3.137332559999999800e+02 1.271517499999999900e+03 1.151984880000000000e+02 -6.077142499999999900e+02 1.985347680000000100e+02
3.743809337872143500e-02 6.634105000000000700e+02 3.136023119999999800e+02 1.272301500000000000e+03 1.149208560000000000e+02 -6.088909999999999600e+02 1.986814560000000000e+02
3.759189228435139800e-02 6.633855624999999900e+02 3.137790640000000100e+02 1.272814500000000000e+03 1.149810160000000000e+02 -6.094289374999999600e+02 1.987980479999999900e+02
3.793793982201880400e-02 6.634766250000000100e+02 3.139707359999999900e+02 1.273551625000000100e+03 1.150166560000000000e+02 -6.100750000000000500e+02 1.989540800000000000e+02
3.813259185306609700e-02 6.634943125000000900e+02 3.140733999999999900e+02 1.273907750000000100e+03 1.150330000000000000e+02 -6.104134374999999900e+02 1.990404000000000100e+02
3.857055775848500900e-02 6.634800625000000300e+02 3.142839680000000200e+02 1.274923250000000100e+03 1.150122400000000100e+02 -6.114431875000000200e+02 1.992717280000000000e+02
3.955598395677131100e-02 6.634813749999999600e+02 3.147037680000000300e+02 1.277552124999999900e+03 1.149504720000000000e+02 -6.140707499999999800e+02 1.997532960000000100e+02
4.077544812026624000e-02 6.634853750000000900e+02 3.152344800000000200e+02 1.279952250000000000e+03 1.149611680000000000e+02 -6.164668749999999600e+02 2.002733120000000000e+02
4.146139496557587500e-02 6.634873124999999200e+02 3.155183200000000200e+02 1.281185874999999900e+03 1.149535680000000000e+02 -6.176985624999999800e+02 2.005647520000000000e+02
4.184723831940629500e-02 6.634863124999999400e+02 3.156712640000000100e+02 1.281881500000000000e+03 1.149422079999999900e+02 -6.183951875000000200e+02 2.007290560000000100e+02
4.206428015479529000e-02 6.634867500000001400e+02 3.157549280000000100e+02 1.282273875000000100e+03 1.149330240000000000e+02 -6.187871249999999500e+02 2.008219039999999900e+02
4.218636444054535400e-02 6.634875624999999700e+02 3.158013520000000100e+02 1.282497499999999900e+03 1.149270800000000000e+02 -6.190099374999999800e+02 2.008742719999999900e+02
4.225503364907662300e-02 6.634892499999999700e+02 3.158276799999999900e+02 1.282625875000000000e+03 1.149238400000000000e+02 -6.191366249999999800e+02 2.009038400000000000e+02
4.227259336664854200e-02 6.634900624999999100e+02 3.158344640000000300e+02 1.282659375000000000e+03 1.149230720000000000e+02 -6.191693125000000500e+02 2.009113920000000100e+02
4.229432177048754500e-02 6.634936874999998500e+02 3.158430399999999700e+02 1.282703749999999900e+03 1.149224000000000000e+02 -6.192100625000000500e+02 2.009206399999999900e+02
4.229987846626030000e-02 6.634960624999999900e+02 3.158452800000000000e+02 1.282716249999999900e+03 1.149223360000000000e+02 -6.192201874999999500e+02 2.009229440000000000e+02
4.230675330528846400e-02 6.635026874999998700e+02 3.158484240000000200e+02 1.282734999999999900e+03 1.149226160000000000e+02 -6.192323125000000300e+02 2.009258079999999900e+02
4.231061923780429800e-02 6.635101875000000300e+02 3.158505040000000000e+02 1.282748750000000000e+03 1.149230800000000000e+02 -6.192385624999999400e+02 2.009274240000000000e+02
4.231279440706321000e-02 6.635166249999998600e+02 3.158518639999999800e+02 1.282758374999999900e+03 1.149235120000000000e+02 -6.192417500000000200e+02 2.009283519999999900e+02
4.231502081157232500e-02 6.635274999999999200e+02 3.158535680000000000e+02 1.282770874999999900e+03 1.149241600000000000e+02 -6.192433750000000100e+02 2.009294080000000000e+02
4.232002323509281800e-02 6.654575625000001100e+02 3.156332239999999800e+02 1.283427750000000100e+03 1.148557359999999900e+02 -6.179701874999999500e+02 2.007774880000000100e+02
4.233128567463894500e-02 6.667292500000000900e+02 3.152676080000000000e+02 1.284092000000000100e+03 1.146788399999999900e+02 -6.173627500000000100e+02 2.005887679999999900e+02
4.235662849249275500e-02 6.637158124999998600e+02 3.154147039999999700e+02 1.282523999999999900e+03 1.147261760000000000e+02 -6.188081875000000300e+02 2.006885279999999900e+02
4.241364401047628700e-02 6.622988749999999500e+02 3.156512400000000300e+02 1.282025500000000000e+03 1.147951120000000000e+02 -6.197266250000000100e+02 2.008561280000000100e+02
4.254193707700177500e-02 6.635998124999998700e+02 3.158697359999999900e+02 1.283029749999999900e+03 1.149059920000000000e+02 -6.194299375000000500e+02 2.009637439999999900e+02
4.258162576491434500e-02 6.637254375000001100e+02 3.158914800000000000e+02 1.283206750000000100e+03 1.149130160000000000e+02 -6.194813124999999400e+02 2.009784640000000000e+02
4.260395036075578100e-02 6.637060000000000200e+02 3.158968400000000000e+02 1.283237625000000000e+03 1.149123920000000000e+02 -6.195316249999999600e+02 2.009844479999999900e+02
4.261650765480721300e-02 6.636796249999999900e+02 3.158984080000000200e+02 1.283239624999999900e+03 1.149112880000000000e+02 -6.195599999999999500e+02 2.009871200000000000e+02
4.262357346158616300e-02 6.636866875000000600e+02 3.159002400000000000e+02 1.283254500000000000e+03 1.149116640000000000e+02 -6.195678124999999500e+02 2.009885759999999900e+02
4.263079763186574500e-02 6.642688124999999700e+02 3.158564799999999800e+02 1.283557749999999900e+03 1.148996159999999900e+02 -6.192889374999999700e+02 2.009568640000000000e+02
4.263485918988238500e-02 6.653221249999999100e+02 3.157526720000000200e+02 1.284031874999999900e+03 1.148732160000000000e+02 -6.187097499999999900e+02 2.008794560000000000e+02
4.264400235316984100e-02 6.669570000000001100e+02 3.154007679999999700e+02 1.284838625000000100e+03 1.147300480000000000e+02 -6.178816249999999900e+02 2.006707199999999900e+02
4.266457563500410800e-02 6.640149999999999900e+02 3.154041439999999700e+02 1.283223375000000000e+03 1.147056319999999900e+02 -6.192083750000000500e+02 2.006985119999999900e+02
4.271086435469370600e-02 6.621689374999999700e+02 3.156483200000000100e+02 1.282509749999999900e+03 1.147874560000000100e+02 -6.203408124999999700e+02 2.008608639999999900e+02
4.273690117730034900e-02 6.622116874999999300e+02 3.157421759999999700e+02 1.282500624999999900e+03 1.148294080000000000e+02 -6.202889374999999700e+02 2.009127680000000000e+02
4.279548635704031500e-02 6.635899375000000200e+02 3.158858400000000300e+02 1.283397375000000000e+03 1.149066080000000100e+02 -6.198074374999999900e+02 2.009792320000000000e+02
4.282843993842529200e-02 6.659639375000000400e+02 3.156151679999999800e+02 1.284701250000000100e+03 1.148056960000000000e+02 -6.187373125000000300e+02 2.008094720000000000e+02
4.290258200322898100e-02 6.629026875000000700e+02 3.155493440000000200e+02 1.283210000000000000e+03 1.147529600000000000e+02 -6.203073124999999700e+02 2.007963839999999900e+02
4.306940863566229700e-02 6.634480624999998800e+02 3.159189200000000100e+02 1.283717124999999900e+03 1.149228720000000000e+02 -6.202690625000000200e+02 2.009960480000000000e+02
4.344476739419977200e-02 6.634902500000000600e+02 3.161256880000000300e+02 1.284712125000000000e+03 1.149437520000000000e+02 -6.212218749999999500e+02 2.011819360000000100e+02
4.428932460090907700e-02 6.634875625000000800e+02 3.164838320000000100e+02 1.286627750000000100e+03 1.149360720000000000e+02 -6.231401875000000200e+02 2.015477600000000100e+02
4.455061040372930400e-02 6.634852500000000600e+02 3.165819199999999700e+02 1.287140750000000000e+03 1.149222560000000000e+02 -6.236554999999999600e+02 2.016596639999999900e+02
4.469758570558131400e-02 6.634829374999999300e+02 3.166362159999999900e+02 1.287407999999999900e+03 1.149142320000000000e+02 -6.239250624999999700e+02 2.017219839999999900e+02
4.478025611066992900e-02 6.634939375000001300e+02 3.166658640000000000e+02 1.287542875000000100e+03 1.149093199999999900e+02 -6.240489374999999700e+02 2.017565439999999900e+02
4.482675908686040800e-02 6.635174374999999100e+02 3.166805840000000100e+02 1.287603249999999900e+03 1.149050000000000000e+02 -6.240858124999999700e+02 2.017755840000000100e+02
4.485291701096755200e-02 6.636527499999999700e+02 3.166840399999999800e+02 1.287650750000000000e+03 1.148990479999999900e+02 -6.239980000000000500e+02 2.017849919999999900e+02
4.486763084327781400e-02 6.636865000000000200e+02 3.166765280000000200e+02 1.287622000000000100e+03 1.148888160000000100e+02 -6.239355000000000500e+02 2.017877120000000000e+02
4.487590766506172100e-02 6.640031249999999500e+02 3.166397839999999600e+02 1.287730875000000000e+03 1.148654640000000000e+02 -6.237277500000000100e+02 2.017743199999999900e+02
4.488437079684638000e-02 6.661534375000000000e+02 3.162954080000000100e+02 1.288287750000000000e+03 1.147070720000000000e+02 -6.221343124999999600e+02 2.015883360000000000e+02
4.490341633667439800e-02 6.647238125000000100e+02 3.161171840000000100e+02 1.287301625000000100e+03 1.145724160000000000e+02 -6.225778125000000500e+02 2.015447680000000000e+02
4.494627229459993700e-02 6.624049374999999600e+02 3.163187520000000200e+02 1.286091500000000000e+03 1.146068800000000000e+02 -6.236865625000000400e+02 2.017118720000000000e+02
4.498845287877270600e-02 6.626366874999998800e+02 3.163711999999999900e+02 1.286047499999999900e+03 1.146015360000000000e+02 -6.234108125000000200e+02 2.017696640000000100e+02
4.499590993655324500e-02 6.628425000000000900e+02 3.163597920000000300e+02 1.286109750000000100e+03 1.145879360000000000e+02 -6.232672499999999900e+02 2.017718560000000100e+02
4.500353933108449500e-02 6.643908750000000500e+02 3.160201600000000300e+02 1.286111875000000100e+03 1.143992480000000000e+02 -6.217210000000000000e+02 2.016209120000000000e+02
4.502069848215478600e-02 6.647444375000001200e+02 3.158411360000000100e+02 1.286085375000000100e+03 1.142672640000000000e+02 -6.213409375000000000e+02 2.015738719999999900e+02
4.505930657206292500e-02 6.630760000000000200e+02 3.160960719999999900e+02 1.285451000000000000e+03 1.143420400000000000e+02 -6.223750000000000000e+02 2.017540320000000000e+02
4.514618292541876900e-02 6.632758124999999200e+02 3.162535279999999600e+02 1.285219625000000000e+03 1.144249040000000000e+02 -6.219438125000000400e+02 2.018286239999999900e+02
4.534165006271940300e-02 6.635349374999999600e+02 3.164142239999999900e+02 1.284847874999999900e+03 1.144833120000000000e+02 -6.213129374999999800e+02 2.019309120000000100e+02
4.578144879277081700e-02 6.634933125000001200e+02 3.166281680000000200e+02 1.285002625000000100e+03 1.144634800000000000e+02 -6.215093124999999600e+02 2.021646880000000100e+02
4.677099709982400500e-02 6.634888749999998900e+02 3.169825520000000000e+02 1.286136999999999900e+03 1.143837039999999900e+02 -6.226481250000000500e+02 2.025988480000000000e+02
4.732761685810392400e-02 6.634890000000000300e+02 3.171681439999999800e+02 1.286703375000000100e+03 1.143342399999999900e+02 -6.232143750000000200e+02 2.028339039999999900e+02
4.858001597198374800e-02 6.634876874999999900e+02 3.175657360000000200e+02 1.287906250000000000e+03 1.142094160000000000e+02 -6.244185625000000100e+02 2.033563200000000100e+02
5.139791281377585600e-02 6.634879375000000400e+02 3.184339360000000200e+02 1.290091500000000000e+03 1.139262560000000000e+02 -6.266035624999999500e+02 2.045076799999999900e+02
5.488505846705920400e-02 6.634869374999999500e+02 3.195051760000000100e+02 1.291721000000000000e+03 1.135874960000000000e+02 -6.282340625000000500e+02 2.059176799999999900e+02
5.684657673259358600e-02 6.634877500000000100e+02 3.201609359999999900e+02 1.293065000000000100e+03 1.134815600000000000e+02 -6.295772500000000500e+02 2.066793759999999900e+02
5.712241800422342800e-02 6.634878749999999200e+02 3.202561520000000400e+02 1.293247374999999900e+03 1.134711920000000000e+02 -6.297595000000000000e+02 2.067849600000000100e+02
5.724583906422896200e-02 6.634888124999999900e+02 3.202990560000000100e+02 1.293323750000000000e+03 1.134668320000000000e+02 -6.298349375000000200e+02 2.068322240000000000e+02
5.726765596531831900e-02 6.634893124999998700e+02 3.203067760000000100e+02 1.293336499999999900e+03 1.134661680000000000e+02 -6.298471875000000200e+02 2.068406080000000000e+02
5.727992913661859200e-02 6.634914999999999700e+02 3.203112080000000200e+02 1.293343374999999900e+03 1.134658160000000000e+02 -6.298518749999999500e+02 2.068453920000000000e+02
5.728683657989688800e-02 6.634943125000000900e+02 3.203138400000000300e+02 1.293347625000000100e+03 1.134656800000000100e+02 -6.298533125000000200e+02 2.068481600000000100e+02
5.729071648566277900e-02 6.634969999999999600e+02 3.203154319999999900e+02 1.293350375000000000e+03 1.134656720000000000e+02 -6.298533750000000300e+02 2.068497600000000000e+02
5.729468954642905800e-02 6.635021874999998800e+02 3.203172880000000200e+02 1.293354374999999900e+03 1.134657840000000000e+02 -6.298521875000000100e+02 2.068515040000000100e+02
5.729692526643821000e-02 6.635068125000000200e+02 3.203185040000000200e+02 1.293357375000000000e+03 1.134659439999999900e+02 -6.298505625000000200e+02 2.068525600000000100e+02
5.729968731219952500e-02 6.635219375000000400e+02 3.203209200000000000e+02 1.293364875000000000e+03 1.134665680000000000e+02 -6.298429374999999500e+02 2.068543520000000100e+02
5.730251456646110600e-02 6.638050625000000800e+02 3.203068000000000100e+02 1.293391000000000100e+03 1.134695360000000100e+02 -6.295859375000000000e+02 2.068372640000000000e+02
5.730887705298716400e-02 6.671988125000000300e+02 3.200095119999999700e+02 1.294361750000000000e+03 1.134209039999999900e+02 -6.271629375000000000e+02 2.065886079999999900e+02
5.731245420500181300e-02 6.678947499999999300e+02 3.198846959999999600e+02 1.294776374999999900e+03 1.133646000000000000e+02 -6.268816249999999900e+02 2.065200960000000000e+02
5.732050745478480000e-02 6.654844375000000100e+02 3.198209519999999800e+02 1.293524500000000000e+03 1.132894640000000000e+02 -6.280400624999999800e+02 2.065314880000000000e+02
5.733862144460899500e-02 6.637199375000000100e+02 3.198904559999999700e+02 1.292628500000000000e+03 1.132970960000000000e+02 -6.289085625000000200e+02 2.065933599999999900e+02
5.737938607277597000e-02 6.621852500000000000e+02 3.201264879999999900e+02 1.292171750000000000e+03 1.133574960000000000e+02 -6.299864999999999800e+02 2.067689920000000000e+02
5.747109717065161700e-02 6.633188124999999200e+02 3.202825359999999900e+02 1.292759499999999900e+03 1.134125840000000000e+02 -6.294406874999999700e+02 2.068699520000000100e+02
5.758459256536649400e-02 6.636713125000000000e+02 3.203231839999999700e+02 1.292977500000000000e+03 1.134108320000000000e+02 -6.293061874999999600e+02 2.069123520000000000e+02
5.770066835359194400e-02 6.634603125000001000e+02 3.203574479999999800e+02 1.292866375000000100e+03 1.133983120000000000e+02 -6.294060624999999600e+02 2.069591360000000000e+02
5.784430870643029300e-02 6.634879999999999400e+02 3.204298400000000100e+02 1.292962874999999900e+03 1.133985760000000100e+02 -6.294748750000000000e+02 2.070312639999999900e+02
5.788103506533072400e-02 6.635326874999999500e+02 3.204480079999999600e+02 1.292988374999999900e+03 1.133991920000000000e+02 -6.294556874999999500e+02 2.070488159999999900e+02
5.789239531762725700e-02 6.635605625000000600e+02 3.204542319999999900e+02 1.292999375000000100e+03 1.133998960000000000e+02 -6.294388125000000400e+02 2.070543360000000100e+02
5.790401640392485400e-02 6.637088750000000300e+02 3.204653839999999700e+02 1.293058000000000000e+03 1.134037840000000000e+02 -6.293491249999999600e+02 2.070616000000000000e+02
5.791055588495164200e-02 6.645710625000000400e+02 3.204049360000000200e+02 1.293330750000000100e+03 1.133953040000000000e+02 -6.287596875000000400e+02 2.070096320000000100e+02
5.792526040176186600e-02 6.651198124999999700e+02 3.202185040000000000e+02 1.293382750000000000e+03 1.133212240000000000e+02 -6.282629375000000200e+02 2.068972799999999900e+02
5.795835371564742000e-02 6.632953750000000400e+02 3.202777360000000000e+02 1.292522500000000000e+03 1.133142320000000000e+02 -6.292271250000000000e+02 2.069635040000000000e+02
5.803280784970238400e-02 6.629387500000000300e+02 3.203900879999999900e+02 1.292238125000000100e+03 1.133404560000000000e+02 -6.292993750000000500e+02 2.070496320000000000e+02
5.812494746057979300e-02 6.635698125000001300e+02 3.204323359999999600e+02 1.292565250000000100e+03 1.133448640000000000e+02 -6.289954374999999800e+02 2.070874719999999900e+02
5.814850636017628700e-02 6.636870625000001400e+02 3.204413920000000100e+02 1.292628875000000100e+03 1.133451680000000000e+02 -6.289418124999999700e+02 2.070962240000000100e+02
5.816175765898055900e-02 6.637230625000000800e+02 3.204453599999999900e+02 1.292647750000000100e+03 1.133449600000000000e+02 -6.289246875000000000e+02 2.071004000000000100e+02
5.817815293904771800e-02 6.637766249999999700e+02 3.204529919999999900e+02 1.292657375000000000e+03 1.133457440000000000e+02 -6.288807500000000300e+02 2.071072480000000000e+02
5.819492549686641800e-02 6.638664999999998600e+02 3.204566160000000000e+02 1.292646874999999900e+03 1.133442479999999900e+02 -6.287803750000000500e+02 2.071123680000000000e+02
5.823266258752099500e-02 6.634462500000000800e+02 3.204341039999999900e+02 1.292346375000000100e+03 1.133199920000000000e+02 -6.289001250000000000e+02 2.071141120000000100e+02
5.831756871261876300e-02 6.633503749999999900e+02 3.204811039999999600e+02 1.292361375000000000e+03 1.133210560000000000e+02 -6.290109999999999700e+02 2.071600479999999900e+02
5.850860167190123600e-02 6.635041249999999300e+02 3.205812320000000000e+02 1.292577624999999900e+03 1.133243200000000000e+02 -6.290734999999999700e+02 2.072569120000000000e+02
5.893843281691182900e-02 6.634888749999998900e+02 3.207392879999999900e+02 1.292770874999999900e+03 1.133072080000000000e+02 -6.292820000000000400e+02 2.074320800000000100e+02
5.990555405762315600e-02 6.634886874999999700e+02 3.210805679999999700e+02 1.293155999999999900e+03 1.132744079999999900e+02 -6.296673124999999800e+02 2.078061600000000100e+02
6.085756555727259200e-02 6.635061874999999000e+02 3.214012000000000200e+02 1.293507499999999900e+03 1.132462560000000000e+02 -6.300013125000000400e+02 2.081549440000000000e+02
6.102586869646196100e-02 6.634901874999999300e+02 3.214565519999999900e+02 1.293534124999999900e+03 1.132406960000000000e+02 -6.300439374999999700e+02 2.082158560000000000e+02
6.110117054102039800e-02 6.634966874999998900e+02 3.214794319999999700e+02 1.293518499999999900e+03 1.132362160000000000e+02 -6.300218125000000100e+02 2.082432159999999900e+02
6.112537686786954900e-02 6.635333124999999700e+02 3.214892160000000000e+02 1.293517875000000000e+03 1.132360800000000000e+02 -6.299845625000000400e+02 2.082531360000000100e+02
6.113899147117531100e-02 6.636726250000000400e+02 3.215007519999999800e+02 1.293560625000000100e+03 1.132396480000000000e+02 -6.298880000000000300e+02 2.082611039999999900e+02
6.116962549305078600e-02 6.635230624999999200e+02 3.214853520000000300e+02 1.293394875000000000e+03 1.132238960000000000e+02 -6.298718125000000300e+02 2.082614560000000100e+02
6.123855553558312700e-02 6.633991874999999300e+02 3.214979200000000200e+02 1.293327624999999900e+03 1.132155840000000100e+02 -6.299284374999999700e+02 2.082823359999999900e+02
6.139364463796837000e-02 6.634924374999999400e+02 3.215559119999999800e+02 1.293429249999999900e+03 1.132134960000000100e+02 -6.299368124999999700e+02 2.083424159999999900e+02
6.174259395389766800e-02 6.634899375000000000e+02 3.216842240000000300e+02 1.293570500000000000e+03 1.132101760000000000e+02 -6.300805625000000400e+02 2.084740480000000100e+02
6.252773224361359000e-02 6.634879375000000400e+02 3.219493840000000100e+02 1.293849375000000000e+03 1.131998480000000000e+02 -6.303614374999999700e+02 2.087495360000000100e+02
6.429429572434944300e-02 6.634883125000001200e+02 3.225555919999999900e+02 1.294467000000000100e+03 1.132000080000000000e+02 -6.309786874999999800e+02 2.093555839999999900e+02
6.528798477116959400e-02 6.634875625000000800e+02 3.229014399999999800e+02 1.294734500000000000e+03 1.132063840000000000e+02 -6.312469374999999400e+02 2.096950559999999900e+02
6.584693340445903200e-02 6.634889999999999200e+02 3.230901600000000300e+02 1.294839999999999900e+03 1.132052480000000000e+02 -6.313510000000000000e+02 2.098849120000000100e+02
6.710457248711032600e-02 6.634856875000000400e+02 3.235112240000000300e+02 1.295059125000000000e+03 1.132089840000000000e+02 -6.315734374999999500e+02 2.103022400000000100e+02
6.749365763495401800e-02 6.634896249999999300e+02 3.236473520000000100e+02 1.295114875000000000e+03 1.132106000000000000e+02 -6.316252500000000500e+02 2.104367520000000100e+02
6.789158319233393200e-02 6.634926249999999800e+02 3.237676559999999900e+02 1.294953000000000000e+03 1.131970160000000000e+02 -6.314603750000000000e+02 2.105706400000000000e+02
6.878691453200121200e-02 6.634883124999998900e+02 3.240926000000000000e+02 1.295113374999999900e+03 1.132040880000000000e+02 -6.316250625000000100e+02 2.108885119999999900e+02
6.969453301621880700e-02 6.634861875000000300e+02 3.244166880000000200e+02 1.295277875000000000e+03 1.132130400000000100e+02 -6.317916874999999700e+02 2.112036479999999900e+02
6.988544953175081200e-02 6.634874374999999400e+02 3.244844800000000200e+02 1.295311999999999900e+03 1.132148960000000000e+02 -6.318245624999999600e+02 2.112695840000000100e+02
6.995704380729406100e-02 6.634876875000001100e+02 3.245098239999999800e+02 1.295324125000000100e+03 1.132155200000000000e+02 -6.318364374999999900e+02 2.112943040000000100e+02
7.000000223572001900e-02 6.634909999999999900e+02 3.245251440000000100e+02 1.295332750000000000e+03 1.132159120000000000e+02 -6.318417500000000500e+02 2.113092320000000100e+02
