0.000000000000000000e+00 0.000000000000000000e+00 0.000000000000000000e+00 0.000000000000000000e+00 0.000000000000000000e+00 0.000000000000000000e+00 0.000000000000000000e+00
-1.308618289514038900e-08 2.466950468750000000e+02 -5.311706542968802100e-06 1.467382812500000000e+02 -8.588927001953125300e-04 9.995676562500000300e+01 8.535809936523437200e-04
8.749870881347283900e-04 2.466949687499999900e+02 2.202763300000000200e+01 1.469459843749999900e+02 8.719087000000000000e+00 9.974898437500000600e+01 1.330854600000000000e+01
1.039049637041103500e-03 2.466983203125000200e+02 2.615214900000000100e+01 1.473049687500000000e+02 1.026630900000000000e+01 9.939335156250000100e+01 1.588584000000000000e+01
1.131334802606603700e-03 2.467000859375000100e+02 2.842298699999999900e+01 1.476287812500000000e+02 1.108318700000000100e+01 9.907130468750000300e+01 1.733980000000000000e+01
1.144312385819915900e-03 2.467216718750000300e+02 2.873425200000000100e+01 1.477130937500000100e+02 1.118818400000000000e+01 9.900857812500000000e+01 1.754606800000000200e+01
1.173511966244205000e-03 2.467157499999999900e+02 2.943901499999999800e+01 1.478925156249999900e+02 1.142186700000000100e+01 9.882323437499999800e+01 1.801714799999999900e+01
1.239211131364871300e-03 2.467059843749999900e+02 3.102852200000000200e+01 1.483781562499999900e+02 1.193306800000000000e+01 9.832782812499999600e+01 1.909545400000000000e+01
1.276166884453742300e-03 2.467089921875000000e+02 3.191588999999999700e+01 1.487096718750000000e+02 1.220666200000000000e+01 9.799932031250000400e+01 1.970922800000000000e+01
1.359317328903701200e-03 2.467245390625000100e+02 3.387085299999999700e+01 1.497649531250000100e+02 1.274742300000000000e+01 9.695958593749999500e+01 2.112342999999999900e+01
1.406089435712467300e-03 2.467526796875000100e+02 3.491624299999999400e+01 1.506941406249999900e+02 1.296507899999999900e+01 9.605853906250000300e+01 2.195116399999999900e+01
1.511326639643519000e-03 2.467642734375000100e+02 3.713112100000000000e+01 1.543918906250000000e+02 1.310147500000000100e+01 9.237238281250000700e+01 2.402964600000000000e+01
1.570522712409423700e-03 2.466509453124999700e+02 3.847988999999999700e+01 1.563177499999999900e+02 1.327565000000000100e+01 9.033319531249999600e+01 2.520423999999999900e+01
1.703713548634660900e-03 2.466872500000000100e+02 4.136767100000000100e+01 1.604329999999999900e+02 1.369674300000000000e+01 8.625424999999999900e+01 2.767092800000000000e+01
1.722443525898878800e-03 2.467305000000000100e+02 4.176164599999999900e+01 1.610577812500000100e+02 1.375096800000000000e+01 8.567271875000000100e+01 2.801067799999999900e+01
1.764585974743369300e-03 2.467117890624999700e+02 4.264578299999999400e+01 1.624063593749999900e+02 1.387575300000000000e+01 8.430542968749999500e+01 2.877002999999999800e+01
1.859406557420817000e-03 2.466990468749999900e+02 4.464823900000000400e+01 1.655325781249999900e+02 1.415687100000000100e+01 8.116646875000000700e+01 3.049136800000000100e+01
1.888741649259723200e-03 2.466794999999999900e+02 4.527628000000000000e+01 1.664631249999999900e+02 1.425497799999999900e+01 8.021637499999999900e+01 3.102130199999999900e+01
1.896242082337320400e-03 2.466816718750000100e+02 4.543995100000000100e+01 1.667073906249999900e+02 1.428393100000000100e+01 7.997428125000000400e+01 3.115602000000000200e+01
1.900460984971788500e-03 2.466969765625000000e+02 4.553365200000000400e+01 1.668765312500000000e+02 1.430145800000000000e+01 7.982044531249999900e+01 3.123219400000000000e+01
1.902834254161196600e-03 2.467815703125000100e+02 4.558440100000000000e+01 1.670707656250000100e+02 1.430859100000000000e+01 7.971080468750000100e+01 3.127581000000000000e+01
1.908173927894005500e-03 2.482532421875000100e+02 4.562042200000000500e+01 1.692607031249999900e+02 1.423257400000000000e+01 7.899253906250000100e+01 3.138784800000000200e+01
1.920188157404153300e-03 2.476787734375000100e+02 4.566320799999999700e+01 1.702850000000000000e+02 1.408564200000000000e+01 7.739377343750000200e+01 3.157756600000000100e+01
1.947220282968001800e-03 2.462994375000000100e+02 4.623629700000000000e+01 1.701377500000000100e+02 1.423004700000000100e+01 7.616168749999999900e+01 3.200625000000000100e+01
2.008042492709317200e-03 2.464320312499999900e+02 4.760220199999999800e+01 1.721044843750000000e+02 1.455641600000000000e+01 7.432754687499999600e+01 3.304578600000000000e+01
2.144892573793292600e-03 2.467447109375000000e+02 5.039810299999999900e+01 1.761679687500000000e+02 1.512225100000000000e+01 7.057674218750000300e+01 3.527585200000000000e+01
2.452805219843565400e-03 2.466994453125000200e+02 5.661948800000000400e+01 1.864753125000000000e+02 1.610483199999999800e+01 6.022413281250000200e+01 4.051465600000000200e+01
3.145608564290662600e-03 2.466953085937500100e+02 7.016013599999999400e+01 2.087408437500000100e+02 1.818666800000000100e+01 3.795446484375000300e+01 5.197346799999999700e+01
3.535310281793131200e-03 2.466941738281250000e+02 7.755272399999999800e+01 2.213759062500000100e+02 1.930008000000000100e+01 2.531826757812499900e+01 5.825264399999999700e+01
4.412139582837749200e-03 2.466958895263671800e+02 9.383316600000000600e+01 2.483803125000000000e+02 2.175719000000000100e+01 -1.684422973632812500e+00 7.207597599999999700e+01
4.905356010092338900e-03 2.466951621093749600e+02 1.027547860000000000e+02 2.631413437499999800e+02 2.308214600000000200e+01 -1.644618164062499900e+01 7.967264000000000100e+01
5.182790232228709000e-03 2.466909941406250400e+02 1.076874660000000000e+02 2.721426875000000200e+02 2.388058600000000100e+01 -2.545169335937500000e+01 8.380688000000000700e+01
5.338846982180417200e-03 2.466925839843750100e+02 1.103374520000000000e+02 2.776693750000000000e+02 2.436638800000000100e+01 -3.097679101562500000e+01 8.597106399999999800e+01
5.689974378462385100e-03 2.466982343750000300e+02 1.156870260000000000e+02 2.907967187500000300e+02 2.555253000000000100e+01 -4.409848437499999800e+01 9.013449599999999900e+01
6.480012038979629700e-03 2.466987343750000200e+02 1.251702820000000000e+02 3.216275625000000100e+02 2.840076200000000000e+01 -7.492882812499999500e+01 9.676952000000000000e+01
6.924407968299875700e-03 2.467034453124999800e+02 1.292627780000000000e+02 3.380696249999999700e+02 2.993688200000000100e+01 -9.136617968749999400e+01 9.932589600000000000e+01
6.940031226301368400e-03 2.467018828125000000e+02 1.293925340000000100e+02 3.386243749999999900e+02 2.998933399999999900e+01 -9.192249218749999800e+01 9.940319999999999800e+01
6.948819236149864600e-03 2.467005390624999800e+02 1.294645879999999900e+02 3.389357812499999900e+02 3.001861999999999900e+01 -9.223524218750000600e+01 9.944596799999999300e+01
6.968592549418355400e-03 2.467050312499999900e+02 1.296256420000000000e+02 3.396408437499999900e+02 3.008464199999999900e+01 -9.293581249999999700e+01 9.954099999999999700e+01
6.993062039143582900e-03 2.467352500000000100e+02 1.298212440000000100e+02 3.405376249999999900e+02 3.016758799999999900e+01 -9.380237499999999800e+01 9.965365599999999800e+01
7.018087547777336600e-03 2.466801171875000300e+02 1.300198499999999900e+02 3.413946562500000300e+02 3.024806600000000100e+01 -9.471453906249999500e+01 9.977178399999999700e+01
7.074395087757972600e-03 2.466818203125000100e+02 1.304769200000000100e+02 3.434540937500000300e+02 3.043904800000000000e+01 -9.677227343750000400e+01 1.000378719999999900e+02
7.144075028043381600e-03 2.467440078125000000e+02 1.310099660000000200e+02 3.461037812500000000e+02 3.067929399999999900e+01 -9.935977343749999600e+01 1.003306720000000100e+02
7.215339185554029900e-03 2.466670781249999900e+02 1.314765019999999800e+02 3.488489999999999900e+02 3.091814200000000000e+01 -1.021819218750000000e+02 1.005583599999999900e+02
7.375683394398299700e-03 2.466883124999999900e+02 1.326264300000000000e+02 3.545142812500000100e+02 3.143371799999999900e+01 -1.078259687500000000e+02 1.011927120000000000e+02
7.568096212123922400e-03 2.466995156250000000e+02 1.339080659999999900e+02 3.609263750000000100e+02 3.203296199999999800e+01 -1.142268593750000000e+02 1.018751039999999900e+02
7.928870390914152800e-03 2.466959765624999900e+02 1.361016779999999900e+02 3.723699374999999900e+02 3.308583800000000300e+01 -1.256739609375000000e+02 1.030158400000000000e+02
8.740612002082797500e-03 2.466964687500000100e+02 1.401316600000000100e+02 3.957619687499999900e+02 3.515677199999999700e+01 -1.490654999999999900e+02 1.049748880000000100e+02
8.940376495994781600e-03 2.466929375000000300e+02 1.409351520000000200e+02 4.009024687500000300e+02 3.560280000000000200e+01 -1.542095312500000000e+02 1.053323520000000000e+02
8.968468550797347200e-03 2.466966406250000100e+02 1.410442160000000100e+02 4.016177500000000000e+02 3.566482400000000300e+01 -1.549211093749999900e+02 1.053793920000000000e+02
8.973434876755189900e-03 2.466919531249999700e+02 1.410628240000000100e+02 4.017401249999999800e+02 3.567525599999999700e+01 -1.550481718750000100e+02 1.053875680000000000e+02
8.978514153150995300e-03 2.466883437500000000e+02 1.410818840000000000e+02 4.018677812500000100e+02 3.568636399999999800e+01 -1.551794375000000100e+02 1.053955200000000000e+02
8.981371100568945700e-03 2.466855312500000300e+02 1.410921119999999900e+02 4.019379062500000300e+02 3.569257600000000300e+01 -1.552523750000000000e+02 1.053995360000000000e+02
8.987799377814026000e-03 2.468800000000000000e+02 1.410865840000000200e+02 4.022785000000000100e+02 3.568781599999999800e+01 -1.553985000000000100e+02 1.053987680000000000e+02
9.002262856060769600e-03 2.468459687500000000e+02 1.410952839999999900e+02 4.026707187499999900e+02 3.569702000000000200e+01 -1.558247499999999900e+02 1.053982640000000000e+02
9.034805973225316200e-03 2.466045312499999800e+02 1.412413280000000100e+02 4.031927187499999800e+02 3.579980799999999900e+01 -1.565881875000000000e+02 1.054415200000000000e+02
9.108027550181481400e-03 2.466800156249999800e+02 1.415472760000000100e+02 4.051508437499999800e+02 3.596708400000000000e+01 -1.584708281250000000e+02 1.055801920000000000e+02
9.149214869162683800e-03 2.467233124999999900e+02 1.417089919999999900e+02 4.062249062500000000e+02 3.605671199999999700e+01 -1.595015937500000100e+02 1.056522800000000000e+02
9.200184045402704300e-03 2.467091250000000000e+02 1.418844880000000000e+02 4.074622812499999900e+02 3.616024800000000300e+01 -1.607531562499999900e+02 1.057242399999999900e+02
9.228854243426386600e-03 2.466881562500000200e+02 1.419858440000000100e+02 4.081471250000000200e+02 3.621750800000000200e+01 -1.614589687500000000e+02 1.057683360000000100e+02
9.258175944233988300e-03 2.468146406249999800e+02 1.420430559999999800e+02 4.089854062499999800e+02 3.625782399999999900e+01 -1.621707656250000000e+02 1.057852319999999900e+02
9.324150062160469300e-03 2.466169375000000100e+02 1.422647680000000000e+02 4.103744375000000000e+02 3.640171200000000300e+01 -1.637574999999999900e+02 1.058630560000000000e+02
9.472591973049738700e-03 2.467041562499999800e+02 1.428156960000000000e+02 4.140434062499999800e+02 3.670488799999999700e+01 -1.673392499999999900e+02 1.061108080000000100e+02
9.656288393833409300e-03 2.466897812500000100e+02 1.434282680000000000e+02 4.183036875000000200e+02 3.705187600000000000e+01 -1.716139062500000100e+02 1.063763920000000000e+02
9.671944256085033400e-03 2.466911718750000100e+02 1.434800480000000100e+02 4.186515937500000200e+02 3.708049599999999700e+01 -1.719604218750000100e+02 1.063995520000000000e+02
9.683686443883130300e-03 2.467202812500000000e+02 1.435199519999999900e+02 4.189156874999999900e+02 3.710224000000000200e+01 -1.721954062499999900e+02 1.064177119999999900e+02
9.710105784210094600e-03 2.467094531250000400e+02 1.436061599999999900e+02 4.194845000000000300e+02 3.714938399999999800e+01 -1.727750468749999900e+02 1.064567760000000000e+02
9.769549154391073500e-03 2.466784843749999800e+02 1.437950840000000000e+02 4.207259374999999900e+02 3.725306799999999900e+01 -1.740474531250000000e+02 1.065420160000000000e+02
9.787940280341404800e-03 2.466815468749999800e+02 1.438516239999999900e+02 4.210931562499999900e+02 3.728413599999999700e+01 -1.744116093750000100e+02 1.065674880000000000e+02
9.806748274918441000e-03 2.466884374999999900e+02 1.438961559999999900e+02 4.213884062500000000e+02 3.730650800000000100e+01 -1.746999687500000100e+02 1.065896480000000000e+02
9.812566969129774700e-03 2.467356406249999700e+02 1.438998640000000100e+02 4.215001562499999700e+02 3.730463999999999900e+01 -1.747645156250000000e+02 1.065952240000000000e+02
9.818518409216651900e-03 2.469706406250000200e+02 1.438708520000000100e+02 4.217561875000000100e+02 3.727420399999999700e+01 -1.747855468749999900e+02 1.065966480000000000e+02
9.821865002605359400e-03 2.473285781249999800e+02 1.438172240000000100e+02 4.220595937499999800e+02 3.722791999999999700e+01 -1.747310156250000000e+02 1.065893040000000000e+02
9.826008071247329900e-03 2.509227187500000000e+02 1.432795639999999900e+02 4.245370624999999900e+02 3.682764399999999900e+01 -1.736143437499999900e+02 1.064519200000000000e+02
9.828338110694372800e-03 2.545492343750000000e+02 1.427120520000000000e+02 4.271132187499999900e+02 3.640206800000000000e+01 -1.725639843749999900e+02 1.063099840000000000e+02
9.830721714266637800e-03 2.578195312500000100e+02 1.420922080000000000e+02 4.297583750000000000e+02 3.590773600000000000e+01 -1.719388437499999900e+02 1.061844720000000000e+02
9.836083948976099800e-03 2.566327968749999400e+02 1.413623079999999800e+02 4.303506249999999800e+02 3.523400399999999900e+01 -1.737178281250000100e+02 1.061283040000000000e+02
9.842517466189951500e-03 2.495926093750000200e+02 1.414149920000000100e+02 4.264010000000000100e+02 3.517700000000000000e+01 -1.768083906249999900e+02 1.062379920000000100e+02
9.854582203176870000e-03 2.470937499999999700e+02 1.419854839999999900e+02 4.255754999999999800e+02 3.548627599999999700e+01 -1.784817500000000100e+02 1.064992080000000000e+02
9.881727570288056200e-03 2.451126406250000100e+02 1.422702400000000000e+02 4.255457500000000000e+02 3.561047200000000100e+01 -1.804331093749999900e+02 1.066597680000000000e+02
9.942804646288229100e-03 2.448314531250000000e+02 1.426297240000000100e+02 4.267441562500000000e+02 3.581698000000000100e+01 -1.819127031250000100e+02 1.068127440000000000e+02
1.008022690285111100e-02 2.468865312499999900e+02 1.432707600000000000e+02 4.300305937499999800e+02 3.623523200000000300e+01 -1.831440624999999900e+02 1.070355280000000000e+02
1.025028834267268200e-02 2.466556093750000100e+02 1.436545040000000000e+02 4.320109687500000200e+02 3.649152000000000100e+01 -1.853553593750000100e+02 1.071629839999999900e+02
1.042421338613507900e-02 2.467023593750000100e+02 1.441688719999999900e+02 4.340530312500000000e+02 3.683841600000000200e+01 -1.873506718749999900e+02 1.073304560000000000e+02
1.063292483561496100e-02 2.466909687499999700e+02 1.447361760000000000e+02 4.364437812499999700e+02 3.723881600000000000e+01 -1.897528125000000000e+02 1.074973600000000000e+02
1.102425734784286000e-02 2.466884999999999800e+02 1.457466479999999900e+02 4.404466562499999900e+02 3.802772000000000200e+01 -1.937581562500000100e+02 1.077189280000000100e+02
1.114532507965125200e-02 2.466958124999999900e+02 1.460323520000000000e+02 4.417307187499999900e+02 3.825602399999999600e+01 -1.950349062500000100e+02 1.077763280000000100e+02
1.126914554172092100e-02 2.466996250000000000e+02 1.463040560000000000e+02 4.430753437500000000e+02 3.846607999999999800e+01 -1.963757187500000000e+02 1.078379760000000000e+02
1.154774070804954700e-02 2.466938437500000100e+02 1.468589760000000100e+02 4.462145937500000100e+02 3.887861600000000100e+01 -1.995207499999999900e+02 1.079803600000000000e+02
1.217458070561708300e-02 2.466943750000000100e+02 1.480160320000000000e+02 4.535968750000000100e+02 3.967947199999999700e+01 -2.069025000000000000e+02 1.083365600000000100e+02
1.287977453844305600e-02 2.467059843749999900e+02 1.490566559999999800e+02 4.620543124999999800e+02 4.025429599999999700e+01 -2.153483281249999900e+02 1.088023599999999900e+02
1.323237203707479600e-02 2.466942812499999900e+02 1.494965920000000200e+02 4.656396874999999800e+02 4.049111200000000100e+01 -2.189454062499999900e+02 1.090054800000000100e+02
1.366871122329954200e-02 2.466906093749999800e+02 1.500136799999999900e+02 4.698021249999999900e+02 4.076189600000000000e+01 -2.231115156250000100e+02 1.092517840000000000e+02
1.378027481619400700e-02 2.466936406249999700e+02 1.501404359999999900e+02 4.708129687499999800e+02 4.082645999999999700e+01 -2.241193281250000100e+02 1.093139760000000000e+02
1.379596328269576600e-02 2.466949375000000100e+02 1.501579080000000200e+02 4.709517812500000100e+02 4.083522800000000100e+01 -2.242568437500000000e+02 1.093226800000000100e+02
1.383126320565285400e-02 2.467146875000000000e+02 1.501926599999999900e+02 4.712338125000000000e+02 4.085192399999999700e+01 -2.245191250000000000e+02 1.093407360000000100e+02
1.385111919398418700e-02 2.467255624999999700e+02 1.502098800000000000e+02 4.713782187499999700e+02 4.085980000000000000e+01 -2.246526562500000100e+02 1.093500800000000100e+02
1.387569115420983100e-02 2.467293593750000000e+02 1.502230639999999900e+02 4.715099999999999900e+02 4.086421599999999900e+01 -2.247806406249999900e+02 1.093588479999999900e+02
1.388951302739144600e-02 2.470352812500000000e+02 1.501784960000000000e+02 4.718292187500000000e+02 4.082393600000000300e+01 -2.247939375000000000e+02 1.093545600000000100e+02
1.390364813426184200e-02 2.467429843749999600e+02 1.501879680000000100e+02 4.716555624999999700e+02 4.083348000000000200e+01 -2.249125781250000100e+02 1.093544880000000000e+02
1.393545358026711900e-02 2.466175000000000100e+02 1.501974160000000000e+02 4.716635312500000100e+02 4.083500800000000200e+01 -2.250460312500000000e+02 1.093624080000000000e+02
1.400701641599774000e-02 2.465933906250000100e+02 1.502873799999999800e+02 4.720807500000000200e+02 4.088097200000000000e+01 -2.254873593750000100e+02 1.094064080000000000e+02
1.416803134084475800e-02 2.467145625000000000e+02 1.504885240000000100e+02 4.734748437499999900e+02 4.097073999999999900e+01 -2.267602812499999900e+02 1.095177840000000100e+02
1.436728755778591100e-02 2.466881562500000200e+02 1.506481560000000000e+02 4.747882812500000100e+02 4.103447599999999800e+01 -2.281001249999999900e+02 1.096136800000000000e+02
1.457107227218311200e-02 2.466930468749999600e+02 1.508600359999999800e+02 4.763411249999999800e+02 4.112766800000000000e+01 -2.296480781250000100e+02 1.097323679999999900e+02
1.463411841200385100e-02 2.466979843750000000e+02 1.509088439999999900e+02 4.767430312500000000e+02 4.114728399999999900e+01 -2.300450468750000000e+02 1.097615600000000000e+02
1.469859680995545500e-02 2.466809218750000200e+02 1.509371999999999900e+02 4.770511250000000100e+02 4.115660799999999900e+01 -2.303702031249999900e+02 1.097805920000000000e+02
1.484367407867468900e-02 2.466926718750000000e+02 1.510776599999999800e+02 4.780940937500000100e+02 4.121437199999999700e+01 -2.314014218750000100e+02 1.098632880000000000e+02
1.517009735107422000e-02 2.466922031250000200e+02 1.513786920000000000e+02 4.803455000000000200e+02 4.133573200000000000e+01 -2.336532968750000000e+02 1.100429599999999900e+02
1.527108552255036600e-02 2.466938749999999900e+02 1.514694480000000000e+02 4.809982812499999900e+02 4.137055200000000400e+01 -2.343044062500000000e+02 1.100988960000000000e+02
1.537436763591091100e-02 2.466970937500000200e+02 1.515615840000000100e+02 4.816658750000000300e+02 4.140673600000000200e+01 -2.349687812500000100e+02 1.101548480000000000e+02
1.560675326430026300e-02 2.466921093750000300e+02 1.517633160000000000e+02 4.831368125000000200e+02 4.148502800000000000e+01 -2.364447031249999900e+02 1.102782880000000000e+02
1.583550817654974200e-02 2.466924843750000200e+02 1.519637400000000000e+02 4.846401562500000200e+02 4.156461999999999800e+01 -2.379476718750000000e+02 1.103991200000000000e+02
1.590903541835091100e-02 2.467195625000000200e+02 1.519838599999999900e+02 4.849778125000000300e+02 4.156134800000000200e+01 -2.382582500000000000e+02 1.104225120000000000e+02
1.607447404127854500e-02 2.466925312500000300e+02 1.521391840000000000e+02 4.860079062500000200e+02 4.162379200000000200e+01 -2.393153749999999900e+02 1.105153920000000100e+02
1.644671094286573000e-02 2.466929687500000300e+02 1.524421800000000100e+02 4.882950312500000200e+02 4.174054000000000300e+01 -2.416020624999999900e+02 1.107016400000000000e+02
1.656187264764993200e-02 2.466867812500000000e+02 1.525322200000000000e+02 4.889597812499999900e+02 4.177266800000000300e+01 -2.422730000000000000e+02 1.107595520000000000e+02
1.662665030604026200e-02 2.466902968750000300e+02 1.525825920000000100e+02 4.893232187500000200e+02 4.178940000000000100e+01 -2.426329218749999900e+02 1.107931920000000000e+02
1.664321326510810300e-02 2.466927343750000100e+02 1.525953840000000000e+02 4.894153125000000300e+02 4.179356800000000000e+01 -2.427225781250000100e+02 1.108018160000000000e+02
1.665252876514625900e-02 2.466942968749999900e+02 1.526026000000000000e+02 4.894659687500000000e+02 4.179583999999999800e+01 -2.427716718750000100e+02 1.108067600000000000e+02
1.665776989835522600e-02 2.466952968749999700e+02 1.526066600000000100e+02 4.894934687499999800e+02 4.179706000000000200e+01 -2.427981718750000100e+02 1.108096000000000000e+02
1.666425465081928700e-02 2.466995312499999800e+02 1.526118119999999900e+02 4.895250624999999900e+02 4.179845999999999900e+01 -2.428255312500000100e+02 1.108133519999999900e+02
1.666591280982607900e-02 2.467012968750000000e+02 1.526131599999999900e+02 4.895328749999999900e+02 4.179880800000000100e+01 -2.428315781249999900e+02 1.108143520000000000e+02
1.666796454870948400e-02 2.467050625000000000e+02 1.526149399999999900e+02 4.895424062500000000e+02 4.179924400000000200e+01 -2.428373437500000000e+02 1.108156960000000000e+02
1.667006286509308000e-02 2.467134218749999900e+02 1.526171359999999900e+02 4.895527500000000000e+02 4.179975999999999900e+01 -2.428393281250000100e+02 1.108173760000000000e+02
1.667478465917491800e-02 2.472716406249999700e+02 1.525826120000000100e+02 4.896963437499999800e+02 4.179579600000000300e+01 -2.424247031250000100e+02 1.107868160000000000e+02
1.668540898696843600e-02 2.477019374999999900e+02 1.524971239999999900e+02 4.900138124999999700e+02 4.173838800000000000e+01 -2.423118749999999900e+02 1.107587360000000000e+02
1.670931256006634400e-02 2.465997187500000200e+02 1.525590680000000000e+02 4.895020000000000100e+02 4.176244400000000200e+01 -2.429022812499999900e+02 1.107966239999999900e+02
1.676309676397414600e-02 2.463892968750000100e+02 1.526119160000000100e+02 4.894978125000000100e+02 4.178240400000000000e+01 -2.431085156250000000e+02 1.108295119999999900e+02
1.677973657591730000e-02 2.464491562499999900e+02 1.526260159999999900e+02 4.895920312499999900e+02 4.178697600000000300e+01 -2.431428750000000000e+02 1.108390400000000000e+02
1.678909632458064000e-02 2.467550000000000000e+02 1.526169560000000200e+02 4.897898749999999900e+02 4.177980399999999900e+01 -2.430348750000000000e+02 1.108371520000000000e+02
1.679866800086984500e-02 2.470641718750000300e+02 1.525934440000000100e+02 4.900014687500000200e+02 4.175959600000000200e+01 -2.429372968749999900e+02 1.108338480000000000e+02
1.682020660139557000e-02 2.467350937500000300e+02 1.526071519999999900e+02 4.897827812500000300e+02 4.177216000000000000e+01 -2.430476874999999900e+02 1.108349920000000000e+02
1.686866583259405800e-02 2.466439531250000000e+02 1.526536840000000000e+02 4.899064687499999900e+02 4.179235599999999800e+01 -2.432625156249999900e+02 1.108613280000000000e+02
1.697770143166566600e-02 2.467160468750000200e+02 1.527569039999999900e+02 4.905243750000000200e+02 4.182252799999999800e+01 -2.438083281250000000e+02 1.109343760000000000e+02
1.722303094735803600e-02 2.466950312500000300e+02 1.529518559999999900e+02 4.918207187500000300e+02 4.187431999999999700e+01 -2.451256875000000000e+02 1.110775359999999900e+02
1.736102960048577900e-02 2.466921093750000000e+02 1.530526040000000000e+02 4.925203437499999900e+02 4.189710000000000200e+01 -2.458282343749999900e+02 1.111555039999999900e+02
1.743865333342872400e-02 2.466914999999999900e+02 1.531010079999999800e+02 4.928919687499999900e+02 4.190211999999999600e+01 -2.462004687500000000e+02 1.111988880000000000e+02
1.746266752808958700e-02 2.467272343749999700e+02 1.531020279999999900e+02 4.930504062499999800e+02 4.189058800000000100e+01 -2.463231718750000100e+02 1.112114400000000000e+02
1.748722900837769100e-02 2.470696093749999700e+02 1.529756319999999900e+02 4.936974374999999800e+02 4.175765599999999700e+01 -2.466278281250000100e+02 1.112179759999999900e+02
1.754248971904153600e-02 2.465066406250000200e+02 1.530649960000000100e+02 4.935463750000000100e+02 4.179440400000000000e+01 -2.470397343749999900e+02 1.112705919999999900e+02
1.764196062844897200e-02 2.466946718749999800e+02 1.531472519999999800e+02 4.939268437499999900e+02 4.182810800000000000e+01 -2.472321718750000100e+02 1.113191439999999900e+02
1.767304528763879300e-02 2.467092812499999800e+02 1.531778640000000000e+02 4.939748124999999800e+02 4.184310399999999700e+01 -2.472655312500000100e+02 1.113347600000000000e+02
1.774298489748776500e-02 2.466903749999999900e+02 1.532338120000000000e+02 4.940510625000000000e+02 4.187100399999999900e+01 -2.473606875000000100e+02 1.113628080000000000e+02
1.790035163963234200e-02 2.467070468749999700e+02 1.533190080000000000e+02 4.945906249999999900e+02 4.189663999999999800e+01 -2.478835781250000100e+02 1.114223680000000100e+02
1.825442448058262400e-02 2.466951093750000200e+02 1.535701719999999900e+02 4.962355937500000200e+02 4.196726799999999700e+01 -2.495404843750000100e+02 1.116029040000000000e+02
1.832081255604205100e-02 2.466952500000000200e+02 1.536145880000000000e+02 4.965313437500000200e+02 4.198026000000000100e+01 -2.498360937500000000e+02 1.116343280000000000e+02
1.837060390374599400e-02 2.467091406250000300e+02 1.536422880000000100e+02 4.967537187500000200e+02 4.198691199999999700e+01 -2.500445781249999900e+02 1.116553760000000000e+02
1.838600824749659100e-02 2.467516249999999900e+02 1.536429880000000000e+02 4.968659999999999900e+02 4.198183600000000100e+01 -2.501143750000000000e+02 1.116611520000000000e+02
1.838994637513772000e-02 2.467853749999999900e+02 1.536398480000000000e+02 4.969175624999999700e+02 4.197752800000000000e+01 -2.501321874999999900e+02 1.116623199999999900e+02
1.839880890898652400e-02 2.469583906249999600e+02 1.536109920000000100e+02 4.971586249999999700e+02 4.194634400000000300e+01 -2.502002343750000100e+02 1.116646480000000000e+02
1.841874757238069100e-02 2.467063750000000100e+02 1.536449399999999900e+02 4.970926562500000000e+02 4.196244399999999800e+01 -2.503862812500000000e+02 1.116824960000000000e+02
1.846361102056445400e-02 2.466410312500000000e+02 1.536896439999999900e+02 4.972320937499999900e+02 4.198034799999999900e+01 -2.505910624999999900e+02 1.117092959999999900e+02
1.851912907191685300e-02 2.466389062500000200e+02 1.537283200000000000e+02 4.974428750000000200e+02 4.199265599999999700e+01 -2.508039687500000000e+02 1.117356640000000000e+02
1.855035695691976300e-02 2.466808125000000000e+02 1.537469480000000000e+02 4.975954375000000000e+02 4.199568399999999700e+01 -2.509146250000000000e+02 1.117512640000000100e+02
1.856792366111671700e-02 2.467162187500000200e+02 1.537544599999999900e+02 4.976951562500000300e+02 4.199391599999999900e+01 -2.509789375000000000e+02 1.117605440000000000e+02
1.857780507778219000e-02 2.467486718749999900e+02 1.537555639999999900e+02 4.977658437499999900e+02 4.198962800000000300e+01 -2.510171718750000000e+02 1.117659360000000000e+02
1.858791006644857800e-02 2.468423750000000000e+02 1.537458839999999900e+02 4.979051562500000000e+02 4.197395600000000100e+01 -2.510627812500000000e+02 1.117719280000000000e+02
1.861064803760421500e-02 2.469200625000000000e+02 1.537131960000000100e+02 4.981520625000000000e+02 4.192598000000000300e+01 -2.512320000000000000e+02 1.117872160000000000e+02
1.866180759937626300e-02 2.466878593750000200e+02 1.537452480000000000e+02 4.982386562500000200e+02 4.191936799999999900e+01 -2.515507968750000000e+02 1.118258800000000000e+02
1.872511690207307900e-02 2.474108281250000200e+02 1.535825399999999900e+02 4.995352500000000200e+02 4.168948400000000000e+01 -2.521244218750000000e+02 1.118930560000000000e+02
1.874130374782688100e-02 2.469023750000000100e+02 1.535928200000000200e+02 4.993100625000000200e+02 4.167663600000000200e+01 -2.524076875000000100e+02 1.119161840000000000e+02
1.875040964911417800e-02 2.467222187500000000e+02 1.536083520000000000e+02 4.992560624999999800e+02 4.167915200000000200e+01 -2.525338437499999900e+02 1.119291999999999900e+02
1.875553084526015600e-02 2.466826093750000300e+02 1.536121840000000100e+02 4.992746562500000200e+02 4.167575999999999700e+01 -2.525920468749999900e+02 1.119364240000000000e+02
1.876186887859861500e-02 2.466820937500000100e+02 1.536071320000000100e+02 4.993485625000000100e+02 4.166185999999999700e+01 -2.526664687500000100e+02 1.119452720000000000e+02
1.876835130218766600e-02 2.476292656249999900e+02 1.534840760000000200e+02 5.003166562499999900e+02 4.153920399999999800e+01 -2.526873906250000100e+02 1.119448720000000000e+02
1.878293588193490800e-02 2.470058125000000200e+02 1.534287520000000000e+02 5.003184062500000100e+02 4.144747199999999800e+01 -2.533125937499999900e+02 1.119812800000000000e+02
1.881575205969432000e-02 2.462919218749999900e+02 1.534978840000000000e+02 5.003303437500000000e+02 4.145177999999999900e+01 -2.540384218750000100e+02 1.120461040000000000e+02
1.885636181767316000e-02 2.461380468749999900e+02 1.535682319999999900e+02 5.004959687499999700e+02 4.146625600000000100e+01 -2.543579218749999900e+02 1.121019759999999900e+02
1.889789497459327900e-02 2.464857656250000000e+02 1.536219439999999800e+02 5.009135625000000100e+02 4.146830400000000300e+01 -2.544277968750000100e+02 1.121536400000000000e+02
1.899134341322604400e-02 2.467729531250000200e+02 1.536652320000000000e+02 5.014880625000000100e+02 4.142187200000000000e+01 -2.547151093750000000e+02 1.122433600000000000e+02
1.920160240014976200e-02 2.467005468750000100e+02 1.537006640000000200e+02 5.023363125000000200e+02 4.128683999999999800e+01 -2.556357656250000000e+02 1.124138240000000100e+02
1.931987431750920700e-02 2.467412031249999700e+02 1.537405440000000000e+02 5.030515624999999900e+02 4.123568000000000200e+01 -2.563103593750000200e+02 1.125048640000000000e+02
1.938640096103170000e-02 2.465875468749999900e+02 1.538039840000000100e+02 5.031146562500000000e+02 4.126140800000000300e+01 -2.565271093750000100e+02 1.125425760000000000e+02
1.946872902149391500e-02 2.466817968749999700e+02 1.538635679999999900e+02 5.033403437499999900e+02 4.128523200000000100e+01 -2.566585468750000100e+02 1.125783359999999900e+02
1.955292716858879000e-02 2.467289687500000400e+02 1.539134040000000100e+02 5.036546250000000100e+02 4.129441200000000100e+01 -2.569256562499999700e+02 1.126189920000000100e+02
1.964765183072678500e-02 2.466986562500000000e+02 1.539719999999999800e+02 5.038989062499999800e+02 4.131313600000000000e+01 -2.572002499999999800e+02 1.126588639999999900e+02
1.969501416179577800e-02 2.467016406250000400e+02 1.539986200000000200e+02 5.040484062500000300e+02 4.131877200000000300e+01 -2.573467656249999900e+02 1.126798480000000100e+02
1.980157649560725800e-02 2.466912812500000300e+02 1.540646040000000000e+02 5.044445625000000200e+02 4.132805200000000000e+01 -2.577532812499999900e+02 1.127365520000000000e+02
1.993345137189742000e-02 2.466837812499999800e+02 1.541584760000000100e+02 5.048280624999999900e+02 4.136051599999999700e+01 -2.581442812500000100e+02 1.127979600000000000e+02
2.006832118144984500e-02 2.466987031250000100e+02 1.542441080000000100e+02 5.052057187500000200e+02 4.138768400000000000e+01 -2.585070156250000100e+02 1.128564240000000000e+02
2.014418428488557900e-02 2.467079375000000100e+02 1.542850400000000100e+02 5.054392812500000200e+02 4.139504800000000300e+01 -2.587313437500000100e+02 1.128899920000000100e+02
2.023806822314512900e-02 2.466907656250000400e+02 1.543296000000000000e+02 5.059649687500000300e+02 4.138450400000000000e+01 -2.592742031249999900e+02 1.129450960000000100e+02
2.029087546398642900e-02 2.467083749999999900e+02 1.543555720000000000e+02 5.062597187499999900e+02 4.137969199999999900e+01 -2.595513437500000000e+02 1.129758800000000000e+02
2.030437828129173800e-02 2.467643124999999600e+02 1.543573440000000100e+02 5.064131562499999900e+02 4.137257600000000200e+01 -2.596488437500000300e+02 1.129847680000000000e+02
2.031197274269783800e-02 2.468315625000000200e+02 1.543547240000000000e+02 5.065480625000000100e+02 4.136467600000000300e+01 -2.597165000000000000e+02 1.129900480000000000e+02
2.032906202751784100e-02 2.482516093749999900e+02 1.541934159999999800e+02 5.080317499999999900e+02 4.121723999999999700e+01 -2.597801406250000000e+02 1.129761760000000000e+02
2.034956777197682900e-02 2.471429062500000100e+02 1.542329399999999900e+02 5.076640625000000000e+02 4.121271600000000000e+01 -2.605211562499999900e+02 1.130202240000000000e+02
2.038801749838432100e-02 2.464295624999999700e+02 1.543048680000000000e+02 5.075847812499999900e+02 4.123879600000000100e+01 -2.611552187500000200e+02 1.130660720000000100e+02
2.047453054723867900e-02 2.463585625000000100e+02 1.544065640000000000e+02 5.078322812499999900e+02 4.127698000000000200e+01 -2.614737187499999900e+02 1.131295839999999900e+02
2.066918257828597200e-02 2.467365000000000400e+02 1.545420159999999900e+02 5.085902187500000200e+02 4.132672000000000200e+01 -2.618537187499999800e+02 1.132152960000000000e+02
2.072940262828263500e-02 2.467043437499999600e+02 1.545760559999999900e+02 5.087013437499999800e+02 4.134192000000000200e+01 -2.619970000000000100e+02 1.132341360000000100e+02
2.079099205678490400e-02 2.466831406249999600e+02 1.545832240000000000e+02 5.087842499999999900e+02 4.134593600000000200e+01 -2.621011093750000200e+02 1.132372880000000100e+02
2.092956710647750700e-02 2.466846875000000000e+02 1.546738400000000100e+02 5.091427499999999800e+02 4.137225600000000000e+01 -2.624580624999999800e+02 1.133015840000000100e+02
2.124136155050461800e-02 2.467023749999999600e+02 1.548648400000000200e+02 5.100021249999999800e+02 4.140171200000000300e+01 -2.632997500000000200e+02 1.134631280000000000e+02
2.194290021400312200e-02 2.466952812499999900e+02 1.552153520000000000e+02 5.117580937500000000e+02 4.140792799999999800e+01 -2.650628125000000100e+02 1.138074240000000000e+02
2.215336064861516500e-02 2.466970312499999500e+02 1.553084040000000000e+02 5.123000937499999700e+02 4.139806000000000100e+01 -2.656030625000000200e+02 1.139103439999999900e+02
2.237040015512916200e-02 2.466944374999999900e+02 1.554048280000000100e+02 5.128012187499999800e+02 4.139204399999999900e+01 -2.661067812499999800e+02 1.140127840000000000e+02
2.242589258885645600e-02 2.466839374999999600e+02 1.554324480000000200e+02 5.128760312499999800e+02 4.139651200000000100e+01 -2.661920937500000300e+02 1.140359360000000100e+02
2.255075056474287900e-02 2.466885312499999800e+02 1.554923359999999900e+02 5.130651249999999700e+02 4.140654399999999700e+01 -2.663765937499999800e+02 1.140857920000000000e+02
2.270526210612575400e-02 2.466973437500000200e+02 1.555654680000000100e+02 5.133132500000000400e+02 4.141817199999999800e+01 -2.666159062500000200e+02 1.141472960000000000e+02
2.279217572148175400e-02 2.467001874999999700e+02 1.556036880000000100e+02 5.134467812499999600e+02 4.142091200000000100e+01 -2.667465937499999900e+02 1.141827760000000000e+02
2.288106422284583900e-02 2.467842187499999800e+02 1.556200880000000100e+02 5.137448749999999800e+02 4.139208800000000100e+01 -2.669606562500000000e+02 1.142279999999999900e+02
2.308106335091503900e-02 2.466753437499999700e+02 1.557252200000000100e+02 5.139898124999999700e+02 4.140591599999999800e+01 -2.673144687500000000e+02 1.143193040000000000e+02
2.353106255350823400e-02 2.466909062499999500e+02 1.559390520000000000e+02 5.148100312499999500e+02 4.143838000000000200e+01 -2.681191250000000000e+02 1.145006719999999900e+02
2.378418797829503700e-02 2.466947812500000100e+02 1.560583560000000000e+02 5.151580000000000200e+02 4.145862000000000300e+01 -2.684632187500000100e+02 1.145997359999999900e+02
2.409742865370306800e-02 2.466845312500000200e+02 1.561996440000000100e+02 5.154480937500000000e+02 4.147487600000000200e+01 -2.687635624999999800e+02 1.147247680000000000e+02
2.417751866528111700e-02 2.466903125000000000e+02 1.562357559999999800e+02 5.155045937500000300e+02 4.147916399999999700e+01 -2.688142812500000200e+02 1.147565920000000000e+02
2.422257075234065000e-02 2.467305625000000200e+02 1.562541679999999900e+02 5.155838750000000300e+02 4.147864800000000000e+01 -2.688533125000000200e+02 1.147755200000000000e+02
2.432393270825582800e-02 2.466760937500000100e+02 1.562992239999999800e+02 5.155926875000000100e+02 4.148448799999999900e+01 -2.689165937500000000e+02 1.148147360000000000e+02
2.455200176681500100e-02 2.466941562499999300e+02 1.563788440000000200e+02 5.155963437499999600e+02 4.148239600000000100e+01 -2.689021875000000300e+02 1.148964480000000100e+02
2.483423812922104200e-02 2.467004687500000300e+02 1.564864200000000100e+02 5.156855000000000500e+02 4.148709999999999800e+01 -2.689850312500000200e+02 1.149993200000000000e+02
2.499299520974631100e-02 2.466904687499999800e+02 1.565559360000000000e+02 5.158066874999999500e+02 4.150240000000000200e+01 -2.691162187499999700e+02 1.150535359999999900e+02
2.503358750116257600e-02 2.466936250000000000e+02 1.565722399999999900e+02 5.158364687499999900e+02 4.150548800000000000e+01 -2.691428437500000000e+02 1.150667519999999900e+02
2.507354400970123600e-02 2.467205624999999700e+02 1.565888040000000100e+02 5.158864999999999600e+02 4.151059600000000000e+01 -2.691659374999999800e+02 1.150782080000000000e+02
2.508638775537884400e-02 2.467892812499999900e+02 1.565982359999999900e+02 5.159637187500000000e+02 4.151746000000000000e+01 -2.691744375000000100e+02 1.150807760000000000e+02
2.511528443649720500e-02 2.468572187500000700e+02 1.566044560000000000e+02 5.160744687500000500e+02 4.152662399999999800e+01 -2.692172499999999800e+02 1.150778320000000000e+02
2.518030429788853000e-02 2.466010937500000200e+02 1.566178240000000100e+02 5.159376875000000400e+02 4.152110400000000100e+01 -2.693365937500000200e+02 1.150967200000000000e+02
2.521687927991334000e-02 2.465657812499999900e+02 1.566220359999999800e+02 5.159024062500000100e+02 4.151157200000000100e+01 -2.693366250000000300e+02 1.151104639999999900e+02
2.529916774950039000e-02 2.466548124999999900e+02 1.566420000000000000e+02 5.159760000000000000e+02 4.150264800000000100e+01 -2.693211875000000100e+02 1.151393520000000000e+02
2.548432262825878900e-02 2.467310312499999400e+02 1.567447280000000100e+02 5.162062812499999600e+02 4.153258400000000000e+01 -2.694752500000000200e+02 1.152121440000000000e+02
2.571344899607228700e-02 2.466840937499999900e+02 1.568507280000000000e+02 5.163600000000000100e+02 4.155392799999999900e+01 -2.696759062500000300e+02 1.152968000000000000e+02
2.584233359685020000e-02 2.467156249999999900e+02 1.569017959999999900e+02 5.164336562500000100e+02 4.155502800000000000e+01 -2.697180312500000200e+02 1.153467680000000000e+02
2.587528717823517700e-02 2.467391562500000100e+02 1.569140239999999800e+02 5.164637812500000100e+02 4.155337600000000000e+01 -2.697246250000000000e+02 1.153606480000000000e+02
2.593460362472813800e-02 2.467598437500000200e+02 1.569155759999999900e+02 5.164527187500000300e+02 4.151989600000000300e+01 -2.696928750000000200e+02 1.153956800000000000e+02
2.600874801840683300e-02 2.465641562500000500e+02 1.569534600000000100e+02 5.163841562500000500e+02 4.152341200000000000e+01 -2.698199999999999900e+02 1.154300480000000000e+02
2.610050336490766400e-02 2.466445625000000100e+02 1.570088680000000100e+02 5.165162500000000100e+02 4.154178000000000300e+01 -2.698716875000000100e+02 1.154670880000000000e+02
2.615211356399406100e-02 2.467031875000000100e+02 1.570378039999999900e+02 5.166071562500000000e+02 4.155194000000000200e+01 -2.699039687499999900e+02 1.154858640000000100e+02
2.617520668858864700e-02 2.467221250000000100e+02 1.570498360000000000e+02 5.166445312500000000e+02 4.155614800000000000e+01 -2.699224062499999900e+02 1.154936880000000100e+02
2.617928920648036900e-02 2.467258437500000200e+02 1.570520119999999900e+02 5.166507500000000200e+02 4.155689999999999900e+01 -2.699249062499999900e+02 1.154951120000000100e+02
2.618346487937247400e-02 2.467299062500000000e+02 1.570542360000000000e+02 5.166561562499999800e+02 4.155755599999999800e+01 -2.699262499999999800e+02 1.154966800000000000e+02
2.618581471425710000e-02 2.467345312499999700e+02 1.570556839999999900e+02 5.166605312499999600e+02 4.155805200000000400e+01 -2.699259999999999900e+02 1.154976320000000000e+02
2.619109893165374300e-02 2.467923749999999900e+02 1.570625159999999900e+02 5.166902499999999900e+02 4.156114000000000200e+01 -2.698978750000000000e+02 1.155013759999999900e+02
2.620298783857743700e-02 2.471358125000000400e+02 1.570739079999999900e+02 5.169176562500000500e+02 4.157084400000000100e+01 -2.697818437500000100e+02 1.155030639999999900e+02
2.622974195468702500e-02 2.468386249999999800e+02 1.570647999999999900e+02 5.167681874999999500e+02 4.156852800000000100e+01 -2.699295624999999700e+02 1.154962720000000000e+02
2.628993405818357300e-02 2.465676875000000300e+02 1.570764600000000000e+02 5.166743125000000400e+02 4.157009200000000200e+01 -2.701066250000000100e+02 1.155063679999999900e+02
2.642536978436331500e-02 2.466697187500000200e+02 1.571441360000000000e+02 5.168185937499999900e+02 4.159117599999999700e+01 -2.701488749999999800e+02 1.155529600000000000e+02
2.673009609273647300e-02 2.467332812500000600e+02 1.573010640000000000e+02 5.173757500000000400e+02 4.167313600000000000e+01 -2.706424687499999800e+02 1.156279280000000000e+02
2.695864257067260100e-02 2.466761562499999600e+02 1.574068800000000000e+02 5.175248437499999500e+02 4.170031199999999700e+01 -2.708486874999999800e+02 1.157065680000000000e+02
2.713005242912469600e-02 2.467374687500000100e+02 1.574614920000000200e+02 5.178136875000000100e+02 4.168278800000000200e+01 -2.710762187500000100e+02 1.157787040000000000e+02
2.751572344620440600e-02 2.466822187500000600e+02 1.576463640000000100e+02 5.184371875000000500e+02 4.174689999999999700e+01 -2.717549687499999900e+02 1.158994639999999900e+02
2.838348323463375100e-02 2.466942187500000000e+02 1.580681280000000000e+02 5.194459687500000200e+02 4.190357600000000100e+01 -2.727517500000000200e+02 1.161645520000000000e+02
2.865194663023337700e-02 2.466936562500000000e+02 1.581925400000000100e+02 5.197160312500000100e+02 4.194207600000000000e+01 -2.730223750000000100e+02 1.162504639999999900e+02
2.872058789226452800e-02 2.466939687499999500e+02 1.582240920000000100e+02 5.197799999999999700e+02 4.195144400000000200e+01 -2.730860312500000200e+02 1.162726480000000000e+02
2.880553127936245900e-02 2.466968125000000200e+02 1.582624119999999800e+02 5.198510937500000200e+02 4.196224399999999800e+01 -2.731542812500000000e+02 1.163001680000000000e+02
2.885331280793317100e-02 2.468568124999999900e+02 1.582666360000000100e+02 5.198923750000000200e+02 4.196813199999999700e+01 -2.730355625000000300e+02 1.162985039999999900e+02
2.890217726338332000e-02 2.465566562499999500e+02 1.582715480000000000e+02 5.197665312499999600e+02 4.196750000000000100e+01 -2.732098750000000100e+02 1.163040479999999900e+02
2.892966497512091200e-02 2.466632812499999500e+02 1.582813960000000000e+02 5.198011249999999600e+02 4.197244400000000300e+01 -2.731378437500000000e+02 1.163089520000000100e+02
2.899151290874924000e-02 2.465938125000000100e+02 1.582981520000000200e+02 5.198098750000000300e+02 4.197660799999999900e+01 -2.732160625000000200e+02 1.163215440000000000e+02
2.906804905706273200e-02 2.467157812500000800e+02 1.583292440000000200e+02 5.199170937500000500e+02 4.198835600000000300e+01 -2.732013124999999700e+02 1.163408880000000100e+02
2.914632254613333900e-02 2.466874062499999200e+02 1.583640800000000000e+02 5.199394687499999500e+02 4.199351200000000300e+01 -2.732520625000000200e+02 1.163705680000000100e+02
2.932244138985471900e-02 2.466914999999999600e+02 1.584583559999999800e+02 5.200551874999999900e+02 4.201003599999999900e+01 -2.733636875000000300e+02 1.164483200000000000e+02
2.971870878822783400e-02 2.466953125000000000e+02 1.586349280000000000e+02 5.203304687500000200e+02 4.204042400000000200e+01 -2.736351562500000200e+02 1.165945040000000000e+02
2.994160774426582800e-02 2.466954375000000300e+02 1.587278200000000100e+02 5.205007500000000400e+02 4.205105199999999900e+01 -2.738053125000000100e+02 1.166767680000000000e+02
3.001056806217328900e-02 2.466840624999999800e+02 1.587576760000000000e+02 5.205389687499999800e+02 4.205561200000000400e+01 -2.738549062500000000e+02 1.167020639999999900e+02
3.002819997487050900e-02 2.466851875000000400e+02 1.587654120000000000e+02 5.205514062500000100e+02 4.205688399999999700e+01 -2.738662187499999700e+02 1.167085280000000000e+02
3.003811632466112400e-02 2.466885312500000400e+02 1.587699519999999900e+02 5.205599375000000500e+02 4.205769600000000000e+01 -2.738714062500000100e+02 1.167122560000000000e+02
3.005038949596139700e-02 2.467082500000000800e+02 1.587768520000000200e+02 5.205795000000000500e+02 4.205961200000000100e+01 -2.738712499999999700e+02 1.167172400000000000e+02
3.006294213226281100e-02 2.467452812499999500e+02 1.587847720000000000e+02 5.206102499999999500e+02 4.206262799999999700e+01 -2.738649687500000000e+02 1.167221440000000000e+02
3.009118439950349300e-02 2.467142499999999400e+02 1.587908480000000100e+02 5.206057499999999400e+02 4.206187200000000100e+01 -2.738915000000000100e+02 1.167289760000000000e+02
3.015473008301377800e-02 2.466823749999999800e+02 1.588171399999999900e+02 5.206333437499999900e+02 4.206425200000000300e+01 -2.739509687500000200e+02 1.167528880000000000e+02
3.029770903534941700e-02 2.467130937500000400e+02 1.588783359999999900e+02 5.207992812500000400e+02 4.206770399999999900e+01 -2.740861874999999900e+02 1.168106320000000000e+02
3.061941051366710900e-02 2.467080937499999900e+02 1.590176240000000100e+02 5.210679999999999800e+02 4.208574399999999800e+01 -2.743599062499999900e+02 1.169318800000000100e+02
3.093608627971421200e-02 2.466862812500000400e+02 1.591528559999999900e+02 5.212779687500000100e+02 4.211206399999999700e+01 -2.745916874999999800e+02 1.170407920000000000e+02
3.103787441975613600e-02 2.466885937500000500e+02 1.591933880000000000e+02 5.213433125000000200e+02 4.211784399999999800e+01 -2.746547187499999700e+02 1.170755439999999900e+02
3.116383628239707500e-02 2.466566250000000200e+02 1.592284200000000000e+02 5.213706250000000200e+02 4.211340400000000300e+01 -2.747140000000000000e+02 1.171150160000000000e+02
3.117188720330505200e-02 2.466471250000000700e+02 1.592284080000000000e+02 5.213651875000000500e+02 4.211129600000000300e+01 -2.747180624999999700e+02 1.171171120000000100e+02
3.119000352200425700e-02 2.467141875000000400e+02 1.591586079999999900e+02 5.214392187500000100e+02 4.204151999999999800e+01 -2.747250312499999700e+02 1.171170880000000000e+02
3.123076582129621900e-02 2.466626875000000000e+02 1.591889479999999800e+02 5.214119687500000300e+02 4.205680400000000000e+01 -2.747492812500000200e+02 1.171321440000000000e+02
3.132247924804688200e-02 2.467463125000000400e+02 1.592572559999999800e+02 5.215096875000000400e+02 4.209277600000000100e+01 -2.747633750000000000e+02 1.171644800000000000e+02
3.152883154714209600e-02 2.466929687500000300e+02 1.593483679999999900e+02 5.216541562500000300e+02 4.212111999999999800e+01 -2.749611874999999900e+02 1.172272480000000000e+02
3.199312771341885500e-02 2.466941250000000400e+02 1.595533879999999800e+02 5.221062500000000500e+02 4.216600400000000100e+01 -2.754121250000000000e+02 1.173873840000000000e+02
3.256769611139728000e-02 2.466941562499999900e+02 1.598046679999999900e+02 5.226722812499999700e+02 4.221714000000000100e+01 -2.759781249999999800e+02 1.175875280000000100e+02
3.289089039859609300e-02 2.466885312499999800e+02 1.599379240000000100e+02 5.229565000000000100e+02 4.224117199999999900e+01 -2.762679687500000200e+02 1.176967520000000000e+02
3.322142762869997200e-02 2.467343124999999900e+02 1.600639720000000100e+02 5.233911249999999900e+02 4.221356399999999800e+01 -2.766568125000000000e+02 1.178504080000000000e+02
3.396514221862122200e-02 2.466853750000000200e+02 1.603825840000000100e+02 5.240174687500000300e+02 4.226384000000000200e+01 -2.773320937500000100e+02 1.181187440000000100e+02
3.438348036545974000e-02 2.466942500000000700e+02 1.605559040000000000e+02 5.243947500000000400e+02 4.230047199999999900e+01 -2.777004999999999800e+02 1.182554320000000000e+02
3.461879688304859300e-02 2.466959062500000100e+02 1.606522840000000100e+02 5.245965625000000000e+02 4.231820400000000100e+01 -2.779006562500000000e+02 1.183340800000000000e+02
3.504236335428352600e-02 2.466892500000000200e+02 1.608233760000000000e+02 5.249380625000000000e+02 4.234660000000000200e+01 -2.782488124999999900e+02 1.184767760000000000e+02
3.557182377220219300e-02 2.466939374999999500e+02 1.610387680000000000e+02 5.253596874999999500e+02 4.237823199999999700e+01 -2.786657500000000000e+02 1.186605359999999900e+02
3.622702946738591600e-02 2.466924062500000300e+02 1.612903839999999900e+02 5.257195000000000400e+02 4.239354399999999900e+01 -2.790270937500000100e+02 1.188968400000000000e+02
3.639455476232210400e-02 2.466978749999999500e+02 1.613376920000000000e+02 5.256834374999999700e+02 4.237557999999999900e+01 -2.789855625000000100e+02 1.189621120000000000e+02
3.677148318261599200e-02 2.466928437500000100e+02 1.614771600000000000e+02 5.257811874999999900e+02 4.237193599999999800e+01 -2.790883437499999800e+02 1.191052240000000100e+02
3.761957562158978200e-02 2.466933124999999900e+02 1.617932639999999900e+02 5.261891249999999900e+02 4.238351200000000300e+01 -2.794958125000000000e+02 1.194097520000000000e+02
3.866909013126359300e-02 2.466940000000000700e+02 1.621819079999999900e+02 5.267396250000000500e+02 4.241162800000000000e+01 -2.800456249999999700e+02 1.197702800000000000e+02
3.893743242536272500e-02 2.466941875000000000e+02 1.622857559999999900e+02 5.269486249999999900e+02 4.242600399999999900e+01 -2.802544374999999900e+02 1.198597520000000000e+02
3.954120025821075700e-02 2.466885312500000400e+02 1.625149079999999900e+02 5.274722500000000300e+02 4.246834799999999900e+01 -2.807837187499999900e+02 1.200465600000000000e+02
4.013553381839514400e-02 2.466897812500000100e+02 1.627405279999999800e+02 5.279772500000000300e+02 4.250153600000000200e+01 -2.812874687500000200e+02 1.202389920000000000e+02
4.032657143542763700e-02 2.467072187500000400e+02 1.628017760000000200e+02 5.280770625000000100e+02 4.251017600000000100e+01 -2.813698437499999700e+02 1.202916000000000000e+02
4.075640258043822900e-02 2.466943437499999700e+02 1.629646720000000100e+02 5.284436250000000000e+02 4.253091200000000100e+01 -2.817492812500000200e+02 1.204337600000000100e+02
4.172352382114955700e-02 2.466990312500000200e+02 1.633250800000000100e+02 5.292941250000000100e+02 4.254905600000000000e+01 -2.825950937499999900e+02 1.207760240000000100e+02
4.288406744690314400e-02 2.466931874999999600e+02 1.637558680000000200e+02 5.301326874999999700e+02 4.260791600000000300e+01 -2.834395000000000100e+02 1.211479520000000000e+02
4.506009373181614500e-02 2.466944375000000500e+02 1.645518520000000000e+02 5.316062500000000500e+02 4.273814000000000100e+01 -2.849118125000000000e+02 1.218137120000000000e+02
4.775292067009596900e-02 2.466932812499999800e+02 1.655093839999999800e+02 5.330898124999999900e+02 4.286882399999999600e+01 -2.863965312500000100e+02 1.226405599999999900e+02
5.050694578587645200e-02 2.466940312499999700e+02 1.664536160000000100e+02 5.343754999999999900e+02 4.297420000000000300e+01 -2.876814687500000200e+02 1.234794160000000000e+02
5.135897402361636100e-02 2.466927812500000000e+02 1.667392800000000100e+02 5.347611249999999900e+02 4.301092800000000000e+01 -2.880683437500000000e+02 1.237283520000000000e+02
5.223036452818557300e-02 2.466936250000000500e+02 1.670257120000000000e+02 5.351770625000000300e+02 4.305584000000000300e+01 -2.884834374999999800e+02 1.239698720000000000e+02
5.419099782121632900e-02 2.466965312499999600e+02 1.676437520000000100e+02 5.359679999999999600e+02 4.308756799999999700e+01 -2.892714687500000000e+02 1.245561840000000000e+02
5.612099243462159000e-02 2.466873750000000300e+02 1.682406399999999800e+02 5.370960000000000000e+02 4.312167199999999700e+01 -2.904086249999999700e+02 1.251189680000000000e+02
5.646218659676912500e-02 2.466936562500000600e+02 1.683517960000000100e+02 5.372653125000000500e+02 4.313793199999999900e+01 -2.905716562499999900e+02 1.252138640000000000e+02
5.681114057044843500e-02 2.466956250000000100e+02 1.684664599999999800e+02 5.374415000000000200e+02 4.315732400000000300e+01 -2.907458750000000100e+02 1.253091360000000000e+02
5.759627420241434500e-02 2.466939687500000100e+02 1.687268120000000000e+02 5.377970625000000400e+02 4.319545200000000300e+01 -2.911030937500000300e+02 1.255313600000000100e+02
5.936283768315019100e-02 2.466940000000000700e+02 1.693019520000000000e+02 5.385621875000000500e+02 4.327628000000000000e+01 -2.918681874999999800e+02 1.260256720000000000e+02
6.148271013383319100e-02 2.466945312499999500e+02 1.699769680000000000e+02 5.393469374999999700e+02 4.335130399999999900e+01 -2.926524062500000100e+02 1.266256640000000000e+02
6.247639918065334100e-02 2.466943125000000200e+02 1.702939880000000100e+02 5.396921875000000500e+02 4.337899600000000100e+01 -2.929978750000000200e+02 1.269149920000000000e+02
6.471220302931118800e-02 2.466938437500000400e+02 1.709824239999999800e+02 5.402975625000000300e+02 4.342835999999999800e+01 -2.936037187499999800e+02 1.275540640000000000e+02
6.974275935991634800e-02 2.466940625000000300e+02 1.724893639999999900e+02 5.415175000000000400e+02 4.351359600000000000e+01 -2.948234375000000100e+02 1.289757679999999900e+02
7.000000223572001900e-02 2.466896874999999900e+02 1.725610839999999900e+02 5.415508750000000200e+02 4.351381200000000100e+01 -2.948611875000000300e+02 1.290472719999999900e+02
