0.000000000000000000e+00 0.000000000000000000e+00 0.000000000000000000e+00 0.000000000000000000e+00 0.000000000000000000e+00 0.000000000000000000e+00 0.000000000000000000e+00
7.784150827105210300e-09 3.412109765625000400e+02 4.330642700195317300e-06 2.541695312500000100e+02 1.007773590087890600e-04 8.704144531250000200e+01 -9.644671630859374300e-05
1.400007578625056100e-03 3.412104609374999900e+02 3.468102300000000300e+01 2.545986093750000000e+02 2.026396000000000100e+01 8.661185156249999300e+01 1.441706300000000100e+01
1.405476359366206400e-03 3.412524609375000200e+02 3.480741799999999800e+01 2.546468437499999900e+02 2.033302000000000100e+01 8.660561718750000200e+01 1.447439800000000100e+01
1.415730250478518800e-03 3.412497187500000000e+02 3.504961000000000100e+01 2.546744375000000100e+02 2.046641400000000000e+01 8.657528125000000300e+01 1.458319599999999900e+01
1.438801541869893500e-03 3.412379609375000200e+02 3.560550600000000500e+01 2.547434843750000100e+02 2.077296000000000100e+01 8.649447656249999700e+01 1.483254600000000100e+01
1.451779197860550000e-03 3.412354218750000400e+02 3.591784299999999800e+01 2.547900937500000100e+02 2.094393200000000000e+01 8.644532812500000300e+01 1.497391099999999900e+01
1.480978778284839100e-03 3.412144374999999700e+02 3.661720900000000300e+01 2.548988124999999900e+02 2.132286399999999900e+01 8.631562499999999700e+01 1.529434500000000000e+01
1.517113311823471200e-03 3.412107343750000200e+02 3.748365900000000300e+01 2.550633281250000000e+02 2.178929200000000000e+01 8.614740625000000300e+01 1.569436700000000000e+01
1.526352250095689100e-03 3.412131171874999600e+02 3.770507299999999900e+01 2.551103124999999900e+02 2.190799799999999900e+01 8.610280468749999700e+01 1.579707500000000000e+01
1.547139788430834600e-03 3.412214609375000100e+02 3.820268399999999800e+01 2.552255781250000000e+02 2.217321799999999900e+01 8.599588281250000000e+01 1.602946599999999900e+01
1.593911895239600700e-03 3.412303906249999800e+02 3.930992700000000200e+01 2.555252500000000000e+02 2.275199200000000100e+01 8.570514062499999900e+01 1.655793500000000100e+01
1.614959394247686400e-03 3.412703984374999800e+02 3.978495800000000300e+01 2.557350156249999900e+02 2.298624399999999900e+01 8.553538281250000400e+01 1.679871400000000000e+01
1.641268695230449100e-03 3.412636484374999700e+02 4.037254799999999500e+01 2.560010468749999900e+02 2.326567599999999900e+01 8.526260156249999500e+01 1.710687199999999900e+01
1.672839798187889200e-03 3.412479062500000300e+02 4.106567199999999900e+01 2.563700000000000000e+02 2.358023400000000100e+01 8.487790624999999500e+01 1.748543799999999800e+01
1.732035725399105800e-03 3.412945468749999800e+02 4.228485800000000000e+01 2.575139218749999900e+02 2.402918000000000000e+01 8.378062500000000100e+01 1.825567800000000000e+01
1.805290779933533500e-03 3.412679843749999700e+02 4.357424799999999700e+01 2.604410624999999900e+02 2.414430600000000000e+01 8.082692187499999600e+01 1.942994200000000000e+01
1.880210688990405500e-03 3.411465624999999600e+02 4.524004000000000000e+01 2.625947812499999800e+02 2.468674199999999900e+01 7.855178125000000500e+01 2.055329800000000200e+01
2.048780338813679400e-03 3.412530312499999900e+02 4.818038599999999900e+01 2.705026874999999800e+02 2.502127399999999800e+01 7.075034374999999900e+01 2.315911200000000000e+01
2.143600775936438600e-03 3.412164140625000100e+02 4.997414600000000500e+01 2.746450624999999900e+02 2.539091000000000200e+01 6.657135156249999900e+01 2.458323599999999900e+01
2.196937399178343500e-03 3.412057968749999800e+02 5.098341599999999800e+01 2.768355312499999700e+02 2.562950599999999900e+01 6.437026562500000200e+01 2.535390999999999900e+01
2.316944473974580100e-03 3.412083515625000100e+02 5.318766600000000000e+01 2.818828125000000000e+02 2.612256599999999900e+01 5.932553906249999900e+01 2.706510000000000100e+01
2.465453340020371900e-03 3.412237695312500100e+02 5.596155199999999800e+01 2.875739062499999900e+02 2.685285199999999900e+01 5.364986328124999900e+01 2.910869999999999900e+01
2.503424482613402100e-03 3.412460351562500000e+02 5.663830399999999800e+01 2.891752812500000100e+02 2.700827999999999900e+01 5.207075390624999800e+01 2.963002399999999900e+01
2.515171619270893300e-03 3.412216953125000000e+02 5.685132000000000100e+01 2.896564374999999800e+02 2.705964600000000100e+01 5.156525781250000100e+01 2.979167400000000000e+01
2.527185994335729100e-03 3.443031875000000400e+02 5.670279999999999600e+01 2.953041562500000100e+02 2.669413000000000100e+01 4.899903125000000200e+01 3.000866999999999900e+01
2.554218119899577300e-03 3.409803789062500500e+02 5.677287800000000600e+01 2.948536250000000200e+02 2.647806200000000100e+01 4.612675390625000200e+01 3.029481600000000100e+01
2.615040184086204500e-03 3.404928906250000300e+02 5.814406200000000500e+01 2.968165000000000200e+02 2.702805800000000100e+01 4.367639062500000300e+01 3.111600400000000000e+01
2.751890119615492300e-03 3.413036015625000300e+02 6.061908200000000600e+01 3.018580312500000100e+02 2.793187800000000100e+01 3.944557031250000300e+01 3.268720400000000100e+01
3.059802620111076600e-03 3.412211347656250400e+02 6.586172400000000900e+01 3.142897187500000200e+02 2.930970800000000100e+01 2.693141601562500000e+01 3.655201600000000200e+01
3.233003383445507000e-03 3.412139882812500100e+02 6.878332599999998800e+01 3.214015937500000200e+02 3.000122199999999900e+01 1.981239453125000000e+01 3.878210399999999700e+01
3.622705100947975200e-03 3.412132294921875100e+02 7.510897199999999400e+01 3.372679062500000100e+02 3.152076800000000000e+01 3.945323242187500000e+00 4.358820399999999800e+01
4.499534110883217000e-03 3.412131015625000100e+02 8.863172800000001000e+01 3.709459687500000200e+02 3.479798000000000300e+01 -2.973286718749999800e+01 5.383374800000000000e+01
5.584610250843313400e-03 3.412251562500000000e+02 1.020486720000000000e+02 4.119370000000000100e+02 3.896697199999999800e+01 -7.071184375000000000e+01 6.308169999999999800e+01
6.694346557170043900e-03 3.412161093749999700e+02 1.110445040000000000e+02 4.518584062499999700e+02 4.347863999999999900e+01 -1.106422968750000000e+02 6.756586400000000500e+01
7.037671057732551100e-03 3.412281484374999500e+02 1.132101960000000000e+02 4.630660624999999900e+02 4.475925199999999600e+01 -1.218379140625000000e+02 6.845094400000000700e+01
7.125453343467107500e-03 3.412247499999999700e+02 1.137293440000000000e+02 4.660292812500000000e+02 4.505816800000000200e+01 -1.248045312500000000e+02 6.867117600000000300e+01
7.322962321932353700e-03 3.412111250000000400e+02 1.147921160000000100e+02 4.731861562500000100e+02 4.560438800000000000e+01 -1.319750312500000000e+02 6.918772800000000700e+01
7.567380083058489200e-03 3.412221093750000000e+02 1.160510559999999900e+02 4.807482812499999900e+02 4.642684800000000000e+01 -1.395261718749999900e+02 6.962420799999999600e+01
7.817352793301127500e-03 3.412133749999999800e+02 1.172157280000000000e+02 4.883391562499999700e+02 4.719123199999999900e+01 -1.471257812499999900e+02 7.002449599999999900e+01
8.379791245792375300e-03 3.412122812499999900e+02 1.196931360000000000e+02 5.032865312500000000e+02 4.895363199999999900e+01 -1.620742500000000100e+02 7.073950399999999700e+01
8.553796053223847900e-03 3.412263593750000200e+02 1.203752080000000100e+02 5.074181562499999800e+02 4.946296000000000200e+01 -1.661917968749999900e+02 7.091224800000000500e+01
8.598285716968578900e-03 3.412256875000000500e+02 1.205421800000000000e+02 5.084417500000000100e+02 4.959068400000000300e+01 -1.672160624999999900e+02 7.095149600000000600e+01
8.698387751503597300e-03 3.412174843750000300e+02 1.208992560000000100e+02 5.107628750000000100e+02 4.987526400000000100e+01 -1.695453906250000100e+02 7.102399200000000700e+01
8.923616746988634700e-03 3.412111718749999900e+02 1.216976360000000200e+02 5.157645000000000000e+02 5.048362800000000300e+01 -1.745533281250000100e+02 7.121400800000000700e+01
9.430383442376850900e-03 3.412121406250000200e+02 1.233600439999999900e+02 5.265759375000000100e+02 5.178651599999999900e+01 -1.853637968749999900e+02 7.157352799999999600e+01
9.929230798295130300e-03 3.412076406250000100e+02 1.248386040000000000e+02 5.368320625000000100e+02 5.298676400000000100e+01 -1.956244218750000000e+02 7.185183999999999600e+01
1.008957500713940000e-02 3.412819375000000300e+02 1.251804840000000100e+02 5.406770625000000300e+02 5.321314799999999700e+01 -1.993951250000000100e+02 7.196733600000000300e+01
1.017976884294633500e-02 3.411699843749999600e+02 1.254388079999999900e+02 5.424278124999999600e+02 5.342173600000000300e+01 -2.012578281250000000e+02 7.201707199999999900e+01
1.038270468240255900e-02 3.412126718750000100e+02 1.259318160000000000e+02 5.462511875000000100e+02 5.383284799999999800e+01 -2.050385156250000000e+02 7.209896799999999900e+01
1.083930857452280800e-02 3.412126406250000600e+02 1.269606760000000100e+02 5.542244375000000200e+02 5.471192400000000300e+01 -2.130117968749999900e+02 7.224875199999999600e+01
1.140435653146224500e-02 3.412100000000000400e+02 1.281273160000000100e+02 5.634075000000000300e+02 5.570986800000000000e+01 -2.221974999999999900e+02 7.241744799999999300e+01
1.165718386024782600e-02 3.412072187500000400e+02 1.286056760000000200e+02 5.673276875000000200e+02 5.611667599999999800e+01 -2.261204687499999900e+02 7.248900000000000400e+01
1.173844995370569200e-02 3.412104531250000200e+02 1.287541760000000000e+02 5.685866250000000300e+02 5.624208800000000300e+01 -2.273761718750000100e+02 7.251208800000000600e+01
1.183596926585513000e-02 3.412128749999999400e+02 1.289292840000000000e+02 5.700957499999999500e+02 5.638996399999999900e+01 -2.288828750000000100e+02 7.253932000000000400e+01
1.201881622947907100e-02 3.412118593749999600e+02 1.292348560000000100e+02 5.728681249999999600e+02 5.664800000000000300e+01 -2.316562656250000000e+02 7.258685599999999700e+01
1.219880799234131900e-02 3.411874062500000400e+02 1.295214919999999900e+02 5.756486875000000500e+02 5.688013999999999700e+01 -2.344612812500000100e+02 7.264135199999999800e+01
1.223062741159665000e-02 3.411766874999999600e+02 1.295781279999999900e+02 5.760986874999999800e+02 5.692809599999999600e+01 -2.349220000000000000e+02 7.265003199999999600e+01
1.223876333644247600e-02 3.411801875000000500e+02 1.295928280000000000e+02 5.762189375000000400e+02 5.694065200000000000e+01 -2.350387499999999900e+02 7.265217599999999700e+01
1.224883106310871300e-02 3.412105468749999800e+02 1.296135799999999800e+02 5.763939374999999900e+02 5.695893199999999700e+01 -2.351833906249999900e+02 7.265464799999999500e+01
1.225912818396338900e-02 3.414292500000000200e+02 1.296480320000000000e+02 5.767301250000000400e+02 5.699396000000000100e+01 -2.353008749999999900e+02 7.265407199999999900e+01
1.228229583255828500e-02 3.412258437499999700e+02 1.296477480000000100e+02 5.768012499999999800e+02 5.699906000000000000e+01 -2.355754062499999900e+02 7.264868800000000700e+01
1.233442420633430200e-02 3.410925624999999900e+02 1.297270199999999800e+02 5.774078124999999800e+02 5.706037200000000100e+01 -2.363152499999999900e+02 7.266664799999999500e+01
1.245171100956470900e-02 3.412468281249999800e+02 1.299376599999999900e+02 5.792071250000000200e+02 5.723310000000000000e+01 -2.379602968750000100e+02 7.270456000000000100e+01
1.248799721108833800e-02 3.412572031250000500e+02 1.299961160000000000e+02 5.797323125000000300e+02 5.728207600000000400e+01 -2.384751093749999900e+02 7.271403999999999700e+01
1.249727428468883800e-02 3.412699375000000300e+02 1.300117680000000200e+02 5.798751250000000300e+02 5.729540000000000100e+01 -2.386051875000000000e+02 7.271636800000000300e+01
1.250875563848586500e-02 3.413523125000000400e+02 1.300365799999999900e+02 5.801078750000000400e+02 5.731900400000000000e+01 -2.387555625000000000e+02 7.271757599999999400e+01
1.251169118543538900e-02 3.414007812500000200e+02 1.300453440000000000e+02 5.801936875000000100e+02 5.732808800000000100e+01 -2.387929062499999900e+02 7.271725600000000600e+01
1.251829587496244000e-02 3.442363124999999400e+02 1.299444120000000000e+02 5.829060624999999600e+02 5.730944399999999900e+01 -2.386697499999999900e+02 7.263496800000000100e+01
1.253315642639830900e-02 3.495449062500000500e+02 1.288429040000000000e+02 5.882140000000000600e+02 5.671522399999999900e+01 -2.386690937500000000e+02 7.212767999999999800e+01
1.256659324934776700e-02 3.393026406250000400e+02 1.283967440000000100e+02 5.810151875000000200e+02 5.640720799999999700e+01 -2.417125468749999900e+02 7.198953600000000100e+01
1.264182755653092700e-02 3.396331718750000200e+02 1.293780600000000000e+02 5.819128749999999900e+02 5.713065999999999900e+01 -2.422797031250000000e+02 7.224739999999999900e+01
1.281110183659927400e-02 3.414048906250000100e+02 1.300176800000000100e+02 5.843484375000000500e+02 5.771890400000000200e+01 -2.429435468750000100e+02 7.229877600000000400e+01
1.302058065039479900e-02 3.412434687500000300e+02 1.303993240000000100e+02 5.866362500000000200e+02 5.793202000000000100e+01 -2.453927812500000100e+02 7.246730399999999900e+01
1.323481968470982400e-02 3.412050781249999400e+02 1.307116240000000000e+02 5.896710624999999500e+02 5.806166400000000000e+01 -2.484659843750000100e+02 7.264995999999999300e+01
1.371685722080924700e-02 3.412100781250000000e+02 1.314467240000000200e+02 5.952681874999999500e+02 5.857846800000000100e+01 -2.540581093749999900e+02 7.286825600000000200e+01
1.431337759462759600e-02 3.412106718750000600e+02 1.322290919999999800e+02 6.013171875000000500e+02 5.912028399999999800e+01 -2.601065156249999900e+02 7.310880799999999600e+01
1.464892190600198400e-02 3.412147500000000400e+02 1.326173279999999900e+02 6.045732500000000300e+02 5.939731199999999900e+01 -2.633584999999999900e+02 7.322001600000000100e+01
1.469610724257025700e-02 3.412180312499999700e+02 1.326691759999999900e+02 6.050222499999999900e+02 5.943451999999999900e+01 -2.638042187500000200e+02 7.323465600000000100e+01
1.470817197955717400e-02 3.412202812499999700e+02 1.326827360000000100e+02 6.051364999999999600e+02 5.944419200000000100e+01 -2.639162187499999800e+02 7.323854400000000500e+01
1.471495832133497100e-02 3.412287500000000500e+02 1.326909240000000000e+02 6.052061250000000400e+02 5.945006000000000100e+01 -2.639773749999999900e+02 7.324086400000000200e+01
1.471877534747560500e-02 3.412395937499999300e+02 1.326959880000000000e+02 6.052497499999999500e+02 5.945370799999999900e+01 -2.640101562500000200e+02 7.324227999999999400e+01
1.472564669319124900e-02 3.413180000000000400e+02 1.327100879999999800e+02 6.053702500000000600e+02 5.946393599999999700e+01 -2.640522500000000200e+02 7.324615199999999500e+01
1.473423558422642900e-02 3.414562187500000100e+02 1.327346200000000100e+02 6.055508125000000100e+02 5.948165199999999700e+01 -2.640945937500000000e+02 7.325296799999999600e+01
1.475356058905558400e-02 3.413289062499999900e+02 1.327425639999999900e+02 6.056220624999999700e+02 5.948648399999999700e+01 -2.642931562499999800e+02 7.325607999999999700e+01
1.479704184992118400e-02 3.410596562500000500e+02 1.327608439999999900e+02 6.058065625000000400e+02 5.949988400000000200e+01 -2.647469062499999900e+02 7.326095999999999700e+01
1.489487556019691200e-02 3.412106562500000600e+02 1.328688640000000000e+02 6.068283125000000400e+02 5.957794400000000200e+01 -2.656176562499999800e+02 7.329092000000000000e+01
1.511499966166103900e-02 3.412114062500000400e+02 1.330907120000000000e+02 6.089806250000000300e+02 5.973451200000000200e+01 -2.677692187499999900e+02 7.335620000000000100e+01
1.523882012373070800e-02 3.411973749999999700e+02 1.332267400000000100e+02 6.100008749999999500e+02 5.983457200000000100e+01 -2.688034999999999900e+02 7.339216799999999800e+01
1.530846862420348800e-02 3.412125937500000500e+02 1.332992240000000100e+02 6.105732500000000300e+02 5.988793600000000300e+01 -2.693606562499999800e+02 7.341128799999999900e+01
1.534764612405146000e-02 3.412103749999999400e+02 1.333378040000000100e+02 6.108820624999999600e+02 5.991617200000000300e+01 -2.696716875000000200e+02 7.342163200000000200e+01
1.539612864400004300e-02 3.412028750000000100e+02 1.333827800000000000e+02 6.112466875000000100e+02 5.994886799999999700e+01 -2.700438125000000000e+02 7.343391200000000700e+01
1.540852408123831600e-02 3.411874062499999200e+02 1.333920840000000100e+02 6.113166874999999400e+02 5.995546800000000300e+01 -2.701292812500000200e+02 7.343661600000000100e+01
1.541549673301687500e-02 3.411563749999999700e+02 1.333923719999999900e+02 6.113167499999999600e+02 5.995542799999999800e+01 -2.701603749999999900e+02 7.343694399999999700e+01
1.541941855853293900e-02 3.414251874999999900e+02 1.333521399999999900e+02 6.115218125000000100e+02 5.992375599999999700e+01 -2.700966250000000200e+02 7.342838399999999400e+01
1.542162516760447800e-02 3.421888750000000000e+02 1.332567000000000000e+02 6.120831875000000100e+02 5.985318000000000200e+01 -2.698943125000000100e+02 7.340352000000000000e+01
1.542435577355316100e-02 3.449025312500000400e+02 1.329019359999999800e+02 6.141395625000000100e+02 5.958100799999999700e+01 -2.692370312499999700e+02 7.332092799999999500e+01
1.542714809468960000e-02 3.498600625000000800e+02 1.322236240000000000e+02 6.179489375000000600e+02 5.904703200000000200e+01 -2.680888749999999700e+02 7.317659199999999900e+01
1.542871892088353400e-02 3.535349062500000600e+02 1.317081839999999900e+02 6.207898125000000400e+02 5.863776800000000100e+01 -2.672549062499999800e+02 7.307041599999999400e+01
1.543066236707899500e-02 3.580579062499999700e+02 1.309916800000000000e+02 6.244920624999999700e+02 5.804435200000000300e+01 -2.664341562500000000e+02 7.294732799999999900e+01
1.543265006189963600e-02 3.617483124999999400e+02 1.302616040000000100e+02 6.277586874999999500e+02 5.742112399999999900e+01 -2.660103750000000100e+02 7.284047999999999900e+01
1.543510935390971000e-02 3.633954374999999600e+02 1.294478240000000000e+02 6.293853749999999500e+02 5.673598400000000200e+01 -2.659899375000000000e+02 7.271183999999999500e+01
1.543762570335751500e-02 3.617240312499999400e+02 1.287271440000000100e+02 6.283603124999999600e+02 5.613955200000000200e+01 -2.666362812500000200e+02 7.258759200000000100e+01
1.544328603406820200e-02 3.510786562499999900e+02 1.278976040000000000e+02 6.203464374999999800e+02 5.550477999999999700e+01 -2.692677812499999800e+02 7.239282400000000500e+01
1.545602265149537000e-02 3.437022499999999900e+02 1.283263480000000000e+02 6.151104374999999900e+02 5.580469999999999700e+01 -2.714081875000000000e+02 7.252164799999999900e+01
1.548468062292525400e-02 3.388861562499999400e+02 1.282343559999999900e+02 6.122865624999999500e+02 5.556325199999999900e+01 -2.734004062500000000e+02 7.267110400000000000e+01
1.554915902087685700e-02 3.374427812499999400e+02 1.288227760000000000e+02 6.111666874999999700e+02 5.592388799999999800e+01 -2.737239062500000300e+02 7.289888799999999900e+01
1.569423628959609400e-02 3.412278749999999800e+02 1.294476679999999900e+02 6.144106874999999900e+02 5.643357999999999900e+01 -2.731828125000000100e+02 7.301408800000000100e+01
1.586832901205917700e-02 3.412589375000000000e+02 1.295367479999999900e+02 6.147015625000000200e+02 5.655250000000000200e+01 -2.734426250000000200e+02 7.298424799999999400e+01
1.619475228445870600e-02 3.412066249999999700e+02 1.302771319999999900e+02 6.149546874999999800e+02 5.723138000000000100e+01 -2.737480625000000000e+02 7.304575199999999300e+01
1.692920493846702300e-02 3.412108125000000300e+02 1.317006200000000100e+02 6.144320625000000300e+02 5.856826000000000200e+01 -2.732212500000000000e+02 7.313236000000000600e+01
1.715642745096022600e-02 3.412071562499999700e+02 1.320717320000000000e+02 6.141745624999999800e+02 5.891109999999999800e+01 -2.729674062500000100e+02 7.316063200000000700e+01
1.728423844035874300e-02 3.412123125000000000e+02 1.322646320000000100e+02 6.140613750000000000e+02 5.908675999999999800e+01 -2.728490625000000000e+02 7.317787199999999400e+01
1.735613314077822200e-02 3.412287187499999300e+02 1.323542320000000000e+02 6.140271249999999600e+02 5.916725600000000200e+01 -2.727984062500000300e+02 7.318697600000000100e+01
1.742966154701689600e-02 3.413270624999999500e+02 1.323653960000000000e+02 6.141130624999999600e+02 5.917615599999999900e+01 -2.727860000000000000e+02 7.318923999999999800e+01
1.759510016994453000e-02 3.411905312499999900e+02 1.326007520000000000e+02 6.138871874999999800e+02 5.938400000000000000e+01 -2.726966562499999900e+02 7.321675200000000000e+01
1.796733707153171100e-02 3.412197187500000300e+02 1.329368360000000000e+02 6.138706250000000200e+02 5.965937999999999900e+01 -2.726509062499999900e+02 7.327745600000000100e+01
1.841402112054883100e-02 3.412181562499999900e+02 1.333094519999999900e+02 6.148876874999999700e+02 5.989784399999999900e+01 -2.736695312499999800e+02 7.341160800000000100e+01
1.872111589480669100e-02 3.412082187500000100e+02 1.335629240000000100e+02 6.161023125000000400e+02 6.003430800000000300e+01 -2.748940937500000200e+02 7.352861600000000000e+01
1.889385786976424300e-02 3.412099062499999600e+02 1.336923400000000000e+02 6.168457499999999500e+02 6.009740399999999700e+01 -2.756358437499999900e+02 7.359493600000000400e+01
1.893802381988265000e-02 3.412058437499999900e+02 1.337232960000000000e+02 6.170278749999999900e+02 6.011171199999999700e+01 -2.758220312500000100e+02 7.361158399999999300e+01
1.896286825848440800e-02 3.412021875000000400e+02 1.337392920000000100e+02 6.171239375000000100e+02 6.011866800000000000e+01 -2.759217499999999700e+02 7.362062400000000700e+01
1.897684267297914900e-02 3.411985624999999800e+02 1.337474280000000100e+02 6.171734374999999800e+02 6.012194000000000200e+01 -2.759748750000000000e+02 7.362548800000000400e+01
1.898470379057384800e-02 3.411947500000000000e+02 1.337513920000000100e+02 6.171975625000000000e+02 6.012337600000000000e+01 -2.760028125000000000e+02 7.362801600000000200e+01
1.899443150148869000e-02 3.412568437500000300e+02 1.337288639999999900e+02 6.172444375000000000e+02 6.010612799999999800e+01 -2.759875937499999700e+02 7.362273600000000300e+01
1.900437929109194100e-02 3.420128125000000500e+02 1.335388240000000100e+02 6.177357500000000500e+02 5.997187199999999800e+01 -2.757229375000000000e+02 7.356695200000000100e+01
1.902676443768362700e-02 3.412536562500000100e+02 1.335808440000000100e+02 6.172293124999999900e+02 5.998990800000000000e+01 -2.759756562499999900e+02 7.359093599999999900e+01
1.907712985307742600e-02 3.408990937500000200e+02 1.335833240000000000e+02 6.170236250000000400e+02 5.997179599999999800e+01 -2.761245312500000200e+02 7.361152800000000700e+01
1.913945753495772300e-02 3.410800937499999500e+02 1.337229999999999800e+02 6.171293124999999700e+02 6.008035199999999800e+01 -2.760492187500000200e+02 7.364264799999999400e+01
1.920320117284381200e-02 3.414282812500000000e+02 1.337189880000000000e+02 6.175290625000000100e+02 6.005876399999999600e+01 -2.761007812500000100e+02 7.366022399999999900e+01
1.934662494030627700e-02 3.412028437499999400e+02 1.338556480000000000e+02 6.177604374999999700e+02 6.015003999999999700e+01 -2.765575937500000200e+02 7.370560799999999800e+01
1.966932899931557500e-02 3.412157187500000600e+02 1.340665240000000200e+02 6.190593750000000500e+02 6.025101200000000300e+01 -2.778436562499999800e+02 7.381551199999999800e+01
2.006867284157628400e-02 3.412077812499999800e+02 1.343635840000000000e+02 6.208370625000000000e+02 6.040159200000000100e+01 -2.796292812500000200e+02 7.396199199999999500e+01
2.029330448062137800e-02 3.412050937500000600e+02 1.345089239999999800e+02 6.217071875000000300e+02 6.047249999999999700e+01 -2.805020937499999700e+02 7.403642399999999700e+01
2.030766432393019500e-02 3.411980937500000600e+02 1.345163120000000000e+02 6.217452500000000600e+02 6.047626400000000000e+01 -2.805471562500000000e+02 7.404004799999999900e+01
2.031574086246327700e-02 3.411906875000000200e+02 1.345194600000000100e+02 6.217585000000000300e+02 6.047782000000000100e+01 -2.805678125000000000e+02 7.404164000000000100e+01
2.032028216873187400e-02 3.411846562499999900e+02 1.345204880000000000e+02 6.217611875000000100e+02 6.047824800000000100e+01 -2.805765312500000200e+02 7.404224000000000700e+01
2.032590640187991300e-02 3.411946874999999300e+02 1.345152080000000000e+02 6.217704374999999600e+02 6.047368000000000200e+01 -2.805757500000000300e+02 7.404152800000000000e+01
2.033165639427846400e-02 3.414799062499999400e+02 1.344684880000000100e+02 6.219896874999999500e+02 6.043702400000000100e+01 -2.805097812500000000e+02 7.403146400000000000e+01
2.033488887279170600e-02 3.416418437500000800e+02 1.344353240000000100e+02 6.221286250000000600e+02 6.040957999999999800e+01 -2.804867812499999800e+02 7.402574400000000300e+01
2.034216660719651400e-02 3.419604062500000100e+02 1.343473280000000000e+02 6.223661250000000100e+02 6.034175200000000000e+01 -2.804057187500000100e+02 7.400557600000000500e+01
2.035854092738858400e-02 3.413832187499999700e+02 1.343362599999999800e+02 6.219731249999999800e+02 6.032715600000000200e+01 -2.805899062500000100e+02 7.400910399999999400e+01
2.037880213997157700e-02 3.412931562500000400e+02 1.343105999999999900e+02 6.219520625000000100e+02 6.030170400000000100e+01 -2.806589062499999700e+02 7.400889599999999300e+01
2.039952679868146200e-02 3.411476562499999500e+02 1.342599199999999900e+02 6.218385624999999700e+02 6.025709599999999700e+01 -2.806909062500000100e+02 7.400282400000000400e+01
2.044615320524744600e-02 3.407830937500000300e+02 1.343540840000000000e+02 6.214420000000000100e+02 6.033453999999999700e+01 -2.806589062499999700e+02 7.401954399999999600e+01
2.050385341248378600e-02 3.411880937500000600e+02 1.344684800000000000e+02 6.216302500000000500e+02 6.042728799999999700e+01 -2.804421562499999800e+02 7.404119199999999500e+01
2.056286477635049400e-02 3.413813437499999800e+02 1.344927440000000200e+02 6.217572500000000000e+02 6.044620799999999900e+01 -2.803759062500000100e+02 7.404653600000000300e+01
2.063589363889962000e-02 3.411929062499999600e+02 1.345178640000000000e+02 6.216494999999999900e+02 6.046498400000000100e+01 -2.804565937500000200e+02 7.405288000000000200e+01
2.065456422985109700e-02 3.411853749999999600e+02 1.345085760000000100e+02 6.216628124999999700e+02 6.045589600000000300e+01 -2.804774375000000100e+02 7.405267999999999500e+01
2.066506745614411800e-02 3.414319687500000100e+02 1.344603000000000200e+02 6.219202500000000100e+02 6.041023599999999800e+01 -2.804882812500000000e+02 7.405006400000000600e+01
2.068869855086591000e-02 3.411082812500000000e+02 1.344639679999999900e+02 6.216466874999999800e+02 6.041256800000000000e+01 -2.805384062499999800e+02 7.405140000000000100e+01
2.071794456323570000e-02 3.410756874999999600e+02 1.344977720000000000e+02 6.216097499999999600e+02 6.044011600000000300e+01 -2.805340625000000000e+02 7.405765599999999400e+01
2.074785197610820200e-02 3.411779375000000400e+02 1.345011639999999900e+02 6.216853750000000200e+02 6.043912400000000000e+01 -2.805074374999999800e+02 7.406203999999999600e+01
2.081514714838384300e-02 3.412556250000000700e+02 1.345295439999999900e+02 6.217708750000000500e+02 6.045515999999999900e+01 -2.805152499999999800e+02 7.407438399999999500e+01
2.085300068278889100e-02 3.413456562499999900e+02 1.344898080000000100e+02 6.219157500000000000e+02 6.041247200000000100e+01 -2.805700937500000100e+02 7.407733600000000300e+01
2.087429125812610000e-02 3.413884999999999600e+02 1.344427599999999900e+02 6.220256249999999900e+02 6.036817599999999800e+01 -2.806371250000000300e+02 7.407458400000000200e+01
2.088626866230015900e-02 3.415725312500000000e+02 1.343854839999999900e+02 6.222343750000000000e+02 6.031258799999999800e+01 -2.806618437500000000e+02 7.407289600000000000e+01
2.091321607503553500e-02 3.410256250000000500e+02 1.344177440000000000e+02 6.217853750000000400e+02 6.033639999999999800e+01 -2.807597500000000000e+02 7.408134400000000100e+01
2.097385066478389300e-02 3.410301249999999400e+02 1.345236439999999900e+02 6.217619999999999400e+02 6.042183599999999900e+01 -2.807318750000000000e+02 7.410180800000000500e+01
2.111027616284269100e-02 3.412663124999999700e+02 1.346497000000000000e+02 6.222413749999999500e+02 6.050837200000000100e+01 -2.809750624999999800e+02 7.414132800000000100e+01
2.118701492328201400e-02 3.412110624999999700e+02 1.346801320000000100e+02 6.224151249999999900e+02 6.052273999999999900e+01 -2.812040625000000200e+02 7.415739200000000200e+01
2.123018062158382000e-02 3.411863750000000000e+02 1.346901479999999900e+02 6.224961250000000100e+02 6.052610800000000100e+01 -2.813097500000000100e+02 7.416404000000000000e+01
2.132730402498164000e-02 3.412180937500000400e+02 1.346629000000000100e+02 6.226551875000000100e+02 6.049794800000000100e+01 -2.814370937499999700e+02 7.416495200000000000e+01
2.144749260647392900e-02 3.412175625000000400e+02 1.347157040000000200e+02 6.228338125000000200e+02 6.052470400000000000e+01 -2.816162499999999800e+02 7.419100000000000300e+01
2.151509984800084900e-02 3.412450000000000000e+02 1.347673320000000100e+02 6.230842500000000000e+02 6.055366000000000100e+01 -2.818392499999999900e+02 7.421367200000000300e+01
2.155312804803161500e-02 3.412315937500000000e+02 1.347906999999999900e+02 6.232015625000000200e+02 6.056593199999999700e+01 -2.819699687500000200e+02 7.422476799999999700e+01
2.159202026069091700e-02 3.412119375000000300e+02 1.347837240000000100e+02 6.232601250000000200e+02 6.055539600000000200e+01 -2.820481874999999800e+02 7.422832800000000500e+01
2.167953006804935700e-02 3.412079374999999600e+02 1.348422760000000000e+02 6.235059999999999700e+02 6.059294800000000000e+01 -2.822980625000000100e+02 7.424932800000000600e+01
2.178782275599292300e-02 3.412150937500000500e+02 1.348889159999999900e+02 6.238695625000000300e+02 6.061793999999999700e+01 -2.826544687499999800e+02 7.427097600000000500e+01
2.181551075098133200e-02 3.412099062500000200e+02 1.348993080000000200e+02 6.239370625000000200e+02 6.062238800000000100e+01 -2.827271562500000100e+02 7.427692000000000400e+01
2.187781048636151500e-02 3.412091562500000400e+02 1.349265399999999900e+02 6.241161250000000100e+02 6.063516400000000300e+01 -2.829069687499999800e+02 7.429137600000000000e+01
2.198994814694582900e-02 3.412029999999999700e+02 1.349917040000000000e+02 6.245315624999999500e+02 6.066981599999999700e+01 -2.833285624999999800e+02 7.432188800000000100e+01
2.213012313376998600e-02 3.412069999999999400e+02 1.350644639999999900e+02 6.250131249999999500e+02 6.070643200000000000e+01 -2.838061250000000100e+02 7.435803199999999400e+01
2.230358705998049300e-02 3.412075312499999300e+02 1.351497799999999900e+02 6.255588749999999400e+02 6.074570800000000000e+01 -2.843513437500000100e+02 7.440407199999999900e+01
2.240115993625515000e-02 3.412175937499999300e+02 1.351977719999999900e+02 6.258591874999999600e+02 6.076646800000000300e+01 -2.846415937500000300e+02 7.443130399999999700e+01
2.245604453360496000e-02 3.412189687499999900e+02 1.352255600000000000e+02 6.260228750000000000e+02 6.077776000000000100e+01 -2.848039062500000100e+02 7.444780000000000100e+01
2.251217740795987900e-02 3.412090937499999700e+02 1.352374199999999900e+02 6.260836249999999800e+02 6.077613999999999800e+01 -2.848745312500000200e+02 7.446128000000000200e+01
2.263847462860219300e-02 3.412101562499999500e+02 1.352846360000000100e+02 6.263329374999999600e+02 6.078750000000000100e+01 -2.851227812500000000e+02 7.449713599999999800e+01
2.292264628614116100e-02 3.412084999999999600e+02 1.354028600000000000e+02 6.269501249999999600e+02 6.082433199999999800e+01 -2.857416250000000000e+02 7.457852800000000600e+01
2.308249095129588300e-02 3.412141875000000400e+02 1.354706719999999800e+02 6.272729375000000100e+02 6.084849599999999700e+01 -2.860587499999999700e+02 7.462217599999999600e+01
2.317240648653917700e-02 3.412279375000000000e+02 1.354750040000000100e+02 6.273198125000000100e+02 6.083865200000000300e+01 -2.860918750000000200e+02 7.463635200000000200e+01
2.337471120086781800e-02 3.412254687500000600e+02 1.355022400000000000e+02 6.275928750000000500e+02 6.080926399999999900e+01 -2.863674062499999900e+02 7.469297600000000200e+01
2.348850702045892500e-02 3.413254375000000200e+02 1.354135240000000000e+02 6.276819375000000000e+02 6.067533199999999700e+01 -2.863564999999999800e+02 7.473819199999999800e+01
2.362933176341074400e-02 3.411186250000000100e+02 1.354647679999999900e+02 6.274130000000000100e+02 6.065907200000000200e+01 -2.862943750000000000e+02 7.480569599999999800e+01
2.366533617105821800e-02 3.411880937500000100e+02 1.354796999999999800e+02 6.274658749999999800e+02 6.065657199999999700e+01 -2.862777812499999800e+02 7.482312799999999700e+01
2.370989453661573000e-02 3.415163437499999800e+02 1.354019400000000000e+02 6.277331249999999700e+02 6.055009199999999900e+01 -2.862167812500000000e+02 7.485184800000000400e+01
2.372128739316239600e-02 3.415798437500000700e+02 1.353798720000000100e+02 6.277748125000000500e+02 6.051803199999999800e+01 -2.861949687499999900e+02 7.486184000000000100e+01
2.374691899151738400e-02 3.415648125000000200e+02 1.353275759999999900e+02 6.277189375000000400e+02 6.044096799999999800e+01 -2.861541250000000200e+02 7.488660799999999500e+01
2.380459358112861600e-02 3.409739374999999800e+02 1.353024120000000000e+02 6.271906874999999700e+02 6.037409199999999700e+01 -2.862167499999999900e+02 7.492831999999999900e+01
2.393436315441015500e-02 3.411370312500000600e+02 1.354230200000000100e+02 6.272530625000000600e+02 6.043191600000000100e+01 -2.861160312499999900e+02 7.499110400000000700e+01
2.409008338192298500e-02 3.412328124999999700e+02 1.354981799999999900e+02 6.273687499999999800e+02 6.046109200000000100e+01 -2.861359375000000100e+02 7.503708799999999700e+01
2.421782450507120900e-02 3.412202187499999600e+02 1.355311120000000100e+02 6.273849374999999800e+02 6.045539200000000300e+01 -2.861647187500000200e+02 7.507572000000000400e+01
2.425888257148938300e-02 3.414152812499999600e+02 1.354692880000000100e+02 6.275903124999999800e+02 6.036999200000000300e+01 -2.861750312500000200e+02 7.509929599999999500e+01
2.435126671424279000e-02 3.411198124999999700e+02 1.355225199999999900e+02 6.272793124999999500e+02 6.038387199999999700e+01 -2.861594999999999800e+02 7.513864800000000300e+01
2.455913045321920000e-02 3.412163749999999700e+02 1.356087400000000100e+02 6.273481249999999800e+02 6.040102000000000300e+01 -2.861317500000000100e+02 7.520771999999999500e+01
2.457520667741004700e-02 3.412340312499999900e+02 1.356088839999999900e+02 6.273510625000000100e+02 6.039804399999999900e+01 -2.861170312500000300e+02 7.521084000000000500e+01
2.457931714180188300e-02 3.412564374999999500e+02 1.356053640000000100e+02 6.273630624999999600e+02 6.039472399999999700e+01 -2.861066250000000100e+02 7.521063999999999800e+01
2.458162971468635600e-02 3.412828437499999300e+02 1.356009760000000000e+02 6.273797499999999400e+02 6.039103999999999700e+01 -2.860969062500000200e+02 7.520993599999999900e+01
2.458449190207307900e-02 3.413834999999999700e+02 1.355846320000000000e+02 6.274506249999999500e+02 6.037829599999999900e+01 -2.860671249999999800e+02 7.520633599999999300e+01
2.458741696908506300e-02 3.418535000000000000e+02 1.355158480000000100e+02 6.277085624999999700e+02 6.033813599999999900e+01 -2.858550624999999700e+02 7.517771200000000000e+01
2.459400069873702800e-02 3.419113125000000100e+02 1.354437199999999800e+02 6.277450000000000000e+02 6.027868800000000200e+01 -2.858336875000000000e+02 7.516503199999999700e+01
2.460881700154771800e-02 3.413014062499999600e+02 1.354812279999999900e+02 6.272821249999999500e+02 6.029648400000000000e+01 -2.859807187499999900e+02 7.518474399999999500e+01
2.464215018955924800e-02 3.410741874999999400e+02 1.355304360000000100e+02 6.271024374999999500e+02 6.031650799999999900e+01 -2.860282500000000100e+02 7.521392799999999600e+01
2.466089996226104900e-02 3.409975625000000700e+02 1.355386439999999800e+02 6.270370625000000500e+02 6.031506799999999700e+01 -2.860394999999999800e+02 7.522357599999999400e+01
2.470308753305884900e-02 3.411738125000000000e+02 1.354227679999999900e+02 6.272437499999999800e+02 6.018724799999999700e+01 -2.860699374999999800e+02 7.523551999999999400e+01
2.479800782069764200e-02 3.410816875000000400e+02 1.354517559999999900e+02 6.272675625000000500e+02 6.016109999999999800e+01 -2.861858750000000100e+02 7.529065599999999800e+01
2.501158196119743900e-02 3.412321250000000000e+02 1.356134480000000100e+02 6.274496874999999800e+02 6.026480800000000200e+01 -2.862175624999999900e+02 7.534864000000000300e+01
2.549212203066573300e-02 3.412116562499999800e+02 1.358143920000000000e+02 6.276616874999999700e+02 6.037193599999999800e+01 -2.864500312499999900e+02 7.544245600000000700e+01
2.564079042464968000e-02 3.412134687500000000e+02 1.358712600000000100e+02 6.277314999999999800e+02 6.039328400000000100e+01 -2.865180312499999800e+02 7.547797599999999800e+01
2.567880232255537900e-02 3.412234687499999900e+02 1.358794240000000000e+02 6.277483125000000000e+02 6.039206399999999800e+01 -2.865248437500000000e+02 7.548735999999999500e+01
2.570018372401795500e-02 3.413061874999999600e+02 1.358602200000000000e+02 6.278261874999999500e+02 6.036737999999999700e+01 -2.865199999999999800e+02 7.549284000000000100e+01
2.572664207300132500e-02 3.413320624999999500e+02 1.358135320000000100e+02 6.278468749999999500e+02 6.031190000000000100e+01 -2.865148125000000100e+02 7.550163200000000100e+01
2.574152591318729100e-02 3.412348125000000300e+02 1.358211840000000200e+02 6.277450625000000200e+02 6.031275200000000300e+01 -2.865102499999999800e+02 7.550843199999999900e+01
2.575674744024963900e-02 3.412851562500000000e+02 1.358066560000000000e+02 6.277595625000000200e+02 6.029516000000000300e+01 -2.864744062500000200e+02 7.551149599999999400e+01
2.576531071365971400e-02 3.413113750000000000e+02 1.357922920000000000e+02 6.277376249999999800e+02 6.028333200000000100e+01 -2.864262499999999800e+02 7.550896000000000200e+01
2.577012682717944400e-02 3.416337812500000300e+02 1.357458960000000200e+02 6.279321250000000400e+02 6.025002400000000300e+01 -2.862983437500000200e+02 7.549587200000000600e+01
2.577608641832885100e-02 3.417595312500000700e+02 1.357003280000000100e+02 6.279773125000000400e+02 6.021456800000000000e+01 -2.862177812499999700e+02 7.548575999999999900e+01
2.577943766946758100e-02 3.416701875000000000e+02 1.356900680000000000e+02 6.278804374999999700e+02 6.020679599999999700e+01 -2.862102499999999700e+02 7.548327199999999900e+01
2.578286810235663100e-02 3.416162812499999900e+02 1.356741200000000200e+02 6.278023124999999700e+02 6.019522400000000300e+01 -2.861860312499999800e+02 7.547889600000000600e+01
2.579058133638822300e-02 3.427204375000000600e+02 1.354791760000000000e+02 6.285275000000000300e+02 6.004863999999999900e+01 -2.858070624999999700e+02 7.543053600000000400e+01
2.580794077070932800e-02 3.415878749999999400e+02 1.354870239999999900e+02 6.276203124999999500e+02 6.004314399999999800e+01 -2.860324375000000100e+02 7.544387999999999300e+01
2.584699600461929500e-02 3.407501875000000400e+02 1.355625640000000100e+02 6.269433125000000500e+02 6.008130800000000000e+01 -2.861931250000000100e+02 7.548125600000000200e+01
2.586896428258428000e-02 3.405300000000000300e+02 1.356020680000000000e+02 6.266915625000000300e+02 6.010910799999999900e+01 -2.861615625000000000e+02 7.549295999999999700e+01
2.588132362225990100e-02 3.405548437500000300e+02 1.356188960000000100e+02 6.266660000000000500e+02 6.012042400000000000e+01 -2.861111562500000200e+02 7.549847200000000700e+01
2.590912806099878900e-02 3.409424687500000500e+02 1.356100119999999800e+02 6.269488125000000300e+02 6.010231600000000200e+01 -2.860063437499999800e+02 7.550769599999999600e+01
2.597168630150502700e-02 3.411362187500000100e+02 1.357522240000000100e+02 6.270347500000000300e+02 6.020944000000000100e+01 -2.858985312500000200e+02 7.554278399999999700e+01
2.611244583595658000e-02 3.413113124999999300e+02 1.358058159999999900e+02 6.271588124999999500e+02 6.023852000000000100e+01 -2.858475000000000300e+02 7.556729599999999900e+01
2.642915653512882500e-02 3.412023749999999600e+02 1.359189560000000100e+02 6.272225624999999800e+02 6.028531600000000200e+01 -2.860201875000000200e+02 7.563364000000000000e+01
2.660730382898352000e-02 3.412484687499999700e+02 1.359235400000000000e+02 6.274864999999999800e+02 6.024212399999999700e+01 -2.862380312500000100e+02 7.568141599999999900e+01
2.670751299176897500e-02 3.411602187499999600e+02 1.359824360000000100e+02 6.274656874999999400e+02 6.026934000000000000e+01 -2.863054687499999900e+02 7.571309599999999300e+01
2.673851497589595900e-02 3.411789062500000100e+02 1.360012280000000000e+02 6.274971875000000000e+02 6.028041199999999800e+01 -2.863182812499999800e+02 7.572081599999999900e+01
2.675595359196738700e-02 3.411930625000000000e+02 1.360109239999999900e+02 6.275183124999999800e+02 6.028600399999999800e+01 -2.863252499999999800e+02 7.572491999999999700e+01
2.676576281350756900e-02 3.412019062500000400e+02 1.360161560000000000e+02 6.275303125000000400e+02 6.028892400000000200e+01 -2.863284062500000000e+02 7.572723200000000100e+01
2.677579560704865900e-02 3.412131562500000000e+02 1.360211679999999900e+02 6.275401875000000000e+02 6.029132800000000000e+01 -2.863270312500000000e+02 7.572983999999999600e+01
2.678143847119677000e-02 3.412305624999999600e+02 1.360235079999999900e+02 6.275438124999999400e+02 6.029200399999999900e+01 -2.863132499999999800e+02 7.573150400000000100e+01
2.678461272783477800e-02 3.414038437499999600e+02 1.360085239999999900e+02 6.275557499999999900e+02 6.029110800000000100e+01 -2.861519062500000200e+02 7.571741600000000000e+01
2.678639897496709300e-02 3.416669375000000200e+02 1.359822279999999900e+02 6.275882500000000200e+02 6.028799600000000000e+01 -2.859213125000000000e+02 7.569423200000000000e+01
2.679041628435854500e-02 3.428684062500000200e+02 1.358469400000000200e+02 6.278953125000000500e+02 6.025128399999999800e+01 -2.850269062500000200e+02 7.559565600000000500e+01
2.679945464827057000e-02 3.427994375000000700e+02 1.357086999999999900e+02 6.279042500000000500e+02 6.013796399999999700e+01 -2.851048124999999800e+02 7.557073599999999700e+01
2.681979271372887300e-02 3.417266562500000200e+02 1.357348720000000000e+02 6.271764375000000200e+02 6.013936000000000300e+01 -2.854497812500000000e+02 7.559551199999999900e+01
2.686555277879130300e-02 3.405812500000000100e+02 1.358402560000000100e+02 6.266229375000000300e+02 6.015000800000000000e+01 -2.860416875000000200e+02 7.569024799999999700e+01
2.689129383427174200e-02 3.403729062500000300e+02 1.358805199999999900e+02 6.265235000000000100e+02 6.015771199999999700e+01 -2.861505937499999800e+02 7.572280800000000100e+01
2.690577245020604700e-02 3.404404062499999700e+02 1.359008599999999900e+02 6.265696874999999900e+02 6.016719599999999700e+01 -2.861292812500000200e+02 7.573366400000000500e+01
2.691391652611440200e-02 3.405405312500000200e+02 1.359126799999999900e+02 6.266390000000000100e+02 6.017398399999999700e+01 -2.860984687499999900e+02 7.573869600000000400e+01
2.691849975213317700e-02 3.406201562499999800e+02 1.359191960000000000e+02 6.266930625000000000e+02 6.017798799999999900e+01 -2.860729062500000200e+02 7.574120800000000000e+01
2.692107548789372800e-02 3.406747812500000800e+02 1.359226400000000000e+02 6.267296250000000600e+02 6.018016800000000200e+01 -2.860548437499999700e+02 7.574247200000000600e+01
2.692687438666747900e-02 3.413417499999999900e+02 1.358677079999999900e+02 6.269749375000000100e+02 6.017005199999999800e+01 -2.856331875000000200e+02 7.569765599999999500e+01
2.693991841559590900e-02 3.415186250000000400e+02 1.358394960000000000e+02 6.271687500000000500e+02 6.014124000000000300e+01 -2.856501250000000000e+02 7.569825600000000100e+01
2.696927155621613900e-02 3.414213750000000100e+02 1.359216920000000100e+02 6.272516249999999900e+02 6.017618800000000300e+01 -2.858302499999999800e+02 7.574550399999999700e+01
2.700559734861492800e-02 3.414459687499999600e+02 1.359553679999999900e+02 6.272949374999999500e+02 6.019612000000000100e+01 -2.858489687499999800e+02 7.575924799999999900e+01
2.704274756276709600e-02 3.415324374999999600e+02 1.359251799999999800e+02 6.273741874999999500e+02 6.016073999999999700e+01 -2.858417499999999900e+02 7.576443999999999300e+01
2.706364455822769100e-02 3.422215937500000100e+02 1.357392280000000000e+02 6.277574375000000400e+02 6.003772399999999700e+01 -2.855358437500000300e+02 7.570150400000000000e+01
2.711066221579527100e-02 3.409545937500000200e+02 1.357623360000000000e+02 6.269002500000000300e+02 6.001344000000000300e+01 -2.859456562500000100e+02 7.574889600000000200e+01
2.721645136310358800e-02 3.409975312500000100e+02 1.359046480000000100e+02 6.267494375000000000e+02 6.011189600000000200e+01 -2.857519062499999900e+02 7.579275199999999300e+01
2.745448102007855600e-02 3.412571875000000400e+02 1.360497880000000100e+02 6.271151875000000500e+02 6.019142800000000200e+01 -2.858580000000000000e+02 7.585836000000000500e+01
2.774903946016006600e-02 3.411742187499999700e+02 1.361490599999999900e+02 6.273485624999999600e+02 6.021361199999999800e+01 -2.861743437499999900e+02 7.593544799999999400e+01
2.805029574476901300e-02 3.412114062499999200e+02 1.362702879999999900e+02 6.274829999999999500e+02 6.026521600000000200e+01 -2.862715937500000200e+02 7.600507199999999800e+01
2.821975167708810600e-02 3.412141562499999700e+02 1.363245200000000100e+02 6.275546249999999900e+02 6.027978399999999900e+01 -2.863404687500000100e+02 7.604473600000000000e+01
2.842945289844704300e-02 3.412057812499999700e+02 1.363771800000000100e+02 6.276688749999999600e+02 6.027855600000000200e+01 -2.864630937499999800e+02 7.609862400000000100e+01
2.864391899807549500e-02 3.412560312500000400e+02 1.363959879999999900e+02 6.279299375000000500e+02 6.024298000000000300e+01 -2.866739062500000200e+02 7.615300800000000000e+01
2.912647121555202500e-02 3.412024374999999700e+02 1.365755760000000100e+02 6.282276875000000000e+02 6.030983200000000000e+01 -2.870252500000000300e+02 7.626574399999999800e+01
2.972362970112298700e-02 3.412028124999999400e+02 1.367370119999999900e+02 6.286019374999999600e+02 6.033063599999999800e+01 -2.873991250000000300e+02 7.640637599999999500e+01
2.987631074674837100e-02 3.412088749999999800e+02 1.367696280000000100e+02 6.286785625000000000e+02 6.032733199999999800e+01 -2.874696875000000200e+02 7.644229599999999900e+01
2.996219499935015200e-02 3.412105937499999900e+02 1.367864079999999900e+02 6.287154375000000100e+02 6.032412000000000100e+01 -2.875048437500000200e+02 7.646228800000000100e+01
2.998876513433398500e-02 3.412088124999999600e+02 1.367914519999999900e+02 6.287248124999999800e+02 6.032308400000000100e+01 -2.875160000000000200e+02 7.646836799999999800e+01
3.001593844794528400e-02 3.411993437499999700e+02 1.367907160000000000e+02 6.287219374999999700e+02 6.031808399999999900e+01 -2.875225937500000000e+02 7.647263200000000400e+01
3.007708073244572500e-02 3.411826249999999700e+02 1.366724120000000100e+02 6.287287499999999900e+02 6.020537999999999800e+01 -2.875461250000000200e+02 7.646703200000000300e+01
3.021464970813420700e-02 3.411410624999999800e+02 1.367792800000000000e+02 6.286176874999999900e+02 6.026641600000000000e+01 -2.874766250000000100e+02 7.651286399999999300e+01
3.038489280020652300e-02 3.412781875000000000e+02 1.368360600000000000e+02 6.288281250000000000e+02 6.027834000000000000e+01 -2.875499375000000000e+02 7.655772000000000300e+01
3.048065381172375800e-02 3.412103750000000000e+02 1.368362280000000100e+02 6.287031250000000000e+02 6.025073199999999900e+01 -2.874927500000000000e+02 7.658549600000000600e+01
3.057858999249990800e-02 3.412510312499999800e+02 1.368484200000000000e+02 6.288915624999999600e+02 6.023772400000000000e+01 -2.876405312499999800e+02 7.661069600000000400e+01
3.079895047477750100e-02 3.411817187500000700e+02 1.368830480000000000e+02 6.292468750000000500e+02 6.019670399999999700e+01 -2.880651562499999700e+02 7.668634400000000500e+01
3.107164543626946000e-02 3.412697187499999800e+02 1.369292240000000000e+02 6.297303749999999800e+02 6.015091199999999800e+01 -2.884606562500000000e+02 7.677831200000000000e+01
3.135053753416180300e-02 3.411777499999999500e+02 1.369853520000000100e+02 6.298491874999999700e+02 6.011503199999999900e+01 -2.886714375000000200e+02 7.687032000000000700e+01
3.150741521255437400e-02 3.412303437499999700e+02 1.370301560000000100e+02 6.299652499999999700e+02 6.012095600000000000e+01 -2.887349062499999900e+02 7.690919999999999800e+01
3.155594896775317000e-02 3.413355937499999900e+02 1.370374120000000200e+02 6.300958749999999800e+02 6.011610799999999700e+01 -2.887602812499999900e+02 7.692130400000000600e+01
3.160558428083147500e-02 3.413158125000000500e+02 1.370075119999999900e+02 6.301704375000000500e+02 6.006774399999999800e+01 -2.888546250000000000e+02 7.693976800000000100e+01
3.171726781078892900e-02 3.410467812500000400e+02 1.370439040000000000e+02 6.299588125000000200e+02 6.006787200000000100e+01 -2.889120312499999800e+02 7.697603200000000400e+01
3.196855342431819500e-02 3.412132812500000200e+02 1.371229640000000000e+02 6.301684999999999900e+02 6.008762800000000200e+01 -2.889552187499999700e+02 7.703533600000000100e+01
3.227952111771691800e-02 3.411917187499999500e+02 1.371904680000000100e+02 6.302587499999999600e+02 6.008952399999999700e+01 -2.890670312500000100e+02 7.710094399999999800e+01
3.245444059080838900e-02 3.412073437500000100e+02 1.372274960000000000e+02 6.303420625000000000e+02 6.008751199999999700e+01 -2.891347187499999900e+02 7.713998399999999800e+01
3.255283323108641000e-02 3.412922187500000200e+02 1.372542159999999900e+02 6.304749375000000100e+02 6.009423999999999900e+01 -2.891827187499999900e+02 7.715997600000000000e+01
3.265346159137357700e-02 3.411703125000000800e+02 1.372660119999999900e+02 6.304081875000000500e+02 6.008565200000000300e+01 -2.892378749999999700e+02 7.718035999999999300e+01
3.277798886700864600e-02 3.411923437500000200e+02 1.372913199999999800e+02 6.304600000000000400e+02 6.008415200000000300e+01 -2.892676562500000200e+02 7.720716799999999600e+01
3.284803444067055400e-02 3.412163437499999600e+02 1.373033199999999900e+02 6.304781249999999800e+02 6.008340799999999900e+01 -2.892617812500000100e+02 7.721991199999999400e+01
3.288743667695694800e-02 3.412423749999999800e+02 1.373079559999999900e+02 6.304843124999999900e+02 6.008379600000000000e+01 -2.892419375000000100e+02 7.722415999999999800e+01
3.289750906137319700e-02 3.412589999999999600e+02 1.373083240000000000e+02 6.304914999999999700e+02 6.008380400000000100e+01 -2.892325000000000200e+02 7.722451999999999800e+01
3.292017600184104400e-02 3.413804999999999800e+02 1.372971359999999900e+02 6.305608750000000100e+02 6.007833600000000000e+01 -2.891803750000000300e+02 7.721880000000000200e+01
3.297117836454995000e-02 3.412068750000000300e+02 1.373029920000000200e+02 6.303578750000000400e+02 6.007900800000000200e+01 -2.891510000000000100e+02 7.722398400000000200e+01
3.303429087730845600e-02 3.412048437499999500e+02 1.372659600000000100e+02 6.302497499999999500e+02 6.004358400000000300e+01 -2.890449062500000000e+02 7.722237599999999700e+01
3.309883797707283800e-02 3.414210312500000000e+02 1.371513719999999800e+02 6.301221249999999800e+02 5.996127599999999800e+01 -2.887010937499999800e+02 7.719009599999999700e+01
3.313514513847155800e-02 3.412749687500000300e+02 1.371144640000000000e+02 6.298516250000000100e+02 5.993310400000000000e+01 -2.885766562499999800e+02 7.718135999999999800e+01
3.321683974493117700e-02 3.410187500000000100e+02 1.371510280000000000e+02 6.295759375000000100e+02 5.994717200000000200e+01 -2.885571875000000000e+02 7.720385600000000200e+01
3.326279077774439000e-02 3.410639999999999600e+02 1.371739319999999800e+02 6.296271249999999800e+02 5.995269199999999900e+01 -2.885631250000000100e+02 7.722123999999999500e+01
3.328863896147526300e-02 3.411805312500000600e+02 1.371855560000000200e+02 6.297853750000000400e+02 5.994991600000000200e+01 -2.886048437499999900e+02 7.723564000000000400e+01
3.330317812815981900e-02 3.413243437500000300e+02 1.371828520000000000e+02 6.299760625000000100e+02 5.993701999999999700e+01 -2.886517187499999900e+02 7.724583199999999300e+01
3.331135713719331900e-02 3.414255000000000000e+02 1.371772000000000000e+02 6.301178750000000300e+02 5.992477600000000100e+01 -2.886923750000000300e+02 7.725242400000000500e+01
3.332147842798478100e-02 3.416525624999999900e+02 1.371532680000000000e+02 6.304319375000000000e+02 5.988765200000000300e+01 -2.887793750000000200e+02 7.726561599999999400e+01
3.333183027740217700e-02 3.424915625000000400e+02 1.370442840000000000e+02 6.314231250000000300e+02 5.975874799999999700e+01 -2.889315624999999800e+02 7.728553599999999300e+01
3.335511902749756900e-02 3.417057812500000300e+02 1.370801640000000000e+02 6.307741250000000300e+02 5.978077199999999900e+01 -2.890683437500000000e+02 7.729939199999999700e+01
3.340752104408720900e-02 3.408730625000000000e+02 1.370933200000000100e+02 6.300824999999999800e+02 5.977628800000000100e+01 -2.892094374999999800e+02 7.731703199999999800e+01
3.352542499919514800e-02 3.410464374999999700e+02 1.371705079999999800e+02 6.301945624999999600e+02 5.981846000000000200e+01 -2.891481249999999900e+02 7.735204799999999600e+01
3.379070715153174200e-02 3.412434062499999600e+02 1.372817920000000000e+02 6.304406874999999700e+02 5.987269599999999800e+01 -2.891972812500000000e+02 7.740909600000000500e+01
3.403505737528259700e-02 3.412132187500000100e+02 1.373502159999999900e+02 6.304899375000000000e+02 5.988790399999999900e+01 -2.892767187499999900e+02 7.746231199999999700e+01
3.405604286799355400e-02 3.412228437499999200e+02 1.373556680000000100e+02 6.305075624999999500e+02 5.988905200000000000e+01 -2.892847187500000200e+02 7.746661600000000200e+01
3.406784560654189200e-02 3.412678750000000600e+02 1.373552080000000000e+02 6.305593125000000300e+02 5.988607199999999900e+01 -2.892914374999999700e+02 7.746913600000000600e+01
3.407448522919409600e-02 3.413267500000000000e+02 1.373517960000000100e+02 6.306233750000000100e+02 5.988119600000000300e+01 -2.892966250000000100e+02 7.747060000000000500e+01
3.407822074470939100e-02 3.413851250000000200e+02 1.373475359999999900e+02 6.306848750000000300e+02 5.987615199999999800e+01 -2.892997500000000200e+02 7.747138400000000000e+01
3.408284123272831800e-02 3.415760000000000200e+02 1.373311119999999900e+02 6.308746875000000500e+02 5.985953599999999900e+01 -2.892986875000000300e+02 7.747157599999999900e+01
3.408756884899768300e-02 3.421818750000000500e+02 1.372723080000000100e+02 6.314571875000000300e+02 5.980433200000000200e+01 -2.892753124999999800e+02 7.746797599999999300e+01
3.409820482116624600e-02 3.419040937499999600e+02 1.372505319999999900e+02 6.312955624999999600e+02 5.977593999999999900e+01 -2.893914687500000000e+02 7.747459200000000100e+01
3.412213401188926600e-02 3.414917187500000200e+02 1.372843479999999900e+02 6.309989375000000100e+02 5.979453199999999700e+01 -2.895072187499999900e+02 7.748981600000000500e+01
3.417597527323480000e-02 3.409619687499999800e+02 1.373078879999999900e+02 6.305589374999999600e+02 5.979643999999999700e+01 -2.895969687499999700e+02 7.751144800000000100e+01
3.429711869348100300e-02 3.410935312500000700e+02 1.373793960000000100e+02 6.306665625000000500e+02 5.983085200000000000e+01 -2.895730312499999900e+02 7.754854400000000700e+01
3.456968789572244200e-02 3.412274687500000100e+02 1.374655799999999900e+02 6.308515625000000000e+02 5.986393999999999900e+01 -2.896240937499999900e+02 7.760164000000000300e+01
3.518297384073446100e-02 3.412001562499999600e+02 1.376207359999999900e+02 6.309775624999999800e+02 5.988352799999999800e+01 -2.897774062500000100e+02 7.773720799999999500e+01
3.537270961663661900e-02 3.412041562499999800e+02 1.376728960000000100e+02 6.309970624999999700e+02 5.989600800000000200e+01 -2.897929062499999900e+02 7.777688800000000000e+01
3.556675614018143400e-02 3.412140937499999600e+02 1.377156560000000000e+02 6.309813749999999600e+02 5.989575200000000200e+01 -2.897672812500000000e+02 7.781990399999999400e+01
3.574549263941354000e-02 3.412233749999999800e+02 1.377173799999999900e+02 6.306925000000000000e+02 5.985643600000000200e+01 -2.894691250000000200e+02 7.786094400000000300e+01
3.576084225460141700e-02 3.412035937499999800e+02 1.377183640000000100e+02 6.306683124999999600e+02 5.985437199999999800e+01 -2.894647187499999700e+02 7.786399199999999600e+01
3.576947539426177800e-02 3.412009687500000200e+02 1.377205680000000100e+02 6.306653750000000400e+02 5.985442400000000200e+01 -2.894644062500000200e+02 7.786614400000000600e+01
3.577433342753167500e-02 3.412074374999999700e+02 1.377226519999999800e+02 6.306706874999999900e+02 5.985509199999999900e+01 -2.894632500000000200e+02 7.786755999999999700e+01
3.578526050907643300e-02 3.412550625000000100e+02 1.377314880000000100e+02 6.307125624999999900e+02 5.985967200000000300e+01 -2.894574999999999800e+02 7.787181599999999500e+01
3.580984644255213300e-02 3.412247187500000200e+02 1.377382719999999900e+02 6.306950000000000500e+02 5.986007200000000200e+01 -2.894702812500000300e+02 7.787820000000000700e+01
3.586516653952872400e-02 3.411349999999999900e+02 1.377314759999999900e+02 6.305801874999999700e+02 5.984466799999999900e+01 -2.894451874999999700e+02 7.788680800000000200e+01
3.591962262387677500e-02 3.411823124999999700e+02 1.377284720000000100e+02 6.305556874999999800e+02 5.983154400000000100e+01 -2.893733750000000100e+02 7.789692800000000300e+01
3.592399858001969800e-02 3.411885312499999800e+02 1.377282160000000000e+02 6.305552500000000000e+02 5.983048000000000100e+01 -2.893667187500000200e+02 7.789773599999999500e+01
3.592941321441687300e-02 3.412020937500000200e+02 1.377281360000000100e+02 6.305593125000000300e+02 5.982933599999999800e+01 -2.893572187500000200e+02 7.789879999999999400e+01
3.593495360806457700e-02 3.412362187500000300e+02 1.377293280000000100e+02 6.305788750000000400e+02 5.982919199999999900e+01 -2.893426562500000000e+02 7.790013600000000300e+01
3.594180515834263800e-02 3.413458437500000300e+02 1.377374399999999900e+02 6.306530625000000300e+02 5.983401599999999800e+01 -2.893072187500000000e+02 7.790342400000000100e+01
3.594566177535843400e-02 3.414317499999999700e+02 1.377454960000000000e+02 6.307168749999999600e+02 5.983944000000000300e+01 -2.892851249999999900e+02 7.790605600000000700e+01
3.594960456074958200e-02 3.415318437500000100e+02 1.377565000000000200e+02 6.307995624999999800e+02 5.984729200000000300e+01 -2.892677187499999700e+02 7.790920800000000700e+01
3.595847524566091200e-02 3.416130937500000200e+02 1.377709480000000000e+02 6.308777499999999900e+02 5.985740400000000200e+01 -2.892646562499999700e+02 7.791354400000000200e+01
3.597843603336767900e-02 3.413579374999999900e+02 1.377517159999999900e+02 6.306696875000000100e+02 5.983968399999999800e+01 -2.893117500000000200e+02 7.791203199999999600e+01
3.602334605905162200e-02 3.411113125000000500e+02 1.377367120000000100e+02 6.304617500000000500e+02 5.982160799999999800e+01 -2.893504375000000000e+02 7.791510399999999900e+01
3.612439594571553000e-02 3.411283437500000000e+02 1.377570880000000100e+02 6.304934375000000300e+02 5.982137600000000100e+01 -2.893650937500000300e+02 7.793571199999999500e+01
3.618123679807334900e-02 3.412313437500000100e+02 1.377680440000000000e+02 6.305848750000000100e+02 5.981917200000000200e+01 -2.893535312500000000e+02 7.794887199999999400e+01
3.630912696922218600e-02 3.412086562499999900e+02 1.377868960000000100e+02 6.306119999999999700e+02 5.979904799999999900e+01 -2.894033437499999800e+02 7.798784800000000000e+01
3.659688043652582100e-02 3.411827812500000100e+02 1.378288319999999800e+02 6.307504999999999900e+02 5.974607199999999800e+01 -2.895677187499999800e+02 7.808275999999999300e+01
3.724432399130275800e-02 3.412130312499999700e+02 1.379157560000000200e+02 6.310193749999999700e+02 5.966382800000000200e+01 -2.898063437500000000e+02 7.825192800000000700e+01
3.760851346529447300e-02 3.412093125000000100e+02 1.379861200000000000e+02 6.311250000000000000e+02 5.964668799999999700e+01 -2.899156874999999900e+02 7.833943200000000200e+01
3.842793512402582100e-02 3.412111562499999900e+02 1.381382280000000000e+02 6.314763749999999600e+02 5.959221200000000400e+01 -2.902652187499999700e+02 7.854601599999999500e+01
3.944197155180431700e-02 3.412092812500000000e+02 1.383332920000000000e+02 6.320463750000000100e+02 5.952061200000000000e+01 -2.908370937500000100e+02 7.881268000000000000e+01
4.001236893464066300e-02 3.412039687500000000e+02 1.384449440000000200e+02 6.324810625000000100e+02 5.948431200000000300e+01 -2.912770937500000100e+02 7.896063200000000400e+01
4.059572417803009000e-02 3.412114374999999900e+02 1.385606239999999900e+02 6.328251874999999700e+02 5.945122400000000300e+01 -2.916137499999999800e+02 7.910939999999999400e+01
4.115356426681500400e-02 3.411845312499999600e+02 1.386754680000000000e+02 6.333609999999999900e+02 5.942166799999999700e+01 -2.921764687500000300e+02 7.925379999999999800e+01
4.123559656015100800e-02 3.411833124999999400e+02 1.386924840000000100e+02 6.334010624999999700e+02 5.941870000000000100e+01 -2.922177500000000200e+02 7.927378400000000600e+01
4.126097664000496400e-02 3.411895312500000200e+02 1.386976599999999800e+02 6.334156874999999900e+02 5.941775599999999700e+01 -2.922261562499999700e+02 7.927990400000000200e+01
4.126746488578153500e-02 3.411871562499999900e+02 1.386986360000000200e+02 6.334152500000000100e+02 5.941723600000000300e+01 -2.922280937500000300e+02 7.928140000000000500e+01
4.127111656179649500e-02 3.411828437499999600e+02 1.386989120000000100e+02 6.334117499999999800e+02 5.941670400000000300e+01 -2.922289062500000200e+02 7.928220799999999700e+01
4.127563457931500400e-02 3.411693124999999900e+02 1.386983480000000100e+02 6.333983749999999900e+02 5.941524400000000100e+01 -2.922290625000000000e+02 7.928310399999999400e+01
4.128025506733392500e-02 3.412454062499999700e+02 1.386868120000000000e+02 6.334670625000000000e+02 5.940386800000000300e+01 -2.922216562500000200e+02 7.928294400000000100e+01
4.128284943409454800e-02 3.414151562500000000e+02 1.386646959999999900e+02 6.336020624999999900e+02 5.938625600000000300e+01 -2.921869062499999900e+02 7.927844000000000300e+01
4.128869956811851600e-02 3.427605312499999900e+02 1.384826160000000100e+02 6.347108749999999900e+02 5.925020000000000000e+01 -2.919503437500000000e+02 7.923241600000000100e+01
4.130185305417238800e-02 3.432055000000000300e+02 1.382951959999999800e+02 6.351893750000000400e+02 5.910349999999999700e+01 -2.919838750000000100e+02 7.919169599999999300e+01
4.133145305554363600e-02 3.414718124999999400e+02 1.384148680000000100e+02 6.338703124999999500e+02 5.917209199999999900e+01 -2.923985000000000100e+02 7.924277600000000600e+01
4.139804956531641100e-02 3.404174687499999500e+02 1.384690960000000100e+02 6.329116874999999700e+02 5.919509599999999900e+01 -2.924942187500000200e+02 7.927400000000000100e+01
4.154789869893019800e-02 3.412244687499999700e+02 1.386114800000000000e+02 6.332113749999999800e+02 5.929196799999999700e+01 -2.919869062500000000e+02 7.931951200000000300e+01
4.188504993406116200e-02 3.412381250000000300e+02 1.387134600000000000e+02 6.332785625000000200e+02 5.931767599999999900e+01 -2.920404375000000000e+02 7.939578400000000600e+01
4.264364836416838200e-02 3.412111562499999900e+02 1.388969080000000000e+02 6.338017499999999700e+02 5.931987600000000100e+01 -2.925905937499999800e+02 7.957703200000000300e+01
4.435049017415961000e-02 3.412100312499999900e+02 1.392592160000000100e+02 6.347844999999999800e+02 5.928528800000000100e+01 -2.935744687499999900e+02 7.997392800000000100e+01
4.477053538638011600e-02 3.412055625000000400e+02 1.393424280000000100e+02 6.349857500000000500e+02 5.927128400000000100e+01 -2.937801875000000100e+02 8.007114400000000400e+01
4.477264534713875500e-02 3.412059374999999500e+02 1.393428840000000000e+02 6.349874999999999500e+02 5.927121199999999800e+01 -2.937815625000000100e+02 8.007167200000000700e+01
4.477739159440820300e-02 3.413093749999999300e+02 1.393368600000000000e+02 6.350984999999999400e+02 5.926338799999999900e+01 -2.937891250000000100e+02 8.007347199999999500e+01
4.478006048516913100e-02 3.414919687500000100e+02 1.393234439999999900e+02 6.352890625000000000e+02 5.924834800000000000e+01 -2.937970937499999900e+02 8.007509600000000200e+01
4.478156028067527300e-02 3.416684375000000400e+02 1.393086040000000000e+02 6.354706250000000400e+02 5.923236399999999700e+01 -2.938021875000000000e+02 8.007623999999999900e+01
4.478494180718913000e-02 3.425921562499999600e+02 1.392126399999999900e+02 6.363881249999999500e+02 5.913461600000000100e+01 -2.937959687499999900e+02 8.007802399999999900e+01
4.479254325522025900e-02 3.423212187500000100e+02 1.391677919999999900e+02 6.362205000000000200e+02 5.908040799999999800e+01 -2.938992812500000000e+02 8.008738400000000000e+01
4.480965117104033400e-02 3.416490937500000200e+02 1.392175920000000000e+02 6.357472500000000100e+02 5.911840800000000200e+01 -2.940981562499999900e+02 8.009918399999999400e+01
4.484814281719799700e-02 3.412295000000000300e+02 1.392520959999999900e+02 6.355013125000000400e+02 5.913234400000000300e+01 -2.942718125000000100e+02 8.011975200000000500e+01
4.493474902105273900e-02 3.408792187500000100e+02 1.392922000000000100e+02 6.352936250000000200e+02 5.913676799999999600e+01 -2.944144062500000100e+02 8.015543200000000500e+01
4.512960599310086900e-02 3.412461875000000200e+02 1.393814600000000000e+02 6.356517499999999900e+02 5.916949999999999900e+01 -2.944055624999999700e+02 8.021196000000000500e+01
4.556804000239669100e-02 3.412092187500000500e+02 1.394715920000000200e+02 6.357385000000000400e+02 5.917504000000000300e+01 -2.945292812500000000e+02 8.029655200000000500e+01
4.570367834070227000e-02 3.412072812499999900e+02 1.395008920000000200e+02 6.357599374999999800e+02 5.917517200000000300e+01 -2.945526562499999800e+02 8.032572000000000400e+01
4.570584885221116300e-02 3.412096250000000700e+02 1.395012120000000100e+02 6.357625000000000500e+02 5.917501200000000200e+01 -2.945528749999999700e+02 8.032620000000000000e+01
4.570853171622214800e-02 3.412382812500000000e+02 1.395004960000000000e+02 6.357903125000000300e+02 5.917355200000000100e+01 -2.945520312500000300e+02 8.032694399999999700e+01
4.571127513098338600e-02 3.413357500000000200e+02 1.394967320000000100e+02 6.358846875000000400e+02 5.916873199999999900e+01 -2.945489375000000200e+02 8.032800000000000300e+01
4.571281684623970000e-02 3.414543124999999600e+02 1.394914800000000000e+02 6.359992499999999600e+02 5.916273600000000200e+01 -2.945449375000000000e+02 8.032874400000000000e+01
4.571628687000391100e-02 3.426004687500000000e+02 1.394266440000000100e+02 6.371076249999999800e+02 5.909672400000000200e+01 -2.945071562499999800e+02 8.032992000000000100e+01
4.572410257453592800e-02 3.426148437499999800e+02 1.393616160000000000e+02 6.372349375000000000e+02 5.902954400000000100e+01 -2.946200937500000200e+02 8.033207199999999700e+01
4.574167626535791100e-02 3.417304687500000000e+02 1.393756880000000000e+02 6.366016250000000100e+02 5.904032800000000200e+01 -2.948711562500000100e+02 8.033535999999999400e+01
4.578122522076990400e-02 3.411746875000000600e+02 1.393987439999999900e+02 6.362374375000000600e+02 5.904123200000000100e+01 -2.950627499999999900e+02 8.035751200000000000e+01
4.587020687713436900e-02 3.408325625000000500e+02 1.394354280000000000e+02 6.360487500000000400e+02 5.903830800000000100e+01 -2.952161874999999900e+02 8.039712000000000100e+01
4.607042026170444400e-02 3.412599687500000400e+02 1.395237160000000100e+02 6.364522500000000500e+02 5.906054000000000300e+01 -2.951922812500000100e+02 8.046317600000000400e+01
4.618303999941573300e-02 3.412446249999999800e+02 1.395458040000000000e+02 6.364816250000000100e+02 5.905836399999999700e+01 -2.952370000000000200e+02 8.048744000000000700e+01
4.624639005742521600e-02 3.412127187500000800e+02 1.395543480000000000e+02 6.364768125000000500e+02 5.905532399999999900e+01 -2.952640937499999700e+02 8.049902400000000600e+01
4.638892186575902700e-02 3.412066874999999300e+02 1.395764440000000100e+02 6.365014374999999500e+02 5.905011600000000300e+01 -2.952947500000000200e+02 8.052632800000000700e+01
4.670962658557263600e-02 3.412078437500000500e+02 1.396448560000000000e+02 6.365917500000000500e+02 5.904217599999999800e+01 -2.953839062500000000e+02 8.060268000000000700e+01
4.675472292125734700e-02 3.412091562499999800e+02 1.396556799999999900e+02 6.366102499999999500e+02 5.904159200000000100e+01 -2.954010937499999700e+02 8.061408799999999500e+01
4.681053673973596000e-02 3.415872499999999800e+02 1.394390559999999900e+02 6.371528124999999800e+02 5.884379200000000100e+01 -2.955655625000000000e+02 8.059526400000000000e+01
4.686761280846974500e-02 3.406395624999999500e+02 1.394835679999999900e+02 6.362425624999999600e+02 5.887440800000000300e+01 -2.956030000000000100e+02 8.060916000000000300e+01
4.699603629199576600e-02 3.411577499999999600e+02 1.395996440000000100e+02 6.364088749999999700e+02 5.895068400000000300e+01 -2.952511250000000000e+02 8.064896000000000200e+01
4.728499378767934300e-02 3.412461874999999600e+02 1.396956840000000000e+02 6.364652499999999700e+02 5.898644399999999900e+01 -2.952190625000000100e+02 8.070923999999999400e+01
4.793515048184237400e-02 3.412097500000000400e+02 1.398486560000000100e+02 6.367864375000000300e+02 5.898913600000000200e+01 -2.955766874999999900e+02 8.085952000000000300e+01
4.873971624688788100e-02 3.412085937499999800e+02 1.400241080000000100e+02 6.371523124999999900e+02 5.896082799999999900e+01 -2.959437187500000200e+02 8.106328000000000600e+01
4.919228652749160800e-02 3.412037812500000200e+02 1.401249799999999900e+02 6.373399375000000200e+02 5.895475600000000300e+01 -2.961361562500000000e+02 8.117022400000000500e+01
4.944685585478432500e-02 3.412125624999999300e+02 1.401807600000000200e+02 6.374271874999999500e+02 5.895556800000000000e+01 -2.962146250000000100e+02 8.122519200000000700e+01
4.970721010760073600e-02 3.412084374999999500e+02 1.402356240000000000e+02 6.374841249999999500e+02 5.895286399999999800e+01 -2.962756875000000000e+02 8.128275999999999600e+01
4.978776123643067300e-02 3.412094375000000400e+02 1.402503320000000100e+02 6.374900625000000200e+02 5.894986000000000100e+01 -2.962806249999999900e+02 8.130047199999999900e+01
4.987013820326809100e-02 3.412322187499999600e+02 1.402497119999999900e+02 6.374751874999999500e+02 5.893316000000000100e+01 -2.962429687499999900e+02 8.131655200000000100e+01
4.991647350045787200e-02 3.413691250000000000e+02 1.402177760000000100e+02 6.375855000000000200e+02 5.889558399999999900e+01 -2.962163750000000300e+02 8.132219200000000100e+01
5.002073257688492700e-02 3.410795937499999600e+02 1.402170720000000000e+02 6.373185624999999800e+02 5.886899199999999900e+01 -2.962389687500000300e+02 8.134807999999999600e+01
5.025532015659579100e-02 3.412223750000000000e+02 1.403052520000000000e+02 6.374139374999999700e+02 5.889677199999999900e+01 -2.961915624999999700e+02 8.140847999999999700e+01
5.038727421463627700e-02 3.412247499999999700e+02 1.403314760000000100e+02 6.374352500000000000e+02 5.889899599999999700e+01 -2.962105000000000200e+02 8.143247999999999800e+01
5.042809473580347300e-02 3.412090624999999600e+02 1.403337280000000100e+02 6.374199999999999600e+02 5.889557599999999800e+01 -2.962109375000000000e+02 8.143815200000000200e+01
5.045105744339753500e-02 3.412554062500000200e+02 1.403207720000000100e+02 6.374555625000000400e+02 5.888183600000000000e+01 -2.962001562500000200e+02 8.143893599999999800e+01
5.045693086617159000e-02 3.413017812500000300e+02 1.403121480000000100e+02 6.374990000000000200e+02 5.887337200000000300e+01 -2.961972187499999900e+02 8.143877600000000400e+01
5.047014024522569800e-02 3.416515624999999500e+02 1.402547960000000000e+02 6.378396874999999700e+02 5.882065200000000300e+01 -2.961881250000000100e+02 8.143414400000000300e+01
5.049986600584745200e-02 3.412546874999999900e+02 1.402656320000000100e+02 6.374642499999999900e+02 5.882867999999999900e+01 -2.962095625000000000e+02 8.143695200000000500e+01
5.056674198062138100e-02 3.410254062500000000e+02 1.402995520000000100e+02 6.372406250000000200e+02 5.884789599999999900e+01 -2.962152187500000200e+02 8.145165600000000000e+01
5.071721525273771600e-02 3.412231874999999900e+02 1.403593720000000100e+02 6.373788124999999800e+02 5.887162800000000100e+01 -2.961556249999999900e+02 8.148774400000000600e+01
5.105577778612446800e-02 3.412170000000000400e+02 1.404349479999999900e+02 6.374550625000000500e+02 5.887749999999999800e+01 -2.962380625000000100e+02 8.155744799999999400e+01
5.181755280174469400e-02 3.412103750000000000e+02 1.406116120000000100e+02 6.377410625000000000e+02 5.888457199999999900e+01 -2.965306875000000000e+02 8.172704000000000200e+01
5.353153960026518800e-02 3.412099374999999700e+02 1.409830120000000000e+02 6.383057499999999900e+02 5.888775600000000300e+01 -2.970958125000000200e+02 8.209525600000000600e+01
5.449565659221421200e-02 3.412100312500000400e+02 1.411862160000000000e+02 6.385499375000000600e+02 5.888396800000000300e+01 -2.973399062500000100e+02 8.230224800000000600e+01
5.666491982409951200e-02 3.412107187500000100e+02 1.416062160000000200e+02 6.388583125000000100e+02 5.886491999999999800e+01 -2.976475937500000000e+02 8.274129600000000600e+01
5.926803383926186600e-02 3.412105312499999700e+02 1.421544519999999900e+02 6.395250624999999900e+02 5.888098000000000100e+01 -2.983145312500000200e+02 8.327347199999999800e+01
6.140340262425834200e-02 3.412057500000000200e+02 1.426016080000000000e+02 6.401272500000000000e+02 5.891206400000000100e+01 -2.989214999999999800e+02 8.368954399999999800e+01
6.170368776798830500e-02 3.412098749999999500e+02 1.426649240000000100e+02 6.402118124999999500e+02 5.891705999999999900e+01 -2.990019375000000000e+02 8.374786400000000700e+01
6.175677680270575500e-02 3.412096249999999600e+02 1.426761439999999900e+02 6.402268749999999500e+02 5.891800800000000000e+01 -2.990172499999999900e+02 8.375813599999999300e+01
6.178663763807806800e-02 3.412092187500000500e+02 1.426823760000000000e+02 6.402350625000000300e+02 5.891852000000000100e+01 -2.990258437499999800e+02 8.376385600000000400e+01
6.181717850495317000e-02 3.412080312499999800e+02 1.426883520000000100e+02 6.402413749999999500e+02 5.891883200000000200e+01 -2.990333437499999700e+02 8.376952000000000000e+01
6.182662442199186200e-02 3.412072499999999900e+02 1.426900200000000000e+02 6.402419999999999600e+02 5.891881200000000300e+01 -2.990347499999999700e+02 8.377120800000000100e+01
6.183193891476362900e-02 3.412073124999999400e+02 1.426909560000000000e+02 6.402408124999999500e+02 5.891870800000000200e+01 -2.990335000000000000e+02 8.377224800000000500e+01
6.183737450903589000e-02 3.414641562499999700e+02 1.426693480000000100e+02 6.402823750000000000e+02 5.891652400000000300e+01 -2.988182187500000300e+02 8.375282400000000400e+01
6.184960576058598500e-02 3.420696562500000400e+02 1.425695840000000200e+02 6.405961250000000300e+02 5.886890400000000100e+01 -2.985264687499999900e+02 8.370068000000000600e+01
6.187711908994868900e-02 3.413305937500000500e+02 1.425884679999999800e+02 6.402568750000000400e+02 5.885716399999999700e+01 -2.989262812499999900e+02 8.373130399999999400e+01
6.188563345698355800e-02 3.411920937499999700e+02 1.425989480000000100e+02 6.401813124999999900e+02 5.885662800000000100e+01 -2.989892187500000200e+02 8.374232000000000700e+01
6.189433879176921300e-02 3.411618750000000100e+02 1.426011959999999900e+02 6.401624375000000100e+02 5.885352400000000000e+01 -2.990005625000000000e+02 8.374767199999999400e+01
6.191392928834945500e-02 3.409634687500000000e+02 1.426099639999999900e+02 6.400240000000000000e+02 5.885198799999999900e+01 -2.990605312500000000e+02 8.375797599999999900e+01
6.195800557677999500e-02 3.408156562499999600e+02 1.426486400000000000e+02 6.398753124999999500e+02 5.887312000000000000e+01 -2.990596562499999900e+02 8.377552000000000000e+01
6.205717839018620700e-02 3.412040937499999700e+02 1.426990759999999900e+02 6.401455624999999800e+02 5.889882000000000100e+01 -2.989414687500000100e+02 8.380025600000000500e+01
6.228031722035018400e-02 3.412467187500000700e+02 1.427584440000000000e+02 6.402910000000000500e+02 5.891345199999999900e+01 -2.990442812499999800e+02 8.384499200000000500e+01
6.234934973338294300e-02 3.412032500000000300e+02 1.427700560000000100e+02 6.402903125000000300e+02 5.891339200000000200e+01 -2.990870625000000000e+02 8.385666399999999500e+01
6.241995190817212200e-02 3.411817187500000200e+02 1.425971759999999900e+02 6.400825624999999900e+02 5.878215999999999800e+01 -2.989008437499999800e+02 8.381501600000000000e+01
6.257880913032280700e-02 3.410913749999999700e+02 1.427467080000000100e+02 6.399228124999999600e+02 5.885465200000000200e+01 -2.988314374999999900e+02 8.389205599999999700e+01
6.286474374624399800e-02 3.412471562499999900e+02 1.428375719999999900e+02 6.401572499999999800e+02 5.888158000000000000e+01 -2.989100937499999900e+02 8.395599199999999500e+01
6.322217016720801900e-02 3.412064375000000500e+02 1.429213520000000100e+02 6.403221875000000400e+02 5.889632799999999700e+01 -2.991157499999999900e+02 8.402502400000000200e+01
6.402637262775202900e-02 3.412094062499999700e+02 1.431052040000000100e+02 6.406567499999999900e+02 5.891905200000000100e+01 -2.994473437500000200e+02 8.418615200000000700e+01
6.447873330960489400e-02 3.412118750000000200e+02 1.431944520000000100e+02 6.407500625000000100e+02 5.891101199999999900e+01 -2.995381874999999900e+02 8.428343999999999900e+01
6.549655415927388400e-02 3.412098125000000000e+02 1.433813680000000100e+02 6.408532500000000000e+02 5.887974400000000200e+01 -2.996434375000000000e+02 8.450162400000000700e+01
6.675610291943300000e-02 3.412094999999999900e+02 1.436230799999999900e+02 6.409457499999999800e+02 5.888055200000000200e+01 -2.997362499999999800e+02 8.474252799999999300e+01
6.746460259033501500e-02 3.412102187499999700e+02 1.437453080000000200e+02 6.409770624999999900e+02 5.885410000000000300e+01 -2.997668437500000200e+02 8.489120800000000600e+01
6.818919944530296700e-02 3.412118125000000100e+02 1.438608759999999900e+02 6.410341875000000300e+02 5.881658800000000300e+01 -2.998223750000000200e+02 8.504428799999999500e+01
6.859678517622244700e-02 3.412099999999999800e+02 1.439247520000000100e+02 6.410729999999999800e+02 5.879530400000000200e+01 -2.998630000000000000e+02 8.512944799999999600e+01
6.951385889297877200e-02 3.412109687500000600e+02 1.440219120000000100e+02 6.411815625000000400e+02 5.869942400000000000e+01 -2.999705937499999800e+02 8.532248800000000700e+01
7.000000223572001900e-02 3.412103749999999400e+02 1.441082280000000000e+02 6.411839374999999600e+02 5.869518800000000200e+01 -2.999735625000000100e+02 8.541303999999999500e+01
