0.000000000000000000e+00 0.000000000000000000e+00 0.000000000000000000e+00 0.000000000000000000e+00 0.000000000000000000e+00 0.000000000000000000e+00 0.000000000000000000e+00
8.135459535453590300e-09 2.115989765625000100e+02 2.798675537109360900e-06 1.436940937500000100e+02 1.282852935791015500e-04 6.790488281250000600e+01 -1.254866180419921900e-04
8.750080480098142600e-04 2.115981249999999800e+02 1.811615799999999900e+01 1.437974062499999900e+02 9.116080999999999400e+00 6.780071875000000100e+01 9.000076999999999200e+00
1.039070524138845400e-03 2.116031015625000000e+02 2.151651700000000000e+01 1.440205937499999900e+02 1.077446800000000100e+01 6.758250781249999800e+01 1.074204900000000000e+01
1.064448930113889100e-03 2.116143046875000100e+02 2.202400700000000100e+01 1.440934843750000000e+02 1.101244600000000100e+01 6.752082031250000700e+01 1.101156100000000000e+01
1.090404096540514000e-03 2.116133671874999900e+02 2.254119500000000200e+01 1.441720156250000000e+02 1.125237899999999900e+01 6.744135156250000300e+01 1.128881600000000100e+01
1.119603749742146900e-03 2.116083281250000100e+02 2.312239300000000200e+01 1.442713124999999900e+02 1.151906200000000000e+01 6.733701562500000600e+01 1.160333100000000100e+01
1.123253679100847200e-03 2.116080000000000000e+02 2.319490199999999900e+01 1.442846406250000100e+02 1.155216700000000100e+01 6.732335937499999500e+01 1.164273500000000000e+01
1.131466092935266500e-03 2.116053125000000000e+02 2.335830200000000200e+01 1.443137187499999900e+02 1.162669900000000000e+01 6.729159375000000400e+01 1.173160300000000000e+01
1.149943896702357800e-03 2.116061171874999900e+02 2.372579299999999900e+01 1.443904531249999900e+02 1.179304400000000000e+01 6.721566406249999700e+01 1.193274899999999900e+01
1.163802304110684400e-03 2.116208750000000100e+02 2.399732500000000000e+01 1.444711562500000100e+02 1.191227200000000000e+01 6.714971875000000500e+01 1.208505300000000000e+01
1.174196146055601200e-03 2.116267343750000100e+02 2.420039200000000100e+01 1.445335156250000100e+02 1.200011800000000100e+01 6.709321875000000500e+01 1.220027400000000000e+01
1.197582199459984300e-03 2.116430781249999900e+02 2.465388199999999900e+01 1.447057656250000000e+02 1.218981400000000000e+01 6.693731250000000400e+01 1.246406799999999900e+01
1.225645434434306300e-03 2.116290859375000100e+02 2.520296799999999800e+01 1.449083281250000000e+02 1.241662799999999900e+01 6.672075781249999700e+01 1.278633999999999900e+01
1.243185065459273600e-03 2.116211484374999800e+02 2.554495400000000100e+01 1.450472499999999900e+02 1.255518700000000000e+01 6.657389843750000600e+01 1.298976700000000100e+01
1.256339715950655100e-03 2.116154531249999900e+02 2.579955600000000300e+01 1.451596874999999900e+02 1.265611400000000100e+01 6.645576562499999800e+01 1.314344200000000000e+01
1.285937679556263300e-03 2.116567656249999900e+02 2.634804799999999900e+01 1.455350781250000100e+02 1.285007500000000000e+01 6.612168749999999300e+01 1.349797300000000000e+01
1.322565061268789200e-03 2.117413359375000300e+02 2.698033600000000100e+01 1.462386250000000100e+02 1.301819399999999900e+01 6.550271093749999800e+01 1.396214200000000000e+01
1.360025015797225000e-03 2.119303203124999900e+02 2.744536899999999900e+01 1.478351718749999900e+02 1.292869499999999900e+01 6.409514843750000100e+01 1.451667400000000000e+01
1.444309913486206100e-03 2.116121093749999900e+02 2.890959499999999900e+01 1.507807031250000000e+02 1.307245099999999900e+01 6.083140625000000100e+01 1.583714400000000000e+01
1.548612365210303800e-03 2.115481289062499900e+02 3.078217199999999900e+01 1.539755468749999900e+02 1.345084800000000100e+01 5.757258203125000100e+01 1.733132399999999900e+01
1.655285466139424200e-03 2.116113242187499800e+02 3.252425499999999700e+01 1.571486562499999900e+02 1.379923499999999900e+01 5.446266796874999700e+01 1.872502000000000100e+01
1.760291674780467400e-03 2.115921093750000100e+02 3.425057300000000300e+01 1.601502968750000100e+02 1.416335100000000000e+01 5.144181249999999700e+01 2.008722200000000100e+01
1.768729771158779800e-03 2.115861953125000000e+02 3.439178400000000100e+01 1.603822031249999900e+02 1.419539400000000000e+01 5.120399218749999900e+01 2.019639000000000100e+01
1.787715196900606500e-03 2.116087695312500000e+02 3.470384800000000100e+01 1.609446406250000100e+02 1.426262799999999900e+01 5.066412890624999900e+01 2.044122000000000100e+01
1.830432586763077000e-03 2.116112812500000200e+02 3.540417200000000300e+01 1.621964843750000100e+02 1.441124400000000000e+01 4.941479687500000000e+01 2.099292799999999900e+01
1.883295429495228100e-03 2.116233906250000100e+02 3.626462399999999800e+01 1.638366406250000000e+02 1.458474000000000000e+01 4.778674999999999800e+01 2.167988400000000100e+01
1.913030651171711200e-03 2.116188046874999900e+02 3.673979699999999600e+01 1.648174531249999900e+02 1.467297499999999900e+01 4.680135156250000300e+01 2.206682199999999800e+01
1.920633409195039800e-03 2.115971484374999800e+02 3.686680599999999700e+01 1.650623124999999900e+02 1.470024400000000000e+01 4.653483593749999900e+01 2.216656199999999900e+01
1.924909951485993800e-03 2.115995234374999800e+02 3.694363400000000300e+01 1.652499531249999900e+02 1.471892800000000000e+01 4.634957031249999900e+01 2.222470600000000100e+01
1.934532280806656700e-03 2.132399882812499900e+02 3.699864099999999900e+01 1.682273906250000000e+02 1.461599500000000000e+01 4.501259765625000100e+01 2.238264600000000100e+01
1.956182376223460700e-03 2.118957929687500200e+02 3.709943900000000400e+01 1.685577968750000100e+02 1.450423700000000000e+01 4.333799609375000000e+01 2.259520200000000000e+01
2.004895163688613000e-03 2.109473476562500000e+02 3.795100600000000000e+01 1.692498750000000000e+02 1.478117600000000000e+01 4.169747265625000000e+01 2.316983000000000100e+01
2.114498717153174300e-03 2.116810859375000000e+02 3.973912699999999600e+01 1.724548906249999900e+02 1.531670699999999900e+01 3.922619531250000300e+01 2.442241999999999900e+01
2.361106785225781100e-03 2.116011660156249800e+02 4.346307300000000100e+01 1.800846718750000000e+02 1.609327700000000000e+01 3.151649414062499900e+01 2.736979600000000100e+01
2.915975083943834000e-03 2.116018134765624800e+02 5.161439800000000100e+01 1.969169843750000000e+02 1.776474199999999800e+01 1.468482910156249900e+01 3.384965600000000300e+01
3.602624667287600600e-03 2.116024873046875100e+02 6.120199799999999600e+01 2.169842812500000100e+02 1.968503799999999900e+01 -5.381793945312500300e+00 4.151695999999999700e+01
4.304879750960912500e-03 2.115990527343750200e+02 7.063663400000000100e+01 2.365000625000000100e+02 2.155713799999999800e+01 -2.490100976562499800e+01 4.907949599999999900e+01
4.699898290110158200e-03 2.115995390625000100e+02 7.587937599999999300e+01 2.473450625000000100e+02 2.258744799999999800e+01 -3.574552343749999700e+01 5.329192799999999900e+01
4.922096545879657400e-03 2.116002382812500000e+02 7.876897800000000400e+01 2.535276093750000000e+02 2.316698200000000100e+01 -4.192737109374999700e+01 5.560199600000000000e+01
5.422041966364934100e-03 2.116059179687499900e+02 8.464320599999999200e+01 2.678691250000000000e+02 2.454338200000000100e+01 -5.626320703124999800e+01 6.009982399999999800e+01
6.546918871347430500e-03 2.116031953124999900e+02 9.421355600000001100e+01 3.018370312500000000e+02 2.796932800000000100e+01 -9.023383593750000400e+01 6.624422800000000700e+01
7.179661984845395700e-03 2.116051562499999900e+02 9.800481800000000000e+01 3.197431874999999800e+02 2.974493800000000100e+01 -1.081380312500000000e+02 6.825987999999999500e+01
7.535580459240738400e-03 2.115961953125000200e+02 9.979105400000000300e+01 3.292908437500000200e+02 3.065548600000000000e+01 -1.176946484375000100e+02 6.913556800000000600e+01
7.645692580785507300e-03 2.115934999999999800e+02 1.003032719999999900e+02 3.321940624999999700e+02 3.093091199999999900e+01 -1.206005625000000000e+02 6.937236000000000000e+01
7.673845768557073300e-03 2.116032812500000100e+02 1.004294680000000000e+02 3.329194375000000200e+02 3.100002800000000000e+01 -1.213161562500000100e+02 6.942944000000000000e+01
7.689682700840690800e-03 2.116081328124999700e+02 1.004982880000000000e+02 3.333118124999999700e+02 3.103822400000000000e+01 -1.217036796875000000e+02 6.946006400000000300e+01
7.698590647752177400e-03 2.116085859374999800e+02 1.005358720000000000e+02 3.335221874999999700e+02 3.105930400000000100e+01 -1.219136015625000100e+02 6.947656800000000000e+01
7.703601222335200600e-03 2.116097656250000200e+02 1.005555420000000000e+02 3.336305937500000000e+02 3.107058999999999900e+01 -1.220208281249999900e+02 6.948495200000000700e+01
7.706419743315495900e-03 2.116164921875000000e+02 1.005645340000000100e+02 3.336904687499999800e+02 3.107547800000000000e+01 -1.220739765624999900e+02 6.948905600000000500e+01
7.709907815861033500e-03 2.118804296875000300e+02 1.005399379999999900e+02 3.339460000000000300e+02 3.105436200000000100e+01 -1.220655703125000000e+02 6.948557599999999500e+01
7.711869893056569300e-03 2.123535000000000000e+02 1.004848960000000100e+02 3.343414374999999800e+02 3.101093600000000100e+01 -1.219879375000000000e+02 6.947396000000000500e+01
7.713876218877287500e-03 2.135564140624999800e+02 1.003420239999999900e+02 3.354120312499999800e+02 3.089163999999999900e+01 -1.218556171875000000e+02 6.945038400000000000e+01
7.717488304017083000e-03 2.191891953125000300e+02 9.960803599999999800e+01 3.406175625000000200e+02 3.024938800000000000e+01 -1.214283671875000000e+02 6.935864800000000200e+01
7.718391325302030800e-03 2.209149062499999700e+02 9.936997999999999800e+01 3.422476562499999800e+02 3.003753199999999900e+01 -1.213327500000000000e+02 6.933244799999999900e+01
7.720083835215213800e-03 2.240603437500000200e+02 9.888246399999999900e+01 3.453994062500000300e+02 2.959392799999999800e+01 -1.213390625000000000e+02 6.928853599999999300e+01
7.723893292512067400e-03 2.261938203125000100e+02 9.805198400000000400e+01 3.488831562500000100e+02 2.882332800000000000e+01 -1.226893359375000000e+02 6.922865600000000100e+01
7.732464134765923800e-03 2.150754296874999900e+02 9.788778800000000000e+01 3.412949375000000000e+02 2.867670000000000000e+01 -1.262195078125000000e+02 6.921108800000000400e+01
7.751748966501164800e-03 2.115087890625000000e+02 9.858498600000000100e+01 3.390754062500000100e+02 2.917508200000000000e+01 -1.275666171875000000e+02 6.940990399999999700e+01
7.795139983460144500e-03 2.085850546874999900e+02 9.909939400000000400e+01 3.385780937499999900e+02 2.953220200000000200e+01 -1.299930390625000000e+02 6.956719200000000600e+01
7.892768752735030200e-03 2.115344843749999800e+02 9.998221200000000400e+01 3.428473124999999900e+02 3.016980399999999900e+01 -1.313128281250000100e+02 6.981240800000000500e+01
8.112434648041032300e-03 2.115934062499999900e+02 1.008537719999999900e+02 3.460407187500000000e+02 3.080566800000000100e+01 -1.344473125000000100e+02 7.004810399999999500e+01
8.606681893596720600e-03 2.116002656249999900e+02 1.027724600000000000e+02 3.527731249999999900e+02 3.222446800000000200e+01 -1.411728593750000000e+02 7.054799199999999400e+01
8.644908630222046200e-03 2.115956875000000000e+02 1.029123120000000100e+02 3.532694999999999900e+02 3.232774400000000300e+01 -1.416738125000000000e+02 7.058456800000000400e+01
8.666411133185119800e-03 2.116014531249999800e+02 1.029895040000000100e+02 3.535573437499999700e+02 3.238503200000000200e+01 -1.419558906249999900e+02 7.060447200000000100e+01
8.671909024863890700e-03 2.116042187499999700e+02 1.030091240000000000e+02 3.536338124999999800e+02 3.239982799999999900e+01 -1.420295937500000000e+02 7.060929600000000100e+01
8.675001770876556900e-03 2.116078281250000000e+02 1.030202560000000000e+02 3.536789062500000100e+02 3.240832000000000300e+01 -1.420710781250000100e+02 7.061193600000000000e+01
8.681959867186308400e-03 2.116651249999999900e+02 1.030485860000000000e+02 3.538338749999999800e+02 3.243209800000000300e+01 -1.421687499999999900e+02 7.061648800000000400e+01
8.690570300315326300e-03 2.118660156249999900e+02 1.030849800000000000e+02 3.541048749999999900e+02 3.246552400000000200e+01 -1.422388593750000000e+02 7.061945600000000000e+01
8.699376941163898500e-03 2.126042343749999800e+02 1.030686879999999900e+02 3.548313437499999700e+02 3.247605600000000000e+01 -1.422271093750000000e+02 7.059263199999999500e+01
8.719191591963810700e-03 2.134692187500000400e+02 1.027814999999999900e+02 3.559259062500000300e+02 3.234617200000000300e+01 -1.424566874999999900e+02 7.043532799999999800e+01
8.763774410708920200e-03 2.107172499999999800e+02 1.029999700000000000e+02 3.546932499999999800e+02 3.250573000000000000e+01 -1.439760000000000000e+02 7.049424000000000500e+01
8.864085461776043500e-03 2.114636249999999800e+02 1.034507419999999900e+02 3.562057812499999700e+02 3.283076599999999700e+01 -1.447421562499999900e+02 7.061997599999999400e+01
9.089786054450514300e-03 2.116266250000000200e+02 1.041181140000000100e+02 3.591624687500000200e+02 3.336003399999999900e+01 -1.475358437500000000e+02 7.075808000000000700e+01
9.597611223530564500e-03 2.116019843750000000e+02 1.054050319999999900e+02 3.662932187499999900e+02 3.434986399999999700e+01 -1.546912343749999900e+02 7.105516799999999500e+01
1.074021843617943600e-02 2.115971406249999800e+02 1.076200680000000000e+02 3.832259374999999900e+02 3.575471600000000200e+01 -1.716287968750000100e+02 7.186535200000000100e+01
1.138293553912450400e-02 2.116041093749999800e+02 1.086056439999999800e+02 3.906910624999999900e+02 3.635075599999999700e+01 -1.790869531250000100e+02 7.225488799999999400e+01
1.215419606265858900e-02 2.115979062499999900e+02 1.095511439999999900e+02 3.978944374999999800e+02 3.692037599999999700e+01 -1.862965312499999900e+02 7.263076800000000300e+01
1.251572363251440500e-02 2.115983906250000100e+02 1.099483359999999800e+02 4.009364062500000000e+02 3.715725599999999700e+01 -1.893380156250000000e+02 7.279107999999999400e+01
1.271908332722236600e-02 2.115974218750000100e+02 1.101609680000000000e+02 4.025594375000000000e+02 3.728371200000000100e+01 -1.909620156249999900e+02 7.287725600000000300e+01
1.283347300994090700e-02 2.115933125000000000e+02 1.102761160000000000e+02 4.034497187499999900e+02 3.735236400000000100e+01 -1.918564062499999900e+02 7.292375199999999300e+01
1.289781749757946300e-02 2.115861718749999900e+02 1.103382280000000200e+02 4.039545000000000000e+02 3.739049200000000200e+01 -1.923683281250000100e+02 7.294773600000000600e+01
1.293401054410270800e-02 2.115883281250000000e+02 1.103728960000000000e+02 4.042391250000000000e+02 3.741176000000000100e+01 -1.926507968750000000e+02 7.296113599999999600e+01
1.295436956943609800e-02 2.115886249999999800e+02 1.103919919999999900e+02 4.043963749999999800e+02 3.742350400000000100e+01 -1.928077500000000000e+02 7.296848799999999400e+01
1.296582181229550800e-02 2.115823593750000100e+02 1.104018960000000100e+02 4.044758125000000200e+02 3.742960800000000200e+01 -1.928934531250000100e+02 7.297228800000000600e+01
1.297226348057189100e-02 2.115705937500000300e+02 1.104060040000000000e+02 4.045096250000000300e+02 3.743213200000000300e+01 -1.929390312500000000e+02 7.297387200000000000e+01
1.297588721008673500e-02 2.115948281249999900e+02 1.104020920000000100e+02 4.045506874999999800e+02 3.742882800000000300e+01 -1.929558593749999900e+02 7.297326400000000000e+01
1.297792497572008300e-02 2.117215625000000000e+02 1.103853079999999900e+02 4.046475624999999900e+02 3.741778800000000200e+01 -1.929259999999999900e+02 7.296751999999999300e+01
1.298251053061386300e-02 2.125735781250000100e+02 1.102514319999999900e+02 4.053625000000000100e+02 3.731280000000000300e+01 -1.927889218750000000e+02 7.293863199999999800e+01
1.299282977578113300e-02 2.122234374999999600e+02 1.101840640000000100e+02 4.053031562499999700e+02 3.724186400000000000e+01 -1.930797187500000100e+02 7.294220000000000000e+01
1.301604516631372200e-02 2.115164062499999900e+02 1.102688960000000100e+02 4.049115312500000000e+02 3.730456000000000200e+01 -1.933951250000000100e+02 7.296433600000000300e+01
1.306828183277768500e-02 2.112604687499999700e+02 1.103973719999999900e+02 4.048969374999999800e+02 3.740925200000000200e+01 -1.936364687500000100e+02 7.298811999999999500e+01
1.313292441641746000e-02 2.116102187500000000e+02 1.105096360000000000e+02 4.055300937499999900e+02 3.749466799999999700e+01 -1.939198749999999900e+02 7.301496799999999600e+01
1.319903652018825400e-02 2.118011874999999700e+02 1.104322959999999900e+02 4.060902812499999800e+02 3.742541599999999800e+01 -1.942890937500000100e+02 7.300687999999999500e+01
1.323622516077807900e-02 2.114765468750000000e+02 1.105026159999999900e+02 4.059951874999999900e+02 3.748721599999999700e+01 -1.945186406249999900e+02 7.301540000000000000e+01
1.325714311611376000e-02 2.114468281250000000e+02 1.105357160000000100e+02 4.060699687499999900e+02 3.751623599999999900e+01 -1.946231406249999900e+02 7.301948000000000100e+01
1.330420968005654300e-02 2.115138125000000000e+02 1.105744000000000000e+02 4.063591250000000100e+02 3.755139200000000000e+01 -1.948453125000000100e+02 7.302300800000000400e+01
1.341010828449030500e-02 2.116386250000000200e+02 1.106815160000000000e+02 4.072015625000000200e+02 3.762789200000000300e+01 -1.955629375000000000e+02 7.305362399999999900e+01
1.346967624948429400e-02 2.116125781250000300e+02 1.107347879999999900e+02 4.076452187500000300e+02 3.766207599999999900e+01 -1.960326406250000000e+02 7.307271199999999600e+01
1.353668962788378100e-02 2.115863593749999700e+02 1.107921240000000000e+02 4.081355312499999900e+02 3.769865200000000300e+01 -1.965491718750000100e+02 7.309347200000000600e+01
1.357019631708352600e-02 2.115885156249999900e+02 1.108049680000000000e+02 4.083509374999999900e+02 3.770810399999999900e+01 -1.967624218750000000e+02 7.309686399999999700e+01
1.364558782332982900e-02 2.116027500000000100e+02 1.108725120000000000e+02 4.088954687500000200e+02 3.775340800000000000e+01 -1.972927187500000100e+02 7.311910399999999300e+01
1.381521609239962400e-02 2.116007031250000200e+02 1.110244560000000000e+02 4.101236875000000200e+02 3.784870399999999800e+01 -1.985229843749999900e+02 7.317575200000000300e+01
1.382118034129905600e-02 2.116003125000000000e+02 1.110296559999999900e+02 4.101649062500000000e+02 3.785197600000000100e+01 -1.985645937500000000e+02 7.317767999999999500e+01
1.383459815466651600e-02 2.117539531250000400e+02 1.110071720000000000e+02 4.103781875000000200e+02 3.782950000000000300e+01 -1.986242343749999900e+02 7.317767200000000100e+01
1.386478852585267300e-02 2.115665781250000100e+02 1.110019920000000000e+02 4.103853437500000000e+02 3.782315200000000000e+01 -1.988187656250000000e+02 7.317883999999999400e+01
1.393271598769340600e-02 2.115457968750000100e+02 1.110783840000000000e+02 4.106794375000000100e+02 3.788756000000000100e+01 -1.991336406250000000e+02 7.319082400000000600e+01
1.408555423238193200e-02 2.116067812499999800e+02 1.112197280000000000e+02 4.118475624999999800e+02 3.797668000000000200e+01 -2.002407812500000000e+02 7.324304800000000200e+01
1.413283971057561300e-02 2.116036718750000000e+02 1.112589800000000100e+02 4.121805937500000100e+02 3.800072399999999800e+01 -2.005769218750000100e+02 7.325825600000000300e+01
1.415943662762205200e-02 2.115966718750000000e+02 1.112777080000000000e+02 4.123484687499999900e+02 3.801223600000000100e+01 -2.007517968750000000e+02 7.326547200000000300e+01
1.416623694264990800e-02 2.115938593749999900e+02 1.112821520000000000e+02 4.123899687499999800e+02 3.801485600000000200e+01 -2.007961093749999900e+02 7.326729600000000200e+01
1.418153881590008400e-02 2.116649375000000100e+02 1.112735759999999900e+02 4.125313125000000100e+02 3.800251200000000300e+01 -2.008663750000000100e+02 7.327106399999999600e+01
1.421596541072859400e-02 2.117788437500000200e+02 1.111876200000000000e+02 4.128627812500000100e+02 3.791086000000000000e+01 -2.010839374999999900e+02 7.327675999999999600e+01
1.423533117087041700e-02 2.117558437500000300e+02 1.111718119999999900e+02 4.129652187500000200e+02 3.788530800000000200e+01 -2.012093749999999900e+02 7.328650399999999400e+01
1.424622448372753500e-02 2.120087343749999900e+02 1.111158959999999900e+02 4.133024375000000000e+02 3.782098400000000300e+01 -2.012937031250000100e+02 7.329491199999999700e+01
1.427073356432792500e-02 2.118323124999999700e+02 1.110536080000000000e+02 4.134449062499999700e+02 3.773528799999999700e+01 -2.016125937500000000e+02 7.331832000000000000e+01
1.430106366801465800e-02 2.113207343750000300e+02 1.110707960000000000e+02 4.132447812500000200e+02 3.773292399999999700e+01 -2.019240468749999900e+02 7.333787200000000400e+01
1.433208428314171900e-02 2.113869374999999900e+02 1.110144560000000000e+02 4.135467812499999800e+02 3.765476799999999700e+01 -2.021598437499999900e+02 7.335968800000000600e+01
1.440187833830259400e-02 2.114201406250000200e+02 1.110740920000000100e+02 4.138650000000000100e+02 3.765158000000000300e+01 -2.024448593749999900e+02 7.342251199999999800e+01
1.455891554463331800e-02 2.115913906250000000e+02 1.111977919999999900e+02 4.144160625000000100e+02 3.768869600000000000e+01 -2.028246718750000100e+02 7.350909600000000000e+01
1.491225013220557800e-02 2.116037343750000200e+02 1.114120040000000000e+02 4.154322812500000200e+02 3.779646000000000300e+01 -2.038285468750000000e+02 7.361554400000000000e+01
1.570725120758690100e-02 2.115990000000000200e+02 1.119012239999999800e+02 4.179964687500000200e+02 3.804801599999999700e+01 -2.063974687500000000e+02 7.385320799999999500e+01
1.595320486178182900e-02 2.116043281249999900e+02 1.120360840000000000e+02 4.188096562499999900e+02 3.810718000000000000e+01 -2.072053281249999900e+02 7.392890400000000300e+01
1.609155401059850600e-02 2.115965000000000200e+02 1.121116600000000000e+02 4.193050937500000300e+02 3.814061999999999800e+01 -2.077085937500000100e+02 7.397104000000000200e+01
1.616937569791726500e-02 2.115971250000000100e+02 1.121530999999999900e+02 4.195898750000000100e+02 3.815897199999999900e+01 -2.079927500000000000e+02 7.399412800000000300e+01
1.621314923259656000e-02 2.115979062499999700e+02 1.121757640000000000e+02 4.197429062499999800e+02 3.816948399999999700e+01 -2.081450000000000100e+02 7.400628000000000400e+01
1.623777242807241900e-02 2.115972812500000100e+02 1.121876280000000000e+02 4.198170625000000200e+02 3.817566800000000200e+01 -2.082197812500000100e+02 7.401196000000000200e+01
1.624406854166070600e-02 2.115977500000000200e+02 1.121900799999999900e+02 4.198327187500000300e+02 3.817711200000000100e+01 -2.082349687500000100e+02 7.401296800000000100e+01
1.625185979300511700e-02 2.116407968749999800e+02 1.121850320000000100e+02 4.198768437499999800e+02 3.817325600000000200e+01 -2.082360468750000000e+02 7.401177599999999800e+01
1.625385098113827500e-02 2.116729999999999700e+02 1.121807319999999900e+02 4.199027812499999800e+02 3.817014799999999800e+01 -2.082297812500000000e+02 7.401058399999999400e+01
1.625833406553163800e-02 2.125313906250000000e+02 1.120644000000000100e+02 4.205734375000000100e+02 3.808019999999999800e+01 -2.080420468750000100e+02 7.398420000000000100e+01
1.626085507272946200e-02 2.131547656249999800e+02 1.119647720000000000e+02 4.211017812499999900e+02 3.799629199999999700e+01 -2.079470156250000100e+02 7.396848000000000000e+01
1.626652704781519600e-02 2.132823593750000000e+02 1.118612359999999900e+02 4.212436250000000100e+02 3.791189200000000200e+01 -2.079612656250000100e+02 7.394934399999999600e+01
1.626971760657826600e-02 2.130078437500000100e+02 1.118432799999999900e+02 4.210091875000000000e+02 3.790331200000000000e+01 -2.080013437499999900e+02 7.393996799999999300e+01
1.627689752823267500e-02 2.125973124999999900e+02 1.117861959999999900e+02 4.207261874999999800e+02 3.785757199999999800e+01 -2.081288749999999900e+02 7.392862399999999900e+01
1.629305060529883900e-02 2.119598281250000000e+02 1.118100000000000000e+02 4.203955937499999900e+02 3.786267999999999700e+01 -2.084357656249999900e+02 7.394732000000000500e+01
1.631304050394321400e-02 2.115283281250000300e+02 1.118680320000000000e+02 4.201984687500000200e+02 3.789563199999999900e+01 -2.086701406249999900e+02 7.397239999999999300e+01
1.632428431248926900e-02 2.112662656250000200e+02 1.118855600000000000e+02 4.200539062500000100e+02 3.790561600000000200e+01 -2.087876406249999900e+02 7.397994400000000300e+01
1.633578429728637500e-02 2.110810468750000000e+02 1.118761519999999900e+02 4.199743125000000000e+02 3.789496799999999900e+01 -2.088932656250000000e+02 7.398118399999999900e+01
1.636165926307985700e-02 2.107438281250000200e+02 1.118726600000000000e+02 4.198198750000000200e+02 3.788713200000000100e+01 -2.090760468750000000e+02 7.398552800000000200e+01
1.641987648056831800e-02 2.113175000000000000e+02 1.119969680000000100e+02 4.202388750000000100e+02 3.797823199999999800e+01 -2.089213750000000100e+02 7.401873600000000400e+01
1.649192139342591300e-02 2.117431718749999700e+02 1.120631840000000100e+02 4.206849062499999800e+02 3.801717599999999900e+01 -2.089417343750000100e+02 7.404600800000000000e+01
1.656560350541521100e-02 2.115938124999999800e+02 1.121443160000000000e+02 4.206784999999999900e+02 3.807704400000000100e+01 -2.090846875000000000e+02 7.406727200000000300e+01
1.665678478422618800e-02 2.116121250000000200e+02 1.122052600000000000e+02 4.208429687500000100e+02 3.812654800000000000e+01 -2.092308437499999900e+02 7.407871199999999600e+01
1.670807476299877900e-02 2.116249843750000300e+02 1.122325679999999900e+02 4.209568437500000200e+02 3.814975199999999900e+01 -2.093318593749999900e+02 7.408281599999999400e+01
1.676052917927612800e-02 2.116970000000000000e+02 1.122230760000000100e+02 4.211704687500000000e+02 3.813997200000000000e+01 -2.094734687499999900e+02 7.408310400000000600e+01
1.687855423588455900e-02 2.115767500000000000e+02 1.123095680000000000e+02 4.213348437500000000e+02 3.820008000000000000e+01 -2.097580937500000000e+02 7.410948799999999900e+01
1.694494231134398600e-02 2.115890468749999800e+02 1.123566000000000000e+02 4.214552812499999800e+02 3.823353600000000100e+01 -2.098662343750000000e+02 7.412306399999999900e+01
1.698228582212194300e-02 2.116041874999999900e+02 1.123803640000000100e+02 4.215267499999999900e+02 3.824942800000000200e+01 -2.099225625000000000e+02 7.413093600000000500e+01
1.700329227470798500e-02 2.116243906249999900e+02 1.123919600000000100e+02 4.215802499999999800e+02 3.825618399999999800e+01 -2.099558593749999900e+02 7.413577600000000700e+01
1.701510782206888000e-02 2.116428437500000000e+02 1.123970040000000000e+02 4.216214062500000100e+02 3.825815600000000000e+01 -2.099785625000000100e+02 7.413884799999999600e+01
1.702972966381627300e-02 2.117300625000000300e+02 1.123923320000000100e+02 4.217540312500000300e+02 3.824840400000000100e+01 -2.100239687499999900e+02 7.414392800000000200e+01
1.704468337025252500e-02 2.120053437499999800e+02 1.123365760000000100e+02 4.221542499999999900e+02 3.818663200000000300e+01 -2.101489062500000100e+02 7.414994400000000500e+01
1.707833095639034500e-02 2.116226250000000000e+02 1.123686680000000000e+02 4.219369062499999900e+02 3.820609199999999800e+01 -2.103142812499999900e+02 7.416257600000000100e+01
1.715403686076293800e-02 2.114579687499999900e+02 1.124364239999999900e+02 4.219586562499999900e+02 3.825412800000000100e+01 -2.105006875000000000e+02 7.418229599999999400e+01
1.724772400908418000e-02 2.115823437500000100e+02 1.124975599999999900e+02 4.221956562500000100e+02 3.829909599999999900e+01 -2.106133125000000100e+02 7.419846400000000100e+01
1.730042179280003000e-02 2.116497656249999900e+02 1.125200200000000000e+02 4.223314062499999900e+02 3.831418800000000100e+01 -2.106816406250000000e+02 7.420583200000000100e+01
1.731389666360522200e-02 2.117218124999999700e+02 1.125171440000000000e+02 4.224273749999999800e+02 3.831046400000000300e+01 -2.107055625000000100e+02 7.420668000000000600e+01
1.734421279404189900e-02 2.116375312500000200e+02 1.125329199999999900e+02 4.224250000000000100e+02 3.832064799999999800e+01 -2.107874687499999900e+02 7.421227199999999900e+01
1.741242554307129800e-02 2.116303437500000100e+02 1.125529680000000100e+02 4.225767812500000100e+02 3.832961600000000100e+01 -2.109464375000000000e+02 7.422335200000000600e+01
1.742201817923558600e-02 2.116521093750000100e+02 1.125526280000000000e+02 4.226219062499999900e+02 3.832754800000000000e+01 -2.109697968749999900e+02 7.422508000000000500e+01
1.744360102838649400e-02 2.118372343750000100e+02 1.125104800000000000e+02 4.229187812499999900e+02 3.827976799999999700e+01 -2.110815468749999900e+02 7.423071199999999700e+01
1.749216273008540000e-02 2.115001718750000100e+02 1.125573760000000000e+02 4.227544374999999900e+02 3.831247200000000000e+01 -2.112542656249999900e+02 7.424490400000000500e+01
1.760142539447043900e-02 2.115537812500000100e+02 1.126350320000000100e+02 4.230056875000000200e+02 3.836500800000000300e+01 -2.114519062500000100e+02 7.427002400000000600e+01
1.766288557040968100e-02 2.116148437500000100e+02 1.126715200000000200e+02 4.231803125000000100e+02 3.838579200000000200e+01 -2.115654687500000100e+02 7.428572800000000600e+01
1.773202870500539100e-02 2.118014218750000200e+02 1.125556400000000000e+02 4.240360312500000100e+02 3.821037599999999700e+01 -2.122346093749999900e+02 7.434526400000000000e+01
1.776660085452199500e-02 2.112236718750000100e+02 1.125921040000000100e+02 4.237000937500000100e+02 3.823035200000000300e+01 -2.124764218750000000e+02 7.436175199999999600e+01
1.784438644427810800e-02 2.113812656250000000e+02 1.126671240000000000e+02 4.239595937500000100e+02 3.827049999999999800e+01 -2.125783281250000100e+02 7.439662400000000300e+01
1.788814134795732900e-02 2.119402968750000000e+02 1.126633000000000100e+02 4.246573750000000000e+02 3.823330000000000000e+01 -2.127170781250000000e+02 7.443000000000000700e+01
1.798658988123557500e-02 2.115984843750000000e+02 1.127089280000000000e+02 4.247450312500000100e+02 3.822916800000000100e+01 -2.131465468750000100e+02 7.447975999999999900e+01
1.820809733445536600e-02 2.115547500000000100e+02 1.128111120000000100e+02 4.252790625000000100e+02 3.826660799999999800e+01 -2.137243125000000000e+02 7.454450400000000300e+01
1.823924720214545700e-02 2.115718749999999800e+02 1.128256720000000000e+02 4.253567499999999800e+02 3.827399200000000000e+01 -2.137848750000000000e+02 7.455168000000000500e+01
1.825676849327972600e-02 2.115905781250000100e+02 1.128333160000000000e+02 4.254074375000000100e+02 3.827746799999999900e+01 -2.138168593750000100e+02 7.455584799999999700e+01
1.827845148405603900e-02 2.116201093749999700e+02 1.128422960000000000e+02 4.254770312499999800e+02 3.828099999999999900e+01 -2.138569218750000100e+02 7.456129599999999900e+01
1.828399537101624600e-02 2.116275781249999900e+02 1.128445519999999900e+02 4.254949374999999900e+02 3.828184799999999700e+01 -2.138673593750000100e+02 7.456270399999999700e+01
1.829085623679434900e-02 2.116378749999999800e+02 1.128473600000000100e+02 4.255172499999999900e+02 3.828291999999999700e+01 -2.138793750000000100e+02 7.456444000000000500e+01
1.829260987967653100e-02 2.116407656249999700e+02 1.128480920000000100e+02 4.255230624999999800e+02 3.828321199999999900e+01 -2.138822968750000100e+02 7.456488000000000200e+01
1.829478039118542400e-02 2.116435468749999700e+02 1.128491679999999900e+02 4.255291874999999800e+02 3.828375200000000000e+01 -2.138856406250000100e+02 7.456541599999999900e+01
1.829700097350701900e-02 2.116452499999999800e+02 1.128505920000000100e+02 4.255336249999999700e+02 3.828462400000000100e+01 -2.138883750000000000e+02 7.456596799999999800e+01
1.830199641040247700e-02 2.119014531249999900e+02 1.128286440000000000e+02 4.256372812500000000e+02 3.827811599999999700e+01 -2.137358281250000100e+02 7.455052800000000000e+01
1.830817724467779700e-02 2.125666093749999800e+02 1.127708080000000000e+02 4.261064687499999800e+02 3.824861599999999800e+01 -2.135398593749999900e+02 7.452219200000000400e+01
1.831450014032869400e-02 2.127478281250000100e+02 1.127539199999999900e+02 4.263293125000000100e+02 3.823991999999999800e+01 -2.135814843750000000e+02 7.451399999999999600e+01
1.832872374444945500e-02 2.119400781250000100e+02 1.127759320000000100e+02 4.258070000000000200e+02 3.825187600000000300e+01 -2.138669218750000000e+02 7.452405600000000200e+01
1.834632771064655800e-02 2.116691562499999900e+02 1.127917000000000100e+02 4.256941249999999900e+02 3.825982799999999900e+01 -2.140249687500000000e+02 7.453187200000000700e+01
1.835622892274961500e-02 2.115764531249999700e+02 1.127977320000000000e+02 4.256502812499999800e+02 3.826434799999999800e+01 -2.140738281250000100e+02 7.453338399999999800e+01
1.836635603572859800e-02 2.115715625000000300e+02 1.127940519999999900e+02 4.256789375000000200e+02 3.826324400000000000e+01 -2.141073749999999900e+02 7.453080799999999300e+01
1.838914058438442100e-02 2.117508593750000000e+02 1.127152680000000100e+02 4.259163750000000200e+02 3.823420399999999800e+01 -2.141655156250000100e+02 7.448106400000000300e+01
1.844040727440690900e-02 2.110494062500000000e+02 1.127911240000000000e+02 4.254779687500000000e+02 3.827699599999999700e+01 -2.144285625000000000e+02 7.451412799999999900e+01
1.855575645362937700e-02 2.116940468750000300e+02 1.128799400000000000e+02 4.261214375000000100e+02 3.830859600000000100e+01 -2.144273906249999900e+02 7.457134399999999600e+01
1.859144180540054500e-02 2.117124218749999900e+02 1.129015960000000000e+02 4.262192187499999800e+02 3.831739600000000200e+01 -2.145067968749999900e+02 7.458419999999999600e+01
1.861151554354527000e-02 2.117212031250000200e+02 1.129108480000000000e+02 4.262760312500000200e+02 3.832069599999999800e+01 -2.145548281250000000e+02 7.459015200000000300e+01
1.862280709402901900e-02 2.117275000000000200e+02 1.129153719999999900e+02 4.263106250000000200e+02 3.832240399999999900e+01 -2.145831250000000000e+02 7.459296799999999900e+01
1.863435482076381700e-02 2.117687031250000000e+02 1.129211880000000000e+02 4.263739375000000100e+02 3.832615599999999700e+01 -2.146052343750000100e+02 7.459503200000000300e+01
1.866033807924524800e-02 2.117383906249999900e+02 1.129191999999999900e+02 4.264209999999999900e+02 3.832353599999999700e+01 -2.146826093750000000e+02 7.459566399999999900e+01
1.871879982860970300e-02 2.115153593749999700e+02 1.129307520000000000e+02 4.264334687499999700e+02 3.831881599999999800e+01 -2.149181093750000000e+02 7.461193600000000000e+01
1.879114516634353100e-02 2.115084531249999900e+02 1.129703640000000000e+02 4.265652812500000000e+02 3.834266800000000300e+01 -2.150568281250000100e+02 7.462769600000000000e+01
1.883183992826021500e-02 2.115376406250000200e+02 1.129934279999999900e+02 4.266616875000000300e+02 3.835571600000000100e+01 -2.151240468750000000e+02 7.463771199999999300e+01
1.887345925355568900e-02 2.116487187499999700e+02 1.130137680000000000e+02 4.268149062499999800e+02 3.837060799999999700e+01 -2.151661875000000100e+02 7.464315999999999500e+01
1.896710331768925900e-02 2.115683750000000000e+02 1.130563479999999900e+02 4.269489375000000000e+02 3.839142799999999800e+01 -2.153805625000000000e+02 7.466491999999999500e+01
1.917780246198978100e-02 2.116107343749999900e+02 1.131477920000000100e+02 4.274594374999999800e+02 3.842728000000000300e+01 -2.158487031249999900e+02 7.472051199999999900e+01
1.943854214362027200e-02 2.115885937500000300e+02 1.132586839999999900e+02 4.281225937500000200e+02 3.845750799999999700e+01 -2.165339999999999900e+02 7.480117599999999800e+01
1.958520770509601000e-02 2.115987500000000000e+02 1.133231000000000100e+02 4.284268124999999800e+02 3.848488400000000100e+01 -2.168280624999999900e+02 7.483821600000000300e+01
1.962270957937461600e-02 2.116092812500000400e+02 1.133379200000000000e+02 4.285012500000000300e+02 3.849071200000000200e+01 -2.168919687499999900e+02 7.484720799999999500e+01
1.966911474281469700e-02 2.116079843750000000e+02 1.133543760000000000e+02 4.285765000000000100e+02 3.849610400000000300e+01 -2.169685156250000100e+02 7.485827199999999900e+01
1.969521910279661800e-02 2.115963750000000200e+02 1.133633360000000000e+02 4.286136250000000100e+02 3.849865599999999700e+01 -2.170172499999999900e+02 7.486468000000000700e+01
1.970990033085675400e-02 2.115940468750000000e+02 1.133687080000000000e+02 4.286350312500000000e+02 3.850016399999999800e+01 -2.170409843749999900e+02 7.486854400000000000e+01
1.972491924579327200e-02 2.116084843749999900e+02 1.133746360000000100e+02 4.286598750000000000e+02 3.850182000000000200e+01 -2.170513906250000100e+02 7.487281600000000000e+01
1.973336607545286800e-02 2.116444531249999800e+02 1.133774320000000000e+02 4.286819062500000000e+02 3.850187199999999900e+01 -2.170374531250000100e+02 7.487555999999999300e+01
1.975237202440571400e-02 2.123446718749999900e+02 1.132819960000000100e+02 4.290501562499999900e+02 3.844034800000000000e+01 -2.167054843750000000e+02 7.484164800000000600e+01
1.979513482733087300e-02 2.114723593750000200e+02 1.133079280000000000e+02 4.284747187500000200e+02 3.844143199999999900e+01 -2.170023593750000000e+02 7.486649599999999800e+01
1.980836283738505300e-02 2.113720312499999600e+02 1.133085120000000100e+02 4.283773749999999700e+02 3.843858399999999900e+01 -2.170053437500000100e+02 7.486992800000000200e+01
1.982189360119047900e-02 2.116800156249999800e+02 1.132471640000000000e+02 4.284739999999999900e+02 3.839016399999999900e+01 -2.167939843750000100e+02 7.485699999999999900e+01
1.985233665531517500e-02 2.113052187499999900e+02 1.132609080000000000e+02 4.282170625000000000e+02 3.839052399999999900e+01 -2.169118437500000000e+02 7.487038400000000100e+01
1.992083585597074400e-02 2.113870468750000100e+02 1.133403240000000000e+02 4.282315937500000000e+02 3.843763599999999800e+01 -2.168445468749999900e+02 7.490268799999999800e+01
2.007495614635202200e-02 2.116795624999999700e+02 1.134226240000000100e+02 4.286438749999999800e+02 3.846457600000000100e+01 -2.169643125000000100e+02 7.495804800000000500e+01
2.042172796414739800e-02 2.115942656249999900e+02 1.135459400000000000e+02 4.291320000000000100e+02 3.847453999999999800e+01 -2.175377343750000100e+02 7.507139999999999700e+01
2.120196164309323300e-02 2.115985312500000100e+02 1.138165280000000100e+02 4.304104687500000100e+02 3.850430399999999800e+01 -2.188119375000000000e+02 7.531222400000000100e+01
2.295749091403388400e-02 2.115972812499999800e+02 1.143014160000000000e+02 4.328109687499999700e+02 3.841423199999999800e+01 -2.212136874999999900e+02 7.588718400000000500e+01
2.394497350895361300e-02 2.115977031250000100e+02 1.145366680000000100e+02 4.336286562500000100e+02 3.833674800000000000e+01 -2.220309531250000000e+02 7.619992000000000600e+01
2.450043348747877800e-02 2.115978593749999800e+02 1.146720760000000000e+02 4.341285624999999900e+02 3.829674800000000100e+01 -2.225307031250000000e+02 7.637532799999999600e+01
2.467227884555765700e-02 2.115977499999999900e+02 1.147145640000000000e+02 4.342828749999999900e+02 3.828498799999999800e+01 -2.226851250000000000e+02 7.642957599999999700e+01
2.471621773036263000e-02 2.115969531250000300e+02 1.147247880000000000e+02 4.343134687500000300e+02 3.828141200000000300e+01 -2.227165156250000000e+02 7.644337600000000100e+01
2.474093175196385600e-02 2.115998749999999700e+02 1.147288079999999900e+02 4.343213437499999800e+02 3.827796000000000000e+01 -2.227214687500000100e+02 7.645084799999999300e+01
2.474857977749518300e-02 2.116044687500000000e+02 1.147291280000000000e+02 4.343203125000000000e+02 3.827612800000000000e+01 -2.227158437500000000e+02 7.645300000000000300e+01
2.475287888076279500e-02 2.116193125000000100e+02 1.147283280000000000e+02 4.343261875000000000e+02 3.827429600000000000e+01 -2.227068750000000000e+02 7.645403199999999800e+01
2.475529858189770600e-02 2.116455937499999900e+02 1.147263959999999900e+02 4.343430937499999800e+02 3.827190800000000300e+01 -2.226974999999999900e+02 7.645448799999999800e+01
2.475777417603284400e-02 2.117115781249999900e+02 1.147203600000000000e+02 4.343732812499999900e+02 3.826804800000000000e+01 -2.226617031250000000e+02 7.645231200000000600e+01
2.475916451441353600e-02 2.117775937500000200e+02 1.147136440000000200e+02 4.343962812500000200e+02 3.826514800000000300e+01 -2.226186874999999900e+02 7.644849600000000600e+01
2.476229685130136900e-02 2.121265625000000300e+02 1.146748159999999900e+02 4.345090625000000300e+02 3.825162400000000000e+01 -2.223824999999999900e+02 7.642319200000000000e+01
2.476617209931724100e-02 2.135854218750000400e+02 1.144989919999999900e+02 4.350193750000000300e+02 3.819412799999999900e+01 -2.214339531249999900e+02 7.630486399999999500e+01
2.477013584458347800e-02 2.151891718750000300e+02 1.142572519999999900e+02 4.358134687500000300e+02 3.807203599999999700e+01 -2.206242968750000000e+02 7.618521599999999700e+01
2.477905310699500500e-02 2.140895781250000000e+02 1.140455120000000000e+02 4.351796875000000000e+02 3.789213600000000100e+01 -2.210901093750000000e+02 7.615337599999999400e+01
2.479911636520218100e-02 2.121004687500000300e+02 1.142227280000000000e+02 4.340916250000000200e+02 3.797111999999999900e+01 -2.219911562499999900e+02 7.625160800000000400e+01
2.484426160726209800e-02 2.108229374999999900e+02 1.143615640000000000e+02 4.336255312499999900e+02 3.798765199999999700e+01 -2.228025937500000000e+02 7.637391200000000400e+01
2.490012898986592900e-02 2.107195937500000300e+02 1.144377400000000100e+02 4.335985937500000200e+02 3.799906000000000000e+01 -2.228789999999999900e+02 7.643868000000000500e+01
2.493155482924465000e-02 2.112036406250000200e+02 1.144722400000000000e+02 4.338474062500000100e+02 3.801594399999999800e+01 -2.226437656249999900e+02 7.645629599999999500e+01
2.496369330437629000e-02 2.118341406249999700e+02 1.144731800000000100e+02 4.342133124999999700e+02 3.800649200000000100e+01 -2.223791718750000000e+02 7.646668800000000500e+01
2.503600720229748700e-02 2.118290156249999800e+02 1.145238840000000100e+02 4.340696874999999900e+02 3.803577200000000100e+01 -2.222406718750000000e+02 7.648811200000000100e+01
2.507668333321409400e-02 2.118964531249999900e+02 1.144861160000000000e+02 4.340635937500000000e+02 3.799828399999999800e+01 -2.221671406250000000e+02 7.648783199999999700e+01
2.516820346333896100e-02 2.115209531250000100e+02 1.144675920000000000e+02 4.336567812499999900e+02 3.796243200000000000e+01 -2.221358281249999900e+02 7.650516000000000400e+01
2.537412724943242600e-02 2.115997500000000300e+02 1.146214200000000000e+02 4.335558750000000100e+02 3.802923599999999700e+01 -2.219561249999999900e+02 7.659218400000000300e+01
2.562895741072621100e-02 2.116176093749999700e+02 1.147354000000000000e+02 4.337557812499999800e+02 3.804670399999999800e+01 -2.221381718750000100e+02 7.668869599999999300e+01
2.588957948416872200e-02 2.115875624999999900e+02 1.148085360000000000e+02 4.338447812499999800e+02 3.803198400000000100e+01 -2.222572187499999900e+02 7.677655199999999500e+01
2.621209839761475700e-02 2.115983593750000000e+02 1.149112640000000200e+02 4.341999999999999900e+02 3.803133600000000300e+01 -2.226016406249999900e+02 7.687992800000000700e+01
2.639351543198284100e-02 2.115985937499999900e+02 1.149636520000000000e+02 4.343687812499999800e+02 3.802783600000000100e+01 -2.227701874999999900e+02 7.693581600000000300e+01
2.649556440602583400e-02 2.115966249999999900e+02 1.149906680000000000e+02 4.344441875000000000e+02 3.802373200000000300e+01 -2.228475625000000100e+02 7.696693600000000400e+01
2.652165479275770200e-02 2.115956093750000100e+02 1.149968640000000200e+02 4.344582500000000200e+02 3.802197600000000200e+01 -2.228626406250000100e+02 7.697488800000000700e+01
2.655394464476495600e-02 2.115950937499999900e+02 1.150006400000000000e+02 4.344503125000000000e+02 3.801617600000000200e+01 -2.228552187500000100e+02 7.698446400000000300e+01
2.658696576352521200e-02 2.118051718750000100e+02 1.149412360000000000e+02 4.345485937500000100e+02 3.795903599999999800e+01 -2.227434218750000000e+02 7.698220000000000600e+01
2.666126619182954800e-02 2.115449531250000300e+02 1.149371280000000000e+02 4.342370000000000200e+02 3.793460799999999700e+01 -2.226920468749999900e+02 7.700252000000000400e+01
2.682843982663929100e-02 2.115985312499999800e+02 1.150257080000000100e+02 4.343062499999999800e+02 3.795934799999999900e+01 -2.227077187500000000e+02 7.706636000000000300e+01
2.692247747064946800e-02 2.116312656250000000e+02 1.150476360000000000e+02 4.343587499999999900e+02 3.795229200000000000e+01 -2.227274843749999900e+02 7.709534399999999700e+01
2.713405809414110400e-02 2.115943906250000200e+02 1.151068479999999900e+02 4.345305312500000200e+02 3.794868799999999700e+01 -2.229361406250000100e+02 7.715815999999999500e+01
2.761011507921603400e-02 2.115987812499999700e+02 1.152264639999999900e+02 4.347236562499999800e+02 3.792003199999999900e+01 -2.231248750000000000e+02 7.730643200000000100e+01
2.868124154897836600e-02 2.115971562499999800e+02 1.155220119999999900e+02 4.353372187499999800e+02 3.789209199999999800e+01 -2.237400624999999900e+02 7.762991999999999800e+01
2.928375178932125100e-02 2.115980781250000300e+02 1.156844000000000000e+02 4.356451875000000200e+02 3.787627200000000000e+01 -2.240471093749999900e+02 7.780812799999999600e+01
2.962266132508442300e-02 2.115919843750000100e+02 1.157683360000000100e+02 4.357081875000000100e+02 3.785799999999999700e+01 -2.241162031250000000e+02 7.791033600000000100e+01
2.963457584963322500e-02 2.115921250000000100e+02 1.157718040000000000e+02 4.357132187500000100e+02 3.785783599999999900e+01 -2.241210937500000000e+02 7.791396799999999700e+01
2.964932228619362700e-02 2.115934218750000200e+02 1.157762800000000100e+02 4.357193437500000100e+02 3.785772800000000200e+01 -2.241259218749999900e+02 7.791855200000000500e+01
2.965309040595905800e-02 2.115942812499999900e+02 1.157774639999999900e+02 4.357209687500000000e+02 3.785772000000000000e+01 -2.241266875000000000e+02 7.791974399999999400e+01
2.965775747147817600e-02 2.115972812500000100e+02 1.157790919999999900e+02 4.357234687499999900e+02 3.785777999999999800e+01 -2.241261874999999900e+02 7.792131200000000000e+01
2.966038211361392600e-02 2.116007656249999800e+02 1.157801839999999900e+02 4.357254062499999900e+02 3.785788000000000200e+01 -2.241246406250000100e+02 7.792230399999999700e+01
2.966306497762491800e-02 2.116098749999999900e+02 1.157818080000000100e+02 4.357287499999999900e+02 3.785814400000000300e+01 -2.241188750000000000e+02 7.792366400000000200e+01
2.966910375052465200e-02 2.121692031250000000e+02 1.157531840000000000e+02 4.358456562499999900e+02 3.786170400000000300e+01 -2.236764531249999900e+02 7.789148000000000100e+01
2.968269040733030300e-02 2.125105781249999900e+02 1.157230200000000100e+02 4.361656562499999800e+02 3.784151599999999900e+01 -2.236550781249999900e+02 7.788150400000000700e+01
2.971326154958052100e-02 2.115882499999999900e+02 1.157522119999999900e+02 4.356430624999999800e+02 3.784492399999999900e+01 -2.240548125000000000e+02 7.790728799999999400e+01
2.975109412411048500e-02 2.113102812499999700e+02 1.157596000000000100e+02 4.354602812499999800e+02 3.784011199999999800e+01 -2.241500000000000100e+02 7.791948800000000100e+01
2.978978372464395600e-02 2.113285000000000200e+02 1.157729400000000100e+02 4.354270312500000300e+02 3.783794000000000300e+01 -2.240985312500000100e+02 7.793500000000000200e+01
2.980175414219298600e-02 2.113933437499999900e+02 1.157783440000000000e+02 4.354541562499999800e+02 3.783945599999999800e+01 -2.240608125000000000e+02 7.793888800000000600e+01
2.981399703811813500e-02 2.118047031249999700e+02 1.157656080000000000e+02 4.356508124999999700e+02 3.783711999999999900e+01 -2.238461093750000000e+02 7.792848800000000200e+01
2.984154064285595200e-02 2.116774531249999700e+02 1.157649880000000000e+02 4.355791562499999800e+02 3.783433200000000300e+01 -2.239017031250000100e+02 7.793065599999999900e+01
2.990351899348481600e-02 2.115335000000000000e+02 1.157732599999999900e+02 4.354735312500000100e+02 3.783012399999999800e+01 -2.239400312500000000e+02 7.794313599999999600e+01
2.993837992350260500e-02 2.115540937499999900e+02 1.157813320000000100e+02 4.354963124999999900e+02 3.782902000000000000e+01 -2.239422187499999900e+02 7.795231200000000600e+01
2.998152000417931100e-02 2.116127656250000100e+02 1.157954760000000100e+02 4.355451875000000000e+02 3.782974800000000200e+01 -2.239324218749999900e+02 7.796572799999999900e+01
3.002564287011003400e-02 2.116888124999999800e+02 1.158078319999999900e+02 4.355724062499999700e+02 3.783019199999999700e+01 -2.238835937499999900e+02 7.797763999999999400e+01
3.012491582514165500e-02 2.115768281249999900e+02 1.158306600000000100e+02 4.355223125000000000e+02 3.782090800000000300e+01 -2.239454843750000100e+02 7.800975200000000600e+01
3.024776631076985000e-02 2.115864374999999900e+02 1.158770240000000100e+02 4.355423437499999900e+02 3.781528000000000100e+01 -2.239559062500000000e+02 7.806174400000000400e+01
3.027917817689851700e-02 2.115894218750000000e+02 1.158886799999999900e+02 4.355435312500000000e+02 3.781353599999999900e+01 -2.239541093750000000e+02 7.807514399999999500e+01
3.029684735159589000e-02 2.115844374999999800e+02 1.158921160000000000e+02 4.355235937499999700e+02 3.780976400000000100e+01 -2.239391562500000000e+02 7.808235200000000000e+01
3.030678466126159000e-02 2.116281718749999900e+02 1.158865480000000000e+02 4.355412499999999900e+02 3.780112400000000200e+01 -2.239130781250000000e+02 7.808542400000000300e+01
3.032914651910318500e-02 2.119297500000000400e+02 1.158343400000000000e+02 4.357945000000000300e+02 3.774909999999999900e+01 -2.238647499999999900e+02 7.808523999999999900e+01
3.037946186368427700e-02 2.115132656250000000e+02 1.158673000000000000e+02 4.353621249999999900e+02 3.776529200000000200e+01 -2.238488593749999900e+02 7.810200799999999800e+01
3.040776235280019700e-02 2.114488749999999900e+02 1.158745840000000000e+02 4.352778437499999900e+02 3.776236000000000100e+01 -2.238289687500000000e+02 7.811222399999999800e+01
3.042368254236540700e-02 2.114849843750000100e+02 1.158661520000000000e+02 4.352824375000000100e+02 3.775006400000000200e+01 -2.237974531250000000e+02 7.811608800000000500e+01
3.045950064001211700e-02 2.115572812499999900e+02 1.158423800000000100e+02 4.352739687499999900e+02 3.771958800000000200e+01 -2.237166875000000100e+02 7.812279200000000400e+01
3.047058375618251500e-02 2.115491718749999800e+02 1.158441960000000100e+02 4.352429999999999900e+02 3.771819599999999900e+01 -2.236938281250000100e+02 7.812600000000000500e+01
3.048191606197893000e-02 2.115901250000000300e+02 1.158393279999999900e+02 4.352573437500000200e+02 3.771008799999999900e+01 -2.236672187499999900e+02 7.812923999999999600e+01
3.050741724333338300e-02 2.115869843749999900e+02 1.158438200000000100e+02 4.352137187500000000e+02 3.770743600000000100e+01 -2.236267343750000100e+02 7.813638400000000700e+01
3.056479140806838900e-02 2.115761406249999900e+02 1.158820320000000000e+02 4.351629062499999900e+02 3.772307200000000200e+01 -2.235867656250000000e+02 7.815895999999999300e+01
3.069388793647216700e-02 2.116225625000000200e+02 1.159327040000000000e+02 4.352043125000000100e+02 3.773149600000000000e+01 -2.235817500000000000e+02 7.820120799999999400e+01
3.098435221428690700e-02 2.115999687499999900e+02 1.160238200000000000e+02 4.353010312499999900e+02 3.773430799999999900e+01 -2.237010625000000100e+02 7.828951200000000200e+01
3.114773676945613000e-02 2.115977812500000000e+02 1.160747440000000100e+02 4.353646249999999900e+02 3.773431200000000300e+01 -2.237668437499999900e+02 7.834043200000000700e+01
3.123964116395757200e-02 2.115998593749999700e+02 1.161028120000000000e+02 4.354005312499999700e+02 3.773385199999999900e+01 -2.238006718750000100e+02 7.836896000000000100e+01
3.129133753141932100e-02 2.116004687500000000e+02 1.161181800000000000e+02 4.354174062500000000e+02 3.773336400000000200e+01 -2.238169374999999900e+02 7.838481600000000100e+01
3.135531172793135800e-02 2.116125156249999900e+02 1.161371599999999900e+02 4.354332499999999900e+02 3.773284000000000300e+01 -2.238207343750000000e+02 7.840431999999999800e+01
3.137166974599835800e-02 2.116615312500000200e+02 1.161457560000000100e+02 4.354579375000000100e+02 3.773519600000000200e+01 -2.237964062499999900e+02 7.841056000000000400e+01
3.140847295777411000e-02 2.116280000000000100e+02 1.161473400000000000e+02 4.354191562500000100e+02 3.773052400000000300e+01 -2.237911562500000000e+02 7.841681599999999700e+01
3.149128076648828600e-02 2.115580156250000200e+02 1.161656320000000000e+02 4.354015625000000100e+02 3.772624799999999800e+01 -2.238435468749999900e+02 7.843938400000000400e+01
3.167759775387644200e-02 2.116012187500000200e+02 1.162214039999999900e+02 4.354933750000000100e+02 3.772580399999999700e+01 -2.238921562500000000e+02 7.849559999999999600e+01
3.186100131862766600e-02 2.116034375000000100e+02 1.162751360000000000e+02 4.355645000000000100e+02 3.772528799999999900e+01 -2.239610625000000000e+02 7.854984799999999700e+01
3.189342624538547800e-02 2.116016718750000200e+02 1.162847680000000100e+02 4.355762500000000200e+02 3.772530400000000100e+01 -2.239745781249999900e+02 7.855946400000000600e+01
3.191166366558517700e-02 2.116030624999999900e+02 1.162903880000000100e+02 4.355851250000000100e+02 3.772550799999999800e+01 -2.239820625000000100e+02 7.856488000000000200e+01
3.193031795441158400e-02 2.116295156249999800e+02 1.162980800000000000e+02 4.356112812499999900e+02 3.772699200000000300e+01 -2.239817656250000100e+02 7.857108800000000300e+01
3.195270077212826500e-02 2.116702812500000200e+02 1.163090680000000000e+02 4.356569062500000200e+02 3.773005200000000100e+01 -2.239866250000000000e+02 7.857901599999999600e+01
3.199466942867516800e-02 2.115963749999999900e+02 1.163151840000000200e+02 4.356208437500000100e+02 3.772663200000000200e+01 -2.240244687500000100e+02 7.858855200000000700e+01
3.208909832368694900e-02 2.115691406249999900e+02 1.163397559999999900e+02 4.356397499999999900e+02 3.772583600000000100e+01 -2.240706093750000000e+02 7.861391999999999300e+01
3.230156391968221100e-02 2.116032499999999700e+02 1.163994039999999900e+02 4.357375937499999700e+02 3.772661999999999700e+01 -2.241343437500000000e+02 7.867278399999999300e+01
3.256449157938416000e-02 2.115963281249999900e+02 1.164744440000000100e+02 4.358344062499999700e+02 3.772800399999999900e+01 -2.242380781249999900e+02 7.874644000000000700e+01
3.271238678686493700e-02 2.115958750000000100e+02 1.165168880000000100e+02 4.358861875000000100e+02 3.772907200000000200e+01 -2.242903125000000000e+02 7.878781600000000700e+01
3.286364488985949600e-02 2.115977187500000100e+02 1.165576640000000000e+02 4.359200000000000200e+02 3.772770400000000300e+01 -2.243222812500000000e+02 7.882996000000000000e+01
3.291044130430116600e-02 2.115946562500000100e+02 1.165680999999999900e+02 4.359141250000000100e+02 3.772509199999999700e+01 -2.243194687500000000e+02 7.884300799999999800e+01
3.295829968574719900e-02 2.115989843749999900e+02 1.165732120000000100e+02 4.358894374999999900e+02 3.771781200000000200e+01 -2.242904531250000000e+02 7.885540000000000300e+01
3.306598220843826700e-02 2.115975000000000000e+02 1.166076920000000000e+02 4.359107187500000000e+02 3.771974000000000200e+01 -2.243132187500000000e+02 7.888795199999999900e+01
3.312655391856136200e-02 2.116006249999999800e+02 1.166249320000000000e+02 4.359273749999999800e+02 3.771991599999999800e+01 -2.243267500000000000e+02 7.890501600000000300e+01
3.326283968411959000e-02 2.115963593749999900e+02 1.166608560000000000e+02 4.359419374999999900e+02 3.771775999999999800e+01 -2.243455781250000000e+02 7.894309599999999700e+01
3.333949926280859600e-02 2.115930625000000000e+02 1.166801760000000000e+02 4.359470312500000100e+02 3.771597599999999800e+01 -2.243539687500000100e+02 7.896420000000000500e+01
3.351198506151509300e-02 2.115983593750000300e+02 1.167156320000000000e+02 4.359063750000000300e+02 3.770274400000000300e+01 -2.243080156250000000e+02 7.901288800000000400e+01
3.372543810051439900e-02 2.115982656249999800e+02 1.167559639999999900e+02 4.358584687499999900e+02 3.768387599999999800e+01 -2.242602031250000000e+02 7.907208799999999400e+01
3.394374218615857400e-02 2.116015468750000300e+02 1.168147759999999900e+02 4.358485625000000100e+02 3.767962399999999700e+01 -2.242470156249999900e+02 7.913515200000000500e+01
3.406653677878653700e-02 2.115994843750000300e+02 1.168487680000000100e+02 4.358555937500000300e+02 3.767941600000000300e+01 -2.242561093749999900e+02 7.916935200000000300e+01
3.434282752329322100e-02 2.115977187499999800e+02 1.169226920000000100e+02 4.358699062499999900e+02 3.767712399999999900e+01 -2.242721875000000000e+02 7.924556800000000600e+01
3.468473665006868700e-02 2.115952343749999900e+02 1.170129479999999900e+02 4.358959375000000000e+02 3.767131599999999700e+01 -2.243007031250000100e+02 7.934163200000000400e+01
3.487705980610644000e-02 2.116013750000000200e+02 1.170556680000000000e+02 4.358527812500000200e+02 3.765887599999999900e+01 -2.242514062500000000e+02 7.939679200000000500e+01
3.498524070804954300e-02 2.115969531249999700e+02 1.170815240000000000e+02 4.358355624999999800e+02 3.765386800000000300e+01 -2.242386093750000100e+02 7.942765599999999900e+01
3.501290075653784600e-02 2.115919687500000100e+02 1.170857680000000000e+02 4.358206562500000100e+02 3.765060799999999800e+01 -2.242286875000000100e+02 7.943515999999999600e+01
3.507513761229276400e-02 2.115902500000000000e+02 1.170862040000000000e+02 4.357764687499999900e+02 3.763520400000000200e+01 -2.241862187499999900e+02 7.945099999999999300e+01
3.521516587999132300e-02 2.115461093750000100e+02 1.171057400000000000e+02 4.356744062500000000e+02 3.763035599999999900e+01 -2.241282968749999900e+02 7.947538400000000500e+01
3.553023472228184600e-02 2.115987656250000000e+02 1.172002080000000000e+02 4.357221250000000100e+02 3.763041599999999700e+01 -2.241233593750000100e+02 7.956979200000000700e+01
3.623913495968550400e-02 2.116001093750000200e+02 1.173887520000000000e+02 4.356898125000000200e+02 3.761609599999999900e+01 -2.240897031250000000e+02 7.977265599999999800e+01
3.783416049384372800e-02 2.115979531250000300e+02 1.178271479999999900e+02 4.358790312500000300e+02 3.763158800000000100e+01 -2.242810781249999900e+02 8.019556000000000000e+01
3.832762116186493700e-02 2.115981093750000400e+02 1.179580560000000000e+02 4.358960312500000200e+02 3.763311999999999800e+01 -2.242979218749999900e+02 8.032493599999999400e+01
3.845379029438172900e-02 2.115987499999999700e+02 1.179912600000000000e+02 4.358932812499999700e+02 3.763304399999999800e+01 -2.242945312500000100e+02 8.035821599999999900e+01
3.852476043142242400e-02 2.116009062499999800e+02 1.180099680000000000e+02 4.358942187499999900e+02 3.763326399999999700e+01 -2.242933125000000100e+02 8.037670400000000400e+01
3.861258696578216000e-02 2.116089687499999700e+02 1.180337720000000000e+02 4.359103749999999900e+02 3.763502799999999800e+01 -2.243014062500000100e+02 8.039874399999999400e+01
3.862493698995774600e-02 2.116188281250000200e+02 1.180378880000000000e+02 4.359216875000000200e+02 3.763620000000000200e+01 -2.243028593750000000e+02 8.040168799999999300e+01
3.863756880800948300e-02 2.117174374999999900e+02 1.180448320000000000e+02 4.360016562500000000e+02 3.764064799999999900e+01 -2.242842187500000100e+02 8.040418400000000100e+01
3.866598806975089100e-02 2.117698749999999800e+02 1.180379879999999800e+02 4.360108437499999900e+02 3.763618799999999700e+01 -2.242409687500000100e+02 8.040179999999999400e+01
3.872993431976281400e-02 2.115181093749999900e+02 1.180454800000000000e+02 4.358302812499999800e+02 3.763150400000000000e+01 -2.243121718749999900e+02 8.041397600000000500e+01
3.887380988897713000e-02 2.115701406250000200e+02 1.180899920000000000e+02 4.358842812500000200e+02 3.763548800000000200e+01 -2.243141406249999900e+02 8.045450400000000000e+01
3.919753283080310000e-02 2.116024843749999900e+02 1.181819120000000100e+02 4.358969374999999800e+02 3.763617599999999900e+01 -2.242944531249999900e+02 8.054573600000000500e+01
3.992590712103651800e-02 2.115980937500000000e+02 1.183747999999999900e+02 4.358800625000000100e+02 3.763670400000000200e+01 -2.242819687500000000e+02 8.073809599999999900e+01
4.015124906695951400e-02 2.115977656249999900e+02 1.184333599999999900e+02 4.358663750000000100e+02 3.763603200000000000e+01 -2.242686093750000100e+02 8.079732799999999300e+01
4.038171453790350600e-02 2.115991406249999900e+02 1.184906479999999900e+02 4.358121562499999900e+02 3.763219999999999700e+01 -2.242130156250000000e+02 8.085844799999999600e+01
4.090025253202743400e-02 2.115984843750000000e+02 1.186239080000000000e+02 4.357619374999999900e+02 3.762917999999999800e+01 -2.241634531249999900e+02 8.099472799999999500e+01
4.206697233430632000e-02 2.115982031250000000e+02 1.189232720000000000e+02 4.356909062500000100e+02 3.762737599999999800e+01 -2.240927031250000100e+02 8.129589599999999900e+01
4.469208490280877900e-02 2.115979375000000000e+02 1.195728280000000200e+02 4.353689062500000100e+02 3.761269200000000300e+01 -2.237709687500000100e+02 8.196013600000000600e+01
4.616871276035705600e-02 2.115982968750000200e+02 1.199429480000000000e+02 4.352593125000000200e+02 3.761921999999999900e+01 -2.236610156250000000e+02 8.232372800000000300e+01
4.799603659009176600e-02 2.115974218750000100e+02 1.203899760000000000e+02 4.351005312500000200e+02 3.763242400000000000e+01 -2.235031093750000100e+02 8.275755200000000400e+01
4.902390886430194100e-02 2.115976406250000000e+02 1.206397159999999900e+02 4.349983750000000100e+02 3.764015599999999800e+01 -2.234007343750000100e+02 8.299956000000000200e+01
4.928671775137839800e-02 2.115987031250000100e+02 1.207033600000000000e+02 4.349785937500000200e+02 3.764285600000000200e+01 -2.233798906250000000e+02 8.306050399999999500e+01
4.943454542148390700e-02 2.115983593750000000e+02 1.207387280000000100e+02 4.349629375000000100e+02 3.764397600000000200e+01 -2.233645781250000100e+02 8.309475200000000000e+01
4.961748321123321500e-02 2.115960937500000200e+02 1.207803960000000000e+02 4.349309375000000300e+02 3.764464400000000000e+01 -2.233348437500000000e+02 8.313575199999999700e+01
4.966426099467481600e-02 2.116008281250000200e+02 1.207916960000000000e+02 4.349342812500000300e+02 3.764585600000000200e+01 -2.233334531250000100e+02 8.314584000000000700e+01
4.967872796623407100e-02 2.116069687500000200e+02 1.207955000000000000e+02 4.349406875000000200e+02 3.764670799999999700e+01 -2.233337187500000000e+02 8.314879200000000000e+01
4.968686971326741900e-02 2.116219062500000200e+02 1.207986720000000100e+02 4.349574375000000300e+02 3.764838400000000000e+01 -2.233355312500000000e+02 8.315028800000000300e+01
4.969519311255151500e-02 2.116880937500000400e+02 1.208052440000000200e+02 4.350299687500000200e+02 3.765406800000000200e+01 -2.233418749999999900e+02 8.315117600000000700e+01
4.971392658312824600e-02 2.121873593750000000e+02 1.207809000000000000e+02 4.354522812500000000e+02 3.764530800000000000e+01 -2.232649218750000000e+02 8.313559200000000300e+01
4.975606990530086200e-02 2.115820937500000100e+02 1.207806400000000100e+02 4.350054062500000200e+02 3.764530400000000300e+01 -2.234233125000000100e+02 8.313533599999999500e+01
4.985089238018925600e-02 2.114371249999999800e+02 1.208098360000000000e+02 4.348688124999999900e+02 3.764916399999999900e+01 -2.234316875000000100e+02 8.316067200000000500e+01
5.006424993531317200e-02 2.116403437500000000e+02 1.208595200000000000e+02 4.349869375000000100e+02 3.766281599999999900e+01 -2.233465937500000100e+02 8.319670399999999700e+01
5.054430094102946300e-02 2.115951093750000200e+02 1.209831360000000000e+02 4.349021875000000300e+02 3.766370400000000300e+01 -2.233070781250000000e+02 8.331943200000000600e+01
5.113835969396272900e-02 2.115987968749999800e+02 1.211284000000000000e+02 4.348444999999999800e+02 3.766812800000000300e+01 -2.232457031250000100e+02 8.346027200000000300e+01
5.174592126420130000e-02 2.115950312499999800e+02 1.212638440000000100e+02 4.348238437499999800e+02 3.767850000000000000e+01 -2.232288125000000000e+02 8.358534400000000600e+01
5.208767901410113500e-02 2.115989687500000100e+02 1.213442160000000000e+02 4.348006250000000300e+02 3.768160000000000300e+01 -2.232016562500000100e+02 8.366261600000000000e+01
5.285662230700072900e-02 2.115944375000000000e+02 1.215214959999999800e+02 4.347450000000000000e+02 3.768811199999999700e+01 -2.231505625000000100e+02 8.383338399999999500e+01
5.458675286708734200e-02 2.115981874999999900e+02 1.219207160000000000e+02 4.345859062499999900e+02 3.769946000000000200e+01 -2.229877187500000000e+02 8.422125599999999700e+01
5.847954662728222600e-02 2.115979843749999800e+02 1.227972680000000000e+02 4.343653749999999700e+02 3.773879600000000100e+01 -2.227673906249999900e+02 8.505847199999999500e+01
6.066924340850122400e-02 2.115979843749999800e+02 1.232844399999999900e+02 4.344870624999999800e+02 3.777938400000000000e+01 -2.228890781250000000e+02 8.550505599999999600e+01
6.559605767293144600e-02 2.115981250000000400e+02 1.243485960000000000e+02 4.351499687500000300e+02 3.789194799999999900e+01 -2.235518437499999900e+02 8.645664800000000100e+01
6.710991026863219500e-02 2.115971875000000200e+02 1.246682040000000000e+02 4.354838437500000100e+02 3.793028400000000000e+01 -2.238866562499999900e+02 8.673792000000000300e+01
6.749697861071762800e-02 2.115982812499999900e+02 1.247493399999999900e+02 4.355766562499999800e+02 3.794035600000000100e+01 -2.239783750000000000e+02 8.680898399999999500e+01
6.836787539378483300e-02 2.115978125000000300e+02 1.249299360000000000e+02 4.357939375000000300e+02 3.796381600000000100e+01 -2.241961249999999900e+02 8.696612000000000400e+01
7.000000223572001900e-02 2.115980312499999900e+02 1.252679280000000000e+02 4.362795625000000000e+02 3.801386399999999800e+01 -2.246815312500000100e+02 8.725406400000000000e+01
