0.000000000000000000e+00 0.000000000000000000e+00 0.000000000000000000e+00 0.000000000000000000e+00 0.000000000000000000e+00 0.000000000000000000e+00 0.000000000000000000e+00
-1.108140399622403300e-07 6.008478124999999200e+02 -4.058196258544922500e-05 2.658038437500000000e+02 -1.326484680175781400e-04 3.350439687499999800e+02 9.206650543212891200e-05
1.399891446112334900e-03 6.008477812500000300e+02 3.049718750000000300e+00 2.638177812500000000e+02 8.239009999999999900e-01 3.370299999999999700e+02 2.225817750000000000e+00
4.024895548507609700e-03 6.008477812500000300e+02 8.729740500000000100e+00 2.595872187499999800e+02 2.321887499999999900e+00 3.412605624999999900e+02 6.407853000000000200e+00
6.608884009163523000e-03 6.008477968750000900e+02 1.426919175000000100e+01 2.549472968750000100e+02 3.705272749999999800e+00 3.459005000000000200e+02 1.056391900000000000e+01
6.816525628247598400e-03 6.008477968749999700e+02 1.470766950000000000e+01 2.546450781250000000e+02 3.803185500000000100e+00 3.462027187499999700e+02 1.090448400000000000e+01
7.073482659858042200e-03 6.008477968749999700e+02 1.524741450000000000e+01 2.542992031249999900e+02 3.920223500000000100e+00 3.465485937500000100e+02 1.132719099999999900e+01
7.336279695115377000e-03 6.008479062500000500e+02 1.579628050000000000e+01 2.539951874999999900e+02 4.034419500000000300e+00 3.468527187500000100e+02 1.176186100000000000e+01
7.365844224694518900e-03 6.008478749999999300e+02 1.585781049999999900e+01 2.539637187500000000e+02 4.046921499999999800e+00 3.468841562499999900e+02 1.181088900000000000e+01
7.402799886668447700e-03 6.008477812500000300e+02 1.593470600000000000e+01 2.539257187499999900e+02 4.062426000000000300e+00 3.469220624999999800e+02 1.187228000000000000e+01
7.485950712769675600e-03 6.008477968750000900e+02 1.610749775000000000e+01 2.538418281250000100e+02 4.097069750000000200e+00 3.470059687500000200e+02 1.201042799999999900e+01
7.673039680390845600e-03 6.008478593749999800e+02 1.649300550000000200e+01 2.537323593749999900e+02 4.167582500000000000e+00 3.471155000000000000e+02 1.232542300000000100e+01
8.093989270878589700e-03 6.008477656249999700e+02 1.734966550000000000e+01 2.537933593749999900e+02 4.303690500000000100e+00 3.470544062500000000e+02 1.304597500000000000e+01
8.614914310885853100e-03 6.008478437500000400e+02 1.840607899999999800e+01 2.538295937499999900e+02 4.476710999999999900e+00 3.470182500000000200e+02 1.392936800000000000e+01
8.907934499224964500e-03 6.008477656249999700e+02 1.899441300000000200e+01 2.539499531250000100e+02 4.567213999999999900e+00 3.468978124999999900e+02 1.442719900000000000e+01
9.072758550719012300e-03 6.008478593749999800e+02 1.932374699999999700e+01 2.540226406250000100e+02 4.618102999999999600e+00 3.468252187499999800e+02 1.470564399999999900e+01
9.241328621160952600e-03 6.008478281249999800e+02 1.965827850000000200e+01 2.541216093749999900e+02 4.667725500000000400e+00 3.467262187499999900e+02 1.499055300000000000e+01
9.430969950408133300e-03 6.008477656249999700e+02 2.002668450000000200e+01 2.543707968750000000e+02 4.715867499999999900e+00 3.464769687500000300e+02 1.531081700000000000e+01
9.506826638549643200e-03 6.008482187500000000e+02 2.017346750000000100e+01 2.545014375000000100e+02 4.734422500000000000e+00 3.463467812499999900e+02 1.543904500000000000e+01
9.649057244378436700e-03 6.008477500000000200e+02 2.045162000000000200e+01 2.546661249999999900e+02 4.772478000000000400e+00 3.461816250000000000e+02 1.567914200000000100e+01
9.969077085259705300e-03 6.008478437500000400e+02 2.107509100000000000e+01 2.550872187500000100e+02 4.855539000000000300e+00 3.457606250000000000e+02 1.621955200000000000e+01
1.068912153168926000e-02 6.008477500000000200e+02 2.244394350000000300e+01 2.564609062499999900e+02 5.028481499999999800e+00 3.443868437500000300e+02 1.741546200000000200e+01
1.091188489608564300e-02 6.008475624999999800e+02 2.284676900000000200e+01 2.570730312499999900e+02 5.082220999999999700e+00 3.437745312500000000e+02 1.776454800000000100e+01
1.113971152643519100e-02 6.008476093750000500e+02 2.324363550000000000e+01 2.578832343749999700e+02 5.134917500000000200e+00 3.429643750000000200e+02 1.810871800000000000e+01
1.165232085806178400e-02 6.008477031249999500e+02 2.409090650000000300e+01 2.603009531249999800e+02 5.247902500000000400e+00 3.405467499999999700e+02 1.884300400000000100e+01
1.280569263643480100e-02 6.008476875000000100e+02 2.581009350000000100e+01 2.671927187499999800e+02 5.484505500000000000e+00 3.336549687500000200e+02 2.032558800000000000e+01
1.540077796445431100e-02 6.008476874999998900e+02 2.896091650000000000e+01 2.859580312499999800e+02 5.887606500000000400e+00 3.148896562499999700e+02 2.307330999999999900e+01
2.123972093026468800e-02 6.008477812500000300e+02 3.388660600000000000e+01 3.309800312500000200e+02 6.445018000000000100e+00 2.698677500000000000e+02 2.744158799999999900e+01
2.561892893683566000e-02 6.008477656249999700e+02 3.628432649999999900e+01 3.609685625000000200e+02 6.788446500000000100e+00 2.398792031250000000e+02 2.949588000000000000e+01
2.705585612399684400e-02 6.008476406249999400e+02 3.683834999999999800e+01 3.692058437499999900e+02 6.897030000000000000e+00 2.316417968750000100e+02 2.994132000000000100e+01
2.751772485067212000e-02 6.008477968749999700e+02 3.699823750000000200e+01 3.718042812499999700e+02 6.931405500000000300e+00 2.290435156250000000e+02 3.006683200000000200e+01
2.808928802570332900e-02 6.008477656249999700e+02 3.718657350000000200e+01 3.749153437499999800e+02 6.973555499999999800e+00 2.259324218749999900e+02 3.021301800000000200e+01
2.841079328942486600e-02 6.008477343749999600e+02 3.728805799999999900e+01 3.766229374999999800e+02 6.996343999999999700e+00 2.242247968750000100e+02 3.029171399999999900e+01
2.859164097803471000e-02 6.008479843750000100e+02 3.734281099999999800e+01 3.775560312499999900e+02 7.008626999999999700e+00 2.232919531249999900e+02 3.033418400000000000e+01
2.869336623845137800e-02 6.008479687499999500e+02 3.737285399999999700e+01 3.780710624999999800e+02 7.015145999999999700e+00 2.227769062500000000e+02 3.035770799999999900e+01
2.879740372104594400e-02 6.008481562499999900e+02 3.740249349999999900e+01 3.785934687500000000e+02 7.020459500000000300e+00 2.222546874999999900e+02 3.038203400000000100e+01
2.882959022922465500e-02 6.008504375000000000e+02 3.741075349999999800e+01 3.787549374999999800e+02 7.021071499999999700e+00 2.220954999999999900e+02 3.038968200000000100e+01
2.883781911194167900e-02 6.008589218750000800e+02 3.741178000000000000e+01 3.787958125000000100e+02 7.020482000000000300e+00 2.220631093750000100e+02 3.039129799999999900e+01
2.884036599807538900e-02 6.008687499999999800e+02 3.741139700000000100e+01 3.788090312499999800e+02 7.019909000000000200e+00 2.220597187500000000e+02 3.039148799999999900e+01
2.884179901263219500e-02 6.008854218750000200e+02 3.741031800000000400e+01 3.788181250000000100e+02 7.019180000000000400e+00 2.220672968750000100e+02 3.039113800000000200e+01
2.884260312778743100e-02 6.009067968749999400e+02 3.740887500000000200e+01 3.788252187499999800e+02 7.018411000000000400e+00 2.220815781249999900e+02 3.039046400000000100e+01
2.884342914491187800e-02 6.009586718749999400e+02 3.740536750000000400e+01 3.788378124999999800e+02 7.016769499999999700e+00 2.221208593750000100e+02 3.038859800000000200e+01
2.884528142573639100e-02 6.013394218749999700e+02 3.737301450000000400e+01 3.789486249999999900e+02 6.999102500000000200e+00 2.223907968750000100e+02 3.037391200000000100e+01
2.884945218644429900e-02 6.009346406250000400e+02 3.738170499999999700e+01 3.788002500000000100e+02 6.998548999999999700e+00 2.221343906250000100e+02 3.038315600000000000e+01
2.885883561582389800e-02 6.007704218750000100e+02 3.739815850000000100e+01 3.788454062500000000e+02 7.003126499999999600e+00 2.219250156249999900e+02 3.039503200000000000e+01
2.887995224299393100e-02 6.007948125000000300e+02 3.741340149999999900e+01 3.790634062500000100e+02 7.006351500000000100e+00 2.217314062499999900e+02 3.040705000000000200e+01
2.892746074306057300e-02 6.008524218750000000e+02 3.743112449999999600e+01 3.793726874999999800e+02 7.010466499999999700e+00 2.214797343749999900e+02 3.042065800000000000e+01
2.903435799706326600e-02 6.008476562500000000e+02 3.746122499999999900e+01 3.798823125000000100e+02 7.018100999999999700e+00 2.209653437499999900e+02 3.044312400000000100e+01
2.927487290750338200e-02 6.008478593749999800e+02 3.753135100000000100e+01 3.810572812500000200e+02 7.036913000000000200e+00 2.197905781250000000e+02 3.049443799999999900e+01
2.981603614927276500e-02 6.008477968750000900e+02 3.768020949999999700e+01 3.835771250000000200e+02 7.079835499999999700e+00 2.172706718750000100e+02 3.060037399999999900e+01
3.012043910389497100e-02 6.008477968750000900e+02 3.775946700000000100e+01 3.849186250000000200e+02 7.104326999999999600e+00 2.159291718750000100e+02 3.065513999999999900e+01
3.029166557031666400e-02 6.008477812500000300e+02 3.780279300000000100e+01 3.856598124999999900e+02 7.117576999999999800e+00 2.151879687500000100e+02 3.068521600000000000e+01
3.038798104433875600e-02 6.008477812500000300e+02 3.782641499999999700e+01 3.860669062499999900e+02 7.124601000000000200e+00 2.147808750000000100e+02 3.070181399999999900e+01
3.041778023787370500e-02 6.008478124999999200e+02 3.783349700000000100e+01 3.861899062499999800e+02 7.126641000000000200e+00 2.146579062500000000e+02 3.070685599999999800e+01
3.043454150202392800e-02 6.008479531250000000e+02 3.783730650000000400e+01 3.862572500000000000e+02 7.127686500000000300e+00 2.145907031250000000e+02 3.070962000000000100e+01
3.044396873534195200e-02 6.008484531249999900e+02 3.783927349999999700e+01 3.862934999999999900e+02 7.128171499999999700e+00 2.145549531250000000e+02 3.071110200000000000e+01
3.044637795195491800e-02 6.008488437500000100e+02 3.783972200000000200e+01 3.863023749999999800e+02 7.128263999999999700e+00 2.145464687500000000e+02 3.071145800000000000e+01
3.044936287747280300e-02 6.008510781249999600e+02 3.784004149999999800e+01 3.863126874999999800e+02 7.128225500000000100e+00 2.145383906250000100e+02 3.071181599999999900e+01
3.045103994254364600e-02 6.008552656250000200e+02 3.783994450000000100e+01 3.863184062500000100e+02 7.128026499999999800e+00 2.145368593750000100e+02 3.071191800000000100e+01
3.045198485607237100e-02 6.008617812500000400e+02 3.783959550000000100e+01 3.863214687500000100e+02 7.127793500000000100e+00 2.145403125000000000e+02 3.071180199999999900e+01
3.045294854271756200e-02 6.008765781250000400e+02 3.783862800000000000e+01 3.863237500000000200e+02 7.127341999999999600e+00 2.145528281249999900e+02 3.071128600000000100e+01
3.045349296309503300e-02 6.008892343750000000e+02 3.783765900000000200e+01 3.863238749999999900e+02 7.126936999999999900e+00 2.145653593750000100e+02 3.071072200000000100e+01
3.045471321566524000e-02 6.010361250000000800e+02 3.782558600000000100e+01 3.863097812500000100e+02 7.122796000000000100e+00 2.147263437500000100e+02 3.070279000000000000e+01
3.045746347722731700e-02 6.011434218750000600e+02 3.779139049999999900e+01 3.862777187500000200e+02 7.106974499999999800e+00 2.148657031250000100e+02 3.068441599999999900e+01
3.046364921910243300e-02 6.008829375000000300e+02 3.780486750000000000e+01 3.862194999999999800e+02 7.110919499999999600e+00 2.146634374999999900e+02 3.069394799999999900e+01
3.047756322725551200e-02 6.007325781250000300e+02 3.782405400000000400e+01 3.862790000000000000e+02 7.116189999999999600e+00 2.144535781250000100e+02 3.070786400000000100e+01
3.050887678551861600e-02 6.008589687500000300e+02 3.783767900000000100e+01 3.865420937499999900e+02 7.120328999999999900e+00 2.143168750000000100e+02 3.071735000000000000e+01
3.057932916275785100e-02 6.008462500000000500e+02 3.785556749999999900e+01 3.868142500000000200e+02 7.127369500000000400e+00 2.140320000000000100e+02 3.072819799999999900e+01
3.073784622933294800e-02 6.008478906249999900e+02 3.789518249999999700e+01 3.874496562499999800e+02 7.141318499999999700e+00 2.133982343749999900e+02 3.075386400000000000e+01
3.109450728248736400e-02 6.008478124999999200e+02 3.798166799999999900e+01 3.889429999999999800e+02 7.167516000000000000e+00 2.119048124999999900e+02 3.081415200000000000e+01
3.189699856315072300e-02 6.008477968749999700e+02 3.816767450000000400e+01 3.922852187500000100e+02 7.221516499999999900e+00 2.085625781249999900e+02 3.094615800000000000e+01
3.289008077986909500e-02 6.008477812500000300e+02 3.838609699999999900e+01 3.963261249999999900e+02 7.285460999999999700e+00 2.045216562500000100e+02 3.110063600000000200e+01
3.390573454028352600e-02 6.008478593749999800e+02 3.859107099999999900e+01 4.003811875000000100e+02 7.339671000000000100e+00 2.004666718750000000e+02 3.125140000000000000e+01
3.619095471900279200e-02 6.008478124999999200e+02 3.899697299999999700e+01 4.085024374999999800e+02 7.471384999999999700e+00 1.923453749999999900e+02 3.152558799999999900e+01
3.747638754957304000e-02 6.008477656249999700e+02 3.918970999999999800e+01 4.127268750000000100e+02 7.540481999999999900e+00 1.881208906249999900e+02 3.164922800000000100e+01
4.036861767606159800e-02 6.008477812500000300e+02 3.956376949999999900e+01 4.216544374999999700e+02 7.666141500000000200e+00 1.791933437500000000e+02 3.189762800000000100e+01
4.687613702508720800e-02 6.008477968749999700e+02 4.023334200000000000e+01 4.383690624999999800e+02 7.947987999999999600e+00 1.624787343749999900e+02 3.228535399999999800e+01
5.053661626780752600e-02 6.008477656249999700e+02 4.053551950000000700e+01 4.457232500000000100e+02 8.111211499999999600e+00 1.551245156249999900e+02 3.242430800000000300e+01
5.877269534614142100e-02 6.008477968749999700e+02 4.111129900000000200e+01 4.585411562499999700e+02 8.440502999999999600e+00 1.423066406250000000e+02 3.267079600000000300e+01
6.314770130347705000e-02 6.008477812500000300e+02 4.138499499999999600e+01 4.641692812499999800e+02 8.602688999999999800e+00 1.366785000000000100e+02 3.278230599999999800e+01
6.450121796975924500e-02 6.008477656249999700e+02 4.146506099999999900e+01 4.657823124999999900e+02 8.649680999999999300e+00 1.350654531250000000e+02 3.281537999999999800e+01
6.526256796569023000e-02 6.008477812500000300e+02 4.150940500000000100e+01 4.666648124999999800e+02 8.675449000000000400e+00 1.341829687499999900e+02 3.283395600000000100e+01
6.569083281389370700e-02 6.008477968749999700e+02 4.153398400000000400e+01 4.671446874999999700e+02 8.689885999999999600e+00 1.337031093750000000e+02 3.284409800000000200e+01
6.593172944436862000e-02 6.008477656249999700e+02 4.154756499999999900e+01 4.674077812500000300e+02 8.697912999999999800e+00 1.334399843749999900e+02 3.284965199999999900e+01
6.606723379901074900e-02 6.008477968749999700e+02 4.155500400000000400e+01 4.675507499999999900e+02 8.702308000000000400e+00 1.332970468750000100e+02 3.285269600000000200e+01
6.620581694475308200e-02 6.008478437500000400e+02 4.156144600000000400e+01 4.676745000000000200e+02 8.706276000000000800e+00 1.331733437499999900e+02 3.285517000000000100e+01
6.651763215152610400e-02 6.008478125000000300e+02 4.157888799999999900e+01 4.679998437500000300e+02 8.716324000000000200e+00 1.328479687500000100e+02 3.286256399999999900e+01
6.721921480233901400e-02 6.008477968749999700e+02 4.161399500000000300e+01 4.686336562500000000e+02 8.736539000000000500e+00 1.322141406250000000e+02 3.287745600000000200e+01
6.879777733109440600e-02 6.008477890624999400e+02 4.169948900000000000e+01 4.702005312499999800e+02 8.786198999999999900e+00 1.306472578124999900e+02 3.291329000000000300e+01
6.954916505988814600e-02 6.008477812500000300e+02 4.173812999999999800e+01 4.708901250000000100e+02 8.808417999999999600e+00 1.299576562500000100e+02 3.292971200000000200e+01
7.000000145178766900e-02 6.008478046875000000e+02 4.176172700000000000e+01 4.713106562500000200e+02 8.822001000000000200e+00 1.295371484375000100e+02 3.293972600000000000e+01
