0.000000000000000000e+00 0.000000000000000000e+00 0.000000000000000000e+00 0.000000000000000000e+00 0.000000000000000000e+00 0.000000000000000000e+00 0.000000000000000000e+00
3.500858158048234800e-08 2.110894921875000100e+02 4.502109527587891700e-06 1.278186484375000000e+02 3.994613647460937800e-05 8.327084374999999700e+01 -3.544402694702148600e-05
1.400034297795433400e-03 2.110894296875000000e+02 2.034948625000000200e+00 1.267986562499999900e+02 8.612822500000000300e-01 8.429077343749999300e+01 1.173666375000000000e+00
2.843783557258565600e-03 2.110894140625000000e+02 4.102870124999999900e+00 1.254562109375000000e+02 1.714316875000000000e+00 8.563320312499999400e+01 2.388553250000000200e+00
3.212924039582880600e-03 2.110892343749999900e+02 4.591092124999999400e+00 1.259251406250000000e+02 1.941235125000000000e+00 8.516409375000000600e+01 2.649856999999999900e+00
3.420565463113659400e-03 2.110892187499999900e+02 4.845460499999999700e+00 1.265268437500000000e+02 2.068836500000000200e+00 8.456237500000000300e+01 2.776624000000000000e+00
3.514004348144131000e-03 2.110893046875000000e+02 4.955911999999999700e+00 1.268472343750000000e+02 2.124632750000000000e+00 8.424207031250000500e+01 2.831279250000000100e+00
3.578243214940148200e-03 2.110889531249999900e+02 5.030094749999999900e+00 1.270840703125000000e+02 2.162244750000000200e+00 8.400488281250000000e+01 2.867849999999999800e+00
3.643942473754482500e-03 2.110892109375000100e+02 5.104096249999999600e+00 1.273470859375000000e+02 2.200136000000000100e+00 8.374212500000000100e+01 2.903960249999999900e+00
3.717853797702338800e-03 2.110893906249999900e+02 5.186061249999999800e+00 1.276595078125000000e+02 2.241953249999999900e+00 8.342988281249999700e+01 2.944107999999999900e+00
3.754809459676266700e-03 2.110892499999999900e+02 5.226544499999999300e+00 1.278224921875000000e+02 2.262531249999999900e+00 8.326675781250000300e+01 2.964013249999999800e+00
3.837959894670901800e-03 2.110894453125000000e+02 5.316203749999999700e+00 1.281992812500000100e+02 2.307759750000000200e+00 8.289016406250000600e+01 3.008443999999999900e+00
3.940858474866611500e-03 2.110896328124999900e+02 5.424752749999999700e+00 1.286964375000000000e+02 2.361545749999999900e+00 8.239319531249999800e+01 3.063206999999999800e+00
4.046095872488547100e-03 2.110895703124999700e+02 5.529676000000000300e+00 1.293125859374999900e+02 2.408901499999999800e+00 8.177698437499999800e+01 3.120774500000000000e+00
4.172380280306958900e-03 2.110888281249999900e+02 5.651746000000000200e+00 1.301235390624999900e+02 2.462524250000000000e+00 8.096528906250000500e+01 3.189221750000000200e+00
4.231576218692649000e-03 2.110893437499999800e+02 5.708770250000000600e+00 1.304915624999999900e+02 2.488738750000000000e+00 8.059778124999999700e+01 3.220031500000000200e+00
4.364767177837101200e-03 2.110897421875000100e+02 5.835325750000000000e+00 1.313551875000000000e+02 2.545764999999999800e+00 7.973455468749999400e+01 3.289560750000000100e+00
4.664446347028877900e-03 2.110892578124999900e+02 6.108919500000000700e+00 1.333547500000000000e+02 2.670206750000000200e+00 7.773450781249999900e+01 3.438712750000000100e+00
4.833016026364223200e-03 2.110895546875000300e+02 6.256212500000000200e+00 1.345459375000000100e+02 2.736749750000000000e+00 7.654361718750000400e+01 3.519462750000000200e+00
4.927836690987814400e-03 2.110895859375000000e+02 6.336862749999999900e+00 1.352423750000000100e+02 2.772215249999999900e+00 7.584721093749999500e+01 3.564647500000000000e+00
4.981173070396963600e-03 2.110896718749999900e+02 6.380542999999999400e+00 1.356581718749999900e+02 2.790351999999999900e+00 7.543150000000000000e+01 3.590190999999999900e+00
5.011174857147095700e-03 2.110848984374999900e+02 6.403527000000000400e+00 1.359215312499999900e+02 2.799111250000000200e+00 7.516336718750000000e+01 3.604415749999999800e+00
5.078678681781598700e-03 2.110899296874999900e+02 6.458420000000000300e+00 1.364461093749999900e+02 2.821903499999999900e+00 7.464382031249999700e+01 3.636516499999999900e+00
5.230562971645765800e-03 2.110892890625000000e+02 6.581358749999999700e+00 1.376227812500000000e+02 2.872403499999999900e+00 7.346650781249999800e+01 3.708955249999999800e+00
5.572301743850306900e-03 2.110895156249999900e+02 6.849593249999999900e+00 1.402973281250000100e+02 2.984973999999999800e+00 7.079218749999999700e+01 3.864619250000000100e+00
6.341214567970415900e-03 2.110894257812499900e+02 7.413165499999999900e+00 1.464601874999999900e+02 3.213709500000000200e+00 6.462923828124999700e+01 4.199455999999999600e+00
7.292744055820575000e-03 2.110892968750000000e+02 8.050105249999999700e+00 1.539141718749999900e+02 3.460709249999999800e+00 5.717512500000000100e+01 4.589395999999999800e+00
8.265899391624869800e-03 2.110894687499999800e+02 8.631512750000000600e+00 1.614447343750000000e+02 3.671067750000000200e+00 4.964473437499999900e+01 4.960445000000000000e+00
1.045549791941805300e-02 2.110895117187500000e+02 9.514343499999999000e+00 1.748102343749999900e+02 4.039819500000000100e+00 3.627927734375000300e+01 5.474523999999999700e+00
1.113290548950355400e-02 2.110894531250000100e+02 9.696475500000000000e+00 1.779454687500000000e+02 4.129563499999999700e+00 3.314398437500000200e+01 5.566912000000000300e+00
1.182570857951647200e-02 2.110895097656250200e+02 9.855268500000001100e+00 1.808262343750000100e+02 4.207555499999999800e+00 3.026327539062500100e+01 5.647713000000000400e+00
1.221540953543555400e-02 2.110895136718750100e+02 9.929686999999999500e+00 1.822462187500000000e+02 4.247272999999999900e+00 2.884329492187500000e+01 5.682413999999999600e+00
1.243461695868824900e-02 2.110894824218750000e+02 9.968332499999998900e+00 1.830041718750000000e+02 4.268431999999999800e+00 2.808531054687500000e+01 5.699900500000000000e+00
1.255792113426789200e-02 2.110897265625000000e+02 9.988725999999999800e+00 1.834254843750000000e+02 4.279773999999999700e+00 2.766424218750000100e+01 5.708952000000000000e+00
1.262727919525987400e-02 2.110905546875000000e+02 9.998539499999999700e+00 1.836746875000000000e+02 4.285574500000000100e+00 2.741586718750000200e+01 5.712964999999999600e+00
1.278333620136491200e-02 2.110893300781250200e+02 1.002413750000000000e+01 1.841914531250000100e+02 4.299396999999999900e+00 2.689787695312499900e+01 5.724740500000000200e+00
1.313446387844135700e-02 2.110894511718750000e+02 1.007939449999999900e+01 1.853246875000000100e+02 4.328476499999999800e+00 2.576476367187499900e+01 5.750918000000000400e+00
1.333197270791361600e-02 2.110894414062499900e+02 1.010903450000000000e+01 1.859447343750000000e+02 4.343696500000000100e+00 2.514470703125000000e+01 5.765337999999999900e+00
1.377636835643938400e-02 2.110894765624999800e+02 1.017192250000000100e+01 1.872715624999999900e+02 4.376604000000000400e+00 2.381791406250000200e+01 5.795318499999999600e+00
1.477625895672895700e-02 2.110895195312500100e+02 1.028710549999999900e+01 1.898086562500000100e+02 4.441077499999999600e+00 2.128086328124999900e+01 5.846027999999999600e+00
1.502232601636350900e-02 2.110913632812499800e+02 1.031127850000000000e+01 1.903657499999999900e+02 4.455314000000000400e+00 2.072561328124999800e+01 5.855964499999999800e+00
1.510141872045561900e-02 2.110894628906250100e+02 1.031873500000000000e+01 1.905383906250000100e+02 4.459690000000000200e+00 2.055107226562499900e+01 5.859045000000000100e+00
1.512588791334097200e-02 2.110893769531250000e+02 1.032087050000000000e+01 1.905900000000000000e+02 4.460926999999999900e+00 2.049937695312500100e+01 5.859943500000000000e+00
1.515091404201477300e-02 2.110893847656250300e+02 1.032256500000000100e+01 1.906398437500000100e+02 4.461823500000000400e+00 2.044954101562500200e+01 5.860741499999999600e+00
1.515865638813008700e-02 2.110933007812500100e+02 1.032232350000000000e+01 1.906576250000000000e+02 4.461468499999999600e+00 2.043567578125000100e+01 5.860854999999999900e+00
1.516499075051054800e-02 2.112930429687500000e+02 1.029388649999999900e+01 1.908167031250000000e+02 4.438081000000000400e+00 2.047633984375000100e+01 5.855805499999999800e+00
1.516657394999907000e-02 2.112331113281250100e+02 1.029087350000000000e+01 1.907794218750000000e+02 4.435143499999999700e+00 2.045368945312500100e+01 5.855730000000000300e+00
1.516954323125323400e-02 2.111406562500000100e+02 1.029510649999999900e+01 1.907280624999999900e+02 4.438046499999999600e+00 2.041259374999999900e+01 5.857059999999999700e+00
1.517622489628829200e-02 2.110617636718749800e+02 1.030143999999999900e+01 1.907035468750000000e+02 4.442109999999999600e+00 2.035821679687499900e+01 5.859329999999999900e+00
1.519125590487102100e-02 2.109873007812500100e+02 1.030543400000000000e+01 1.906982812500000100e+02 4.444191499999999600e+00 2.028901953124999800e+01 5.861242500000000400e+00
1.522507880303490400e-02 2.111016230468750100e+02 1.031029200000000000e+01 1.908662031250000000e+02 4.447067500000000200e+00 2.023541992187500000e+01 5.863224500000000300e+00
1.530118032390364100e-02 2.110860566406250000e+02 1.031103749999999900e+01 1.910297812500000100e+02 4.445426999999999600e+00 2.005627539062500000e+01 5.865610499999999800e+00
1.534398615829587900e-02 2.110887871093750100e+02 1.031475749999999900e+01 1.911136718749999900e+02 4.447751499999999900e+00 1.997511523437500000e+01 5.867005999999999900e+00
1.544030163231797100e-02 2.110901132812500100e+02 1.032179099999999900e+01 1.912959218750000000e+02 4.451495999999999700e+00 1.979419140625000000e+01 5.870294999999999600e+00
1.544300965436800100e-02 2.110905683593750000e+02 1.032190299999999900e+01 1.913015781249999900e+02 4.451518000000000100e+00 1.978899023437499900e+01 5.870384999999999700e+00
1.544639663746350700e-02 2.110908339843750200e+02 1.032201350000000100e+01 1.913085000000000100e+02 4.451517499999999600e+00 1.978233398437500100e+01 5.870496000000000200e+00
1.545401539389542600e-02 2.110913867187500200e+02 1.032223050000000000e+01 1.913243750000000000e+02 4.451476500000000100e+00 1.976701171874999800e+01 5.870753999999999800e+00
1.547115681365406100e-02 2.110925214843750000e+02 1.032226800000000100e+01 1.913625937500000000e+02 4.450915000000000200e+00 1.972992773437500000e+01 5.871353000000000000e+00
1.549237043525916000e-02 2.110934218750000200e+02 1.032055100000000000e+01 1.914210781250000100e+02 4.448359000000000000e+00 1.967234375000000000e+01 5.872192000000000100e+00
1.551406590018685300e-02 2.110900566406249900e+02 1.032001550000000000e+01 1.914784687499999900e+02 4.446691000000000400e+00 1.961158789062500000e+01 5.873324499999999800e+00
1.554009951944426200e-02 2.110812441406249900e+02 1.032051350000000100e+01 1.915447656250000000e+02 4.445716499999999600e+00 1.953647851562499900e+01 5.874797000000000000e+00
1.558891431553157200e-02 2.110889062500000100e+02 1.032326499999999900e+01 1.916564531250000100e+02 4.446538999999999600e+00 1.943245312499999900e+01 5.876725999999999700e+00
1.564932307546220200e-02 2.110948105468750100e+02 1.032104899999999900e+01 1.918214375000000000e+02 4.441592499999999600e+00 1.927337304687500100e+01 5.879456499999999900e+00
1.571110383732112300e-02 2.110960898437500100e+02 1.031370300000000000e+01 1.920334062500000100e+02 4.430772000000000200e+00 1.906268359374999800e+01 5.882931000000000100e+00
1.574585444032363500e-02 2.110783066406249900e+02 1.031908250000000000e+01 1.920922968749999900e+02 4.434291499999999600e+00 1.898600976562499900e+01 5.884790999999999900e+00
1.582404603482544200e-02 2.110899531249999900e+02 1.032593450000000100e+01 1.922288749999999900e+02 4.438948500000000400e+00 1.886107812499999900e+01 5.886986000000000300e+00
1.592080893478994100e-02 2.110899296875000200e+02 1.033363149999999900e+01 1.923931875000000100e+02 4.443797000000000000e+00 1.869674218750000000e+01 5.889834500000000100e+00
1.601976985380718400e-02 2.110927246093750100e+02 1.033503000000000000e+01 1.926259843750000000e+02 4.440370999999999800e+00 1.846674023437499900e+01 5.894658999999999900e+00
1.624243153048938300e-02 2.110894101562499800e+02 1.035372100000000000e+01 1.930327187499999900e+02 4.453229500000000000e+00 1.805669140625000000e+01 5.900491500000000200e+00
1.651797707625261200e-02 2.110891718750000100e+02 1.037468099999999900e+01 1.935356250000000100e+02 4.467353000000000100e+00 1.755354687499999900e+01 5.907327999999999700e+00
1.658842788906547700e-02 2.110895488281250000e+02 1.038002350000000000e+01 1.936593750000000100e+02 4.471007000000000200e+00 1.743017382812500000e+01 5.909016499999999900e+00
1.662805793792243900e-02 2.110896972656250100e+02 1.038286550000000100e+01 1.937301875000000000e+02 4.472883500000000000e+00 1.735950976562499900e+01 5.909982000000000300e+00
1.665034788487151600e-02 2.110901679687499900e+02 1.038435750000000000e+01 1.937718437499999900e+02 4.473816499999999900e+00 1.731832421875000000e+01 5.910541000000000300e+00
1.666288676224355500e-02 2.110904042968750200e+02 1.038511700000000100e+01 1.937958281250000100e+02 4.474247000000000100e+00 1.729457617187500100e+01 5.910870000000000100e+00
1.666994076075516500e-02 2.110908554687500200e+02 1.038548800000000000e+01 1.938100312500000100e+02 4.474430500000000400e+00 1.728082421874999900e+01 5.911057500000000100e+00
1.667390814603470300e-02 2.110913750000000300e+02 1.038565200000000000e+01 1.938184218750000100e+02 4.474486999999999900e+00 1.727295312500000100e+01 5.911164999999999600e+00
1.668283476291366000e-02 2.111048261718750000e+02 1.038463850000000100e+01 1.938533593750000000e+02 4.473185000000000000e+00 1.725146679687500000e+01 5.911453500000000400e+00
1.670291886867813700e-02 2.110840175781249900e+02 1.038708150000000100e+01 1.938753749999999900e+02 4.474888499999999600e+00 1.720864257812500100e+01 5.912193000000000300e+00
1.674811045328775800e-02 2.110886894531250000e+02 1.039098849999999900e+01 1.939598437500000000e+02 4.477707500000000200e+00 1.712884570312499800e+01 5.913280999999999600e+00
1.684979034533963900e-02 2.110894726562500000e+02 1.039847100000000100e+01 1.941379687500000000e+02 4.483152500000000100e+00 1.695150390625000000e+01 5.915318499999999700e+00
1.707856892913657900e-02 2.110894726562500000e+02 1.041540500000000000e+01 1.945198593750000100e+02 4.495347999999999900e+00 1.656961328125000000e+01 5.920056999999999900e+00
1.759332308931926100e-02 2.110894853515625000e+02 1.045255450000000200e+01 1.953460156250000100e+02 4.522359500000000300e+00 1.574346972656250000e+01 5.930195000000000300e+00
1.788287181553878000e-02 2.110895253906250000e+02 1.047228249999999900e+01 1.958094062499999900e+02 4.537001499999999700e+00 1.528011914062500100e+01 5.935280999999999800e+00
1.804574424513368700e-02 2.110895078125000200e+02 1.048238849999999900e+01 1.960551718750000100e+02 4.544859500000000300e+00 1.503433593750000000e+01 5.937528999999999600e+00
1.813735861790774900e-02 2.110895361328125000e+02 1.048763100000000000e+01 1.961879062500000000e+02 4.548898000000000300e+00 1.490162988281250000e+01 5.938733000000000000e+00
1.818889238702969100e-02 2.110898710937499900e+02 1.048972949999999900e+01 1.962608281249999900e+02 4.550428000000000100e+00 1.482904296875000000e+01 5.939301500000000000e+00
1.819613880998506200e-02 2.111027343750000100e+02 1.048830200000000100e+01 1.962819843750000100e+02 4.549166500000000100e+00 1.482075000000000000e+01 5.939135499999999900e+00
1.821244482606101600e-02 2.110901728515625000e+02 1.048390249999999900e+01 1.963049062499999900e+02 4.544802999999999900e+00 1.478526660156249900e+01 5.939099500000000200e+00
1.824913218891213700e-02 2.110778544921875000e+02 1.048872850000000100e+01 1.963479843750000100e+02 4.548623499999999700e+00 1.472987011718750100e+01 5.940105000000000000e+00
1.833167914643375400e-02 2.110910126953125100e+02 1.049399300000000000e+01 1.964663906250000000e+02 4.553066000000000300e+00 1.462462207031249900e+01 5.940927000000000300e+00
1.851740940975079100e-02 2.110895166015625100e+02 1.050454000000000000e+01 1.967121718750000000e+02 4.561289500000000000e+00 1.437734472656250000e+01 5.943250500000000400e+00
1.862188180287678900e-02 2.110894697265625000e+02 1.051033000000000000e+01 1.968552343750000100e+02 4.565828999999999900e+00 1.423423535156250000e+01 5.944500999999999800e+00
1.885694625183666200e-02 2.110894199218749900e+02 1.051728299999999900e+01 1.971516406250000000e+02 4.570363999999999600e+00 1.393777929687500000e+01 5.946919000000000300e+00
1.938584282642274300e-02 2.110903076171875100e+02 1.054399050000000000e+01 1.978395781250000000e+02 4.589449499999999700e+00 1.325072949218749900e+01 5.954540999999999900e+00
1.946021722057672500e-02 2.110895185546875200e+02 1.054737899999999900e+01 1.979382343750000100e+02 4.591705499999999800e+00 1.315128417968750100e+01 5.955673499999999600e+00
1.955225868175036000e-02 2.110902128906250000e+02 1.055132150000000000e+01 1.980741093750000100e+02 4.593333999999999600e+00 1.301610351562500000e+01 5.957987499999999800e+00
1.956520118112638900e-02 2.110940263671875000e+02 1.055166750000000100e+01 1.981019218749999900e+02 4.593021000000000200e+00 1.299210449218750100e+01 5.958646500000000400e+00
1.957248202146194900e-02 2.111014462890625200e+02 1.055154550000000000e+01 1.981272968750000100e+02 4.592241500000000100e+00 1.297414941406250000e+01 5.959304000000000400e+00
1.957657768970399300e-02 2.111138007812500100e+02 1.055090350000000000e+01 1.981536093750000000e+02 4.591016999999999900e+00 1.296019140625000100e+01 5.959886499999999600e+00
1.957888052532366300e-02 2.111345654296874800e+02 1.054969250000000100e+01 1.981848281250000000e+02 4.589343000000000400e+00 1.294973730468750100e+01 5.960349500000000400e+00
1.958123655143997900e-02 2.112157275390625000e+02 1.054473600000000000e+01 1.982820937500000000e+02 4.583672499999999600e+00 1.293363378906249900e+01 5.961063499999999800e+00
1.958653839241488200e-02 2.111716855468749800e+02 1.053922150000000000e+01 1.983226718750000000e+02 4.575157500000000400e+00 1.284901367187499900e+01 5.964063999999999600e+00
1.959846401464907700e-02 2.110686230468750200e+02 1.054555650000000000e+01 1.982998281250000000e+02 4.577860499999999900e+00 1.276879492187499900e+01 5.967696000000000100e+00
1.962530018463535000e-02 2.110564794921874900e+02 1.055138500000000000e+01 1.983518593750000000e+02 4.580212999999999600e+00 1.270462011718750100e+01 5.971172000000000100e+00
1.968568078489128100e-02 2.110910634765625100e+02 1.055557849999999900e+01 1.984639062500000100e+02 4.582551500000000100e+00 1.262715722656250100e+01 5.973027000000000100e+00
1.982153713546712700e-02 2.110889208984374900e+02 1.056082400000000000e+01 1.986337812500000000e+02 4.585854000000000300e+00 1.245513964843750000e+01 5.974969999999999900e+00
2.012721509758255700e-02 2.110894755859375200e+02 1.057330149999999900e+01 1.990095312500000100e+02 4.593850999999999900e+00 1.207994433593749900e+01 5.979450499999999600e+00
2.081498699238294000e-02 2.110895166015625100e+02 1.059704800000000100e+01 1.998313750000000100e+02 4.605272499999999900e+00 1.125814160156250000e+01 5.991775500000000100e+00
2.164031420479922000e-02 2.110893906249999900e+02 1.062278250000000000e+01 2.008603437500000000e+02 4.610832000000000300e+00 1.022904687500000000e+01 6.011950500000000200e+00
2.249143411481161300e-02 2.110893935546875200e+02 1.064451650000000000e+01 2.016829375000000100e+02 4.619550000000000300e+00 9.406456054687499300e+00 6.024966499999999700e+00
2.270904895201755400e-02 2.110894990234375000e+02 1.064929100000000000e+01 2.018719843750000100e+02 4.621330500000000000e+00 9.217514648437500600e+00 6.027960499999999800e+00
2.283145905792556600e-02 2.110896582031250000e+02 1.065086450000000100e+01 2.019682031250000000e+02 4.621255999999999800e+00 9.121455078125000800e+00 6.029608500000000100e+00
2.310687788515266100e-02 2.110894394531249800e+02 1.065666300000000000e+01 2.022004062499999900e+02 4.623185499999999900e+00 8.889033203125000800e+00 6.033477500000000000e+00
2.344771007227459600e-02 2.110894355468749900e+02 1.066315350000000000e+01 2.024747500000000000e+02 4.624871999999999900e+00 8.614685546875000100e+00 6.038281500000000100e+00
2.353485487890368700e-02 2.110894638671875000e+02 1.066474799999999900e+01 2.025425781250000100e+02 4.625255000000000100e+00 8.546885742187500400e+00 6.039493000000000200e+00
2.362063707016271600e-02 2.110898349609375100e+02 1.066618000000000100e+01 2.026077500000000100e+02 4.625491000000000200e+00 8.482084960937500600e+00 6.040689000000000400e+00
2.363580261941343800e-02 2.110898193359375100e+02 1.066640800000000100e+01 2.026190156250000000e+02 4.625505500000000000e+00 8.470803710937499200e+00 6.040902499999999600e+00
2.364433343642026800e-02 2.110903320312500000e+02 1.066647900000000100e+01 2.026254999999999900e+02 4.625469500000000300e+00 8.464832031249999400e+00 6.041009500000000400e+00
2.365305824229723500e-02 2.111618339843749900e+02 1.066021200000000000e+01 2.026592499999999900e+02 4.621438999999999600e+00 8.502583984375000600e+00 6.038772999999999900e+00
2.367268709998744000e-02 2.110721015624999900e+02 1.066392600000000000e+01 2.026297812500000100e+02 4.622533999999999900e+00 8.442320312499999700e+00 6.041392000000000100e+00
2.371685398532336800e-02 2.110857626953125000e+02 1.066660500000000100e+01 2.026758749999999900e+02 4.624001500000000300e+00 8.409887695312500400e+00 6.042603500000000200e+00
2.381622947732920200e-02 2.110908457031250100e+02 1.066837400000000000e+01 2.027459843750000100e+02 4.624964499999999900e+00 8.344861328125000800e+00 6.043409500000000100e+00
2.403982355212915000e-02 2.110895493164062500e+02 1.067184000000000000e+01 2.029043749999999900e+02 4.625384000000000400e+00 8.185174316406250500e+00 6.046456000000000100e+00
2.454291022042902700e-02 2.110892421874999900e+02 1.066657700000000000e+01 2.032164687499999900e+02 4.616569000000000100e+00 7.872773437500000200e+00 6.050008000000000100e+00
2.482589617801776400e-02 2.110895634765624900e+02 1.066983600000000000e+01 2.033929531249999900e+02 4.616347499999999800e+00 7.696610351562499700e+00 6.053488500000000300e+00
2.546261614701879300e-02 2.110894848632812600e+02 1.067851750000000000e+01 2.037786250000000100e+02 4.616766000000000100e+00 7.310859863281249800e+00 6.061751499999999700e+00
2.689523333952495800e-02 2.110894667968749700e+02 1.068871749999999900e+01 2.045597812499999900e+02 4.607802500000000000e+00 6.529685546875000100e+00 6.080915000000000100e+00
2.733845097499256600e-02 2.110894394531249800e+02 1.069056900000000000e+01 2.047726718749999900e+02 4.604031499999999600e+00 6.316767578124999900e+00 6.086537500000000400e+00
2.745177176367892200e-02 2.110894619140625000e+02 1.069095250000000200e+01 2.048261875000000000e+02 4.602950500000000400e+00 6.263274414062499900e+00 6.088002000000000400e+00
2.770674823150234100e-02 2.110893471679687500e+02 1.069119300000000000e+01 2.049390156250000000e+02 4.599813499999999800e+00 6.150331542968750400e+00 6.091379500000000400e+00
2.816570399627284900e-02 2.110893261718750000e+02 1.069096000000000000e+01 2.051290781250000100e+02 4.592940999999999700e+00 5.960248046874999900e+00 6.098018999999999900e+00
2.873939792002280100e-02 2.110894902343749800e+02 1.069092600000000100e+01 2.053679843749999900e+02 4.585161499999999900e+00 5.721505859375000100e+00 6.105764500000000300e+00
3.003020924846018200e-02 2.110894316406249800e+02 1.068649750000000000e+01 2.058128906249999900e+02 4.565235999999999600e+00 5.276541015624999900e+00 6.121261500000000100e+00
3.075629394511224900e-02 2.110894575195312700e+02 1.068322549999999900e+01 2.060332656250000100e+02 4.553655000000000000e+00 5.056191894531250100e+00 6.129570499999999800e+00
3.098092367017049900e-02 2.110895175781250000e+02 1.068214650000000000e+01 2.060952187499999900e+02 4.549965000000000300e+00 4.994298828125000300e+00 6.132181499999999700e+00
3.121065968290714200e-02 2.110885004882812600e+02 1.068041050000000100e+01 2.061658437499999900e+02 4.544528500000000200e+00 4.922656738281250300e+00 6.135881999999999600e+00
3.172756805820414700e-02 2.110894750976562500e+02 1.067833650000000000e+01 2.062839218750000000e+02 4.537103499999999700e+00 4.805553222656249600e+00 6.141232999999999700e+00
3.223640086456859600e-02 2.110894121093749900e+02 1.067606100000000100e+01 2.063934999999999900e+02 4.529358499999999800e+00 4.695912109374999600e+00 6.146702500000000000e+00
3.232635538096190200e-02 2.110895664062499900e+02 1.067563399999999900e+01 2.064097031249999900e+02 4.527959499999999700e+00 4.679863281250000300e+00 6.147674499999999900e+00
3.234935557748389000e-02 2.110897700195312400e+02 1.067545700000000200e+01 2.064114062500000000e+02 4.527541000000000300e+00 4.678363769531250300e+00 6.147916000000000400e+00
3.237199595594030700e-02 2.110901787109374900e+02 1.067543200000000100e+01 2.064161562500000000e+02 4.527236499999999900e+00 4.674022460937499600e+00 6.148195499999999900e+00
3.237599775860002700e-02 2.111029165039062400e+02 1.067488600000000100e+01 2.064168437500000000e+02 4.526901999999999800e+00 4.686072753906249700e+00 6.147984000000000100e+00
3.237824740372304700e-02 2.112362055664062600e+02 1.066601749999999900e+01 2.063927500000000100e+02 4.524152000000000000e+00 4.843455566406250400e+00 6.141865499999999800e+00
3.238055023934272000e-02 2.113277592773437400e+02 1.065103650000000000e+01 2.063400156250000100e+02 4.517681999999999800e+00 4.987743652343749700e+00 6.133354500000000300e+00
3.238573161948697000e-02 2.111680517578125200e+02 1.064914299999999900e+01 2.062589687500000100e+02 4.515334499999999800e+00 4.909083007812499800e+00 6.133808499999999800e+00
3.239738972481153600e-02 2.110450620117187600e+02 1.065876100000000000e+01 2.062137656250000100e+02 4.518990999999999800e+00 4.831296386718750400e+00 6.139770000000000400e+00
3.242361576851270800e-02 2.110425673828125100e+02 1.066407450000000000e+01 2.062511718750000100e+02 4.520224500000000300e+00 4.791395507812500100e+00 6.143849999999999600e+00
3.248262906011946400e-02 2.110965507812499900e+02 1.066551200000000000e+01 2.063229374999999900e+02 4.519663999999999700e+00 4.773613281250000300e+00 6.145848000000000000e+00
3.255565648316711300e-02 2.111273286132812400e+02 1.065180350000000000e+01 2.062338125000000000e+02 4.512796500000000300e+00 4.893516113281250100e+00 6.139007000000000300e+00
3.263034219816914000e-02 2.110817646484374800e+02 1.065761450000000100e+01 2.062580624999999900e+02 4.512882000000000300e+00 4.823702148437499600e+00 6.144732499999999900e+00
3.279838975020280700e-02 2.110903808593749900e+02 1.065988950000000000e+01 2.062779062500000000e+02 4.512660000000000300e+00 4.812474609375000200e+00 6.147229499999999900e+00
3.317649283121264200e-02 2.110895112304687600e+02 1.066059999999999900e+01 2.063260625000000100e+02 4.507817499999999800e+00 4.763448730468749800e+00 6.152782499999999800e+00
3.338917659649385400e-02 2.110893867187500100e+02 1.066073050000000000e+01 2.063590000000000100e+02 4.505039000000000000e+00 4.730386718750000200e+00 6.155691499999999600e+00
3.344151604519741300e-02 2.110896855468749900e+02 1.066053450000000100e+01 2.063644843749999900e+02 4.504268500000000200e+00 4.725201171874999800e+00 6.156265999999999600e+00
3.345833988640251700e-02 2.110903901367187200e+02 1.066035349999999900e+01 2.063648906249999900e+02 4.503956999999999800e+00 4.725499511718750200e+00 6.156396499999999600e+00
3.346070529907706900e-02 2.110905771484374900e+02 1.066031549999999900e+01 2.063648125000000000e+02 4.503906500000000300e+00 4.725764648437500000e+00 6.156409000000000000e+00
3.346363390524555900e-02 2.110913188476562500e+02 1.066025499999999900e+01 2.063646718750000000e+02 4.503833499999999800e+00 4.726646972656250300e+00 6.156421500000000400e+00
3.346662821732168000e-02 2.111057641601562400e+02 1.065969349999999900e+01 2.063671406249999900e+02 4.503547000000000200e+00 4.738623535156249600e+00 6.156146500000000200e+00
3.347336463727975500e-02 2.110994648437499800e+02 1.065900250000000000e+01 2.063623749999999900e+02 4.502971500000000100e+00 4.737089843749999800e+00 6.156030999999999600e+00
3.348852392882499500e-02 2.110812768554687300e+02 1.065921050000000000e+01 2.063498281249999900e+02 4.502970500000000000e+00 4.731448730468749800e+00 6.156240000000000400e+00
3.352262842373585100e-02 2.110881425781250000e+02 1.065935200000000000e+01 2.063607187499999900e+02 4.502673999999999800e+00 4.727423828124999600e+00 6.156678000000000300e+00
3.359936666613801800e-02 2.110898051757812400e+02 1.065904550000000000e+01 2.063731406249999900e+02 4.501735499999999700e+00 4.716664550781249700e+00 6.157309999999999800e+00
3.377203240482200300e-02 2.110894707031249900e+02 1.065843600000000000e+01 2.063999062499999900e+02 4.499666500000000000e+00 4.689564453124999600e+00 6.158769500000000000e+00
3.398570175871761000e-02 2.110893935546874900e+02 1.065802899999999900e+01 2.064344531250000000e+02 4.497143000000000300e+00 4.654940429687499700e+00 6.160885999999999600e+00
3.401574813161934600e-02 2.110894746093750000e+02 1.065787250000000000e+01 2.064386250000000000e+02 4.496769500000000100e+00 4.650849609375000200e+00 6.161102999999999800e+00
3.404647972327205100e-02 2.110969287109375000e+02 1.065576150000000100e+01 2.064437812500000000e+02 4.495658999999999800e+00 4.653147460937500300e+00 6.160102499999999800e+00
3.411562111121150400e-02 2.110896274414062400e+02 1.065533350000000100e+01 2.064386874999999900e+02 4.495040000000000400e+00 4.650939941406250000e+00 6.160293499999999900e+00
3.427119392735437900e-02 2.110891425781249800e+02 1.065494250000000100e+01 2.064562812499999900e+02 4.493281999999999800e+00 4.632861328125000200e+00 6.161660500000000000e+00
3.462123119924950800e-02 2.110894497070312600e+02 1.065474700000000000e+01 2.065142343750000000e+02 4.489072000000000200e+00 4.575215332031249600e+00 6.165675000000000200e+00
3.540881349658715800e-02 2.110894350585937500e+02 1.065397600000000000e+01 2.066346875000000100e+02 4.479167500000000000e+00 4.454747558593750200e+00 6.174808500000000100e+00
3.638344799752623500e-02 2.110894487304687500e+02 1.065349850000000000e+01 2.067505937500000100e+02 4.468782499999999700e+00 4.338854980468750200e+00 6.184715999999999900e+00
3.738023477589363900e-02 2.110894658203124800e+02 1.065336999999999900e+01 2.068409375000000000e+02 4.459099000000000100e+00 4.248528320312500400e+00 6.194270999999999600e+00
3.962299955172801600e-02 2.110894643554687500e+02 1.065771050000000000e+01 2.069299218749999900e+02 4.439654000000000000e+00 4.159542480468750200e+00 6.218056500000000300e+00
4.466922577284765400e-02 2.110894790039062600e+02 1.067926699999999900e+01 2.067941093750000100e+02 4.407145500000000400e+00 4.295369628906249700e+00 6.272121499999999900e+00
4.750772724001426500e-02 2.110894726562500200e+02 1.070047650000000100e+01 2.066582656250000100e+02 4.398411000000000300e+00 4.431207031249999600e+00 6.302065500000000300e+00
4.910438392418888700e-02 2.110894677734375200e+02 1.071363150000000000e+01 2.065668750000000100e+02 4.395208000000000200e+00 4.522592773437500200e+00 6.318423499999999700e+00
5.000250233127063300e-02 2.110894736328125100e+02 1.072120849999999900e+01 2.065127343750000100e+02 4.393810000000000200e+00 4.576739257812500100e+00 6.327398500000000100e+00
5.050769628189367300e-02 2.110894775390625000e+02 1.072564750000000100e+01 2.064837812499999900e+02 4.393249000000000000e+00 4.605696289062500200e+00 6.332398500000000000e+00
5.113286921984253700e-02 2.110894829101562500e+02 1.073128350000000000e+01 2.064473749999999900e+02 4.392550499999999600e+00 4.642107910156250100e+00 6.338733000000000400e+00
5.117283092709037900e-02 2.110890029296875000e+02 1.073163899999999900e+01 2.064442968749999900e+02 4.392493499999999600e+00 4.644706054687500100e+00 6.339145499999999900e+00
5.122228557356385500e-02 2.110902524414062500e+02 1.073196300000000000e+01 2.064391562500000000e+02 4.392360000000000000e+00 4.651096191406249900e+00 6.339603000000000300e+00
5.122481368658110500e-02 2.110904121093749900e+02 1.073197049999999900e+01 2.064387812500000100e+02 4.392349499999999900e+00 4.651630859375000400e+00 6.339621000000000200e+00
5.122797382785266400e-02 2.110908520507812500e+02 1.073198049999999900e+01 2.064383281250000000e+02 4.392336499999999900e+00 4.652523925781250300e+00 6.339643999999999800e+00
5.122975101621131400e-02 2.110912919921875100e+02 1.073198500000000000e+01 2.064380937500000100e+02 4.392328499999999600e+00 4.653198242187500000e+00 6.339656500000000200e+00
5.123195372854317400e-02 2.110943354492187300e+02 1.073195200000000000e+01 2.064381562499999900e+02 4.392309000000000000e+00 4.656179199218749800e+00 6.339642999999999700e+00
5.123251379318437300e-02 2.110964882812500000e+02 1.073189550000000000e+01 2.064383906250000100e+02 4.392297000000000100e+00 4.658097656249999800e+00 6.339598500000000100e+00
5.123378097854573700e-02 2.111246772460937700e+02 1.073083600000000000e+01 2.064392343750000100e+02 4.392171499999999900e+00 4.685442871093750100e+00 6.338664500000000100e+00
5.123449435697139500e-02 2.111672636718749900e+02 1.072909699999999900e+01 2.064387187499999900e+02 4.391982500000000100e+00 4.728544921874999800e+00 6.337114500000000200e+00
5.123609632957638200e-02 2.112902416992187400e+02 1.072183300000000000e+01 2.064385781249999900e+02 4.390267999999999800e+00 4.851663574218750200e+00 6.331565000000000300e+00
5.123970076793760800e-02 2.112285141601562700e+02 1.071642999999999900e+01 2.064107500000000100e+02 4.386667499999999700e+00 4.817764160156250400e+00 6.329762500000000200e+00
5.124781075425035400e-02 2.111085102539062500e+02 1.072014399999999900e+01 2.063500312500000000e+02 4.387791499999999600e+00 4.758479003906249900e+00 6.332352499999999800e+00
5.126605822345402900e-02 2.110264985351562400e+02 1.072625349999999900e+01 2.063235000000000000e+02 4.389551499999999600e+00 4.702998535156250000e+00 6.336701999999999800e+00
5.130711815801505100e-02 2.110845913085937300e+02 1.072836900000000100e+01 2.063792656249999900e+02 4.390045500000000300e+00 4.705325683593749800e+00 6.338323500000000400e+00
5.139950066413778700e-02 2.110924248046874800e+02 1.073005350000000000e+01 2.063831874999999900e+02 4.390501000000000400e+00 4.709237304687500000e+00 6.339552499999999900e+00
5.160736599619306800e-02 2.110894916992187700e+02 1.073290400000000000e+01 2.063691875000000100e+02 4.390657499999999700e+00 4.720304199218750400e+00 6.342246499999999900e+00
5.207505751782514500e-02 2.110894726562500000e+02 1.073761250000000100e+01 2.063391718750000100e+02 4.389994999999999900e+00 4.750300781250000000e+00 6.347617500000000100e+00
5.233813145655033500e-02 2.110895063476562500e+02 1.074009350000000000e+01 2.063224062500000000e+02 4.389701500000000100e+00 4.767100097656250300e+00 6.350392000000000300e+00
5.248611367593599600e-02 2.110892641601562300e+02 1.074141249999999900e+01 2.063116406250000000e+02 4.389510500000000100e+00 4.777623535156250200e+00 6.351901999999999900e+00
5.266924229819629900e-02 2.110903881835937500e+02 1.074249100000000100e+01 2.062868125000000000e+02 4.388914500000000300e+00 4.803575683593750000e+00 6.353576500000000000e+00
5.271606245065924700e-02 2.110894697265625000e+02 1.074288299999999900e+01 2.062808906250000100e+02 4.388785000000000400e+00 4.808579101562499700e+00 6.354097999999999600e+00
5.274240113305920400e-02 2.110892163085937300e+02 1.074300399999999900e+01 2.062753281249999900e+02 4.388643000000000100e+00 4.813888183593750400e+00 6.354360999999999900e+00
5.275054866560487100e-02 2.110894804687500300e+02 1.074297499999999900e+01 2.062726562500000100e+02 4.388561499999999800e+00 4.816824218749999900e+00 6.354413499999999700e+00
5.275512930602226100e-02 2.110907792968750100e+02 1.074286200000000100e+01 2.062705312500000000e+02 4.388460000000000200e+00 4.820248046875000200e+00 6.354402000000000300e+00
5.275770748068341800e-02 2.110948251953125000e+02 1.074256650000000100e+01 2.062693906250000000e+02 4.388314000000000300e+00 4.825434570312499900e+00 6.354252500000000300e+00
5.276034197469396000e-02 2.111073872070312500e+02 1.074164250000000100e+01 2.062672656249999900e+02 4.387991500000000000e+00 4.840121582031249800e+00 6.353651000000000200e+00
5.276182505089466200e-02 2.111223593750000000e+02 1.074056599999999900e+01 2.062650937500000100e+02 4.387664499999999600e+00 4.857265625000000100e+00 6.352901499999999800e+00
5.276516666562537600e-02 2.112616621093750100e+02 1.072671400000000100e+01 2.062215625000000000e+02 4.383284999999999900e+00 5.040099609374999900e+00 6.343429000000000400e+00
5.277267591221125600e-02 2.111625434570312600e+02 1.072244500000000000e+01 2.061499687500000000e+02 4.380196500000000300e+00 5.012574707031250300e+00 6.342248500000000200e+00
5.278956545932398500e-02 2.110311157226562700e+02 1.073157350000000000e+01 2.060985468750000100e+02 4.382951000000000300e+00 4.932568847656249900e+00 6.348622500000000300e+00
5.282758102016498600e-02 2.110742861328124900e+02 1.073494750000000100e+01 2.061482656249999900e+02 4.383469500000000400e+00 4.926020507812499900e+00 6.351478000000000200e+00
5.287462019232001100e-02 2.110980688476562400e+02 1.073546550000000000e+01 2.061645937499999900e+02 4.383320000000000300e+00 4.933475097656249800e+00 6.352145499999999800e+00
5.290107777112425200e-02 2.110931289062500000e+02 1.073574400000000000e+01 2.061553906250000000e+02 4.383390500000000000e+00 4.937738281249999700e+00 6.352353500000000400e+00
5.291291734990798100e-02 2.110908374023437400e+02 1.073582650000000000e+01 2.061500624999999900e+02 4.383404500000000100e+00 4.940774902343750200e+00 6.352421999999999800e+00
5.291494484648616400e-02 2.110907197265625000e+02 1.073583200000000000e+01 2.061491250000000000e+02 4.383400000000000000e+00 4.941594726562500200e+00 6.352432000000000300e+00
5.291874953142301100e-02 2.111122685546874900e+02 1.073478550000000100e+01 2.061486562499999900e+02 4.383060500000000000e+00 4.963612304687499600e+00 6.351725000000000100e+00
5.292731633023639600e-02 2.110936674804687500e+02 1.073457299999999900e+01 2.061370000000000000e+02 4.382663499999999600e+00 4.956667480468749600e+00 6.351909499999999700e+00
5.294657754772916900e-02 2.110788378906249800e+02 1.073560700000000000e+01 2.061261874999999900e+02 4.383048999999999800e+00 4.952650390625000100e+00 6.352558000000000100e+00
5.298992467364614000e-02 2.110900605468750100e+02 1.073689549999999900e+01 2.061297812500000100e+02 4.383458000000000100e+00 4.960279296875000000e+00 6.353437500000000100e+00
5.308745727138568900e-02 2.110909946289062600e+02 1.073854300000000000e+01 2.061223281250000000e+02 4.383544999999999800e+00 4.968666503906249900e+00 6.354998000000000100e+00
5.320814963713718000e-02 2.110894091796875200e+02 1.074019699999999800e+01 2.061070468750000100e+02 4.383442999999999800e+00 4.982362304687500300e+00 6.356753999999999600e+00
5.327603948397899300e-02 2.110894555664062600e+02 1.074094150000000000e+01 2.060967343750000100e+02 4.383284999999999900e+00 4.992721191406250400e+00 6.357656500000000000e+00
5.331422400286816400e-02 2.110898637695312600e+02 1.074125199999999900e+01 2.060897187500000000e+02 4.383133499999999600e+00 5.000145019531250200e+00 6.358118499999999800e+00
5.335327834282021400e-02 2.110898710937499900e+02 1.074058099999999900e+01 2.060693437500000000e+02 4.382419999999999800e+00 5.020527343750000400e+00 6.358161000000000000e+00
5.344115530099142300e-02 2.110893749999999900e+02 1.074185750000000000e+01 2.060601406250000000e+02 4.382394500000000200e+00 5.029234374999999700e+00 6.359462999999999900e+00
5.363887376359753600e-02 2.110894692382812300e+02 1.074416150000000100e+01 2.060377499999999900e+02 4.382062000000000300e+00 5.051719238281250100e+00 6.362099500000000200e+00
5.408374656216678700e-02 2.110894726562500000e+02 1.074823999999999900e+01 2.059796250000000000e+02 4.380785999999999600e+00 5.109847656250000400e+00 6.367454000000000400e+00
5.508470410124210300e-02 2.110894838867187400e+02 1.075660650000000000e+01 2.058547656250000000e+02 4.378314500000000100e+00 5.234718261718749800e+00 6.378292000000000100e+00
5.564774115254560200e-02 2.110894707031250200e+02 1.076125749999999900e+01 2.057924218750000000e+02 4.377341000000000400e+00 5.297048828124999900e+00 6.383916499999999800e+00
5.582193064251596300e-02 2.110894340820312600e+02 1.076283050000000000e+01 2.057759687500000000e+02 4.377147500000000400e+00 5.313465332031250400e+00 6.385683000000000200e+00
5.591991379505066600e-02 2.110894394531250100e+02 1.076365500000000000e+01 2.057659687500000100e+02 4.377013500000000300e+00 5.323470703125000400e+00 6.386641499999999600e+00
5.602011843303369300e-02 2.110893125000000100e+02 1.076414200000000000e+01 2.057498906250000100e+02 4.376669500000000200e+00 5.339421875000000200e+00 6.387472500000000300e+00
5.603421078579319500e-02 2.110891308593750200e+02 1.076414150000000100e+01 2.057463906250000000e+02 4.376580999999999800e+00 5.342740234375000300e+00 6.387560500000000200e+00
5.604808411886060000e-02 2.110883696289062600e+02 1.076380550000000000e+01 2.057385937500000100e+02 4.376305999999999600e+00 5.349775878906250200e+00 6.387499499999999700e+00
5.605254586287370500e-02 2.110893544921874800e+02 1.076350400000000100e+01 2.057353281250000000e+02 4.376090500000000100e+00 5.354026367187500100e+00 6.387413500000000100e+00
5.605504894506899800e-02 2.110929960937500000e+02 1.076296400000000000e+01 2.057320937499999900e+02 4.375810500000000000e+00 5.360902343750000300e+00 6.387153500000000200e+00
5.606069339541938000e-02 2.111462661132812600e+02 1.075490600000000000e+01 2.057088593750000000e+02 4.372308000000000300e+00 5.437406738281249700e+00 6.382597999999999800e+00
5.607339027985500100e-02 2.110959428710937700e+02 1.075604950000000000e+01 2.056843281250000100e+02 4.372269499999999800e+00 5.411614746093749600e+00 6.383779999999999800e+00
5.610195670540876800e-02 2.110651992187500000e+02 1.075944200000000000e+01 2.056784062499999900e+02 4.373118500000000400e+00 5.386792968750000000e+00 6.386323499999999600e+00
5.616623585618386900e-02 2.110935976562499800e+02 1.076030450000000000e+01 2.056856562499999900e+02 4.373772500000000300e+00 5.407941406250000000e+00 6.386531999999999900e+00
5.631086394542784300e-02 2.110897231445312600e+02 1.076169200000000000e+01 2.056655937500000000e+02 4.373947000000000300e+00 5.424129394531250100e+00 6.387744999999999800e+00
5.663627714622677300e-02 2.110894721679687500e+02 1.076509199999999900e+01 2.056363437500000100e+02 4.373877499999999900e+00 5.453128417968749800e+00 6.391214500000000200e+00
5.673694485441593100e-02 2.110895307617187500e+02 1.076602550000000000e+01 2.056278437500000100e+02 4.373736499999999700e+00 5.461687011718749900e+00 6.392288999999999900e+00
5.679357708908441800e-02 2.110898393554687700e+02 1.076655050000000100e+01 2.056242187500000100e+02 4.373609000000000100e+00 5.465620605468750200e+00 6.392941500000000100e+00
5.682542881001950000e-02 2.110900092773437400e+02 1.076680599999999900e+01 2.056228593749999900e+02 4.373464000000000200e+00 5.467149902343750000e+00 6.393341999999999600e+00
5.685800642479122600e-02 2.110949638671874900e+02 1.076648400000000000e+01 2.056328125000000000e+02 4.372491499999999800e+00 5.462151367187500400e+00 6.393992500000000400e+00
5.686258706520861500e-02 2.110987163085937400e+02 1.076622600000000000e+01 2.056384999999999900e+02 4.372126500000000200e+00 5.460216308593749600e+00 6.394099500000000300e+00
5.687289976385321400e-02 2.111172763671874900e+02 1.076432400000000000e+01 2.056704531249999900e+02 4.369908999999999800e+00 5.446823242187499600e+00 6.394415000000000400e+00
5.689609082039259100e-02 2.110826684570312500e+02 1.076585850000000000e+01 2.056487343750000000e+02 4.370192499999999900e+00 5.433934082031250100e+00 6.395666000000000300e+00
5.694827382645894400e-02 2.110836098632812500e+02 1.076736300000000000e+01 2.056518906249999900e+02 4.370333500000000100e+00 5.431719238281250000e+00 6.397029500000000400e+00
5.706568715453461100e-02 2.110898920898437400e+02 1.076831700000000000e+01 2.056396250000000000e+02 4.370750499999999800e+00 5.450267089843750400e+00 6.397566499999999900e+00
5.721098481826581600e-02 2.110894204101562700e+02 1.076958450000000100e+01 2.056187343750000000e+02 4.371199500000000300e+00 5.470686035156250100e+00 6.398385000000000200e+00
5.724813055804394600e-02 2.110894057617187500e+02 1.076989150000000000e+01 2.056133125000000100e+02 4.371298999999999600e+00 5.476093261718750300e+00 6.398592500000000300e+00
5.726903129437463400e-02 2.110893935546875200e+02 1.077002699999999900e+01 2.056099843750000100e+02 4.371338999999999900e+00 5.479409179687500000e+00 6.398687999999999900e+00
5.728078326528153500e-02 2.110893212890625000e+02 1.077006150000000100e+01 2.056077343750000100e+02 4.371344500000000200e+00 5.481586914062500400e+00 6.398717000000000400e+00
5.728739765998259300e-02 2.110893193359374900e+02 1.077004099999999900e+01 2.056061718750000000e+02 4.371332500000000300e+00 5.483147460937500400e+00 6.398708499999999700e+00
5.729111473704260500e-02 2.110897900390625100e+02 1.076997150000000000e+01 2.056053281250000000e+02 4.371294999999999900e+00 5.484461914062499900e+00 6.398676499999999700e+00
5.729948128928036300e-02 2.110947797851562500e+02 1.076925800000000100e+01 2.056047656250000000e+02 4.370967499999999900e+00 5.490014160156250400e+00 6.398290499999999900e+00
5.731831072509444700e-02 2.110871259765625000e+02 1.076941349999999900e+01 2.055966875000000000e+02 4.371056499999999900e+00 5.490438476562499800e+00 6.398356999999999900e+00
5.736067539124976200e-02 2.110896074218750000e+02 1.076975850000000000e+01 2.055929062500000000e+02 4.371195499999999800e+00 5.496701171875000300e+00 6.398563000000000200e+00
5.745599276124648700e-02 2.110895361328125000e+02 1.077081450000000000e+01 2.055819062500000000e+02 4.371524499999999600e+00 5.507629882812500100e+00 6.399289999999999700e+00
5.767046310144458700e-02 2.110894897460937600e+02 1.077306499999999900e+01 2.055586562500000100e+02 4.372068500000000100e+00 5.530833496093750400e+00 6.400996499999999800e+00
5.815301354475847100e-02 2.110894990234375000e+02 1.077742400000000000e+01 2.055133906250000000e+02 4.372573000000000000e+00 5.576108398437500400e+00 6.404850999999999800e+00
5.923875673549381500e-02 2.110894702148437400e+02 1.078703850000000100e+01 2.054165156249999900e+02 4.372768500000000300e+00 5.672954589843749700e+00 6.414270000000000100e+00
5.924400069269295000e-02 2.110906113281250200e+02 1.078711750000000100e+01 2.054167500000000100e+02 4.372802000000000100e+00 5.673861328124999700e+00 6.414315499999999800e+00
5.924936980400185400e-02 2.110916635742187300e+02 1.078718800000000000e+01 2.054167968749999900e+02 4.372846000000000000e+00 5.674866699218750200e+00 6.414342000000000400e+00
5.926144717559413800e-02 2.111497856445312500e+02 1.077681250000000000e+01 2.054207343749999900e+02 4.369552500000000200e+00 5.729051269531249900e+00 6.407260000000000000e+00
5.928862439052952300e-02 2.110618876953124900e+02 1.078142150000000000e+01 2.053754062500000000e+02 4.371164499999999900e+00 5.686481445312500300e+00 6.410256999999999600e+00
5.934976217314953000e-02 2.110870043945312500e+02 1.078292049999999900e+01 2.053861249999999900e+02 4.371882000000000300e+00 5.700879394531249900e+00 6.411038500000000100e+00
5.948733157060277800e-02 2.110902973632812500e+02 1.078507050000000000e+01 2.053757656250000100e+02 4.372511499999999900e+00 5.714531738281250400e+00 6.412558999999999900e+00
5.979686271487258400e-02 2.110894599609375200e+02 1.078856100000000000e+01 2.053485468750000100e+02 4.372810999999999600e+00 5.740913085937499700e+00 6.415750000000000100e+00
6.049330778947965100e-02 2.110894931640625000e+02 1.079413200000000100e+01 2.052804062500000000e+02 4.372611000000000000e+00 5.809086914062500100e+00 6.421521000000000300e+00
6.088505892615930800e-02 2.110894882812500000e+02 1.079734699999999800e+01 2.052475156250000100e+02 4.372499999999999600e+00 5.841972656250000300e+00 6.424846999999999800e+00
6.176649429040943100e-02 2.110894736328125100e+02 1.080504249999999900e+01 2.051682968750000100e+02 4.372358000000000200e+00 5.921176757812499900e+00 6.432684499999999700e+00
6.374973011767770500e-02 2.110894707031249900e+02 1.081949200000000000e+01 2.049469374999999900e+02 4.370085000000000400e+00 6.142533203124999700e+00 6.449406999999999900e+00
6.486529753276994200e-02 2.110894770507812600e+02 1.082751700000000000e+01 2.048123437500000000e+02 4.368975500000000300e+00 6.277133300781249800e+00 6.458541499999999900e+00
6.549280772371866800e-02 2.110895146484375000e+02 1.083204200000000100e+01 2.047369687499999900e+02 4.368326500000000200e+00 6.352545898437499600e+00 6.463715500000000200e+00
6.690469626679507200e-02 2.110894755859374900e+02 1.084155050000000000e+01 2.045459218750000000e+02 4.366565999999999700e+00 6.543553710937500200e+00 6.474984499999999700e+00
7.000000145178766900e-02 2.110894638671875000e+02 1.085981750000000000e+01 2.040847968749999900e+02 4.362058000000000200e+00 7.004666992187500400e+00 6.497759499999999900e+00
