0.000000000000000000e+00 0.000000000000000000e+00 0.000000000000000000e+00 0.000000000000000000e+00 0.000000000000000000e+00 0.000000000000000000e+00 0.000000000000000000e+00
1.395532899022166900e-07 1.443542750000000100e+03 2.148243713378906300e-04 5.538295624999999500e+02 -2.584042358398437500e-04 8.897131875000000000e+02 4.732286071777343800e-04
1.400136795658988300e-03 1.443542562499999800e+03 2.028719999999999900e+01 5.523781249999999500e+02 4.285726999999999600e+00 8.911644374999999600e+02 1.600147300000000100e+01
4.025131385783198300e-03 1.443542562500000000e+03 5.799613499999999500e+01 5.450658750000000100e+02 1.166522299999999900e+01 8.984766875000000300e+02 4.633091199999999800e+01
5.501691080185640600e-03 1.443541375000000000e+03 7.814470099999999800e+01 5.476815000000000300e+02 1.538333300000000000e+01 8.958598749999999900e+02 6.276136799999999700e+01
5.958501792910575500e-03 1.443538312500000100e+03 8.337027000000000500e+01 5.550922500000000400e+02 1.642389400000000100e+01 8.884460625000000400e+02 6.694637600000000100e+01
6.425694486019447800e-03 1.443541250000000000e+03 8.824266799999999500e+01 5.654998124999999600e+02 1.739561200000000000e+01 8.780414375000000300e+02 7.084705599999999500e+01
6.688490403829374500e-03 1.443541125000000000e+03 9.078779199999999600e+01 5.723201874999999700e+02 1.787801599999999900e+01 8.712209374999999900e+02 7.290977599999999400e+01
7.161522877095655700e-03 1.443540937499999900e+03 9.505366199999998900e+01 5.860774999999999900e+02 1.863773399999999800e+01 8.574634375000000500e+02 7.641592799999999400e+01
7.752813468678506500e-03 1.443540500000000100e+03 9.997544999999999500e+01 6.038967500000000000e+02 1.958022600000000000e+01 8.396437499999999500e+02 8.039522399999999900e+01
8.085414985167564700e-03 1.443541937500000100e+03 1.025504140000000000e+02 6.141979374999999700e+02 2.010132600000000000e+01 8.293440000000000500e+02 8.244908800000000300e+01
8.497008411992476900e-03 1.443539874999999900e+03 1.056063880000000000e+02 6.271369375000000400e+02 2.069215600000000100e+01 8.164029375000000100e+02 8.491423199999999800e+01
8.602245139145967000e-03 1.443541375000000000e+03 1.063665640000000000e+02 6.304528125000000500e+02 2.083665999999999800e+01 8.130885624999999700e+02 8.552990400000000200e+01
8.839028669199248600e-03 1.443540437499999800e+03 1.080268740000000100e+02 6.380847499999999900e+02 2.115269800000000100e+01 8.054556874999999500e+02 8.687417600000000600e+01
8.972219460726588900e-03 1.443541312500000000e+03 1.089333480000000000e+02 6.425256249999999900e+02 2.132564400000000000e+01 8.010156875000000100e+02 8.760770399999999800e+01
9.047139392705459300e-03 1.443541562500000100e+03 1.094336199999999900e+02 6.450443749999999500e+02 2.142079599999999900e+01 7.984971875000000000e+02 8.801282399999999500e+01
9.139852663261147800e-03 1.443541999999999900e+03 1.100473420000000000e+02 6.481861249999999500e+02 2.153653400000000000e+01 7.953558749999999700e+02 8.851080799999999700e+01
9.192003486842129800e-03 1.443541187500000000e+03 1.103862300000000100e+02 6.499509375000000100e+02 2.159780599999999900e+01 7.935902499999999700e+02 8.878842400000000600e+01
9.205337763279621000e-03 1.443546624999999900e+03 1.104708919999999900e+02 6.504144374999999600e+02 2.161157199999999900e+01 7.931321874999999900e+02 8.885931999999999700e+01
9.221838438694157000e-03 1.443573187500000100e+03 1.105690760000000100e+02 6.510692500000000100e+02 2.161930800000000000e+01 7.925039375000000100e+02 8.894976800000000600e+01
9.231120403849053800e-03 1.443692062500000000e+03 1.106071420000000000e+02 6.516507500000000200e+02 2.160252600000000100e+01 7.920413125000000000e+02 8.900461599999999900e+01
9.233493862144948100e-03 1.443825562499999900e+03 1.106068480000000100e+02 6.519339999999999700e+02 2.158748800000000000e+01 7.918915624999999600e+02 8.901936000000000600e+01
9.238833472842262000e-03 1.444553437500000000e+03 1.105083980000000000e+02 6.536683749999999700e+02 2.144336600000000100e+01 7.908850625000000000e+02 8.906503200000000200e+01
9.245240469304283000e-03 1.443651875000000000e+03 1.105906480000000000e+02 6.535566250000000500e+02 2.146032800000000100e+01 7.900952499999999600e+02 8.913031999999999800e+01
9.257255263841685300e-03 1.443288125000000000e+03 1.107199699999999900e+02 6.539494375000000400e+02 2.148980999999999900e+01 7.893386874999999900e+02 8.923015999999999800e+01
9.284286763634984300e-03 1.443261437499999800e+03 1.109226140000000100e+02 6.551059374999999800e+02 2.152131800000000100e+01 7.881554999999999600e+02 8.940129600000000200e+01
9.345108979106798600e-03 1.443587749999999900e+03 1.113104259999999900e+02 6.573960624999999700e+02 2.159349800000000000e+01 7.861916874999999400e+02 8.971692799999999600e+01
9.481958740428900900e-03 1.443538375000000100e+03 1.121664020000000100e+02 6.617970000000000300e+02 2.176931400000000100e+01 7.817413749999999500e+02 9.039708799999999700e+01
9.789870926893110000e-03 1.443543250000000200e+03 1.140933200000000100e+02 6.721239375000000100e+02 2.214318400000000200e+01 7.714193125000000500e+02 9.195013600000000100e+01
1.048267222899017600e-02 1.443542124999999900e+03 1.182449719999999900e+02 6.951462500000000100e+02 2.293602800000000000e+01 7.483958750000000500e+02 9.530894399999999700e+01
1.204147649964546100e-02 1.443542312500000000e+03 1.265181939999999900e+02 7.469286875000000200e+02 2.430781800000000100e+01 6.966136249999999600e+02 1.022103760000000000e+02
1.554878543815140800e-02 1.443542124999999900e+03 1.396501999999999800e+02 8.505528124999999600e+02 2.661136000000000100e+01 5.929893124999999800e+02 1.130388399999999900e+02
1.988907990314382100e-02 1.443542718749999900e+03 1.484323719999999900e+02 9.458118124999999700e+02 2.933647600000000100e+01 4.977309062499999800e+02 1.190958960000000000e+02
2.099881603067896600e-02 1.443542750000000100e+03 1.500116439999999900e+02 9.660941874999999800e+02 2.993601999999999900e+01 4.774485624999999800e+02 1.200756240000000000e+02
2.162304182020429900e-02 1.443542843750000000e+03 1.508036980000000000e+02 9.765670000000000100e+02 3.025044200000000000e+01 4.669758437500000200e+02 1.205532560000000000e+02
2.181615997531863700e-02 1.443542437500000000e+03 1.510354280000000000e+02 9.796696250000000000e+02 3.034346000000000000e+01 4.638728125000000100e+02 1.206919680000000000e+02
2.192479016676260300e-02 1.443542500000000000e+03 1.511615920000000100e+02 9.813752500000000500e+02 3.039291199999999900e+01 4.621672500000000200e+02 1.207686800000000000e+02
2.195256543955107600e-02 1.443542750000000100e+03 1.511928379999999900e+02 9.818035625000000000e+02 3.040479800000000000e+01 4.617391875000000100e+02 1.207880400000000000e+02
2.196818824828140500e-02 1.443543656249999900e+03 1.512097919999999900e+02 9.820406249999999800e+02 3.041104000000000000e+01 4.615030312499999900e+02 1.207987519999999900e+02
2.198752277032417800e-02 1.443548906250000100e+03 1.512280040000000000e+02 9.823227500000000400e+02 3.041705200000000200e+01 4.612261562499999700e+02 1.208109520000000000e+02
2.199246635765988300e-02 1.443556062499999800e+03 1.512309579999999900e+02 9.823926874999999700e+02 3.041743800000000100e+01 4.611633749999999700e+02 1.208135200000000000e+02
2.199524656681251300e-02 1.443567687499999900e+03 1.512312980000000100e+02 9.824341249999999900e+02 3.041665800000000200e+01 4.611335624999999800e+02 1.208146400000000000e+02
2.200150248438488600e-02 1.443832249999999900e+03 1.511929739999999900e+02 9.825572499999999500e+02 3.039480599999999900e+01 4.612749999999999800e+02 1.207981680000000000e+02
2.201557874590169600e-02 1.444049687499999900e+03 1.510853700000000100e+02 9.827855624999999700e+02 3.033031400000000100e+01 4.612641249999999800e+02 1.207550560000000000e+02
2.204725167525141100e-02 1.443247718749999900e+03 1.511960019999999900e+02 9.831741875000000200e+02 3.035978600000000000e+01 4.600735312499999700e+02 1.208362159999999900e+02
2.211851621326722800e-02 1.443547343750000000e+03 1.513048179999999800e+02 9.844638750000000300e+02 3.041475399999999900e+01 4.590834687500000100e+02 1.208900640000000000e+02
2.227886008286592700e-02 1.443545718750000100e+03 1.514854179999999800e+02 9.867145000000000400e+02 3.050172200000000100e+01 4.568312187500000100e+02 1.209836959999999900e+02
2.263963289550506600e-02 1.443543000000000100e+03 1.518876960000000100e+02 9.921931875000000200e+02 3.066589600000000000e+01 4.513498124999999800e+02 1.212218000000000000e+02
2.284256849657250900e-02 1.443542593749999900e+03 1.521133120000000100e+02 9.952470624999999700e+02 3.075747200000000000e+01 4.482955312500000100e+02 1.213558400000000000e+02
2.329917181105840800e-02 1.443542343749999900e+03 1.526114360000000000e+02 1.002029937500000000e+03 3.095910800000000100e+01 4.415124062500000300e+02 1.216523280000000000e+02
2.432652971563063800e-02 1.443542812499999900e+03 1.536672780000000100e+02 1.016609187500000000e+03 3.138869400000000100e+01 4.269336250000000100e+02 1.222785840000000000e+02
2.447100225619533400e-02 1.443542281250000100e+03 1.538107780000000000e+02 1.018558625000000000e+03 3.144971400000000000e+01 4.249836562500000200e+02 1.223610640000000000e+02
2.479606502548692800e-02 1.443543125000000100e+03 1.541220260000000100e+02 1.022857875000000000e+03 3.158370599999999900e+01 4.206852500000000000e+02 1.225383200000000000e+02
2.552745670337197900e-02 1.443542625000000000e+03 1.548123880000000000e+02 1.032198750000000000e+03 3.188072400000000100e+01 4.113438750000000300e+02 1.229316640000000000e+02
2.717308663767645600e-02 1.443542781250000200e+03 1.562252240000000000e+02 1.051549500000000100e+03 3.249698399999999800e+01 3.919932812500000000e+02 1.237282400000000000e+02
2.920955318970138600e-02 1.443542625000000000e+03 1.577079919999999900e+02 1.072136375000000000e+03 3.316842400000000200e+01 3.714062500000000000e+02 1.245395680000000000e+02
3.035506372555481200e-02 1.443542906250000000e+03 1.584581279999999900e+02 1.082524124999999900e+03 3.351578399999999600e+01 3.610187812500000200e+02 1.249423440000000100e+02
3.099941429593029400e-02 1.443542500000000000e+03 1.588575640000000000e+02 1.087993750000000100e+03 3.369699599999999900e+01 3.555487499999999800e+02 1.251605680000000000e+02
3.116416359019270900e-02 1.443542843750000000e+03 1.589572320000000000e+02 1.089383624999999900e+03 3.373802400000000300e+01 3.541592187499999800e+02 1.252192079999999900e+02
3.125683484472582800e-02 1.443544281250000000e+03 1.590119520000000100e+02 1.090173000000000000e+03 3.375761599999999900e+01 3.533712812499999800e+02 1.252543360000000000e+02
3.130896331935863900e-02 1.443548156249999900e+03 1.590414319999999900e+02 1.090627874999999900e+03 3.376587200000000200e+01 3.529202812500000200e+02 1.252755600000000000e+02
3.133828513936063500e-02 1.443553375000000000e+03 1.590566000000000000e+02 1.090890124999999900e+03 3.376815200000000100e+01 3.526632500000000100e+02 1.252884480000000000e+02
3.135477687519589600e-02 1.443575000000000000e+03 1.590618440000000100e+02 1.091050750000000100e+03 3.376590800000000300e+01 3.525242499999999900e+02 1.252959360000000000e+02
3.135987958704258800e-02 1.443596218749999900e+03 1.590613160000000100e+02 1.091107749999999900e+03 3.376349199999999900e+01 3.524884687499999800e+02 1.252978240000000100e+02
3.136275097990375700e-02 1.443626593750000200e+03 1.590587560000000200e+02 1.091147875000000100e+03 3.376062799999999700e+01 3.524787187499999800e+02 1.252981280000000100e+02
3.136436725583557200e-02 1.443660093750000000e+03 1.590554359999999900e+02 1.091177250000000000e+03 3.375789999999999900e+01 3.524828437499999700e+02 1.252975359999999900e+02
3.136601571425275800e-02 1.443745156250000000e+03 1.590468319999999900e+02 1.091227750000000000e+03 3.375229600000000100e+01 3.525174062500000200e+02 1.252945359999999900e+02
3.136973100339691300e-02 1.443931906249999900e+03 1.590193600000000100e+02 1.091330375000000000e+03 3.373288800000000300e+01 3.526015312499999900e+02 1.252864720000000000e+02
3.137809129792919200e-02 1.443628562500000000e+03 1.590516920000000000e+02 1.091318625000000100e+03 3.374105200000000300e+01 3.523099374999999900e+02 1.253106400000000100e+02
3.139690017271095500e-02 1.443523812499999800e+03 1.590742799999999900e+02 1.091487249999999900e+03 3.374365600000000100e+01 3.520365625000000000e+02 1.253306240000000000e+02
3.142017526129546600e-02 1.443428406250000100e+03 1.590910040000000000e+02 1.091687500000000000e+03 3.374392400000000000e+01 3.517409062500000200e+02 1.253470800000000100e+02
3.143326638117684100e-02 1.443452468750000200e+03 1.590953119999999800e+02 1.091839625000000100e+03 3.374022399999999800e+01 3.516128437500000200e+02 1.253550879999999900e+02
3.143661335965511300e-02 1.443472593750000000e+03 1.590952800000000000e+02 1.091885874999999900e+03 3.373844799999999800e+01 3.515867187499999900e+02 1.253568320000000000e+02
3.144075774860417800e-02 1.443531031249999800e+03 1.590915160000000100e+02 1.091962749999999900e+03 3.373332400000000300e+01 3.515682812499999800e+02 1.253581920000000000e+02
3.144499510917763600e-02 1.443679781249999900e+03 1.590767439999999900e+02 1.092088000000000000e+03 3.372027200000000100e+01 3.515917812500000000e+02 1.253564720000000000e+02
3.145452470067828400e-02 1.443578906250000000e+03 1.590964319999999900e+02 1.092168875000000100e+03 3.372282400000000300e+01 3.514100312499999700e+02 1.253736080000000000e+02
3.147597611509193900e-02 1.443561375000000000e+03 1.591193400000000200e+02 1.092408750000000100e+03 3.372695600000000100e+01 3.511526250000000000e+02 1.253923840000000100e+02
3.152423196398546100e-02 1.443515406250000100e+03 1.591511800000000100e+02 1.092875500000000100e+03 3.372946000000000300e+01 3.506399062500000200e+02 1.254217199999999900e+02
3.163281209378551700e-02 1.443536312500000100e+03 1.592096480000000200e+02 1.093778250000000100e+03 3.374860000000000300e+01 3.497580624999999900e+02 1.254610480000000100e+02
3.187712006770943700e-02 1.443545468750000100e+03 1.593422960000000000e+02 1.095868125000000000e+03 3.377577600000000000e+01 3.476773437499999800e+02 1.255665200000000000e+02
3.201454285606266500e-02 1.443540031249999900e+03 1.594257240000000000e+02 1.096976249999999900e+03 3.380841999999999800e+01 3.465637812499999800e+02 1.256173040000000000e+02
3.232374144798368100e-02 1.443543375000000200e+03 1.596061400000000100e+02 1.099382125000000100e+03 3.388392400000000000e+01 3.441612500000000000e+02 1.257222160000000000e+02
3.301944453751142600e-02 1.443541531249999900e+03 1.599992040000000200e+02 1.104651374999999900e+03 3.404628400000000000e+01 3.388901562500000200e+02 1.259529200000000100e+02
3.385428681461204200e-02 1.443541749999999900e+03 1.604527320000000000e+02 1.110665749999999900e+03 3.424189200000000000e+01 3.328759999999999800e+02 1.262108400000000000e+02
3.468912551588095000e-02 1.443542562500000000e+03 1.608942840000000000e+02 1.116300625000000100e+03 3.445708400000000200e+01 3.272419375000000100e+02 1.264372000000000000e+02
3.625445299752875400e-02 1.443542375000000000e+03 1.616686399999999800e+02 1.126238875000000000e+03 3.481568000000000000e+01 3.173034999999999900e+02 1.268529600000000000e+02
3.813284812100514000e-02 1.443542593749999900e+03 1.625182520000000200e+02 1.136709750000000000e+03 3.521121999999999700e+01 3.068328437499999900e+02 1.273070320000000100e+02
4.165483495471269300e-02 1.443542593749999900e+03 1.638982240000000000e+02 1.152784375000000000e+03 3.578989599999999900e+01 2.907582187500000300e+02 1.281083280000000000e+02
4.601329464477951100e-02 1.443542500000000000e+03 1.653462360000000000e+02 1.167562750000000100e+03 3.638094000000000200e+01 2.759797500000000200e+02 1.289652960000000000e+02
4.846492777346313200e-02 1.443542531249999900e+03 1.660704760000000100e+02 1.173987625000000000e+03 3.666850800000000300e+01 2.695549062499999900e+02 1.294019680000000100e+02
5.097227951181395500e-02 1.443542468750000100e+03 1.667691959999999900e+02 1.179860750000000100e+03 3.694352399999999600e+01 2.636817187500000200e+02 1.298256720000000000e+02
5.174799183579836100e-02 1.443542687500000100e+03 1.669794320000000000e+02 1.181433000000000000e+03 3.703791199999999900e+01 2.621096875000000100e+02 1.299415200000000000e+02
5.218432912408165600e-02 1.443542421874999900e+03 1.670934399999999900e+02 1.182267875000000000e+03 3.708866400000000100e+01 2.612745468750000000e+02 1.300047759999999900e+02
5.229589507335753000e-02 1.443542609375000200e+03 1.671218079999999900e+02 1.182468000000000100e+03 3.710084799999999900e+01 2.610746093750000200e+02 1.300209600000000000e+02
5.235864734399350200e-02 1.443542546875000000e+03 1.671376040000000100e+02 1.182578625000000100e+03 3.710752399999999800e+01 2.609639218749999800e+02 1.300300800000000000e+02
5.249984621062992600e-02 1.443542562500000000e+03 1.671719359999999900e+02 1.182808125000000000e+03 3.712087199999999900e+01 2.607344375000000100e+02 1.300510640000000000e+02
5.281754097868809200e-02 1.443542578124999900e+03 1.672332160000000000e+02 1.183103374999999900e+03 3.713703199999999800e+01 2.604392031250000100e+02 1.300961839999999900e+02
5.353235331286104000e-02 1.443542625000000000e+03 1.674000159999999900e+02 1.184008750000000000e+03 3.719830400000000000e+01 2.595338750000000200e+02 1.302017119999999900e+02
5.514068732245566700e-02 1.443542640624999900e+03 1.677834520000000100e+02 1.186050250000000000e+03 3.734360399999999900e+01 2.574923906249999800e+02 1.304398480000000100e+02
5.713099525088356100e-02 1.443542421874999900e+03 1.682679840000000100e+02 1.188775500000000000e+03 3.754152800000000000e+01 2.547669218750000100e+02 1.307264560000000100e+02
5.763988258868154400e-02 1.443542578125000100e+03 1.683876200000000000e+02 1.189420750000000000e+03 3.758932399999999800e+01 2.541218281250000100e+02 1.307982959999999900e+02
5.826962946236334500e-02 1.443542937499999900e+03 1.685207199999999800e+02 1.190031250000000000e+03 3.763848000000000100e+01 2.535116874999999900e+02 1.308822400000000000e+02
5.891368681453880400e-02 1.443542578125000100e+03 1.686640600000000100e+02 1.190691125000000100e+03 3.769321999999999700e+01 2.528514531250000100e+02 1.309708400000000100e+02
5.971071109550027400e-02 1.443542328125000000e+03 1.688463560000000100e+02 1.191578874999999900e+03 3.776398799999999800e+01 2.519634531250000000e+02 1.310823680000000000e+02
6.052585053989223400e-02 1.443542781250000000e+03 1.690282279999999800e+02 1.192434999999999900e+03 3.783474799999999800e+01 2.511077812499999900e+02 1.311934799999999900e+02
6.235990892602658700e-02 1.443542640625000100e+03 1.694290279999999900e+02 1.194176875000000100e+03 3.798822799999999900e+01 2.493657656249999900e+02 1.314408000000000000e+02
6.339156498031130200e-02 1.443542671875000000e+03 1.696532280000000100e+02 1.195154749999999900e+03 3.807417999999999800e+01 2.483879218749999900e+02 1.315790480000000000e+02
6.571279467828362900e-02 1.443542609375000000e+03 1.701389240000000000e+02 1.197081375000000000e+03 3.825477200000000300e+01 2.464612343750000000e+02 1.318841520000000000e+02
6.701848817130891300e-02 1.443542703125000100e+03 1.704086920000000000e+02 1.198115500000000100e+03 3.835168399999999900e+01 2.454272031250000100e+02 1.320570080000000000e+02
6.995629137895238700e-02 1.443542593750000200e+03 1.709870239999999900e+02 1.199863000000000100e+03 3.854207199999999700e+01 2.436795937500000100e+02 1.324449520000000000e+02
7.000000234574560400e-02 1.443539734375000100e+03 1.709956760000000000e+02 1.199885125000000000e+03 3.854486000000000000e+01 2.436546093750000100e+02 1.324508160000000000e+02
