0.000000000000000000e+00 0.000000000000000000e+00 0.000000000000000000e+00 0.000000000000000000e+00 0.000000000000000000e+00 0.000000000000000000e+00 0.000000000000000000e+00
-2.345165670502953100e-07 1.379179906249999900e+03 -4.248436355590820300e-04 9.912775000000000300e+02 -7.587226104736328600e-05 3.879024062500000100e+02 -3.489713745117187300e-04
1.399770150096852100e-03 1.379179281250000000e+03 1.920314600000000000e+01 9.839313750000000000e+02 1.034743600000000000e+01 3.952479062500000300e+02 8.855710000000000200e+00
4.024779109238090800e-03 1.379179562500000000e+03 5.495457000000000400e+01 9.695150625000000000e+02 2.933835200000000000e+01 4.096644999999999800e+02 2.561621800000000000e+01
4.393920930357224400e-03 1.379179031250000000e+03 5.989892000000000400e+01 9.676419375000000400e+02 3.196318200000000000e+01 4.115370937500000000e+02 2.793573800000000100e+01
4.508124264012401900e-03 1.379178281250000100e+03 6.141138399999999800e+01 9.672178750000000500e+02 3.277516200000000200e+01 4.119604062500000100e+02 2.863622200000000000e+01
4.624922888909738400e-03 1.379179124999999900e+03 6.293735600000000100e+01 9.669986874999999600e+02 3.359230000000000200e+01 4.121804374999999800e+02 2.934505600000000000e+01
4.690622387457597500e-03 1.379176437500000000e+03 6.378266000000000700e+01 9.670074375000000400e+02 3.405017200000000300e+01 4.121689999999999800e+02 2.973248800000000000e+01
4.771925190458844700e-03 1.379178156250000000e+03 6.481429400000000400e+01 9.671726875000000500e+02 3.461171600000000100e+01 4.120054687499999800e+02 3.020257799999999900e+01
4.855075710243819000e-03 1.379176875000000100e+03 6.585616799999999700e+01 9.674900625000000200e+02 3.518489999999999900e+01 4.116868124999999700e+02 3.067126800000000100e+01
4.901848263017268000e-03 1.379176406249999900e+03 6.643357999999999200e+01 9.677403124999999600e+02 3.550676399999999700e+01 4.114360937500000000e+02 3.092681599999999900e+01
5.007085781309242700e-03 1.379178375000000000e+03 6.771632200000000500e+01 9.684883750000000200e+02 3.623092400000000200e+01 4.106900000000000000e+02 3.148539800000000000e+01
5.137317169389097100e-03 1.379182062500000000e+03 6.926167599999999400e+01 9.697059375000000000e+02 3.710237600000000000e+01 4.094761250000000200e+02 3.215930000000000200e+01
5.270508749198827200e-03 1.379195218750000100e+03 7.071654799999998900e+01 9.719130000000000100e+02 3.780957999999999700e+01 4.072822187500000300e+02 3.290696799999999900e+01
5.345428695458174700e-03 1.379170499999999900e+03 7.156226399999999900e+01 9.731353749999999500e+02 3.825059199999999700e+01 4.060351249999999900e+02 3.331167200000000200e+01
5.387571437272165400e-03 1.379171343750000000e+03 7.203002800000000100e+01 9.737946250000000000e+02 3.850540000000000200e+01 4.053767187500000100e+02 3.352462800000000000e+01
5.482392243629500200e-03 1.379180156250000000e+03 7.303452799999999500e+01 9.754848124999999800e+02 3.903810000000000000e+01 4.036953437500000100e+02 3.399642800000000200e+01
5.695738967252470500e-03 1.379187124999999900e+03 7.524728400000000800e+01 9.798505625000000200e+02 4.017550800000000100e+01 3.993365625000000100e+02 3.507177600000000000e+01
5.959755351839771500e-03 1.379175406249999900e+03 7.790175600000000600e+01 9.855499375000000600e+02 4.158338799999999900e+01 3.936254687499999800e+02 3.631836800000000000e+01
6.108265134926602800e-03 1.379181218750000000e+03 7.932608799999999900e+01 9.891307500000000300e+02 4.232028799999999800e+01 3.900504687499999900e+02 3.700580000000000100e+01
6.260149340714455400e-03 1.379170250000000100e+03 8.068125600000000500e+01 9.933968750000000200e+02 4.297106000000000100e+01 3.857733749999999900e+02 3.771019600000000300e+01
6.601889891909552000e-03 1.379178312499999900e+03 8.372073199999999800e+01 1.002902125000000000e+03 4.447093999999999900e+01 3.762761874999999900e+02 3.924979199999999900e+01
7.370805588012305800e-03 1.379179937500000100e+03 9.005579599999998700e+01 1.026393875000000000e+03 4.754227199999999700e+01 3.527860625000000100e+02 4.251352399999999700e+01
8.322338381079113000e-03 1.379176718750000000e+03 9.712176399999999900e+01 1.057086375000000100e+03 5.085063199999999700e+01 3.220903437499999900e+02 4.627113200000000100e+01
9.295497512991491100e-03 1.379178843749999900e+03 1.036732840000000000e+02 1.088761500000000100e+03 5.377915999999999700e+01 2.904173437499999900e+02 4.989412399999999800e+01
9.842899025946505800e-03 1.379179625000000000e+03 1.070342400000000000e+02 1.107108250000000000e+03 5.518351200000000000e+01 2.720713749999999900e+02 5.185072799999999700e+01
1.107455351826772100e-02 1.379178718749999900e+03 1.139566519999999900e+02 1.147055875000000000e+03 5.783059999999999700e+01 2.321228437499999900e+02 5.612605200000000100e+01
1.259872544470142500e-02 1.379179156250000000e+03 1.206875760000000100e+02 1.189028875000000000e+03 6.065351199999999900e+01 1.901502812500000100e+02 6.003406400000000100e+01
1.298842900930683600e-02 1.379180124999999900e+03 1.220197359999999900e+02 1.198090999999999900e+03 6.128418800000000000e+01 1.810891250000000000e+02 6.073554800000000100e+01
1.347068671710085200e-02 1.379178656249999900e+03 1.235198000000000000e+02 1.208595499999999900e+03 6.200556400000000000e+01 1.705831562500000000e+02 6.151423599999999700e+01
1.396390449759551400e-02 1.379180031250000000e+03 1.249129760000000000e+02 1.218689500000000000e+03 6.267380000000000000e+01 1.604905312500000000e+02 6.223917600000000000e+01
1.457426186368180000e-02 1.379179500000000000e+03 1.263921359999999900e+02 1.229768624999999900e+03 6.343132399999999600e+01 1.494108750000000000e+02 6.296081199999999700e+01
1.491758751938119400e-02 1.379179843749999900e+03 1.271444439999999900e+02 1.235655999999999900e+03 6.381163999999999700e+01 1.435238437500000000e+02 6.333280400000000300e+01
1.511070765662588800e-02 1.379179765625000100e+03 1.275456279999999900e+02 1.238894875000000000e+03 6.401507200000000400e+01 1.402848906250000000e+02 6.353055599999999700e+01
1.516008601964163900e-02 1.379191437500000100e+03 1.276448039999999900e+02 1.239726000000000100e+03 6.406627600000000200e+01 1.394654375000000100e+02 6.357852799999999900e+01
1.517536250964231100e-02 1.379205234375000100e+03 1.276750600000000000e+02 1.239993625000000100e+03 6.408252400000000600e+01 1.392116093749999900e+02 6.359253600000000300e+01
1.519098576392355500e-02 1.379329812500000100e+03 1.277062560000000000e+02 1.240389500000000000e+03 6.410377599999999600e+01 1.389403125000000000e+02 6.360248000000000000e+01
1.519977384445675600e-02 1.379707281249999800e+03 1.277103840000000000e+02 1.240962749999999900e+03 6.411520799999999600e+01 1.387445312499999900e+02 6.359517600000000200e+01
1.521954666293231500e-02 1.379149921875000000e+03 1.277144199999999900e+02 1.240873875000000000e+03 6.412005999999999500e+01 1.382760468749999900e+02 6.359436000000000200e+01
1.526403695539889200e-02 1.378977515625000000e+03 1.278133400000000100e+02 1.241348500000000100e+03 6.416216400000000400e+01 1.376290156249999900e+02 6.365117600000000000e+01
1.536413866255211800e-02 1.379201953125000000e+03 1.280191399999999900e+02 1.243090375000000000e+03 6.426475200000000100e+01 1.361115781249999900e+02 6.375438799999999900e+01
1.558936859181931000e-02 1.379178531250000100e+03 1.284620120000000200e+02 1.246733625000000100e+03 6.448425199999999800e+01 1.324449062500000000e+02 6.397776000000000400e+01
1.609613774629120200e-02 1.379180203125000200e+03 1.293274559999999800e+02 1.254325125000000100e+03 6.494629999999999400e+01 1.248550781250000100e+02 6.438115600000000400e+01
1.723636544205981600e-02 1.379179656250000100e+03 1.309301120000000100e+02 1.269584000000000100e+03 6.582780800000000500e+01 1.095956562500000000e+02 6.510230400000000400e+01
1.787774297684344800e-02 1.379179125000000100e+03 1.317031640000000200e+02 1.277412250000000100e+03 6.623655999999999700e+01 1.017668750000000000e+02 6.546660400000000400e+01
1.932084388100319100e-02 1.379180007812500000e+03 1.330955040000000100e+02 1.292812625000000000e+03 6.697227599999999400e+01 8.636738281249999700e+01 6.612322799999999700e+01
2.074139640154621900e-02 1.379174164062500000e+03 1.340572960000000100e+02 1.303698500000000000e+03 6.757049600000000600e+01 7.547566406250000200e+01 6.648680000000000200e+01
2.099253063819986300e-02 1.379178851562500100e+03 1.342051280000000000e+02 1.305436875000000100e+03 6.766356799999999800e+01 7.374197656250000000e+01 6.654156000000000400e+01
2.113379283018821500e-02 1.379178125000000100e+03 1.342836240000000000e+02 1.306398625000000000e+03 6.771273600000000700e+01 7.277949999999999900e+01 6.657088799999999700e+01
2.116991144943759400e-02 1.379176734375000000e+03 1.343019640000000000e+02 1.306638250000000000e+03 6.772382399999999300e+01 7.253848437499999600e+01 6.657814000000000500e+01
2.119022835412744500e-02 1.379173835937499900e+03 1.343107919999999900e+02 1.306767750000000000e+03 6.772885599999999300e+01 7.240608593749999500e+01 6.658193599999999900e+01
2.120165561552409000e-02 1.379170109375000000e+03 1.343143640000000100e+02 1.306836375000000100e+03 6.773059999999999500e+01 7.233373437500000600e+01 6.658376400000000200e+01
2.121579750440589700e-02 1.379180609374999900e+03 1.343068680000000100e+02 1.306921374999999900e+03 6.772367199999999300e+01 7.225923437500000500e+01 6.658319600000000100e+01
2.121941458955849500e-02 1.379203749999999900e+03 1.342998759999999800e+02 1.306964999999999900e+03 6.771712800000000200e+01 7.223874999999999600e+01 6.658274799999999500e+01
2.122144729565507800e-02 1.379242242187500100e+03 1.342918920000000200e+02 1.307004750000000100e+03 6.771068800000000500e+01 7.223749218749999600e+01 6.658120400000000000e+01
2.122396460120652000e-02 1.379491984375000100e+03 1.342563519999999900e+02 1.307192125000000000e+03 6.768432799999999400e+01 7.229985937499999700e+01 6.657202399999999900e+01
2.122653849172425100e-02 1.380712046875000200e+03 1.340975720000000100e+02 1.308067500000000100e+03 6.756904799999999500e+01 7.264454687500000300e+01 6.652852400000000400e+01
2.123117265537342900e-02 1.381185453125000100e+03 1.337355320000000100e+02 1.308396125000000000e+03 6.727686400000000300e+01 7.278932812499999700e+01 6.645866800000000300e+01
2.123696463448660600e-02 1.379737250000000100e+03 1.337329599999999900e+02 1.307316000000000000e+03 6.726704800000000300e+01 7.242125000000000100e+01 6.646591200000000300e+01
2.124999658749126400e-02 1.379255226562500200e+03 1.339096640000000200e+02 1.307127750000000100e+03 6.739614400000000700e+01 7.212747656249999300e+01 6.651352000000000000e+01
2.127931920720002900e-02 1.378499867187499800e+03 1.339890560000000100e+02 1.306825374999999900e+03 6.743901599999999500e+01 7.167449218749999300e+01 6.655003999999999600e+01
2.134529292519988700e-02 1.379187859375000000e+03 1.340242000000000100e+02 1.307917750000000100e+03 6.744903200000000300e+01 7.127010937500000400e+01 6.657516800000000500e+01
2.142693632617127800e-02 1.379203789062499900e+03 1.339926160000000000e+02 1.308511874999999900e+03 6.740464000000000100e+01 7.069191406250000400e+01 6.658797599999999800e+01
2.144781037514455900e-02 1.379232507812500000e+03 1.339719519999999900e+02 1.308682624999999900e+03 6.738324000000000100e+01 7.054988281250000200e+01 6.658871200000000100e+01
2.149477879895515100e-02 1.379207703124999900e+03 1.338607840000000000e+02 1.309058624999999900e+03 6.727095199999999400e+01 7.014907812500000300e+01 6.658983200000000100e+01
2.160045630163242100e-02 1.379231023437500000e+03 1.337035119999999900e+02 1.310076749999999900e+03 6.708126400000000400e+01 6.915427343749999500e+01 6.662224799999999900e+01
2.183823213355283100e-02 1.379173648437500100e+03 1.336632960000000000e+02 1.311615125000000000e+03 6.698008000000000100e+01 6.755852343750000000e+01 6.668321600000000200e+01
2.237322702992548100e-02 1.379177050781250000e+03 1.338982720000000200e+02 1.314226500000000000e+03 6.714376000000000000e+01 6.495055078125000100e+01 6.675451200000000500e+01
2.357696627221223000e-02 1.379180074218750000e+03 1.344331560000000000e+02 1.319732250000000000e+03 6.756854400000000300e+01 5.944782421875000000e+01 6.686461199999999400e+01
2.447977070392728600e-02 1.379179378906250100e+03 1.346807519999999800e+02 1.323479125000000100e+03 6.775991999999999400e+01 5.570025390624999800e+01 6.692083200000000400e+01
2.485217813050458500e-02 1.379179378906249900e+03 1.347602520000000100e+02 1.325004375000000000e+03 6.782344000000000500e+01 5.417500390624999800e+01 6.693681200000000300e+01
2.523304718588650900e-02 1.379179812500000000e+03 1.348229000000000000e+02 1.326442749999999900e+03 6.787018399999999500e+01 5.273706250000000000e+01 6.695271599999999500e+01
2.570437383891131100e-02 1.379177152343750100e+03 1.348597720000000200e+02 1.327922125000000100e+03 6.789232800000000600e+01 5.125502734375000100e+01 6.696744400000000000e+01
2.596949616941019600e-02 1.379179039062500100e+03 1.348949360000000000e+02 1.328795000000000100e+03 6.792048800000000600e+01 5.038403906250000100e+01 6.697444799999999500e+01
2.611862802440202700e-02 1.379178019531250100e+03 1.349122439999999900e+02 1.329282625000000100e+03 6.793488000000000700e+01 4.989539453124999800e+01 6.697736399999999400e+01
2.627114627199160200e-02 1.379179652343749900e+03 1.349266600000000000e+02 1.329762874999999900e+03 6.794658400000000100e+01 4.941677734374999900e+01 6.698007599999999700e+01
2.635694068805387700e-02 1.379181124999999800e+03 1.349261239999999900e+02 1.329997249999999900e+03 6.794560799999999300e+01 4.918387500000000000e+01 6.698051599999999400e+01
2.654997377150428500e-02 1.379178593749999900e+03 1.349474400000000000e+02 1.330588125000000000e+03 6.796255999999999600e+01 4.859046874999999900e+01 6.698488000000000400e+01
2.698429966016427000e-02 1.379179257812500100e+03 1.349770040000000200e+02 1.331848375000000000e+03 6.798210400000000700e+01 4.733088281250000100e+01 6.699490000000000100e+01
2.752177558967408200e-02 1.379178449218750100e+03 1.349953400000000000e+02 1.333304875000000000e+03 6.798862400000000200e+01 4.587357421875000100e+01 6.700671599999999700e+01
2.765919870933441000e-02 1.379179617187500100e+03 1.349902440000000200e+02 1.333656750000000100e+03 6.798222400000000200e+01 4.552286718749999700e+01 6.700802000000000200e+01
2.773649957686748900e-02 1.379181984375000200e+03 1.349718360000000000e+02 1.333829625000000100e+03 6.796472799999999400e+01 4.535235937499999900e+01 6.700710800000000200e+01
2.791042435247205500e-02 1.379178445312499900e+03 1.349770839999999900e+02 1.334296750000000000e+03 6.796627200000000400e+01 4.488169531250000000e+01 6.701081200000000100e+01
2.830176017572033600e-02 1.379179316406249900e+03 1.349645280000000000e+02 1.335306875000000000e+03 6.795001600000000500e+01 4.387244140624999700e+01 6.701451199999999600e+01
2.842282878922741300e-02 1.379179648437500000e+03 1.349609439999999800e+02 1.335603249999999900e+03 6.794408000000000000e+01 4.357639843750000400e+01 6.701686399999999800e+01
2.849093097249757700e-02 1.379178847656249900e+03 1.349574559999999800e+02 1.335768750000000000e+03 6.793956799999999400e+01 4.341009765625000200e+01 6.701788799999999900e+01
2.852923754377668600e-02 1.379188035156250000e+03 1.349455439999999800e+02 1.335866749999999900e+03 6.792830399999999700e+01 4.332128515624999900e+01 6.701724000000000100e+01
2.853462327184986400e-02 1.379223011718749800e+03 1.349352519999999900e+02 1.335910249999999900e+03 6.791963199999999300e+01 4.331276171874999600e+01 6.701561999999999800e+01
2.853765274389102200e-02 1.379297484375000100e+03 1.349209359999999800e+02 1.335978125000000100e+03 6.790811999999999700e+01 4.331935937499999800e+01 6.701281600000000100e+01
2.854075185896761900e-02 1.379425777343750000e+03 1.348943640000000000e+02 1.336085750000000000e+03 6.788694400000000000e+01 4.334002734375000200e+01 6.700741999999999600e+01
2.854772486788994700e-02 1.379233734374999800e+03 1.348891080000000200e+02 1.335946999999999900e+03 6.788122400000000300e+01 4.328673437500000200e+01 6.700788400000000400e+01
2.856341486341347800e-02 1.379158929687499900e+03 1.349084920000000200e+02 1.335936625000000000e+03 6.789362400000000300e+01 4.322230468749999900e+01 6.701486800000000700e+01
2.859871517699656700e-02 1.379101558593750000e+03 1.349167360000000100e+02 1.335969750000000000e+03 6.789753600000000200e+01 4.313180859375000200e+01 6.701919999999999800e+01
2.861856924568012900e-02 1.379126003906249900e+03 1.349124560000000200e+02 1.336037499999999900e+03 6.789312800000000400e+01 4.308850390624999700e+01 6.701932800000000200e+01
2.862973824748705700e-02 1.379169562500000000e+03 1.349032800000000000e+02 1.336105749999999900e+03 6.788468799999999700e+01 4.306381249999999700e+01 6.701859199999999800e+01
2.864355948822657600e-02 1.379370164062500200e+03 1.348555480000000000e+02 1.336309500000000100e+03 6.784497600000000300e+01 4.306066406250000300e+01 6.701057199999999600e+01
2.864709387227459800e-02 1.379574953125000100e+03 1.348189480000000100e+02 1.336464750000000100e+03 6.781755200000000600e+01 4.311020312499999800e+01 6.700139600000000000e+01
2.865504478548608000e-02 1.380124695312500100e+03 1.346273239999999900e+02 1.336758250000000100e+03 6.768295200000000000e+01 4.336644531249999800e+01 6.694437200000000100e+01
2.867293724200505400e-02 1.379321730468750000e+03 1.347025840000000000e+02 1.336216249999999900e+03 6.772859200000000600e+01 4.310548046875000200e+01 6.697399199999999600e+01
2.871319091648303100e-02 1.378767242187500000e+03 1.347641280000000000e+02 1.335951499999999900e+03 6.776088000000000000e+01 4.281574218750000000e+01 6.700324799999999900e+01
2.880376168405848400e-02 1.379228726562500000e+03 1.347880040000000000e+02 1.336642875000000000e+03 6.776858400000000400e+01 4.258585156249999700e+01 6.701941999999999700e+01
2.881649765416256800e-02 1.379283792968750000e+03 1.347854879999999900e+02 1.336721000000000000e+03 6.776500799999999500e+01 4.256279296875000300e+01 6.702048000000000600e+01
2.882366218143233100e-02 1.379307683593750000e+03 1.347829400000000000e+02 1.336757625000000000e+03 6.776208800000000600e+01 4.255005859375000200e+01 6.702085200000000500e+01
2.882769277210778200e-02 1.379355707031249900e+03 1.347739359999999900e+02 1.336807749999999900e+03 6.775353599999999700e+01 4.254795703125000000e+01 6.702039999999999500e+01
2.883676087567927200e-02 1.380627968750000000e+03 1.344933760000000100e+02 1.337708125000000100e+03 6.752263999999999600e+01 4.291984374999999800e+01 6.697073600000000200e+01
2.885716048147369100e-02 1.379471437499999900e+03 1.345598640000000000e+02 1.336970875000000000e+03 6.754335199999999900e+01 4.250056250000000100e+01 6.701651200000000600e+01
2.890306394720084900e-02 1.378751289062500100e+03 1.346147520000000100e+02 1.336571750000000100e+03 6.756184799999999800e+01 4.217953906249999800e+01 6.705290399999999800e+01
2.900634747053523800e-02 1.379243167968750000e+03 1.345955160000000000e+02 1.337204125000000000e+03 6.750990400000000600e+01 4.203904296875000300e+01 6.708561199999999800e+01
2.923873467258933400e-02 1.379180718749999900e+03 1.346086599999999900e+02 1.337552124999999900e+03 6.751204799999999300e+01 4.162859375000000000e+01 6.709661199999999300e+01
2.931062949949723300e-02 1.379199476562500000e+03 1.345956600000000100e+02 1.337702749999999900e+03 6.749434399999999800e+01 4.149672656250000100e+01 6.710131599999999700e+01
2.938415803594457400e-02 1.379135117187499900e+03 1.345652240000000000e+02 1.337806374999999900e+03 6.744425599999999600e+01 4.132874218749999800e+01 6.712096800000000500e+01
2.954959796839937100e-02 1.379174652343750000e+03 1.345731280000000000e+02 1.338148250000000000e+03 6.745351200000000300e+01 4.102640234375000000e+01 6.711961599999999400e+01
2.992183418918124100e-02 1.379180039062500100e+03 1.345668640000000100e+02 1.338812875000000100e+03 6.746482399999999300e+01 4.036716406250000200e+01 6.710204000000000200e+01
3.075937003863015600e-02 1.379180203124999900e+03 1.345186360000000100e+02 1.340199499999999900e+03 6.743200799999999600e+01 3.898070312499999800e+01 6.708662800000000500e+01
3.264382642533850100e-02 1.379179433593750000e+03 1.342534640000000100e+02 1.342735500000000000e+03 6.713388799999999900e+01 3.644393359375000300e+01 6.711957599999999500e+01
3.370383114787916400e-02 1.379179175781249800e+03 1.340592560000000000e+02 1.344071999999999900e+03 6.690008000000000300e+01 3.510717578125000000e+01 6.715917600000000200e+01
3.501558963990947900e-02 1.379178535156250100e+03 1.337591840000000000e+02 1.345271500000000100e+03 6.654098399999999500e+01 3.390703515624999700e+01 6.721819999999999600e+01
3.635715825289655100e-02 1.379178640625000100e+03 1.334073280000000100e+02 1.346159875000000100e+03 6.612694399999999500e+01 3.301876562500000000e+01 6.728038399999999800e+01
3.711179277404664400e-02 1.379179283203124900e+03 1.331842800000000000e+02 1.346581375000000000e+03 6.586850400000000100e+01 3.259790820312500200e+01 6.731577600000000000e+01
3.785463440786408100e-02 1.379177382812499900e+03 1.329595840000000100e+02 1.346884499999999900e+03 6.560795199999999700e+01 3.229288281249999700e+01 6.735163199999999500e+01
3.791432719460619000e-02 1.379178796875000000e+03 1.329416280000000100e+02 1.346908500000000000e+03 6.558729200000000500e+01 3.227029687500000000e+01 6.735433600000000400e+01
3.798819524085124400e-02 1.379206259765625000e+03 1.329153079999999800e+02 1.346965999999999900e+03 6.555671599999999400e+01 3.224025976562499800e+01 6.735859200000000200e+01
3.800708301241823000e-02 1.379280197265625000e+03 1.328937159999999800e+02 1.347057624999999900e+03 6.553416400000000400e+01 3.222257226562499700e+01 6.735955199999999400e+01
3.801770647711429800e-02 1.379468304687500000e+03 1.328521160000000000e+02 1.347162750000000000e+03 6.550322799999999300e+01 3.230555468749999900e+01 6.734888800000000200e+01
3.803682929392585000e-02 1.379498783203125000e+03 1.327851039999999900e+02 1.347166625000000100e+03 6.544489600000000000e+01 3.233215820312499700e+01 6.734020800000000400e+01
3.806073426583686500e-02 1.379047513671874900e+03 1.328100760000000100e+02 1.346903749999999900e+03 6.544733200000000300e+01 3.214376367187500000e+01 6.736274400000000600e+01
3.811451900174007300e-02 1.378971472656249900e+03 1.328170759999999900e+02 1.346935125000000000e+03 6.543547599999999400e+01 3.203634765625000100e+01 6.738160000000000600e+01
3.823553248117743400e-02 1.379212800781250100e+03 1.328074199999999800e+02 1.347236000000000100e+03 6.541301199999999500e+01 3.197680078124999900e+01 6.739440799999999900e+01
3.850781353535979300e-02 1.379176898437500100e+03 1.327311400000000100e+02 1.347238250000000100e+03 6.533383600000000500e+01 3.193864843749999900e+01 6.739730400000000500e+01
3.884476395152428700e-02 1.379179132812500000e+03 1.326439599999999900e+02 1.347260250000000000e+03 6.523919200000000300e+01 3.191888281250000100e+01 6.740476800000000400e+01
3.885014677780432300e-02 1.379208031250000000e+03 1.326379080000000100e+02 1.347289000000000000e+03 6.523319600000000700e+01 3.191903125000000000e+01 6.740471200000000400e+01
3.885681219665351000e-02 1.379206771484374900e+03 1.326337120000000000e+02 1.347294124999999900e+03 6.522859200000000600e+01 3.191264648437499900e+01 6.740511999999999700e+01
3.886362560695298000e-02 1.379956109375000100e+03 1.325219840000000000e+02 1.347704250000000000e+03 6.515995999999999800e+01 3.225185937500000200e+01 6.736202400000000500e+01
3.887895868191994200e-02 1.379389285156250000e+03 1.325256239999999900e+02 1.347289000000000000e+03 6.515472800000000600e+01 3.210028515625000300e+01 6.737089600000000200e+01
3.891345810059559900e-02 1.378996619140625200e+03 1.325683880000000000e+02 1.347094125000000100e+03 6.517099600000000200e+01 3.190249414062499900e+01 6.739739199999999600e+01
3.899108396896067100e-02 1.379135519531250100e+03 1.325814199999999800e+02 1.347314875000000000e+03 6.516577999999999800e+01 3.182064453125000000e+01 6.741563999999999600e+01
3.916573709464411100e-02 1.379191617187500000e+03 1.325349800000000200e+02 1.347398750000000100e+03 6.511810800000000700e+01 3.179286718750000100e+01 6.741687199999999800e+01
3.955870952922496700e-02 1.379179242187500000e+03 1.324320920000000100e+02 1.347422125000000100e+03 6.500932400000000700e+01 3.175711718750000000e+01 6.742276800000000500e+01
4.004501233666014900e-02 1.379180019531250100e+03 1.323103400000000000e+02 1.347499000000000000e+03 6.487663600000000500e+01 3.168101953125000100e+01 6.743370400000000600e+01
4.044289460523876200e-02 1.379174265624999900e+03 1.322133959999999900e+02 1.347614750000000000e+03 6.476349999999999300e+01 3.155951562500000000e+01 6.744989599999999500e+01
4.094025034275516200e-02 1.379179398437499900e+03 1.320984080000000100e+02 1.347684000000000000e+03 6.463950400000000200e+01 3.149539843750000000e+01 6.745890400000000400e+01
4.122001221965986000e-02 1.379179431640625100e+03 1.320363639999999900e+02 1.347726875000000100e+03 6.457211599999999400e+01 3.145255664062500100e+01 6.746424799999999800e+01
4.156621645415697900e-02 1.379179912109375200e+03 1.319587240000000200e+02 1.347766125000000100e+03 6.448673999999999800e+01 3.141378710937500100e+01 6.747198400000000600e+01
4.165473565398041700e-02 1.379192113281249900e+03 1.319374920000000200e+02 1.347799250000000000e+03 6.446235600000000000e+01 3.139286328125000100e+01 6.747513600000000600e+01
4.185390312813486900e-02 1.379157732421875200e+03 1.318820480000000000e+02 1.347969125000000100e+03 6.438760000000000600e+01 3.118860742187499800e+01 6.749444800000000600e+01
4.196593265600188200e-02 1.379181785156250000e+03 1.318611159999999800e+02 1.347984875000000100e+03 6.436557999999999400e+01 3.119691015624999900e+01 6.749553600000000100e+01
4.210457162698907900e-02 1.379299123046874900e+03 1.317523200000000000e+02 1.347649625000000000e+03 6.428927199999999700e+01 3.164949804687499900e+01 6.746304800000000100e+01
4.224636194532944300e-02 1.379165250000000000e+03 1.316717759999999900e+02 1.347220499999999900e+03 6.420984000000000000e+01 3.194474999999999900e+01 6.746193599999999400e+01
4.232611772986139000e-02 1.379192921874999900e+03 1.316836720000000000e+02 1.347304625000000000e+03 6.420846400000000600e+01 3.188829687500000200e+01 6.747520799999999500e+01
4.242481642003003600e-02 1.379200035156249900e+03 1.316763000000000000e+02 1.347306374999999900e+03 6.419357200000000300e+01 3.189366015625000000e+01 6.748272799999999400e+01
4.248033642823268600e-02 1.379181291015625000e+03 1.316696039999999900e+02 1.347280874999999900e+03 6.418320400000000300e+01 3.190041601562500200e+01 6.748640000000000300e+01
4.253711581465934700e-02 1.379179994140625000e+03 1.316573760000000000e+02 1.347233125000000000e+03 6.416825600000000000e+01 3.194686914062500100e+01 6.748912000000000000e+01
4.256905294998984000e-02 1.379188851562500100e+03 1.316293599999999900e+02 1.347115125000000000e+03 6.414465599999999800e+01 3.207372656249999900e+01 6.748470399999999400e+01
4.260857827438895700e-02 1.379139982421874900e+03 1.316200759999999800e+02 1.347035875000000000e+03 6.413448400000000000e+01 3.210410742187500000e+01 6.748559199999999700e+01
4.263080891165652700e-02 1.379188916015625000e+03 1.316039280000000000e+02 1.347021000000000000e+03 6.412066400000000500e+01 3.216791601562500300e+01 6.748326400000000500e+01
4.263649352442341900e-02 1.379255191406249900e+03 1.315909399999999900e+02 1.347033124999999900e+03 6.411217999999999500e+01 3.222206640625000100e+01 6.747875999999999400e+01
4.264928462859722500e-02 1.379977152343750000e+03 1.313797720000000000e+02 1.346921000000000000e+03 6.400090799999999500e+01 3.305615234375000000e+01 6.737886399999999300e+01
4.265647817379841100e-02 1.379764917968750100e+03 1.313269640000000000e+02 1.346694750000000100e+03 6.396231600000000100e+01 3.307016796874999900e+01 6.736464800000000300e+01
4.266538087516075900e-02 1.379368140624999800e+03 1.313688280000000100e+02 1.346492874999999900e+03 6.398142000000000000e+01 3.287526562499999700e+01 6.738740799999999400e+01
4.267038937012535700e-02 1.379239234375000000e+03 1.313845880000000100e+02 1.346428249999999900e+03 6.398767600000000000e+01 3.281098437499999700e+01 6.739691200000000000e+01
4.267320701126709600e-02 1.379195687499999800e+03 1.313874280000000000e+02 1.346412499999999900e+03 6.398646000000000100e+01 3.278318749999999700e+01 6.740096800000000600e+01
4.267608849185796500e-02 1.379199251953125000e+03 1.313814840000000000e+02 1.346444125000000000e+03 6.397822800000000100e+01 3.275512695312500000e+01 6.740325599999999900e+01
4.268257109773916000e-02 1.379210919921874800e+03 1.313540680000000100e+02 1.346449374999999900e+03 6.395273999999999900e+01 3.276154492187500000e+01 6.740132800000000700e+01
4.269715551007524600e-02 1.378719503906249900e+03 1.313801480000000200e+02 1.346125749999999900e+03 6.395869199999999900e+01 3.259375390625000100e+01 6.742145600000000600e+01
4.272997188872804100e-02 1.378745306640625100e+03 1.313787920000000000e+02 1.346171250000000100e+03 6.394228799999999800e+01 3.257405664062500300e+01 6.743650399999999900e+01
4.280380801524852300e-02 1.379250855468750200e+03 1.313938760000000100e+02 1.346654375000000100e+03 6.394386800000000200e+01 3.259648046875000200e+01 6.745000799999999700e+01
4.296993857447132400e-02 1.379182287109375000e+03 1.313782640000000000e+02 1.346426250000000000e+03 6.393682400000000100e+01 3.275603710937500100e+01 6.744144000000000000e+01
4.306338792084450600e-02 1.379194062500000000e+03 1.313689440000000000e+02 1.346349125000000000e+03 6.392728799999999700e+01 3.284493750000000000e+01 6.744165599999999500e+01
4.311595100183456700e-02 1.379221683593750200e+03 1.313427760000000100e+02 1.346278250000000100e+03 6.390664000000000300e+01 3.294343359375000100e+01 6.743613600000000500e+01
4.316437032221660100e-02 1.379156722656250200e+03 1.313361400000000000e+02 1.346203500000000100e+03 6.389993200000000000e+01 3.295322265624999900e+01 6.743620799999999300e+01
4.316852859179034400e-02 1.379167457031250000e+03 1.313338359999999900e+02 1.346214125000000000e+03 6.389761200000000200e+01 3.295333203125000000e+01 6.743622399999999600e+01
4.317788397288297600e-02 1.379180164062499900e+03 1.313293560000000200e+02 1.346233250000000000e+03 6.389259599999999800e+01 3.294691406249999900e+01 6.743676000000000700e+01
4.319893358034139500e-02 1.379363449218750000e+03 1.312884960000000100e+02 1.346459499999999900e+03 6.385046400000000200e+01 3.290394921875000000e+01 6.743803200000000700e+01
4.324629374622628000e-02 1.379350183593750000e+03 1.312328919999999900e+02 1.346609999999999900e+03 6.378068400000000100e+01 3.274018359374999700e+01 6.745220799999999900e+01
4.335285919760525900e-02 1.379087013671875000e+03 1.312756320000000000e+02 1.346466375000000000e+03 6.379762399999999900e+01 3.262063867187500000e+01 6.747800800000000300e+01
4.359262856141483300e-02 1.379185359375000000e+03 1.312352960000000100e+02 1.346493375000000000e+03 6.376586400000000100e+01 3.269198437499999700e+01 6.746943199999999800e+01
4.413211253177951000e-02 1.379179748046874900e+03 1.311866440000000000e+02 1.346475625000000000e+03 6.370952400000000200e+01 3.270412304687499700e+01 6.747711999999999900e+01
4.479971937478160300e-02 1.379178798828124900e+03 1.311031239999999800e+02 1.346462874999999900e+03 6.361667599999999800e+01 3.271592382812500000e+01 6.748644799999999600e+01
4.497041735641128800e-02 1.379179378906250100e+03 1.310814880000000100e+02 1.346440250000000100e+03 6.359354400000000100e+01 3.273912890625000200e+01 6.748794399999999900e+01
4.527766791975844400e-02 1.379177128906250100e+03 1.309988640000000000e+02 1.346254750000000100e+03 6.352628000000000000e+01 3.292237890625000300e+01 6.747258399999999800e+01
4.566173475118381900e-02 1.379179636718749900e+03 1.309620119999999900e+02 1.346218249999999900e+03 6.348000400000000100e+01 3.296138671874999900e+01 6.748200799999999300e+01
4.652588004375291700e-02 1.379179902343750000e+03 1.308581800000000000e+02 1.346213375000000000e+03 6.335449200000000000e+01 3.296652734375000200e+01 6.750368799999999700e+01
4.679322514779923200e-02 1.379179054687500000e+03 1.308246039999999900e+02 1.346226124999999900e+03 6.331508399999999900e+01 3.295292968750000300e+01 6.750951999999999500e+01
4.694360767563565000e-02 1.379177843750000000e+03 1.308025920000000000e+02 1.346206750000000100e+03 6.329197599999999800e+01 3.297109375000000100e+01 6.751061599999999900e+01
4.698205643477876300e-02 1.379177500000000000e+03 1.307955920000000000e+02 1.346195500000000000e+03 6.328545600000000300e+01 3.298199999999999900e+01 6.751013600000000300e+01
4.706856759374732800e-02 1.379180074218750000e+03 1.307759040000000000e+02 1.346175500000000100e+03 6.326728800000000100e+01 3.300457421875000100e+01 6.750861600000000400e+01
4.726321987777146200e-02 1.379180007812500000e+03 1.307579319999999800e+02 1.346180499999999900e+03 6.324430799999999700e+01 3.299950781249999900e+01 6.751362399999999300e+01
4.770119041861890100e-02 1.379179203125000200e+03 1.307075160000000000e+02 1.346176750000000100e+03 6.318628400000000100e+01 3.300245312500000200e+01 6.752123199999999800e+01
4.783668674763236200e-02 1.379172738281250100e+03 1.306831720000000100e+02 1.346139625000000000e+03 6.316360399999999900e+01 3.303311328125000300e+01 6.751956800000000700e+01
4.787132835417201600e-02 1.379233503906250000e+03 1.306474399999999900e+02 1.346155000000000000e+03 6.313716000000000200e+01 3.307850390624999900e+01 6.751027999999999500e+01
4.794927922336909800e-02 1.379154773437500100e+03 1.306480280000000100e+02 1.346048250000000100e+03 6.313570800000000100e+01 3.310652343750000200e+01 6.751232000000000300e+01
4.812466360092453700e-02 1.379184382812500000e+03 1.306382079999999900e+02 1.346082375000000000e+03 6.311954399999999800e+01 3.310200781249999800e+01 6.751866400000000100e+01
4.851927845042425900e-02 1.379179261718750000e+03 1.306040560000000100e+02 1.346106500000000100e+03 6.307272799999999800e+01 3.307276171875000200e+01 6.753132800000000200e+01
4.940716621448836000e-02 1.379179628906249900e+03 1.305350119999999900e+02 1.346001375000000100e+03 6.297983599999999900e+01 3.317825390624999900e+01 6.755517600000000300e+01
5.140491150728774400e-02 1.379179656250000100e+03 1.304131720000000000e+02 1.345682000000000000e+03 6.280306800000000300e+01 3.349765624999999900e+01 6.761010400000000700e+01
5.589983551429320000e-02 1.379179437499999900e+03 1.302571000000000100e+02 1.344116749999999900e+03 6.248906000000000200e+01 3.506268750000000300e+01 6.776803999999999900e+01
5.842823171913034300e-02 1.379179484375000100e+03 1.302190640000000000e+02 1.342835375000000100e+03 6.234800800000000000e+01 3.634410937500000200e+01 6.787105599999999600e+01
5.985045857431681200e-02 1.379179648437500000e+03 1.302122200000000000e+02 1.342046000000000000e+03 6.227810800000000300e+01 3.713364843750000000e+01 6.793411199999999900e+01
6.065045972946262600e-02 1.379179585937500000e+03 1.302065240000000000e+02 1.341587874999999900e+03 6.223961200000000100e+01 3.759171093749999700e+01 6.796691199999999400e+01
6.110045820288728700e-02 1.379179765624999800e+03 1.302057360000000000e+02 1.341323124999999900e+03 6.221946400000000200e+01 3.785664062499999700e+01 6.798627200000000000e+01
6.135358161874036900e-02 1.379179710937500000e+03 1.302061439999999900e+02 1.341167250000000000e+03 6.220851199999999900e+01 3.801246093750000200e+01 6.799763199999999600e+01
6.149596680467502000e-02 1.379180296875000100e+03 1.302063800000000000e+02 1.341076250000000100e+03 6.220210800000000300e+01 3.810404687500000200e+01 6.800427200000000000e+01
6.154001602458388000e-02 1.379180546874999900e+03 1.302063760000000100e+02 1.341047875000000000e+03 6.220013600000000100e+01 3.813267187500000000e+01 6.800624000000000500e+01
6.155128078556453000e-02 1.379181417968749900e+03 1.302063680000000000e+02 1.341040999999999900e+03 6.219961599999999900e+01 3.814041796875000000e+01 6.800675200000000600e+01
6.156521519623661700e-02 1.379196960937500100e+03 1.302062840000000100e+02 1.341038250000000100e+03 6.219877199999999800e+01 3.815871093749999700e+01 6.800751200000000600e+01
6.157305584130866300e-02 1.379226660156249900e+03 1.302056680000000000e+02 1.341040874999999900e+03 6.219772400000000100e+01 3.818578515624999900e+01 6.800794399999999500e+01
6.157505807857725100e-02 1.379243058593750000e+03 1.302051359999999800e+02 1.341043625000000000e+03 6.219721599999999700e+01 3.819943359375000100e+01 6.800791999999999900e+01
6.157956746512127700e-02 1.379452171875000000e+03 1.301894040000000000e+02 1.341080999999999900e+03 6.219129199999999700e+01 3.837117187500000200e+01 6.799811200000000600e+01
6.158971793753506600e-02 1.379395878906250100e+03 1.301780120000000000e+02 1.341036875000000000e+03 6.218139599999999900e+01 3.835900390625000300e+01 6.799661600000000300e+01
6.161254924598320900e-02 1.379161921875000000e+03 1.301895199999999900e+02 1.340881374999999900e+03 6.218471199999999800e+01 3.828054687499999900e+01 6.800480799999999700e+01
6.166392259178468700e-02 1.379102957031250100e+03 1.301952640000000100e+02 1.340810750000000100e+03 6.218570400000000100e+01 3.829220703125000100e+01 6.800955999999999300e+01
6.177951261983802300e-02 1.379182914062500000e+03 1.301972399999999900e+02 1.340813500000000000e+03 6.218231999999999700e+01 3.836941406249999900e+01 6.801492000000000400e+01
6.203959453564772400e-02 1.379179382812500100e+03 1.302010359999999900e+02 1.340672250000000100e+03 6.217446799999999700e+01 3.850713281249999700e+01 6.802656799999999700e+01
6.262477014084012700e-02 1.379179636718750100e+03 1.302053799999999900e+02 1.340352625000000000e+03 6.215528400000000200e+01 3.882701171875000100e+01 6.805009599999999600e+01
6.394142395790247700e-02 1.379179589843749900e+03 1.302097960000000100e+02 1.339650374999999900e+03 6.211635600000000300e+01 3.952921484374999700e+01 6.809344000000000100e+01
6.690388779180989100e-02 1.379179515625000000e+03 1.302030360000000000e+02 1.337945250000000000e+03 6.203197999999999700e+01 4.123426562499999900e+01 6.817105599999999300e+01
6.857027152203795700e-02 1.379179746093750100e+03 1.301786520000000000e+02 1.336856250000000000e+03 6.197575599999999700e+01 4.232349609375000200e+01 6.820289599999999600e+01
6.946384970245524100e-02 1.379179777343749900e+03 1.301666760000000000e+02 1.336241749999999900e+03 6.194465199999999800e+01 4.293802734375000100e+01 6.822202400000000500e+01
6.979894297100829000e-02 1.379179882812500000e+03 1.301611440000000100e+02 1.336002250000000000e+03 6.193225600000000200e+01 4.317763281250000100e+01 6.822888799999999800e+01
7.000000241429189800e-02 1.379179007812500000e+03 1.301587960000000000e+02 1.335863000000000100e+03 6.192515600000000100e+01 4.331600781249999700e+01 6.823363999999999400e+01
