0.000000000000000000e+00 0.000000000000000000e+00 0.000000000000000000e+00 0.000000000000000000e+00 0.000000000000000000e+00 0.000000000000000000e+00 0.000000000000000000e+00
1.794559321489945100e-07 1.547820687500000100e+03 3.648889160156249600e-04 1.178808500000000100e+03 1.524715698242187400e-03 3.690121874999999800e+02 -1.159826782226562500e-03
1.400175857050640300e-03 1.547820218750000100e+03 1.700325450000000100e+01 1.172494625000000000e+03 1.027911800000000000e+01 3.753255937500000000e+02 6.724136500000000200e+00
4.025169037691665200e-03 1.547819968750000000e+03 4.828178200000000000e+01 1.159039000000000000e+03 2.887112399999999800e+01 3.887809687500000000e+02 1.941065800000000200e+01
4.837276473829558700e-03 1.547819468749999900e+03 5.779390000000000100e+01 1.154418124999999900e+03 3.445174000000000100e+01 3.934013437500000200e+02 2.334216000000000000e+01
5.200648442008225600e-03 1.547816531250000000e+03 6.201398199999999900e+01 1.152209625000000000e+03 3.690089600000000300e+01 3.956069062500000100e+02 2.511308599999999900e+01
5.317446341457277400e-03 1.547821187500000200e+03 6.335607799999999700e+01 1.151512625000000100e+03 3.766737599999999700e+01 3.963085624999999900e+02 2.568870199999999900e+01
5.383145477280993100e-03 1.547821843750000000e+03 6.410520599999999500e+01 1.151138250000000000e+03 3.808896000000000000e+01 3.966835937500000000e+02 2.601624599999999900e+01
5.530967898117104500e-03 1.547820531249999900e+03 6.578541200000000800e+01 1.150314750000000000e+03 3.902706800000000000e+01 3.975057812499999800e+02 2.675834400000000100e+01
5.576700520772976400e-03 1.547823031250000000e+03 6.629865599999999400e+01 1.150079250000000000e+03 3.930880400000000200e+01 3.977437812499999800e+02 2.698985199999999900e+01
5.623472710822282100e-03 1.547820500000000000e+03 6.682460199999999900e+01 1.149837250000000000e+03 3.959638400000000000e+01 3.979832500000000000e+02 2.722821799999999800e+01
5.728709503665972000e-03 1.547820437500000000e+03 6.800494000000000500e+01 1.149305750000000000e+03 4.023846400000000000e+01 3.985146874999999800e+02 2.776647600000000100e+01
5.858940166297540000e-03 1.547820781250000000e+03 6.945592800000000000e+01 1.148654125000000000e+03 4.102152000000000200e+01 3.991666562500000200e+02 2.843440800000000100e+01
5.992131020658984400e-03 1.547826375000000100e+03 7.091379200000000100e+01 1.148105875000000000e+03 4.178031599999999900e+01 3.997205000000000200e+02 2.913347600000000200e+01
6.156954322070922100e-03 1.547800625000000100e+03 7.263289400000000700e+01 1.148041500000000000e+03 4.254274800000000300e+01 3.997591249999999800e+02 3.009014600000000100e+01
6.249667338434100600e-03 1.547823343749999800e+03 7.361480399999999200e+01 1.147847874999999900e+03 4.301790799999999800e+01 3.999754687500000000e+02 3.059689600000000100e+01
6.344487782067294000e-03 1.547819812499999900e+03 7.461092800000000100e+01 1.147650374999999900e+03 4.349569199999999800e+01 4.001694375000000200e+02 3.111523599999999900e+01
6.557832692069548800e-03 1.547822937499999900e+03 7.683617599999999500e+01 1.147309749999999900e+03 4.454480000000000200e+01 4.005131875000000200e+02 3.229137600000000000e+01
6.677839974734620800e-03 1.547828218750000100e+03 7.806440399999999600e+01 1.147272625000000100e+03 4.509730799999999800e+01 4.005555937500000100e+02 3.296709599999999800e+01
6.795971973581109400e-03 1.547829437500000000e+03 7.926993999999999100e+01 1.147242874999999900e+03 4.563892800000000000e+01 4.005865625000000100e+02 3.363101199999999800e+01
6.833942662303929500e-03 1.547940093750000000e+03 7.957859200000000000e+01 1.147631500000000000e+03 4.573006000000000200e+01 4.003085937500000000e+02 3.384853199999999900e+01
6.919377256016489300e-03 1.547802499999999800e+03 8.045573200000001200e+01 1.147555374999999900e+03 4.612234800000000200e+01 4.002471249999999800e+02 3.433338400000000200e+01
7.111605091869748800e-03 1.547824250000000100e+03 8.234210799999999600e+01 1.147809500000000100e+03 4.691458800000000200e+01 4.000147499999999900e+02 3.542752000000000100e+01
7.544117359815441700e-03 1.547821718749999900e+03 8.652926399999999800e+01 1.148461875000000000e+03 4.863043199999999900e+01 3.993598437499999800e+02 3.789883199999999900e+01
8.517270688141533700e-03 1.547821312500000000e+03 9.548861999999999700e+01 1.151645000000000000e+03 5.194449600000000100e+01 3.961763124999999900e+02 4.354412399999999600e+01
9.721547487607997900e-03 1.547820812500000100e+03 1.059074679999999900e+02 1.156812500000000000e+03 5.539323999999999900e+01 3.910083124999999900e+02 5.051422800000000300e+01
1.095319472544635300e-02 1.547819968750000000e+03 1.154576319999999900e+02 1.167561625000000000e+03 5.817827599999999700e+01 3.802583437499999900e+02 5.727935600000000000e+01
1.164599566196318000e-02 1.547819218750000100e+03 1.201475040000000000e+02 1.177377750000000100e+03 5.964156799999999900e+01 3.704414687500000100e+02 6.050593599999999800e+01
1.203569705022373300e-02 1.547819718750000000e+03 1.225651200000000100e+02 1.183247625000000000e+03 6.040285600000000000e+01 3.645720937500000200e+02 6.216226400000000000e+01
1.225490358237459900e-02 1.547820968750000000e+03 1.238683719999999900e+02 1.186706500000000000e+03 6.080948800000000200e+01 3.611144687500000100e+02 6.305888399999999900e+01
1.274811846107611800e-02 1.547817124999999800e+03 1.266737960000000000e+02 1.194665749999999900e+03 6.165818000000000200e+01 3.531513749999999700e+02 6.501561599999999400e+01
1.385785266360281900e-02 1.547819593750000000e+03 1.324091640000000000e+02 1.214984500000000000e+03 6.322363599999999900e+01 3.328350937500000000e+02 6.918552800000000500e+01
1.523114803191753300e-02 1.547817406250000000e+03 1.386142400000000000e+02 1.242387999999999900e+03 6.470668800000000000e+01 3.054294062500000000e+02 7.390755199999999500e+01
1.663565508727702200e-02 1.547818468750000200e+03 1.442100120000000100e+02 1.270166625000000100e+03 6.590419599999999900e+01 2.776518437500000100e+02 7.830581599999999300e+01
1.837373196978955500e-02 1.547817906250000100e+03 1.503219200000000100e+02 1.303666750000000100e+03 6.711966400000000000e+01 2.441511562500000100e+02 8.320225600000000600e+01
2.015131096235606500e-02 1.547820093750000100e+03 1.553366000000000000e+02 1.334908500000000000e+03 6.822941600000000100e+01 2.129115937500000100e+02 8.710718400000000400e+01
2.235106603569333600e-02 1.547819906249999800e+03 1.596970320000000100e+02 1.364769624999999900e+03 6.943754400000000300e+01 1.830502812500000100e+02 9.025948800000000500e+01
2.266040589010336800e-02 1.547817140624999900e+03 1.601848960000000100e+02 1.368403624999999900e+03 6.958044800000000400e+01 1.794135156250000000e+02 9.060444800000000500e+01
2.270390667110822000e-02 1.547817625000000100e+03 1.602505520000000000e+02 1.368919000000000100e+03 6.959919999999999600e+01 1.788986250000000100e+02 9.065135200000000300e+01
2.274839696357479700e-02 1.547818156250000100e+03 1.603155679999999800e+02 1.369440250000000100e+03 6.961654400000000500e+01 1.783779062500000000e+02 9.069902399999999400e+01
2.277342202763896200e-02 1.547818093750000100e+03 1.603403200000000200e+02 1.369716875000000100e+03 6.961692800000000100e+01 1.781012187499999900e+02 9.072339200000000400e+01
2.278116401174415700e-02 1.547877937499999900e+03 1.603323599999999900e+02 1.369856624999999900e+03 6.960333599999999900e+01 1.780213124999999900e+02 9.072902399999999500e+01
2.278314448556416700e-02 1.547917281250000100e+03 1.603261680000000000e+02 1.369911875000000000e+03 6.959642399999999900e+01 1.780054062499999900e+02 9.072974399999999700e+01
2.278425732323446200e-02 1.547951718750000100e+03 1.603207679999999900e+02 1.369952500000000100e+03 6.959101599999999600e+01 1.779992187500000100e+02 9.072975200000000500e+01
2.278676302161333400e-02 1.548865359375000000e+03 1.602170879999999900e+02 1.370683749999999900e+03 6.950976000000000000e+01 1.781816093749999900e+02 9.070732800000000400e+01
2.278817184218420000e-02 1.550207031250000000e+03 1.600551280000000200e+02 1.371731000000000000e+03 6.938496000000000700e+01 1.784760312500000100e+02 9.067016800000000400e+01
2.278991581986306700e-02 1.551557953125000000e+03 1.597721599999999900e+02 1.372915874999999900e+03 6.914601600000000300e+01 1.786420781250000100e+02 9.062614399999999600e+01
2.279169897174936800e-02 1.551461375000000100e+03 1.594905120000000000e+02 1.373091625000000000e+03 6.887986399999999800e+01 1.783697500000000100e+02 9.061064799999999800e+01
2.279571215166596700e-02 1.548921468750000000e+03 1.592927199999999700e+02 1.371220250000000100e+03 6.867253599999999400e+01 1.777012187500000100e+02 9.062018399999999500e+01
2.280474253192659600e-02 1.548134765625000000e+03 1.595371759999999900e+02 1.370823000000000100e+03 6.885956799999999600e+01 1.773117656249999900e+02 9.067760800000000600e+01
2.282505798571987300e-02 1.547130296875000100e+03 1.598381600000000200e+02 1.370577500000000100e+03 6.906416000000000100e+01 1.765527968750000100e+02 9.077400000000000100e+01
2.287076993309960000e-02 1.547348718750000000e+03 1.599542160000000000e+02 1.371633250000000100e+03 6.908715200000000300e+01 1.757154687500000100e+02 9.086706399999999900e+01
2.297362254015227300e-02 1.547945046874999900e+03 1.600457200000000200e+02 1.373642374999999900e+03 6.903358400000000500e+01 1.743026718749999900e+02 9.101213599999999800e+01
2.315875549177120300e-02 1.547806984375000000e+03 1.602875680000000200e+02 1.375407999999999900e+03 6.909423200000000500e+01 1.723989843750000000e+02 9.119333600000000200e+01
2.339017204401900400e-02 1.547826281250000000e+03 1.605903280000000000e+02 1.377447375000000000e+03 6.920551199999999900e+01 1.703789062500000000e+02 9.138481600000000100e+01
2.352034358261528500e-02 1.547813953124999900e+03 1.607428560000000200e+02 1.378501874999999900e+03 6.926285599999999900e+01 1.693120781250000000e+02 9.148000000000000400e+01
2.359356597988605100e-02 1.547825718750000100e+03 1.608239840000000000e+02 1.379082000000000100e+03 6.929307199999999500e+01 1.687437187500000000e+02 9.153091200000000100e+01
2.375831383467627200e-02 1.547812671875000000e+03 1.609960480000000000e+02 1.380442250000000100e+03 6.934359200000000100e+01 1.673704218750000100e+02 9.165245600000000100e+01
2.412899904702327600e-02 1.547821796875000000e+03 1.614378800000000100e+02 1.383350375000000000e+03 6.956657599999999800e+01 1.644714218750000000e+02 9.187130399999999500e+01
2.496303823573502900e-02 1.547820515624999900e+03 1.623298399999999900e+02 1.390284375000000000e+03 6.997884000000000500e+01 1.575361406250000000e+02 9.235099999999999900e+01
2.599516252975893300e-02 1.547819578125000100e+03 1.632918240000000200e+02 1.399588500000000100e+03 7.034497600000000300e+01 1.482310781250000100e+02 9.294684800000000300e+01
2.657573298923359600e-02 1.547820343750000100e+03 1.637654000000000000e+02 1.404563750000000000e+03 7.052078400000000600e+01 1.432565937500000100e+02 9.324461599999999400e+01
2.690230369132602300e-02 1.547821390624999800e+03 1.639964400000000100e+02 1.407083249999999900e+03 7.061294399999999900e+01 1.407381406250000000e+02 9.338349599999999400e+01
2.708600170623579700e-02 1.547821312500000000e+03 1.641169120000000100e+02 1.408421000000000000e+03 7.066344800000000200e+01 1.394003125000000100e+02 9.345346399999999700e+01
2.727387249968502700e-02 1.547821828124999900e+03 1.642330880000000100e+02 1.409737374999999900e+03 7.071392000000000200e+01 1.380844531250000100e+02 9.351916799999999300e+01
2.728840177795141200e-02 1.547831406249999900e+03 1.642423039999999900e+02 1.409846749999999900e+03 7.071842399999999900e+01 1.379846562500000000e+02 9.352388000000000500e+01
2.729657612923489000e-02 1.547841640624999900e+03 1.642477999999999800e+02 1.409913749999999900e+03 7.072134400000000200e+01 1.379278906250000000e+02 9.352645599999999600e+01
2.730493619527951700e-02 1.547885328124999900e+03 1.642551120000000000e+02 1.410016374999999900e+03 7.072628799999999700e+01 1.378689531249999900e+02 9.352882400000000000e+01
2.730963710017097700e-02 1.547979015625000100e+03 1.642624000000000100e+02 1.410143875000000000e+03 7.073279999999999700e+01 1.378351406250000100e+02 9.352960000000000200e+01
2.731228063372413700e-02 1.548175234374999900e+03 1.642653599999999900e+02 1.410339999999999900e+03 7.073866400000000000e+01 1.378352343750000000e+02 9.352669600000000100e+01
2.731376925360642900e-02 1.548419765625000100e+03 1.642618080000000000e+02 1.410558000000000000e+03 7.074187200000000100e+01 1.378617656250000000e+02 9.351993600000000100e+01
2.731711792289330900e-02 1.549469703125000000e+03 1.641944399999999900e+02 1.411535750000000000e+03 7.072672000000000000e+01 1.379339531249999900e+02 9.346772000000000000e+01
2.732464807609907500e-02 1.548773124999999900e+03 1.639868240000000100e+02 1.411034249999999900e+03 7.058047999999999400e+01 1.377388750000000100e+02 9.340634400000000400e+01
2.734159454805347100e-02 1.547709828125000100e+03 1.639861520000000000e+02 1.410328625000000100e+03 7.056626400000000400e+01 1.373812031250000100e+02 9.341988800000000000e+01
2.737972410995086600e-02 1.547451937500000000e+03 1.642106959999999800e+02 1.410508499999999900e+03 7.072546400000000200e+01 1.369434374999999900e+02 9.348523199999999600e+01
2.746551852601314100e-02 1.547842562500000000e+03 1.642831439999999900e+02 1.411227875000000000e+03 7.077707999999999800e+01 1.366146875000000000e+02 9.350606399999999500e+01
2.765854870767040600e-02 1.547815468750000000e+03 1.644062960000000000e+02 1.412483125000000000e+03 7.083354400000000300e+01 1.353323437500000100e+02 9.357275199999999400e+01
2.809287169453725300e-02 1.547820406250000100e+03 1.646593680000000000e+02 1.415341750000000000e+03 7.094426400000000400e+01 1.324786562500000000e+02 9.371510399999999700e+01
2.907009696409108500e-02 1.547819343750000100e+03 1.651051120000000200e+02 1.421468000000000100e+03 7.110817600000000000e+01 1.263513437500000000e+02 9.399693600000000500e+01
2.961978654093926100e-02 1.547823906250000200e+03 1.653090480000000200e+02 1.424980250000000100e+03 7.116336800000000600e+01 1.228436562500000000e+02 9.414567999999999900e+01
2.969708740847234000e-02 1.547861539062500000e+03 1.653290000000000100e+02 1.425705625000000100e+03 7.114099199999999700e+01 1.221559140625000000e+02 9.418800799999999600e+01
2.970795752558555100e-02 1.548877875000000100e+03 1.651834719999999900e+02 1.427164250000000000e+03 7.095999200000000000e+01 1.217136249999999900e+02 9.422347999999999500e+01
2.973241673998685400e-02 1.548048984374999900e+03 1.652557200000000000e+02 1.427218499999999900e+03 7.095273600000000200e+01 1.208304843750000000e+02 9.430298399999999500e+01
2.978744634514835600e-02 1.547503445312499900e+03 1.653330880000000000e+02 1.427765124999999900e+03 7.094039200000000300e+01 1.197383203124999900e+02 9.439269600000000100e+01
2.991126585855488300e-02 1.547837515624999900e+03 1.653870640000000100e+02 1.429179625000000000e+03 7.092495200000000500e+01 1.186578906249999900e+02 9.446211200000000500e+01
3.018986121461613600e-02 1.547818125000000000e+03 1.654705280000000000e+02 1.430880000000000100e+03 7.093472800000000700e+01 1.169381250000000000e+02 9.453579999999999500e+01
3.027605317633898600e-02 1.547821164062500000e+03 1.654943360000000000e+02 1.431396000000000000e+03 7.093780800000000400e+01 1.164251640625000000e+02 9.455652800000000000e+01
3.036420094664013900e-02 1.547809570312500000e+03 1.655007519999999800e+02 1.431965999999999900e+03 7.092458399999999600e+01 1.158435703125000100e+02 9.457616799999999600e+01
3.056253560616258000e-02 1.547821945312500000e+03 1.654973760000000000e+02 1.433252500000000100e+03 7.088262400000000700e+01 1.145694453124999900e+02 9.461475199999999600e+01
3.057741019781296300e-02 1.547799835937500100e+03 1.655045759999999900e+02 1.433332625000000000e+03 7.088499199999999700e+01 1.144672109375000000e+02 9.461958400000000300e+01
3.058438320673529500e-02 1.547803703124999900e+03 1.655050719999999800e+02 1.433382374999999900e+03 7.088383199999999800e+01 1.144213281250000000e+02 9.462124000000000000e+01
3.060007320225882600e-02 1.548134671875000100e+03 1.653435840000000200e+02 1.433664250000000000e+03 7.076440800000000300e+01 1.144704218750000000e+02 9.457917600000000400e+01
3.063537351584191500e-02 1.547613023437499800e+03 1.654382479999999900e+02 1.433611124999999900e+03 7.081886400000000500e+01 1.140018984375000000e+02 9.461938399999999700e+01
3.071479559416243400e-02 1.547817570312499800e+03 1.655099680000000100e+02 1.434308749999999900e+03 7.085836799999999900e+01 1.135088203125000100e+02 9.465160000000000200e+01
3.089349962307332000e-02 1.547828015625000000e+03 1.655706559999999900e+02 1.435289250000000000e+03 7.088057600000000500e+01 1.125387656250000000e+02 9.469007999999999500e+01
3.129558078632967100e-02 1.547820937499999900e+03 1.656987920000000000e+02 1.437722874999999900e+03 7.090211200000000200e+01 1.100980625000000000e+02 9.479667999999999500e+01
3.152175234747172500e-02 1.547821867187500200e+03 1.657583840000000100e+02 1.439171125000000100e+03 7.089544800000000200e+01 1.086507421875000000e+02 9.486293600000000500e+01
3.159172618731904300e-02 1.547817296875000000e+03 1.657738560000000200e+02 1.439580999999999900e+03 7.089343200000000400e+01 1.082362968749999900e+02 9.488042400000000500e+01
3.166328730801550700e-02 1.547834492187500000e+03 1.657531760000000000e+02 1.439965750000000100e+03 7.086264799999999300e+01 1.078687421875000000e+02 9.489052800000000300e+01
3.166580316267038300e-02 1.547968554687500000e+03 1.657621360000000000e+02 1.440098500000000100e+03 7.086943999999999700e+01 1.078700546875000000e+02 9.489269600000000100e+01
3.166891678671268600e-02 1.547897726562500100e+03 1.657457200000000100e+02 1.440039125000000000e+03 7.085559200000000100e+01 1.078586015625000000e+02 9.489012800000000400e+01
3.167210005379042500e-02 1.548983656250000000e+03 1.655968320000000100e+02 1.440712749999999900e+03 7.075376000000000000e+01 1.082709062500000000e+02 9.484307200000000600e+01
3.167926458106018500e-02 1.549154070312500200e+03 1.653352879999999900e+02 1.440677875000000100e+03 7.054088799999999500e+01 1.084761953125000000e+02 9.479439999999999600e+01
3.169538404196885900e-02 1.547934671875000000e+03 1.654861040000000100e+02 1.440024500000000000e+03 7.063446399999999400e+01 1.079101718750000000e+02 9.485164000000000300e+01
3.173165355446167000e-02 1.547342093750000000e+03 1.655465600000000000e+02 1.439938750000000000e+03 7.064846400000000400e+01 1.074033437500000000e+02 9.489809599999999500e+01
3.181326068301877600e-02 1.547850304687500100e+03 1.655742720000000100e+02 1.440918625000000000e+03 7.062696800000000500e+01 1.069316796874999900e+02 9.494730400000000300e+01
3.199687164413427000e-02 1.547802171874999900e+03 1.655967440000000000e+02 1.441702874999999900e+03 7.059906399999999800e+01 1.060992968749999900e+02 9.499768000000000300e+01
3.217761563362459000e-02 1.547825812500000000e+03 1.656355600000000000e+02 1.442362500000000000e+03 7.061609599999999900e+01 1.054633125000000000e+02 9.501946399999999900e+01
3.220957017971394500e-02 1.547828828125000000e+03 1.656405680000000000e+02 1.442475375000000000e+03 7.061770400000000300e+01 1.053534531250000000e+02 9.502286399999999800e+01
3.223571243413811400e-02 1.547832257812499800e+03 1.656432320000000100e+02 1.442569000000000000e+03 7.061721599999999900e+01 1.052632578125000000e+02 9.502601599999999800e+01
3.226839242851319000e-02 1.547838289062499800e+03 1.656435680000000200e+02 1.442690499999999900e+03 7.061257600000000400e+01 1.051477890625000000e+02 9.503099199999999800e+01
3.228677238628017300e-02 1.547845750000000000e+03 1.656414080000000100e+02 1.442764124999999900e+03 7.060716800000000100e+01 1.050816250000000000e+02 9.503423999999999700e+01
3.232813164394558000e-02 1.547882390625000000e+03 1.656140639999999800e+02 1.442978875000000000e+03 7.056916800000000500e+01 1.049035156250000000e+02 9.504489599999999400e+01
3.242119215003762300e-02 1.547782976562499900e+03 1.656447999999999800e+02 1.443231624999999900e+03 7.058245599999999300e+01 1.045513515625000000e+02 9.506234399999999600e+01
3.263057393605499300e-02 1.547823335937499900e+03 1.656653759999999800e+02 1.443930374999999900e+03 7.058328799999999600e+01 1.038929609375000100e+02 9.508208799999999900e+01
3.310168585638722400e-02 1.547820406249999900e+03 1.656842320000000100e+02 1.445461499999999900e+03 7.055204799999999900e+01 1.023589062500000000e+02 9.513218399999999500e+01
3.416168477534160100e-02 1.547820117187500000e+03 1.656772640000000100e+02 1.449858250000000000e+03 7.033502400000000400e+01 9.796186718750000500e+01 9.534224000000000400e+01
3.547343456199247800e-02 1.547819507812500000e+03 1.656418160000000100e+02 1.454422624999999900e+03 7.013944800000000200e+01 9.339688281249999600e+01 9.550236800000000400e+01
3.606036865382947200e-02 1.547814296875000100e+03 1.656004399999999900e+02 1.456406250000000000e+03 7.002504799999999800e+01 9.140804687499999700e+01 9.557539199999999400e+01
3.616413097303243500e-02 1.547820429687499900e+03 1.655912400000000000e+02 1.456720499999999900e+03 7.000569600000000000e+01 9.109992968749999400e+01 9.558554399999999900e+01
3.617872118895481400e-02 1.547821039062499900e+03 1.655897520000000000e+02 1.456762375000000000e+03 7.000276800000000300e+01 9.105866406250000000e+01 9.558698400000000100e+01
3.619364511108862800e-02 1.547821695312500000e+03 1.655878240000000100e+02 1.456801125000000000e+03 6.999936800000000400e+01 9.102057031249999900e+01 9.558845599999999400e+01
3.619826186397893900e-02 1.547822414062500000e+03 1.655871040000000100e+02 1.456811999999999900e+03 6.999819999999999700e+01 9.101041406250000400e+01 9.558890399999999900e+01
3.620298308142240500e-02 1.547825726562500000e+03 1.655862399999999800e+02 1.456822249999999900e+03 6.999687199999999600e+01 9.100347656249999800e+01 9.558936799999999300e+01
3.620563822214813200e-02 1.547830289062500000e+03 1.655856240000000000e+02 1.456827000000000000e+03 6.999600800000000300e+01 9.100328906250000200e+01 9.558961600000000700e+01
3.620713264561671600e-02 1.547839999999999900e+03 1.655846720000000100e+02 1.456829000000000000e+03 6.999543199999999400e+01 9.101099999999999600e+01 9.558924000000000400e+01
3.620898108784872900e-02 1.547897820312500000e+03 1.655788479999999900e+02 1.456831124999999900e+03 6.999403999999999800e+01 9.106669531250000200e+01 9.558480799999999500e+01
3.621087305697787800e-02 1.548138132812499900e+03 1.655534559999999800e+02 1.456837749999999900e+03 6.998879200000000400e+01 9.130038281250000400e+01 9.556466399999999300e+01
3.621512708572534300e-02 1.548993429687500100e+03 1.653793039999999900e+02 1.456691000000000000e+03 6.992073600000000500e+01 9.230242968749999500e+01 9.545856800000000000e+01
3.622470010130368600e-02 1.548076070312500200e+03 1.653303520000000000e+02 1.456157875000000100e+03 6.986227200000000400e+01 9.191819531250000400e+01 9.546808000000000000e+01
3.624623721001011400e-02 1.547627718750000200e+03 1.654283920000000000e+02 1.456101000000000100e+03 6.991168799999999800e+01 9.152671875000000100e+01 9.551670400000000400e+01
3.629469715549614500e-02 1.547591390624999800e+03 1.654945359999999800e+02 1.456513999999999900e+03 6.992340799999999500e+01 9.107739062500000700e+01 9.557112800000000200e+01
3.640373203283971800e-02 1.547886109374999900e+03 1.655011279999999900e+02 1.457080125000000000e+03 6.991151200000000200e+01 9.080598437499999400e+01 9.558961600000000700e+01
3.653866251219031100e-02 1.547812414062500000e+03 1.654782880000000200e+02 1.457340375000000000e+03 6.987674400000000200e+01 9.047203906250000200e+01 9.560154400000000400e+01
3.654728664141094300e-02 1.547824789062500000e+03 1.654745199999999800e+02 1.457371500000000000e+03 6.987304799999999700e+01 9.045328906250000500e+01 9.560147200000000100e+01
3.654995629110238700e-02 1.547844382812500000e+03 1.654715919999999900e+02 1.457393000000000000e+03 6.987064800000000300e+01 9.045138281250000000e+01 9.560094399999999800e+01
3.655268397665669500e-02 1.548081843750000000e+03 1.654480000000000100e+02 1.457542375000000000e+03 6.985665600000000100e+01 9.053946874999999700e+01 9.559134400000000700e+01
3.655882417094701700e-02 1.548437414062500000e+03 1.653590320000000100e+02 1.457675874999999900e+03 6.980252000000000100e+01 9.076153906250000600e+01 9.555651199999999800e+01
3.657263960810025500e-02 1.547947539062500000e+03 1.653950399999999900e+02 1.457412250000000100e+03 6.981958400000000600e+01 9.053528906249999900e+01 9.557545600000000300e+01
3.660372651803988500e-02 1.547655242187500100e+03 1.654356239999999900e+02 1.457379625000000000e+03 6.983710399999999700e+01 9.027561718750000400e+01 9.559851999999999400e+01
3.667366553636949200e-02 1.547777203125000100e+03 1.654496399999999900e+02 1.457725625000000000e+03 6.983630399999999800e+01 9.005157812500000600e+01 9.561333600000000400e+01
3.683102977850766200e-02 1.547821296874999900e+03 1.654342719999999900e+02 1.458186250000000000e+03 6.980805599999999300e+01 8.963504687500000000e+01 9.562621599999999900e+01
3.691954897833110000e-02 1.547818101562500000e+03 1.654277520000000000e+02 1.458409249999999900e+03 6.979449599999999500e+01 8.940885156250000400e+01 9.563325600000000300e+01
3.707888063622014100e-02 1.547817562499999900e+03 1.653883920000000100e+02 1.458782375000000000e+03 6.975208000000000700e+01 8.903518750000000600e+01 9.563631200000000400e+01
3.727804520858144600e-02 1.547810054687500000e+03 1.653730239999999900e+02 1.459251250000000000e+03 6.972534400000000700e+01 8.855880468750000000e+01 9.564767999999999400e+01
3.739007763824161300e-02 1.547829765625000200e+03 1.653617920000000100e+02 1.459530375000000000e+03 6.970607200000000600e+01 8.829939062500000100e+01 9.565572000000000200e+01
3.752871370743566400e-02 1.547807929687499800e+03 1.653320960000000100e+02 1.459734999999999900e+03 6.966852000000000100e+01 8.807292968749999300e+01 9.566357600000000600e+01
3.760669939815046400e-02 1.547817695312500100e+03 1.653244720000000100e+02 1.459920875000000000e+03 6.965353600000000300e+01 8.789682031249999700e+01 9.567093599999999800e+01
3.765056290329817100e-02 1.547820554687500100e+03 1.653189760000000200e+02 1.460019250000000100e+03 6.964428800000000300e+01 8.780130468749999300e+01 9.567468800000000300e+01
3.767523975218518800e-02 1.547820570312500000e+03 1.653152159999999900e+02 1.460069375000000000e+03 6.963867999999999400e+01 8.775119531250000200e+01 9.567653599999999900e+01
3.770047374535564300e-02 1.547819710937499800e+03 1.653067760000000100e+02 1.460097749999999900e+03 6.962995200000000300e+01 8.772196093750000000e+01 9.567682399999999600e+01
3.770828247070312500e-02 1.547837492187499900e+03 1.652999360000000000e+02 1.460110750000000100e+03 6.962420799999999600e+01 8.772674218749999400e+01 9.567572800000000700e+01
3.771626530363917500e-02 1.548058593750000000e+03 1.652536480000000000e+02 1.460142250000000100e+03 6.959951200000000400e+01 8.791634374999999600e+01 9.565413599999999400e+01
3.773423030498672400e-02 1.548068015625000000e+03 1.651362080000000100e+02 1.459884000000000000e+03 6.953024800000000000e+01 8.818401562500000100e+01 9.560595999999999600e+01
3.777465228346699200e-02 1.547568265625000100e+03 1.652034160000000000e+02 1.459852000000000100e+03 6.954658399999999600e+01 8.771626562500000500e+01 9.565683199999999400e+01
3.786560318594416100e-02 1.547852781249999900e+03 1.652171679999999900e+02 1.460206500000000000e+03 6.955266399999999300e+01 8.764628125000000100e+01 9.566450399999999400e+01
3.807024054017292500e-02 1.547821937500000100e+03 1.651820000000000200e+02 1.460517875000000000e+03 6.950575999999999500e+01 8.730406250000000100e+01 9.567624000000000700e+01
3.853067386173937600e-02 1.547820140625000000e+03 1.651099520000000200e+02 1.461424749999999900e+03 6.940264000000000500e+01 8.639539062500000500e+01 9.570731200000000200e+01
3.956664883526387500e-02 1.547820125000000000e+03 1.649000239999999700e+02 1.463245750000000000e+03 6.915540799999999400e+01 8.457437500000000300e+01 9.574461599999999400e+01
3.988715188789454500e-02 1.547819664062499900e+03 1.648403439999999900e+02 1.463776374999999900e+03 6.908266399999999400e+01 8.404328906249999400e+01 9.575767999999999300e+01
4.006743739406830300e-02 1.547819632812500000e+03 1.648046160000000100e+02 1.464064000000000100e+03 6.904058399999999600e+01 8.375563281249999600e+01 9.576403200000000000e+01
4.025181733036664600e-02 1.547819804687500000e+03 1.647488240000000100e+02 1.464292500000000000e+03 6.899075200000000100e+01 8.352730468750000600e+01 9.575807199999999900e+01
4.047999112877729400e-02 1.547820437500000000e+03 1.647107839999999900e+02 1.464628875000000100e+03 6.894243199999999700e+01 8.319156250000000300e+01 9.576835199999999300e+01
4.060833743948670500e-02 1.547823851562500100e+03 1.646866800000000200e+02 1.464812625000000000e+03 6.891380800000000300e+01 8.301122656249999900e+01 9.577287200000000700e+01
4.073960005230470300e-02 1.547843851562500000e+03 1.646427600000000100e+02 1.465111750000000000e+03 6.886093599999999500e+01 8.273210156250000600e+01 9.578182400000000000e+01
4.089711518768630900e-02 1.547814781249999900e+03 1.646296560000000100e+02 1.465266249999999900e+03 6.884319200000000200e+01 8.254853124999999600e+01 9.578646399999999500e+01
4.105955466603137400e-02 1.547821632812500000e+03 1.645996160000000000e+02 1.465426999999999900e+03 6.881328800000000000e+01 8.239463281250000600e+01 9.578632799999999700e+01
4.110108803128535700e-02 1.547822718750000100e+03 1.645918399999999900e+02 1.465471375000000100e+03 6.880523999999999800e+01 8.235134374999999800e+01 9.578660000000000700e+01
4.119453737765854000e-02 1.547674601562499900e+03 1.645147680000000000e+02 1.465541999999999900e+03 6.872534400000000700e+01 8.213260156250000000e+01 9.578942399999999700e+01
4.140479550520506600e-02 1.547825437499999900e+03 1.645136880000000000e+02 1.465970875000000000e+03 6.871045599999999400e+01 8.185456250000000000e+01 9.580323199999999400e+01
4.187787774308130600e-02 1.547819429687500100e+03 1.644485200000000000e+02 1.466446625000000000e+03 6.864529600000000200e+01 8.137280468749999300e+01 9.580322400000000000e+01
4.294231350375114800e-02 1.547820812500000100e+03 1.642688719999999900e+02 1.467422250000000100e+03 6.847155999999999700e+01 8.039856249999999700e+01 9.579731200000000500e+01
4.425955348302834700e-02 1.547819609375000000e+03 1.640080960000000200e+02 1.468636375000000000e+03 6.821433600000000300e+01 7.918323437499999800e+01 9.579376000000000600e+01
4.500050024592348900e-02 1.547820132812500100e+03 1.638718559999999800e+02 1.469266000000000100e+03 6.808377600000000000e+01 7.855413281250000100e+01 9.578807999999999400e+01
4.510469493230474100e-02 1.547820656250000000e+03 1.638539680000000100e+02 1.469353249999999900e+03 6.806701599999999500e+01 7.846740624999999600e+01 9.578695199999999900e+01
4.516330535020455400e-02 1.547825320312500000e+03 1.638436160000000000e+02 1.469408875000000100e+03 6.805700000000000200e+01 7.841644531250000200e+01 9.578661599999999500e+01
4.517829020999436500e-02 1.547831781249999900e+03 1.638406640000000000e+02 1.469429875000000000e+03 6.805397600000000600e+01 7.840190624999999600e+01 9.578668799999999800e+01
4.519683556997049200e-02 1.547850640624999900e+03 1.638359760000000200e+02 1.469472000000000000e+03 6.804878399999999800e+01 7.837864062500000300e+01 9.578719200000000500e+01
4.520157709996594500e-02 1.547861421874999900e+03 1.638342319999999900e+02 1.469489750000000000e+03 6.804686399999999900e+01 7.837167187500000400e+01 9.578736800000000100e+01
4.521224699335230100e-02 1.548051742187499900e+03 1.638104159999999800e+02 1.469711624999999900e+03 6.802309599999999500e+01 7.834011718749999900e+01 9.578731999999999400e+01
4.523625062623017100e-02 1.547878375000000200e+03 1.638174880000000000e+02 1.469616625000000100e+03 6.802547199999999300e+01 7.826175000000000600e+01 9.579201600000000400e+01
4.529025880020538800e-02 1.547733375000000000e+03 1.638184799999999900e+02 1.469557875000000000e+03 6.802315199999999600e+01 7.817550000000000000e+01 9.579532799999999800e+01
4.541177719164961300e-02 1.547828718750000000e+03 1.638013680000000000e+02 1.469745124999999900e+03 6.800676000000000000e+01 7.808359375000000600e+01 9.579460799999999700e+01
4.568519865053712000e-02 1.547819835937499900e+03 1.637593279999999800e+02 1.469987374999999900e+03 6.796687199999999500e+01 7.783246093750000200e+01 9.579245600000000100e+01
4.630039330579257400e-02 1.547819703124999900e+03 1.636694320000000000e+02 1.470502375000000000e+03 6.788454400000000500e+01 7.731732812500000300e+01 9.578488799999999500e+01
4.664643794166684800e-02 1.547820429687500100e+03 1.636210720000000000e+02 1.470780375000000000e+03 6.784125600000000100e+01 7.704005468750000300e+01 9.577981599999999700e+01
4.742504417597023800e-02 1.547820312500000000e+03 1.635066239999999900e+02 1.471332000000000100e+03 6.774834400000000300e+01 7.648831250000000600e+01 9.575827999999999900e+01
4.917690892860114600e-02 1.547820335937500200e+03 1.633108639999999800e+02 1.472532875000000100e+03 6.757213600000000000e+01 7.528746093750000100e+01 9.573872799999999500e+01
5.311859446574469100e-02 1.547820398437500000e+03 1.630132639999999900e+02 1.474609750000000100e+03 6.734204800000000500e+01 7.321064843749999800e+01 9.567121600000000100e+01
5.367289499189689700e-02 1.547818921874999900e+03 1.629834640000000000e+02 1.474947500000000000e+03 6.732724799999999700e+01 7.287142187499999600e+01 9.565621600000000100e+01
5.492006827394620800e-02 1.547820273437500200e+03 1.629615760000000100e+02 1.475699125000000100e+03 6.732260800000000200e+01 7.212114843749999700e+01 9.563896800000000600e+01
5.772621251124688400e-02 1.547820226562500000e+03 1.629177040000000100e+02 1.477065499999999900e+03 6.731348800000000700e+01 7.075472656249999700e+01 9.560421599999999400e+01
5.841678704697483800e-02 1.547819773437499900e+03 1.629119840000000200e+02 1.477340999999999900e+03 6.731508800000000300e+01 7.047877343749999600e+01 9.559689600000000100e+01
5.863875681164601400e-02 1.547828453125000100e+03 1.629095919999999800e+02 1.477432375000000100e+03 6.731395999999999400e+01 7.039607812500000300e+01 9.559563199999999500e+01
5.913819023305270900e-02 1.547817554687500000e+03 1.629070720000000000e+02 1.477574499999999900e+03 6.731465599999999900e+01 7.024305468750000600e+01 9.559241600000000000e+01
5.941912443438712000e-02 1.547820781250000000e+03 1.629068960000000200e+02 1.477655625000000100e+03 6.731746400000000100e+01 7.016515624999999500e+01 9.558943200000000200e+01
5.992480251463729000e-02 1.547817851562500000e+03 1.629061920000000000e+02 1.477846624999999900e+03 6.731520799999999800e+01 6.997122656249999300e+01 9.559098400000000600e+01
6.027245474391271900e-02 1.547820851562500100e+03 1.629081439999999900e+02 1.477944625000000100e+03 6.731976799999999600e+01 6.987622656249999400e+01 9.558837599999999700e+01
6.036134247146530300e-02 1.547820562500000100e+03 1.629087840000000000e+02 1.477971500000000100e+03 6.732079199999999700e+01 6.984906250000000200e+01 9.558799200000000000e+01
6.047133784233916400e-02 1.547741828125000000e+03 1.628703199999999900e+02 1.478217124999999900e+03 6.725108799999999600e+01 6.952470312500000200e+01 9.561923199999999700e+01
6.058384036248847700e-02 1.547789468750000000e+03 1.628963680000000000e+02 1.478300000000000000e+03 6.727244000000000300e+01 6.948946875000000000e+01 9.562392800000000600e+01
6.083696377834155900e-02 1.547822562500000000e+03 1.628940480000000000e+02 1.478338500000000100e+03 6.728102400000000200e+01 6.948406249999999300e+01 9.561302399999999600e+01
6.140649291490757300e-02 1.547820421875000200e+03 1.629077680000000000e+02 1.478386625000000100e+03 6.730751200000000300e+01 6.943379687499999900e+01 9.560025600000000200e+01
6.268793057038797600e-02 1.547820375000000000e+03 1.629236880000000000e+02 1.478522999999999900e+03 6.734640000000000300e+01 6.929737500000000200e+01 9.557728799999999600e+01
6.427370829069321800e-02 1.547820367187499900e+03 1.629502000000000000e+02 1.478839125000000000e+03 6.737753600000000600e+01 6.898124218750000100e+01 9.557266400000000300e+01
6.516570789564077300e-02 1.547820062499999900e+03 1.629647440000000000e+02 1.478992500000000100e+03 6.738801599999999300e+01 6.882756249999999900e+01 9.557672800000000300e+01
6.566746275156178100e-02 1.547818718750000000e+03 1.629704320000000200e+02 1.479040375000000000e+03 6.739287199999999700e+01 6.877834375000000500e+01 9.557756000000000500e+01
6.594969695622419900e-02 1.547820460937500000e+03 1.629750080000000000e+02 1.479092750000000000e+03 6.739668000000000300e+01 6.872771093750000700e+01 9.557832799999999900e+01
6.602185874810125000e-02 1.547822132812499800e+03 1.629757920000000100e+02 1.479103374999999900e+03 6.739731199999999900e+01 6.871875781250000200e+01 9.557847999999999900e+01
6.606244903058380900e-02 1.547824539062500000e+03 1.629756560000000100e+02 1.479104499999999900e+03 6.739728800000000300e+01 6.872003906250000700e+01 9.557836799999999800e+01
6.608528033903195200e-02 1.547826125000000000e+03 1.629750799999999900e+02 1.479101500000000000e+03 6.739698400000000300e+01 6.872462500000000300e+01 9.557809600000000200e+01
6.609234330354171700e-02 1.547827109375000000e+03 1.629748160000000000e+02 1.479100250000000000e+03 6.739684800000000600e+01 6.872685937500000400e+01 9.557796799999999800e+01
6.609956876846748200e-02 1.547842476562500000e+03 1.629745839999999900e+02 1.479104499999999900e+03 6.739683200000000300e+01 6.873797656249999500e+01 9.557775200000000400e+01
6.610363127886749500e-02 1.547913343750000000e+03 1.629700479999999900e+02 1.479116500000000100e+03 6.739611999999999600e+01 6.879684374999999400e+01 9.557392799999999500e+01
6.611277773085384700e-02 1.547891132812500000e+03 1.629648320000000000e+02 1.479099999999999900e+03 6.739155999999999800e+01 6.879113281249999500e+01 9.557327200000000300e+01
6.613335144423683500e-02 1.547795671874999900e+03 1.629666960000000100e+02 1.479041375000000000e+03 6.739191200000000500e+01 6.875429687499999400e+01 9.557478399999999400e+01
6.615880597368616100e-02 1.547793531250000100e+03 1.629690960000000100e+02 1.479045000000000100e+03 6.739345600000000000e+01 6.874853124999999900e+01 9.557564000000000700e+01
6.617312922463938800e-02 1.547800976562500000e+03 1.629698400000000000e+02 1.479051999999999900e+03 6.739391200000000000e+01 6.874897656250000500e+01 9.557592800000000500e+01
6.618777747642462500e-02 1.547821195312500100e+03 1.629699840000000100e+02 1.479063875000000100e+03 6.739413600000000300e+01 6.875732031249999900e+01 9.557584799999999300e+01
6.619601276536410400e-02 1.547929164062499900e+03 1.629622400000000100e+02 1.479090124999999900e+03 6.739225600000000300e+01 6.883903906250000700e+01 9.556998400000000500e+01
6.621454941996080000e-02 1.547858507812500000e+03 1.629504800000000000e+02 1.479009499999999900e+03 6.738385599999999400e+01 6.884900781250000500e+01 9.556662400000000400e+01
6.625625399101020600e-02 1.547767117187499900e+03 1.629589199999999800e+02 1.478974125000000000e+03 6.738757599999999600e+01 6.879299218750000500e+01 9.557134399999999600e+01
6.635009798125082700e-02 1.547827695312500100e+03 1.629632399999999800e+02 1.479044625000000000e+03 6.738956799999999700e+01 6.878307031250000100e+01 9.557367200000000200e+01
6.646622193924244000e-02 1.547827664062500200e+03 1.629657839999999900e+02 1.479084125000000100e+03 6.738797599999999500e+01 6.874353906250000500e+01 9.557780800000000500e+01
6.653154130288860300e-02 1.547816476562499900e+03 1.629672239999999900e+02 1.479109375000000000e+03 6.738573599999999400e+01 6.870710156250000000e+01 9.558148799999999300e+01
6.654824402421899400e-02 1.547810867187500000e+03 1.629682399999999800e+02 1.479105875000000000e+03 6.738612799999999900e+01 6.870499218749999700e+01 9.558211199999999500e+01
6.655764003041563000e-02 1.548017304687500200e+03 1.629482720000000000e+02 1.479125500000000100e+03 6.738113599999999800e+01 6.889180468749999900e+01 9.556713600000000500e+01
6.656891059498255800e-02 1.547906281249999900e+03 1.629370559999999800e+02 1.479029749999999900e+03 6.737171999999999600e+01 6.887653124999999900e+01 9.556533600000000200e+01
6.659004725623526900e-02 1.547688382812499900e+03 1.629545039999999900e+02 1.478938124999999900e+03 6.737688000000000000e+01 6.875025781249999600e+01 9.557762400000000000e+01
6.663760764584700200e-02 1.547781656250000000e+03 1.629611199999999900e+02 1.479040874999999900e+03 6.738046400000000300e+01 6.874078124999999800e+01 9.558065600000000500e+01
6.674461997336998700e-02 1.547856812499999900e+03 1.629602320000000200e+02 1.479169249999999900e+03 6.737332800000000100e+01 6.868756249999999900e+01 9.558690400000000400e+01
6.698539335760699000e-02 1.547810718750000000e+03 1.629714080000000000e+02 1.479200000000000000e+03 6.737508800000000500e+01 6.861071875000000400e+01 9.559632000000000600e+01
6.712082584717131400e-02 1.547825921874999900e+03 1.629740879999999900e+02 1.479242874999999900e+03 6.737396800000000500e+01 6.858304687499999400e+01 9.560012000000000400e+01
6.716272774015444300e-02 1.547836460937499900e+03 1.629733200000000000e+02 1.479267625000000000e+03 6.737118400000000000e+01 6.856883593749999800e+01 9.560213600000000200e+01
6.720557561770215700e-02 1.547933726562499900e+03 1.629599039999999900e+02 1.479409249999999900e+03 6.735120800000000000e+01 6.852447656249999900e+01 9.560869599999999500e+01
6.730199640025363900e-02 1.547738265624999900e+03 1.629721040000000000e+02 1.479329874999999900e+03 6.734919200000000200e+01 6.840839062499999600e+01 9.562291199999999900e+01
6.739690825037084100e-02 1.547787320312500000e+03 1.629788880000000100e+02 1.479359124999999900e+03 6.735587200000000500e+01 6.842819531249999400e+01 9.562301600000000700e+01
6.741368641832293200e-02 1.547805468750000000e+03 1.629792400000000000e+02 1.479369875000000100e+03 6.735648799999999900e+01 6.843559374999999500e+01 9.562275200000000600e+01
6.743084762296992800e-02 1.547829000000000000e+03 1.629787920000000000e+02 1.479381249999999900e+03 6.735660799999999400e+01 6.844774999999999900e+01 9.562218400000000400e+01
6.744049898696312400e-02 1.547873203125000100e+03 1.629761360000000000e+02 1.479395375000000100e+03 6.735557599999999900e+01 6.847782812500000200e+01 9.562055999999999800e+01
6.746221600684440500e-02 1.547850398437500200e+03 1.629667759999999800e+02 1.479346500000000100e+03 6.734944000000000100e+01 6.850389843749999800e+01 9.561733599999999500e+01
6.751108220337043200e-02 1.547818820312500100e+03 1.629688960000000000e+02 1.479323000000000100e+03 6.735155199999999800e+01 6.849582031250000100e+01 9.561734400000000300e+01
6.762103114555401100e-02 1.547816078124999900e+03 1.629655359999999900e+02 1.479287875000000000e+03 6.735125600000000600e+01 6.852820312500000500e+01 9.561427999999999400e+01
6.768287996460128900e-02 1.547857000000000000e+03 1.629301360000000000e+02 1.479164375000000100e+03 6.733075999999999800e+01 6.869262500000000700e+01 9.559937600000000700e+01
6.782203255297476800e-02 1.547822921875000000e+03 1.629517760000000000e+02 1.479171000000000000e+03 6.734428800000000600e+01 6.865192187499999900e+01 9.560748800000000400e+01
6.795901460007737500e-02 1.547826085937500000e+03 1.629579760000000000e+02 1.479155000000000000e+03 6.734974400000000100e+01 6.867108593749999600e+01 9.560823200000000100e+01
6.798323296564781600e-02 1.547821460937500000e+03 1.629577280000000000e+02 1.479138625000000000e+03 6.734960800000000300e+01 6.868283593750000200e+01 9.560812000000000000e+01
6.798942539221471100e-02 1.547819218749999900e+03 1.629574079999999900e+02 1.479129500000000000e+03 6.734932800000000000e+01 6.868971874999999700e+01 9.560808000000000100e+01
6.799290754398616700e-02 1.547829898437499900e+03 1.629559840000000000e+02 1.479119999999999900e+03 6.734891199999999900e+01 6.870989843750000100e+01 9.560707200000000200e+01
6.799486335256446600e-02 1.547849554687499900e+03 1.629535839999999800e+02 1.479112374999999900e+03 6.734827199999999400e+01 6.873717968750000300e+01 9.560531199999999800e+01
6.799596603395877100e-02 1.547877867187500000e+03 1.629503919999999900e+02 1.479107000000000000e+03 6.734760000000000000e+01 6.877086718750000200e+01 9.560279199999999400e+01
6.799844416530277700e-02 1.548139328125000000e+03 1.629208879999999900e+02 1.479069375000000000e+03 6.734193600000000400e+01 6.906995312499999800e+01 9.557895200000000100e+01
6.800402721530968100e-02 1.548671554687500000e+03 1.627862079999999900e+02 1.478857125000000000e+03 6.728319999999999400e+01 6.981442968749999500e+01 9.550300799999999400e+01
6.801657456885947000e-02 1.548229718750000100e+03 1.627285840000000100e+02 1.478518000000000000e+03 6.723664800000000200e+01 6.971171875000000300e+01 9.549193599999999500e+01
6.804482062331221300e-02 1.547663101562499800e+03 1.628165999999999900e+02 1.478287624999999900e+03 6.727764799999999900e+01 6.937547656249999800e+01 9.553895199999999500e+01
6.810836408955492400e-02 1.547600640624999900e+03 1.628778399999999900e+02 1.478511749999999900e+03 6.729389600000000400e+01 6.908889062500000500e+01 9.558394400000000200e+01
6.825134124129071700e-02 1.547871656249999900e+03 1.628881040000000000e+02 1.478751874999999900e+03 6.730238400000000400e+01 6.911978125000000300e+01 9.558571999999999500e+01
6.857304563628254000e-02 1.547821148437500100e+03 1.628799840000000100e+02 1.478591750000000000e+03 6.729873600000000500e+01 6.922939843749999500e+01 9.558124800000000200e+01
6.929686891784157800e-02 1.547820140625000000e+03 1.629228000000000000e+02 1.478614499999999900e+03 6.733369600000000300e+01 6.920564062500000100e+01 9.558910400000000600e+01
6.970401951371851800e-02 1.547820250000000200e+03 1.629360800000000000e+02 1.478627750000000100e+03 6.734645600000000300e+01 6.919249999999999500e+01 9.558962400000000100e+01
7.000000241429189800e-02 1.547820007812500100e+03 1.629409279999999900e+02 1.478625375000000100e+03 6.735263200000000000e+01 6.919463281250000400e+01 9.558829600000000000e+01
