0.000000000000000000e+00 0.000000000000000000e+00 0.000000000000000000e+00 0.000000000000000000e+00 0.000000000000000000e+00 0.000000000000000000e+00 0.000000000000000000e+00
-1.377609867498303500e-07 5.844379218750000300e+02 -1.056447448730468500e-04 3.474058749999999800e+02 2.403393554687500100e-04 2.370320468749999900e+02 -3.459841003417968600e-04
1.399865002460209900e-03 5.844374531250000500e+02 1.527841150000000100e+01 3.421723749999999900e+02 6.234721500000000000e+00 2.422650781250000000e+02 9.043689999999999800e+00
2.548304682142129200e-03 5.844347343750000600e+02 2.771828300000000000e+01 3.373828750000000100e+02 1.120233400000000000e+01 2.470518593749999900e+02 1.651594899999999900e+01
2.640590046740876700e-03 5.844378281250000100e+02 2.870894400000000200e+01 3.370056562500000200e+02 1.158722400000000100e+01 2.474321718749999900e+02 1.712172000000000000e+01
2.692500586997931600e-03 5.844392031249999500e+02 2.926366700000000200e+01 3.368042812499999700e+02 1.179998900000000000e+01 2.476349218750000000e+02 1.746367800000000200e+01
2.756739758146638200e-03 5.844387812500000300e+02 2.994821100000000100e+01 3.365726562500000200e+02 1.205973700000000000e+01 2.478661250000000100e+02 1.788847399999999900e+01
2.822439075332425600e-03 5.844378593750000200e+02 3.064471499999999800e+01 3.363680625000000100e+02 1.232137099999999900e+01 2.480697968750000100e+02 1.832334399999999900e+01
2.903741878333673200e-03 5.844389375000000700e+02 3.150369500000000000e+01 3.361463125000000200e+02 1.264138900000000000e+01 2.482926249999999900e+02 1.886230600000000000e+01
2.986892398118646200e-03 5.844394843750000100e+02 3.237170100000000200e+01 3.360059687500000200e+02 1.295680499999999900e+01 2.484335156250000100e+02 1.941489599999999900e+01
3.033664588167952900e-03 5.844397968749999600e+02 3.285533199999999700e+01 3.359681875000000000e+02 1.312886600000000000e+01 2.484716093750000100e+02 1.972646599999999900e+01
3.117854493984290300e-03 5.844453125000000000e+02 3.370619599999999800e+01 3.360464999999999800e+02 1.341366799999999900e+01 2.483988124999999900e+02 2.029252800000000100e+01
3.223092012276265800e-03 5.844299687499999400e+02 3.475228099999999600e+01 3.363710624999999900e+02 1.375334900000000000e+01 2.480589062500000100e+02 2.099893200000000000e+01
3.282288229666796400e-03 5.844279843750000500e+02 3.532639700000000000e+01 3.366465625000000200e+02 1.394924100000000100e+01 2.477814218750000100e+02 2.137715599999999900e+01
3.415479446752383700e-03 5.844379999999999900e+02 3.654856399999999900e+01 3.378862187500000100e+02 1.434621800000000000e+01 2.465517812500000000e+02 2.220234599999999900e+01
3.490399393011731600e-03 5.844295312500000800e+02 3.722216500000000400e+01 3.387411562500000200e+02 1.457840500000000000e+01 2.456883750000000100e+02 2.264376000000000000e+01
3.658969272095265400e-03 5.844357031250000300e+02 3.867135100000000100e+01 3.411019062500000100e+02 1.508366099999999900e+01 2.433337968749999900e+02 2.358768999999999800e+01
3.753790078452600700e-03 5.844440312500000800e+02 3.942619099999999600e+01 3.428809687500000200e+02 1.532509499999999900e+01 2.415630625000000000e+02 2.410109599999999800e+01
3.967136439351428100e-03 5.844293281249999800e+02 4.108875600000000400e+01 3.470939062499999700e+02 1.589798000000000000e+01 2.373354218750000100e+02 2.519077600000000000e+01
4.447166295460002600e-03 5.844350781250000200e+02 4.449614199999999900e+01 3.579769062500000100e+02 1.707243199999999900e+01 2.264581718750000100e+02 2.742371000000000000e+01
4.717182862818486200e-03 5.844378593750000200e+02 4.624726400000000100e+01 3.645658750000000100e+02 1.768823199999999900e+01 2.198719843750000100e+02 2.855903199999999800e+01
5.324720411418181400e-03 5.844346406249999300e+02 4.987768799999999900e+01 3.797685937499999800e+02 1.893753399999999900e+01 2.046660468750000100e+02 3.094015400000000000e+01
6.076547810426680500e-03 5.844314531249999600e+02 5.380689999999999900e+01 3.994040312500000000e+02 2.016780800000000100e+01 1.850274218749999900e+02 3.363909199999999800e+01
6.845462781081148600e-03 5.844353281249999600e+02 5.732561200000000000e+01 4.193478749999999900e+02 2.115809600000000000e+01 1.650874531250000000e+02 3.616751599999999900e+01
7.796994123251383700e-03 5.844358125000000000e+02 6.098486400000000200e+01 4.419215937500000000e+02 2.212591200000000000e+01 1.425142187500000000e+02 3.885895200000000200e+01
8.770151804267189600e-03 5.844380859374999800e+02 6.364794999999999400e+01 4.609522187499999900e+02 2.301035800000000000e+01 1.234858671875000100e+02 4.063759199999999800e+01
9.062099036027103700e-03 5.844375390624999200e+02 6.429732599999999800e+01 4.658809999999999700e+02 2.324234200000000100e+01 1.185565390624999900e+02 4.105498399999999700e+01
9.609500548982118400e-03 5.844394062499999300e+02 6.534103799999999800e+01 4.744172812499999700e+02 2.364925800000000000e+01 1.100221250000000000e+02 4.169178000000000100e+01
1.028690892377255900e-02 5.844358281249999400e+02 6.640734200000000000e+01 4.840309062499999900e+02 2.408261400000000000e+01 1.004049218750000000e+02 4.232472800000000000e+01
1.046011042743626700e-02 5.844369765624999200e+02 6.665590199999999800e+01 4.863841249999999800e+02 2.418241400000000100e+01 9.805285156249999500e+01 4.247348800000000300e+01
1.063060528354595400e-02 5.844425078125000300e+02 6.688229599999999700e+01 4.885607812499999900e+02 2.427494000000000100e+01 9.588172656250000600e+01 4.260735600000000300e+01
1.063814051488971800e-02 5.844458671874999700e+02 6.689154399999999600e+01 4.886531249999999900e+02 2.427873200000000200e+01 9.579274218749999600e+01 4.261281199999999800e+01
1.064584695202891100e-02 5.844663515624999900e+02 6.690013799999999800e+01 4.887470000000000100e+02 2.428229000000000000e+01 9.571935156249999500e+01 4.261784800000000200e+01
1.065538369519297400e-02 5.844983281250000600e+02 6.690942799999999100e+01 4.888697500000000100e+02 2.428595599999999900e+01 9.562857812500000400e+01 4.262347200000000000e+01
1.066513734739446700e-02 5.845527656250000100e+02 6.690733199999999700e+01 4.890253750000000000e+02 2.427910000000000000e+01 9.552739062499999500e+01 4.262823199999999700e+01
1.068708288348575400e-02 5.844733906249999800e+02 6.693121600000000600e+01 4.892334062499999700e+02 2.428497200000000000e+01 9.523998437500000600e+01 4.264624400000000300e+01
1.071424076550993100e-02 5.844111718750000400e+02 6.697021399999999900e+01 4.895156875000000100e+02 2.430357800000000200e+01 9.489548437499999500e+01 4.266663599999999700e+01
1.072951653006231800e-02 5.843917734374999800e+02 6.698779999999999300e+01 4.896813750000000000e+02 2.431085600000000100e+01 9.471039843750000400e+01 4.267694399999999900e+01
1.074513978434356300e-02 5.844100859374999600e+02 6.699987400000000500e+01 4.898793749999999800e+02 2.431285799999999900e+01 9.453071093750000400e+01 4.268701600000000000e+01
1.075392786487676400e-02 5.845765859375000000e+02 6.698044199999999600e+01 4.901199062499999900e+02 2.429071000000000100e+01 9.445667968749999900e+01 4.268973199999999900e+01
1.076974699019515200e-02 5.846136640624999900e+02 6.695561599999999200e+01 4.904200312500000200e+02 2.425062799999999900e+01 9.419363281249999900e+01 4.270498800000000000e+01
1.078951980867071100e-02 5.844800781249999800e+02 6.700099799999999600e+01 4.906190312499999800e+02 2.427155799999999900e+01 9.386104687500000000e+01 4.272943999999999700e+01
1.083401010113728800e-02 5.843184687499999700e+02 6.706703000000000300e+01 4.911178437500000200e+02 2.429622600000000100e+01 9.320062500000000200e+01 4.277080399999999800e+01
1.088906582243707700e-02 5.844037499999999500e+02 6.714176599999999000e+01 4.918638750000000100e+02 2.433132200000000000e+01 9.253987499999999500e+01 4.281044399999999700e+01
1.094537366747801900e-02 5.844926328125000100e+02 6.719938600000000400e+01 4.926018437500000000e+02 2.435195399999999900e+01 9.189078906250000500e+01 4.284743199999999800e+01
1.107206523064770500e-02 5.844282265625000700e+02 6.733482599999999300e+01 4.938723437500000300e+02 2.442388600000000000e+01 9.055588281250000200e+01 4.291093999999999700e+01
1.114332964299531500e-02 5.844440937499999800e+02 6.740016400000000400e+01 4.946288124999999800e+02 2.445311600000000100e+01 8.981528124999999800e+01 4.294704800000000200e+01
1.123151876384874900e-02 5.844445078124999800e+02 6.747519599999999700e+01 4.956838437499999900e+02 2.447121999999999900e+01 8.876066406249999800e+01 4.300397600000000200e+01
1.132171229831562700e-02 5.844265390624999600e+02 6.757687400000000400e+01 4.966587500000000000e+02 2.452175000000000100e+01 8.776778906250000000e+01 4.305512399999999900e+01
1.152464847631438400e-02 5.844360078125000700e+02 6.777676999999999900e+01 4.987469687500000100e+02 2.462088599999999900e+01 8.568903906250000100e+01 4.315588400000000000e+01
1.163879994041713300e-02 5.844403046874999700e+02 6.787988599999999900e+01 4.999085625000000200e+02 2.466857400000000000e+01 8.453174218750000100e+01 4.321131200000000000e+01
1.170301009363441100e-02 5.844501874999999700e+02 6.792576200000000600e+01 5.005930937499999800e+02 2.468119400000000100e+01 8.385709375000000400e+01 4.324456800000000100e+01
1.178246989526578900e-02 5.844097265625000500e+02 6.793237999999999500e+01 5.016572187500000300e+02 2.463330800000000000e+01 8.275250781249999900e+01 4.329907200000000200e+01
1.186373606312860800e-02 5.843894609374999600e+02 6.802145000000000200e+01 5.025480000000000000e+02 2.467143000000000100e+01 8.184146093750000300e+01 4.335002000000000100e+01
1.196430278263298100e-02 5.844429687499999800e+02 6.810787200000000000e+01 5.035537187499999700e+02 2.471120000000000200e+01 8.088925000000000400e+01 4.339667200000000200e+01
1.199001557167200600e-02 5.844428124999999500e+02 6.812800599999999900e+01 5.037893437500000000e+02 2.472045000000000000e+01 8.065346875000000200e+01 4.340755600000000000e+01
1.200447955959267300e-02 5.844439999999999600e+02 6.813670799999999900e+01 5.039205625000000200e+02 2.472352400000000100e+01 8.052343750000000000e+01 4.341318400000000100e+01
1.201261473666872600e-02 5.845270234375000200e+02 6.812733199999999600e+01 5.040570312500000200e+02 2.471351999999999900e+01 8.046999218749999700e+01 4.341381200000000000e+01
1.202237781969793400e-02 5.844691328124999900e+02 6.812532600000000100e+01 5.041101562499999900e+02 2.470780600000000100e+01 8.035897656250000400e+01 4.341752000000000300e+01
1.204068305629148200e-02 5.844232968750000100e+02 6.814657600000001000e+01 5.042337187499999800e+02 2.472049200000000000e+01 8.018957812499999700e+01 4.342608400000000300e+01
1.208187110816146500e-02 5.844121796875000400e+02 6.818099800000000200e+01 5.045962500000000000e+02 2.473710200000000000e+01 7.981592968750000200e+01 4.344389600000000200e+01
1.217454277397235800e-02 5.844424687499999900e+02 6.824602000000000100e+01 5.054655000000000200e+02 2.476148399999999900e+01 7.897696874999999700e+01 4.348453599999999900e+01
1.227879839800961400e-02 5.844336171874999800e+02 6.831694400000000700e+01 5.064515937499999700e+02 2.478215600000000100e+01 7.798202343750000400e+01 4.353478799999999900e+01
1.229183035101427000e-02 5.844367265624999800e+02 6.833026200000000500e+01 5.065862187500000000e+02 2.478764599999999900e+01 7.785050781249999800e+01 4.354261600000000200e+01
1.232115151982646200e-02 5.844628828124999700e+02 6.835158599999999800e+01 5.070395624999999900e+02 2.477471399999999900e+01 7.742332031249999600e+01 4.357687200000000200e+01
1.238712523782632300e-02 5.843912890624999400e+02 6.841660400000000700e+01 5.076391562499999800e+02 2.480253600000000000e+01 7.675213281249999400e+01 4.361406800000000300e+01
1.253556791694672400e-02 5.844410546875000100e+02 6.853479799999999500e+01 5.089485624999999800e+02 2.486464200000000000e+01 7.549249218750000500e+01 4.367015599999999900e+01
1.271926448095992900e-02 5.844429999999999800e+02 6.867389199999999500e+01 5.104768750000000100e+02 2.493777199999999900e+01 7.396612500000000500e+01 4.373612000000000000e+01
1.290713672530573200e-02 5.844379374999999800e+02 6.880947200000000000e+01 5.119813437500000100e+02 2.501269599999999800e+01 7.245659374999999600e+01 4.379677600000000100e+01
1.301281422798299500e-02 5.844411171875000300e+02 6.887604799999999700e+01 5.128057187499999800e+02 2.505024399999999900e+01 7.163539843750000100e+01 4.382580399999999800e+01
1.325059005990341200e-02 5.844158203125000500e+02 6.897853800000000000e+01 5.146362500000000200e+02 2.507581000000000100e+01 6.977957031249999900e+01 4.390272800000000300e+01
1.354483623728076700e-02 5.844380703125000300e+02 6.916423600000000200e+01 5.166749375000000600e+02 2.519238400000000100e+01 6.776313281250000400e+01 4.397185199999999800e+01
1.384577104785245400e-02 5.844373593750000300e+02 6.934407199999999700e+01 5.186425000000000400e+02 2.530584000000000000e+01 6.579485937500000100e+01 4.403823200000000100e+01
1.388808934815158800e-02 5.844385000000000900e+02 6.936781200000000100e+01 5.189148437500000500e+02 2.532107600000000100e+01 6.552365625000000200e+01 4.404673600000000300e+01
1.390118223881224600e-02 5.844384609375000500e+02 6.937453600000000600e+01 5.189957500000000400e+02 2.532523600000000000e+01 6.544271093749999600e+01 4.404930000000000200e+01
1.390854698980886600e-02 5.844388203124999600e+02 6.937778000000000100e+01 5.190402500000000100e+02 2.532714800000000100e+01 6.539857031249999900e+01 4.405063200000000000e+01
1.391607859391120000e-02 5.844671679687500000e+02 6.937649000000000400e+01 5.190991874999999700e+02 2.532540600000000100e+01 6.536798046875000500e+01 4.405108400000000300e+01
1.393302506586559800e-02 5.844351249999999700e+02 6.938204000000000300e+01 5.191757812500000000e+02 2.532890400000000100e+01 6.525934374999999900e+01 4.405313600000000200e+01
1.397115462776299000e-02 5.844317499999999700e+02 6.940838399999999800e+01 5.194229374999999900e+02 2.534578000000000100e+01 6.500881250000000500e+01 4.406260400000000000e+01
1.405694759292869600e-02 5.844375195312500200e+02 6.945975599999999900e+01 5.199826562499999900e+02 2.537803200000000100e+01 6.445486328124999900e+01 4.408172400000000100e+01
1.424998067637910300e-02 5.844383906250000100e+02 6.956669999999999700e+01 5.212310625000000100e+02 2.544478000000000200e+01 6.320732812499999700e+01 4.412192000000000300e+01
1.448885918969381100e-02 5.844372460937499900e+02 6.969313600000001000e+01 5.228065000000000300e+02 2.552236800000000000e+01 6.163074609374999800e+01 4.417076800000000200e+01
1.462322817207126400e-02 5.844378437499999600e+02 6.976081600000000500e+01 5.236825312500000100e+02 2.556199200000000000e+01 6.075531250000000200e+01 4.419882400000000200e+01
1.469881117806375900e-02 5.844397578125000300e+02 6.979601999999999900e+01 5.241726562500000500e+02 2.558104799999999900e+01 6.026710156250000200e+01 4.421497200000000300e+01
1.471813566949874300e-02 5.844417890624999900e+02 6.980343399999999600e+01 5.242965000000000400e+02 2.558470600000000100e+01 6.014528906249999800e+01 4.421872799999999900e+01
1.472900578661195600e-02 5.844431562500000200e+02 6.980633600000000200e+01 5.243623125000000300e+02 2.558575600000000000e+01 6.008084375000000000e+01 4.422057999999999800e+01
1.475346500101325900e-02 5.844453750000000100e+02 6.980481199999999800e+01 5.244990000000000200e+02 2.558242800000000000e+01 5.994637500000000300e+01 4.422238399999999800e+01
1.480849605707133500e-02 5.844278203124999900e+02 6.983257399999999400e+01 5.248533750000000300e+02 2.559667400000000000e+01 5.957444531250000400e+01 4.423590000000000100e+01
1.493231557047786100e-02 5.844504218749999600e+02 6.989362400000000300e+01 5.257932499999999400e+02 2.561940800000000000e+01 5.865717187500000300e+01 4.427421600000000300e+01
1.521091237743568700e-02 5.844345468750000200e+02 7.002002999999999100e+01 5.275989375000000300e+02 2.568986999999999900e+01 5.683560937499999700e+01 4.433015999999999900e+01
1.536762226522014200e-02 5.844377382812499500e+02 7.008468399999999600e+01 5.285941249999999600e+02 2.572648399999999900e+01 5.584361328125000100e+01 4.435819999999999700e+01
1.556155055185512800e-02 5.844360624999999300e+02 7.015464600000000000e+01 5.297833124999999700e+02 2.576394600000000100e+01 5.465274999999999700e+01 4.439070000000000200e+01
1.575988666227414300e-02 5.844361015624999700e+02 7.023331400000000700e+01 5.310185000000000200e+02 2.580937000000000100e+01 5.341760156250000300e+01 4.442394399999999900e+01
1.600532903167803400e-02 5.844362187500000800e+02 7.031388200000000700e+01 5.324650000000000300e+02 2.585323400000000000e+01 5.197121874999999800e+01 4.446064799999999900e+01
1.625634719660596500e-02 5.844367265625001000e+02 7.040883999999999800e+01 5.339690000000000500e+02 2.590326000000000000e+01 5.046772656249999800e+01 4.450558000000000200e+01
1.639754554914517700e-02 5.844334257812499800e+02 7.044426999999998900e+01 5.347138125000000200e+02 2.591974199999999900e+01 4.971961328124999800e+01 4.452452799999999700e+01
1.657227847414003900e-02 5.844386445312500200e+02 7.051158800000000300e+01 5.357131875000000000e+02 2.595592400000000000e+01 4.872545703125000200e+01 4.455566400000000000e+01
1.667056656057896600e-02 5.844368554687499700e+02 7.054577399999999400e+01 5.362450000000000000e+02 2.597505400000000000e+01 4.819185546874999900e+01 4.457072000000000100e+01
1.669569608919627500e-02 5.844362265625000000e+02 7.055402800000000200e+01 5.363769999999999500e+02 2.597954800000000100e+01 4.805922656250000100e+01 4.457448000000000100e+01
1.675224043037835600e-02 5.844384999999999800e+02 7.056505599999999800e+01 5.366414999999999500e+02 2.598355200000000000e+01 4.779699999999999700e+01 4.458150400000000200e+01
1.678404553412085300e-02 5.844400195312499600e+02 7.057686799999999000e+01 5.368120000000000100e+02 2.599027999999999800e+01 4.762801953124999700e+01 4.458658799999999900e+01
1.685560810571389400e-02 5.844291796874999800e+02 7.060008000000000500e+01 5.371784999999999900e+02 2.600499999999999900e+01 4.725067968750000300e+01 4.459508000000000300e+01
1.701662280362580700e-02 5.844378046874999200e+02 7.065304799999999800e+01 5.379969999999999600e+02 2.603299200000000000e+01 4.644080468749999800e+01 4.462005599999999800e+01
1.737890732482418000e-02 5.844381992187500100e+02 7.074979600000000300e+01 5.396402500000000400e+02 2.608789600000000100e+01 4.479794921874999900e+01 4.466190000000000300e+01
1.782723436539854600e-02 5.844366132812500600e+02 7.084893800000000400e+01 5.414705625000000300e+02 2.614257400000000000e+01 4.296605078124999700e+01 4.470636400000000100e+01
1.802783532536557700e-02 5.844359296874999900e+02 7.089161199999999500e+01 5.422400625000000200e+02 2.616461200000000200e+01 4.219586718749999900e+01 4.472699999999999700e+01
1.809231461989685800e-02 5.844320039062499700e+02 7.090234999999999800e+01 5.424681249999999900e+02 2.616932999999999900e+01 4.196387890625000200e+01 4.473302000000000300e+01
1.823739266986809300e-02 5.844397226562499600e+02 7.092476000000000600e+01 5.429724999999999700e+02 2.617725199999999900e+01 4.146722265625000100e+01 4.474750800000000300e+01
1.856381683140680500e-02 5.844375585937500500e+02 7.098871199999999200e+01 5.441258125000000500e+02 2.620317199999999900e+01 4.031174609375000300e+01 4.478553999999999700e+01
1.929827083214475900e-02 5.844379687499999800e+02 7.110530199999999500e+01 5.465248749999999500e+02 2.623963799999999900e+01 3.791309375000000200e+01 4.486566400000000200e+01
2.020715887318385800e-02 5.844369843750000700e+02 7.121732199999999600e+01 5.491475625000000500e+02 2.625931800000000000e+01 3.528942187500000200e+01 4.495800400000000300e+01
2.113670332871052000e-02 5.844369687500000100e+02 7.128818800000000500e+01 5.513795625000000200e+02 2.623621999999999900e+01 3.305740625000000000e+01 4.505196800000000200e+01
2.136545748574973600e-02 5.844398808593750800e+02 7.130105999999999300e+01 5.518551250000000400e+02 2.622679200000000000e+01 3.258475585937500100e+01 4.507426799999999600e+01
2.139762676453166300e-02 5.844437773437499600e+02 7.130231599999999000e+01 5.519146250000000000e+02 2.622498399999999900e+01 3.252915234374999900e+01 4.507733199999999800e+01
2.140331427909169700e-02 5.844473593750000200e+02 7.130254800000000200e+01 5.519257499999999900e+02 2.622463600000000000e+01 3.252160937499999700e+01 4.507791199999999800e+01
2.140651205513514600e-02 5.844511992187500500e+02 7.130269200000000800e+01 5.519325000000000000e+02 2.622443600000000100e+01 3.251869921875000100e+01 4.507825600000000300e+01
2.140978382690374200e-02 5.844578242187500300e+02 7.130284600000000200e+01 5.519394375000000500e+02 2.622418600000000000e+01 3.251838671875000100e+01 4.507865999999999900e+01
2.141714567610721700e-02 5.846799667968749600e+02 7.128373200000000100e+01 5.519921249999999900e+02 2.621563600000000000e+01 3.268784179687499900e+01 4.506809599999999700e+01
2.143370766047018200e-02 5.844863691406249000e+02 7.128583199999999900e+01 5.519417499999999600e+02 2.621135999999999900e+01 3.254461914062500200e+01 4.507447200000000000e+01
2.147097393890757100e-02 5.843711367187499900e+02 7.129173199999999600e+01 5.519137500000000500e+02 2.621383600000000100e+01 3.245738671875000100e+01 4.507789600000000300e+01
2.149193504167513600e-02 5.843758652343750600e+02 7.129425200000000000e+01 5.519543750000000300e+02 2.621352800000000000e+01 3.242149023437500000e+01 4.508072399999999600e+01
2.150372647811121100e-02 5.843909570312499700e+02 7.129525200000000500e+01 5.519848124999999800e+02 2.621309600000000000e+01 3.240614453125000000e+01 4.508215599999999800e+01
2.151035997723582700e-02 5.844045351562499500e+02 7.129556599999999400e+01 5.520038124999999800e+02 2.621271799999999900e+01 3.240072265624999700e+01 4.508284799999999800e+01
2.151409023232099500e-02 5.844141328124999300e+02 7.129562400000000400e+01 5.520149999999999900e+02 2.621244000000000100e+01 3.239913281250000000e+01 4.508318400000000300e+01
2.151870698521131000e-02 5.844305546874999200e+02 7.129541199999999900e+01 5.520293124999999500e+02 2.621187600000000000e+01 3.240124218750000300e+01 4.508353600000000200e+01
2.152342820265476900e-02 5.844872949218749900e+02 7.129225600000000900e+01 5.520529374999999800e+02 2.620980000000000100e+01 3.243435742187499900e+01 4.508245600000000100e+01
2.152909540466280800e-02 5.846804082031249000e+02 7.127521199999999600e+01 5.521325624999999500e+02 2.620178400000000000e+01 3.254784570312499900e+01 4.507342800000000000e+01
2.153971886935887900e-02 5.845662324218749300e+02 7.127398600000000800e+01 5.521093124999999900e+02 2.619697800000000100e+01 3.245691992187499900e+01 4.507700799999999900e+01
2.156362239037331800e-02 5.844099511718750400e+02 7.127947600000000300e+01 5.520275000000000300e+02 2.620093999999999900e+01 3.238245117187499700e+01 4.507853600000000000e+01
2.161740712627652900e-02 5.844017675781249200e+02 7.128634800000000400e+01 5.521193124999999800e+02 2.620067999999999800e+01 3.228245507812499700e+01 4.508566799999999800e+01
2.173842060571389400e-02 5.844414238281249300e+02 7.129491200000001100e+01 5.523670624999999700e+02 2.619490400000000100e+01 3.207436132812500100e+01 4.510000800000000300e+01
2.201070165989624900e-02 5.844374082031250700e+02 7.131453399999999500e+01 5.528639375000000200e+02 2.618295000000000200e+01 3.157347070312500000e+01 4.513158399999999700e+01
2.262333548270312200e-02 5.844373515625000000e+02 7.135062600000000500e+01 5.539589375000000500e+02 2.615218600000000000e+01 3.047841406250000100e+01 4.519843999999999800e+01
2.296794228007509300e-02 5.844379492187500800e+02 7.136352600000000700e+01 5.544991250000000500e+02 2.612865000000000000e+01 2.993882421875000000e+01 4.523487600000000000e+01
2.298914278077694700e-02 5.844343769531250200e+02 7.136482999999999800e+01 5.545241875000000400e+02 2.612761799999999800e+01 2.991018945312500000e+01 4.523721200000000000e+01
2.299595764197299300e-02 5.844331289062500900e+02 7.136529400000000600e+01 5.545314375000000400e+02 2.612732600000000000e+01 2.990169140624999900e+01 4.523796800000000200e+01
2.299979091071473200e-02 5.844323144531249500e+02 7.136551400000000500e+01 5.545344999999999800e+02 2.612713799999999900e+01 2.989781445312500100e+01 4.523837600000000200e+01
2.300194694301988700e-02 5.844317890625000000e+02 7.136562000000000700e+01 5.545351875000000100e+02 2.612700399999999900e+01 2.989660156249999900e+01 4.523861600000000000e+01
2.300582809134848700e-02 5.845690742187500700e+02 7.135164600000000200e+01 5.545258125000000300e+02 2.612487799999999900e+01 3.004326171874999900e+01 4.522676800000000000e+01
2.301067988948337500e-02 5.847490390625000600e+02 7.131266999999999700e+01 5.545258750000000400e+02 2.610757800000000000e+01 3.022316406250000000e+01 4.520509200000000000e+01
2.302159643528687400e-02 5.845969999999999800e+02 7.130508600000000300e+01 5.544916875000000100e+02 2.609498999999999900e+01 3.010531250000000000e+01 4.521009600000000000e+01
2.304615576155160500e-02 5.843522988281249600e+02 7.133264400000000200e+01 5.544244374999999500e+02 2.610293199999999900e+01 2.992786132812500100e+01 4.522971199999999900e+01
2.310141751016454200e-02 5.843670078124999900e+02 7.134358000000000300e+01 5.544903749999999700e+02 2.610867199999999900e+01 2.987663281249999900e+01 4.523490799999999700e+01
2.322575644454364200e-02 5.844586054687499700e+02 7.135245799999999900e+01 5.547234999999999400e+02 2.610617399999999900e+01 2.973510546875000000e+01 4.524628400000000300e+01
2.350551832144833300e-02 5.844368925781250300e+02 7.137057799999999500e+01 5.550910000000000100e+02 2.609657400000000000e+01 2.934589257812500000e+01 4.527400399999999800e+01
2.385172400684203200e-02 5.844373808593749100e+02 7.139000400000000500e+01 5.555187499999999500e+02 2.607855199999999800e+01 2.891863085937500000e+01 4.531145200000000300e+01
2.404646334466045000e-02 5.844410390625000700e+02 7.139641399999999300e+01 5.557316875000000200e+02 2.606509799999999900e+01 2.870935156250000000e+01 4.533131600000000100e+01
2.420579645344606400e-02 5.844183652343749600e+02 7.139794200000000000e+01 5.558719374999999400e+02 2.605530999999999900e+01 2.854642773437500100e+01 4.534263200000000200e+01
2.440496247670393900e-02 5.844385644531249700e+02 7.139658199999999500e+01 5.560335000000000000e+02 2.603339000000000100e+01 2.840506445312500000e+01 4.536319199999999800e+01
2.485308639175830600e-02 5.844369453125000300e+02 7.141028800000000800e+01 5.564114375000000300e+02 2.599977200000000000e+01 2.802550781249999900e+01 4.541051600000000100e+01
2.586136665152719700e-02 5.844374746093749300e+02 7.147728399999999700e+01 5.573737499999999700e+02 2.596777200000000000e+01 2.706372460937500100e+01 4.550951200000000100e+01
2.642852502309548900e-02 5.844375332031249900e+02 7.153033800000000000e+01 5.579808124999999600e+02 2.596753800000000100e+01 2.645672070312500100e+01 4.556280000000000300e+01
2.674755106301643400e-02 5.844372734375000400e+02 7.156027799999999700e+01 5.583043125000000400e+02 2.596868600000000200e+01 2.613296093749999800e+01 4.559159199999999900e+01
2.714234292189788100e-02 5.844377773437499900e+02 7.159360399999999900e+01 5.586667499999999800e+02 2.596845199999999900e+01 2.577102734374999900e+01 4.562515200000000000e+01
2.736441715112219300e-02 5.844371406249999800e+02 7.161406399999999900e+01 5.588736874999999600e+02 2.596893199999999900e+01 2.556345312499999900e+01 4.564513199999999700e+01
2.748933064054358300e-02 5.844370996093749700e+02 7.162506399999999500e+01 5.589854374999999900e+02 2.596859600000000200e+01 2.545166210937500000e+01 4.565646799999999700e+01
2.755959756149832900e-02 5.844354492187500200e+02 7.162881799999999500e+01 5.590368125000000000e+02 2.596608200000000000e+01 2.539863671875000200e+01 4.566273600000000200e+01
2.756947816714982000e-02 5.844364804687500100e+02 7.162825399999999800e+01 5.590430625000000200e+02 2.596474999999999900e+01 2.539341796875000100e+01 4.566350400000000300e+01
2.757503510101842700e-02 5.844386464843750000e+02 7.162719599999999800e+01 5.590476875000000500e+02 2.596329199999999900e+01 2.539095898437500100e+01 4.566390400000000200e+01
2.757816323402645000e-02 5.844406953125000000e+02 7.162612400000000400e+01 5.590510000000000400e+02 2.596200800000000100e+01 2.538969531249999900e+01 4.566411600000000000e+01
2.758136101006990200e-02 5.844423222656249700e+02 7.162410400000000300e+01 5.590539374999999600e+02 2.595980000000000100e+01 2.538838476562499800e+01 4.566430400000000100e+01
2.758855455527109100e-02 5.844753496093750300e+02 7.161574999999999100e+01 5.590888750000000300e+02 2.595112999999999900e+01 2.538647460937500000e+01 4.566461999999999900e+01
2.760474075742205500e-02 5.844565859374999900e+02 7.162312400000000400e+01 5.590807499999999700e+02 2.595574399999999900e+01 2.537583593750000000e+01 4.566738000000000100e+01
2.764116116315829000e-02 5.844278652343749600e+02 7.163016600000000300e+01 5.590836249999999800e+02 2.595862199999999800e+01 2.534424023437500000e+01 4.567154399999999700e+01
2.772311070330625900e-02 5.844310820312499600e+02 7.164027400000000500e+01 5.591551875000000100e+02 2.596054600000000100e+01 2.527589453125000000e+01 4.567972799999999700e+01
2.790749063960460900e-02 5.844395156250000100e+02 7.165809400000000600e+01 5.593129999999999900e+02 2.596245400000000100e+01 2.512651562500000000e+01 4.569563999999999700e+01
2.813566443801524700e-02 5.844369941406249600e+02 7.167900000000000200e+01 5.594892499999999700e+02 2.596394000000000100e+01 2.494774414062500200e+01 4.571506000000000100e+01
2.836902374077220800e-02 5.844365566406249900e+02 7.169778600000000800e+01 5.596409999999999600e+02 2.596391800000000000e+01 2.479555664062500100e+01 4.573386800000000100e+01
2.889407999563050100e-02 5.844375839843750100e+02 7.175023999999999100e+01 5.600258125000000300e+02 2.596715199999999900e+01 2.441177148437499900e+01 4.578308799999999900e+01
3.007545801995824300e-02 5.844374453125000200e+02 7.187842399999999500e+01 5.607816249999999600e+02 2.598581600000000000e+01 2.365582031250000100e+01 4.589260800000000300e+01
3.153741332506383000e-02 5.844370820312499300e+02 7.204261999999999900e+01 5.615411874999999800e+02 2.600529999999999800e+01 2.289589453125000100e+01 4.603732000000000100e+01
3.219155584788297600e-02 5.844356503906249100e+02 7.211902800000000000e+01 5.618368749999999600e+02 2.602032799999999900e+01 2.259877539062500100e+01 4.609870000000000100e+01
3.230719810821287100e-02 5.844368417968750000e+02 7.213327999999999900e+01 5.618949999999999800e+02 2.602350800000000000e+01 2.254184179687500100e+01 4.610977200000000000e+01
3.242546939313022100e-02 5.844361855468749800e+02 7.213800799999999900e+01 5.619301249999999800e+02 2.602474399999999800e+01 2.250606054687499800e+01 4.611326400000000100e+01
3.269157833329768000e-02 5.844380449218749600e+02 7.217358600000000000e+01 5.620668124999999700e+02 2.603325399999999900e+01 2.237123242187500000e+01 4.614033200000000100e+01
3.329032852681245600e-02 5.844373046875000500e+02 7.225045199999999600e+01 5.623428125000000400e+02 2.604830400000000200e+01 2.209449218749999800e+01 4.620214800000000100e+01
3.463750920773785900e-02 5.844375761718750900e+02 7.241308200000000300e+01 5.627998750000000400e+02 2.606398600000000000e+01 2.163770117187500100e+01 4.634909600000000300e+01
3.625413008735874100e-02 5.844374179687499700e+02 7.262116399999999300e+01 5.632655624999999900e+02 2.610836799999999900e+01 2.117185546875000000e+01 4.651279600000000200e+01
3.792126828380394700e-02 5.844373027343750700e+02 7.283475000000000000e+01 5.637428750000000300e+02 2.616712199999999900e+01 2.069442773437500100e+01 4.666762800000000100e+01
3.962629519331569600e-02 5.844376699218750000e+02 7.305284799999999700e+01 5.641372499999999900e+02 2.623242799999999900e+01 2.030041992187500100e+01 4.682041999999999900e+01
4.015378895441400900e-02 5.844376679687500200e+02 7.312093999999999000e+01 5.642400625000000200e+02 2.625216400000000000e+01 2.019760546875000200e+01 4.686877599999999700e+01
4.069327002298554800e-02 5.844371855468750700e+02 7.318870400000000100e+01 5.643160000000000300e+02 2.627092800000000100e+01 2.012118554687500100e+01 4.691777600000000300e+01
4.190710460361635200e-02 5.844378593750000200e+02 7.333832400000000000e+01 5.644130625000000200e+02 2.630521200000000100e+01 2.002479687500000000e+01 4.703311200000000300e+01
4.340922362761248700e-02 5.844368789062500600e+02 7.350752599999999900e+01 5.643572500000000200e+02 2.633618999999999800e+01 2.007962890625000100e+01 4.717133599999999700e+01
4.379328755724471600e-02 5.844373632812499900e+02 7.354842200000000200e+01 5.643327500000000300e+02 2.634466600000000000e+01 2.010461328125000000e+01 4.720375599999999800e+01
4.391210728106607200e-02 5.844374218750000400e+02 7.356104800000000000e+01 5.643253750000000100e+02 2.634734400000000000e+01 2.011204687500000100e+01 4.721370400000000000e+01
4.397894428252593900e-02 5.844377285156249400e+02 7.356833000000000300e+01 5.643235624999999800e+02 2.634901400000000000e+01 2.011416601562499900e+01 4.721931599999999900e+01
4.401653991448503700e-02 5.844375976562499800e+02 7.357240000000000200e+01 5.643224374999999800e+02 2.634996800000000100e+01 2.011516015624999900e+01 4.722243199999999800e+01
4.402615065337424400e-02 5.844377910156249500e+02 7.357344000000000500e+01 5.643223749999999700e+02 2.635022800000000100e+01 2.011541601562500100e+01 4.722321199999999700e+01
4.403804800526003900e-02 5.844405957031249300e+02 7.357487000000000400e+01 5.643240624999999700e+02 2.635061400000000000e+01 2.011653320312500200e+01 4.722425599999999700e+01
4.404108908447376700e-02 5.844419765625000300e+02 7.357526799999999400e+01 5.643248750000000200e+02 2.635072400000000000e+01 2.011710156250000000e+01 4.722454400000000200e+01
4.404793151270466900e-02 5.844542597656250100e+02 7.357665399999999100e+01 5.643316250000000300e+02 2.635112600000000100e+01 2.012263476562500100e+01 4.722552799999999700e+01
4.406332842712077500e-02 5.844896152343749200e+02 7.358107800000000500e+01 5.643591874999999600e+02 2.635303000000000000e+01 2.013042773437500100e+01 4.722804800000000100e+01
4.409797293545356800e-02 5.844333945312499700e+02 7.358163999999999300e+01 5.643133749999999500e+02 2.635237600000000000e+01 2.012001953125000100e+01 4.722926400000000100e+01
4.417592090285751100e-02 5.844236582031250000e+02 7.358718799999999800e+01 5.643005624999999600e+02 2.635333599999999900e+01 2.012309570312499900e+01 4.723385199999999900e+01
4.435130528041294300e-02 5.844396386718749500e+02 7.360595000000000700e+01 5.643116874999999500e+02 2.635791000000000000e+01 2.012795117187500100e+01 4.724804000000000300e+01
4.474592303170581800e-02 5.844376015625000500e+02 7.365070199999999500e+01 5.643121875000000500e+02 2.636879400000000100e+01 2.012541406249999900e+01 4.728190800000000100e+01
4.563380789397678000e-02 5.844376933593749800e+02 7.373687000000001000e+01 5.642136249999999800e+02 2.638912200000000000e+01 2.022406835937500000e+01 4.734774800000000300e+01
4.763155028498301100e-02 5.844375507812499100e+02 7.393717200000000400e+01 5.640204374999999600e+02 2.642998400000000100e+01 2.041711328125000000e+01 4.750718799999999900e+01
4.875527838494123800e-02 5.844376582031250100e+02 7.404923999999999800e+01 5.639189374999999700e+02 2.644898800000000000e+01 2.051872070312499800e+01 4.760025199999999800e+01
4.938737598525395200e-02 5.844385683593750400e+02 7.411131799999999700e+01 5.638383125000000300e+02 2.645515800000000100e+01 2.060025585937500000e+01 4.765616000000000000e+01
4.958293362873866100e-02 5.844397460937500500e+02 7.412851999999999500e+01 5.638238750000000400e+02 2.645322799999999900e+01 2.061587109374999800e+01 4.767529199999999900e+01
4.978293101573197400e-02 5.844385703125000200e+02 7.414571200000000300e+01 5.638304375000000200e+02 2.644744400000000100e+01 2.060813281249999900e+01 4.769826799999999900e+01
5.023293529274292000e-02 5.844368847656250000e+02 7.418558000000000200e+01 5.638198125000000100e+02 2.644051999999999900e+01 2.061707226562500100e+01 4.774506000000000200e+01
5.048605870859600900e-02 5.844365175781250600e+02 7.420878199999999900e+01 5.637880625000000200e+02 2.644133799999999800e+01 2.064845507812500000e+01 4.776744399999999800e+01
5.050563420513785200e-02 5.844566269531250100e+02 7.420675199999999400e+01 5.638096249999999800e+02 2.643732000000000000e+01 2.064700195312499900e+01 4.776943200000000200e+01
5.052565657782369400e-02 5.844791054687500500e+02 7.420315200000000300e+01 5.638440000000000500e+02 2.643063199999999900e+01 2.063510546875000200e+01 4.777252000000000000e+01
5.057070981815999000e-02 5.844493867187500200e+02 7.421054999999999800e+01 5.638275625000000000e+02 2.643127399999999800e+01 2.062182421875000000e+01 4.777927600000000300e+01
5.067207525622693900e-02 5.844268984374999700e+02 7.421959400000000100e+01 5.638301874999999700e+02 2.642680199999999900e+01 2.059671093749999900e+01 4.779279199999999900e+01
5.072908968789817400e-02 5.844403828124999300e+02 7.422373600000000200e+01 5.638596874999999500e+02 2.642276400000000100e+01 2.058069531250000100e+01 4.780097200000000200e+01
5.076116030571323900e-02 5.844519648437499200e+02 7.422512399999999400e+01 5.638848124999999500e+02 2.641919599999999900e+01 2.056715234374999900e+01 4.780592800000000200e+01
5.077920365547564100e-02 5.844597617187499700e+02 7.422506599999999800e+01 5.639033749999999800e+02 2.641617400000000200e+01 2.055638671875000200e+01 4.780889200000000000e+01
5.078934832430313800e-02 5.844667714843750400e+02 7.422436799999999800e+01 5.639181875000000400e+02 2.641374799999999800e+01 2.054858398437500000e+01 4.781062000000000000e+01
5.081218543633757300e-02 5.844647304687499600e+02 7.422346000000000300e+01 5.639425625000000100e+02 2.640829600000000000e+01 2.052216796875000100e+01 4.781516400000000300e+01
5.086355878213905100e-02 5.844009296874999100e+02 7.423696999999999900e+01 5.638887499999999600e+02 2.641430600000000000e+01 2.051217968750000200e+01 4.782266400000000300e+01
5.097914881019238700e-02 5.844254062500000400e+02 7.425144800000001100e+01 5.638752500000000500e+02 2.642044800000000000e+01 2.055015625000000100e+01 4.783100000000000300e+01
5.123922492241580300e-02 5.844399863281249700e+02 7.427281000000000700e+01 5.637963125000000000e+02 2.642857400000000100e+01 2.064367382812499900e+01 4.784423600000000200e+01
5.182440633119449900e-02 5.844375214843750000e+02 7.433450399999999500e+01 5.636187499999999800e+02 2.645054000000000000e+01 2.081877148437499900e+01 4.788396399999999900e+01
5.314105434467054900e-02 5.844376093750000800e+02 7.446779599999999300e+01 5.633305000000000300e+02 2.648809200000000200e+01 2.110710937500000000e+01 4.797970399999999800e+01
5.477040539080923300e-02 5.844375664062499700e+02 7.461742999999999900e+01 5.631893125000000300e+02 2.650772999999999900e+01 2.124825390625000000e+01 4.810969999999999700e+01
5.568691354064152200e-02 5.844369277343749900e+02 7.470475199999999900e+01 5.631354999999999800e+02 2.652211600000000000e+01 2.130142773437500000e+01 4.818263600000000200e+01
5.578284682194500900e-02 5.844366347656249400e+02 7.471346400000000200e+01 5.631293749999999800e+02 2.652334400000000200e+01 2.130725976562499800e+01 4.819012000000000000e+01
5.579108791447078000e-02 5.844739042968750500e+02 7.471028400000000100e+01 5.631665625000000500e+02 2.651936800000000000e+01 2.130734179687500100e+01 4.819091600000000100e+01
5.580962456906746900e-02 5.844771816406249600e+02 7.471054399999999900e+01 5.631789999999999700e+02 2.651702399999999900e+01 2.129818164062500000e+01 4.819351999999999900e+01
5.583256034206875900e-02 5.844998046874999300e+02 7.470960999999999800e+01 5.632152499999999700e+02 2.651237400000000100e+01 2.128455468749999800e+01 4.819723599999999700e+01
5.585601843783577500e-02 5.846079355468749600e+02 7.468892800000000400e+01 5.633982499999999600e+02 2.648314800000000000e+01 2.120968554687500100e+01 4.820577999999999700e+01
5.590880785869097700e-02 5.844024746093750800e+02 7.471196599999999000e+01 5.632596250000000300e+02 2.649374999999999900e+01 2.114284960937499800e+01 4.821821599999999800e+01
5.602757244844261400e-02 5.843848593749999100e+02 7.473625799999999200e+01 5.632469374999999400e+02 2.650384599999999900e+01 2.113792187500000000e+01 4.823241199999999700e+01
5.629479277538378800e-02 5.844426894531250100e+02 7.475917400000000200e+01 5.632335000000000500e+02 2.651235799999999900e+01 2.120918945312499900e+01 4.824681600000000300e+01
5.689605011817401600e-02 5.844375566406250800e+02 7.481551000000000300e+01 5.631240625000000400e+02 2.652866600000000100e+01 2.131349414062500000e+01 4.828684400000000200e+01
5.824887188496916800e-02 5.844376015624999400e+02 7.494953200000000500e+01 5.629121874999999600e+02 2.655654399999999900e+01 2.152541406250000100e+01 4.839298800000000300e+01
5.900983231517072800e-02 5.844376386718749900e+02 7.502184400000000200e+01 5.627641875000000500e+02 2.656773600000000000e+01 2.167345117187500100e+01 4.845410799999999800e+01
6.072199473402080400e-02 5.844376250000000300e+02 7.518014999999999800e+01 5.623963125000000200e+02 2.658580200000000100e+01 2.204131250000000000e+01 4.859434799999999700e+01
6.457436307822662900e-02 5.844377363281249700e+02 7.550387200000000100e+01 5.614413124999999800e+02 2.660834799999999900e+01 2.299642382812500000e+01 4.889552400000000200e+01
6.576618755786871300e-02 5.844369433593750500e+02 7.559781000000001000e+01 5.611088750000000100e+02 2.661234999999999900e+01 2.332806835937499900e+01 4.898546000000000300e+01
6.643659463125369000e-02 5.844369140624999100e+02 7.564889800000000300e+01 5.609077499999999600e+02 2.661355400000000100e+01 2.352916406250000100e+01 4.903534400000000200e+01
6.644730224795089600e-02 5.844523789062500300e+02 7.564785799999999900e+01 5.609191250000000100e+02 2.661159800000000100e+01 2.353325390625000000e+01 4.903625999999999900e+01
6.647141034538191200e-02 5.844470136718750800e+02 7.565024599999999600e+01 5.609081250000000400e+02 2.661173799999999900e+01 2.353888867187500000e+01 4.903850800000000000e+01
6.650124077889067700e-02 5.844508750000000000e+02 7.565178600000000100e+01 5.609049374999999600e+02 2.661056999999999900e+01 2.354593750000000100e+01 4.904121599999999900e+01
6.651801894684278300e-02 5.844636621093749200e+02 7.565106600000000000e+01 5.609161249999999700e+02 2.660793800000000100e+01 2.354753710937500000e+01 4.904312800000000300e+01
6.652230779710795200e-02 5.844704765625000400e+02 7.565028200000000400e+01 5.609230625000000100e+02 2.660658600000000000e+01 2.354741406250000000e+01 4.904369599999999700e+01
6.653195916110117600e-02 5.846195605468749400e+02 7.562820600000000600e+01 5.610952499999999600e+02 2.658133399999999800e+01 2.352431054687500000e+01 4.904687200000000000e+01
6.655367618098244300e-02 5.845191269531250100e+02 7.564636600000000000e+01 5.610176874999999700e+02 2.659174600000000100e+01 2.350143945312499800e+01 4.905462000000000000e+01
6.660254818109477600e-02 5.844228398437500100e+02 7.565548400000000100e+01 5.609379374999999800e+02 2.659474000000000200e+01 2.348490234375000100e+01 4.906074400000000000e+01
6.671249712327835500e-02 5.843901269531251000e+02 7.567027600000000100e+01 5.608830625000000500e+02 2.659934399999999900e+01 2.350706445312500000e+01 4.907093199999999900e+01
6.695988079229482600e-02 5.844425039062500700e+02 7.568805399999999400e+01 5.608222500000000500e+02 2.660303400000000100e+01 2.362025390624999900e+01 4.908502000000000000e+01
6.726602577245455200e-02 5.844371113281250700e+02 7.570738600000000000e+01 5.606954375000000300e+02 2.660519400000000100e+01 2.374167382812499800e+01 4.910219200000000200e+01
6.757912344898460400e-02 5.844379707031249600e+02 7.572976599999999800e+01 5.605847499999999900e+02 2.660803400000000000e+01 2.385322070312500000e+01 4.912173200000000200e+01
6.828360337745322000e-02 5.844375429687499900e+02 7.577158399999999000e+01 5.603136875000000100e+02 2.661076800000000000e+01 2.412385546875000100e+01 4.916081599999999700e+01
6.986866725664532500e-02 5.844378085937501100e+02 7.589094399999999000e+01 5.598746875000000500e+02 2.661994000000000000e+01 2.456312109374999900e+01 4.927100399999999800e+01
7.000000241429189800e-02 5.844365996093749800e+02 7.590196400000000700e+01 5.598463749999999700e+02 2.662103600000000000e+01 2.459022460937499900e+01 4.928092800000000300e+01
