0.000000000000000000e+00 0.000000000000000000e+00 0.000000000000000000e+00 0.000000000000000000e+00 0.000000000000000000e+00 0.000000000000000000e+00 0.000000000000000000e+00
-1.961855807424647100e-07 2.868412937499999800e+03 -9.210844726562498200e-04 1.884172499999999900e+03 1.599405029296875000e-03 9.842404374999999800e+02 -2.520489501953124800e-03
1.399807732038300100e-03 2.868412000000000300e+03 3.967896400000000100e+01 1.871718000000000100e+03 1.907262400000000100e+01 9.966939999999999600e+02 2.060633999999999900e+01
4.024815064501267300e-03 2.868411624999999700e+03 1.128842760000000000e+02 1.844680374999999900e+03 5.352232800000000200e+01 1.023731250000000000e+03 5.936194799999999800e+01
5.501381497971158700e-03 2.868413875000000200e+03 1.534070560000000100e+02 1.827075499999999900e+03 7.209310399999999700e+01 1.041338375000000000e+03 8.131395200000000000e+01
5.553292121933784700e-03 2.868407374999999800e+03 1.548033040000000000e+02 1.826455250000000000e+03 7.270802399999999500e+01 1.041952125000000000e+03 8.209528000000000200e+01
5.670091025849693400e-03 2.868414437500000100e+03 1.579554959999999800e+02 1.825117375000000000e+03 7.408180799999999500e+01 1.043297062500000000e+03 8.387368800000000100e+01
5.706225850497701400e-03 2.868410500000000000e+03 1.589291600000000200e+02 1.824705250000000000e+03 7.450365600000000700e+01 1.043705250000000000e+03 8.442550400000000400e+01
5.708535512288412000e-03 2.868410500000000000e+03 1.589913119999999900e+02 1.824679125000000100e+03 7.453052800000000400e+01 1.043731375000000100e+03 8.446078400000000400e+01
5.713732396872198300e-03 2.868410875000000000e+03 1.591309279999999800e+02 1.824621000000000100e+03 7.459075199999999500e+01 1.043789874999999900e+03 8.454017600000000200e+01
5.719968541928991000e-03 2.868410750000000000e+03 1.592984559999999900e+02 1.824550874999999900e+03 7.466298399999999400e+01 1.043859875000000100e+03 8.463547199999999300e+01
5.731661823351887400e-03 2.868410687499999800e+03 1.596125840000000000e+02 1.824419249999999900e+03 7.479840799999999500e+01 1.043991437500000100e+03 8.481417600000000300e+01
5.757971124334650000e-03 2.868417375000000000e+03 1.603167359999999900e+02 1.824133125000000100e+03 7.509995999999999600e+01 1.044284249999999900e+03 8.521677599999999600e+01
5.817167051545866400e-03 2.868414499999999900e+03 1.618986319999999900e+02 1.823495375000000000e+03 7.577250399999999800e+01 1.044919124999999900e+03 8.612612799999999400e+01
5.950358324435168200e-03 2.868413375000000100e+03 1.654495680000000000e+02 1.822099999999999900e+03 7.726647199999999300e+01 1.046313375000000000e+03 8.818309600000000600e+01
6.100198724767664500e-03 2.868410812500000200e+03 1.694294080000000200e+02 1.820564125000000100e+03 7.892336000000000200e+01 1.047846687499999900e+03 9.050604800000000700e+01
6.175118633824536500e-03 2.868421750000000000e+03 1.713987520000000000e+02 1.819873000000000000e+03 7.972332799999999500e+01 1.048548749999999900e+03 9.167542400000000700e+01
6.267832312391792200e-03 2.868458125000000100e+03 1.737751840000000000e+02 1.819369999999999900e+03 8.060443999999999700e+01 1.049088125000000000e+03 9.317074399999999900e+01
6.362653040623927200e-03 2.868394749999999900e+03 1.761660640000000100e+02 1.819356624999999900e+03 8.136032799999999600e+01 1.049038125000000000e+03 9.480573599999999600e+01
6.575999533591545000e-03 2.868413625000000100e+03 1.816451759999999900e+02 1.818333000000000100e+03 8.336237599999999800e+01 1.050080625000000100e+03 9.828279999999999500e+01
6.640004005478706600e-03 2.868408375000000000e+03 1.832701440000000200e+02 1.818032250000000000e+03 8.395340799999999600e+01 1.050376125000000000e+03 9.931673600000000600e+01
6.760010934720255500e-03 2.868412875000000000e+03 1.863244080000000100e+02 1.817465124999999900e+03 8.506547999999999400e+01 1.050947750000000000e+03 1.012589280000000000e+02
7.030028272169996400e-03 2.868416999999999900e+03 1.930755679999999800e+02 1.816926999999999900e+03 8.735311199999999600e+01 1.051490000000000000e+03 1.057224559999999900e+02
7.181912842542115400e-03 2.868413375000000100e+03 1.968612080000000000e+02 1.816617250000000000e+03 8.862708000000000700e+01 1.051796125000000100e+03 1.082341280000000000e+02
7.267347622267056800e-03 2.868435250000000000e+03 1.989321840000000100e+02 1.816681000000000000e+03 8.928353599999999800e+01 1.051754250000000000e+03 1.096486479999999900e+02
7.459576458866926100e-03 2.868402124999999600e+03 2.035356560000000200e+02 1.817231624999999900e+03 9.065547999999999700e+01 1.051170499999999900e+03 1.128801760000000100e+02
7.892091050107255500e-03 2.868413999999999800e+03 2.138976400000000200e+02 1.818034875000000100e+03 9.375236800000000400e+01 1.050379124999999900e+03 1.201452720000000100e+02
8.865249899280813400e-03 2.868414812500000200e+03 2.364713199999999900e+02 1.822792124999999900e+03 9.994853600000000400e+01 1.045622687500000000e+03 1.365227840000000000e+02
1.006953270880730700e-02 2.868412437500000100e+03 2.631338720000000000e+02 1.832879875000000100e+03 1.062919040000000000e+02 1.035532562500000000e+03 1.568419680000000100e+02
1.074694306276948100e-02 2.868407812500000100e+03 2.772555600000000000e+02 1.842254750000000100e+03 1.095666640000000000e+02 1.026153062500000000e+03 1.676888960000000000e+02
1.143974728054470600e-02 2.868408187500000200e+03 2.901104639999999800e+02 1.859587250000000000e+03 1.126186720000000000e+02 1.008820937500000000e+03 1.774917920000000000e+02
1.299855880830459700e-02 2.868408437500000200e+03 3.152263759999999600e+02 1.912987750000000000e+03 1.182146640000000000e+02 9.554206874999999900e+02 1.970117119999999900e+02
1.387539072933360200e-02 2.868409249999999700e+03 3.275926240000000000e+02 1.945430499999999900e+03 1.208640480000000000e+02 9.229787499999999900e+02 2.067285760000000000e+02
1.496046948927808400e-02 2.868405624999999900e+03 3.412032880000000400e+02 1.988060999999999900e+03 1.236883760000000100e+02 8.803446249999999500e+02 2.175149120000000100e+02
1.607020987113607800e-02 2.868408124999999900e+03 3.537356879999999800e+02 2.031445375000000000e+03 1.261248559999999900e+02 8.369627500000000300e+02 2.276108319999999900e+02
1.669443803538042000e-02 2.868409499999999800e+03 3.601717600000000100e+02 2.056530499999999800e+03 1.273283200000000100e+02 8.118790000000000200e+02 2.328434399999999900e+02
1.809895227825831000e-02 2.868409187500000400e+03 3.738687120000000200e+02 2.111867000000000200e+03 1.298417520000000100e+02 7.565421874999999500e+02 2.440269600000000000e+02
1.983703827537751000e-02 2.868406937499999900e+03 3.888085760000000200e+02 2.181009250000000100e+03 1.324260800000000100e+02 6.873976874999999600e+02 2.563824960000000000e+02
2.081471397763207100e-02 2.868452687500000100e+03 3.960770880000000000e+02 2.217056250000000100e+03 1.337662560000000000e+02 6.513964375000000500e+02 2.623108320000000000e+02
2.087720700963804200e-02 2.868479124999999800e+03 3.964870160000000400e+02 2.219696500000000000e+03 1.337664880000000100e+02 6.487826250000000500e+02 2.627205280000000000e+02
2.088599385504903400e-02 2.868596312499999800e+03 3.965252239999999800e+02 2.220270000000000000e+03 1.337345840000000100e+02 6.483263124999999700e+02 2.627906400000000000e+02
2.090576833275502700e-02 2.868640749999999600e+03 3.966136720000000100e+02 2.221893999999999800e+03 1.335875760000000100e+02 6.467467500000000200e+02 2.630260960000000000e+02
2.095025683206225300e-02 2.868192687499999900e+03 3.969818640000000300e+02 2.223662499999999900e+03 1.336177680000000100e+02 6.445301875000000100e+02 2.633640960000000200e+02
2.105035886659727100e-02 2.868404062499999800e+03 3.976725119999999800e+02 2.227537249999999900e+03 1.337262560000000100e+02 6.408668125000000400e+02 2.639462560000000100e+02
2.127558902651981500e-02 2.868410062500000100e+03 3.991376240000000200e+02 2.235543500000000200e+03 1.339529200000000100e+02 6.328665624999999900e+02 2.651847040000000100e+02
2.155431344541147000e-02 2.868418000000000100e+03 4.008863199999999600e+02 2.244422750000000200e+03 1.343475840000000100e+02 6.239952500000000600e+02 2.665387359999999700e+02
2.159350841182201100e-02 2.868409437500000000e+03 4.011250880000000100e+02 2.245633499999999900e+03 1.344019040000000000e+02 6.227759375000000500e+02 2.667231840000000000e+02
2.163359300848619700e-02 2.868409937499999600e+03 4.013600960000000000e+02 2.246847249999999800e+03 1.344510880000000000e+02 6.215626875000000400e+02 2.669090079999999700e+02
2.164599426791199600e-02 2.868422999999999800e+03 4.014226400000000000e+02 2.247218499999999900e+03 1.344584639999999900e+02 6.212045000000000500e+02 2.669641760000000100e+02
2.164916619567498800e-02 2.868446625000000000e+03 4.014349760000000100e+02 2.247329749999999900e+03 1.344572320000000000e+02 6.211168750000000500e+02 2.669777439999999700e+02
2.165309035006605900e-02 2.868494062499999900e+03 4.014418240000000000e+02 2.247475250000000000e+03 1.344487520000000100e+02 6.210188124999999700e+02 2.669930719999999800e+02
2.165529812357510500e-02 2.868573687500000200e+03 4.014358399999999800e+02 2.247598000000000000e+03 1.344358080000000100e+02 6.209756875000000500e+02 2.670000319999999800e+02
2.165755480345934300e-02 2.868860187500000400e+03 4.013968639999999900e+02 2.247856000000000200e+03 1.343991839999999900e+02 6.210041874999999400e+02 2.669976800000000000e+02
2.165882404033954400e-02 2.869247562499999700e+03 4.013408000000000600e+02 2.248155999999999900e+03 1.343540000000000100e+02 6.210915625000000100e+02 2.669868000000000200e+02
2.166168156997624900e-02 2.871905749999999900e+03 4.008912560000000000e+02 2.250487250000000100e+03 1.339721040000000000e+02 6.214184999999999900e+02 2.669191520000000000e+02
2.166328849373283200e-02 2.873539812500000200e+03 4.005143679999999900e+02 2.252052000000000100e+03 1.336412479999999900e+02 6.214878125000000200e+02 2.668731199999999700e+02
2.166690523662264500e-02 2.872358562500000100e+03 3.998532319999999300e+02 2.251714500000000000e+03 1.330032799999999900e+02 6.206440625000000200e+02 2.668499519999999700e+02
2.167503999703096500e-02 2.869235124999999700e+03 4.000686240000000000e+02 2.249844999999999800e+03 1.330980800000000100e+02 6.193901250000000100e+02 2.669705440000000200e+02
2.169334495460593900e-02 2.868302312500000000e+03 4.006751919999999800e+02 2.250230250000000100e+03 1.334442960000000100e+02 6.180720625000000200e+02 2.672308959999999700e+02
2.173453343802465200e-02 2.867276437499999700e+03 4.012032239999999800e+02 2.251395000000000000e+03 1.336098320000000100e+02 6.158814374999999500e+02 2.675933919999999900e+02
2.182720403240422800e-02 2.868549062499999800e+03 4.018987280000000100e+02 2.255920999999999800e+03 1.336810319999999900e+02 6.126280625000000600e+02 2.682176959999999900e+02
2.203571519863329100e-02 2.868390437500000200e+03 4.030085040000000200e+02 2.261749749999999900e+03 1.339124080000000000e+02 6.066406875000000100e+02 2.690960959999999900e+02
2.210022503639752200e-02 2.868404812499999900e+03 4.033410400000000200e+02 2.263423749999999900e+03 1.340085919999999900e+02 6.049810625000000100e+02 2.693324480000000000e+02
2.213650890904614300e-02 2.868417124999999900e+03 4.035299519999999800e+02 2.264382750000000200e+03 1.340631679999999900e+02 6.040343749999999500e+02 2.694667840000000200e+02
2.217361953232314900e-02 2.868680500000000400e+03 4.036646319999999800e+02 2.265119250000000200e+03 1.341002479999999900e+02 6.035612499999999700e+02 2.695643840000000200e+02
2.225711901691516300e-02 2.868299875000000200e+03 4.041506399999999500e+02 2.267335500000000100e+03 1.342369760000000000e+02 6.009643750000000200e+02 2.699136639999999800e+02
2.244499169280968600e-02 2.868423812499999700e+03 4.052290239999999800e+02 2.272816249999999900e+03 1.345562559999999900e+02 5.956075624999999700e+02 2.706727680000000200e+02
2.255066905411754300e-02 2.868379812499999800e+03 4.057625920000000400e+02 2.275644749999999900e+03 1.346937920000000000e+02 5.927350625000000300e+02 2.710688000000000100e+02
2.278844486371647100e-02 2.868418124999999700e+03 4.069733119999999600e+02 2.282684499999999800e+03 1.349884800000000100e+02 5.857336249999999600e+02 2.719848319999999800e+02
2.332343868865780600e-02 2.868411687500000000e+03 4.095296640000000300e+02 2.297512250000000200e+03 1.357224320000000000e+02 5.708994374999999800e+02 2.738072320000000000e+02
2.452717828808832100e-02 2.868413812499999900e+03 4.147297600000000000e+02 2.330178249999999900e+03 1.371677119999999900e+02 5.382355625000000100e+02 2.775620480000000000e+02
2.723558772905697000e-02 2.868413749999999700e+03 4.235014559999999600e+02 2.392691249999999900e+03 1.395461599999999900e+02 4.757225000000000300e+02 2.839552959999999800e+02
3.058724642091036400e-02 2.868412156250000000e+03 4.305291999999999500e+02 2.453006249999999900e+03 1.417717600000000000e+02 4.154059062499999900e+02 2.887574399999999700e+02
3.247255458063258400e-02 2.868411062499999800e+03 4.331704320000000100e+02 2.480918749999999800e+03 1.426614720000000000e+02 3.874923125000000300e+02 2.905089600000000000e+02
3.295459211673201100e-02 2.868411906249999900e+03 4.337572480000000000e+02 2.487522750000000100e+03 1.428483200000000000e+02 3.808891562499999800e+02 2.909089280000000000e+02
3.342910039992559600e-02 2.868404406250000200e+03 4.342992639999999900e+02 2.493748750000000200e+03 1.430101119999999900e+02 3.746556562499999900e+02 2.912891520000000000e+02
3.345007191938649500e-02 2.868408281250000100e+03 4.343196960000000200e+02 2.494003000000000200e+03 1.430144160000000100e+02 3.744052812499999700e+02 2.913052799999999800e+02
3.345543298965845300e-02 2.868411218750000000e+03 4.343240479999999500e+02 2.494064249999999900e+03 1.430148959999999900e+02 3.743469687499999700e+02 2.913091519999999800e+02
3.345844888279580300e-02 2.868414093749999700e+03 4.343261600000000200e+02 2.494097499999999900e+03 1.430149280000000000e+02 3.743165937499999800e+02 2.913112320000000200e+02
3.346218206943609600e-02 2.868424125000000000e+03 4.343276799999999900e+02 2.494136000000000000e+03 1.430142080000000000e+02 3.742881249999999800e+02 2.913134719999999900e+02
3.346599909557673700e-02 2.869063312499999900e+03 4.342442720000000200e+02 2.494203750000000100e+03 1.429912160000000100e+02 3.748595624999999800e+02 2.912530560000000200e+02
3.347458798661191700e-02 2.870188250000000200e+03 4.337803679999999500e+02 2.493969500000000200e+03 1.427519519999999900e+02 3.762187500000000000e+02 2.910284159999999900e+02
3.349391299144106900e-02 2.868542687500000300e+03 4.339547840000000200e+02 2.493540750000000100e+03 1.428038400000000100e+02 3.750019375000000000e+02 2.911509439999999800e+02
3.353739541674417800e-02 2.867775343750000000e+03 4.341798719999999900e+02 2.493998500000000100e+03 1.428732160000000100e+02 3.737768437500000100e+02 2.913066559999999800e+02
3.363522912701989700e-02 2.868483937499999700e+03 4.343084159999999700e+02 2.495594999999999800e+03 1.429265279999999900e+02 3.728889375000000000e+02 2.913818880000000000e+02
3.366549518664387100e-02 2.868572812500000100e+03 4.343192320000000000e+02 2.495949000000000100e+03 1.429217600000000100e+02 3.726238124999999900e+02 2.913974719999999900e+02
3.367323403830056700e-02 2.868594031250000200e+03 4.343159200000000100e+02 2.496020750000000100e+03 1.429168799999999900e+02 3.725732812499999800e+02 2.913990400000000100e+02
3.369064703674689400e-02 2.869057593749999800e+03 4.341633120000000200e+02 2.496177999999999900e+03 1.428293920000000100e+02 3.728795937500000300e+02 2.913339199999999800e+02
3.372982570103236900e-02 2.868228749999999800e+03 4.342307680000000100e+02 2.496126249999999800e+03 1.428386400000000000e+02 3.721025000000000200e+02 2.913921280000000100e+02
3.381797362014341700e-02 2.868342406249999800e+03 4.343677280000000600e+02 2.497266000000000100e+03 1.428936480000000100e+02 3.710764062499999900e+02 2.914740800000000100e+02
3.401630993145581000e-02 2.868424125000000000e+03 4.346021439999999500e+02 2.499723000000000000e+03 1.429584960000000000e+02 3.687011249999999900e+02 2.916436479999999800e+02
3.412787468878777900e-02 2.868412750000000000e+03 4.347251519999999800e+02 2.501034250000000200e+03 1.429890240000000000e+02 3.673784999999999700e+02 2.917361280000000100e+02
3.437889481056595500e-02 2.868402343750000000e+03 4.349742240000000500e+02 2.503891500000000200e+03 1.430407199999999900e+02 3.645108437499999900e+02 2.919335040000000300e+02
3.468953180371332100e-02 2.868414406250000000e+03 4.353140640000000300e+02 2.507543250000000200e+03 1.431336159999999900e+02 3.608711562500000100e+02 2.921804480000000100e+02
3.476895575703864400e-02 2.868413968750000100e+03 4.353938879999999500e+02 2.508451000000000000e+03 1.431551360000000000e+02 3.599629687500000200e+02 2.922387519999999800e+02
3.486724359794123000e-02 2.868428843749999900e+03 4.354805920000000000e+02 2.509541499999999800e+03 1.431745440000000000e+02 3.588873437500000100e+02 2.923060479999999800e+02
3.489237215929415900e-02 2.868461218749999700e+03 4.354933600000000000e+02 2.509841249999999900e+03 1.431713120000000000e+02 3.586199687500000000e+02 2.923220480000000000e+02
3.490650843060205700e-02 2.868506750000000000e+03 4.354916800000000300e+02 2.510025000000000100e+03 1.431629120000000100e+02 3.584817499999999800e+02 2.923287680000000300e+02
3.491445920988462500e-02 2.868577906250000100e+03 4.354796320000000400e+02 2.510145750000000100e+03 1.431514400000000100e+02 3.584321562499999900e+02 2.923281920000000000e+02
3.491893297877795400e-02 2.868672562499999900e+03 4.354616480000000300e+02 2.510234750000000100e+03 1.431386400000000100e+02 3.584378125000000100e+02 2.923230080000000200e+02
3.492144816378825500e-02 2.868775468750000100e+03 4.354425759999999700e+02 2.510304250000000100e+03 1.431267359999999900e+02 3.584712187499999900e+02 2.923158399999999800e+02
3.492286411979405500e-02 2.868865562500000100e+03 4.354265440000000400e+02 2.510356000000000200e+03 1.431173599999999900e+02 3.585095625000000200e+02 2.923091840000000200e+02
3.492604769193209000e-02 2.870807718749999800e+03 4.351475360000000000e+02 2.511230000000000000e+03 1.429781600000000000e+02 3.595777187499999700e+02 2.921693760000000000e+02
3.493321131146143200e-02 2.873765687499999800e+03 4.341593439999999800e+02 2.512432249999999800e+03 1.423400159999999900e+02 3.613334375000000000e+02 2.918193279999999800e+02
3.494933178427746300e-02 2.869107781249999800e+03 4.346528160000000300e+02 2.509956749999999800e+03 1.425764959999999900e+02 3.591510312500000200e+02 2.920763200000000100e+02
3.498560168367602400e-02 2.867223406250000200e+03 4.350096480000000300e+02 2.509906500000000100e+03 1.427179360000000100e+02 3.573169062499999900e+02 2.922917120000000200e+02
3.506720779288528100e-02 2.868076437499999900e+03 4.353037600000000100e+02 2.512213499999999800e+03 1.428211360000000000e+02 3.558629374999999900e+02 2.924826239999999900e+02
3.525082095638736700e-02 2.868457937500000300e+03 4.355785920000000100e+02 2.514777250000000100e+03 1.429276160000000000e+02 3.536806874999999800e+02 2.926509760000000100e+02
3.566395173870454800e-02 2.868412750000000000e+03 4.359746079999999900e+02 2.518835250000000100e+03 1.430902879999999900e+02 3.495774999999999900e+02 2.928843200000000000e+02
3.589633853153140900e-02 2.868415781249999800e+03 4.361764640000000100e+02 2.520948750000000000e+03 1.431724000000000100e+02 3.474670312499999900e+02 2.930040640000000300e+02
3.612509460821838900e-02 2.868429062499999900e+03 4.363155840000000000e+02 2.522929749999999800e+03 1.432001280000000100e+02 3.454993124999999700e+02 2.931154559999999900e+02
3.616553552275903600e-02 2.868438593750000100e+03 4.363284160000000600e+02 2.523268500000000100e+03 1.431959040000000100e+02 3.451700937499999800e+02 2.931325120000000200e+02
3.618828164497719900e-02 2.868444781249999800e+03 4.363338239999999900e+02 2.523458999999999800e+03 1.431916160000000100e+02 3.449857812500000000e+02 2.931422079999999800e+02
3.620107881315462500e-02 2.868454062500000000e+03 4.363353120000000400e+02 2.523568000000000200e+03 1.431879199999999900e+02 3.448860624999999800e+02 2.931473920000000200e+02
3.621416476183322200e-02 2.868513562499999800e+03 4.363303359999999900e+02 2.523671499999999900e+03 1.431814720000000100e+02 3.448420625000000000e+02 2.931488640000000000e+02
3.624360872857881900e-02 2.868420000000000100e+03 4.363217919999999600e+02 2.523831000000000100e+03 1.431670719999999900e+02 3.445890000000000000e+02 2.931547200000000000e+02
3.630986056485018700e-02 2.868342437500000000e+03 4.363734240000000000e+02 2.524384250000000100e+03 1.431778720000000100e+02 3.439581875000000100e+02 2.931955520000000200e+02
3.634712489387782700e-02 2.868359156250000100e+03 4.363988479999999900e+02 2.524711749999999900e+03 1.431865280000000100e+02 3.436474062500000200e+02 2.932123199999999800e+02
3.636808709783868900e-02 2.868364781249999900e+03 4.364151839999999500e+02 2.524886000000000000e+03 1.431959520000000100e+02 3.434787812500000000e+02 2.932192319999999800e+02
3.637987819201198700e-02 2.868424875000000200e+03 4.364180800000000300e+02 2.525031250000000000e+03 1.431999360000000100e+02 3.433936249999999900e+02 2.932181440000000000e+02
3.638651082803914800e-02 2.868623406249999800e+03 4.364010879999999600e+02 2.525236500000000000e+03 1.431936320000000100e+02 3.433869062499999800e+02 2.932074559999999800e+02
3.640143425910027900e-02 2.868450781250000100e+03 4.363604639999999800e+02 2.525206000000000100e+03 1.431702880000000000e+02 3.432447812500000200e+02 2.931901760000000100e+02
3.643501197898781100e-02 2.868300312500000000e+03 4.363947200000000100e+02 2.525317250000000100e+03 1.431930240000000100e+02 3.429830625000000200e+02 2.932016960000000300e+02
3.651056068429726200e-02 2.868448343749999800e+03 4.364598560000000000e+02 2.525996999999999800e+03 1.432279839999999900e+02 3.424513437499999800e+02 2.932318720000000100e+02
3.668054294236850600e-02 2.868412031249999900e+03 4.365668799999999700e+02 2.527252250000000000e+03 1.432789440000000000e+02 3.411597812499999800e+02 2.932879360000000000e+02
3.706300709856007900e-02 2.868413625000000100e+03 4.368103840000000000e+02 2.530238750000000000e+03 1.433858720000000100e+02 3.381748749999999900e+02 2.934245119999999900e+02
3.792355203220986600e-02 2.868413468750000000e+03 4.372375200000000200e+02 2.537067000000000000e+03 1.434831839999999900e+02 3.313464687499999900e+02 2.937543360000000200e+02
3.804456736433054600e-02 2.868410218750000200e+03 4.372897920000000300e+02 2.537998750000000200e+03 1.434904960000000100e+02 3.304114687499999800e+02 2.937992960000000300e+02
3.831684778607080700e-02 2.868407812500000100e+03 4.374040000000000000e+02 2.540102249999999900e+03 1.435032640000000000e+02 3.283055625000000100e+02 2.939007359999999900e+02
3.892948164608016300e-02 2.868414249999999800e+03 4.376548159999999800e+02 2.544692250000000100e+03 1.435171839999999900e+02 3.237219999999999800e+02 2.941376320000000000e+02
3.968761663006048500e-02 2.868407187500000000e+03 4.379413920000000100e+02 2.550071250000000000e+03 1.435231200000000100e+02 3.183359375000000000e+02 2.944182720000000000e+02
4.046298296023637800e-02 2.868413562499999900e+03 4.382125120000000000e+02 2.555272750000000100e+03 1.435378880000000100e+02 3.131408124999999800e+02 2.946746239999999900e+02
4.185863583370298000e-02 2.868411812499999500e+03 4.385994719999999900e+02 2.564121749999999800e+03 1.434565920000000000e+02 3.042900624999999800e+02 2.951428799999999900e+02
4.273092062627585600e-02 2.868404093749999900e+03 4.387999520000000200e+02 2.569870500000000000e+03 1.433804959999999900e+02 2.985335937500000200e+02 2.954194560000000300e+02
4.338513422070550800e-02 2.868404687499999900e+03 4.389370240000000100e+02 2.574352750000000000e+03 1.433089600000000100e+02 2.940519375000000100e+02 2.956280639999999900e+02
4.485711830148476200e-02 2.868411531250000300e+03 4.392901279999999800e+02 2.583634750000000200e+03 1.433393120000000100e+02 2.847767812500000000e+02 2.959508159999999700e+02
4.568510789137620500e-02 2.868411999999999800e+03 4.394928800000000100e+02 2.588563999999999900e+03 1.433931360000000000e+02 2.798480000000000100e+02 2.960997439999999900e+02
4.615085028903388000e-02 2.868413500000000100e+03 4.396032320000000500e+02 2.591165000000000000e+03 1.434214080000000100e+02 2.772484999999999800e+02 2.961818240000000100e+02
4.618687332768143400e-02 2.868420562500000400e+03 4.396102400000000300e+02 2.591353500000000200e+03 1.434223680000000100e+02 2.770670625000000200e+02 2.961878720000000300e+02
4.622371147258232100e-02 2.868510718749999800e+03 4.396045120000000000e+02 2.591510749999999900e+03 1.434156160000000000e+02 2.769999687499999900e+02 2.961888960000000000e+02
4.630660544967185600e-02 2.868375281250000200e+03 4.396263360000000400e+02 2.591851500000000200e+03 1.434201280000000100e+02 2.765237812500000100e+02 2.962062080000000000e+02
4.649311573368580800e-02 2.868412562500000100e+03 4.396776640000000500e+02 2.592908250000000000e+03 1.434360000000000100e+02 2.755043125000000300e+02 2.962416640000000100e+02
4.672391656263116800e-02 2.868410812499999800e+03 4.397356000000000300e+02 2.594146499999999800e+03 1.434536160000000100e+02 2.742643125000000200e+02 2.962819840000000200e+02
4.685374668666295000e-02 2.868413843749999600e+03 4.397676639999999700e+02 2.594829249999999800e+03 1.434642719999999900e+02 2.735845937500000100e+02 2.963033919999999700e+02
4.698652050870678900e-02 2.868415031250000100e+03 4.397921920000000000e+02 2.595444500000000100e+03 1.434689919999999900e+02 2.729705312500000200e+02 2.963231999999999900e+02
4.702760186387506400e-02 2.868431812500000000e+03 4.397938880000000400e+02 2.595596250000000100e+03 1.434668480000000000e+02 2.728355624999999800e+02 2.963270400000000100e+02
4.703810509016807800e-02 2.868457656249999700e+03 4.397917119999999600e+02 2.595626499999999900e+03 1.434647040000000100e+02 2.728311562499999900e+02 2.963270079999999800e+02
4.704401111719226600e-02 2.868518937500000000e+03 4.397852800000000600e+02 2.595642249999999900e+03 1.434610560000000100e+02 2.728766875000000000e+02 2.963242240000000200e+02
4.705730433574672300e-02 2.868532906250000500e+03 4.397628959999999600e+02 2.595635000000000200e+03 1.434453279999999900e+02 2.728979062500000100e+02 2.963175679999999900e+02
4.708721174861922600e-02 2.868327812499999700e+03 4.397713440000000000e+02 2.595614999999999800e+03 1.434491360000000100e+02 2.727128124999999800e+02 2.963222079999999900e+02
4.715450692089485900e-02 2.868386375000000000e+03 4.398009920000000100e+02 2.596010000000000200e+03 1.434605119999999900e+02 2.723763750000000000e+02 2.963404800000000100e+02
4.730592105851505500e-02 2.868416312500000000e+03 4.398391199999999800e+02 2.596766999999999800e+03 1.434715359999999900e+02 2.716493125000000100e+02 2.963675840000000200e+02
4.764659821041046500e-02 2.868411968750000100e+03 4.399214080000000400e+02 2.598392750000000000e+03 1.434983039999999900e+02 2.700192187499999900e+02 2.964231040000000200e+02
4.783823201944539800e-02 2.868413406249999800e+03 4.399628000000000200e+02 2.599253999999999900e+03 1.435108640000000000e+02 2.691594062500000200e+02 2.964519359999999900e+02
4.826940459646148600e-02 2.868409625000000200e+03 4.400581760000000000e+02 2.601243500000000000e+03 1.435381120000000100e+02 2.671661250000000200e+02 2.965200639999999900e+02
4.851193829770490000e-02 2.868417406250000100e+03 4.401132800000000300e+02 2.602473750000000100e+03 1.435482560000000100e+02 2.659436562500000000e+02 2.965650239999999900e+02
4.905764028994009900e-02 2.868417749999999600e+03 4.402438240000000200e+02 2.605282749999999900e+03 1.435936800000000100e+02 2.631349999999999900e+02 2.966501440000000100e+02
4.936459533169738900e-02 2.868412328124999900e+03 4.403176480000000200e+02 2.606699999999999800e+03 1.436332640000000000e+02 2.617123281250000000e+02 2.966843840000000200e+02
4.945956219683637200e-02 2.868407562500000000e+03 4.403391520000000100e+02 2.607116250000000000e+03 1.436441759999999900e+02 2.612913125000000000e+02 2.966949760000000000e+02
4.951297727405516000e-02 2.868408796875000000e+03 4.403499039999999800e+02 2.607335500000000100e+03 1.436492959999999900e+02 2.610732968749999800e+02 2.967006079999999900e+02
4.956760802402893100e-02 2.868410140625000200e+03 4.403466879999999700e+02 2.607458000000000100e+03 1.436451199999999900e+02 2.609521406250000300e+02 2.967015680000000100e+02
4.958451099884816200e-02 2.868405671874999800e+03 4.403433440000000000e+02 2.607486500000000000e+03 1.436426080000000000e+02 2.609191718750000200e+02 2.967007360000000100e+02
4.959401746663710100e-02 2.868402140624999900e+03 4.403419999999999800e+02 2.607500000000000000e+03 1.436413920000000000e+02 2.609021406250000200e+02 2.967006079999999900e+02
4.959936456365900100e-02 2.868402578125000200e+03 4.403411840000000000e+02 2.607502250000000000e+03 1.436405120000000000e+02 2.609003281249999900e+02 2.967006720000000000e+02
4.960237347017132400e-02 2.868404859374999900e+03 4.403404960000000300e+02 2.607499749999999900e+03 1.436397600000000000e+02 2.609051093749999900e+02 2.967007360000000100e+02
4.960545224293393800e-02 2.868435562499999800e+03 4.403358400000000200e+02 2.607488750000000000e+03 1.436380159999999900e+02 2.609468125000000200e+02 2.966978240000000300e+02
4.961237365946228500e-02 2.869810874999999700e+03 4.400377919999999700e+02 2.607177749999999800e+03 1.435503040000000100e+02 2.626331250000000100e+02 2.964874879999999800e+02
4.962794917552608400e-02 2.868992593750000200e+03 4.399631999999999700e+02 2.606640500000000000e+03 1.434847360000000000e+02 2.623520937499999900e+02 2.964784639999999700e+02
4.966298942891960600e-02 2.867931609375000300e+03 4.401593120000000000e+02 2.606570000000000200e+03 1.435377120000000000e+02 2.613616093750000000e+02 2.966216000000000000e+02
4.974184047899257700e-02 2.868309093750000100e+03 4.402572000000000100e+02 2.607353500000000200e+03 1.435822560000000000e+02 2.609555937499999900e+02 2.966749439999999800e+02
4.991924486171922500e-02 2.868453953125000200e+03 4.403167200000000300e+02 2.608197000000000100e+03 1.436159840000000000e+02 2.602569531250000000e+02 2.967007360000000100e+02
5.031840938060420900e-02 2.868412093750000200e+03 4.404415360000000400e+02 2.609808750000000100e+03 1.436854400000000000e+02 2.586033437500000200e+02 2.967560960000000100e+02
5.121653537028293700e-02 2.868413109375000200e+03 4.406732160000000200e+02 2.613054250000000100e+03 1.438456319999999900e+02 2.553588593750000100e+02 2.968275840000000000e+02
5.323730953156002200e-02 2.868412203125000400e+03 4.411157120000000300e+02 2.619213000000000200e+03 1.441903680000000100e+02 2.491992031250000000e+02 2.969253440000000000e+02
5.437399616171589200e-02 2.868412296875000300e+03 4.413800320000000300e+02 2.622402750000000200e+03 1.443986559999999900e+02 2.460095468750000100e+02 2.969813760000000100e+02
5.501338413783482500e-02 2.868412093750000200e+03 4.415353599999999700e+02 2.624063250000000200e+03 1.445235199999999900e+02 2.443488437499999900e+02 2.970118400000000100e+02
5.537303696330796200e-02 2.868411703124999800e+03 4.416265600000000400e+02 2.624943749999999900e+03 1.445950400000000100e+02 2.434679531250000100e+02 2.970315200000000000e+02
5.557534167763660000e-02 2.868411390625000000e+03 4.416781120000000000e+02 2.625415750000000100e+03 1.446352000000000000e+02 2.429956406249999900e+02 2.970429120000000000e+02
5.603052961375105300e-02 2.868412828125000000e+03 4.417781759999999700e+02 2.626340999999999900e+03 1.447099519999999900e+02 2.420718281250000000e+02 2.970682239999999900e+02
5.705470363444607000e-02 2.868413046875000000e+03 4.420220960000000300e+02 2.628541999999999900e+03 1.448942240000000100e+02 2.398710468749999900e+02 2.971278720000000200e+02
5.935909285213485100e-02 2.868412218749999700e+03 4.425824799999999800e+02 2.633186499999999800e+03 1.453288479999999900e+02 2.352257187500000000e+02 2.972536319999999800e+02
6.221077235481532700e-02 2.868411343750000000e+03 4.433099040000000200e+02 2.638608999999999900e+03 1.459044000000000100e+02 2.298023437500000100e+02 2.974055040000000100e+02
6.293989654280181300e-02 2.868412265625000100e+03 4.435017440000000300e+02 2.639955250000000000e+03 1.460601440000000100e+02 2.284570156250000000e+02 2.974415999999999900e+02
6.384218656099759100e-02 2.868412265625000100e+03 4.437271840000000200e+02 2.641489750000000200e+03 1.462445920000000100e+02 2.269225156249999900e+02 2.974825920000000100e+02
6.476498465252737700e-02 2.868412468750000200e+03 4.439680959999999500e+02 2.643022500000000000e+03 1.464349440000000000e+02 2.253899687500000100e+02 2.975331519999999700e+02
6.684127453628185800e-02 2.868412718749999800e+03 4.444916959999999900e+02 2.646204499999999800e+03 1.468290720000000000e+02 2.222082187499999900e+02 2.976626239999999900e+02
6.748362484141293100e-02 2.868411234375000300e+03 4.446549919999999900e+02 2.647117000000000200e+03 1.469535520000000000e+02 2.212942343750000000e+02 2.977014399999999900e+02
6.784494979914292000e-02 2.868410874999999600e+03 4.447450240000000000e+02 2.647614999999999800e+03 1.470224640000000100e+02 2.207958750000000000e+02 2.977225599999999900e+02
6.793733627077133700e-02 2.868412375000000300e+03 4.447680960000000100e+02 2.647741750000000100e+03 1.470405120000000100e+02 2.206706250000000000e+02 2.977275839999999800e+02
6.805166074498959800e-02 2.868430062499999600e+03 4.447980000000000000e+02 2.647907749999999900e+03 1.470644639999999900e+02 2.205223125000000000e+02 2.977335360000000200e+02
6.816858424371852200e-02 2.868404250000000000e+03 4.448225279999999800e+02 2.648027750000000200e+03 1.470855359999999900e+02 2.203764999999999900e+02 2.977369919999999900e+02
6.843165862254607700e-02 2.868411625000000200e+03 4.448869439999999700e+02 2.648380500000000200e+03 1.471347519999999900e+02 2.200311250000000000e+02 2.977521919999999800e+02
6.902358412597059400e-02 2.868412296874999800e+03 4.450315679999999900e+02 2.649138500000000000e+03 1.472440159999999900e+02 2.192737968749999900e+02 2.977875520000000100e+02
6.935654338608440700e-02 2.868412671874999900e+03 4.451142719999999700e+02 2.649575249999999900e+03 1.473067839999999900e+02 2.188374218749999900e+02 2.978074879999999800e+02
6.943848252442003100e-02 2.868413296875000000e+03 4.451342720000000100e+02 2.649677999999999900e+03 1.473219200000000100e+02 2.187352968749999900e+02 2.978123519999999800e+02
6.946481744302789000e-02 2.868416703124999900e+03 4.451410720000000100e+02 2.649712250000000000e+03 1.473270880000000000e+02 2.187044531249999900e+02 2.978139840000000000e+02
6.952407799652063300e-02 2.868418171875000100e+03 4.451543840000000500e+02 2.649772750000000100e+03 1.473382240000000000e+02 2.186454218750000100e+02 2.978161600000000200e+02
6.959740961282100100e-02 2.868432015625000100e+03 4.451680799999999700e+02 2.649830750000000100e+03 1.473521759999999900e+02 2.186012656250000000e+02 2.978159039999999900e+02
6.961616171439780100e-02 2.868454203125000300e+03 4.451717439999999900e+02 2.649851250000000200e+03 1.473565759999999900e+02 2.186029531250000000e+02 2.978151680000000300e+02
6.965834695632060200e-02 2.868419062500000100e+03 4.451594719999999900e+02 2.649751749999999900e+03 1.473580000000000000e+02 2.186673125000000100e+02 2.978014719999999900e+02
6.975327190170940700e-02 2.868365593749999800e+03 4.451705599999999700e+02 2.649780249999999800e+03 1.473692159999999900e+02 2.185853437499999900e+02 2.978013439999999700e+02
6.996684371333419800e-02 2.868415796875000100e+03 4.452189919999999600e+02 2.650056000000000000e+03 1.474071840000000000e+02 2.183597968750000000e+02 2.978118079999999800e+02
7.000000223572001900e-02 2.868416203125000300e+03 4.452279039999999700e+02 2.650094750000000200e+03 1.474137600000000000e+02 2.183214531250000100e+02 2.978141440000000000e+02
