0.000000000000000000e+00 0.000000000000000000e+00 0.000000000000000000e+00 0.000000000000000000e+00 0.000000000000000000e+00 0.000000000000000000e+00 0.000000000000000000e+00
-2.991087274581549000e-07 6.707377500000000100e+02 -1.600539855957030900e-04 3.509031562499999900e+02 2.777272338867187700e-04 3.198345937500000100e+02 -4.377812194824218600e-04
1.399706927756020100e-03 6.707360312500000000e+02 4.230081124999999900e+00 3.544954687499999900e+02 1.721749125000000100e+00 3.162405625000000100e+02 2.508331999999999800e+00
4.024718040810492200e-03 6.707374062500000500e+02 8.688525000000000300e+00 3.808227812499999900e+02 4.174463499999999900e+00 2.899146250000000000e+02 4.514061500000000400e+00
7.273169687218534200e-03 6.707371562500000000e+02 1.282174249999999900e+01 4.124103749999999900e+02 6.312911999999999900e+00 2.583267812500000100e+02 6.508830500000000200e+00
7.480811953245845500e-03 6.707373906249999900e+02 1.303798900000000000e+01 4.143167812500000200e+02 6.412742999999999900e+00 2.564206093750000300e+02 6.625245999999999700e+00
7.948007798732670300e-03 6.707374218750000000e+02 1.350133699999999900e+01 4.187059375000000000e+02 6.613992999999999800e+00 2.520314843749999900e+02 6.887343999999999700e+00
8.092546223996573800e-03 6.707373593749999800e+02 1.363765349999999900e+01 4.200754375000000200e+02 6.670116000000000200e+00 2.506619218749999900e+02 6.967537499999999700e+00
8.240369925821633800e-03 6.707376093749999200e+02 1.377437300000000100e+01 4.214801249999999900e+02 6.724863000000000000e+00 2.492574843749999900e+02 7.049509999999999700e+00
8.423301510344769300e-03 6.707370312499999700e+02 1.393873050000000000e+01 4.232131249999999900e+02 6.788615499999999700e+00 2.475239062500000100e+02 7.150115000000000400e+00
8.610390780264870800e-03 6.707374843750000100e+02 1.410164599999999900e+01 4.249843750000000000e+02 6.849376999999999600e+00 2.457531093750000100e+02 7.252269000000000100e+00
8.841913744321741300e-03 6.707373437500000400e+02 1.429751350000000100e+01 4.271701249999999800e+02 6.920467000000000400e+00 2.435672187499999900e+02 7.377046499999999600e+00
9.078698648247203800e-03 6.707374687499999500e+02 1.449154350000000100e+01 4.294016562499999700e+02 6.987982500000000200e+00 2.413358125000000000e+02 7.503561000000000400e+00
9.611464383309346200e-03 6.707375468750000200e+02 1.490432050000000100e+01 4.343890000000000100e+02 7.124145999999999600e+00 2.363485468750000100e+02 7.780174500000000200e+00
9.911145183974338900e-03 6.707378437500000200e+02 1.511979949999999900e+01 4.373326875000000200e+02 7.180375500000000200e+00 2.334051562500000000e+02 7.939423999999999800e+00
1.058542758301087000e-02 6.707375468750000200e+02 1.558201700000000000e+01 4.436324374999999800e+02 7.309735500000000400e+00 2.271051093750000100e+02 8.272281500000000100e+00
1.096471031208086000e-02 6.707376093750000300e+02 1.582809149999999900e+01 4.470996875000000200e+02 7.378071499999999900e+00 2.236379218749999900e+02 8.450020000000000300e+00
1.181809824510923200e-02 6.707375312499999600e+02 1.634189299999999900e+01 4.545713124999999800e+02 7.515645000000000100e+00 2.161662187500000100e+02 8.826247999999999600e+00
1.229812865866754300e-02 6.707375937500000900e+02 1.661372300000000000e+01 4.586128437500000200e+02 7.584194000000000100e+00 2.121247500000000100e+02 9.029529000000000100e+00
1.256814636383439000e-02 6.707377031250000500e+02 1.675876549999999900e+01 4.608998125000000000e+02 7.613964499999999800e+00 2.098378906250000000e+02 9.144800999999999300e+00
1.265168369264530800e-02 6.707376874999999900e+02 1.680246250000000100e+01 4.616200625000000200e+02 7.621615499999999900e+00 2.091176250000000000e+02 9.180847000000000000e+00
1.273711880944426500e-02 6.707379375000000400e+02 1.684571749999999900e+01 4.623825625000000100e+02 7.627936499999999700e+00 2.083553750000000100e+02 9.217781000000000400e+00
1.292934752347176500e-02 6.707372656249999600e+02 1.694587400000000000e+01 4.639814375000000300e+02 7.647749000000000100e+00 2.067558281249999900e+02 9.298125000000000600e+00
1.336186272757393900e-02 6.707375937499999700e+02 1.716514250000000200e+01 4.674734687499999900e+02 7.692044499999999700e+00 2.032641250000000100e+02 9.473098000000000200e+00
1.433502283311427800e-02 6.707375312499999600e+02 1.761873600000000200e+01 4.750259062499999900e+02 7.779409000000000200e+00 1.957116250000000000e+02 9.839327000000000800e+00
1.652463157672929800e-02 6.707376093749999200e+02 1.847057449999999800e+01 4.903352812499999800e+02 7.912616500000000400e+00 1.804023281250000000e+02 1.055795799999999900e+01
2.046592970539752600e-02 6.707377343749999500e+02 1.939717350000000100e+01 5.096038437500000100e+02 8.067498499999999200e+00 1.611338906249999900e+02 1.132967500000000000e+01
2.539255146992236400e-02 6.707377187500000000e+02 1.984130799999999800e+01 5.229758124999999600e+02 8.093776000000000100e+00 1.477619062500000100e+02 1.174753200000000000e+01
2.691672380107984800e-02 6.707376093750000300e+02 1.989743299999999900e+01 5.258221875000000400e+02 8.079224000000000000e+00 1.449154218749999900e+02 1.181820900000000000e+01
2.774809117902789200e-02 6.707376249999999800e+02 1.991179249999999700e+01 5.271522499999999800e+02 8.064374499999999600e+00 1.435853750000000000e+02 1.184741799999999900e+01
2.860543960915472300e-02 6.707376562499999900e+02 1.991298849999999700e+01 5.283418749999999600e+02 8.043292499999999700e+00 1.423957812500000000e+02 1.186969599999999900e+01
2.948227263333504800e-02 6.707377187500000000e+02 1.990278150000000000e+01 5.293773125000000200e+02 8.015662499999999500e+00 1.413604062500000100e+02 1.188711900000000000e+01
3.145514514511987800e-02 6.707377031249999400e+02 1.984551000000000100e+01 5.310990624999999500e+02 7.934923000000000400e+00 1.396386406249999900e+02 1.191058700000000000e+01
3.256488742684959100e-02 6.707376562499999900e+02 1.979718899999999900e+01 5.317991250000000000e+02 7.880620999999999700e+00 1.389385312500000100e+02 1.191656800000000000e+01
3.389657768689301200e-02 6.707376406250000400e+02 1.972471600000000100e+01 5.324448125000000100e+02 7.805272000000000400e+00 1.382928281250000000e+02 1.191944400000000000e+01
3.639349543062367400e-02 6.707377031250000500e+02 1.956472399999999800e+01 5.331837500000000300e+02 7.651970999999999600e+00 1.375539531249999900e+02 1.191275300000000000e+01
3.779801151208710100e-02 6.707376874999999900e+02 1.946969599999999900e+01 5.334018125000000100e+02 7.565358999999999900e+00 1.373358749999999900e+02 1.190433700000000000e+01
3.858805300299087600e-02 6.707377187500000000e+02 1.941753550000000000e+01 5.334903749999999700e+02 7.517140500000000000e+00 1.372473437500000000e+02 1.190039500000000000e+01
3.956572692794608400e-02 6.707376406250000400e+02 1.935458150000000200e+01 5.335439999999999800e+02 7.458340500000000300e+00 1.371936406250000000e+02 1.189624100000000000e+01
4.036564456490347000e-02 6.707377968749999600e+02 1.929790350000000000e+01 5.335335625000000200e+02 7.409398500000000000e+00 1.372042343750000000e+02 1.188850500000000000e+01
4.136553981847929800e-02 6.707376874999999900e+02 1.923686049999999900e+01 5.335019375000000500e+02 7.352117500000000300e+00 1.372357500000000000e+02 1.188474300000000000e+01
4.361530294394432700e-02 6.707376718749999300e+02 1.910338750000000000e+01 5.331958124999999900e+02 7.230835500000000400e+00 1.375418593750000000e+02 1.187255200000000100e+01
4.488079290939751100e-02 6.707377187500000000e+02 1.903136299999999900e+01 5.329310000000000400e+02 7.168301999999999700e+00 1.378067187499999900e+02 1.186306100000000000e+01
4.772815369723135800e-02 6.707377343749999500e+02 1.888852500000000100e+01 5.321221249999999800e+02 7.047894999999999600e+00 1.386156093749999900e+02 1.184063000000000100e+01
5.125175801136141300e-02 6.707377031250000500e+02 1.874274549999999800e+01 5.309229374999999900e+02 6.930878500000000400e+00 1.398147656250000100e+02 1.181186699999999900e+01
5.485544228613525900e-02 6.707376874999999900e+02 1.861053700000000100e+01 5.295216249999999700e+02 6.833200999999999900e+00 1.412160624999999900e+02 1.177733600000000000e+01
6.296373907485999800e-02 6.707377031250000500e+02 1.827251250000000100e+01 5.257194375000000300e+02 6.618062499999999700e+00 1.450182656250000000e+02 1.165445000000000100e+01
6.733875704887218300e-02 6.707377187500000000e+02 1.808062149999999900e+01 5.236417500000000000e+02 6.504512499999999700e+00 1.470959687500000000e+02 1.157610900000000100e+01
7.000000076485157800e-02 6.707377187500001100e+02 1.794188300000000100e+01 5.222458125000000600e+02 6.428021000000000200e+00 1.484919062500000000e+02 1.151386200000000000e+01
