0.000000000000000000e+00 0.000000000000000000e+00 0.000000000000000000e+00 0.000000000000000000e+00 0.000000000000000000e+00 0.000000000000000000e+00 0.000000000000000000e+00
-1.090117540668956100e-08 1.648680562500000200e+03 -2.354614257812481100e-05 1.134841625000000000e+03 2.249447265625000200e-03 5.138389375000000400e+02 -2.272993408203125000e-03
1.399989326160175000e-03 1.648679625000000200e+03 1.425392950000000000e+01 1.127408750000000100e+03 7.531914999999999700e+00 5.212708750000000500e+02 6.722014500000000200e+00
4.024989851965092700e-03 1.648679125000000100e+03 3.872878599999999900e+01 1.115145250000000000e+03 2.025207599999999900e+01 5.335338749999999700e+02 1.847671000000000100e+01
5.501552421027768900e-03 1.648676812499999900e+03 4.814292399999999400e+01 1.126039874999999900e+03 2.605289399999999800e+01 5.226369375000000400e+02 2.209002999999999900e+01
6.332118888795783800e-03 1.648677000000000100e+03 5.230989599999999500e+01 1.133985875000000100e+03 2.865215999999999900e+01 5.146911250000000600e+02 2.365773600000000000e+01
6.448917513693120300e-03 1.648675656250000000e+03 5.283930600000000100e+01 1.135170125000000100e+03 2.897581400000000000e+01 5.135055312499999900e+02 2.386349200000000100e+01
6.462057558492349800e-03 1.648676343749999900e+03 5.289778800000000600e+01 1.135306374999999900e+03 2.901120200000000100e+01 5.133699687500000000e+02 2.388658600000000100e+01
6.478481707681028700e-03 1.648676531250000200e+03 5.297145000000000400e+01 1.135475375000000000e+03 2.905601400000000100e+01 5.132011562500000500e+02 2.391543600000000000e+01
6.515437494252128600e-03 1.648680062500000100e+03 5.313557000000000100e+01 1.135860250000000000e+03 2.915498799999999900e+01 5.128198125000000100e+02 2.398058199999999800e+01
6.598588376761244400e-03 1.648677000000000100e+03 5.349923599999999600e+01 1.136718125000000100e+03 2.937204399999999900e+01 5.119588749999999800e+02 2.412719200000000100e+01
6.701486687055918700e-03 1.648677031250000000e+03 5.393524200000000200e+01 1.137791750000000100e+03 2.963000400000000000e+01 5.108852812499999900e+02 2.430523799999999900e+01
6.806723842623750900e-03 1.648678531249999900e+03 5.437202399999999600e+01 1.138896874999999900e+03 2.988627400000000000e+01 5.097816562500000300e+02 2.448574999999999900e+01
6.865920422738424300e-03 1.648679718749999900e+03 5.461354399999999700e+01 1.139523124999999900e+03 3.002577799999999900e+01 5.091565937500000100e+02 2.458776599999999800e+01
6.999111277099869700e-03 1.648677937499999900e+03 5.514647800000000200e+01 1.140954000000000000e+03 3.032799000000000000e+01 5.077239374999999800e+02 2.481848799999999900e+01
7.163934578511806400e-03 1.648671218750000000e+03 5.577235600000000200e+01 1.142829250000000000e+03 3.067555400000000200e+01 5.058419687499999800e+02 2.509680200000000000e+01
7.332504820319482600e-03 1.648678874999999800e+03 5.638494400000000400e+01 1.144883499999999900e+03 3.100653000000000100e+01 5.037953749999999800e+02 2.537841399999999900e+01
7.534788094861093500e-03 1.648677124999999900e+03 5.709040399999999900e+01 1.147424874999999900e+03 3.137454400000000000e+01 5.012522500000000000e+02 2.571585999999999900e+01
7.743393651212747200e-03 1.648672531250000000e+03 5.777587800000000600e+01 1.150123750000000000e+03 3.171029000000000100e+01 4.985487812499999900e+02 2.606558800000000200e+01
7.956739286663287700e-03 1.648679937499999800e+03 5.843378599999999800e+01 1.152951499999999900e+03 3.201375800000000300e+01 4.957284374999999800e+02 2.642002799999999900e+01
8.076746569328359700e-03 1.648676812499999900e+03 5.879191400000000600e+01 1.154535625000000000e+03 3.217562600000000100e+01 4.941411875000000000e+02 2.661628800000000100e+01
8.346762773962701800e-03 1.648679437499999900e+03 5.956232999999999600e+01 1.158077250000000000e+03 3.251744999999999700e+01 4.906021875000000100e+02 2.704487999999999900e+01
8.680907881606319100e-03 1.648675187500000000e+03 6.046341800000000400e+01 1.162432624999999900e+03 3.289253600000000000e+01 4.862425625000000200e+02 2.757088200000000100e+01
9.022646981904846100e-03 1.648677906250000000e+03 6.130834999999999700e+01 1.167004625000000000e+03 3.322140799999999700e+01 4.816732812500000000e+02 2.808694200000000100e+01
9.791560501662742100e-03 1.648678156250000000e+03 6.301362000000000300e+01 1.177297125000000100e+03 3.385023999999999900e+01 4.713810312499999800e+02 2.916338000000000000e+01
1.152161465158350900e-02 1.648679500000000000e+03 6.609414400000000000e+01 1.198778499999999900e+03 3.485239599999999900e+01 4.499010000000000100e+02 3.124174800000000100e+01
1.541423812116387600e-02 1.648679281250000000e+03 7.047682799999999800e+01 1.243323625000000000e+03 3.557351200000000100e+01 4.053556562499999800e+02 3.490331599999999700e+01
2.023135982799544400e-02 1.648678375000000000e+03 7.320878400000000900e+01 1.284638625000000000e+03 3.526876000000000000e+01 3.640397500000000300e+02 3.794002400000000100e+01
2.515796038652144700e-02 1.648679875000000000e+03 7.387388400000000400e+01 1.312840250000000000e+03 3.407233999999999700e+01 3.358396250000000100e+02 3.980154400000000000e+01
2.668212723481714800e-02 1.648679437499999900e+03 7.361280999999999600e+01 1.318918500000000000e+03 3.354244200000000100e+01 3.297609375000000100e+02 4.007036800000000200e+01
2.753947072425934000e-02 1.648679343750000000e+03 7.337257600000000900e+01 1.321661625000000000e+03 3.321452000000000000e+01 3.270177187499999700e+02 4.015805600000000200e+01
2.841629975465594400e-02 1.648679687500000000e+03 7.307046599999999600e+01 1.324078500000000100e+03 3.285545799999999900e+01 3.246011874999999800e+02 4.021500799999999700e+01
2.853960565067617900e-02 1.648676781250000000e+03 7.302303999999999500e+01 1.324389625000000000e+03 3.280272399999999800e+01 3.242871562500000100e+02 4.022031599999999700e+01
2.855694386470486800e-02 1.648670718750000100e+03 7.301611199999999300e+01 1.324428000000000100e+03 3.279524399999999700e+01 3.242427187499999900e+02 4.022086800000000300e+01
2.856669679145807200e-02 1.648664218750000100e+03 7.301186799999999300e+01 1.324446500000000000e+03 3.279088800000000200e+01 3.242177187500000200e+02 4.022097999999999700e+01
2.857218408229125100e-02 1.648659968750000000e+03 7.300931599999999800e+01 1.324456124999999900e+03 3.278838400000000100e+01 3.242038437499999800e+02 4.022093199999999800e+01
2.857527159019527000e-02 1.648657718750000000e+03 7.300781399999999600e+01 1.324461499999999900e+03 3.278696600000000000e+01 3.241962187500000100e+02 4.022084799999999700e+01
2.858221558118617300e-02 1.648717312499999900e+03 7.300171399999999300e+01 1.324519000000000000e+03 3.278437000000000300e+01 3.241983124999999900e+02 4.021734399999999700e+01
2.859783883546741800e-02 1.648580093750000100e+03 7.297083200000000100e+01 1.324434250000000000e+03 3.276238000000000000e+01 3.241458437499999800e+02 4.020845200000000100e+01
2.863299115760022100e-02 1.648653593750000000e+03 7.294871000000000500e+01 1.324552375000000000e+03 3.274246999999999700e+01 3.241012187499999900e+02 4.020624000000000100e+01
2.871208243150245200e-02 1.648718625000000000e+03 7.292623000000000400e+01 1.324816750000000000e+03 3.271360599999999900e+01 3.239018750000000200e+02 4.021262399999999800e+01
2.889004069957562200e-02 1.648677031249999800e+03 7.286262399999999700e+01 1.325222749999999900e+03 3.264048799999999800e+01 3.234542812500000100e+02 4.022213599999999900e+01
2.929045042998167100e-02 1.648679937500000100e+03 7.269695000000000100e+01 1.326098999999999900e+03 3.246634999999999800e+01 3.225809375000000000e+02 4.023060000000000300e+01
3.019136724525729000e-02 1.648680093750000000e+03 7.230637600000000000e+01 1.327864750000000000e+03 3.206983600000000200e+01 3.208153437500000100e+02 4.023653999999999800e+01
3.221843225597229000e-02 1.648680093750000000e+03 7.137044400000000600e+01 1.330523250000000000e+03 3.119590799999999900e+01 3.181568437500000100e+02 4.017453600000000300e+01
3.250348990536272600e-02 1.648679843750000100e+03 7.123395800000000100e+01 1.330771500000000100e+03 3.107728600000000100e+01 3.179083437499999700e+02 4.015667200000000000e+01
3.314486453835321900e-02 1.648680249999999900e+03 7.091735199999999400e+01 1.331198374999999900e+03 3.080876400000000000e+01 3.174818750000000000e+02 4.010858799999999700e+01
3.350563867622072900e-02 1.648680781250000100e+03 7.074185400000000400e+01 1.331386000000000000e+03 3.066156200000000000e+01 3.172947812500000300e+02 4.008029200000000000e+01
3.370857557966777000e-02 1.648680062500000100e+03 7.064456400000000300e+01 1.331471000000000000e+03 3.058049200000000000e+01 3.172090625000000200e+02 4.006407200000000300e+01
3.395970836542484800e-02 1.648680531250000100e+03 7.051795400000000300e+01 1.331554750000000000e+03 3.047500200000000000e+01 3.171257812499999900e+02 4.004295200000000000e+01
3.397576108509123300e-02 1.648682531250000000e+03 7.050865399999999300e+01 1.331560375000000000e+03 3.046727400000000000e+01 3.171221562499999900e+02 4.004137999999999700e+01
3.399562676094736900e-02 1.648688218750000000e+03 7.049484200000000600e+01 1.331567875000000000e+03 3.045586200000000000e+01 3.171203437500000200e+02 4.003898000000000200e+01
3.400070489894739500e-02 1.648691906250000100e+03 7.048995400000001200e+01 1.331568500000000100e+03 3.045203800000000200e+01 3.171234062500000200e+02 4.003791600000000300e+01
3.400356026339999100e-02 1.648696218749999800e+03 7.048621400000000400e+01 1.331567875000000000e+03 3.044928600000000100e+01 3.171283437500000000e+02 4.003692800000000300e+01
3.400516785680114700e-02 1.648700437500000100e+03 7.048351199999999000e+01 1.331567000000000000e+03 3.044739200000000100e+01 3.171334375000000100e+02 4.003611999999999700e+01
3.400878349105716800e-02 1.648765875000000100e+03 7.046493999999999900e+01 1.331567125000000000e+03 3.043635199999999900e+01 3.171987500000000200e+02 4.002858799999999900e+01
3.401692011902979200e-02 1.648808968749999800e+03 7.037201600000000200e+01 1.331486249999999900e+03 3.037102399999999800e+01 3.173227187499999800e+02 4.000099199999999700e+01
3.403522463017505400e-02 1.648907437500000000e+03 7.035691800000000700e+01 1.331647875000000100e+03 3.035369000000000000e+01 3.172595625000000200e+02 4.000322800000000000e+01
3.407641268204503900e-02 1.648646656250000000e+03 7.039970599999999500e+01 1.331622249999999900e+03 3.037042599999999800e+01 3.170244062500000300e+02 4.002928000000000000e+01
3.416908434785592700e-02 1.648617624999999900e+03 7.039492400000000300e+01 1.331799874999999900e+03 3.035040400000000100e+01 3.168177499999999900e+02 4.004451999999999900e+01
3.437759559593043400e-02 1.648688343750000100e+03 7.028745000000000700e+01 1.331900750000000000e+03 3.026435000000000000e+01 3.167875937499999800e+02 4.002309999999999900e+01
3.484674300230494000e-02 1.648679656250000100e+03 7.006765799999999400e+01 1.331972625000000100e+03 3.008776200000000100e+01 3.167070312500000000e+02 3.997989599999999700e+01
3.590232829388900800e-02 1.648680125000000100e+03 6.959848399999999900e+01 1.332044750000000000e+03 2.971084000000000100e+01 3.166353750000000100e+02 3.988764400000000200e+01
3.827739374905657400e-02 1.648680031250000000e+03 6.861097800000000300e+01 1.331498624999999900e+03 2.894422600000000000e+01 3.171814062500000100e+02 3.966675200000000200e+01
3.961337060665732400e-02 1.648679375000000200e+03 6.807530199999999400e+01 1.330938000000000100e+03 2.853371400000000000e+01 3.177413750000000100e+02 3.954158799999999700e+01
4.201812430746965800e-02 1.648680687500000000e+03 6.714211199999999700e+01 1.329652624999999900e+03 2.783498399999999900e+01 3.190280624999999800e+02 3.930712799999999900e+01
4.276961038305972200e-02 1.648680562500000200e+03 6.689581400000000100e+01 1.329373000000000000e+03 2.765069799999999800e+01 3.193075625000000200e+02 3.924511600000000300e+01
4.300210204966695800e-02 1.648681000000000000e+03 6.682342199999999400e+01 1.329290250000000000e+03 2.759599800000000200e+01 3.193907500000000300e+02 3.922742399999999900e+01
4.323987497979423600e-02 1.648680343750000000e+03 6.675016200000000300e+01 1.329206750000000100e+03 2.754001800000000000e+01 3.194735937500000200e+02 3.921014400000000000e+01
4.331343833775928900e-02 1.648681093749999900e+03 6.672738200000000600e+01 1.329183624999999900e+03 2.752231000000000100e+01 3.194974687500000000e+02 3.920507200000000100e+01
4.333224485911826900e-02 1.648682312500000100e+03 6.672141999999999500e+01 1.329179125000000100e+03 2.751759600000000100e+01 3.195031875000000200e+02 3.920382399999999700e+01
4.335340473471611900e-02 1.648688031250000000e+03 6.671376000000000800e+01 1.329178875000000100e+03 2.751133600000000000e+01 3.195091562499999900e+02 3.920242400000000100e+01
4.335922282996758400e-02 1.648700062500000100e+03 6.670884999999999800e+01 1.329188875000000100e+03 2.750704599999999900e+01 3.195111875000000100e+02 3.920180400000000300e+01
4.336249605263275300e-02 1.648716437500000000e+03 6.670390600000000300e+01 1.329202749999999900e+03 2.750272599999999900e+01 3.195136875000000000e+02 3.920118000000000100e+01
4.336584472191962900e-02 1.648829593750000000e+03 6.668263000000000300e+01 1.329292999999999900e+03 2.748482600000000200e+01 3.195365937500000100e+02 3.919780399999999800e+01
4.337337777691854100e-02 1.648863062500000100e+03 6.663550999999999600e+01 1.329329000000000000e+03 2.744366200000000000e+01 3.195340625000000000e+02 3.919184800000000000e+01
4.339032424887293700e-02 1.648904718750000000e+03 6.665733800000001000e+01 1.329430625000000000e+03 2.745507800000000000e+01 3.194740937500000100e+02 3.920226000000000300e+01
4.342845381077033200e-02 1.648697593749999900e+03 6.668273399999999600e+01 1.329332249999999900e+03 2.746764200000000100e+01 3.193653437500000200e+02 3.921509199999999900e+01
4.351424532503946100e-02 1.648574218750000000e+03 6.667739399999999300e+01 1.329266750000000000e+03 2.745807800000000000e+01 3.193074687500000000e+02 3.921931599999999900e+01
4.370727840848986900e-02 1.648693031249999900e+03 6.661489000000000300e+01 1.329289749999999900e+03 2.741080600000000100e+01 3.194032812500000200e+02 3.920408400000000200e+01
4.414160139535671500e-02 1.648679937500000100e+03 6.647567999999999700e+01 1.329063750000000000e+03 2.730898399999999900e+01 3.196161875000000200e+02 3.916669600000000200e+01
4.511882956670369000e-02 1.648680125000000100e+03 6.617954199999999800e+01 1.328518250000000100e+03 2.709575399999999900e+01 3.201618750000000100e+02 3.908378799999999800e+01
4.566852204534500900e-02 1.648680750000000000e+03 6.601612800000000900e+01 1.328160500000000000e+03 2.698369999999999900e+01 3.205202499999999800e+02 3.903242800000000300e+01
4.597772261368417900e-02 1.648680125000000100e+03 6.592545200000000700e+01 1.327959125000000100e+03 2.692203599999999900e+01 3.207210000000000000e+02 3.900341600000000100e+01
4.667342461789559400e-02 1.648681093749999900e+03 6.571175999999999800e+01 1.327398625000000000e+03 2.678074000000000200e+01 3.212824687500000200e+02 3.893101999999999700e+01
4.823875630371613600e-02 1.648680312499999900e+03 6.529567799999999500e+01 1.326357999999999900e+03 2.650090200000000000e+01 3.223223125000000100e+02 3.879477599999999900e+01
5.176075259681235700e-02 1.648680374999999900e+03 6.433199000000000500e+01 1.323200750000000000e+03 2.589934600000000100e+01 3.254796250000000000e+02 3.843264400000000300e+01
5.810034070115791000e-02 1.648680374999999900e+03 6.267041000000000400e+01 1.316881625000000000e+03 2.488653000000000000e+01 3.317987499999999800e+02 3.778388000000000300e+01
6.443993460908974100e-02 1.648680374999999900e+03 6.088220400000000200e+01 1.309691750000000000e+03 2.383967600000000100e+01 3.389886250000000100e+02 3.704252799999999700e+01
7.000000241429189800e-02 1.648680218750000000e+03 5.902726599999999700e+01 1.302177750000000100e+03 2.280072600000000100e+01 3.465024687499999900e+02 3.622654000000000000e+01
