0.000000000000000000e+00 0.000000000000000000e+00 0.000000000000000000e+00 0.000000000000000000e+00 0.000000000000000000e+00 0.000000000000000000e+00 0.000000000000000000e+00
5.570392999810756600e-07 2.181894187500000000e+03 1.781965431213379000e-03 1.412507000000000100e+03 7.050693511962891300e-05 7.693871874999999800e+02 1.711458496093750000e-03
1.400545818430270600e-03 2.181892875000000000e+03 2.149535000000000200e+01 1.402356000000000000e+03 1.036575000000000000e+01 7.795368750000000100e+02 1.112960000000000000e+01
4.025524948109715700e-03 2.181891812500000000e+03 5.859572599999999900e+01 1.386376250000000000e+03 2.801762600000000000e+01 7.955155624999999900e+02 3.057809999999999900e+01
5.502076074227070500e-03 2.181887937499999700e+03 7.266503600000000100e+01 1.402555625000000000e+03 3.608084800000000300e+01 7.793323124999999400e+02 3.658418799999999700e+01
6.332635391953045200e-03 2.181888187500000200e+03 7.887140400000001300e+01 1.414226875000000100e+03 3.967915200000000200e+01 7.676613125000000100e+02 3.919225200000000300e+01
6.449432867111278300e-03 2.181885812500000200e+03 7.966065199999999900e+01 1.415956750000000100e+03 4.012934400000000300e+01 7.659290624999999900e+02 3.953130800000000300e+01
6.485567177406523700e-03 2.181888437499999800e+03 7.990231199999999500e+01 1.416495625000000000e+03 4.026610800000000300e+01 7.653928124999999900e+02 3.963620399999999900e+01
6.522522544730822300e-03 2.181891687500000000e+03 8.014835600000000700e+01 1.417051250000000000e+03 4.040483199999999900e+01 7.648404375000000100e+02 3.974352400000000100e+01
6.605672283731680400e-03 2.181889124999999700e+03 8.069487599999999400e+01 1.418299749999999900e+03 4.071049200000000200e+01 7.635893750000000200e+02 3.998438399999999900e+01
6.792759521525980200e-03 2.181890124999999900e+03 8.186861199999999900e+01 1.421089750000000100e+03 4.134671199999999700e+01 7.608003750000000300e+02 4.052190000000000200e+01
6.897995889633792500e-03 2.181890687500000200e+03 8.250998000000001300e+01 1.422659750000000000e+03 4.168767600000000300e+01 7.592309374999999800e+02 4.082230400000000300e+01
6.912794418699007600e-03 2.181889437500000000e+03 8.259914399999999500e+01 1.422881000000000100e+03 4.173473200000000100e+01 7.590084375000000100e+02 4.086441200000000200e+01
6.946092409265227700e-03 2.181888687499999800e+03 8.280041599999999800e+01 1.423380249999999900e+03 4.184123199999999800e+01 7.585084375000000100e+02 4.095918400000000000e+01
7.021011425348553000e-03 2.181888250000000000e+03 8.324765200000000200e+01 1.424522625000000100e+03 4.207596800000000300e+01 7.573656250000000200e+02 4.117168399999999900e+01
7.189579699099591300e-03 2.181887312500000000e+03 8.419758400000000600e+01 1.427332124999999900e+03 4.255293199999999800e+01 7.545551874999999900e+02 4.164465200000000100e+01
7.398183441682177000e-03 2.181890875000000100e+03 8.532020799999999400e+01 1.431002000000000000e+03 4.309519199999999700e+01 7.508888749999999800e+02 4.222501599999999700e+01
7.611527602202889900e-03 2.181889937500000100e+03 8.642805599999999800e+01 1.434867375000000000e+03 4.361468800000000100e+01 7.470225625000000500e+02 4.281336799999999700e+01
7.875541317763584300e-03 2.181883750000000000e+03 8.771630799999999800e+01 1.439727500000000000e+03 4.418643999999999700e+01 7.421562500000000000e+02 4.352986800000000000e+01
8.145555315492261300e-03 2.181892374999999900e+03 8.895649600000000100e+01 1.444729875000000000e+03 4.471206399999999800e+01 7.371625000000000200e+02 4.424443200000000300e+01
8.469571852732777100e-03 2.181892875000000000e+03 9.035248000000000000e+01 1.450834499999999900e+03 4.526834800000000300e+01 7.310583749999999600e+02 4.508413199999999700e+01
9.077103347622300300e-03 2.181888625000000000e+03 9.275767199999999900e+01 1.462495124999999900e+03 4.618345200000000300e+01 7.193935000000000200e+02 4.657421999999999700e+01
9.806140881455829800e-03 2.181890937500000300e+03 9.528835200000000300e+01 1.476831750000000100e+03 4.706549600000000300e+01 7.050591875000000100e+02 4.822285600000000000e+01
1.117308706999962600e-02 2.181892249999999900e+03 9.928084799999999200e+01 1.502041999999999900e+03 4.827328800000000100e+01 6.798502499999999600e+02 5.100755999999999800e+01
1.424871469405368500e-02 2.181891999999999800e+03 1.058281560000000100e+02 1.554569625000000100e+03 4.973002400000000000e+01 6.273223749999999700e+02 5.609813200000000000e+01
1.805480483769557700e-02 2.181889999999999900e+03 1.110932480000000000e+02 1.607778499999999900e+03 5.022493600000000000e+01 5.741114999999999800e+02 6.086831200000000300e+01
2.194739655726770200e-02 2.181892750000000000e+03 1.142887280000000100e+02 1.651206250000000000e+03 4.977572800000000100e+01 5.306865000000000200e+02 6.451300000000000500e+01
2.676447768884202300e-02 2.181891843749999700e+03 1.155266719999999900e+02 1.687256374999999900e+03 4.832772800000000000e+01 4.946354687499999700e+02 6.719894399999999700e+01
2.799611783954019500e-02 2.181893343750000000e+03 1.153629320000000000e+02 1.693804500000000000e+03 4.783538800000000200e+01 4.880888437500000200e+02 6.752754400000000600e+01
2.816931861716220200e-02 2.181892031249999900e+03 1.153281120000000000e+02 1.694646375000000000e+03 4.776243999999999800e+01 4.872456562500000200e+02 6.756567200000000600e+01
2.855901581621852700e-02 2.181891000000000100e+03 1.152047039999999900e+02 1.696434375000000000e+03 4.757954399999999900e+01 4.854566249999999700e+02 6.762515999999999400e+01
2.877822179085719200e-02 2.181895062499999800e+03 1.151490360000000000e+02 1.697446500000000000e+03 4.748114000000000300e+01 4.844485624999999800e+02 6.766789599999999900e+01
2.927143328353995800e-02 2.181892937499999800e+03 1.150112560000000000e+02 1.699578874999999900e+03 4.725260000000000100e+01 4.823140624999999800e+02 6.775865600000000200e+01
3.038116174241516400e-02 2.181892937499999800e+03 1.146053000000000000e+02 1.703673125000000000e+03 4.670806799999999700e+01 4.782198124999999900e+02 6.789723200000000200e+01
3.175445015770119600e-02 2.181893000000000000e+03 1.140304400000000000e+02 1.707818000000000000e+03 4.603681600000000200e+01 4.740749999999999900e+02 6.799362399999999700e+01
3.252692505382077200e-02 2.181893468750000000e+03 1.136776319999999900e+02 1.709646500000000100e+03 4.567052799999999700e+01 4.722469687500000100e+02 6.800710399999999800e+01
3.331695483831134000e-02 2.181888500000000000e+03 1.132007480000000000e+02 1.711402750000000000e+03 4.519598800000000000e+01 4.704857500000000000e+02 6.800476000000000500e+01
3.509452575392355700e-02 2.181893750000000200e+03 1.122973440000000000e+02 1.713674500000000100e+03 4.440061599999999900e+01 4.682192499999999900e+02 6.789672799999999600e+01
3.609440809378594600e-02 2.181893781249999800e+03 1.118134120000000000e+02 1.714662750000000000e+03 4.397982799999999800e+01 4.672310312500000000e+02 6.783358400000000200e+01
3.733176378953513600e-02 2.181893218750000000e+03 1.112189480000000100e+02 1.715491000000000000e+03 4.348326800000000200e+01 4.664022187499999700e+02 6.773568000000000200e+01
3.859723955088109600e-02 2.181893875000000200e+03 1.106579440000000000e+02 1.716055000000000100e+03 4.302079200000000000e+01 4.658388749999999700e+02 6.763715200000000000e+01
3.930907194193480200e-02 2.181893187499999800e+03 1.103494439999999900e+02 1.716242375000000000e+03 4.277429999999999700e+01 4.656508124999999700e+02 6.757514399999999500e+01
3.970947473652117200e-02 2.181893468750000000e+03 1.101777879999999900e+02 1.716324875000000000e+03 4.263857999999999700e+01 4.655685937499999900e+02 6.753920800000000200e+01
3.993470309620904300e-02 2.181893343750000000e+03 1.100837920000000000e+02 1.716368750000000100e+03 4.256364800000000100e+01 4.655245937500000100e+02 6.752014400000000200e+01
4.006139421105466000e-02 2.181893281250000200e+03 1.100303600000000000e+02 1.716388625000000000e+03 4.252112799999999700e+01 4.655046562499999800e+02 6.750923199999999700e+01
4.013265650046465200e-02 2.181895218749999900e+03 1.099998160000000000e+02 1.716402250000000100e+03 4.249652799999999800e+01 4.654929687499999900e+02 6.750328799999999800e+01
4.015470477457182300e-02 2.181897687499999800e+03 1.099899040000000000e+02 1.716409375000000000e+03 4.248832000000000200e+01 4.654883125000000100e+02 6.750158399999999400e+01
4.016710579110881900e-02 2.181901187500000100e+03 1.099836679999999900e+02 1.716415999999999900e+03 4.248300400000000100e+01 4.654851874999999900e+02 6.750066400000000000e+01
4.017408250055917000e-02 2.181912187500000100e+03 1.099778599999999900e+02 1.716428124999999900e+03 4.247793200000000300e+01 4.654840624999999900e+02 6.749992799999999700e+01
4.017800641206144300e-02 2.181938374999999700e+03 1.099702240000000000e+02 1.716450499999999900e+03 4.247146399999999700e+01 4.654878749999999700e+02 6.749876000000000400e+01
4.018201873508861500e-02 2.182204031249999800e+03 1.099194239999999900e+02 1.716657375000000000e+03 4.243045600000000000e+01 4.655466562500000100e+02 6.748896800000000000e+01
4.019104711198449200e-02 2.182106812500000200e+03 1.098713480000000000e+02 1.716629750000000100e+03 4.238351600000000000e+01 4.654770624999999900e+02 6.748783199999999700e+01
4.021136356033917800e-02 2.182128406249999900e+03 1.099107800000000000e+02 1.716753625000000100e+03 4.240422800000000300e+01 4.653747812500000100e+02 6.750655199999999900e+01
4.025707491905248400e-02 2.181841218750000300e+03 1.099386320000000000e+02 1.716640000000000100e+03 4.241442399999999700e+01 4.652012187500000100e+02 6.752420800000000200e+01
4.035992612624217400e-02 2.181809000000000200e+03 1.099133800000000000e+02 1.716681250000000100e+03 4.238928400000000400e+01 4.651277499999999900e+02 6.752409600000000000e+01
4.059134329267317900e-02 2.181904375000000100e+03 1.098120079999999900e+02 1.716743625000000100e+03 4.231350400000000200e+01 4.651607500000000100e+02 6.749850399999999700e+01
4.111202736654976500e-02 2.181894125000000300e+03 1.095978000000000100e+02 1.716721375000000100e+03 4.214915200000000100e+01 4.651727500000000100e+02 6.744864800000000600e+01
4.140491134549942300e-02 2.181894968749999900e+03 1.094874319999999800e+02 1.716754500000000000e+03 4.206138399999999700e+01 4.651404687500000300e+02 6.742604799999999400e+01
4.206390224839037100e-02 2.181891218750000000e+03 1.092528920000000000e+02 1.716973750000000100e+03 4.185902800000000200e+01 4.649174687500000100e+02 6.739386399999999400e+01
4.354663373014922000e-02 2.181893812500000000e+03 1.087258440000000000e+02 1.716862000000000100e+03 4.146734800000000100e+01 4.650318125000000000e+02 6.725849599999999400e+01
4.688277501351343500e-02 2.181893906249999900e+03 1.076248080000000000e+02 1.715623624999999900e+03 4.072421200000000100e+01 4.662702812499999800e+02 6.690059599999999300e+01
5.088614767395726500e-02 2.181893906249999900e+03 1.064011960000000000e+02 1.713067749999999900e+03 3.996476400000000200e+01 4.688261562500000000e+02 6.643643199999999600e+01
5.689120406428403700e-02 2.181893937500000000e+03 1.045337199999999900e+02 1.706959250000000100e+03 3.887549200000000100e+01 4.749346875000000000e+02 6.565822799999999400e+01
6.289626045461081700e-02 2.181893781249999800e+03 1.025761719999999900e+02 1.699859124999999900e+03 3.776559999999999900e+01 4.820346562500000100e+02 6.481057199999999300e+01
6.571113258783070600e-02 2.181894093750000100e+03 1.015792800000000000e+02 1.696252375000000000e+03 3.720902399999999900e+01 4.856417187500000000e+02 6.437025599999999800e+01
7.000000166421693800e-02 2.181893749999999700e+03 9.988709600000001400e+01 1.690184874999999900e+03 3.628451600000000400e+01 4.917088749999999800e+02 6.360258000000000300e+01
