0.000000000000000000e+00 0.000000000000000000e+00 0.000000000000000000e+00 0.000000000000000000e+00 0.000000000000000000e+00 0.000000000000000000e+00 0.000000000000000000e+00
5.525899651043253700e-07 2.010032812500000100e+03 1.628442138671875100e-03 1.155967374999999900e+03 3.760216064453124900e-03 8.540654375000000300e+02 -2.131773925781249800e-03
1.400541592879447900e-03 2.010031874999999900e+03 2.347172000000000100e+01 1.145733874999999900e+03 9.604556000000000500e+00 8.642980000000000000e+02 1.386716400000000100e+01
4.025520722558893200e-03 2.010026125000000100e+03 6.051256000000000100e+01 1.149283750000000100e+03 2.579310400000000000e+01 8.607423750000000400e+02 3.471945600000000100e+01
5.502071523633877400e-03 2.010026750000000000e+03 7.301732599999999700e+01 1.176141249999999900e+03 3.238819800000000300e+01 8.338854999999999800e+02 4.062912800000000100e+01
5.917351507539235800e-03 2.010014625000000000e+03 7.591885999999999500e+01 1.184222250000000000e+03 3.387962000000000300e+01 8.257923749999999900e+02 4.203923999999999900e+01
5.969261424266812700e-03 2.010026187500000100e+03 7.625791200000000500e+01 1.185303375000000000e+03 3.404675999999999900e+01 8.247228125000000300e+02 4.221115199999999800e+01
6.086058899425045800e-03 2.010028749999999900e+03 7.701946799999998900e+01 1.187752375000000000e+03 3.442035599999999800e+01 8.222763750000000300e+02 4.259911199999999800e+01
6.151757763613627100e-03 2.010027812500000000e+03 7.743821199999999300e+01 1.189137625000000100e+03 3.462251200000000000e+01 8.208901875000000200e+02 4.281570000000000000e+01
6.233059311693187700e-03 2.010023624999999800e+03 7.794683999999999500e+01 1.190842124999999900e+03 3.486551999999999700e+01 8.191815000000000300e+02 4.308131999999999800e+01
6.316209700778787100e-03 2.010029250000000000e+03 7.845131200000000100e+01 1.192600625000000000e+03 3.510129599999999800e+01 8.174286250000000100e+02 4.335001599999999700e+01
6.419107063985146500e-03 2.010023500000000000e+03 7.906502000000000400e+01 1.194773500000000000e+03 3.538473200000000000e+01 8.152500000000000000e+02 4.368028799999999700e+01
6.524343432092958800e-03 2.010028437500000100e+03 7.967853600000000800e+01 1.196991250000000000e+03 3.566263599999999900e+01 8.130371874999999600e+02 4.401590000000000200e+01
6.654573608273621100e-03 2.010026937499999800e+03 8.041656000000000400e+01 1.199742000000000000e+03 3.599202799999999800e+01 8.102849374999999600e+02 4.442453199999999900e+01
6.787763620284274900e-03 2.010029875000000200e+03 8.115988400000000500e+01 1.202563000000000100e+03 3.631787599999999800e+01 8.074668749999999600e+02 4.484200800000000000e+01
7.087440984787059600e-03 2.010032937500000100e+03 8.276221599999999500e+01 1.209108625000000100e+03 3.696418400000000300e+01 8.009243125000000400e+02 4.579803199999999900e+01
7.256009258538097900e-03 2.010027437500000100e+03 8.360855999999999700e+01 1.213054000000000100e+03 3.727330800000000000e+01 7.969734375000000500e+02 4.633525199999999700e+01
7.350828668741279600e-03 2.010027875000000200e+03 8.407348799999999800e+01 1.215311875000000100e+03 3.744390800000000000e+01 7.947160000000000100e+02 4.662957999999999700e+01
7.564173479346733700e-03 2.010029687499999900e+03 8.508082000000000300e+01 1.220406625000000100e+03 3.780403600000000400e+01 7.896230624999999500e+02 4.727678399999999900e+01
7.828187194907429100e-03 2.010027562499999900e+03 8.627029999999999200e+01 1.226579375000000000e+03 3.822905600000000000e+01 7.834481875000000200e+02 4.804124399999999900e+01
7.976694503607356700e-03 2.010027687500000000e+03 8.691794799999999600e+01 1.230096749999999900e+03 3.844820399999999700e+01 7.799309375000000300e+02 4.846974399999999900e+01
8.128577702372106300e-03 2.010031500000000100e+03 8.755187999999999700e+01 1.233782875000000100e+03 3.864866000000000000e+01 7.762486249999999500e+02 4.890321999999999700e+01
8.310836760788118500e-03 2.010027187500000100e+03 8.829052799999999500e+01 1.238165375000000000e+03 3.887416000000000300e+01 7.718618125000000400e+02 4.941636799999999900e+01
8.652573307924068400e-03 2.010029562499999900e+03 8.962978400000000100e+01 1.246121124999999900e+03 3.928781599999999900e+01 7.639084374999999900e+02 5.034196800000000100e+01
9.075472285004805600e-03 2.010028749999999900e+03 9.121272799999999800e+01 1.255717875000000000e+03 3.977525599999999900e+01 7.543108750000000100e+02 5.143747200000000000e+01
9.507982764994926700e-03 2.010028187500000100e+03 9.273958000000000400e+01 1.265099999999999900e+03 4.024314400000000100e+01 7.449281875000000400e+02 5.249643600000000300e+01
1.048113036984558800e-02 2.010030624999999900e+03 9.581973999999999600e+01 1.286134000000000000e+03 4.110675200000000000e+01 7.238966249999999700e+02 5.471298800000000300e+01
1.102852642576793500e-02 2.010029500000000100e+03 9.739105599999999200e+01 1.298152250000000100e+03 4.147045599999999900e+01 7.118772500000000000e+02 5.592060000000000000e+01
1.226016657646610900e-02 2.010030999999999900e+03 1.005367320000000000e+02 1.323675874999999900e+03 4.211812799999999900e+01 6.863551250000000400e+02 5.841860400000000200e+01
1.503135691553699600e-02 2.010030687499999900e+03 1.062230800000000000e+02 1.374281874999999900e+03 4.298996799999999800e+01 6.357488124999999900e+02 6.323311199999999800e+01
1.846070604902916300e-02 2.010029562500000100e+03 1.112707320000000000e+02 1.426194750000000100e+03 4.333638799999999900e+01 5.838348125000000000e+02 6.793434399999999600e+01
1.933752864741433700e-02 2.010031625000000100e+03 1.123437160000000000e+02 1.437764500000000000e+03 4.335950799999999800e+01 5.722671249999999600e+02 6.898420799999999500e+01
1.960879470835596600e-02 2.010030687500000100e+03 1.126564999999999900e+02 1.441195500000000000e+03 4.336212400000000100e+01 5.688351874999999600e+02 6.929437600000000000e+01
1.988622747315950700e-02 2.010032062499999900e+03 1.129635280000000000e+02 1.444619999999999900e+03 4.335973599999999800e+01 5.654120625000000500e+02 6.960379199999999900e+01
2.051044924371325400e-02 2.010028937500000000e+03 1.135481719999999900e+02 1.452398375000000000e+03 4.328945199999999700e+01 5.576305625000000000e+02 7.025871999999999700e+01
2.191494952762866600e-02 2.010031875000000100e+03 1.147157280000000000e+02 1.467187500000000000e+03 4.323148799999999900e+01 5.428443750000000100e+02 7.148424000000000000e+01
2.365301609364349100e-02 2.010030874999999900e+03 1.156412120000000000e+02 1.482832875000000100e+03 4.304424399999999900e+01 5.271979999999999800e+02 7.259696800000000400e+01
2.443070206905435100e-02 2.010030687500000100e+03 1.159089360000000000e+02 1.488906250000000000e+03 4.292680000000000000e+01 5.211244375000000000e+02 7.298213599999999700e+01
2.468067265401994700e-02 2.010032687500000100e+03 1.159738960000000000e+02 1.490729875000000000e+03 4.288433599999999800e+01 5.193028124999999600e+02 7.308956000000000600e+01
2.482128338335969100e-02 2.010030437500000100e+03 1.160120800000000000e+02 1.491758624999999900e+03 4.286032800000000300e+01 5.182718125000000100e+02 7.315175200000000200e+01
2.513765102352670200e-02 2.010031812499999900e+03 1.160930880000000100e+02 1.494032625000000100e+03 4.280460800000000200e+01 5.159991874999999500e+02 7.328848000000000700e+01
2.584948341458040100e-02 2.010031906250000000e+03 1.162262520000000000e+02 1.498765750000000000e+03 4.266556400000000300e+01 5.112661562499999900e+02 7.356068799999999900e+01
2.745110239394278300e-02 2.010031906249999800e+03 1.163167080000000100e+02 1.507744999999999900e+03 4.227336400000000100e+01 5.022869062500000200e+02 7.404334400000000500e+01
2.943310415817915900e-02 2.010031593750000000e+03 1.161005760000000000e+02 1.516053375000000000e+03 4.167928800000000000e+01 4.939782187500000000e+02 7.442128800000000400e+01
3.026292953023149500e-02 2.010030718750000000e+03 1.159629679999999900e+02 1.518930125000000100e+03 4.142884000000000100e+01 4.911005937499999700e+02 7.453412799999999500e+01
3.033419181964148700e-02 2.010029812499999900e+03 1.159520919999999900e+02 1.519172499999999900e+03 4.140843600000000200e+01 4.908573124999999800e+02 7.454365599999999900e+01
3.049453392106818400e-02 2.010032250000000000e+03 1.159253520000000000e+02 1.519708750000000000e+03 4.136137600000000000e+01 4.903235000000000200e+02 7.456397599999999700e+01
3.058472667816307700e-02 2.010032343749999900e+03 1.159101960000000000e+02 1.520006374999999900e+03 4.133467600000000200e+01 4.900259687500000000e+02 7.457551999999999700e+01
3.063546189176199300e-02 2.010033468750000100e+03 1.159014760000000000e+02 1.520174375000000100e+03 4.131937200000000100e+01 4.898590937500000000e+02 7.458210400000000100e+01
3.069253673176417600e-02 2.010249531250000000e+03 1.158126959999999900e+02 1.520684375000000000e+03 4.121729599999999700e+01 4.895651562499999700e+02 7.459539999999999800e+01
3.082095447168434500e-02 2.009954281249999900e+03 1.158592240000000100e+02 1.521073249999999900e+03 4.120908800000000100e+01 4.888810312499999800e+02 7.465013600000000300e+01
3.110989893709792400e-02 2.010037031250000200e+03 1.158076279999999900e+02 1.521955750000000100e+03 4.113448400000000000e+01 4.880812812500000200e+02 7.467314399999999400e+01
3.176002008377002600e-02 2.010032125000000200e+03 1.156766560000000100e+02 1.523673250000000100e+03 4.095822400000000100e+01 4.863588750000000100e+02 7.471843200000000700e+01
3.322279136361275900e-02 2.010031937499999900e+03 1.153594440000000000e+02 1.527274375000000000e+03 4.053738800000000000e+01 4.827575625000000100e+02 7.482205600000000300e+01
3.585578538807542000e-02 2.010031937500000100e+03 1.148514960000000000e+02 1.532673375000000100e+03 3.983890399999999900e+01 4.773585625000000100e+02 7.501259199999999800e+01
3.914702401814528600e-02 2.010032437500000000e+03 1.143514680000000000e+02 1.535885000000000000e+03 3.936150800000000100e+01 4.741474375000000200e+02 7.498995999999999600e+01
4.655231353614146300e-02 2.010032375000000200e+03 1.133831120000000000e+02 1.535252750000000100e+03 3.876408800000000100e+01 4.747796250000000100e+02 7.461902399999999600e+01
5.071778612715416300e-02 2.010032343750000100e+03 1.129816000000000000e+02 1.533760250000000000e+03 3.852432000000000300e+01 4.762720937500000100e+02 7.445727999999999700e+01
5.587256287910861300e-02 2.010032281250000100e+03 1.123838000000000100e+02 1.530636250000000000e+03 3.817640000000000100e+01 4.793960312500000200e+02 7.420740000000000700e+01
6.114449530291411100e-02 2.010032343749999900e+03 1.115690800000000100e+02 1.526178375000000000e+03 3.771315200000000100e+01 4.838539687499999800e+02 7.385592800000000600e+01
6.747080797066717900e-02 2.010032500000000000e+03 1.102565120000000000e+02 1.519847500000000100e+03 3.699088799999999800e+01 4.901850000000000000e+02 7.326562400000000300e+01
7.000000166421693800e-02 2.010032218750000100e+03 1.096250840000000000e+02 1.517146250000000000e+03 3.664916399999999900e+01 4.928859687500000200e+02 7.297592000000000200e+01
