0.000000000000000000e+00 0.000000000000000000e+00 0.000000000000000000e+00 0.000000000000000000e+00 0.000000000000000000e+00 0.000000000000000000e+00 0.000000000000000000e+00
-1.617757915104119600e-07 6.421878249999999800e+03 -1.701089355468750200e-03 3.150107250000000000e+03 6.907073730468750300e-03 3.271771000000000200e+03 -8.608163085937500400e-03
1.399841500725938300e-03 6.421877249999999500e+03 4.764711200000000000e+01 3.127380000000000100e+03 1.502237399999999900e+01 3.294497249999999900e+03 3.262473800000000100e+01
4.024847668751401300e-03 6.421877500000000500e+03 1.363623240000000000e+02 3.081933750000000100e+03 4.242862000000000200e+01 3.339943749999999900e+03 9.393370400000000600e+01
7.273292657947657100e-03 6.421862750000000200e+03 2.382271759999999900e+02 3.039559499999999800e+03 7.372408799999999500e+01 3.382303249999999900e+03 1.645030879999999900e+02
9.100543128119574800e-03 6.421859000000000400e+03 2.758383200000000100e+02 3.068038250000000100e+03 8.723209599999999900e+01 3.353820749999999900e+03 1.886062240000000000e+02
1.012837057148580600e-02 6.421866500000000100e+03 2.919950079999999800e+02 3.091843750000000000e+03 9.290867199999999600e+01 3.330022750000000100e+03 1.990863359999999900e+02
1.039116781418722400e-02 6.421866500000000100e+03 2.957132880000000300e+02 3.098266250000000100e+03 9.412868000000000300e+01 3.323600250000000000e+03 2.015846080000000000e+02
1.071637890714428900e-02 6.421867000000000200e+03 3.000419519999999800e+02 3.107282749999999900e+03 9.552102399999999700e+01 3.314584249999999900e+03 2.045209280000000000e+02
1.104898184938163000e-02 6.421872750000000500e+03 3.042833919999999900e+02 3.116916749999999900e+03 9.686409600000000400e+01 3.304956000000000100e+03 2.074192960000000000e+02
1.146057790306752700e-02 6.421867249999999300e+03 3.092716480000000300e+02 3.128664499999999900e+03 9.840129600000000200e+01 3.293202749999999900e+03 2.108703520000000000e+02
1.188152788322923900e-02 6.421875000000000000e+03 3.141008880000000000e+02 3.140403249999999800e+03 9.983424800000000200e+01 3.281471750000000200e+03 2.142666400000000000e+02
1.211831159207410600e-02 6.421875500000000100e+03 3.167184879999999800e+02 3.146870500000000000e+03 1.005967760000000100e+02 3.275005000000000100e+03 2.161217120000000000e+02
1.225150344718216000e-02 6.421864999999999800e+03 3.181337919999999700e+02 3.150769499999999900e+03 1.009880960000000000e+02 3.271095499999999900e+03 2.171456959999999900e+02
1.255118308340964800e-02 6.421876249999999300e+03 3.212023360000000000e+02 3.160375000000000000e+03 1.017720960000000000e+02 3.261501249999999800e+03 2.194302400000000000e+02
1.309060759305663000e-02 6.421871250000000100e+03 3.263932240000000300e+02 3.179537750000000000e+03 1.027911920000000000e+02 3.242333500000000200e+03 2.236020320000000100e+02
1.346146230732565000e-02 6.421868000000000400e+03 3.297795600000000000e+02 3.191686250000000200e+03 1.035843280000000000e+02 3.230181750000000200e+03 2.261952320000000000e+02
1.384074522025419300e-02 6.421877249999999500e+03 3.330953279999999900e+02 3.204235499999999800e+03 1.043159200000000100e+02 3.217641749999999800e+03 2.287794079999999900e+02
1.429588424999344300e-02 6.421872999999999600e+03 3.368677200000000200e+02 3.219475250000000000e+03 1.050737840000000000e+02 3.202397750000000100e+03 2.317939360000000000e+02
1.475102327973269200e-02 6.421875250000000100e+03 3.405743200000000000e+02 3.234302250000000200e+03 1.058521760000000000e+02 3.187572999999999900e+03 2.347221439999999900e+02
1.560440925160316200e-02 6.421872999999999600e+03 3.470502559999999900e+02 3.263420750000000200e+03 1.071272800000000000e+02 3.158452249999999800e+03 2.399229760000000100e+02
1.608443929744436700e-02 6.421874249999999800e+03 3.504224879999999900e+02 3.279718249999999900e+03 1.077938160000000100e+02 3.142155999999999900e+03 2.426286719999999900e+02
1.667847592606503500e-02 6.421872999999999600e+03 3.543669279999999700e+02 3.299493750000000100e+03 1.085613120000000000e+02 3.122379250000000000e+03 2.458056159999999900e+02
1.698224506680927700e-02 6.421874249999999800e+03 3.563394720000000000e+02 3.309419500000000000e+03 1.089583200000000000e+02 3.112454749999999900e+03 2.473811519999999900e+02
1.713412963718139600e-02 6.421876249999999300e+03 3.573133839999999900e+02 3.314364999999999800e+03 1.091521360000000000e+02 3.107511250000000000e+03 2.481612480000000000e+02
1.747586992051866600e-02 6.421872250000000300e+03 3.594494720000000100e+02 3.325293999999999900e+03 1.095842399999999900e+02 3.096578250000000000e+03 2.498652319999999900e+02
1.824478410248063500e-02 6.421876750000000400e+03 3.640309919999999700e+02 3.349878000000000200e+03 1.104398400000000000e+02 3.071998750000000200e+03 2.535911519999999900e+02
1.997484246744195600e-02 6.421875750000000200e+03 3.735347600000000100e+02 3.402525250000000100e+03 1.120922159999999900e+02 3.019350500000000000e+03 2.614425440000000000e+02
2.386747320638617200e-02 6.421876250000000300e+03 3.907236799999999400e+02 3.518366250000000000e+03 1.140848000000000000e+02 2.903510000000000200e+03 2.766388799999999700e+02
2.868460677336714900e-02 6.421874499999999900e+03 4.073313279999999800e+02 3.639302000000000100e+03 1.154597120000000000e+02 2.782572500000000200e+03 2.918716160000000200e+02
2.936201596289182000e-02 6.421873999999999800e+03 4.093261040000000400e+02 3.655471500000000100e+03 1.155477680000000000e+02 2.766402500000000100e+03 2.937783360000000200e+02
3.005481901622954200e-02 6.421876000000000200e+03 4.112459599999999700e+02 3.671743500000000000e+03 1.156086800000000100e+02 2.750132500000000200e+03 2.956372799999999800e+02
3.044452131595076100e-02 6.421875000000000000e+03 4.122922320000000100e+02 3.680606749999999900e+03 1.156403920000000100e+02 2.741268250000000100e+03 2.966518399999999900e+02
3.132135440141727000e-02 6.421876500000000300e+03 4.145147279999999900e+02 3.699953250000000000e+03 1.156917200000000000e+02 2.721923249999999800e+03 2.988230080000000200e+02
3.159262409140339200e-02 6.421876000000000200e+03 4.151779199999999700e+02 3.705852750000000000e+03 1.157035840000000100e+02 2.716023250000000200e+03 2.994743359999999900e+02
3.187005831353976300e-02 6.421875500000000100e+03 4.158387599999999800e+02 3.711898749999999800e+03 1.157123600000000000e+02 2.709976749999999800e+03 3.001263999999999900e+02
3.249428531334659600e-02 6.421877000000000400e+03 4.173313839999999600e+02 3.725164000000000200e+03 1.157288240000000000e+02 2.696713000000000200e+03 3.016025599999999800e+02
3.389879955622448300e-02 6.421877000000000400e+03 4.205407599999999800e+02 3.753911999999999800e+03 1.157142960000000000e+02 2.667965000000000100e+03 3.048264639999999900e+02
3.468884012783549100e-02 6.421876750000000400e+03 4.222536639999999600e+02 3.769440750000000200e+03 1.156780799999999900e+02 2.652436000000000100e+03 3.065755839999999900e+02
3.566651350121504600e-02 6.421875000000000000e+03 4.242517279999999600e+02 3.787818749999999900e+03 1.155987360000000000e+02 2.634056250000000100e+03 3.086529919999999800e+02
3.591648562923893000e-02 6.421877500000000500e+03 4.247396080000000300e+02 3.792442250000000100e+03 1.155649520000000100e+02 2.629435250000000000e+03 3.091746560000000300e+02
3.591868175837292100e-02 6.421899999999999600e+03 4.247406399999999800e+02 3.792503250000000200e+03 1.155616320000000000e+02 2.629396749999999900e+03 3.091790080000000100e+02
3.592362596001817000e-02 6.422260000000000200e+03 4.246761359999999900e+02 3.793005250000000200e+03 1.154831440000000000e+02 2.629254750000000100e+03 3.091929920000000000e+02
3.593474866706372600e-02 6.422054249999999200e+03 4.246821279999999800e+02 3.793209249999999900e+03 1.154481119999999900e+02 2.628844999999999800e+03 3.092340160000000000e+02
3.595977475791624400e-02 6.421932749999999900e+03 4.247853920000000000e+02 3.793692250000000100e+03 1.154693599999999900e+02 2.628240499999999900e+03 3.093160320000000100e+02
3.601608229789687200e-02 6.421752500000000500e+03 4.249299920000000300e+02 3.794701000000000000e+03 1.154770319999999900e+02 2.627051500000000000e+03 3.094529600000000200e+02
3.614277309841579900e-02 6.421889500000000200e+03 4.251812079999999700e+02 3.797078500000000100e+03 1.154733040000000000e+02 2.624811000000000100e+03 3.097079039999999800e+02
3.642782972845839300e-02 6.421877000000000400e+03 4.257090959999999900e+02 3.801981249999999800e+03 1.154538000000000000e+02 2.619895750000000100e+03 3.102552959999999900e+02
3.678058675502828700e-02 6.421876249999999300e+03 4.263556800000000100e+02 3.808064750000000000e+03 1.154197120000000000e+02 2.613811499999999800e+03 3.109359680000000000e+02
3.714136209825602600e-02 6.421876500000000300e+03 4.270073519999999700e+02 3.814220750000000000e+03 1.153811760000000000e+02 2.607655749999999900e+03 3.116261759999999900e+02
3.795310545608091700e-02 6.421877249999999500e+03 4.284341840000000200e+02 3.827764250000000200e+03 1.152806159999999900e+02 2.594112999999999800e+03 3.131535680000000100e+02
3.895763774494548400e-02 6.421876000000000200e+03 4.301142479999999800e+02 3.844072749999999800e+03 1.151254800000000000e+02 2.577803249999999900e+03 3.149887679999999900e+02
3.998499999552856300e-02 6.421878000000000600e+03 4.316761999999999900e+02 3.860277750000000200e+03 1.148587280000000000e+02 2.561600250000000000e+03 3.168174720000000100e+02
4.056289169814560800e-02 6.421877500000000500e+03 4.325257120000000000e+02 3.868813250000000200e+03 1.147669600000000000e+02 2.553064249999999900e+03 3.177587520000000200e+02
4.186314919347146300e-02 6.421877000000000400e+03 4.342566800000000200e+02 3.887463749999999900e+03 1.144709520000000000e+02 2.534413250000000100e+03 3.197857280000000100e+02
4.478872390020461500e-02 6.421877249999999500e+03 4.372653839999999800e+02 3.925934000000000200e+03 1.135500239999999900e+02 2.495943249999999800e+03 3.237153599999999800e+02
4.840912778153379200e-02 6.421876500000000300e+03 4.392292160000000100e+02 3.964458000000000100e+03 1.121666240000000000e+02 2.457418500000000200e+03 3.270625920000000000e+02
5.002905131841899700e-02 6.421873250000000600e+03 4.396618960000000100e+02 3.978622750000000000e+03 1.115686160000000100e+02 2.443250500000000100e+03 3.280932799999999900e+02
5.054974119305174300e-02 6.421877500000000500e+03 4.397569040000000200e+02 3.982842999999999800e+03 1.113839120000000000e+02 2.439034500000000200e+03 3.283729920000000100e+02
5.172129108210041200e-02 6.421877500000000500e+03 4.398832320000000200e+02 3.991732000000000000e+03 1.109643840000000000e+02 2.430145500000000100e+03 3.289188480000000300e+02
5.207275558304001000e-02 6.421876749999999400e+03 4.399138639999999900e+02 3.994300749999999900e+03 1.108424720000000000e+02 2.427576000000000000e+03 3.290713920000000000e+02
5.273175268673926200e-02 6.421878499999999800e+03 4.399282319999999800e+02 3.998847249999999800e+03 1.106097360000000000e+02 2.423031250000000000e+03 3.293184959999999800e+02
5.421450082781260200e-02 6.421877749999999700e+03 4.399255039999999900e+02 4.008259000000000000e+03 1.101236480000000000e+02 2.413618750000000100e+03 3.298018559999999900e+02
5.755067482972756700e-02 6.421877749999999700e+03 4.396011360000000000e+02 4.025389749999999800e+03 1.092100959999999900e+02 2.396487999999999800e+03 3.303910399999999800e+02
6.505707681397379600e-02 6.421877749999999700e+03 4.374068079999999600e+02 4.047041999999999900e+03 1.075518639999999900e+02 2.374835750000000200e+03 3.298549439999999900e+02
7.000000223572001900e-02 6.421877749999999700e+03 4.349145839999999900e+02 4.052113750000000000e+03 1.064182000000000000e+02 2.369764000000000100e+03 3.284963839999999800e+02
