0.000000000000000000e+00 0.000000000000000000e+00 0.000000000000000000e+00 0.000000000000000000e+00 0.000000000000000000e+00 0.000000000000000000e+00 0.000000000000000000e+00
2.233449981453508900e-07 2.213146812500000100e+03 8.092060546875000000e-04 1.453004500000000000e+03 4.940136230468750300e-03 7.601423125000000000e+02 -4.130930175781250300e-03
1.400218924032171900e-03 2.213145437500000300e+03 2.755534099999999900e+01 1.441688875000000100e+03 1.358579400000000000e+01 7.714565625000000200e+02 1.396954700000000000e+01
4.025210391034136900e-03 2.213137874999999900e+03 7.096786799999999600e+01 1.443015124999999900e+03 3.619245999999999700e+01 7.701227500000000000e+02 3.477540799999999900e+01
5.501768091222742700e-03 2.213138250000000000e+03 8.618306400000000200e+01 1.468664624999999900e+03 4.551981200000000200e+01 7.444736249999999700e+02 4.066325200000000000e+01
5.958578088781336400e-03 2.213130250000000200e+03 9.005202800000000700e+01 1.477134250000000100e+03 4.782362400000000200e+01 7.359959999999999800e+02 4.222840399999999800e+01
6.020870837536487400e-03 2.213132375000000100e+03 9.054504800000000800e+01 1.478372875000000000e+03 4.810656800000000300e+01 7.347595000000000000e+02 4.243847999999999800e+01
6.137668577014890500e-03 2.213140812500000300e+03 9.144996399999999400e+01 1.480704750000000100e+03 4.861996800000000000e+01 7.324360625000000500e+02 4.282999600000000100e+01
6.203367305471492300e-03 2.213137187500000000e+03 9.194598800000000000e+01 1.482007374999999900e+03 4.889754800000000000e+01 7.311298124999999600e+02 4.304843999999999900e+01
6.351190317826976200e-03 2.213137812500000100e+03 9.302219200000000400e+01 1.484989875000000000e+03 4.948214800000000200e+01 7.281479375000000100e+02 4.354004400000000200e+01
6.617270692073090400e-03 2.213140437500000200e+03 9.487137200000000800e+01 1.490414375000000100e+03 5.044952000000000000e+01 7.227260625000000100e+02 4.442185200000000100e+01
6.949871305435423300e-03 2.213144374999999900e+03 9.704393199999999800e+01 1.497524124999999900e+03 5.150705200000000200e+01 7.156202500000000600e+02 4.553687999999999600e+01
7.136959150451734400e-03 2.213144687500000100e+03 9.819209200000000200e+01 1.501586000000000000e+03 5.203466399999999900e+01 7.115586875000000200e+02 4.615742800000000300e+01
7.242195772164034900e-03 2.213136437500000300e+03 9.880810800000000400e+01 1.503933250000000000e+03 5.230409999999999800e+01 7.092031875000000100e+02 4.650400799999999900e+01
7.372426462697459000e-03 2.213128187500000000e+03 9.954772800000000600e+01 1.506928625000000000e+03 5.262402399999999900e+01 7.061995624999999600e+02 4.692370400000000100e+01
7.505617153368008400e-03 2.213144124999999800e+03 1.002740520000000000e+02 1.510022750000000100e+03 5.293588799999999800e+01 7.031213749999999400e+02 4.733816399999999900e+01
7.805295625157991600e-03 2.213142937499999800e+03 1.018296240000000000e+02 1.517106000000000000e+03 5.356284000000000100e+01 6.960369375000000200e+02 4.826678400000000100e+01
8.479572477794829200e-03 2.213141187499999900e+03 1.049799680000000000e+02 1.532839125000000000e+03 5.471723200000000300e+01 6.803020625000000300e+02 5.026273599999999700e+01
9.996694814008963100e-03 2.213141937500000000e+03 1.108439280000000100e+02 1.565120750000000000e+03 5.669663200000000100e+01 6.480211875000000000e+02 5.414729599999999700e+01
1.341022123492826800e-02 2.213143687499999900e+03 1.197109840000000000e+02 1.632690625000000000e+03 5.853664400000000300e+01 5.804530624999999900e+02 6.117434000000000100e+01
2.109065539088732600e-02 2.213144281249999900e+03 1.282386679999999900e+02 1.733936250000000000e+03 5.771031599999999900e+01 4.792080312499999800e+02 7.052835199999999800e+01
2.346679026099497300e-02 2.213144374999999900e+03 1.284939919999999900e+02 1.752750000000000000e+03 5.676366399999999900e+01 4.603943750000000300e+02 7.173032800000000000e+01
2.407432388473343100e-02 2.213144718749999800e+03 1.284115160000000100e+02 1.756693375000000100e+03 5.647657199999999700e+01 4.564513437499999800e+02 7.193494400000000200e+01
2.441606300363319600e-02 2.213144749999999900e+03 1.283420000000000100e+02 1.758790125000000000e+03 5.630241600000000100e+01 4.543546250000000000e+02 7.203958400000000500e+01
2.460829067579556000e-02 2.213144312500000100e+03 1.282958520000000000e+02 1.759925874999999900e+03 5.620176399999999700e+01 4.532184374999999900e+02 7.209408799999999900e+01
2.471641801361344800e-02 2.213143656250000300e+03 1.282670280000000100e+02 1.760543875000000100e+03 5.614434800000000100e+01 4.525997812499999800e+02 7.212268000000000300e+01
2.482285691704942300e-02 2.213141281250000200e+03 1.282315360000000100e+02 1.761121625000000000e+03 5.608507999999999800e+01 4.520196562500000300e+02 7.214645600000000100e+01
2.485706809093955400e-02 2.213138062500000200e+03 1.282164919999999900e+02 1.761296499999999900e+03 5.606490000000000200e+01 4.518415625000000100e+02 7.215159199999999400e+01
2.486187954670926100e-02 2.213139000000000100e+03 1.282140239999999900e+02 1.761321625000000000e+03 5.606196800000000000e+01 4.518173750000000300e+02 7.215205600000000200e+01
2.486783448010865300e-02 2.213152218750000000e+03 1.282108000000000100e+02 1.761361875000000100e+03 5.605856800000000100e+01 4.517903437499999800e+02 7.215223199999999800e+01
2.487392215938358600e-02 2.213259500000000100e+03 1.282053280000000100e+02 1.761473874999999900e+03 5.605632800000000100e+01 4.517856249999999800e+02 7.214900000000000100e+01
2.488762293106470600e-02 2.213134687499999900e+03 1.281794600000000100e+02 1.761437750000000100e+03 5.603845199999999900e+01 4.516969374999999900e+02 7.214100799999999900e+01
2.491845024956597400e-02 2.213058437499999900e+03 1.281426680000000100e+02 1.761496000000000100e+03 5.600582800000000100e+01 4.515624374999999900e+02 7.213684000000000700e+01
2.498780647622505700e-02 2.213167218749999800e+03 1.281254040000000000e+02 1.761963874999999900e+03 5.597249200000000300e+01 4.512033437499999900e+02 7.215291200000000100e+01
2.514386439061426900e-02 2.213150062499999900e+03 1.280840800000000000e+02 1.762812625000000000e+03 5.589058399999999700e+01 4.503374375000000200e+02 7.219349599999999600e+01
2.549499120467748500e-02 2.213144781250000100e+03 1.279550640000000100e+02 1.764571250000000000e+03 5.569022400000000100e+01 4.485735312499999700e+02 7.226484000000000700e+01
2.628502478966346400e-02 2.213145125000000000e+03 1.275886400000000000e+02 1.768175750000000100e+03 5.520391999999999700e+01 4.449693750000000100e+02 7.238472000000000200e+01
2.806260384919442900e-02 2.213145593750000000e+03 1.265314520000000000e+02 1.773968499999999900e+03 5.404498000000000200e+01 4.391770937499999800e+02 7.248647200000000600e+01
2.861254206507197300e-02 2.213145218749999900e+03 1.261709040000000100e+02 1.775322249999999900e+03 5.368949599999999800e+01 4.378229687499999700e+02 7.248140800000000200e+01
2.892188187483903100e-02 2.213144968749999900e+03 1.259628720000000000e+02 1.775994750000000100e+03 5.349013600000000000e+01 4.371502187500000200e+02 7.247273599999999800e+01
2.909588610005174900e-02 2.213144468749999800e+03 1.258391879999999900e+02 1.776332500000000000e+03 5.337419599999999800e+01 4.368119687500000100e+02 7.246499199999999500e+01
2.912035558977697800e-02 2.213144218750000200e+03 1.258206360000000100e+02 1.776376500000000100e+03 5.335707599999999900e+01 4.367677187499999700e+02 7.246356000000000100e+01
2.914537935175447500e-02 2.213146374999999800e+03 1.257988920000000000e+02 1.776417999999999900e+03 5.333764399999999700e+01 4.367283750000000300e+02 7.246124799999999800e+01
2.915945740118713900e-02 2.213157093750000100e+03 1.257798479999999900e+02 1.776437375000000000e+03 5.332201599999999800e+01 4.367197187500000300e+02 7.245783199999999600e+01
2.918479556129092600e-02 2.213187375000000000e+03 1.257327080000000000e+02 1.776488499999999900e+03 5.328369200000000200e+01 4.366988749999999900e+02 7.244901600000000000e+01
2.921646826142065500e-02 2.213157593750000200e+03 1.257278560000000000e+02 1.776552875000000100e+03 5.327300000000000300e+01 4.366047187500000200e+02 7.245485600000000700e+01
2.928773183671255100e-02 2.213105781249999800e+03 1.256924240000000000e+02 1.776673749999999900e+03 5.323480800000000100e+01 4.364320312500000200e+02 7.245761600000000200e+01
2.944807488111931800e-02 2.213152718750000100e+03 1.255843480000000100e+02 1.777025374999999900e+03 5.313236400000000300e+01 4.361273437500000200e+02 7.245198399999999600e+01
2.964649968968206100e-02 2.213146468749999700e+03 1.254354520000000000e+02 1.777344374999999900e+03 5.299849199999999900e+01 4.358020937499999800e+02 7.243695999999999900e+01
2.975811335338923400e-02 2.213148374999999800e+03 1.253440280000000100e+02 1.777520000000000000e+03 5.291715599999999900e+01 4.356283750000000100e+02 7.242687200000000300e+01
2.978665138775612700e-02 2.213160562500000200e+03 1.253113240000000100e+02 1.777571375000000000e+03 5.288866800000000300e+01 4.355891874999999800e+02 7.242265600000000300e+01
2.985086080064412700e-02 2.213149468749999900e+03 1.252592240000000000e+02 1.777682624999999900e+03 5.283951199999999900e+01 4.354668437500000100e+02 7.241971200000000400e+01
2.987072610447549400e-02 2.213140218749999800e+03 1.252454120000000000e+02 1.777714125000000000e+03 5.282594799999999700e+01 4.354260937500000100e+02 7.241946400000000500e+01
2.988190004677126300e-02 2.213136687500000300e+03 1.252360240000000000e+02 1.777732625000000100e+03 5.281704800000000000e+01 4.354040625000000100e+02 7.241897600000000100e+01
2.989332783644307500e-02 2.213141125000000100e+03 1.252225320000000000e+02 1.777756125000000100e+03 5.280492400000000000e+01 4.353849999999999900e+02 7.241760800000000100e+01
2.989975786034440900e-02 2.213164124999999800e+03 1.252085759999999900e+02 1.777777624999999900e+03 5.279386399999999900e+01 4.353865000000000100e+02 7.241471199999999400e+01
2.991132771139179800e-02 2.213320406249999900e+03 1.251088959999999900e+02 1.777851750000000000e+03 5.272376800000000000e+01 4.354686562499999800e+02 7.238512799999999500e+01
2.992579235407604900e-02 2.213301625000000100e+03 1.250936080000000000e+02 1.777924250000000000e+03 5.270471200000000100e+01 4.353773749999999700e+02 7.238889600000000300e+01
2.995833372458433400e-02 2.213187937499999900e+03 1.251234719999999900e+02 1.777988625000000000e+03 5.271165599999999800e+01 4.351993125000000200e+02 7.241181600000000200e+01
3.003155588375925500e-02 2.213028437500000100e+03 1.251129080000000000e+02 1.778104125000000100e+03 5.268390800000000200e+01 4.349243124999999800e+02 7.242900000000000200e+01
3.019630515968406800e-02 2.213157906250000000e+03 1.250042560000000000e+02 1.778496249999999900e+03 5.258402399999999900e+01 4.346616562500000200e+02 7.242023199999999900e+01
3.056698753720238400e-02 2.213145468750000000e+03 1.247239160000000000e+02 1.778908500000000000e+03 5.234936400000000100e+01 4.342369687500000200e+02 7.237455199999999400e+01
3.140102754436861100e-02 2.213146062500000000e+03 1.241406560000000100e+02 1.779891875000000000e+03 5.184071999999999700e+01 4.332541875000000000e+02 7.229993600000000200e+01
3.327761639605511500e-02 2.213145500000000100e+03 1.229064920000000000e+02 1.781239000000000000e+03 5.078278000000000200e+01 4.319064999999999900e+02 7.212371199999999800e+01
3.559989603156717800e-02 2.213144749999999900e+03 1.214479240000000000e+02 1.781450624999999900e+03 4.958066800000000300e+01 4.316941249999999900e+02 7.186725599999999800e+01
3.797495496142041400e-02 2.213145718750000000e+03 1.201329880000000100e+02 1.781290874999999900e+03 4.852770000000000300e+01 4.318548437499999900e+02 7.160528800000000200e+01
4.064689421973968100e-02 2.213145937499999900e+03 1.188850120000000000e+02 1.780195125000000000e+03 4.755393200000000300e+01 4.329508124999999800e+02 7.133108000000000000e+01
4.198286734221182800e-02 2.213146218750000100e+03 1.183851440000000000e+02 1.779336000000000000e+03 4.721488000000000100e+01 4.338102187499999900e+02 7.117026400000000300e+01
4.363613105373359600e-02 2.213146624999999900e+03 1.177762400000000000e+02 1.777889375000000000e+03 4.682090399999999900e+01 4.352572500000000000e+02 7.095533600000000300e+01
4.498879755227411200e-02 2.213146656250000000e+03 1.173197319999999900e+02 1.776647375000000000e+03 4.653300399999999800e+01 4.364992812500000200e+02 7.078672799999999700e+01
4.667963533319979100e-02 2.213146375000000300e+03 1.167781800000000100e+02 1.774887375000000000e+03 4.620027600000000200e+01 4.382590000000000100e+02 7.057790400000000400e+01
5.048402034028255000e-02 2.213146593750000200e+03 1.155421279999999900e+02 1.770198750000000000e+03 4.545024000000000100e+01 4.429478437500000000e+02 7.009188799999999700e+01
5.504928141723185900e-02 2.213146562500000100e+03 1.141078760000000000e+02 1.764303500000000000e+03 4.456342800000000200e+01 4.488430624999999700e+02 6.954444800000000300e+01
5.975720471951551100e-02 2.213145781249999800e+03 1.124489440000000000e+02 1.757346749999999900e+03 4.357696000000000000e+01 4.557990312499999800e+02 6.887198399999999800e+01
6.457213051298746300e-02 2.213145906249999800e+03 1.105706680000000000e+02 1.749784750000000000e+03 4.248653199999999700e+01 4.633611562500000200e+02 6.808413600000000100e+01
7.000000223572001900e-02 2.213145531250000200e+03 1.079847120000000000e+02 1.740237500000000000e+03 4.103897200000000100e+01 4.729080312500000200e+02 6.694574000000000100e+01
