0.000000000000000000e+00 0.000000000000000000e+00 0.000000000000000000e+00 0.000000000000000000e+00 0.000000000000000000e+00 0.000000000000000000e+00 0.000000000000000000e+00
-2.194866973006135800e-07 2.590812937499999900e+03 -9.312066650390624100e-04 1.560739499999999900e+03 1.348106689453124900e-04 1.030073437500000000e+03 -1.066017333984374900e-03
1.399784879952268900e-03 2.590780562500000100e+03 2.903908600000000100e+01 1.580607625000000100e+03 1.486545500000000100e+01 1.010172937500000000e+03 1.417363100000000000e+01
4.024793231298053200e-03 2.590807812500000200e+03 6.391834200000000300e+01 1.672932749999999900e+03 3.683037600000000100e+01 9.178750625000000100e+02 2.708796600000000200e+01
7.273240840478694700e-03 2.590802624999999800e+03 9.702112400000000000e+01 1.781866874999999900e+03 5.650492400000000300e+01 8.089357499999999800e+02 4.051619999999999800e+01
7.730053749131050300e-03 2.590800062500000000e+03 1.007198480000000000e+02 1.796668249999999900e+03 5.845356400000000000e+01 7.941318125000000200e+02 4.226628399999999900e+01
7.744653466565851700e-03 2.590792562499999800e+03 1.008332520000000000e+02 1.797139500000000000e+03 5.851118000000000300e+01 7.936530625000000300e+02 4.232207199999999900e+01
7.777503413012904100e-03 2.590798125000000300e+03 1.010862719999999900e+02 1.798218125000000100e+03 5.863918799999999700e+01 7.925800000000000400e+02 4.244708399999999700e+01
7.818154508523161800e-03 2.590807499999999900e+03 1.013985040000000000e+02 1.799556750000000000e+03 5.879650800000000300e+01 7.912507500000000400e+02 4.260199600000000000e+01
7.841021150023073900e-03 2.590808250000000000e+03 1.015733280000000000e+02 1.800307250000000100e+03 5.888405199999999700e+01 7.905009999999999800e+02 4.268927600000000000e+01
7.864407130650112600e-03 2.590807812500000200e+03 1.017519240000000000e+02 1.801074625000000000e+03 5.897321999999999800e+01 7.897331874999999900e+02 4.277870399999999800e+01
7.917026314834390100e-03 2.590806062499999800e+03 1.021513720000000100e+02 1.802798875000000000e+03 5.917175600000000200e+01 7.880071874999999900e+02 4.297961600000000000e+01
8.035418169256822900e-03 2.590810812499999900e+03 1.030321040000000000e+02 1.806692749999999900e+03 5.960225599999999700e+01 7.841180624999999500e+02 4.342984800000000000e+01
8.151960896921682500e-03 2.590811375000000200e+03 1.038826799999999900e+02 1.810538875000000000e+03 6.000881199999999900e+01 7.802725000000000400e+02 4.387386800000000200e+01
8.171939733409764800e-03 2.590808000000000000e+03 1.040256520000000100e+02 1.811195874999999900e+03 6.007616399999999900e+01 7.796121249999999900e+02 4.394948800000000200e+01
8.209399687938202100e-03 2.590806625000000200e+03 1.042928760000000100e+02 1.812433624999999900e+03 6.020169599999999800e+01 7.783730000000000500e+02 4.409118000000000100e+01
8.293684585627183000e-03 2.590804812500000000e+03 1.048885400000000100e+02 1.815227249999999900e+03 6.047849999999999700e+01 7.755775625000000000e+02 4.441004000000000200e+01
8.483326042091453000e-03 2.590809312500000000e+03 1.061948199999999900e+02 1.821500250000000100e+03 6.107205199999999900e+01 7.693090624999999800e+02 4.512276800000000100e+01
8.718007359021458200e-03 2.590805062500000100e+03 1.077529480000000000e+02 1.829220000000000000e+03 6.175696400000000400e+01 7.615850625000000500e+02 4.599598400000000000e+01
8.958022964160813200e-03 2.590808000000000000e+03 1.092853760000000000e+02 1.837092500000000000e+03 6.240573200000000000e+01 7.537155000000000200e+02 4.687964399999999900e+01
9.093031341776306600e-03 2.590809125000000200e+03 1.101109120000000000e+02 1.841508125000000100e+03 6.274022800000000200e+01 7.493010000000000400e+02 4.737068399999999700e+01
9.396800482520544600e-03 2.590809000000000200e+03 1.118818720000000000e+02 1.851806750000000000e+03 6.337844799999999900e+01 7.390022500000000000e+02 4.850342400000000300e+01
1.008028046697633000e-02 2.590807187500000100e+03 1.155570520000000000e+02 1.874090625000000000e+03 6.463035999999999600e+01 7.167165625000000100e+02 5.092669200000000300e+01
1.092608827956575800e-02 2.590805187500000100e+03 1.196122039999999900e+02 1.901362374999999900e+03 6.577916399999999400e+01 6.894428124999999500e+02 5.383303999999999700e+01
1.179111746204641700e-02 2.590808937500000000e+03 1.232741880000000000e+02 1.927784750000000000e+03 6.672454399999999500e+01 6.630241875000000400e+02 5.654964400000000100e+01
1.373743516039353400e-02 2.590809812500000100e+03 1.302010799999999900e+02 1.982422000000000000e+03 6.836163999999999400e+01 6.083878125000000000e+02 6.183944000000000300e+01
1.614600310832153100e-02 2.590807687500000200e+03 1.366253120000000100e+02 2.040809500000000100e+03 6.958257600000000300e+01 5.499981874999999700e+02 6.704273600000000500e+01
1.750082265180837000e-02 2.590811406249999900e+03 1.391663760000000100e+02 2.067706000000000100e+03 6.998623999999999500e+01 5.231054062499999900e+02 6.918013600000000500e+01
1.888643341623383300e-02 2.590812156250000000e+03 1.409598240000000000e+02 2.090361500000000000e+03 7.023578399999999500e+01 5.004506562500000100e+02 7.072404000000000200e+01
2.200405647175361600e-02 2.590811250000000200e+03 1.427926959999999800e+02 2.125552250000000200e+03 7.011075999999999900e+01 4.652590000000000100e+02 7.268193599999999300e+01
2.375772031381162600e-02 2.590810906250000200e+03 1.429420319999999800e+02 2.138768750000000200e+03 6.973125600000000200e+01 4.520421562500000100e+02 7.321077599999999600e+01
2.770346337622338700e-02 2.590810968750000000e+03 1.415133999999999900e+02 2.156743750000000100e+03 6.779229599999999300e+01 4.340672187499999900e+02 7.372110399999999700e+01
2.892417814559843400e-02 2.590809749999999900e+03 1.406940040000000100e+02 2.159667500000000000e+03 6.699907600000000200e+01 4.311422499999999900e+02 7.369492800000000400e+01
3.017263447408711000e-02 2.590807312500000100e+03 1.396894159999999900e+02 2.162080500000000000e+03 6.599674400000000700e+01 4.287268124999999900e+02 7.369267200000000200e+01
3.298166528871790400e-02 2.590810843750000000e+03 1.368829519999999900e+02 2.163160500000000000e+03 6.361116799999999900e+01 4.276503437499999900e+02 7.327178399999999700e+01
3.456174410306490200e-02 2.590811062499999900e+03 1.352221519999999900e+02 2.162863249999999900e+03 6.222544800000000000e+01 4.279478125000000000e+02 7.299670399999999400e+01
3.468395414806547900e-02 2.590804687500000000e+03 1.350931119999999900e+02 2.162820749999999900e+03 6.211725599999999800e+01 4.279839375000000200e+02 7.297585599999999300e+01
3.475269555172204300e-02 2.590810812499999900e+03 1.350186320000000000e+02 2.162799000000000000e+03 6.205492000000000300e+01 4.280118125000000200e+02 7.296371200000000100e+01
3.479136419238042900e-02 2.590815437499999900e+03 1.349742320000000000e+02 2.162782999999999900e+03 6.201787199999999700e+01 4.280324375000000100e+02 7.295636000000000400e+01
3.481311588496952700e-02 2.590841625000000000e+03 1.349347239999999900e+02 2.162764500000000200e+03 6.198813200000000000e+01 4.280771250000000200e+02 7.294659199999999500e+01
3.481867723849230900e-02 2.590864343750000000e+03 1.349178760000000100e+02 2.162753749999999900e+03 6.197712400000000300e+01 4.281105937500000200e+02 7.294075200000000300e+01
3.482180491763011600e-02 2.590892531250000000e+03 1.349033200000000100e+02 2.162742999999999900e+03 6.196862399999999800e+01 4.281495312500000000e+02 7.293469600000000200e+01
3.482884277790893700e-02 2.591240937499999700e+03 1.347352920000000200e+02 2.162588249999999800e+03 6.188501200000000300e+01 4.286526875000000100e+02 7.285027999999999800e+01
3.484467912797380200e-02 2.591193843750000300e+03 1.346719120000000200e+02 2.162696500000000000e+03 6.182223200000000000e+01 4.284973437500000300e+02 7.284968000000000600e+01
3.488031091561975100e-02 2.590979687499999700e+03 1.347571280000000200e+02 2.162749249999999800e+03 6.184934400000000200e+01 4.282304374999999900e+02 7.290778400000000700e+01
3.496048476669814200e-02 2.590563562500000000e+03 1.347714240000000000e+02 2.162637499999999800e+03 6.181720000000000000e+01 4.279260625000000000e+02 7.295422399999999600e+01
3.514087243831201500e-02 2.590832187500000100e+03 1.345857800000000000e+02 2.162844250000000100e+03 6.165196400000000000e+01 4.279879374999999900e+02 7.293381599999999300e+01
3.554674411722446400e-02 2.590813156250000200e+03 1.341393400000000000e+02 2.162556000000000000e+03 6.129203600000000300e+01 4.282571562499999800e+02 7.284730399999999400e+01
3.645995655921498900e-02 2.590811437500000000e+03 1.332065999999999800e+02 2.162010749999999900e+03 6.049489599999999700e+01 4.288006874999999800e+02 7.271170399999999700e+01
3.851468338925614900e-02 2.590811374999999800e+03 1.311887560000000100e+02 2.159987999999999800e+03 5.880148400000000200e+01 4.308233750000000000e+02 7.238727199999999600e+01
4.313782166794252100e-02 2.590812343750000300e+03 1.271535720000000000e+02 2.152284250000000200e+03 5.554149199999999800e+01 4.385280937499999800e+02 7.161208000000000600e+01
4.573833200084421300e-02 2.590812406250000100e+03 1.253012519999999900e+02 2.147328500000000100e+03 5.405633199999999800e+01 4.434839062500000200e+02 7.124491999999999300e+01
5.041925898401729300e-02 2.590812156250000000e+03 1.224074359999999900e+02 2.136753250000000200e+03 5.184374799999999800e+01 4.540589062500000100e+02 7.056368799999999900e+01
5.627041771298363400e-02 2.590812625000000000e+03 1.192296480000000000e+02 2.122478250000000100e+03 4.967508800000000200e+01 4.683343750000000200e+02 6.955455999999999500e+01
6.329180818774325600e-02 2.590812187500000200e+03 1.155752240000000100e+02 2.105332750000000000e+03 4.743726399999999900e+01 4.854794375000000200e+02 6.813796000000000700e+01
6.658308147947429600e-02 2.590812531250000100e+03 1.136166120000000000e+02 2.096473875000000100e+03 4.634618799999999800e+01 4.943386562499999900e+02 6.727042400000000600e+01
7.000000223572001900e-02 2.590811187500000400e+03 1.113315800000000000e+02 2.086342625000000200e+03 4.514971599999999800e+01 5.044685625000000200e+02 6.618186400000000400e+01
