0.000000000000000000e+00 0.000000000000000000e+00 0.000000000000000000e+00 0.000000000000000000e+00 0.000000000000000000e+00 0.000000000000000000e+00 0.000000000000000000e+00
7.692156473753405900e-08 2.638254921875000000e+02 1.236580562591552600e-05 1.567514531250000100e+02 -9.406414985656738400e-06 1.070740390625000100e+02 2.177222061157226500e-05
1.400075363987699800e-03 2.638254765625000000e+02 2.011616562500000000e+00 1.551899843749999900e+02 8.227608124999999900e-01 1.086354921875000100e+02 1.188855750000000100e+00
4.025072328687652800e-03 2.638252499999999800e+02 5.068248249999999900e+00 1.619064375000000100e+02 2.349650249999999800e+00 1.019188125000000000e+02 2.718598000000000100e+00
4.209642569849809300e-03 2.638248828124999900e+02 5.228868999999999500e+00 1.628674843750000000e+02 2.442833999999999900e+00 1.009573984375000000e+02 2.786035000000000000e+00
4.283470588093354600e-03 2.638253984374999800e+02 5.291551249999999500e+00 1.632760000000000100e+02 2.478888000000000000e+00 1.005493984375000000e+02 2.812663249999999900e+00
4.375755708674432800e-03 2.638254140624999900e+02 5.369267000000000700e+00 1.637935156250000000e+02 2.523436250000000000e+00 1.000318984375000000e+02 2.845830750000000200e+00
4.489958442728037000e-03 2.638252031249999700e+02 5.463573750000000100e+00 1.644417656249999900e+02 2.577008750000000100e+00 9.938343749999999900e+01 2.886565000000000000e+00
4.606756560132884600e-03 2.638254062500000100e+02 5.558427000000000000e+00 1.651100312499999900e+02 2.630354500000000200e+00 9.871537499999999500e+01 2.928072499999999900e+00
4.816993562568203300e-03 2.638253984374999800e+02 5.726086000000000500e+00 1.663240625000000000e+02 2.723665000000000000e+00 9.750133593750000200e+01 3.002421000000000000e+00
4.882692821382537600e-03 2.638255624999999900e+02 5.777404250000000000e+00 1.667148124999999900e+02 2.751417249999999800e+00 9.711074999999999600e+01 3.025987000000000200e+00
5.030515469278250100e-03 2.638259140625000300e+02 5.888101499999999400e+00 1.677151875000000100e+02 2.803383750000000100e+00 9.611072656250000500e+01 3.084717749999999800e+00
5.113665904272884700e-03 2.638253281250000000e+02 5.950520000000000000e+00 1.682429218750000100e+02 2.834761750000000200e+00 9.558240625000000500e+01 3.115758249999999800e+00
5.300754089680869000e-03 2.638254453124999900e+02 6.088267499999999700e+00 1.694284062499999900e+02 2.904423249999999800e+00 9.439703906249999900e+01 3.183844249999999900e+00
5.525259833949131400e-03 2.638254375000000200e+02 6.249815500000000400e+00 1.708943750000000000e+02 2.986172250000000100e+00 9.293106249999999600e+01 3.263643249999999900e+00
5.630497231571066900e-03 2.638254843749999700e+02 6.323553999999999700e+00 1.716128124999999900e+02 3.021845500000000000e+00 9.221267187499999800e+01 3.301708500000000200e+00
5.867280594007236500e-03 2.638253906250000100e+02 6.486136750000000000e+00 1.732431249999999900e+02 3.099011000000000000e+00 9.058226562500000500e+01 3.387125750000000000e+00
6.160300391239756400e-03 2.638254687499999700e+02 6.680003499999999800e+00 1.752532968749999900e+02 3.188660000000000000e+00 8.857217187499999500e+01 3.491343500000000200e+00
6.459979560431533000e-03 2.638254296874999900e+02 6.869661999999999900e+00 1.773594687499999900e+02 3.271997750000000100e+00 8.646596093750000000e+01 3.597664249999999800e+00
6.628548848660286700e-03 2.638253828124999800e+02 6.973472499999999700e+00 1.785411249999999900e+02 3.317195750000000200e+00 8.528425781250000200e+01 3.656276750000000000e+00
7.007830724941463200e-03 2.638254687500000300e+02 7.202869749999999600e+00 1.812156093750000100e+02 3.412668749999999900e+00 8.260985937499999900e+01 3.790201000000000200e+00
7.861213577701036900e-03 2.638254062500000100e+02 7.681184249999999400e+00 1.871807031250000100e+02 3.601434250000000100e+00 7.664470312500000700e+01 4.079749999999999800e+00
8.647259608341327900e-03 2.638238671875000100e+02 8.079524750000000900e+00 1.926981093750000000e+02 3.739201249999999800e+00 7.112575781249999800e+01 4.340323500000000200e+00
8.656542132219929200e-03 2.638270312500000000e+02 8.083289499999999400e+00 1.927674531250000000e+02 3.739942500000000200e+00 7.105957812500000200e+01 4.343346999999999600e+00
8.661762623023486900e-03 2.638320625000000100e+02 8.085004000000001400e+00 1.928130468750000000e+02 3.739885000000000100e+00 7.101901562499999400e+01 4.345119000000000400e+00
8.667102792444505300e-03 2.638828906250000200e+02 8.081642999999999700e+00 1.929335937500000000e+02 3.734381500000000000e+00 7.094929687500000200e+01 4.347261500000000100e+00
8.679116804768719300e-03 2.638191562499999900e+02 8.089121249999999800e+00 1.929967656249999900e+02 3.736223250000000100e+00 7.082239062499999700e+01 4.352897999999999700e+00
8.706148528051502200e-03 2.638141953124999800e+02 8.104569749999999600e+00 1.931986249999999900e+02 3.741676249999999800e+00 7.061557031249999700e+01 4.362893500000000200e+00
8.766971078757538800e-03 2.638266484375000100e+02 8.133530000000000400e+00 1.936038281250000100e+02 3.751714999999999900e+00 7.022282031250000500e+01 4.381814999999999600e+00
8.903820840079639300e-03 2.638253984374999800e+02 8.197148000000000300e+00 1.944887031250000000e+02 3.772885000000000000e+00 6.933669531249999800e+01 4.424262999999999800e+00
9.211732803054369800e-03 2.638254062500000100e+02 8.337281749999998900e+00 1.965479687500000000e+02 3.814448249999999900e+00 6.727743750000000500e+01 4.522833500000000000e+00
9.904535110854101000e-03 2.638254531250000200e+02 8.630428750000000100e+00 2.010711875000000100e+02 3.893626750000000100e+00 6.275426562500000200e+01 4.736802000000000000e+00
1.146334049895679500e-02 2.638254843749999700e+02 9.125809499999999000e+00 2.095323124999999900e+02 4.050939500000000100e+00 5.429317187499999900e+01 5.074869999999999800e+00
1.339236269472778000e-02 2.638254843750000300e+02 9.511566000000000200e+00 2.174404687500000100e+02 4.199574499999999800e+00 4.638501562500000100e+01 5.311991500000000400e+00
1.447743787540225300e-02 2.638254414062499800e+02 9.667009499999998900e+00 2.210152500000000100e+02 4.269730000000000000e+00 4.281019140624999900e+01 5.397279499999999800e+00
1.508779256675499800e-02 2.638254257812500300e+02 9.741434999999999200e+00 2.228703125000000100e+02 4.305341499999999900e+00 4.095511328125000000e+01 5.436093500000000100e+00
1.571201746232240400e-02 2.638254921875000000e+02 9.808826500000000300e+00 2.245857343749999900e+02 4.342126000000000400e+00 3.923975781250000200e+01 5.466700500000000000e+00
1.711652660620181100e-02 2.638254726562499900e+02 9.934547000000000200e+00 2.280226718749999900e+02 4.423900999999999900e+00 3.580280078124999900e+01 5.510646000000000400e+00
1.885460743441043700e-02 2.638254335937500100e+02 1.005172950000000000e+01 2.314145624999999900e+02 4.498821000000000400e+00 3.241087109375000400e+01 5.552908500000000000e+00
1.929900308293620200e-02 2.638254902343749700e+02 1.007663950000000100e+01 2.321839531249999900e+02 4.514929000000000400e+00 3.164153710937500100e+01 5.561710500000000200e+00
2.029889211879940300e-02 2.638254726562499900e+02 1.012049550000000100e+01 2.336388437500000100e+02 4.542936499999999700e+00 3.018662890625000000e+01 5.577558999999999900e+00
2.060823240305182200e-02 2.638253984374999800e+02 1.013209949999999900e+01 2.340502187500000000e+02 4.550079000000000200e+00 2.977517968750000000e+01 5.582020499999999600e+00
2.078223729071028800e-02 2.638254414062499800e+02 1.013821850000000100e+01 2.342790468750000100e+02 4.553691500000000200e+00 2.954639453125000200e+01 5.584526999999999600e+00
2.088011406225169200e-02 2.638254042968750400e+02 1.014150349999999900e+01 2.344052031250000100e+02 4.555582499999999900e+00 2.942020117187500000e+01 5.585920999999999900e+00
2.093517091956351200e-02 2.638255390625000100e+02 1.014326200000000000e+01 2.344740937500000100e+02 4.556582999999999800e+00 2.935144531250000100e+01 5.586679000000000200e+00
2.096614030402476100e-02 2.638259140625000300e+02 1.014408849999999900e+01 2.345124843750000100e+02 4.556962999999999700e+00 2.931342968750000100e+01 5.587125500000000000e+00
2.099781211592706800e-02 2.638331035156250000e+02 1.014137350000000000e+01 2.345676562500000000e+02 4.553358000000000200e+00 2.926544726562499900e+01 5.588015500000000000e+00
2.106907643045340500e-02 2.638237871093749600e+02 1.014523200000000000e+01 2.346538281249999900e+02 4.555256000000000000e+00 2.916995898437500000e+01 5.589976000000000100e+00
2.122942074703106400e-02 2.638241249999999800e+02 1.014840500000000000e+01 2.348446718749999900e+02 4.555883999999999800e+00 2.897945312499999900e+01 5.592520999999999600e+00
2.159019467711761600e-02 2.638255332031250200e+02 1.015849850000000000e+01 2.352194062499999900e+02 4.562708999999999900e+00 2.860612695312499900e+01 5.595789500000000400e+00
2.199606476180509400e-02 2.638251621093750100e+02 1.016733500000000000e+01 2.356240156250000000e+02 4.566613499999999900e+00 2.820114648437499800e+01 5.600721499999999700e+00
2.219899902193564800e-02 2.638254921875000000e+02 1.017226050000000000e+01 2.358158281250000000e+02 4.569693499999999600e+00 2.800966406250000100e+01 5.602566999999999600e+00
2.265560345386895600e-02 2.638254824218749900e+02 1.018150700000000000e+01 2.362233124999999900e+02 4.574283000000000300e+00 2.760216992187499900e+01 5.607224000000000400e+00
2.316928285313403500e-02 2.638252207031250100e+02 1.018888800000000000e+01 2.366448281250000000e+02 4.575423500000000300e+00 2.718039257812500200e+01 5.613464500000000100e+00
2.342612255276657600e-02 2.638255097656249900e+02 1.019281700000000000e+01 2.368576093750000100e+02 4.576857500000000000e+00 2.696790039062500100e+01 5.615959499999999800e+00
2.388843557653151700e-02 2.638252832031250300e+02 1.019777399999999900e+01 2.372410000000000100e+02 4.575930999999999700e+00 2.658428320312500000e+01 5.621843000000000100e+00
2.420627382483694900e-02 2.638254570312499800e+02 1.020146649999999900e+01 2.374831093750000000e+02 4.576520500000000000e+00 2.634234765624999900e+01 5.624945999999999600e+00
2.438505803506205200e-02 2.638254687500000300e+02 1.020328100000000000e+01 2.376151406250000100e+02 4.576511000000000000e+00 2.621032812500000000e+01 5.626769999999999600e+00
2.456790662500176300e-02 2.638254687500000300e+02 1.020491000000000000e+01 2.377445937500000100e+02 4.576220000000000200e+00 2.608087499999999900e+01 5.628689999999999700e+00
2.467075827240631000e-02 2.638255624999999900e+02 1.020560399999999900e+01 2.378136093750000000e+02 4.575770999999999600e+00 2.601195312500000200e+01 5.629832999999999600e+00
2.490217604349291600e-02 2.638253730468749700e+02 1.020618850000000000e+01 2.379555781249999900e+02 4.573519000000000100e+00 2.586979492187499800e+01 5.632669500000000400e+00
2.518855367745627400e-02 2.638255175781250200e+02 1.020723200000000100e+01 2.381316093750000100e+02 4.572049999999999900e+00 2.569390820312500200e+01 5.635182000000000400e+00
2.548144088955375800e-02 2.638254843750000300e+02 1.020779250000000000e+01 2.383216093750000100e+02 4.569957999999999700e+00 2.550387500000000100e+01 5.637834500000000300e+00
2.584388875585841300e-02 2.638252988281249700e+02 1.020873200000000100e+01 2.385496093749999900e+02 4.567006000000000100e+00 2.527568945312500000e+01 5.641726000000000200e+00
2.621457332701194700e-02 2.638258789062500100e+02 1.020741550000000000e+01 2.388102187499999900e+02 4.557561500000000300e+00 2.501566015625000000e+01 5.649854000000000400e+00
2.632577901124328500e-02 2.638252382812499900e+02 1.020810250000000100e+01 2.388663124999999900e+02 4.557343000000000400e+00 2.495892578124999900e+01 5.650759500000000400e+00
2.653428888696384900e-02 2.638255058593749700e+02 1.020845900000000000e+01 2.389720937500000000e+02 4.555981499999999700e+00 2.485341210937500000e+01 5.652477499999999800e+00
2.700343845397468500e-02 2.638254843750000300e+02 1.020803899999999900e+01 2.392095625000000000e+02 4.550693500000000400e+00 2.461592187500000200e+01 5.657345499999999900e+00
2.805902263310950200e-02 2.638254335937500100e+02 1.020198049999999900e+01 2.396524218749999900e+02 4.535053999999999700e+00 2.417301171875000100e+01 5.666926499999999800e+00
2.865278814721295200e-02 2.638254531250000200e+02 1.019784849999999900e+01 2.398866406250000100e+02 4.526330500000000300e+00 2.393881250000000100e+01 5.671517999999999800e+00
2.998876133615889200e-02 2.638254843749999700e+02 1.017425000000000100e+01 2.401952812499999900e+02 4.495848500000000100e+00 2.363020312500000100e+01 5.678401499999999700e+00
3.074024605938768800e-02 2.638254570312499800e+02 1.016546650000000100e+01 2.404218750000000000e+02 4.480056499999999900e+00 2.340358203125000000e+01 5.685410000000000100e+00
3.167020680084628400e-02 2.638254160156249700e+02 1.015072350000000000e+01 2.406624687499999900e+02 4.457306000000000000e+00 2.316294726562500000e+01 5.693417499999999800e+00
3.219331030457664400e-02 2.638254511718749900e+02 1.014107100000000000e+01 2.407809531250000000e+02 4.443507999999999600e+00 2.304449804687499900e+01 5.697562999999999700e+00
3.248755700319144700e-02 2.638254687499999700e+02 1.013570950000000100e+01 2.408491718750000000e+02 4.435463500000000000e+00 2.297629687499999900e+01 5.700245999999999900e+00
3.278849006012043300e-02 2.638265566406250300e+02 1.013026050000000000e+01 2.410786093750000100e+02 4.416909000000000400e+00 2.274794726562500100e+01 5.713351499999999900e+00
3.314960972843520500e-02 2.638254765625000000e+02 1.012419699999999900e+01 2.411442187499999900e+02 4.408484999999999800e+00 2.268125781250000000e+01 5.715711999999999900e+00
3.382671223537815600e-02 2.638254687499999700e+02 1.011271750000000000e+01 2.412753593749999900e+02 4.391809000000000300e+00 2.255010937500000200e+01 5.720908500000000200e+00
3.420757809336103700e-02 2.638254648437500100e+02 1.010665600000000100e+01 2.413339062500000100e+02 4.383327000000000400e+00 2.249155859375000000e+01 5.723328999999999700e+00
3.442181689845608100e-02 2.638255292968750000e+02 1.010305999999999900e+01 2.413630937499999900e+02 4.378256500000000000e+00 2.246243554687500000e+01 5.724803500000000200e+00
3.445194462152916700e-02 2.638261425781250300e+02 1.010229850000000000e+01 2.413684843750000100e+02 4.377239999999999600e+00 2.245765820312500000e+01 5.725058500000000300e+00
3.446889361684403500e-02 2.638273632812499700e+02 1.010161700000000100e+01 2.413731718750000000e+02 4.376374499999999800e+00 2.245419140625000100e+01 5.725242500000000200e+00
3.450702181638382000e-02 2.638158183593749900e+02 1.009873550000000000e+01 2.413823125000000100e+02 4.372237499999999800e+00 2.243350585937500000e+01 5.726498000000000300e+00
3.459281495862745500e-02 2.638260292968749900e+02 1.009853050000000100e+01 2.414008281250000000e+02 4.371358500000000400e+00 2.242520117187499900e+01 5.727172000000000400e+00
3.478584639982288500e-02 2.638254804687500200e+02 1.009596200000000000e+01 2.414167812500000100e+02 4.368204500000000000e+00 2.240869921875000200e+01 5.727757500000000100e+00
3.522016870693897600e-02 2.638254765625000000e+02 1.009079900000000100e+01 2.414609687500000100e+02 4.360690000000000000e+00 2.236450781250000100e+01 5.730108999999999700e+00
3.546447578690496000e-02 2.638254765625000000e+02 1.008807200000000000e+01 2.414861718750000000e+02 4.356596500000000200e+00 2.233930468750000000e+01 5.731475500000000200e+00
3.546662530874016700e-02 2.638285898437500200e+02 1.008784800000000100e+01 2.414851406250000100e+02 4.356517000000000200e+00 2.234344921874999900e+01 5.731331000000000000e+00
3.546783304589940000e-02 2.638352324218749900e+02 1.008741050000000100e+01 2.414842968750000100e+02 4.356367999999999800e+00 2.235093554687500000e+01 5.731042500000000000e+00
3.547054889008129100e-02 2.639452656249999900e+02 1.007415200000000000e+01 2.414464218750000000e+02 4.352109999999999700e+00 2.249884374999999900e+01 5.722042000000000100e+00
3.547666266834329000e-02 2.638818437500000300e+02 1.006734950000000100e+01 2.413890156250000100e+02 4.347733500000000400e+00 2.249282812499999900e+01 5.719616000000000300e+00
3.549042336271190900e-02 2.637977070312500100e+02 1.007515750000000000e+01 2.413629687499999900e+02 4.350596000000000400e+00 2.243473828124999900e+01 5.724561500000000100e+00
3.552137710290943800e-02 2.638038906250000100e+02 1.007851600000000000e+01 2.414094062499999900e+02 4.350553999999999800e+00 2.239448437500000100e+01 5.727961999999999800e+00
3.559102536499343700e-02 2.638293125000000100e+02 1.007858100000000000e+01 2.414546718750000000e+02 4.349415999999999700e+00 2.237464062500000100e+01 5.729165000000000100e+00
3.574773395468244100e-02 2.638258457031249700e+02 1.007827200000000000e+01 2.414588124999999900e+02 4.348091000000000200e+00 2.236703320312500100e+01 5.730181000000000000e+00
3.610033062812224200e-02 2.638254863281250100e+02 1.007572199999999900e+01 2.414835625000000100e+02 4.342932499999999900e+00 2.234192382812500100e+01 5.732789500000000000e+00
3.689367314336181000e-02 2.638254765625000000e+02 1.006832250000000100e+01 2.415270156249999900e+02 4.330250000000000400e+00 2.229846093750000000e+01 5.738072500000000400e+00
3.733992889484395000e-02 2.638255507812500000e+02 1.006207549999999900e+01 2.415843906250000000e+02 4.320541500000000000e+00 2.224116015625000000e+01 5.741533999999999700e+00
3.834400277125240400e-02 2.638254863281250100e+02 1.005330250000000100e+01 2.416363906249999900e+02 4.306260000000000000e+00 2.218909570312499800e+01 5.747042500000000100e+00
3.958654528840632700e-02 2.638254550781250000e+02 1.004562800000000100e+01 2.416389218749999900e+02 4.291677499999999600e+00 2.218653320312499800e+01 5.753950500000000200e+00
4.085732883042863400e-02 2.638256328124999800e+02 1.004054599999999900e+01 2.416530625000000000e+02 4.277269999999999700e+00 2.217257031250000000e+01 5.763276000000000300e+00
4.371658710669970600e-02 2.638254550781250000e+02 1.003500800000000100e+01 2.415882031250000100e+02 4.252288000000000100e+00 2.223725195312500000e+01 5.782720000000000300e+00
4.714769641245443500e-02 2.638254570312499800e+02 1.003151899999999900e+01 2.412673906249999900e+02 4.231511000000000200e+00 2.255806640624999900e+01 5.800008000000000100e+00
5.229436193551290800e-02 2.638254804687500200e+02 1.002715399999999900e+01 2.405544218750000000e+02 4.204948500000000400e+00 2.327105859374999900e+01 5.822205499999999900e+00
5.872768992827007200e-02 2.638254824218749900e+02 1.002988375000000000e+01 2.394090781250000100e+02 4.181025250000000200e+00 2.441640429687500100e+01 5.848858500000000400e+00
6.031089567449774600e-02 2.638254062500000100e+02 1.003090050000000000e+01 2.390981250000000100e+02 4.175170999999999700e+00 2.472728125000000100e+01 5.855729499999999800e+00
6.038086933726713500e-02 2.638255253906249900e+02 1.003096575000000000e+01 2.390844687500000100e+02 4.174916249999999900e+00 2.474105664062500100e+01 5.856049500000000100e+00
6.041217663782474900e-02 2.638256953124999900e+02 1.003099550000000000e+01 2.390785625000000000e+02 4.174804499999999600e+00 2.474713281249999900e+01 5.856190999999999900e+00
6.041770844947634600e-02 2.638258476562500100e+02 1.003100200000000100e+01 2.390776406249999900e+02 4.174785499999999600e+00 2.474820703125000100e+01 5.856216500000000400e+00
6.042337167294319100e-02 2.638263769531250200e+02 1.003101050000000100e+01 2.390770468750000100e+02 4.174767499999999700e+00 2.474933007812499900e+01 5.856243000000000100e+00
6.042655684503670000e-02 2.638274707031250200e+02 1.003102450000000100e+01 2.390772812500000000e+02 4.174762000000000300e+00 2.475018945312500000e+01 5.856262499999999700e+00
6.042834654880634100e-02 2.638293359374999900e+02 1.003104875000000000e+01 2.390780781249999900e+02 4.174767250000000400e+00 2.475125781250000000e+01 5.856281499999999700e+00
6.043237651114075100e-02 2.638683398437499900e+02 1.003052750000000000e+01 2.390899374999999900e+02 4.174840500000000200e+00 2.477840234374999900e+01 5.855686999999999600e+00
6.044144392639319600e-02 2.638480058593750100e+02 1.003105550000000100e+01 2.390835625000000000e+02 4.174825000000000200e+00 2.476444335937500100e+01 5.856230499999999700e+00
6.046184404628483100e-02 2.638118417968750000e+02 1.003082775000000000e+01 2.390552500000000000e+02 4.174593250000000000e+00 2.475659179687500000e+01 5.856234500000000200e+00
6.050775057374648700e-02 2.638211152343749900e+02 1.003048175000000000e+01 2.390550624999999900e+02 4.174262749999999600e+00 2.476605273437499800e+01 5.856219000000000300e+00
6.061102774512423100e-02 2.638262421874999900e+02 1.003099800000000000e+01 2.390422968750000100e+02 4.174064500000000100e+00 2.478394531249999800e+01 5.856933500000000200e+00
6.084341389613513700e-02 2.638254335937500100e+02 1.003129549999999900e+01 2.389959218749999900e+02 4.173269500000000000e+00 2.482951171874999800e+01 5.858025999999999700e+00
6.136628273590968900e-02 2.638254824218749900e+02 1.003143675000000100e+01 2.388892812500000100e+02 4.171232250000000100e+00 2.493620117187499800e+01 5.860204500000000000e+00
6.254273136769691900e-02 2.638254785156249800e+02 1.003142525000000000e+01 2.386439843750000000e+02 4.166571750000000100e+00 2.518149414062499900e+01 5.864853499999999700e+00
6.518974704692369300e-02 2.638254707031250100e+02 1.003135999999999900e+01 2.380772031250000100e+02 4.156095999999999800e+00 2.574826757812499900e+01 5.875263999999999600e+00
6.817904670094567000e-02 2.638254414062499800e+02 1.002909199999999900e+01 2.374196562500000000e+02 4.143904499999999700e+00 2.640578515625000100e+01 5.885187499999999800e+00
7.000000145178766900e-02 2.638254765625000000e+02 1.002639550000000000e+01 2.370061406250000000e+02 4.135803000000000100e+00 2.681933593750000000e+01 5.890592500000000300e+00
