0.000000000000000000e+00 0.000000000000000000e+00 0.000000000000000000e+00 0.000000000000000000e+00 0.000000000000000000e+00 0.000000000000000000e+00 0.000000000000000000e+00
-3.387554934397713100e-07 1.173187750000000100e+03 -3.170826187133789200e-04 7.187909375000000400e+02 1.062104110717773400e-04 4.543968125000000100e+02 -4.232930297851562600e-04
1.399668087636617800e-03 1.173187656249999900e+03 5.599942999999999700e+00 7.149031874999999400e+02 2.432521749999999800e+00 4.582844687499999700e+02 3.167421249999999900e+00
4.024680694541835600e-03 1.173187687500000000e+03 1.594687500000000000e+01 7.065536250000000100e+02 6.828732999999999700e+00 4.666340625000000300e+02 9.118142000000000600e+00
7.273133834800623800e-03 1.173187593749999900e+03 2.853411400000000200e+01 6.945092499999999500e+02 1.200228700000000100e+01 4.786783437500000100e+02 1.653182700000000000e+01
7.613148605614377400e-03 1.173187406250000100e+03 2.983001799999999900e+01 6.931181249999999600e+02 1.251996600000000000e+01 4.800692812500000200e+02 1.731005199999999900e+01
7.642348607381184600e-03 1.173187937500000100e+03 2.994045500000000000e+01 6.930050625000000100e+02 1.256299300000000100e+01 4.801828750000000200e+02 1.737746200000000100e+01
7.708048163201276600e-03 1.173187625000000000e+03 3.018925799999999900e+01 6.927525624999999500e+02 1.266001000000000000e+01 4.804350625000000200e+02 1.752924799999999900e+01
7.855871267486037200e-03 1.173187750000000100e+03 3.074638900000000100e+01 6.922038125000000300e+02 1.287521900000000000e+01 4.809839375000000200e+02 1.787116999999999900e+01
7.939022585264124100e-03 1.173187750000000100e+03 3.105830699999999900e+01 6.919073750000000000e+02 1.299456299999999900e+01 4.812803749999999900e+02 1.806374400000000000e+01
8.126111855184225600e-03 1.173187718749999900e+03 3.175677700000000000e+01 6.912708125000000300e+02 1.325611700000000000e+01 4.819169062500000100e+02 1.850066000000000000e+01
8.231349457475476600e-03 1.173187687500000000e+03 3.214773699999999900e+01 6.909281250000000200e+02 1.340094100000000000e+01 4.822595625000000200e+02 1.874679600000000000e+01
8.468134361400939100e-03 1.173187750000000100e+03 3.302392500000000600e+01 6.901831250000000200e+02 1.372254900000000100e+01 4.830046249999999800e+02 1.930137600000000100e+01
8.601326093936623500e-03 1.173187781249999900e+03 3.351378099999999400e+01 6.897891875000000300e+02 1.389842500000000000e+01 4.833985937499999700e+02 1.961535599999999800e+01
8.901006894601616200e-03 1.173188187499999900e+03 3.456944200000000200e+01 6.896287499999999700e+02 1.422399200000000100e+01 4.835594375000000000e+02 2.034545000000000000e+01
8.993720649776602500e-03 1.173186406249999900e+03 3.489217800000000100e+01 6.895948124999999900e+02 1.433463399999999900e+01 4.835915937500000200e+02 2.055754400000000000e+01
9.088541929584397600e-03 1.173187437500000000e+03 3.521489400000000100e+01 6.896503750000000500e+02 1.444492999999999900e+01 4.835370624999999900e+02 2.076996400000000200e+01
9.301888912841491100e-03 1.173187281250000100e+03 3.592196899999999700e+01 6.900126874999999700e+02 1.469150100000000100e+01 4.831745937499999900e+02 2.123046799999999800e+01
9.781919923940098100e-03 1.173187500000000000e+03 3.742785800000000100e+01 6.917541250000000400e+02 1.523141800000000000e+01 4.814333750000000100e+02 2.219643999999999900e+01
9.930429602027836600e-03 1.173193125000000000e+03 3.785336699999999900e+01 6.927520624999999700e+02 1.536663500000000000e+01 4.804410624999999900e+02 2.248673200000000000e+01
1.008231418772150000e-02 1.173187218750000100e+03 3.829013600000000400e+01 6.937099375000000200e+02 1.552351799999999900e+01 4.794772812499999800e+02 2.276661800000000100e+01
1.042405465491732200e-02 1.173187593750000100e+03 3.924063400000000000e+01 6.961559375000000500e+02 1.584921200000000000e+01 4.770316562500000300e+02 2.339142199999999900e+01
1.119297190118851700e-02 1.173187437500000000e+03 4.122259499999999800e+01 7.027636250000000500e+02 1.651957700000000200e+01 4.704238125000000000e+02 2.470301800000000000e+01
1.214450582824554000e-02 1.173187031250000000e+03 4.340612000000000100e+01 7.123291249999999800e+02 1.721887800000000000e+01 4.608579062499999800e+02 2.618724200000000100e+01
1.238779675094107300e-02 1.173187562500000000e+03 4.391716599999999500e+01 7.150423749999999900e+02 1.737582199999999900e+01 4.581451875000000200e+02 2.654134399999999900e+01
1.293519863807467800e-02 1.173187375000000000e+03 4.501365400000000200e+01 7.212673750000000200e+02 1.769732600000000000e+01 4.519200000000000200e+02 2.731632799999999900e+01
1.416685467674618500e-02 1.173187500000000000e+03 4.724447800000000100e+01 7.359762500000000500e+02 1.827729799999999800e+01 4.372112500000000100e+02 2.896717999999999900e+01
1.693808166006752600e-02 1.173187562500000000e+03 5.133471399999999800e+01 7.698233125000000400e+02 1.919997599999999900e+01 4.033642500000000300e+02 3.213473799999999900e+01
2.317333938483905100e-02 1.173187593749999900e+03 5.791768600000000300e+01 8.396933749999999500e+02 2.042584199999999900e+01 3.334942187500000200e+02 3.749184400000000000e+01
2.668067387172153700e-02 1.173187718749999900e+03 6.045455799999999900e+01 8.730151875000000200e+02 2.087461400000000100e+01 3.001725312500000200e+02 3.957994399999999800e+01
3.013320435258678600e-02 1.173187625000000000e+03 6.209124799999999300e+01 8.980578749999999700e+02 2.128468799999999900e+01 2.751297500000000000e+02 4.080655999999999800e+01
3.124294663431650300e-02 1.173187718749999900e+03 6.249095800000000600e+01 9.047303749999999800e+02 2.140485000000000000e+01 2.684573437500000100e+02 4.108610800000000300e+01
3.186717547270887000e-02 1.173187718749999900e+03 6.269683399999999600e+01 9.083840625000000300e+02 2.146086599999999900e+01 2.648036562500000200e+02 4.123596800000000000e+01
3.206029810702292600e-02 1.173187781250000200e+03 6.275673400000000200e+01 9.095505000000000600e+02 2.147205400000000000e+01 2.636372812500000000e+02 4.128468000000000200e+01
3.210967405696859400e-02 1.173188093750000000e+03 6.277159199999999800e+01 9.098571875000000100e+02 2.147385200000000100e+01 2.633309062500000000e+02 4.129773999999999700e+01
3.213745012020407400e-02 1.173188500000000000e+03 6.277967199999999800e+01 9.100289374999999800e+02 2.147459200000000100e+01 2.631595624999999900e+02 4.130507999999999700e+01
3.217182063817379500e-02 1.173207531250000100e+03 6.278430399999999900e+01 9.102394375000000100e+02 2.147172799999999900e+01 2.629680937499999800e+02 4.131257600000000000e+01
3.217401719631109200e-02 1.173215375000000000e+03 6.278366400000000200e+01 9.102575624999999500e+02 2.147076399999999900e+01 2.629578124999999900e+02 4.131289999999999900e+01
3.217673719974985900e-02 1.173246906249999900e+03 6.278035199999999300e+01 9.102935625000000100e+02 2.146768799999999900e+01 2.629533437499999900e+02 4.131266399999999800e+01
3.217826690291402500e-02 1.173307500000000100e+03 6.277448400000000100e+01 9.103389375000000400e+02 2.146317200000000000e+01 2.629685625000000200e+02 4.131131200000000100e+01
3.217912736094386000e-02 1.173411906249999900e+03 6.276573000000000500e+01 9.104059999999999500e+02 2.145703800000000100e+01 2.630059062500000100e+02 4.130869200000000100e+01
3.218000694026325300e-02 1.173950218750000000e+03 6.272851199999999500e+01 9.107656875000000100e+02 2.143151200000000100e+01 2.631845312500000200e+02 4.129699999999999700e+01
3.218198599373188500e-02 1.175421812500000000e+03 6.254041600000000800e+01 9.119940625000000400e+02 2.128025200000000100e+01 2.634277500000000000e+02 4.126016400000000300e+01
3.218644125419750600e-02 1.173316875000000000e+03 6.258214800000000400e+01 9.106155000000000000e+02 2.129535600000000200e+01 2.627013749999999800e+02 4.128679199999999800e+01
3.219646080992275700e-02 1.173009375000000100e+03 6.265086000000000900e+01 9.106012500000000500e+02 2.133383600000000200e+01 2.624081249999999800e+02 4.131702400000000400e+01
3.221900959062695000e-02 1.172920406250000000e+03 6.269827000000000100e+01 9.108894374999999900e+02 2.135380599999999900e+01 2.620309687500000000e+02 4.134446400000000200e+01
3.226974315213081100e-02 1.173238781250000100e+03 6.274229199999999900e+01 9.116545625000000000e+02 2.136703599999999900e+01 2.615842187499999900e+02 4.137525600000000000e+01
3.238389486059509200e-02 1.173176906250000000e+03 6.279086199999999700e+01 9.124177499999999600e+02 2.137818599999999900e+01 2.607591562499999900e+02 4.141267599999999800e+01
3.252515816748291500e-02 1.173187718749999900e+03 6.283767000000000300e+01 9.132153124999999800e+02 2.139147799999999900e+01 2.599724062500000100e+02 4.144619200000000300e+01
3.266963146085428300e-02 1.173190140624999900e+03 6.287535600000000400e+01 9.141373125000000100e+02 2.138929600000000200e+01 2.590528281250000200e+02 4.148606000000000200e+01
3.299469577339956400e-02 1.173184281249999900e+03 6.295716600000000100e+01 9.163585624999999500e+02 2.137756999999999900e+01 2.568257187500000200e+02 4.157959600000000200e+01
3.372609226924733900e-02 1.173187765624999900e+03 6.314935400000000200e+01 9.200779999999999700e+02 2.144416599999999900e+01 2.531097656249999900e+02 4.170518800000000000e+01
3.463119612003029400e-02 1.173187578125000100e+03 6.336330799999999600e+01 9.243033749999999600e+02 2.152831200000000000e+01 2.488842031250000000e+02 4.183499599999999700e+01
3.514031479531959400e-02 1.173187656250000100e+03 6.347382199999999800e+01 9.266028125000000300e+02 2.157061800000000000e+01 2.465848437500000000e+02 4.190320400000000200e+01
3.527048775426725600e-02 1.173187718749999900e+03 6.350092800000000200e+01 9.271828749999999700e+02 2.158065200000000100e+01 2.460048437499999900e+02 4.192027600000000100e+01
3.534371034244546800e-02 1.173187671875000000e+03 6.351596000000000700e+01 9.275061250000000000e+02 2.158624000000000000e+01 2.456815468750000100e+02 4.192972000000000300e+01
3.543432374347122600e-02 1.173187656250000100e+03 6.353405399999999800e+01 9.279025625000000400e+02 2.159283800000000000e+01 2.452850937499999900e+02 4.194121599999999700e+01
3.545749157592467000e-02 1.173187515625000100e+03 6.353846399999999800e+01 9.280016249999999900e+02 2.159445600000000100e+01 2.451858906250000100e+02 4.194400799999999700e+01
3.547052273475435900e-02 1.173187796875000000e+03 6.354074800000000100e+01 9.280567499999999700e+02 2.159528399999999900e+01 2.451310468750000100e+02 4.194546400000000100e+01
3.547785335913636300e-02 1.173188609374999900e+03 6.354191399999999800e+01 9.280875624999999900e+02 2.159569799999999900e+01 2.451010468750000100e+02 4.194621600000000000e+01
3.548197638719601700e-02 1.173189531250000100e+03 6.354249400000000500e+01 9.281048124999999800e+02 2.159590199999999900e+01 2.450847187500000100e+02 4.194659200000000300e+01
3.548707938134520300e-02 1.173192296875000000e+03 6.354299400000000700e+01 9.281259999999999800e+02 2.159607000000000100e+01 2.450662968750000100e+02 4.194692400000000300e+01
3.548994996493919800e-02 1.173197390625000000e+03 6.354303799999999600e+01 9.281393749999999700e+02 2.159604200000000100e+01 2.450580156250000000e+02 4.194699599999999900e+01
3.549288508288543600e-02 1.173217593750000100e+03 6.354202800000000200e+01 9.281586250000000300e+02 2.159558000000000200e+01 2.450589687499999900e+02 4.194644799999999700e+01
3.549453668427048800e-02 1.173247234375000100e+03 6.354013000000000500e+01 9.281747500000000200e+02 2.159490200000000100e+01 2.450724843749999900e+02 4.194522800000000000e+01
3.549546406681376000e-02 1.173278671875000100e+03 6.353783799999999400e+01 9.281870625000000200e+02 2.159412599999999900e+01 2.450916093749999900e+02 4.194371199999999800e+01
3.549755545785850800e-02 1.173410781249999900e+03 6.352330599999999800e+01 9.282296874999999500e+02 2.158849000000000000e+01 2.451810937500000000e+02 4.193481599999999800e+01
3.550225690492710800e-02 1.173237859375000000e+03 6.351412200000000000e+01 9.281488749999999800e+02 2.158147400000000000e+01 2.450889843750000000e+02 4.193264800000000000e+01
3.551283575837176100e-02 1.173163703125000000e+03 6.352731000000000000e+01 9.281650624999999800e+02 2.158832999999999900e+01 2.449986406250000100e+02 4.193898000000000100e+01
3.553664176386400800e-02 1.173136937499999900e+03 6.353948400000000200e+01 9.282702500000000300e+02 2.159334799999999900e+01 2.448666875000000100e+02 4.194613600000000300e+01
3.559020049589917100e-02 1.173197593749999900e+03 6.355220199999999400e+01 9.285399999999999600e+02 2.159904200000000100e+01 2.446575937499999900e+02 4.195315999999999700e+01
3.571071003313948400e-02 1.173188500000000000e+03 6.357563600000000300e+01 9.291018125000000500e+02 2.160304400000000100e+01 2.440866875000000100e+02 4.197259199999999900e+01
3.598185947963169300e-02 1.173188874999999800e+03 6.362762000000000700e+01 9.306213749999999400e+02 2.159460400000000000e+01 2.425675000000000000e+02 4.203301600000000300e+01
3.631740464901266800e-02 1.173187296874999900e+03 6.368768799999999400e+01 9.321635000000000000e+02 2.160333999999999900e+01 2.410237968749999900e+02 4.208434799999999900e+01
3.666057443260250400e-02 1.173187687500000000e+03 6.374597000000000000e+01 9.335873125000000500e+02 2.161981000000000100e+01 2.396003750000000100e+02 4.212615999999999900e+01
3.743270883584082200e-02 1.173187687500000000e+03 6.386859600000000400e+01 9.367085624999999700e+02 2.165130800000000000e+01 2.364791250000000100e+02 4.221728800000000300e+01
3.838822596652764100e-02 1.173187578125000100e+03 6.400164399999999900e+01 9.403348750000000100e+02 2.168091199999999900e+01 2.328527031250000100e+02 4.232073200000000000e+01
3.936546010182315900e-02 1.173187687500000000e+03 6.411963799999999500e+01 9.437513750000000500e+02 2.170386600000000100e+01 2.294363125000000100e+02 4.241577199999999700e+01
4.057478366937852100e-02 1.173187781249999900e+03 6.424925199999999800e+01 9.476549999999999700e+02 2.173156399999999900e+01 2.255327812500000000e+02 4.251768800000000000e+01
4.125502832551348300e-02 1.173187750000000100e+03 6.430855800000000500e+01 9.496548125000000500e+02 2.174259400000000000e+01 2.235329375000000000e+02 4.256596400000000100e+01
4.195073732457364100e-02 1.173187734375000000e+03 6.435943799999999700e+01 9.515502500000000100e+02 2.174918200000000100e+01 2.216374843750000100e+02 4.261025600000000000e+01
4.197519345391065300e-02 1.173189171875000100e+03 6.435916600000000200e+01 9.516024999999999600e+02 2.174803800000000100e+01 2.215866718750000100e+02 4.261112800000000100e+01
4.198895122174332200e-02 1.173187625000000000e+03 6.435970799999999800e+01 9.516341250000000400e+02 2.174778399999999900e+01 2.215535000000000100e+02 4.261192400000000200e+01
4.199669056368950100e-02 1.173187296874999900e+03 6.435971399999999700e+01 9.516506875000000000e+02 2.174744600000000000e+01 2.215366093750000100e+02 4.261226800000000000e+01
4.200104543738496900e-02 1.173187984375000000e+03 6.435946200000000800e+01 9.516591875000000300e+02 2.174709000000000000e+01 2.215287968750000100e+02 4.261237200000000100e+01
4.200349296244762500e-02 1.173189812500000000e+03 6.435908200000000100e+01 9.516639999999999900e+02 2.174672999999999900e+01 2.215258125000000000e+02 4.261235200000000100e+01
4.200486969529536300e-02 1.173192421875000000e+03 6.435868399999999700e+01 9.516667499999999800e+02 2.174643599999999900e+01 2.215256718750000000e+02 4.261224800000000100e+01
4.200796734420279100e-02 1.173283703124999900e+03 6.434740600000000700e+01 9.516543124999999500e+02 2.174177399999999900e+01 2.216293906250000100e+02 4.260563200000000000e+01
4.201494183456688100e-02 1.173236171875000100e+03 6.434313399999999200e+01 9.516317500000000100e+02 2.173810599999999800e+01 2.216044218750000100e+02 4.260502799999999700e+01
4.203063085264430200e-02 1.173161218750000000e+03 6.435342400000000400e+01 9.516793125000000400e+02 2.174109999999999900e+01 2.214819062500000100e+02 4.261232400000000100e+01
4.206592875315731000e-02 1.173172765625000000e+03 6.436039600000000900e+01 9.518005000000000600e+02 2.174371599999999900e+01 2.213722656250000100e+02 4.261668000000000200e+01
4.214535380963394700e-02 1.173190828125000100e+03 6.436729600000001000e+01 9.520183749999999900e+02 2.174552800000000000e+01 2.211724531250000000e+02 4.262176800000000300e+01
4.232406138178698000e-02 1.173187671875000000e+03 6.437893599999999600e+01 9.524632500000000200e+02 2.174773600000000000e+01 2.207244218749999900e+02 4.263120000000000000e+01
4.272614385848654700e-02 1.173187703124999900e+03 6.440556599999999300e+01 9.534841874999999600e+02 2.175175799999999900e+01 2.197035156249999900e+02 4.265380799999999800e+01
4.363083899170533400e-02 1.173187828124999900e+03 6.442237799999999500e+01 9.553010624999999400e+02 2.172526999999999800e+01 2.178867656250000100e+02 4.269710800000000000e+01
4.413972821152000600e-02 1.173187734375000000e+03 6.445445399999999800e+01 9.564816250000000100e+02 2.172965400000000000e+01 2.167061093750000100e+02 4.272480000000000200e+01
4.476947832227051700e-02 1.173187843750000000e+03 6.448574800000000100e+01 9.579541874999999900e+02 2.173102799999999800e+01 2.152336562500000000e+02 4.275471999999999900e+01
4.485803857483063000e-02 1.173187234375000100e+03 6.448951999999999900e+01 9.581590625000000000e+02 2.173135600000000200e+01 2.150281718750000000e+02 4.275816400000000100e+01
4.490784953411360000e-02 1.173188875000000100e+03 6.449163400000000500e+01 9.582770000000000400e+02 2.173167400000000200e+01 2.149118750000000100e+02 4.275996000000000000e+01
4.493587178395206500e-02 1.173203484375000000e+03 6.449305200000000600e+01 9.583592499999999700e+02 2.173278399999999900e+01 2.148442343750000100e+02 4.276026800000000300e+01
4.494303748721167900e-02 1.173612343750000000e+03 6.445622800000001000e+01 9.585895000000000400e+02 2.172743200000000000e+01 2.150228437499999900e+02 4.272879600000000300e+01
4.495915673430401400e-02 1.173131234375000100e+03 6.442626799999999300e+01 9.582985625000000000e+02 2.171191599999999900e+01 2.148326718749999900e+02 4.271435199999999800e+01
4.499542504026178600e-02 1.173136265625000100e+03 6.446744200000000500e+01 9.584357499999999800e+02 2.173339800000000100e+01 2.147005156250000100e+02 4.273404399999999700e+01
4.507702992374735400e-02 1.173185125000000000e+03 6.447980200000000700e+01 9.586153124999999600e+02 2.173868200000000100e+01 2.145698125000000100e+02 4.274112000000000200e+01
4.526064688699287700e-02 1.173188156250000000e+03 6.449157600000000900e+01 9.590375625000000400e+02 2.173892800000000100e+01 2.141505937500000100e+02 4.275264800000000100e+01
4.567377668873109900e-02 1.173187734375000000e+03 6.450992999999999700e+01 9.600075000000000500e+02 2.173621800000000100e+01 2.131802343750000000e+02 4.277371200000000300e+01
4.660332471804511100e-02 1.173187671875000000e+03 6.453935400000000300e+01 9.621128125000000200e+02 2.171804600000000100e+01 2.110748593749999900e+02 4.282130800000000200e+01
4.869480658892103000e-02 1.173187734375000000e+03 6.455422799999999500e+01 9.662948750000000500e+02 2.165558000000000000e+01 2.068928593750000000e+02 4.289864800000000100e+01
5.340063721315006100e-02 1.173187703124999900e+03 6.451377999999999700e+01 9.734830624999999600e+02 2.151942800000000100e+01 1.997046406250000000e+02 4.299435199999999900e+01
5.922410243137139100e-02 1.173187687500000000e+03 6.442790000000000800e+01 9.791979374999999700e+02 2.142869200000000200e+01 1.939897499999999900e+02 4.299920800000000300e+01
6.517992043554932100e-02 1.173187718749999900e+03 6.434310600000000600e+01 9.826762499999999800e+02 2.139820999999999900e+01 1.905114687500000100e+02 4.294489600000000000e+01
6.819247004382293600e-02 1.173187734375000000e+03 6.430565599999999900e+01 9.838960624999999700e+02 2.139750000000000100e+01 1.892916718749999900e+02 4.290815599999999800e+01
6.932217495184493600e-02 1.173187687500000000e+03 6.428865600000000300e+01 9.842248750000000000e+02 2.139656400000000100e+01 1.889628125000000100e+02 4.289209199999999800e+01
7.000000076485157800e-02 1.173187703125000100e+03 6.427497800000000400e+01 9.843645625000000300e+02 2.139352200000000100e+01 1.888231406250000100e+02 4.288145600000000000e+01
