0.000000000000000000e+00 0.000000000000000000e+00 0.000000000000000000e+00 0.000000000000000000e+00 0.000000000000000000e+00 0.000000000000000000e+00 0.000000000000000000e+00
2.154932310542599800e-07 1.926992687500000100e+03 5.456028137207030800e-04 1.496314125000000100e+03 7.244382934570312400e-04 4.306785625000000000e+02 -1.788354797363281300e-04
1.400211222654569400e-03 1.926992156249999900e+03 1.791942900000000100e+01 1.489849250000000000e+03 1.122369499999999900e+01 4.371429062500000100e+02 6.695733999999999900e+00
4.025203133761094000e-03 1.926992031250000100e+03 5.074691000000000000e+01 1.475933250000000000e+03 3.146234400000000200e+01 4.510587812499999800e+02 1.928456600000000200e+01
5.501760987409913900e-03 1.926990375000000100e+03 6.773358000000000300e+01 1.478903125000000000e+03 4.275358800000000100e+01 4.480872499999999800e+02 2.497999199999999900e+01
5.958571057513335400e-03 1.926987562500000000e+03 7.237535800000000600e+01 1.483253625000000100e+03 4.609320799999999700e+01 4.437339375000000200e+02 2.628215000000000100e+01
6.052009522162234100e-03 1.926991718750000000e+03 7.329153600000000800e+01 1.484241250000000000e+03 4.675468000000000000e+01 4.427504687499999800e+02 2.653685600000000000e+01
6.081209178386568300e-03 1.926992031249999900e+03 7.357646600000001100e+01 1.484554625000000000e+03 4.696006400000000300e+01 4.424374062499999800e+02 2.661640200000000100e+01
6.146908314210284100e-03 1.926992656250000000e+03 7.421113800000000500e+01 1.485285249999999900e+03 4.741418000000000200e+01 4.417074062500000200e+02 2.679695800000000000e+01
6.228210754487388900e-03 1.926989812500000000e+03 7.499220599999999600e+01 1.486210125000000100e+03 4.797258000000000100e+01 4.407796875000000200e+02 2.701962599999999900e+01
6.272557408193393800e-03 1.926989000000000000e+03 7.541214599999999300e+01 1.486749749999999900e+03 4.827376799999999700e+01 4.402392500000000300e+02 2.713837799999999900e+01
6.355707565254224900e-03 1.926991312500000000e+03 7.619161800000000500e+01 1.487810500000000000e+03 4.883244799999999900e+01 4.391808125000000000e+02 2.735916999999999900e+01
6.458605875548898200e-03 1.926991156249999900e+03 7.714191199999999100e+01 1.489155999999999900e+03 4.951066399999999800e+01 4.378351562500000100e+02 2.763124799999999900e+01
6.516485767024991900e-03 1.926990281250000000e+03 7.767123200000000300e+01 1.489933874999999900e+03 4.988833199999999800e+01 4.370564062500000100e+02 2.778290000000000100e+01
6.575681621691380600e-03 1.926992406249999900e+03 7.820819000000000200e+01 1.490754250000000000e+03 5.027136399999999800e+01 4.362381562499999700e+02 2.793682600000000000e+01
6.708872476052824200e-03 1.926991093750000100e+03 7.940535400000000300e+01 1.492628875000000100e+03 5.112298799999999900e+01 4.343622187500000100e+02 2.828236600000000000e+01
6.873695777464761800e-03 1.926993062500000000e+03 8.086229600000000100e+01 1.495007625000000000e+03 5.215540800000000100e+01 4.319854374999999900e+02 2.870688799999999900e+01
7.042264568375866700e-03 1.927002031250000100e+03 8.226940600000000400e+01 1.497915125000000000e+03 5.308611200000000000e+01 4.290869062500000300e+02 2.918329400000000000e+01
7.421545617460351800e-03 1.926988374999999900e+03 8.532820000000001000e+01 1.505044124999999900e+03 5.508147600000000200e+01 4.219442500000000100e+02 3.024672400000000000e+01
7.890905580182570500e-03 1.926989656249999800e+03 8.881850599999999900e+01 1.514784124999999900e+03 5.730330399999999700e+01 4.122055312499999800e+02 3.151520199999999900e+01
8.370932534498002500e-03 1.926991656249999800e+03 9.218224999999999600e+01 1.525185874999999900e+03 5.937395600000000000e+01 4.018057812500000000e+02 3.280829399999999700e+01
9.450993725793936700e-03 1.926991749999999900e+03 9.908507600000000100e+01 1.550455125000000000e+03 6.342604399999999700e+01 3.765366250000000200e+02 3.565903200000000300e+01
1.005852837260049100e-02 1.926991281250000200e+03 1.025753000000000000e+02 1.564942250000000100e+03 6.537704399999999800e+01 3.620490312499999800e+02 3.719825600000000100e+01
1.142548042110487700e-02 1.926991750000000100e+03 1.095648279999999900e+02 1.598352750000000000e+03 6.888055199999999400e+01 3.286390000000000100e+02 4.068427599999999700e+01
1.219439103906963200e-02 1.926991468750000000e+03 1.129677640000000000e+02 1.617363125000000100e+03 7.040646400000000000e+01 3.096283437500000000e+02 4.256130000000000300e+01
1.314591802855015300e-02 1.926989656250000100e+03 1.166653080000000000e+02 1.640135000000000000e+03 7.188508799999999600e+01 2.868546562500000100e+02 4.478022000000000000e+01
1.411907063142795900e-02 1.926991250000000000e+03 1.200213239999999900e+02 1.662234999999999900e+03 7.306917599999999900e+01 2.647562500000000200e+02 4.695214800000000100e+01
1.630866362517888200e-02 1.926992156249999900e+03 1.259734440000000000e+02 1.705811124999999900e+03 7.511828800000000700e+01 2.211810312499999900e+02 5.085515600000000100e+01
1.698606982362446300e-02 1.926990656249999800e+03 1.273174839999999900e+02 1.716776249999999900e+03 7.564851199999999700e+01 2.102144062500000000e+02 5.166897199999999700e+01
1.736711008480181600e-02 1.926993765625000200e+03 1.279789320000000000e+02 1.722441375000000100e+03 7.590940799999999900e+01 2.045523906249999900e+02 5.206952400000000100e+01
1.758144523171407600e-02 1.926991578124999900e+03 1.283180040000000000e+02 1.725483125000000000e+03 7.604680000000000500e+01 2.015084531249999900e+02 5.227120399999999700e+01
1.770200893321429900e-02 1.926992906250000000e+03 1.285010039999999900e+02 1.727153875000000000e+03 7.612116000000000300e+01 1.998390312500000100e+02 5.237984399999999900e+01
1.776982674075645900e-02 1.926991343750000200e+03 1.286022800000000100e+02 1.728087500000000100e+03 7.616216000000000000e+01 1.989038437499999900e+02 5.244012000000000000e+01
1.783918394956091100e-02 1.926991374999999800e+03 1.287050199999999900e+02 1.729054249999999900e+03 7.620424800000000700e+01 1.979371250000000100e+02 5.250077199999999800e+01
1.787819855836687800e-02 1.926999515625000200e+03 1.287611560000000000e+02 1.729607500000000100e+03 7.622890400000000000e+01 1.973920156250000000e+02 5.253225200000000000e+01
1.790014481990645500e-02 1.927016796875000200e+03 1.287910960000000100e+02 1.729937875000000100e+03 7.624276000000000400e+01 1.970789218749999900e+02 5.254833599999999900e+01
1.791248904793624900e-02 1.927066078124999900e+03 1.288073039999999900e+02 1.730176250000000000e+03 7.625212000000000500e+01 1.968898281250000100e+02 5.255518399999999700e+01
1.791630780771227100e-02 1.927104656250000100e+03 1.288122600000000100e+02 1.730279500000000100e+03 7.625578400000000600e+01 1.968251562499999900e+02 5.255647600000000400e+01
1.792021362128258500e-02 1.927290343749999900e+03 1.288160440000000100e+02 1.730554249999999900e+03 7.625994400000000400e+01 1.967360937500000100e+02 5.255610000000000100e+01
1.792241027869174300e-02 1.927544250000000100e+03 1.288141799999999900e+02 1.730883250000000100e+03 7.626156000000000300e+01 1.966610000000000000e+02 5.255261999999999700e+01
1.792735348331063100e-02 1.927838078124999800e+03 1.287512239999999800e+02 1.731435874999999900e+03 7.622190399999999500e+01 1.964022031250000000e+02 5.252931999999999800e+01
1.793847605642727800e-02 1.926970375000000100e+03 1.286653279999999900e+02 1.730830875000000100e+03 7.614725599999999900e+01 1.961395000000000000e+02 5.251807199999999700e+01
1.796350112049144000e-02 1.926769093749999900e+03 1.287886240000000000e+02 1.730949750000000000e+03 7.624238400000000100e+01 1.958193437500000000e+02 5.254623999999999700e+01
1.801980896553238100e-02 1.926940093750000000e+03 1.289030119999999900e+02 1.731715500000000000e+03 7.630325600000000500e+01 1.952245937500000000e+02 5.259975599999999900e+01
1.814649980325378300e-02 1.927001390625000100e+03 1.290871400000000100e+02 1.733317250000000100e+03 7.637675199999999600e+01 1.936841406250000000e+02 5.271038800000000200e+01
1.843155455085107900e-02 1.926992453124999900e+03 1.294769279999999900e+02 1.736958750000000000e+03 7.653932799999999800e+01 1.900337031249999900e+02 5.293760000000000300e+01
1.907292918384156600e-02 1.926991718750000000e+03 1.302666639999999900e+02 1.744698124999999900e+03 7.686136799999999900e+01 1.822935937500000100e+02 5.340529600000000000e+01
1.986662909517762600e-02 1.926991437499999800e+03 1.310904000000000200e+02 1.753187375000000000e+03 7.720561600000000600e+01 1.738040624999999900e+02 5.388478400000000300e+01
2.067836800358637300e-02 1.926991984374999900e+03 1.317449720000000200e+02 1.760578000000000000e+03 7.749944800000000100e+01 1.664139843750000100e+02 5.424552400000000300e+01
2.168289624482153100e-02 1.926990640625000000e+03 1.323640080000000100e+02 1.769178875000000100e+03 7.775747200000000700e+01 1.578117656249999900e+02 5.460653599999999800e+01
2.224794211098180300e-02 1.926991125000000000e+03 1.326496720000000100e+02 1.773739624999999900e+03 7.786656000000000700e+01 1.532514999999999900e+02 5.478311200000000300e+01
2.239241513708275000e-02 1.926992000000000000e+03 1.327139320000000000e+02 1.774875875000000000e+03 7.788873599999999400e+01 1.521161250000000100e+02 5.482519599999999800e+01
2.247367985404899800e-02 1.926991890625000000e+03 1.327480360000000100e+02 1.775509499999999900e+03 7.790026400000000700e+01 1.514823906249999900e+02 5.484777199999999900e+01
2.251939180142872500e-02 1.926995874999999800e+03 1.327664080000000100e+02 1.775869999999999900e+03 7.790681600000000600e+01 1.511258750000000100e+02 5.485959199999999900e+01
2.254510459046775100e-02 1.927020140625000100e+03 1.327775440000000100e+02 1.776099875000000100e+03 7.791275199999999800e+01 1.509202656250000100e+02 5.486479200000000100e+01
2.255956857838841900e-02 1.927080874999999900e+03 1.327838759999999900e+02 1.776278624999999900e+03 7.791857600000000200e+01 1.508022499999999900e+02 5.486529999999999800e+01
2.256770375546447000e-02 1.927297453124999900e+03 1.327788919999999800e+02 1.776561500000000000e+03 7.791923199999999400e+01 1.507359531250000100e+02 5.485965999999999800e+01
2.257227988325078600e-02 1.927560828124999900e+03 1.327508120000000000e+02 1.776864750000000000e+03 7.790494400000000000e+01 1.506960781250000100e+02 5.484586800000000300e+01
2.258257689621828000e-02 1.927185609375000000e+03 1.326433440000000100e+02 1.776683749999999900e+03 7.782953600000000400e+01 1.505018593750000100e+02 5.481380800000000200e+01
2.260574481267100400e-02 1.926779296875000000e+03 1.326882119999999900e+02 1.776520874999999900e+03 7.786459200000000200e+01 1.502584218750000100e+02 5.482361999999999800e+01
2.265787262468963600e-02 1.926901062499999900e+03 1.327596719999999900e+02 1.776933749999999900e+03 7.791916000000000500e+01 1.499673124999999900e+02 5.484051199999999700e+01
2.277515875083497100e-02 1.927002625000000100e+03 1.328076279999999900e+02 1.777775625000000000e+03 7.793517599999999800e+01 1.492270000000000000e+02 5.487245200000000300e+01
2.303905507373098900e-02 1.926992515624999900e+03 1.329174439999999900e+02 1.779703874999999900e+03 7.798239999999999800e+01 1.472886406250000000e+02 5.493504399999999800e+01
2.363281998662630800e-02 1.926992296875000000e+03 1.330841639999999900e+02 1.783569999999999900e+03 7.804828799999999900e+01 1.434222968750000000e+02 5.503587600000000200e+01
2.496878958974421000e-02 1.926991906249999800e+03 1.332960640000000000e+02 1.791328749999999900e+03 7.810998399999999700e+01 1.356631562499999900e+02 5.518607999999999700e+01
2.662205431317333000e-02 1.926991148437500000e+03 1.333308559999999800e+02 1.799533124999999900e+03 7.803350399999999400e+01 1.274580234375000000e+02 5.529735199999999700e+01
2.685454307798742400e-02 1.926991398437500000e+03 1.333203760000000100e+02 1.800603000000000100e+03 7.801117600000000600e+01 1.263883984375000000e+02 5.530919999999999700e+01
2.691398631051924300e-02 1.926992523437500000e+03 1.333160839999999900e+02 1.800875000000000000e+03 7.800347200000000200e+01 1.261175234375000000e+02 5.531261200000000100e+01
2.694742367290460200e-02 1.926993195312500100e+03 1.333119240000000000e+02 1.801027250000000100e+03 7.799741600000000100e+01 1.259659453125000000e+02 5.531450799999999600e+01
2.696623309605672800e-02 1.926992273437500000e+03 1.333062840000000100e+02 1.801108874999999900e+03 7.799134399999999800e+01 1.258833984375000100e+02 5.531494000000000000e+01
2.697681303385565300e-02 1.926997460937500100e+03 1.332993960000000000e+02 1.801158875000000100e+03 7.798478400000000500e+01 1.258385859375000000e+02 5.531461199999999700e+01
2.698276170979854700e-02 1.927006601562500000e+03 1.332929839999999900e+02 1.801192624999999900e+03 7.797888799999999800e+01 1.258139765625000000e+02 5.531409599999999900e+01
2.699012646079516900e-02 1.927050507812500000e+03 1.332744160000000000e+02 1.801259749999999900e+03 7.796274400000000100e+01 1.257907578125000000e+02 5.531167200000000200e+01
2.699200972454489700e-02 1.927073734375000000e+03 1.332671680000000000e+02 1.801285875000000000e+03 7.795659999999999500e+01 1.257878593750000000e+02 5.531056800000000400e+01
2.699433986443862400e-02 1.927149851562499900e+03 1.332506280000000100e+02 1.801351124999999900e+03 7.794320000000000400e+01 1.257987265624999900e+02 5.530742800000000200e+01
2.699672223660892400e-02 1.927864562500000100e+03 1.331598999999999900e+02 1.801873250000000100e+03 7.787601600000000700e+01 1.259913125000000100e+02 5.528388400000000000e+01
2.700208475033696200e-02 1.928465304687499800e+03 1.327907960000000000e+02 1.802197124999999900e+03 7.758071200000000500e+01 1.262681796874999900e+02 5.521008400000000200e+01
2.701415040622503700e-02 1.927299835937500100e+03 1.328790119999999900e+02 1.801373000000000000e+03 7.763967200000000400e+01 1.259268359375000000e+02 5.523933999999999900e+01
2.704129377928350300e-02 1.926606359375000000e+03 1.330000800000000000e+02 1.801046250000000100e+03 7.772240800000000100e+01 1.255601093750000000e+02 5.527767200000000300e+01
2.710237072135476100e-02 1.926852132812500000e+03 1.330618360000000000e+02 1.801692375000000100e+03 7.775928000000000400e+01 1.251597578125000000e+02 5.530255600000000300e+01
2.717795372734725700e-02 1.927070171874999900e+03 1.330754479999999900e+02 1.802275500000000000e+03 7.776497600000000400e+01 1.247946718750000100e+02 5.531047199999999700e+01
2.725525459488033600e-02 1.926958390625000000e+03 1.330163800000000000e+02 1.802527000000000000e+03 7.770581599999999900e+01 1.244313906250000100e+02 5.531056399999999900e+01
2.729873506333319000e-02 1.926956085937499900e+03 1.330141920000000100e+02 1.802704000000000000e+03 7.770112000000000300e+01 1.242520859375000000e+02 5.531307199999999800e+01
2.732319427773449400e-02 1.927029617187500200e+03 1.329913200000000000e+02 1.802865500000000100e+03 7.767905600000000300e+01 1.241641171875000000e+02 5.531226399999999900e+01
2.733695167902486900e-02 1.927078101562500000e+03 1.329714119999999900e+02 1.802963375000000000e+03 7.766004800000000300e+01 1.241147265625000000e+02 5.531136399999999800e+01
2.734469076133692200e-02 1.927124453124999900e+03 1.329523160000000000e+02 1.803033750000000100e+03 7.764239999999999500e+01 1.240907031250000000e+02 5.530991600000000100e+01
2.734904345105123500e-02 1.927168710937499800e+03 1.329362160000000000e+02 1.803086499999999900e+03 7.762790400000000100e+01 1.240822109374999900e+02 5.530831200000000100e+01
2.735442917912441300e-02 1.927349453125000100e+03 1.328884960000000000e+02 1.803238250000000100e+03 7.758711999999999900e+01 1.241112031250000000e+02 5.530137599999999800e+01
2.735745865116557700e-02 1.927470570312500100e+03 1.328488280000000000e+02 1.803334250000000100e+03 7.755313599999999500e+01 1.241363203125000000e+02 5.529569200000000300e+01
2.736055776624216800e-02 1.927750710937500100e+03 1.327809320000000100e+02 1.803548125000000000e+03 7.749582399999999900e+01 1.242025859375000000e+02 5.528510800000000100e+01
2.736230174392103800e-02 1.928108492187499900e+03 1.327113600000000100e+02 1.803826624999999900e+03 7.743739200000000300e+01 1.242818671875000000e+02 5.527396800000000400e+01
2.736622496825020400e-02 1.928678367187500000e+03 1.324523560000000100e+02 1.804277125000000100e+03 7.721026399999999500e+01 1.244012421875000000e+02 5.524209200000000000e+01
2.737504932119768800e-02 1.927652484374999900e+03 1.324456160000000000e+02 1.803509875000000000e+03 7.718631200000000100e+01 1.241426093750000100e+02 5.525930400000000000e+01
2.739490629167439300e-02 1.926743679687499900e+03 1.325374880000000000e+02 1.802987374999999900e+03 7.723387999999999900e+01 1.237563046875000100e+02 5.530360799999999700e+01
2.743958229890211200e-02 1.926456476562499800e+03 1.324625800000000000e+02 1.803232749999999900e+03 7.711379200000000400e+01 1.232237265625000000e+02 5.534878799999999900e+01
2.754010041337134500e-02 1.927085359375000100e+03 1.325531479999999900e+02 1.804382125000000100e+03 7.715616799999999400e+01 1.227032343749999900e+02 5.539697999999999900e+01
2.776627197451339900e-02 1.926980039062500100e+03 1.325202640000000000e+02 1.805382499999999900e+03 7.708548799999999800e+01 1.215975390625000000e+02 5.543477599999999900e+01
2.827515943797958800e-02 1.926986820312500000e+03 1.324576560000000100e+02 1.807405375000000000e+03 7.698992800000000600e+01 1.195814453124999900e+02 5.546772800000000100e+01
2.942015187808880900e-02 1.926991984374999900e+03 1.322752920000000100e+02 1.810440750000000000e+03 7.686092800000000100e+01 1.165512343750000100e+02 5.541436399999999900e+01
3.199638414288626100e-02 1.926991992187499800e+03 1.314169360000000200e+02 1.815455999999999900e+03 7.618482400000000600e+01 1.115359921875000000e+02 5.523211200000000100e+01
3.508786460171909500e-02 1.926991945312500100e+03 1.299323760000000000e+02 1.818992250000000000e+03 7.490260800000000100e+01 1.079996953124999900e+02 5.502976799999999700e+01
3.588488561530717900e-02 1.926991382812500000e+03 1.294899879999999800e+02 1.819654624999999900e+03 7.451470399999999500e+01 1.073367578125000000e+02 5.497528400000000200e+01
3.670002252348623200e-02 1.926991914062500000e+03 1.290101359999999900e+02 1.820264249999999900e+03 7.408642399999999400e+01 1.067276640625000000e+02 5.492371200000000200e+01
3.853407766509596400e-02 1.926991968750000100e+03 1.278395840000000000e+02 1.821291750000000100e+03 7.301263199999999600e+01 1.057002187500000000e+02 5.482695199999999900e+01
3.956573477042387600e-02 1.926991976562500000e+03 1.271469439999999900e+02 1.821631000000000100e+03 7.236837599999999800e+01 1.053609765625000000e+02 5.477856800000000000e+01
4.084241058335681000e-02 1.926990835937499900e+03 1.262509640000000100e+02 1.821776625000000000e+03 7.153949600000000000e+01 1.052142109375000000e+02 5.471146800000000400e+01
4.116883329399895200e-02 1.926992531250000000e+03 1.260216480000000000e+02 1.821795000000000100e+03 7.132686400000000000e+01 1.051975312500000000e+02 5.469478399999999900e+01
4.190328294204719000e-02 1.926991234375000000e+03 1.255073999999999900e+02 1.821759749999999900e+03 7.084995999999999600e+01 1.052314843749999900e+02 5.465744000000000100e+01
4.231641413359161400e-02 1.926991703125000000e+03 1.252203040000000000e+02 1.821694874999999900e+03 7.058328799999999600e+01 1.052968281250000000e+02 5.463701600000000300e+01
4.254879843385256400e-02 1.926991882812499900e+03 1.250575040000000100e+02 1.821641249999999900e+03 7.043233600000000600e+01 1.053506328125000000e+02 5.462516800000000200e+01
4.267951550955970800e-02 1.926991890625000000e+03 1.249649959999999900e+02 1.821606375000000100e+03 7.034699999999999400e+01 1.053855156250000000e+02 5.461799599999999800e+01
4.275304114421390300e-02 1.926994187500000200e+03 1.249127479999999900e+02 1.821585375000000100e+03 7.029929599999999800e+01 1.054088125000000000e+02 5.461345200000000200e+01
4.277579120245405400e-02 1.926999437499999900e+03 1.248966320000000100e+02 1.821581375000000000e+03 7.028488000000000100e+01 1.054180625000000000e+02 5.461175200000000300e+01
4.279905487808049300e-02 1.927015820312500000e+03 1.248791279999999900e+02 1.821582124999999900e+03 7.027024799999999500e+01 1.054336953125000100e+02 5.460887999999999900e+01
4.281214196515485700e-02 1.927113757812500100e+03 1.248608480000000000e+02 1.821633250000000100e+03 7.025861600000000400e+01 1.054805078124999900e+02 5.460223200000000100e+01
4.284158646017562800e-02 1.926945687500000100e+03 1.248387000000000000e+02 1.821487000000000100e+03 7.023919200000000300e+01 1.054586875000000000e+02 5.459950800000000000e+01
4.290783439762749200e-02 1.926985750000000100e+03 1.247945079999999900e+02 1.821501250000000000e+03 7.019873599999999700e+01 1.054845000000000000e+02 5.459577199999999700e+01
4.305689951137703400e-02 1.926989867187500100e+03 1.246917040000000200e+02 1.821459750000000000e+03 7.010374400000000600e+01 1.055301171875000000e+02 5.458796000000000200e+01
4.324136359967653600e-02 1.926991484374999800e+03 1.245651960000000000e+02 1.821401249999999900e+03 6.998610399999999700e+01 1.055902343749999900e+02 5.457909200000000300e+01
4.334512301708635200e-02 1.926992109374999900e+03 1.244927160000000000e+02 1.821358999999999900e+03 6.991916000000000500e+01 1.056331093750000000e+02 5.457355600000000400e+01
4.340348968436216100e-02 1.926991914062500000e+03 1.244509319999999900e+02 1.821327749999999900e+03 6.988085599999999400e+01 1.056641640625000100e+02 5.457007600000000000e+01
4.343632057198066500e-02 1.926991789062499900e+03 1.244268160000000000e+02 1.821306374999999900e+03 6.985897599999999800e+01 1.056854140625000000e+02 5.456783999999999700e+01
4.346989722043688400e-02 1.926990679687500000e+03 1.243993359999999900e+02 1.821273250000000000e+03 6.983484799999999400e+01 1.057174296875000000e+02 5.456448799999999700e+01
4.348878499200386400e-02 1.927021695312500000e+03 1.243741719999999900e+02 1.821253750000000100e+03 6.981527199999999300e+01 1.057679453125000000e+02 5.455890000000000100e+01
4.349144013272959700e-02 1.927032906250000000e+03 1.243694160000000000e+02 1.821252874999999900e+03 6.981188799999999600e+01 1.057800312499999900e+02 5.455752799999999800e+01
4.349741782660392100e-02 1.927358273437500000e+03 1.243289000000000000e+02 1.821384250000000100e+03 6.979175200000000200e+01 1.059740234374999900e+02 5.453714800000000200e+01
4.351086183423486700e-02 1.927170593750000100e+03 1.242682839999999900e+02 1.821130875000000100e+03 6.975109600000000400e+01 1.060397187500000100e+02 5.451718799999999700e+01
4.354111592954249000e-02 1.926916757812500000e+03 1.242497400000000000e+02 1.820879124999999900e+03 6.973408000000000600e+01 1.060376328124999900e+02 5.451565999999999700e+01
4.355813204453232200e-02 1.927646773437500100e+03 1.238782120000000000e+02 1.820469750000000000e+03 6.951507200000000400e+01 1.071770234375000000e+02 5.436314000000000100e+01
4.356770506011067200e-02 1.927117882812499800e+03 1.237671960000000100e+02 1.819920499999999900e+03 6.943308000000000400e+01 1.071973828125000000e+02 5.433411600000000200e+01
4.358924216881709300e-02 1.926815070312500000e+03 1.238758280000000100e+02 1.819762125000000000e+03 6.950404000000000300e+01 1.070529453125000000e+02 5.437178800000000200e+01
4.363770211430312300e-02 1.926722570312500000e+03 1.239190120000000100e+02 1.819838375000000000e+03 6.951460000000000200e+01 1.068841953125000000e+02 5.440441200000000100e+01
4.374673989343984300e-02 1.927046390625000000e+03 1.238556800000000100e+02 1.820225625000000000e+03 6.944080800000000400e+01 1.068207656250000100e+02 5.441487200000000300e+01
4.399206619111802100e-02 1.926988859374999900e+03 1.236728080000000000e+02 1.820194125000000000e+03 6.925979200000000400e+01 1.067947343750000000e+02 5.441301599999999900e+01
4.454405688992849700e-02 1.926993140625000000e+03 1.233247880000000100e+02 1.819896999999999900e+03 6.893866400000000300e+01 1.070961406250000000e+02 5.438612400000000200e+01
4.485455165800938300e-02 1.926992570312500000e+03 1.231225800000000000e+02 1.819642625000000000e+03 6.876078400000000100e+01 1.073499453125000000e+02 5.436179599999999800e+01
4.502920478369282200e-02 1.926990828125000000e+03 1.230080160000000000e+02 1.819493625000000100e+03 6.865909600000000500e+01 1.074972031250000000e+02 5.434892000000000000e+01
4.542217431648053900e-02 1.926993875000000100e+03 1.227294960000000100e+02 1.819181250000000100e+03 6.841426400000000300e+01 1.078126250000000000e+02 5.431523200000000200e+01
4.630635358890804900e-02 1.926991828125000000e+03 1.222061559999999900e+02 1.818683624999999900e+03 6.793774399999999500e+01 1.083082031250000100e+02 5.426841199999999800e+01
4.829575912821480000e-02 1.926992531250000000e+03 1.210906840000000100e+02 1.817348999999999900e+03 6.693881600000000300e+01 1.096435312500000000e+02 5.415186800000000000e+01
4.857552100511949200e-02 1.926992664062500100e+03 1.209595200000000000e+02 1.817188000000000100e+03 6.682287200000000400e+01 1.098046640625000000e+02 5.413664800000000100e+01
4.873288814905080800e-02 1.926992085937500200e+03 1.208857960000000000e+02 1.817090750000000100e+03 6.675853999999999600e+01 1.099013359374999900e+02 5.412725600000000300e+01
4.901614378489951900e-02 1.926987882812500200e+03 1.206766160000000000e+02 1.816687875000000100e+03 6.657613200000000100e+01 1.103000078125000000e+02 5.410048400000000200e+01
4.929939942074822900e-02 1.926993203124999800e+03 1.205530479999999900e+02 1.816492749999999900e+03 6.647088399999999800e+01 1.105004531250000100e+02 5.408216399999999900e+01
4.983050881610257000e-02 1.926992398437500000e+03 1.203212400000000000e+02 1.816142625000000000e+03 6.627277200000000300e+01 1.108497734375000100e+02 5.404846800000000000e+01
5.102550205385668300e-02 1.926992335937500000e+03 1.198229640000000000e+02 1.815361750000000000e+03 6.585376399999999800e+01 1.116305859375000000e+02 5.396920000000000100e+01
5.250430226815666600e-02 1.926992507812500000e+03 1.191941000000000100e+02 1.814155874999999900e+03 6.533624000000000400e+01 1.128366328125000000e+02 5.385786000000000200e+01
5.401671105063743400e-02 1.926992375000000000e+03 1.186836520000000000e+02 1.813164000000000000e+03 6.493250000000000500e+01 1.138283749999999900e+02 5.375115199999999800e+01
5.741963806570201500e-02 1.926992234375000200e+03 1.175034960000000100e+02 1.810157875000000100e+03 6.405690400000000300e+01 1.168343593750000100e+02 5.344659200000000300e+01
5.933378269805513600e-02 1.926992093750000100e+03 1.168627960000000000e+02 1.808258125000000100e+03 6.359242799999999800e+01 1.187339687500000000e+02 5.327036799999999800e+01
5.960296463716090200e-02 1.926991843750000000e+03 1.167756919999999900e+02 1.807989750000000000e+03 6.352983199999999900e+01 1.190020937500000000e+02 5.324586000000000000e+01
6.020860949118315300e-02 1.926992312500000000e+03 1.165798760000000000e+02 1.807368625000000100e+03 6.338915999999999700e+01 1.196236875000000000e+02 5.319071600000000200e+01
6.157131476542294200e-02 1.926992078125000000e+03 1.161573960000000100e+02 1.805890000000000100e+03 6.308927599999999800e+01 1.211020781250000100e+02 5.306812000000000000e+01
6.463740743604874700e-02 1.926992109375000200e+03 1.152443000000000000e+02 1.802074000000000100e+03 6.245189599999999800e+01 1.249181093750000000e+02 5.279240399999999800e+01
7.000000241429189800e-02 1.926992125000000000e+03 1.136697760000000000e+02 1.794441125000000100e+03 6.138901200000000100e+01 1.325509999999999900e+02 5.228076399999999800e+01
