0.000000000000000000e+00 0.000000000000000000e+00 0.000000000000000000e+00 0.000000000000000000e+00 0.000000000000000000e+00 0.000000000000000000e+00 0.000000000000000000e+00
1.942972695404230400e-07 6.596966406249999900e+02 1.682228393554685800e-04 4.285795937500000200e+02 1.184669921874999900e-03 2.311170468750000000e+02 -1.016447082519531300e-03
1.400190366016354800e-03 6.596959687500000200e+02 1.309236650000000100e+01 4.234641874999999800e+02 6.241024500000000000e+00 2.362317812500000100e+02 6.851341999999999800e+00
2.843936465745209400e-03 6.596926250000000200e+02 2.612839100000000100e+01 4.192403125000000200e+02 1.246546800000000000e+01 2.404523125000000100e+02 1.366292299999999900e+01
3.046963324779682900e-03 6.596820468749999700e+02 2.773240400000000200e+01 4.203368750000000200e+02 1.334875600000000000e+01 2.393451718750000100e+02 1.438364800000000100e+01
3.098873502312594500e-03 6.596942812500000200e+02 2.812960499999999800e+01 4.207110937499999700e+02 1.357128000000000000e+01 2.389831875000000100e+02 1.455832500000000000e+01
3.114446337937982200e-03 6.596943125000000200e+02 2.824765300000000000e+01 4.208285000000000200e+02 1.363720300000000000e+01 2.388658125000000000e+02 1.461045000000000000e+01
3.143645994162316700e-03 6.596948437500000200e+02 2.846719800000000000e+01 4.210546875000000000e+02 1.375877300000000000e+01 2.386401562499999900e+02 1.470842500000000000e+01
3.209345129986033000e-03 6.596900781250000100e+02 2.895170300000000200e+01 4.215975312499999700e+02 1.402746100000000100e+01 2.380925468750000100e+02 1.492424200000000000e+01
3.290647207538994500e-03 6.596898906249999800e+02 2.952829099999999900e+01 4.223770000000000100e+02 1.435040800000000000e+01 2.373128906249999900e+02 1.517788300000000000e+01
3.373797727323968000e-03 6.596937031249999600e+02 3.010739199999999700e+01 4.232313125000000000e+02 1.467312600000000000e+01 2.364623906250000100e+02 1.543426599999999900e+01
3.420569554649131400e-03 6.596936093750000500e+02 3.042940800000000200e+01 4.237222187500000200e+02 1.485256900000000100e+01 2.359713906250000000e+02 1.557683900000000000e+01
3.435039708880226200e-03 6.596943125000000200e+02 3.052865400000000000e+01 4.238754374999999800e+02 1.490779500000000000e+01 2.358188749999999900e+02 1.562085899999999900e+01
3.438739495137393400e-03 6.596946562499999800e+02 3.055398800000000000e+01 4.239148437499999900e+02 1.492187500000000000e+01 2.357798124999999900e+02 1.563211300000000000e+01
3.447063651491876300e-03 6.596950937500000700e+02 3.061078900000000000e+01 4.240042187500000100e+02 1.495346800000000100e+01 2.356908750000000100e+02 1.565732100000000000e+01
3.465793638056713400e-03 6.596955156249999800e+02 3.073838500000000100e+01 4.242057187500000200e+02 1.502446100000000100e+01 2.354897968750000000e+02 1.571392400000000000e+01
3.507936017146561200e-03 6.596996718750000400e+02 3.101885500000000200e+01 4.246816562500000000e+02 1.517717100000000000e+01 2.350180156250000000e+02 1.584168400000000100e+01
3.602756098055610900e-03 6.597063124999999700e+02 3.160042000000000000e+01 4.260955000000000200e+02 1.545223200000000000e+01 2.336108125000000100e+02 1.614818800000000100e+01
3.631202376235226200e-03 6.596626249999999300e+02 3.178533800000000300e+01 4.264938124999999900e+02 1.554671400000000000e+01 2.331688125000000000e+02 1.623862400000000200e+01
3.684538785097861100e-03 6.596897968749999600e+02 3.212489800000000200e+01 4.272944687500000200e+02 1.572575999999999900e+01 2.323953281249999900e+02 1.639913800000000100e+01
3.750542246477436500e-03 6.597024687499999800e+02 3.252694599999999500e+01 4.283011250000000100e+02 1.593364600000000000e+01 2.314013437500000000e+02 1.659329999999999900e+01
3.818046297636022000e-03 6.596933750000000600e+02 3.293235800000000100e+01 4.293060312499999900e+02 1.614460400000000100e+01 2.303873437500000100e+02 1.678775400000000000e+01
3.969929777975589000e-03 6.596943125000000200e+02 3.382485300000000400e+01 4.316492499999999900e+02 1.659968500000000100e+01 2.280450625000000000e+02 1.722516800000000000e+01
4.055364371688148700e-03 6.596956093750000000e+02 3.430962800000000400e+01 4.330271250000000100e+02 1.683904000000000100e+01 2.266684843749999900e+02 1.747058799999999900e+01
4.103421330651463100e-03 6.596894062500000500e+02 3.457399800000000300e+01 4.338335000000000200e+02 1.696991600000000100e+01 2.258559062500000000e+02 1.760408199999999800e+01
4.130453347398069600e-03 6.596980156249999300e+02 3.471862600000000000e+01 4.343175000000000000e+02 1.704006199999999900e+01 2.253805156249999900e+02 1.767856400000000100e+01
4.145658743466740400e-03 6.598479999999999600e+02 3.476941200000000300e+01 4.348453437499999800e+02 1.704680600000000000e+01 2.250026562500000000e+02 1.772260599999999900e+01
4.179871247345393200e-03 6.596462343749999500e+02 3.496219600000000600e+01 4.353184999999999700e+02 1.714362200000000100e+01 2.243277343750000100e+02 1.781857400000000200e+01
4.256849290391325600e-03 6.596924374999999800e+02 3.538172999999999700e+01 4.367520000000000100e+02 1.734985599999999900e+01 2.229404375000000000e+02 1.803187399999999800e+01
4.430049705882604200e-03 6.596934687499999700e+02 3.627451200000000100e+01 4.400289062499999800e+02 1.776661400000000100e+01 2.196645624999999900e+02 1.850789800000000100e+01
4.819750368694872600e-03 6.596961562499999400e+02 3.817970800000000500e+01 4.473542812499999900e+02 1.864386000000000000e+01 2.123418749999999900e+02 1.953584800000000100e+01
5.696576860022476000e-03 6.596947343750000500e+02 4.189542400000000600e+01 4.650638750000000000e+02 2.019042800000000100e+01 1.946308593750000000e+02 2.170499600000000100e+01
6.189791738723994300e-03 6.596930625000000000e+02 4.371533600000000100e+01 4.750132187500000200e+02 2.084121400000000100e+01 1.846798437500000000e+02 2.287412200000000000e+01
6.800145477568850400e-03 6.596917499999999600e+02 4.571606599999999800e+01 4.872562187500000200e+02 2.148944799999999900e+01 1.724355312500000000e+02 2.422661799999999800e+01
7.143468956923386900e-03 6.596922031249999900e+02 4.673747799999999600e+01 4.939554062500000100e+02 2.178185200000000100e+01 1.657367968750000100e+02 2.495562599999999900e+01
7.336589094168081400e-03 6.596926718749999700e+02 4.728747200000000100e+01 4.976619062500000200e+02 2.192857600000000000e+01 1.620307656249999900e+02 2.535889600000000100e+01
7.445218445919936400e-03 6.596913749999999900e+02 4.759100399999999800e+01 4.997393437499999900e+02 2.200752000000000000e+01 1.599520312500000000e+02 2.558348399999999900e+01
7.472993684435260900e-03 6.596933437499999400e+02 4.766801399999999900e+01 5.002747499999999800e+02 2.202749400000000100e+01 1.594185937500000100e+02 2.564051999999999900e+01
7.488616213268219900e-03 6.597086562499999900e+02 4.771256200000000500e+01 5.006118437499999900e+02 2.203934200000000100e+01 1.590968125000000000e+02 2.567322000000000100e+01
7.523768535401021400e-03 6.596864375000000100e+02 4.780483799999999700e+01 5.012747812499999900e+02 2.206173799999999800e+01 1.584116562499999900e+02 2.574309999999999800e+01
7.602861260199825900e-03 6.596925781249999500e+02 4.801876199999999500e+01 5.027313437500000100e+02 2.211750400000000000e+01 1.569612343750000000e+02 2.590125799999999900e+01
7.780820253721278300e-03 6.596939843750000100e+02 4.849174800000000100e+01 5.060499375000000000e+02 2.223745400000000000e+01 1.536440468749999900e+02 2.625429400000000200e+01
8.001043864368721800e-03 6.596918749999999800e+02 4.905698799999999700e+01 5.102080000000000300e+02 2.237595599999999900e+01 1.494838750000000100e+02 2.668103199999999800e+01
8.226273068187624900e-03 6.596975625000000000e+02 4.961392000000000000e+01 5.144804062499999900e+02 2.250882400000000100e+01 1.452171562499999900e+02 2.710509600000000000e+01
8.733037869969803600e-03 6.596964375000000000e+02 5.074445400000000500e+01 5.233530624999999600e+02 2.279076600000000100e+01 1.363433750000000100e+02 2.795368800000000000e+01
9.873258311255564100e-03 6.596967265624999800e+02 5.265152200000000000e+01 5.398376875000000200e+02 2.338453799999999900e+01 1.198590390625000000e+02 2.926698400000000100e+01
1.051463294424605100e-02 6.596962187500000700e+02 5.345244200000000500e+01 5.473775000000000500e+02 2.368333000000000200e+01 1.123187187500000000e+02 2.976911200000000000e+01
1.195772514302636600e-02 6.596964218749999400e+02 5.475781000000000600e+01 5.617190624999999500e+02 2.421489400000000100e+01 9.797735937500000600e+01 3.054291600000000200e+01
1.520468222755793100e-02 6.596963437499999800e+02 5.617803999999999600e+01 5.823905624999999900e+02 2.489349000000000000e+01 7.730578124999999500e+01 3.128454999999999900e+01
1.545581501331500500e-02 6.596946093750000300e+02 5.624625600000000200e+01 5.836371874999999800e+02 2.493323200000000000e+01 7.605742187500000300e+01 3.131302399999999900e+01
1.571265417528754800e-02 6.596962343750000200e+02 5.631038999999999800e+01 5.848754374999999800e+02 2.496821999999999900e+01 7.482079687499999900e+01 3.134216999999999900e+01
1.574877134364035400e-02 6.597022265624999600e+02 5.631772999999999700e+01 5.850478749999999800e+02 2.497118400000000100e+01 7.465435156249999700e+01 3.134654600000000000e+01
1.576908824833020100e-02 6.597130468750000300e+02 5.632041400000000000e+01 5.851514375000000400e+02 2.497106799999999900e+01 7.456160937500000300e+01 3.134934600000000100e+01
1.578051696062341900e-02 6.597636953124999800e+02 5.631429199999999500e+01 5.852463749999999400e+02 2.496361400000000000e+01 7.451732031250000400e+01 3.135067799999999800e+01
1.580622974966244500e-02 6.598011171874999300e+02 5.630580799999999900e+01 5.854071249999999500e+02 2.494829800000000100e+01 7.439399218750000400e+01 3.135751000000000100e+01
1.580984538391846900e-02 6.598116640624999700e+02 5.630488799999999800e+01 5.854344374999999400e+02 2.494646799999999900e+01 7.437722656249999900e+01 3.135841999999999900e+01
1.581798056099452400e-02 6.598125546875001000e+02 5.630173999999999500e+01 5.854778750000000400e+02 2.494115599999999900e+01 7.433467968750000000e+01 3.136058399999999900e+01
1.582804833230373000e-02 6.597503124999999500e+02 5.631162799999999900e+01 5.854853124999999600e+02 2.494622199999999900e+01 7.426500000000000100e+01 3.136540600000000000e+01
1.583371263251862400e-02 6.597432578125000200e+02 5.631490399999999900e+01 5.855118125000000200e+02 2.494757200000000100e+01 7.423144531250000000e+01 3.136733200000000100e+01
1.583950461163180500e-02 6.599258515624999300e+02 5.628899599999999700e+01 5.856711874999999700e+02 2.492767200000000100e+01 7.425466406249999800e+01 3.136132400000000000e+01
1.585253656463646300e-02 6.596923906250000300e+02 5.630425999999999900e+01 5.855753750000000100e+02 2.493286399999999900e+01 7.411701562499999300e+01 3.137139600000000100e+01
1.588185773344865500e-02 6.595477109375000300e+02 5.633125599999999600e+01 5.856377499999999800e+02 2.494736999999999900e+01 7.390996093750000300e+01 3.138388600000000000e+01
1.594783145144851700e-02 6.596378437500000000e+02 5.635097600000000300e+01 5.860468124999999900e+02 2.495546200000000100e+01 7.359103125000000000e+01 3.139551399999999900e+01
1.602947485241991100e-02 6.598532265624999100e+02 5.632175000000000200e+01 5.867787499999999500e+02 2.489829800000000000e+01 7.307447656249999600e+01 3.142345200000000100e+01
1.605034890139318800e-02 6.597646484375000000e+02 5.632882600000000700e+01 5.868558749999999700e+02 2.489454200000000100e+01 7.290877343750000300e+01 3.143428400000000200e+01
1.609731587430721100e-02 6.596036562500000900e+02 5.634428800000000600e+01 5.870163125000000300e+02 2.489291800000000200e+01 7.258734375000000200e+01 3.145137000000000100e+01
1.612373524997652600e-02 6.596185000000000400e+02 5.634281000000000000e+01 5.871886875000000100e+02 2.488438199999999900e+01 7.242981249999999700e+01 3.145842800000000100e+01
1.618317993340491500e-02 6.596702578125000400e+02 5.635721200000000400e+01 5.875503750000000300e+02 2.488513000000000000e+01 7.211988281249999500e+01 3.147208200000000000e+01
1.631692793204979300e-02 6.596966484374999000e+02 5.638969000000000200e+01 5.881420624999999500e+02 2.490537799999999900e+01 7.155458593749999400e+01 3.148431199999999900e+01
1.661785984082833300e-02 6.596964218750000600e+02 5.644417799999999400e+01 5.893159375000000200e+02 2.494235799999999900e+01 7.038048437499999500e+01 3.150181999999999900e+01
1.699026436561249000e-02 6.597000937499999500e+02 5.649876600000000300e+01 5.906241874999999500e+02 2.497867799999999900e+01 6.907590625000000300e+01 3.152008800000000100e+01
1.708548090400968700e-02 6.597057890625000000e+02 5.650382799999999900e+01 5.909617500000000500e+02 2.497679000000000100e+01 6.874403906249999400e+01 3.152703800000000100e+01
1.729972029174823400e-02 6.596806562499999700e+02 5.651211000000000000e+01 5.917912499999999900e+02 2.495730199999999900e+01 6.788940624999999300e+01 3.155480800000000100e+01
1.778175601236681900e-02 6.596973749999999700e+02 5.649978399999999800e+01 5.932299375000000100e+02 2.492184000000000000e+01 6.646743750000000300e+01 3.157794399999999900e+01
1.784954190018441000e-02 6.596875625000000100e+02 5.650479000000000000e+01 5.934019375000000300e+02 2.492409000000000000e+01 6.628562499999999600e+01 3.158070000000000000e+01
1.788767291297837000e-02 6.597012265625001000e+02 5.649981199999999900e+01 5.935130625000000500e+02 2.491829999999999900e+01 6.618816406249999300e+01 3.158151200000000000e+01
1.789946870210416100e-02 6.597010312500000300e+02 5.649883200000000000e+01 5.935434999999999900e+02 2.491699800000000000e+01 6.615753125000000500e+01 3.158183400000000100e+01
1.791153290709567400e-02 6.597130546875000600e+02 5.649514800000000000e+01 5.935860000000000100e+02 2.491306000000000200e+01 6.612705468750000600e+01 3.158208799999999900e+01
1.791831875036028700e-02 6.598104999999999300e+02 5.647633400000000100e+01 5.936806874999999800e+02 2.489652600000000100e+01 6.612981250000000000e+01 3.157980800000000000e+01
1.793358798587810200e-02 6.597312968750000000e+02 5.647063199999999500e+01 5.936713750000000100e+02 2.488876200000000000e+01 6.605992187500000100e+01 3.158186999999999900e+01
1.796794376579318200e-02 6.596720000000000300e+02 5.648797199999999900e+01 5.937130624999999800e+02 2.490140800000000000e+01 6.595893750000000500e+01 3.158656399999999900e+01
1.804524463332626100e-02 6.596742734375000100e+02 5.649671999999999600e+01 5.939013750000000300e+02 2.490870800000000100e+01 6.577289843750000400e+01 3.158801199999999900e+01
1.821916940893083100e-02 6.597043007812499100e+02 5.648886199999999700e+01 5.943313124999999700e+02 2.489607600000000100e+01 6.537298828125000200e+01 3.159278600000000000e+01
1.843440120992424100e-02 6.596919101562499500e+02 5.648602200000000600e+01 5.948228749999999500e+02 2.488440200000000100e+01 6.486903515625000700e+01 3.160162000000000000e+01
1.865452543415653900e-02 6.596980234374999600e+02 5.648224000000000400e+01 5.953111874999999600e+02 2.487744800000000100e+01 6.438683593749999500e+01 3.160479200000000000e+01
1.891867421305598600e-02 6.596963945312500100e+02 5.649451600000000400e+01 5.958326250000000100e+02 2.488576000000000100e+01 6.386376953125000000e+01 3.160875600000000000e+01
1.919107859344691300e-02 6.596953515625000400e+02 5.649652799999999800e+01 5.963549375000000100e+02 2.488166400000000100e+01 6.334041406250000300e+01 3.161486400000000100e+01
1.934430487856334700e-02 6.596955585937499800e+02 5.649516400000000300e+01 5.966461249999999800e+02 2.487619000000000100e+01 6.304943359375000300e+01 3.161897400000000100e+01
1.943049538938962700e-02 6.596965039062499700e+02 5.649354400000000000e+01 5.968068124999999800e+02 2.487238400000000000e+01 6.288969140625000200e+01 3.162116000000000000e+01
1.951864461058734300e-02 6.597000117187499200e+02 5.649114600000000100e+01 5.969691874999999800e+02 2.486853400000000000e+01 6.273082421875000100e+01 3.162261200000000000e+01
1.971697927010978800e-02 6.596924296875000700e+02 5.647942399999999500e+01 5.973205625000000500e+02 2.485304199999999900e+01 6.237186718750000100e+01 3.162638200000000000e+01
1.982854306017737800e-02 6.597400078124999300e+02 5.643602199999999400e+01 5.976114374999999700e+02 2.480095199999999900e+01 6.212857031250000300e+01 3.163506999999999900e+01
2.007956122510530900e-02 6.596916132812500600e+02 5.643373199999999900e+01 5.980145625000000100e+02 2.478445000000000000e+01 6.167705078125000300e+01 3.164928199999999900e+01
2.064435173346901000e-02 6.596962187500000700e+02 5.638329000000000200e+01 5.989108750000000300e+02 2.471747600000000100e+01 6.078534375000000300e+01 3.166581400000000100e+01
2.134328053165530200e-02 6.596953007812500100e+02 5.630864400000000100e+01 5.998889375000000000e+02 2.462198800000000200e+01 5.980636328125000000e+01 3.168665599999999900e+01
2.152198456056618800e-02 6.596960117187500100e+02 5.628706800000000500e+01 6.001164999999999700e+02 2.459611200000000200e+01 5.957951171874999800e+01 3.169095600000000000e+01
2.157727097442083800e-02 6.596961757812499600e+02 5.627977400000000300e+01 6.001813750000000000e+02 2.458741200000000000e+01 5.951480078125000300e+01 3.169236199999999900e+01
2.163381386470635000e-02 6.598005937500000800e+02 5.620130600000000200e+01 6.000917500000000500e+02 2.453448399999999900e+01 5.970884375000000000e+01 3.166682200000000000e+01
2.166561896844884600e-02 6.595886992187499800e+02 5.621606800000000000e+01 6.000452500000000100e+02 2.453219000000000000e+01 5.954344921874999800e+01 3.168387800000000000e+01
2.170497743974224600e-02 6.595935156250000100e+02 5.622162000000000100e+01 6.001038750000000200e+02 2.453275199999999900e+01 5.948964062500000000e+01 3.168886799999999900e+01
2.172711667052582000e-02 6.596529062500000000e+02 5.621936600000000100e+01 6.001708750000000200e+02 2.452985800000000100e+01 5.948203124999999900e+01 3.168950800000000000e+01
2.174975936241968200e-02 6.600309218749999900e+02 5.612604199999999800e+01 6.002551250000000200e+02 2.447424399999999900e+01 5.977579687499999700e+01 3.165179799999999900e+01
2.177693175340957400e-02 6.597724804687500200e+02 5.613639399999999600e+01 6.001825000000000000e+02 2.446744599999999900e+01 5.958998046874999900e+01 3.166894800000000000e+01
2.182787708472248200e-02 6.595794843749999900e+02 5.615732400000000300e+01 6.001443749999999700e+02 2.447265799999999900e+01 5.943510937500000300e+01 3.168466600000000000e+01
2.194250516834894300e-02 6.597094687500000400e+02 5.615016400000000400e+01 6.003350625000000500e+02 2.446498400000000100e+01 5.937440625000000000e+01 3.168517999999999900e+01
2.220041944468092300e-02 6.596987773437499500e+02 5.610173799999999700e+01 6.004932499999999900e+02 2.441414199999999800e+01 5.920552734374999900e+01 3.168759599999999900e+01
2.250991744681723700e-02 6.596961210937500900e+02 5.606909000000000300e+01 6.007758750000000400e+02 2.436982000000000100e+01 5.892024609375000200e+01 3.169926999999999900e+01
2.265499404589189900e-02 6.596955273437499700e+02 5.605098400000000000e+01 6.009104999999999600e+02 2.434721199999999900e+01 5.878502734375000200e+01 3.170377200000000100e+01
2.283452653674507600e-02 6.596961914062500200e+02 5.602400600000000000e+01 6.010686875000000100e+02 2.431574000000000200e+01 5.862750390624999900e+01 3.170826599999999800e+01
2.288043000247223400e-02 6.597022304687500300e+02 5.601404999999999700e+01 6.011061250000000200e+02 2.430585000000000000e+01 5.859610546874999700e+01 3.170820000000000100e+01
2.288387298003626000e-02 6.597032109375001000e+02 5.601319399999999900e+01 6.011090625000000500e+02 2.430505399999999800e+01 5.859414843750000300e+01 3.170814000000000000e+01
2.288742332394656800e-02 6.597062343750000100e+02 5.601233200000000100e+01 6.011137499999999800e+02 2.430428399999999900e+01 5.859248437499999800e+01 3.170804800000000200e+01
2.289105346716830600e-02 6.597300546875000000e+02 5.601196600000000100e+01 6.011337499999999600e+02 2.430412600000000000e+01 5.859630468750000200e+01 3.170784000000000100e+01
2.289541050957233400e-02 6.599515468750000800e+02 5.600716200000000100e+01 6.012473125000000200e+02 2.430810800000000100e+01 5.870423437499999900e+01 3.169905400000000000e+01
2.290358050816610300e-02 6.599017265625000200e+02 5.601474199999999800e+01 6.012611875000000100e+02 2.431176000000000000e+01 5.864053906249999700e+01 3.170298199999999900e+01
2.290817694850441600e-02 6.597438632812500100e+02 5.601178600000000100e+01 6.011470000000000500e+02 2.430793600000000200e+01 5.859686328125000200e+01 3.170384999999999900e+01
2.291851603747248700e-02 6.596616679687499500e+02 5.599902999999999800e+01 6.010796249999999600e+02 2.429835999999999900e+01 5.858204296875000200e+01 3.170066999999999900e+01
2.294178116399549200e-02 6.596097773437500100e+02 5.599339799999999900e+01 6.010502500000000100e+02 2.429470200000000100e+01 5.855952734374999800e+01 3.169869600000000200e+01
2.299412661049983800e-02 6.596655273437500000e+02 5.598982399999999900e+01 6.011393124999999600e+02 2.428825600000000100e+01 5.852621484374999700e+01 3.170156800000000200e+01
2.311190459058289400e-02 6.597000898437499900e+02 5.597084000000000300e+01 6.012750624999999900e+02 2.426807000000000200e+01 5.842502734375000300e+01 3.170277000000000100e+01
2.332390379401514200e-02 6.596995117187499300e+02 5.593536999999999900e+01 6.014668124999999500e+02 2.422973000000000000e+01 5.823269921875000000e+01 3.170563999999999900e+01
2.358890424920202100e-02 6.596971992187500300e+02 5.590824399999999600e+01 6.017116875000000400e+02 2.419466800000000000e+01 5.798551171874999700e+01 3.171357600000000000e+01
2.418515454792421300e-02 6.596947539062499600e+02 5.585309600000000100e+01 6.022070625000000100e+02 2.412572000000000100e+01 5.748769140625000100e+01 3.172737600000000000e+01
2.452054379937784100e-02 6.596972890624999800e+02 5.582298000000000100e+01 6.024589999999999500e+02 2.408690599999999900e+01 5.723828906250000200e+01 3.173607399999999900e+01
2.460308240353381200e-02 6.596999648437500800e+02 5.581528799999999500e+01 6.025308750000000400e+02 2.407506199999999900e+01 5.716908984375000100e+01 3.174022600000000000e+01
2.461767261945619100e-02 6.597049648437499600e+02 5.581363199999999800e+01 6.025502500000000100e+02 2.407232200000000000e+01 5.715471484375000000e+01 3.174130999999999900e+01
2.463259654159000500e-02 6.602439296874999900e+02 5.574152600000000000e+01 6.032143125000000100e+02 2.398622800000000100e+01 5.702961718750000100e+01 3.175529800000000000e+01
2.466617319004622100e-02 6.597887031249999800e+02 5.580042799999999700e+01 6.029582500000000200e+02 2.401858599999999900e+01 5.683045312499999800e+01 3.178184200000000100e+01
2.474172137452100600e-02 6.595484374999999800e+02 5.580654799999999900e+01 6.028163124999999800e+02 2.401744199999999900e+01 5.673212500000000300e+01 3.178910600000000000e+01
2.491170551503754700e-02 6.597080898437500300e+02 5.579009200000000100e+01 6.030539999999999700e+02 2.399932600000000000e+01 5.665408984375000000e+01 3.179076600000000100e+01
2.529416765485490900e-02 6.596960742187500300e+02 5.576267199999999500e+01 6.032997500000000200e+02 2.396252799999999900e+01 5.639632421875000300e+01 3.180014400000000000e+01
2.567065210079794900e-02 6.596956601562500300e+02 5.574164400000000100e+01 6.035303750000000500e+02 2.393207000000000000e+01 5.616528515625000000e+01 3.180957400000000100e+01
2.573519378388180000e-02 6.596960468750000900e+02 5.573859600000000100e+01 6.035688750000000500e+02 2.392759600000000100e+01 5.612717187500000200e+01 3.181100000000000000e+01
2.585620726331916800e-02 6.596949960937500900e+02 5.572479800000000000e+01 6.036001250000000500e+02 2.391408600000000100e+01 5.609487109375000100e+01 3.181071199999999900e+01
2.600142169756811500e-02 6.596974882812500000e+02 5.572048600000000100e+01 6.036869375000000000e+02 2.390549800000000100e+01 5.601055078124999700e+01 3.181498800000000000e+01
2.627370275175047400e-02 6.596959531249999600e+02 5.571108400000000000e+01 6.038318749999999700e+02 2.388908000000000000e+01 5.586407812499999900e+01 3.182200400000000000e+01
2.688633222186763100e-02 6.596962695312499800e+02 5.568476400000000100e+01 6.041156875000000400e+02 2.384793399999999900e+01 5.558058203125000300e+01 3.183682999999999900e+01
2.707586574278773200e-02 6.596955078124999500e+02 5.567825400000000300e+01 6.041956874999999600e+02 2.383623400000000100e+01 5.549982031249999900e+01 3.184202000000000200e+01
2.718247762285699900e-02 6.596963554687499700e+02 5.567471999999999400e+01 6.042388124999999900e+02 2.382973399999999800e+01 5.545754296874999800e+01 3.184498599999999900e+01
2.724244607994768000e-02 6.596966445312500600e+02 5.567251600000000200e+01 6.042596250000000300e+02 2.382585999999999900e+01 5.543701953125000200e+01 3.184665599999999900e+01
2.727617942523361300e-02 6.596964257812500100e+02 5.567091800000000000e+01 6.042684375000000000e+02 2.382339599999999900e+01 5.542798828125000200e+01 3.184752200000000100e+01
2.729515425059488000e-02 6.596962148437500000e+02 5.566975800000000200e+01 6.042718125000000100e+02 2.382182200000000100e+01 5.542440234375000300e+01 3.184793600000000100e+01
2.730582704577437900e-02 6.596960039062499800e+02 5.566893400000000000e+01 6.042726249999999500e+02 2.382081799999999900e+01 5.542337890625000100e+01 3.184811600000000100e+01
2.731674359157787800e-02 6.596952578125000200e+02 5.566762400000000400e+01 6.042699999999999800e+02 2.381944199999999900e+01 5.542525781250000000e+01 3.184818200000000100e+01
2.732288378586820700e-02 6.596937382812500300e+02 5.566599000000000100e+01 6.042628750000000100e+02 2.381792199999999900e+01 5.543086328124999800e+01 3.184806800000000100e+01
2.732633691970822900e-02 6.597054765625000500e+02 5.566257199999999700e+01 6.042551875000000300e+02 2.381574799999999900e+01 5.545028906249999800e+01 3.184682400000000200e+01
2.733410792174485400e-02 6.599188593750000100e+02 5.561343800000000200e+01 6.042088125000000200e+02 2.379192799999999900e+01 5.571004687500000300e+01 3.182151000000000000e+01
2.735159412722382200e-02 6.597149257812499200e+02 5.561596199999999600e+01 6.041409999999999600e+02 2.378594599999999900e+01 5.557392578124999700e+01 3.183001600000000100e+01
2.739093373686179700e-02 6.596040976562500200e+02 5.563727800000000200e+01 6.041228125000000100e+02 2.379420800000000100e+01 5.548128515625000300e+01 3.184307000000000100e+01
2.747945293668523100e-02 6.597097617187499700e+02 5.564336199999999600e+01 6.042378125000000200e+02 2.379609800000000100e+01 5.547194921874999800e+01 3.184726399999999900e+01
2.767861750904654000e-02 6.596982070312500400e+02 5.564025399999999900e+01 6.042958750000000200e+02 2.378672999999999900e+01 5.540233203124999800e+01 3.185352400000000000e+01
2.812674142410090400e-02 6.596961445312500700e+02 5.563397400000000200e+01 6.044420625000000200e+02 2.376619600000000100e+01 5.525408203125000000e+01 3.186777800000000100e+01
2.868129150446339600e-02 6.596959101562499700e+02 5.562708399999999600e+01 6.046066875000000200e+02 2.374133399999999800e+01 5.508922265625000100e+01 3.188575000000000200e+01
2.924844407244539900e-02 6.596953007812500100e+02 5.561489400000000000e+01 6.047165625000000100e+02 2.371236400000000100e+01 5.497873828125000300e+01 3.190252999999999900e+01
3.052454242854290400e-02 6.596962539062500400e+02 5.562270600000000100e+01 6.050041250000000400e+02 2.367377400000000200e+01 5.469212890624999800e+01 3.194893199999999900e+01
3.339576227886571800e-02 6.596970781250000800e+02 5.566290800000000200e+01 6.052696875000000300e+02 2.357875599999999800e+01 5.442739062500000100e+01 3.208415200000000300e+01
3.428404468679725800e-02 6.596957812499999800e+02 5.568068399999999900e+01 6.051641875000000300e+02 2.356486599999999900e+01 5.453159374999999900e+01 3.211581799999999700e+01
3.519251777141692300e-02 6.596964492187499900e+02 5.569503799999999700e+01 6.049938124999999900e+02 2.355263199999999900e+01 5.470263671875000000e+01 3.214240600000000100e+01
3.723657858456974600e-02 6.596962617187499500e+02 5.571418800000000700e+01 6.043588125000000000e+02 2.352074800000000100e+01 5.533744921875000200e+01 3.219344000000000200e+01
3.752402440971677100e-02 6.596959023437500500e+02 5.571836799999999800e+01 6.042729375000000100e+02 2.351760799999999900e+01 5.542296484375000200e+01 3.220076000000000200e+01
3.768571522543097400e-02 6.596975859374999800e+02 5.572077600000000100e+01 6.042224374999999600e+02 2.351595800000000100e+01 5.547514843750000300e+01 3.220481800000000300e+01
3.769821905208362700e-02 6.597000507812499600e+02 5.572108199999999600e+01 6.042181249999999900e+02 2.351591399999999900e+01 5.548192578124999800e+01 3.220516800000000000e+01
3.771101015625742700e-02 6.597429648437500900e+02 5.572225799999999700e+01 6.042368750000000500e+02 2.351712800000000000e+01 5.550608984374999700e+01 3.220512999999999700e+01
3.773978723885533500e-02 6.597161835937500900e+02 5.571696800000000100e+01 6.041933125000000500e+02 2.351577400000000000e+01 5.552287109374999800e+01 3.220119400000000100e+01
3.780453494925233000e-02 6.596791054687499800e+02 5.571576600000000200e+01 6.041473125000000000e+02 2.351440800000000000e+01 5.553179296874999700e+01 3.220135799999999900e+01
3.795021947399042400e-02 6.596965625000000300e+02 5.571934000000000300e+01 6.041315624999999700e+02 2.351425000000000100e+01 5.556499999999999800e+01 3.220508999999999800e+01
3.827800892920286300e-02 6.596962382812500900e+02 5.573126400000000300e+01 6.040571250000000400e+02 2.351460000000000200e+01 5.563911328124999800e+01 3.221666400000000200e+01
3.901553157618940800e-02 6.596961992187500500e+02 5.575399000000000200e+01 6.038750000000000000e+02 2.351281200000000000e+01 5.582119921875000300e+01 3.224117799999999800e+01
4.067496261004714000e-02 6.596961640625000900e+02 5.579611599999999800e+01 6.033355625000000400e+02 2.350210999999999800e+01 5.636060156250000100e+01 3.229400600000000300e+01
4.440868243622703900e-02 6.596964218749999400e+02 5.590751399999999900e+01 6.019050624999999900e+02 2.348341599999999800e+01 5.779135937499999900e+01 3.242409800000000100e+01
4.902916122893846000e-02 6.596960625000000400e+02 5.607016800000000200e+01 5.999241875000000200e+02 2.344058199999999900e+01 5.977187500000000100e+01 3.262958600000000300e+01
5.375465011190429200e-02 6.596966835937500900e+02 5.621074600000000000e+01 5.975158125000000400e+02 2.338878400000000100e+01 6.218087109375000000e+01 3.282196199999999900e+01
5.588111894852165100e-02 6.596961249999999400e+02 5.627383600000000300e+01 5.963481874999999900e+02 2.336614799999999900e+01 6.334793750000000000e+01 3.290768800000000000e+01
5.853920789608649900e-02 6.596964023437499200e+02 5.633856600000000000e+01 5.948446249999999500e+02 2.333083200000000100e+01 6.485177734375000100e+01 3.300773399999999900e+01
6.451990802810740600e-02 6.596963671874999600e+02 5.648496000000000100e+01 5.915109374999999500e+02 2.325518200000000100e+01 6.818542968750000500e+01 3.322977800000000300e+01
7.000000241429189800e-02 6.596961875000000600e+02 5.657946199999999900e+01 5.885620625000000200e+02 2.317382200000000100e+01 7.113412499999999700e+01 3.340563999999999800e+01
