0.000000000000000000e+00 0.000000000000000000e+00 0.000000000000000000e+00 0.000000000000000000e+00 0.000000000000000000e+00 0.000000000000000000e+00 0.000000000000000000e+00
1.272606607899183100e-07 1.078774593749999900e+03 1.802733154296874700e-04 7.844436250000000000e+02 2.160823730468749800e-03 2.943309687500000100e+02 -1.980550415039062300e-03
1.400124712946497400e-03 1.078774218749999800e+03 1.540475799999999900e+01 7.786576874999999500e+02 8.640876999999999700e+00 3.001165312499999800e+02 6.763880999999999600e+00
4.025120069932379400e-03 1.078771000000000000e+03 3.909028899999999900e+01 8.019136250000000200e+02 2.424344599999999900e+01 2.768573749999999900e+02 1.484684300000000000e+01
4.394260077430797500e-03 1.078772500000000000e+03 4.175125599999999800e+01 8.079339374999999600e+02 2.616712400000000100e+01 2.708385625000000200e+02 1.558413200000000000e+01
4.446170254963710000e-03 1.078771499999999800e+03 4.211250700000000100e+01 8.088088749999999400e+02 2.642463400000000100e+01 2.699626250000000000e+02 1.568787300000000000e+01
4.562968517136903300e-03 1.078774249999999900e+03 4.292162499999999900e+01 8.108123124999999600e+02 2.699797999999999800e+01 2.679619374999999800e+02 1.592364500000000000e+01
4.599102733524426000e-03 1.078773781250000000e+03 4.316874700000000300e+01 8.114390624999999800e+02 2.717143000000000100e+01 2.673347187499999800e+02 1.599731700000000100e+01
4.636058520095525900e-03 1.078771281249999900e+03 4.342066400000000200e+01 8.120785624999999800e+02 2.734803600000000000e+01 2.666927187499999800e+02 1.607262800000000200e+01
4.656846240722805500e-03 1.078773281249999900e+03 4.356127899999999900e+01 8.124424374999999800e+02 2.744624999999999900e+01 2.663308437499999900e+02 1.611502900000000000e+01
4.703618068047968900e-03 1.078774343750000100e+03 4.387705100000000200e+01 8.132606250000000000e+02 2.766644600000000100e+01 2.655137187500000100e+02 1.621060500000000100e+01
4.808855223615801100e-03 1.078774218750000000e+03 4.458287599999999900e+01 8.151109999999999900e+02 2.815640799999999900e+01 2.636632187500000000e+02 1.642646800000000000e+01
4.939085886247369100e-03 1.078772390625000100e+03 4.544739299999999800e+01 8.174137500000000500e+02 2.875291199999999800e+01 2.613586406250000200e+02 1.669448100000000000e+01
4.972383599837729300e-03 1.078772109375000100e+03 4.566682699999999800e+01 8.180058125000000500e+02 2.890396799999999900e+01 2.607662968750000200e+02 1.676285899999999900e+01
4.991113586402567300e-03 1.078781812499999900e+03 4.578659799999999800e+01 8.183558124999999600e+02 2.898489199999999900e+01 2.604259999999999900e+02 1.680170599999999900e+01
5.033255965492414700e-03 1.078776781250000100e+03 4.605747399999999900e+01 8.191372499999999900e+02 2.916649599999999900e+01 2.596395312500000000e+02 1.689097800000000000e+01
5.085406991856184600e-03 1.078836703125000000e+03 4.635957599999999700e+01 8.202938749999999600e+02 2.934696599999999800e+01 2.585428281250000300e+02 1.701260999999999900e+01
5.138743400718819500e-03 1.078724218750000100e+03 4.668083199999999500e+01 8.215274375000000200e+02 2.952272599999999900e+01 2.571967812500000200e+02 1.715810600000000000e+01
5.258750683383892400e-03 1.078768843750000100e+03 4.744238599999999900e+01 8.240680625000000000e+02 3.001325200000000100e+01 2.547007812500000100e+02 1.742913400000000100e+01
5.528766162569948000e-03 1.078774046875000100e+03 4.905761599999999600e+01 8.297050625000000500e+02 3.103914000000000000e+01 2.490689843750000100e+02 1.801847600000000000e+01
5.680650005633657400e-03 1.078771125000000000e+03 4.994716199999999900e+01 8.330323124999999900e+02 3.158809600000000000e+01 2.457388124999999900e+02 1.835906599999999900e+01
5.868606039256461100e-03 1.078772531250000200e+03 5.101903000000000100e+01 8.371452500000000300e+02 3.224160200000000000e+01 2.416272812500000100e+02 1.877742800000000000e+01
5.916662998219775600e-03 1.078773031250000000e+03 5.128787800000000600e+01 8.382084999999999600e+02 3.240281000000000200e+01 2.405645312499999900e+02 1.888506800000000000e+01
5.943695014966381100e-03 1.078778546875000100e+03 5.143721800000000100e+01 8.388186250000000000e+02 3.249138399999999600e+01 2.399599218749999900e+02 1.894583400000000100e+01
6.004517324689350900e-03 1.078776562500000000e+03 5.176861200000000500e+01 8.402055625000000400e+02 3.268486800000000200e+01 2.385710000000000000e+02 1.908374399999999900e+01
6.023334002324331700e-03 1.078791218750000100e+03 5.186699400000000500e+01 8.406792500000000200e+02 3.273990400000000300e+01 2.381119687499999900e+02 1.912708999999999900e+01
6.033918655537115100e-03 1.078803453125000000e+03 5.191905800000000000e+01 8.409651874999999600e+02 3.276745199999999900e+01 2.378382656249999900e+02 1.915160600000000100e+01
6.044743794856614500e-03 1.078911453125000000e+03 5.195131399999999600e+01 8.414356249999999600e+02 3.277265200000000100e+01 2.374758281249999900e+02 1.917866199999999900e+01
6.069099995601345800e-03 1.078730093749999900e+03 5.208256400000000500e+01 8.418585624999999500e+02 3.284825800000000100e+01 2.368715312500000000e+02 1.923430600000000000e+01
6.123901447276990800e-03 1.078759046875000000e+03 5.238187200000000100e+01 8.432168124999999500e+02 3.301834000000000200e+01 2.355422343749999900e+02 1.936353199999999900e+01
6.247205166952369900e-03 1.078773453125000100e+03 5.303472000000000000e+01 8.461153749999999700e+02 3.338602399999999900e+01 2.326580781250000000e+02 1.964869600000000100e+01
6.524639080308188500e-03 1.078772781250000000e+03 5.447331400000000200e+01 8.524686874999999900e+02 3.420396399999999900e+01 2.263040937499999900e+02 2.026934999999999900e+01
7.148864841272565100e-03 1.078773234374999900e+03 5.755305799999999300e+01 8.666891875000000000e+02 3.589735199999999800e+01 2.120840468750000100e+02 2.165570599999999900e+01
8.553372622080340400e-03 1.078773687500000100e+03 6.351303000000000100e+01 9.001228125000000100e+02 3.874007999999999900e+01 1.786508750000000100e+02 2.477295000000000200e+01
9.343409019573518600e-03 1.078772906250000000e+03 6.640640600000000400e+01 9.182886250000000200e+02 3.994750400000000200e+01 1.604842812500000100e+02 2.645890199999999800e+01
1.032107826347821200e-02 1.078775484375000100e+03 6.929212799999999100e+01 9.375248125000000500e+02 4.122066399999999900e+01 1.412506718749999900e+02 2.807146399999999900e+01
1.132096726292619200e-02 1.078774710937500000e+03 7.141725800000000400e+01 9.531946874999999900e+02 4.225354399999999800e+01 1.255800234375000000e+02 2.916371399999999900e+01
1.188340441705102200e-02 1.078774343750000100e+03 7.236105000000000600e+01 9.610698125000000100e+02 4.272430800000000100e+01 1.177045312500000000e+02 2.963674200000000200e+01
1.257942126581844100e-02 1.078773515625000100e+03 7.329833600000000600e+01 9.694986874999999600e+02 4.321132000000000100e+01 1.092748281250000000e+02 3.008701599999999800e+01
1.329125578900767700e-02 1.078773742187499900e+03 7.407612399999999300e+01 9.773296874999999800e+02 4.359941599999999800e+01 1.014440546875000000e+02 3.047670799999999900e+01
1.369166261762058700e-02 1.078776960937500000e+03 7.443279800000000500e+01 9.814051250000000000e+02 4.378801200000000200e+01 9.737183593749999500e+01 3.064478600000000000e+01
1.459257943289620500e-02 1.078774187499999900e+03 7.518948000000000300e+01 9.891940624999999700e+02 4.422512799999999800e+01 8.958012499999999500e+01 3.096435200000000200e+01
1.570746286735494000e-02 1.078773070312500100e+03 7.585275599999999900e+01 9.969524374999999700e+02 4.463734800000000300e+01 8.182063281249999400e+01 3.121540800000000000e+01
1.633458534332419400e-02 1.078772757812500000e+03 7.613425200000000400e+01 1.000776187500000000e+03 4.480984000000000100e+01 7.799657031249999800e+01 3.132441199999999900e+01
1.668734182673793600e-02 1.078772929687500000e+03 7.626883799999998800e+01 1.002791687500000000e+03 4.488893199999999700e+01 7.598124218750000100e+01 3.137990599999999800e+01
1.677753536120481200e-02 1.078773718749999900e+03 7.630086199999999500e+01 1.003297375000000000e+03 4.490758000000000300e+01 7.547634374999999800e+01 3.139328199999999900e+01
1.682826886161828800e-02 1.078773375000000000e+03 7.631754399999999800e+01 1.003574812500000000e+03 4.491661200000000100e+01 7.519856249999999400e+01 3.140093200000000100e+01
1.685680654628190400e-02 1.078772382812499900e+03 7.632452200000000200e+01 1.003724500000000000e+03 4.491952400000000300e+01 7.504788281250000600e+01 3.140499799999999900e+01
1.686563525191910100e-02 1.078771812499999900e+03 7.632535400000000400e+01 1.003768875000000000e+03 4.491928000000000100e+01 7.500293750000000200e+01 3.140607400000000000e+01
1.687060167088313600e-02 1.078773742187499900e+03 7.632470399999999700e+01 1.003795499999999900e+03 4.491814399999999800e+01 7.497824218750000100e+01 3.140655999999999900e+01
1.687568125977973900e-02 1.078791023437500100e+03 7.632059000000001000e+01 1.003835062500000000e+03 4.491402800000000200e+01 7.495596093749999500e+01 3.140656200000000100e+01
1.687853807512890200e-02 1.078818953125000000e+03 7.631488400000000600e+01 1.003872375000000000e+03 4.490880800000000100e+01 7.494657812500000200e+01 3.140607599999999900e+01
1.688014421763348400e-02 1.078851335937499900e+03 7.630917200000000400e+01 1.003904874999999900e+03 4.490397600000000000e+01 7.494646093750000700e+01 3.140519600000000000e+01
1.688376130278607800e-02 1.079560164062500000e+03 7.621367200000000300e+01 1.004449187500000000e+03 4.482983200000000300e+01 7.511097656249999900e+01 3.138383999999999900e+01
1.688823586781239300e-02 1.080663617187500000e+03 7.589330599999999500e+01 1.005294500000000000e+03 4.457131600000000300e+01 7.536911718749999500e+01 3.132199000000000000e+01
1.689281199559870800e-02 1.079550351562500100e+03 7.574998200000000300e+01 1.004469125000000000e+03 4.443905999999999800e+01 7.508122656250000700e+01 3.131092200000000100e+01
1.690310900856620300e-02 1.079122281250000000e+03 7.586523199999999200e+01 1.004245187500000000e+03 4.452792399999999900e+01 7.487709375000000000e+01 3.133730800000000000e+01
1.692627692501893000e-02 1.078462593750000000e+03 7.600033799999999900e+01 1.003961062500000000e+03 4.461607600000000000e+01 7.450153124999999900e+01 3.138426200000000000e+01
1.697840328614098500e-02 1.078513351562500000e+03 7.600974800000000200e+01 1.004564000000000000e+03 4.459076000000000300e+01 7.394935156249999900e+01 3.141898799999999900e+01
1.709569086318289700e-02 1.078809554687499900e+03 7.609232799999999500e+01 1.005588750000000000e+03 4.464392399999999800e+01 7.322080468750000600e+01 3.144840400000000000e+01
1.724083275260327600e-02 1.078771601562499900e+03 7.612983199999999300e+01 1.006273312500000000e+03 4.466581600000000000e+01 7.249828906250000700e+01 3.146401600000000100e+01
1.738927543172367300e-02 1.078792320312499900e+03 7.611304599999999700e+01 1.007094187500000000e+03 4.462655600000000100e+01 7.169813281250000600e+01 3.148649000000000000e+01
1.747277307851336600e-02 1.078817851562500000e+03 7.605137600000000500e+01 1.007621374999999900e+03 4.455163199999999800e+01 7.119647656249999600e+01 3.149974400000000000e+01
1.766064387196260000e-02 1.078751539062499900e+03 7.608481600000000400e+01 1.008404874999999900e+03 4.456643199999999900e+01 7.034666406249999700e+01 3.151838400000000100e+01
1.808335388267165400e-02 1.078774976562499900e+03 7.617953199999999500e+01 1.009855500000000000e+03 4.465449600000000200e+01 6.891947656249999500e+01 3.152503600000000000e+01
1.860645723074479800e-02 1.078778578125000000e+03 7.623835400000000100e+01 1.011581750000000100e+03 4.470252000000000000e+01 6.719682812499999600e+01 3.153583400000000100e+01
1.874020522938967300e-02 1.078763875000000100e+03 7.624698000000000800e+01 1.012020875000000000e+03 4.470709600000000000e+01 6.674299999999999500e+01 3.153988400000000100e+01
1.898095249748839300e-02 1.078777335937500100e+03 7.623171600000000600e+01 1.012830250000000000e+03 4.468784399999999800e+01 6.594708593750000600e+01 3.154387200000000000e+01
1.905618583740717500e-02 1.078780007812499900e+03 7.622888799999999800e+01 1.013069062500000000e+03 4.468339999999999900e+01 6.571094531250000200e+01 3.154548799999999900e+01
1.922546048950028000e-02 1.078760656250000000e+03 7.622297799999999800e+01 1.013615812499999900e+03 4.467347999999999800e+01 6.514484375000000700e+01 3.154949800000000000e+01
1.960632954488220800e-02 1.078773792968750100e+03 7.625159999999999600e+01 1.014654062500000000e+03 4.470949600000000100e+01 6.411973046875000600e+01 3.154210399999999800e+01
1.972415975724183700e-02 1.078773371093750000e+03 7.625568200000000700e+01 1.014952562500000000e+03 4.471631200000000200e+01 6.382080859375000200e+01 3.153937000000000200e+01
1.975428762454774600e-02 1.078776617187500100e+03 7.625380200000000700e+01 1.015028812500000000e+03 4.471526000000000100e+01 6.374780468750000000e+01 3.153854200000000000e+01
1.982207351236533700e-02 1.078774378906249900e+03 7.624338000000000200e+01 1.015194250000000000e+03 4.470633600000000000e+01 6.358012890625000300e+01 3.153704400000000200e+01
1.997459321085147700e-02 1.078773753906250000e+03 7.625614000000000200e+01 1.015559625000000000e+03 4.472059600000000000e+01 6.321412890624999600e+01 3.153554400000000200e+01
2.031776216972115700e-02 1.078774394531250000e+03 7.624373599999999800e+01 1.016347937499999900e+03 4.472317600000000200e+01 6.242645703125000300e+01 3.152056000000000000e+01
2.051079380227499200e-02 1.078773195312500100e+03 7.623229000000000600e+01 1.016770562500000000e+03 4.471813999999999800e+01 6.200263281250000300e+01 3.151415000000000100e+01
2.094511678914183800e-02 1.078774238281250100e+03 7.619186399999999500e+01 1.017745750000000000e+03 4.469904799999999800e+01 6.102848828124999900e+01 3.149281600000000100e+01
2.148259126775507400e-02 1.078773703125000100e+03 7.613644399999999700e+01 1.018884187500000100e+03 4.465014399999999700e+01 5.988951562500000100e+01 3.148630000000000000e+01
2.162001438741540200e-02 1.078773570312499900e+03 7.611871199999998800e+01 1.019163750000000100e+03 4.463409999999999700e+01 5.960982031249999800e+01 3.148461199999999800e+01
2.169731380405190800e-02 1.078773632812500000e+03 7.610754799999999400e+01 1.019315312500000000e+03 4.462376799999999800e+01 5.945832031250000000e+01 3.148377999999999900e+01
2.174079572340133900e-02 1.078773824218750000e+03 7.610054199999999000e+01 1.019398187499999900e+03 4.461724799999999600e+01 5.937563671875000200e+01 3.148329400000000100e+01
2.179460367364969100e-02 1.078786398437500100e+03 7.608218599999999300e+01 1.019503562500000000e+03 4.460045999999999800e+01 5.928283593750000300e+01 3.148172599999999800e+01
2.184963472970776600e-02 1.078759097656250100e+03 7.606829000000000500e+01 1.019574875000000000e+03 4.458743200000000000e+01 5.918422265625000000e+01 3.148085800000000100e+01
2.197345424311428900e-02 1.078775640625000100e+03 7.605410000000000500e+01 1.019820187500000000e+03 4.457284400000000300e+01 5.895545312499999800e+01 3.148125599999999800e+01
2.225204959917554500e-02 1.078773652343750000e+03 7.599620000000000200e+01 1.020303874999999900e+03 4.452027600000000300e+01 5.846977734375000300e+01 3.147592399999999900e+01
2.240875948696000000e-02 1.078773054687500000e+03 7.595745999999999800e+01 1.020557000000000000e+03 4.448533599999999700e+01 5.821605468749999800e+01 3.147212400000000100e+01
2.276135492085431400e-02 1.078773203125000000e+03 7.585608400000001000e+01 1.021125500000000000e+03 4.439154400000000300e+01 5.764770312500000000e+01 3.146454000000000000e+01
2.355469791163379600e-02 1.078774234375000100e+03 7.565104600000000800e+01 1.022121062500000000e+03 4.419245200000000300e+01 5.665317187499999800e+01 3.145859400000000200e+01
2.533971710181863800e-02 1.078773789062499900e+03 7.509424599999999800e+01 1.024016562500000000e+03 4.365796400000000000e+01 5.475722656250000100e+01 3.143628199999999900e+01
2.748173954968181900e-02 1.078773394531250000e+03 7.429222199999999500e+01 1.025638375000000000e+03 4.286338800000000000e+01 5.313501953125000200e+01 3.142883399999999800e+01
2.848581511118668600e-02 1.078773636718749900e+03 7.386861999999999300e+01 1.026082312499999900e+03 4.243288799999999800e+01 5.269132421874999700e+01 3.143573200000000200e+01
3.074498004643463600e-02 1.078773796875000000e+03 7.280396400000000800e+01 1.026169374999999900e+03 4.134621200000000100e+01 5.260442187500000000e+01 3.145775199999999900e+01
3.201575941570124900e-02 1.078773874999999900e+03 7.220146599999999600e+01 1.025937062499999900e+03 4.073225999999999700e+01 5.283681250000000100e+01 3.146920600000000000e+01
3.358835138796526600e-02 1.078773738281250000e+03 7.148480200000000200e+01 1.025391500000000000e+03 4.002125199999999700e+01 5.338223828124999700e+01 3.146355000000000100e+01
3.380949704338386000e-02 1.078774324218749800e+03 7.139539800000000000e+01 1.025314374999999900e+03 3.993330000000000300e+01 5.345994921874999800e+01 3.146209800000000100e+01
3.393389111183266900e-02 1.078774226562500000e+03 7.134702999999999000e+01 1.025271000000000000e+03 3.988580799999999700e+01 5.350322656249999700e+01 3.146122199999999900e+01
3.400386204988684700e-02 1.078774542968750000e+03 7.131974800000000400e+01 1.025246812500000000e+03 3.985900000000000200e+01 5.352773046875000100e+01 3.146074799999999900e+01
3.404322197207682000e-02 1.078779343750000000e+03 7.130432400000000800e+01 1.025239000000000000e+03 3.984360000000000200e+01 5.354034374999999800e+01 3.146072399999999900e+01
3.408347564655479800e-02 1.078886730468750100e+03 7.126397000000000000e+01 1.025318062500000000e+03 3.980573199999999900e+01 5.356866796874999900e+01 3.145823800000000100e+01
3.417404641413025100e-02 1.078733589843750000e+03 7.125228599999999800e+01 1.025190062500000100e+03 3.978506800000000300e+01 5.354352734375000000e+01 3.146721799999999900e+01
3.437783064117501400e-02 1.078777449218750000e+03 7.117533400000000700e+01 1.025156687500000100e+03 3.970960000000000200e+01 5.362076171875000300e+01 3.146573400000000100e+01
3.444087790079028400e-02 1.078776542968749900e+03 7.115115600000000000e+01 1.025133000000000000e+03 3.968597200000000000e+01 5.364354296874999800e+01 3.146518400000000100e+01
3.450535574442498800e-02 1.078773335937500000e+03 7.112600000000000500e+01 1.025097687499999900e+03 3.966228000000000300e+01 5.367564843750000100e+01 3.146371999999999900e+01
3.456882666583911700e-02 1.078775011718750000e+03 7.110281799999999900e+01 1.025079125000000000e+03 3.963911999999999800e+01 5.369588671875000300e+01 3.146369800000000100e+01
3.458004789992262500e-02 1.078775617187500100e+03 7.109880400000000100e+01 1.025076250000000100e+03 3.963508000000000200e+01 5.369936718750000200e+01 3.146372399999999900e+01
3.459152449180270100e-02 1.078805464843750100e+03 7.109152799999999700e+01 1.025099812500000100e+03 3.962806799999999900e+01 5.370565234375000300e+01 3.146346000000000100e+01
3.461734464718801300e-02 1.078830085937499900e+03 7.107292799999999000e+01 1.025122625000000000e+03 3.960947999999999800e+01 5.370746093750000200e+01 3.146344800000000000e+01
3.467544144770153700e-02 1.078730898437500200e+03 7.106401400000000000e+01 1.025035125000000100e+03 3.959611600000000200e+01 5.369577343750000200e+01 3.146789800000000200e+01
3.480615562161552800e-02 1.078775660156249800e+03 7.102133399999999600e+01 1.025029687499999900e+03 3.955357200000000300e+01 5.374597265624999700e+01 3.146776200000000000e+01
3.510026976740488600e-02 1.078774312500000200e+03 7.092577000000000000e+01 1.024911187500000100e+03 3.946148399999999900e+01 5.386312499999999700e+01 3.146428600000000100e+01
3.576202369363780400e-02 1.078773953124999900e+03 7.072236399999999900e+01 1.024624062500000000e+03 3.926626000000000300e+01 5.414989062499999800e+01 3.145610400000000000e+01
3.658094163828202300e-02 1.078777066406250000e+03 7.046392600000000100e+01 1.024462375000000100e+03 3.900347599999999900e+01 5.431469140624999900e+01 3.146045000000000200e+01
3.741847168414465200e-02 1.078774249999999900e+03 7.024134999999999700e+01 1.023989000000000000e+03 3.879902800000000000e+01 5.478524999999999800e+01 3.144232200000000100e+01
3.845491674815830500e-02 1.078775363281250100e+03 6.999514999999999500e+01 1.023327250000000000e+03 3.857685200000000200e+01 5.544811328125000200e+01 3.141829800000000000e+01
3.871991720334518100e-02 1.078774917968750100e+03 6.993781400000000300e+01 1.023146437500000000e+03 3.852505200000000200e+01 5.562848046874999900e+01 3.141276200000000100e+01
3.931616895296394900e-02 1.078774113281250000e+03 6.981350399999999500e+01 1.022774250000000100e+03 3.841033600000000100e+01 5.599986328125000100e+01 3.140316800000000100e+01
3.950063304126344400e-02 1.078777609374999900e+03 6.977536200000000100e+01 1.022684062500000000e+03 3.837330399999999700e+01 5.609354687500000100e+01 3.140205800000000000e+01
3.968929022065439300e-02 1.078774390625000000e+03 6.973094000000000400e+01 1.022681750000000000e+03 3.831937200000000100e+01 5.609264062500000100e+01 3.141156799999999900e+01
4.011377032518060500e-02 1.078774324218750100e+03 6.965041600000000700e+01 1.022367250000000000e+03 3.824844800000000300e+01 5.640707421874999700e+01 3.140196800000000000e+01
4.106884620767486900e-02 1.078774234374999900e+03 6.947103599999999800e+01 1.021718000000000000e+03 3.809189200000000100e+01 5.705623437500000300e+01 3.137914400000000000e+01
4.225075526014775200e-02 1.078773726562499900e+03 6.926126999999999600e+01 1.020888687499999900e+03 3.791302000000000300e+01 5.788503906249999900e+01 3.134825000000000000e+01
4.345952621174424500e-02 1.078774613281249900e+03 6.905995000000000100e+01 1.020008750000000000e+03 3.774563599999999800e+01 5.876586328124999900e+01 3.131431400000000000e+01
4.495538026434490300e-02 1.078774003906250100e+03 6.883796800000000400e+01 1.018881187500000000e+03 3.756344800000000100e+01 5.989281640624999900e+01 3.127451999999999900e+01
4.562468755812872100e-02 1.078771335937500000e+03 6.873805400000000500e+01 1.018297500000000000e+03 3.748193200000000000e+01 6.047383593749999900e+01 3.125612200000000100e+01
4.567847229403192800e-02 1.078771738281250000e+03 6.873050200000000100e+01 1.018251687500000000e+03 3.747560800000000100e+01 6.052005078124999900e+01 3.125489400000000000e+01
4.570872638933955900e-02 1.078771316406250000e+03 6.872587199999999500e+01 1.018224187500000000e+03 3.747178799999999700e+01 6.054712890625000200e+01 3.125408399999999900e+01
4.572574250432938400e-02 1.078770117187500100e+03 6.872301600000000100e+01 1.018206750000000100e+03 3.746945600000000100e+01 6.056336718749999900e+01 3.125356000000000000e+01
4.573531551990772700e-02 1.078768777343749900e+03 6.872124800000000300e+01 1.018195687500000000e+03 3.746802400000000000e+01 6.057308984374999700e+01 3.125322399999999900e+01
4.574716063951694800e-02 1.078763621093749900e+03 6.871831399999999200e+01 1.018175625000000000e+03 3.746571600000000000e+01 6.058799609375000000e+01 3.125259799999999900e+01
4.575382315657299700e-02 1.078778773437499900e+03 6.871142199999999900e+01 1.018153437500000000e+03 3.746145200000000100e+01 6.062533593749999700e+01 3.124997000000000100e+01
4.575927562588845400e-02 1.079013898437500100e+03 6.863814600000000600e+01 1.018008562500000000e+03 3.742427200000000200e+01 6.100533593750000000e+01 3.121387400000000100e+01
4.576609193798107700e-02 1.078979457031249900e+03 6.855506400000000200e+01 1.017872250000000000e+03 3.736717600000000100e+01 6.110720703124999900e+01 3.118788800000000100e+01
4.578142501294803200e-02 1.078807562500000100e+03 6.856550799999999400e+01 1.017776437500000000e+03 3.737157599999999700e+01 6.103112500000000300e+01 3.119393200000000000e+01
4.581592443162368200e-02 1.078625539062499900e+03 6.860791399999999400e+01 1.017710875000000000e+03 3.739176799999999900e+01 6.091466406250000200e+01 3.121614599999999800e+01
4.589354739819562200e-02 1.078762964843750100e+03 6.862814000000000200e+01 1.017885375000000000e+03 3.739517599999999900e+01 6.087758984375000200e+01 3.123296399999999900e+01
4.606820052387905500e-02 1.078792140625000000e+03 6.860607600000000200e+01 1.017752812500000000e+03 3.738027199999999800e+01 6.103932812499999700e+01 3.122580400000000000e+01
4.646117005666677200e-02 1.078775562500000000e+03 6.852846199999999000e+01 1.017330875000000000e+03 3.732023999999999800e+01 6.144468750000000100e+01 3.120822199999999900e+01
4.734535223088742800e-02 1.078774136718750000e+03 6.843073200000000600e+01 1.016603500000000100e+03 3.723659200000000200e+01 6.217063671875000400e+01 3.119414000000000100e+01
4.933476067198731800e-02 1.078774199218750000e+03 6.820442799999999300e+01 1.014828250000000000e+03 3.704227199999999700e+01 6.394594921875000200e+01 3.116215600000000000e+01
5.381093329170351400e-02 1.078774265625000000e+03 6.773277799999999600e+01 1.010350562500000000e+03 3.663159199999999800e+01 6.842370312500000300e+01 3.110118599999999800e+01
5.519574442610573200e-02 1.078774242187500000e+03 6.760837000000000800e+01 1.008877000000000000e+03 3.651863600000000100e+01 6.989724218749999800e+01 3.108973400000000000e+01
5.661203421252186700e-02 1.078774500000000000e+03 6.746377200000000600e+01 1.007296437500000000e+03 3.639448800000000300e+01 7.147806249999999300e+01 3.106928400000000000e+01
5.740869830555338200e-02 1.078774101562499900e+03 6.738946400000000400e+01 1.006406812500000000e+03 3.632978399999999700e+01 7.236728906250000600e+01 3.105968000000000000e+01
5.920118816218455200e-02 1.078774453125000000e+03 6.723500599999999800e+01 1.004424750000000000e+03 3.617835999999999800e+01 7.434970312500000500e+01 3.105664600000000100e+01
6.020946261836716100e-02 1.078774195312500100e+03 6.714351800000000000e+01 1.003318000000000000e+03 3.608545600000000100e+01 7.545619531250000000e+01 3.105806200000000000e+01
6.120198614137023500e-02 1.078771429687500100e+03 6.704652799999999500e+01 1.002111812500000000e+03 3.600251200000000300e+01 7.665961718750000400e+01 3.104401599999999900e+01
6.137744596554738800e-02 1.078774367187500000e+03 6.702784199999999300e+01 1.001895000000000000e+03 3.598670800000000000e+01 7.687936718749999400e+01 3.104113400000000000e+01
6.147614755750918000e-02 1.078773210937499900e+03 6.701682999999999900e+01 1.001768000000000000e+03 3.597732800000000000e+01 7.700521093749999600e+01 3.103950199999999900e+01
6.157708933377726400e-02 1.078760593750000000e+03 6.695642999999999700e+01 1.001506187500000000e+03 3.593276399999999900e+01 7.725440625000000200e+01 3.102366599999999900e+01
6.163386581841078000e-02 1.078763984375000100e+03 6.696720200000000000e+01 1.001491437500000000e+03 3.593437200000000300e+01 7.727254687500000300e+01 3.103283000000000100e+01
6.176162016331904200e-02 1.078785625000000000e+03 6.695896399999999500e+01 1.001335937500000000e+03 3.592569999999999900e+01 7.744968749999999600e+01 3.103326399999999900e+01
6.177958806645973700e-02 1.078784218750000000e+03 6.695408000000000500e+01 1.001306750000000000e+03 3.592180400000000200e+01 7.747746875000000000e+01 3.103227600000000000e+01
6.178969211018323100e-02 1.078783132812500100e+03 6.694970999999999600e+01 1.001288187500000000e+03 3.591843999999999700e+01 7.749494531249999300e+01 3.103126999999999900e+01
6.179537382115698300e-02 1.078783625000000000e+03 6.694626200000000400e+01 1.001276437500000000e+03 3.591591600000000300e+01 7.750718750000000100e+01 3.103034600000000200e+01
6.180816492533077600e-02 1.078849234374999900e+03 6.691613400000000000e+01 1.001228125000000000e+03 3.589813600000000100e+01 7.762110937500000300e+01 3.101799799999999900e+01
6.183694490972183000e-02 1.078771296875000000e+03 6.690499199999999300e+01 1.001157625000000100e+03 3.588801600000000000e+01 7.761367187499999400e+01 3.101697600000000000e+01
6.190168971832568000e-02 1.078751164062500000e+03 6.691406800000000000e+01 1.001108562499999900e+03 3.589021199999999800e+01 7.764260156250000500e+01 3.102385599999999900e+01
6.204737714485691900e-02 1.078781515624999900e+03 6.690250800000001200e+01 1.000947562500000000e+03 3.588239200000000300e+01 7.783395312499999400e+01 3.102011600000000200e+01
6.237516369827621200e-02 1.078774609375000000e+03 6.686392000000000700e+01 1.000523000000000000e+03 3.585554400000000200e+01 7.825160937500000100e+01 3.100837599999999800e+01
6.311268924705590300e-02 1.078774445312499900e+03 6.678900200000001100e+01 9.995963749999999700e+02 3.579798000000000300e+01 7.917807031249999700e+01 3.099102200000000100e+01
6.477212028091364200e-02 1.078774335937499900e+03 6.660358800000000200e+01 9.974887499999999800e+02 3.565356400000000300e+01 8.128558593750000200e+01 3.095002399999999900e+01
6.682567285943680200e-02 1.078774171875000100e+03 6.639040400000000400e+01 9.949934375000000300e+02 3.548085199999999900e+01 8.378073437499999400e+01 3.090955200000000100e+01
6.798078965582152200e-02 1.078774117187500000e+03 6.627458400000000400e+01 9.935996249999999500e+02 3.538570399999999700e+01 8.517449218749999300e+01 3.088888000000000000e+01
6.863054756920178300e-02 1.078773796875000000e+03 6.620422800000000100e+01 9.927975625000000300e+02 3.533043599999999900e+01 8.597623437500000400e+01 3.087379200000000200e+01
6.892127242060025500e-02 1.078771062500000000e+03 6.616932399999998900e+01 9.924170625000000400e+02 3.530439599999999700e+01 8.635399999999999900e+01 3.086492799999999900e+01
6.901472176697344400e-02 1.078444242187500100e+03 6.614757800000001000e+01 9.917489375000000100e+02 3.528456400000000300e+01 8.669530468749999800e+01 3.086301400000000000e+01
6.922498569810624200e-02 1.078843429687500000e+03 6.611187999999999900e+01 9.918399375000000200e+02 3.526107199999999900e+01 8.700349218750000100e+01 3.085080800000000100e+01
6.969806503418933500e-02 1.078771320312499900e+03 6.607126999999999800e+01 9.912483750000000100e+02 3.522527600000000100e+01 8.752294531249999900e+01 3.084599400000000100e+01
7.000000241429189800e-02 1.078773906250000000e+03 6.604027000000000700e+01 9.908937499999999500e+02 3.519986800000000200e+01 8.788015624999999900e+01 3.084040200000000100e+01
