0.000000000000000000e+00 0.000000000000000000e+00 0.000000000000000000e+00 0.000000000000000000e+00 0.000000000000000000e+00 0.000000000000000000e+00 0.000000000000000000e+00
9.084858880178328100e-07 2.560074187499999900e+03 3.409917724609374800e-03 1.827838999999999900e+03 1.257953125000000000e-03 7.322351875000000500e+02 2.151964599609374900e-03
1.400890363343491700e-03 2.560072500000000200e+03 2.449304999999999700e+01 1.817874250000000100e+03 1.347369999999999900e+01 7.421982500000000300e+02 1.101934999999999900e+01
4.025856166285727800e-03 2.560073625000000000e+03 6.972653199999999200e+01 1.796543375000000000e+03 3.788375599999999800e+01 7.635302500000000200e+02 3.184277600000000100e+01
6.609806822690332700e-03 2.560067874999999700e+03 1.126024319999999900e+02 1.770152624999999900e+03 6.000462000000000300e+01 7.899152500000000100e+02 5.259781199999999800e+01
6.817445839515898700e-03 2.560074125000000100e+03 1.159348640000000000e+02 1.767981250000000000e+03 6.162280799999999900e+01 7.920928750000000500e+02 5.431205599999999800e+01
6.934242664589390600e-03 2.560075499999999900e+03 1.177914119999999900e+02 1.766807250000000100e+03 6.250386799999999700e+01 7.932682499999999700e+02 5.528754399999999700e+01
6.999940878693229800e-03 2.560073187500000100e+03 1.188331680000000000e+02 1.766156500000000100e+03 6.299398399999999800e+01 7.939166874999999700e+02 5.583918400000000300e+01
7.147762347990424000e-03 2.560075187500000100e+03 1.211609279999999800e+02 1.764748250000000100e+03 6.407374799999999500e+01 7.953269374999999900e+02 5.708717999999999600e+01
7.230911436906540000e-03 2.560079624999999900e+03 1.224404840000000000e+02 1.764103499999999900e+03 6.463283599999999800e+01 7.959761250000000200e+02 5.780764800000000000e+01
7.417997374531355500e-03 2.560062812500000300e+03 1.252816440000000000e+02 1.763035750000000000e+03 6.578252000000000500e+01 7.970270625000000600e+02 5.949912400000000200e+01
7.444306304037124000e-03 2.560056062499999800e+03 1.256922759999999900e+02 1.762822375000000000e+03 6.596205200000000000e+01 7.972336874999999700e+02 5.973022400000000000e+01
7.503501720467471400e-03 2.560086812500000200e+03 1.265781520000000000e+02 1.762476875000000100e+03 6.632650800000000400e+01 7.976099375000000000e+02 6.025164399999999900e+01
7.636691082393383900e-03 2.560072500000000200e+03 1.285862600000000100e+02 1.761686124999999900e+03 6.714239200000000100e+01 7.983863750000000400e+02 6.144386800000000200e+01
7.876431283775282500e-03 2.560074312499999900e+03 1.322151480000000000e+02 1.759972874999999900e+03 6.866812000000000200e+01 8.001014374999999700e+02 6.354702799999999700e+01
8.116172135241923200e-03 2.560078187499999800e+03 1.357432279999999900e+02 1.758777374999999900e+03 7.003883999999999300e+01 8.013008125000000100e+02 6.570438799999999400e+01
8.363404563274527300e-03 2.560075875000000000e+03 1.393757520000000100e+02 1.757421125000000100e+03 7.146410400000000600e+01 8.026547500000000400e+02 6.791164800000000000e+01
8.397117957990836800e-03 2.560079937500000100e+03 1.398602080000000000e+02 1.757255500000000000e+03 7.164748000000000200e+01 8.028244375000000400e+02 6.821272799999999800e+01
8.412920867982329200e-03 2.560140937500000300e+03 1.400728000000000000e+02 1.757275750000000000e+03 7.171798400000000100e+01 8.028651875000000500e+02 6.835481600000000000e+01
8.448478553111486000e-03 2.560025812500000000e+03 1.405228879999999900e+02 1.757274875000000100e+03 7.184054399999999400e+01 8.027509374999999600e+02 6.868234400000000100e+01
8.528481881961418000e-03 2.560063250000000200e+03 1.416958880000000000e+02 1.756935500000000000e+03 7.228792799999999400e+01 8.031277499999999900e+02 6.940796000000000300e+01
8.708490347000880400e-03 2.560073374999999900e+03 1.442466959999999900e+02 1.756169249999999900e+03 7.324479200000000400e+01 8.039041250000000200e+02 7.100190399999999600e+01
9.113509393339670400e-03 2.560075750000000000e+03 1.498330560000000000e+02 1.755571625000000000e+03 7.517729599999999800e+01 8.045041250000000400e+02 7.465576000000000100e+01
1.002480208508076100e-02 2.560070937500000100e+03 1.610981039999999800e+02 1.761555125000000100e+03 7.929375199999999800e+01 7.985158125000000400e+02 8.180435199999999400e+01
1.092185532063469200e-02 2.560057125000000300e+03 1.704696000000000100e+02 1.775579625000000100e+03 8.257583999999999900e+01 7.844774999999999600e+02 8.789376000000000000e+01
1.121019390706879400e-02 2.560066562500000100e+03 1.731447759999999800e+02 1.781720375000000100e+03 8.345348799999999300e+01 7.783461875000000400e+02 8.969128800000000000e+01
1.185895637663026600e-02 2.560072062500000400e+03 1.788183040000000100e+02 1.795032875000000100e+03 8.524345599999999500e+01 7.650391875000000300e+02 9.357484800000000300e+01
1.331867095801646600e-02 2.560071562500000300e+03 1.896209440000000100e+02 1.828054750000000000e+03 8.824327999999999900e+01 7.320168125000000100e+02 1.013776640000000000e+02
1.352394301629667800e-02 2.560069812499999900e+03 1.909587040000000100e+02 1.832858375000000000e+03 8.857754400000000300e+01 7.272114374999999900e+02 1.023811599999999900e+02
1.398580612255426500e-02 2.560072000000000100e+03 1.938362720000000100e+02 1.843906125000000000e+03 8.925371199999999300e+01 7.161658750000000300e+02 1.045825600000000000e+02
1.502499648642198500e-02 2.560072000000000100e+03 1.998588479999999900e+02 1.869448000000000100e+03 9.063030399999999500e+01 6.906240000000000200e+02 1.092285440000000000e+02
1.689554122165505500e-02 2.560070999999999900e+03 2.091746959999999800e+02 1.915250000000000000e+03 9.262787199999999600e+01 6.448210000000000300e+02 1.165468240000000000e+02
1.923372181565402200e-02 2.560072437500000000e+03 2.188381440000000000e+02 1.969832625000000000e+03 9.445984799999999400e+01 5.902398124999999700e+02 1.243782960000000100e+02
2.054894856229962800e-02 2.560072750000000300e+03 2.234282000000000000e+02 1.999658500000000000e+03 9.517363199999999800e+01 5.604142500000000400e+02 1.282545680000000100e+02
2.128876320098481800e-02 2.560073000000000300e+03 2.258430880000000200e+02 2.015916500000000000e+03 9.551701599999999800e+01 5.441565000000000500e+02 1.303260720000000100e+02
2.220428404388739800e-02 2.560072062499999900e+03 2.286705039999999900e+02 2.035484625000000100e+03 9.590675199999999700e+01 5.245874374999999600e+02 1.327637520000000100e+02
2.314061149904007500e-02 2.560072874999999800e+03 2.312741599999999900e+02 2.055973125000000000e+03 9.605915199999999700e+01 5.040997499999999700e+02 1.352150080000000100e+02
2.524735152355732400e-02 2.560073468749999800e+03 2.356322879999999900e+02 2.093225124999999900e+03 9.671084799999999900e+01 4.668483437500000300e+02 1.389214399999999900e+02
2.785444097122369300e-02 2.560073531250000100e+03 2.392701119999999800e+02 2.129167500000000000e+03 9.737327999999999400e+01 4.309060312500000100e+02 1.418968319999999900e+02
3.052078174260821100e-02 2.560073281250000000e+03 2.416804559999999900e+02 2.157233000000000200e+03 9.771514399999999500e+01 4.028402812499999800e+02 1.439653120000000100e+02
3.134567947231675000e-02 2.560073093749999800e+03 2.421453839999999800e+02 2.164052499999999800e+03 9.777480799999999300e+01 3.960205937499999900e+02 1.443705760000000000e+02
3.180968655805321100e-02 2.560072281250000300e+03 2.423470960000000200e+02 2.167840000000000100e+03 9.777221600000000000e+01 3.922322812500000300e+02 1.445748800000000100e+02
3.192832442311584200e-02 2.560076593750000000e+03 2.423833359999999900e+02 2.168833000000000100e+03 9.775672799999999500e+01 3.912435937500000000e+02 1.446266080000000000e+02
3.196502820764501200e-02 2.560096562499999900e+03 2.423779999999999900e+02 2.169163000000000000e+03 9.773755199999999400e+01 3.909335624999999900e+02 1.446404479999999900e+02
3.198567229870963300e-02 2.560171093750000200e+03 2.423441200000000300e+02 2.169418250000000200e+03 9.770047200000000500e+01 3.907528437500000100e+02 1.446436480000000100e+02
3.200678705112740300e-02 2.560154875000000200e+03 2.423230160000000000e+02 2.169617999999999900e+03 9.767216799999999900e+01 3.905368750000000100e+02 1.446508480000000000e+02
3.205429524406739500e-02 2.559990625000000400e+03 2.423684959999999900e+02 2.169958250000000100e+03 9.768198400000000000e+01 3.900323750000000000e+02 1.446865119999999900e+02
3.208101892763851700e-02 2.560059468750000200e+03 2.423577520000000000e+02 2.170291250000000200e+03 9.765642400000000100e+01 3.897682187500000200e+02 1.447013279999999900e+02
3.211409003862980600e-02 2.560056781249999900e+03 2.423735760000000100e+02 2.170624249999999800e+03 9.765116000000000400e+01 3.894325312500000100e+02 1.447224160000000100e+02
3.213269286360477500e-02 2.560150812500000000e+03 2.423439040000000100e+02 2.170889000000000100e+03 9.761873599999999800e+01 3.892618125000000200e+02 1.447251680000000000e+02
3.213530880460628600e-02 2.560200374999999900e+03 2.423308400000000200e+02 2.170951000000000000e+03 9.760796000000000600e+01 3.892493749999999900e+02 1.447228800000000000e+02
3.213798455340405300e-02 2.560315187500000300e+03 2.423056960000000100e+02 2.171050000000000200e+03 9.758972799999999400e+01 3.892651875000000200e+02 1.447159680000000000e+02
3.214400433811429000e-02 2.560873968750000100e+03 2.421199520000000100e+02 2.171399249999999900e+03 9.746398399999999600e+01 3.894747187500000200e+02 1.446559680000000000e+02
3.215754690345810200e-02 2.560362749999999800e+03 2.421368959999999800e+02 2.171253499999999800e+03 9.745384000000000000e+01 3.891092499999999700e+02 1.446830559999999900e+02
3.218802287615962100e-02 2.559930531250000100e+03 2.422384480000000100e+02 2.171445499999999800e+03 9.749297599999999900e+01 3.884850312500000200e+02 1.447454720000000100e+02
3.225658861406009700e-02 2.559926500000000000e+03 2.423141840000000100e+02 2.172244000000000100e+03 9.750531999999999800e+01 3.876825000000000000e+02 1.448088640000000000e+02
3.241086672501410800e-02 2.560126031249999900e+03 2.422885520000000100e+02 2.173676250000000000e+03 9.741700000000000200e+01 3.864497812500000000e+02 1.448715520000000100e+02
3.242279708019794900e-02 2.560110218750000100e+03 2.422849679999999900e+02 2.173755250000000200e+03 9.740858400000000500e+01 3.863549687500000100e+02 1.448763840000000000e+02
3.243500047097339100e-02 2.560740312499999600e+03 2.420465600000000000e+02 2.174161999999999800e+03 9.722724800000000300e+01 3.865783124999999800e+02 1.448193120000000000e+02
3.246246005047237500e-02 2.560100718749999900e+03 2.421500320000000100e+02 2.174124749999999900e+03 9.726820800000000100e+01 3.859759687499999900e+02 1.448818239999999900e+02
3.252423890366713100e-02 2.559807937500000200e+03 2.422469760000000200e+02 2.174556500000000100e+03 9.730251199999999300e+01 3.852514375000000100e+02 1.449444640000000100e+02
3.266324522386380300e-02 2.560111718749999900e+03 2.423120480000000000e+02 2.175772750000000100e+03 9.731604799999999500e+01 3.843389687499999900e+02 1.449960000000000100e+02
3.283526284725550600e-02 2.560081781249999900e+03 2.423461759999999900e+02 2.176859750000000100e+03 9.729489599999999400e+01 3.832220312499999900e+02 1.450512799999999900e+02
3.301119138045463500e-02 2.560042875000000100e+03 2.423814320000000200e+02 2.178122499999999900e+03 9.724973599999999900e+01 3.819203749999999800e+02 1.451316960000000100e+02
3.340703058015268000e-02 2.560075812500000200e+03 2.425038160000000000e+02 2.180824250000000100e+03 9.723869600000000400e+01 3.792515624999999800e+02 1.452651200000000000e+02
3.429767007964276700e-02 2.560074312499999900e+03 2.426939920000000100e+02 2.187204749999999900e+03 9.709287200000000000e+01 3.728695624999999700e+02 1.456011200000000100e+02
3.630160570307174000e-02 2.560073843749999900e+03 2.428849199999999900e+02 2.199953000000000000e+03 9.672218399999999900e+01 3.601208437500000100e+02 1.461627360000000000e+02
3.692157331907432200e-02 2.560072843750000200e+03 2.428407120000000000e+02 2.203275000000000100e+03 9.656706400000000200e+01 3.567978437500000300e+02 1.462736480000000100e+02
3.727030477803339900e-02 2.560072781249999900e+03 2.428013520000000100e+02 2.205111750000000000e+03 9.646727199999999400e+01 3.549610312500000200e+02 1.463340800000000000e+02
3.762696207016604600e-02 2.560074000000000100e+03 2.427525440000000000e+02 2.206948750000000000e+03 9.635651199999999500e+01 3.531252499999999900e+02 1.463960319999999900e+02
3.767711740817516300e-02 2.560078968750000100e+03 2.427422240000000200e+02 2.207201250000000100e+03 9.633812799999999800e+01 3.528777187499999900e+02 1.464040960000000100e+02
3.770532848563581300e-02 2.560095687499999700e+03 2.427324960000000000e+02 2.207351999999999900e+03 9.632447999999999400e+01 3.527436875000000200e+02 1.464080160000000000e+02
3.771405782355039700e-02 2.560126874999999900e+03 2.427237519999999900e+02 2.207415500000000100e+03 9.631589599999999500e+01 3.527113749999999800e+02 1.464078560000000100e+02
3.772298478722653500e-02 2.560780593750000200e+03 2.425594479999999700e+02 2.207735000000000100e+03 9.620568799999999500e+01 3.530455937500000200e+02 1.463537599999999900e+02
3.774306720507412900e-02 2.560249062500000000e+03 2.426463280000000100e+02 2.207606749999999900e+03 9.624842400000000000e+01 3.526423125000000000e+02 1.463979040000000100e+02
3.778825849599389700e-02 2.559808562499999900e+03 2.427018720000000100e+02 2.207619999999999900e+03 9.626819199999999900e+01 3.521885624999999900e+02 1.464336800000000100e+02
3.788993695030914300e-02 2.560068749999999900e+03 2.426978560000000000e+02 2.208318749999999900e+03 9.624870400000000400e+01 3.517500000000000000e+02 1.464491520000000000e+02
3.811871477268793900e-02 2.560077843750000300e+03 2.426544159999999700e+02 2.209297750000000200e+03 9.618348799999999700e+01 3.507800937499999900e+02 1.464709279999999900e+02
3.863346227270125100e-02 2.560073124999999900e+03 2.425532720000000200e+02 2.211621749999999800e+03 9.600935200000000700e+01 3.484513749999999800e+02 1.465439200000000100e+02
3.927046210894230600e-02 2.560072562500000000e+03 2.423890079999999900e+02 2.214316499999999900e+03 9.576313600000000300e+01 3.457560624999999800e+02 1.466258719999999900e+02
3.962877321665841300e-02 2.560072281250000300e+03 2.422833440000000000e+02 2.215757750000000200e+03 9.561651200000000000e+01 3.443145312500000200e+02 1.466668320000000000e+02
3.983032288970635200e-02 2.560073312500000200e+03 2.422192400000000100e+02 2.216529000000000000e+03 9.553148000000000200e+01 3.435443124999999900e+02 1.466877600000000000e+02
3.988185640736835500e-02 2.560075500000000400e+03 2.422014800000000000e+02 2.216717500000000200e+03 9.550848800000000000e+01 3.433580000000000000e+02 1.466929920000000000e+02
3.991084498618034700e-02 2.560076125000000000e+03 2.421906559999999900e+02 2.216817250000000100e+03 9.549481600000000000e+01 3.432588749999999900e+02 1.466958400000000000e+02
3.992714911150786100e-02 2.560076187499999800e+03 2.421840239999999900e+02 2.216869999999999900e+03 9.548668000000000700e+01 3.432061875000000000e+02 1.466973439999999900e+02
3.994732774189726400e-02 2.560077718749999800e+03 2.421733760000000200e+02 2.216922999999999800e+03 9.547468800000000000e+01 3.431547187499999700e+02 1.466986880000000000e+02
3.995867822149129500e-02 2.560099093750000100e+03 2.421590400000000000e+02 2.216938999999999900e+03 9.546192000000000600e+01 3.431600937499999900e+02 1.466971200000000100e+02
3.996158019977925900e-02 2.560124937500000200e+03 2.421516080000000100e+02 2.216945000000000200e+03 9.545676000000000300e+01 3.431799374999999900e+02 1.466948480000000100e+02
3.996517126789365900e-02 2.560221812500000400e+03 2.421304800000000100e+02 2.216949750000000200e+03 9.544508799999999800e+01 3.432720625000000000e+02 1.466853920000000100e+02
3.996884294651606400e-02 2.560547218750000000e+03 2.420672160000000000e+02 2.216931750000000200e+03 9.541683199999999900e+01 3.436154687499999900e+02 1.466503840000000000e+02
3.997091021599538700e-02 2.560788187499999800e+03 2.420088959999999900e+02 2.216892750000000000e+03 9.538875199999999700e+01 3.438954375000000100e+02 1.466201440000000100e+02
3.997555702173068200e-02 2.560759406250000200e+03 2.419148960000000000e+02 2.216703000000000000e+03 9.532387199999999400e+01 3.440564062500000100e+02 1.465910240000000000e+02
3.998601558505879300e-02 2.560369593749999700e+03 2.419273599999999900e+02 2.216532999999999900e+03 9.531995200000000100e+01 3.438365937500000200e+02 1.466074079999999900e+02
4.000954865271653300e-02 2.559984187500000200e+03 2.419946400000000000e+02 2.216522750000000100e+03 9.534108799999999900e+01 3.434614374999999900e+02 1.466535519999999900e+02
4.006249935511593100e-02 2.559804593750000100e+03 2.420352879999999800e+02 2.216742000000000200e+03 9.533978399999999500e+01 3.430625937500000200e+02 1.466955040000000000e+02
4.018163128458242300e-02 2.560130593750000100e+03 2.419976560000000100e+02 2.217353250000000100e+03 9.529023200000000300e+01 3.427773437500000000e+02 1.467074240000000000e+02
4.021848848911069300e-02 2.560124687500000200e+03 2.419761360000000000e+02 2.217429500000000200e+03 9.526781599999999600e+01 3.426951874999999700e+02 1.467083199999999900e+02
4.022791211752966400e-02 2.560115812500000200e+03 2.419682320000000000e+02 2.217435750000000100e+03 9.526039199999999600e+01 3.426800625000000200e+02 1.467078400000000000e+02
4.023321420868481600e-02 2.560112124999999700e+03 2.419622720000000100e+02 2.217436749999999800e+03 9.525512000000000500e+01 3.426753749999999700e+02 1.467071520000000100e+02
4.023977486390033900e-02 2.560142968749999900e+03 2.419452880000000100e+02 2.217438000000000100e+03 9.524298400000000700e+01 3.427049687499999800e+02 1.467023040000000000e+02
4.024648373843701900e-02 2.560391062500000300e+03 2.418700560000000300e+02 2.217405000000000200e+03 9.520312800000000700e+01 3.429860625000000000e+02 1.466669280000000100e+02
4.026157870614455200e-02 2.560157281249999900e+03 2.418410959999999900e+02 2.217291499999999800e+03 9.517234399999999500e+01 3.428657812500000000e+02 1.466687520000000100e+02
4.029554173340176000e-02 2.559932781250000100e+03 2.418649679999999800e+02 2.217324500000000200e+03 9.517005600000000200e+01 3.426082812500000000e+02 1.466949119999999900e+02
4.037196049498471100e-02 2.560050312500000000e+03 2.418289600000000000e+02 2.217593499999999900e+03 9.513190400000000600e+01 3.424568125000000100e+02 1.466970560000000000e+02
4.046652702222328100e-02 2.560108812500000100e+03 2.417971360000000200e+02 2.217909500000000200e+03 9.509131200000000200e+01 3.421993125000000200e+02 1.467058240000000100e+02
4.056324402978814900e-02 2.560125312499999800e+03 2.416048000000000100e+02 2.217891999999999800e+03 9.493446400000000600e+01 3.422333125000000100e+02 1.466703359999999900e+02
4.078085599663960900e-02 2.560079593749999700e+03 2.415921360000000100e+02 2.218588749999999900e+03 9.488551200000000600e+01 3.414908437500000100e+02 1.467066240000000100e+02
4.105015230081320000e-02 2.560074031250000200e+03 2.415048239999999900e+02 2.219428750000000000e+03 9.477559200000000300e+01 3.406452812499999800e+02 1.467292320000000000e+02
4.132556980291676700e-02 2.560074968750000200e+03 2.413620080000000000e+02 2.220145750000000100e+03 9.462308000000000200e+01 3.399292187500000200e+02 1.467389279999999900e+02
4.194525658231083200e-02 2.560074125000000100e+03 2.411565919999999900e+02 2.222092999999999800e+03 9.437742400000000500e+01 3.379811250000000200e+02 1.467791680000000000e+02
4.271211994693810400e-02 2.560073374999999900e+03 2.409058559999999700e+02 2.224495249999999900e+03 9.408311999999999400e+01 3.355781250000000000e+02 1.468227359999999900e+02
4.314347977693501500e-02 2.560073031250000000e+03 2.407623519999999900e+02 2.225887000000000200e+03 9.391299200000000300e+01 3.341860312499999800e+02 1.468493599999999900e+02
4.317105117100960400e-02 2.560088718749999800e+03 2.407525279999999800e+02 2.226023749999999800e+03 9.389846400000000400e+01 3.340649687499999900e+02 1.468540639999999900e+02
4.323309005810114400e-02 2.560105218749999900e+03 2.407303519999999800e+02 2.226512499999999800e+03 9.384807999999999600e+01 3.335927187500000200e+02 1.468822720000000000e+02
4.337267885422657600e-02 2.560058250000000000e+03 2.406914240000000100e+02 2.226893000000000000e+03 9.380228800000000400e+01 3.331652500000000100e+02 1.468891360000000100e+02
4.345119608935646400e-02 2.560084875000000000e+03 2.406670480000000200e+02 2.227145250000000000e+03 9.377525599999999900e+01 3.329396249999999800e+02 1.468917920000000100e+02
4.362785791814448300e-02 2.560076968749999700e+03 2.406151760000000200e+02 2.227704249999999800e+03 9.371210399999999700e+01 3.323727187499999900e+02 1.469030720000000100e+02
4.402535613410393100e-02 2.560065968749999700e+03 2.405140000000000100e+02 2.229224749999999900e+03 9.356148799999999700e+01 3.308412187500000000e+02 1.469525120000000100e+02
4.414833136456469000e-02 2.560074593750000100e+03 2.404824239999999800e+02 2.229532999999999900e+03 9.353037600000000400e+01 3.305415937500000000e+02 1.469520479999999900e+02
4.427409935907677300e-02 2.560075624999999900e+03 2.404491679999999900e+02 2.229837250000000000e+03 9.349755199999999900e+01 3.302383750000000200e+02 1.469516160000000000e+02
4.428382982749392400e-02 2.560097624999999900e+03 2.404418079999999800e+02 2.229875250000000100e+03 9.349155199999999900e+01 3.302223750000000000e+02 1.469502560000000000e+02
4.428930094068198000e-02 2.560107125000000000e+03 2.404371360000000100e+02 2.229893500000000100e+03 9.348780800000000100e+01 3.302136249999999800e+02 1.469493280000000100e+02
4.429237974201974400e-02 2.560119000000000100e+03 2.404336079999999900e+02 2.229907000000000200e+03 9.348520800000000000e+01 3.302119999999999900e+02 1.469483999999999900e+02
4.429411156777223600e-02 2.560130968749999700e+03 2.404309199999999900e+02 2.229917250000000000e+03 9.348335199999999600e+01 3.302137187500000000e+02 1.469475679999999900e+02
4.429587979827028000e-02 2.560155000000000200e+03 2.404265839999999900e+02 2.229933750000000100e+03 9.348059999999999500e+01 3.302212500000000000e+02 1.469459840000000100e+02
4.429806928368108800e-02 2.560387999999999900e+03 2.403975279999999900e+02 2.230051500000000000e+03 9.346584799999999400e+01 3.303365000000000000e+02 1.469316800000000000e+02
4.430031077587124500e-02 2.561177250000000200e+03 2.403000320000000200e+02 2.230426500000000000e+03 9.342012800000000500e+01 3.307507499999999800e+02 1.468799040000000100e+02
4.430535543346859900e-02 2.560683343749999900e+03 2.402574800000000200e+02 2.230077499999999900e+03 9.337959200000000200e+01 3.306058437500000200e+02 1.468778880000000100e+02
4.431669811204573500e-02 2.560373468750000000e+03 2.403144640000000200e+02 2.229966249999999900e+03 9.341097600000000500e+01 3.304072187500000300e+02 1.469034880000000100e+02
4.434222303935273600e-02 2.560105968750000100e+03 2.403728639999999900e+02 2.229981499999999900e+03 9.343947199999999500e+01 3.301244687500000100e+02 1.469333920000000000e+02
4.439965932647142700e-02 2.559801437500000200e+03 2.404070879999999900e+02 2.230013500000000000e+03 9.345080000000000100e+01 3.297879375000000000e+02 1.469562880000000000e+02
4.452888577181055700e-02 2.560109218749999900e+03 2.403766239999999900e+02 2.230557749999999900e+03 9.342353599999999900e+01 3.295514687500000300e+02 1.469530880000000100e+02
4.481964007314566400e-02 2.560074562500000000e+03 2.402984640000000000e+02 2.231135749999999900e+03 9.335606400000000300e+01 3.289388124999999800e+02 1.469423999999999900e+02
4.517945417678510100e-02 2.560074187499999900e+03 2.402232080000000000e+02 2.231951250000000100e+03 9.328469599999999700e+01 3.281229374999999800e+02 1.469385120000000000e+02
4.523005157241873100e-02 2.560075343749999800e+03 2.402118560000000100e+02 2.232067000000000000e+03 9.327406399999999600e+01 3.280083437499999900e+02 1.469377920000000000e+02
4.525851488275924000e-02 2.560087312500000300e+03 2.402036640000000000e+02 2.232148250000000200e+03 9.326609600000000500e+01 3.279390624999999800e+02 1.469375680000000000e+02
4.527452256944444100e-02 2.560114968750000100e+03 2.401952320000000300e+02 2.232219500000000200e+03 9.325776000000000500e+01 3.278954687500000200e+02 1.469374720000000100e+02
4.528353014362857700e-02 2.560167812499999900e+03 2.401823999999999700e+02 2.232292250000000000e+03 9.324630399999999500e+01 3.278755625000000000e+02 1.469360959999999900e+02
4.529274054425219000e-02 2.560315249999999700e+03 2.401471440000000300e+02 2.232436499999999800e+03 9.321730399999999900e+01 3.278787500000000300e+02 1.469298400000000100e+02
4.529792041947586200e-02 2.560580031250000000e+03 2.400930159999999800e+02 2.232620249999999900e+03 9.317776800000000000e+01 3.279597812499999900e+02 1.469152479999999900e+02
4.530957513872912300e-02 2.560809687500000100e+03 2.399861520000000000e+02 2.232734750000000100e+03 9.310088799999999800e+01 3.280749374999999800e+02 1.468852640000000100e+02
4.533580215755740600e-02 2.560174843750000000e+03 2.400921759999999900e+02 2.232532000000000200e+03 9.315683199999999400e+01 3.276428437500000000e+02 1.469353439999999900e+02
4.539481425009053000e-02 2.559691562499999700e+03 2.401497280000000100e+02 2.232465499999999800e+03 9.318118400000000200e+01 3.272260625000000100e+02 1.469685440000000100e+02
4.552759275845955100e-02 2.560113968750000400e+03 2.401327279999999900e+02 2.233117000000000200e+03 9.316688800000000000e+01 3.269969687500000100e+02 1.469658399999999900e+02
4.582633530110344400e-02 2.560073062500000100e+03 2.400682400000000000e+02 2.233611500000000000e+03 9.312439999999999400e+01 3.264615625000000100e+02 1.469438399999999900e+02
4.619603069282016800e-02 2.560073468749999800e+03 2.400053679999999800e+02 2.234310250000000000e+03 9.308100000000000300e+01 3.257632187500000200e+02 1.469243679999999900e+02
4.640398500074556500e-02 2.560075593749999800e+03 2.399707359999999900e+02 2.234693249999999800e+03 9.305785600000000100e+01 3.253823437500000200e+02 1.469128800000000000e+02
4.661666672491425500e-02 2.560074875000000200e+03 2.399400080000000100e+02 2.235094000000000100e+03 9.303895199999999500e+01 3.249808750000000300e+02 1.469010560000000100e+02
4.668246570215309200e-02 2.560080531250000100e+03 2.399307600000000200e+02 2.235225250000000000e+03 9.303410399999999900e+01 3.248552812500000200e+02 1.468966560000000100e+02
4.674975727395940000e-02 2.560092937500000100e+03 2.399205200000000100e+02 2.235362000000000100e+03 9.303127200000000100e+01 3.247309374999999800e+02 1.468892480000000100e+02
4.690116981137099100e-02 2.560166375000000200e+03 2.397104720000000100e+02 2.235060750000000100e+03 9.298197600000000300e+01 3.251056249999999700e+02 1.467284960000000100e+02
4.724184542020811600e-02 2.560077687499999700e+03 2.397443200000000200e+02 2.235849499999999800e+03 9.296860800000000300e+01 3.242281874999999900e+02 1.467757120000000000e+02
4.800835773907474700e-02 2.560073749999999600e+03 2.396551440000000100e+02 2.237260249999999800e+03 9.289243999999999300e+01 3.228134999999999800e+02 1.467627040000000100e+02
4.806764546753844500e-02 2.560072843750000200e+03 2.396464720000000200e+02 2.237360000000000100e+03 9.288512799999999500e+01 3.227128437499999900e+02 1.467613440000000100e+02
4.810099221446031300e-02 2.560074187500000300e+03 2.396413920000000000e+02 2.237415750000000100e+03 9.288096000000000200e+01 3.226584374999999900e+02 1.467604320000000100e+02
4.813509826036074800e-02 2.560077968749999900e+03 2.396345440000000100e+02 2.237465749999999800e+03 9.287555199999999900e+01 3.226122187500000100e+02 1.467589920000000100e+02
4.814565043589169600e-02 2.560079937499999700e+03 2.396314560000000100e+02 2.237477249999999900e+03 9.287318399999999500e+01 3.226026875000000000e+02 1.467582720000000100e+02
4.815158440941600500e-02 2.560082031250000000e+03 2.396291039999999800e+02 2.237481499999999900e+03 9.287137599999999800e+01 3.226005312500000200e+02 1.467577279999999900e+02
4.815492324465053800e-02 2.560084375000000400e+03 2.396273919999999900e+02 2.237483000000000200e+03 9.287004799999999700e+01 3.226013750000000200e+02 1.467573439999999900e+02
4.815833488937617400e-02 2.560094937500000000e+03 2.396242960000000200e+02 2.237484750000000100e+03 9.286781600000000500e+01 3.226101874999999900e+02 1.467564800000000100e+02
4.816602149136470900e-02 2.560452531250000000e+03 2.395429920000000000e+02 2.237434249999999800e+03 9.282982400000000200e+01 3.230182812499999700e+02 1.467131680000000000e+02
4.818330334414408500e-02 2.560111281250000000e+03 2.395417119999999900e+02 2.237306250000000100e+03 9.281699199999999900e+01 3.228050312500000100e+02 1.467247199999999900e+02
4.822219921442303500e-02 2.559943187500000000e+03 2.395809520000000000e+02 2.237344250000000100e+03 9.283466400000000400e+01 3.225989374999999800e+02 1.467462879999999900e+02
4.830970582136428400e-02 2.560083531249999900e+03 2.395841839999999900e+02 2.237619999999999900e+03 9.283527200000000300e+01 3.224635312500000200e+02 1.467489119999999900e+02
4.850659828732106100e-02 2.560076593750000000e+03 2.395616159999999900e+02 2.237942250000000100e+03 9.281737599999999600e+01 3.221343437500000300e+02 1.467442399999999900e+02
4.894960763589329500e-02 2.560074125000000100e+03 2.395066160000000100e+02 2.238583250000000100e+03 9.277666399999999700e+01 3.214908750000000200e+02 1.467299520000000000e+02
4.919880331984651700e-02 2.560078656249999800e+03 2.394668720000000200e+02 2.238876749999999900e+03 9.274616799999999700e+01 3.212019062499999800e+02 1.467207040000000100e+02
4.950717751802679500e-02 2.560072593750000100e+03 2.394190639999999900e+02 2.239170500000000200e+03 9.272007200000000200e+01 3.209020937500000100e+02 1.466989920000000000e+02
4.968064092988454300e-02 2.560071906250000200e+03 2.393892559999999900e+02 2.239348250000000000e+03 9.270039199999999400e+01 3.207236562499999800e+02 1.466888640000000000e+02
4.985804645561732500e-02 2.560073281250000000e+03 2.393545120000000000e+02 2.239510000000000200e+03 9.267585599999999600e+01 3.205632812499999900e+02 1.466786559999999900e+02
4.987176584401094300e-02 2.560072968750000200e+03 2.393515600000000100e+02 2.239520500000000100e+03 9.267373600000000500e+01 3.205524687500000000e+02 1.466778239999999900e+02
4.987948365006710000e-02 2.560071687499999800e+03 2.393497679999999800e+02 2.239524750000000000e+03 9.267243999999999500e+01 3.205469375000000100e+02 1.466773279999999900e+02
4.988382621614317200e-02 2.560063437500000000e+03 2.393480880000000200e+02 2.239515249999999900e+03 9.267108000000000300e+01 3.205481874999999800e+02 1.466770080000000000e+02
4.988626533409488300e-02 2.560055031250000000e+03 2.393464159999999800e+02 2.239501499999999900e+03 9.266969600000000200e+01 3.205535312499999900e+02 1.466767199999999900e+02
4.988876686018180900e-02 2.560066312500000100e+03 2.393399279999999900e+02 2.239473000000000000e+03 9.266629600000000300e+01 3.205933125000000200e+02 1.466736320000000000e+02
4.989438359235205700e-02 2.560388843750000000e+03 2.392354560000000000e+02 2.239253000000000200e+03 9.261812799999999900e+01 3.211358437499999900e+02 1.466173279999999900e+02
4.990702644041304000e-02 2.560220968749999900e+03 2.391972720000000000e+02 2.239188749999999800e+03 9.258501599999999600e+01 3.210322187500000300e+02 1.466122560000000000e+02
4.993547934939768200e-02 2.559953625000000100e+03 2.392547999999999900e+02 2.239223000000000000e+03 9.260588799999999300e+01 3.207306249999999700e+02 1.466489120000000000e+02
4.999948929342674200e-02 2.560017812499999800e+03 2.392751200000000200e+02 2.239405999999999900e+03 9.261723200000000100e+01 3.206118124999999800e+02 1.466578880000000100e+02
5.014350646681418200e-02 2.560098500000000100e+03 2.392614720000000300e+02 2.239622750000000000e+03 9.260878400000000000e+01 3.204757500000000100e+02 1.466526880000000100e+02
5.046756070896972500e-02 2.560072312500000000e+03 2.392014399999999900e+02 2.239915250000000000e+03 9.256971199999999600e+01 3.201570624999999900e+02 1.466317280000000100e+02
5.119666975212487000e-02 2.560074031250000200e+03 2.390240320000000100e+02 2.240395750000000100e+03 9.244686400000000500e+01 3.196782812500000000e+02 1.465771680000000000e+02
5.207160580458897900e-02 2.560073875000000000e+03 2.389139280000000000e+02 2.241267499999999900e+03 9.238360799999999500e+01 3.188063750000000000e+02 1.465303199999999900e+02
5.371210245185753500e-02 2.560073750000000000e+03 2.387093120000000100e+02 2.242760499999999900e+03 9.225548800000000000e+01 3.173132499999999800e+02 1.464538240000000000e+02
5.740323160973713500e-02 2.560073906250000200e+03 2.382200080000000100e+02 2.244801500000000000e+03 9.200387999999999500e+01 3.152724062500000200e+02 1.462161280000000000e+02
6.017157847814683100e-02 2.560073093750000200e+03 2.378422479999999800e+02 2.245610250000000200e+03 9.186503199999999900e+01 3.144628437499999900e+02 1.459772160000000000e+02
6.131352253649295000e-02 2.560073468749999800e+03 2.376926159999999900e+02 2.245830500000000000e+03 9.181295199999999600e+01 3.142429687499999900e+02 1.458796639999999900e+02
6.160549379646493300e-02 2.560073875000000000e+03 2.376619039999999900e+02 2.245887999999999900e+03 9.180259200000000400e+01 3.141858750000000100e+02 1.458593119999999900e+02
6.176973120566525700e-02 2.560081343749999600e+03 2.376434720000000000e+02 2.245931999999999800e+03 9.179192000000000500e+01 3.141493437500000100e+02 1.458515520000000000e+02
6.182054182909423700e-02 2.560101749999999800e+03 2.376345999999999800e+02 2.245969999999999800e+03 9.178311200000000300e+01 3.141317500000000100e+02 1.458514879999999900e+02
6.183353312257689600e-02 2.560115156249999900e+03 2.376310719999999900e+02 2.245988249999999900e+03 9.177928000000000000e+01 3.141269062499999900e+02 1.458517919999999900e+02
6.184960841807525500e-02 2.560185250000000000e+03 2.376182559999999700e+02 2.246059999999999900e+03 9.176540799999999400e+01 3.141252499999999900e+02 1.458528479999999900e+02
6.185371695364422900e-02 2.560221000000000000e+03 2.376120159999999800e+02 2.246093750000000000e+03 9.175897600000000400e+01 3.141272500000000000e+02 1.458530399999999900e+02
6.186296895969133100e-02 2.560356125000000200e+03 2.375878319999999900e+02 2.246221250000000100e+03 9.173386399999999700e+01 3.141348750000000200e+02 1.458539680000000100e+02
6.188377687211091300e-02 2.560209750000000000e+03 2.376129199999999700e+02 2.246135749999999900e+03 9.174890399999999600e+01 3.140740000000000100e+02 1.458640159999999900e+02
6.193059857556343400e-02 2.559945718750000200e+03 2.376259279999999900e+02 2.245952000000000200e+03 9.175653599999999700e+01 3.139937187500000300e+02 1.458693920000000000e+02
6.198853932844186600e-02 2.559947343750000100e+03 2.376270559999999800e+02 2.245980500000000100e+03 9.175662400000000200e+01 3.139668437500000100e+02 1.458704319999999900e+02
6.202113197706309000e-02 2.560043875000000300e+03 2.376238159999999800e+02 2.246074750000000200e+03 9.175376799999999400e+01 3.139691250000000200e+02 1.458700480000000000e+02
6.203946436678542400e-02 2.560111500000000000e+03 2.376203679999999800e+02 2.246139250000000200e+03 9.175049599999999800e+01 3.139722499999999700e+02 1.458698719999999900e+02
6.205821281074257900e-02 2.560372531250000100e+03 2.375845439999999900e+02 2.246375250000000100e+03 9.171515200000000300e+01 3.139972812500000100e+02 1.458693920000000000e+02
6.210040071015465000e-02 2.560160468749999800e+03 2.376120880000000300e+02 2.246243250000000000e+03 9.173298400000000200e+01 3.139172187500000200e+02 1.458791040000000100e+02
6.219532348383179800e-02 2.559985187499999900e+03 2.376101439999999900e+02 2.246114250000000100e+03 9.173550400000000600e+01 3.138709375000000300e+02 1.458746400000000000e+02
6.240888932324950600e-02 2.560080593749999900e+03 2.375779359999999700e+02 2.246195000000000200e+03 9.172473599999999300e+01 3.138855937500000000e+02 1.458531999999999900e+02
6.288942676380367100e-02 2.560073812499999800e+03 2.375349200000000000e+02 2.246237749999999800e+03 9.171640800000000100e+01 3.138360625000000300e+02 1.458185120000000000e+02
6.397062690386416700e-02 2.560073031250000000e+03 2.374447759999999900e+02 2.246321500000000000e+03 9.170376799999999700e+01 3.137515312500000300e+02 1.457410079999999900e+02
6.640333241967823200e-02 2.560073593750000300e+03 2.372038000000000000e+02 2.246092000000000100e+03 9.164488799999999500e+01 3.139815937500000000e+02 1.455589119999999900e+02
6.715595372777938300e-02 2.560073750000000000e+03 2.371389839999999900e+02 2.246011250000000000e+03 9.162685600000000400e+01 3.140625000000000000e+02 1.455121279999999900e+02
6.792567486493214500e-02 2.560069562499999800e+03 2.370720559999999800e+02 2.245993500000000000e+03 9.158754399999999400e+01 3.140760624999999800e+02 1.454845120000000000e+02
6.965755262420382500e-02 2.560073687499999800e+03 2.368930960000000100e+02 2.245526249999999900e+03 9.152973600000000000e+01 3.145474375000000000e+02 1.453633600000000000e+02
7.000000166421693800e-02 2.560073656249999700e+03 2.368623519999999900e+02 2.245443499999999900e+03 9.152033600000000000e+01 3.146301562500000300e+02 1.453420160000000000e+02
