0.000000000000000000e+00 0.000000000000000000e+00 0.000000000000000000e+00 0.000000000000000000e+00 0.000000000000000000e+00 0.000000000000000000e+00 0.000000000000000000e+00
-3.453595247145251400e-08 3.254218499999999900e+03 -1.841665039062504200e-04 1.738945999999999900e+03 4.047497558593750000e-03 1.515272500000000000e+03 -4.231664062500000400e-03
1.399966095538948800e-03 3.254217625000000200e+03 5.107968999999999900e+01 1.724793500000000000e+03 1.786240400000000200e+01 1.529424125000000000e+03 3.321728600000000100e+01
4.024967314705016300e-03 3.254216875000000100e+03 1.454573599999999900e+02 1.701209625000000000e+03 5.081486400000000000e+01 1.553007250000000100e+03 9.464249599999999400e+01
5.501530545971769700e-03 3.254207749999999600e+03 1.869827839999999800e+02 1.744125624999999900e+03 6.931055200000000100e+01 1.510082124999999900e+03 1.176722319999999900e+02
5.553441169934395700e-03 3.254136999999999700e+03 1.882302320000000000e+02 1.746223375000000000e+03 6.988340800000000300e+01 1.507913624999999900e+03 1.183468240000000000e+02
5.670239491631551100e-03 3.254222375000000300e+03 1.910550559999999800e+02 1.751178875000000100e+03 7.117479199999999700e+01 1.503043500000000000e+03 1.198802640000000000e+02
5.735938802306905300e-03 3.254207500000000000e+03 1.926183920000000000e+02 1.753970499999999900e+03 7.188302400000000600e+01 1.500237000000000100e+03 1.207353679999999900e+02
5.883761814662389100e-03 3.254207999999999600e+03 1.960470480000000200e+02 1.760412624999999900e+03 7.344173600000000600e+01 1.493795374999999900e+03 1.226053120000000000e+02
5.966911968002971300e-03 3.254207750000000000e+03 1.979234079999999900e+02 1.764304875000000000e+03 7.430391199999999700e+01 1.489902875000000000e+03 1.236194960000000000e+02
6.154000977456788000e-03 3.254214500000000000e+03 2.020672880000000200e+02 1.773475625000000000e+03 7.619268800000000400e+01 1.480738875000000000e+03 1.258746000000000000e+02
6.574949793180994900e-03 3.254216249999999900e+03 2.108422720000000100e+02 1.796636125000000000e+03 7.979822400000000500e+01 1.457580125000000000e+03 1.310440480000000000e+02
6.811734084244613700e-03 3.254216249999999900e+03 2.156164000000000000e+02 1.809433624999999900e+03 8.176801600000000300e+01 1.444782625000000100e+03 1.338483840000000100e+02
7.104754302382324500e-03 3.254201375000000100e+03 2.213327040000000100e+02 1.825973500000000100e+03 8.409115199999999400e+01 1.428227875000000000e+03 1.372415520000000100e+02
7.404433938609812500e-03 3.254212625000000100e+03 2.269105119999999800e+02 1.844029749999999900e+03 8.631148799999999700e+01 1.410182875000000000e+03 1.405990239999999900e+02
7.573003733987773400e-03 3.254211624999999900e+03 2.299504079999999800e+02 1.854159750000000000e+03 8.750813599999999300e+01 1.400051875000000100e+03 1.424422720000000000e+02
7.738939571729947500e-03 3.254218750000000000e+03 2.328802800000000000e+02 1.864225500000000000e+03 8.863111200000000200e+01 1.389993250000000000e+03 1.442491680000000000e+02
7.767385615533961400e-03 3.254215250000000200e+03 2.333752159999999900e+02 1.865979499999999900e+03 8.881494399999999700e+01 1.388235750000000100e+03 1.445602720000000000e+02
7.820722093221177700e-03 3.254215375000000200e+03 2.343011520000000000e+02 1.869287375000000100e+03 8.915595199999999900e+01 1.384928000000000100e+03 1.451451999999999900e+02
7.940729604681479000e-03 3.254222249999999800e+03 2.363415359999999900e+02 1.876928750000000000e+03 8.988636800000000400e+01 1.377293500000000000e+03 1.464551679999999900e+02
8.210745777693715200e-03 3.254213625000000300e+03 2.408880560000000100e+02 1.893895500000000100e+03 9.152767199999999500e+01 1.360318125000000000e+03 1.493603840000000100e+02
8.362629765847081800e-03 3.254211000000000200e+03 2.434090320000000000e+02 1.903068375000000100e+03 9.245584800000000300e+01 1.351142625000000000e+03 1.509531839999999900e+02
8.704368884746845800e-03 3.254216500000000000e+03 2.488761680000000100e+02 1.924027125000000100e+03 9.437634400000000300e+01 1.330189374999999900e+03 1.544998239999999900e+02
9.473282484490065700e-03 3.254214875000000100e+03 2.603587519999999800e+02 1.974382875000000000e+03 9.809204800000000500e+01 1.279832000000000100e+03 1.622667040000000000e+02
9.905796493511642700e-03 3.254213999999999900e+03 2.664293680000000100e+02 2.002262750000000100e+03 9.994411999999999800e+01 1.251951250000000100e+03 1.664852480000000100e+02
1.087895301381019300e-02 3.254214125000000000e+03 2.791566720000000100e+02 2.062488374999999900e+03 1.034942240000000000e+02 1.191725750000000100e+03 1.756624480000000100e+02
1.177532070285671400e-02 3.254143749999999700e+03 2.898101120000000000e+02 2.117784749999999800e+03 1.060421280000000100e+02 1.136358999999999900e+03 1.837679840000000100e+02
1.180683387504829300e-02 3.254156625000000100e+03 2.901643760000000000e+02 2.119730500000000100e+03 1.061221360000000000e+02 1.134426125000000000e+03 1.840422399999999900e+02
1.180954002780937700e-02 3.254169750000000000e+03 2.901954160000000200e+02 2.119914749999999900e+03 1.061293680000000000e+02 1.134255000000000100e+03 1.840660479999999900e+02
1.181562887152181600e-02 3.254244375000000200e+03 2.902662320000000000e+02 2.120407250000000200e+03 1.061462640000000000e+02 1.133837125000000000e+03 1.841199680000000000e+02
1.182932964320293700e-02 3.254210124999999600e+03 2.904067120000000300e+02 2.121231499999999900e+03 1.061732880000000000e+02 1.132978625000000000e+03 1.842334240000000100e+02
1.186015579726670000e-02 3.254227125000000300e+03 2.907479759999999900e+02 2.123155000000000200e+03 1.062494959999999900e+02 1.131072124999999900e+03 1.844984800000000000e+02
1.192951435280079200e-02 3.254183000000000000e+03 2.915016800000000200e+02 2.127645500000000100e+03 1.064096640000000100e+02 1.126537499999999900e+03 1.850920160000000000e+02
1.208557110275249900e-02 3.254214250000000000e+03 2.932304800000000000e+02 2.137199999999999800e+03 1.067933440000000000e+02 1.117014249999999900e+03 1.864371360000000100e+02
1.243669908125322000e-02 3.254217249999999700e+03 2.969837200000000100e+02 2.158966500000000000e+03 1.075809520000000000e+02 1.095250749999999900e+03 1.894027680000000100e+02
1.322673615955171100e-02 3.254214937499999900e+03 3.050867759999999900e+02 2.206425499999999800e+03 1.091481840000000000e+02 1.047789437500000100e+03 1.959385920000000000e+02
1.500432104127020000e-02 3.254217187499999900e+03 3.211100720000000000e+02 2.305341750000000000e+03 1.125055600000000000e+02 9.488754374999999800e+02 2.086045120000000000e+02
1.720408205584292000e-02 3.254217499999999700e+03 3.351481760000000300e+02 2.405996999999999800e+03 1.165963840000000000e+02 8.482205000000000200e+02 2.185517920000000100e+02
1.751342303004748200e-02 3.254220875000000000e+03 3.367279520000000200e+02 2.418448249999999900e+03 1.171617760000000000e+02 8.357726249999999500e+02 2.195661760000000100e+02
1.768742725526020400e-02 3.254218562499999700e+03 3.375864960000000100e+02 2.425286999999999800e+03 1.174756639999999900e+02 8.289315625000000400e+02 2.201108319999999900e+02
1.786538707467662600e-02 3.254219500000000200e+03 3.384335120000000100e+02 2.432192000000000000e+03 1.177918160000000000e+02 8.220275000000000300e+02 2.206416960000000000e+02
1.826579521281670000e-02 3.254217125000000100e+03 3.402978880000000000e+02 2.447177999999999900e+03 1.184888799999999900e+02 8.070391250000000100e+02 2.218090080000000100e+02
1.916671352363185900e-02 3.254218624999999500e+03 3.441542480000000000e+02 2.479047999999999800e+03 1.199979280000000000e+02 7.751706249999999700e+02 2.241563199999999900e+02
2.028159955482343500e-02 3.254218750000000000e+03 3.482311280000000100e+02 2.514097499999999900e+03 1.217988400000000000e+02 7.401212500000000300e+02 2.264322880000000000e+02
2.056665618486602800e-02 3.254217812500000000e+03 3.491847599999999800e+02 2.522451250000000100e+03 1.222485040000000000e+02 7.317665624999999600e+02 2.269362559999999900e+02
2.120803302024310300e-02 3.254216625000000000e+03 3.512065759999999800e+02 2.540394249999999800e+03 1.232090080000000000e+02 7.138223749999999700e+02 2.279975680000000000e+02
2.265112973540403200e-02 3.254217624999999800e+03 3.552422879999999700e+02 2.577318249999999800e+03 1.250932960000000000e+02 6.768993749999999600e+02 2.301489919999999900e+02
2.346287076435392100e-02 3.254218562500000200e+03 3.572094960000000000e+02 2.595777500000000100e+03 1.260180079999999900e+02 6.584410625000000400e+02 2.311914879999999900e+02
2.391947698534917900e-02 3.254219437499999900e+03 3.581842720000000200e+02 2.605473000000000000e+03 1.265096320000000000e+02 6.487464374999999600e+02 2.316746400000000100e+02
2.494683690705724500e-02 3.254217250000000100e+03 3.601549519999999800e+02 2.625436250000000200e+03 1.275250159999999900e+02 6.287809999999999500e+02 2.326299359999999900e+02
2.552472628079928100e-02 3.254217937499999600e+03 3.611803280000000300e+02 2.635976999999999900e+03 1.280348720000000100e+02 6.182409374999999700e+02 2.331454560000000000e+02
2.570351168640658600e-02 3.254219187499999900e+03 3.614849440000000400e+02 2.639161250000000100e+03 1.281824640000000100e+02 6.150579374999999800e+02 2.333024800000000000e+02
2.574922517396883000e-02 3.254217749999999800e+03 3.615618879999999500e+02 2.639972499999999900e+03 1.282199359999999900e+02 6.142452500000000600e+02 2.333419519999999900e+02
2.580579354795053300e-02 3.254229624999999900e+03 3.616572959999999700e+02 2.640994999999999900e+03 1.282674720000000000e+02 6.132346250000000500e+02 2.333898240000000000e+02
2.586364746093750000e-02 3.254428125000000400e+03 3.617387120000000200e+02 2.642364500000000100e+03 1.283558480000000100e+02 6.120636250000000000e+02 2.333828640000000100e+02
2.599381992959568600e-02 3.254132125000000100e+03 3.619002960000000300e+02 2.644318000000000200e+03 1.284510160000000100e+02 6.098141249999999900e+02 2.334492799999999900e+02
2.628670623742035100e-02 3.254223500000000100e+03 3.623785599999999900e+02 2.649577249999999800e+03 1.286795840000000100e+02 6.046462500000000100e+02 2.336989759999999900e+02
2.664915604177994800e-02 3.254209062500000100e+03 3.629443919999999900e+02 2.655909250000000200e+03 1.289074640000000000e+02 5.982998125000000300e+02 2.340369279999999900e+02
2.674182663615952400e-02 3.254221375000000100e+03 3.630856479999999900e+02 2.657507999999999800e+03 1.289601120000000100e+02 5.967133750000000400e+02 2.341255360000000100e+02
2.695033780238858400e-02 3.254223062500000200e+03 3.633964959999999600e+02 2.661373500000000100e+03 1.290232159999999900e+02 5.928495625000000500e+02 2.343732799999999900e+02
2.720837016682048700e-02 3.254207749999999600e+03 3.637678480000000100e+02 2.665728999999999800e+03 1.291472400000000100e+02 5.884787499999999900e+02 2.346206080000000000e+02
2.747226663852640700e-02 3.254225375000000000e+03 3.641005280000000000e+02 2.669940999999999800e+03 1.292501920000000000e+02 5.842843749999999500e+02 2.348503360000000000e+02
2.779883779448904400e-02 3.254215750000000300e+03 3.645280400000000300e+02 2.674821500000000000e+03 1.294281200000000100e+02 5.793942500000000600e+02 2.350999200000000000e+02
2.784476088080214300e-02 3.254227875000000000e+03 3.645806559999999800e+02 2.675493500000000000e+03 1.294473600000000000e+02 5.787343750000000000e+02 2.351332960000000000e+02
2.789172963199452700e-02 3.254267750000000000e+03 3.646190800000000000e+02 2.676193749999999900e+03 1.294494960000000100e+02 5.780739999999999600e+02 2.351695839999999900e+02
2.790625948317904100e-02 3.254299437499999800e+03 3.646221759999999700e+02 2.676422999999999800e+03 1.294415679999999900e+02 5.778764374999999500e+02 2.351806080000000100e+02
2.791443383446252200e-02 3.254349250000000200e+03 3.646150320000000400e+02 2.676574500000000200e+03 1.294293680000000100e+02 5.777747500000000400e+02 2.351856640000000000e+02
2.792279216687175800e-02 3.254570312500000000e+03 3.645666800000000200e+02 2.676825249999999900e+03 1.293863600000000000e+02 5.777450625000000200e+02 2.351803199999999900e+02
2.792749416551601500e-02 3.255138749999999600e+03 3.644511919999999900e+02 2.677175249999999800e+03 1.293054960000000100e+02 5.779634999999999500e+02 2.351456959999999900e+02
2.793013976752685400e-02 3.258973125000000000e+03 3.638952319999999600e+02 2.679494999999999900e+03 1.289547839999999900e+02 5.794781249999999800e+02 2.349404480000000000e+02
2.793609004317622700e-02 3.261047500000000100e+03 3.624046560000000500e+02 2.681288750000000200e+03 1.277351840000000000e+02 5.797587499999999600e+02 2.346694720000000100e+02
2.794948107448107900e-02 3.254924750000000100e+03 3.631353120000000000e+02 2.677973000000000000e+03 1.281084960000000000e+02 5.769517499999999500e+02 2.350268160000000000e+02
2.797960740160447200e-02 3.253152687500000000e+03 3.636138799999999900e+02 2.678143500000000100e+03 1.282901840000000100e+02 5.750091875000000500e+02 2.353236960000000100e+02
2.804739396650712500e-02 3.253666562499999600e+03 3.640222559999999700e+02 2.680898499999999800e+03 1.283916960000000000e+02 5.727680625000000400e+02 2.356305600000000000e+02
2.819991431975684900e-02 3.254274375000000000e+03 3.644642400000000200e+02 2.684625250000000100e+03 1.285305119999999900e+02 5.696491250000000300e+02 2.359337280000000000e+02
2.854308336791246800e-02 3.254196812499999900e+03 3.649446560000000100e+02 2.689510249999999800e+03 1.287731520000000100e+02 5.646865625000000400e+02 2.361715040000000000e+02
2.931521489070012400e-02 3.254217125000000100e+03 3.658510320000000300e+02 2.699691750000000000e+03 1.292958319999999900e+02 5.545253750000000500e+02 2.365552000000000100e+02
3.105251139919109100e-02 3.254217687499999600e+03 3.675285599999999700e+02 2.719231249999999800e+03 1.303047200000000000e+02 5.349864374999999700e+02 2.372238400000000000e+02
3.496142563220200300e-02 3.254217593750000100e+03 3.695697680000000100e+02 2.751855000000000000e+03 1.310173360000000000e+02 5.023625937499999700e+02 2.385524320000000100e+02
3.716019105270814600e-02 3.254217343750000100e+03 3.701914719999999800e+02 2.766194000000000000e+03 1.309546240000000000e+02 4.880233437499999800e+02 2.392368480000000100e+02
3.932460090907356800e-02 3.254210593750000000e+03 3.704533440000000200e+02 2.778036750000000200e+03 1.305186880000000000e+02 4.761738437500000000e+02 2.399346559999999900e+02
3.970723507314083400e-02 3.254216249999999900e+03 3.704747439999999900e+02 2.779939750000000000e+03 1.304324240000000000e+02 4.742765000000000000e+02 2.400423199999999900e+02
4.009856991424374400e-02 3.254217312499999900e+03 3.704760559999999700e+02 2.781701250000000100e+03 1.303206960000000000e+02 4.725160624999999800e+02 2.401553600000000000e+02
4.015360123071915600e-02 3.254215468750000100e+03 3.704667920000000000e+02 2.781897500000000000e+03 1.302967439999999900e+02 4.723179687499999800e+02 2.401700480000000100e+02
4.018455663734595000e-02 3.254219031249999700e+03 3.704591839999999900e+02 2.781997499999999900e+03 1.302810240000000000e+02 4.722215312500000000e+02 2.401781599999999900e+02
4.019413297138517400e-02 3.254221687499999900e+03 3.704552880000000000e+02 2.782022750000000100e+03 1.302749839999999900e+02 4.721989375000000000e+02 2.401803040000000100e+02
4.020392821967529200e-02 3.254228843750000100e+03 3.704481759999999900e+02 2.782038750000000200e+03 1.302663839999999900e+02 4.721900937500000200e+02 2.401817920000000000e+02
4.020943368019783800e-02 3.254242937500000200e+03 3.704402719999999900e+02 2.782042500000000000e+03 1.302584640000000000e+02 4.722004375000000200e+02 2.401818079999999900e+02
4.021253574171054800e-02 3.254280812500000100e+03 3.704302799999999800e+02 2.782044500000000000e+03 1.302510159999999900e+02 4.722363125000000000e+02 2.401792639999999900e+02
4.021811106848338600e-02 3.254540187499999800e+03 3.703650959999999900e+02 2.782010249999999800e+03 1.302160560000000100e+02 4.725299375000000200e+02 2.401490400000000100e+02
4.022508372026194200e-02 3.254341750000000000e+03 3.703539280000000000e+02 2.781951250000000100e+03 1.301989040000000000e+02 4.723904999999999700e+02 2.401550240000000000e+02
4.024077568007621700e-02 3.254231499999999900e+03 3.703879359999999700e+02 2.782005999999999900e+03 1.302090880000000100e+02 4.722255000000000100e+02 2.401788479999999900e+02
4.027607210972079100e-02 3.254165875000000100e+03 3.704049279999999800e+02 2.782105500000000100e+03 1.302049280000000000e+02 4.720603750000000200e+02 2.401999999999999900e+02
4.031975714714972800e-02 3.254149687499999800e+03 3.703973439999999800e+02 2.782235749999999800e+03 1.301818079999999900e+02 4.719139374999999700e+02 2.402155359999999900e+02
4.034432677850036800e-02 3.254198093750000200e+03 3.703729359999999800e+02 2.782296750000000000e+03 1.301549200000000000e+02 4.719013437500000200e+02 2.402180160000000100e+02
4.036945999760330900e-02 3.254568468749999700e+03 3.701773839999999600e+02 2.782088499999999800e+03 1.300348400000000000e+02 4.724799687500000100e+02 2.401425439999999900e+02
4.042600042508490100e-02 3.254008499999999900e+03 3.702661279999999800e+02 2.782172250000000100e+03 1.300321280000000000e+02 4.718362500000000100e+02 2.402340000000000100e+02
4.055322220910600300e-02 3.254230500000000100e+03 3.702982720000000000e+02 2.782882500000000200e+03 1.300035200000000100e+02 4.713480000000000100e+02 2.402947519999999900e+02
4.071066347525088100e-02 3.254224437500000000e+03 3.702622240000000000e+02 2.783348750000000100e+03 1.299343200000000100e+02 4.708756875000000300e+02 2.403279039999999900e+02
4.075091575091575200e-02 3.254213468749999700e+03 3.702456720000000100e+02 2.783431999999999800e+03 1.299114480000000100e+02 4.707814687499999900e+02 2.403342240000000100e+02
4.077355707375848700e-02 3.254210250000000100e+03 3.702294160000000100e+02 2.783456250000000200e+03 1.298937359999999900e+02 4.707540000000000200e+02 2.403356800000000000e+02
4.082450354346716500e-02 3.254350250000000000e+03 3.700331679999999900e+02 2.783217999999999800e+03 1.297424480000000000e+02 4.711322500000000000e+02 2.402907199999999900e+02
4.085316267933455900e-02 3.254138031250000000e+03 3.700169200000000300e+02 2.783153749999999900e+03 1.297045039999999900e+02 4.709842812499999800e+02 2.403124160000000100e+02
4.086928315215059000e-02 3.254034843750000200e+03 3.700100640000000000e+02 2.783109250000000000e+03 1.296879360000000100e+02 4.709255937500000200e+02 2.403221279999999900e+02
4.087834713368770900e-02 3.254084593749999800e+03 3.699779039999999700e+02 2.783058000000000000e+03 1.296658880000000000e+02 4.710265937500000200e+02 2.403120160000000000e+02
4.088115109919920200e-02 3.254162374999999900e+03 3.699528639999999800e+02 2.783025749999999800e+03 1.296536319999999900e+02 4.711366249999999800e+02 2.402992319999999900e+02
4.088273007645566700e-02 3.254233562500000100e+03 3.699323359999999600e+02 2.782999499999999900e+03 1.296445919999999900e+02 4.712340624999999900e+02 2.402877440000000000e+02
4.088434631571228500e-02 3.254353062499999900e+03 3.699014240000000200e+02 2.782960000000000000e+03 1.296324160000000100e+02 4.713930624999999800e+02 2.402690080000000100e+02
4.088797470297714900e-02 3.256028281250000000e+03 3.695314160000000400e+02 2.782603250000000100e+03 1.295199120000000100e+02 4.734250312500000200e+02 2.400115040000000000e+02
4.089614439651060400e-02 3.255869531249999900e+03 3.690830879999999800e+02 2.781693249999999800e+03 1.292861760000000100e+02 4.741762812499999900e+02 2.397969119999999900e+02
4.091452853583591600e-02 3.254452718749999800e+03 3.694365040000000100e+02 2.781614000000000000e+03 1.294034159999999900e+02 4.728387187500000000e+02 2.400330879999999900e+02
4.095588935600532500e-02 3.253377718750000000e+03 3.697191520000000100e+02 2.781961249999999800e+03 1.294475520000000000e+02 4.714164687499999800e+02 2.402716000000000100e+02
4.104894654363649300e-02 3.254248531249999800e+03 3.698119360000000000e+02 2.783477249999999900e+03 1.294334560000000100e+02 4.707712812500000200e+02 2.403784800000000000e+02
4.125833103799412400e-02 3.254245406250000100e+03 3.698232400000000600e+02 2.784086499999999900e+03 1.294232880000000100e+02 4.701589062499999700e+02 2.403999520000000100e+02
4.172944382142380900e-02 3.254218249999999900e+03 3.699046640000000300e+02 2.785710500000000100e+03 1.293744880000000100e+02 4.685077499999999900e+02 2.405301760000000100e+02
4.278944525526556800e-02 3.254217781249999900e+03 3.700090960000000000e+02 2.789348500000000100e+03 1.292394160000000100e+02 4.648692812499999700e+02 2.407696799999999900e+02
4.338569780845782200e-02 3.254216343749999900e+03 3.700367360000000200e+02 2.791332750000000000e+03 1.291669120000000000e+02 4.628835937499999900e+02 2.408698239999999900e+02
4.372108841408158000e-02 3.254213562500000100e+03 3.699451760000000000e+02 2.792353750000000200e+03 1.290484879999999900e+02 4.618598124999999800e+02 2.408966880000000100e+02
4.447571844117254700e-02 3.254218437500000200e+03 3.699833840000000000e+02 2.794616000000000000e+03 1.289684399999999900e+02 4.596024375000000100e+02 2.410149440000000100e+02
4.617364065987723800e-02 3.254217312499999900e+03 3.700665680000000200e+02 2.799186000000000100e+03 1.288165040000000100e+02 4.550313125000000100e+02 2.412500640000000100e+02
4.999395982977526700e-02 3.254217468750000100e+03 3.702829040000000300e+02 2.805642750000000000e+03 1.285964879999999900e+02 4.485747187499999900e+02 2.416864160000000100e+02
5.214288732507727000e-02 3.254217468750000100e+03 3.704671680000000200e+02 2.808121999999999800e+03 1.285702880000000100e+02 4.460954687500000100e+02 2.418968800000000100e+02
5.697798117613181400e-02 3.254217656249999900e+03 3.708764320000000200e+02 2.810506750000000000e+03 1.285238080000000000e+02 4.437109062499999900e+02 2.423526239999999900e+02
6.296140603238992200e-02 3.254216281250000100e+03 3.713436239999999800e+02 2.809543999999999900e+03 1.285365520000000000e+02 4.446722812500000300e+02 2.428070720000000100e+02
6.908081855820504000e-02 3.254217687500000000e+03 3.717574799999999900e+02 2.805583250000000100e+03 1.285049520000000000e+02 4.486344374999999900e+02 2.432525280000000100e+02
7.000000223572001900e-02 3.254216062499999700e+03 3.718129119999999800e+02 2.804786999999999800e+03 1.284992959999999900e+02 4.494290624999999900e+02 2.433136160000000000e+02
