0.000000000000000000e+00 0.000000000000000000e+00 0.000000000000000000e+00 0.000000000000000000e+00 0.000000000000000000e+00 0.000000000000000000e+00 0.000000000000000000e+00
-8.727490725120818700e-08 1.222701062500000000e+03 -1.745643920898437600e-04 6.516709375000000400e+02 7.479891357421874700e-04 5.710301250000000000e+02 -9.225535278320312300e-04
1.399914423624674600e-03 1.222699750000000000e+03 3.267787599999999800e+01 6.424181875000000400e+02 1.171672200000000100e+01 5.802815624999999500e+02 2.096115400000000100e+01
2.843666134882031700e-03 1.222690937500000000e+03 6.550304399999998900e+01 6.346604374999999400e+02 2.349983999999999900e+01 5.880304999999999600e+02 4.200320399999999700e+01
3.046693964901133400e-03 1.222658375000000000e+03 6.948920400000000100e+01 6.369477500000000400e+02 2.518580000000000000e+01 5.857106250000000500e+02 4.430340400000000000e+01
3.160896755400158100e-03 1.222682687500000200e+03 7.164477399999999800e+01 6.387728750000000000e+02 2.611957400000000000e+01 5.839098125000000400e+02 4.552519999999999800e+01
3.225136152553907800e-03 1.222666874999999900e+03 7.281038000000000900e+01 6.399505625000000500e+02 2.662933999999999900e+01 5.827163124999999600e+02 4.618104000000000300e+01
3.290835172119885800e-03 1.222683937500000000e+03 7.396485199999999300e+01 6.413269374999999900e+02 2.713518399999999900e+01 5.813569999999999700e+02 4.682966799999999800e+01
3.372137945359152400e-03 1.222683750000000100e+03 7.536929999999999600e+01 6.430719374999999900e+02 2.774912000000000100e+01 5.796118125000000400e+02 4.762017999999999800e+01
3.455288680918487800e-03 1.222697312500000000e+03 7.677538400000000300e+01 6.449384999999999800e+02 2.835906400000000000e+01 5.777588124999999800e+02 4.841631999999999900e+01
3.502060642172565500e-03 1.222693812500000100e+03 7.754347199999999400e+01 6.460440625000000000e+02 2.868218800000000000e+01 5.766497500000000400e+02 4.886128399999999800e+01
3.607298137212993700e-03 1.222708625000000000e+03 7.915964800000000400e+01 6.492136874999999900e+02 2.928622000000000000e+01 5.734949374999999900e+02 4.987342799999999700e+01
3.737529409965170600e-03 1.222674812499999900e+03 8.116445199999999700e+01 6.531280625000000600e+02 3.009995999999999900e+01 5.695467499999999700e+02 5.106449200000000100e+01
3.810784464499598300e-03 1.222683874999999900e+03 8.224426800000000500e+01 6.553664374999999600e+02 3.053483599999999900e+01 5.673174374999999800e+02 5.170943200000000000e+01
3.885704373556470300e-03 1.222697562500000000e+03 8.332903799999999700e+01 6.576615000000000500e+02 3.096941800000000100e+01 5.650360624999999600e+02 5.235962000000000000e+01
4.020560500968216000e-03 1.222693187500000000e+03 8.525141800000000100e+01 6.619293750000000500e+02 3.171644999999999800e+01 5.607638124999999700e+02 5.353496799999999900e+01
4.189130296346178600e-03 1.222685562499999800e+03 8.752633800000001000e+01 6.676936250000000000e+02 3.260858600000000300e+01 5.549919374999999500e+02 5.491775200000000000e+01
4.283951024578313600e-03 1.222699374999999900e+03 8.875399799999999600e+01 6.711024999999999600e+02 3.307442600000000300e+01 5.515968749999999500e+02 5.567957200000000000e+01
4.401291391933940000e-03 1.222681312499999900e+03 9.021243599999999700e+01 6.756296875000000500e+02 3.359713200000000200e+01 5.470516249999999400e+02 5.661530400000000200e+01
4.521298612284864300e-03 1.222691875000000000e+03 9.170625200000000600e+01 6.801281249999999500e+02 3.415120400000000000e+01 5.425637500000000300e+02 5.755504799999999900e+01
4.791315076406476600e-03 1.222695937500000100e+03 9.491474800000000300e+01 6.902731250000000500e+02 3.530995600000000000e+01 5.324228124999999600e+02 5.960479200000000300e+01
5.398852193457448800e-03 1.222693687499999900e+03 1.014270400000000100e+02 7.146771874999999500e+02 3.748562400000000100e+01 5.080165000000000100e+02 6.394141599999999700e+01
6.765810415712759900e-03 1.222692625000000100e+03 1.135414160000000000e+02 7.690347500000000300e+02 4.077839999999999800e+01 4.536578749999999900e+02 7.276301599999999300e+01
6.958039252312629200e-03 1.222693687500000100e+03 1.150291200000000100e+02 7.763925625000000500e+02 4.111965599999999900e+01 4.463011250000000100e+02 7.390946400000000000e+01
7.390553261334206200e-03 1.222695625000000100e+03 1.182218279999999900e+02 7.927064374999999900e+02 4.179287600000000000e+01 4.299891875000000100e+02 7.642895199999999500e+01
7.633842682518220000e-03 1.222691031249999900e+03 1.198886520000000100e+02 8.019830624999999600e+02 4.211793999999999700e+01 4.207079687500000200e+02 7.777071200000000300e+01
8.181243006854120900e-03 1.222696250000000000e+03 1.234373239999999900e+02 8.224641249999999700e+02 4.276587599999999900e+01 4.002321250000000000e+02 8.067144799999999800e+01
9.412894755492716800e-03 1.222699781250000100e+03 1.302804280000000000e+02 8.644901250000000300e+02 4.403336399999999900e+01 3.582096562500000200e+02 8.624706399999999500e+01
1.010569897326794300e-02 1.222700281250000000e+03 1.332330839999999900e+02 8.846381249999999500e+02 4.482768399999999800e+01 3.380621562499999900e+02 8.840540000000000000e+01
1.096304403265462900e-02 1.222703218750000100e+03 1.361615239999999900e+02 9.076118750000000500e+02 4.586712399999999700e+01 3.150913437500000200e+02 9.029439999999999600e+01
1.183987362480862400e-02 1.222699968749999900e+03 1.386355080000000200e+02 9.284501249999999600e+02 4.682387599999999800e+01 2.942498437500000300e+02 9.181163200000000300e+01
1.233309092539134100e-02 1.222701312500000100e+03 1.398021440000000000e+02 9.387725000000000400e+02 4.733084800000000300e+01 2.839288124999999900e+02 9.247129599999999500e+01
1.294344714564136000e-02 1.222699062499999900e+03 1.410695319999999800e+02 9.502101249999999500e+02 4.791788400000000100e+01 2.724889375000000200e+02 9.315164799999999400e+01
1.328677222842262000e-02 1.222698562500000000e+03 1.417313560000000100e+02 9.563245624999999600e+02 4.821426000000000300e+01 2.663740000000000200e+02 9.351709599999999500e+01
1.363790020692334100e-02 1.222704796874999800e+03 1.423671200000000000e+02 9.626052499999999600e+02 4.843824800000000200e+01 2.600995468749999900e+02 9.392887199999999800e+01
1.383540976760734000e-02 1.222701000000000000e+03 1.427059760000000200e+02 9.659237500000000400e+02 4.856778400000000300e+01 2.567772499999999800e+02 9.413819200000000400e+01
1.386318393097110200e-02 1.222745843749999900e+03 1.427417760000000200e+02 9.664064375000000400e+02 4.857499200000000200e+01 2.563394062500000200e+02 9.416678400000000700e+01
1.387177747975630200e-02 1.222813781249999900e+03 1.427419160000000000e+02 9.665984375000000500e+02 4.856661199999999900e+01 2.562153437499999900e+02 9.417530399999999700e+01
1.387397477332780200e-02 1.222851343750000100e+03 1.427386119999999900e+02 9.666610624999999600e+02 4.856182799999999800e+01 2.561902812500000000e+02 9.417678399999999800e+01
1.387669257046393400e-02 1.222970109375000000e+03 1.427232200000000000e+02 9.667863750000000200e+02 4.854737999999999700e+01 2.561837343749999700e+02 9.417583999999999400e+01
1.387947324722532300e-02 1.223216625000000000e+03 1.426859000000000000e+02 9.669952500000000600e+02 4.851632399999999700e+01 2.562213750000000200e+02 9.416957600000000600e+01
1.388447916405832600e-02 1.223997984375000000e+03 1.425247479999999900e+02 9.675884375000000500e+02 4.838646000000000000e+01 2.564095468749999900e+02 9.413828800000000300e+01
1.389073568677145500e-02 1.223231859374999900e+03 1.425623200000000000e+02 9.671683749999999700e+02 4.839037600000000300e+01 2.560634843749999700e+02 9.417194399999999600e+01
1.390481257176661200e-02 1.222976328125000000e+03 1.426879639999999900e+02 9.673678125000000100e+02 4.845304399999999800e+01 2.556085156250000000e+02 9.423492000000000200e+01
1.393648527189634400e-02 1.222639281250000100e+03 1.428044199999999900e+02 9.677923124999999800e+02 4.849852400000000300e+01 2.548469687500000000e+02 9.430589600000000400e+01
1.400774884718824000e-02 1.222426750000000100e+03 1.429479839999999900e+02 9.689013125000000200e+02 4.855410400000000200e+01 2.535254375000000100e+02 9.439387999999999600e+01
1.404783460828993300e-02 1.222671421875000100e+03 1.429984880000000100e+02 9.697466875000000100e+02 4.856319200000000100e+01 2.529247343750000100e+02 9.443529599999999400e+01
1.407038394056979400e-02 1.222872671874999900e+03 1.430116879999999900e+02 9.702984374999999800e+02 4.854899199999999800e+01 2.525742343750000000e+02 9.446269599999999400e+01
1.408306699387174400e-02 1.222994250000000000e+03 1.430128080000000100e+02 9.706364375000000600e+02 4.853208000000000100e+01 2.523578124999999900e+02 9.448072799999999900e+01
1.411160502823863500e-02 1.223022593749999900e+03 1.430323119999999900e+02 9.713081875000000300e+02 4.849337599999999800e+01 2.517144062500000000e+02 9.453893600000000700e+01
1.417581444112663700e-02 1.222510968750000100e+03 1.431938680000000100e+02 9.720574374999999900e+02 4.856960399999999800e+01 2.504535312500000000e+02 9.462426399999999700e+01
1.432028736678089800e-02 1.222695609375000000e+03 1.434042600000000200e+02 9.741797500000000100e+02 4.868842800000000200e+01 2.485158593749999900e+02 9.471583200000000600e+01
1.449907277238820400e-02 1.222717781249999900e+03 1.436458600000000000e+02 9.765990624999999500e+02 4.881992400000000000e+01 2.461187187500000000e+02 9.482593599999999900e+01
1.468192090044964800e-02 1.222691249999999900e+03 1.439023960000000100e+02 9.791091874999999600e+02 4.894976400000000200e+01 2.435820625000000100e+02 9.495263199999999400e+01
1.509332947969727800e-02 1.222710578125000000e+03 1.443813120000000100e+02 9.848990625000000100e+02 4.913042399999999800e+01 2.378115156250000000e+02 9.525088800000000300e+01
1.558702070634443800e-02 1.222700296875000000e+03 1.449715919999999900e+02 9.907158124999999700e+02 4.947772799999999900e+01 2.319844843749999900e+02 9.549386400000000200e+01
1.581843752272982200e-02 1.222699640625000000e+03 1.452239120000000100e+02 9.933744375000000000e+02 4.961783200000000000e+01 2.293252031250000000e+02 9.560608000000000600e+01
1.594860999138800900e-02 1.222700406250000000e+03 1.453607200000000100e+02 9.948453124999999800e+02 4.969247200000000200e+01 2.278550937500000100e+02 9.566824800000000600e+01
1.602183215056292600e-02 1.222704687500000100e+03 1.454343399999999900e+02 9.956706874999999900e+02 4.973068399999999700e+01 2.270339999999999900e+02 9.570365599999999500e+01
1.604448511778071300e-02 1.222703843750000000e+03 1.454570760000000000e+02 9.959227499999999500e+02 4.974232400000000400e+01 2.267810937500000000e+02 9.571475200000000400e+01
1.606765276637560700e-02 1.222699593750000100e+03 1.454801480000000100e+02 9.961712499999999900e+02 4.975451600000000200e+01 2.265283437500000000e+02 9.572563200000000400e+01
1.608068515092898500e-02 1.222877562500000100e+03 1.454458640000000000e+02 9.964031250000000500e+02 4.972852799999999700e+01 2.264744374999999900e+02 9.571733600000000300e+01
1.609632354661804200e-02 1.222726328125000000e+03 1.454596640000000000e+02 9.964946875000000500e+02 4.972995999999999800e+01 2.262316406250000100e+02 9.572970399999999800e+01
1.612564524742564300e-02 1.222677765624999900e+03 1.455147600000000000e+02 9.967938749999999600e+02 4.976307200000000100e+01 2.258838906249999900e+02 9.575168800000000100e+01
1.619161878313337200e-02 1.222647734375000000e+03 1.455961879999999800e+02 9.974979375000000300e+02 4.981113200000000100e+01 2.251497968749999900e+02 9.578505599999999700e+01
1.634006127624139400e-02 1.222711218749999900e+03 1.457468880000000100e+02 9.991257500000000400e+02 4.989492800000000000e+01 2.235854687499999900e+02 9.585196000000000500e+01
1.652375711480631000e-02 1.222697093750000000e+03 1.459046319999999900e+02 1.001003687500000000e+03 4.997333600000000300e+01 2.216934062500000100e+02 9.593129600000000300e+01
1.671162862626332900e-02 1.222700296875000000e+03 1.460830440000000000e+02 1.003018375000000000e+03 5.005897999999999800e+01 2.196819218750000000e+02 9.602406399999999600e+01
1.694412021846561700e-02 1.222697437500000000e+03 1.462984520000000000e+02 1.005418312500000000e+03 5.016552399999999800e+01 2.172791249999999900e+02 9.613292800000000700e+01
1.713434040036976000e-02 1.222698843749999900e+03 1.464540399999999900e+02 1.007306000000000000e+03 5.023848799999999700e+01 2.153928437500000000e+02 9.621555200000000200e+01
1.726511721209292000e-02 1.222696500000000000e+03 1.465698919999999800e+02 1.008604000000000000e+03 5.029317199999999800e+01 2.140925000000000000e+02 9.627671999999999700e+01
1.737211504553118300e-02 1.222689703125000100e+03 1.465961600000000000e+02 1.009515750000000000e+03 5.029803199999999900e+01 2.131739531250000000e+02 9.629812800000000500e+01
1.750586350176652100e-02 1.222695671875000000e+03 1.467330080000000100e+02 1.010856562500000000e+03 5.036285600000000100e+01 2.118391093749999900e+02 9.637015200000000400e+01
1.780679840162414600e-02 1.222704656250000000e+03 1.469440559999999900e+02 1.013658312500000000e+03 5.043406399999999900e+01 2.090463437500000100e+02 9.650999199999999700e+01
1.797607384612999800e-02 1.222698437500000000e+03 1.470809360000000100e+02 1.015219437500000000e+03 5.049297599999999900e+01 2.074790000000000100e+02 9.658795999999999500e+01
1.835694272294003500e-02 1.222700046875000000e+03 1.473471600000000000e+02 1.018549875000000000e+03 5.060395200000000000e+01 2.041501718750000100e+02 9.674320799999999600e+01
1.847477448292267700e-02 1.222700468750000000e+03 1.474266319999999800e+02 1.019553375000000000e+03 5.063684800000000100e+01 2.031470937500000100e+02 9.678978399999999700e+01
1.854105543013166400e-02 1.222702109375000000e+03 1.474699720000000100e+02 1.020114062500000000e+03 5.065437200000000200e+01 2.025880468750000000e+02 9.681560000000000300e+01
1.860884199503431600e-02 1.222705468750000100e+03 1.475136279999999800e+02 1.020689437500000100e+03 5.067204400000000000e+01 2.020160312500000000e+02 9.684158399999999700e+01
1.862981351449521900e-02 1.222711374999999900e+03 1.475274279999999900e+02 1.020873687500000000e+03 5.067806000000000200e+01 2.018376874999999900e+02 9.684936799999999800e+01
1.865126128889557000e-02 1.222738328125000000e+03 1.475428720000000200e+02 1.021086625000000000e+03 5.068622400000000300e+01 2.016517031250000100e+02 9.685664800000000700e+01
1.865789625379774300e-02 1.222755093750000000e+03 1.475481320000000100e+02 1.021161500000000000e+03 5.068943600000000100e+01 2.015935937500000000e+02 9.685869599999999500e+01
1.866468259557554200e-02 1.222791328125000100e+03 1.475546039999999800e+02 1.021257375000000000e+03 5.069406800000000100e+01 2.015339531250000100e+02 9.686053599999999600e+01
1.866850078615367800e-02 1.222831031250000000e+03 1.475592040000000200e+02 1.021330750000000000e+03 5.069784400000000300e+01 2.015002812500000000e+02 9.686136000000000500e+01
1.867064800891247600e-02 1.222864953125000100e+03 1.475623520000000000e+02 1.021384187500000100e+03 5.070064000000000000e+01 2.014807656250000000e+02 9.686171199999999700e+01
1.867547926011976400e-02 1.223084000000000100e+03 1.475743559999999900e+02 1.021642500000000000e+03 5.071365200000000300e+01 2.014414999999999900e+02 9.686070399999999800e+01
1.868634928422678900e-02 1.223174859374999900e+03 1.475888720000000100e+02 1.021825187500000000e+03 5.072954399999999700e+01 2.013496718750000100e+02 9.685932800000000500e+01
1.871080712957696700e-02 1.222624859374999900e+03 1.475726760000000000e+02 1.021574625000000000e+03 5.071916399999999900e+01 2.010502343750000000e+02 9.685351199999999500e+01
1.876583844605237600e-02 1.222527421875000100e+03 1.476060520000000100e+02 1.021916625000000000e+03 5.073142800000000100e+01 2.006107968750000100e+02 9.687462399999999700e+01
1.888965890812204300e-02 1.222709640625000000e+03 1.476722000000000000e+02 1.023000687500000000e+03 5.075457600000000000e+01 1.997089531249999900e+02 9.691762400000000400e+01
1.904288607493716300e-02 1.222728484374999900e+03 1.477437360000000100e+02 1.024128312500000000e+03 5.076959200000000300e+01 1.986001718750000000e+02 9.697414399999999500e+01
1.912907657460270100e-02 1.222703671874999800e+03 1.477869560000000000e+02 1.024703749999999900e+03 5.077908399999999700e+01 1.979999218750000100e+02 9.700787200000000600e+01
1.921722682258876500e-02 1.222691281250000000e+03 1.478401320000000100e+02 1.025315125000000100e+03 5.080136400000000000e+01 1.973761562500000100e+02 9.703876800000000500e+01
1.941556196946364300e-02 1.222687953124999900e+03 1.479429999999999800e+02 1.026687249999999900e+03 5.085016000000000200e+01 1.960007031250000000e+02 9.709283999999999500e+01
1.986181983435401600e-02 1.222700734375000100e+03 1.481436160000000100e+02 1.029568500000000100e+03 5.091690400000000200e+01 1.931322343750000000e+02 9.722671200000000600e+01
2.041406130761599600e-02 1.222699499999999900e+03 1.483284560000000200e+02 1.032739687499999900e+03 5.094651199999999800e+01 1.899598125000000000e+02 9.738194400000000400e+01
2.072469597188835600e-02 1.222700234375000000e+03 1.484298440000000000e+02 1.034443937499999900e+03 5.095043600000000300e+01 1.882562968750000000e+02 9.747940800000000600e+01
2.104239411406464900e-02 1.222702937500000200e+03 1.484983199999999800e+02 1.036112062500000100e+03 5.091427199999999700e+01 1.865908750000000100e+02 9.758404799999999600e+01
2.142362862425118200e-02 1.222698343750000000e+03 1.486007119999999900e+02 1.037959125000000100e+03 5.090271200000000100e+01 1.847392187499999900e+02 9.769799999999999300e+01
2.213844420417907000e-02 1.222699265625000000e+03 1.487507799999999900e+02 1.041168500000000000e+03 5.085149200000000000e+01 1.815307656249999900e+02 9.789928799999999900e+01
2.254052913232600800e-02 1.222699515625000000e+03 1.488323920000000000e+02 1.042874187500000100e+03 5.083125600000000300e+01 1.798253281250000000e+02 9.800113600000000200e+01
2.303810725136408800e-02 1.222699281250000000e+03 1.489231439999999800e+02 1.044872562500000000e+03 5.080119200000000000e+01 1.778267187500000000e+02 9.812195199999999300e+01
2.354699671632349800e-02 1.222701093749999900e+03 1.490181840000000200e+02 1.046883437499999900e+03 5.077394400000000000e+01 1.758176562500000000e+02 9.824424000000000500e+01
2.383324573037097500e-02 1.222699499999999900e+03 1.490774840000000000e+02 1.047929374999999900e+03 5.077207599999999800e+01 1.747701250000000100e+02 9.830540800000000000e+01
2.392180353148370600e-02 1.222700109375000000e+03 1.490962920000000100e+02 1.048246562500000000e+03 5.077262000000000300e+01 1.744535468750000000e+02 9.832367200000000200e+01
2.401237580947969400e-02 1.222716828124999900e+03 1.491045400000000100e+02 1.048522062499999900e+03 5.076101200000000100e+01 1.741947656250000000e+02 9.834352800000000600e+01
2.421615935943939200e-02 1.222688562500000000e+03 1.491500360000000000e+02 1.049128625000000100e+03 5.075979600000000100e+01 1.735599374999999900e+02 9.839024000000000600e+01
2.467467525794247300e-02 1.222699984375000000e+03 1.492533040000000100e+02 1.050500875000000000e+03 5.077842400000000100e+01 1.721991093750000100e+02 9.847487999999999900e+01
2.478751390990465600e-02 1.222699437499999900e+03 1.492797120000000200e+02 1.050831500000000000e+03 5.078454399999999700e+01 1.718679375000000100e+02 9.849516800000000700e+01
2.482378380930322000e-02 1.222697390625000000e+03 1.492866880000000000e+02 1.050925375000000000e+03 5.078548000000000000e+01 1.717720156249999900e+02 9.850120800000000500e+01
2.484690488039792400e-02 1.222698781249999900e+03 1.492918520000000100e+02 1.050994124999999900e+03 5.078654800000000300e+01 1.717046562500000000e+02 9.850530399999999500e+01
2.485200511666881300e-02 1.222698078124999900e+03 1.492929240000000000e+02 1.051004124999999900e+03 5.078661199999999800e+01 1.716939531250000100e+02 9.850631199999999400e+01
2.485487429068056500e-02 1.222697359374999900e+03 1.492934000000000200e+02 1.051005375000000000e+03 5.078647200000000300e+01 1.716919843750000000e+02 9.850692800000000200e+01
2.486132993220701100e-02 1.222898265625000000e+03 1.492373519999999900e+02 1.050856500000000100e+03 5.076856800000000200e+01 1.720417656250000100e+02 9.846878399999999900e+01
2.487585279676649300e-02 1.222835671874999900e+03 1.491958600000000100e+02 1.050848999999999900e+03 5.073373200000000300e+01 1.719866718750000100e+02 9.846212800000000700e+01
2.490853157090034900e-02 1.222597375000000100e+03 1.492491039999999900e+02 1.050880625000000000e+03 5.075372000000000100e+01 1.717167499999999900e+02 9.849538400000000100e+01
2.498206114157652100e-02 1.222672328125000100e+03 1.492788439999999900e+02 1.051120750000000000e+03 5.076533200000000100e+01 1.715515781249999900e+02 9.851351200000000600e+01
2.514749976450416200e-02 1.222714250000000000e+03 1.493064560000000000e+02 1.051534249999999900e+03 5.076608000000000200e+01 1.711800000000000100e+02 9.854037599999999500e+01
2.551973783052884800e-02 1.222699609374999900e+03 1.493892520000000000e+02 1.052491874999999900e+03 5.078291600000000000e+01 1.702077343750000000e+02 9.860633599999999900e+01
2.635727115020938500e-02 1.222698625000000000e+03 1.495698319999999900e+02 1.054284124999999900e+03 5.080613600000000200e+01 1.684145000000000000e+02 9.876369599999999600e+01
2.786483112563435000e-02 1.222700312500000100e+03 1.499299320000000100e+02 1.057238875000000000e+03 5.089629999999999700e+01 1.654614374999999900e+02 9.903363199999999700e+01
2.974928225935306200e-02 1.222699750000000000e+03 1.504240560000000100e+02 1.060576624999999900e+03 5.104616800000000200e+01 1.621231249999999900e+02 9.937788799999999900e+01
3.398929731022016400e-02 1.222700125000000100e+03 1.515247719999999800e+02 1.064857375000000000e+03 5.135839599999999900e+01 1.578427500000000000e+02 1.001663760000000000e+02
3.637430752298916000e-02 1.222699921875000200e+03 1.521735400000000000e+02 1.066296250000000100e+03 5.158406000000000100e+01 1.564036718749999900e+02 1.005894799999999900e+02
4.174057584396940300e-02 1.222700109375000000e+03 1.535273840000000100e+02 1.066856874999999900e+03 5.200411199999999900e+01 1.558432343750000100e+02 1.015232720000000100e+02
4.777763003394717300e-02 1.222699374999999900e+03 1.550049439999999900e+02 1.066233874999999900e+03 5.243804000000000100e+01 1.564654999999999900e+02 1.025669039999999900e+02
5.079615480006105500e-02 1.222700343750000000e+03 1.557521040000000000e+02 1.066065125000000100e+03 5.267036800000000300e+01 1.566352187500000100e+02 1.030817360000000100e+02
5.249407701876574600e-02 1.222700578125000000e+03 1.561290119999999900e+02 1.065720125000000100e+03 5.278154000000000000e+01 1.569804531250000000e+02 1.033474720000000000e+02
5.459525326087216100e-02 1.222700171874999800e+03 1.565407400000000000e+02 1.064944874999999900e+03 5.290039600000000100e+01 1.577552968750000000e+02 1.036403440000000000e+02
5.674418541392418200e-02 1.222700249999999900e+03 1.569825240000000100e+02 1.064171499999999900e+03 5.301694799999999900e+01 1.585287500000000000e+02 1.039655760000000000e+02
6.157927926497872700e-02 1.222700218750000000e+03 1.578922680000000000e+02 1.061866874999999900e+03 5.322231599999999900e+01 1.608333437500000100e+02 1.046699519999999900e+02
6.429901868286878900e-02 1.222700171875000000e+03 1.584049440000000000e+02 1.060425250000000000e+03 5.332531999999999800e+01 1.622749218749999900e+02 1.050796240000000000e+02
7.000000223572001900e-02 1.222700328124999900e+03 1.593719720000000000e+02 1.056642374999999900e+03 5.346151600000000300e+01 1.660579531250000100e+02 1.059104560000000000e+02
