0.000000000000000000e+00 0.000000000000000000e+00 0.000000000000000000e+00 0.000000000000000000e+00 0.000000000000000000e+00 0.000000000000000000e+00 0.000000000000000000e+00
3.405413260599268900e-07 2.560546937500000200e+03 1.427072662353515700e-03 1.920055125000000100e+03 1.590176513671875000e-03 6.404918125000000400e+02 -1.631038513183593700e-04
1.400333766681079900e-03 2.560545937500000000e+03 3.393441700000000300e+01 1.909872750000000000e+03 2.004464000000000100e+01 6.506731875000000400e+02 1.388977700000000000e+01
4.025321012597090100e-03 2.560544750000000000e+03 9.548692800000000600e+01 1.895946250000000000e+03 5.662886799999999700e+01 6.645984999999999400e+02 3.885806000000000200e+01
4.837426510485974400e-03 2.560532437500000000e+03 1.117581120000000000e+02 1.907981000000000000e+03 6.783258399999999700e+01 6.525514375000000200e+02 4.392552800000000000e+01
5.294235634716439600e-03 2.560533312499999700e+03 1.201607800000000000e+02 1.916925000000000000e+03 7.380219200000000500e+01 6.436083125000000100e+02 4.635858799999999700e+01
5.411033374194842600e-03 2.560543687500000000e+03 1.222344480000000100e+02 1.919388875000000100e+03 7.528720800000000700e+01 6.411548125000000500e+02 4.694724000000000100e+01
5.476732102651444400e-03 2.560542750000000100e+03 1.233854440000000100e+02 1.920797750000000000e+03 7.610703200000000400e+01 6.397450000000000000e+02 4.727841200000000300e+01
5.624554532788175900e-03 2.560545937500000000e+03 1.259366000000000000e+02 1.924084374999999900e+03 7.790629599999999800e+01 6.364615625000000100e+02 4.803030400000000100e+01
5.707704686128758900e-03 2.560541750000000300e+03 1.273513319999999900e+02 1.925968000000000100e+03 7.890092799999999300e+01 6.345737500000000200e+02 4.845040399999999900e+01
5.801248608636914500e-03 2.560540750000000100e+03 1.289131919999999800e+02 1.928169124999999900e+03 7.999155199999999900e+01 6.323716249999999900e+02 4.892163999999999600e+01
5.848019987672239400e-03 2.560535562500000200e+03 1.296810160000000000e+02 1.929321875000000100e+03 8.052737600000000400e+01 6.312136874999999900e+02 4.915364000000000300e+01
5.953257191603292300e-03 2.560544625000000000e+03 1.314037759999999900e+02 1.932003500000000000e+03 8.172955199999999800e+01 6.285411249999999700e+02 4.967422400000000200e+01
6.012452536595756300e-03 2.560545437499999900e+03 1.323630760000000100e+02 1.933540625000000100e+03 8.239664799999999900e+01 6.270048124999999600e+02 4.996642800000000100e+01
6.145642645047552500e-03 2.560544312500000200e+03 1.345081240000000100e+02 1.937050750000000100e+03 8.388646400000000400e+01 6.234935625000000500e+02 5.062165999999999900e+01
6.220562554104424500e-03 2.560544437499999700e+03 1.356994080000000100e+02 1.939069125000000000e+03 8.471172799999999400e+01 6.214753124999999700e+02 5.098767999999999700e+01
6.389131185044881500e-03 2.560578562499999900e+03 1.381807079999999800e+02 1.944588250000000000e+03 8.626191199999999500e+01 6.159903124999999600e+02 5.191879600000000000e+01
6.597735506274325000e-03 2.560535374999999900e+03 1.412888720000000000e+02 1.951245750000000000e+03 8.825022400000000300e+01 6.092896250000000000e+02 5.303864800000000200e+01
6.811080252585685600e-03 2.560543937500000100e+03 1.443756720000000100e+02 1.957948249999999900e+03 9.023051999999999900e+01 6.025956875000000500e+02 5.414515200000000300e+01
7.021091796539642500e-03 2.560527250000000100e+03 1.473306440000000100e+02 1.964769749999999900e+03 9.208917599999999500e+01 5.957575000000000500e+02 5.524146799999999800e+01
7.058218721941714500e-03 2.560548875000000000e+03 1.478348599999999900e+02 1.966054125000000100e+03 9.240339199999999700e+01 5.944947499999999500e+02 5.543146800000000200e+01
7.079102908589755800e-03 2.560633875000000000e+03 1.480931880000000000e+02 1.966903375000000100e+03 9.255382400000000600e+01 5.937305000000000100e+02 5.553936399999999900e+01
7.100461603520991600e-03 2.560797125000000100e+03 1.481449480000000000e+02 1.968361124999999900e+03 9.247529600000000000e+01 5.924360000000000400e+02 5.566965199999999900e+01
7.148518521561582500e-03 2.560282374999999800e+03 1.489113680000000100e+02 1.969725500000000000e+03 9.297419200000000200e+01 5.905568749999999900e+02 5.593717600000000100e+01
7.256646441598224400e-03 2.560571937499999900e+03 1.503883999999999900e+02 1.973795499999999900e+03 9.389960800000000100e+01 5.867764375000000400e+02 5.648879199999999700e+01
7.499934116125980100e-03 2.560542812499999900e+03 1.534725359999999900e+02 1.982642374999999900e+03 9.573948799999999400e+01 5.779004374999999500e+02 5.773304799999999700e+01
8.047331529368120100e-03 2.560546875000000000e+03 1.602148359999999900e+02 2.003301999999999900e+03 9.965456000000000400e+01 5.572448749999999800e+02 6.056027600000000200e+01
9.278975709162935000e-03 2.560544374999999900e+03 1.737955000000000000e+02 2.050881625000000000e+03 1.070066080000000000e+02 5.096627500000000200e+02 6.678889200000000400e+01
9.660015176067423800e-03 2.560538093749999900e+03 1.776159840000000000e+02 2.065926875000000100e+03 1.089467760000000000e+02 4.946112187499999800e+02 6.866920799999999800e+01
9.757440168778976100e-03 2.560548937500000200e+03 1.785701280000000100e+02 2.069782000000000200e+03 1.094252319999999900e+02 4.907669374999999800e+02 6.914489600000000300e+01
9.812242091065943500e-03 2.560552937500000100e+03 1.790970240000000000e+02 2.071995375000000000e+03 1.096841440000000000e+02 4.885575625000000200e+02 6.941288000000000100e+01
9.843068245129708200e-03 2.560566249999999900e+03 1.793883359999999800e+02 2.073300499999999800e+03 1.098233599999999900e+02 4.872657500000000300e+02 6.956497600000000100e+01
9.912425636226294600e-03 2.560452312500000100e+03 1.799656239999999900e+02 2.076501749999999900e+03 1.100595600000000000e+02 4.839505624999999900e+02 6.990606400000000100e+01
1.006848238617800500e-02 2.560549312499999800e+03 1.814524799999999800e+02 2.082902999999999800e+03 1.107739680000000000e+02 4.776463125000000200e+02 7.067851199999999800e+01
1.041960803580371600e-02 2.560545531249999800e+03 1.846296800000000100e+02 2.097234750000000100e+03 1.122041280000000000e+02 4.633107812499999900e+02 7.242555199999999600e+01
1.120964162078969300e-02 2.560543125000000100e+03 1.912458240000000000e+02 2.129223250000000000e+03 1.149664400000000100e+02 4.313198750000000200e+02 7.627938399999999300e+01
1.298721602257063700e-02 2.560543062499999900e+03 2.037627520000000100e+02 2.196378749999999900e+03 1.194501520000000000e+02 3.641643124999999900e+02 8.431260000000000300e+01
1.498698838901170400e-02 2.560545343750000000e+03 2.133947120000000000e+02 2.256047999999999800e+03 1.231103600000000000e+02 3.044973437500000300e+02 9.028435199999999800e+01
1.598687457223223900e-02 2.560545937500000000e+03 2.167145280000000000e+02 2.278639749999999800e+03 1.246029200000000000e+02 2.819061874999999900e+02 9.211160800000000400e+01
1.823661790225968700e-02 2.560545734374999900e+03 2.217602479999999900e+02 2.319577749999999900e+03 1.268554319999999900e+02 2.409679843749999900e+02 9.490481599999999700e+01
1.950209830706809600e-02 2.560544718749999900e+03 2.235831680000000000e+02 2.337937750000000100e+03 1.277102480000000100e+02 2.226069687499999900e+02 9.587291999999999300e+01
2.106813051179506600e-02 2.560542906249999800e+03 2.249264719999999900e+02 2.355714250000000000e+03 1.283375360000000000e+02 2.048286562499999900e+02 9.658893600000000400e+01
2.266975374885531500e-02 2.560545156250000200e+03 2.257303440000000000e+02 2.370899500000000000e+03 1.287359920000000100e+02 1.896456562500000000e+02 9.699435200000000600e+01
2.357066740192045500e-02 2.560545640625000000e+03 2.260180960000000100e+02 2.378571250000000000e+03 1.288782880000000000e+02 1.819743906250000100e+02 9.713980800000000200e+01
2.559772253909827600e-02 2.560545515625000000e+03 2.260383679999999900e+02 2.392222249999999800e+03 1.287635359999999900e+02 1.683232656250000000e+02 9.727483200000000400e+01
2.673794207264361400e-02 2.560545437499999900e+03 2.257390960000000200e+02 2.398044750000000000e+03 1.284848480000000000e+02 1.625006875000000000e+02 9.725424800000000400e+01
2.930343311202686400e-02 2.560545234375000300e+03 2.244440400000000000e+02 2.407828500000000100e+03 1.273002560000000000e+02 1.527167343749999900e+02 9.714378399999999700e+01
3.007308205405434500e-02 2.560544546875000400e+03 2.239537680000000000e+02 2.410137000000000200e+03 1.268685120000000000e+02 1.504075468750000100e+02 9.708525600000000100e+01
3.086678128830533700e-02 2.560544703125000100e+03 2.233934720000000000e+02 2.412260000000000200e+03 1.263624080000000000e+02 1.482847031249999900e+02 9.703106400000000100e+01
3.131323594313401700e-02 2.560541984375000100e+03 2.230569520000000200e+02 2.413353750000000200e+03 1.260545440000000100e+02 1.471882343750000100e+02 9.700240800000000300e+01
3.156436785091265600e-02 2.560544765625000300e+03 2.228604239999999900e+02 2.413914000000000200e+03 1.258767120000000000e+02 1.466307656250000100e+02 9.698371199999999700e+01
3.182120550246465800e-02 2.560548687500000100e+03 2.226534240000000000e+02 2.414449000000000100e+03 1.256864320000000000e+02 1.460996874999999900e+02 9.696699200000000500e+01
3.185732402498760200e-02 2.560560984374999900e+03 2.226218000000000100e+02 2.414533250000000000e+03 1.256568400000000000e+02 1.460277343749999900e+02 9.696496000000000500e+01
3.190201979417067000e-02 2.560593687499999800e+03 2.225715680000000100e+02 2.414675749999999900e+03 1.256047440000000000e+02 1.459179374999999900e+02 9.696682400000000300e+01
3.192716232877365600e-02 2.560499109375000000e+03 2.225595999999999900e+02 2.414652500000000100e+03 1.255915040000000000e+02 1.458466093750000100e+02 9.696809600000000300e+01
3.194130325783158000e-02 2.560449406249999800e+03 2.225480400000000100e+02 2.414639999999999900e+03 1.255803120000000100e+02 1.458094062499999900e+02 9.696772799999999400e+01
3.194925869486416700e-02 2.560426234375000100e+03 2.225390800000000100e+02 2.414636500000000100e+03 1.255719120000000000e+02 1.457897343749999900e+02 9.696716800000000100e+01
3.195739345527248700e-02 2.562234500000000000e+03 2.220936480000000000e+02 2.415892249999999900e+03 1.252291840000000000e+02 1.463422500000000100e+02 9.686446399999999800e+01
3.197570074172247100e-02 2.561160640625000300e+03 2.219456639999999900e+02 2.415083250000000100e+03 1.250823599999999900e+02 1.460773906249999900e+02 9.686330399999999900e+01
3.201688689626617400e-02 2.560204218750000100e+03 2.220679759999999900e+02 2.414560750000000100e+03 1.251361919999999900e+02 1.456434687500000100e+02 9.693178399999999300e+01
3.210955749064575000e-02 2.560294031250000400e+03 2.219804080000000100e+02 2.415130500000000200e+03 1.249991680000000000e+02 1.451635312500000100e+02 9.698124000000000000e+01
3.222423828274047900e-02 2.560635265625000100e+03 2.219126320000000000e+02 2.415786750000000200e+03 1.249197600000000000e+02 1.448485156250000000e+02 9.699287200000000600e+01
3.228874579162970700e-02 2.560992421875000200e+03 2.216618720000000200e+02 2.416225500000000000e+03 1.246987120000000000e+02 1.447669218750000100e+02 9.696316000000000200e+01
3.232503199315333400e-02 2.560584953124999600e+03 2.216201040000000000e+02 2.416014749999999800e+03 1.246450720000000000e+02 1.445702031250000100e+02 9.697503199999999900e+01
3.236214028755532400e-02 2.560610562500000000e+03 2.213961040000000100e+02 2.416147250000000000e+03 1.244264880000000100e+02 1.444633125000000000e+02 9.696961600000000200e+01
3.244563977214734400e-02 2.560301906249999800e+03 2.213984399999999900e+02 2.416115749999999900e+03 1.243834640000000000e+02 1.441861562500000100e+02 9.701497600000000400e+01
3.249260619446472200e-02 2.560623515625000000e+03 2.213325120000000100e+02 2.416492499999999800e+03 1.243080640000000000e+02 1.441310156250000000e+02 9.702444800000000700e+01
3.259828355577257300e-02 2.560494187500000000e+03 2.211500480000000000e+02 2.416607250000000000e+03 1.241010320000000000e+02 1.438869374999999900e+02 9.704901599999999500e+01
3.283605703649648800e-02 2.560537062499999600e+03 2.209282319999999800e+02 2.416896249999999800e+03 1.238810240000000000e+02 1.436408125000000100e+02 9.704720799999999800e+01
3.313030340732672100e-02 2.560543500000000200e+03 2.206909200000000100e+02 2.417138750000000100e+03 1.236637920000000000e+02 1.434047500000000100e+02 9.702712800000000500e+01
3.343123597830934700e-02 2.560552968750000200e+03 2.204039440000000200e+02 2.417396000000000200e+03 1.233851120000000100e+02 1.431569687500000000e+02 9.701883200000000300e+01
3.410833309858273000e-02 2.560538484374999800e+03 2.197254080000000200e+02 2.417902999999999800e+03 1.227225840000000000e+02 1.426354843750000000e+02 9.700282400000000400e+01
3.563180161919785700e-02 2.560544984374999800e+03 2.182760240000000100e+02 2.418771499999999800e+03 1.214005279999999900e+02 1.417734843750000100e+02 9.687549599999999800e+01
3.648875309870792900e-02 2.560545640625000000e+03 2.173876320000000000e+02 2.419067250000000100e+03 1.205618719999999900e+02 1.414783906250000000e+02 9.682576000000000200e+01
3.841689392760559700e-02 2.560545046875000000e+03 2.151717280000000000e+02 2.419061999999999900e+03 1.184166080000000000e+02 1.414830468750000100e+02 9.675512000000000500e+01
4.080297076512896800e-02 2.560543390625000000e+03 2.124868960000000000e+02 2.418207249999999900e+03 1.158038959999999900e+02 1.423361406250000100e+02 9.668300000000000700e+01
4.324327312837444900e-02 2.560545625000000200e+03 2.100779759999999800e+02 2.416915750000000100e+03 1.134933360000000000e+02 1.436298750000000000e+02 9.658463999999999300e+01
4.461594466324691300e-02 2.560546937500000200e+03 2.089755200000000200e+02 2.416005250000000200e+03 1.124804640000000000e+02 1.445416874999999900e+02 9.649505600000000500e+01
4.504061036348634700e-02 2.560544531250000100e+03 2.086626079999999800e+02 2.415672000000000000e+03 1.121978479999999900e+02 1.448725312500000100e+02 9.646475999999999800e+01
4.547493623726534000e-02 2.560550343749999700e+03 2.083425360000000000e+02 2.415327499999999900e+03 1.119091280000000000e+02 1.452228437500000100e+02 9.643340800000000000e+01
4.571923988351601200e-02 2.560544546874999900e+03 2.081134160000000000e+02 2.414999749999999900e+03 1.117086080000000000e+02 1.455447968750000000e+02 9.640480800000000300e+01
4.626892890976754000e-02 2.560546124999999800e+03 2.077652959999999800e+02 2.414607250000000000e+03 1.113935360000000000e+02 1.459388750000000000e+02 9.637175999999999500e+01
4.657812898703402000e-02 2.560545750000000200e+03 2.075645280000000000e+02 2.414382750000000200e+03 1.112161600000000000e+02 1.461630000000000100e+02 9.634836799999999400e+01
4.662160908346211400e-02 2.560547109375000200e+03 2.075367600000000200e+02 2.414353250000000100e+03 1.111915520000000000e+02 1.461938593749999900e+02 9.634520800000000000e+01
4.667541541168250500e-02 2.560555015625000100e+03 2.074993680000000000e+02 2.414323750000000000e+03 1.111582720000000000e+02 1.462312656249999900e+02 9.634109599999999300e+01
4.668917440523885600e-02 2.560568703125000000e+03 2.074863839999999900e+02 2.414329249999999800e+03 1.111466720000000000e+02 1.462394531250000100e+02 9.633971200000000600e+01
4.669691558577057000e-02 2.560584484375000100e+03 2.074765199999999900e+02 2.414341249999999900e+03 1.111378720000000000e+02 1.462432343749999900e+02 9.633864800000000600e+01
4.670126592428838800e-02 2.560599562500000000e+03 2.074691120000000000e+02 2.414354249999999900e+03 1.111313040000000000e+02 1.462453125000000100e+02 9.633780799999999500e+01
4.670665494106046600e-02 2.560646609375000000e+03 2.074520959999999800e+02 2.414396999999999900e+03 1.111165360000000000e+02 1.462496093750000100e+02 9.633556000000000100e+01
4.670968247857286400e-02 2.560719515625000000e+03 2.074330640000000000e+02 2.414459499999999900e+03 1.111006160000000000e+02 1.462600156249999900e+02 9.633244799999999900e+01
4.671278454008556700e-02 2.561703921875000100e+03 2.072820080000000200e+02 2.415079999999999900e+03 1.110013280000000000e+02 1.466239218750000100e+02 9.628068000000000400e+01
4.671975719186412200e-02 2.561908500000000000e+03 2.069860800000000200e+02 2.415270500000000100e+03 1.107522080000000000e+02 1.466380000000000100e+02 9.623387200000000500e+01
4.673544449392838500e-02 2.561252984374999900e+03 2.070922880000000000e+02 2.414828500000000100e+03 1.108227200000000000e+02 1.464244843749999900e+02 9.626956800000000700e+01
4.677074092357295900e-02 2.560358187500000000e+03 2.072502079999999900e+02 2.414265500000000000e+03 1.109216480000000000e+02 1.460926875000000100e+02 9.632855999999999600e+01
4.685016487689827600e-02 2.560140109375000100e+03 2.073321280000000100e+02 2.414199750000000200e+03 1.109654479999999900e+02 1.459403593750000100e+02 9.636668000000000200e+01
4.702886877188024900e-02 2.560628890625000200e+03 2.072255280000000000e+02 2.414491000000000000e+03 1.108805200000000000e+02 1.461378906250000100e+02 9.634500800000000700e+01
4.712939233279199400e-02 2.560548156249999900e+03 2.071470479999999800e+02 2.414321750000000100e+03 1.108201280000000000e+02 1.462264062500000000e+02 9.632692000000000100e+01
4.722834157419728700e-02 2.560523484375000000e+03 2.070761680000000000e+02 2.414200750000000000e+03 1.107624079999999900e+02 1.463227343750000100e+02 9.631376000000000200e+01
4.724583142551892800e-02 2.560516999999999800e+03 2.070610239999999700e+02 2.414174000000000000e+03 1.107500079999999900e+02 1.463429999999999900e+02 9.631101599999999500e+01
4.726372184334221000e-02 2.560665531250000200e+03 2.069826160000000100e+02 2.414092000000000100e+03 1.107020639999999900e+02 1.465735312500000000e+02 9.628055200000000000e+01
4.730397877675710000e-02 2.560468484375000100e+03 2.069592240000000100e+02 2.413981000000000200e+03 1.106699760000000100e+02 1.464874843750000100e+02 9.628924800000000100e+01
4.739454872587807500e-02 2.560551406250000100e+03 2.069329999999999900e+02 2.414013750000000100e+03 1.106388160000000100e+02 1.465376562500000000e+02 9.629418400000000100e+01
4.742256974999284300e-02 2.560574500000000200e+03 2.069163680000000100e+02 2.414008750000000000e+03 1.106236880000000000e+02 1.465657500000000100e+02 9.629268000000000400e+01
4.743832691830739100e-02 2.560639734375000000e+03 2.068767599999999900e+02 2.413997499999999900e+03 1.105948000000000100e+02 1.466422343749999900e+02 9.628195999999999800e+01
4.745444739112341500e-02 2.560775328125000200e+03 2.067348319999999800e+02 2.413826750000000200e+03 1.105038639999999900e+02 1.469485781250000100e+02 9.623096800000000400e+01
4.749071729052197600e-02 2.560460359374999800e+03 2.067636000000000000e+02 2.413681999999999800e+03 1.105041360000000000e+02 1.467783593750000100e+02 9.625946399999999400e+01
4.757232107085623100e-02 2.560506078124999900e+03 2.067440480000000200e+02 2.413706499999999800e+03 1.104752960000000000e+02 1.467995781250000100e+02 9.626875200000000600e+01
4.761822785504427100e-02 2.560587421875000000e+03 2.067117279999999900e+02 2.413728500000000200e+03 1.104472480000000000e+02 1.468589218749999900e+02 9.626448000000000600e+01
4.764404576340001300e-02 2.560611406249999600e+03 2.066904720000000000e+02 2.413715499999999800e+03 1.104293280000000000e+02 1.468959062500000000e+02 9.626114400000000200e+01
4.765856862795949500e-02 2.560614578125000200e+03 2.066776079999999900e+02 2.413695250000000200e+03 1.104184880000000000e+02 1.469193281249999900e+02 9.625911999999999600e+01
4.766674297924298300e-02 2.560619968750000200e+03 2.066656800000000100e+02 2.413677250000000200e+03 1.104090400000000000e+02 1.469427187500000100e+02 9.625664000000000400e+01
4.767133552076179700e-02 2.560630109374999800e+03 2.066549200000000000e+02 2.413662499999999900e+03 1.104014080000000000e+02 1.469676093749999900e+02 9.625351200000000100e+01
4.767702263353508500e-02 2.560681296875000000e+03 2.066276960000000100e+02 2.413633249999999900e+03 1.103846719999999900e+02 1.470480468750000100e+02 9.624302400000000500e+01
4.768284016330891900e-02 2.561013703125000100e+03 2.065320480000000000e+02 2.413585000000000000e+03 1.103362880000000000e+02 1.474287031250000000e+02 9.619576000000000700e+01
4.769592378311250700e-02 2.560759187499999800e+03 2.064323039999999900e+02 2.413268999999999800e+03 1.102622640000000000e+02 1.474901874999999900e+02 9.617004000000000000e+01
4.772537007873312000e-02 2.560459296875000300e+03 2.064811359999999900e+02 2.413143250000000100e+03 1.102794160000000000e+02 1.473160468750000100e+02 9.620171999999999500e+01
4.776180765713236600e-02 2.560323328125000000e+03 2.064955519999999800e+02 2.413090250000000200e+03 1.102726400000000000e+02 1.472330781249999900e+02 9.622291199999999400e+01
4.778230175721631000e-02 2.560343187500000100e+03 2.064802239999999900e+02 2.413085500000000100e+03 1.102565520000000000e+02 1.472576875000000000e+02 9.622367199999999300e+01
4.778754172598777300e-02 2.560381374999999900e+03 2.064677839999999900e+02 2.413084249999999900e+03 1.102482960000000000e+02 1.472971249999999900e+02 9.621948799999999800e+01
4.779049008174985500e-02 2.560425859375000100e+03 2.064549999999999800e+02 2.413082249999999900e+03 1.102409360000000000e+02 1.473436093750000000e+02 9.621406399999999300e+01
4.779414175776480800e-02 2.560593124999999900e+03 2.064142320000000000e+02 2.413070749999999900e+03 1.102214400000000000e+02 1.475223750000000100e+02 9.619279199999999700e+01
4.779619116777320000e-02 2.560797562499999900e+03 2.063691120000000000e+02 2.413057749999999900e+03 1.102021920000000000e+02 1.477398125000000000e+02 9.616692000000000500e+01
4.779829181303180100e-02 2.561170624999999700e+03 2.062861520000000200e+02 2.413030749999999900e+03 1.101676880000000000e+02 1.481398749999999900e+02 9.611846400000000300e+01
4.780301011380112800e-02 2.561779390624999900e+03 2.059736800000000000e+02 2.412623999999999800e+03 1.100026720000000000e+02 1.491553906250000000e+02 9.597100799999999800e+01
4.781363444159465000e-02 2.560981390624999700e+03 2.058924319999999900e+02 2.412104249999999900e+03 1.099160160000000000e+02 1.488771406250000100e+02 9.597641600000000000e+01
4.783753801469255200e-02 2.560691171874999800e+03 2.060425760000000000e+02 2.412117999999999900e+03 1.100001360000000000e+02 1.485731718750000100e+02 9.604243999999999900e+01
4.786711938506372400e-02 2.560292625000000000e+03 2.061203360000000100e+02 2.411994000000000100e+03 1.100226239999999900e+02 1.482986249999999900e+02 9.609771200000000100e+01
4.789737612918765900e-02 2.560158578125000100e+03 2.061134560000000100e+02 2.411974250000000200e+03 1.099929840000000100e+02 1.481843281250000100e+02 9.612047200000000700e+01
4.796544448796646200e-02 2.560727843749999900e+03 2.058418639999999900e+02 2.412268500000000100e+03 1.097753840000000000e+02 1.484593437499999900e+02 9.606647999999999900e+01
4.811860062409379500e-02 2.560543328124999800e+03 2.058007920000000000e+02 2.412392249999999900e+03 1.096925200000000000e+02 1.481510781250000000e+02 9.610827199999999900e+01
4.846320425925528700e-02 2.560553421874999900e+03 2.056741119999999800e+02 2.412302749999999800e+03 1.095699039999999900e+02 1.482506718749999900e+02 9.610420800000000000e+01
4.923856127393114900e-02 2.560547640625000000e+03 2.053294159999999800e+02 2.411527750000000200e+03 1.093075200000000000e+02 1.490198906249999900e+02 9.602189599999999800e+01
5.019807175111130900e-02 2.560549281250000100e+03 2.048724480000000200e+02 2.410582750000000000e+03 1.089369760000000000e+02 1.499665312500000000e+02 9.593547200000000400e+01
5.023180317674946800e-02 2.560620093749999800e+03 2.048383519999999900e+02 2.410630749999999800e+03 1.089056559999999900e+02 1.499893437499999900e+02 9.593269600000000700e+01
5.025077885032719300e-02 2.560917750000000100e+03 2.047461040000000000e+02 2.410862500000000200e+03 1.088303360000000000e+02 1.500552500000000000e+02 9.591576800000000000e+01
5.027018303690667500e-02 2.561186093750000100e+03 2.045762960000000100e+02 2.410939750000000000e+03 1.087056240000000000e+02 1.502463437499999900e+02 9.587067199999999900e+01
5.031384478558551000e-02 2.560410031250000000e+03 2.047055599999999900e+02 2.410409749999999800e+03 1.087809760000000000e+02 1.500002812500000000e+02 9.592458399999999600e+01
5.041208604898790600e-02 2.560304859375000000e+03 2.047711119999999900e+02 2.410322500000000200e+03 1.088138479999999900e+02 1.499823593749999900e+02 9.595726399999999500e+01
5.063313354939331900e-02 2.560584703125000000e+03 2.046436720000000100e+02 2.410355500000000100e+03 1.087155840000000100e+02 1.502292031250000000e+02 9.592808800000000200e+01
5.113048343868046400e-02 2.560544156250000000e+03 2.043930080000000100e+02 2.409844999999999800e+03 1.085152960000000100e+02 1.506991562499999900e+02 9.587771200000000200e+01
5.174595386845143300e-02 2.560544718750000400e+03 2.041149679999999800e+02 2.409175000000000200e+03 1.082966799999999900e+02 1.513697187500000000e+02 9.581828799999999500e+01
5.209215976961949200e-02 2.560547093749999900e+03 2.039611120000000100e+02 2.408763750000000100e+03 1.081770559999999900e+02 1.517833437500000000e+02 9.578405600000000700e+01
5.228689564016713400e-02 2.560544125000000300e+03 2.038770959999999900e+02 2.408523000000000100e+03 1.081121680000000000e+02 1.520211250000000100e+02 9.576492799999999800e+01
5.248606103098291100e-02 2.560546124999999800e+03 2.037843120000000000e+02 2.408263500000000000e+03 1.080405279999999900e+02 1.522826250000000000e+02 9.574378400000000500e+01
5.259809389219179800e-02 2.560537687500000200e+03 2.037143360000000000e+02 2.408079000000000200e+03 1.079872320000000100e+02 1.524586875000000000e+02 9.572710399999999700e+01
5.285016200772426500e-02 2.560546265624999700e+03 2.036088960000000200e+02 2.407773999999999900e+03 1.079052800000000000e+02 1.527722656249999900e+02 9.570361599999999700e+01
5.341731293879731900e-02 2.560545921875000200e+03 2.033560719999999800e+02 2.407032250000000200e+03 1.077090080000000000e+02 1.535136718750000000e+02 9.564706400000000000e+01
5.469341068477421400e-02 2.560545312500000400e+03 2.027737280000000100e+02 2.405239750000000200e+03 1.072594560000000000e+02 1.553055625000000100e+02 9.551427200000000500e+01
5.756462013328468600e-02 2.560545953124999900e+03 2.014227599999999800e+02 2.400656250000000000e+03 1.062535520000000000e+02 1.598897031250000100e+02 9.516920799999999800e+01
5.917968097914998200e-02 2.560546421874999900e+03 2.007534319999999800e+02 2.398088749999999900e+03 1.057593280000000000e+02 1.624576718749999900e+02 9.499410399999999300e+01
6.281355973128434400e-02 2.560546359375000100e+03 1.992675999999999900e+02 2.391729249999999900e+03 1.046873839999999900e+02 1.688171093750000000e+02 9.458021599999999300e+01
6.706303933019021300e-02 2.560544124999999900e+03 1.976295759999999900e+02 2.383850500000000000e+03 1.035216800000000000e+02 1.766936250000000000e+02 9.410789599999999700e+01
7.000000223572001900e-02 2.560545953124999900e+03 1.965694000000000000e+02 2.378148999999999900e+03 1.027600080000000000e+02 1.823969531250000100e+02 9.380939200000000300e+01
