0.000000000000000000e+00 0.000000000000000000e+00 0.000000000000000000e+00 0.000000000000000000e+00 0.000000000000000000e+00 0.000000000000000000e+00 0.000000000000000000e+00
6.676932416118075300e-08 4.293294843749999900e+02 1.746751403808592800e-05 2.234767187500000000e+02 2.231311187744140500e-04 2.058527656249999900e+02 -2.056636047363281200e-04
1.400065390769578000e-03 4.293294374999999800e+02 1.813387812500000000e+00 2.213166406249999900e+02 6.394128125000000400e-01 2.080127968749999900e+02 1.173975000000000000e+00
4.025062942129419900e-03 4.293291406249999800e+02 4.013582125000000100e+00 2.271034531249999900e+02 1.606000375000000000e+00 2.022256874999999900e+02 2.407581749999999900e+00
7.273497700378337200e-03 4.293291874999999900e+02 5.292412750000000400e+00 2.391682187499999900e+02 2.192314249999999900e+00 1.901609687499999900e+02 3.100098500000000100e+00
9.100741445236005000e-03 4.293293281249999600e+02 5.740919749999999800e+00 2.452384218750000000e+02 2.366560999999999900e+00 1.840909062499999900e+02 3.374358749999999900e+00
9.567934697068581800e-03 4.293294062500000300e+02 5.839538250000000400e+00 2.467344062500000100e+02 2.399885750000000200e+00 1.825950000000000000e+02 3.439652499999999800e+00
1.014608645376570800e-02 4.293292812500000100e+02 5.950177749999999900e+00 2.485939062500000000e+02 2.434441000000000100e+00 1.807353750000000000e+02 3.515736749999999900e+00
1.073737782756174600e-02 4.293294374999999800e+02 6.055214249999999700e+00 2.504685624999999900e+02 2.466172499999999900e+00 1.788608749999999900e+02 3.589041749999999800e+00
1.106997878532710000e-02 4.293294062500000300e+02 6.111393749999999500e+00 2.514994843750000100e+02 2.482587500000000200e+00 1.778299218750000000e+02 3.628806249999999800e+00
1.181833230917222200e-02 4.293294218749999800e+02 6.227928000000000400e+00 2.537111406250000100e+02 2.514386000000000000e+00 1.756182812500000000e+02 3.713541999999999900e+00
1.266022914350815000e-02 4.293293750000000300e+02 6.348461000000000400e+00 2.560755781249999900e+02 2.544894999999999900e+00 1.732537968750000100e+02 3.803566000000000000e+00
1.308117795178270600e-02 4.293294531249999900e+02 6.405300750000000300e+00 2.572323437499999800e+02 2.558207500000000000e+00 1.720971093750000000e+02 3.847093249999999900e+00
1.358631714748272400e-02 4.293294218749999800e+02 6.469929500000000100e+00 2.585846874999999700e+02 2.572319250000000100e+00 1.707447343750000100e+02 3.897610250000000100e+00
1.374417246170244100e-02 4.293294375000000400e+02 6.489451250000000100e+00 2.589981406250000200e+02 2.576435000000000000e+00 1.703312968749999900e+02 3.913016250000000100e+00
1.409934730980339800e-02 4.293294531249999900e+02 6.532312250000000400e+00 2.599315937499999900e+02 2.584457249999999800e+00 1.693978593750000000e+02 3.947855000000000100e+00
1.489849228245692500e-02 4.293294218749999800e+02 6.622761750000000400e+00 2.620033281250000000e+02 2.599132249999999800e+00 1.673260937500000100e+02 4.023629500000000200e+00
1.585746531098533600e-02 4.293293750000000300e+02 6.719088250000000400e+00 2.644295000000000200e+02 2.610682750000000100e+00 1.648998750000000100e+02 4.108405499999999900e+00
1.765554189056236000e-02 4.293294531249999900e+02 6.874001500000000300e+00 2.685459999999999900e+02 2.624040500000000000e+00 1.607834531249999900e+02 4.249960999999999900e+00
1.981323159585787400e-02 4.293294375000000400e+02 7.024490250000000400e+00 2.728970937500000100e+02 2.628096750000000100e+00 1.564323437500000000e+02 4.396393500000000300e+00
2.036951188966045300e-02 4.293294218749999800e+02 7.058443500000000100e+00 2.739443437499999700e+02 2.627399500000000100e+00 1.553850781250000100e+02 4.431044000000000000e+00
2.068241906604115900e-02 4.293294218749999800e+02 7.076679000000000400e+00 2.745197812499999900e+02 2.626652000000000000e+00 1.548096406249999900e+02 4.450027000000000400e+00
2.100243812470924100e-02 4.293294531249999900e+02 7.094554999999999700e+00 2.750998750000000000e+02 2.625442000000000100e+00 1.542295781249999900e+02 4.469113000000000100e+00
2.172247944228605100e-02 4.293294531249999900e+02 7.132661999999999800e+00 2.763515312499999900e+02 2.622200499999999900e+00 1.529779218749999900e+02 4.510461499999999900e+00
2.334257436236684300e-02 4.293294531249999900e+02 7.205843749999999700e+00 2.789267812499999800e+02 2.610712250000000200e+00 1.504026718750000100e+02 4.595131499999999900e+00
2.698778793254862100e-02 4.293294531249999900e+02 7.305599250000000200e+00 2.836844375000000000e+02 2.561105250000000200e+00 1.456450156250000100e+02 4.744494000000000400e+00
3.518952159431037300e-02 4.293294687499999300e+02 7.261487499999999400e+00 2.895414374999999700e+02 2.375125499999999800e+00 1.397880312499999900e+02 4.886362000000000100e+00
4.393951160701240600e-02 4.293294531249999900e+02 7.094030000000000100e+00 2.911200625000000200e+02 2.207714499999999800e+00 1.382093906250000000e+02 4.886315500000000300e+00
4.743950886363432200e-02 4.293294687499999900e+02 7.031601249999999600e+00 2.913718124999999800e+02 2.156886750000000000e+00 1.379576562500000100e+02 4.874714499999999600e+00
5.400200215537403300e-02 4.293294843749999900e+02 6.888956999999999600e+00 2.911272187500000000e+02 2.067168000000000100e+00 1.382022656250000000e+02 4.821788999999999900e+00
6.581449133204662900e-02 4.293294843749999900e+02 6.500787125000000400e+00 2.889228749999999800e+02 1.880674624999999900e+00 1.404066093749999900e+02 4.620112500000000300e+00
7.000000145178766900e-02 4.293294843749999900e+02 6.333285250000000300e+00 2.879397812500000100e+02 1.804357750000000100e+00 1.413897031250000100e+02 4.528927500000000000e+00
