0.000000000000000000e+00 0.000000000000000000e+00 0.000000000000000000e+00 0.000000000000000000e+00 0.000000000000000000e+00 0.000000000000000000e+00 0.000000000000000000e+00
1.025992856844355300e-07 2.842514843750000200e+02 1.777087402343748800e-05 1.358352656250000100e+02 1.562951812744140500e-04 1.484162187500000100e+02 -1.385243072509765600e-04
1.400100590362949300e-03 2.842509843750000300e+02 1.548121000000000100e+00 1.364326250000000000e+02 5.536202500000000400e-01 1.478183593750000000e+02 9.945007500000000400e-01
4.025096577296418700e-03 2.842512812500000300e+02 2.872648374999999800e+00 1.469854687500000000e+02 1.194976000000000000e+00 1.372658125000000100e+02 1.677672375000000000e+00
7.273529771118964600e-03 2.842512187500000200e+02 3.775540625000000100e+00 1.591455156250000000e+02 1.556568374999999900e+00 1.251057031250000100e+02 2.218972250000000200e+00
8.104094683028893000e-03 2.842514140624999800e+02 3.937904249999999900e+00 1.619520000000000000e+02 1.607818750000000100e+00 1.222994140625000100e+02 2.330085500000000000e+00
9.131918898404740500e-03 2.842513437499999900e+02 4.114628375000000600e+00 1.651889218750000100e+02 1.657790625000000100e+00 1.190624218750000000e+02 2.456837750000000000e+00
1.018310312836814700e-02 2.842514062500000000e+02 4.271272374999999700e+00 1.683392656250000000e+02 1.696824375000000100e+00 1.159121406250000100e+02 2.574447999999999800e+00
1.077439450216418500e-02 2.842514218750000100e+02 4.351245999999999700e+00 1.700326718750000100e+02 1.715211000000000000e+00 1.142187500000000000e+02 2.636035000000000100e+00
1.110699545992953700e-02 2.842514296875000400e+02 4.393819999999999800e+00 1.709516406250000100e+02 1.724602500000000000e+00 1.132997890625000000e+02 2.669217499999999800e+00
1.185534820156147400e-02 2.842514453124999800e+02 4.484042750000000400e+00 1.729530000000000000e+02 1.742525249999999900e+00 1.112984453124999900e+02 2.741517500000000100e+00
1.227629622762284500e-02 2.842514453124999800e+02 4.531897250000000100e+00 1.740516718750000100e+02 1.750560500000000000e+00 1.101997734375000000e+02 2.781336749999999900e+00
1.251307998116560700e-02 2.842516093749999900e+02 4.557583499999999800e+00 1.747042656250000100e+02 1.751795750000000100e+00 1.095473437500000000e+02 2.805787749999999900e+00
1.304584303553022900e-02 2.842513671875000200e+02 4.613502375000000400e+00 1.760687343749999900e+02 1.757936375000000100e+00 1.081826328125000000e+02 2.855566000000000000e+00
1.424455893008414800e-02 2.842514453124999800e+02 4.728653624999999700e+00 1.788601874999999900e+02 1.772614874999999900e+00 1.053912578125000000e+02 2.956038749999999800e+00
1.694167067059694500e-02 2.842514296874999800e+02 4.936385999999999700e+00 1.842524687499999900e+02 1.785416500000000000e+00 9.999896093750000100e+01 3.150969500000000000e+00
1.845879661129528500e-02 2.842514375000000100e+02 5.027490375000000200e+00 1.869200625000000000e+02 1.782849625000000100e+00 9.733137499999999400e+01 3.244640749999999900e+00
1.959663989349926000e-02 2.842514453124999800e+02 5.083944875000000300e+00 1.887514999999999900e+02 1.775701625000000000e+00 9.549994531250000300e+01 3.308243249999999900e+00
2.005177845792194600e-02 2.842514531250000100e+02 5.104622624999999300e+00 1.894365781250000100e+02 1.772991625000000000e+00 9.481487500000000100e+01 3.331630999999999800e+00
2.090516052846833400e-02 2.842514609374999800e+02 5.138577624999999900e+00 1.906446718750000000e+02 1.766186625000000000e+00 9.360678906249999900e+01 3.372390999999999900e+00
2.138518911647045700e-02 2.842514687500000200e+02 5.154949000000000200e+00 1.912753750000000000e+02 1.761703500000000100e+00 9.297609375000000400e+01 3.393245499999999900e+00
2.224923901044790300e-02 2.842514453124999800e+02 5.179326500000000200e+00 1.923303124999999900e+02 1.752030000000000000e+00 9.192113281250000500e+01 3.427296500000000200e+00
2.332930176902630800e-02 2.842514609374999800e+02 5.202377000000000300e+00 1.934649374999999900e+02 1.739422500000000100e+00 9.078652343749999400e+01 3.462954499999999900e+00
2.575944414914749600e-02 2.842514687500000200e+02 5.223985625000000100e+00 1.953986250000000100e+02 1.704282375000000000e+00 8.885284375000000500e+01 3.519703250000000100e+00
2.712639923796566000e-02 2.842514687500000200e+02 5.226076625000000100e+00 1.961947343750000000e+02 1.685616124999999900e+00 8.805673437500000500e+01 3.540460500000000000e+00
2.958691652052671300e-02 2.842514687499999600e+02 5.223658750000000200e+00 1.972797968749999900e+02 1.654738499999999900e+00 8.697167187499999800e+01 3.568920250000000100e+00
3.266256312372803300e-02 2.842514765624999900e+02 5.217820249999999900e+00 1.982028124999999900e+02 1.621866500000000100e+00 8.604866406249999500e+01 3.595953750000000100e+00
3.958277189199693000e-02 2.842514843750000200e+02 5.210782500000000500e+00 1.990437187500000100e+02 1.581580999999999900e+00 8.520776562499999300e+01 3.629201500000000200e+00
5.203914454602819700e-02 2.842514687500000200e+02 5.169970249999999500e+00 1.989021093750000100e+02 1.541406749999999900e+00 8.534935937500000600e+01 3.628563499999999800e+00
5.398545678206315800e-02 2.842514765624999900e+02 5.163091500000000200e+00 1.988778593750000100e+02 1.535717999999999900e+00 8.537361718750000300e+01 3.627373500000000000e+00
5.544518548359708000e-02 2.842514765624999900e+02 5.156098249999999400e+00 1.988410781250000000e+02 1.530748000000000000e+00 8.541039843750000700e+01 3.625350249999999900e+00
5.626628405152969000e-02 2.842515312499999700e+02 5.151644000000000100e+00 1.988202968750000000e+02 1.526781500000000000e+00 8.543123437500000300e+01 3.624862499999999900e+00
5.725160358458991600e-02 2.842514687500000200e+02 5.146568499999999900e+00 1.987895937499999900e+02 1.523469250000000000e+00 8.546187500000000600e+01 3.623099250000000100e+00
5.909907849129102800e-02 2.842514609374999800e+02 5.133402750000000100e+00 1.986974843749999900e+02 1.515832499999999900e+00 8.555397656249999700e+01 3.617570250000000000e+00
6.325589077366305900e-02 2.842514843750000200e+02 5.092124000000000100e+00 1.983851093750000100e+02 1.493265000000000100e+00 8.586637500000000500e+01 3.598859000000000000e+00
7.000000145178766900e-02 2.842514765624999900e+02 4.999666750000000300e+00 1.977001875000000000e+02 1.446445750000000100e+00 8.655128906250000400e+01 3.553221000000000200e+00
