0.000000000000000000e+00 0.000000000000000000e+00 0.000000000000000000e+00 0.000000000000000000e+00 0.000000000000000000e+00 0.000000000000000000e+00 0.000000000000000000e+00
-2.929511557338060200e-07 1.016099499999999900e+03 -1.814627990722656800e-04 6.458635624999999400e+02 5.060724792480468400e-04 3.702359374999999800e+02 -6.875352783203125100e-04
1.399712905952623700e-03 1.016099468749999900e+03 2.086813000000000300e+00 6.425729999999999800e+02 9.439220000000000400e-01 3.735264687499999900e+02 1.142891000000000100e+00
4.024723852713276700e-03 1.016099468749999900e+03 5.948579249999999900e+00 6.361281874999999700e+02 2.668121499999999800e+00 3.799712812500000000e+02 3.280457750000000100e+00
9.930998947363826200e-03 1.016099375000000000e+03 1.061656750000000000e+01 6.483775000000000500e+02 5.141182500000000200e+00 3.677218750000000100e+02 5.475385000000000200e+00
1.325327736812000800e-02 1.016099343750000100e+03 1.177083200000000000e+01 6.575962500000000500e+02 5.728367000000000400e+00 3.585030937500000100e+02 6.042465000000000000e+00
1.428110862341452700e-02 1.016099343749999900e+03 1.203511100000000100e+01 6.601488124999999600e+02 5.858868499999999800e+00 3.559505312499999800e+02 6.176242499999999900e+00
1.480670269392919700e-02 1.016099250000000000e+03 1.215330500000000000e+01 6.615291875000000300e+02 5.914356999999999900e+00 3.545700625000000100e+02 6.238947999999999700e+00
1.501694126079088600e-02 1.016099375000000000e+03 1.219668499999999900e+01 6.620841249999999700e+02 5.933708499999999800e+00 3.540152499999999800e+02 6.262976499999999700e+00
1.533229832887023800e-02 1.016099437500000000e+03 1.225873250000000100e+01 6.629113125000000100e+02 5.960646999999999800e+00 3.531881250000000100e+02 6.298085500000000000e+00
1.572649466396942500e-02 1.016099437500000000e+03 1.233317950000000000e+01 6.639498125000000100e+02 5.992062500000000300e+00 3.521496250000000100e+02 6.341116999999999700e+00
1.608958707393936700e-02 1.016098812499999900e+03 1.239926700000000000e+01 6.648999999999999800e+02 6.019171000000000000e+00 3.511988124999999700e+02 6.380096000000000000e+00
1.612076765596084200e-02 1.016099312500000000e+03 1.240473750000000000e+01 6.649815625000000000e+02 6.021340999999999600e+00 3.511177500000000000e+02 6.383396499999999900e+00
1.619092592104213300e-02 1.016099531249999900e+03 1.241696299999999900e+01 6.651638749999999600e+02 6.026183999999999800e+00 3.509356562500000200e+02 6.390779000000000200e+00
1.634878279968822500e-02 1.016099437500000000e+03 1.244401600000000100e+01 6.655713124999999800e+02 6.036773000000000200e+00 3.505281249999999900e+02 6.407243000000000200e+00
1.670396077664192500e-02 1.016099406250000000e+03 1.250224650000000000e+01 6.664722500000000300e+02 6.058853000000000000e+00 3.496271562499999800e+02 6.443393500000000000e+00
1.750310887814819600e-02 1.016099468750000000e+03 1.262087049999999900e+01 6.684253750000000300e+02 6.101090499999999800e+00 3.476740937500000000e+02 6.519779999999999900e+00
1.846208659995572300e-02 1.016099468750000000e+03 1.274922300000000100e+01 6.706881875000000300e+02 6.142904999999999800e+00 3.454112812500000000e+02 6.606317999999999900e+00
2.026017256609098000e-02 1.016099406250000000e+03 1.294167850000000000e+01 6.746567499999999900e+02 6.194301000000000300e+00 3.414426562500000300e+02 6.747377499999999800e+00
2.248530156343314700e-02 1.016099375000000000e+03 1.309967650000000100e+01 6.792314999999999800e+02 6.211272000000000100e+00 3.368678750000000300e+02 6.888404500000000000e+00
2.373693809108784100e-02 1.016099406250000000e+03 1.316369299999999900e+01 6.815468750000000000e+02 6.207873499999999800e+00 3.345525312500000200e+02 6.955819499999999600e+00
2.501701901903928200e-02 1.016099406250000000e+03 1.321385349999999900e+01 6.837504999999999900e+02 6.195693999999999600e+00 3.323489062500000300e+02 7.018159500000000300e+00
2.789720462688936500e-02 1.016099468750000000e+03 1.326412399999999900e+01 6.879593125000000100e+02 6.140841499999999600e+00 3.281401562500000200e+02 7.123282500000000200e+00
3.146143097264247200e-02 1.016099406249999900e+03 1.321321500000000000e+01 6.919156249999999800e+02 6.026132500000000100e+00 3.241837812499999800e+02 7.187082499999999800e+00
3.510666331594071400e-02 1.016099437500000000e+03 1.304830849999999900e+01 6.946358125000000400e+02 5.862917999999999600e+00 3.214636249999999800e+02 7.185390499999999600e+00
4.166808341118920200e-02 1.016099437500000000e+03 1.249306050000000000e+01 6.958733750000000100e+02 5.473925000000000400e+00 3.202260625000000100e+02 7.019135500000000000e+00
4.986985774803662200e-02 1.016099437500000000e+03 1.132781050000000000e+01 6.918867500000000100e+02 4.791607499999999600e+00 3.242126875000000200e+02 6.536203000000000400e+00
5.424487622078321600e-02 1.016099500000000000e+03 1.050821150000000200e+01 6.882189375000000400e+02 4.329178500000000300e+00 3.278805625000000000e+02 6.179033000000000400e+00
6.408866622003670000e-02 1.016099500000000000e+03 8.236767000000000400e+00 6.795238124999999600e+02 3.073518500000000000e+00 3.365756875000000200e+02 5.163248499999999900e+00
7.000000145178766900e-02 1.016099468749999900e+03 6.635959250000000000e+00 6.758196874999999900e+02 2.199527250000000000e+00 3.402797812499999800e+02 4.436431999999999900e+00
