0.000000000000000000e+00 0.000000000000000000e+00 0.000000000000000000e+00 0.000000000000000000e+00 0.000000000000000000e+00 0.000000000000000000e+00 0.000000000000000000e+00
-6.849684240179775600e-07 1.369673749999999900e+03 -7.485509338378906500e-04 7.883856250000000000e+02 3.781358337402343900e-04 5.812881250000000400e+02 -1.126686767578125000e-03
1.399328684747069600e-03 1.369673312500000100e+03 5.076867000000000000e+00 7.865839999999999500e+02 2.151353499999999900e+00 5.830893125000000100e+02 2.925513500000000100e+00
4.024354437538854100e-03 1.369673312500000100e+03 1.032559150000000000e+01 8.085581250000000200e+02 5.096591499999999700e+00 5.611151875000000500e+02 5.229000000000000100e+00
9.930662045203953300e-03 1.369673437500000100e+03 1.771302200000000200e+01 8.603356874999999500e+02 9.173889000000000800e+00 5.093377500000000300e+02 8.539132999999999600e+00
1.325295981309168900e-02 1.369673500000000100e+03 2.002441900000000200e+01 8.851414375000000500e+02 1.023147500000000000e+01 4.845320624999999900e+02 9.792944000000000300e+00
1.512175275568376400e-02 1.369673624999999900e+03 2.095838900000000000e+01 8.970107500000000300e+02 1.061020600000000000e+01 4.726628749999999900e+02 1.034818300000000100e+01
1.533199252938865700e-02 1.369673624999999900e+03 2.105116100000000000e+01 8.983072499999999500e+02 1.064454500000000100e+01 4.713663750000000100e+02 1.040661600000000000e+01
1.559479075266902500e-02 1.369673624999999900e+03 2.116394199999999900e+01 8.999075000000000300e+02 1.068579700000000100e+01 4.697661249999999900e+02 1.047814500000000000e+01
1.618608914521104900e-02 1.369673593750000000e+03 2.140280899999999800e+01 9.034518124999999600e+02 1.076888100000000000e+01 4.662217812499999900e+02 1.063392799999999900e+01
1.651869441632340000e-02 1.369673531250000000e+03 2.152814700000000100e+01 9.054124375000000100e+02 1.081000300000000000e+01 4.642610937499999900e+02 1.071814400000000100e+01
1.726705508124559300e-02 1.369673562500000100e+03 2.178959300000000000e+01 9.097851875000000100e+02 1.088942300000000100e+01 4.598883750000000000e+02 1.090016999999999900e+01
1.819315171779546700e-02 1.369673499999999900e+03 2.207903299999999900e+01 9.149674374999999600e+02 1.096852799999999900e+01 4.547060624999999700e+02 1.111050500000000000e+01
1.914029611381970500e-02 1.369673593750000000e+03 2.234025900000000000e+01 9.199872500000000200e+02 1.103174100000000000e+01 4.496863437499999900e+02 1.130851799999999900e+01
2.031238814045612000e-02 1.369673531250000000e+03 2.261962100000000200e+01 9.258200000000000500e+02 1.108650400000000000e+01 4.438535312500000000e+02 1.153311700000000100e+01
2.151111851359967200e-02 1.369673656250000000e+03 2.286418400000000200e+01 9.313836250000000500e+02 1.112151500000000000e+01 4.382900312500000300e+02 1.174266899999999900e+01
2.420826006055177100e-02 1.369673687499999900e+03 2.327095100000000000e+01 9.422224374999999600e+02 1.113117100000000000e+01 4.274512500000000200e+02 1.213978000000000000e+01
2.754597436814080700e-02 1.369673562500000100e+03 2.354025899999999900e+01 9.530733750000000600e+02 1.103818300000000000e+01 4.166001875000000000e+02 1.250207600000000100e+01
3.095954283138265700e-02 1.369673624999999900e+03 2.358577900000000200e+01 9.615570625000000300e+02 1.085833300000000000e+01 4.081165624999999900e+02 1.272744600000000000e+01
3.479981004146107100e-02 1.369673499999999900e+03 2.337083799999999900e+01 9.681879999999999900e+02 1.055996900000000100e+01 4.014855000000000000e+02 1.281086900000000000e+01
3.671994364650028200e-02 1.369673656250000000e+03 2.318818199999999800e+01 9.705693750000000400e+02 1.038606300000000000e+01 3.991042812499999900e+02 1.280211899999999900e+01
4.104024366029820200e-02 1.369673656250000000e+03 2.254415099999999900e+01 9.729985625000000500e+02 9.919788999999999700e+00 3.966750937499999700e+02 1.262436200000000000e+01
5.076091928888382800e-02 1.369673687500000100e+03 1.990777900000000100e+01 9.655481875000000400e+02 8.482029000000000700e+00 4.041254999999999900e+02 1.142575000000000100e+01
6.476105902726787800e-02 1.369673718750000000e+03 1.434508149999999900e+01 9.452057499999999700e+02 5.704138500000000000e+00 4.244679687500000100e+02 8.640943000000000000e+00
6.803539821079798700e-02 1.369673687499999900e+03 1.294203250000000000e+01 9.414998124999999600e+02 5.006354499999999600e+00 4.281738750000000100e+02 7.935678000000000200e+00
7.000000076485157800e-02 1.369673718750000000e+03 1.205188700000000100e+01 9.395109374999999500e+02 4.566628999999999800e+00 4.301627812500000200e+02 7.485258000000000000e+00
