0.000000000000000000e+00 0.000000000000000000e+00 0.000000000000000000e+00 0.000000000000000000e+00 0.000000000000000000e+00 0.000000000000000000e+00 0.000000000000000000e+00
2.867320570378349700e-07 2.528966875000000100e+03 1.187161132812500100e-03 1.641836499999999900e+03 3.363875732421875000e-03 8.871303749999999600e+02 -2.176714599609374900e-03
1.400280930329300600e-03 2.528964750000000100e+03 2.623498300000000000e+01 1.627752125000000000e+03 1.251039100000000000e+01 9.012126250000000000e+02 1.372459199999999900e+01
4.025270359565632500e-03 2.528952937500000200e+03 5.914739000000000100e+01 1.654684999999999900e+03 3.132225400000000100e+01 8.742679375000000200e+02 2.782513600000000100e+01
7.273694388886802800e-03 2.528949875000000200e+03 7.875005600000000100e+01 1.711166750000000100e+03 4.280354799999999900e+01 8.177831250000000400e+02 3.594650800000000100e+01
8.104257385663789200e-03 2.528960625000000200e+03 8.182645999999999700e+01 1.724379625000000000e+03 4.439530800000000000e+01 8.045810000000000200e+02 3.743115199999999700e+01
8.111557244381189000e-03 2.528950750000000000e+03 8.185171199999999200e+01 1.724486249999999900e+03 4.440799599999999700e+01 8.044645000000000400e+02 3.744371600000000200e+01
8.127982217604716100e-03 2.528927624999999800e+03 8.190857199999999200e+01 1.724722749999999900e+03 4.443666799999999700e+01 8.042048750000000200e+02 3.747190400000000200e+01
8.164937388474834500e-03 2.528935250000000000e+03 8.202968400000000300e+01 1.725299375000000100e+03 4.449636000000000300e+01 8.036358750000000600e+02 3.753332400000000000e+01
8.210670089255904500e-03 2.528968687500000200e+03 8.217629999999999800e+01 1.726031625000000100e+03 4.456754800000000200e+01 8.029370625000000200e+02 3.760875200000000300e+01
8.257442050509983600e-03 2.528976187499999900e+03 8.232774000000000600e+01 1.726765875000000100e+03 4.464044799999999900e+01 8.022103124999999900e+02 3.768729199999999900e+01
8.362678672222281400e-03 2.528960624999999700e+03 8.267060399999999700e+01 1.728400625000000000e+03 4.480455599999999800e+01 8.005599999999999500e+02 3.786604799999999900e+01
8.492909362755707300e-03 2.528963000000000200e+03 8.308667199999999300e+01 1.730431250000000100e+03 4.500108399999999900e+01 7.985317499999999900e+02 3.808558800000000100e+01
8.626100053426255900e-03 2.528963937500000200e+03 8.350196400000000100e+01 1.732501125000000000e+03 4.519399200000000100e+01 7.964628125000000400e+02 3.830797199999999900e+01
8.701019380264374600e-03 2.528962687499999900e+03 8.373195599999999700e+01 1.733656874999999900e+03 4.529950399999999900e+01 7.953058125000000000e+02 3.843245199999999800e+01
8.869588593423585700e-03 2.528963687500000100e+03 8.423784000000000600e+01 1.736268250000000100e+03 4.552702399999999700e+01 7.926954375000000300e+02 3.871081600000000100e+01
9.173012478447659400e-03 2.528960250000000100e+03 8.509139999999999300e+01 1.740910750000000000e+03 4.589559599999999800e+01 7.880494999999999700e+02 3.919580400000000300e+01
9.267832624461043800e-03 2.528958062499999900e+03 8.534513599999999700e+01 1.742356375000000100e+03 4.600177200000000300e+01 7.866016875000000300e+02 3.934336400000000100e+01
9.481177952991155100e-03 2.528963250000000200e+03 8.588753600000001100e+01 1.745655625000000100e+03 4.622058400000000200e+01 7.833076250000000300e+02 3.966695200000000200e+01
9.488678677178128200e-03 2.528960312500000300e+03 8.590648000000000200e+01 1.745770625000000100e+03 4.622814400000000000e+01 7.831896874999999900e+02 3.967833600000000200e+01
9.505554287715999700e-03 2.528951812500000000e+03 8.594893999999999300e+01 1.746026374999999900e+03 4.624513999999999900e+01 7.829254375000000400e+02 3.970380000000000100e+01
9.543525430309030300e-03 2.528949375000000100e+03 8.604276000000000100e+01 1.746613625000000000e+03 4.628247600000000300e+01 7.823357499999999600e+02 3.976028399999999900e+01
9.628959627815219400e-03 2.528961624999999900e+03 8.624832800000000100e+01 1.747950125000000100e+03 4.636318000000000000e+01 7.810114999999999600e+02 3.988514800000000100e+01
9.821187299977584800e-03 2.528964562500000300e+03 8.670375599999999800e+01 1.750953375000000100e+03 4.653834799999999900e+01 7.780111875000000100e+02 4.016540799999999900e+01
9.929314637795472500e-03 2.528962999999999700e+03 8.695447600000000000e+01 1.752651875000000000e+03 4.663256400000000200e+01 7.763111249999999500e+02 4.032191199999999800e+01
1.017260289454198100e-02 2.528962937500000000e+03 8.749672400000000000e+01 1.756447875000000100e+03 4.683175200000000200e+01 7.725150625000000000e+02 4.066497199999999900e+01
1.072000030778412300e-02 2.528962375000000100e+03 8.860597599999999800e+01 1.764721624999999900e+03 4.721432000000000100e+01 7.642407500000000500e+02 4.139165599999999800e+01
1.139740600399627600e-02 2.528963499999999800e+03 8.982271600000000000e+01 1.774472625000000100e+03 4.758834000000000200e+01 7.544908749999999600e+02 4.223437599999999700e+01
1.209020556402148400e-02 2.528963562500000100e+03 9.091492399999999900e+01 1.784240125000000000e+03 4.785459600000000100e+01 7.447234375000000500e+02 4.306032799999999800e+01
1.364900661184383300e-02 2.528963812500000100e+03 9.290852000000001000e+01 1.804079250000000000e+03 4.822786000000000000e+01 7.248845625000000200e+02 4.468066000000000300e+01
1.715630867833474100e-02 2.528963874999999900e+03 9.520318000000000300e+01 1.841028000000000000e+03 4.792483200000000200e+01 6.879358750000000100e+02 4.727834800000000100e+01
2.149659460717505100e-02 2.528962437500000300e+03 9.535049200000000300e+01 1.871870875000000100e+03 4.616603599999999800e+01 6.570915625000000100e+02 4.918445599999999700e+01
2.504773774572053400e-02 2.528963625000000300e+03 9.362555199999999900e+01 1.888253625000000100e+03 4.385233199999999700e+01 6.407100000000000400e+02 4.977322000000000200e+01
2.948666666890238700e-02 2.528965000000000100e+03 8.970045999999999300e+01 1.898051500000000000e+03 4.013512800000000200e+01 6.309135000000000000e+02 4.956533199999999800e+01
3.198356302375467800e-02 2.528966000000000300e+03 8.729445200000000700e+01 1.899263750000000100e+03 3.816376400000000000e+01 6.297022500000000500e+02 4.913068799999999900e+01
3.275604154891874300e-02 2.528965375000000200e+03 8.659087200000000500e+01 1.899248125000000100e+03 3.760483200000000200e+01 6.297172500000000400e+02 4.898604000000000300e+01
3.276283021957155500e-02 2.528964062499999700e+03 8.658369600000000300e+01 1.899243874999999900e+03 3.759926000000000100e+01 6.297201874999999500e+02 4.898443600000000200e+01
3.276977492484999700e-02 2.528954812500000100e+03 8.657372800000000300e+01 1.899226625000000000e+03 3.759183600000000100e+01 6.297281874999999900e+02 4.898189200000000200e+01
3.277368044824099200e-02 2.528977687499999800e+03 8.656144799999999900e+01 1.899224999999999900e+03 3.758462399999999800e+01 6.297526874999999800e+02 4.897682400000000100e+01
3.278246729365198700e-02 2.528887687500000100e+03 8.652698799999998900e+01 1.899165999999999900e+03 3.756053599999999900e+01 6.297216875000000300e+02 4.896645199999999700e+01
3.280224177135798700e-02 2.529029875000000200e+03 8.649377200000000700e+01 1.899298250000000100e+03 3.753363199999999700e+01 6.297316250000000100e+02 4.896014000000000300e+01
3.284673027066521000e-02 2.528990937499999700e+03 8.648104000000000700e+01 1.899301125000000000e+03 3.751771600000000000e+01 6.296898125000000200e+02 4.896332400000000000e+01
3.294683230520022200e-02 2.528937124999999900e+03 8.640912799999999500e+01 1.899299125000000000e+03 3.745469599999999800e+01 6.296380000000000300e+02 4.895443199999999700e+01
3.317206013624775900e-02 2.528970374999999900e+03 8.620665600000000900e+01 1.899277250000000100e+03 3.729655600000000200e+01 6.296931250000000100e+02 4.891010000000000000e+01
3.367882566719847300e-02 2.528967249999999700e+03 8.575074000000000800e+01 1.899077874999999900e+03 3.694780000000000100e+01 6.298893749999999700e+02 4.880294000000000000e+01
3.481904520074381000e-02 2.528965562500000000e+03 8.473738000000000200e+01 1.898406125000000000e+03 3.618453999999999800e+01 6.305594374999999400e+02 4.855284000000000300e+01
3.738453856900207700e-02 2.528965500000000200e+03 8.245202399999999400e+01 1.895530625000000100e+03 3.455466799999999900e+01 6.334348750000000300e+02 4.789735600000000200e+01
4.315689981202066500e-02 2.528966312499999700e+03 7.780053399999999900e+01 1.886861625000000000e+03 3.138083400000000000e+01 6.421046874999999500e+02 4.641969999999999900e+01
5.535199790647178700e-02 2.528966312499999700e+03 6.666590399999999800e+01 1.856921499999999900e+03 2.497196400000000000e+01 6.720448125000000300e+02 4.169393999999999800e+01
5.972697592189170300e-02 2.528965749999999800e+03 6.227569799999999800e+01 1.846419500000000000e+03 2.249583799999999900e+01 6.825462499999999900e+02 3.977985999999999900e+01
6.957068810096155000e-02 2.528966249999999900e+03 4.882934699999999900e+01 1.823272750000000100e+03 1.509904300000000000e+01 7.056934999999999700e+02 3.373030399999999700e+01
7.000000223572001900e-02 2.528964875000000100e+03 4.826307100000000400e+01 1.822275625000000000e+03 1.478668700000000100e+01 7.066892500000000200e+02 3.347638400000000300e+01
