0.000000000000000000e+00 0.000000000000000000e+00 0.000000000000000000e+00 0.000000000000000000e+00 0.000000000000000000e+00 0.000000000000000000e+00 0.000000000000000000e+00
8.317622067331912300e-08 3.220334843750000000e+02 1.632334899902344000e-05 1.728556718750000100e+02 5.208715820312500300e-05 1.491778124999999900e+02 -3.576380920410156300e-05
1.400081523916539800e-03 3.220334531249999900e+02 1.877649000000000100e+00 1.710397031249999900e+02 6.853263750000000400e-01 1.509937500000000100e+02 1.192322625000000100e+00
4.025078586393141200e-03 3.220334218749999900e+02 5.259539999999999400e+00 1.685652812500000000e+02 1.926102999999999900e+00 1.534681406249999900e+02 3.333437000000000000e+00
5.501638951264028200e-03 3.220332812500000200e+02 6.568325500000000300e+00 1.728567500000000100e+02 2.512309000000000100e+00 1.491765312500000100e+02 4.056016500000000100e+00
5.529324604770329700e-03 3.220306406249999900e+02 6.588388249999999500e+00 1.729627656250000000e+02 2.521004249999999800e+00 1.490678749999999900e+02 4.067383999999999700e+00
5.546627942658471400e-03 3.220337812500000000e+02 6.601034750000000200e+00 1.730330937500000100e+02 2.526457750000000100e+00 1.490006875000000000e+02 4.074576999999999700e+00
5.559605641627874500e-03 3.220341093749999600e+02 6.610616750000000200e+00 1.730849375000000000e+02 2.530578250000000000e+00 1.489491718749999900e+02 4.080038499999999700e+00
5.588805268755735200e-03 3.220333281250000300e+02 6.632073000000000100e+00 1.732003437500000000e+02 2.539777749999999800e+00 1.488329843750000000e+02 4.092295250000000300e+00
5.654504136463475400e-03 3.220333906250000400e+02 6.679336499999999800e+00 1.734617031250000100e+02 2.559900499999999900e+00 1.485716875000000000e+02 4.119436000000000300e+00
5.735806983912710400e-03 3.220333124999999700e+02 6.737270500000000200e+00 1.737899218750000000e+02 2.584470500000000100e+00 1.482433906249999900e+02 4.152800000000000000e+00
5.818957027800751800e-03 3.220333906249999800e+02 6.795511749999999300e+00 1.741320624999999900e+02 2.608624750000000200e+00 1.479013281249999900e+02 4.186886999999999600e+00
6.006045213208736000e-03 3.220335156250000100e+02 6.920565500000000400e+00 1.749413906250000000e+02 2.655965500000000200e+00 1.470921250000000100e+02 4.264599999999999700e+00
6.230551348583591700e-03 3.220330312500000200e+02 7.062164250000000400e+00 1.760126562499999900e+02 2.705918749999999900e+00 1.460203750000000000e+02 4.356245500000000000e+00
6.462072762917345700e-03 3.220332187500000000e+02 7.202156000000000400e+00 1.771372343749999900e+02 2.757736500000000000e+00 1.448959843750000100e+02 4.444419500000000400e+00
6.698856516460107700e-03 3.220332812499999600e+02 7.336300500000000100e+00 1.783705312500000000e+02 2.802464000000000100e+00 1.436627499999999900e+02 4.533836499999999600e+00
7.231619570824730300e-03 3.220333906250000400e+02 7.621225250000000200e+00 1.810528750000000000e+02 2.892978750000000200e+00 1.409805156250000100e+02 4.728246500000000000e+00
7.531298740016506000e-03 3.220332812500000200e+02 7.769718749999999100e+00 1.826039687500000100e+02 2.936092749999999800e+00 1.394293125000000100e+02 4.833625999999999800e+00
8.205576675144704900e-03 3.220333906249999800e+02 8.071098499999999700e+00 1.862269218749999900e+02 3.013185000000000000e+00 1.358064687499999900e+02 5.057913499999999700e+00
8.850355004388202300e-03 3.220328437499999800e+02 8.333275999999999700e+00 1.896462812499999900e+02 3.073005999999999900e+00 1.323865625000000000e+02 5.260270000000000200e+00
8.902506721927112800e-03 3.220347656249999800e+02 8.353110749999999000e+00 1.899372812500000100e+02 3.077206750000000200e+00 1.320974843749999900e+02 5.275903999999999700e+00
8.955842710229667100e-03 3.220308750000000400e+02 8.372651750000001100e+00 1.902512656250000000e+02 3.081009750000000200e+00 1.317796093750000100e+02 5.291642000000000400e+00
9.075849857230197000e-03 3.220334843750000000e+02 8.419257249999999400e+00 1.908688593750000000e+02 3.092107749999999800e+00 1.311646250000000000e+02 5.327149500000000000e+00
9.345865937981392300e-03 3.220333046875000500e+02 8.519208250000000100e+00 1.923054531250000100e+02 3.114867250000000100e+00 1.297278515625000100e+02 5.404340999999999600e+00
9.953401533011689200e-03 3.220334062499999800e+02 8.729257249999999900e+00 1.955220156249999900e+02 3.160000750000000000e+00 1.265113906250000000e+02 5.569256499999999800e+00
1.132035662182985500e-02 3.220334140625000100e+02 9.157436000000000600e+00 2.023557031249999900e+02 3.245956500000000100e+00 1.196777109375000000e+02 5.911479500000000400e+00
1.439600478945754700e-02 3.220334140625000100e+02 9.925760249999999700e+00 2.162032343749999900e+02 3.371994250000000200e+00 1.058301796875000100e+02 6.553766000000000400e+00
1.820211961200543900e-02 3.220334765624999700e+02 1.057025350000000000e+01 2.294584999999999900e+02 3.482212500000000200e+00 9.257497656249999800e+01 7.088040999999999600e+00
2.034306056856170400e-02 3.220334843750000000e+02 1.078777075000000000e+01 2.350493281249999900e+02 3.527492249999999900e+00 8.698415624999999800e+01 7.260278500000000100e+00
2.089045961385011000e-02 3.220334765625000300e+02 1.083186175000000000e+01 2.362962812499999900e+02 3.537939250000000000e+00 8.573719531250000600e+01 7.293922499999999900e+00
2.119837157682483500e-02 3.220334765625000300e+02 1.085487975000000000e+01 2.369705781250000000e+02 3.543318750000000100e+00 8.506289843749999600e+01 7.311561000000000200e+00
2.157941265056139600e-02 3.220334218749999900e+02 1.088191950000000000e+01 2.377860781249999900e+02 3.548985500000000100e+00 8.424734374999999900e+01 7.332933999999999800e+00
2.196911438869366200e-02 3.220339140625000000e+02 1.090848950000000000e+01 2.386733281250000100e+02 3.549469000000000200e+00 8.336058593750000500e+01 7.359020499999999700e+00
2.245136915542322200e-02 3.220334453125000200e+02 1.093894549999999900e+01 2.396567031250000100e+02 3.553965499999999900e+00 8.237674218750000000e+01 7.384979999999999700e+00
2.272263755948524700e-02 3.220333828125000100e+02 1.095496225000000100e+01 2.401853125000000100e+02 3.556406250000000200e+00 8.184807031249999900e+01 7.398556000000000100e+00
2.279199640269041400e-02 3.220336328125000000e+02 1.095885799999999900e+01 2.403173281249999900e+02 3.556963000000000100e+00 8.171630468749999900e+01 7.401894999999999700e+00
2.283101163198315900e-02 3.220337500000000000e+02 1.096095249999999900e+01 2.403913906250000100e+02 3.557162500000000000e+00 8.164235937499999800e+01 7.403789999999999900e+00
2.291879316014567400e-02 3.220315781250000100e+02 1.096544900000000000e+01 2.405702656249999900e+02 3.556493000000000100e+00 8.146131250000000500e+01 7.408955999999999900e+00
2.311630198961793500e-02 3.220335312500000100e+02 1.097592625000000100e+01 2.409338906250000000e+02 3.557987750000000100e+00 8.109964062500000600e+01 7.417938500000000000e+00
2.347181788266800400e-02 3.220327499999999600e+02 1.099133300000000100e+01 2.416548437500000000e+02 3.553875500000000200e+00 8.037790624999999500e+01 7.437457499999999800e+00
2.391621353119376800e-02 3.220335156250000100e+02 1.101154799999999900e+01 2.423725624999999900e+02 3.558873499999999800e+00 7.966095312500000600e+01 7.452674499999999600e+00
2.491610256705697000e-02 3.220334765625000300e+02 1.104932524999999900e+01 2.439180937500000000e+02 3.563389250000000200e+00 7.811538281250000200e+01 7.485935999999999700e+00
2.615346683291938300e-02 3.220334531249999900e+02 1.108778324999999900e+01 2.455821249999999900e+02 3.566460250000000000e+00 7.645132812500000300e+01 7.521322999999999800e+00
2.646983764928782400e-02 3.220334687500000000e+02 1.109617624999999900e+01 2.459822499999999900e+02 3.566252749999999900e+00 7.605121875000000400e+01 7.529923499999999800e+00
2.664779740681485300e-02 3.220334765625000300e+02 1.110044800000000000e+01 2.461995156250000000e+02 3.565805500000000200e+00 7.583396093749999500e+01 7.534642500000000400e+00
2.670285269970030000e-02 3.220334531249999900e+02 1.110159375000000100e+01 2.462620937499999900e+02 3.565591250000000200e+00 7.577135937500000300e+01 7.536002500000000400e+00
2.672748615735471800e-02 3.220338437500000200e+02 1.110180550000000100e+01 2.462876562500000000e+02 3.565264000000000000e+00 7.574618750000000500e+01 7.536541500000000200e+00
2.673540528365007200e-02 3.220847578125000200e+02 1.109236125000000000e+01 2.462588906249999900e+02 3.560389250000000100e+00 7.582586718749999500e+01 7.531971999999999700e+00
2.674490760943395300e-02 3.220536250000000100e+02 1.109308049999999900e+01 2.462598437499999900e+02 3.559798499999999900e+00 7.579378124999999500e+01 7.533281999999999800e+00
2.676272329695894200e-02 3.220117812500000100e+02 1.109681200000000000e+01 2.462845000000000100e+02 3.560316499999999900e+00 7.572728125000000400e+01 7.536495500000000000e+00
2.680281015831654400e-02 3.220299375000000200e+02 1.109903775000000100e+01 2.463675156250000100e+02 3.560152249999999800e+00 7.566242187500000700e+01 7.538885500000000100e+00
2.682535667119063600e-02 3.220387968750000000e+02 1.109936950000000000e+01 2.464011874999999900e+02 3.559899000000000100e+00 7.563760937499999700e+01 7.539470500000000200e+00
2.687609101843646200e-02 3.220321484374999800e+02 1.110017975000000100e+01 2.464487343749999900e+02 3.559715750000000100e+00 7.558341406249999700e+01 7.540464000000000100e+00
2.693887457759987200e-02 3.220333359375000000e+02 1.110129324999999900e+01 2.465117500000000100e+02 3.559731250000000000e+00 7.552158593750000600e+01 7.541561999999999900e+00
2.697418993852270000e-02 3.220337968750000100e+02 1.110196000000000000e+01 2.465477500000000100e+02 3.559737999999999800e+00 7.548604687500000000e+01 7.542221999999999800e+00
2.701030941460076300e-02 3.220337031249999900e+02 1.110245050000000000e+01 2.465845468750000000e+02 3.559563499999999900e+00 7.544915625000000100e+01 7.542887000000000300e+00
2.709157510692366100e-02 3.220324453125000400e+02 1.110319575000000100e+01 2.466752812500000100e+02 3.558549750000000100e+00 7.535716406250000400e+01 7.544646000000000200e+00
2.727442213243699500e-02 3.220335000000000000e+02 1.110761600000000000e+01 2.468675468749999900e+02 3.559249500000000000e+00 7.516595312500000100e+01 7.548366500000000200e+00
2.768582872205518900e-02 3.220335000000000000e+02 1.111591924999999900e+01 2.473043125000000100e+02 3.558831750000000000e+00 7.472918749999999500e+01 7.557087499999999700e+00
2.861149667754886400e-02 3.220334609375000200e+02 1.113244800000000000e+01 2.482512968750000100e+02 3.555807499999999800e+00 7.378216406250000100e+01 7.576640499999999900e+00
2.975701034225503700e-02 3.220334609374999700e+02 1.114587249999999900e+01 2.492992187499999900e+02 3.547352000000000100e+00 7.273424218750000100e+01 7.598520500000000200e+00
3.092855919064499100e-02 3.220334531249999900e+02 1.115722050000000100e+01 2.502359218750000000e+02 3.540365500000000100e+00 7.179753125000000600e+01 7.616855000000000200e+00
3.237834752701086000e-02 3.220334765625000300e+02 1.117097774999999900e+01 2.511748437500000100e+02 3.537862249999999900e+00 7.085863281250000500e+01 7.633115499999999700e+00
3.386108894047774200e-02 3.220334609374999700e+02 1.118255600000000000e+01 2.519444687500000000e+02 3.537388000000000000e+00 7.008899218749999700e+01 7.645168000000000000e+00
3.469512844336001400e-02 3.220334687500000000e+02 1.119131625000000000e+01 2.523399843750000000e+02 3.540340749999999900e+00 6.969348437499999700e+01 7.650975500000000400e+00
3.495316180031443600e-02 3.220334453125000200e+02 1.119407749999999900e+01 2.524588437500000000e+02 3.541296000000000000e+00 6.957460156250000700e+01 7.652781499999999700e+00
3.509830302140844200e-02 3.220334609374999700e+02 1.119568400000000000e+01 2.525239531249999900e+02 3.541907999999999800e+00 6.950950781250000400e+01 7.653775999999999700e+00
3.517994730491337500e-02 3.220334218749999900e+02 1.119659725000000000e+01 2.525602968750000100e+02 3.542256249999999900e+00 6.947312499999999600e+01 7.654340999999999600e+00
3.522586947663874900e-02 3.220334453125000200e+02 1.119709125000000000e+01 2.525804374999999900e+02 3.542443749999999900e+00 6.945300781250000500e+01 7.654647500000000300e+00
3.525170441374690700e-02 3.220334374999999900e+02 1.119735850000000000e+01 2.525915937499999900e+02 3.542544500000000000e+00 6.944184375000000400e+01 7.654814000000000000e+00
3.527812131746546600e-02 3.220334218749999900e+02 1.119758875000000000e+01 2.526024843749999900e+02 3.542630749999999800e+00 6.943093749999999900e+01 7.654957999999999700e+00
3.527905058673047600e-02 3.220412499999999900e+02 1.119778799999999900e+01 2.526085312500000000e+02 3.542750499999999900e+00 6.943271875000000600e+01 7.655037499999999700e+00
3.528020200454030900e-02 3.220388437500000100e+02 1.119768400000000100e+01 2.526073906249999900e+02 3.542688500000000100e+00 6.943145312500000400e+01 7.654995500000000100e+00
3.528137532431934600e-02 3.220338359374999900e+02 1.119761250000000000e+01 2.526038906249999900e+02 3.542635999999999900e+00 6.942994531249999600e+01 7.654976500000000100e+00
3.528203864110110400e-02 3.220316015624999900e+02 1.119759200000000000e+01 2.526019062500000100e+02 3.542616999999999900e+00 6.942969531250000200e+01 7.654975000000000300e+00
3.528352484615455300e-02 3.220494765624999900e+02 1.119618050000000100e+01 2.525890156250000000e+02 3.542436500000000000e+00 6.946046093750000200e+01 7.653743999999999700e+00
3.528687271859076700e-02 3.220545624999999700e+02 1.119284550000000100e+01 2.525694218749999900e+02 3.541129000000000200e+00 6.948514062500000000e+01 7.651716500000000000e+00
3.529440386714584300e-02 3.220362812500000000e+02 1.119374249999999900e+01 2.525749375000000000e+02 3.541170000000000200e+00 6.946134374999999700e+01 7.652572499999999800e+00
3.531134973360797900e-02 3.220207500000000200e+02 1.119586250000000000e+01 2.525875781249999900e+02 3.541734500000000000e+00 6.943317187499999900e+01 7.654128000000000000e+00
3.534948106200049700e-02 3.220352109374999800e+02 1.119693249999999900e+01 2.526185312499999900e+02 3.542214500000000000e+00 6.941667968749999300e+01 7.654717999999999900e+00
3.543527420424413800e-02 3.220335859374999900e+02 1.119806150000000000e+01 2.526543125000000000e+02 3.542632999999999900e+00 6.937927343750000400e+01 7.655428500000000200e+00
3.562830564543956900e-02 3.220334765625000300e+02 1.120014349999999900e+01 2.527348281250000100e+02 3.543345500000000000e+00 6.929864843750000600e+01 7.656798000000000200e+00
3.606262795255565900e-02 3.220334765624999700e+02 1.120467475000000100e+01 2.529126249999999900e+02 3.544784250000000200e+00 6.912085156249999300e+01 7.659890500000000400e+00
3.703985627241960400e-02 3.220334531249999900e+02 1.121427974999999900e+01 2.532793906249999900e+02 3.548216749999999900e+00 6.875406250000000300e+01 7.666063000000000300e+00
3.758954563791670100e-02 3.220334687500000000e+02 1.121988425000000000e+01 2.534655625000000000e+02 3.550673750000000100e+00 6.856790624999999300e+01 7.669210500000000200e+00
3.789874825264838400e-02 3.220334765625000300e+02 1.122259975000000100e+01 2.535594843750000100e+02 3.551763250000000000e+00 6.847399218750000200e+01 7.670836500000000100e+00
3.807267179013550100e-02 3.220334921874999700e+02 1.122373200000000000e+01 2.536080000000000000e+02 3.552013500000000200e+00 6.842549218749999800e+01 7.671718499999999900e+00
3.838573853800615600e-02 3.220333203125000000e+02 1.122510900000000000e+01 2.536966562499999900e+02 3.551778500000000200e+00 6.833666406250000600e+01 7.673330499999999600e+00
3.877707040841810200e-02 3.220334765624999700e+02 1.122913200000000000e+01 2.538131406249999900e+02 3.553840000000000100e+00 6.822033593749999600e+01 7.675291999999999800e+00
3.965756711684499700e-02 3.220334765625000300e+02 1.123652050000000100e+01 2.540497968750000000e+02 3.557147500000000100e+00 6.798367968750000000e+01 7.679373000000000000e+00
4.163868783965823900e-02 3.220335390624999800e+02 1.125538175000000000e+01 2.544949218749999900e+02 3.566437750000000000e+00 6.753861718749999500e+01 7.688944000000000200e+00
4.609620477270891900e-02 3.220334687500000000e+02 1.129534600000000000e+01 2.550148906249999900e+02 3.588867000000000000e+00 6.701857812500000500e+01 7.706478999999999900e+00
4.860356098084937100e-02 3.220334687500000000e+02 1.131832375000000100e+01 2.551792656250000000e+02 3.602284749999999900e+00 6.685420312499999800e+01 7.716039000000000300e+00
5.001394767460860100e-02 3.220334687500000000e+02 1.133021349999999900e+01 2.552399687500000000e+02 3.608887499999999800e+00 6.679349999999999500e+01 7.721326000000000400e+00
5.080729018984817000e-02 3.220334687500000000e+02 1.133677499999999900e+01 2.552652968749999900e+02 3.612196500000000000e+00 6.676817187499999300e+01 7.724578499999999800e+00
5.259231006692400400e-02 3.220334609374999700e+02 1.134940849999999900e+01 2.552740000000000000e+02 3.617654500000000000e+00 6.675946093749999500e+01 7.731753999999999600e+00
5.480127384656370600e-02 3.220334765625000300e+02 1.136620624999999900e+01 2.552814062500000000e+02 3.624298749999999900e+00 6.675207031249999500e+01 7.741907499999999900e+00
5.660860557255782000e-02 3.220334765625000300e+02 1.137968500000000000e+01 2.552903750000000100e+02 3.630415999999999900e+00 6.674310156250000100e+01 7.749269000000000000e+00
5.886777492332959100e-02 3.220334765625000300e+02 1.139510924999999900e+01 2.552651093750000100e+02 3.636559249999999900e+00 6.676836718750000400e+01 7.758549999999999600e+00
6.395089657600783200e-02 3.220334765625000300e+02 1.141809849999999900e+01 2.550145781250000100e+02 3.643625999999999800e+00 6.701889843749999900e+01 7.774472499999999900e+00
6.547583682643459700e-02 3.220334687500000000e+02 1.142332824999999900e+01 2.549154218749999900e+02 3.644578249999999900e+00 6.711804687500000500e+01 7.778749999999999600e+00
6.833509510270566200e-02 3.220334843750000000e+02 1.143012824999999900e+01 2.546883281250000000e+02 3.644244749999999900e+00 6.734515625000000200e+01 7.785883499999999700e+00
7.000000145178766900e-02 3.220334687500000000e+02 1.143450275000000000e+01 2.545664375000000100e+02 3.643670250000000000e+00 6.746703125000000500e+01 7.790832499999999600e+00
