0.000000000000000000e+00 0.000000000000000000e+00 0.000000000000000000e+00 0.000000000000000000e+00 0.000000000000000000e+00 0.000000000000000000e+00 0.000000000000000000e+00
-5.298226806945122700e-07 2.446513937499999900e+03 -1.703247558593750200e-03 1.740229875000000000e+03 6.913830566406249700e-04 7.062840625000000000e+02 -2.394630615234375200e-03
1.399480786911886000e-03 2.446512687500000100e+03 1.940883300000000100e+01 1.731785000000000100e+03 1.061546399999999900e+01 7.147276875000000000e+02 8.793369000000000200e+00
4.024500537096375500e-03 2.446512937499999700e+03 5.425699399999999900e+01 1.722722749999999900e+03 3.005074600000000000e+01 7.237901875000000000e+02 2.420624799999999900e+01
7.272962926820807600e-03 2.446509125000000000e+03 8.450819200000000800e+01 1.773292750000000100e+03 5.052681200000000000e+01 6.732163749999999700e+02 3.398138000000000100e+01
7.314491213936793000e-03 2.446490937500000200e+03 8.482978799999999400e+01 1.774037000000000000e+03 5.074629199999999700e+01 6.724539375000000500e+02 3.408349599999999700e+01
7.366402116917991100e-03 2.446518375000000100e+03 8.523020800000000500e+01 1.775011625000000100e+03 5.101910399999999900e+01 6.715067500000000100e+02 3.421110399999999900e+01
7.483201467263614200e-03 2.446512874999999900e+03 8.612638400000000200e+01 1.777194125000000000e+03 5.162313999999999900e+01 6.693187500000000200e+02 3.450324400000000200e+01
7.627740509158560800e-03 2.446511000000000000e+03 8.722021599999999400e+01 1.779887500000000000e+03 5.235770000000000100e+01 6.666235000000000400e+02 3.486251599999999900e+01
7.775564380891244300e-03 2.446513812499999900e+03 8.831783600000000000e+01 1.782686124999999900e+03 5.308710399999999700e+01 6.638276875000000200e+02 3.523073200000000300e+01
7.941866871357762500e-03 2.446510750000000400e+03 8.953615600000000500e+01 1.785866500000000100e+03 5.389072399999999900e+01 6.606442500000000600e+02 3.564543200000000000e+01
8.025017753866877500e-03 2.446512875000000300e+03 9.013621599999999000e+01 1.787472625000000100e+03 5.428349999999999700e+01 6.590402500000000100e+02 3.585271600000000100e+01
8.212107964960677100e-03 2.446512187500000000e+03 9.146652399999999300e+01 1.791169249999999900e+03 5.514774800000000000e+01 6.553429374999999500e+02 3.631877600000000000e+01
8.384435303440089900e-03 2.446514250000000200e+03 9.266290399999999700e+01 1.794721500000000100e+03 5.592084799999999900e+01 6.517927499999999600e+02 3.674205599999999800e+01
8.399234448468758900e-03 2.446521312500000000e+03 9.276032800000000100e+01 1.795047000000000000e+03 5.598116400000000000e+01 6.514743125000000000e+02 3.677916400000000200e+01
8.432531799334978500e-03 2.446523062499999900e+03 9.298004800000001100e+01 1.795794750000000000e+03 5.611432400000000300e+01 6.507283125000000200e+02 3.686572400000000000e+01
8.507452471042611600e-03 2.446542625000000000e+03 9.344665599999999000e+01 1.797748125000000100e+03 5.636290799999999700e+01 6.487944999999999700e+02 3.708374800000000000e+01
8.600166938302362300e-03 2.446507375000000100e+03 9.406891199999999700e+01 1.799990125000000000e+03 5.672474799999999800e+01 6.465172499999999900e+02 3.734416399999999900e+01
8.694988107383840400e-03 2.446509687499999900e+03 9.468404400000000000e+01 1.802163000000000000e+03 5.709214399999999800e+01 6.443466875000000300e+02 3.759190000000000300e+01
8.908335193730953000e-03 2.446512562500000100e+03 9.603250800000000700e+01 1.807005625000000000e+03 5.789575599999999900e+01 6.395069375000000500e+02 3.813675200000000100e+01
9.388367951632670100e-03 2.446512999999999900e+03 9.894787600000000800e+01 1.818083500000000000e+03 5.958632000000000100e+01 6.284294999999999600e+02 3.936155600000000000e+01
9.604382511326371700e-03 2.446510687500000100e+03 1.002074519999999900e+02 1.823088250000000000e+03 6.029789999999999800e+01 6.234224375000000000e+02 3.990955199999999800e+01
9.752891931689060600e-03 2.446506249999999900e+03 1.010642880000000000e+02 1.826386000000000000e+03 6.079258000000000100e+01 6.201202500000000600e+02 4.027170799999999700e+01
9.904777588373483600e-03 2.446527687500000000e+03 1.018540120000000000e+02 1.830229875000000000e+03 6.119588400000000000e+01 6.162978124999999600e+02 4.065812799999999800e+01
1.024651886501686500e-02 2.446513250000000000e+03 1.037060840000000000e+02 1.838080500000000000e+03 6.220834000000000000e+01 6.084327500000000600e+02 4.149774399999999700e+01
1.101543818836104800e-02 2.446512749999999900e+03 1.075046760000000000e+02 1.856478625000000000e+03 6.407155600000000100e+01 5.900341250000000200e+02 4.343312000000000200e+01
1.274550539635095600e-02 2.446512375000000200e+03 1.146312440000000100e+02 1.898756875000000000e+03 6.700199200000000100e+01 5.477554999999999800e+02 4.762925200000000100e+01
1.328074549424417900e-02 2.446510000000000200e+03 1.165097439999999800e+02 1.911497125000000100e+03 6.766074399999999400e+01 5.350128750000000100e+02 4.884899999999999700e+01
1.382814990899233900e-02 2.446513031250000000e+03 1.182970520000000100e+02 1.924400374999999900e+03 6.825960000000000600e+01 5.221126562499999900e+02 5.003745200000000200e+01
1.505980875400326700e-02 2.446512562500000100e+03 1.219484600000000000e+02 1.951571375000000000e+03 6.936936799999999400e+01 4.949411875000000100e+02 5.257909200000000300e+01
1.783104296889857100e-02 2.446512656250000000e+03 1.285616719999999900e+02 2.009034500000000000e+03 7.094639200000000300e+01 4.374781562499999800e+02 5.761527999999999800e+01
1.938986158000993000e-02 2.446512999999999900e+03 1.314847440000000100e+02 2.038858250000000000e+03 7.154995200000000500e+01 4.076547499999999800e+02 5.993479200000000200e+01
2.131889966566885900e-02 2.446513406250000100e+03 1.340095240000000000e+02 2.068234124999999900e+03 7.216364000000000100e+01 3.782792812500000000e+02 6.184588399999999800e+01
2.329178094392350300e-02 2.446513281250000100e+03 1.356947120000000100e+02 2.092093374999999900e+03 7.260393600000000400e+01 3.544199062500000000e+02 6.309077599999999800e+01
2.773075983003088100e-02 2.446513031249999600e+03 1.369961800000000100e+02 2.129152999999999800e+03 7.259596000000000500e+01 3.173600312500000200e+02 6.440022000000000400e+01
3.022768608823352800e-02 2.446513312499999800e+03 1.367984999999999900e+02 2.142454999999999900e+03 7.214448799999999600e+01 3.040583125000000000e+02 6.465401199999999400e+01
3.584577234553434900e-02 2.446513218749999900e+03 1.346797880000000000e+02 2.158763500000000000e+03 6.996451199999999900e+01 2.877497187500000000e+02 6.471527600000000300e+01
3.753119764236596800e-02 2.446512999999999900e+03 1.337362600000000200e+02 2.161237749999999800e+03 6.911887199999999600e+01 2.852752500000000300e+02 6.461738800000000500e+01
3.926929338653392700e-02 2.446512531249999900e+03 1.326217879999999800e+02 2.162750250000000100e+03 6.814095199999999900e+01 2.837622812500000000e+02 6.448083599999999600e+01
4.024697133581804600e-02 2.446512749999999900e+03 1.319388960000000000e+02 2.163272250000000000e+03 6.754127200000000600e+01 2.832405000000000000e+02 6.439762399999999300e+01
4.079691627046279400e-02 2.446512874999999900e+03 1.315363720000000000e+02 2.163473250000000000e+03 6.718576799999999600e+01 2.830396250000000000e+02 6.435060400000000400e+01
4.093752555899400600e-02 2.446511093750000300e+03 1.314322040000000100e+02 2.163509500000000100e+03 6.709408000000000500e+01 2.830015937499999800e+02 6.433812399999999300e+01
4.101661973468937600e-02 2.446509906250000300e+03 1.313715760000000000e+02 2.163509500000000100e+03 6.704153599999999400e+01 2.830004062500000300e+02 6.433003999999999700e+01
4.106111002715595600e-02 2.446509093749999900e+03 1.313344640000000000e+02 2.163499749999999900e+03 6.700967599999999900e+01 2.830093437500000300e+02 6.432478799999999800e+01
4.108613509122012500e-02 2.446505156250000300e+03 1.313098360000000200e+02 2.163482500000000100e+03 6.698898800000000600e+01 2.830226562500000100e+02 6.432084799999999800e+01
4.110021168975621500e-02 2.446504437500000200e+03 1.312910519999999800e+02 2.163462250000000000e+03 6.697403199999999400e+01 2.830421875000000100e+02 6.431701999999999900e+01
4.110813068324312100e-02 2.446514187499999900e+03 1.312758640000000100e+02 2.163445749999999900e+03 6.696300800000000200e+01 2.830684375000000200e+02 6.431285599999999600e+01
4.111258493571743500e-02 2.446527843750000100e+03 1.312645160000000100e+02 2.163433250000000000e+03 6.695534000000000700e+01 2.830945937500000000e+02 6.430917599999999400e+01
4.111809544089575800e-02 2.446589750000000100e+03 1.312392600000000000e+02 2.163409250000000200e+03 6.694051600000000200e+01 2.831804999999999900e+02 6.429874399999999900e+01
4.112119745776549000e-02 2.446742593750000200e+03 1.312068239999999800e+02 2.163402750000000200e+03 6.692449200000000100e+01 2.833398437500000000e+02 6.428233199999999700e+01
4.112198964729349400e-02 2.446800468749999700e+03 1.311951720000000100e+02 2.163401499999999900e+03 6.691897600000000100e+01 2.833989687499999900e+02 6.427619599999999900e+01
4.112377425007636400e-02 2.447358124999999700e+03 1.311261840000000200e+02 2.163514999999999900e+03 6.689294800000000400e+01 2.838431249999999900e+02 6.423323600000000500e+01
4.112477536871066200e-02 2.448213281249999900e+03 1.310380319999999900e+02 2.163758499999999900e+03 6.686300000000000000e+01 2.844547812500000000e+02 6.417503200000000200e+01
4.112703296377581700e-02 2.450023968749999800e+03 1.307219759999999800e+02 2.164273999999999900e+03 6.671545199999999900e+01 2.857499687499999900e+02 6.400652399999999900e+01
4.113211400356899700e-02 2.445975875000000100e+03 1.304038040000000100e+02 2.161387000000000200e+03 6.644581999999999800e+01 2.845888749999999700e+02 6.395798400000000300e+01
4.114354126496563800e-02 2.446886125000000000e+03 1.304487920000000000e+02 2.162146499999999800e+03 6.647453199999999600e+01 2.847396249999999900e+02 6.397426000000000100e+01
4.116925405400466400e-02 2.446264500000000200e+03 1.306921520000000200e+02 2.161846250000000100e+03 6.662980000000000300e+01 2.844182500000000000e+02 6.406235200000000400e+01
4.122711000568733000e-02 2.446298656250000000e+03 1.307838560000000100e+02 2.162211249999999800e+03 6.665503200000000600e+01 2.840874062500000200e+02 6.412882399999999400e+01
4.135728154428360700e-02 2.446551874999999700e+03 1.306944719999999900e+02 2.162704249999999800e+03 6.655307999999999400e+01 2.838476249999999900e+02 6.414139199999999600e+01
4.165017113336667900e-02 2.446511687499999900e+03 1.305273839999999800e+02 2.163141000000000100e+03 6.636162000000000200e+01 2.833706874999999700e+02 6.416576399999999600e+01
4.230917415970013300e-02 2.446514750000000300e+03 1.300858240000000000e+02 2.163297250000000100e+03 6.595968800000000000e+01 2.832174999999999700e+02 6.412613600000000200e+01
4.312468830098776400e-02 2.446513875000000100e+03 1.294829520000000100e+02 2.163254750000000100e+03 6.542000400000000600e+01 2.832591249999999800e+02 6.406294800000000600e+01
4.323937006778737900e-02 2.446558812499999900e+03 1.293739239999999900e+02 2.163257250000000100e+03 6.532318399999999800e+01 2.833015624999999900e+02 6.405074000000000500e+01
4.324523459172913100e-02 2.446574812500000000e+03 1.293644439999999900e+02 2.163262749999999900e+03 6.531544399999999900e+01 2.833120625000000200e+02 6.404900000000000700e+01
4.325256452120802800e-02 2.446630375000000200e+03 1.293419720000000000e+02 2.163279000000000000e+03 6.529900800000000100e+01 2.833513750000000200e+02 6.404296399999999800e+01
4.325668796926406000e-02 2.446704093750000100e+03 1.293195159999999900e+02 2.163302000000000100e+03 6.528365999999999800e+01 2.834020937500000100e+02 6.403585599999999500e+01
4.326596500194183900e-02 2.447230906250000300e+03 1.289041359999999900e+02 2.163056500000000100e+03 6.500021200000000500e+01 2.841744062500000000e+02 6.390392400000000400e+01
4.328684050181168300e-02 2.446781625000000100e+03 1.290516000000000100e+02 2.162890750000000000e+03 6.508983600000000500e+01 2.838908749999999900e+02 6.396176400000000200e+01
4.333380892562228200e-02 2.446115062500000000e+03 1.291687920000000000e+02 2.162631500000000000e+03 6.514543600000000400e+01 2.834835625000000100e+02 6.402335600000000700e+01
4.343948642829954800e-02 2.446514281249999800e+03 1.291547840000000100e+02 2.163286999999999800e+03 6.510141199999999600e+01 2.832272812499999800e+02 6.405337199999999600e+01
4.367726226021995800e-02 2.446509656250000300e+03 1.289686840000000000e+02 2.163300000000000200e+03 6.493851999999999700e+01 2.832096562500000200e+02 6.403016399999999900e+01
4.421226005838575100e-02 2.446513062499999700e+03 1.285792480000000100e+02 2.163269499999999900e+03 6.459748399999999400e+01 2.832435625000000000e+02 6.398176399999999800e+01
4.541600510425877800e-02 2.446513375000000000e+03 1.276664040000000000e+02 2.163025250000000100e+03 6.380822400000000300e+01 2.834881250000000300e+02 6.385817999999999700e+01
4.812442855567996400e-02 2.446513312500000200e+03 1.255999520000000000e+02 2.162055750000000000e+03 6.201953199999999800e+01 2.844575624999999900e+02 6.358041999999999700e+01
5.147610410025507000e-02 2.446512562500000100e+03 1.230871920000000000e+02 2.159525500000000200e+03 5.990427199999999900e+01 2.869870624999999800e+02 6.318292000000000300e+01
5.233306165120925300e-02 2.446513124999999900e+03 1.224749120000000000e+02 2.158807749999999900e+03 5.938943600000000300e+01 2.877053750000000000e+02 6.308547600000000000e+01
5.426122774802875200e-02 2.446513375000000000e+03 1.211623960000000000e+02 2.156666499999999800e+03 5.832479200000000200e+01 2.898468750000000100e+02 6.283760399999999900e+01
5.859960001497604300e-02 2.446513687499999800e+03 1.186177680000000000e+02 2.150608999999999900e+03 5.640477200000000100e+01 2.959046875000000200e+02 6.221299599999999700e+01
6.836093616471086700e-02 2.446513750000000100e+03 1.134543999999999900e+02 2.130768750000000200e+03 5.309807599999999900e+01 3.157450000000000000e+02 6.035632400000000100e+01
7.000000241429189800e-02 2.446513593749999900e+03 1.126985400000000100e+02 2.127495500000000000e+03 5.263936400000000000e+01 3.190180937499999900e+02 6.005917600000000100e+01
