0.000000000000000000e+00 0.000000000000000000e+00 0.000000000000000000e+00 0.000000000000000000e+00 0.000000000000000000e+00 0.000000000000000000e+00 0.000000000000000000e+00
-1.305136579442519200e-07 2.221073000000000300e+03 -4.743621826171875200e-04 1.356180000000000100e+03 9.019560546874999500e-04 8.648930000000000300e+02 -1.376318237304687500e-03
1.399872067210438500e-03 2.221070249999999800e+03 3.637426499999999400e+01 1.347997625000000000e+03 1.617239899999999900e+01 8.730726250000000200e+02 2.020186599999999900e+01
4.024877070798396300e-03 2.221063374999999700e+03 8.072899200000000500e+01 1.429979750000000000e+03 4.275897200000000000e+01 7.910836249999999800e+02 3.797001999999999800e+01
4.836987808656051900e-03 2.221063562500000000e+03 9.163255200000000400e+01 1.458868250000000000e+03 4.955242799999999900e+01 7.621953125000000000e+02 4.208012399999999800e+01
5.667556045401809700e-03 2.221068687500000100e+03 1.019112680000000100e+02 1.489249375000000100e+03 5.580173599999999800e+01 7.318193125000000200e+02 4.610953200000000200e+01
5.680330507047884500e-03 2.221051937499999900e+03 1.020605920000000000e+02 1.489708875000000000e+03 5.588911199999999700e+01 7.313430624999999700e+02 4.617148000000000300e+01
5.684436895908453500e-03 2.221041312500000000e+03 1.021079599999999900e+02 1.489852500000000000e+03 5.591647199999999900e+01 7.311888125000000400e+02 4.619148800000000000e+01
5.693676125290047400e-03 2.221026249999999900e+03 1.022161400000000000e+02 1.490183000000000000e+03 5.597962799999999800e+01 7.308432500000000100e+02 4.623651199999999800e+01
5.714463663625193300e-03 2.221033562499999800e+03 1.024594800000000000e+02 1.490958500000000000e+03 5.612221600000000200e+01 7.300750624999999400e+02 4.633726399999999800e+01
5.761235624879270700e-03 2.221077749999999900e+03 1.030051640000000100e+02 1.492728249999999900e+03 5.644138800000000300e+01 7.283495000000000300e+02 4.656377599999999700e+01
5.866473411029075900e-03 2.221072812500000100e+03 1.042302239999999900e+02 1.496676625000000100e+03 5.714934399999999900e+01 7.243961875000000000e+02 4.708088000000000100e+01
6.103257119873941500e-03 2.221070312500000000e+03 1.069310280000000000e+02 1.505620875000000100e+03 5.868503599999999700e+01 7.154494375000000400e+02 4.824599200000000100e+01
6.396277920230404600e-03 2.221068000000000200e+03 1.101560839999999900e+02 1.516655000000000000e+03 6.048051600000000100e+01 7.044130000000000100e+02 4.967556799999999800e+01
6.695958138676644900e-03 2.221074125000000100e+03 1.133159480000000100e+02 1.528341249999999900e+03 6.213605600000000400e+01 6.927328750000000400e+02 5.117989200000000200e+01
7.066812270726913600e-03 2.221060375000000000e+03 1.169711240000000000e+02 1.543961375000000100e+03 6.380126800000000000e+01 6.770990000000000500e+02 5.316985600000000300e+01
7.446094601436703700e-03 2.221070500000000300e+03 1.205834120000000100e+02 1.559124375000000100e+03 6.549708400000000100e+01 6.619461250000000500e+02 5.508632800000000200e+01
7.915457235296713400e-03 2.221061937500000100e+03 1.247858160000000000e+02 1.578228750000000000e+03 6.735023999999999900e+01 6.428331875000000100e+02 5.743557599999999800e+01
8.035464164538260600e-03 2.221070187500000000e+03 1.258153640000000000e+02 1.583062875000000100e+03 6.779188800000000000e+01 6.380073125000000100e+02 5.802347600000000200e+01
8.305480919769250800e-03 2.221066437500000100e+03 1.280162400000000100e+02 1.594471250000000100e+03 6.865032800000000200e+01 6.265951874999999500e+02 5.936591200000000200e+01
8.913018619038974600e-03 2.221068374999999800e+03 1.326951280000000100e+02 1.619484875000000100e+03 7.036321599999999400e+01 6.015834999999999600e+02 6.233191200000000300e+01
1.027997800573179000e-02 2.221068749999999900e+03 1.418008879999999900e+02 1.673833750000000000e+03 7.304067999999999500e+01 5.472350000000000100e+02 6.876020800000000600e+01
1.197158897316063000e-02 2.221065531249999800e+03 1.510187280000000100e+02 1.735670499999999900e+03 7.509657599999999900e+01 4.853950312499999900e+02 7.592215199999999700e+01
1.370164733812194800e-02 2.221072531249999900e+03 1.578112639999999900e+02 1.787955125000000000e+03 7.687103200000000000e+01 4.331174062499999900e+02 8.094023199999999500e+01
1.467480502285800300e-02 2.221071562500000300e+03 1.606431920000000000e+02 1.811987875000000000e+03 7.787527199999999500e+01 4.090836875000000000e+02 8.276792000000000400e+01
1.481165437616853800e-02 2.221072625000000200e+03 1.609932000000000000e+02 1.815128625000000100e+03 7.801855999999999400e+01 4.059440000000000200e+02 8.297463999999999400e+01
1.488863301073384100e-02 2.221085156250000200e+03 1.611853280000000000e+02 1.816905125000000000e+03 7.810174399999999700e+01 4.041800312500000100e+02 8.308358400000000200e+01
1.506183377406827300e-02 2.221022343749999900e+03 1.615415919999999800e+02 1.820971250000000100e+03 7.827840799999999900e+01 4.000510937500000100e+02 8.326318399999999500e+01
1.545153723822699700e-02 2.221074968750000200e+03 1.624553359999999900e+02 1.829466375000000000e+03 7.870438400000000500e+01 3.916085937500000100e+02 8.375095199999999800e+01
1.632836799481849500e-02 2.221071093749999800e+03 1.642299999999999900e+02 1.847001125000000000e+03 7.953143199999999500e+01 3.740699687499999900e+02 8.469856799999999500e+01
1.830123603271186300e-02 2.221072500000000200e+03 1.670203200000000000e+02 1.878791500000000000e+03 8.083550400000000000e+01 3.422810000000000100e+02 8.618481599999999800e+01
2.274019057351882300e-02 2.221071500000000000e+03 1.694493520000000000e+02 1.922367375000000000e+03 8.161014400000000500e+01 2.987041249999999800e+02 8.783920799999999900e+01
2.411349323351887100e-02 2.221069968750000000e+03 1.695480640000000100e+02 1.930431250000000100e+03 8.152508000000000300e+01 2.906387187500000100e+02 8.802298399999999400e+01
2.488597641643296200e-02 2.221069593750000000e+03 1.695008399999999800e+02 1.934212624999999900e+03 8.140012799999999500e+01 2.868569687500000200e+02 8.810071200000000100e+01
2.567601465916895600e-02 2.221070999999999900e+03 1.693684959999999900e+02 1.937497000000000100e+03 8.119298399999999600e+01 2.835740000000000100e+02 8.817551199999999800e+01
2.578711364149901700e-02 2.221070624999999800e+03 1.693384480000000000e+02 1.937904125000000000e+03 8.115304000000000400e+01 2.831664999999999800e+02 8.818540799999999500e+01
2.584960667350498900e-02 2.221081312500000000e+03 1.693080320000000000e+02 1.938119375000000000e+03 8.111928799999999700e+01 2.829619374999999800e+02 8.818874400000000000e+01
2.588475871289897300e-02 2.221113531250000100e+03 1.692687119999999900e+02 1.938240624999999900e+03 8.108233599999999800e+01 2.828729062500000300e+02 8.818637599999999600e+01
2.596385196597294000e-02 2.221049093749999900e+03 1.692561360000000000e+02 1.938485124999999900e+03 8.105468799999999900e+01 2.825639687500000200e+02 8.820144799999999900e+01
2.606172992487385000e-02 2.221071531250000100e+03 1.692067600000000000e+02 1.938826749999999900e+03 8.099460799999999900e+01 2.822447812500000200e+02 8.821215200000000300e+01
2.616183195940886500e-02 2.221061437500000000e+03 1.691794640000000000e+02 1.939138375000000000e+03 8.095032799999999900e+01 2.819230625000000100e+02 8.822913599999999700e+01
2.619280133928571600e-02 2.221072843749999700e+03 1.691519519999999900e+02 1.939213749999999900e+03 8.092306399999999700e+01 2.818590937500000000e+02 8.822888799999999800e+01
2.621022132435706800e-02 2.221173062500000000e+03 1.690878559999999900e+02 1.939236124999999900e+03 8.087819199999999900e+01 2.819369375000000000e+02 8.820966400000000400e+01
2.621267130086710500e-02 2.221227156250000000e+03 1.690660240000000000e+02 1.939237125000000100e+03 8.086524000000000000e+01 2.819900312500000200e+02 8.820078399999999900e+01
2.621517717037736800e-02 2.221332531250000100e+03 1.690302160000000000e+02 1.939238499999999900e+03 8.084551999999999300e+01 2.820940312500000000e+02 8.818469600000000200e+01
2.622081304790045400e-02 2.222847218750000100e+03 1.685002959999999900e+02 1.939643624999999900e+03 8.053728800000000400e+01 2.832035937499999800e+02 8.796300800000000200e+01
2.623349610120240300e-02 2.221707937499999800e+03 1.683987280000000100e+02 1.938952000000000000e+03 8.042766399999999300e+01 2.827559375000000200e+02 8.797106399999999800e+01
2.626203413556929500e-02 2.221230156250000200e+03 1.686478480000000100e+02 1.938996500000000000e+03 8.054863199999999800e+01 2.822336562500000200e+02 8.809921599999999800e+01
2.632624587733230600e-02 2.220591093750000300e+03 1.688079839999999800e+02 1.939207750000000000e+03 8.058425599999999600e+01 2.813833437499999900e+02 8.822372799999999400e+01
2.647071763854906200e-02 2.221121000000000100e+03 1.688215520000000000e+02 1.940492375000000000e+03 8.052337599999999900e+01 2.806286250000000000e+02 8.829817599999999800e+01
2.679578201238052400e-02 2.221069656250000200e+03 1.687028239999999900e+02 1.941349875000000100e+03 8.039786399999999800e+01 2.797197812499999800e+02 8.830495999999999400e+01
2.752717452462630600e-02 2.221069906249999800e+03 1.684642480000000000e+02 1.943143875000000000e+03 8.014812800000000000e+01 2.779260312499999900e+02 8.831611999999999800e+01
2.917281117049183600e-02 2.221070656250000000e+03 1.677431280000000100e+02 1.946441125000000100e+03 7.936537599999999800e+01 2.746295312500000100e+02 8.837775200000000100e+01
3.287549187703301500e-02 2.221071031250000000e+03 1.652324080000000200e+02 1.950529749999999900e+03 7.675535200000000200e+01 2.705412812500000000e+02 8.847705600000000500e+01
3.745756044492617300e-02 2.221070468750000100e+03 1.619790240000000100e+02 1.951421750000000000e+03 7.345814400000000400e+01 2.696487187500000000e+02 8.852088000000000500e+01
3.775044675275083400e-02 2.221071156250000100e+03 1.618188000000000100e+02 1.951444375000000000e+03 7.329978400000000200e+01 2.696267812500000200e+02 8.851901599999999300e+01
3.791519602867564300e-02 2.221072312500000000e+03 1.617290400000000000e+02 1.951441750000000000e+03 7.321291999999999700e+01 2.696305625000000000e+02 8.851612000000000100e+01
3.800786895193023600e-02 2.221073750000000000e+03 1.616762640000000000e+02 1.951417625000000000e+03 7.316248000000000200e+01 2.696561249999999700e+02 8.851378400000000100e+01
3.802090133648360800e-02 2.221076656250000300e+03 1.616683120000000100e+02 1.951412000000000000e+03 7.315508800000000600e+01 2.696646562500000100e+02 8.851322399999999400e+01
3.802823030613863100e-02 2.221078625000000100e+03 1.616634320000000000e+02 1.951407125000000000e+03 7.315069599999999600e+01 2.696714999999999800e+02 8.851273600000000400e+01
3.803730127430078600e-02 2.221086249999999800e+03 1.616555680000000200e+02 1.951395749999999900e+03 7.314420800000000600e+01 2.696904999999999900e+02 8.851135999999999600e+01
3.804657951233879300e-02 2.221524968750000000e+03 1.615725200000000000e+02 1.951321500000000000e+03 7.311828800000000700e+01 2.702034687500000100e+02 8.845423200000000500e+01
3.806745554792429600e-02 2.221194343749999900e+03 1.614939039999999900e+02 1.950994875000000100e+03 7.307140800000000500e+01 2.701994687499999900e+02 8.842249599999999500e+01
3.811442197024167400e-02 2.220842687500000000e+03 1.615376239999999900e+02 1.950937124999999900e+03 7.306677600000000400e+01 2.699055624999999700e+02 8.847084800000000400e+01
3.822010166042454100e-02 2.221091531250000100e+03 1.615120400000000100e+02 1.951194500000000100e+03 7.302536800000000000e+01 2.698970312500000000e+02 8.848667199999999900e+01
3.845787514114845700e-02 2.221078156250000100e+03 1.613930560000000000e+02 1.951124875000000000e+03 7.290836000000000200e+01 2.699532812499999700e+02 8.848469600000000000e+01
3.899286896608979100e-02 2.221071250000000000e+03 1.611260399999999900e+02 1.950953874999999900e+03 7.264903999999999900e+01 2.701173749999999800e+02 8.847700000000000400e+01
3.929380386594742700e-02 2.221070843749999800e+03 1.609771839999999900e+02 1.950838999999999900e+03 7.250742400000000000e+01 2.702318437500000000e+02 8.846975999999999400e+01
3.938690763107877800e-02 2.221067312499999800e+03 1.609261440000000200e+02 1.950769125000000000e+03 7.246150400000000500e+01 2.702981874999999800e+02 8.846464000000000300e+01
3.946308047489078400e-02 2.221053187500000100e+03 1.608597120000000000e+02 1.950641000000000100e+03 7.240907199999999500e+01 2.704121875000000200e+02 8.845064000000000700e+01
3.955829885853080100e-02 2.221073687500000200e+03 1.608076560000000100e+02 1.950565250000000100e+03 7.236188799999999300e+01 2.705084375000000100e+02 8.844576800000000100e+01
3.977253672840831000e-02 2.221073187500000100e+03 1.607016719999999700e+02 1.950389875000000100e+03 7.226601599999999300e+01 2.706833125000000000e+02 8.843565599999999400e+01
4.025457659338275300e-02 2.221072093750000000e+03 1.604647200000000000e+02 1.950044875000000000e+03 7.205739199999999300e+01 2.710272187499999700e+02 8.840732800000000700e+01
4.085109929607611000e-02 2.221070874999999900e+03 1.601893440000000100e+02 1.949586749999999900e+03 7.181799200000000400e+01 2.714841250000000100e+02 8.837135200000000200e+01
4.118664360745049500e-02 2.221070562500000100e+03 1.600348080000000000e+02 1.949301999999999900e+03 7.168758400000000100e+01 2.717685624999999700e+02 8.834722399999999700e+01
4.127243470505189600e-02 2.221070437500000000e+03 1.599947919999999900e+02 1.949222250000000000e+03 7.165439999999999500e+01 2.718481874999999900e+02 8.834039199999999400e+01
4.128208556309143100e-02 2.221070593749999700e+03 1.599901760000000200e+02 1.949212749999999900e+03 7.165063200000000200e+01 2.718578437499999700e+02 8.833954400000000400e+01
4.129414913564083400e-02 2.221070000000000200e+03 1.599840080000000200e+02 1.949198500000000000e+03 7.164578400000000600e+01 2.718715000000000300e+02 8.833822399999999700e+01
4.130093547741863600e-02 2.221070562500000100e+03 1.599799760000000200e+02 1.949187750000000100e+03 7.164288000000000500e+01 2.718828125000000000e+02 8.833709600000000300e+01
4.130475483243428000e-02 2.221084656250000100e+03 1.599756879999999900e+02 1.949179249999999900e+03 7.164094400000000500e+01 2.719054062500000000e+02 8.833474400000000100e+01
4.130690205519307200e-02 2.221111875000000100e+03 1.599704800000000100e+02 1.949173375000000100e+03 7.163945599999999600e+01 2.719384999999999800e+02 8.833102399999999900e+01
4.131173214196285500e-02 2.221436125000000200e+03 1.599112959999999900e+02 1.949116375000000100e+03 7.162642400000000000e+01 2.723197500000000000e+02 8.828487199999999300e+01
4.132260333050738500e-02 2.221190406249999800e+03 1.598428480000000000e+02 1.948865125000000000e+03 7.158529600000000000e+01 2.723252812499999900e+02 8.825755200000000400e+01
4.134706117585756900e-02 2.221001437500000100e+03 1.598598079999999900e+02 1.948821625000000000e+03 7.158183200000000600e+01 2.721798125000000300e+02 8.827797599999999500e+01
4.137113708570618100e-02 2.220935062499999700e+03 1.598771840000000000e+02 1.948841375000000000e+03 7.157836000000000400e+01 2.720936874999999900e+02 8.829882399999999600e+01
4.137539426922361800e-02 2.220932437500000100e+03 1.598768000000000000e+02 1.948839250000000000e+03 7.157644799999999900e+01 2.720931875000000000e+02 8.830035200000000400e+01
4.137974460774143700e-02 2.220946468749999900e+03 1.598690000000000000e+02 1.948821999999999900e+03 7.157166399999999800e+01 2.721244687500000100e+02 8.829733600000000100e+01
4.138953985603156100e-02 2.221219250000000100e+03 1.597264960000000000e+02 1.948597749999999900e+03 7.150888000000000500e+01 2.726215000000000300e+02 8.821761600000000700e+01
4.141158032912183000e-02 2.221080093749999800e+03 1.597252880000000100e+02 1.948671374999999900e+03 7.148896000000000600e+01 2.724087187499999900e+02 8.823632800000000000e+01
4.146116207807491700e-02 2.220993812499999900e+03 1.597895520000000100e+02 1.948783875000000100e+03 7.150212000000000500e+01 2.722099375000000200e+02 8.828743199999999500e+01
4.157272450653188400e-02 2.221108906250000000e+03 1.597857679999999900e+02 1.948808749999999900e+03 7.148872799999999500e+01 2.723001562499999900e+02 8.829703999999999600e+01
4.182374462831006000e-02 2.221072843750000200e+03 1.596704240000000000e+02 1.948456250000000000e+03 7.140031999999999400e+01 2.726165937499999900e+02 8.827010400000000300e+01
4.238853873787346000e-02 2.221072437500000000e+03 1.594707680000000200e+02 1.947845750000000000e+03 7.122760800000000400e+01 2.732266875000000300e+02 8.824316000000000300e+01
4.365932664882860000e-02 2.221072031250000200e+03 1.590328799999999800e+02 1.946388875000000100e+03 7.084690399999999500e+01 2.746831562500000200e+02 8.818597599999999700e+01
4.523192278776996100e-02 2.221072625000000200e+03 1.585060159999999900e+02 1.944315250000000100e+03 7.039484000000000200e+01 2.767573750000000200e+02 8.811117600000000000e+01
4.563400771591689900e-02 2.221071875000000100e+03 1.583913760000000100e+02 1.943791125000000000e+03 7.029408800000000200e+01 2.772807500000000100e+02 8.809728800000000600e+01
4.653869647537250300e-02 2.221072593750000100e+03 1.581457680000000000e+02 1.942656874999999900e+03 7.006521600000000700e+01 2.784157187500000000e+02 8.808055199999999700e+01
4.735291775620755600e-02 2.221072437500000000e+03 1.579361680000000100e+02 1.941417625000000000e+03 6.988589600000000200e+01 2.796548124999999900e+02 8.805027200000000700e+01
4.752254369640234600e-02 2.221076687499999900e+03 1.578940319999999800e+02 1.941167375000000000e+03 6.984828799999999700e+01 2.799093125000000000e+02 8.804574399999999900e+01
4.790421370621566300e-02 2.221070062499999900e+03 1.578063119999999900e+02 1.940557125000000000e+03 6.977269599999999600e+01 2.805129375000000200e+02 8.803361599999999500e+01
4.876295841948308200e-02 2.221072593750000100e+03 1.575975760000000000e+02 1.939080875000000100e+03 6.960272799999999900e+01 2.819917187500000200e+02 8.799484800000000500e+01
5.069514683314732500e-02 2.221072124999999700e+03 1.571241919999999900e+02 1.935395874999999900e+03 6.922370399999999800e+01 2.856762499999999800e+02 8.790048799999999600e+01
5.308622143644116400e-02 2.221071281250000100e+03 1.565148239999999800e+02 1.930311375000000000e+03 6.875752799999999400e+01 2.907599062499999700e+02 8.775729599999999700e+01
5.320849203219198100e-02 2.221067375000000100e+03 1.564822960000000200e+02 1.930048375000000100e+03 6.873258400000000300e+01 2.910190000000000100e+02 8.774971200000000200e+01
5.336133144131801500e-02 2.221072000000000100e+03 1.564402559999999800e+02 1.929718374999999900e+03 6.870141599999999500e+01 2.913536250000000200e+02 8.773883999999999600e+01
5.340861691951170200e-02 2.221077281249999900e+03 1.564267199999999900e+02 1.929621124999999900e+03 6.869115999999999600e+01 2.914561562499999900e+02 8.773556000000000700e+01
5.343521267212063300e-02 2.221082281250000100e+03 1.564187200000000100e+02 1.929569125000000000e+03 6.868493599999999300e+01 2.915131562500000100e+02 8.773378400000000000e+01
5.345017802293192800e-02 2.221096062499999800e+03 1.564121360000000000e+02 1.929549874999999900e+03 6.867976000000000200e+01 2.915461874999999700e+02 8.773237600000000200e+01
5.345400203569759800e-02 2.221104499999999900e+03 1.564095920000000000e+02 1.929548875000000000e+03 6.867780000000000500e+01 2.915556250000000200e+02 8.773179199999999900e+01
5.345873430971698200e-02 2.221130656249999900e+03 1.564035359999999700e+02 1.929560250000000000e+03 6.867325599999999500e+01 2.915704062500000200e+02 8.773027999999999300e+01
5.346357836973682200e-02 2.221221781249999800e+03 1.563860399999999800e+02 1.929618874999999900e+03 6.866074399999999400e+01 2.916029062499999900e+02 8.772529600000000000e+01
5.346629849574796600e-02 2.221355843750000100e+03 1.563627840000000000e+02 1.929705625000000100e+03 6.864522399999999900e+01 2.916502187500000200e+02 8.771756000000000600e+01
5.347242809477307400e-02 2.221777968749999700e+03 1.562536079999999900e+02 1.929858874999999900e+03 6.858843199999999700e+01 2.919190937500000000e+02 8.766517600000000200e+01
5.348621503482953900e-02 2.221361750000000000e+03 1.562972880000000100e+02 1.929588749999999900e+03 6.860921600000000400e+01 2.917730000000000200e+02 8.768807200000000500e+01
5.351723564995660600e-02 2.221306062499999800e+03 1.563606800000000000e+02 1.929587000000000000e+03 6.864086399999999300e+01 2.917190625000000100e+02 8.771981599999999400e+01
5.358702737624247000e-02 2.220852406250000100e+03 1.563901119999999900e+02 1.929137250000000000e+03 6.865286399999999400e+01 2.917151562500000100e+02 8.773724799999999400e+01
5.374406341813568700e-02 2.221045031249999700e+03 1.563534399999999800e+02 1.928950499999999900e+03 6.862460799999999500e+01 2.920945312499999900e+02 8.772883199999999700e+01
5.409740033458295500e-02 2.221078031250000100e+03 1.562394320000000200e+02 1.928154500000000100e+03 6.854808800000000700e+01 2.929235312500000000e+02 8.769134400000000100e+01
5.489240373883929500e-02 2.221073437500000200e+03 1.560324320000000000e+02 1.926375375000000100e+03 6.839651999999999500e+01 2.946980624999999900e+02 8.763591200000000500e+01
5.668116139841603700e-02 2.221072437500000000e+03 1.556366960000000000e+02 1.922472125000000000e+03 6.808821600000000300e+01 2.986003124999999700e+02 8.754847999999999800e+01
6.070586729690123600e-02 2.221072562500000000e+03 1.547184959999999900e+02 1.913274500000000000e+03 6.740565599999999300e+01 3.077980625000000100e+02 8.731283999999999400e+01
6.296976203592415100e-02 2.221072250000000200e+03 1.542567599999999900e+02 1.908309874999999900e+03 6.704076000000000600e+01 3.127623750000000200e+02 8.721599999999999400e+01
6.806352869203821700e-02 2.221072093750000000e+03 1.530861240000000100e+02 1.896835250000000100e+03 6.616527600000000600e+01 3.242368437499999900e+02 8.692084800000000700e+01
7.000000223572001900e-02 2.221071875000000100e+03 1.525713040000000000e+02 1.892287624999999900e+03 6.580613599999999500e+01 3.287842499999999900e+02 8.676516800000000300e+01
