0.000000000000000000e+00 0.000000000000000000e+00 0.000000000000000000e+00 0.000000000000000000e+00 0.000000000000000000e+00 0.000000000000000000e+00 0.000000000000000000e+00
-8.293587816844141200e-08 2.025557734374999900e+02 -1.345439553260803100e-05 1.081006484375000000e+02 -2.943886041641235200e-06 9.445512499999999500e+01 -1.051050949096679700e-05
1.399918755791838400e-03 2.025556406250000000e+02 5.098008874999999700e+00 1.078688437500000000e+02 1.837614625000000100e+00 9.468679687499999900e+01 3.260394250000000000e+00
2.056169480010680100e-03 2.025566875000000100e+02 7.415121750000000000e+00 1.075214140625000000e+02 2.618245250000000200e+00 9.503527343749999500e+01 4.796876499999999800e+00
2.259197091697750200e-03 2.025557499999999900e+02 8.119571000000000500e+00 1.074531953125000000e+02 2.835881999999999800e+00 9.510255468750000300e+01 5.283688999999999900e+00
2.373400039242622100e-03 2.025558515624999800e+02 8.512806999999998700e+00 1.074455156250000000e+02 2.952240999999999900e+00 9.511033593749999700e+01 5.560565999999999700e+00
2.490198701844179500e-03 2.025562265625000000e+02 8.910667750000000000e+00 1.074981406250000000e+02 3.062447250000000000e+00 9.505808593749999600e+01 5.848220500000000000e+00
2.525238166178079100e-03 2.025559843749999800e+02 9.029161000000000200e+00 1.075214765625000000e+02 3.094205000000000100e+00 9.503450781249999600e+01 5.934955999999999700e+00
2.590937423228022300e-03 2.025561406250000100e+02 9.250452250000000400e+00 1.075773984374999900e+02 3.152181249999999900e+00 9.497874218750000400e+01 6.098271000000000400e+00
2.627893199299212200e-03 2.025558593750000100e+02 9.374397750000000000e+00 1.076144687500000000e+02 3.183957749999999800e+00 9.494139062499999700e+01 6.190439999999999700e+00
2.711043620766852200e-03 2.025559921875000100e+02 9.651516749999999000e+00 1.077320859375000000e+02 3.251360249999999800e+00 9.482390624999999300e+01 6.400156499999999600e+00
2.735988836838189400e-03 2.025561640624999900e+02 9.734213750000000300e+00 1.077741171875000000e+02 3.270816250000000200e+00 9.478204687500000600e+01 6.463397500000000100e+00
2.782761004933139300e-03 2.025566875000000100e+02 9.888025750000000600e+00 1.078660156250000000e+02 3.305540250000000000e+00 9.469067187500000700e+01 6.582485499999999800e+00
2.840641447177208100e-03 2.025572656250000100e+02 1.007685000000000000e+01 1.080050234375000000e+02 3.345689000000000100e+00 9.455224218749999900e+01 6.731161000000000200e+00
2.899837673158574200e-03 2.025632812499999900e+02 1.025839225000000000e+01 1.083345078124999900e+02 3.369355249999999900e+00 9.422877343749999600e+01 6.889037000000000100e+00
3.033028808153960100e-03 2.025523437499999800e+02 1.067621325000000000e+01 1.090682656250000000e+02 3.434144750000000200e+00 9.348407812499999600e+01 7.242068500000000200e+00
3.332708413738355800e-03 2.025561953124999900e+02 1.162117525000000000e+01 1.103617109375000100e+02 3.606038750000000200e+00 9.219448437500000200e+01 8.015136500000000600e+00
3.501278415957190200e-03 2.025563359374999900e+02 1.214740274999999900e+01 1.111549140625000000e+02 3.695090749999999900e+00 9.140142187499999700e+01 8.452311999999999200e+00
3.709883916945684500e-03 2.025561796874999900e+02 1.278925274999999900e+01 1.123238750000000000e+02 3.780700749999999800e+00 9.023230468750000500e+01 9.008551999999999900e+00
3.923230003892328900e-03 2.025558984374999900e+02 1.344156450000000000e+01 1.135671484374999900e+02 3.865779499999999900e+00 8.898874999999999600e+01 9.575784999999999800e+00
4.043237308511757700e-03 2.025557578125000200e+02 1.380564725000000000e+01 1.142685781250000000e+02 3.916416250000000200e+00 8.828717968750000000e+01 9.889231000000000500e+00
4.313253818598008400e-03 2.025558359375000100e+02 1.461727875000000100e+01 1.158689296875000000e+02 4.033536749999999700e+00 8.668690625000000700e+01 1.058374200000000100e+01
4.637273630701509200e-03 2.025561484374999800e+02 1.558166650000000100e+01 1.179671562500000000e+02 4.168327500000000200e+00 8.458899218749999700e+01 1.141333900000000100e+01
4.789157917625025100e-03 2.025558984374999900e+02 1.602868000000000100e+01 1.190101328125000000e+02 4.226530999999999600e+00 8.354576562500000100e+01 1.180214900000000000e+01
4.874592735653831800e-03 2.025558359375000100e+02 1.627847399999999900e+01 1.196089843750000100e+02 4.259137000000000000e+00 8.294685156250000100e+01 1.201933700000000000e+01
4.922649914160706600e-03 2.025558593750000100e+02 1.641861900000000000e+01 1.199521796875000100e+02 4.277299000000000200e+00 8.260367968750000500e+01 1.214132000000000000e+01
5.030778416416101800e-03 2.025554140625000100e+02 1.673460300000000000e+01 1.207020937500000000e+02 4.320134999999999600e+00 8.185332031250000300e+01 1.241446799999999900e+01
5.274067546490738400e-03 2.025560390625000200e+02 1.744159549999999800e+01 1.223665546875000000e+02 4.416140500000000000e+00 8.018948437500000600e+01 1.302545499999999900e+01
5.575138225890042200e-03 2.025554765625000200e+02 1.831069000000000100e+01 1.244070312500000000e+02 4.531542000000000000e+00 7.814844531250000200e+01 1.377914799999999900e+01
5.744490109589464800e-03 2.025563124999999900e+02 1.879642799999999900e+01 1.255621406250000000e+02 4.597157000000000200e+00 7.699417187500000600e+01 1.419927100000000000e+01
5.787790269779978900e-03 2.025590000000000000e+02 1.891723950000000100e+01 1.259157734374999900e+02 4.614085499999999800e+00 7.664322656250000400e+01 1.430315399999999900e+01
5.885215630208638800e-03 2.025557499999999900e+02 1.919550650000000000e+01 1.265591328125000000e+02 4.651125500000000000e+00 7.599661718749999300e+01 1.454438100000000000e+01
6.104423288713421500e-03 2.025560703124999700e+02 1.981381899999999900e+01 1.281924687499999900e+02 4.731713000000000100e+00 7.436360156249999400e+01 1.508210600000000000e+01
6.597640221579033000e-03 2.025557265625000100e+02 2.119477549999999900e+01 1.319471718750000100e+02 4.905937500000000300e+00 7.060855468750000300e+01 1.628883799999999800e+01
7.707378320526658100e-03 2.025553203124999900e+02 2.406437950000000100e+01 1.424947812499999900e+02 5.349353500000000300e+00 6.006053906249999800e+01 1.871502600000000200e+01
9.080678896796434000e-03 2.025550195312500000e+02 2.710152300000000000e+01 1.590250468749999900e+02 5.936675000000000100e+00 4.352997265625000300e+01 2.116484799999999900e+01
9.431807319621992500e-03 2.025555625000000100e+02 2.775733999999999900e+01 1.632430625000000100e+02 6.082956000000000300e+00 3.931250000000000000e+01 2.167438400000000000e+01
1.022184582282427200e-02 2.025558476562499900e+02 2.897197100000000300e+01 1.721742656250000000e+02 6.379737000000000400e+00 3.038158203125000200e+01 2.259223400000000100e+01
1.119951735761828800e-02 2.025556230468750100e+02 3.011869300000000000e+01 1.821324375000000100e+02 6.722475000000000200e+00 2.042318554687500100e+01 2.339621800000000100e+01
1.174945759593992200e-02 2.025562412109374900e+02 3.063649800000000000e+01 1.871157656249999900e+02 6.890527999999999800e+00 1.544047558593750000e+01 2.374597000000000000e+01
1.231189718222558200e-02 2.025552988281250200e+02 3.108657749999999700e+01 1.920444062500000100e+02 7.026739499999999700e+00 1.051089257812500000e+01 2.405983799999999900e+01
1.357738595259817000e-02 2.025558269653320500e+02 3.188660100000000200e+01 2.017585625000000100e+02 7.327981000000000300e+00 7.972644653320312100e-01 2.455862000000000100e+01
1.514342793247155900e-02 2.025556191406250000e+02 3.262162000000000000e+01 2.117007656250000000e+02 7.627819999999999800e+00 -9.145146484374999200e+00 2.499380000000000000e+01
1.536365260456438800e-02 2.025562841796874800e+02 3.271135449999999900e+01 2.129091249999999900e+02 7.667038500000000300e+00 -1.035284082031249900e+01 2.504431599999999800e+01
1.548752868384645600e-02 2.025568447265624700e+02 3.275881650000000200e+01 2.135490468749999900e+02 7.688386500000000000e+00 -1.099220214843749900e+01 2.507043000000000200e+01
1.555720905313515700e-02 2.025557988281250100e+02 3.278424350000000200e+01 2.138903124999999900e+02 7.700015500000000100e+00 -1.133451367187499900e+01 2.508422800000000000e+01
1.559640411147497600e-02 2.025556132812499800e+02 3.279809699999999900e+01 2.140779218749999900e+02 7.706300999999999800e+00 -1.152230859374999900e+01 2.509179599999999900e+01
1.561845095832843800e-02 2.025564287109375000e+02 3.280546900000000200e+01 2.141782499999999900e+02 7.709549000000000000e+00 -1.162182128906250100e+01 2.509592000000000000e+01
1.562408815350448800e-02 2.025571572265625100e+02 3.280722749999999600e+01 2.142028750000000100e+02 7.710309500000000100e+00 -1.164571777343750000e+01 2.509691799999999900e+01
1.562725989740892600e-02 2.025578544921875200e+02 3.280816300000000000e+01 2.142164062500000100e+02 7.710708999999999600e+00 -1.165855175781250000e+01 2.509745399999999900e+01
1.563118334700888000e-02 2.025600751953124900e+02 3.280915399999999900e+01 2.142323749999999900e+02 7.711114000000000200e+00 -1.167229980468750000e+01 2.509804000000000100e+01
1.563339066087153900e-02 2.025642119140625000e+02 3.280951149999999900e+01 2.142418749999999900e+02 7.711203499999999900e+00 -1.167766308593750000e+01 2.509830799999999900e+01
1.563564816811927000e-02 2.026009345703124900e+02 3.280802450000000200e+01 2.142645156250000000e+02 7.710362499999999600e+00 -1.166358105468750000e+01 2.509766200000000000e+01
1.563691734371328700e-02 2.026657539062499900e+02 3.280438350000000000e+01 2.142881874999999900e+02 7.708917500000000100e+00 -1.162243359374999900e+01 2.509546599999999800e+01
1.563763200191029300e-02 2.027252675781250000e+02 3.280065700000000100e+01 2.143072343750000100e+02 7.707467000000000300e+00 -1.158196679687499900e+01 2.509319000000000000e+01
1.563923938531326000e-02 2.031540781250000100e+02 3.277025249999999800e+01 2.144575156250000100e+02 7.694778500000000000e+00 -1.130343749999999900e+01 2.507547400000000000e+01
1.564122799942666700e-02 2.043413154296875100e+02 3.267172000000000100e+01 2.150167500000000000e+02 7.646454000000000300e+00 -1.067543457031250000e+01 2.502526599999999800e+01
1.564326202660276000e-02 2.049877500000000100e+02 3.257354600000000000e+01 2.155411249999999900e+02 7.591255999999999600e+00 -1.055337500000000100e+01 2.498228999999999900e+01
1.564783799020867700e-02 2.032582578125000100e+02 3.253877450000000200e+01 2.145799062499999900e+02 7.567808499999999900e+00 -1.132164843750000000e+01 2.497096600000000100e+01
1.565813480463243100e-02 2.023175195312500100e+02 3.260187349999999600e+01 2.142085781250000000e+02 7.591743499999999800e+00 -1.189105859375000000e+01 2.501013000000000000e+01
1.568130263708587800e-02 2.020001826171875100e+02 3.268254799999999700e+01 2.143405468750000000e+02 7.628657999999999700e+00 -1.234036425781249900e+01 2.505388999999999900e+01
1.573343085764643300e-02 2.026210468749999900e+02 3.273275900000000100e+01 2.149744218749999900e+02 7.658802999999999800e+00 -1.235337500000000000e+01 2.507395599999999900e+01
1.585071845759723800e-02 2.025523085937499800e+02 3.277952050000000400e+01 2.153745468749999900e+02 7.690130500000000400e+00 -1.282223828125000000e+01 2.508939000000000200e+01
1.611461495994625000e-02 2.025565830078125200e+02 3.289194549999999900e+01 2.163590156250000100e+02 7.764265499999999600e+00 -1.380243261718750100e+01 2.512768000000000200e+01
1.644118626912434800e-02 2.025557050781250200e+02 3.299884449999999700e+01 2.179190937500000000e+02 7.817596499999999600e+00 -1.536338867187500100e+01 2.518124800000000000e+01
1.662488330276986500e-02 2.025557246093750100e+02 3.305561699999999800e+01 2.187696718750000000e+02 7.845961000000000000e+00 -1.621394726562499900e+01 2.520965599999999900e+01
1.672821236134770400e-02 2.025556132812499800e+02 3.308668850000000100e+01 2.192305468749999900e+02 7.861556499999999800e+00 -1.667493359375000100e+01 2.522513199999999900e+01
1.678633510618281500e-02 2.025562363281250100e+02 3.310354749999999800e+01 2.194829843750000000e+02 7.869977500000000100e+00 -1.692674804687500200e+01 2.523357000000000000e+01
1.681902892607495300e-02 2.025571171874999800e+02 3.311255350000000400e+01 2.196237031249999900e+02 7.874313500000000400e+00 -1.706658593750000100e+01 2.523824000000000100e+01
1.685246608609842400e-02 2.025630000000000200e+02 3.311958700000000300e+01 2.197721093750000100e+02 7.876609000000000200e+00 -1.720910937500000100e+01 2.524297800000000100e+01
1.685497456027152900e-02 2.025676269531250000e+02 3.311974599999999900e+01 2.197857812500000100e+02 7.876490000000000400e+00 -1.721815429687499900e+01 2.524325599999999900e+01
1.685756071468343800e-02 2.025771308593750200e+02 3.311936700000000400e+01 2.198016562500000100e+02 7.876019000000000300e+00 -1.722452539062500100e+01 2.524334800000000100e+01
1.686020542804459600e-02 2.026005488281250000e+02 3.311768599999999900e+01 2.198229218749999900e+02 7.874813999999999800e+00 -1.722237304687499900e+01 2.524287199999999800e+01
1.686169330338786400e-02 2.026366503906249900e+02 3.311507300000000200e+01 2.198436874999999900e+02 7.873311000000000200e+00 -1.720703710937500100e+01 2.524176200000000100e+01
1.686252985980576600e-02 2.026761425781250000e+02 3.311232650000000200e+01 2.198625781250000000e+02 7.871882499999999900e+00 -1.718643554687500000e+01 2.524044400000000000e+01
1.686403685643858200e-02 2.030040507812499900e+02 3.309137400000000200e+01 2.199992499999999900e+02 7.862239999999999900e+00 -1.699519921874999900e+01 2.522913399999999800e+01
1.686591910837885800e-02 2.036350546874999700e+02 3.304066400000000000e+01 2.202670937499999900e+02 7.835577999999999900e+00 -1.663203906249999900e+01 2.520508600000000100e+01
1.687015566909522100e-02 2.031950878906249900e+02 3.299922449999999700e+01 2.200253281249999900e+02 7.802372499999999700e+00 -1.683024023437500100e+01 2.519685200000000000e+01
1.687968882701749300e-02 2.025843242187500000e+02 3.303584650000000500e+01 2.198592031249999900e+02 7.815000500000000000e+00 -1.727487890624999900e+01 2.522084600000000200e+01
1.690113693849185800e-02 2.022675136718750100e+02 3.306467200000000200e+01 2.199363125000000100e+02 7.823724000000000300e+00 -1.766879882812499900e+01 2.524094799999999900e+01
1.694939429299873200e-02 2.025605546875000000e+02 3.309900249999999700e+01 2.204572812499999900e+02 7.837620499999999900e+00 -1.789672656250000000e+01 2.526138200000000100e+01
1.705797573080038800e-02 2.025562871093750100e+02 3.313232449999999600e+01 2.209552343750000000e+02 7.851068500000000200e+00 -1.839894726562500100e+01 2.528125599999999900e+01
1.725342160179501500e-02 2.025514374999999900e+02 3.318692649999999800e+01 2.218509843750000000e+02 7.875686499999999600e+00 -1.929954687500000100e+01 2.531124000000000200e+01
1.749772953807859600e-02 2.025560351562500000e+02 3.325941350000000100e+01 2.228378125000000100e+02 7.919355500000000000e+00 -2.028177734375000100e+01 2.534005799999999900e+01
1.763515185592766000e-02 2.025561289062500000e+02 3.329813099999999800e+01 2.233981718750000000e+02 7.941541000000000000e+00 -2.084204296875000000e+01 2.535659000000000100e+01
1.794435386370895500e-02 2.025551464843750000e+02 3.338162950000000300e+01 2.246582187500000000e+02 7.987807499999999700e+00 -2.210307226562499800e+01 2.539382200000000000e+01
1.832698998893412700e-02 2.025557402343749800e+02 3.348160550000000100e+01 2.261596718749999900e+02 8.046029499999999500e+00 -2.360393164062499900e+01 2.543557600000000100e+01
1.871832391074426700e-02 2.025556933593750300e+02 3.357738150000000100e+01 2.276574218750000100e+02 8.099903499999999900e+00 -2.510172851562499800e+01 2.547747800000000100e+01
1.893844819606694700e-02 2.025561503906249900e+02 3.362810249999999700e+01 2.284745781249999900e+02 8.127054499999999800e+00 -2.591842773437500100e+01 2.550104800000000100e+01
1.933467358276061100e-02 2.025604335937499900e+02 3.371554349999999500e+01 2.299271562500000000e+02 8.173535499999999800e+00 -2.736672265625000100e+01 2.554200799999999900e+01
1.960707786387967000e-02 2.025572988281250000e+02 3.377134550000000200e+01 2.309377187499999900e+02 8.201217500000000300e+00 -2.838041992187499900e+01 2.557012800000000000e+01
1.976030512262406600e-02 2.025546523437500100e+02 3.380222299999999800e+01 2.314902187500000000e+02 8.216514999999999300e+00 -2.893556640625000000e+01 2.558570800000000000e+01
1.984649553036032000e-02 2.025565351562499900e+02 3.381915700000000400e+01 2.317837187499999900e+02 8.225426999999999800e+00 -2.922718359374999900e+01 2.559373000000000100e+01
1.993464467519506800e-02 2.025591542968749900e+02 3.383408750000000300e+01 2.321016406249999900e+02 8.230565500000000900e+00 -2.954248632812500100e+01 2.560352200000000200e+01
2.013298025107323700e-02 2.025562265625000000e+02 3.387041550000000000e+01 2.327250781250000100e+02 8.249201499999999900e+00 -3.016885156249999900e+01 2.562121399999999800e+01
2.057923768696031900e-02 2.025547871093749800e+02 3.394045549999999900e+01 2.340729062499999900e+02 8.279323500000000300e+00 -3.151811914062500000e+01 2.566113199999999800e+01
2.158331333246445900e-02 2.025557734374999900e+02 3.410021450000000000e+01 2.366879375000000000e+02 8.366274499999999400e+00 -3.413216406250000300e+01 2.573394000000000000e+01
2.282585775045523800e-02 2.025556601562500100e+02 3.427561800000000100e+01 2.398397500000000100e+02 8.456471999999999800e+00 -3.728408984375000300e+01 2.581914600000000000e+01
2.314355558620060900e-02 2.025558203125000000e+02 3.431833700000000000e+01 2.406054843750000000e+02 8.479478999999999500e+00 -3.804966406250000000e+01 2.583885799999999800e+01
2.353670364035699200e-02 2.025556953125000100e+02 3.436984400000000100e+01 2.415188125000000000e+02 8.507270000000000100e+00 -3.896311718750000400e+01 2.586257399999999900e+01
2.375785091467070800e-02 2.025556054687500000e+02 3.439780499999999800e+01 2.420174062499999900e+02 8.522036999999999200e+00 -3.946180078124999800e+01 2.587576800000000100e+01
2.388224446385127700e-02 2.025556523437500100e+02 3.441329499999999800e+01 2.422949687500000100e+02 8.530118999999999100e+00 -3.973931640624999800e+01 2.588317599999999900e+01
2.400946796388554000e-02 2.025558398437499900e+02 3.442894400000000100e+01 2.425780156250000100e+02 8.538252000000000000e+00 -4.002217578124999900e+01 2.589069200000000100e+01
2.429571605864025100e-02 2.025553046874999800e+02 3.446315300000000500e+01 2.432076718749999900e+02 8.555993000000000800e+00 -4.065236718749999800e+01 2.590716000000000100e+01
2.461774725663034400e-02 2.025546757812500100e+02 3.449741300000000200e+01 2.438709531250000000e+02 8.569115000000000000e+00 -4.131627734375000200e+01 2.592829800000000200e+01
2.465799996129850600e-02 2.025558750000000100e+02 3.450156599999999700e+01 2.439460156250000000e+02 8.571120000000000500e+00 -4.139014062500000100e+01 2.593044600000000000e+01
2.468064434845047100e-02 2.025562109375000000e+02 3.450368100000000000e+01 2.439862656249999900e+02 8.572098999999999700e+00 -4.143005468749999700e+01 2.593158199999999900e+01
2.470293260158452600e-02 2.025565117187500200e+02 3.450469400000000100e+01 2.440168750000000000e+02 8.572419999999999300e+00 -4.146036328124999700e+01 2.593227400000000000e+01
2.471009591468294500e-02 2.025622539062500200e+02 3.450429400000000200e+01 2.440269687500000100e+02 8.572027999999999500e+00 -4.146471484375000200e+01 2.593226599999999800e+01
2.471412572645603100e-02 2.025863203124999900e+02 3.450218699999999900e+01 2.440355625000000000e+02 8.570968999999999800e+00 -4.144924218749999800e+01 2.593121800000000100e+01
2.471639398942913900e-02 2.027104257812500200e+02 3.449372499999999800e+01 2.440509531250000100e+02 8.568526999999999600e+00 -4.134052734374999700e+01 2.592519800000000200e+01
2.472149459341713500e-02 2.028584218750000000e+02 3.446584300000000000e+01 2.440369687500000000e+02 8.555484999999999100e+00 -4.117854687500000200e+01 2.591035799999999900e+01
2.473296975730953200e-02 2.025594140625000000e+02 3.448087100000000000e+01 2.439581250000000000e+02 8.559362999999999400e+00 -4.139871093749999900e+01 2.592150799999999900e+01
2.475879066868831900e-02 2.024409648437500100e+02 3.449271299999999500e+01 2.439861875000000000e+02 8.562080999999999200e+00 -4.154522265624999700e+01 2.593063199999999900e+01
2.481688592666970300e-02 2.025688593749999900e+02 3.450279299999999700e+01 2.441360937499999900e+02 8.569243000000000200e+00 -4.156723437499999800e+01 2.593355000000000000e+01
2.488878197538524000e-02 2.025611640625000100e+02 3.450977199999999800e+01 2.442398437500000100e+02 8.572990000000000800e+00 -4.167867968750000100e+01 2.593678200000000100e+01
2.496231050419628000e-02 2.025559453125000000e+02 3.451327600000000500e+01 2.443340468750000100e+02 8.573964000000000100e+00 -4.177810156249999800e+01 2.593931200000000100e+01
2.512774790140022800e-02 2.025556484375000000e+02 3.453035700000000200e+01 2.446325781250000100e+02 8.581143000000000900e+00 -4.207692968749999800e+01 2.594921400000000100e+01
2.533247954863354600e-02 2.025558046874999700e+02 3.455394400000000100e+01 2.450316093749999900e+02 8.591329999999999200e+00 -4.247580468750000200e+01 2.596261399999999900e+01
2.544763990512169000e-02 2.025558203124999700e+02 3.456601599999999800e+01 2.452453437499999900e+02 8.596135999999999600e+00 -4.268952343750000000e+01 2.596988000000000000e+01
2.551241805380149300e-02 2.025558789062500000e+02 3.457274700000000000e+01 2.453659218750000000e+02 8.598570999999999700e+00 -4.281004296874999700e+01 2.597417600000000000e+01
2.554885606120403300e-02 2.025561093750000100e+02 3.457629599999999900e+01 2.454320625000000000e+02 8.599693999999999500e+00 -4.287595312500000200e+01 2.597660200000000000e+01
2.558612106437969600e-02 2.025609218750000200e+02 3.457702199999999900e+01 2.454737968750000100e+02 8.598898000000000200e+00 -4.291287500000000000e+01 2.597812400000000100e+01
2.566996791906523900e-02 2.025546757812500100e+02 3.458631400000000200e+01 2.456237656250000000e+02 8.602083999999999600e+00 -4.306908984375000000e+01 2.598423000000000000e+01
2.585862573226890500e-02 2.025558867187500000e+02 3.460613100000000500e+01 2.459940000000000000e+02 8.608007000000000600e+00 -4.343811328124999700e+01 2.599812400000000100e+01
2.609209189737649400e-02 2.025559023437500100e+02 3.463189800000000000e+01 2.464130000000000100e+02 8.619194000000000200e+00 -4.385709765624999800e+01 2.601270399999999900e+01
2.633086183017358000e-02 2.025575976562500100e+02 3.465406500000000300e+01 2.468509218750000100e+02 8.624081000000000300e+00 -4.429332421875000100e+01 2.602998399999999900e+01
2.646516976798686200e-02 2.025558750000000100e+02 3.466732600000000300e+01 2.470566562500000000e+02 8.629796000000000700e+00 -4.450078125000000300e+01 2.603753000000000000e+01
2.663137679709527300e-02 2.025557148437500200e+02 3.468464900000000000e+01 2.473354218750000100e+02 8.637755000000000300e+00 -4.477970703124999800e+01 2.604689400000000200e+01
2.680136028089021000e-02 2.025556445312500100e+02 3.470013600000000100e+01 2.475950468750000100e+02 8.644109999999999500e+00 -4.503940234374999800e+01 2.605602599999999900e+01
2.685394860748061300e-02 2.025560664062500100e+02 3.470540300000000400e+01 2.476806875000000000e+02 8.646444999999999900e+00 -4.512462109375000100e+01 2.605895800000000100e+01
2.688352924241756500e-02 2.025568906249999900e+02 3.470840100000000200e+01 2.477297031249999900e+02 8.647866999999999700e+00 -4.517281249999999900e+01 2.606053400000000100e+01
2.691378390281122500e-02 2.025149921875000100e+02 3.467313000000000000e+01 2.476251250000000000e+02 8.638818000000000600e+00 -4.511013281249999800e+01 2.603431200000000000e+01
2.698185330345517100e-02 2.025328437500000100e+02 3.470405300000000200e+01 2.478364218750000100e+02 8.652030999999999100e+00 -4.530357812500000100e+01 2.605202200000000100e+01
2.713501244260553600e-02 2.025584335937500100e+02 3.472312699999999800e+01 2.480949218750000100e+02 8.660527000000000100e+00 -4.553648828125000100e+01 2.606260000000000000e+01
2.747961632291176900e-02 2.025557304687500000e+02 3.476208599999999600e+01 2.486824374999999900e+02 8.676531999999999900e+00 -4.612670703125000000e+01 2.608555399999999800e+01
2.825497983392318700e-02 2.025556992187499900e+02 3.483824100000000400e+01 2.498943750000000000e+02 8.705391000000000500e+00 -4.733867578124999700e+01 2.613285000000000100e+01
2.836401659743230000e-02 2.025556093749999900e+02 3.484855899999999500e+01 2.500541093750000000e+02 8.709158999999999700e+00 -4.749850000000000000e+01 2.613939999999999800e+01
2.860934513254571900e-02 2.025555781250000100e+02 3.486937600000000300e+01 2.503792343750000100e+02 8.715719999999999200e+00 -4.782365624999999900e+01 2.615365600000000200e+01
2.891294101724648700e-02 2.025557187499999800e+02 3.489729500000000000e+01 2.508117343749999900e+02 8.725158999999999700e+00 -4.825601562500000300e+01 2.617213599999999800e+01
2.908371325423544200e-02 2.025553203124999900e+02 3.491333000000000200e+01 2.510566250000000000e+02 8.730752000000000700e+00 -4.850130468750000300e+01 2.618257799999999900e+01
2.925836711300345400e-02 2.025558437500000100e+02 3.492880699999999900e+01 2.512876562500000000e+02 8.735134999999999600e+00 -4.873181249999999700e+01 2.619367199999999900e+01
2.935660990856046200e-02 2.025576171875000000e+02 3.493594499999999700e+01 2.514298593750000100e+02 8.734852999999999300e+00 -4.887224218749999900e+01 2.620109199999999900e+01
2.957765679610402700e-02 2.025552929687500000e+02 3.495326800000000100e+01 2.516695781249999900e+02 8.738910000000000600e+00 -4.911428515624999800e+01 2.621435800000000100e+01
2.970199537157713200e-02 2.025556875000000000e+02 3.496380400000000300e+01 2.518132031250000000e+02 8.742364000000000200e+00 -4.925751562500000300e+01 2.622144000000000100e+01
2.998175656885132900e-02 2.025555117187499800e+02 3.498394700000000100e+01 2.520940156250000000e+02 8.747467000000000300e+00 -4.953850390625000000e+01 2.623648000000000000e+01
3.013912239170313300e-02 2.025557539062500000e+02 3.498657500000000200e+01 2.521533437500000000e+02 8.744324999999999900e+00 -4.959758984375000100e+01 2.624224999999999900e+01
3.049319609066000100e-02 2.025558320312499900e+02 3.501774799999999700e+01 2.525965468750000000e+02 8.755145999999999900e+00 -5.004071484375000300e+01 2.626260200000000100e+01
3.128986071823234400e-02 2.025557031249999800e+02 3.508644300000000300e+01 2.536153281249999900e+02 8.778933000000000300e+00 -5.105962499999999700e+01 2.630751000000000100e+01
3.173798487001194100e-02 2.025557265624999800e+02 3.511983800000000100e+01 2.541076406249999900e+02 8.786733999999999200e+00 -5.155191406250000300e+01 2.633310399999999900e+01
3.229253811943799700e-02 2.025552460937500100e+02 3.516614900000000400e+01 2.547918906250000100e+02 8.798266999999999200e+00 -5.223664453125000100e+01 2.636788200000000200e+01
3.285969468884001500e-02 2.025557187499999800e+02 3.521346799999999900e+01 2.554261562499999900e+02 8.814641999999999200e+00 -5.287043750000000100e+01 2.639882600000000000e+01
3.317871906404806100e-02 2.025557226562500000e+02 3.523459599999999600e+01 2.557115937499999900e+02 8.819050000000000700e+00 -5.315587109375000100e+01 2.641554599999999900e+01
3.357351393926710800e-02 2.025557265625000100e+02 3.526570799999999700e+01 2.561350781250000100e+02 8.829121999999999900e+00 -5.357935156250000100e+01 2.643658599999999800e+01
3.397728147960844100e-02 2.025555468750000000e+02 3.529654399999999700e+01 2.565734843750000200e+02 8.841215999999999300e+00 -5.401793750000000200e+01 2.645532800000000200e+01
3.420439937658476700e-02 2.025557695312499800e+02 3.531441800000000300e+01 2.568191406249999900e+02 8.846906000000000600e+00 -5.426337109375000300e+01 2.646751199999999900e+01
3.471541583986210300e-02 2.025557929687500400e+02 3.535556199999999900e+01 2.574007812500000200e+02 8.861506000000000300e+00 -5.484498828124999600e+01 2.649405600000000000e+01
3.500286379553620200e-02 2.025557148437499700e+02 3.537870699999999900e+01 2.577278281249999700e+02 8.869426999999999900e+00 -5.517211328124999900e+01 2.650928000000000000e+01
3.564961990318203000e-02 2.025556953125000100e+02 3.542910100000000300e+01 2.584124375000000100e+02 8.885837000000000400e+00 -5.585674218749999700e+01 2.654326400000000100e+01
3.601342155819847000e-02 2.025557343749999900e+02 3.545261999999999600e+01 2.586985624999999800e+02 8.892721999999999100e+00 -5.614282812500000100e+01 2.655989800000000000e+01
3.621805759898403400e-02 2.025559218750000200e+02 3.546790800000000100e+01 2.588653593750000300e+02 8.897030000000000900e+00 -5.630943750000000100e+01 2.657087800000000000e+01
3.633316776208710100e-02 2.025580859374999800e+02 3.547493799999999500e+01 2.589731249999999800e+02 8.896271999999999700e+00 -5.641503906250000000e+01 2.657866599999999800e+01
3.654036366551143700e-02 2.025558749999999600e+02 3.548858599999999800e+01 2.591466249999999700e+02 8.897634000000000000e+00 -5.659075000000000000e+01 2.659095200000000100e+01
3.679935675217094900e-02 2.025557578124999900e+02 3.550754899999999700e+01 2.593350937500000000e+02 8.904723000000000600e+00 -5.677933593750000100e+01 2.660282600000000000e+01
3.738209478239666600e-02 2.025557304687500000e+02 3.554795000000000000e+01 2.597502499999999900e+02 8.918041999999999800e+00 -5.719451953125000200e+01 2.662990800000000000e+01
3.810323509656098100e-02 2.025556054687500300e+02 3.559908999999999700e+01 2.602528906250000200e+02 8.936472000000000200e+00 -5.769728515624999700e+01 2.666261799999999800e+01
3.850887413311721700e-02 2.025557226562500000e+02 3.562792900000000200e+01 2.605152656249999800e+02 8.945878999999999700e+00 -5.795954296875000000e+01 2.668205000000000000e+01
3.873704609118009500e-02 2.025559218750000200e+02 3.564371100000000300e+01 2.606552187500000200e+02 8.950881000000000800e+00 -5.809929687500000000e+01 2.669283000000000100e+01
3.879538753576445400e-02 2.025572968749999900e+02 3.564737199999999700e+01 2.606866562500000000e+02 8.952009999999999600e+00 -5.812935937500000000e+01 2.669536199999999900e+01
3.892665040821657900e-02 2.025551601562500000e+02 3.565603099999999900e+01 2.607653437500000000e+02 8.954656999999999200e+00 -5.821018359375000300e+01 2.670137400000000100e+01
3.922199545647565800e-02 2.025559179687499800e+02 3.567632299999999600e+01 2.609522031249999800e+02 8.961062999999999300e+00 -5.839628515625000200e+01 2.671526000000000100e+01
3.958748456529507400e-02 2.025556796875000000e+02 3.570235699999999900e+01 2.611872500000000100e+02 8.969504999999999800e+00 -5.863157031250000300e+01 2.673285200000000100e+01
3.979307189023584300e-02 2.025560585937499800e+02 3.571669599999999900e+01 2.613219218749999900e+02 8.974681999999999600e+00 -5.876586328124999900e+01 2.674201400000000100e+01
3.990871266912397700e-02 2.025555195312500100e+02 3.572476499999999800e+01 2.613948437500000100e+02 8.977309000000000000e+00 -5.883932421875000100e+01 2.674745600000000000e+01
3.997376329617990200e-02 2.025562382812500200e+02 3.572934899999999900e+01 2.614367968750000300e+02 8.978853000000000900e+00 -5.888055859375000300e+01 2.675049599999999800e+01
4.001035188373766600e-02 2.025565859375000200e+02 3.573192199999999700e+01 2.614606718750000000e+02 8.979772000000000500e+00 -5.890408593750000000e+01 2.675215000000000000e+01
4.004777463755213000e-02 2.025885937500000300e+02 3.573510500000000400e+01 2.615173906250000200e+02 8.982411000000000800e+00 -5.892879687500000300e+01 2.675269400000000200e+01
4.013197284593319300e-02 2.025474882812499700e+02 3.573860200000000000e+01 2.615330781249999700e+02 8.983591999999999800e+00 -5.898558984374999900e+01 2.675500999999999900e+01
4.032142180249206900e-02 2.025559414062500100e+02 3.575279900000000300e+01 2.616555000000000200e+02 8.987766999999999800e+00 -5.909955859374999700e+01 2.676503200000000100e+01
4.074767836950775300e-02 2.025557656249999900e+02 3.578213000000000200e+01 2.619079062500000000e+02 8.996676000000000800e+00 -5.935214062499999700e+01 2.678545400000000100e+01
4.098744499952272600e-02 2.025558828125000200e+02 3.579840300000000000e+01 2.620419375000000200e+02 9.001737000000000300e+00 -5.948605468750000100e+01 2.679666599999999800e+01
4.112231701537779500e-02 2.025560351562500000e+02 3.580727999999999900e+01 2.621124375000000000e+02 9.004678000000000200e+00 -5.955640234375000100e+01 2.680260200000000000e+01
4.142577666089050600e-02 2.025555781250000100e+02 3.582743400000000400e+01 2.622743437500000100e+02 9.011518000000000600e+00 -5.971876562500000300e+01 2.681591600000000100e+01
4.210855488789110700e-02 2.025556523437500100e+02 3.587270499999999600e+01 2.626278125000000000e+02 9.026737000000000700e+00 -6.007216015625000000e+01 2.684596799999999900e+01
4.364481187404546700e-02 2.025557148437500000e+02 3.597345000000000000e+01 2.633462812500000000e+02 9.057603999999999500e+00 -6.079056640625000100e+01 2.691584599999999800e+01
4.450895553244683900e-02 2.025557460937500000e+02 3.602828399999999900e+01 2.637053437500000000e+02 9.074370000000000000e+00 -6.114959765625000200e+01 2.695391400000000100e+01
4.499503783414835600e-02 2.025557929687499800e+02 3.605931799999999800e+01 2.639078749999999900e+02 9.085241999999999200e+00 -6.135208203124999900e+01 2.697407600000000000e+01
4.608872301297677700e-02 2.025557304687500300e+02 3.613003799999999900e+01 2.643307500000000200e+02 9.106427999999999300e+00 -6.177501953125000300e+01 2.702361000000000100e+01
4.854950868993773000e-02 2.025557265624999800e+02 3.628592499999999900e+01 2.651386249999999900e+02 9.147797000000000600e+00 -6.258289843749999900e+01 2.713812799999999800e+01
4.993369884060737400e-02 2.025557343749999900e+02 3.637268999999999900e+01 2.655534687499999800e+02 9.173265999999999900e+00 -6.299773437500000000e+01 2.719942400000000000e+01
5.304813145993645500e-02 2.025557187499999800e+02 3.656137700000000000e+01 2.663807499999999800e+02 9.228241000000000600e+00 -6.382503125000000200e+01 2.733313600000000000e+01
6.005560604850750100e-02 2.025557343750000100e+02 3.696093100000000200e+01 2.678998750000000100e+02 9.340688999999999400e+00 -6.534414062499999400e+01 2.762024200000000100e+01
6.399731169965930400e-02 2.025557109374999800e+02 3.717611800000000200e+01 2.685654687499999800e+02 9.395661999999999700e+00 -6.600975781249999800e+01 2.778045600000000100e+01
7.000000076485157800e-02 2.025556875000000000e+02 3.748232200000000300e+01 2.691827812500000100e+02 9.459524000000000000e+00 -6.662709375000000000e+01 2.802279800000000200e+01
