0.000000000000000000e+00 0.000000000000000000e+00 0.000000000000000000e+00 0.000000000000000000e+00 0.000000000000000000e+00 0.000000000000000000e+00 0.000000000000000000e+00
1.725874877201193900e-08 3.817188593749999700e+02 9.634368896484360000e-06 2.227816718750000000e+02 2.470130310058593700e-04 1.589371874999999900e+02 -2.373786621093750100e-04
1.400016974492713300e-03 3.817172968749999900e+02 2.414877100000000000e+01 2.224309687500000100e+02 9.959056999999999600e+00 1.592863281250000100e+02 1.418971400000000000e+01
1.564079348376273500e-03 3.817197812499999800e+02 2.687953999999999900e+01 2.222876249999999900e+02 1.100197400000000100e+01 1.594321562499999900e+02 1.587756600000000000e+01
1.614836177292858000e-03 3.817205625000000300e+02 2.771229000000000300e+01 2.222746562499999900e+02 1.130539300000000000e+01 1.594459062500000100e+02 1.640689700000000100e+01
1.666746581583991700e-03 3.817182187500000100e+02 2.856334300000000000e+01 2.222721406249999900e+02 1.161048100000000000e+01 1.594460781250000100e+02 1.695286200000000000e+01
1.695946112894735500e-03 3.817197031250000200e+02 2.904033799999999800e+01 2.222821250000000100e+02 1.177864600000000000e+01 1.594375781249999900e+02 1.726169200000000000e+01
1.761645302125687600e-03 3.817185937499999700e+02 3.011076100000000400e+01 2.223191093750000100e+02 1.215097500000000100e+01 1.593994843749999900e+02 1.795978600000000100e+01
1.798600994492357200e-03 3.817238281249999500e+02 3.070542199999999900e+01 2.223692187499999900e+02 1.235083800000000000e+01 1.593546093750000000e+02 1.835458399999999900e+01
1.840176189035156900e-03 3.817316406250000100e+02 3.136572400000000000e+01 2.224700312500000100e+02 1.256211200000000100e+01 1.592616093750000100e+02 1.880361200000000100e+01
1.860963786306556700e-03 3.817272968749999800e+02 3.169474100000000000e+01 2.225245625000000000e+02 1.266494499999999900e+01 1.592027343750000100e+02 1.902979600000000100e+01
1.907735920797502700e-03 3.817202656250000200e+02 3.243538199999999700e+01 2.226621093750000000e+02 1.289335000000000000e+01 1.590581562500000000e+02 1.954203199999999900e+01
1.922205994546860200e-03 3.817204218750000000e+02 3.266373699999999800e+01 2.227110156249999900e+02 1.296253100000000000e+01 1.590094062500000100e+02 1.970120599999999900e+01
1.937005011175632800e-03 3.817202499999999600e+02 3.289707200000000100e+01 2.227639218749999900e+02 1.303252600000000100e+01 1.589563281250000000e+02 1.986454600000000100e+01
1.970302676699481800e-03 3.817266093749999500e+02 3.341996999999999900e+01 2.229024531249999900e+02 1.318626800000000000e+01 1.588241562499999900e+02 2.023370200000000100e+01
2.011508623108867000e-03 3.817327812500000200e+02 3.405629199999999900e+01 2.231303437500000100e+02 1.336167799999999900e+01 1.586024375000000100e+02 2.069461400000000100e+01
2.053651016588997600e-03 3.817265156249999900e+02 3.470116300000000100e+01 2.234030625000000000e+02 1.353129100000000000e+01 1.583234531249999900e+02 2.116987200000000200e+01
2.077356194182163700e-03 3.817305156250000100e+02 3.505930300000000000e+01 2.235891406250000000e+02 1.362020300000000000e+01 1.581413750000000100e+02 2.143910000000000000e+01
2.100690823472431800e-03 3.817904999999999500e+02 3.538870000000000000e+01 2.239403906249999900e+02 1.368136800000000100e+01 1.578501093749999900e+02 2.170733200000000100e+01
2.108191338703594800e-03 3.823752656250000000e+02 3.539744199999999800e+01 2.248025312499999900e+02 1.359914000000000000e+01 1.575727343750000100e+02 2.179830200000000000e+01
2.125067376082822900e-03 3.819405937500000100e+02 3.557986799999999800e+01 2.251685625000000100e+02 1.356301400000000100e+01 1.567720312500000000e+02 2.201685399999999900e+01
2.163038338295196000e-03 3.815095156249999500e+02 3.619923099999999700e+01 2.255765468749999900e+02 1.369879700000000100e+01 1.559329687499999900e+02 2.250043399999999800e+01
2.248473125163925200e-03 3.817306250000000300e+02 3.752631300000000200e+01 2.266740000000000100e+02 1.402702700000000000e+01 1.550566250000000000e+02 2.349928600000000100e+01
2.440701395618566100e-03 3.817171718749999600e+02 4.029010199999999700e+01 2.292376093750000100e+02 1.462798400000000000e+01 1.524795624999999900e+02 2.566211800000000000e+01
2.678583817329224300e-03 3.817264843749999800e+02 4.369632200000000200e+01 2.326347343749999900e+02 1.529576400000000000e+01 1.490917499999999900e+02 2.840055800000000000e+01
2.921872506274929800e-03 3.817089218749999900e+02 4.707701300000000100e+01 2.373183750000000000e+02 1.569516300000000100e+01 1.443905468750000100e+02 3.138185000000000000e+01
3.058722495382630100e-03 3.817178281249999800e+02 4.896569999999999800e+01 2.397198906250000100e+02 1.601426599999999900e+01 1.419979375000000100e+02 3.295143399999999900e+01
3.366635133396140700e-03 3.817217968750000000e+02 5.314863700000000100e+01 2.454284375000000000e+02 1.667586500000000200e+01 1.362933593749999900e+02 3.647277199999999900e+01
3.539835911018147500e-03 3.817187656249999500e+02 5.547448000000000000e+01 2.487724062499999900e+02 1.703990800000000000e+01 1.329463593749999900e+02 3.843457200000000300e+01
3.929537660667663200e-03 3.817202890625000000e+02 6.062321000000000000e+01 2.561118750000000000e+02 1.790517399999999900e+01 1.256084140625000000e+02 4.271803599999999800e+01
4.411793275194746100e-03 3.817168593750000100e+02 6.677629199999999800e+01 2.670448437499999800e+02 1.888230799999999800e+01 1.146720156250000000e+02 4.789398400000000300e+01
4.683062261517712000e-03 3.817060312500000200e+02 7.001812999999999900e+01 2.743551562499999900e+02 1.950330999999999900e+01 1.073508750000000000e+02 5.051482000000000000e+01
4.835651127269825600e-03 3.817056953124999800e+02 7.175812999999999400e+01 2.788588750000000100e+02 1.988094600000000200e+01 1.028468203125000000e+02 5.187718400000000000e+01
4.991707870077744800e-03 3.817119843749999900e+02 7.349680999999999600e+01 2.837622812500000000e+02 2.027661399999999900e+01 9.794970312499999900e+01 5.322019600000000100e+01
5.342835216353193800e-03 3.817147578125000100e+02 7.727300400000000000e+01 2.954573437500000100e+02 2.117177999999999800e+01 8.625741406250000400e+01 5.610122400000000200e+01
5.777355758365352800e-03 3.817091328125000000e+02 8.166765800000000300e+01 3.108115000000000200e+02 2.227790200000000100e+01 7.089763281250000700e+01 5.938975599999999800e+01
5.888454590675857600e-03 3.817213984375000000e+02 8.272747800000000500e+01 3.147203749999999900e+02 2.255835000000000100e+01 6.700102343749999500e+01 6.016912800000000100e+01
5.922825871150999000e-03 3.817289531249999800e+02 8.304208599999999800e+01 3.159111562499999800e+02 2.264445400000000000e+01 6.581779687499999900e+01 6.039763200000000200e+01
5.942159391375894200e-03 3.817278281250000300e+02 8.321617000000000500e+01 3.165726250000000200e+02 2.269270200000000100e+01 6.515520312500000000e+01 6.052346800000000100e+01
5.961933018971074700e-03 3.817490859375000100e+02 8.339168800000000200e+01 3.172486875000000200e+02 2.274147999999999900e+01 6.450039843749999600e+01 6.065020799999999900e+01
6.006422868454302400e-03 3.817086640625000200e+02 8.379029199999999400e+01 3.187693750000000300e+02 2.285185999999999900e+01 6.293928906250000200e+01 6.093843199999999900e+01
6.106524867270377400e-03 3.817204453124999800e+02 8.466897799999999600e+01 3.222664062499999900e+02 2.310277400000000000e+01 5.945403906250000100e+01 6.156620399999999900e+01
6.331753877042991900e-03 3.817196328124999800e+02 8.647830399999999400e+01 3.298959687500000100e+02 2.366539200000000100e+01 5.182366406250000100e+01 6.281291199999999700e+01
6.602029208837924100e-03 3.817244101562500300e+02 8.842993599999999800e+01 3.386653125000000300e+02 2.433052400000000000e+01 4.305909765625000300e+01 6.409941200000000100e+01
7.108795618474604200e-03 3.817215839843750000e+02 9.156576799999999100e+01 3.541706874999999900e+02 2.553249599999999800e+01 2.755089648437499900e+01 6.603327199999999700e+01
8.249019552593581800e-03 3.817200307617187600e+02 9.661573200000000800e+01 3.851683125000000100e+02 2.777550000000000100e+01 -3.448281738281250100e+00 6.884023200000000000e+01
9.660046687317933700e-03 3.817159726562500200e+02 1.006104460000000000e+02 4.148203125000000000e+02 2.975633399999999900e+01 -3.310433984374999700e+01 7.085411200000000100e+01
1.002082031603645900e-02 3.817243632812500200e+02 1.013907780000000000e+02 4.209313124999999900e+02 3.015484199999999900e+01 -3.920694921874999700e+01 7.123593599999999500e+01
1.013243466554731300e-02 3.817195234375000200e+02 1.016084720000000100e+02 4.226305625000000000e+02 3.027162399999999900e+01 -4.091103906250000200e+01 7.133684800000000300e+01
1.019521789966835300e-02 3.817165117187499800e+02 1.017282559999999900e+02 4.235672812500000100e+02 3.033595199999999900e+01 -4.185076953125000200e+01 7.139230399999999600e+01
1.023053310318877200e-02 3.817184531250000000e+02 1.017944200000000000e+02 4.240863437500000300e+02 3.037151600000000000e+01 -4.236789062500000100e+01 7.142290400000000300e+01
1.025039839273256400e-02 3.817191875000000300e+02 1.018311260000000000e+02 4.243731562500000200e+02 3.039111000000000100e+01 -4.265396874999999700e+01 7.144001600000000000e+01
1.026157269936153900e-02 3.817187109374999600e+02 1.018512600000000000e+02 4.245280937499999800e+02 3.040165199999999900e+01 -4.280938281249999700e+01 7.144960799999999800e+01
1.026785771864648600e-02 3.817202148437500000e+02 1.018616720000000000e+02 4.246054374999999900e+02 3.040688000000000100e+01 -4.288522265625000100e+01 7.145479199999999800e+01
1.027139352955782300e-02 3.817282070312500100e+02 1.018662600000000000e+02 4.246442500000000000e+02 3.040907599999999900e+01 -4.291604296874999800e+01 7.145718399999999800e+01
1.027500930089241800e-02 3.819751171875000200e+02 1.018468360000000000e+02 4.248218125000000200e+02 3.039770000000000000e+01 -4.284669531250000300e+01 7.144913599999999600e+01
1.027934861654477800e-02 3.835130703125000200e+02 1.016673240000000100e+02 4.258024375000000000e+02 3.029035599999999900e+01 -4.228936718749999800e+01 7.137696800000000500e+01
1.028138208161752600e-02 3.846492890624999700e+02 1.015190859999999900e+02 4.266081249999999700e+02 3.019434199999999900e+01 -4.195883593749999800e+01 7.132474399999999500e+01
1.028595867820068800e-02 3.867703867187499900e+02 1.011354240000000000e+02 4.286370312500000100e+02 2.992299200000000100e+01 -4.186664453125000300e+01 7.121243200000000700e+01
1.028853301377871800e-02 3.869005039062500400e+02 1.009580460000000000e+02 4.290500625000000200e+02 2.979824599999999900e+01 -4.214955859375000100e+01 7.115980000000000400e+01
1.029432461874454200e-02 3.839357890625000200e+02 1.008375519999999900e+02 4.270511562500000200e+02 2.972266400000000200e+01 -4.311536718749999900e+01 7.111488799999999300e+01
1.030735686756594300e-02 3.820410351562500200e+02 1.010057320000000100e+02 4.259567187499999900e+02 2.982595600000000100e+01 -4.391568359375000300e+01 7.117977600000000400e+01
1.033667828976579800e-02 3.802177304687500100e+02 1.013531480000000000e+02 4.254232500000000000e+02 3.002712400000000100e+01 -4.520551953124999800e+01 7.132602400000000400e+01
1.040265278988495600e-02 3.812705625000000400e+02 1.016116580000000100e+02 4.269460000000000300e+02 3.021328200000000000e+01 -4.567543750000000100e+01 7.139837599999999900e+01
1.055109444002594700e-02 3.817956953125000200e+02 1.019150540000000000e+02 4.285713749999999900e+02 3.046632599999999900e+01 -4.677567968750000200e+01 7.144872800000000300e+01
1.088508782780081000e-02 3.817260781250000200e+02 1.025371280000000000e+02 4.322257500000000100e+02 3.086302399999999900e+01 -5.049967187499999700e+01 7.167410400000000000e+01
1.163657278777306300e-02 3.817162695312499600e+02 1.037194000000000100e+02 4.416012187499999900e+02 3.146313599999999900e+01 -5.988494921875000200e+01 7.225626400000000200e+01
1.205928389036338400e-02 3.817174179687500600e+02 1.042825420000000100e+02 4.466672500000000200e+02 3.174990199999999900e+01 -6.494983203124999700e+01 7.253264000000000100e+01
1.219006013772726400e-02 3.817173437500000500e+02 1.044412199999999900e+02 4.482149687500000300e+02 3.183222000000000000e+01 -6.649762499999999900e+01 7.260899999999999500e+01
1.222349659634351700e-02 3.817173125000000500e+02 1.044809580000000000e+02 4.486106250000000300e+02 3.185308600000000100e+01 -6.689331249999999300e+01 7.262787199999999600e+01
1.224230484809693400e-02 3.817169218749999700e+02 1.045030819999999900e+02 4.488319687499999900e+02 3.186470600000000200e+01 -6.711504687500000400e+01 7.263837599999999400e+01
1.226558048219687300e-02 3.817144140624999400e+02 1.045292620000000000e+02 4.490978124999999700e+02 3.187858999999999900e+01 -6.738339843750000600e+01 7.265067200000000000e+01
1.227153135792446800e-02 3.817118437499999600e+02 1.045352900000000000e+02 4.491617499999999800e+02 3.188180200000000000e+01 -6.744990624999999800e+01 7.265348799999999600e+01
1.227487929434538900e-02 3.817125312499999800e+02 1.045378839999999900e+02 4.491984062500000100e+02 3.188305199999999900e+01 -6.748587499999999300e+01 7.265483199999999900e+01
1.227676193975800800e-02 3.817167031249999800e+02 1.045386520000000000e+02 4.492223437499999900e+02 3.188317199999999800e+01 -6.750564062499999800e+01 7.265547999999999700e+01
1.227909184347307300e-02 3.817420859375000100e+02 1.045366140000000100e+02 4.492676875000000200e+02 3.188101400000000000e+01 -6.752560156250000000e+01 7.265560000000000700e+01
1.228147505413697600e-02 3.818674374999999400e+02 1.045216320000000000e+02 4.493851874999999700e+02 3.186975999999999900e+01 -6.751775000000000700e+01 7.265187199999999700e+01
1.228683695308838700e-02 3.823404687500000100e+02 1.044347820000000000e+02 4.498946562500000300e+02 3.179391800000000100e+01 -6.755418749999999800e+01 7.264086399999999300e+01
1.229890252589854200e-02 3.818838515624999600e+02 1.044419180000000000e+02 4.497755312499999700e+02 3.178994200000000000e+01 -6.789167968750000200e+01 7.265197600000000500e+01
1.232604746438242800e-02 3.816214374999999600e+02 1.045259679999999900e+02 4.498562499999999900e+02 3.184828800000000000e+01 -6.823481250000000400e+01 7.267767999999999500e+01
1.238712422605591100e-02 3.816198906249999800e+02 1.046154919999999900e+02 4.504341562500000000e+02 3.191050800000000000e+01 -6.881426562500000400e+01 7.270498399999999600e+01
1.252454693982125000e-02 3.817472265624999700e+02 1.047890860000000000e+02 4.518760312499999800e+02 3.202149399999999700e+01 -7.012880468749999400e+01 7.276759199999999300e+01
1.260184721631425100e-02 3.817325703125000000e+02 1.048633020000000000e+02 4.526287187500000200e+02 3.206322200000000300e+01 -7.089614843750000300e+01 7.280007999999999400e+01
1.262576123363076200e-02 3.817243046875000200e+02 1.048839580000000100e+02 4.528446250000000100e+02 3.207507799999999800e+01 -7.112032031249999900e+01 7.280888000000000200e+01
1.263921408728018900e-02 3.817226484374999700e+02 1.048926940000000100e+02 4.529575937500000000e+02 3.208009400000000300e+01 -7.123494531250000300e+01 7.281260000000000300e+01
1.265297118058884000e-02 3.821819375000000000e+02 1.048111440000000000e+02 4.534704375000000000e+02 3.201236000000000100e+01 -7.128849999999999900e+01 7.279878399999999800e+01
1.267773550874778900e-02 3.817599999999999900e+02 1.048367940000000000e+02 4.534175000000000200e+02 3.202360199999999700e+01 -7.165749999999999900e+01 7.281319200000000100e+01
1.270868994381936300e-02 3.816187265625000000e+02 1.048706679999999900e+02 4.535771250000000200e+02 3.204655600000000200e+01 -7.195839843749999400e+01 7.282411200000000000e+01
1.277833872289989100e-02 3.816356953124999900e+02 1.049827600000000000e+02 4.540736249999999900e+02 3.213643199999999900e+01 -7.243792968750000200e+01 7.284632800000000000e+01
1.293504945095819000e-02 3.817375546874999900e+02 1.051389080000000100e+02 4.555661875000000100e+02 3.223330800000000100e+01 -7.382863281250000400e+01 7.290560000000000700e+01
1.302319834162446100e-02 3.817178046875000100e+02 1.052087820000000000e+02 4.563200937500000100e+02 3.227425399999999900e+01 -7.460228906250000600e+01 7.293452800000000000e+01
1.305046939654828100e-02 3.817427265625000200e+02 1.052181619999999900e+02 4.565298124999999900e+02 3.227944999999999700e+01 -7.478708593749999500e+01 7.293871199999999500e+01
1.307836063231589800e-02 3.821736250000000200e+02 1.051184399999999900e+02 4.571690312499999900e+02 3.217689599999999900e+01 -7.499540625000000200e+01 7.294154399999999300e+01
1.311182959516924400e-02 3.816498359375000300e+02 1.051682800000000000e+02 4.570513437500000000e+02 3.220454399999999900e+01 -7.540150781250000000e+01 7.296373599999999700e+01
1.317458487564638100e-02 3.818108046874999700e+02 1.051209559999999900e+02 4.577490937499999900e+02 3.211870799999999800e+01 -7.593828906250000400e+01 7.300224799999999400e+01
1.319341132977257400e-02 3.815713749999999900e+02 1.051505440000000000e+02 4.577181249999999900e+02 3.213328800000000000e+01 -7.614674999999999700e+01 7.301725600000000300e+01
1.322871093125918700e-02 3.814861250000000200e+02 1.051996379999999900e+02 4.578675937500000300e+02 3.216074199999999900e+01 -7.638146874999999600e+01 7.303889599999999400e+01
1.330813438451932000e-02 3.818629140624999500e+02 1.051982140000000100e+02 4.587116874999999800e+02 3.211074200000000200e+01 -7.684877343750000000e+01 7.308747200000000500e+01
1.340642069665119600e-02 3.816534140625000200e+02 1.052618780000000000e+02 4.591395625000000100e+02 3.212691000000000200e+01 -7.748614843750000600e+01 7.313496800000000100e+01
1.350694200012581500e-02 3.817429218749999800e+02 1.053068780000000100e+02 4.597729375000000100e+02 3.213940600000000100e+01 -7.803001562500000400e+01 7.316747200000000400e+01
1.356348507080910000e-02 3.816799296875000200e+02 1.053543119999999900e+02 4.600225312499999900e+02 3.217089599999999900e+01 -7.834260156249999300e+01 7.318341599999999400e+01
1.369070665480412800e-02 3.817231640625000200e+02 1.054506040000000000e+02 4.607132187500000100e+02 3.223474800000000300e+01 -7.899005468750000600e+01 7.321585600000000200e+01
1.397695586887767700e-02 3.817153046875000100e+02 1.056608520000000100e+02 4.621859062500000200e+02 3.236894000000000200e+01 -8.047060156249999400e+01 7.329191199999999600e+01
1.462101562541605300e-02 3.817180390625000000e+02 1.060951560000000000e+02 4.655052812500000000e+02 3.263671600000000000e+01 -8.378724218749999900e+01 7.345843999999999600e+01
1.607015072771213900e-02 3.817183593749999800e+02 1.069488320000000100e+02 4.741349999999999900e+02 3.303699999999999900e+01 -9.241664062499999900e+01 7.391183200000000400e+01
1.688528938527487200e-02 3.817179140624999700e+02 1.073569139999999900e+02 4.786154062499999800e+02 3.318221799999999900e+01 -9.689749218750000600e+01 7.417469599999999700e+01
1.699991882781878200e-02 3.817163749999999700e+02 1.074114500000000000e+02 4.792086562499999900e+02 3.320090600000000300e+01 -9.749228125000000500e+01 7.421054399999999900e+01
1.711275663681394200e-02 3.817195859375000300e+02 1.074632400000000000e+02 4.797600625000000000e+02 3.322142399999999900e+01 -9.804047656250000400e+01 7.424181600000000000e+01
1.714177121901560800e-02 3.819037578124999800e+02 1.073917740000000000e+02 4.801209999999999800e+02 3.315331799999999900e+01 -9.821724218750000500e+01 7.423845599999999900e+01
1.717804074693717400e-02 3.816329921875000100e+02 1.074411080000000100e+02 4.801134062500000300e+02 3.317932400000000100e+01 -9.848041406250000300e+01 7.426178400000000600e+01
1.725964718476069900e-02 3.816836250000000100e+02 1.074762800000000000e+02 4.805873750000000100e+02 3.318462399999999900e+01 -9.890375000000000200e+01 7.429165600000000300e+01
1.740653773270745300e-02 3.817116562500000300e+02 1.075403600000000100e+02 4.813045000000000200e+02 3.320349600000000100e+01 -9.959284375000000000e+01 7.433686400000000600e+01
1.755342828065421100e-02 3.817110390625000500e+02 1.076072640000000000e+02 4.819236250000000200e+02 3.323606399999999900e+01 -1.002125859374999900e+02 7.437120000000000200e+01
1.762228265618009900e-02 3.817330312500000100e+02 1.076344180000000100e+02 4.822658749999999900e+02 3.324457799999999700e+01 -1.005328437500000000e+02 7.438984000000000700e+01
1.762470357175903400e-02 3.817320546875000100e+02 1.076354700000000000e+02 4.822765312500000100e+02 3.324496599999999800e+01 -1.005444765624999900e+02 7.439050400000000700e+01
1.763014998172689900e-02 3.817322968749999700e+02 1.076391120000000000e+02 4.823054062499999800e+02 3.324707999999999700e+01 -1.005731093750000000e+02 7.439203200000000000e+01
1.764240537928169600e-02 3.817431328124999900e+02 1.076457140000000000e+02 4.823725312500000100e+02 3.325039400000000000e+01 -1.006293984375000000e+02 7.439531999999999800e+01
1.766997807352576800e-02 3.817232343750000000e+02 1.076553760000000000e+02 4.824866875000000200e+02 3.325292000000000300e+01 -1.007634531250000000e+02 7.440245600000000100e+01
1.773201826078678700e-02 3.817620859374999900e+02 1.076690100000000000e+02 4.829564062499999900e+02 3.323886600000000200e+01 -1.011943203125000000e+02 7.443014399999999900e+01
1.787160575674274400e-02 3.816908984375000400e+02 1.077407059999999900e+02 4.836455000000000300e+02 3.325579400000000200e+01 -1.019546015625000000e+02 7.448491199999999400e+01
1.795012559221159700e-02 3.817183046874999900e+02 1.077770160000000000e+02 4.840144687499999900e+02 3.326738400000000000e+01 -1.022961640625000000e+02 7.450963199999999600e+01
1.799429234957808400e-02 3.817440390625000100e+02 1.077927680000000000e+02 4.842434375000000300e+02 3.326866400000000100e+01 -1.024993984375000100e+02 7.452410399999999400e+01
1.804729245841787600e-02 3.817049062499999600e+02 1.078078900000000000e+02 4.845115937499999700e+02 3.326271400000000300e+01 -1.028066875000000000e+02 7.454517599999999800e+01
1.814666701240773600e-02 3.816989609374999800e+02 1.078542360000000000e+02 4.848854687499999700e+02 3.328420400000000300e+01 -1.031865078125000000e+02 7.457003199999999800e+01
1.826964354303797800e-02 3.817245624999999900e+02 1.079046920000000000e+02 4.854009687500000000e+02 3.330306000000000200e+01 -1.036764062500000000e+02 7.460163199999999500e+01
1.833881906042638500e-02 3.817215937500000100e+02 1.079323900000000000e+02 4.856837812499999800e+02 3.331226199999999700e+01 -1.039621875000000000e+02 7.462012799999999400e+01
1.837772923256965700e-02 3.817202343749999600e+02 1.079475960000000000e+02 4.858444999999999800e+02 3.331674799999999700e+01 -1.041242656250000100e+02 7.463084800000000000e+01
1.841752351996195000e-02 3.817254921874999800e+02 1.079621300000000000e+02 4.860198125000000000e+02 3.331959400000000200e+01 -1.042943203125000100e+02 7.464253600000000700e+01
1.848915505750535100e-02 3.817157578124999900e+02 1.079861239999999900e+02 4.863443437500000100e+02 3.331784400000000100e+01 -1.046285859375000100e+02 7.466827999999999600e+01
1.857869382934986300e-02 3.817143281249999500e+02 1.080102500000000000e+02 4.867755937499999800e+02 3.330504200000000000e+01 -1.050612656250000000e+02 7.470520799999999900e+01
1.868949817327227700e-02 3.817109531250000000e+02 1.080591499999999900e+02 4.871984687500000200e+02 3.331895800000000200e+01 -1.054875156250000000e+02 7.474019199999999300e+01
1.880281964531542800e-02 3.817590390625000500e+02 1.080840460000000000e+02 4.877908750000000300e+02 3.329642200000000000e+01 -1.060318359375000100e+02 7.478762399999999400e+01
1.894305592584382200e-02 3.817064531250000000e+02 1.081401300000000000e+02 4.881986249999999900e+02 3.331297000000000000e+01 -1.064921718750000000e+02 7.482716000000000600e+01
1.908648022194662700e-02 3.818265546874999900e+02 1.081368560000000100e+02 4.892171875000000200e+02 3.323436800000000300e+01 -1.073906328125000000e+02 7.490248800000000500e+01
1.924783125489279800e-02 3.816303203124999800e+02 1.081950139999999900e+02 4.898030312500000000e+02 3.320725399999999900e+01 -1.081727109375000000e+02 7.498775999999999400e+01
1.932850807153536600e-02 3.816991874999999900e+02 1.082276880000000000e+02 4.900650937500000200e+02 3.321749599999999700e+01 -1.083659062499999900e+02 7.501019200000000400e+01
1.937388788703028900e-02 3.817341171875000300e+02 1.082403379999999900e+02 4.901860937500000000e+02 3.321927399999999900e+01 -1.084519765624999900e+02 7.502106399999999600e+01
1.938792711711693700e-02 3.817335703124999800e+02 1.082429640000000000e+02 4.902051250000000100e+02 3.321887600000000200e+01 -1.084715546875000000e+02 7.502408800000000600e+01
1.940228618889661100e-02 3.817451015625000500e+02 1.082385219999999900e+02 4.902038125000000300e+02 3.321292199999999900e+01 -1.084587109375000000e+02 7.502559999999999700e+01
1.940672756785345000e-02 3.818013593749999500e+02 1.082298680000000000e+02 4.902158437499999800e+02 3.320728400000000100e+01 -1.084144843750000000e+02 7.502258399999999500e+01
1.941127166019951700e-02 3.828372421875000100e+02 1.081042439999999900e+02 4.903994999999999900e+02 3.317254799999999900e+01 -1.075622578124999900e+02 7.493169600000000200e+01
1.942149359268157200e-02 3.837764140625000100e+02 1.077134480000000000e+02 4.904788437500000100e+02 3.294604000000000400e+01 -1.067024296875000000e+02 7.476740800000000300e+01
1.944449229068144800e-02 3.819074921875000000e+02 1.078783260000000000e+02 4.896681249999999700e+02 3.300258999999999800e+01 -1.077606328125000100e+02 7.487573600000000300e+01
1.949624163647777100e-02 3.809723515624999700e+02 1.079883320000000000e+02 4.894538437499999800e+02 3.301013199999999900e+01 -1.084814921875000000e+02 7.497820000000000100e+01
1.961267701443475100e-02 3.817649765625000100e+02 1.080747299999999900e+02 4.901149062499999900e+02 3.304176199999999900e+01 -1.083499296874999900e+02 7.503296799999999700e+01
1.975676699731329000e-02 3.817517109374999800e+02 1.081491320000000100e+02 4.901809687499999800e+02 3.308675600000000100e+01 -1.084292578125000000e+02 7.506237600000000000e+01
1.990413080695216400e-02 3.817311249999999600e+02 1.082125859999999900e+02 4.903941562499999800e+02 3.311000200000000100e+01 -1.086630312500000000e+02 7.510258399999999300e+01
2.023569872855490000e-02 3.817183984375000100e+02 1.083293520000000000e+02 4.911225937500000200e+02 3.310967200000000300e+01 -1.094041953124999900e+02 7.521967999999999700e+01
2.042220674084414100e-02 3.817133593749999800e+02 1.084001619999999900e+02 4.915593749999999900e+02 3.312630600000000000e+01 -1.098460156250000100e+02 7.527385599999999500e+01
2.084184814328308600e-02 3.817094140625000000e+02 1.084814260000000000e+02 4.922189687499999900e+02 3.313970599999999700e+01 -1.105095546875000000e+02 7.534171999999999500e+01
2.136115533767627200e-02 3.817204531250000100e+02 1.086325160000000000e+02 4.930823750000000100e+02 3.315250799999999700e+01 -1.113619218749999900e+02 7.548000799999999800e+01
2.165326441561354900e-02 3.817098203124999700e+02 1.087157160000000000e+02 4.936547187499999700e+02 3.315294000000000100e+01 -1.119448984375000000e+02 7.556277599999999900e+01
2.195201475927434700e-02 3.817211328125000000e+02 1.087964399999999900e+02 4.942335312500000000e+02 3.316074400000000100e+01 -1.125123984375000000e+02 7.563569599999999600e+01
2.248976225745702400e-02 3.817160859375000000e+02 1.089411220000000100e+02 4.952519687500000000e+02 3.317819399999999800e+01 -1.135358828125000100e+02 7.576292800000000200e+01
2.265780656290606800e-02 3.817186171875000600e+02 1.089876199999999900e+02 4.955556562500000300e+02 3.318841200000000000e+01 -1.138370390625000000e+02 7.579920799999999300e+01
2.296029099332449300e-02 3.817125624999999900e+02 1.090215739999999900e+02 4.958068749999999900e+02 3.316308600000000000e+01 -1.140943125000000000e+02 7.585848799999999400e+01
2.333839588126277900e-02 3.817203749999999900e+02 1.091256380000000100e+02 4.963477500000000200e+02 3.317907000000000300e+01 -1.146273750000000000e+02 7.594656799999999900e+01
2.355107760543146900e-02 3.817274609375000400e+02 1.091737540000000000e+02 4.966836562500000100e+02 3.319004999999999900e+01 -1.149561953125000000e+02 7.598370400000000300e+01
2.367071140031873000e-02 3.817074296874999400e+02 1.092054860000000100e+02 4.968653749999999700e+02 3.319508600000000300e+01 -1.151579453125000000e+02 7.601040000000000400e+01
2.393989068923877200e-02 3.817213437500000200e+02 1.092709080000000100e+02 4.972174062500000100e+02 3.319811599999999900e+01 -1.154960624999999900e+02 7.607279200000000700e+01
2.454553823854619200e-02 3.817175312499999800e+02 1.094382140000000200e+02 4.981258437500000000e+02 3.323396600000000200e+01 -1.164083124999999900e+02 7.620424800000000700e+01
2.455725016525673800e-02 3.817197812500000400e+02 1.094414860000000000e+02 4.981457812500000300e+02 3.323471800000000100e+01 -1.164260000000000000e+02 7.620676799999999700e+01
2.456922732654199400e-02 3.817234375000000500e+02 1.094449480000000100e+02 4.981677500000000100e+02 3.323562799999999800e+01 -1.164443125000000000e+02 7.620932000000000500e+01
2.457596480480732400e-02 3.817270312499999800e+02 1.094470340000000000e+02 4.981814062500000100e+02 3.323626600000000100e+01 -1.164543750000000000e+02 7.621076800000000200e+01
2.457804767632045700e-02 3.817289218750000300e+02 1.094477139999999900e+02 4.981861562500000100e+02 3.323650599999999900e+01 -1.164572343750000000e+02 7.621120799999999900e+01
2.458017995427397300e-02 3.817315703124999700e+02 1.094484779999999900e+02 4.981915937499999800e+02 3.323679800000000000e+01 -1.164600234375000000e+02 7.621168000000000100e+01
2.458401805459031100e-02 3.817571171874999400e+02 1.094513480000000000e+02 4.982130312499999700e+02 3.323814800000000200e+01 -1.164559140625000000e+02 7.621320000000000100e+01
2.458881307964675900e-02 3.819335937500000000e+02 1.094568080000000000e+02 4.983195937500000200e+02 3.324491199999999900e+01 -1.163860000000000000e+02 7.621189599999999600e+01
2.459960448636273900e-02 3.820565156250000300e+02 1.094640100000000000e+02 4.984638125000000200e+02 3.325122600000000300e+01 -1.164072968750000000e+02 7.621278399999999900e+01
2.462388645164317900e-02 3.817425546874999900e+02 1.094526499999999900e+02 4.982836249999999700e+02 3.324422599999999800e+01 -1.165410703125000000e+02 7.620842399999999400e+01
2.467851697301571800e-02 3.816100078124999900e+02 1.094642739999999900e+02 4.982885312500000100e+02 3.324436200000000200e+01 -1.166785234375000000e+02 7.621991199999999400e+01
2.480143759635816000e-02 3.817188515624999900e+02 1.094995419999999900e+02 4.985558437500000100e+02 3.325116599999999800e+01 -1.168369921875000000e+02 7.624837599999999300e+01
2.507800964896339200e-02 3.817190078125000200e+02 1.095762900000000000e+02 4.989824375000000000e+02 3.326134600000000300e+01 -1.172634296874999900e+02 7.631494399999999700e+01
2.570029936766413100e-02 3.817171171874999800e+02 1.097289780000000000e+02 4.997770625000000000e+02 3.328320999999999700e+01 -1.180599453125000100e+02 7.644576800000000100e+01
2.608533935962929100e-02 3.817186093750000300e+02 1.098257840000000000e+02 5.002475937500000200e+02 3.329384000000000300e+01 -1.185289843749999900e+02 7.653194399999999600e+01
2.613948621795383900e-02 3.817214218750000300e+02 1.098392640000000000e+02 5.003170625000000200e+02 3.329509600000000100e+01 -1.185956406250000000e+02 7.654416799999999900e+01
2.616994398828257800e-02 3.817248828125000300e+02 1.098469600000000000e+02 5.003580937500000200e+02 3.329603199999999700e+01 -1.186332109375000000e+02 7.655092799999999900e+01
2.617773200349085900e-02 3.817276015625000100e+02 1.098490700000000100e+02 5.003701874999999900e+02 3.329642200000000000e+01 -1.186425859375000000e+02 7.655264800000000500e+01
2.618736885970517800e-02 3.817584765625000500e+02 1.098536640000000100e+02 5.004077500000000200e+02 3.329877599999999700e+01 -1.186492734375000000e+02 7.655488800000000500e+01
2.619722414439278400e-02 3.820691875000000000e+02 1.098566000000000100e+02 5.006128749999999700e+02 3.330841600000000100e+01 -1.185436875000000000e+02 7.654818400000000600e+01
2.621939983510938500e-02 3.818964765625000300e+02 1.098549520000000000e+02 5.005586562500000100e+02 3.330886400000000000e+01 -1.186621796875000000e+02 7.654608799999999700e+01
2.626929513922173300e-02 3.815914687499999900e+02 1.098559020000000000e+02 5.004208437500000200e+02 3.330563800000000200e+01 -1.188293750000000000e+02 7.655026399999999900e+01
2.629736059770018300e-02 3.816177890625000400e+02 1.098664440000000000e+02 5.004850625000000300e+02 3.331138800000000100e+01 -1.188672734375000000e+02 7.655505599999999300e+01
2.636050982953093100e-02 3.816797500000000100e+02 1.098763640000000000e+02 5.005963750000000200e+02 3.331649199999999700e+01 -1.189166250000000000e+02 7.655987199999999900e+01
2.650259495106536600e-02 3.817250625000000400e+02 1.099097560000000200e+02 5.007793437500000100e+02 3.331917200000000200e+01 -1.190542812500000000e+02 7.659058400000000700e+01
2.667842727172269100e-02 3.817182187500000100e+02 1.099566300000000000e+02 5.009672499999999800e+02 3.331889400000000000e+01 -1.192490312500000000e+02 7.663773600000000400e+01
2.685825371303441100e-02 3.817184218749999900e+02 1.100022420000000000e+02 5.011451250000000100e+02 3.332019400000000100e+01 -1.194267031250000000e+02 7.668204799999999500e+01
2.726286385607052900e-02 3.817155624999999800e+02 1.100947720000000100e+02 5.015149687499999800e+02 3.332186000000000100e+01 -1.197994062500000000e+02 7.677291200000000500e+01
2.749045592388004900e-02 3.817181718750000000e+02 1.101509920000000000e+02 5.017189374999999800e+02 3.332175999999999800e+01 -1.200007656250000000e+02 7.682923200000000500e+01
2.800254067679042900e-02 3.817179843750000100e+02 1.102779740000000000e+02 5.021182499999999900e+02 3.332547000000000300e+01 -1.204002656250000000e+02 7.695250400000000500e+01
2.816096892873689800e-02 3.817187656250000000e+02 1.103157420000000000e+02 5.022410937500000000e+02 3.332670199999999700e+01 -1.205223281250000000e+02 7.698904000000000300e+01
2.825008254516019100e-02 3.817175390625000100e+02 1.103362239999999900e+02 5.023071875000000000e+02 3.332715999999999900e+01 -1.205896484375000000e+02 7.700906399999999500e+01
2.830020927944066100e-02 3.817118125000000100e+02 1.103463500000000000e+02 5.023296250000000200e+02 3.332619799999999800e+01 -1.206178125000000000e+02 7.702015199999999600e+01
2.832840475486750000e-02 3.816980078125000100e+02 1.103478240000000000e+02 5.023126562499999700e+02 3.332245600000000300e+01 -1.206146484374999900e+02 7.702536800000000000e+01
2.835724251401936300e-02 3.817303046874999900e+02 1.103347960000000000e+02 5.023118749999999900e+02 3.330769999999999700e+01 -1.205815703125000100e+02 7.702709600000000000e+01
2.842212617194156800e-02 3.817040156250000100e+02 1.103494160000000100e+02 5.022665000000000100e+02 3.330723199999999900e+01 -1.205624843750000000e+02 7.704218400000000600e+01
2.856811700260549600e-02 3.817266796875000000e+02 1.103889299999999900e+02 5.023578125000000200e+02 3.331061799999999800e+01 -1.206311328125000000e+02 7.707831199999999700e+01
2.865023570720565800e-02 3.817090937500000200e+02 1.103869459999999900e+02 5.023304375000000200e+02 3.329449799999999700e+01 -1.206213437499999900e+02 7.709244800000000500e+01
2.874877815272585200e-02 3.817117890625000300e+02 1.104109440000000000e+02 5.023631250000000300e+02 3.329696800000000000e+01 -1.206513359374999900e+02 7.711397599999999400e+01
2.887195620962609500e-02 3.817296015625000200e+02 1.104360940000000000e+02 5.024175000000000200e+02 3.329308600000000200e+01 -1.206878984375000000e+02 7.714300799999999500e+01
2.914910553748215800e-02 3.817190859375000400e+02 1.105124820000000100e+02 5.026089062500000200e+02 3.330252200000000300e+01 -1.208898203125000100e+02 7.720995999999999500e+01
2.977269542566675000e-02 3.817190625000000100e+02 1.106662020000000000e+02 5.029912812499999900e+02 3.331231400000000100e+01 -1.212722187499999900e+02 7.735388799999999800e+01
3.012346295003754200e-02 3.817181406249999900e+02 1.107533060000000100e+02 5.031713125000000000e+02 3.331346599999999800e+01 -1.214531718750000000e+02 7.743984000000000400e+01
3.091269443046501900e-02 3.817182812500000200e+02 1.109435139999999900e+02 5.034849375000000000e+02 3.331653800000000100e+01 -1.217666562500000000e+02 7.762697599999999900e+01
3.135663470038769400e-02 3.817181640624999700e+02 1.110542160000000000e+02 5.036377187499999800e+02 3.332390399999999900e+01 -1.219195546875000000e+02 7.773031199999999800e+01
3.160635305247342500e-02 3.817239218750000300e+02 1.111127920000000000e+02 5.036981562500000100e+02 3.332794400000000200e+01 -1.219742343749999900e+02 7.778484799999999700e+01
3.216821609424260600e-02 3.817184843750000000e+02 1.112510980000000100e+02 5.038525937499999800e+02 3.333220200000000200e+01 -1.221341093749999900e+02 7.791889600000000400e+01
3.248426389271658100e-02 3.817186874999999900e+02 1.113299360000000000e+02 5.039619687499999800e+02 3.333408800000000100e+01 -1.222432812500000000e+02 7.799584799999999500e+01
3.319537338953726400e-02 3.817198593750000000e+02 1.114853320000000000e+02 5.044414687500000100e+02 3.328563599999999700e+01 -1.227216093750000000e+02 7.819969600000000300e+01
3.329537202487938000e-02 3.817039453125000300e+02 1.115134180000000000e+02 5.044311250000000100e+02 3.329094599999999800e+01 -1.227271796875000000e+02 7.822247199999999600e+01
3.352037155473808900e-02 3.817184531250000000e+02 1.115628780000000100e+02 5.044057812500000200e+02 3.329471000000000200e+01 -1.226873281249999900e+02 7.826816800000000300e+01
3.364693525297429000e-02 3.817293750000000000e+02 1.115764460000000000e+02 5.043673125000000300e+02 3.328252599999999700e+01 -1.226379375000000100e+02 7.829392000000000000e+01
3.366473197286926800e-02 3.817670390624999800e+02 1.115784940000000100e+02 5.044115625000000000e+02 3.327967000000000300e+01 -1.226445234375000000e+02 7.829882399999999600e+01
3.370477719297194900e-02 3.818115859375000100e+02 1.115694959999999900e+02 5.045941250000000200e+02 3.324911999999999800e+01 -1.227825390625000100e+02 7.832037599999999600e+01
3.379487893820296000e-02 3.816353125000000000e+02 1.116063299999999900e+02 5.044778437499999800e+02 3.325667399999999700e+01 -1.228425312499999900e+02 7.834965599999999600e+01
3.399760656480328000e-02 3.817232734374999800e+02 1.116627300000000100e+02 5.045512812499999900e+02 3.326952200000000200e+01 -1.228280078125000000e+02 7.839320800000000100e+01
3.445374502482345700e-02 3.817199062500000100e+02 1.117728940000000100e+02 5.046804999999999900e+02 3.327553400000000000e+01 -1.229605937500000000e+02 7.849736000000000000e+01
3.501821620657725300e-02 3.817149687499999700e+02 1.119156120000000100e+02 5.047976562499999900e+02 3.329026000000000400e+01 -1.230826875000000100e+02 7.862535200000000700e+01
3.559551486045873400e-02 3.817183984375000100e+02 1.120646960000000000e+02 5.048511874999999800e+02 3.331961600000000300e+01 -1.231327890625000000e+02 7.874508000000000200e+01
3.616379553880021800e-02 3.817164062499999800e+02 1.122088640000000100e+02 5.048579687500000000e+02 3.334301599999999900e+01 -1.231415625000000100e+02 7.886584800000000000e+01
3.626425963481754600e-02 3.817177578125000000e+02 1.122343340000000000e+02 5.048609687499999800e+02 3.334714999999999900e+01 -1.231432109375000000e+02 7.888718400000000500e+01
3.636700422810956000e-02 3.817203671875000200e+02 1.122600520000000000e+02 5.048620000000000200e+02 3.335121199999999700e+01 -1.231416328125000100e+02 7.890883999999999800e+01
3.659818476369450200e-02 3.817159765625000300e+02 1.123170759999999900e+02 5.048541562500000200e+02 3.335931600000000000e+01 -1.231381796875000000e+02 7.895775999999999300e+01
3.672822511513052600e-02 3.817186249999999700e+02 1.123495780000000100e+02 5.048534374999999800e+02 3.336382600000000300e+01 -1.231348125000000000e+02 7.898575200000000500e+01
3.702081265543785700e-02 3.817166796875000000e+02 1.124211119999999900e+02 5.048319062499999700e+02 3.337252000000000200e+01 -1.231152265625000000e+02 7.904859199999999900e+01
3.767913527121410200e-02 3.817182187500000100e+02 1.125830780000000000e+02 5.048339374999999900e+02 3.339551000000000200e+01 -1.231157187500000000e+02 7.918756799999999900e+01
3.804944174258824400e-02 3.817196406250000100e+02 1.126722599999999900e+02 5.048333437499999800e+02 3.340738799999999700e+01 -1.231137031250000000e+02 7.926487199999999700e+01
3.816400747682744500e-02 3.817178984375000300e+02 1.126994320000000000e+02 5.048267500000000000e+02 3.341055200000000300e+01 -1.231088515625000100e+02 7.928888000000000600e+01
3.822844907712513700e-02 3.817191406249999700e+02 1.127146280000000000e+02 5.048232812499999800e+02 3.341229200000000100e+01 -1.231041406250000000e+02 7.930233599999999700e+01
3.826469780233495600e-02 3.817201953124999800e+02 1.127230919999999900e+02 5.048206250000000100e+02 3.341323599999999800e+01 -1.231004296875000000e+02 7.930985599999999600e+01
3.830176823465858400e-02 3.817285625000000100e+02 1.127317320000000100e+02 5.048171874999999900e+02 3.341438800000000200e+01 -1.230886249999999900e+02 7.931734400000000600e+01
3.838518190806466300e-02 3.816808515624999800e+02 1.127293459999999900e+02 5.046875000000000000e+02 3.341238599999999800e+01 -1.230066484375000000e+02 7.931695999999999500e+01
3.857286137305885500e-02 3.817082500000000200e+02 1.127736040000000100e+02 5.046925625000000100e+02 3.341763600000000200e+01 -1.229843125000000000e+02 7.935596800000000400e+01
3.899514081938054000e-02 3.817190234374999700e+02 1.128811680000000000e+02 5.046888124999999800e+02 3.342757600000000200e+01 -1.229697890625000000e+02 7.945359200000000000e+01
3.900998615454717000e-02 3.817240390624999700e+02 1.128843720000000000e+02 5.046940937499999800e+02 3.342735600000000300e+01 -1.229700546875000000e+02 7.945701599999999600e+01
3.904339010892632400e-02 3.817324296874999700e+02 1.128913619999999900e+02 5.047106249999999900e+02 3.342585799999999800e+01 -1.229781953125000100e+02 7.946550399999999600e+01
3.908472509715698500e-02 3.817700234375000200e+02 1.128958440000000100e+02 5.047793437500000100e+02 3.341770000000000400e+01 -1.230093203124999900e+02 7.947814400000000000e+01
3.909529547506070800e-02 3.818122265624999700e+02 1.128934480000000100e+02 5.048365312500000100e+02 3.341149600000000000e+01 -1.230243046875000100e+02 7.948195200000000700e+01
3.910123984994088400e-02 3.818914921874999800e+02 1.128875899999999900e+02 5.049287187499999700e+02 3.340317400000000000e+01 -1.230372265625000000e+02 7.948441599999999600e+01
3.910458388585336100e-02 3.820369140624999900e+02 1.128778040000000000e+02 5.050842812500000000e+02 3.339182000000000300e+01 -1.230473671875000000e+02 7.948598400000000200e+01
3.911210666648692900e-02 3.821497343750000400e+02 1.128567760000000000e+02 5.052464687500000200e+02 3.336627200000000200e+01 -1.230967343750000000e+02 7.949050400000000100e+01
3.912903747350566400e-02 3.818608671874999900e+02 1.128767420000000100e+02 5.050470312499999700e+02 3.337362999999999900e+01 -1.231861640625000000e+02 7.950311200000000200e+01
3.916712723870462200e-02 3.816849296875000200e+02 1.128971180000000100e+02 5.049350625000000200e+02 3.337635000000000200e+01 -1.232501328125000000e+02 7.952076800000000400e+01
3.925283181074125400e-02 3.815825156250000400e+02 1.129276420000000100e+02 5.048564375000000300e+02 3.338179399999999900e+01 -1.232739218750000000e+02 7.954584800000000700e+01
3.935889183621708200e-02 3.817289296875000000e+02 1.129615419999999900e+02 5.049356874999999700e+02 3.339139000000000100e+01 -1.232067578125000000e+02 7.957015199999999300e+01
3.946736237591598500e-02 3.817424453124999700e+02 1.129850720000000000e+02 5.049368749999999900e+02 3.339752000000000000e+01 -1.231944296875000000e+02 7.958755200000000200e+01
3.948261596430054800e-02 3.817432031249999800e+02 1.129882480000000000e+02 5.049376874999999800e+02 3.339861599999999700e+01 -1.231944843750000000e+02 7.958963199999999500e+01
3.950149182486712600e-02 3.817810703124999900e+02 1.129940000000000000e+02 5.049674687500000200e+02 3.340267999999999700e+01 -1.231863984375000000e+02 7.959131999999999600e+01
3.952079674136337700e-02 3.818869062499999800e+02 1.129962400000000000e+02 5.050341874999999700e+02 3.340780800000000300e+01 -1.231472812500000100e+02 7.958843199999999700e+01
3.956423280347994000e-02 3.817176015624999600e+02 1.129904320000000000e+02 5.049175624999999700e+02 3.340655199999999800e+01 -1.231999609374999900e+02 7.958387999999999400e+01
3.966196654358118000e-02 3.816571562500000100e+02 1.130081180000000000e+02 5.048842812500000200e+02 3.341157400000000200e+01 -1.232271250000000000e+02 7.959654399999999400e+01
3.988186680872422800e-02 3.817214453125000100e+02 1.130669220000000100e+02 5.049160937500000200e+02 3.342281799999999900e+01 -1.231946484375000100e+02 7.964410399999999900e+01
4.015399228169467400e-02 3.817203203125000100e+02 1.131372619999999900e+02 5.049106562499999900e+02 3.343560600000000000e+01 -1.231903359375000000e+02 7.970165600000000000e+01
4.030706383536766800e-02 3.817202656249999700e+02 1.131732580000000000e+02 5.049204062499999800e+02 3.344400199999999800e+01 -1.232001406250000000e+02 7.972925600000000700e+01
4.039316625926636000e-02 3.817161015625000000e+02 1.131930740000000000e+02 5.049258437500000100e+02 3.344846600000000300e+01 -1.232097421875000000e+02 7.974460799999999900e+01
4.048122413806876100e-02 3.817333515625000500e+02 1.132144800000000100e+02 5.049677500000000200e+02 3.345616799999999800e+01 -1.232343984375000000e+02 7.975831200000000400e+01
4.067935696571313400e-02 3.817050546875000200e+02 1.132589280000000000e+02 5.050156250000000000e+02 3.347103200000000100e+01 -1.233105703125000000e+02 7.978789600000000300e+01
4.112515907833668600e-02 3.817186640625000100e+02 1.133682120000000000e+02 5.050236249999999800e+02 3.349019599999999700e+01 -1.233049609375000000e+02 7.987801600000000200e+01
4.212820603072277300e-02 3.817184921875000300e+02 1.136047140000000000e+02 5.049696875000000200e+02 3.352857800000000300e+01 -1.232511953125000000e+02 8.007613600000000500e+01
4.333186653412843300e-02 3.817183828125000100e+02 1.138860959999999900e+02 5.049464375000000000e+02 3.358034399999999700e+01 -1.232280546875000100e+02 8.030575199999999800e+01
4.558872672759031700e-02 3.817188750000000300e+02 1.143943360000000000e+02 5.047860937500000200e+02 3.364816799999999800e+01 -1.230672187499999900e+02 8.074616799999999700e+01
4.685821221162448500e-02 3.817193906250000200e+02 1.146683360000000000e+02 5.047751562500000100e+02 3.365751199999999700e+01 -1.230557656250000100e+02 8.101082400000000000e+01
4.691771836856147000e-02 3.817496093749999800e+02 1.146752319999999900e+02 5.048417812500000000e+02 3.364976000000000100e+01 -1.230921718750000100e+02 8.102547199999999300e+01
4.692887382273293300e-02 3.817734218750000000e+02 1.146734360000000100e+02 5.048789687500000100e+02 3.364486800000000200e+01 -1.231055468750000000e+02 8.102856800000000700e+01
4.693515104100097500e-02 3.818008984375000000e+02 1.146705240000000000e+02 5.049169062500000100e+02 3.364009999999999700e+01 -1.231160078125000000e+02 8.103042399999999600e+01
4.694292085383648700e-02 3.818937421875000400e+02 1.146587720000000000e+02 5.050296562500000200e+02 3.362586799999999700e+01 -1.231359140625000100e+02 8.103290400000000200e+01
4.695086228904386100e-02 3.827641875000000500e+02 1.145507300000000000e+02 5.058628125000000200e+02 3.352511400000000200e+01 -1.230986250000000000e+02 8.102561599999999900e+01
4.696873181842993500e-02 3.821306093749999500e+02 1.145461760000000000e+02 5.054971249999999800e+02 3.350270400000000100e+01 -1.233665156250000100e+02 8.104347199999999400e+01
4.700894866090447900e-02 3.816687890625000300e+02 1.146016860000000000e+02 5.052918750000000000e+02 3.352150199999999800e+01 -1.236230859374999900e+02 8.108018400000000300e+01
4.709942485494684300e-02 3.814954218750000300e+02 1.146652160000000000e+02 5.051484375000000000e+02 3.353909600000000100e+01 -1.236530156249999900e+02 8.112612000000000000e+01
4.730300019205063000e-02 3.817368749999999400e+02 1.147335520000000000e+02 5.052172187499999700e+02 3.356795199999999800e+01 -1.234803437500000000e+02 8.116559999999999800e+01
4.776104990121208400e-02 3.817177656249999700e+02 1.148284120000000000e+02 5.050160624999999800e+02 3.360493999999999900e+01 -1.232982968750000100e+02 8.122347200000000100e+01
4.832788219074854500e-02 3.817184687500000000e+02 1.149602040000000000e+02 5.047665312500000100e+02 3.364885999999999900e+01 -1.230480625000000000e+02 8.131134400000000500e+01
4.847280948277468700e-02 3.817191093750000200e+02 1.149933400000000000e+02 5.047108749999999900e+02 3.365993199999999800e+01 -1.229917656250000000e+02 8.133340800000000600e+01
4.849319093960356700e-02 3.817212968750000100e+02 1.149981480000000000e+02 5.047060312500000200e+02 3.366175599999999700e+01 -1.229847343750000000e+02 8.133639200000000400e+01
4.853904531696010000e-02 3.817269687499999700e+02 1.150084080000000000e+02 5.047038437499999800e+02 3.366680800000000300e+01 -1.229768750000000100e+02 8.134160000000000000e+01
4.864222676719867600e-02 3.817071093749999600e+02 1.150305040000000100e+02 5.046533437499999800e+02 3.367370400000000100e+01 -1.229462343750000000e+02 8.135680000000000700e+01
4.887437462887962000e-02 3.817189140624999500e+02 1.150828360000000000e+02 5.045690624999999700e+02 3.368976399999999700e+01 -1.228501484375000000e+02 8.139307200000000400e+01
4.939670471732276300e-02 3.817182500000000100e+02 1.152011599999999900e+02 5.043614999999999800e+02 3.372375199999999800e+01 -1.226432499999999900e+02 8.147740799999999700e+01
4.955830538280983600e-02 3.817187968750000100e+02 1.152373080000000100e+02 5.042987812499999900e+02 3.373382000000000100e+01 -1.225799843750000000e+02 8.150348800000000400e+01
4.959961956832875000e-02 3.817195078124999600e+02 1.152465080000000100e+02 5.042831562499999900e+02 3.373639599999999900e+01 -1.225636484375000100e+02 8.151011200000000700e+01
4.969258168642425000e-02 3.817360468750000000e+02 1.152657640000000000e+02 5.042579999999999800e+02 3.374372400000000000e+01 -1.225219531250000000e+02 8.152204000000000400e+01
4.971546466934006300e-02 3.817169687499999800e+02 1.152687720000000000e+02 5.042352187500000000e+02 3.374414000000000200e+01 -1.225182499999999900e+02 8.152463199999999700e+01
4.971950559609587800e-02 3.817133203125000000e+02 1.152693000000000200e+02 5.042312187499999800e+02 3.374420400000000300e+01 -1.225178984374999900e+02 8.152509600000000500e+01
4.972364533573246600e-02 3.817121406249999600e+02 1.152700640000000000e+02 5.042295312499999800e+02 3.374445600000000000e+01 -1.225173906250000000e+02 8.152560800000000500e+01
4.972597003876959300e-02 3.817137421874999700e+02 1.152706839999999900e+02 5.042305000000000100e+02 3.374475600000000200e+01 -1.225167578125000000e+02 8.152592799999999300e+01
4.973015658450760700e-02 3.817331718749999800e+02 1.152731520000000100e+02 5.042485624999999900e+02 3.374659200000000000e+01 -1.225153906249999900e+02 8.152656000000000300e+01
4.973539366718855700e-02 3.819379375000000300e+02 1.152729479999999900e+02 5.043553125000000300e+02 3.375189999999999900e+01 -1.224173750000000100e+02 8.152104799999999300e+01
4.974717320271226900e-02 3.821610859374999900e+02 1.152637240000000000e+02 5.044810312500000000e+02 3.374877999999999600e+01 -1.223199453125000000e+02 8.151494400000000000e+01
4.977367585747113200e-02 3.816938984375000200e+02 1.152671960000000100e+02 5.041931562500000200e+02 3.374774000000000000e+01 -1.224992578125000100e+02 8.151945600000000500e+01
4.983330683067857500e-02 3.815833750000000500e+02 1.152765800000000000e+02 5.041046875000000100e+02 3.375023600000000100e+01 -1.225213124999999900e+02 8.152634399999999500e+01
4.996747912073427200e-02 3.817241562499999600e+02 1.153084880000000000e+02 5.041581249999999800e+02 3.376120000000000200e+01 -1.224339687500000100e+02 8.154728799999999500e+01
5.004294615825504600e-02 3.817400937500000300e+02 1.153260479999999900e+02 5.041431562500000000e+02 3.376594399999999800e+01 -1.224030625000000000e+02 8.156010399999999500e+01
5.006629720218504900e-02 3.817364921875000100e+02 1.153317639999999900e+02 5.041327812499999900e+02 3.376733200000000300e+01 -1.223962890625000000e+02 8.156443199999999600e+01
5.009017871526446500e-02 3.817410625000000000e+02 1.153385080000000000e+02 5.041290000000000200e+02 3.376947599999999700e+01 -1.223879375000000100e+02 8.156903200000000700e+01
5.010360686569369900e-02 3.817785703124999900e+02 1.153447480000000100e+02 5.041551875000000100e+02 3.377297200000000300e+01 -1.223766171875000000e+02 8.157177600000000000e+01
5.013383320585431500e-02 3.817551718749999700e+02 1.153487639999999900e+02 5.041229687499999800e+02 3.377405999999999900e+01 -1.223677968750000000e+02 8.157470399999999700e+01
5.020183206985983500e-02 3.816773203125000000e+02 1.153636880000000000e+02 5.040494375000000100e+02 3.377607199999999900e+01 -1.223721171875000000e+02 8.158761599999999700e+01
5.035483601471966300e-02 3.817169687499999800e+02 1.154008599999999900e+02 5.040234375000000000e+02 3.378508399999999800e+01 -1.223064687499999900e+02 8.161577599999999700e+01
5.050544244705127600e-02 3.817219296875000500e+02 1.154342719999999900e+02 5.039719062500000200e+02 3.379237599999999700e+01 -1.222499765625000000e+02 8.164189600000000300e+01
5.055385555795202700e-02 3.817262031249999800e+02 1.154452080000000100e+02 5.039590312500000100e+02 3.379516000000000300e+01 -1.222328281250000000e+02 8.165004799999999800e+01
5.066277855663130200e-02 3.817297499999999700e+02 1.154688240000000000e+02 5.039429999999999800e+02 3.380341599999999900e+01 -1.222132500000000000e+02 8.166540799999999900e+01
5.090785530365968300e-02 3.817139843750000000e+02 1.155195280000000100e+02 5.038851874999999700e+02 3.381868800000000200e+01 -1.221712031250000100e+02 8.170083999999999900e+01
5.145928318515145800e-02 3.817181796875000300e+02 1.156441200000000000e+02 5.037358437500000200e+02 3.384725600000000200e+01 -1.220176640625000000e+02 8.179686399999999900e+01
5.214167453841278600e-02 3.817183046874999900e+02 1.157953479999999900e+02 5.035673750000000300e+02 3.388217999999999800e+01 -1.218490703125000000e+02 8.191316799999999900e+01
5.252552097479176700e-02 3.817182500000000100e+02 1.158793800000000000e+02 5.034785312500000000e+02 3.390152400000000200e+01 -1.217602812500000100e+02 8.197785600000000300e+01
5.256569621184283700e-02 3.817193750000000100e+02 1.158880120000000000e+02 5.034701562500000000e+02 3.390338800000000000e+01 -1.217507812500000000e+02 8.198462399999999700e+01
5.256914946199194700e-02 3.817587968750000300e+02 1.158855360000000000e+02 5.035084375000000100e+02 3.390037600000000100e+01 -1.217496406250000000e+02 8.198515999999999300e+01
5.257691407414951500e-02 3.825451562499999900e+02 1.158193960000000000e+02 5.042748437500000000e+02 3.383686000000000100e+01 -1.217296875000000000e+02 8.198253599999999600e+01
5.259437795065662800e-02 3.821597812500000400e+02 1.157880240000000100e+02 5.041356250000000000e+02 3.379688800000000300e+01 -1.219758437500000000e+02 8.199113599999999700e+01
5.263367947381453900e-02 3.818410234374999800e+02 1.158308880000000000e+02 5.039787499999999900e+02 3.381085600000000100e+01 -1.221377265625000100e+02 8.202003200000000000e+01
5.272210660075035700e-02 3.814850937499999800e+02 1.158796800000000100e+02 5.037510937500000000e+02 3.382068799999999700e+01 -1.222660000000000100e+02 8.205899200000000300e+01
5.292106893652542800e-02 3.817270859375000200e+02 1.159470039999999900e+02 5.038502812500000200e+02 3.384621200000000100e+01 -1.221231953125000000e+02 8.210079199999999800e+01
5.336873289184986000e-02 3.817187734374999800e+02 1.160338320000000000e+02 5.037381562499999700e+02 3.387915999999999900e+01 -1.220193828125000000e+02 8.215467200000000500e+01
5.337739202061232000e-02 3.817247656249999700e+02 1.160360240000000000e+02 5.037426249999999800e+02 3.388028800000000000e+01 -1.220178593750000000e+02 8.215573600000000500e+01
5.338225985515986800e-02 3.817334609375000100e+02 1.160376560000000000e+02 5.037505312499999900e+02 3.388134399999999900e+01 -1.220170703125000000e+02 8.215631200000000000e+01
5.338724210462200000e-02 3.817481874999999700e+02 1.160397840000000000e+02 5.037641562499999800e+02 3.388288800000000100e+01 -1.220159687500000000e+02 8.215689600000000300e+01
5.339620287270470400e-02 3.818928515624999700e+02 1.160478479999999900e+02 5.038891562499999800e+02 3.389130399999999800e+01 -1.219963046875000000e+02 8.215654399999999700e+01
5.340741033365552200e-02 3.820668046875000000e+02 1.160447559999999900e+02 5.040013750000000000e+02 3.389381199999999700e+01 -1.219345703125000000e+02 8.215094399999999600e+01
5.343261801960846900e-02 3.817500781249999600e+02 1.160386599999999900e+02 5.037875624999999800e+02 3.389006799999999900e+01 -1.220374843750000100e+02 8.214859199999999400e+01
5.348933661317207400e-02 3.816187499999999800e+02 1.160480320000000100e+02 5.036997499999999900e+02 3.389223200000000000e+01 -1.220810000000000000e+02 8.215579999999999900e+01
5.361696124970709300e-02 3.817042343750000600e+02 1.160798360000000000e+02 5.037359062500000300e+02 3.390366000000000200e+01 -1.220316718750000000e+02 8.217617599999999800e+01
5.390411668191089100e-02 3.817200546875000100e+02 1.161495120000000200e+02 5.036718437499999900e+02 3.392316000000000300e+01 -1.219517890625000000e+02 8.222635200000000600e+01
5.455021250386098100e-02 3.817187968750000100e+02 1.162924840000000000e+02 5.034989375000000100e+02 3.396068400000000100e+01 -1.217801406250000000e+02 8.233180000000000100e+01
5.600392160240126600e-02 3.817182734374999900e+02 1.166050960000000000e+02 5.031356562500000100e+02 3.403647200000000300e+01 -1.214173828124999900e+02 8.256862400000000000e+01
5.682163979621996500e-02 3.817185078124999800e+02 1.167786960000000000e+02 5.029754687500000000e+02 3.407767200000000000e+01 -1.212569609375000000e+02 8.270102400000000400e+01
5.783355650482489800e-02 3.817177031250000100e+02 1.169910200000000100e+02 5.027781875000000000e+02 3.412666000000000100e+01 -1.210604843750000000e+02 8.286436000000000500e+01
5.783578239498125100e-02 3.817177499999999700e+02 1.169914560000000000e+02 5.027777812499999800e+02 3.412675999999999700e+01 -1.210600312499999900e+02 8.286469599999999500e+01
5.783805509123903000e-02 3.817185703124999900e+02 1.169919840000000000e+02 5.027785000000000100e+02 3.412694400000000200e+01 -1.210599296875000000e+02 8.286503999999999300e+01
5.783933445801113500e-02 3.817200078124999400e+02 1.169923359999999900e+02 5.027802812499999700e+02 3.412714400000000100e+01 -1.210602734375000000e+02 8.286519199999999300e+01
5.784221043290942200e-02 3.817383593749999600e+02 1.169941159999999900e+02 5.028073437499999700e+02 3.412923599999999900e+01 -1.210689843750000000e+02 8.286487999999999900e+01
5.784869047761694700e-02 3.821565312500000000e+02 1.169884360000000100e+02 5.030743125000000200e+02 3.413897200000000300e+01 -1.209177812500000000e+02 8.284946399999999800e+01
5.786325757651403900e-02 3.822498749999999700e+02 1.169687160000000000e+02 5.031214062500000100e+02 3.413117199999999900e+01 -1.208715312500000000e+02 8.283754399999999400e+01
5.789604265021887400e-02 3.816616875000000300e+02 1.169837400000000100e+02 5.027916562500000200e+02 3.413394000000000300e+01 -1.211299687500000000e+02 8.284980000000000200e+01
5.796979866469888900e-02 3.815623046875000500e+02 1.169984120000000000e+02 5.027124062500000200e+02 3.413979599999999700e+01 -1.211501015625000000e+02 8.285861599999999800e+01
5.813576269897376800e-02 3.817350078125000400e+02 1.170335360000000000e+02 5.028115000000000200e+02 3.415221600000000300e+01 -1.210764921874999900e+02 8.288132000000000200e+01
5.850917657541432300e-02 3.817180781250000300e+02 1.171196400000000000e+02 5.027620937500000200e+02 3.417185599999999800e+01 -1.210440156250000000e+02 8.294778399999999900e+01
5.934935129655813400e-02 3.817183281249999700e+02 1.172952559999999900e+02 5.026391562499999800e+02 3.421140799999999900e+01 -1.209208281250000000e+02 8.308384800000000300e+01
6.123975612065705300e-02 3.817184062499999900e+02 1.176744600000000100e+02 5.023253125000000000e+02 3.429048399999999900e+01 -1.206069062499999900e+02 8.338397600000000400e+01
6.549315657352376700e-02 3.817183125000000200e+02 1.184857160000000000e+02 5.016398750000000200e+02 3.443503599999999700e+01 -1.199215624999999900e+02 8.405068000000000000e+01
6.680905290745356400e-02 3.817176953125000400e+02 1.187310400000000100e+02 5.014623750000000100e+02 3.447940799999999900e+01 -1.197446796875000000e+02 8.425163200000000100e+01
6.739784245923333100e-02 3.817167812500000000e+02 1.188392000000000100e+02 5.013816562499999900e+02 3.449925600000000300e+01 -1.196648749999999900e+02 8.433994400000000300e+01
6.758709512930299900e-02 3.817192187499999800e+02 1.188739520000000000e+02 5.013573437499999800e+02 3.450572799999999800e+01 -1.196381250000000000e+02 8.436822399999999800e+01
6.801291623729870100e-02 3.817181484374999600e+02 1.189508400000000000e+02 5.012993124999999800e+02 3.452031199999999700e+01 -1.195811640624999900e+02 8.443052799999999500e+01
6.897101112995004900e-02 3.817183671875000100e+02 1.191230880000000000e+02 5.011752812500000100e+02 3.455463199999999800e+01 -1.194569140625000000e+02 8.456845599999999800e+01
7.000000166421693800e-02 3.817158671875000100e+02 1.193028119999999900e+02 5.010395937499999900e+02 3.459123600000000200e+01 -1.193237265625000000e+02 8.471157599999999400e+01
