0.000000000000000000e+00 0.000000000000000000e+00 0.000000000000000000e+00 0.000000000000000000e+00 0.000000000000000000e+00 0.000000000000000000e+00 0.000000000000000000e+00
7.257357392562735400e-09 1.025746953124999900e+03 1.217349052429199200e-05 7.877838124999999500e+02 3.308481597900390600e-05 2.379631406249999900e+02 -2.091132545471191400e-05
1.400007141960991800e-03 1.025746218750000000e+03 3.894880899999999700e+01 7.881751874999999900e+02 2.466190200000000100e+01 2.375710312500000000e+02 1.428690699999999900e+01
2.548444547641553600e-03 1.025725890624999900e+03 7.027551199999999200e+01 7.876413750000000400e+02 4.417792399999999700e+01 2.380845156249999900e+02 2.609758799999999800e+01
2.560749158754453300e-03 1.025728828124999800e+03 7.059613600000000100e+01 7.876214374999999600e+02 4.436957600000000200e+01 2.381073906249999900e+02 2.622655999999999900e+01
2.583820450145828700e-03 1.025745453125000000e+03 7.119618599999999700e+01 7.875965625000000000e+02 4.472634000000000000e+01 2.381488906250000100e+02 2.646984600000000000e+01
2.635730782999078500e-03 1.025751687499999900e+03 7.255274199999999500e+01 7.875216874999999800e+02 4.553054800000000300e+01 2.382299999999999900e+02 2.702219399999999900e+01
2.643030641716478800e-03 1.025755312499999900e+03 7.274166800000000400e+01 7.875155624999999900e+02 4.564152399999999700e+01 2.382397499999999900e+02 2.710014400000000000e+01
2.656170445629674500e-03 1.025753390625000100e+03 7.308146200000000200e+01 7.874999374999999900e+02 4.584055200000000200e+01 2.382534531249999900e+02 2.724091000000000000e+01
2.672595418853200700e-03 1.025748031250000200e+03 7.350726400000000600e+01 7.874790000000000400e+02 4.608986800000000300e+01 2.382690312500000100e+02 2.741739600000000000e+01
2.709551171942071800e-03 1.025743515624999900e+03 7.446260599999999400e+01 7.874401249999999700e+02 4.664748800000000300e+01 2.383033906249999900e+02 2.781511799999999800e+01
2.792701616392031000e-03 1.025749031249999900e+03 7.658821400000000800e+01 7.873902500000000400e+02 4.787537600000000300e+01 2.383587812499999900e+02 2.871283800000000100e+01
2.817646487728580200e-03 1.025759546875000100e+03 7.721546800000000100e+01 7.873995625000000000e+02 4.823116000000000300e+01 2.383599843750000100e+02 2.898430799999999900e+01
2.842591650174505600e-03 1.025756203125000000e+03 7.784045199999999900e+01 7.874095624999999900e+02 4.858224800000000000e+01 2.383466406249999900e+02 2.925820399999999900e+01
2.868316403529874100e-03 1.025744562500000000e+03 7.848667199999999900e+01 7.874158125000000200e+02 4.894411199999999700e+01 2.383287500000000100e+02 2.954256000000000200e+01
2.894625704512637100e-03 1.025745843749999900e+03 7.914517399999999700e+01 7.874403125000000000e+02 4.931035599999999900e+01 2.383055312500000000e+02 2.983481799999999900e+01
2.909424831870129100e-03 1.025764328125000000e+03 7.950884600000000500e+01 7.874790625000000500e+02 4.950876399999999900e+01 2.382852656249999900e+02 3.000008199999999900e+01
2.942722504537766600e-03 1.025782453125000100e+03 8.030632599999999900e+01 7.876115624999999900e+02 4.992600399999999900e+01 2.381708906250000000e+02 3.038032200000000000e+01
3.017642413594638600e-03 1.025760296875000000e+03 8.209826799999999000e+01 7.879835000000000500e+02 5.083215599999999800e+01 2.377767968750000000e+02 3.126611200000000000e+01
3.051356372670230900e-03 1.025874796875000100e+03 8.281583399999999500e+01 7.884438125000000400e+02 5.113212800000000200e+01 2.374309843750000100e+02 3.168370600000000100e+01
3.093498821514721300e-03 1.025733515625000100e+03 8.350454200000000100e+01 7.896648125000000400e+02 5.118336800000000200e+01 2.360687031250000100e+02 3.232117399999999900e+01
3.188319258637480600e-03 1.025708109374999800e+03 8.554088799999999500e+01 7.920834374999999500e+02 5.178220400000000000e+01 2.336246718749999900e+02 3.375868400000000200e+01
3.217654350476387400e-03 1.025542265625000000e+03 8.632238799999998900e+01 7.922825625000000400e+02 5.215961600000000000e+01 2.332597031249999900e+02 3.416277199999999700e+01
3.225154783553984300e-03 1.025575421875000100e+03 8.651068800000000200e+01 7.923885000000000200e+02 5.224882399999999900e+01 2.331869218750000000e+02 3.426186400000000300e+01
3.242030685201232900e-03 1.025673812499999900e+03 8.691162800000000700e+01 7.926344374999999900e+02 5.243640400000000300e+01 2.330393750000000100e+02 3.447522399999999700e+01
3.280001827794262700e-03 1.025845171875000000e+03 8.771396000000000000e+01 7.932087500000000100e+02 5.278694399999999800e+01 2.326364218750000000e+02 3.492701600000000200e+01
3.365436607519203600e-03 1.025808656250000000e+03 8.930642799999999700e+01 7.949234999999999900e+02 5.330570399999999900e+01 2.308851562499999900e+02 3.600072399999999800e+01
3.557664861900320500e-03 1.025733828124999900e+03 9.336479199999999400e+01 7.991771874999999500e+02 5.473022799999999700e+01 2.265566406250000000e+02 3.863456399999999700e+01
3.795547217530936600e-03 1.025761984375000100e+03 9.832591200000000200e+01 8.039628750000000500e+02 5.658991600000000200e+01 2.217991093750000000e+02 4.173599600000000000e+01
3.929356224516518400e-03 1.025739328124999900e+03 1.010482560000000100e+02 8.070076249999999600e+02 5.755138399999999900e+01 2.187317031250000000e+02 4.349687200000000300e+01
3.963568562844152100e-03 1.025794796875000000e+03 1.017194680000000100e+02 8.079348125000000200e+02 5.776872399999999900e+01 2.178599843750000100e+02 4.395074400000000000e+01
4.040546615190704700e-03 1.025748343750000000e+03 1.032310160000000100e+02 8.100370000000000300e+02 5.823993200000000300e+01 2.157113437500000000e+02 4.499108400000000100e+01
4.213747378525134300e-03 1.025739406250000000e+03 1.066834000000000100e+02 8.141166875000000100e+02 5.944870399999999900e+01 2.116227187499999900e+02 4.723469600000000000e+01
4.238103917812399000e-03 1.025773765625000100e+03 1.071585520000000000e+02 8.147618750000000300e+02 5.961221200000000000e+01 2.110118906250000100e+02 4.754634000000000100e+01
4.245638992905762300e-03 1.025785203125000000e+03 1.073067800000000000e+02 8.149794375000000200e+02 5.966406400000000300e+01 2.108057656249999900e+02 4.764271600000000000e+01
4.249877545423124200e-03 1.025834062500000100e+03 1.073925680000000000e+02 8.151665625000000500e+02 5.969464399999999700e+01 2.106674999999999900e+02 4.769792400000000000e+01
4.254212455144004400e-03 1.026576218750000000e+03 1.074531720000000000e+02 8.161981875000000200e+02 5.969097599999999900e+01 2.103780312499999900e+02 4.776219600000000300e+01
4.263966074793330500e-03 1.028054921875000000e+03 1.073197120000000000e+02 8.190601874999999800e+02 5.941007599999999700e+01 2.089947343750000100e+02 4.790963599999999900e+01
4.285911646226969400e-03 1.025696593749999900e+03 1.074379480000000100e+02 8.184346875000000000e+02 5.929226400000000300e+01 2.072619062500000100e+02 4.814568400000000300e+01
4.335289036397969700e-03 1.024966531249999900e+03 1.086828520000000000e+02 8.188732499999999800e+02 5.989573200000000200e+01 2.060932812499999900e+02 4.878712000000000200e+01
4.446388018728030300e-03 1.025854890625000100e+03 1.109085840000000000e+02 8.217725000000000400e+02 6.078105200000000300e+01 2.040823906249999900e+02 5.012753200000000200e+01
4.696360437861292500e-03 1.025753781250000000e+03 1.155276159999999900e+02 8.290311874999999900e+02 6.225795600000000000e+01 1.967225937499999900e+02 5.326966000000000200e+01
5.258798890352540300e-03 1.025748937500000000e+03 1.257700600000000000e+02 8.457441250000000500e+02 6.540388799999999500e+01 1.800048125000000100e+02 6.036617199999999900e+01
6.524285699567224800e-03 1.025748109375000000e+03 1.471144800000000100e+02 8.877173125000000500e+02 7.193377599999999500e+01 1.380307968749999900e+02 7.518070400000000600e+01
7.236122066139156000e-03 1.025746812500000000e+03 1.578166800000000200e+02 9.186708750000000200e+02 7.571672800000000300e+01 1.070759374999999900e+02 8.209995200000000200e+01
8.117019620716063200e-03 1.025744085937499900e+03 1.699230000000000000e+02 9.609540624999999600e+02 8.019911200000000000e+01 6.479002343749999700e+01 8.972388800000000200e+01
9.017937349312471500e-03 1.025751041015625100e+03 1.800769520000000100e+02 1.000804812500000000e+03 8.484548800000000300e+01 2.494622851562499800e+01 9.523146400000000300e+01
1.013282338050404400e-02 1.025749265624999900e+03 1.897675360000000100e+02 1.043541375000000000e+03 9.019794400000000700e+01 -1.779210937499999900e+01 9.956959200000000000e+01
1.127304640736189800e-02 1.025748515625000000e+03 1.974432400000000000e+02 1.080956124999999900e+03 9.490191199999999600e+01 -5.520760937499999700e+01 1.025413279999999900e+02
1.191442324273897900e-02 1.025749765625000000e+03 2.008893200000000000e+02 1.099513875000000100e+03 9.727065600000000200e+01 -7.376410937500000400e+01 1.036186640000000000e+02
1.335751879346239900e-02 1.025746921875000000e+03 2.071657040000000100e+02 1.133652125000000100e+03 1.018253359999999900e+02 -1.079052031250000000e+02 1.053403680000000000e+02
1.380397694160359100e-02 1.025743734375000000e+03 2.086895440000000100e+02 1.141889625000000000e+03 1.029928400000000000e+02 -1.161458906250000100e+02 1.056967040000000000e+02
1.426058199816134300e-02 1.025745429687499800e+03 2.101138000000000000e+02 1.149915999999999900e+03 1.040670160000000000e+02 -1.241705703125000000e+02 1.060467840000000000e+02
1.528794191986941100e-02 1.025744937500000100e+03 2.128783919999999900e+02 1.167460375000000100e+03 1.062095999999999900e+02 -1.417154375000000100e+02 1.066687920000000000e+02
1.586583245804894900e-02 1.025746875000000000e+03 2.141119919999999900e+02 1.175391750000000000e+03 1.072309200000000000e+02 -1.496448750000000100e+02 1.068810720000000000e+02
1.716608529562478600e-02 1.025746015624999900e+03 2.163994559999999900e+02 1.191242874999999900e+03 1.091251840000000000e+02 -1.654968593750000100e+02 1.072742720000000000e+02
1.756835071158496500e-02 1.025745937500000100e+03 2.170049839999999800e+02 1.195831875000000100e+03 1.096114080000000000e+02 -1.700859375000000000e+02 1.073935760000000000e+02
1.779462537194928900e-02 1.025743312500000000e+03 2.173297680000000000e+02 1.198369875000000100e+03 1.098705839999999900e+02 -1.726265625000000100e+02 1.074591839999999900e+02
1.780908885019602900e-02 1.025750781250000000e+03 2.173510479999999900e+02 1.198536125000000100e+03 1.098877920000000000e+02 -1.727853437500000100e+02 1.074632560000000000e+02
1.782698741908184100e-02 1.025811812500000100e+03 2.173822079999999900e+02 1.198790000000000000e+03 1.099140479999999900e+02 -1.729781874999999900e+02 1.074681600000000000e+02
1.783705514574807800e-02 1.025901734374999900e+03 2.174050000000000000e+02 1.198982874999999900e+03 1.099343760000000000e+02 -1.730811406249999900e+02 1.074706240000000000e+02
1.784735226660275400e-02 1.026433703125000000e+03 2.174341840000000200e+02 1.199605624999999900e+03 1.099706240000000000e+02 -1.731719218750000100e+02 1.074635600000000000e+02
1.785053816761580600e-02 1.027112406250000000e+03 2.174124320000000200e+02 1.200201875000000000e+03 1.099736960000000000e+02 -1.730894687500000100e+02 1.074387360000000100e+02
1.785379626375415200e-02 1.028910875000000000e+03 2.172956240000000000e+02 1.201704500000000100e+03 1.099314880000000000e+02 -1.727936249999999900e+02 1.073641360000000000e+02
1.786112639784667400e-02 1.037612234375000100e+03 2.163685600000000000e+02 1.209368375000000000e+03 1.094138480000000000e+02 -1.717561406250000000e+02 1.069547120000000000e+02
1.787761949066422900e-02 1.029360546875000000e+03 2.151008479999999800e+02 1.203243375000000000e+03 1.085037040000000000e+02 -1.738828281250000000e+02 1.065971440000000000e+02
1.791473011394123500e-02 1.021497765624999900e+03 2.156466960000000200e+02 1.197918124999999900e+03 1.088404400000000000e+02 -1.764203593750000000e+02 1.068062560000000000e+02
1.799822843409574400e-02 1.025507343750000000e+03 2.167612000000000000e+02 1.202231250000000000e+03 1.097415520000000000e+02 -1.767239062500000000e+02 1.070196480000000000e+02
1.818609994555276500e-02 1.025804218750000000e+03 2.174145040000000200e+02 1.203827125000000000e+03 1.103465120000000000e+02 -1.780229062500000100e+02 1.070679920000000000e+02
1.860881055522169100e-02 1.025743546875000000e+03 2.180933039999999900e+02 1.206885000000000000e+03 1.106741840000000000e+02 -1.811414531250000000e+02 1.074191200000000100e+02
1.955990913586739100e-02 1.025746687500000000e+03 2.193080160000000100e+02 1.216884000000000000e+03 1.115333680000000000e+02 -1.911373125000000100e+02 1.077746480000000000e+02
2.009490296080872600e-02 1.025747171875000000e+03 2.198812480000000000e+02 1.221140625000000000e+03 1.119476880000000000e+02 -1.953934531250000100e+02 1.079335600000000000e+02
2.039583553179134500e-02 1.025746843750000200e+03 2.201722240000000000e+02 1.223182125000000000e+03 1.121606400000000000e+02 -1.974352812500000000e+02 1.080115840000000000e+02
2.107293730981475000e-02 1.025744937499999900e+03 2.207491919999999900e+02 1.227440499999999900e+03 1.125809440000000000e+02 -2.016955624999999900e+02 1.081682480000000100e+02
2.259641281705491000e-02 1.025745609375000000e+03 2.218023440000000100e+02 1.235865000000000000e+03 1.132952320000000000e+02 -2.101193906249999900e+02 1.085071120000000100e+02
2.345336895431500100e-02 1.025744515625000100e+03 2.223148400000000000e+02 1.239635250000000000e+03 1.135986719999999900e+02 -2.138907343749999900e+02 1.087161680000000000e+02
2.371849041427593800e-02 1.025743046875000100e+03 2.224628000000000200e+02 1.240663500000000100e+03 1.136793440000000000e+02 -2.149204531249999900e+02 1.087834560000000000e+02
2.372272663791828700e-02 1.025762093750000100e+03 2.224643679999999800e+02 1.240699000000000100e+03 1.136798079999999900e+02 -2.149369062499999900e+02 1.087845600000000000e+02
2.373225872333233400e-02 1.025771625000000100e+03 2.224678319999999900e+02 1.240748250000000100e+03 1.136808480000000000e+02 -2.149766250000000100e+02 1.087869840000000000e+02
2.375370766217018900e-02 1.025767312499999900e+03 2.224775760000000000e+02 1.240835624999999900e+03 1.136848640000000000e+02 -2.150683124999999900e+02 1.087927119999999900e+02
2.380196661011785600e-02 1.025759546875000100e+03 2.224987360000000100e+02 1.241040500000000100e+03 1.136927199999999900e+02 -2.152809531250000000e+02 1.088060160000000000e+02
2.391054574968759500e-02 1.025840171875000100e+03 2.225143600000000100e+02 1.241788125000000000e+03 1.136734240000000000e+02 -2.159479531250000000e+02 1.088409360000000000e+02
2.415485405368828300e-02 1.025732109374999900e+03 2.226552959999999900e+02 1.242598999999999900e+03 1.137470800000000000e+02 -2.168668906250000000e+02 1.089082160000000000e+02
2.470454540881482000e-02 1.025746078124999900e+03 2.229307039999999900e+02 1.244497249999999900e+03 1.138838720000000000e+02 -2.187511718750000100e+02 1.090468319999999900e+02
2.594134804675576200e-02 1.025745078125000000e+03 2.234822639999999900e+02 1.248280250000000000e+03 1.141115439999999900e+02 -2.225351718750000000e+02 1.093707200000000100e+02
2.632398453969804100e-02 1.025743640624999900e+03 2.236285120000000000e+02 1.249337000000000000e+03 1.141559520000000000e+02 -2.235933593750000100e+02 1.094725600000000000e+02
2.642181824997376700e-02 1.025749000000000000e+03 2.236643920000000200e+02 1.249613875000000000e+03 1.141665600000000000e+02 -2.238648750000000100e+02 1.094978320000000000e+02
2.647684956644917900e-02 1.025751593750000000e+03 2.236844239999999800e+02 1.249772250000000000e+03 1.141728560000000000e+02 -2.240206562500000000e+02 1.095115680000000000e+02
2.650780497307597000e-02 1.025757609374999900e+03 2.236954640000000200e+02 1.249863625000000000e+03 1.141766720000000000e+02 -2.241060156250000000e+02 1.095187920000000000e+02
2.652521564264728700e-02 1.025767109375000000e+03 2.237015519999999900e+02 1.249918124999999900e+03 1.141791439999999900e+02 -2.241510156250000100e+02 1.095224080000000000e+02
2.653501089093740800e-02 1.025776359375000100e+03 2.237049359999999800e+02 1.249951000000000000e+03 1.141807360000000000e+02 -2.241746406249999900e+02 1.095241999999999900e+02
2.654713035648705000e-02 1.025809937499999900e+03 2.237097359999999900e+02 1.250006374999999900e+03 1.141839840000000000e+02 -2.241964375000000000e+02 1.095257520000000000e+02
2.655023008912474700e-02 1.025824203125000200e+03 2.237110960000000000e+02 1.250024875000000100e+03 1.141850240000000000e+02 -2.242006718750000100e+02 1.095260720000000000e+02
2.655720274090330200e-02 1.026025734375000000e+03 2.237075679999999800e+02 1.250208000000000100e+03 1.141826720000000000e+02 -2.241822656250000100e+02 1.095248960000000000e+02
2.657289237184257100e-02 1.025870515625000100e+03 2.237035280000000100e+02 1.250087500000000100e+03 1.141816720000000100e+02 -2.242169843750000100e+02 1.095218560000000000e+02
2.660819113036215100e-02 1.025660203125000000e+03 2.236990800000000100e+02 1.249992125000000000e+03 1.141733760000000000e+02 -2.243319218750000100e+02 1.095257040000000000e+02
2.668761508368747100e-02 1.025690828125000100e+03 2.237310400000000100e+02 1.250245750000000000e+03 1.141852240000000100e+02 -2.245549218749999900e+02 1.095458160000000000e+02
2.673229222187047100e-02 1.025760640625000000e+03 2.237484959999999900e+02 1.250418625000000000e+03 1.141923039999999900e+02 -2.246579843750000100e+02 1.095561920000000000e+02
2.675742078322340000e-02 1.025800374999999800e+03 2.237559919999999900e+02 1.250507374999999900e+03 1.141958080000000000e+02 -2.247069999999999900e+02 1.095601840000000100e+02
2.676519689688024900e-02 1.025825734375000100e+03 2.237582879999999900e+02 1.250544000000000100e+03 1.141974240000000000e+02 -2.247182656249999900e+02 1.095608640000000000e+02
2.676957052414816200e-02 1.025886937500000200e+03 2.237581680000000100e+02 1.250606500000000100e+03 1.141971839999999900e+02 -2.247195624999999900e+02 1.095609840000000000e+02
2.677404196416647800e-02 1.026424968749999800e+03 2.237107839999999900e+02 1.251011749999999900e+03 1.141662160000000100e+02 -2.245867812500000000e+02 1.095445680000000000e+02
2.677655714917677800e-02 1.026876046874999900e+03 2.236544079999999900e+02 1.251334499999999900e+03 1.141296720000000000e+02 -2.244584531250000100e+02 1.095247360000000000e+02
2.678221864432497200e-02 1.031116671875000100e+03 2.229397680000000200e+02 1.253997875000000000e+03 1.136829120000000000e+02 -2.228812031250000100e+02 1.092568560000000000e+02
2.679495526175214000e-02 1.028005765625000100e+03 2.225268639999999900e+02 1.251764625000000000e+03 1.133383360000000000e+02 -2.237588593749999900e+02 1.091885280000000100e+02
2.682361206874451700e-02 1.024695203125000000e+03 2.229972080000000000e+02 1.249534750000000000e+03 1.136593280000000000e+02 -2.248395468750000000e+02 1.093378800000000000e+02
2.688809163113362700e-02 1.024741656250000000e+03 2.234170480000000200e+02 1.249772375000000000e+03 1.139594320000000100e+02 -2.250307187500000100e+02 1.094576160000000000e+02
2.696788354671045300e-02 1.026080046875000100e+03 2.235831039999999900e+02 1.250845375000000100e+03 1.140880720000000000e+02 -2.247653281250000000e+02 1.094950319999999900e+02
2.701276795476929800e-02 1.026030250000000000e+03 2.235937359999999800e+02 1.250840375000000000e+03 1.141007599999999900e+02 -2.248101250000000000e+02 1.094929760000000000e+02
2.705867008120731500e-02 1.026243031250000100e+03 2.232520640000000200e+02 1.251172000000000000e+03 1.138631440000000100e+02 -2.249289687500000000e+02 1.093889200000000000e+02
2.714129623767075000e-02 1.025145031249999900e+03 2.232489679999999900e+02 1.250409375000000000e+03 1.138833920000000000e+02 -2.252643437499999900e+02 1.093655760000000000e+02
2.724457951546880100e-02 1.025799171875000000e+03 2.235167440000000200e+02 1.250832500000000000e+03 1.140743680000000100e+02 -2.250333281250000000e+02 1.094423760000000000e+02
2.730267563145676000e-02 1.025892796875000200e+03 2.235682880000000000e+02 1.250987125000000100e+03 1.141013440000000000e+02 -2.250943281250000000e+02 1.094669440000000000e+02
2.737457033187624300e-02 1.025749296874999800e+03 2.235757040000000000e+02 1.250960499999999900e+03 1.140902320000000000e+02 -2.252112031250000000e+02 1.094854720000000000e+02
2.738467997829265400e-02 1.025694718750000000e+03 2.235661120000000000e+02 1.250888999999999900e+03 1.140790640000000000e+02 -2.251942812499999900e+02 1.094870480000000000e+02
2.739036709106594500e-02 1.025855249999999800e+03 2.235245679999999900e+02 1.250993874999999900e+03 1.140403520000000000e+02 -2.251386249999999900e+02 1.094842160000000000e+02
2.739618229196476300e-02 1.026384078124999900e+03 2.233770640000000200e+02 1.251314249999999900e+03 1.139133200000000000e+02 -2.249301718750000100e+02 1.094637440000000100e+02
2.740338084461925100e-02 1.029917078125000000e+03 2.221953360000000000e+02 1.252790375000000000e+03 1.129923600000000100e+02 -2.228732968749999900e+02 1.092029760000000100e+02
2.741074241852440400e-02 1.029340953124999900e+03 2.217460399999999900e+02 1.252155125000000000e+03 1.126030399999999900e+02 -2.228141718750000000e+02 1.091430000000000000e+02
2.742730304871723500e-02 1.025764859375000000e+03 2.223326960000000000e+02 1.249972874999999900e+03 1.129800640000000000e+02 -2.242080156250000000e+02 1.093526320000000000e+02
2.746456970661987800e-02 1.024029890625000000e+03 2.225472639999999800e+02 1.248714625000000100e+03 1.130891199999999900e+02 -2.246847343750000100e+02 1.094581440000000000e+02
2.754841619358831100e-02 1.025634000000000000e+03 2.228336160000000100e+02 1.249657875000000100e+03 1.133188240000000100e+02 -2.240238750000000000e+02 1.095147920000000000e+02
2.773707602923606400e-02 1.025783937500000100e+03 2.229815679999999800e+02 1.248962125000000000e+03 1.134467600000000000e+02 -2.231781875000000100e+02 1.095348080000000000e+02
2.816155541947473400e-02 1.025748953124999800e+03 2.229201120000000200e+02 1.247591375000000000e+03 1.133026320000000000e+02 -2.218424218750000100e+02 1.096174800000000000e+02
2.911663404751173300e-02 1.025749843750000100e+03 2.232764320000000000e+02 1.249714500000000000e+03 1.134386240000000000e+02 -2.239646562499999900e+02 1.098378080000000000e+02
2.941211239322201500e-02 1.025745015625000000e+03 2.233497840000000000e+02 1.250357375000000000e+03 1.134521360000000000e+02 -2.246123593750000100e+02 1.098976480000000000e+02
2.948765876965645300e-02 1.025743765624999900e+03 2.233674000000000000e+02 1.250527374999999900e+03 1.134550160000000000e+02 -2.247836093750000000e+02 1.099123840000000000e+02
2.949031601604233700e-02 1.025789234375000000e+03 2.233662960000000100e+02 1.250578625000000100e+03 1.134533280000000000e+02 -2.247893906250000100e+02 1.099129680000000100e+02
2.949629190931681400e-02 1.026787546875000100e+03 2.232503120000000100e+02 1.251645625000000100e+03 1.133391840000000000e+02 -2.248580781249999900e+02 1.099111280000000100e+02
2.950973883362189100e-02 1.026358171874999900e+03 2.232606880000000200e+02 1.251389124999999900e+03 1.133462320000000000e+02 -2.250309531250000000e+02 1.099144560000000000e+02
2.953999091999580400e-02 1.025979156250000000e+03 2.233147840000000000e+02 1.251283750000000100e+03 1.133849520000000000e+02 -2.253045937500000100e+02 1.099298320000000000e+02
2.960806160764962000e-02 1.025379765624999900e+03 2.233351120000000100e+02 1.251020125000000000e+03 1.133855680000000100e+02 -2.256403593750000000e+02 1.099495440000000000e+02
2.976122007265195900e-02 1.025766093750000000e+03 2.233879519999999800e+02 1.251695874999999900e+03 1.134083120000000000e+02 -2.259297812499999900e+02 1.099796400000000000e+02
3.010582603668846700e-02 1.025746359374999900e+03 2.234481840000000000e+02 1.252417375000000000e+03 1.134084560000000000e+02 -2.266710156250000000e+02 1.100397280000000000e+02
3.088118770911434800e-02 1.025745328125000000e+03 2.235921759999999900e+02 1.254012125000000000e+03 1.134062880000000000e+02 -2.282667968750000100e+02 1.101858880000000100e+02
3.262575263651008900e-02 1.025745859375000000e+03 2.238258880000000200e+02 1.257173500000000100e+03 1.133119520000000100e+02 -2.314276406250000100e+02 1.105139360000000000e+02
3.316547640659579100e-02 1.025744531249999900e+03 2.238828320000000100e+02 1.258121750000000000e+03 1.132681920000000000e+02 -2.323772187500000000e+02 1.106146399999999900e+02
3.340697375845996800e-02 1.025744437500000000e+03 2.239070720000000300e+02 1.258566750000000000e+03 1.132429840000000100e+02 -2.328223125000000100e+02 1.106640880000000100e+02
3.348459749140291600e-02 1.025750843749999800e+03 2.239146000000000100e+02 1.258727124999999900e+03 1.132329840000000000e+02 -2.329762812500000000e+02 1.106816160000000100e+02
3.349551292857262000e-02 1.025758921875000200e+03 2.239140240000000100e+02 1.258780625000000100e+03 1.132267120000000100e+02 -2.330217031249999900e+02 1.106873120000000100e+02
3.352007324442322200e-02 1.029055703125000000e+03 2.230469840000000100e+02 1.264205375000000000e+03 1.121757920000000000e+02 -2.351496718750000000e+02 1.108711919999999900e+02
3.357533511952457600e-02 1.025128500000000000e+03 2.230607599999999900e+02 1.263124000000000000e+03 1.119681839999999900e+02 -2.379954999999999900e+02 1.110925759999999900e+02
3.369967375628386100e-02 1.025584281250000000e+03 2.234617600000000000e+02 1.265386000000000000e+03 1.121443840000000000e+02 -2.398017187499999900e+02 1.113173760000000000e+02
3.385354252816411000e-02 1.025692109375000000e+03 2.231933040000000100e+02 1.269194999999999900e+03 1.115909439999999900e+02 -2.435028906249999900e+02 1.116023600000000000e+02
3.401090694143367500e-02 1.025522874999999900e+03 2.230853999999999900e+02 1.272712749999999900e+03 1.111829039999999900e+02 -2.471898750000000000e+02 1.119024960000000000e+02
3.409942515167124800e-02 1.026267140625000100e+03 2.229209920000000100e+02 1.275563750000000000e+03 1.108594720000000000e+02 -2.492966093750000000e+02 1.120615200000000000e+02
3.420896611661992900e-02 1.025369125000000200e+03 2.229740160000000100e+02 1.276779500000000100e+03 1.107412240000000000e+02 -2.514103749999999900e+02 1.122327920000000000e+02
3.427058349162231300e-02 1.025617843750000000e+03 2.230321040000000000e+02 1.277650374999999900e+03 1.107243760000000100e+02 -2.520325312500000100e+02 1.123077280000000000e+02
3.430524413838928500e-02 1.025748640625000000e+03 2.230613839999999800e+02 1.278093499999999900e+03 1.107145920000000000e+02 -2.523448593750000000e+02 1.123467919999999900e+02
3.432473915109413700e-02 1.025779375000000100e+03 2.230741840000000000e+02 1.278282875000000100e+03 1.107076079999999900e+02 -2.525035000000000000e+02 1.123665759999999900e+02
3.433570582351405700e-02 1.025797453124999900e+03 2.230748720000000000e+02 1.278374499999999900e+03 1.106990800000000000e+02 -2.525770468750000100e+02 1.123757920000000000e+02
3.433850978902553600e-02 1.025808734374999900e+03 2.230735040000000100e+02 1.278398124999999900e+03 1.106960320000000000e+02 -2.525893906249999900e+02 1.123774720000000000e+02
3.434197981278975400e-02 1.025891015624999900e+03 2.230617680000000000e+02 1.278429249999999900e+03 1.106898800000000000e+02 -2.525382343750000000e+02 1.123718880000000000e+02
3.434552901830428800e-02 1.028185046874999900e+03 2.227854720000000300e+02 1.279030999999999900e+03 1.106200160000000100e+02 -2.508459531249999900e+02 1.121654560000000100e+02
3.435351240183699000e-02 1.029135578125000200e+03 2.220894400000000000e+02 1.278010375000000100e+03 1.102448320000000000e+02 -2.488747968749999900e+02 1.118446079999999900e+02
3.435800480173038800e-02 1.026470437500000100e+03 2.220147440000000100e+02 1.275976000000000100e+03 1.101468560000000000e+02 -2.495055625000000000e+02 1.118678879999999900e+02
3.436810979039677700e-02 1.025769843750000100e+03 2.221382879999999900e+02 1.275737750000000000e+03 1.102134240000000000e+02 -2.499679062500000000e+02 1.119248640000000000e+02
3.439084659711490900e-02 1.025294140625000200e+03 2.223836160000000200e+02 1.276074000000000100e+03 1.103316240000000100e+02 -2.507798593750000000e+02 1.120519920000000000e+02
3.444200732332446100e-02 1.024762828124999900e+03 2.225229360000000200e+02 1.276525374999999900e+03 1.103223280000000000e+02 -2.517625468750000000e+02 1.122006080000000000e+02
3.447078523181734000e-02 1.025428015624999900e+03 2.225948720000000100e+02 1.277307749999999900e+03 1.103431440000000000e+02 -2.518797343750000000e+02 1.122517280000000000e+02
3.448697091313363000e-02 1.025984703124999900e+03 2.226081120000000100e+02 1.277754375000000000e+03 1.103465920000000000e+02 -2.517696718750000000e+02 1.122615200000000000e+02
3.452339218940781600e-02 1.026152562499999900e+03 2.227031440000000100e+02 1.278349125000000000e+03 1.103710320000000000e+02 -2.521965625000000000e+02 1.123321120000000000e+02
3.460534064324347800e-02 1.025738015624999900e+03 2.227831439999999900e+02 1.278718249999999900e+03 1.103613040000000000e+02 -2.529802343750000100e+02 1.124218400000000000e+02
3.470674917665884900e-02 1.025736890624999900e+03 2.228451039999999900e+02 1.279301125000000000e+03 1.103444640000000000e+02 -2.535642343750000100e+02 1.125006400000000000e+02
3.473267887101505500e-02 1.025776031250000000e+03 2.228497680000000100e+02 1.279420750000000000e+03 1.103360480000000100e+02 -2.536447187500000100e+02 1.125137200000000100e+02
3.474726228632479100e-02 1.025917031250000000e+03 2.228325280000000000e+02 1.279490500000000100e+03 1.103205119999999900e+02 -2.535734687499999900e+02 1.125120160000000000e+02
3.476531106764872000e-02 1.025884578125000200e+03 2.228056720000000200e+02 1.279440125000000100e+03 1.102925520000000000e+02 -2.535555468750000000e+02 1.125131200000000000e+02
3.478377205984933100e-02 1.025964953125000000e+03 2.227543120000000000e+02 1.279510874999999900e+03 1.102405280000000000e+02 -2.535459218750000000e+02 1.125137840000000000e+02
3.478948246137272100e-02 1.026337156249999900e+03 2.226813520000000000e+02 1.279766625000000000e+03 1.101826960000000100e+02 -2.534294687500000100e+02 1.124986560000000000e+02
3.479532327989665100e-02 1.027786234375000000e+03 2.224255279999999900e+02 1.280719250000000100e+03 1.099982160000000000e+02 -2.529330156250000000e+02 1.124273120000000000e+02
3.479860699366009400e-02 1.029142812500000000e+03 2.221753679999999900e+02 1.281504750000000100e+03 1.098263840000000000e+02 -2.523619375000000100e+02 1.123489840000000000e+02
3.480599884294037500e-02 1.028309031249999900e+03 2.219323680000000000e+02 1.280567749999999900e+03 1.096151919999999900e+02 -2.522587187500000100e+02 1.123171760000000000e+02
3.482263166825850400e-02 1.026328140625000100e+03 2.220534480000000000e+02 1.279246625000000000e+03 1.096742400000000000e+02 -2.529184843749999900e+02 1.123792080000000100e+02
3.486005203191177400e-02 1.024675921875000100e+03 2.221330399999999900e+02 1.278272500000000000e+03 1.096703440000000000e+02 -2.535965781250000100e+02 1.124626959999999900e+02
3.494425250788165500e-02 1.025437703124999900e+03 2.222619839999999800e+02 1.279110250000000000e+03 1.097228640000000000e+02 -2.536725468749999900e+02 1.125391200000000000e+02
3.513369950328263500e-02 1.025783234374999900e+03 2.222909599999999800e+02 1.279420625000000000e+03 1.097149280000000000e+02 -2.536373906249999900e+02 1.125760320000000000e+02
3.555995582515358200e-02 1.025749218750000000e+03 2.225133200000000200e+02 1.280145000000000000e+03 1.097582560000000000e+02 -2.543957812500000000e+02 1.127550640000000000e+02
3.651903080270695000e-02 1.025744656249999900e+03 2.226188399999999800e+02 1.281797000000000000e+03 1.095224080000000000e+02 -2.560523437499999800e+02 1.130964319999999900e+02
3.681574578104730000e-02 1.025743640624999900e+03 2.226391520000000000e+02 1.282281874999999900e+03 1.094394719999999900e+02 -2.565382343750000000e+02 1.131996800000000000e+02
3.698264693748092000e-02 1.025743515625000100e+03 2.226033840000000100e+02 1.282530250000000000e+03 1.093568080000000000e+02 -2.567867343749999800e+02 1.132465760000000000e+02
3.702532124315571800e-02 1.026131796875000000e+03 2.224137200000000100e+02 1.283028250000000100e+03 1.091762720000000000e+02 -2.568964531249999900e+02 1.132374480000000000e+02
3.712133610204899200e-02 1.025736078124999900e+03 2.221887280000000000e+02 1.282893125000000100e+03 1.089359039999999900e+02 -2.571570468749999900e+02 1.132528240000000000e+02
3.733737186343388100e-02 1.025733765625000200e+03 2.223414720000000100e+02 1.282644375000000100e+03 1.090433280000000000e+02 -2.569106093749999800e+02 1.132981439999999900e+02
3.745889256143162400e-02 1.025793031250000000e+03 2.223405760000000000e+02 1.282643125000000100e+03 1.090303120000000000e+02 -2.568500937499999800e+02 1.133102640000000000e+02
3.752724737183661000e-02 1.025755828125000100e+03 2.222865679999999900e+02 1.282721250000000100e+03 1.089725440000000000e+02 -2.569654218750000000e+02 1.133140240000000000e+02
3.756569709824410200e-02 1.025747078124999900e+03 2.222431200000000000e+02 1.282829375000000000e+03 1.089260800000000000e+02 -2.570822968750000000e+02 1.133170400000000100e+02
3.757759299179282800e-02 1.025768046875000000e+03 2.222163360000000100e+02 1.282900249999999900e+03 1.089001679999999900e+02 -2.571322031249999900e+02 1.133161680000000000e+02
3.758975903484265700e-02 1.027832375000000000e+03 2.218330240000000200e+02 1.285161125000000100e+03 1.085537280000000100e+02 -2.573287500000000100e+02 1.132792960000000000e+02
3.759660126962068700e-02 1.026889906250000000e+03 2.216161440000000200e+02 1.284497249999999900e+03 1.083624640000000000e+02 -2.576073437499999800e+02 1.132536800000000000e+02
3.761199979118375800e-02 1.025899500000000000e+03 2.216834240000000000e+02 1.283664250000000000e+03 1.084167920000000000e+02 -2.577647499999999900e+02 1.132666320000000000e+02
3.764664413582565600e-02 1.025247656250000100e+03 2.217299280000000000e+02 1.283270125000000000e+03 1.084439919999999900e+02 -2.580224687499999700e+02 1.132859360000000100e+02
3.772459158239492600e-02 1.025420437499999900e+03 2.215988800000000100e+02 1.283887250000000000e+03 1.083019920000000000e+02 -2.584668125000000000e+02 1.132968880000000000e+02
3.789997683048830500e-02 1.025784312499999900e+03 2.216523599999999900e+02 1.284372374999999900e+03 1.083066720000000100e+02 -2.585880624999999800e+02 1.133456880000000000e+02
3.829459072760464000e-02 1.025748968749999900e+03 2.216091600000000000e+02 1.284992999999999900e+03 1.081454320000000000e+02 -2.592440312499999800e+02 1.134637280000000000e+02
3.918247432499141800e-02 1.025748484374999900e+03 2.216511280000000000e+02 1.285758750000000000e+03 1.079081520000000000e+02 -2.600102656249999900e+02 1.137429760000000000e+02
4.028123289674193100e-02 1.025744312500000000e+03 2.216424000000000100e+02 1.286269250000000100e+03 1.075791040000000000e+02 -2.605249375000000200e+02 1.140632959999999900e+02
4.140495700859470700e-02 1.025743859374999800e+03 2.214701920000000000e+02 1.287011999999999900e+03 1.071176320000000000e+02 -2.612681406250000000e+02 1.143525600000000000e+02
4.275343153211805900e-02 1.025744750000000100e+03 2.213269119999999900e+02 1.287464750000000100e+03 1.066383360000000000e+02 -2.617200000000000300e+02 1.146885760000000000e+02
4.528182126372434100e-02 1.025746156250000000e+03 2.212399199999999800e+02 1.287982250000000000e+03 1.059768160000000000e+02 -2.622360937500000100e+02 1.152631040000000000e+02
4.670403728554974000e-02 1.025746062499999900e+03 2.212443040000000000e+02 1.288388250000000000e+03 1.056837680000000000e+02 -2.626421874999999800e+02 1.155605360000000000e+02
4.810403118203411500e-02 1.025742468749999900e+03 2.212898559999999900e+02 1.288805499999999900e+03 1.054421600000000000e+02 -2.630630312499999900e+02 1.158476960000000000e+02
4.821653447599492900e-02 1.025745031250000000e+03 2.212946640000000100e+02 1.288840250000000000e+03 1.054242079999999900e+02 -2.630952187500000200e+02 1.158704560000000000e+02
4.832727248269851100e-02 1.025743656250000000e+03 2.212984480000000100e+02 1.288867999999999900e+03 1.054055120000000000e+02 -2.631243437499999800e+02 1.158929360000000100e+02
4.833617344298497100e-02 1.025747406250000000e+03 2.212991440000000100e+02 1.288875375000000100e+03 1.054045200000000100e+02 -2.631279687499999800e+02 1.158946239999999900e+02
4.834118052425547700e-02 1.025750937500000000e+03 2.212996719999999900e+02 1.288880500000000000e+03 1.054040880000000000e+02 -2.631295625000000200e+02 1.158955840000000000e+02
4.834737533178085100e-02 1.025752968750000000e+03 2.213000800000000100e+02 1.288885125000000000e+03 1.054034000000000000e+02 -2.631321562499999800e+02 1.158966800000000000e+02
4.835085932879512600e-02 1.025752718750000000e+03 2.213000960000000000e+02 1.288886999999999900e+03 1.054028880000000000e+02 -2.631342812500000200e+02 1.158972080000000100e+02
4.835442250755971800e-02 1.025755625000000200e+03 2.212995920000000200e+02 1.288887750000000100e+03 1.054020720000000000e+02 -2.631321249999999700e+02 1.158975200000000000e+02
4.835642534006792000e-02 1.025828531250000000e+03 2.212917840000000100e+02 1.288907125000000000e+03 1.053997920000000100e+02 -2.630785937499999800e+02 1.158919920000000000e+02
4.836093869983641000e-02 1.027978250000000100e+03 2.210012960000000200e+02 1.289542625000000000e+03 1.052967040000000100e+02 -2.615643749999999800e+02 1.157045920000000100e+02
4.837108327937796000e-02 1.029731968750000100e+03 2.203085040000000000e+02 1.290091625000000000e+03 1.048756159999999900e+02 -2.603596562500000000e+02 1.154328880000000100e+02
4.839391556997148200e-02 1.026389749999999800e+03 2.205142240000000100e+02 1.287986249999999900e+03 1.049608159999999900e+02 -2.615964999999999900e+02 1.155534080000000000e+02
4.842217413933722800e-02 1.024781406250000100e+03 2.206907919999999900e+02 1.287086125000000000e+03 1.050391520000000000e+02 -2.623047187500000100e+02 1.156516400000000000e+02
4.845107082045559100e-02 1.024154718750000000e+03 2.207528720000000200e+02 1.286733999999999900e+03 1.050567120000000000e+02 -2.625792812500000100e+02 1.156961600000000100e+02
4.851608835297190100e-02 1.025323406250000100e+03 2.209690320000000000e+02 1.287867999999999900e+03 1.051744719999999900e+02 -2.625445937499999900e+02 1.157945600000000000e+02
4.859655098455147700e-02 1.026146781250000000e+03 2.210294880000000100e+02 1.288638875000000100e+03 1.052023360000000000e+02 -2.624920937499999800e+02 1.158271520000000000e+02
4.864181034148686000e-02 1.025947312500000000e+03 2.210347919999999800e+02 1.288564750000000000e+03 1.051964799999999900e+02 -2.626174374999999900e+02 1.158383120000000000e+02
4.865338485028426800e-02 1.025978281250000000e+03 2.210200800000000100e+02 1.288594000000000100e+03 1.051848800000000100e+02 -2.626157187499999800e+02 1.158352000000000000e+02
4.865989172706091500e-02 1.026065937500000000e+03 2.209986399999999900e+02 1.288652000000000000e+03 1.051707519999999900e+02 -2.625860625000000300e+02 1.158278880000000000e+02
4.866794963459392100e-02 1.026529749999999900e+03 2.209091520000000100e+02 1.288908124999999900e+03 1.051189680000000000e+02 -2.623783750000000100e+02 1.157901840000000000e+02
4.867618453662764900e-02 1.028555468750000000e+03 2.205339679999999900e+02 1.289880750000000000e+03 1.049140479999999900e+02 -2.613252812499999900e+02 1.156199199999999900e+02
4.868638035141941600e-02 1.029841171875000100e+03 2.199288159999999800e+02 1.290258250000000100e+03 1.045251280000000000e+02 -2.604170781249999900e+02 1.154036880000000000e+02
4.869680905371213300e-02 1.027372796874999900e+03 2.199059520000000100e+02 1.288542500000000000e+03 1.044791760000000000e+02 -2.611697031250000100e+02 1.154267760000000000e+02
4.872026548280820900e-02 1.025208515625000000e+03 2.201807200000000100e+02 1.287322625000000000e+03 1.046180160000000000e+02 -2.621141093750000000e+02 1.155627040000000000e+02
4.877305176377442300e-02 1.024105843749999800e+03 2.203408400000000100e+02 1.286671374999999900e+03 1.046739920000000000e+02 -2.625655312499999900e+02 1.156668480000000000e+02
4.880274492014604500e-02 1.024713062500000000e+03 2.204114160000000000e+02 1.287125000000000000e+03 1.047045520000000100e+02 -2.624119375000000200e+02 1.157068640000000000e+02
4.881944295396444000e-02 1.025399562500000000e+03 2.204280560000000000e+02 1.287571625000000000e+03 1.047077599999999900e+02 -2.621720624999999800e+02 1.157202960000000000e+02
4.882461305648561800e-02 1.025694015625000000e+03 2.204209599999999800e+02 1.287745875000000100e+03 1.047001600000000000e+02 -2.620518593749999900e+02 1.157208000000000000e+02
4.882989494500725200e-02 1.026136109374999900e+03 2.203928639999999700e+02 1.287976375000000000e+03 1.046780799999999900e+02 -2.618402656249999700e+02 1.157147839999999900e+02
4.884178618080595900e-02 1.026585781250000100e+03 2.203841439999999900e+02 1.288251250000000000e+03 1.046667040000000000e+02 -2.616654687500000000e+02 1.157174400000000000e+02
4.886854029691555000e-02 1.026558874999999900e+03 2.204598560000000000e+02 1.288279125000000000e+03 1.047113360000000000e+02 -2.617202500000000200e+02 1.157485200000000000e+02
4.892873240041208800e-02 1.025778890624999800e+03 2.204972559999999900e+02 1.287645749999999900e+03 1.047271760000000000e+02 -2.618668593749999900e+02 1.157700799999999900e+02
4.900321913871719100e-02 1.025685750000000100e+03 2.204448079999999900e+02 1.287371750000000000e+03 1.046791200000000000e+02 -2.616859999999999800e+02 1.157656880000000000e+02
4.904512025788881900e-02 1.025757531249999800e+03 2.203838559999999800e+02 1.287252000000000000e+03 1.046229759999999900e+02 -2.614944687500000100e+02 1.157608800000000000e+02
4.908797155806433200e-02 1.027158375000000000e+03 2.192195360000000100e+02 1.285713000000000000e+03 1.037518319999999900e+02 -2.585546249999999900e+02 1.154677040000000000e+02
4.918439164120927400e-02 1.025173843749999800e+03 2.196765040000000200e+02 1.285182749999999900e+03 1.039005360000000000e+02 -2.600089062500000000e+02 1.157759680000000100e+02
4.940133100609785800e-02 1.025799187500000000e+03 2.198780719999999700e+02 1.285231874999999900e+03 1.040094079999999900e+02 -2.594326874999999900e+02 1.158686640000000000e+02
4.966979440169747700e-02 1.025750593750000000e+03 2.199655200000000000e+02 1.284288749999999900e+03 1.040452320000000000e+02 -2.585381562499999900e+02 1.159202880000000000e+02
4.982080331506601900e-02 1.025759421875000000e+03 2.199778320000000100e+02 1.283792750000000100e+03 1.040219040000000100e+02 -2.580333281250000300e+02 1.159559280000000000e+02
4.985941606272417000e-02 1.025808125000000000e+03 2.199310560000000100e+02 1.283681125000000100e+03 1.039686800000000100e+02 -2.578729999999999900e+02 1.159623760000000100e+02
4.994628775832999500e-02 1.025659218750000000e+03 2.198664079999999800e+02 1.283256625000000000e+03 1.038818960000000000e+02 -2.575974062500000100e+02 1.159845120000000000e+02
5.014175489563063600e-02 1.025768562499999900e+03 2.199721600000000000e+02 1.282948625000000000e+03 1.039437360000000000e+02 -2.571800625000000200e+02 1.160284240000000000e+02
5.058155362568204900e-02 1.025751953125000000e+03 2.201061520000000100e+02 1.282591750000000000e+03 1.039646319999999900e+02 -2.568397968749999900e+02 1.161415200000000000e+02
5.157110193273523700e-02 1.025747328125000000e+03 2.203330080000000100e+02 1.282506625000000000e+03 1.039595120000000000e+02 -2.567592968750000200e+02 1.163734960000000000e+02
5.379759028135493900e-02 1.025746609374999900e+03 2.206967839999999800e+02 1.283248875000000000e+03 1.038942400000000000e+02 -2.575022656250000100e+02 1.168025440000000000e+02
5.655286367414053000e-02 1.025744843750000000e+03 2.210381520000000300e+02 1.283578125000000000e+03 1.037394160000000100e+02 -2.578332812500000300e+02 1.172987360000000100e+02
5.810270670423869200e-02 1.025745656250000100e+03 2.212326719999999800e+02 1.283638875000000100e+03 1.036511280000000000e+02 -2.578932187500000200e+02 1.175815439999999900e+02
5.968777163998111700e-02 1.025745765625000100e+03 2.214141200000000300e+02 1.283496000000000100e+03 1.035558000000000000e+02 -2.577502343749999900e+02 1.178583200000000100e+02
6.057937212188311400e-02 1.025746234375000100e+03 2.215165759999999900e+02 1.283420000000000100e+03 1.035077840000000000e+02 -2.576737656249999900e+02 1.180087920000000000e+02
6.070474943689665300e-02 1.025746718750000100e+03 2.215321359999999800e+02 1.283417500000000000e+03 1.035021919999999900e+02 -2.576707812500000000e+02 1.180299440000000000e+02
6.077527708768553500e-02 1.025750234375000000e+03 2.215413600000000000e+02 1.283419750000000000e+03 1.034994560000000000e+02 -2.576695156249999700e+02 1.180419040000000000e+02
6.093396197308551000e-02 1.025728156250000000e+03 2.215544080000000200e+02 1.283368999999999900e+03 1.034892640000000100e+02 -2.576408437499999900e+02 1.180651440000000000e+02
6.129100645854796600e-02 1.025745093750000000e+03 2.215989040000000000e+02 1.283378125000000000e+03 1.034739120000000000e+02 -2.576330312499999900e+02 1.181249920000000100e+02
6.173284528310773300e-02 1.025745078125000000e+03 2.216554960000000000e+02 1.283371249999999900e+03 1.034559520000000000e+02 -2.576261718750000100e+02 1.181995440000000000e+02
6.198138282412574800e-02 1.025747578125000000e+03 2.216850479999999900e+02 1.283367125000000000e+03 1.034454480000000000e+02 -2.576195468750000300e+02 1.182396000000000000e+02
6.223556555816688000e-02 1.025747359375000100e+03 2.217145280000000000e+02 1.283364750000000000e+03 1.034351680000000000e+02 -2.576173906249999800e+02 1.182793600000000000e+02
6.280747670975943300e-02 1.025749562499999900e+03 2.217887519999999900e+02 1.283374749999999900e+03 1.034161680000000000e+02 -2.576251874999999800e+02 1.183725840000000000e+02
6.409428262303018500e-02 1.025745625000000000e+03 2.219689840000000100e+02 1.283450374999999900e+03 1.033763040000000000e+02 -2.577047499999999900e+02 1.185926800000000000e+02
6.481811094924498600e-02 1.025746625000000000e+03 2.220677999999999800e+02 1.283494625000000000e+03 1.033562479999999900e+02 -2.577479999999999900e+02 1.187115520000000000e+02
6.522526350941268400e-02 1.025744031250000000e+03 2.221117759999999900e+02 1.283435750000000100e+03 1.033336880000000000e+02 -2.576917187500000100e+02 1.187780880000000000e+02
6.545428507785075500e-02 1.025734406250000100e+03 2.221003839999999900e+02 1.283181125000000100e+03 1.032882480000000000e+02 -2.574467187500000000e+02 1.188121360000000000e+02
6.558311378562843600e-02 1.025771734375000100e+03 2.221236399999999900e+02 1.283219750000000000e+03 1.032894479999999900e+02 -2.574480156249999800e+02 1.188341920000000000e+02
6.587297022706568900e-02 1.025744671875000200e+03 2.221625760000000000e+02 1.283210250000000100e+03 1.032825600000000000e+02 -2.574655781249999800e+02 1.188800160000000000e+02
6.652514838473701200e-02 1.025746015624999900e+03 2.222484080000000100e+02 1.283222375000000100e+03 1.032661120000000100e+02 -2.574763593750000200e+02 1.189822960000000100e+02
6.733222467704280700e-02 1.025745343750000100e+03 2.223611760000000000e+02 1.283231250000000000e+03 1.032524400000000100e+02 -2.574859062500000300e+02 1.191087359999999900e+02
6.766432225340307500e-02 1.025746171875000100e+03 2.224062559999999800e+02 1.283228875000000000e+03 1.032465440000000000e+02 -2.574827031250000000e+02 1.191597120000000000e+02
6.767157902793279100e-02 1.025743218750000100e+03 2.224069600000000000e+02 1.283226000000000100e+03 1.032461680000000000e+02 -2.574827812500000200e+02 1.191607920000000000e+02
6.768789978399963900e-02 1.025740796874999900e+03 2.224089199999999900e+02 1.283222125000000000e+03 1.032455360000000000e+02 -2.574813281250000000e+02 1.191633839999999900e+02
6.772462614290007700e-02 1.025735453125000000e+03 2.224126160000000100e+02 1.283211125000000000e+03 1.032437039999999900e+02 -2.574756718749999900e+02 1.191689120000000100e+02
6.780726394373856600e-02 1.025731124999999800e+03 2.224175920000000100e+02 1.283172624999999900e+03 1.032368160000000000e+02 -2.574415000000000200e+02 1.191807759999999900e+02
6.799319200900012800e-02 1.025738203124999900e+03 2.224088960000000000e+02 1.282991749999999900e+03 1.032049600000000000e+02 -2.572535468749999800e+02 1.192039360000000000e+02
6.841152782696362200e-02 1.025751281249999900e+03 2.224411680000000000e+02 1.282836125000000000e+03 1.031760240000000000e+02 -2.570848437500000000e+02 1.192651440000000100e+02
6.935278923956902900e-02 1.025746015624999900e+03 2.225486960000000100e+02 1.282656874999999900e+03 1.031484399999999900e+02 -2.569108593749999700e+02 1.194002560000000000e+02
7.000000223572001900e-02 1.025745468749999900e+03 2.226195040000000100e+02 1.282522375000000000e+03 1.031300720000000000e+02 -2.567769062500000200e+02 1.194894319999999900e+02
