0.000000000000000000e+00 0.000000000000000000e+00 0.000000000000000000e+00 0.000000000000000000e+00 0.000000000000000000e+00 0.000000000000000000e+00 0.000000000000000000e+00
-1.688296569592884900e-08 2.148638562500000300e+03 -5.936523437500001000e-05 1.288201250000000100e+03 -9.797167968750000600e-04 8.604373124999999600e+02 9.203515625000000500e-04
1.399983416546832000e-03 2.148636875000000100e+03 5.845034600000000300e+01 1.287732999999999900e+03 2.482888200000000000e+01 8.609038749999999700e+02 3.362146400000000300e+01
2.843733672257308200e-03 2.148631562500000200e+03 1.171264080000000000e+02 1.283311875000000100e+03 4.904337600000000200e+01 8.653196874999999900e+02 6.808303200000000300e+01
3.655843245677459000e-03 2.148635250000000300e+03 1.491913600000000000e+02 1.278289000000000000e+03 6.151812000000000300e+01 8.703462500000000500e+02 8.767324000000000700e+01
3.770046327285859900e-03 2.148639437500000000e+03 1.536639720000000000e+02 1.277600500000000000e+03 6.321425200000000200e+01 8.710389374999999700e+02 9.044971999999999900e+01
3.886844648983015700e-03 2.148639937500000100e+03 1.582043320000000200e+02 1.277123624999999900e+03 6.486672400000000500e+01 8.715163125000000300e+02 9.333760800000000300e+01
4.031382783137543600e-03 2.148638375000000000e+03 1.638020559999999900e+02 1.276657500000000000e+03 6.686003999999999800e+01 8.719808749999999700e+02 9.694201599999999500e+01
4.179205795493027400e-03 2.148638437499999800e+03 1.694961999999999900e+02 1.276363000000000100e+03 6.884105599999999500e+01 8.722754374999999500e+02 1.006551440000000100e+02
4.362136889726688100e-03 2.148639250000000200e+03 1.765038400000000000e+02 1.276200250000000100e+03 7.122689599999999600e+01 8.724389999999999600e+02 1.052769440000000000e+02
4.408908850980766300e-03 2.148643000000000000e+03 1.782874479999999800e+02 1.276186375000000000e+03 7.182719199999999700e+01 8.724566250000000300e+02 1.064602560000000000e+02
4.514146054911817400e-03 2.148645562499999900e+03 1.822705920000000200e+02 1.276259624999999900e+03 7.314236800000000500e+01 8.723859374999999500e+02 1.091282240000000000e+02
4.573342273232410000e-03 2.148651937499999800e+03 1.844755999999999900e+02 1.276511250000000000e+03 7.382480800000000400e+01 8.721406875000000100e+02 1.106507920000000000e+02
4.706532963902959400e-03 2.148652500000000100e+03 1.893725920000000000e+02 1.277657125000000000e+03 7.522168800000000000e+01 8.709953749999999700e+02 1.141509040000000000e+02
4.871356763828077500e-03 2.148682249999999800e+03 1.949118640000000100e+02 1.283683375000000100e+03 7.593906400000000200e+01 8.649988750000000000e+02 1.189728000000000100e+02
5.039926559206039200e-03 2.148611125000000400e+03 2.009906720000000200e+02 1.286834125000000100e+03 7.743018399999999700e+01 8.617770000000000400e+02 1.235604880000000100e+02
5.419208889915830300e-03 2.148645062499999800e+03 2.143169280000000200e+02 1.295416250000000000e+03 8.046464799999999700e+01 8.532288125000000000e+02 1.338522800000000100e+02
5.888570359338334400e-03 2.148643875000000200e+03 2.307081680000000000e+02 1.306212500000000100e+03 8.420882400000000700e+01 8.424313750000000000e+02 1.464993440000000100e+02
6.152586185888493700e-03 2.148636625000000100e+03 2.398047359999999900e+02 1.312588874999999900e+03 8.622707200000000700e+01 8.360477499999999500e+02 1.535776640000000000e+02
6.422602358900729800e-03 2.148639750000000300e+03 2.490083680000000200e+02 1.319691000000000000e+03 8.820715199999999400e+01 8.289487500000000200e+02 1.608012160000000100e+02
7.030138311514196400e-03 2.148638187499999700e+03 2.690683200000000300e+02 1.340693874999999900e+03 9.224188800000000300e+01 8.079443125000000200e+02 1.768264320000000100e+02
7.781964955312428700e-03 2.148642625000000000e+03 2.935960400000000200e+02 1.365833500000000000e+03 9.699648799999999900e+01 7.828091249999999900e+02 1.965995519999999900e+02
8.550877972836896200e-03 2.148640812499999800e+03 3.182693120000000100e+02 1.391927500000000000e+03 1.015946720000000000e+02 7.567133125000000300e+02 2.166746400000000100e+02
8.983391981858475000e-03 2.148640312500000200e+03 3.318966159999999900e+02 1.407331625000000000e+03 1.039747600000000000e+02 7.413086875000000200e+02 2.279218559999999900e+02
9.226680820823736400e-03 2.148643437499999900e+03 3.394945119999999900e+02 1.416287499999999900e+03 1.052227360000000000e+02 7.323559374999999800e+02 2.342717759999999900e+02
9.363530756353022000e-03 2.148643937500000000e+03 3.437399199999999800e+02 1.421571375000000000e+03 1.058626400000000000e+02 7.270725625000000000e+02 2.378772800000000100e+02
9.440508808699574600e-03 2.148694125000000000e+03 3.460458719999999700e+02 1.425265374999999900e+03 1.060087520000000000e+02 7.234287500000000400e+02 2.400371199999999900e+02
9.613709572034005000e-03 2.148706562500000000e+03 3.510836560000000200e+02 1.438539874999999900e+03 1.053819600000000100e+02 7.101666874999999700e+02 2.457016960000000000e+02
1.000341128953647300e-02 2.148634375000000100e+03 3.630848720000000200e+02 1.456736000000000100e+03 1.067756239999999900e+02 6.918983749999999900e+02 2.563092480000000300e+02
1.088024088169046700e-02 2.148638750000000100e+03 3.897572320000000400e+02 1.495793750000000000e+03 1.104440160000000000e+02 6.528450000000000300e+02 2.793132160000000100e+02
1.285310659070882700e-02 2.148638625000000000e+03 4.482870639999999900e+02 1.580177124999999900e+03 1.186877360000000000e+02 5.684615000000000000e+02 3.295993280000000100e+02
1.396284347925430900e-02 2.148635874999999900e+03 4.801252080000000400e+02 1.629851249999999900e+03 1.231903279999999900e+02 5.187846250000000100e+02 3.569348800000000200e+02
1.645975147848164100e-02 2.148634312499999900e+03 5.435495519999999500e+02 1.777027624999999900e+03 1.342356959999999900e+02 3.716066875000000200e+02 4.093138559999999900e+02
1.720882480979984600e-02 2.148632999999999800e+03 5.606119840000000100e+02 1.826488499999999900e+03 1.375570720000000100e+02 3.221444999999999900e+02 4.230549120000000000e+02
1.755995162386306300e-02 2.148638531250000100e+03 5.680631200000000300e+02 1.849067125000000000e+03 1.390711839999999900e+02 2.995714062500000000e+02 4.289919360000000100e+02
1.766858199868301400e-02 2.148641406249999800e+03 5.702659840000000000e+02 1.855844000000000100e+03 1.395259839999999900e+02 2.927974062499999900e+02 4.307400000000000100e+02
1.768385825430808500e-02 2.148646218750000100e+03 5.705723040000000300e+02 1.856790999999999900e+03 1.395896799999999900e+02 2.918552187500000100e+02 4.309826239999999900e+02
1.769948151230958000e-02 2.148698843749999900e+03 5.708810240000000200e+02 1.857784375000000000e+03 1.396563520000000000e+02 2.909144687500000300e+02 4.312246720000000000e+02
1.773463471614106600e-02 2.148595812499999700e+03 5.715816159999999400e+02 1.859906874999999900e+03 1.397991519999999900e+02 2.886889375000000100e+02 4.317824640000000000e+02
1.781372680477752800e-02 2.148640468749999900e+03 5.731755200000000100e+02 1.864858375000000000e+03 1.401334400000000100e+02 2.837820937500000000e+02 4.330420800000000000e+02
1.799168662419395000e-02 2.148641718750000100e+03 5.766186079999999900e+02 1.875785875000000000e+03 1.408702879999999900e+02 2.728558437500000200e+02 4.357483199999999800e+02
1.839209476233402300e-02 2.148638671875000000e+03 5.840556799999999400e+02 1.899812625000000000e+03 1.425124480000000100e+02 2.488260468750000000e+02 4.415432319999999900e+02
1.929301190871167800e-02 2.148636812499999900e+03 5.987996319999999700e+02 1.952548375000000100e+03 1.460843999999999900e+02 1.960884375000000000e+02 4.527152320000000100e+02
2.132007752582703800e-02 2.148638578125000100e+03 6.253317119999999200e+02 2.059128000000000200e+03 1.533791679999999900e+02 8.951057812499999500e+01 4.719525439999999900e+02
2.588097661988348100e-02 2.148637914062499900e+03 6.618795680000000600e+02 2.245526499999999900e+03 1.659027360000000000e+02 -9.688858593749999700e+01 4.959768320000000000e+02
2.844648163251678800e-02 2.148637218749999600e+03 6.745906880000000000e+02 2.326954249999999800e+03 1.709410880000000100e+02 -1.783170312500000100e+02 5.036496000000000200e+02
2.864490644107953900e-02 2.148637515625000100e+03 6.754499519999999400e+02 2.332707500000000000e+03 1.712868159999999900e+02 -1.840699843749999900e+02 5.041631360000000100e+02
2.875652010478670800e-02 2.148638171874999900e+03 6.759259999999999300e+02 2.335898499999999800e+03 1.714783200000000000e+02 -1.872603281250000000e+02 5.044476799999999900e+02
2.881930424616887400e-02 2.148641921874999800e+03 6.761898400000000000e+02 2.337682749999999900e+03 1.715850720000000000e+02 -1.890408281249999900e+02 5.046047679999999800e+02
2.885461930681352100e-02 2.148652312499999900e+03 6.763349599999999100e+02 2.338688749999999800e+03 1.716456479999999900e+02 -1.900364375000000100e+02 5.046893119999999700e+02
2.886364835522550400e-02 2.148664749999999900e+03 6.763712319999999600e+02 2.338951250000000100e+03 1.716615679999999900e+02 -1.902864999999999900e+02 5.047096639999999800e+02
2.886872763162131100e-02 2.148680296874999800e+03 6.763912639999999800e+02 2.339104499999999900e+03 1.716708160000000000e+02 -1.904242031249999900e+02 5.047204479999999800e+02
2.887158516125801600e-02 2.148696906249999800e+03 6.764023680000000200e+02 2.339195999999999900e+03 1.716762880000000000e+02 -1.904990937499999900e+02 5.047260800000000200e+02
2.887319208501459800e-02 2.148711046875000200e+03 6.764085760000000400e+02 2.339250750000000200e+03 1.716795200000000000e+02 -1.905397031249999900e+02 5.047290560000000100e+02
2.887680882790441200e-02 2.149247203124999900e+03 6.763787680000000400e+02 2.339641250000000100e+03 1.716715040000000000e+02 -1.903940468749999900e+02 5.047072640000000100e+02
2.888494358831273200e-02 2.150099281250000300e+03 6.762212480000000600e+02 2.340411500000000200e+03 1.716056000000000100e+02 -1.903122187500000000e+02 5.046156480000000200e+02
2.890324854588770600e-02 2.148608437500000000e+03 6.763477440000000300e+02 2.340105000000000000e+03 1.716660799999999900e+02 -1.914965625000000100e+02 5.046816640000000100e+02
2.894443702930641800e-02 2.148270562499999900e+03 6.765435039999999800e+02 2.340986500000000000e+03 1.717803999999999900e+02 -1.927159375000000000e+02 5.047631040000000000e+02
2.903710762368599500e-02 2.148648796874999800e+03 6.769848480000000600e+02 2.343790000000000000e+03 1.719694240000000000e+02 -1.951412031250000000e+02 5.050154240000000000e+02
2.924561878991505800e-02 2.148647843750000000e+03 6.778187679999999800e+02 2.349490249999999800e+03 1.723220959999999900e+02 -2.008424062500000100e+02 5.054966719999999900e+02
2.927494165516016100e-02 2.148674890625000000e+03 6.779255359999999700e+02 2.350285500000000000e+03 1.723722880000000000e+02 -2.016106093750000000e+02 5.055532480000000000e+02
2.929143474797771600e-02 2.148843531250000100e+03 6.779651519999999900e+02 2.350830500000000000e+03 1.723981120000000000e+02 -2.019869687499999900e+02 5.055670400000000200e+02
2.932854537125472200e-02 2.148654203125000100e+03 6.780319680000000100e+02 2.351633249999999900e+03 1.724477760000000000e+02 -2.029790468749999900e+02 5.055841919999999700e+02
2.941204252697172900e-02 2.148555656249999600e+03 6.783518560000000000e+02 2.353724499999999800e+03 1.725979360000000000e+02 -2.051688437500000100e+02 5.057539199999999900e+02
2.951537238226996700e-02 2.148675406249999900e+03 6.787250400000000400e+02 2.356395750000000100e+03 1.727723680000000000e+02 -2.077203437500000100e+02 5.059526720000000100e+02
2.957349411588303500e-02 2.148649234375000100e+03 6.789265920000000300e+02 2.357817250000000100e+03 1.728672960000000100e+02 -2.091680156250000100e+02 5.060592960000000200e+02
2.963293865050151800e-02 2.148655843750000300e+03 6.791172320000000600e+02 2.359315500000000200e+03 1.729681440000000000e+02 -2.106596562500000100e+02 5.061490880000000100e+02
2.976668594229934700e-02 2.148630468750000100e+03 6.796112799999999700e+02 2.362629250000000000e+03 1.731875359999999900e+02 -2.139987812500000100e+02 5.064237440000000000e+02
3.006762084215697600e-02 2.148638953125000200e+03 6.806777600000000300e+02 2.369877250000000000e+03 1.736600640000000100e+02 -2.212382968750000000e+02 5.070176960000000000e+02
3.074472262018038500e-02 2.148639156250000300e+03 6.828365440000000000e+02 2.384725750000000100e+03 1.745945920000000100e+02 -2.360865937499999900e+02 5.082419520000000300e+02
3.095420026953840700e-02 2.148673218750000200e+03 6.832819200000000100e+02 2.388332249999999900e+03 1.747596480000000000e+02 -2.396590312500000000e+02 5.085222719999999900e+02
3.104793050204732500e-02 2.148622562500000200e+03 6.834940799999999400e+02 2.389795500000000200e+03 1.748563519999999900e+02 -2.411729374999999900e+02 5.086377279999999800e+02
3.105546208382817600e-02 2.148615343749999700e+03 6.835102400000000700e+02 2.389912499999999900e+03 1.748633600000000000e+02 -2.412971562500000000e+02 5.086468800000000100e+02
3.107240697839758200e-02 2.149922390624999900e+03 6.831460959999999400e+02 2.390348750000000100e+03 1.746621280000000000e+02 -2.404263593750000000e+02 5.084839680000000000e+02
3.108194139268663500e-02 2.149452890624999800e+03 6.830808799999999800e+02 2.390213249999999800e+03 1.745963999999999900e+02 -2.407603593750000100e+02 5.084844800000000200e+02
3.108730246295859200e-02 2.149210156249999700e+03 6.830977439999999200e+02 2.390204749999999900e+03 1.745928480000000000e+02 -2.409945937500000100e+02 5.085048959999999700e+02
3.109393742786077000e-02 2.149657703125000400e+03 6.829976480000000300e+02 2.390431750000000200e+03 1.745303519999999900e+02 -2.407740468750000100e+02 5.084672959999999800e+02
3.109936603550800600e-02 2.153399765624999900e+03 6.822282880000000200e+02 2.391580250000000000e+03 1.741455359999999900e+02 -2.381804843749999900e+02 5.080827520000000300e+02
3.110615237728580100e-02 2.151741687499999900e+03 6.818506560000000700e+02 2.390569750000000100e+03 1.738519680000000000e+02 -2.388280624999999900e+02 5.079986880000000200e+02
3.112142281072334900e-02 2.147957093750000200e+03 6.823278560000000000e+02 2.389373250000000100e+03 1.740449439999999900e+02 -2.414161562500000000e+02 5.082829120000000100e+02
3.115577837486406900e-02 2.146421390625000200e+03 6.827038559999999700e+02 2.389859250000000000e+03 1.741685280000000100e+02 -2.434378593749999900e+02 5.085353279999999900e+02
3.123307839418068900e-02 2.148784234375000300e+03 6.832867200000000600e+02 2.393244250000000200e+03 1.744301120000000100e+02 -2.444600156250000100e+02 5.088566079999999900e+02
3.140700343764308400e-02 2.148655874999999900e+03 6.838651360000000100e+02 2.395433000000000000e+03 1.747751519999999900e+02 -2.467771250000000100e+02 5.090899840000000200e+02
3.179833594987098400e-02 2.148647968750000000e+03 6.851727039999999500e+02 2.402182249999999800e+03 1.754580479999999900e+02 -2.535342812499999900e+02 5.097146559999999900e+02
3.228261153485458000e-02 2.148627937500000400e+03 6.865201120000000400e+02 2.411221750000000200e+03 1.759883680000000100e+02 -2.625938125000000100e+02 5.105317440000000000e+02
3.277789105425824000e-02 2.148637906250000000e+03 6.879376640000000400e+02 2.421110499999999800e+03 1.765867839999999900e+02 -2.724725937499999900e+02 5.113508800000000200e+02
3.293111938551086800e-02 2.148634937500000000e+03 6.883564320000000400e+02 2.424148999999999900e+03 1.767603360000000000e+02 -2.755140625000000200e+02 5.115960959999999900e+02
3.301730872073889400e-02 2.148636625000000100e+03 6.885848640000000400e+02 2.425815000000000100e+03 1.768539199999999900e+02 -2.771783750000000200e+02 5.117309440000000200e+02
3.306579124068748100e-02 2.148628499999999800e+03 6.887061599999999500e+02 2.426727249999999900e+03 1.769033760000000100e+02 -2.780987500000000000e+02 5.118027839999999700e+02
3.309306236704918200e-02 2.148630562500000000e+03 6.887716960000000200e+02 2.427227500000000000e+03 1.769297760000000000e+02 -2.785969375000000200e+02 5.118419200000000200e+02
3.312095297416342600e-02 2.148674562499999900e+03 6.888083040000000200e+02 2.427606499999999900e+03 1.769405920000000100e+02 -2.789319375000000000e+02 5.118677119999999800e+02
3.318370916904547100e-02 2.148619249999999700e+03 6.889448800000000100e+02 2.428665000000000000e+03 1.769966560000000000e+02 -2.800457500000000000e+02 5.119482239999999800e+02
3.332490653199882100e-02 2.148638781249999700e+03 6.892369600000000700e+02 2.431075249999999900e+03 1.771182399999999900e+02 -2.824364687500000200e+02 5.121187200000000500e+02
3.364260234530009500e-02 2.148636875000000100e+03 6.900155839999999900e+02 2.437133499999999900e+03 1.774389760000000000e+02 -2.884966249999999900e+02 5.125766079999999600e+02
3.382130624028206700e-02 2.148640812500000300e+03 6.904162399999999000e+02 2.440440500000000200e+03 1.775982239999999900e+02 -2.917996875000000000e+02 5.128180159999999400e+02
3.422339116842901300e-02 2.148639531249999900e+03 6.912496320000000200e+02 2.447367249999999800e+03 1.779121280000000000e+02 -2.987277187500000100e+02 5.133375039999999700e+02
3.472096928746708900e-02 2.148637125000000200e+03 6.923793600000000200e+02 2.456590250000000200e+03 1.783972479999999900e+02 -3.079531250000000000e+02 5.139821120000000300e+02
3.500085581498850500e-02 2.148629875000000100e+03 6.929979839999999700e+02 2.461786250000000100e+03 1.786625600000000100e+02 -3.131563750000000300e+02 5.143354239999999900e+02
3.515829475225838000e-02 2.148637250000000200e+03 6.933360960000000000e+02 2.464697000000000100e+03 1.788081919999999900e+02 -3.160597500000000100e+02 5.145279040000000400e+02
3.531930851266788800e-02 2.148646062500000000e+03 6.935954560000000100e+02 2.467351999999999900e+03 1.789033599999999900e+02 -3.187059375000000000e+02 5.146920959999999900e+02
3.540988079066387900e-02 2.148644499999999900e+03 6.937050720000000900e+02 2.468754250000000000e+03 1.789304160000000100e+02 -3.201097500000000200e+02 5.147746560000000500e+02
3.561366434062357400e-02 2.148644125000000300e+03 6.940501600000000100e+02 2.472241500000000100e+03 1.790585440000000100e+02 -3.235973750000000000e+02 5.149916160000000200e+02
3.607218023912665100e-02 2.148640124999999900e+03 6.950340160000000700e+02 2.480414249999999800e+03 1.795069120000000000e+02 -3.317741250000000300e+02 5.155271040000000100e+02
3.633009615980807600e-02 2.148637687500000100e+03 6.955530720000000400e+02 2.484767499999999900e+03 1.797455840000000100e+02 -3.361298125000000100e+02 5.158074880000000300e+02
3.664926615099040100e-02 2.148632343750000000e+03 6.961706400000000500e+02 2.489841750000000000e+03 1.800489440000000100e+02 -3.412094062499999700e+02 5.161216960000000400e+02
3.673087226019965100e-02 2.148636500000000100e+03 6.963269920000000200e+02 2.491050999999999900e+03 1.801378400000000100e+02 -3.424144999999999800e+02 5.161891520000000400e+02
3.677677438663767100e-02 2.148647437500000300e+03 6.964079840000000600e+02 2.491659500000000200e+03 1.801896160000000000e+02 -3.430120625000000100e+02 5.162183680000000500e+02
3.680259462386843000e-02 2.148655000000000200e+03 6.964482880000000500e+02 2.491985000000000100e+03 1.802165440000000000e+02 -3.433299999999999800e+02 5.162317440000000500e+02
3.681711981730292200e-02 2.148668750000000300e+03 6.964661120000000700e+02 2.492170500000000200e+03 1.802286400000000100e+02 -3.435017500000000200e+02 5.162374720000000300e+02
3.682528951083639100e-02 2.148697000000000100e+03 6.964709920000000200e+02 2.492285249999999900e+03 1.802322399999999900e+02 -3.435882500000000200e+02 5.162387519999999800e+02
3.683539915725279200e-02 2.148867312500000000e+03 6.964405279999999700e+02 2.492511500000000100e+03 1.802125279999999900e+02 -3.436441874999999900e+02 5.162279999999999500e+02
3.683798420851338400e-02 2.148993843750000000e+03 6.964175040000000100e+02 2.492617999999999900e+03 1.801980480000000000e+02 -3.436241562500000000e+02 5.162194560000000400e+02
3.683943742651933600e-02 2.149123499999999700e+03 6.963953119999999900e+02 2.492711499999999900e+03 1.801844000000000100e+02 -3.435880000000000200e+02 5.162109120000000100e+02
3.684123764690171200e-02 2.149624406250000000e+03 6.963212159999999400e+02 2.493021499999999800e+03 1.801406399999999900e+02 -3.433970937500000100e+02 5.161805759999999700e+02
3.684307745815924900e-02 2.150917968750000000e+03 6.961376000000000200e+02 2.493861750000000000e+03 1.800237760000000000e+02 -3.429437812499999700e+02 5.161138240000000200e+02
3.684721819792621100e-02 2.150754343749999900e+03 6.960138240000000000e+02 2.493962500000000100e+03 1.799178560000000000e+02 -3.432081562500000000e+02 5.160959679999999700e+02
3.685653602683937300e-02 2.149152125000000100e+03 6.961397759999999800e+02 2.493120750000000000e+03 1.799847039999999900e+02 -3.439686249999999700e+02 5.161550720000000200e+02
3.687749590192522500e-02 2.148577093750000100e+03 6.962560639999999200e+02 2.493208250000000100e+03 1.800343680000000000e+02 -3.446311562500000000e+02 5.162216959999999500e+02
3.692466027861841100e-02 2.147968625000000000e+03 6.964877920000000100e+02 2.493502000000000000e+03 1.801715680000000100e+02 -3.455333749999999800e+02 5.163162240000000300e+02
3.703078245505308400e-02 2.148736812499999800e+03 6.967658559999999900e+02 2.495251749999999900e+03 1.803727680000000100e+02 -3.465149374999999700e+02 5.163930880000000300e+02
3.726955036540608600e-02 2.148641093750000000e+03 6.971724800000000600e+02 2.498045250000000100e+03 1.806711040000000100e+02 -3.494041562500000300e+02 5.165013760000000500e+02
3.756502871111636100e-02 2.148643937500000000e+03 6.976811040000000000e+02 2.501850250000000000e+03 1.810115999999999900e+02 -3.532063125000000200e+02 5.166695039999999600e+02
3.764057741642580500e-02 2.148687156250000000e+03 6.977684160000000000e+02 2.502867999999999900e+03 1.810585920000000000e+02 -3.541808437500000100e+02 5.167098240000000300e+02
3.781056200337206500e-02 2.148432093749999700e+03 6.978627679999999600e+02 2.505614999999999800e+03 1.809979679999999900e+02 -3.571829062499999700e+02 5.168647999999999500e+02
3.819302383068862900e-02 2.148645406250000200e+03 6.985488159999999900e+02 2.509722000000000200e+03 1.815815839999999900e+02 -3.610765937499999700e+02 5.169672319999999700e+02
3.831134931217328900e-02 2.148642625000000000e+03 6.987344640000000000e+02 2.510957500000000000e+03 1.817333759999999900e+02 -3.623148749999999700e+02 5.170010879999999800e+02
3.837790623107090900e-02 2.148648312500000000e+03 6.988359040000000300e+02 2.511659000000000100e+03 1.818144320000000100e+02 -3.630106875000000200e+02 5.170214720000000200e+02
3.844597691872472800e-02 2.148660843750000400e+03 6.989245120000000500e+02 2.512371500000000200e+03 1.818850880000000000e+02 -3.637106562500000000e+02 5.170394240000000500e+02
3.846703693543598200e-02 2.148703156249999700e+03 6.989392480000000200e+02 2.512635499999999900e+03 1.818962080000000000e+02 -3.639323437499999700e+02 5.170430400000000200e+02
3.847888159373449900e-02 2.148801625000000100e+03 6.989301280000000800e+02 2.512856000000000200e+03 1.818880480000000000e+02 -3.640543749999999900e+02 5.170420800000000600e+02
3.849099640153412500e-02 2.149356718750000300e+03 6.988270400000000100e+02 2.513447250000000200e+03 1.818072640000000000e+02 -3.640905312500000300e+02 5.170197759999999800e+02
3.851825588352077900e-02 2.148593406249999600e+03 6.989247359999999400e+02 2.513297999999999800e+03 1.818650560000000100e+02 -3.647045937500000200e+02 5.170596799999999600e+02
3.857958680689699300e-02 2.148398812500000100e+03 6.990649760000000000e+02 2.513761000000000000e+03 1.819763680000000100e+02 -3.653621875000000000e+02 5.170886080000000200e+02
3.871758662446223700e-02 2.148673499999999900e+03 6.992880800000000400e+02 2.515336249999999800e+03 1.821600160000000100e+02 -3.666627500000000200e+02 5.171280639999999900e+02
3.888835837116171700e-02 2.148648874999999900e+03 6.995182879999999800e+02 2.517297000000000000e+03 1.823218720000000100e+02 -3.686481249999999900e+02 5.171964160000000000e+02
3.898441747868017900e-02 2.148685093750000300e+03 6.996225120000000300e+02 2.518572000000000100e+03 1.823786399999999900e+02 -3.698869062499999800e+02 5.172438720000000100e+02
3.900897779453078200e-02 2.148746468750000100e+03 6.996310240000000200e+02 2.518991750000000100e+03 1.823733599999999900e+02 -3.702452812500000100e+02 5.172576639999999800e+02
3.906423966963212800e-02 2.148173406250000000e+03 6.991547839999999500e+02 2.521167250000000000e+03 1.817841919999999900e+02 -3.729938437500000000e+02 5.173705919999999900e+02
3.918857597751640400e-02 2.148472937499999700e+03 6.995997120000000700e+02 2.522746749999999800e+03 1.820785600000000100e+02 -3.742738125000000200e+02 5.175211520000000300e+02
3.934244474939665300e-02 2.148685750000000100e+03 6.998331359999999700e+02 2.524408250000000000e+03 1.822545759999999900e+02 -3.757225000000000300e+02 5.175785600000000400e+02
3.942899971800118600e-02 2.148712843750000000e+03 6.999007040000000200e+02 2.525532999999999900e+03 1.822756160000000100e+02 -3.768201562500000300e+02 5.176250880000000100e+02
3.945112868834182300e-02 2.148788625000000100e+03 6.998984160000000000e+02 2.525960250000000100e+03 1.822539040000000100e+02 -3.771716250000000100e+02 5.176445119999999600e+02
3.950092003604577200e-02 2.148833749999999800e+03 6.998077280000000000e+02 2.527360999999999900e+03 1.820727840000000100e+02 -3.785272499999999800e+02 5.177349440000000400e+02
3.956253741104815600e-02 2.148375562499999900e+03 6.998578560000000800e+02 2.528180750000000000e+03 1.820332160000000100e+02 -3.798051874999999900e+02 5.178246400000000400e+02
3.959719572894011100e-02 2.148376031249999900e+03 6.999164480000000600e+02 2.528649750000000000e+03 1.820472320000000100e+02 -3.802737187500000000e+02 5.178692160000000500e+02
3.963264120658530100e-02 2.148498250000000100e+03 6.999856160000000500e+02 2.529034250000000200e+03 1.820843360000000100e+02 -3.805360000000000000e+02 5.179012800000000400e+02
3.965258103441697500e-02 2.151567375000000100e+03 6.992041759999999600e+02 2.528143750000000200e+03 1.817739359999999900e+02 -3.765763749999999800e+02 5.174302400000000300e+02
3.966379689646291200e-02 2.150265906249999700e+03 6.990958239999999900e+02 2.527115499999999900e+03 1.816931999999999900e+02 -3.768495937500000000e+02 5.174026239999999500e+02
3.968903258606628500e-02 2.147520312499999800e+03 6.994124159999998900e+02 2.526602249999999900e+03 1.817566400000000000e+02 -3.790819374999999800e+02 5.176557759999999500e+02
3.974581055879884700e-02 2.147731156249999900e+03 6.997051199999999700e+02 2.528124249999999800e+03 1.818364479999999900e+02 -3.803930937499999900e+02 5.178686719999999500e+02
3.987356798407214200e-02 2.148844250000000100e+03 6.999200319999999900e+02 2.529842999999999800e+03 1.819913280000000100e+02 -3.809987499999999700e+02 5.179287040000000400e+02
4.016101171099950600e-02 2.148663187500000300e+03 7.002459040000000000e+02 2.532640750000000000e+03 1.820947040000000100e+02 -3.839775624999999800e+02 5.181512000000000200e+02
4.032270084516178400e-02 2.148673250000000300e+03 7.004272639999999200e+02 2.534826750000000200e+03 1.820913280000000000e+02 -3.861535000000000100e+02 5.183359359999999500e+02
4.052279312823136400e-02 2.148611781250000100e+03 7.005821440000000800e+02 2.537627000000000000e+03 1.819927360000000100e+02 -3.890152187499999700e+02 5.185894080000000500e+02
4.057395385444091700e-02 2.148554906250000400e+03 7.006451680000000100e+02 2.538137250000000200e+03 1.820130080000000100e+02 -3.895823437500000100e+02 5.186321600000000000e+02
4.062431344764719200e-02 2.148604031249999900e+03 7.006645120000000600e+02 2.538553249999999900e+03 1.820122880000000100e+02 -3.899492187500000000e+02 5.186522240000000500e+02
4.064049912896348200e-02 2.148733281249999900e+03 7.006417279999999400e+02 2.538722249999999800e+03 1.819919040000000100e+02 -3.899889687500000300e+02 5.186498239999999700e+02
4.067692273411267800e-02 2.148591656250000100e+03 7.006103679999999900e+02 2.538881500000000000e+03 1.819599360000000000e+02 -3.902898437499999900e+02 5.186504320000000200e+02
4.075886653019832100e-02 2.148595531250000000e+03 7.007550559999999700e+02 2.539568749999999900e+03 1.820519840000000000e+02 -3.909732187500000000e+02 5.187030720000000200e+02
4.080496428213713200e-02 2.148688593749999700e+03 7.007871040000000000e+02 2.540043749999999800e+03 1.820612800000000100e+02 -3.913551562499999900e+02 5.187258239999999900e+02
4.090867840181194900e-02 2.148627281250000100e+03 7.008897919999999400e+02 2.540971500000000100e+03 1.821029440000000100e+02 -3.923442187499999800e+02 5.187868479999999600e+02
4.114203633551778000e-02 2.148637000000000200e+03 7.012007680000000400e+02 2.543067000000000000e+03 1.822796160000000000e+02 -3.944300000000000100e+02 5.189211520000000100e+02
4.166709052191840100e-02 2.148645593750000000e+03 7.018545119999998900e+02 2.548868250000000000e+03 1.824974560000000000e+02 -4.002226562500000000e+02 5.193570559999999400e+02
4.231684664957981200e-02 2.148625218749999900e+03 7.026122400000000400e+02 2.556075750000000000e+03 1.827767519999999900e+02 -4.074505312499999800e+02 5.198354880000000500e+02
4.248297927726028100e-02 2.148632000000000100e+03 7.027707520000000200e+02 2.557598000000000000e+03 1.828507200000000000e+02 -4.089660000000000100e+02 5.199200319999999900e+02
4.285677303179134100e-02 2.148640218749999800e+03 7.031992480000000100e+02 2.561478999999999800e+03 1.830649760000000000e+02 -4.128387812500000100e+02 5.201342720000000100e+02
4.331934350168603600e-02 2.148634843750000100e+03 7.036883839999999300e+02 2.566202499999999900e+03 1.833166080000000000e+02 -4.175676562500000300e+02 5.203717759999999500e+02
4.338439363845247900e-02 2.148629531250000100e+03 7.037494400000000500e+02 2.566837500000000100e+03 1.833476479999999900e+02 -4.182079687500000200e+02 5.204017920000000000e+02
4.345092028197497500e-02 2.148624093750000200e+03 7.037370399999999800e+02 2.567440500000000200e+03 1.833221920000000000e+02 -4.188164062500000000e+02 5.204148480000000100e+02
4.360060639433809000e-02 2.148617468750000200e+03 7.038612640000000100e+02 2.568829000000000200e+03 1.833890399999999900e+02 -4.202115312500000100e+02 5.204722239999999800e+02
4.393740364046760900e-02 2.148643374999999700e+03 7.042408000000000400e+02 2.572052749999999800e+03 1.836198080000000100e+02 -4.234093750000000100e+02 5.206209920000000000e+02
4.435418842767475900e-02 2.148634625000000100e+03 7.046816959999999900e+02 2.575784250000000200e+03 1.838676480000000000e+02 -4.271496250000000100e+02 5.208140479999999600e+02
4.446075309036124500e-02 2.148638687499999800e+03 7.047967519999999700e+02 2.576744499999999800e+03 1.839333920000000000e+02 -4.281058125000000100e+02 5.208633599999999400e+02
4.456565027854091100e-02 2.148636968750000100e+03 7.048987039999999500e+02 2.577616000000000000e+03 1.839877280000000000e+02 -4.289790312499999900e+02 5.209109760000000100e+02
4.459936773092901300e-02 2.148635031249999900e+03 7.049177119999999400e+02 2.577818749999999900e+03 1.839941279999999900e+02 -4.291837187500000300e+02 5.209235840000000100e+02
4.467523316323975700e-02 2.148631249999999900e+03 7.049872639999999800e+02 2.578415250000000000e+03 1.840279999999999900e+02 -4.297839999999999900e+02 5.209592639999999600e+02
4.469870356558589700e-02 2.148628718749999700e+03 7.050034080000000400e+02 2.578570749999999900e+03 1.840336159999999900e+02 -4.299420312500000100e+02 5.209697919999999800e+02
4.472270960918422300e-02 2.148687156250000000e+03 7.049781600000000000e+02 2.578684499999999800e+03 1.840053279999999900e+02 -4.299973437500000300e+02 5.209728320000000400e+02
4.477671622065543300e-02 2.148606031249999900e+03 7.049908799999999500e+02 2.578870500000000000e+03 1.839995519999999900e+02 -4.302644687499999900e+02 5.209913279999999500e+02
4.489823691865318200e-02 2.148646843750000200e+03 7.051367360000000400e+02 2.579920500000000200e+03 1.840780800000000000e+02 -4.312736562499999900e+02 5.210586560000000400e+02
4.517165616027311200e-02 2.148636156249999700e+03 7.054214079999999300e+02 2.582374249999999800e+03 1.842290240000000100e+02 -4.337380937500000200e+02 5.211923839999999500e+02
4.578685178279295200e-02 2.148638906250000200e+03 7.060531200000000400e+02 2.588199750000000200e+03 1.845476160000000000e+02 -4.395608437500000000e+02 5.215055039999999700e+02
4.654815636566125200e-02 2.148636250000000000e+03 7.067909600000000400e+02 2.595125250000000100e+03 1.849175840000000100e+02 -4.464889999999999800e+02 5.218733760000000100e+02
4.717104193346258900e-02 2.148641843749999700e+03 7.073412640000000200e+02 2.600836249999999800e+03 1.851881760000000000e+02 -4.521944062499999900e+02 5.221530880000000300e+02
4.794965005765176900e-02 2.148637625000000300e+03 7.081057920000000600e+02 2.608241750000000100e+03 1.855605119999999900e+02 -4.596041250000000100e+02 5.225452800000000500e+02
4.891318017309839000e-02 2.148636437499999800e+03 7.090080800000000600e+02 2.617172000000000000e+03 1.859740960000000000e+02 -4.685355625000000300e+02 5.230339840000000300e+02
4.945516062306833800e-02 2.148635406250000000e+03 7.094880000000000600e+02 2.621847499999999900e+03 1.861762239999999900e+02 -4.732120937500000100e+02 5.233117760000000100e+02
4.959373800163595400e-02 2.148634999999999800e+03 7.096041439999999100e+02 2.622963499999999800e+03 1.862205280000000000e+02 -4.743285000000000200e+02 5.233836159999999600e+02
4.967168544820522300e-02 2.148634937500000000e+03 7.096657440000000200e+02 2.623556999999999800e+03 1.862419360000000100e+02 -4.749220624999999800e+02 5.234238080000000100e+02
4.984706836742359300e-02 2.148630250000000200e+03 7.097419200000000500e+02 2.624539749999999900e+03 1.862391360000000000e+02 -4.759094999999999800e+02 5.235027840000000200e+02
5.005753345978566200e-02 2.148641125000000100e+03 7.098634720000000000e+02 2.625781250000000000e+03 1.862590879999999900e+02 -4.771401250000000100e+02 5.236043839999999800e+02
5.045214735690199700e-02 2.148640906250000200e+03 7.099594240000000100e+02 2.627509000000000000e+03 1.862084800000000100e+02 -4.788680937500000100e+02 5.237509440000000000e+02
5.067411709181118100e-02 2.148637531249999900e+03 7.101301919999999700e+02 2.628981749999999900e+03 1.862688800000000000e+02 -4.803442187499999800e+02 5.238613120000000000e+02
5.117355365310687800e-02 2.148637593750000200e+03 7.104742079999999800e+02 2.632257000000000100e+03 1.863798080000000000e+02 -4.836194062500000000e+02 5.240943999999999500e+02
5.145448584550757500e-02 2.148637906250000000e+03 7.107383520000000800e+02 2.634453250000000000e+03 1.865003040000000000e+02 -4.858153437500000100e+02 5.242380480000000500e+02
5.208657978509663400e-02 2.148621375000000200e+03 7.112438399999999800e+02 2.639040250000000000e+03 1.867606720000000000e+02 -4.904188750000000100e+02 5.244831679999999800e+02
5.286880232330062200e-02 2.148637343750000100e+03 7.119594720000000100e+02 2.645194750000000100e+03 1.870577759999999900e+02 -4.965574062499999900e+02 5.249016960000000200e+02
5.366879883557740300e-02 2.148635656250000000e+03 7.126502560000000100e+02 2.651045250000000100e+03 1.873360800000000100e+02 -5.024095937500000000e+02 5.253141759999999700e+02
5.546879564595019000e-02 2.148637593749999700e+03 7.142016800000000100e+02 2.663876499999999900e+03 1.879699679999999900e+02 -5.152389062500000100e+02 5.262317120000000200e+02
5.648129268734737600e-02 2.148637718750000200e+03 7.150515040000000200e+02 2.670817000000000000e+03 1.883234400000000100e+02 -5.221792812500000300e+02 5.267280640000000200e+02
5.705082372868017900e-02 2.148636750000000100e+03 7.154922400000000400e+02 2.674431250000000100e+03 1.884979360000000100e+02 -5.257944999999999700e+02 5.269943040000000600e+02
5.709353529635512200e-02 2.148633437499999700e+03 7.155220960000000300e+02 2.674680499999999900e+03 1.885085919999999900e+02 -5.260470625000000400e+02 5.270135040000000100e+02
5.713758829603556700e-02 2.148633062500000100e+03 7.155487520000000400e+02 2.674921750000000000e+03 1.885165279999999900e+02 -5.262886875000000400e+02 5.270322240000000400e+02
5.716236286838704400e-02 2.148651187499999700e+03 7.155512800000000200e+02 2.675039499999999900e+03 1.885117920000000100e+02 -5.263883124999999800e+02 5.270394880000000100e+02
5.716869740841298800e-02 2.148661500000000200e+03 7.155463680000000300e+02 2.675066750000000000e+03 1.885059840000000100e+02 -5.264052500000000200e+02 5.270403840000000200e+02
5.717226524492759900e-02 2.148690125000000100e+03 7.155380320000000400e+02 2.675103000000000100e+03 1.884973919999999900e+02 -5.264128749999999900e+02 5.270406400000000500e+02
5.718028123271043400e-02 2.149012624999999800e+03 7.154700640000000900e+02 2.675372499999999900e+03 1.884416160000000100e+02 -5.263598749999999900e+02 5.270284480000000300e+02
5.719471560001955500e-02 2.148686875000000300e+03 7.154961120000000400e+02 2.675206000000000100e+03 1.884582880000000100e+02 -5.265191250000000300e+02 5.270378240000000000e+02
5.721275506584344600e-02 2.148565312499999900e+03 7.155297439999999400e+02 2.675204999999999900e+03 1.884797920000000000e+02 -5.266396875000000400e+02 5.270499519999999600e+02
5.725334735725971100e-02 2.148520375000000100e+03 7.155812479999999600e+02 2.675436250000000200e+03 1.885055999999999900e+02 -5.269158750000000300e+02 5.270756480000000000e+02
5.734467651963379800e-02 2.148672375000000100e+03 7.156758079999999600e+02 2.676145500000000100e+03 1.885521919999999900e+02 -5.274731249999999800e+02 5.271236159999999700e+02
5.755017179272550700e-02 2.148638937499999900e+03 7.158510720000000400e+02 2.677477249999999900e+03 1.886349439999999900e+02 -5.288383125000000300e+02 5.272161280000000300e+02
5.801253266386934000e-02 2.148638062500000200e+03 7.162382559999999800e+02 2.680462750000000100e+03 1.888039840000000100e+02 -5.318246874999999800e+02 5.274342719999999600e+02
5.827261210943462200e-02 2.148637812500000100e+03 7.164496000000000300e+02 2.682073500000000000e+03 1.888936320000000000e+02 -5.334356874999999700e+02 5.275559680000000100e+02
5.885778387533148500e-02 2.148635687500000100e+03 7.169084800000000500e+02 2.685511500000000100e+03 1.890795200000000000e+02 -5.368758125000000500e+02 5.278289600000000500e+02
5.958194290179764200e-02 2.148637312500000000e+03 7.174749120000000200e+02 2.689885249999999800e+03 1.893128959999999900e+02 -5.412479375000000300e+02 5.281620159999999900e+02
6.032255310133118100e-02 2.148636437499999800e+03 7.179789920000000600e+02 2.693716249999999900e+03 1.895064160000000000e+02 -5.450798125000000000e+02 5.284725760000000000e+02
6.073915157853756300e-02 2.148640500000000000e+03 7.183063039999999500e+02 2.695882250000000100e+03 1.896555520000000000e+02 -5.472417500000000200e+02 5.286507520000000100e+02
6.167649116562691500e-02 2.148638937499999900e+03 7.189971520000000300e+02 2.700244999999999900e+03 1.899628480000000100e+02 -5.516060625000000100e+02 5.290343040000000200e+02
6.378550174326541600e-02 2.148639062499999900e+03 7.204397599999999800e+02 2.708846250000000100e+03 1.906006559999999900e+02 -5.602071875000000300e+02 5.298391040000000200e+02
6.853078020070207900e-02 2.148637499999999800e+03 7.235614239999999900e+02 2.724876499999999900e+03 1.918905760000000100e+02 -5.762390000000000300e+02 5.316708479999999800e+02
7.000000223572001900e-02 2.148636875000000100e+03 7.245117759999999400e+02 2.729198500000000000e+03 1.922759040000000000e+02 -5.805616250000000500e+02 5.322358719999999700e+02
