0.000000000000000000e+00 0.000000000000000000e+00 0.000000000000000000e+00 0.000000000000000000e+00 0.000000000000000000e+00 0.000000000000000000e+00 0.000000000000000000e+00
-1.334674403776006400e-07 7.510178124999999900e+02 -6.109661865234374900e-05 3.228021562500000000e+02 4.336603546142577900e-05 4.282156562499999900e+02 -1.044626541137695300e-04
1.399869153036533100e-03 7.510177812499999800e+02 3.007016437499999900e+00 3.204635937499999700e+02 7.901949375000000300e-01 4.305541875000000100e+02 2.216821500000000000e+00
4.024874037644994200e-03 7.510177812499999800e+02 8.617810249999999800e+00 3.157388750000000100e+02 2.236814750000000200e+00 4.352789062499999800e+02 6.380995500000000000e+00
7.273317791345550300e-03 7.510177499999999800e+02 1.545580300000000000e+01 3.085868750000000200e+02 3.907731000000000100e+00 4.424308750000000100e+02 1.154807199999999900e+01
7.730130291986339600e-03 7.510177499999999800e+02 1.640534775000000100e+01 3.075981249999999800e+02 4.125079750000000300e+00 4.434196250000000000e+02 1.228026800000000000e+01
8.197325108245289600e-03 7.510180000000000300e+02 1.736762600000000100e+01 3.067208749999999800e+02 4.336445999999999600e+00 4.442971249999999900e+02 1.303118000000000100e+01
8.460121361289436900e-03 7.510177812500001000e+02 1.790476250000000000e+01 3.062808125000000200e+02 4.449323500000000200e+00 4.447369687500000200e+02 1.345543900000000000e+01
8.702181924985149000e-03 7.510175312500000500e+02 1.839607649999999900e+01 3.059179374999999900e+02 4.549375500000000000e+00 4.450995937500000000e+02 1.384670099999999900e+01
8.722970022617048900e-03 7.510177812500001000e+02 1.843805450000000000e+01 3.058896250000000200e+02 4.557738500000000100e+00 4.451281562500000200e+02 1.388031600000000100e+01
8.769742460075639600e-03 7.510178124999999900e+02 1.853254850000000100e+01 3.058271874999999800e+02 4.576454499999999600e+00 4.451906250000000100e+02 1.395609400000000000e+01
8.874979857697574300e-03 7.510177499999999800e+02 1.874395350000000000e+01 3.056951250000000200e+02 4.617830500000000200e+00 4.453226250000000200e+02 1.412612300000000000e+01
9.111763611240336300e-03 7.510177499999999800e+02 1.920952300000000100e+01 3.055698750000000200e+02 4.700261000000000200e+00 4.454478750000000100e+02 1.450926200000000000e+01
9.644528230031330200e-03 7.510283437499999800e+02 2.019209400000000100e+01 3.061207187499999800e+02 4.870961000000000300e+00 4.449076250000000000e+02 1.532113300000000000e+01
1.030382443600752100e-02 7.510173750000000200e+02 2.129325300000000000e+01 3.078861562500000000e+02 5.076588000000000100e+00 4.431312187500000200e+02 1.621666499999999900e+01
1.047239450644946200e-02 7.510177499999999800e+02 2.155751400000000100e+01 3.085043749999999800e+02 5.124638000000000000e+00 4.425133750000000000e+02 1.643287600000000000e+01
1.068099981217872400e-02 7.510173749999999000e+02 2.187499550000000100e+01 3.093656562499999700e+02 5.179448500000000300e+00 4.416517187499999900e+02 1.669554700000000100e+01
1.089434689424169200e-02 7.510175312500000500e+02 2.218469200000000200e+01 3.103850312500000000e+02 5.231206000000000200e+00 4.406324999999999900e+02 1.695348600000000200e+01
1.127837054685657700e-02 7.510176874999999700e+02 2.271848999999999900e+01 3.123508749999999700e+02 5.322041999999999700e+00 4.386668124999999900e+02 1.739644799999999900e+01
1.175839991707188600e-02 7.510176562500000700e+02 2.335474449999999900e+01 3.149541874999999900e+02 5.425232499999999900e+00 4.360634687500000300e+02 1.792951199999999900e+01
1.235243685915088200e-02 7.510175312500000500e+02 2.407100850000000100e+01 3.186695000000000300e+02 5.534984500000000200e+00 4.323480312500000200e+02 1.853602400000000100e+01
1.295997401860755200e-02 7.510177187499999700e+02 2.476135100000000100e+01 3.225197812499999900e+02 5.636028999999999700e+00 4.284979374999999800e+02 1.912532200000000100e+01
1.371180135121182800e-02 7.510174999999999300e+02 2.553325350000000100e+01 3.277487812499999800e+02 5.744265500000000000e+00 4.232687187500000100e+02 1.978898800000000000e+01
1.448071534865171500e-02 7.510177187500000900e+02 2.626547649999999800e+01 3.331398437500000100e+02 5.842748499999999900e+00 4.178778750000000200e+02 2.042272799999999900e+01
1.621077379842442500e-02 7.510176874999999700e+02 2.772093899999999800e+01 3.455956562499999900e+02 6.028633000000000100e+00 4.054220312499999700e+02 2.169230599999999900e+01
2.010340452819984300e-02 7.510177187499999700e+02 3.032942800000000000e+01 3.736163124999999900e+02 6.344514000000000200e+00 3.774014062499999800e+02 2.398491400000000000e+01
2.492053302254263600e-02 7.510107500000000300e+02 3.279042050000000300e+01 4.059763437500000100e+02 6.607152499999999800e+00 3.450344062500000200e+02 2.618326800000000200e+01
2.615218556772066700e-02 7.510177812499999800e+02 3.332219099999999700e+01 4.138032499999999900e+02 6.661338999999999900e+00 3.372145312499999900e+02 2.666085199999999800e+01
2.736459253966964900e-02 7.510175624999999400e+02 3.379611650000000400e+01 4.209016874999999800e+02 6.712260500000000200e+00 3.301158750000000200e+02 2.708385600000000100e+01
2.757893146805250100e-02 7.510178750000000000e+02 3.387425650000000100e+01 4.220751875000000300e+02 6.721738499999999800e+00 3.289426874999999800e+02 2.715251800000000100e+01
2.760907170653656100e-02 7.510184062500000000e+02 3.388487399999999600e+01 4.222389062500000100e+02 6.722807999999999700e+00 3.287794999999999800e+02 2.716206599999999900e+01
2.762602695955691800e-02 7.510186874999999400e+02 3.389070950000000000e+01 4.223321562500000300e+02 6.723163500000000100e+00 3.286865312499999700e+02 2.716754600000000200e+01
2.763556370272098100e-02 7.510201250000000100e+02 3.389376500000000200e+01 4.223863749999999900e+02 6.723050999999999900e+00 3.286337500000000200e+02 2.717071400000000000e+01
2.764092655632439600e-02 7.510280000000000200e+02 3.389468250000000200e+01 4.224218437499999900e+02 6.722204500000000100e+00 3.286061562500000300e+02 2.717247800000000200e+01
2.764229699382631700e-02 7.510385000000000000e+02 3.389418800000000000e+01 4.224354687499999800e+02 6.721420000000000200e+00 3.286030312500000200e+02 2.717276800000000100e+01
2.764306982045411400e-02 7.510533749999999600e+02 3.389320949999999800e+01 4.224474999999999900e+02 6.720485499999999700e+00 3.286058750000000300e+02 2.717272399999999900e+01
2.764350473098554600e-02 7.510688125000000400e+02 3.389214649999999600e+01 4.224577187500000300e+02 6.719608499999999700e+00 3.286110937500000100e+02 2.717253799999999900e+01
2.764403976480478800e-02 7.511348124999999500e+02 3.388781699999999800e+01 4.224942500000000200e+02 6.716577000000000000e+00 3.286405624999999900e+02 2.717124000000000100e+01
2.764459044288775400e-02 7.513447187499999700e+02 3.387508350000000200e+01 4.226397187499999900e+02 6.707057500000000300e+00 3.287049999999999800e+02 2.716802600000000100e+01
2.764582633972168000e-02 7.516575312500000300e+02 3.383867550000000100e+01 4.229247187500000100e+02 6.676545499999999600e+00 3.287328125000000200e+02 2.716213000000000100e+01
2.764860788981119600e-02 7.510584374999999700e+02 3.385642750000000200e+01 4.226128749999999700e+02 6.682869499999999800e+00 3.284455624999999900e+02 2.717355800000000000e+01
2.765486246644668200e-02 7.510078750000000100e+02 3.387396650000000200e+01 4.226974687499999800e+02 6.689066500000000000e+00 3.283104062500000300e+02 2.718489999999999900e+01
2.766893917494245600e-02 7.509350937500000800e+02 3.389022950000000400e+01 4.228343125000000100e+02 6.691987499999999800e+00 3.281007812500000100e+02 2.719824200000000000e+01
2.770061255127113200e-02 7.510192812499999500e+02 3.391208050000000200e+01 4.231604375000000000e+02 6.696200499999999800e+00 3.278588437500000100e+02 2.721587999999999900e+01
2.777187843022383900e-02 7.510173437500000100e+02 3.393472649999999600e+01 4.234905937500000200e+02 6.700680499999999800e+00 3.275267499999999900e+02 2.723404599999999900e+01
2.793222274680149900e-02 7.510177499999999800e+02 3.399084649999999600e+01 4.242799687500000200e+02 6.712562499999999800e+00 3.267377812500000100e+02 2.727828399999999900e+01
2.829299511246168000e-02 7.510178124999999900e+02 3.411553899999999800e+01 4.261129687499999900e+02 6.737124999999999800e+00 3.249048437500000000e+02 2.737841399999999900e+01
2.910473841068938700e-02 7.510178124999999900e+02 3.438229200000000000e+01 4.302482499999999800e+02 6.785593999999999700e+00 3.207695625000000100e+02 2.759669800000000000e+01
3.093116239612809400e-02 7.510177812499999800e+02 3.490272900000000100e+01 4.393366874999999800e+02 6.877970999999999600e+00 3.116810937500000000e+02 2.802475799999999900e+01
3.504061010565970300e-02 7.510178124999999900e+02 3.581108049999999600e+01 4.571770000000000200e+02 7.065792499999999700e+00 2.938408125000000300e+02 2.874528799999999900e+01
4.012605649592682800e-02 7.510177812500001000e+02 3.659655949999999800e+01 4.741382187500000200e+02 7.247889500000000300e+00 2.768795625000000200e+02 2.934866999999999800e+01
4.298661637493944600e-02 7.510177812500001000e+02 3.693120150000000000e+01 4.818921250000000200e+02 7.339305500000000000e+00 2.691256562500000200e+02 2.959189599999999800e+01
4.459568521794997400e-02 7.510177812499999800e+02 3.709918400000000100e+01 4.858646562500000000e+02 7.392178000000000400e+00 2.651531249999999900e+02 2.970700600000000000e+01
4.550078409550383600e-02 7.510177812500001000e+02 3.718698799999999900e+01 4.879998437500000300e+02 7.423002000000000300e+00 2.630179375000000200e+02 2.976398599999999900e+01
4.642645517985025800e-02 7.510177656250000400e+02 3.727192700000000500e+01 4.901160312499999900e+02 7.452403000000000300e+00 2.609017343749999900e+02 2.981952400000000100e+01
4.671283281381361000e-02 7.510178124999999900e+02 3.729708649999999900e+01 4.907477187499999900e+02 7.461022500000000300e+00 2.602700937500000000e+02 2.983606400000000000e+01
4.687392179734437000e-02 7.510178437500000000e+02 3.731025300000000300e+01 4.910807500000000200e+02 7.465109000000000000e+00 2.599370937499999700e+02 2.984514400000000100e+01
4.689657469121176500e-02 7.510180312499999200e+02 3.731189700000000200e+01 4.911243749999999900e+02 7.465531000000000400e+00 2.598936562499999900e+02 2.984636600000000000e+01
4.690931537958580700e-02 7.510182812499999700e+02 3.731272700000000200e+01 4.911476250000000100e+02 7.465703000000000400e+00 2.598706562500000200e+02 2.984702400000000100e+01
4.692235018011779000e-02 7.510197968750000000e+02 3.731313550000000100e+01 4.911667812499999900e+02 7.465589500000000100e+00 2.598530156250000100e+02 2.984754600000000100e+01
4.695167065918289000e-02 7.510154531250000200e+02 3.731494550000000000e+01 4.912141874999999800e+02 7.465701499999999800e+00 2.598012656249999800e+02 2.984924399999999900e+01
4.701764564814529800e-02 7.510177812500001000e+02 3.732076500000000200e+01 4.913527500000000100e+02 7.467578999999999700e+00 2.596650312500000300e+02 2.985318600000000100e+01
4.708258811570215100e-02 7.510180468749999800e+02 3.732491500000000400e+01 4.914678124999999800e+02 7.468543000000000400e+00 2.595502343750000000e+02 2.985637200000000000e+01
4.710346382121088900e-02 7.510200468749999300e+02 3.732531799999999600e+01 4.914958125000000000e+02 7.468259999999999900e+00 2.595242343749999900e+02 2.985705799999999900e+01
4.710992177327473500e-02 7.510350312499999700e+02 3.732337700000000100e+01 4.914920937499999800e+02 7.467335000000000300e+00 2.595429374999999900e+02 2.985604199999999900e+01
4.711157067867088900e-02 7.510628437499999600e+02 3.732061350000000000e+01 4.914780312500000200e+02 7.466497500000000000e+00 2.595848125000000000e+02 2.985411600000000100e+01
4.711361381951279000e-02 7.511154687499999900e+02 3.731312200000000000e+01 4.914337812499999800e+02 7.464100000000000200e+00 2.596816875000000100e+02 2.984902200000000100e+01
4.711476523732263000e-02 7.511841562500000000e+02 3.730444750000000200e+01 4.913797812500000100e+02 7.461733500000000200e+00 2.598043749999999900e+02 2.984271400000000100e+01
4.711594168595442000e-02 7.512911562499999700e+02 3.728741050000000000e+01 4.912742499999999900e+02 7.456682500000000300e+00 2.600169062499999800e+02 2.983072800000000100e+01
4.711858556652319400e-02 7.512264531250000300e+02 3.727352600000000400e+01 4.911627187500000100e+02 7.450242000000000300e+00 2.600637343750000200e+02 2.982328400000000100e+01
4.712453664444250100e-02 7.510318750000000100e+02 3.729036899999999800e+01 4.911395312500000000e+02 7.455218999999999600e+00 2.598923437500000100e+02 2.983514999999999900e+01
4.713792500533456300e-02 7.508917812500000100e+02 3.730328099999999800e+01 4.911847500000000100e+02 7.457829000000000300e+00 2.597070312500000000e+02 2.984545200000000200e+01
4.716805272840764900e-02 7.510280312500000300e+02 3.731233850000000300e+01 4.914465000000000100e+02 7.458474500000000300e+00 2.595815312500000100e+02 2.985386400000000200e+01
4.723583932310889500e-02 7.510173124999998900e+02 3.732262099999999800e+01 4.916700624999999700e+02 7.460511000000000300e+00 2.593472499999999700e+02 2.986211000000000100e+01
4.738836150782627800e-02 7.510178124999999900e+02 3.733736650000000200e+01 4.919667499999999900e+02 7.467054499999999700e+00 2.590510625000000000e+02 2.987031199999999800e+01
4.773153094794806800e-02 7.510178437500000000e+02 3.736895850000000500e+01 4.926856562500000200e+02 7.480858500000000100e+00 2.583321874999999700e+02 2.988810000000000100e+01
4.850366297043527000e-02 7.510177968749999300e+02 3.743652500000000300e+01 4.943074687500000000e+02 7.509407000000000400e+00 2.567103281249999900e+02 2.992711800000000000e+01
5.024096158545787000e-02 7.510177968749999300e+02 3.757605200000000400e+01 4.978567812499999800e+02 7.572190000000000000e+00 2.531610156250000000e+02 3.000386200000000200e+01
5.414988425147188700e-02 7.510177968750000400e+02 3.785146650000000100e+01 5.048070000000000200e+02 7.707466499999999800e+00 2.462107968750000000e+02 3.014399999999999800e+01
5.898717194404501400e-02 7.510177656249999200e+02 3.815014349999999900e+01 5.120779374999999600e+02 7.867851500000000400e+00 2.389398281249999900e+02 3.028229200000000200e+01
6.022397614526623500e-02 7.510177812500001000e+02 3.822175049999999900e+01 5.137775000000000300e+02 7.907914500000000400e+00 2.372402812500000100e+02 3.031383599999999800e+01
6.091968281062568700e-02 7.510177812499999800e+02 3.826028999999999800e+01 5.146920312500000100e+02 7.929453999999999800e+00 2.363257500000000000e+02 3.033083600000000100e+01
6.144145655193979100e-02 7.510177187499999700e+02 3.828754750000000200e+01 5.153359062499999900e+02 7.945071500000000100e+00 2.356818125000000100e+02 3.034247600000000100e+01
6.183279468005723600e-02 7.510177968750000400e+02 3.830891199999999900e+01 5.158328125000000500e+02 7.957142000000000200e+00 2.351849843750000000e+02 3.035176999999999800e+01
6.231706599238037000e-02 7.510177812499999800e+02 3.833468049999999700e+01 5.164330312500000000e+02 7.971656499999999900e+00 2.345847500000000100e+02 3.036302399999999900e+01
6.258947016998851800e-02 7.510177812499999800e+02 3.834856500000000100e+01 5.167570624999999600e+02 7.979521000000000100e+00 2.342607187500000000e+02 3.036904399999999900e+01
6.286806947603000600e-02 7.510176718749999100e+02 3.836120950000000100e+01 5.170533437499999500e+02 7.986893499999999900e+00 2.339643281250000100e+02 3.037431600000000000e+01
6.349491009249148800e-02 7.510177812500001000e+02 3.839454700000000300e+01 5.178126562500000300e+02 8.005651000000000300e+00 2.332051250000000100e+02 3.038889599999999900e+01
6.427062152251797300e-02 7.510177812499999800e+02 3.843437500000000300e+01 5.187120625000000000e+02 8.028722999999999400e+00 2.323057187500000100e+02 3.040565200000000000e+01
6.470696506850674700e-02 7.510177812500001000e+02 3.845651750000000400e+01 5.192061875000000600e+02 8.041689500000000400e+00 2.318115937499999900e+02 3.041482800000000000e+01
6.495240479316610700e-02 7.510177812499999800e+02 3.846863599999999600e+01 5.194753124999999700e+02 8.048769999999999300e+00 2.315424687500000100e+02 3.041986599999999900e+01
6.509046854935293700e-02 7.510178281249999400e+02 3.847509099999999900e+01 5.196180312499999400e+02 8.052602999999999500e+00 2.313997968749999900e+02 3.042248800000000100e+01
6.523166115828385500e-02 7.510178750000000000e+02 3.848053099999999900e+01 5.197414999999999700e+02 8.056034999999999600e+00 2.312763750000000000e+02 3.042449600000000100e+01
6.554935860821581300e-02 7.510178124999999900e+02 3.849611350000000000e+01 5.200797187499999800e+02 8.065245499999999600e+00 2.309380937500000100e+02 3.043086800000000000e+01
6.626417630613631900e-02 7.510177968750000400e+02 3.853058899999999900e+01 5.208317187500000500e+02 8.085824999999999800e+00 2.301860781249999900e+02 3.044476399999999900e+01
6.787251299760473100e-02 7.510177968750000400e+02 3.860284049999999900e+01 5.223740937500000400e+02 8.130286500000000400e+00 2.286437031250000000e+02 3.047255399999999900e+01
7.000000145178766900e-02 7.510177812500001000e+02 3.869287200000000100e+01 5.242418437500000400e+02 8.185129999999999100e+00 2.267759375000000000e+02 3.050774200000000000e+01
