0.000000000000000000e+00 0.000000000000000000e+00 0.000000000000000000e+00 0.000000000000000000e+00 0.000000000000000000e+00 0.000000000000000000e+00 0.000000000000000000e+00
9.019509769147132600e-08 1.749254812499999800e+03 1.682565917968750500e-04 5.349815625000000000e+02 -1.733264160156250000e-03 1.214273250000000000e+03 1.901520751953125100e-03
1.400088410186195400e-03 1.749254625000000000e+03 1.920220449999999700e+01 5.306077500000000100e+02 2.990544499999999900e+00 1.218646874999999900e+03 1.621165999999999800e+01
4.025084899970999600e-03 1.749254593749999900e+03 5.507358299999999900e+01 5.214074687500000200e+02 8.451883000000000500e+00 1.227847125000000000e+03 4.662169999999999700e+01
7.273518373155397700e-03 1.749256625000000000e+03 9.280463599999998800e+01 5.371198749999999800e+02 1.432114800000000100e+01 1.212136749999999900e+03 7.848348799999999400e+01
7.937970928453889200e-03 1.749251874999999900e+03 9.797160100000000700e+01 5.495702499999999900e+02 1.506180100000000100e+01 1.199681624999999900e+03 8.290980000000000400e+01
8.768535616874339000e-03 1.749253312500000000e+03 1.035764030000000000e+02 5.668095624999999700e+02 1.581297900000000000e+01 1.182443749999999900e+03 8.776342400000000100e+01
1.063730817722568000e-02 1.749254625000000000e+03 1.137551280000000000e+02 6.084468749999999800e+02 1.694943200000000200e+01 1.140807749999999900e+03 9.680569599999999800e+01
1.294991296911936900e-02 1.749295937500000000e+03 1.234801720000000000e+02 6.613219374999999900e+02 1.783359600000000000e+01 1.087973999999999900e+03 1.056465760000000000e+02
1.354120445466014700e-02 1.749253812500000100e+03 1.256246699999999900e+02 6.748679375000000400e+02 1.802015000000000100e+01 1.074385874999999900e+03 1.076045199999999900e+02
1.487160962665845300e-02 1.749254124999999900e+03 1.300546219999999900e+02 7.049615625000000100e+02 1.840065399999999900e+01 1.044292562500000000e+03 1.116539680000000100e+02
1.651798601583188300e-02 1.749253250000000000e+03 1.350058720000000100e+02 7.405088749999999900e+02 1.887524799999999900e+01 1.008744375000000000e+03 1.161306240000000000e+02
1.744407279061430800e-02 1.749253375000000000e+03 1.374476140000000200e+02 7.597400625000000200e+02 1.913144600000000000e+01 9.895133124999999800e+02 1.183161680000000000e+02
1.839120691082743100e-02 1.749254625000000000e+03 1.397008680000000100e+02 7.788310000000000200e+02 1.939083600000000000e+01 9.704236250000000200e+02 1.203100320000000100e+02
1.956328408835217600e-02 1.749254875000000100e+03 1.421892300000000100e+02 8.013881874999999600e+02 1.974138200000000200e+01 9.478666875000000100e+02 1.224478479999999900e+02
2.076200121209824400e-02 1.749254687500000000e+03 1.444186300000000100e+02 8.224895625000000300e+02 2.011517400000000000e+01 9.267651250000000100e+02 1.243034560000000000e+02
2.224541354098926200e-02 1.749254687499999800e+03 1.467894880000000100e+02 8.463502499999999600e+02 2.058391200000000200e+01 9.029044374999999700e+02 1.262055759999999900e+02
2.376253881121915400e-02 1.749254812499999800e+03 1.489073700000000100e+02 8.689859999999999900e+02 2.103837800000000200e+01 8.802688124999999700e+02 1.278689920000000100e+02
2.717607245715227000e-02 1.749254687500000000e+03 1.527050780000000100e+02 9.134165625000000500e+02 2.193182200000000000e+01 8.358381249999999900e+02 1.307732560000000000e+02
2.909618323332905200e-02 1.749254750000000100e+03 1.544431140000000100e+02 9.348699374999999900e+02 2.237471400000000100e+01 8.143848124999999500e+02 1.320684000000000000e+02
3.341643694951644500e-02 1.749255812500000000e+03 1.576651259999999900e+02 9.747606250000000000e+02 2.320895000000000200e+01 7.744951875000000400e+02 1.344561760000000000e+02
3.475301490099991900e-02 1.749254687500000000e+03 1.585374919999999900e+02 9.854170000000000300e+02 2.346296399999999900e+01 7.638376875000000200e+02 1.350745279999999900e+02
3.611996954283913000e-02 1.749254687499999800e+03 1.593797620000000000e+02 9.955974374999999600e+02 2.371923400000000000e+01 7.536572499999999800e+02 1.356605280000000000e+02
3.781157394540770500e-02 1.749254687500000000e+03 1.603563720000000200e+02 1.007211687500000000e+03 2.403674000000000200e+01 7.420430000000000100e+02 1.363196320000000100e+02
3.824408866959561800e-02 1.749254625000000000e+03 1.605972160000000000e+02 1.010044187500000000e+03 2.411971200000000000e+01 7.392104375000000100e+02 1.364775040000000100e+02
3.921724411714466000e-02 1.749254687500000000e+03 1.611262439999999900e+02 1.016258375000000000e+03 2.429960399999999900e+01 7.329963125000000400e+02 1.368266400000000000e+02
4.140684029829828200e-02 1.749254687500000000e+03 1.622519020000000000e+02 1.029066937500000000e+03 2.471300600000000000e+01 7.201877500000000500e+02 1.375388959999999900e+02
4.206372058297705400e-02 1.749254562500000000e+03 1.625752820000000200e+02 1.032668375000000000e+03 2.484051399999999900e+01 7.165861875000000500e+02 1.377347680000000000e+02
4.329536932883389800e-02 1.749254625000000000e+03 1.631687839999999900e+02 1.039172437499999900e+03 2.507923200000000100e+01 7.100821875000000300e+02 1.380895520000000000e+02
4.606657811305386200e-02 1.749254687500000000e+03 1.644351020000000000e+02 1.052506750000000000e+03 2.559438200000000000e+01 6.967479375000000300e+02 1.388407200000000000e+02
4.762538327766707700e-02 1.749254625000000000e+03 1.651184340000000100e+02 1.059567624999999900e+03 2.587395400000000100e+01 6.896870000000000100e+02 1.392444800000000100e+02
5.113269489804680300e-02 1.749254687499999800e+03 1.665393100000000000e+02 1.073440499999999900e+03 2.646524600000000000e+01 6.758141875000000000e+02 1.400740639999999900e+02
5.547299293887092400e-02 1.749254562500000000e+03 1.681287879999999900e+02 1.087830250000000000e+03 2.712995600000000000e+01 6.614243125000000400e+02 1.409988319999999900e+02
5.991193387317980000e-02 1.749254625000000000e+03 1.696188400000000100e+02 1.100403250000000100e+03 2.774087200000000000e+01 6.488513749999999600e+02 1.418779680000000100e+02
6.989955008141683600e-02 1.749254750000000100e+03 1.724880259999999900e+02 1.122548250000000100e+03 2.891077800000000100e+01 6.267065000000000100e+02 1.435772480000000000e+02
7.000000234574560400e-02 1.749250312499999800e+03 1.725150400000000000e+02 1.122742000000000000e+03 2.892179200000000000e+01 6.265083124999999900e+02 1.435932479999999900e+02
