0.000000000000000000e+00 0.000000000000000000e+00 0.000000000000000000e+00 0.000000000000000000e+00 0.000000000000000000e+00 0.000000000000000000e+00 0.000000000000000000e+00
-3.513889304451503300e-08 2.155218499999999900e+03 -1.240110778808594100e-04 1.064090124999999900e+03 -5.063311462402343900e-04 1.091128375000000000e+03 3.823200683593749800e-04
1.399965513320196200e-03 2.155217375000000200e+03 4.839265399999999300e+01 1.052415874999999900e+03 1.497069600000000000e+01 1.102801500000000000e+03 3.342195799999999700e+01
4.024967023595640200e-03 2.155203000000000000e+03 1.220266920000000000e+02 1.104884499999999900e+03 4.300119600000000000e+01 1.050318500000000100e+03 7.902549600000000400e+01
4.320279436961489300e-03 2.155201937500000000e+03 1.278325240000000100e+02 1.118868125000000000e+03 4.570283599999999800e+01 1.036333812500000000e+03 8.212968800000000200e+01
4.523306975871215800e-03 2.155204249999999800e+03 1.316115440000000100e+02 1.129262125000000000e+03 4.743392800000000200e+01 1.025942125000000000e+03 8.417761600000000000e+01
4.730948598393590300e-03 2.155216124999999900e+03 1.353638080000000100e+02 1.140039500000000100e+03 4.911402400000000100e+01 1.015176624999999900e+03 8.624978400000000500e+01
4.847747211200122800e-03 2.155213312500000000e+03 1.374334800000000000e+02 1.146143750000000000e+03 5.002902400000000000e+01 1.009069562500000000e+03 8.740445599999999600e+01
5.110543871682788000e-03 2.155217875000000300e+03 1.419177599999999900e+02 1.160359625000000100e+03 5.189574400000000100e+01 9.948582500000000000e+02 9.002201599999999400e+01
5.258366884038271000e-03 2.155200499999999900e+03 1.443641079999999900e+02 1.168872374999999900e+03 5.283607599999999800e+01 9.863281250000000000e+02 9.152803199999999600e+01
5.441297687162555500e-03 2.155207249999999900e+03 1.473250520000000000e+02 1.179394375000000100e+03 5.404943600000000000e+01 9.758128749999999600e+02 9.327561599999999900e+01
5.628386114397619800e-03 2.155213000000000200e+03 1.502901520000000100e+02 1.190421250000000100e+03 5.524495999999999900e+01 9.647917499999999800e+02 9.504519200000000000e+01
6.049335512340579100e-03 2.155213437500000100e+03 1.566843319999999800e+02 1.215318749999999900e+03 5.771666799999999900e+01 9.398946875000000300e+02 9.896766399999999900e+01
6.365047706352485600e-03 2.155211500000000300e+03 1.612929760000000100e+02 1.233922375000000100e+03 5.944437599999999800e+01 9.212891250000000100e+02 1.018486000000000000e+02
6.495278396885910600e-03 2.155213187500000000e+03 1.631471760000000000e+02 1.241699750000000000e+03 6.010763200000000200e+01 9.135134375000000100e+02 1.030395440000000100e+02
6.628469669775212400e-03 2.155219687500000000e+03 1.649954760000000000e+02 1.249848250000000000e+03 6.074224399999999900e+01 9.053714374999999600e+02 1.042532320000000000e+02
6.868213378757202400e-03 2.155210812500000000e+03 1.682793760000000100e+02 1.264159875000000100e+03 6.187154400000000000e+01 8.910509375000000300e+02 1.064078320000000000e+02
7.167893014984690400e-03 2.155213625000000300e+03 1.722462759999999900e+02 1.281934625000000100e+03 6.321423600000000000e+01 8.732790000000000000e+02 1.090320399999999900e+02
7.527508578457675500e-03 2.155215624999999800e+03 1.768136839999999900e+02 1.303852124999999900e+03 6.468015599999999700e+01 8.513635000000000400e+02 1.121335280000000000e+02
8.201787759969523400e-03 2.155214812500000300e+03 1.849023919999999900e+02 1.344762750000000100e+03 6.703769599999999700e+01 8.104520625000000100e+02 1.178646960000000000e+02
9.718916500589931700e-03 2.155213749999999900e+03 2.009764720000000000e+02 1.430862625000000000e+03 7.089127200000000100e+01 7.243511250000000200e+02 1.300851999999999900e+02
1.057230072580414400e-02 2.155216750000000000e+03 2.085575680000000000e+02 1.476164749999999900e+03 7.250600000000000000e+01 6.790520000000000200e+02 1.360515680000000000e+02
1.083631713457305600e-02 2.155223937499999900e+03 2.105955440000000200e+02 1.489480375000000100e+03 7.298290400000000500e+01 6.657435625000000500e+02 1.376126400000000000e+02
1.087344405997512900e-02 2.155237999999999800e+03 2.108743839999999900e+02 1.491342625000000000e+03 7.305108799999999300e+01 6.638953749999999400e+02 1.378232960000000000e+02
1.091141520256815700e-02 2.155229562500000200e+03 2.111494160000000000e+02 1.493251250000000000e+03 7.311664799999999800e+01 6.619783125000000200e+02 1.380327680000000000e+02
1.099684998229309700e-02 2.155213999999999900e+03 2.117677679999999900e+02 1.497378875000000100e+03 7.327181600000000100e+01 6.578351249999999500e+02 1.384959519999999900e+02
1.118907881889296700e-02 2.155221937500000000e+03 2.131031919999999800e+02 1.506559125000000000e+03 7.361234399999999300e+01 6.486628124999999700e+02 1.394908480000000000e+02
1.162159166347704100e-02 2.155217874999999800e+03 2.159190320000000200e+02 1.526372625000000000e+03 7.436309599999999900e+01 6.288452499999999600e+02 1.415559360000000000e+02
1.259474818377559000e-02 2.155220624999999900e+03 2.213768959999999900e+02 1.567415375000000000e+03 7.610451200000000000e+01 5.878052500000000000e+02 1.452723839999999900e+02
1.283423571650653100e-02 2.155219437499999900e+03 2.225853839999999800e+02 1.576880375000000000e+03 7.655442399999999700e+01 5.783390624999999500e+02 1.460309599999999900e+02
1.291121435107183400e-02 2.155225124999999900e+03 2.229524159999999700e+02 1.579846875000000000e+03 7.669020799999999800e+01 5.753782499999999800e+02 1.462622079999999900e+02
1.308441511440626600e-02 2.155218499999999900e+03 2.237949040000000000e+02 1.586486375000000000e+03 7.700738400000000200e+01 5.687321250000000000e+02 1.467875200000000000e+02
1.329875079703418500e-02 2.155218687500000200e+03 2.247873120000000100e+02 1.594567375000000100e+03 7.738705600000000100e+01 5.606513125000000200e+02 1.474002560000000100e+02
1.341931549184051700e-02 2.155220062500000000e+03 2.253235920000000200e+02 1.599058000000000000e+03 7.759592800000000100e+01 5.561620625000000500e+02 1.477276640000000000e+02
1.354261894365806800e-02 2.155229624999999900e+03 2.258214880000000200e+02 1.603686124999999900e+03 7.779507200000000500e+01 5.515434999999999900e+02 1.480264160000000100e+02
1.382005316579443900e-02 2.155216375000000000e+03 2.269903040000000100e+02 1.613460499999999900e+03 7.827129600000000700e+01 5.417558749999999500e+02 1.487190080000000000e+02
1.444428133003877700e-02 2.155220249999999900e+03 2.293655919999999900e+02 1.633905000000000000e+03 7.931547999999999400e+01 5.213152499999999900e+02 1.500501120000000100e+02
1.584879207960415400e-02 2.155217562500000000e+03 2.339921600000000100e+02 1.674181000000000000e+03 8.151230400000000000e+01 4.810365625000000000e+02 1.524798560000000100e+02
1.900894272167312800e-02 2.155218312500000100e+03 2.412404080000000000e+02 1.743032875000000100e+03 8.531392800000000400e+01 4.121854374999999800e+02 1.559264800000000000e+02
2.078652760339162000e-02 2.155217374999999700e+03 2.441804559999999900e+02 1.772893499999999900e+03 8.683282400000000200e+01 3.823238749999999900e+02 1.573476320000000000e+02
2.178641844436217000e-02 2.155257656249999900e+03 2.455560400000000000e+02 1.787578749999999900e+03 8.748378400000000000e+01 3.676789062500000100e+02 1.580722560000000100e+02
2.234885806129092300e-02 2.155219437499999900e+03 2.462130960000000100e+02 1.794769749999999900e+03 8.770963999999999300e+01 3.604496874999999800e+02 1.585034560000000000e+02
2.252286228650364500e-02 2.155219031250000200e+03 2.464032000000000300e+02 1.796725375000000000e+03 8.779107200000000000e+01 3.584936562500000200e+02 1.586121280000000100e+02
2.262074024540455500e-02 2.155226249999999700e+03 2.465020319999999900e+02 1.797796499999999900e+03 8.782899200000000000e+01 3.574297500000000100e+02 1.586730399999999900e+02
2.267579485063005900e-02 2.155235812500000100e+03 2.465530080000000100e+02 1.798403000000000000e+03 8.784308799999999500e+01 3.568328124999999900e+02 1.587099200000000100e+02
2.273210239061069000e-02 2.155357968750000100e+03 2.465669040000000200e+02 1.799143624999999900e+03 8.780570400000000600e+01 3.562143437500000100e+02 1.587612000000000000e+02
2.285879552000462700e-02 2.155165750000000100e+03 2.467327679999999900e+02 1.800396874999999900e+03 8.787835200000000700e+01 3.547688749999999800e+02 1.588544159999999900e+02
2.293005909529652300e-02 2.155225656250000200e+03 2.467980799999999700e+02 1.801164250000000000e+03 8.790348799999999600e+01 3.540614062500000000e+02 1.588945919999999900e+02
2.309040213970329000e-02 2.155267156250000000e+03 2.468998639999999800e+02 1.803038749999999900e+03 8.786404000000000300e+01 3.522284062499999800e+02 1.590358239999999900e+02
2.318059713994772800e-02 2.155165593750000000e+03 2.470004480000000100e+02 1.803956750000000100e+03 8.789414399999999700e+01 3.512088437500000300e+02 1.591063039999999900e+02
2.323132935315552800e-02 2.155428718749999900e+03 2.469830880000000100e+02 1.804740000000000000e+03 8.783208000000000500e+01 3.506887187500000200e+02 1.591510079999999900e+02
2.323513473492111500e-02 2.155436968750000200e+03 2.469815040000000000e+02 1.804791375000000000e+03 8.782622399999999600e+01 3.506455937499999900e+02 1.591552800000000000e+02
2.323989029769059400e-02 2.155483374999999800e+03 2.469753599999999900e+02 1.804877125000000000e+03 8.781635199999999500e+01 3.506062499999999900e+02 1.591590080000000000e+02
2.324256617507655300e-02 2.155569031250000100e+03 2.469628319999999900e+02 1.804961250000000100e+03 8.780475199999999300e+01 3.506077812500000200e+02 1.591580800000000100e+02
2.324858631697621100e-02 2.157028468749999800e+03 2.466800800000000300e+02 1.805989875000000000e+03 8.759601600000000600e+01 3.510385937500000200e+02 1.590840640000000100e+02
2.326213105403169100e-02 2.155769562500000100e+03 2.468028400000000000e+02 1.805513250000000000e+03 8.762496799999999600e+01 3.502563124999999800e+02 1.591778720000000100e+02
2.329260438353150700e-02 2.155109343750000300e+03 2.469739680000000100e+02 1.805665625000000100e+03 8.768918399999999700e+01 3.494437187500000200e+02 1.592847840000000000e+02
2.336117345043736700e-02 2.154760437500000100e+03 2.471213840000000100e+02 1.806304625000000000e+03 8.775564000000000000e+01 3.484558124999999800e+02 1.593657440000000100e+02
2.351545210431929500e-02 2.155257218750000000e+03 2.472762800000000100e+02 1.808160625000000000e+03 8.785133600000000300e+01 3.470965937500000100e+02 1.594249440000000100e+02
2.386257791111611900e-02 2.155218156250000000e+03 2.475771360000000000e+02 1.811284750000000000e+03 8.803695999999999300e+01 3.439334062500000200e+02 1.595401760000000000e+02
2.464361039419022900e-02 2.155217968750000200e+03 2.482309040000000100e+02 1.818210750000000000e+03 8.836783200000000700e+01 3.370072187499999900e+02 1.598630719999999900e+02
2.561014010064913500e-02 2.155213187500000000e+03 2.489156240000000100e+02 1.826324374999999900e+03 8.866476000000000100e+01 3.288888124999999700e+02 1.602508640000000100e+02
2.615381131387601100e-02 2.155217093750000000e+03 2.492763600000000100e+02 1.830419374999999900e+03 8.884549599999999700e+01 3.247977187500000000e+02 1.604308640000000100e+02
2.659863342732300300e-02 2.155215843750000200e+03 2.495443839999999800e+02 1.833672000000000000e+03 8.896135999999999900e+01 3.215438437500000100e+02 1.605830239999999900e+02
2.715466398022550400e-02 2.155217125000000100e+03 2.498607600000000300e+02 1.837544000000000100e+03 8.909725600000000200e+01 3.176731250000000300e+02 1.607635040000000100e+02
2.815551431769999100e-02 2.155217125000000100e+03 2.503031599999999900e+02 1.844183500000000100e+03 8.919045599999999800e+01 3.110336249999999700e+02 1.611127040000000100e+02
2.940657898619935100e-02 2.155216906250000200e+03 2.508065359999999900e+02 1.851264500000000000e+03 8.930752800000000500e+01 3.039524062500000200e+02 1.614990080000000000e+02
3.011030213445679800e-02 2.155217125000000100e+03 2.510487040000000100e+02 1.854845750000000000e+03 8.932913600000000500e+01 3.003713750000000000e+02 1.617195680000000100e+02
3.050614567757817600e-02 2.155217093750000000e+03 2.511675680000000200e+02 1.856752625000000100e+03 8.931724800000000600e+01 2.984644687499999800e+02 1.618503200000000100e+02
3.062860956995478600e-02 2.155230718750000100e+03 2.511913680000000100e+02 1.857327000000000000e+03 8.929752800000000000e+01 2.979037187500000000e+02 1.618938400000000100e+02
3.072880941724020700e-02 2.155192125000000000e+03 2.512079840000000100e+02 1.857772125000000000e+03 8.926931199999999900e+01 2.974200000000000200e+02 1.619386720000000000e+02
3.085405631525321700e-02 2.155207468749999900e+03 2.512522960000000000e+02 1.858332249999999900e+03 8.926930400000000500e+01 2.968752187499999900e+02 1.619829920000000000e+02
3.100904993376307100e-02 2.155220093750000200e+03 2.512897999999999900e+02 1.858981000000000000e+03 8.925978399999999600e+01 2.962390937499999900e+02 1.620300159999999900e+02
3.107840150267213200e-02 2.155228125000000100e+03 2.512962800000000200e+02 1.859267250000000100e+03 8.924468000000000200e+01 2.959608749999999900e+02 1.620516000000000100e+02
3.108146630218468600e-02 2.155228999999999800e+03 2.512954480000000200e+02 1.859280125000000000e+03 8.924304800000000200e+01 2.959488749999999900e+02 1.620524000000000100e+02
3.108460096794752800e-02 2.155239718750000100e+03 2.512929760000000100e+02 1.859301500000000000e+03 8.923980799999999600e+01 2.959382187499999800e+02 1.620531680000000000e+02
3.108636392632974800e-02 2.155272812499999900e+03 2.512876239999999900e+02 1.859321250000000000e+03 8.923626400000000600e+01 2.959515625000000200e+02 1.620513599999999900e+02
3.109033232934600400e-02 2.155856906250000100e+03 2.511924720000000100e+02 1.859610250000000000e+03 8.918107999999999400e+01 2.962466562500000000e+02 1.620113920000000000e+02
3.109925890725756900e-02 2.155609124999999900e+03 2.511451359999999800e+02 1.859514500000000000e+03 8.913537599999999400e+01 2.960946250000000100e+02 1.620097600000000000e+02
3.111934312533983300e-02 2.155320218750000100e+03 2.512240479999999800e+02 1.859557875000000000e+03 8.916084800000000100e+01 2.957623437500000100e+02 1.620631999999999900e+02
3.116453494489993700e-02 2.155132312499999900e+03 2.512715759999999800e+02 1.859688375000000000e+03 8.916819999999999900e+01 2.954439375000000000e+02 1.621033760000000000e+02
3.126621362781641100e-02 2.155165062500000200e+03 2.513032800000000300e+02 1.860159500000000000e+03 8.915537600000000400e+01 2.950055625000000000e+02 1.621479040000000100e+02
3.132340846917568100e-02 2.155232812499999900e+03 2.513257360000000100e+02 1.860446999999999900e+03 8.915493600000000600e+01 2.947858125000000200e+02 1.621708000000000100e+02
3.139418763846559700e-02 2.155712875000000200e+03 2.511971440000000100e+02 1.860971375000000100e+03 8.903517600000000700e+01 2.947414999999999700e+02 1.621619680000000000e+02
3.146657606038710100e-02 2.155087000000000000e+03 2.513136399999999900e+02 1.861034124999999900e+03 8.905930399999999700e+01 2.940528749999999700e+02 1.622543360000000000e+02
3.162944593417921200e-02 2.155197406249999900e+03 2.513685120000000100e+02 1.861698374999999900e+03 8.907200000000000300e+01 2.934990312499999700e+02 1.622965120000000100e+02
3.199590839018024600e-02 2.155219593750000100e+03 2.514492559999999900e+02 1.863005249999999900e+03 8.906391200000000200e+01 2.922143437500000100e+02 1.623853440000000000e+02
3.282044425843254300e-02 2.155217749999999800e+03 2.516208159999999900e+02 1.865914624999999900e+03 8.897420800000000400e+01 2.893031250000000200e+02 1.626466079999999900e+02
3.384080823961195500e-02 2.155215999999999900e+03 2.517862559999999800e+02 1.869232125000000000e+03 8.878756799999999300e+01 2.859838750000000100e+02 1.629986879999999900e+02
3.488436315813635300e-02 2.155218531250000100e+03 2.519075200000000100e+02 1.872269125000000000e+03 8.852240000000000500e+01 2.829494062499999800e+02 1.633851200000000000e+02
3.613662719726562500e-02 2.155217625000000200e+03 2.521304959999999900e+02 1.875200000000000000e+03 8.840587200000000200e+01 2.800176250000000100e+02 1.637246240000000100e+02
3.716387766184824800e-02 2.155213499999999800e+03 2.523093759999999900e+02 1.877160000000000100e+03 8.833575999999999300e+01 2.780534999999999900e+02 1.639736159999999900e+02
3.724642463656135900e-02 2.155215624999999800e+03 2.523243760000000300e+02 1.877309375000000000e+03 8.833119200000000100e+01 2.779062500000000000e+02 1.639931840000000100e+02
3.743215474744710600e-02 2.155220437500000100e+03 2.522110400000000000e+02 1.877057749999999900e+03 8.824953600000000600e+01 2.781626875000000000e+02 1.639615039999999900e+02
3.776646941281646500e-02 2.155219281250000200e+03 2.523012560000000000e+02 1.877534875000000100e+03 8.824530400000000400e+01 2.776844062499999900e+02 1.640559519999999900e+02
3.818436274452815400e-02 2.155217031249999800e+03 2.523821439999999800e+02 1.878143624999999900e+03 8.822699199999999600e+01 2.770734062500000100e+02 1.641551519999999900e+02
3.912462041200444300e-02 2.155217156249999800e+03 2.525758320000000200e+02 1.879482749999999900e+03 8.820007200000000600e+01 2.757344062500000100e+02 1.643757600000000100e+02
3.965351724217080300e-02 2.155218312500000100e+03 2.526766959999999900e+02 1.880166375000000000e+03 8.817419999999999900e+01 2.750519375000000100e+02 1.645024960000000100e+02
3.995102170913938900e-02 2.155214656250000200e+03 2.527173760000000000e+02 1.880433375000000100e+03 8.816048000000000700e+01 2.747812812500000100e+02 1.645568959999999900e+02
4.062040559538118700e-02 2.155217687500000000e+03 2.528744879999999900e+02 1.881204000000000000e+03 8.816469600000000600e+01 2.740136875000000000e+02 1.647097919999999900e+02
4.212651701055021600e-02 2.155217749999999800e+03 2.532036160000000100e+02 1.882543750000000000e+03 8.815467200000000500e+01 2.726739999999999800e+02 1.650489440000000100e+02
4.551527701018057800e-02 2.155217531249999900e+03 2.539874720000000000e+02 1.884118874999999900e+03 8.824612799999999900e+01 2.710986562499999800e+02 1.657413440000000000e+02
4.970885895110748600e-02 2.155216531250000100e+03 2.549586400000000000e+02 1.884568749999999900e+03 8.842891199999999700e+01 2.706477812499999800e+02 1.665297280000000100e+02
5.206775315951951700e-02 2.155216562499999800e+03 2.554890720000000200e+02 1.883864624999999900e+03 8.852816000000000000e+01 2.713519375000000200e+02 1.669609120000000100e+02
5.339462969620440600e-02 2.155216218749999800e+03 2.557699600000000300e+02 1.883169500000000000e+03 8.857151199999999800e+01 2.720467187500000300e+02 1.671984480000000100e+02
5.475166050651280500e-02 2.155218218750000200e+03 2.560459839999999800e+02 1.882272750000000100e+03 8.860671999999999600e+01 2.729454687499999700e+02 1.674392640000000100e+02
5.780498798076923200e-02 2.155217874999999800e+03 2.566732559999999800e+02 1.879579000000000000e+03 8.868058399999999600e+01 2.756388749999999800e+02 1.679926720000000000e+02
6.158347589774591800e-02 2.155216843750000000e+03 2.574062720000000000e+02 1.875435999999999900e+03 8.874452800000000300e+01 2.797808437499999700e+02 1.686617440000000000e+02
6.370887243995154700e-02 2.155216500000000000e+03 2.578055359999999600e+02 1.872822500000000000e+03 8.876542399999999600e+01 2.823940000000000100e+02 1.690401119999999900e+02
6.588257916535506000e-02 2.155217718750000100e+03 2.581804639999999700e+02 1.869931125000000100e+03 8.876623999999999600e+01 2.852865937500000100e+02 1.694142239999999900e+02
7.000000223572001900e-02 2.155217499999999700e+03 2.588608719999999700e+02 1.864400625000000000e+03 8.877397600000000500e+01 2.908168749999999800e+02 1.700868960000000000e+02
