0.000000000000000000e+00 0.000000000000000000e+00 0.000000000000000000e+00 0.000000000000000000e+00 0.000000000000000000e+00 0.000000000000000000e+00 0.000000000000000000e+00
3.429991605331137100e-07 1.870666874999999900e+03 1.049790977478027400e-03 1.293088874999999900e+03 1.122718383789062600e-03 5.775779999999999700e+02 -7.292740631103515200e-05
1.400336095556089400e-03 1.870664500000000100e+03 2.952296100000000200e+01 1.283371875000000000e+03 1.551645800000000000e+01 5.872926250000000400e+02 1.400650300000000000e+01
4.025323341472099700e-03 1.870665625000000100e+03 8.334258400000000200e+01 1.260735250000000000e+03 4.293073199999999900e+01 6.099303750000000300e+02 4.041185200000000300e+01
4.394461965968466400e-03 1.870665125000000000e+03 9.074076800000000300e+01 1.257031625000000100e+03 4.659099200000000000e+01 6.136335000000000300e+02 4.414977600000000300e+01
4.508664465358114800e-03 1.870662875000000000e+03 9.301951600000001000e+01 1.255866500000000100e+03 4.771491600000000200e+01 6.147963750000000100e+02 4.530460000000000100e+01
4.537863900227715800e-03 1.870665687500000100e+03 9.360075200000000000e+01 1.255571875000000100e+03 4.800095999999999900e+01 6.150938125000000100e+02 4.559979200000000100e+01
4.554288582341865800e-03 1.870670437499999900e+03 9.392538799999999800e+01 1.255413250000000100e+03 4.815940400000000200e+01 6.152571874999999900e+02 4.576598400000000300e+01
4.591244044321360400e-03 1.870668999999999900e+03 9.465828799999999900e+01 1.255047750000000000e+03 4.851726800000000100e+01 6.156212500000000300e+02 4.614101999999999700e+01
4.636976745102432100e-03 1.870670124999999900e+03 9.556148799999999700e+01 1.254611124999999900e+03 4.895401600000000300e+01 6.160589999999999700e+02 4.660747200000000100e+01
4.683748415247134200e-03 1.870667874999999900e+03 9.648493200000000100e+01 1.254169249999999900e+03 4.939780799999999800e+01 6.164986249999999500e+02 4.708712400000000300e+01
4.788985328068809000e-03 1.870666375000000000e+03 9.855513999999999400e+01 1.253216500000000000e+03 5.038693200000000200e+01 6.174498750000000200e+02 4.816820800000000000e+01
4.848180964170649200e-03 1.870667562500000000e+03 9.970678399999999900e+01 1.252732250000000000e+03 5.093263600000000200e+01 6.179353125000000100e+02 4.877414799999999700e+01
4.981371072622446300e-03 1.870666312500000000e+03 1.022868400000000000e+02 1.251725250000000000e+03 5.214320800000000100e+01 6.189410625000000400e+02 5.014363199999999700e+01
5.146194290328812000e-03 1.870659812500000000e+03 1.054378360000000000e+02 1.250672250000000100e+03 5.361501200000000000e+01 6.199875624999999700e+02 5.182282399999999700e+01
5.314762921269269000e-03 1.870690062499999800e+03 1.084448680000000000e+02 1.250893750000000000e+03 5.483413999999999800e+01 6.197963125000000000e+02 5.361072800000000200e+01
5.517045511285318700e-03 1.870655999999999900e+03 1.119914880000000000e+02 1.251886874999999900e+03 5.642795999999999900e+01 6.187691250000000300e+02 5.556352799999999800e+01
5.611865657298702200e-03 1.870656125000000000e+03 1.135727040000000000e+02 1.252676625000000100e+03 5.714949599999999900e+01 6.179795000000000300e+02 5.642320800000000200e+01
5.729205442435575400e-03 1.870665625000000100e+03 1.154795120000000000e+02 1.253944999999999900e+03 5.802522400000000100e+01 6.167206250000000400e+02 5.745428799999999800e+01
5.849211789458371900e-03 1.870657937500000100e+03 1.174110160000000000e+02 1.255346000000000000e+03 5.892265600000000300e+01 6.153119375000000000e+02 5.848836000000000000e+01
6.119226798033103300e-03 1.870663125000000000e+03 1.214443680000000000e+02 1.259963749999999900e+03 6.074687200000000300e+01 6.106993750000000300e+02 6.069749600000000100e+01
6.271110203967717600e-03 1.870665812500000100e+03 1.235872080000000000e+02 1.263110875000000100e+03 6.166308399999999800e+01 6.075549375000000500e+02 6.192412399999999900e+01
6.356544401473905800e-03 1.870643687499999900e+03 1.247537080000000000e+02 1.265061124999999900e+03 6.216294400000000300e+01 6.055825624999999900e+02 6.259076400000000000e+01
6.548772073636271100e-03 1.870660437500000200e+03 1.273422120000000000e+02 1.269533750000000100e+03 6.332993199999999900e+01 6.011266875000000000e+02 6.401228000000000400e+01
6.981283171564086300e-03 1.870662187500000100e+03 1.328083520000000100e+02 1.280331875000000100e+03 6.569498400000000500e+01 5.903303124999999900e+02 6.711336799999999400e+01
7.516516288412651400e-03 1.870659562500000000e+03 1.388654240000000200e+02 1.295834625000000000e+03 6.819331200000000600e+01 5.748249375000000300e+02 7.067211199999999800e+01
7.817585098583329200e-03 1.870665687500000100e+03 1.420407680000000100e+02 1.304923500000000100e+03 6.940251999999999600e+01 5.657421875000000000e+02 7.263824800000000400e+01
7.856073833647229200e-03 1.870686875000000100e+03 1.424215040000000000e+02 1.306132125000000100e+03 6.953192000000000000e+01 5.645547500000000100e+02 7.288958399999999900e+01
7.875318492288554600e-03 1.871267875000000000e+03 1.424049039999999900e+02 1.307661125000000100e+03 6.937953600000000200e+01 5.636067500000000300e+02 7.302536800000000000e+01
7.918618100903411200e-03 1.870428562500000000e+03 1.429011760000000200e+02 1.308545750000000000e+03 6.956370400000000100e+01 5.618828125000000000e+02 7.333747200000000500e+01
8.016043093614963500e-03 1.870643875000000200e+03 1.439454640000000200e+02 1.311635500000000100e+03 6.999848799999999500e+01 5.590083750000000000e+02 7.394697600000000600e+01
8.235249618325333700e-03 1.870666000000000200e+03 1.460096320000000100e+02 1.318381750000000000e+03 7.076781599999999600e+01 5.522842500000000400e+02 7.524181600000000000e+01
8.728463425595536800e-03 1.870662499999999900e+03 1.504038160000000100e+02 1.333989750000000000e+03 7.226934400000000400e+01 5.366727499999999500e+02 7.813447200000000200e+01
9.838195074172247400e-03 1.870660437500000200e+03 1.590630400000000000e+02 1.368860875000000100e+03 7.487968800000000200e+01 5.017995624999999800e+02 8.418335199999999900e+01
1.233509026458703100e-02 1.870662343750000000e+03 1.741490719999999900e+02 1.444262500000000000e+03 7.836575999999999500e+01 4.263998437500000000e+02 9.578331199999999500e+01
1.373959402752737900e-02 1.870663749999999900e+03 1.809312479999999800e+02 1.483978249999999900e+03 7.966937600000000000e+01 3.866854999999999900e+02 1.012618720000000000e+02
1.547766721583402700e-02 1.870665343749999900e+03 1.872211199999999800e+02 1.526315000000000100e+03 8.101900000000000500e+01 3.443503437499999800e+02 1.062021199999999900e+02
1.572208381252265800e-02 1.870666156249999900e+03 1.879327600000000000e+02 1.531681875000000000e+03 8.121918399999999800e+01 3.389842812499999800e+02 1.067135760000000000e+02
1.597205477610903800e-02 1.870665687499999900e+03 1.886291039999999800e+02 1.537073750000000000e+03 8.141998399999999900e+01 3.335919374999999700e+02 1.072091200000000000e+02
1.653449089972527600e-02 1.870666812499999900e+03 1.900458720000000000e+02 1.548637999999999900e+03 8.187411199999999700e+01 3.220288125000000200e+02 1.081717600000000100e+02
1.779997130453368400e-02 1.870665343749999900e+03 1.925962399999999900e+02 1.570385749999999900e+03 8.278139199999999700e+01 3.002795937500000000e+02 1.098148480000000000e+02
1.936600350926065100e-02 1.870663749999999900e+03 1.949011199999999900e+02 1.592736249999999900e+03 8.366056799999999800e+01 2.779275000000000100e+02 1.112405519999999900e+02
2.096762791075840500e-02 1.870665328125000100e+03 1.964526319999999900e+02 1.612130500000000000e+03 8.425113600000000200e+01 2.585348281249999900e+02 1.122014960000000100e+02
2.186854156382354900e-02 1.870665890625000000e+03 1.971094080000000000e+02 1.621709374999999900e+03 8.446626399999999500e+01 2.489565156250000100e+02 1.126431440000000100e+02
2.237530476589925200e-02 1.870666593750000200e+03 1.973864480000000000e+02 1.626536125000000100e+03 8.454331200000000000e+01 2.441304687500000100e+02 1.128431360000000000e+02
2.266035906706683300e-02 1.870666703124999900e+03 1.975119839999999800e+02 1.629044500000000000e+03 8.457513600000000100e+01 2.416222031250000000e+02 1.129368480000000000e+02
2.274854890592805900e-02 1.870665500000000100e+03 1.975444560000000000e+02 1.629803000000000100e+03 8.458045599999999800e+01 2.408625000000000100e+02 1.129640000000000000e+02
2.277109707377041700e-02 1.870669093750000000e+03 1.975493359999999800e+02 1.629998750000000000e+03 8.457916000000000200e+01 2.406703437500000000e+02 1.129701760000000000e+02
2.278378012707236700e-02 1.870711093750000100e+03 1.975394560000000000e+02 1.630147750000000100e+03 8.456773599999999600e+01 2.405633437500000000e+02 1.129717200000000000e+02
2.279091347122658500e-02 1.870778250000000100e+03 1.975206479999999900e+02 1.630272250000000000e+03 8.455037600000000000e+01 2.405060000000000000e+02 1.129702719999999900e+02
2.280696640666733700e-02 1.870811718750000000e+03 1.974803680000000000e+02 1.630473000000000000e+03 8.451077600000000700e+01 2.403387187500000000e+02 1.129695920000000100e+02
2.284308492919027600e-02 1.870668546874999900e+03 1.975219119999999900e+02 1.630705125000000000e+03 8.453116799999999400e+01 2.399634218749999900e+02 1.129907440000000100e+02
2.288778069837335200e-02 1.870616359375000000e+03 1.975119919999999900e+02 1.631103750000000000e+03 8.450775199999999600e+01 2.395126093750000100e+02 1.130042400000000000e+02
2.289920848804515700e-02 1.871210718750000100e+03 1.973518479999999900e+02 1.631592374999999900e+03 8.439391999999999400e+01 2.396183437500000100e+02 1.129579280000000000e+02
2.291292323297633800e-02 1.870792078125000000e+03 1.973659440000000100e+02 1.631473999999999900e+03 8.438888799999999400e+01 2.393180781250000000e+02 1.129770560000000000e+02
2.293863401308164600e-02 1.870518906250000100e+03 1.974615840000000200e+02 1.631590625000000000e+03 8.444536800000000200e+01 2.389282812500000000e+02 1.130162160000000000e+02
2.299648792606861700e-02 1.870455843750000000e+03 1.975492400000000000e+02 1.632104374999999900e+03 8.449523200000000100e+01 2.383514687500000100e+02 1.130540080000000000e+02
2.312666039472680000e-02 1.870725312500000000e+03 1.976113199999999800e+02 1.633301375000000000e+03 8.452955199999999500e+01 2.374239374999999900e+02 1.130817680000000000e+02
2.341954670255146400e-02 1.870664156250000100e+03 1.976797520000000100e+02 1.635378750000000100e+03 8.453616800000000400e+01 2.352854062499999900e+02 1.131435840000000000e+02
2.344219966976925100e-02 1.870680328125000000e+03 1.976747760000000100e+02 1.635562249999999900e+03 8.452706399999999600e+01 2.351180781250000100e+02 1.131477120000000000e+02
2.345494094494644100e-02 1.870701343750000000e+03 1.976654800000000000e+02 1.635681750000000000e+03 8.451575200000000600e+01 2.350195937500000100e+02 1.131497280000000000e+02
2.346210922222580200e-02 1.870720062500000000e+03 1.976579600000000000e+02 1.635758125000000100e+03 8.450715999999999900e+01 2.349619375000000000e+02 1.131508000000000000e+02
2.346944052075582800e-02 1.871387515625000100e+03 1.975369279999999900e+02 1.636358625000000100e+03 8.440861599999999500e+01 2.350288906250000000e+02 1.131283119999999900e+02
2.348593361357338700e-02 1.870991843750000000e+03 1.975058399999999800e+02 1.636276625000000000e+03 8.436234399999999300e+01 2.347152187499999900e+02 1.131434960000000000e+02
2.352304423685039300e-02 1.870627625000000100e+03 1.975865519999999800e+02 1.636400000000000100e+03 8.439723999999999600e+01 2.342276249999999900e+02 1.131893120000000000e+02
2.360654139256739400e-02 1.870548687499999900e+03 1.975803599999999800e+02 1.637218249999999900e+03 8.431702400000000400e+01 2.333304374999999900e+02 1.132633360000000000e+02
2.379441173958691400e-02 1.870535609374999900e+03 1.975855280000000100e+02 1.638995500000000000e+03 8.415967999999999400e+01 2.315401093749999900e+02 1.134258480000000000e+02
2.421712118481832800e-02 1.870671859375000200e+03 1.976477199999999900e+02 1.641832875000000100e+03 8.413092799999999700e+01 2.288389843750000000e+02 1.135167920000000000e+02
2.445489466554224800e-02 1.870661890624999800e+03 1.976881680000000200e+02 1.643285374999999900e+03 8.413023200000000700e+01 2.273765156250000000e+02 1.135579360000000000e+02
2.458864195734008000e-02 1.870663640625000000e+03 1.977106800000000000e+02 1.644061750000000100e+03 8.413430400000000000e+01 2.266018906250000100e+02 1.135763760000000000e+02
2.466387393564822800e-02 1.870669312499999900e+03 1.977201360000000000e+02 1.644483874999999900e+03 8.413364000000000000e+01 2.261854375000000100e+02 1.135864960000000000e+02
2.468714871249356300e-02 1.870663375000000100e+03 1.977233359999999900e+02 1.644596000000000000e+03 8.413421599999999500e+01 2.260673750000000000e+02 1.135891199999999900e+02
2.470024164779719200e-02 1.870662953125000100e+03 1.977238560000000100e+02 1.644657375000000000e+03 8.413360000000000100e+01 2.260055781250000000e+02 1.135902560000000000e+02
2.471363267910204100e-02 1.870694859374999900e+03 1.977208719999999900e+02 1.644727249999999900e+03 8.413040800000000300e+01 2.259676093749999900e+02 1.135904640000000000e+02
2.471777341886900000e-02 1.870729703125000000e+03 1.977173280000000100e+02 1.644760125000000000e+03 8.412755199999999400e+01 2.259695781250000000e+02 1.135897760000000000e+02
2.472201197138636200e-02 1.870854062500000100e+03 1.977015119999999800e+02 1.644813875000000100e+03 8.412035199999999700e+01 2.260401875000000000e+02 1.135811600000000000e+02
2.472725426903283500e-02 1.870960562499999900e+03 1.976743119999999900e+02 1.644857375000000000e+03 8.410408800000000400e+01 2.261031874999999900e+02 1.135702240000000000e+02
2.473020262479491300e-02 1.870947609375000000e+03 1.976612880000000100e+02 1.644845875000000000e+03 8.409452799999999700e+01 2.261017343750000100e+02 1.135667600000000000e+02
2.473321851793226400e-02 1.870887875000000100e+03 1.976496799999999900e+02 1.644798500000000100e+03 8.408593600000000400e+01 2.260893749999999900e+02 1.135637440000000000e+02
2.474000485971006300e-02 1.871244250000000200e+03 1.975518240000000100e+02 1.644754875000000100e+03 8.404585600000000100e+01 2.264893750000000000e+02 1.135059680000000000e+02
2.475527529314760700e-02 1.870880531250000100e+03 1.975142400000000000e+02 1.644585250000000100e+03 8.400781600000000500e+01 2.262952812499999900e+02 1.135064240000000000e+02
2.478963085728833100e-02 1.870370718749999900e+03 1.975983600000000100e+02 1.644580999999999900e+03 8.403372000000000200e+01 2.257897187499999900e+02 1.135646400000000000e+02
2.486693087660495100e-02 1.870585531250000000e+03 1.976599919999999900e+02 1.645141750000000000e+03 8.407564000000000700e+01 2.254437812500000000e+02 1.135843520000000000e+02
2.504085592006734600e-02 1.870693296875000000e+03 1.976902320000000100e+02 1.646131500000000000e+03 8.408067200000000700e+01 2.245617968750000000e+02 1.136095600000000000e+02
2.521206083751860400e-02 1.870669046875000000e+03 1.976968160000000100e+02 1.646959250000000100e+03 8.406876800000000600e+01 2.237097968749999900e+02 1.136280480000000100e+02
2.524232922601758100e-02 1.870660453125000000e+03 1.976891279999999800e+02 1.647084875000000000e+03 8.406093599999999800e+01 2.235755781249999900e+02 1.136281920000000000e+02
2.527328463264437800e-02 1.870763390624999800e+03 1.976012240000000000e+02 1.647252874999999900e+03 8.399737600000000300e+01 2.235105156250000100e+02 1.136038480000000000e+02
2.534293196867964900e-02 1.870633718750000100e+03 1.976041520000000000e+02 1.647457625000000000e+03 8.399688000000000400e+01 2.231760937500000100e+02 1.136072719999999900e+02
2.549964196807153600e-02 1.870676125000000000e+03 1.976434480000000100e+02 1.648238625000000000e+03 8.401410400000000300e+01 2.224375000000000000e+02 1.136293440000000000e+02
2.569356971899086300e-02 1.870665468749999900e+03 1.976569279999999900e+02 1.649207875000000100e+03 8.400115200000000500e+01 2.214575937500000000e+02 1.136557760000000000e+02
2.589190370142823600e-02 1.870665140625000000e+03 1.976562000000000100e+02 1.650161000000000100e+03 8.398292800000000100e+01 2.205041406249999900e+02 1.136732720000000000e+02
2.633815807300609500e-02 1.870664593750000000e+03 1.976445919999999900e+02 1.652238374999999900e+03 8.393583999999999900e+01 2.184262187500000000e+02 1.137087520000000000e+02
2.734222691574376300e-02 1.870665640624999900e+03 1.975632560000000000e+02 1.656605499999999900e+03 8.374869599999999500e+01 2.140601406250000000e+02 1.138145600000000000e+02
2.960138705187228400e-02 1.870665609375000000e+03 1.969006880000000000e+02 1.663597625000000100e+03 8.290672800000000100e+01 2.070679843750000100e+02 1.139939600000000000e+02
2.991908053629855500e-02 1.870664140624999800e+03 1.967747679999999900e+02 1.664350124999999900e+03 8.276963200000000100e+01 2.063140156250000000e+02 1.140051359999999900e+02
3.009778443128052800e-02 1.870665203125000100e+03 1.966998960000000000e+02 1.664755375000000000e+03 8.268952799999999600e+01 2.059098281249999900e+02 1.140103680000000000e+02
3.019830333444225100e-02 1.870676593750000200e+03 1.966469280000000000e+02 1.664846375000000100e+03 8.264812000000000600e+01 2.058302187500000000e+02 1.139988080000000000e+02
3.042447435986864900e-02 1.870668343750000100e+03 1.965344560000000100e+02 1.665281125000000000e+03 8.253771199999999900e+01 2.053872187499999900e+02 1.139967440000000100e+02
3.078069442357772900e-02 1.870663953125000000e+03 1.963870160000000200e+02 1.666002125000000000e+03 8.237920800000000600e+01 2.046618281250000000e+02 1.140078080000000000e+02
3.092381776616396100e-02 1.870666953125000000e+03 1.963263519999999900e+02 1.666294249999999900e+03 8.231536800000000700e+01 2.043727031249999900e+02 1.140109839999999900e+02
3.094394390399639700e-02 1.870679281250000000e+03 1.963166080000000000e+02 1.666346875000000000e+03 8.230513600000000500e+01 2.043324062499999900e+02 1.140114720000000000e+02
3.096885122222341900e-02 1.870815484374999900e+03 1.962810079999999900e+02 1.666540125000000000e+03 8.226980000000000400e+01 2.042753593749999900e+02 1.140112080000000000e+02
3.098922887855688400e-02 1.870973218749999900e+03 1.962112159999999800e+02 1.666742749999999900e+03 8.220657599999999800e+01 2.042304687500000000e+02 1.140046399999999900e+02
3.101470211341122300e-02 1.870741015625000000e+03 1.962496320000000200e+02 1.666671125000000100e+03 8.222504000000000700e+01 2.040698906250000000e+02 1.140245920000000000e+02
3.107201572739597800e-02 1.870413546875000100e+03 1.962566320000000000e+02 1.666545625000000000e+03 8.222058400000000200e+01 2.038679218750000100e+02 1.140360479999999900e+02
3.120097485217419500e-02 1.870678656249999900e+03 1.962052320000000200e+02 1.666985500000000000e+03 8.217119200000000500e+01 2.036931562499999900e+02 1.140340400000000000e+02
3.149112706073765900e-02 1.870668078125000000e+03 1.960756799999999800e+02 1.667481624999999900e+03 8.204402399999999300e+01 2.031864531250000100e+02 1.140316560000000000e+02
3.214397127666170800e-02 1.870661984375000000e+03 1.958103360000000100e+02 1.668694625000000100e+03 8.176510399999999400e+01 2.019673593750000000e+02 1.140452320000000000e+02
3.233982500721392600e-02 1.870667109375000100e+03 1.957403760000000000e+02 1.669041625000000100e+03 8.169611199999999900e+01 2.016254843750000100e+02 1.140442640000000000e+02
3.254179669241619900e-02 1.870706468750000100e+03 1.956593680000000000e+02 1.669495500000000000e+03 8.161043200000000300e+01 2.012109687500000100e+02 1.140489360000000000e+02
3.265196412474245100e-02 1.870631484375000100e+03 1.956325600000000100e+02 1.669664500000000100e+03 8.157735200000000500e+01 2.009669843750000100e+02 1.140552079999999900e+02
3.285852835146353700e-02 1.870669171875000100e+03 1.955622880000000200e+02 1.670051375000000000e+03 8.150791200000000500e+01 2.006177968750000100e+02 1.140543760000000000e+02
3.311415265913557300e-02 1.870665609375000000e+03 1.954814160000000000e+02 1.670488125000000100e+03 8.142805599999999800e+01 2.001774843750000100e+02 1.140533600000000000e+02
3.337558518108139900e-02 1.870665593750000000e+03 1.953992799999999800e+02 1.670938375000000000e+03 8.134639199999999400e+01 1.997272187499999900e+02 1.140528880000000000e+02
3.369910783965655200e-02 1.870668171874999900e+03 1.953034559999999800e+02 1.671458500000000000e+03 8.125093599999999600e+01 1.992096718750000000e+02 1.140525200000000000e+02
3.402998275663680900e-02 1.870669156250000000e+03 1.952059679999999800e+02 1.671985124999999900e+03 8.115303199999999600e+01 1.986840312500000000e+02 1.140529360000000000e+02
3.477445190206116000e-02 1.870665140625000000e+03 1.950257680000000000e+02 1.673059000000000000e+03 8.098205600000000000e+01 1.976061406249999900e+02 1.140437120000000000e+02
3.500477298275455500e-02 1.870666171874999900e+03 1.949776479999999900e+02 1.673393750000000000e+03 8.093487199999999900e+01 1.972724218749999900e+02 1.140427760000000000e+02
3.524032704559438400e-02 1.870709937500000000e+03 1.949254000000000000e+02 1.673773500000000000e+03 8.088276799999999900e+01 1.969364375000000100e+02 1.140426320000000000e+02
3.537282838926211100e-02 1.870938000000000100e+03 1.948508719999999800e+02 1.675464500000000000e+03 8.062948000000000100e+01 1.954735000000000000e+02 1.142213919999999900e+02
3.561132615011399600e-02 1.870609875000000100e+03 1.948520639999999800e+02 1.675718625000000000e+03 8.059771999999999500e+01 1.948912500000000100e+02 1.142543440000000000e+02
3.584982623984089200e-02 1.870670765625000100e+03 1.948103600000000000e+02 1.676102374999999900e+03 8.055849600000000500e+01 1.945683906250000100e+02 1.142518640000000000e+02
3.629701216142256600e-02 1.870665406249999900e+03 1.947285680000000000e+02 1.676655125000000000e+03 8.048150400000000100e+01 1.940102812499999900e+02 1.142470639999999900e+02
3.685040642781426500e-02 1.870666125000000200e+03 1.946372400000000200e+02 1.677296125000000100e+03 8.039560000000000200e+01 1.933700000000000000e+02 1.142416400000000000e+02
3.716168851933927800e-02 1.870666843750000000e+03 1.945908319999999800e+02 1.677639249999999900e+03 8.035138399999999600e+01 1.930275937499999900e+02 1.142394480000000000e+02
3.733678731580648100e-02 1.870666890625000000e+03 1.945679759999999900e+02 1.677831625000000000e+03 8.032963200000000400e+01 1.928352656250000100e+02 1.142383440000000000e+02
3.743527776883490100e-02 1.870668468749999900e+03 1.945547599999999900e+02 1.677939374999999900e+03 8.031683999999999900e+01 1.927290937500000000e+02 1.142379200000000000e+02
3.749067937643682500e-02 1.870681484375000100e+03 1.945461119999999900e+02 1.678014750000000000e+03 8.030812000000000200e+01 1.926667343750000000e+02 1.142379920000000100e+02
3.750484592311985300e-02 1.870693171875000000e+03 1.945422800000000100e+02 1.678044500000000000e+03 8.030411200000000300e+01 1.926486718749999900e+02 1.142381680000000000e+02
3.751281300452748900e-02 1.870706359375000100e+03 1.945388720000000000e+02 1.678068375000000100e+03 8.030064799999999500e+01 1.926379843750000000e+02 1.142382240000000000e+02
3.753074068435091600e-02 1.870987984375000000e+03 1.944757520000000000e+02 1.678338874999999900e+03 8.024804799999999700e+01 1.926491093749999900e+02 1.142277040000000000e+02
3.757107912839113800e-02 1.870849968750000000e+03 1.944509360000000100e+02 1.678398375000000000e+03 8.021447200000000100e+01 1.924515937500000000e+02 1.142364640000000000e+02
3.766184004526290000e-02 1.870433968750000100e+03 1.945148480000000000e+02 1.678280250000000000e+03 8.024787999999999500e+01 1.921537187500000000e+02 1.142669680000000100e+02
3.786604977934934100e-02 1.870689046875000000e+03 1.944938880000000000e+02 1.678705125000000000e+03 8.023163200000000500e+01 1.919839218749999900e+02 1.142622559999999900e+02
3.832552051660632900e-02 1.870664828125000000e+03 1.944468959999999800e+02 1.679087624999999900e+03 8.019746399999999700e+01 1.915772031250000100e+02 1.142494320000000000e+02
3.935933375096583400e-02 1.870666015625000000e+03 1.943500159999999800e+02 1.679883499999999900e+03 8.011258399999999800e+01 1.907825156250000000e+02 1.142374320000000000e+02
4.168540945274344000e-02 1.870665984374999900e+03 1.941641119999999900e+02 1.681063625000000000e+03 7.993719199999999600e+01 1.896023593749999900e+02 1.142269200000000100e+02
4.299382732610272000e-02 1.870666390625000100e+03 1.940964559999999900e+02 1.681375000000000000e+03 7.987807999999999700e+01 1.892913906249999900e+02 1.142183760000000100e+02
4.461299164973481900e-02 1.870665531250000000e+03 1.940273040000000200e+02 1.681430625000000000e+03 7.982993600000000400e+01 1.892349062499999900e+02 1.141973680000000000e+02
4.471649151290875400e-02 1.870659609374999900e+03 1.940240640000000100e+02 1.681417375000000000e+03 7.982724799999999700e+01 1.892422343750000100e+02 1.141968160000000000e+02
4.474850888653989600e-02 1.870664671875000100e+03 1.940229200000000000e+02 1.681417750000000100e+03 7.982631999999999600e+01 1.892469218750000000e+02 1.141966000000000000e+02
4.476652040586367300e-02 1.870668203125000000e+03 1.940221359999999900e+02 1.681417500000000000e+03 7.982568000000000600e+01 1.892507031250000000e+02 1.141964560000000000e+02
4.478494180718913000e-02 1.870677062499999900e+03 1.940210240000000100e+02 1.681418750000000000e+03 7.982476800000000600e+01 1.892583124999999900e+02 1.141962560000000100e+02
4.479063823546246300e-02 1.870681359375000100e+03 1.940205680000000300e+02 1.681419625000000000e+03 7.982440800000000500e+01 1.892617343750000000e+02 1.141961600000000100e+02
4.479646973848634700e-02 1.870688718750000100e+03 1.940199920000000000e+02 1.681421000000000000e+03 7.982392799999999500e+01 1.892677187500000000e+02 1.141960640000000100e+02
4.479974413674975300e-02 1.870695859375000100e+03 1.940195760000000000e+02 1.681422375000000100e+03 7.982356000000000100e+01 1.892734843750000100e+02 1.141960160000000000e+02
4.480712201277997600e-02 1.871070328125000100e+03 1.939805360000000000e+02 1.681459000000000100e+03 7.981329599999999400e+01 1.896113281250000000e+02 1.141672400000000100e+02
4.482372223384796500e-02 1.870804750000000000e+03 1.939733440000000000e+02 1.681346250000000100e+03 7.979971200000000000e+01 1.894584999999999900e+02 1.141736320000000000e+02
4.486106341575091900e-02 1.870597312500000000e+03 1.939938399999999800e+02 1.681236875000000100e+03 7.980791999999999600e+01 1.893604374999999900e+02 1.141859200000000000e+02
4.494508456834506900e-02 1.870615828125000000e+03 1.940017280000000100e+02 1.681254875000000100e+03 7.981227199999999300e+01 1.893609531250000100e+02 1.141894560000000100e+02
4.504906417977097600e-02 1.870678124999999900e+03 1.939978879999999900e+02 1.681293625000000000e+03 7.980932799999999400e+01 1.893845000000000000e+02 1.141885600000000000e+02
4.506368485708085700e-02 1.870687171875000100e+03 1.939968240000000000e+02 1.681294875000000000e+03 7.980869599999999800e+01 1.893922968750000000e+02 1.141881280000000100e+02
4.506742503034617800e-02 1.870690515625000000e+03 1.939965199999999800e+02 1.681295374999999900e+03 7.980852799999999500e+01 1.893951406250000100e+02 1.141879919999999900e+02
4.507205017611511800e-02 1.870703625000000100e+03 1.939961040000000000e+02 1.681298250000000100e+03 7.980834400000000500e+01 1.894053749999999900e+02 1.141877600000000000e+02
4.507465385837577900e-02 1.870733421875000000e+03 1.939946400000000000e+02 1.681302250000000000e+03 7.980816799999999500e+01 1.894311718749999900e+02 1.141864719999999900e+02
4.507731343363667600e-02 1.870850093750000000e+03 1.939847039999999900e+02 1.681311750000000100e+03 7.980731199999999600e+01 1.895383437500000000e+02 1.141773920000000000e+02
4.508330330016121400e-02 1.871102140624999900e+03 1.939518239999999900e+02 1.681352750000000000e+03 7.979711199999999800e+01 1.897493906249999900e+02 1.141547120000000000e+02
4.509071378044157000e-02 1.870914343749999900e+03 1.939401599999999900e+02 1.681239624999999900e+03 7.978547199999999900e+01 1.896747187500000100e+02 1.141546879999999900e+02
4.509829193972260400e-02 1.870688484374999900e+03 1.939401520000000100e+02 1.681096624999999900e+03 7.978095199999999900e+01 1.895918593750000100e+02 1.141592000000000000e+02
4.510255843874008000e-02 1.870658640625000100e+03 1.939386480000000000e+02 1.681063000000000100e+03 7.978013599999999900e+01 1.895956406249999900e+02 1.141585120000000000e+02
4.511214874602936100e-02 1.870712359375000000e+03 1.939312560000000200e+02 1.681060750000000100e+03 7.977783999999999800e+01 1.896516093749999900e+02 1.141534160000000100e+02
4.513373275961777400e-02 1.870517312500000100e+03 1.939515040000000000e+02 1.680987750000000000e+03 7.978287199999999800e+01 1.895295625000000000e+02 1.141686320000000000e+02
4.518229446131667700e-02 1.870560875000000100e+03 1.939648399999999800e+02 1.681035125000000100e+03 7.979083199999999500e+01 1.895257499999999900e+02 1.141740080000000000e+02
4.529155596126421800e-02 1.870692859375000100e+03 1.939631039999999900e+02 1.681125250000000100e+03 7.978854400000000200e+01 1.895676093749999900e+02 1.141745600000000000e+02
4.535301497276595500e-02 1.870682796874999900e+03 1.939599440000000100e+02 1.681097874999999900e+03 7.978583199999999900e+01 1.895849218749999900e+02 1.141741119999999900e+02
4.538758945115756900e-02 1.870666624999999800e+03 1.939577199999999900e+02 1.681069000000000000e+03 7.978404000000000500e+01 1.895976249999999900e+02 1.141736800000000000e+02
4.539828364520137600e-02 1.870665218749999900e+03 1.939566480000000000e+02 1.681057624999999900e+03 7.978324800000000000e+01 1.896075937500000100e+02 1.141734000000000000e+02
4.540429680047600200e-02 1.870672218750000000e+03 1.939553920000000200e+02 1.681049250000000000e+03 7.978242400000000600e+01 1.896229687500000100e+02 1.141729680000000000e+02
4.540768298473987100e-02 1.870698296874999900e+03 1.939521680000000000e+02 1.681045625000000000e+03 7.978128800000000400e+01 1.896526718750000100e+02 1.141708800000000000e+02
4.541114369300405100e-02 1.870757375000000100e+03 1.939435760000000100e+02 1.681044875000000000e+03 7.977827200000000100e+01 1.897125000000000100e+02 1.141653040000000100e+02
4.541309063251202500e-02 1.870804468750000100e+03 1.939360240000000000e+02 1.681043625000000000e+03 7.977563200000000200e+01 1.897608437499999900e+02 1.141603920000000000e+02
4.541549868927188800e-02 1.870855796875000100e+03 1.939254720000000100e+02 1.681039375000000100e+03 7.977116800000000300e+01 1.898164218750000000e+02 1.141543040000000000e+02
4.541796263903197900e-02 1.870902875000000000e+03 1.939132400000000000e+02 1.681030500000000100e+03 7.976574399999999800e+01 1.898723750000000100e+02 1.141474960000000000e+02
4.542351001930469700e-02 1.871256093750000000e+03 1.938361360000000100e+02 1.680934749999999900e+03 7.974410399999999300e+01 1.903213437500000100e+02 1.140920320000000000e+02
4.543598347385579400e-02 1.870864374999999900e+03 1.937850479999999900e+02 1.680592500000000000e+03 7.970659999999999500e+01 1.902718749999999900e+02 1.140784479999999900e+02
4.546404641772074100e-02 1.870481734375000100e+03 1.938322319999999800e+02 1.680442375000000100e+03 7.971952799999999700e+01 1.900393593750000000e+02 1.141127039999999900e+02
4.552719619247939900e-02 1.870494500000000000e+03 1.938886719999999900e+02 1.680623499999999900e+03 7.973941600000000600e+01 1.898710000000000100e+02 1.141492559999999900e+02
4.566928085681137800e-02 1.870730749999999900e+03 1.938969040000000100e+02 1.680787000000000000e+03 7.974324000000000000e+01 1.899437499999999900e+02 1.141536640000000100e+02
4.584511092003158000e-02 1.870667484375000000e+03 1.938716800000000000e+02 1.680587874999999900e+03 7.972360799999999900e+01 1.900796093749999900e+02 1.141480720000000000e+02
4.594401358393668300e-02 1.870664703125000000e+03 1.938718800000000000e+02 1.680558125000000000e+03 7.972286400000000100e+01 1.901065781250000000e+02 1.141490160000000000e+02
4.599965040791457300e-02 1.870664062500000000e+03 1.938710800000000100e+02 1.680540000000000000e+03 7.972182399999999800e+01 1.901240625000000100e+02 1.141492559999999900e+02
4.603094117254274300e-02 1.870663437500000100e+03 1.938700159999999900e+02 1.680527000000000000e+03 7.972085599999999800e+01 1.901364375000000000e+02 1.141491599999999900e+02
4.604854746761485200e-02 1.870662515625000000e+03 1.938689919999999900e+02 1.680516750000000000e+03 7.972003200000000300e+01 1.901457656250000000e+02 1.141489600000000000e+02
4.605844984415541400e-02 1.870661374999999900e+03 1.938680719999999800e+02 1.680508374999999900e+03 7.971933599999999800e+01 1.901529999999999900e+02 1.141487360000000000e+02
4.606401585542820700e-02 1.870660343749999800e+03 1.938673680000000000e+02 1.680501874999999900e+03 7.971881600000000400e+01 1.901584687500000000e+02 1.141485520000000000e+02
4.606971228370154000e-02 1.870657781250000000e+03 1.938662320000000000e+02 1.680490375000000100e+03 7.971798400000000100e+01 1.901674062500000000e+02 1.141482480000000000e+02
4.607291681571466800e-02 1.870657375000000000e+03 1.938650240000000100e+02 1.680480125000000000e+03 7.971716800000000100e+01 1.901772499999999900e+02 1.141478560000000000e+02
4.607688056098090100e-02 1.870719843749999900e+03 1.938518320000000000e+02 1.680452749999999900e+03 7.971309599999999300e+01 1.902670937499999900e+02 1.141387359999999900e+02
4.608093746124752200e-02 1.870926281249999900e+03 1.938011200000000000e+02 1.680347874999999900e+03 7.969816799999999500e+01 1.905784062500000000e+02 1.141029520000000000e+02
4.609006199353489500e-02 1.871053453125000000e+03 1.936536720000000000e+02 1.679995124999999900e+03 7.962587999999999500e+01 1.910583281250000000e+02 1.140277920000000100e+02
4.611059335561899800e-02 1.870701125000000000e+03 1.936933760000000000e+02 1.679951624999999900e+03 7.963280799999999700e+01 1.907495000000000100e+02 1.140605680000000000e+02
4.615678426255819000e-02 1.870445015625000000e+03 1.937809120000000000e+02 1.680005375000000000e+03 7.966147999999999700e+01 1.904396406250000100e+02 1.141194320000000000e+02
4.626071263873388800e-02 1.870697781249999900e+03 1.938079760000000000e+02 1.680229000000000000e+03 7.967991200000000200e+01 1.904687812500000100e+02 1.141280639999999900e+02
4.649455963619171500e-02 1.870674187500000000e+03 1.938076560000000100e+02 1.680140249999999900e+03 7.968145599999999700e+01 1.905339375000000100e+02 1.141262000000000000e+02
4.702070839384682500e-02 1.870666093750000100e+03 1.938149440000000300e+02 1.680041250000000000e+03 7.968547200000000400e+01 1.906248437500000000e+02 1.141294720000000100e+02
4.820455008519584200e-02 1.870665937499999900e+03 1.938034319999999900e+02 1.679705375000000000e+03 7.968084799999999700e+01 1.909605625000000100e+02 1.141225840000000000e+02
5.086818690410609800e-02 1.870666406249999900e+03 1.937410720000000000e+02 1.678471875000000000e+03 7.963402399999999700e+01 1.921945312500000100e+02 1.141070480000000100e+02
5.236648261474311000e-02 1.870665890625000000e+03 1.936816959999999900e+02 1.677337500000000100e+03 7.959156799999999500e+01 1.933283906250000000e+02 1.140901280000000100e+02
5.573765029255142000e-02 1.870666468749999900e+03 1.935629840000000000e+02 1.674516750000000000e+03 7.950852799999999800e+01 1.961497187500000100e+02 1.140544560000000000e+02
5.763393211131858500e-02 1.870665671875000000e+03 1.935249039999999900e+02 1.672885500000000100e+03 7.946963200000000400e+01 1.977801718750000100e+02 1.140552720000000000e+02
5.870058946993762100e-02 1.870665703124999900e+03 1.934922000000000000e+02 1.671893000000000000e+03 7.943317600000000300e+01 1.987727031249999900e+02 1.140590239999999900e+02
5.930058685414520800e-02 1.870667937500000100e+03 1.934735200000000100e+02 1.671432000000000000e+03 7.940019999999999800e+01 1.992359375000000100e+02 1.140733200000000000e+02
6.065057514642475900e-02 1.870665484375000000e+03 1.934377920000000000e+02 1.670292250000000000e+03 7.934285599999999800e+01 2.003732343750000100e+02 1.140949360000000000e+02
6.368805229736626500e-02 1.870666109374999900e+03 1.933242319999999900e+02 1.667406250000000000e+03 7.922816799999999700e+01 2.032598593749999900e+02 1.140960640000000000e+02
7.000000223572001900e-02 1.870666125000000200e+03 1.929676559999999800e+02 1.660642250000000100e+03 7.893358399999999600e+01 2.100238750000000000e+02 1.140340719999999900e+02
