0.000000000000000000e+00 0.000000000000000000e+00 0.000000000000000000e+00 0.000000000000000000e+00 0.000000000000000000e+00 0.000000000000000000e+00 0.000000000000000000e+00
-5.710279031444036600e-08 3.849518624999999700e+03 -3.600366210937504300e-04 2.122507999999999800e+03 6.112504882812499700e-03 1.727010624999999900e+03 -6.472541503906250100e-03
1.399943971226358100e-03 3.849517499999999900e+03 5.229924800000000600e+01 2.107577749999999900e+03 1.918899800000000200e+01 1.741939750000000000e+03 3.311025000000000100e+01
4.024946063720553700e-03 3.849517249999999900e+03 1.495857360000000000e+02 2.076942125000000000e+03 5.424844800000000300e+01 1.772575125000000100e+03 9.533728800000000100e+01
5.501510168315435600e-03 3.849509999999999800e+03 2.002996160000000100e+02 2.080545874999999800e+03 7.422989599999999700e+01 1.768964125000000000e+03 1.260697200000000000e+02
6.332077240623688700e-03 3.849510124999999800e+03 2.236400800000000100e+02 2.106489000000000000e+03 8.484735999999999500e+01 1.743021125000000000e+03 1.387927200000000000e+02
6.361276675493289700e-03 3.849438874999999800e+03 2.243893840000000100e+02 2.107585250000000100e+03 8.519023199999999500e+01 1.741853625000000000e+03 1.391991520000000000e+02
6.426975986168643800e-03 3.849509625000000100e+03 2.260767359999999800e+02 2.110274750000000000e+03 8.596329600000000000e+01 1.739234875000000100e+03 1.401134400000000000e+02
6.574798998524126900e-03 3.849511375000000000e+03 2.298224080000000000e+02 2.116422999999999800e+03 8.768107999999999400e+01 1.733088375000000000e+03 1.421413279999999900e+02
6.840880537207746700e-03 3.849514374999999700e+03 2.363635280000000300e+02 2.127901249999999900e+03 9.066253600000000300e+01 1.721613125000000100e+03 1.457009920000000100e+02
7.023811340332031300e-03 3.849512624999999800e+03 2.407352720000000100e+02 2.136142249999999900e+03 9.258687200000000000e+01 1.713370375000000000e+03 1.481484000000000100e+02
7.210900349785848000e-03 3.849512999999999900e+03 2.450156720000000000e+02 2.145289000000000200e+03 9.436186399999999700e+01 1.704223999999999900e+03 1.506538080000000000e+02
7.442422547765413500e-03 3.849504250000000000e+03 2.500752880000000000e+02 2.157912750000000000e+03 9.641307999999999400e+01 1.691591500000000000e+03 1.536622079999999900e+02
7.572653238298838500e-03 3.849498375000000100e+03 2.528866719999999800e+02 2.164969500000000200e+03 9.758918400000000300e+01 1.684528875000000000e+03 1.552974879999999900e+02
7.705844511188139400e-03 3.849516749999999800e+03 2.557204480000000000e+02 2.172173499999999900e+03 9.878729599999999800e+01 1.677343249999999900e+03 1.569331520000000100e+02
8.005524147415628300e-03 3.849514874999999800e+03 2.619490319999999900e+02 2.188733499999999800e+03 1.013428720000000000e+02 1.660781375000000000e+03 1.606061599999999900e+02
8.174093942793590100e-03 3.849516749999999800e+03 2.653198320000000200e+02 2.198313999999999900e+03 1.026559599999999900e+02 1.651202749999999900e+03 1.626638720000000000e+02
8.268914671025725000e-03 3.849520125000000000e+03 2.671612799999999800e+02 2.204030000000000200e+03 1.033181120000000000e+02 1.645490125000000000e+03 1.638431679999999900e+02
8.482261163993342800e-03 3.849505125000000100e+03 2.712162399999999700e+02 2.217308750000000100e+03 1.047614560000000000e+02 1.632196375000000000e+03 1.664547839999999900e+02
8.602268093234890000e-03 3.849505375000000200e+03 2.734881360000000000e+02 2.224585500000000100e+03 1.056114800000000000e+02 1.624919875000000000e+03 1.678766560000000000e+02
8.872284266247126200e-03 3.849513250000000000e+03 2.784388799999999800e+02 2.242009750000000200e+03 1.074196960000000000e+02 1.607503500000000000e+03 1.710191840000000000e+02
9.479821383298099200e-03 3.849514374999999700e+03 2.890760480000000100e+02 2.280627500000000100e+03 1.112941600000000100e+02 1.568886874999999900e+03 1.777818880000000100e+02
1.084677844111590600e-02 3.849514624999999800e+03 3.107285999999999700e+02 2.367694000000000000e+03 1.182691440000000000e+02 1.481820625000000100e+03 1.924594559999999900e+02
1.161569262307787800e-02 3.849513750000000100e+03 3.215296799999999800e+02 2.417502750000000100e+03 1.214093600000000100e+02 1.432011000000000000e+03 2.001203199999999900e+02
1.204820663209945700e-02 3.849515374999999900e+03 3.272914879999999600e+02 2.445010249999999800e+03 1.229721280000000000e+02 1.404505124999999900e+03 2.043193599999999900e+02
1.229149605328346900e-02 3.849518000000000000e+03 3.304103599999999700e+02 2.460675999999999900e+03 1.237649840000000000e+02 1.388842000000000100e+03 2.066453760000000000e+02
1.283889579540061800e-02 3.849515499999999500e+03 3.372164880000000300e+02 2.494842749999999800e+03 1.254056559999999900e+02 1.354672750000000000e+03 2.118108320000000000e+02
1.314680916922433100e-02 3.849514250000000200e+03 3.409063760000000200e+02 2.513744749999999800e+03 1.262396080000000000e+02 1.335769500000000100e+03 2.146667679999999900e+02
1.383961338699955800e-02 3.849515374999999900e+03 3.488382159999999900e+02 2.555973000000000000e+03 1.278977040000000000e+02 1.293542375000000000e+03 2.209405120000000100e+02
1.539842142144693500e-02 3.849515124999999900e+03 3.649886480000000100e+02 2.651079499999999800e+03 1.311139599999999900e+02 1.198435625000000100e+03 2.338746879999999900e+02
1.732744722284822500e-02 3.849516750000000200e+03 3.820896159999999800e+02 2.758777750000000200e+03 1.346652000000000000e+02 1.090739000000000000e+03 2.474244160000000100e+02
1.930031409630408900e-02 3.849518312500000300e+03 3.950022880000000200e+02 2.848915750000000100e+03 1.383890240000000100e+02 1.000602562500000000e+03 2.566132640000000200e+02
1.957774831844046000e-02 3.849518437500000300e+03 3.965176160000000300e+02 2.860483250000000200e+03 1.388789120000000100e+02 9.890351875000000100e+02 2.576387040000000200e+02
1.973380390395466200e-02 3.849517312499999700e+03 3.973439040000000100e+02 2.866838249999999800e+03 1.391573119999999900e+02 9.826790624999999900e+02 2.581865920000000200e+02
1.992692586412069000e-02 3.849576500000000100e+03 3.982569120000000000e+02 2.874470750000000000e+03 1.394082720000000100e+02 9.751057499999999400e+02 2.588486399999999900e+02
1.993926890167124800e-02 3.850024687500000300e+03 3.981937920000000300e+02 2.875391500000000200e+03 1.393063200000000000e+02 9.746331874999999600e+02 2.588874720000000000e+02
1.996148869813725900e-02 3.849541250000000200e+03 3.983578880000000000e+02 2.876038750000000200e+03 1.393540000000000100e+02 9.735025000000000500e+02 2.590038880000000200e+02
1.998926519037603000e-02 3.849297375000000100e+03 3.985375679999999600e+02 2.877059749999999900e+03 1.394175840000000100e+02 9.722376249999999800e+02 2.591199839999999900e+02
2.005175822238200100e-02 3.849454187500000000e+03 3.988564000000000100e+02 2.879718249999999900e+03 1.395172480000000000e+02 9.697359374999999800e+02 2.593391520000000100e+02
2.019236637995793600e-02 3.849524937500000300e+03 3.994928959999999700e+02 2.885397750000000100e+03 1.396687520000000100e+02 9.641271874999999900e+02 2.598241439999999900e+02
2.033078073727488000e-02 3.849506562499999700e+03 4.000957280000000100e+02 2.890765500000000000e+03 1.398190879999999900e+02 9.587410625000000000e+02 2.602766399999999900e+02
2.037526923658210300e-02 3.850535062500000100e+03 3.997697920000000000e+02 2.894290000000000000e+03 1.393120960000000000e+02 9.562450625000000200e+02 2.604576960000000000e+02
2.047537127111712100e-02 3.849189625000000000e+03 4.005776799999999900e+02 2.897897750000000100e+03 1.396351040000000100e+02 9.512918750000000000e+02 2.609425759999999700e+02
2.070060143103966500e-02 3.849539499999999900e+03 4.016225279999999900e+02 2.906132999999999800e+03 1.400690720000000100e+02 9.434065000000000500e+02 2.615534559999999800e+02
2.120736696199037800e-02 3.849519937500000200e+03 4.038340800000000300e+02 2.924576750000000200e+03 1.408795680000000100e+02 9.249431875000000200e+02 2.629545120000000200e+02
2.234759348216074400e-02 3.849517312500000100e+03 4.083864479999999700e+02 2.962879500000000000e+03 1.426857280000000100e+02 8.866378125000000000e+02 2.657007199999999900e+02
2.491309849479405100e-02 3.849517875000000000e+03 4.163122399999999700e+02 3.034780999999999900e+03 1.461129440000000000e+02 8.147368750000000500e+02 2.701992960000000000e+02
2.808791406279809900e-02 3.849517437500000100e+03 4.233472799999999600e+02 3.103305750000000000e+03 1.494022559999999900e+02 7.462116875000000400e+02 2.739450239999999900e+02
2.829084990225432300e-02 3.849517374999999900e+03 4.237080320000000000e+02 3.107121749999999800e+03 1.495872000000000000e+02 7.423956250000000000e+02 2.741208320000000100e+02
2.854198181003295800e-02 3.849533250000000000e+03 4.241441280000000200e+02 3.111825249999999900e+03 1.498080640000000000e+02 7.377079999999999700e+02 2.743360640000000200e+02
2.857729687067761200e-02 3.849546124999999800e+03 4.242046880000000300e+02 3.112510499999999900e+03 1.498425440000000000e+02 7.370356249999999800e+02 2.743621440000000000e+02
2.861341539320055200e-02 3.849986812499999800e+03 4.242719999999999900e+02 3.113720499999999900e+03 1.499177280000000100e+02 7.362663125000000300e+02 2.743542719999999800e+02
2.869468148665841800e-02 3.849336749999999900e+03 4.243499039999999800e+02 3.114570999999999900e+03 1.499664799999999900e+02 7.347657500000000300e+02 2.743834239999999900e+02
2.887753077915736900e-02 3.849524187500000200e+03 4.246461120000000200e+02 3.117953000000000000e+03 1.501119679999999900e+02 7.315711874999999500e+02 2.745341440000000300e+02
2.928893819396749200e-02 3.849517937499999800e+03 4.253356959999999800e+02 3.125404250000000000e+03 1.504297440000000000e+02 7.241136874999999700e+02 2.749059520000000100e+02
3.021460778838403600e-02 3.849516874999999800e+03 4.267193760000000100e+02 3.141189249999999900e+03 1.510733920000000100e+02 7.083276250000000100e+02 2.756459840000000000e+02
3.229736262916500100e-02 3.849517625000000000e+03 4.292612480000000200e+02 3.172901750000000000e+03 1.522144639999999900e+02 6.766158749999999600e+02 2.770467840000000000e+02
3.346891484708867900e-02 3.849517374999999900e+03 4.304453600000000500e+02 3.188896249999999800e+03 1.526932960000000000e+02 6.606211250000000100e+02 2.777520640000000200e+02
3.412790962191292200e-02 3.849516562500000000e+03 4.310301440000000100e+02 3.197395500000000100e+03 1.528870400000000100e+02 6.521210624999999900e+02 2.781431039999999900e+02
3.449859665718125300e-02 3.849519875000000000e+03 4.313349120000000300e+02 3.202094500000000200e+03 1.529612480000000100e+02 6.474253750000000300e+02 2.783736640000000200e+02
3.470710782341032000e-02 3.849521375000000300e+03 4.314919199999999900e+02 3.204831000000000100e+03 1.529623839999999900e+02 6.446903750000000200e+02 2.785295360000000100e+02
3.482439462664072700e-02 3.849546875000000000e+03 4.315750400000000000e+02 3.206875750000000200e+03 1.528872000000000100e+02 6.426711249999999600e+02 2.786878399999999900e+02
3.489036932678595700e-02 3.849471187499999800e+03 4.316245759999999900e+02 3.207635249999999800e+03 1.528926080000000000e+02 6.418359375000000000e+02 2.787319679999999900e+02
3.491077958736955200e-02 3.849483062500000400e+03 4.316349760000000500e+02 3.207884750000000200e+03 1.528917120000000100e+02 6.415983125000000200e+02 2.787432640000000100e+02
3.492226094116658600e-02 3.849497625000000000e+03 4.316387039999999600e+02 3.208026750000000000e+03 1.528898079999999900e+02 6.414708749999999800e+02 2.787488960000000000e+02
3.492871891156803400e-02 3.849510750000000400e+03 4.316392640000000300e+02 3.208108250000000200e+03 1.528876160000000100e+02 6.414025000000000300e+02 2.787516479999999900e+02
3.493532360109508800e-02 3.849542187499999700e+03 4.316354240000000600e+02 3.208202499999999900e+03 1.528817600000000100e+02 6.413396874999999700e+02 2.787536640000000100e+02
3.494721250801878500e-02 3.849791687500000100e+03 4.315475840000000300e+02 3.208427999999999900e+03 1.528163199999999900e+02 6.413636874999999700e+02 2.787312640000000100e+02
3.496207305945465300e-02 3.849595374999999900e+03 4.316015360000000100e+02 3.208549250000000000e+03 1.528364799999999900e+02 6.410461249999999600e+02 2.787650560000000200e+02
3.499551104684161400e-02 3.849463874999999900e+03 4.316568320000000100e+02 3.208880999999999900e+03 1.528611200000000000e+02 6.405828749999999400e+02 2.787957119999999800e+02
3.507074302514976600e-02 3.849457250000000400e+03 4.317277440000000300e+02 3.209826500000000100e+03 1.528786240000000000e+02 6.396307500000000300e+02 2.788491200000000300e+02
3.524001963409312300e-02 3.849526499999999900e+03 4.318444640000000200e+02 3.211870249999999900e+03 1.528956000000000000e+02 6.376562500000000000e+02 2.789488640000000100e+02
3.562088851090316300e-02 3.849517812500000200e+03 4.321020800000000000e+02 3.216038500000000100e+03 1.529668480000000000e+02 6.334793124999999900e+02 2.791352319999999700e+02
3.609221555083371600e-02 3.849519749999999900e+03 4.323903359999999900e+02 3.220984750000000100e+03 1.530372800000000100e+02 6.285349999999999700e+02 2.793530559999999800e+02
3.621272318820231700e-02 3.849519562500000100e+03 4.324550879999999900e+02 3.222175000000000200e+03 1.530510879999999900e+02 6.273445625000000500e+02 2.794040000000000000e+02
3.648386944781292800e-02 3.849521062500000000e+03 4.325035520000000100e+02 3.224389500000000200e+03 1.530150079999999900e+02 6.251315624999999700e+02 2.794885439999999900e+02
3.663638980106265900e-02 3.849513875000000100e+03 4.325881279999999800e+02 3.225785750000000000e+03 1.530247679999999900e+02 6.237281249999999800e+02 2.795633599999999900e+02
3.668357513763092400e-02 3.849515250000000400e+03 4.326071359999999700e+02 3.226186000000000100e+03 1.530238080000000000e+02 6.233292500000000000e+02 2.795833279999999900e+02
3.671011732611464300e-02 3.849512937499999700e+03 4.326138399999999800e+02 3.226391749999999800e+03 1.530207200000000100e+02 6.231211875000000200e+02 2.795931200000000000e+02
3.673726269322583100e-02 3.849502000000000400e+03 4.326068960000000100e+02 3.226536750000000200e+03 1.530086560000000000e+02 6.229652499999999700e+02 2.795982399999999800e+02
3.674566061651023100e-02 3.849521687499999600e+03 4.325909920000000300e+02 3.226548499999999900e+03 1.529962080000000000e+02 6.229731874999999900e+02 2.795947840000000000e+02
3.675424950754541100e-02 3.851335125000000100e+03 4.318257760000000200e+02 3.225409000000000100e+03 1.526875680000000000e+02 6.259261249999999600e+02 2.791382080000000200e+02
3.677357451237456300e-02 3.850027562499999900e+03 4.318982879999999800e+02 3.225084499999999900e+03 1.526747039999999900e+02 6.249430625000000000e+02 2.792235840000000200e+02
3.681705693767767200e-02 3.848885249999999800e+03 4.321670400000000400e+02 3.225410500000000000e+03 1.527246399999999900e+02 6.234747499999999700e+02 2.794424000000000200e+02
3.691489064795339100e-02 3.849507187500000300e+03 4.323605279999999900e+02 3.227346250000000100e+03 1.527711840000000100e+02 6.221609375000000500e+02 2.795893439999999800e+02
3.713501591385502700e-02 3.849535562499999700e+03 4.324885919999999800e+02 3.229054749999999800e+03 1.528295840000000100e+02 6.204808124999999600e+02 2.796590079999999700e+02
3.763029543325869400e-02 3.849518500000000100e+03 4.327120959999999700e+02 3.233174500000000100e+03 1.528708800000000000e+02 6.163440000000000500e+02 2.798412159999999700e+02
3.874467842744820600e-02 3.849517249999999900e+03 4.330806880000000100e+02 3.242068499999999900e+03 1.528553760000000100e+02 6.074487500000000200e+02 2.802253119999999700e+02
3.908944042611035100e-02 3.849519499999999900e+03 4.331300639999999500e+02 3.244659999999999900e+03 1.528128480000000000e+02 6.048595000000000300e+02 2.803172159999999700e+02
3.928336584815466500e-02 3.849516875000000300e+03 4.331811999999999900e+02 3.246101000000000100e+03 1.527984160000000000e+02 6.034158750000000300e+02 2.803827840000000200e+02
3.939245501135150300e-02 3.849519749999999900e+03 4.332035199999999700e+02 3.246879250000000000e+03 1.527839999999999900e+02 6.026404999999999700e+02 2.804195199999999800e+02
3.950401743980845600e-02 3.849531750000000100e+03 4.332131039999999900e+02 3.247645000000000000e+03 1.527555360000000100e+02 6.018867500000000100e+02 2.804575679999999800e+02
3.953853136744982900e-02 3.849553375000000000e+03 4.332067680000000100e+02 3.247886500000000100e+03 1.527374240000000000e+02 6.016668750000000000e+02 2.804693439999999800e+02
3.955794486952934200e-02 3.849556750000000200e+03 4.332056319999999800e+02 3.248018750000000200e+03 1.527284799999999900e+02 6.015380000000000100e+02 2.804771519999999900e+02
3.957383245484442200e-02 3.849699312499999900e+03 4.331674080000000200e+02 3.248186999999999900e+03 1.526928480000000000e+02 6.015123125000000100e+02 2.804745600000000000e+02
3.959368844317574800e-02 3.849575625000000400e+03 4.331791519999999900e+02 3.248259500000000100e+03 1.526877920000000000e+02 6.013161250000000600e+02 2.804913599999999900e+02
3.963836558135874800e-02 3.849381124999999900e+03 4.332227360000000000e+02 3.248453500000000100e+03 1.527040480000000000e+02 6.009276250000000300e+02 2.805186880000000000e+02
3.973888448452047400e-02 3.849502625000000100e+03 4.332623199999999900e+02 3.249248000000000000e+03 1.527074720000000000e+02 6.002546250000000300e+02 2.805548479999999900e+02
3.996505550994686900e-02 3.849520812499999900e+03 4.333085600000000000e+02 3.250765500000000000e+03 1.526914400000000000e+02 5.987553124999999500e+02 2.806171200000000000e+02
4.047394264603126900e-02 3.849517562500000200e+03 4.334048639999999800e+02 3.254139000000000100e+03 1.526415360000000000e+02 5.953785625000000400e+02 2.807633280000000000e+02
4.076019398895375900e-02 3.849517249999999900e+03 4.334484320000000300e+02 3.255979750000000000e+03 1.526057439999999900e+02 5.935375000000000200e+02 2.808426880000000100e+02
4.092120774936326700e-02 3.849517500000000400e+03 4.334663200000000000e+02 3.256981000000000200e+03 1.525811359999999900e+02 5.925365000000000500e+02 2.808851839999999800e+02
4.128349220359718600e-02 3.849515187500000100e+03 4.334538079999999800e+02 3.259072500000000200e+03 1.524876319999999900e+02 5.904426875000000300e+02 2.809661760000000200e+02
4.173181927393353200e-02 3.849515124999999900e+03 4.335014080000000300e+02 3.261695749999999900e+03 1.524126400000000100e+02 5.878193750000000400e+02 2.810887680000000200e+02
4.193241925175519200e-02 3.849518874999999800e+03 4.335074240000000100e+02 3.262760749999999900e+03 1.523587840000000100e+02 5.867581249999999500e+02 2.811486400000000000e+02
4.196788336040045000e-02 3.849528062499999600e+03 4.335042560000000000e+02 3.262940999999999800e+03 1.523453440000000100e+02 5.865870625000000000e+02 2.811589119999999900e+02
4.198783250373216300e-02 3.849540312499999800e+03 4.334996319999999600e+02 3.263042250000000000e+03 1.523349279999999900e+02 5.864980624999999500e+02 2.811647039999999700e+02
4.199905302352812500e-02 3.849556874999999800e+03 4.334938240000000200e+02 3.263099999999999900e+03 1.523260479999999900e+02 5.864568749999999700e+02 2.811677760000000000e+02
4.200536427480397500e-02 3.849587625000000100e+03 4.334852159999999800e+02 3.263139250000000200e+03 1.523164160000000000e+02 5.864483750000000600e+02 2.811687999999999800e+02
4.201181991633042000e-02 3.849713187500000000e+03 4.334541920000000300e+02 3.263196500000000000e+03 1.522915999999999900e+02 5.865166874999999900e+02 2.811625920000000200e+02
4.201544830359527800e-02 3.849931562499999900e+03 4.334014720000000100e+02 3.263243500000000000e+03 1.522563519999999900e+02 5.866880625000000000e+02 2.811451200000000200e+02
4.202361799712874000e-02 3.849981937499999700e+03 4.333519840000000200e+02 3.263267499999999900e+03 1.522119199999999900e+02 5.867144375000000300e+02 2.811400640000000000e+02
4.204200213645404400e-02 3.849671187500000100e+03 4.334300480000000600e+02 3.263291250000000200e+03 1.522408000000000100e+02 5.863799374999999800e+02 2.811892480000000200e+02
4.208336295662346000e-02 3.849330062500000200e+03 4.334728640000000200e+02 3.263303249999999900e+03 1.522545920000000000e+02 5.860268125000000100e+02 2.812182720000000100e+02
4.217642014425462100e-02 3.849453000000000000e+03 4.334984160000000200e+02 3.263893250000000100e+03 1.522514720000000100e+02 5.855597500000000100e+02 2.812469439999999800e+02
4.238580463861225900e-02 3.849527812500000000e+03 4.335090239999999500e+02 3.264992749999999900e+03 1.522200640000000100e+02 5.845350624999999800e+02 2.812889599999999700e+02
4.285691742204193700e-02 3.849517312500000100e+03 4.335264320000000000e+02 3.267437750000000100e+03 1.521330879999999900e+02 5.820795624999999500e+02 2.813933440000000100e+02
4.343991867642991300e-02 3.849516374999999700e+03 4.335318240000000300e+02 3.270481249999999800e+03 1.520074720000000100e+02 5.790351249999999900e+02 2.815243520000000200e+02
4.376785688202314300e-02 3.849516562500000000e+03 4.335196799999999900e+02 3.272118750000000100e+03 1.519231680000000000e+02 5.773978124999999900e+02 2.815965120000000200e+02
4.410324748764690700e-02 3.849521625000000300e+03 4.334620640000000000e+02 3.273661750000000200e+03 1.517787999999999900e+02 5.758598749999999900e+02 2.816832640000000100e+02
4.485788217248789400e-02 3.849516749999999800e+03 4.334126719999999900e+02 3.277186499999999800e+03 1.515748160000000000e+02 5.723302499999999800e+02 2.818378559999999900e+02
4.579173776256296300e-02 3.849516437499999900e+03 4.333311840000000100e+02 3.281324000000000100e+03 1.513245279999999900e+02 5.681924374999999800e+02 2.820066560000000200e+02
4.674681871947497500e-02 3.849516937500000000e+03 4.332511040000000000e+02 3.285344750000000200e+03 1.510870400000000000e+02 5.641721874999999500e+02 2.821640640000000000e+02
4.889574621477697800e-02 3.849517187500000100e+03 4.331051039999999800e+02 3.293033500000000000e+03 1.506759520000000000e+02 5.564836874999999700e+02 2.824291519999999900e+02
4.950013585725256100e-02 3.849514312500000000e+03 4.330465120000000100e+02 3.294832249999999900e+03 1.505733280000000000e+02 5.546820625000000300e+02 2.824731840000000000e+02
4.980232602074033400e-02 3.849517000000000300e+03 4.330306559999999600e+02 3.295791000000000200e+03 1.505278079999999900e+02 5.537260000000000000e+02 2.825028479999999700e+02
5.048226436852535500e-02 3.849517312499999700e+03 4.329902080000000000e+02 3.297835999999999800e+03 1.504269439999999900e+02 5.516813124999999900e+02 2.825632640000000000e+02
5.086472619584192500e-02 3.849517249999999900e+03 4.329640959999999800e+02 3.298918749999999800e+03 1.503693759999999900e+02 5.505984999999999400e+02 2.825947200000000000e+02
5.107986301147312400e-02 3.849517875000000000e+03 4.329470720000000500e+02 3.299495750000000000e+03 1.503371840000000100e+02 5.500221249999999600e+02 2.826098880000000100e+02
5.120087601471879500e-02 3.849516687500000000e+03 4.329317280000000200e+02 3.299795000000000100e+03 1.503162399999999900e+02 5.497216875000000300e+02 2.826154880000000300e+02
5.126894437349759800e-02 3.849733312500000000e+03 4.327132320000000000e+02 3.299543250000000200e+03 1.502126240000000100e+02 5.501900624999999500e+02 2.825006080000000000e+02
5.142210516737494300e-02 3.849498437499999900e+03 4.328016959999999900e+02 3.300052999999999900e+03 1.502257280000000000e+02 5.494454375000000300e+02 2.825759679999999900e+02
5.176670880253644200e-02 3.849520312499999800e+03 4.327988800000000500e+02 3.300931000000000000e+03 1.501903680000000100e+02 5.485893125000000100e+02 2.826085120000000200e+02
5.254207047496232300e-02 3.849517625000000000e+03 4.327987200000000000e+02 3.302786250000000100e+03 1.501241280000000100e+02 5.467313749999999600e+02 2.826745920000000200e+02
5.428664006010808200e-02 3.849517499999999900e+03 4.327843520000000100e+02 3.306134750000000200e+03 1.499947520000000100e+02 5.433827499999999900e+02 2.827896000000000100e+02
5.644553979820093200e-02 3.849516624999999700e+03 4.327515520000000000e+02 3.309151249999999900e+03 1.498458239999999900e+02 5.403653749999999700e+02 2.829057280000000100e+02
5.765992235642504500e-02 3.849516187499999900e+03 4.327393919999999500e+02 3.310569250000000000e+03 1.497748479999999900e+02 5.389469374999999900e+02 2.829645439999999900e+02
5.834301400097298400e-02 3.849516812500000000e+03 4.327312319999999800e+02 3.311216249999999900e+03 1.497367999999999900e+02 5.383005624999999600e+02 2.829944320000000200e+02
5.872725043104681800e-02 3.849515562500000200e+03 4.327219360000000300e+02 3.311498750000000200e+03 1.497113760000000000e+02 5.380168125000000100e+02 2.830105600000000000e+02
5.882549169444922100e-02 3.849503000000000200e+03 4.326636479999999700e+02 3.311386250000000000e+03 1.496710720000000100e+02 5.381167500000000200e+02 2.829925759999999900e+02
5.904653919485463400e-02 3.849524687499999800e+03 4.326887199999999900e+02 3.311613249999999900e+03 1.496736160000000100e+02 5.379114375000000300e+02 2.830151040000000100e+02
5.954389374189179200e-02 3.849517499999999900e+03 4.326994240000000200e+02 3.312012499999999800e+03 1.496555200000000000e+02 5.375050000000000000e+02 2.830439040000000000e+02
6.066293681497539300e-02 3.849517625000000000e+03 4.327120160000000100e+02 3.312734250000000000e+03 1.496094880000000000e+02 5.367833749999999800e+02 2.831025280000000100e+02
6.318079071603852100e-02 3.849517437499999700e+03 4.327005120000000000e+02 3.313434499999999800e+03 1.495016000000000000e+02 5.360829374999999600e+02 2.831989120000000100e+02
6.884596082899305200e-02 3.849517437500000100e+03 4.324733120000000200e+02 3.311652250000000100e+03 1.492306560000000100e+02 5.378651875000000500e+02 2.832426560000000100e+02
7.000000223572001900e-02 3.849516374999999700e+03 4.324325920000000000e+02 3.311068499999999900e+03 1.491826399999999900e+02 5.384478749999999500e+02 2.832499520000000100e+02
