0.000000000000000000e+00 0.000000000000000000e+00 0.000000000000000000e+00 0.000000000000000000e+00 0.000000000000000000e+00 0.000000000000000000e+00 0.000000000000000000e+00
-4.118034459364519800e-08 1.658066406250000600e-01 -2.273559570318585400e-09 1.099954199218750100e+01 1.898300933837890500e-04 -1.083373535156250100e+01 -1.898323669433593700e-04
8.749593235063427200e-04 1.658603515625003400e-01 2.102509375000000300e+00 1.156515820312500000e+01 6.361606250000000400e-01 -1.139929785156249900e+01 1.466348750000000100e+00
1.235897029478718900e-03 1.664208984374990800e-01 2.954140687499999800e+00 1.233615234374999900e+01 8.549779374999999500e-01 -1.216973144531250000e+01 2.099162750000000100e+00
1.531209689112785700e-03 1.662529296875003800e-01 3.620089875000000100e+00 1.377742382812500000e+01 9.718808749999999800e-01 -1.361117089843750000e+01 2.648209000000000000e+00
1.826522348746852900e-03 1.661152343749989800e-01 4.229639250000000000e+00 1.731740234375000000e+01 9.579680000000000400e-01 -1.715128710937500100e+01 3.271671249999999800e+00
1.918807664881228000e-03 1.667617187499992300e-01 4.416221812499999900e+00 1.859240820312500000e+01 9.497500625000000500e-01 -1.842564648437500100e+01 3.466471750000000200e+00
2.126449283965303400e-03 1.650878906249992900e-01 4.836766812499999600e+00 2.147892578124999800e+01 9.367490625000000100e-01 -2.131383789062499900e+01 3.900017749999999900e+00
2.243247792476743800e-03 1.657792968750015900e-01 5.076391312500000200e+00 2.298755078125000000e+01 9.442213124999999700e-01 -2.282177148437499900e+01 4.132170000000000300e+00
2.506044436627485300e-03 1.661542968749998300e-01 5.620250249999999800e+00 2.581369140625000100e+01 9.903402500000000300e-01 -2.564753710937500100e+01 4.629909999999999700e+00
2.653867475629791500e-03 1.656347656250005700e-01 5.924315812499999700e+00 2.735269726562500000e+01 1.019440812500000100e+00 -2.718706250000000000e+01 4.904874999999999700e+00
2.820168345619061200e-03 1.661582031250006300e-01 6.264873375000000500e+00 2.898853320312500200e+01 1.057483374999999900e+00 -2.882237500000000100e+01 5.207390000000000200e+00
2.903318780613696300e-03 1.658691406249985800e-01 6.433346249999999600e+00 2.980154687500000000e+01 1.077624750000000000e+00 -2.963567773437500100e+01 5.355721499999999600e+00
2.950091022518989000e-03 1.660917968750013100e-01 6.527145749999999900e+00 3.027286523437500100e+01 1.089355750000000000e+00 -3.010677343749999900e+01 5.437789999999999700e+00
3.007971473879075600e-03 2.035566406250026700e-01 6.598274749999999900e+00 3.224505078125000100e+01 1.085554249999999900e+00 -3.204149414062499800e+01 5.512720500000000400e+00
3.067167412264766100e-03 1.603007812500010200e-01 6.717868249999999500e+00 3.278722656250000300e+01 1.110376250000000100e+00 -3.262692578125000200e+01 5.607491999999999700e+00
3.200358566962514600e-03 1.663554687500052900e-01 6.986803750000000000e+00 3.387954296875000200e+01 1.168023749999999900e+00 -3.371318749999999700e+01 5.818780000000000300e+00
3.500038322814180400e-03 1.659609374999959600e-01 7.587120125000000200e+00 3.667712499999999700e+01 1.266673624999999900e+00 -3.651116406250000100e+01 6.320446500000000100e+00
4.174317431262159100e-03 1.658125000000012500e-01 8.926529374999999400e+00 4.340608203125000100e+01 1.446733875000000100e+00 -4.324026953125000000e+01 7.479795499999999800e+00
5.008738263072617100e-03 1.658398437499997200e-01 1.056291437500000000e+01 5.159963671874999800e+01 1.660957375000000000e+00 -5.143379687499999900e+01 8.901956999999999500e+00
5.478099809856865800e-03 1.657304687500058500e-01 1.147376800000000000e+01 5.602648437500000300e+01 1.782070000000000000e+00 -5.586075390624999700e+01 9.691698000000000600e+00
5.742115924364624700e-03 1.658007812500059700e-01 1.198437625000000000e+01 5.837703515625000300e+01 1.850902250000000100e+00 -5.821123437499999700e+01 1.013347400000000000e+01
6.012132005115819100e-03 1.658359374999989200e-01 1.250347212500000000e+01 6.076646875000000100e+01 1.920341125000000000e+00 -6.060063281250000200e+01 1.058313100000000000e+01
6.164016294979986200e-03 1.657695312500067100e-01 1.279468687500000000e+01 6.207866406250000300e+01 1.959020875000000000e+00 -6.191289453124999700e+01 1.083566600000000000e+01
6.185375017131094200e-03 1.654296874999943200e-01 1.283536025000000100e+01 6.225193749999999700e+01 1.964326250000000100e+00 -6.208650781250000300e+01 1.087103400000000000e+01
6.197389029455309900e-03 1.656328125000001700e-01 1.285802412500000000e+01 6.234459375000000100e+01 1.967172125000000000e+00 -6.217896093750000100e+01 1.089085200000000100e+01
6.204147351382598500e-03 1.689101562499999400e-01 1.287013037499999900e+01 6.239824999999999700e+01 1.968211375000000100e+00 -6.222933984374999700e+01 1.090191899999999900e+01
6.207948516360105300e-03 1.792343750000000600e-01 1.287583587500000000e+01 6.243987500000000100e+01 1.967773875000000000e+00 -6.226064062500000100e+01 1.090806199999999900e+01
6.210086696104114500e-03 1.948515624999984700e-01 1.287800650000000000e+01 6.247590625000000100e+01 1.966581500000000000e+00 -6.228105468750000300e+01 1.091142499999999900e+01
6.211289739984226700e-03 2.145039062500018200e-01 1.287838500000000000e+01 6.250806640625000200e+01 1.965163999999999900e+00 -6.229356250000000000e+01 1.091322100000000000e+01
6.211966354390141600e-03 2.349414062500017100e-01 1.287802587499999900e+01 6.253557031249999900e+01 1.963868875000000000e+00 -6.230062890624999700e+01 1.091415699999999900e+01
6.212803322499191700e-03 3.151796875000059100e-01 1.287499550000000100e+01 6.262152734375000300e+01 1.960049500000000000e+00 -6.230634765624999700e+01 1.091494600000000000e+01
6.213659845937893400e-03 6.402460937500009700e-01 1.286220237499999900e+01 6.294861718749999800e+01 1.947687375000000100e+00 -6.230837109374999700e+01 1.091451500000000000e+01
6.214141298153894200e-03 1.011734374999996100e+00 1.284744100000000000e+01 6.331392578124999900e+01 1.934377000000000000e+00 -6.230219140625000300e+01 1.091306400000000000e+01
6.214737344601648100e-03 1.674996093750003500e+00 1.281925037499999900e+01 6.398322656250000100e+01 1.909300374999999900e+00 -6.230823046874999700e+01 1.090995000000000000e+01
6.215347079780157700e-03 2.417449218749993600e+00 1.278526974999999900e+01 6.480786328124999300e+01 1.878316750000000000e+00 -6.239041406250000000e+01 1.090695300000000000e+01
6.215690080262231200e-03 2.801898437499993100e+00 1.276593662500000000e+01 6.528917578124999500e+01 1.860189625000000100e+00 -6.248727734375000200e+01 1.090574700000000000e+01
6.216461342463655000e-03 3.073296875000004000e+00 1.272924537500000000e+01 6.601367968750000200e+01 1.824226375000000100e+00 -6.294038281249999800e+01 1.090501899999999900e+01
6.218197464630046200e-03 1.023980468749996900e+00 1.270441874999999900e+01 6.522563281249999500e+01 1.795447749999999900e+00 -6.420165234374999800e+01 1.090897099999999900e+01
6.222103055067887400e-03 1.011523437500017100e-01 1.274396575000000100e+01 6.491839843750000200e+01 1.812874750000000000e+00 -6.481724609375000100e+01 1.093109100000000000e+01
6.230891220212921400e-03 -5.165820312499960200e-01 1.281584387499999900e+01 6.484391796875000600e+01 1.831626875000000000e+00 -6.536050000000000200e+01 1.098421699999999900e+01
6.250664396235948100e-03 7.303515625000045500e-02 1.290761700000000000e+01 6.526175781249999400e+01 1.854231000000000000e+00 -6.518872265624999300e+01 1.105338600000000000e+01
6.295154335617706200e-03 1.849140624999989800e-01 1.297515475000000000e+01 6.546984374999999500e+01 1.867702750000000100e+00 -6.528492968749999600e+01 1.110745200000000000e+01
6.395256503673363600e-03 1.667265624999885200e-01 1.315771787499999900e+01 6.628135937499999400e+01 1.893321875000000000e+00 -6.611463281250000500e+01 1.126439600000000000e+01
6.620485795138702000e-03 1.658281250000044300e-01 1.358746024999999900e+01 6.810680468750000200e+01 1.957585249999999900e+00 -6.794097656249999800e+01 1.162987500000000000e+01
7.127252776478844500e-03 1.658437500000076200e-01 1.455531875000000000e+01 7.181300781250000400e+01 2.112701749999999800e+00 -7.164716406249999600e+01 1.244261700000000000e+01
8.267477115621091300e-03 1.657578124999901100e-01 1.671631550000000000e+01 8.006953124999999700e+01 2.454265500000000000e+00 -7.990377343750000700e+01 1.426205000000000000e+01
1.083298305201092400e-02 1.659296874999967000e-01 2.093288899999999900e+01 9.798759375000000200e+01 3.105411000000000100e+00 -9.782166406250000500e+01 1.782747799999999900e+01
1.371917762155607800e-02 1.658359374999918100e-01 2.352557200000000000e+01 1.185449062500000000e+02 3.857511999999999800e+00 -1.183790703125000100e+02 1.966806000000000100e+01
1.516227490632865600e-02 1.658125000000012500e-01 2.431738800000000100e+01 1.274717812500000100e+02 4.203424000000000000e+00 -1.273059687500000100e+02 2.011396399999999900e+01
1.840924340596036500e-02 1.657968750000122800e-01 2.549808149999999800e+01 1.443649687500000000e+02 4.818803499999999600e+00 -1.441991718749999900e+02 2.067927800000000000e+01
2.023566269811995600e-02 1.663906249999911300e-01 2.594177500000000000e+01 1.518144531250000000e+02 5.071070999999999900e+00 -1.516480625000000100e+02 2.087070400000000000e+01
2.249585674816542000e-02 1.657500000000027300e-01 2.635086850000000100e+01 1.591194062500000000e+02 5.304232500000000300e+00 -1.589536562499999900e+02 2.104663599999999900e+01
2.281369656089722200e-02 1.657500000000027300e-01 2.640168849999999900e+01 1.600253437499999900e+02 5.332166499999999600e+00 -1.598595937499999900e+02 2.106952199999999900e+01
2.299248233554870200e-02 1.656875000000184200e-01 2.642805750000000100e+01 1.604954375000000100e+02 5.346675499999999900e+00 -1.603297499999999900e+02 2.108138200000000100e+01
2.301762266734766100e-02 1.661249999999938600e-01 2.643093350000000200e+01 1.605527343750000000e+02 5.348411500000000100e+00 -1.603866093750000100e+02 2.108252200000000100e+01
2.303176508175106300e-02 1.676406249999900000e-01 2.643179750000000200e+01 1.605834375000000000e+02 5.348961499999999700e+00 -1.604157968750000100e+02 2.108283600000000000e+01
2.303972018985297700e-02 1.715781249999963600e-01 2.643154700000000200e+01 1.606047031249999900e+02 5.348739000000000100e+00 -1.604331249999999900e+02 2.108280800000000000e+01
2.304419444927706000e-02 1.774531249999995500e-01 2.643086750000000200e+01 1.606216562500000000e+02 5.348213500000000000e+00 -1.604442031250000000e+02 2.108265400000000200e+01
2.304877196084170000e-02 2.003281249999986400e-01 2.642860500000000100e+01 1.606544687500000100e+02 5.346605000000000300e+00 -1.604541406250000100e+02 2.108200000000000100e+01
2.305018776670841200e-02 2.148593750000031800e-01 2.642733499999999900e+01 1.606703437500000000e+02 5.345739000000000000e+00 -1.604554843750000000e+02 2.108159600000000100e+01
2.305163486110256600e-02 2.487343749999979500e-01 2.642487249999999900e+01 1.606992500000000100e+02 5.344134500000000000e+00 -1.604505156250000100e+02 2.108073800000000000e+01
2.305244992724240700e-02 2.899218750000045500e-01 2.642230049999999900e+01 1.607294531249999900e+02 5.342528500000000200e+00 -1.604395312499999900e+02 2.107977199999999800e+01
2.305290830416941900e-02 3.295156249999990900e-01 2.642003499999999900e+01 1.607563906249999900e+02 5.341156999999999900e+00 -1.604268750000000000e+02 2.107887800000000000e+01
2.305393926114860500e-02 5.488750000000095500e-01 2.640801750000000000e+01 1.609014843750000000e+02 5.333869499999999600e+00 -1.603526093749999900e+02 2.107414800000000100e+01
2.305625774103199600e-02 5.139374999999972700e-01 2.639676799999999800e+01 1.609369218750000000e+02 5.326399999999999600e+00 -1.604229843750000000e+02 2.107036799999999800e+01
2.306147666740918100e-02 2.097812499999918100e-01 2.640335650000000100e+01 1.607847500000000000e+02 5.329696499999999800e+00 -1.605749687500000100e+02 2.107366000000000000e+01
2.307321925175784600e-02 2.553125000000022700e-02 2.640954950000000100e+01 1.607255468749999900e+02 5.332933500000000200e+00 -1.607000156249999900e+02 2.107661600000000100e+01
2.309963771990277600e-02 1.418593749999956800e-01 2.642172250000000100e+01 1.608044843749999900e+02 5.340846499999999600e+00 -1.606626249999999900e+02 2.108087600000000000e+01
2.313233266665240900e-02 1.805156249999981800e-01 2.642808799999999900e+01 1.608477968750000000e+02 5.345748000000000400e+00 -1.606672812500000000e+02 2.108233999999999900e+01
2.316576915150239300e-02 1.904218749999984100e-01 2.641994899999999900e+01 1.609565312500000100e+02 5.339983000000000100e+00 -1.607661093750000100e+02 2.107996599999999900e+01
2.317611470310080800e-02 1.686093749999884000e-01 2.641798650000000100e+01 1.609787343749999900e+02 5.338394499999999700e+00 -1.608101250000000000e+02 2.107959200000000200e+01
2.318669335422866200e-02 2.168125000000031800e-01 2.640703950000000000e+01 1.610775625000000000e+02 5.330517500000000000e+00 -1.608607500000000000e+02 2.107652200000000100e+01
2.321049766590588600e-02 1.205468750000022700e-01 2.641280500000000200e+01 1.610704375000000000e+02 5.333687000000000300e+00 -1.609498906249999900e+02 2.107911800000000100e+01
2.326405736717964900e-02 1.636562500000025000e-01 2.642607100000000000e+01 1.611161875000000000e+02 5.343638999999999600e+00 -1.609525312499999900e+02 2.108243200000000100e+01
2.338456669504561000e-02 1.689843750000079600e-01 2.644041950000000100e+01 1.612673437500000100e+02 5.355067499999999600e+00 -1.610983593750000000e+02 2.108535200000000000e+01
2.365571307385061800e-02 1.661718749999749900e-01 2.649235050000000100e+01 1.616842343749999900e+02 5.390804499999999800e+00 -1.615180625000000100e+02 2.110154599999999900e+01
2.380823369414161700e-02 1.694687499999929500e-01 2.648919250000000100e+01 1.621227656250000000e+02 5.379116500000000300e+00 -1.619532968750000100e+02 2.111007599999999900e+01
2.382968197970252600e-02 1.460156249999897700e-01 2.649418900000000200e+01 1.621170625000000000e+02 5.382382999999999900e+00 -1.619710468750000100e+02 2.111180600000000100e+01
2.387793984000138200e-02 1.710156249999954500e-01 2.649991049999999900e+01 1.621772031250000100e+02 5.385430500000000000e+00 -1.620061875000000100e+02 2.111448000000000000e+01
2.398652041678040600e-02 1.710937500000113700e-01 2.647132200000000100e+01 1.625647343750000000e+02 5.347800000000000300e+00 -1.623936406249999900e+02 2.112352200000000100e+01
2.404759718677190400e-02 1.570156250000138700e-01 2.647964449999999900e+01 1.625942187500000100e+02 5.350852500000000200e+00 -1.624372031250000000e+02 2.112879200000000100e+01
2.418501952814617800e-02 1.682812500000068200e-01 2.648819500000000100e+01 1.627256093750000000e+02 5.349971000000000000e+00 -1.625573281250000000e+02 2.113822400000000100e+01
2.426232096404228000e-02 1.662187500000129600e-01 2.649007750000000200e+01 1.628229687500000000e+02 5.345439500000000300e+00 -1.626567499999999900e+02 2.114463800000000000e+01
2.443624606595577400e-02 1.638281249999806700e-01 2.651086750000000000e+01 1.629587812499999900e+02 5.356071499999999700e+00 -1.627949531250000100e+02 2.115479600000000100e+01
2.465147984622344600e-02 1.657656250000059100e-01 2.654411950000000100e+01 1.630788750000000100e+02 5.377725500000000400e+00 -1.629131093750000000e+02 2.116639400000000000e+01
2.468174680324363900e-02 1.662187500000129600e-01 2.654872400000000000e+01 1.630959062500000100e+02 5.380694000000000100e+00 -1.629296875000000000e+02 2.116803000000000200e+01
2.471270210786754400e-02 1.664687499999786300e-01 2.655306100000000000e+01 1.631121249999999900e+02 5.383404999999999800e+00 -1.629456562500000100e+02 2.116965600000000000e+01
2.472227796169090500e-02 1.680624999999906800e-01 2.655423150000000000e+01 1.631171875000000000e+02 5.384125499999999700e+00 -1.629491250000000100e+02 2.117010600000000100e+01
2.472766584611627400e-02 1.747031249999793100e-01 2.655464299999999900e+01 1.631234218749999900e+02 5.384379000000000000e+00 -1.629487187500000100e+02 2.117026400000000000e+01
2.473317419137229000e-02 2.238906249999956800e-01 2.655250100000000300e+01 1.631439843750000000e+02 5.383721000000000400e+00 -1.629200937500000100e+02 2.116878000000000200e+01
2.473487941611783200e-02 2.675000000000125100e-01 2.655013400000000000e+01 1.631562656250000000e+02 5.383035999999999700e+00 -1.628887656249999900e+02 2.116709799999999900e+01
2.473662218709630000e-02 4.588124999999934100e-01 2.654058849999999800e+01 1.632009999999999900e+02 5.380416499999999900e+00 -1.627421875000000000e+02 2.116017199999999900e+01
2.473760308243158300e-02 6.281874999999956800e-01 2.653170450000000000e+01 1.632459062499999900e+02 5.377700500000000400e+00 -1.626177187499999900e+02 2.115400400000000000e+01
2.473980892361618600e-02 5.602343750000216000e-01 2.652253149999999900e+01 1.632209062500000100e+02 5.373791500000000300e+00 -1.626606718749999900e+02 2.114874000000000000e+01
2.474477284849472400e-02 2.102500000000020500e-01 2.652483949999999900e+01 1.630809531250000100e+02 5.373403500000000200e+00 -1.628707031250000100e+02 2.115143600000000000e+01
2.475091635085779200e-02 9.973437499999704400e-02 2.652804600000000000e+01 1.630563124999999900e+02 5.373812000000000000e+00 -1.629565781249999900e+02 2.115423399999999900e+01
2.475437060428729500e-02 5.182812499998590300e-02 2.652696950000000000e+01 1.630417968749999900e+02 5.373057499999999800e+00 -1.629899687500000000e+02 2.115391199999999800e+01
2.475790464346177100e-02 6.399999999999295100e-02 2.652217100000000000e+01 1.630455937499999900e+02 5.371247000000000300e+00 -1.629815937500000000e+02 2.115092400000000000e+01
2.475989302938065600e-02 1.132500000000220600e-01 2.651737049999999800e+01 1.630621250000000100e+02 5.369668500000000400e+00 -1.629488749999999900e+02 2.114770199999999900e+01
2.476101159423667700e-02 1.516875000000084100e-01 2.651403500000000000e+01 1.630752031250000000e+02 5.368606999999999900e+00 -1.629235156249999900e+02 2.114542799999999900e+01
2.476239454714957600e-02 2.316093749999765800e-01 2.650825450000000000e+01 1.631015156249999900e+02 5.366822499999999600e+00 -1.628699062500000100e+02 2.114143199999999800e+01
2.476381035301629000e-02 3.780468749999954500e-01 2.649925250000000100e+01 1.631500624999999900e+02 5.364090499999999700e+00 -1.627720156249999900e+02 2.113516200000000100e+01
2.476556094612662000e-02 1.094968749999992500e+00 2.646470250000000100e+01 1.633987343750000000e+02 5.354268499999999900e+00 -1.623037656250000100e+02 2.111043400000000100e+01
2.476735221432262900e-02 1.651515625000001800e+00 2.642358699999999800e+01 1.636565312500000000e+02 5.340844999999999800e+00 -1.620050156250000000e+02 2.108274200000000000e+01
2.476950173615783500e-02 9.365781250000111400e-01 2.640534000000000200e+01 1.633499375000000100e+02 5.332160000000000000e+00 -1.624133593750000000e+02 2.107318000000000100e+01
2.477353169849225200e-02 1.671718750000081900e-01 2.640938299999999800e+01 1.630122656250000000e+02 5.331254999999999600e+00 -1.628450937499999900e+02 2.107812800000000000e+01
2.478259911374470000e-02 -3.469062500000177400e-01 2.643326600000000000e+01 1.628615624999999900e+02 5.336135999999999800e+00 -1.632084687500000100e+02 2.109713000000000000e+01
2.480300079806270100e-02 9.312499999992951400e-03 2.646062849999999900e+01 1.631444843749999900e+02 5.347894499999999800e+00 -1.631351718750000000e+02 2.111273400000000000e+01
2.484890419667161100e-02 1.878593750000163700e-01 2.647335199999999800e+01 1.633425625000000100e+02 5.355699999999999700e+00 -1.631547031250000000e+02 2.111765200000000000e+01
2.490571008266739500e-02 1.669218750000141000e-01 2.648744949999999700e+01 1.634869531250000100e+02 5.363159500000000100e+00 -1.633200312500000000e+02 2.112428999999999800e+01
2.496380505599374600e-02 1.659062499999777200e-01 2.650016699999999800e+01 1.636648593749999900e+02 5.370262999999999600e+00 -1.634989531250000100e+02 2.112990400000000000e+01
2.509452226593738100e-02 1.680937499999970400e-01 2.652123299999999900e+01 1.639988750000000000e+02 5.386994999999999800e+00 -1.638307812500000000e+02 2.113423800000000000e+01
2.538863598831056500e-02 1.662031250000097800e-01 2.658251600000000200e+01 1.641677031250000000e+02 5.428061999999999700e+00 -1.640014999999999900e+02 2.115445400000000100e+01
2.575260134819611100e-02 1.663593750000131900e-01 2.664001549999999700e+01 1.646614531250000100e+02 5.459629500000000100e+00 -1.644950937500000000e+02 2.118038599999999900e+01
2.612483783031073100e-02 1.665937500000040900e-01 2.666700750000000000e+01 1.653668749999999900e+02 5.451903500000000200e+00 -1.652002812499999900e+02 2.121510400000000000e+01
2.633422065594690300e-02 1.658749999999997700e-01 2.669403350000000000e+01 1.655569218750000000e+02 5.465693500000000400e+00 -1.653910468750000000e+02 2.122833999999999900e+01
2.680533514248104400e-02 1.668124999999918100e-01 2.674181499999999900e+01 1.661210624999999900e+02 5.478768999999999800e+00 -1.659542500000000000e+02 2.126304599999999900e+01
2.786533726169055200e-02 1.658593749999965900e-01 2.685692500000000000e+01 1.675235781250000000e+02 5.534999000000000000e+00 -1.673577187500000000e+02 2.132192600000000100e+01
3.025034281212513700e-02 1.657812500000090900e-01 2.709080999999999800e+01 1.707824843750000000e+02 5.633797999999999600e+00 -1.706167031249999900e+02 2.145701199999999900e+01
3.058573392432505400e-02 1.657812499999806700e-01 2.712029700000000100e+01 1.712400468749999900e+02 5.646453000000000200e+00 -1.710742656250000100e+02 2.147384400000000000e+01
3.077439435823695800e-02 1.657812500000090900e-01 2.713616550000000100e+01 1.714845156250000000e+02 5.653081499999999900e+00 -1.713187343749999900e+02 2.148308400000000200e+01
3.088051252790636300e-02 1.658281250000186400e-01 2.714452700000000000e+01 1.716117968750000100e+02 5.656377000000000000e+00 -1.714459687499999900e+02 2.148815000000000100e+01
3.094020478055858900e-02 1.676874999999995500e-01 2.714869050000000100e+01 1.716809531250000000e+02 5.657706499999999700e+00 -1.715132656250000000e+02 2.149098400000000100e+01
3.099896463509306500e-02 1.788906249999797600e-01 2.714203250000000300e+01 1.717827499999999900e+02 5.647446500000000000e+00 -1.716038593750000100e+02 2.149458600000000200e+01
3.100368607388393600e-02 2.033437500000161400e-01 2.713951900000000000e+01 1.718130781250000000e+02 5.644959000000000100e+00 -1.716097343749999900e+02 2.149456000000000000e+01
3.100634246986368900e-02 3.077499999999986400e-01 2.713296749999999900e+01 1.718892500000000000e+02 5.640149499999999700e+00 -1.715815000000000100e+02 2.149281800000000000e+01
3.100783806147537600e-02 3.326250000000072800e-01 2.712954549999999900e+01 1.719161249999999900e+02 5.637371500000000400e+00 -1.715834999999999900e+02 2.149217399999999900e+01
3.101119844932255500e-02 2.476250000000277400e-01 2.712914800000000100e+01 1.718856718750000100e+02 5.636129999999999600e+00 -1.716380468749999900e+02 2.149301799999999900e+01
3.101876088640508400e-02 2.397968749999961300e-01 2.712188450000000000e+01 1.719292031249999900e+02 5.629138499999999800e+00 -1.716894062499999900e+02 2.149274600000000000e+01
3.103577871648032300e-02 8.114062499998908600e-02 2.711684349999999800e+01 1.719050000000000000e+02 5.621849499999999700e+00 -1.718238593750000100e+02 2.149499399999999800e+01
3.107406961636280400e-02 1.782343749999881800e-01 2.711071450000000000e+01 1.720256093749999900e+02 5.611866499999999600e+00 -1.718473750000000000e+02 2.149884799999999900e+01
3.116021944781926700e-02 1.496249999999861300e-01 2.709679600000000100e+01 1.721891249999999900e+02 5.591510000000000400e+00 -1.720395000000000000e+02 2.150528600000000200e+01
3.135406126187542000e-02 1.649843750000172800e-01 2.708391000000000300e+01 1.726589375000000100e+02 5.554289999999999900e+00 -1.724939531249999900e+02 2.152962000000000100e+01
3.146309552230233700e-02 1.653281250000020500e-01 2.709283800000000000e+01 1.727907968750000100e+02 5.553530000000000300e+00 -1.726254687500000100e+02 2.153930799999999800e+01
3.170842573711565200e-02 1.651406249999922700e-01 2.711323050000000000e+01 1.730742500000000100e+02 5.556908499999999600e+00 -1.729091093750000100e+02 2.155632200000000200e+01
3.226041793823242200e-02 1.658749999999997700e-01 2.717024750000000200e+01 1.735670000000000100e+02 5.590985500000000400e+00 -1.734011250000000100e+02 2.157926200000000000e+01
3.350240039074514600e-02 1.657968749999838600e-01 2.727436450000000100e+01 1.746694843750000000e+02 5.655308500000000300e+00 -1.745036875000000100e+02 2.161905600000000000e+01
3.420101376030388500e-02 1.659062500000061400e-01 2.732622100000000000e+01 1.752007343750000000e+02 5.684550999999999900e+00 -1.750348281249999900e+02 2.164167000000000100e+01
3.459398514955375200e-02 1.657656250000059100e-01 2.735491300000000000e+01 1.754745312500000100e+02 5.700281000000000400e+00 -1.753087656250000100e+02 2.165463199999999900e+01
3.481502920936724300e-02 1.657968750000122800e-01 2.737155649999999700e+01 1.756196093750000100e+02 5.710230499999999800e+00 -1.754538125000000000e+02 2.166132599999999900e+01
3.493936981741837400e-02 1.657656250000059100e-01 2.738093850000000300e+01 1.756996562500000000e+02 5.715742500000000200e+00 -1.755338906250000000e+02 2.166519600000000200e+01
3.500930906280757400e-02 1.658437499999934100e-01 2.738607050000000200e+01 1.757431093749999900e+02 5.718666500000000300e+00 -1.755772656250000000e+02 2.166740400000000100e+01
3.504865125721207800e-02 1.659531250000156900e-01 2.738885099999999900e+01 1.757663906250000100e+02 5.720225000000000100e+00 -1.756004375000000000e+02 2.166862600000000000e+01
3.508737706762598400e-02 1.664843750000102300e-01 2.739114049999999900e+01 1.757842031250000000e+02 5.721490499999999800e+00 -1.756177187499999900e+02 2.166965000000000100e+01
3.509982364384207900e-02 1.692031249999956800e-01 2.739169400000000100e+01 1.757892500000000100e+02 5.721805999999999900e+00 -1.756200468750000100e+02 2.166988800000000000e+01
3.510367526157007900e-02 1.715156250000120500e-01 2.739179950000000100e+01 1.757910781250000100e+02 5.721873500000000100e+00 -1.756195625000000000e+02 2.166992600000000000e+01
3.510761448717492800e-02 1.910000000000025000e-01 2.739138450000000100e+01 1.757981562500000100e+02 5.721722500000000300e+00 -1.756071562500000000e+02 2.166966199999999900e+01
3.510982971491775900e-02 8.044687500000122800e-01 2.736906450000000000e+01 1.759032031250000000e+02 5.715944500000000000e+00 -1.750987343749999900e+02 2.165312000000000100e+01
3.511481397733913500e-02 7.638593750000097800e-01 2.732645300000000100e+01 1.758327343750000000e+02 5.699891000000000000e+00 -1.750688749999999900e+02 2.162656200000000000e+01
3.512603091442678700e-02 -2.243749999999522500e-02 2.733590599999999800e+01 1.755348593750000000e+02 5.698870000000000300e+00 -1.755572968749999900e+02 2.163703599999999800e+01
3.515126511180807100e-02 4.471874999998704000e-02 2.735830749999999900e+01 1.756492656250000000e+02 5.706751500000000200e+00 -1.756045468750000100e+02 2.165155599999999900e+01
3.520804440255553100e-02 1.746562500000266000e-01 2.737153800000000100e+01 1.757877343750000100e+02 5.713344000000000200e+00 -1.756130781249999900e+02 2.165819400000000200e+01
3.527831217748286100e-02 1.623437499999909100e-01 2.738117799999999800e+01 1.758234531249999900e+02 5.718186000000000200e+00 -1.756611093750000000e+02 2.166299199999999900e+01
3.535017253845695200e-02 1.678593749999777200e-01 2.739044500000000000e+01 1.758319843749999900e+02 5.723455000000000400e+00 -1.756641250000000100e+02 2.166698999999999800e+01
3.551186226171458600e-02 1.663437499999815800e-01 2.740362650000000100e+01 1.759044062499999900e+02 5.730262500000000300e+00 -1.757380625000000100e+02 2.167336399999999900e+01
3.587566022797832000e-02 1.658437499999934100e-01 2.743013799999999900e+01 1.761619062499999900e+02 5.743477999999999600e+00 -1.759960624999999900e+02 2.168666000000000000e+01
3.608029971285441800e-02 1.658437499999934100e-01 2.744532450000000200e+01 1.763297343749999900e+02 5.750430500000000200e+00 -1.761638906249999900e+02 2.169489400000000100e+01
3.619540707645766500e-02 1.660000000000252400e-01 2.745331199999999700e+01 1.764230468750000100e+02 5.754170000000000200e+00 -1.762570468749999900e+02 2.169914199999999800e+01
3.645440412005727200e-02 1.654843750000054600e-01 2.746944350000000100e+01 1.766298437499999900e+02 5.762059500000000300e+00 -1.764643593749999900e+02 2.170738400000000100e+01
3.703714042823771200e-02 1.657812500000090900e-01 2.751056200000000000e+01 1.771738750000000100e+02 5.779588000000000400e+00 -1.770080937500000000e+02 2.173097400000000000e+01
3.834829868607007900e-02 1.657968749999838600e-01 2.759710750000000000e+01 1.783203906249999900e+02 5.813637499999999600e+00 -1.781545937500000000e+02 2.178347000000000100e+01
3.875393880008086400e-02 1.657812499999806700e-01 2.762249950000000000e+01 1.786617812499999900e+02 5.823425499999999900e+00 -1.784960000000000100e+02 2.179907400000000100e+01
3.916879964312856100e-02 1.658125000000154600e-01 2.764332350000000100e+01 1.789378125000000100e+02 5.829301499999999700e+00 -1.787719999999999900e+02 2.181402200000000100e+01
3.968218805908843600e-02 1.658906250000029600e-01 2.767715499999999900e+01 1.794032343750000100e+02 5.842482999999999600e+00 -1.792373437500000100e+02 2.183467200000000100e+01
3.991189904100312500e-02 1.657343749999995500e-01 2.769181899999999900e+01 1.796072656250000000e+02 5.848100999999999800e+00 -1.794415312500000000e+02 2.184371799999999900e+01
3.998573683691149900e-02 1.657812499999806700e-01 2.769627150000000200e+01 1.796704374999999900e+02 5.849717499999999700e+00 -1.795046562500000100e+02 2.184655400000000100e+01
4.015186640221302100e-02 1.657343749999995500e-01 2.770600650000000100e+01 1.798082187500000100e+02 5.853170500000000100e+00 -1.796424843750000100e+02 2.185283600000000000e+01
4.052566105299421100e-02 1.657968749999838600e-01 2.772658450000000100e+01 1.800994062499999900e+02 5.860432499999999900e+00 -1.799336093750000000e+02 2.186615200000000000e+01
4.136669979946507000e-02 1.673906249999959100e-01 2.777250800000000200e+01 1.808297812500000000e+02 5.876915999999999600e+00 -1.806623906250000000e+02 2.189559200000000100e+01
4.143174864801521500e-02 1.659531249999872700e-01 2.777564749999999800e+01 1.809130625000000000e+02 5.877299500000000300e+00 -1.807471093750000100e+02 2.189834799999999900e+01
4.146833745200489300e-02 1.682187499999940900e-01 2.777719599999999600e+01 1.809717656249999900e+02 5.877133999999999900e+00 -1.808035468749999900e+02 2.190006199999999800e+01
4.147769585056254600e-02 1.704218750000166000e-01 2.777747949999999800e+01 1.809910937500000000e+02 5.876943500000000300e+00 -1.808206718749999900e+02 2.190053599999999900e+01
4.148927260571577000e-02 1.805937499999856800e-01 2.777736500000000000e+01 1.810304999999999900e+02 5.876165000000000300e+00 -1.808499062500000000e+02 2.190119999999999900e+01
4.150111218449950600e-02 2.308281250000163700e-01 2.775714700000000000e+01 1.812776562500000100e+02 5.860148999999999800e+00 -1.810468281249999900e+02 2.189699800000000000e+01
4.152775436561564200e-02 8.959375000000591200e-02 2.776606449999999900e+01 1.812787500000000000e+02 5.862724499999999700e+00 -1.811891562500000000e+02 2.190334000000000000e+01
4.158769692648739400e-02 1.649062500000013600e-01 2.777603249999999900e+01 1.813797343750000000e+02 5.866226499999999800e+00 -1.812148281250000000e+02 2.190980600000000000e+01
4.172256612402246900e-02 1.659687499999904500e-01 2.778465749999999800e+01 1.814882343749999900e+02 5.870027500000000000e+00 -1.813222656250000000e+02 2.191462999999999900e+01
4.202602416511595800e-02 1.656875000000184200e-01 2.780367100000000100e+01 1.817427968750000100e+02 5.878285000000000000e+00 -1.815771093749999900e+02 2.192538600000000000e+01
4.270880553978947300e-02 1.658124999999870400e-01 2.784636300000000000e+01 1.823996406249999900e+02 5.894670999999999800e+00 -1.822338281250000000e+02 2.195169200000000100e+01
4.424505972173896400e-02 1.657812500000090900e-01 2.793698849999999800e+01 1.839573437500000100e+02 5.926282500000000100e+00 -1.837915625000000000e+02 2.201070599999999900e+01
4.614617567988518000e-02 1.657500000000027300e-01 2.804602450000000100e+01 1.855053906249999900e+02 5.968054500000000000e+00 -1.853396406249999900e+02 2.207797000000000100e+01
4.721555497076880500e-02 1.657500000000027300e-01 2.810445150000000000e+01 1.863173593750000000e+02 5.987859499999999900e+00 -1.861516093749999900e+02 2.211659200000000100e+01
4.830923606091596500e-02 1.657656250000059100e-01 2.816139750000000000e+01 1.870597187500000000e+02 6.004829499999999600e+00 -1.868939531250000000e+02 2.215656800000000000e+01
5.077002242481301600e-02 1.657812499999806700e-01 2.828417400000000000e+01 1.885701249999999900e+02 6.037277999999999700e+00 -1.884043437500000100e+02 2.224689600000000000e+01
5.215421436339851000e-02 1.657812500000090900e-01 2.834942000000000200e+01 1.893216250000000100e+02 6.050735999999999700e+00 -1.891558437500000000e+02 2.229868400000000200e+01
5.526864309636313200e-02 1.657968749999838600e-01 2.849032700000000100e+01 1.907079531249999900e+02 6.075740999999999800e+00 -1.905421562500000100e+02 2.241458600000000000e+01
5.623217329891334200e-02 1.657812500000090900e-01 2.853332400000000000e+01 1.911430000000000000e+02 6.082533999999999900e+00 -1.909772187499999900e+02 2.245079000000000100e+01
5.677415317124894600e-02 1.656093749999740800e-01 2.855671300000000200e+01 1.914396718749999900e+02 6.084166999999999900e+00 -1.912740625000000100e+02 2.247254600000000100e+01
5.732845446569086900e-02 1.659687499999904500e-01 2.858050100000000200e+01 1.917466562500000000e+02 6.085089000000000000e+00 -1.915806875000000100e+02 2.249541200000000200e+01
5.749994688459581600e-02 1.663593749999847700e-01 2.858739550000000000e+01 1.919007656249999900e+02 6.083371500000000200e+00 -1.917344062500000100e+02 2.250402400000000100e+01
5.759640315699139000e-02 1.619375000000218300e-01 2.858827300000000100e+01 1.921299375000000100e+02 6.075215000000000000e+00 -1.919679999999999900e+02 2.251305800000000100e+01
5.769506214171882300e-02 1.658593749999965900e-01 2.859316400000000200e+01 1.922173593750000000e+02 6.075278000000000000e+00 -1.920515000000000000e+02 2.251788600000000100e+01
5.791702921309183100e-02 1.657500000000027300e-01 2.860331000000000000e+01 1.924019062500000000e+02 6.075134000000000300e+00 -1.922361562499999900e+02 2.252817599999999800e+01
5.841646294581295100e-02 1.657812500000090900e-01 2.862630349999999900e+01 1.926304375000000000e+02 6.079159500000000300e+00 -1.924646562499999900e+02 2.254714399999999900e+01
5.954019666656734000e-02 1.658437499999934100e-01 2.867657600000000100e+01 1.930982031250000000e+02 6.087186000000000000e+00 -1.929323593750000000e+02 2.258939000000000200e+01
6.206858502285374200e-02 1.657968750000122800e-01 2.878583800000000200e+01 1.938934218750000000e+02 6.105788000000000400e+00 -1.937276249999999900e+02 2.268005000000000100e+01
6.349079877998571600e-02 1.657812500000090900e-01 2.884532399999999800e+01 1.942250312500000000e+02 6.113698000000000300e+00 -1.940592499999999900e+02 2.273162599999999900e+01
6.525079722166687900e-02 1.663125000000036400e-01 2.891362900000000000e+01 1.945968593750000100e+02 6.114710999999999800e+00 -1.944305468750000000e+02 2.279891800000000000e+01
6.570079508103098000e-02 1.657812500000090900e-01 2.893031950000000000e+01 1.946999687500000100e+02 6.113981500000000400e+00 -1.945341875000000000e+02 2.281633799999999800e+01
6.671329182902659100e-02 1.657812500000090900e-01 2.896396250000000100e+01 1.950395156250000100e+02 6.119514500000000200e+00 -1.948737343750000000e+02 2.284444800000000000e+01
6.899141576972218900e-02 1.657812500000090900e-01 2.905480150000000400e+01 1.955218281250000100e+02 6.123351500000000100e+00 -1.953560468750000000e+02 2.293145000000000200e+01
7.000000145178766900e-02 1.657812499999806700e-01 2.909475649999999900e+01 1.957393437499999900e+02 6.123032499999999900e+00 -1.955735625000000100e+02 2.297172399999999800e+01
