0.000000000000000000e+00 0.000000000000000000e+00 0.000000000000000000e+00 0.000000000000000000e+00 0.000000000000000000e+00 0.000000000000000000e+00 0.000000000000000000e+00
-2.659935460659638800e-09 9.948125000000089800e-01 -1.342773437470849700e-09 6.663828125000000600e+01 5.651804809570312300e-04 -6.564346874999999700e+01 -5.651818237304687000e-04
1.399997338222393500e-03 9.947109375000025000e-01 2.084915475000000000e+01 7.397185156250000700e+01 3.604966750000000000e+00 -7.297714062500000400e+01 1.724418800000000100e+01
2.056247382562707000e-03 9.962656249999923800e-01 3.010110699999999900e+01 8.741982812499999500e+01 4.263996999999999800e+00 -8.642356250000000300e+01 2.583710999999999900e+01
2.425388088376503300e-03 9.972265625000034100e-01 3.519273049999999600e+01 9.623481250000000400e+01 4.606864500000000400e+00 -9.523758593750000000e+01 3.058586599999999900e+01
2.882199695059365800e-03 9.955859374999960200e-01 4.142508149999999700e+01 1.068575312499999900e+02 5.092765499999999600e+00 -1.058619453125000000e+02 3.633231599999999900e+01
3.139156056201364500e-03 9.949687499999981800e-01 4.490110450000000200e+01 1.130428046874999900e+02 5.365816500000000200e+00 -1.120478359375000000e+02 3.953528800000000100e+01
3.283694079184201500e-03 9.954765625000021600e-01 4.684950100000000400e+01 1.163885859375000000e+02 5.533945000000000100e+00 -1.153931093749999900e+02 4.131555600000000100e+01
3.431517174058877800e-03 9.957109374999930700e-01 4.883261550000000300e+01 1.199086796875000000e+02 5.708787499999999700e+00 -1.189129687500000000e+02 4.312382800000000300e+01
3.514667553181142400e-03 1.003242187499992600e+00 4.992844650000000000e+01 1.221962812500000000e+02 5.818890500000000200e+00 -1.211930390625000100e+02 4.410955599999999800e+01
3.540392086485328700e-03 1.075062500000001400e+00 5.016323599999999800e+01 1.252422343750000000e+02 5.798703999999999900e+00 -1.241671718749999900e+02 4.436453199999999700e+01
3.566701491763183400e-03 7.556718749999902200e-01 5.050147150000000100e+01 1.262845703124999900e+02 5.841715500000000300e+00 -1.255288984375000000e+02 4.465975600000000200e+01
3.625897374276503800e-03 9.936406250000118200e-01 5.127596549999999800e+01 1.284537265625000100e+02 5.953941500000000000e+00 -1.274600859375000000e+02 4.532202399999999900e+01
3.759088165803844000e-03 9.964999999999975000e-01 5.303234400000000200e+01 1.320052499999999900e+02 6.200164000000000000e+00 -1.310087499999999900e+02 4.683218000000000100e+01
4.058767893719324700e-03 9.949375000000202400e-01 5.702228100000000000e+01 1.394598593750000100e+02 6.617581000000000400e+00 -1.384649218749999900e+02 5.040469999999999800e+01
4.429621422921041800e-03 9.946718750000229600e-01 6.195066849999999900e+01 1.489967031250000100e+02 7.067500500000000400e+00 -1.480020312499999900e+02 5.488316799999999800e+01
4.524441752310410700e-03 9.955937499999834000e-01 6.320685350000000100e+01 1.514571406249999900e+02 7.164773499999999900e+00 -1.504615468750000100e+02 5.604207999999999900e+01
4.737787940415453200e-03 9.987031249999915900e-01 6.602905250000000600e+01 1.570510781250000000e+02 7.366288499999999600e+00 -1.560523750000000100e+02 5.866276400000000300e+01
5.217816528417575400e-03 9.947343750000072800e-01 7.237670249999999300e+01 1.685955781250000000e+02 7.916218500000000300e+00 -1.676008437500000000e+02 6.446048399999999400e+01
5.811852017814942400e-03 9.944687500000100000e-01 8.019511599999999900e+01 1.829052031250000100e+02 8.604803999999999700e+00 -1.819107343750000000e+02 7.159031199999999700e+01
6.419388506803166100e-03 9.930312500000013600e-01 8.814965599999999300e+01 1.972176406250000000e+02 9.290032000000000100e+00 -1.962246093750000000e+02 7.885962399999999700e+01
6.440746949592421900e-03 9.918906249999963600e-01 8.842899900000000500e+01 1.977068437499999900e+02 9.314486999999999700e+00 -1.967149531249999900e+02 7.911451200000000500e+01
6.488804339826174100e-03 9.949374999999918100e-01 8.905613500000001200e+01 1.988020156250000000e+02 9.369279000000000600e+00 -1.978070781250000000e+02 7.968685600000000600e+01
6.596932573894190600e-03 9.949531249999950000e-01 9.046393299999999700e+01 2.011827968750000100e+02 9.491269000000000800e+00 -2.001878437500000100e+02 8.097266399999999500e+01
6.612137904272662500e-03 9.956093749999865800e-01 9.066015600000000100e+01 2.014991562500000000e+02 9.507604000000000600e+00 -2.005035468750000100e+02 8.115255200000000000e+01
6.620691293717145800e-03 1.001671874999999500e+00 9.076911599999999700e+01 2.016788437500000000e+02 9.515795999999999900e+00 -2.006771718750000000e+02 8.125332000000000200e+01
6.625502128300704400e-03 1.013640624999993600e+00 9.082899799999999900e+01 2.017901249999999900e+02 9.519221999999999200e+00 -2.007764843750000000e+02 8.130977599999999900e+01
6.628208585924363700e-03 1.025374999999996800e+00 9.086180600000000100e+01 2.018598281250000100e+02 9.520381999999999700e+00 -2.008344531250000100e+02 8.134142400000000400e+01
6.631557799297457800e-03 1.064375000000012500e+00 9.089909699999999800e+01 2.019742031250000000e+02 9.519080999999999900e+00 -2.009098281249999900e+02 8.138001599999999800e+01
6.633441368649414300e-03 1.113562500000000500e+00 9.091718899999999300e+01 2.020663906250000000e+02 9.515997000000000500e+00 -2.009528281250000000e+02 8.140119199999999500e+01
6.635367847981863200e-03 1.249578124999999300e+00 9.092853400000001300e+01 2.022402187500000000e+02 9.507134000000000600e+00 -2.009906406250000000e+02 8.142140000000000600e+01
6.636451771968216600e-03 1.411781250000018400e+00 9.092863699999999500e+01 2.024159375000000100e+02 9.497140999999999200e+00 -2.010041562499999900e+02 8.143149599999999600e+01
6.637792708858551700e-03 2.220343749999983600e+00 9.089294300000000200e+01 2.031847968749999900e+02 9.456286999999999700e+00 -2.009644531250000100e+02 8.143665599999999900e+01
6.639164487297364300e-03 4.576640625000010200e+00 9.077145400000000600e+01 2.054549531250000000e+02 9.345886000000000100e+00 -2.008783124999999900e+02 8.142556799999999800e+01
6.639935972988271100e-03 6.532140625000010900e+00 9.066262799999999800e+01 2.073853281250000000e+02 9.251659999999999300e+00 -2.008531874999999900e+02 8.141096799999999700e+01
6.641672039282291300e-03 1.016576562500000600e+01 9.037851200000000100e+01 2.121197500000000100e+02 8.997984000000000600e+00 -2.019539843750000000e+02 8.138052799999999800e+01
6.642648241338454600e-03 1.078309375000000600e+01 9.023984799999999500e+01 2.140891875000000100e+02 8.869624000000000000e+00 -2.033060937500000000e+02 8.137022399999999300e+01
6.644845589922751200e-03 5.424109375000000500e+00 9.012484399999999600e+01 2.130207968750000000e+02 8.743995999999999200e+00 -2.075966875000000000e+02 8.138084800000000000e+01
6.649788730279488100e-03 4.304374999999822600e-01 9.033487100000000700e+01 2.112434062499999900e+02 8.811519000000000500e+00 -2.108129687500000100e+02 8.152335200000000300e+01
6.660911354805853400e-03 -2.868437499999743100e-01 9.074695699999999500e+01 2.115999531250000100e+02 8.896732999999999300e+00 -2.118867968749999900e+02 8.185022399999999700e+01
6.685936813011213000e-03 -4.849218749999977300e-01 9.131954299999999600e+01 2.120392500000000100e+02 8.979079000000000500e+00 -2.125241718750000100e+02 8.234046399999999700e+01
6.742244093973269800e-03 1.208765624999983900e+00 9.211658400000000300e+01 2.132506406249999900e+02 9.095375999999999900e+00 -2.120418750000000000e+02 8.302120800000000100e+01
6.868935811372120200e-03 9.967187499999852200e-01 9.365204499999998700e+01 2.153559687499999900e+02 9.269156999999999900e+00 -2.143592500000000000e+02 8.438288799999999400e+01
7.153991728540570900e-03 9.949687499999981800e-01 9.739237099999999700e+01 2.212183437500000000e+02 9.679074999999999200e+00 -2.202233750000000000e+02 8.771329600000000000e+01
7.795367653914323800e-03 9.946250000000134200e-01 1.056613110000000000e+02 2.343784062500000100e+02 1.061855899999999900e+01 -2.333837812500000000e+02 9.504275199999999300e+01
9.238464268218456200e-03 9.963750000000004500e-01 1.221670800000000000e+02 2.615297656249999800e+02 1.266341600000000000e+01 -2.605333906249999800e+02 1.095036640000000000e+02
1.005020577853030900e-02 9.954374999999799900e-01 1.288406170000000100e+02 2.797605312499999900e+02 1.380300899999999900e+01 -2.787650937500000100e+02 1.150376080000000100e+02
1.029372796343648600e-02 9.974374999999895400e-01 1.305259250000000000e+02 2.853444999999999800e+02 1.416325299999999900e+01 -2.843470624999999900e+02 1.163626720000000000e+02
1.054486041217427900e-02 9.954374999999799900e-01 1.321348960000000000e+02 2.908874999999999900e+02 1.453492800000000100e+01 -2.898920625000000100e+02 1.175999680000000000e+02
1.080170078227526300e-02 9.951562499999795400e-01 1.336602269999999900e+02 2.966756874999999800e+02 1.492121900000000100e+01 -2.956805312500000000e+02 1.187390080000000000e+02
1.137959094453403300e-02 9.982812499999909100e-01 1.366693139999999900e+02 3.099284374999999700e+02 1.577630600000000000e+01 -3.089301562499999800e+02 1.208930079999999900e+02
1.142293270670344100e-02 9.979687499999840800e-01 1.368743760000000100e+02 3.108702812500000100e+02 1.583655199999999900e+01 -3.098723125000000200e+02 1.210378240000000000e+02
1.146762881513208700e-02 9.972812500000145500e-01 1.370847619999999800e+02 3.118571562500000000e+02 1.589682600000000100e+01 -3.108598749999999900e+02 1.211879359999999900e+02
1.149277048786794200e-02 1.001156250000008200e+00 1.372000219999999900e+02 3.124319375000000000e+02 1.592819800000000000e+01 -3.114307812500000000e+02 1.212718240000000000e+02
1.150691290227134200e-02 1.004750000000001400e+00 1.372632960000000000e+02 3.127683437499999900e+02 1.594404800000000000e+01 -3.117635937499999800e+02 1.213192480000000000e+02
1.152137624757049300e-02 1.034187499999973200e+00 1.373219589999999900e+02 3.131672812499999700e+02 1.595363100000000000e+01 -3.121330937500000000e+02 1.213683280000000100e+02
1.152951215866312000e-02 1.121375000000000500e+00 1.373427989999999900e+02 3.135137812500000200e+02 1.594631900000000100e+01 -3.123924062500000200e+02 1.213964800000000000e+02
1.154781773513204600e-02 9.519374999999854500e-01 1.374354089999999900e+02 3.139050312499999800e+02 1.596957699999999900e+01 -3.129530937499999900e+02 1.214658320000000100e+02
1.158900505869765000e-02 9.794999999999731700e-01 1.376292179999999800e+02 3.149000937500000000e+02 1.602281800000000100e+01 -3.139205937500000200e+02 1.216063999999999900e+02
1.168167631323077500e-02 9.939687499999649800e-01 1.380516810000000000e+02 3.169552499999999800e+02 1.614712900000000000e+01 -3.159612812500000100e+02 1.219045520000000000e+02
1.189018663593030500e-02 9.956562499999677100e-01 1.389674359999999900e+02 3.214440624999999700e+02 1.642544399999999900e+01 -3.204484062500000100e+02 1.225419919999999900e+02
1.235933575596217600e-02 9.953749999999672600e-01 1.408269300000000000e+02 3.320001874999999800e+02 1.702297799999999800e+01 -3.310048125000000100e+02 1.238039520000000000e+02
1.341492038207595800e-02 9.969375000000013600e-01 1.442856060000000000e+02 3.533571250000000000e+02 1.833978200000000000e+01 -3.523601874999999900e+02 1.259458240000000000e+02
1.445401237839654900e-02 9.927187499999945400e-01 1.470800960000000000e+02 3.727224375000000100e+02 1.943397600000000100e+01 -3.717297187500000200e+02 1.276461200000000000e+02
1.463770821696146700e-02 9.958437500000059100e-01 1.475086840000000200e+02 3.759675624999999900e+02 1.962148399999999900e+01 -3.749717187499999800e+02 1.278872000000000100e+02
1.482557973300288800e-02 9.957499999999868100e-01 1.479165720000000000e+02 3.792037500000000100e+02 1.980527599999999900e+01 -3.782080000000000300e+02 1.281112960000000100e+02
1.524829042060660500e-02 9.945937500000354700e-01 1.487640960000000000e+02 3.867646250000000200e+02 2.016600000000000000e+01 -3.857700312499999900e+02 1.285980960000000000e+02
1.619939013818341000e-02 9.946874999999977300e-01 1.505031020000000100e+02 4.026399687499999800e+02 2.091738200000000000e+01 -4.016452812499999800e+02 1.295857200000000100e+02
1.673438283536243800e-02 9.950937499999668000e-01 1.513734999999999800e+02 4.111810312499999900e+02 2.127638000000000000e+01 -4.101859375000000200e+02 1.300971199999999900e+02
1.703531589229141700e-02 9.951250000000300100e-01 1.518410299999999900e+02 4.159872187500000100e+02 2.145965400000000000e+01 -4.149920937499999800e+02 1.303813759999999900e+02
1.771241750527644000e-02 9.949687499999981800e-01 1.528243599999999800e+02 4.266411249999999900e+02 2.184115200000000100e+01 -4.256461562499999900e+02 1.309832079999999900e+02
1.923589345261896000e-02 9.950312500000109100e-01 1.547951120000000200e+02 4.453895625000000100e+02 2.272963199999999900e+01 -4.443945312500000000e+02 1.320654800000000100e+02
1.970722025416073500e-02 9.935937500000022700e-01 1.553173200000000200e+02 4.505171250000000200e+02 2.295585600000000100e+01 -4.495235312500000200e+02 1.323614640000000100e+02
1.997234135653850500e-02 9.942812500000286500e-01 1.555914760000000000e+02 4.532536562500000100e+02 2.308094799999999900e+01 -4.522593749999999800e+02 1.325105279999999900e+02
2.004012661030286200e-02 9.954999999999927200e-01 1.556566100000000000e+02 4.539504375000000200e+02 2.311009000000000000e+01 -4.529549375000000300e+02 1.325465199999999900e+02
2.010685520579763900e-02 1.024656250000020900e+00 1.556897480000000100e+02 4.546660000000000000e+02 2.311306799999999800e+01 -4.536413437499999800e+02 1.325766800000000100e+02
2.011221716544312600e-02 1.049343749999991400e+00 1.556888259999999800e+02 4.547316250000000100e+02 2.311128199999999900e+01 -4.536822812500000200e+02 1.325775439999999900e+02
2.011885212117650200e-02 1.171187500000030500e+00 1.556740340000000100e+02 4.548352187500000200e+02 2.310298600000000100e+01 -4.536640312499999900e+02 1.325710479999999900e+02
2.012054885332173800e-02 1.234312499999987300e+00 1.556666800000000100e+02 4.548696562499999900e+02 2.309956800000000100e+01 -4.536353437500000000e+02 1.325671120000000100e+02
2.012264786653407800e-02 1.525093749999996400e+00 1.556388000000000000e+02 4.549634687500000000e+02 2.308975200000000100e+01 -4.534383750000000100e+02 1.325490480000000000e+02
2.012479515347447000e-02 2.725531250000017300e+00 1.555323700000000100e+02 4.552970000000000300e+02 2.305584199999999800e+01 -4.525714687500000100e+02 1.324765280000000000e+02
2.012962610211138000e-02 4.358249999999998200e+00 1.552287299999999800e+02 4.555320624999999900e+02 2.293272199999999800e+01 -4.511738125000000000e+02 1.322960080000000000e+02
2.013234373420912500e-02 3.161562500000002300e+00 1.551795060000000000e+02 4.550630625000000000e+02 2.289709800000000000e+01 -4.519015000000000000e+02 1.322824080000000000e+02
2.013845840642905500e-02 1.510656249999954100e+00 1.552682240000000000e+02 4.547995312499999700e+02 2.291104800000000100e+01 -4.532888750000000200e+02 1.323571760000000100e+02
2.015221641892389300e-02 3.815937500000359300e-01 1.553438060000000000e+02 4.547927812500000200e+02 2.291621400000000000e+01 -4.544111874999999800e+02 1.324275920000000000e+02
2.018317239401623900e-02 3.606562500000336500e-01 1.553791059999999800e+02 4.553583125000000100e+02 2.290468999999999900e+01 -4.549976562499999800e+02 1.324744159999999900e+02
2.020058311860034900e-02 7.283750000000281900e-01 1.554550580000000100e+02 4.558340312500000100e+02 2.292958600000000000e+01 -4.551056562499999800e+02 1.325254720000000100e+02
2.023976171870423000e-02 1.091968750000035000e+00 1.555481959999999900e+02 4.564940000000000300e+02 2.296238000000000000e+01 -4.554020312499999900e+02 1.325858159999999900e+02
2.032791133404314400e-02 9.974062499999831700e-01 1.556366199999999900e+02 4.573272812500000000e+02 2.299837200000000000e+01 -4.563298750000000200e+02 1.326382480000000000e+02
2.043699565611397200e-02 9.685312500000122800e-01 1.557449380000000200e+02 4.585003437500000100e+02 2.304002600000000100e+01 -4.575318125000000000e+02 1.327049120000000100e+02
2.054855981747398900e-02 9.946249999999849900e-01 1.558784340000000000e+02 4.596101249999999800e+02 2.311010599999999800e+01 -4.586155000000000000e+02 1.327683280000000000e+02
2.079957783959713800e-02 9.965624999999818100e-01 1.561266980000000000e+02 4.621578124999999800e+02 2.322832199999999900e+01 -4.611612500000000000e+02 1.328983760000000100e+02
2.111021391586458500e-02 9.873749999999859000e-01 1.564225840000000000e+02 4.650613124999999900e+02 2.337467200000000000e+01 -4.640739375000000000e+02 1.330479120000000000e+02
2.128494693225450200e-02 9.949687499999981800e-01 1.565996659999999800e+02 4.665878124999999800e+02 2.347531400000000100e+01 -4.655928437499999900e+02 1.331243519999999900e+02
2.138323403048434900e-02 9.945000000000163700e-01 1.566961940000000200e+02 4.674377812500000000e+02 2.352960200000000100e+01 -4.664432812499999800e+02 1.331665920000000100e+02
2.143851996451493600e-02 9.950000000000045500e-01 1.567486800000000100e+02 4.679054375000000100e+02 2.355913599999999900e+01 -4.669104375000000000e+02 1.331895440000000100e+02
2.146961897287558500e-02 9.962187500000254700e-01 1.567770920000000100e+02 4.681613125000000100e+02 2.357509200000000100e+01 -4.671650937499999800e+02 1.332020000000000000e+02
2.150142420799847400e-02 1.003687499999955400e+00 1.568027880000000200e+02 4.684075312499999800e+02 2.359015600000000000e+01 -4.674038437500000200e+02 1.332126320000000100e+02
2.150589757346463300e-02 1.006093749999990900e+00 1.568060979999999900e+02 4.684410624999999900e+02 2.359217800000000100e+01 -4.674349687500000000e+02 1.332139200000000000e+02
2.151143117303208300e-02 1.016656249999982700e+00 1.568097440000000200e+02 4.684817499999999800e+02 2.359456799999999900e+01 -4.674650937499999900e+02 1.332151760000000100e+02
2.151454572244936700e-02 1.033999999999991800e+00 1.568114819999999800e+02 4.685057499999999800e+02 2.359577799999999900e+01 -4.674717499999999900e+02 1.332157039999999900e+02
2.151773000058495100e-02 1.283281250000015900e+00 1.568003240000000200e+02 4.685864687499999900e+02 2.359430800000000200e+01 -4.673031874999999800e+02 1.332060160000000100e+02
2.152167056712667900e-02 2.886874999999975000e+00 1.566812420000000000e+02 4.689533437499999900e+02 2.357177799999999800e+01 -4.660664687500000100e+02 1.331094640000000000e+02
2.152388579486951400e-02 6.217218750000029100e+00 1.564397659999999900e+02 4.697690625000000200e+02 2.352960600000000100e+01 -4.635518437499999900e+02 1.329101599999999900e+02
2.152615287217210900e-02 1.041506249999997600e+01 1.560822800000000000e+02 4.713020937499999800e+02 2.345387200000000000e+01 -4.608870312500000100e+02 1.326284080000000100e+02
2.153125379610294100e-02 5.526687500000036800e+00 1.557967280000000000e+02 4.698988125000000200e+02 2.336312800000000000e+01 -4.643721249999999800e+02 1.324336000000000100e+02
2.154272864005250100e-02 4.145312499999818100e-01 1.559163580000000000e+02 4.683037187499999700e+02 2.336203799999999800e+01 -4.678891874999999900e+02 1.325543199999999900e+02
2.156854972081279400e-02 -1.517062500000008600e+00 1.562424800000000000e+02 4.681150000000000100e+02 2.341616799999999900e+01 -4.696320625000000200e+02 1.328263120000000000e+02
2.162664625856551900e-02 1.152843750000045000e+00 1.564903099999999900e+02 4.698533750000000300e+02 2.351513400000000000e+01 -4.687005312499999800e+02 1.329751760000000000e+02
2.175736257455123200e-02 9.998749999999745300e-01 1.566452019999999800e+02 4.709246562500000000e+02 2.360766599999999800e+01 -4.699247812500000200e+02 1.330375359999999900e+02
2.205147652041389300e-02 1.000593750000007300e+00 1.570089260000000000e+02 4.727783125000000300e+02 2.383103799999999900e+01 -4.717777187500000200e+02 1.331778880000000000e+02
2.221691416228001000e-02 1.000125000000025500e+00 1.571555960000000000e+02 4.742180312500000200e+02 2.390216399999999900e+01 -4.732179062500000000e+02 1.332534320000000000e+02
2.258915109137358800e-02 9.957499999999868100e-01 1.574969820000000000e+02 4.774754062499999900e+02 2.406865399999999900e+01 -4.764796562500000100e+02 1.334283279999999900e+02
2.279853391700976300e-02 9.951874999999859000e-01 1.576771220000000000e+02 4.793997187499999800e+02 2.414912199999999800e+01 -4.784045312499999900e+02 1.335279999999999900e+02
2.326964616864908600e-02 9.951562500000363800e-01 1.580586160000000000e+02 4.837506562500000200e+02 2.430170400000000100e+01 -4.827554999999999800e+02 1.337569120000000000e+02
2.353464748066464900e-02 9.916562500000054600e-01 1.582918619999999800e+02 4.858951250000000100e+02 2.442047000000000200e+01 -4.849034687500000000e+02 1.338713919999999900e+02
2.413089953874174000e-02 9.969687500000077300e-01 1.587931280000000000e+02 4.909896249999999900e+02 2.465801600000000000e+01 -4.899926562499999800e+02 1.341351119999999900e+02
2.446629109792062100e-02 9.949375000000486600e-01 1.590748020000000100e+02 4.936019687500000300e+02 2.480497799999999800e+01 -4.926070312499999800e+02 1.342698240000000000e+02
2.465494840297978100e-02 9.961562500000127300e-01 1.592271559999999800e+02 4.951113125000000000e+02 2.488136400000000100e+01 -4.941151562499999800e+02 1.343457919999999900e+02
2.476106836056503700e-02 9.939375000000154600e-01 1.593129440000000200e+02 4.959526562500000200e+02 2.492497600000000100e+01 -4.949587187500000000e+02 1.343879680000000000e+02
2.482075971925933400e-02 9.975625000000150100e-01 1.593600260000000000e+02 4.964333437500000100e+02 2.494932199999999900e+01 -4.954357812499999900e+02 1.344107040000000100e+02
2.482915398419283100e-02 9.996249999999804500e-01 1.593666820000000000e+02 4.965032187499999700e+02 2.495280999999999900e+01 -4.955035937499999900e+02 1.344138720000000000e+02
2.483387586996267000e-02 1.002062500000022300e+00 1.593704040000000100e+02 4.965436250000000200e+02 2.495482000000000200e+01 -4.955415625000000000e+02 1.344155840000000000e+02
2.483653271292138300e-02 1.003937500000006400e+00 1.593725380000000200e+02 4.965669062499999900e+02 2.495597800000000200e+01 -4.955629687499999800e+02 1.344165600000000000e+02
2.483981890226063000e-02 1.008656250000001400e+00 1.593752839999999900e+02 4.965977812500000300e+02 2.495752399999999900e+01 -4.955891250000000200e+02 1.344177599999999900e+02
2.484166760725344000e-02 1.013250000000027700e+00 1.593769260000000300e+02 4.966167187500000200e+02 2.495847799999999900e+01 -4.956034687499999900e+02 1.344184480000000100e+02
2.484355922222673800e-02 1.021593750000022300e+00 1.593788199999999900e+02 4.966390312500000200e+02 2.495962000000000100e+01 -4.956174374999999900e+02 1.344191999999999900e+02
2.484462303215974000e-02 1.028937499999983600e+00 1.593800279999999800e+02 4.966537187500000000e+02 2.496038000000000100e+01 -4.956247812500000100e+02 1.344196480000000000e+02
2.484701526357209500e-02 1.127812499999947700e+00 1.593856660000000100e+02 4.967459687499999700e+02 2.496500999999999900e+01 -4.956181562500000300e+02 1.344206560000000100e+02
2.485240046612367800e-02 2.707375000000013200e+00 1.593201919999999900e+02 4.974820000000000300e+02 2.498476799999999900e+01 -4.947746250000000100e+02 1.343354239999999900e+02
2.486451538394889400e-02 1.273468750000006400e+00 1.592760380000000000e+02 4.971844375000000000e+02 2.497253400000000000e+01 -4.959109687499999900e+02 1.343035040000000000e+02
2.489177394905562500e-02 5.043125000000259200e-01 1.593394020000000100e+02 4.973909375000000100e+02 2.499607400000000000e+01 -4.968866249999999800e+02 1.343433280000000100e+02
2.495310661450369400e-02 9.947812500000168300e-01 1.594082799999999900e+02 4.980628750000000200e+02 2.503300000000000100e+01 -4.970680937500000000e+02 1.343752800000000000e+02
2.509110332384599500e-02 9.945624999999722600e-01 1.595285739999999900e+02 4.991204687499999900e+02 2.508550200000000200e+01 -4.981259062500000100e+02 1.344430720000000000e+02
2.540159994267684300e-02 9.934062499999640700e-01 1.597861539999999800e+02 5.015010312499999800e+02 2.521148200000000000e+01 -5.005076250000000200e+02 1.345746719999999900e+02
2.610021375921454600e-02 9.946874999999977300e-01 1.603323580000000000e+02 5.067739687499999900e+02 2.548238999999999900e+01 -5.057792812500000000e+02 1.348499679999999900e+02
2.696474795489888600e-02 9.948124999999663500e-01 1.609665320000000000e+02 5.131250312500000100e+02 2.578875599999999900e+01 -5.121302187500000400e+02 1.351777759999999900e+02
2.745104855171607100e-02 9.954999999999927200e-01 1.613000020000000100e+02 5.165399062499999400e+02 2.593933000000000200e+01 -5.155444062499999500e+02 1.353606719999999900e+02
2.772459431359684800e-02 9.943437499999845400e-01 1.614749260000000100e+02 5.184452499999999900e+02 2.600889400000000200e+01 -5.174509062500000000e+02 1.354660320000000100e+02
2.800435487098536600e-02 9.942499999999654400e-01 1.616385540000000000e+02 5.204637187500000000e+02 2.606066600000000100e+01 -5.194694687500000300e+02 1.355778880000000000e+02
2.863381746604641900e-02 9.949062499999854500e-01 1.620426719999999800e+02 5.240427187499999500e+02 2.624352000000000000e+01 -5.230478124999999600e+02 1.357991519999999900e+02
2.898789095798145000e-02 9.946874999999408800e-01 1.622637560000000000e+02 5.260316874999999800e+02 2.633990000000000000e+01 -5.250370000000000300e+02 1.359238560000000000e+02
2.918705584451327200e-02 9.948749999999790800e-01 1.623853499999999900e+02 5.271195625000000300e+02 2.639134999999999900e+01 -5.261246875000000500e+02 1.359940000000000000e+02
2.929908665191112400e-02 9.964999999999690800e-01 1.624514560000000100e+02 5.277210625000000200e+02 2.641788800000000100e+01 -5.267245625000000500e+02 1.360335680000000000e+02
2.943772522304493500e-02 9.954374999999799900e-01 1.625320860000000200e+02 5.284755625000000200e+02 2.644874199999999900e+01 -5.274801250000000400e+02 1.360833440000000100e+02
2.957951410191310400e-02 9.859374999999772600e-01 1.626116340000000100e+02 5.293332500000000200e+02 2.647429000000000000e+01 -5.283473125000000400e+02 1.361373440000000100e+02
2.989853907936648400e-02 9.951250000000300100e-01 1.627993720000000100e+02 5.309397500000000000e+02 2.655388400000000000e+01 -5.299446249999999700e+02 1.362454879999999900e+02
3.007799040569452900e-02 9.951875000000427500e-01 1.629006880000000000e+02 5.318376250000000000e+02 2.659328000000000000e+01 -5.308424374999999600e+02 1.363074080000000100e+02
3.048175901878537300e-02 9.942500000000791300e-01 1.631197339999999900e+02 5.338746250000000400e+02 2.666981399999999900e+01 -5.328803749999999600e+02 1.364499199999999900e+02
3.070887439385933500e-02 9.942499999999654400e-01 1.632432819999999900e+02 5.350128750000000100e+02 2.671461000000000000e+01 -5.340186250000000400e+02 1.365286720000000000e+02
3.121989292735502900e-02 9.945625000000291000e-01 1.635179860000000100e+02 5.377228125000000300e+02 2.681321799999999900e+01 -5.367282500000000000e+02 1.367047680000000000e+02
3.150733973499894600e-02 9.947499999999536200e-01 1.636781619999999900e+02 5.390399999999999600e+02 2.688064200000000200e+01 -5.380452500000000100e+02 1.367975199999999900e+02
3.215409684011361800e-02 9.944375000000036400e-01 1.640263920000000200e+02 5.419479999999999800e+02 2.701576800000000100e+01 -5.409535624999999800e+02 1.370106240000000100e+02
3.251789480637735900e-02 9.991250000000491100e-01 1.642130620000000100e+02 5.437128750000000500e+02 2.707776600000000000e+01 -5.427137500000000000e+02 1.371352960000000100e+02
3.333644559421832700e-02 9.947500000000673000e-01 1.646381739999999900e+02 5.471799375000000500e+02 2.724126199999999900e+01 -5.461851874999999800e+02 1.373969119999999900e+02
3.434940004867250600e-02 9.943125000000918600e-01 1.651462599999999800e+02 5.513277500000000400e+02 2.742902799999999900e+01 -5.503334374999999500e+02 1.377172320000000000e+02
3.460839753925108000e-02 9.953749999999672600e-01 1.652725540000000100e+02 5.523569999999999700e+02 2.747396200000000000e+01 -5.513616250000000000e+02 1.377985920000000100e+02
3.519113295347359200e-02 9.945625000000291000e-01 1.655512579999999900e+02 5.546258125000000500e+02 2.756882600000000100e+01 -5.536312500000000200e+02 1.379824319999999900e+02
3.551892229444220100e-02 9.949374999999918100e-01 1.657062420000000000e+02 5.558374999999999800e+02 2.762149000000000100e+01 -5.548425624999999900e+02 1.380847520000000100e+02
3.570330290477911200e-02 9.957500000000436600e-01 1.657911880000000100e+02 5.565510000000000400e+02 2.764734800000000100e+01 -5.555552500000000000e+02 1.381438400000000100e+02
3.611816374782681600e-02 9.934375000000272800e-01 1.659818640000000000e+02 5.580890000000000600e+02 2.770599199999999800e+01 -5.570955625000000300e+02 1.382758719999999900e+02
3.705159528093656500e-02 9.946250000000418400e-01 1.664006880000000000e+02 5.610934375000000500e+02 2.783457599999999800e+01 -5.600988125000000100e+02 1.385661120000000000e+02
3.734037587380740300e-02 9.951875000000427500e-01 1.665197340000000000e+02 5.618546250000000600e+02 2.786362199999999900e+01 -5.608594375000000100e+02 1.386561120000000100e+02
3.741421322273680300e-02 9.966875000000072800e-01 1.665460800000000200e+02 5.620075000000000500e+02 2.786721599999999900e+01 -5.610108125000000400e+02 1.386788640000000000e+02
3.750558645036008300e-02 1.001437500000065500e+00 1.665699180000000000e+02 5.621557500000000100e+02 2.786257399999999900e+01 -5.611543124999999500e+02 1.387073440000000100e+02
3.759903366037375300e-02 1.005625000000009100e+00 1.665655899999999900e+02 5.623020000000000200e+02 2.782587799999999900e+01 -5.612963750000000100e+02 1.387397120000000000e+02
3.780929256477828100e-02 9.948749999999790800e-01 1.666367799999999900e+02 5.625353125000000300e+02 2.782958000000000000e+01 -5.615404375000000500e+02 1.388071999999999900e+02
3.792756319850582700e-02 1.002499999999940900e+00 1.666550920000000000e+02 5.626523124999999900e+02 2.781225999999999800e+01 -5.616498125000000500e+02 1.388428319999999900e+02
3.807392556612796500e-02 9.908749999999599800e-01 1.666831760000000000e+02 5.627115000000000000e+02 2.779204000000000000e+01 -5.617206250000000400e+02 1.388911359999999900e+02
3.822360988140642600e-02 1.002812500000004500e+00 1.667050999999999900e+02 5.629073124999999900e+02 2.776217200000000000e+01 -5.619044999999999800e+02 1.389429279999999900e+02
3.830780999062434500e-02 9.911875000000236500e-01 1.667248119999999900e+02 5.629021874999999700e+02 2.775791600000000200e+01 -5.619109999999999400e+02 1.389668959999999900e+02
3.849725755449087000e-02 9.908124999999472500e-01 1.667557739999999700e+02 5.629277499999999500e+02 2.773999800000000000e+01 -5.619369375000000000e+02 1.390157759999999900e+02
3.860382091520786500e-02 9.986874999999599800e-01 1.667742499999999900e+02 5.629827500000000100e+02 2.773111400000000200e+01 -5.619840625000000500e+02 1.390431360000000000e+02
3.884359115869488700e-02 9.890625000000454700e-01 1.668452120000000000e+02 5.632143125000000100e+02 2.773226800000000100e+01 -5.622252499999999600e+02 1.391129440000000000e+02
3.938306973675104900e-02 9.945625000000291000e-01 1.670687159999999900e+02 5.640403750000000400e+02 2.779882800000000000e+01 -5.630458125000000100e+02 1.392698880000000100e+02
4.005067751655249500e-02 9.950625000000172800e-01 1.673405760000000000e+02 5.655871250000000100e+02 2.786582400000000000e+01 -5.645920625000000000e+02 1.394747520000000000e+02
4.022137341894457800e-02 9.948124999999663500e-01 1.674040740000000100e+02 5.659668124999999500e+02 2.787655399999999900e+01 -5.649719999999999800e+02 1.395275200000000100e+02
4.060543562349506300e-02 9.932500000001027700e-01 1.675374839999999800e+02 5.667848750000000600e+02 2.788852400000000000e+01 -5.657916249999999500e+02 1.396489599999999900e+02
4.146957826560742500e-02 9.948749999999790800e-01 1.678890199999999900e+02 5.686549374999999600e+02 2.798212399999999900e+01 -5.676600624999999800e+02 1.399068959999999900e+02
4.250655158164128000e-02 9.946249999999281500e-01 1.683224759999999900e+02 5.710294374999999700e+02 2.811071600000000000e+01 -5.700348125000000400e+02 1.402117600000000000e+02
4.357592908460904800e-02 9.943749999999909100e-01 1.687488600000000100e+02 5.734356874999999700e+02 2.821871600000000100e+01 -5.724413124999999800e+02 1.405301440000000100e+02
4.466961151569310400e-02 9.945624999999154200e-01 1.691517199999999800e+02 5.756559999999999500e+02 2.828861600000000100e+01 -5.746614375000000300e+02 1.408631039999999900e+02
4.528480833015684900e-02 9.975625000000718500e-01 1.693771980000000200e+02 5.768417500000000500e+02 2.833695799999999900e+01 -5.758441874999999800e+02 1.410402400000000100e+02
4.666899848082649300e-02 9.950000000000045500e-01 1.698951140000000100e+02 5.798342500000000000e+02 2.847058600000000100e+01 -5.788392499999999900e+02 1.414245280000000100e+02
4.978342631983318600e-02 9.945625000000291000e-01 1.710232779999999800e+02 5.864548750000000200e+02 2.874774199999999900e+01 -5.854603124999999900e+02 1.422755359999999900e+02
5.074695205259376800e-02 9.946250000000418400e-01 1.713572020000000000e+02 5.882394375000000100e+02 2.882120200000000000e+01 -5.872448124999999700e+02 1.425360000000000000e+02
5.128893728867692900e-02 9.942499999999654400e-01 1.715366040000000100e+02 5.890708750000000000e+02 2.885230000000000000e+01 -5.880766250000000400e+02 1.426843040000000000e+02
5.142751149484000400e-02 9.945624999999154200e-01 1.715809140000000100e+02 5.892492499999999600e+02 2.885827400000000200e+01 -5.882546875000000500e+02 1.427226400000000100e+02
5.159899765603945900e-02 9.948749999999790800e-01 1.716354839999999900e+02 5.894763749999999600e+02 2.886655599999999900e+01 -5.884814999999999800e+02 1.427689279999999900e+02
5.169545929218259700e-02 9.993125000000873100e-01 1.716585020000000000e+02 5.895102500000000400e+02 2.886579800000000200e+01 -5.885109374999999500e+02 1.427927039999999900e+02
5.170902599768107500e-02 1.004874999999970000e+00 1.716603660000000100e+02 5.895050000000000000e+02 2.886483000000000100e+01 -5.885001250000000300e+02 1.427955360000000000e+02
5.172290022470640800e-02 1.039874999999938200e+00 1.716584780000000000e+02 5.894953124999999500e+02 2.886126200000000000e+01 -5.884554375000000200e+02 1.427972159999999900e+02
5.175411365968170300e-02 1.022812499999986400e+00 1.716445740000000100e+02 5.894113750000000200e+02 2.884745399999999900e+01 -5.883885625000000300e+02 1.427971200000000100e+02
5.182434657024988900e-02 9.648124999999936300e-01 1.716654780000000100e+02 5.893401874999999600e+02 2.884751000000000000e+01 -5.883753749999999600e+02 1.428179680000000100e+02
5.198236972507037900e-02 9.992499999999608900e-01 1.716777019999999800e+02 5.891997499999999900e+02 2.882751000000000000e+01 -5.882005000000000300e+02 1.428501919999999900e+02
5.233792539924819000e-02 9.951249999999163300e-01 1.717826300000000100e+02 5.892637499999999600e+02 2.883151000000000200e+01 -5.882686250000000400e+02 1.429511200000000000e+02
5.277792433920003300e-02 9.939375000000154600e-01 1.719262699999999900e+02 5.897187500000000000e+02 2.884878200000000000e+01 -5.887248124999999800e+02 1.430774879999999900e+02
5.322792130460621300e-02 9.948749999999790800e-01 1.720694640000000100e+02 5.902651875000000200e+02 2.886816800000000100e+01 -5.892703125000000500e+02 1.432012960000000100e+02
5.348104727952097300e-02 9.945625000000291000e-01 1.721472300000000100e+02 5.905663124999999800e+02 2.887734199999999900e+01 -5.895717499999999500e+02 1.432698880000000100e+02
5.362342974645259400e-02 9.947499999999536200e-01 1.721920340000000100e+02 5.907416250000000000e+02 2.888294600000000000e+01 -5.897468750000000500e+02 1.433090880000000000e+02
5.379962885384261000e-02 9.961250000000063700e-01 1.722466920000000000e+02 5.909413749999999900e+02 2.889114000000000000e+01 -5.899452499999999900e+02 1.433555519999999900e+02
5.389874018128104600e-02 9.976874999999836300e-01 1.722723840000000200e+02 5.910085625000000400e+02 2.889353600000000100e+01 -5.900108750000000600e+02 1.433788480000000000e+02
5.392407852476082500e-02 9.932499999999890900e-01 1.722796560000000200e+02 5.910420000000000300e+02 2.889519200000000200e+01 -5.900487500000000400e+02 1.433844640000000100e+02
5.395543856883612500e-02 1.024250000000051800e+00 1.722828240000000100e+02 5.910895000000000400e+02 2.889805600000000000e+01 -5.900652499999999900e+02 1.433847680000000100e+02
5.398751020342123400e-02 9.551875000000791300e-01 1.722897439999999800e+02 5.911078125000000200e+02 2.889934399999999900e+01 -5.901526249999999400e+02 1.433904000000000000e+02
5.405967406311149700e-02 9.866250000000036400e-01 1.723139500000000100e+02 5.912143750000000200e+02 2.890345400000000000e+01 -5.902277500000000100e+02 1.434104959999999900e+02
5.422203827762496500e-02 9.954999999999927200e-01 1.723691660000000100e+02 5.914430625000000000e+02 2.891257399999999900e+01 -5.904475625000000000e+02 1.434565920000000000e+02
5.458736312402783000e-02 9.949374999999918100e-01 1.724916159999999900e+02 5.920370625000000500e+02 2.893771200000000100e+01 -5.910421250000000600e+02 1.435539039999999900e+02
5.479285544476618400e-02 9.990000000000236500e-01 1.725520959999999800e+02 5.923972499999999900e+02 2.895489600000000200e+01 -5.913982499999999600e+02 1.435971999999999900e+02
5.525521763621710200e-02 9.952500000000554800e-01 1.726920700000000000e+02 5.932484375000000200e+02 2.899539800000000200e+01 -5.922531874999999700e+02 1.436966720000000100e+02
5.551529502797136100e-02 9.945000000000163700e-01 1.727775419999999800e+02 5.936481250000000500e+02 2.901245400000000200e+01 -5.926536250000000300e+02 1.437650879999999900e+02
5.610047273525013700e-02 9.946250000000418400e-01 1.729662459999999800e+02 5.943895000000000000e+02 2.904187800000000100e+01 -5.933948749999999600e+02 1.439243679999999900e+02
5.682462871767494200e-02 9.945000000000163700e-01 1.731960980000000100e+02 5.953303124999999900e+02 2.908086600000000000e+01 -5.943358124999999700e+02 1.441152319999999900e+02
5.756524067761793800e-02 9.945000000000163700e-01 1.734218279999999800e+02 5.961135000000000400e+02 2.911040399999999900e+01 -5.951190000000000300e+02 1.443114239999999900e+02
5.798183579904379900e-02 9.932500000001027700e-01 1.735385860000000100e+02 5.964583750000000500e+02 2.912031400000000000e+01 -5.954651249999999400e+02 1.444182720000000000e+02
5.849737418381784800e-02 9.946874999999408800e-01 1.737021020000000000e+02 5.970266874999999800e+02 2.914277399999999900e+01 -5.960320000000000400e+02 1.445593279999999900e+02
5.878736340780583300e-02 9.958749999999554300e-01 1.737917779999999900e+02 5.973265000000000100e+02 2.915433799999999900e+01 -5.963306250000000500e+02 1.446374400000000000e+02
5.895048212280960100e-02 9.948124999999663500e-01 1.738391700000000000e+02 5.974531250000000000e+02 2.915886600000000000e+01 -5.964583125000000300e+02 1.446803040000000100e+02
5.904223438859388500e-02 1.103562500000066400e+00 1.738478720000000200e+02 5.975085625000000400e+02 2.915918400000000000e+01 -5.964049999999999700e+02 1.446886880000000100e+02
5.913607494009538000e-02 9.682500000000118200e-01 1.738791200000000000e+02 5.975798750000000200e+02 2.916516800000000100e+01 -5.966116250000000000e+02 1.447139520000000100e+02
5.934721349909996600e-02 9.961250000000063700e-01 1.739498339999999800e+02 5.978403749999999900e+02 2.917517799999999900e+01 -5.968442499999999900e+02 1.447746559999999900e+02
5.982227704477614100e-02 9.948749999999790800e-01 1.740928100000000100e+02 5.982319374999999600e+02 2.918813799999999900e+01 -5.972370624999999800e+02 1.449046720000000100e+02
6.089117181046339200e-02 9.946249999999281500e-01 1.743967179999999900e+02 5.987799999999999700e+02 2.919516600000000000e+01 -5.977853750000000400e+02 1.452015519999999900e+02
6.149242645709935400e-02 9.948124999999663500e-01 1.745861120000000100e+02 5.994352500000000000e+02 2.922094399999999900e+01 -5.984404375000000300e+02 1.453651680000000100e+02
6.284524226036686300e-02 9.944999999999026800e-01 1.750046639999999900e+02 6.009891249999999400e+02 2.928328799999999900e+01 -5.999946250000000400e+02 1.457213759999999900e+02
6.360620070272587900e-02 9.945625000000291000e-01 1.752369239999999900e+02 6.017957500000000000e+02 2.931335599999999900e+01 -6.008011874999999700e+02 1.459235679999999900e+02
6.451935369422205600e-02 9.947499999999536200e-01 1.755107199999999900e+02 6.027687499999999500e+02 2.934985599999999900e+01 -6.017740000000000000e+02 1.461608640000000000e+02
6.623151197744568700e-02 9.946249999999281500e-01 1.760180540000000100e+02 6.043810624999999800e+02 2.940107799999999800e+01 -6.033864375000000600e+02 1.466169759999999900e+02
6.647228702964252900e-02 9.946250000000418400e-01 1.760890880000000000e+02 6.046183750000000100e+02 2.940904000000000100e+01 -6.036237499999999700e+02 1.466800480000000000e+02
6.701402553333787900e-02 9.945000000000163700e-01 1.762469620000000000e+02 6.051285000000000300e+02 2.942593799999999900e+01 -6.041340000000000100e+02 1.468210239999999900e+02
6.768442961353463000e-02 9.942499999999654400e-01 1.764409120000000000e+02 6.056850624999999600e+02 2.944204800000000000e+01 -6.046908124999999900e+02 1.469988640000000000e+02
6.837006673680561000e-02 9.951249999999163300e-01 1.766313779999999800e+02 6.062202499999999600e+02 2.945705800000000000e+01 -6.052251250000000500e+02 1.471743199999999900e+02
6.921854008437544600e-02 9.944375000000036400e-01 1.768699460000000000e+02 6.067910000000000500e+02 2.947026599999999900e+01 -6.057965625000000500e+02 1.473996799999999900e+02
7.000000234574560400e-02 9.946249999999281500e-01 1.770880799999999900e+02 6.072699374999999700e+02 2.948060800000000000e+01 -6.062753125000000400e+02 1.476074720000000000e+02
