0.000000000000000000e+00 0.000000000000000000e+00 0.000000000000000000e+00 0.000000000000000000e+00 0.000000000000000000e+00 0.000000000000000000e+00 0.000000000000000000e+00
1.566139088990261700e-08 1.912860351562500200e+00 1.947021484370679200e-08 1.631044433593750000e+01 5.609081420898437300e-04 -1.439758398437500000e+01 -5.608886718750000300e-04
8.750154440632138600e-04 1.913464843750000800e+00 2.161614000000000100e+01 1.652962890625000000e+01 1.268525099999999900e+01 -1.461616406249999900e+01 8.930889000000000500e+00
1.055484169099959900e-03 1.921338867187499100e+00 2.601309400000000200e+01 1.701262500000000000e+01 1.516454100000000000e+01 -1.509128613281250100e+01 1.084855300000000100e+01
1.131042624787562700e-03 1.922496093750002200e+00 2.783032099999999800e+01 1.734136914062500200e+01 1.615905600000000000e+01 -1.541887304687499900e+01 1.167126500000000000e+01
1.137531445639102700e-03 1.925864257812499100e+00 2.798407000000000300e+01 1.737668945312500000e+01 1.624191700000000100e+01 -1.545082519531250000e+01 1.174215300000000000e+01
1.152131211294474400e-03 1.932583007812500100e+00 2.832850000000000200e+01 1.746637890625000000e+01 1.642576800000000100e+01 -1.553379589843750000e+01 1.190273200000000000e+01
1.184980805909950500e-03 1.938045898437501100e+00 2.909344200000000300e+01 1.771619140625000100e+01 1.682205000000000100e+01 -1.577814550781250000e+01 1.227139200000000100e+01
1.225632067513287000e-03 1.935413085937501200e+00 3.002719600000000000e+01 1.811167773437500000e+01 1.728619600000000000e+01 -1.617626464843749900e+01 1.274100000000000000e+01
1.267207262056086700e-03 1.926113281250000100e+00 3.097146200000000200e+01 1.859973632812500100e+01 1.773752400000000100e+01 -1.667362304687500100e+01 1.323393800000000000e+01
1.290593329301559600e-03 1.940619140624999500e+00 3.149097600000000000e+01 1.894115624999999900e+01 1.797388200000000000e+01 -1.700053710937499900e+01 1.351709400000000000e+01
1.343211919658429200e-03 1.941650390625000000e+00 3.263264300000000200e+01 1.985268359375000100e+01 1.845707000000000200e+01 -1.791103320312500100e+01 1.417557300000000000e+01
1.372809952915974200e-03 2.076863281249998700e+00 3.316397899999999800e+01 2.085383984374999900e+01 1.858360400000000100e+01 -1.877697656250000000e+01 1.458037500000000000e+01
1.409437352487970800e-03 2.381406249999997700e+00 3.355883300000000000e+01 2.339838085937499900e+01 1.834746200000000000e+01 -2.101697460937500100e+01 1.521137100000000000e+01
1.446897348093190100e-03 2.590197265625001000e+00 3.294089800000000400e+01 3.218293945312500200e+01 1.650748300000000100e+01 -2.959274218750000100e+01 1.643341500000000000e+01
1.493254078434044900e-03 1.799906250000006500e+00 3.279619499999999700e+01 4.677495312500000300e+01 1.437975299999999900e+01 -4.497504687499999700e+01 1.841644200000000000e+01
1.540664271099191900e-03 7.833281250000041500e-01 3.368716299999999800e+01 5.832896875000000100e+01 1.348400700000000000e+01 -5.754564062499999700e+01 2.020315600000000000e+01
1.626002682904930600e-03 1.716859374999998500e+00 3.503692600000000100e+01 6.725732812500000100e+01 1.334285599999999900e+01 -6.554046875000000200e+01 2.169407000000000000e+01
1.732675575771214700e-03 1.941117187499998000e+00 3.646883900000000300e+01 7.482502343749999300e+01 1.334540900000000000e+01 -7.288390624999999500e+01 2.312342999999999900e+01
1.972689950393021400e-03 1.914609374999997700e+00 4.078120200000000000e+01 9.342289843749999500e+01 1.388864600000000000e+01 -9.150828906249999800e+01 2.689255599999999900e+01
2.512722008880012000e-03 1.923687499999999800e+00 5.041686899999999800e+01 1.276239218749999900e+02 1.592790100000000000e+01 -1.257002343749999900e+02 3.448896800000000000e+01
3.181011886440659200e-03 1.915343749999976800e+00 6.181459600000000200e+01 1.645041249999999900e+02 1.866252000000000100e+01 -1.625887812500000100e+02 4.315207600000000100e+01
3.351881460178117500e-03 1.917890625000012500e+00 6.460858600000000300e+01 1.736862812500000100e+02 1.932662600000000100e+01 -1.717683906249999900e+02 4.528195999999999800e+01
3.544109568111573100e-03 1.918437500000010200e+00 6.769989200000000600e+01 1.841788750000000100e+02 2.004191600000000100e+01 -1.822604374999999900e+02 4.765797599999999800e+01
3.640223622078300500e-03 1.907765624999996100e+00 6.922040200000000700e+01 1.892370156250000000e+02 2.040157000000000000e+01 -1.873292500000000000e+02 4.881883200000000000e+01
3.694287919640622000e-03 1.913265625000008200e+00 7.005639800000000200e+01 1.919751718750000000e+02 2.060531400000000000e+01 -1.900619062499999900e+02 4.945108400000000200e+01
3.711013949965650400e-03 1.920406250000013400e+00 7.031041600000000400e+01 1.928141875000000000e+02 2.066876800000000000e+01 -1.908937812499999900e+02 4.964164800000000400e+01
3.720422301393182700e-03 1.923562500000002700e+00 7.045092800000000500e+01 1.932754999999999900e+02 2.070468400000000000e+01 -1.913519374999999900e+02 4.974624399999999700e+01
3.725714641277206400e-03 1.927437499999996400e+00 7.052935400000001200e+01 1.935328906249999900e+02 2.072549800000000200e+01 -1.916054531250000000e+02 4.980385600000000300e+01
3.731127246838487000e-03 1.977515624999995200e+00 7.061142400000000000e+01 1.938425781249999900e+02 2.075106400000000000e+01 -1.918650624999999900e+02 4.986036000000000000e+01
3.734171593684929000e-03 2.215374999999994500e+00 7.065247999999999700e+01 1.942320781249999900e+02 2.076242399999999900e+01 -1.920167031249999900e+02 4.989005600000000100e+01
3.737939484849135300e-03 4.148281249999996600e+00 7.066109400000000600e+01 1.965744374999999900e+02 2.073855000000000000e+01 -1.924261562499999900e+02 4.992254400000000200e+01
3.741792537114534100e-03 7.753421875000015000e+00 7.056604799999999500e+01 2.009300156250000100e+02 2.062859999999999900e+01 -1.931765937499999900e+02 4.993744800000000300e+01
3.750462392275237400e-03 1.063492187500000300e+01 6.992441999999999800e+01 2.075977031250000100e+02 2.001746400000000000e+01 -1.969627812500000100e+02 4.990695600000000100e+01
3.769969485126227100e-03 8.197343749999959100e-01 6.918698200000000000e+01 2.035398593749999900e+02 1.932759400000000100e+01 -2.027201250000000000e+02 4.985938800000000300e+01
3.813860606562140000e-03 -8.043124999999804500e-01 7.053461400000000500e+01 2.042912031250000100e+02 1.998151400000000100e+01 -2.050955156249999900e+02 5.055310000000000100e+01
3.912614979708202600e-03 2.221734375000011100e+00 7.234138799999999500e+01 2.098821718750000100e+02 2.076673200000000100e+01 -2.076604375000000000e+02 5.157465599999999700e+01
4.134812969371584600e-03 1.907749999999993000e+00 7.530082600000000100e+01 2.236809062499999900e+02 2.165160600000000100e+01 -2.217731562500000000e+02 5.364922000000000000e+01
4.534769155740249800e-03 1.930937499999998900e+00 8.146527399999999400e+01 2.404631718750000000e+02 2.404111000000000000e+01 -2.385322343750000000e+02 5.742416399999999800e+01
5.034714551222266600e-03 1.912453125000013200e+00 8.886386600000000200e+01 2.627214999999999900e+02 2.631302200000000000e+01 -2.608090468749999800e+02 6.255084399999999800e+01
6.159591284753841900e-03 1.913781249999999500e+00 1.047222160000000000e+02 3.134172500000000200e+02 3.046599200000000000e+01 -3.115034687500000200e+02 7.425622400000000300e+01
7.551626843827552600e-03 1.911031249999950900e+00 1.237219760000000000e+02 3.729769999999999800e+02 3.537988000000000000e+01 -3.710659687500000200e+02 8.834209599999999800e+01
7.741449638215879500e-03 1.918187499999987700e+00 1.262382560000000100e+02 3.806904999999999900e+02 3.601776799999999700e+01 -3.787723125000000000e+02 9.022048800000000300e+01
8.097367783996957000e-03 1.909468749999973600e+00 1.311273919999999900e+02 3.955339687499999900e+02 3.726644799999999700e+01 -3.936245000000000100e+02 9.386094400000000300e+01
8.898183124440822700e-03 1.913124999999979500e+00 1.421503799999999800e+02 4.287359374999999800e+02 4.008378799999999800e+01 -4.268228125000000000e+02 1.020665920000000000e+02
9.145935620266967100e-03 1.913437499999986400e+00 1.454963840000000100e+02 4.387296250000000000e+02 4.093353599999999700e+01 -4.368161875000000100e+02 1.045628480000000000e+02
9.285296236647987800e-03 1.915312500000027300e+00 1.473700120000000000e+02 4.442621250000000300e+02 4.140984400000000000e+01 -4.423468125000000000e+02 1.059601680000000000e+02
9.304894341362847000e-03 1.929187500000011800e+00 1.476314600000000000e+02 4.450345312499999900e+02 4.147650000000000100e+01 -4.431053437499999700e+02 1.061549600000000000e+02
9.309904544468875300e-03 1.937343750000025000e+00 1.476979760000000100e+02 4.452322500000000200e+02 4.149355200000000100e+01 -4.432949062500000000e+02 1.062044240000000000e+02
9.316105702822111100e-03 1.963843749999966800e+00 1.477793560000000100e+02 4.454789374999999700e+02 4.151480399999999800e+01 -4.435150937500000100e+02 1.062645519999999900e+02
9.319593407462549100e-03 2.001718750000009100e+00 1.478243200000000000e+02 4.456222500000000100e+02 4.152710400000000100e+01 -4.436205312500000000e+02 1.062972160000000100e+02
9.323161072526241900e-03 2.141000000000019600e+00 1.478682959999999900e+02 4.457944062500000100e+02 4.154163200000000000e+01 -4.436534062499999900e+02 1.063266639999999900e+02
9.331187018750066900e-03 3.040250000000014600e+00 1.479261080000000000e+02 4.464461875000000100e+02 4.156517999999999800e+01 -4.434059374999999900e+02 1.063609280000000000e+02
9.349246372880785600e-03 1.846562500000004500e+00 1.481109600000000100e+02 4.464049687500000200e+02 4.159119199999999900e+01 -4.445584062500000200e+02 1.065197680000000000e+02
9.389879269590163000e-03 1.613656249999962700e+00 1.486741559999999800e+02 4.478930312499999800e+02 4.172695600000000100e+01 -4.462793750000000200e+02 1.069472000000000000e+02
9.481303287186260800e-03 1.931906249999997300e+00 1.499445880000000100e+02 4.516798437499999700e+02 4.205342000000000300e+01 -4.497479374999999800e+02 1.078911679999999900e+02
9.687007001735113000e-03 1.913312500000017700e+00 1.527530360000000100e+02 4.598372812499999900e+02 4.275887600000000100e+01 -4.579239687499999700e+02 1.099941599999999900e+02
1.014984133459714000e-02 1.911937500000021800e+00 1.590484360000000100e+02 4.780369062500000200e+02 4.433343599999999900e+01 -4.761249687499999900e+02 1.147150000000000000e+02
1.041018532178965800e-02 1.911687499999970900e+00 1.626063039999999900e+02 4.882256249999999800e+02 4.522166399999999700e+01 -4.863139375000000100e+02 1.173846400000000000e+02
1.055662926151870900e-02 1.911187499999982700e+00 1.646027320000000000e+02 4.939203437499999700e+02 4.571786000000000200e+01 -4.920091562499999900e+02 1.188848720000000000e+02
1.088612731330315100e-02 1.915468750000002300e+00 1.690470839999999800e+02 5.065070937500000200e+02 4.681574799999999900e+01 -5.045916250000000200e+02 1.222313360000000000e+02
1.097879884351900600e-02 1.897125000000016800e+00 1.703052280000000000e+02 5.100544375000000100e+02 4.712517199999999900e+01 -5.081573124999999900e+02 1.231800559999999900e+02
1.100196656355178400e-02 1.905718750000005500e+00 1.706194000000000100e+02 5.109465625000000300e+02 4.720276799999999900e+01 -5.090408437500000200e+02 1.234166320000000100e+02
1.100486204099232500e-02 1.907937500000002700e+00 1.706586879999999800e+02 5.110584999999999800e+02 4.721249600000000200e+01 -5.091505624999999800e+02 1.234461920000000000e+02
1.100844660825930900e-02 1.913093749999973200e+00 1.707073680000000000e+02 5.111980312499999900e+02 4.722460800000000300e+01 -5.092849375000000100e+02 1.234827600000000000e+02
1.101211178603429100e-02 1.924812499999973200e+00 1.707573520000000000e+02 5.113433437499999700e+02 4.723718399999999900e+01 -5.094185312500000000e+02 1.235201680000000000e+02
1.101870884599536100e-02 2.013718750000009500e+00 1.708496519999999900e+02 5.116357187500000200e+02 4.726217200000000000e+01 -5.096220000000000100e+02 1.235874800000000000e+02
1.102695582103144000e-02 2.071718750000002300e+00 1.709631599999999900e+02 5.119790312499999900e+02 4.729210400000000200e+01 -5.099073124999999900e+02 1.236710559999999900e+02
1.104551053973550800e-02 1.866843750000043700e+00 1.712013520000000100e+02 5.125759687500000200e+02 4.734512000000000100e+01 -5.107091249999999700e+02 1.238562320000000100e+02
1.108726028203151400e-02 1.867437499999937200e+00 1.717624400000000000e+02 5.141683437499999600e+02 4.748305599999999800e+01 -5.123009062500000300e+02 1.242793839999999900e+02
1.118119492690093500e-02 1.921218749999980000e+00 1.730526360000000100e+02 5.178279374999999600e+02 4.780109999999999800e+01 -5.159067187499999800e+02 1.252515360000000000e+02
1.139255047819609300e-02 1.911687500000084600e+00 1.759360920000000000e+02 5.258897500000000500e+02 4.850663600000000000e+01 -5.239780624999999600e+02 1.274294560000000000e+02
1.160060359900226700e-02 1.903062499999919100e+00 1.787509479999999900e+02 5.335890624999999500e+02 4.918826000000000000e+01 -5.316860000000000400e+02 1.295626880000000100e+02
1.160979839759207800e-02 2.022937500000011800e+00 1.788394639999999900e+02 5.339935000000000400e+02 4.918831999999999700e+01 -5.319705625000000300e+02 1.296511439999999900e+02
1.161215040418836800e-02 2.294625000000110000e+00 1.788324639999999900e+02 5.343083125000000600e+02 4.916334400000000200e+01 -5.320136874999999500e+02 1.296691199999999900e+02
1.161347267655344700e-02 2.743375000000014600e+00 1.787968559999999900e+02 5.347476249999999700e+02 4.912242400000000200e+01 -5.320042499999999600e+02 1.296744320000000000e+02
1.161644746433250100e-02 7.807750000000055500e+00 1.782242000000000000e+02 5.393411250000000300e+02 4.861056800000000100e+01 -5.315333749999999800e+02 1.296136320000000000e+02
1.161812208262770500e-02 1.282456249999995600e+01 1.776070879999999800e+02 5.440184375000000000e+02 4.805736000000000300e+01 -5.311938750000000500e+02 1.295497279999999900e+02
1.162019325261548300e-02 2.140743750000001500e+01 1.764836000000000200e+02 5.527887500000000500e+02 4.700112000000000000e+01 -5.313813125000000400e+02 1.294824800000000100e+02
1.162231122870468000e-02 2.954512499999998500e+01 1.752503959999999900e+02 5.625213750000000300e+02 4.577443600000000100e+01 -5.329762500000000500e+02 1.294759599999999900e+02
1.162707765003248400e-02 2.066906249999999500e+01 1.739088560000000100e+02 5.630003124999999500e+02 4.415390399999999700e+01 -5.423312499999999500e+02 1.297549520000000000e+02
1.163780144793530500e-02 5.138750000000982300e-01 1.745244280000000000e+02 5.518440000000000500e+02 4.427576400000000200e+01 -5.513301249999999500e+02 1.302486639999999900e+02
1.166193129338613300e-02 -4.130625000000009100e+00 1.764259599999999800e+02 5.520834374999999500e+02 4.516709600000000100e+01 -5.562140624999999500e+02 1.312588639999999900e+02
1.171622117035390300e-02 6.301875000000336500e-01 1.786598119999999900e+02 5.590804375000000200e+02 4.599108400000000100e+01 -5.584502499999999800e+02 1.326687279999999900e+02
1.183837469370087200e-02 2.078062499999987300e+00 1.801200120000000000e+02 5.633932499999999700e+02 4.640410800000000100e+01 -5.613151874999999800e+02 1.337159039999999900e+02
1.211322012123154700e-02 1.915687499999990000e+00 1.835293120000000000e+02 5.739237500000000400e+02 4.715207999999999800e+01 -5.720080625000000500e+02 1.363772319999999900e+02
1.242242122720355600e-02 1.910187500000006400e+00 1.877837760000000200e+02 5.847489375000000100e+02 4.831960000000000100e+01 -5.828387500000000000e+02 1.394641760000000100e+02
1.249972150369655700e-02 1.912937499999998200e+00 1.888211200000000100e+02 5.872028749999999500e+02 4.861768000000000000e+01 -5.852899374999999500e+02 1.402034400000000000e+02
1.252097927475755500e-02 1.925687499999980900e+00 1.891021279999999900e+02 5.878798124999999600e+02 4.869814399999999900e+01 -5.859541249999999800e+02 1.404039840000000100e+02
1.252641398320006100e-02 1.934937500000046400e+00 1.891733439999999900e+02 5.880538125000000500e+02 4.871867199999999800e+01 -5.861188750000000000e+02 1.404546719999999900e+02
1.253619775856605800e-02 1.972499999999968200e+00 1.893002760000000000e+02 5.883598124999999800e+02 4.875610000000000400e+01 -5.863873125000000100e+02 1.405441759999999900e+02
1.254842715273117900e-02 1.921562500000050000e+00 1.894595360000000100e+02 5.887055000000000300e+02 4.880124800000000100e+01 -5.867839374999999800e+02 1.406582880000000000e+02
1.257594263951796100e-02 1.880687500000021800e+00 1.898252440000000000e+02 5.895228124999999900e+02 4.890802800000000200e+01 -5.876421249999999600e+02 1.409172160000000000e+02
1.259141985705374900e-02 1.891687499999989100e+00 1.900306560000000200e+02 5.899964374999999600e+02 4.896891200000000300e+01 -5.881047499999999700e+02 1.410617440000000000e+02
1.262624359650927100e-02 1.928312500000060900e+00 1.904892960000000000e+02 5.910586250000000100e+02 4.910600000000000200e+01 -5.891303124999999500e+02 1.413832960000000000e+02
1.270459831045367800e-02 1.911937499999908100e+00 1.915237359999999900e+02 5.934160624999999500e+02 4.941443999999999900e+01 -5.915041250000000400e+02 1.421092960000000000e+02
1.288089739195570800e-02 1.914750000000026400e+00 1.938090720000000100e+02 5.986600624999999800e+02 5.009702399999999800e+01 -5.967453124999999500e+02 1.437120480000000100e+02
1.327756870012341800e-02 1.917687499999942700e+00 1.987401439999999900e+02 6.103273124999999500e+02 5.159483199999999700e+01 -6.084096250000000100e+02 1.471453119999999900e+02
1.417008044367025000e-02 1.915937500000040900e+00 2.090681400000000000e+02 6.337773750000000100e+02 5.490397999999999700e+01 -6.318614374999999700e+02 1.541641600000000100e+02
1.467211748680941600e-02 1.914687500000013600e+00 2.145170280000000100e+02 6.449496874999999800e+02 5.671429200000000000e+01 -6.430349999999999700e+02 1.578027360000000100e+02
1.580170213404202100e-02 1.914250000000038200e+00 2.258496040000000000e+02 6.660284375000000000e+02 6.065542800000000100e+01 -6.641141874999999600e+02 1.651941760000000000e+02
1.596055034073177300e-02 1.919187500000020900e+00 2.273168319999999800e+02 6.686544999999999800e+02 6.117547199999999900e+01 -6.667353124999999600e+02 1.661413599999999900e+02
1.631795783065660700e-02 1.914125000000012700e+00 2.305147560000000100e+02 6.749280625000000100e+02 6.226091600000000200e+01 -6.730139375000000000e+02 1.682538400000000000e+02
1.712212435794510300e-02 1.914750000000026400e+00 2.373114279999999800e+02 6.908438125000000100e+02 6.435749199999999300e+01 -6.889290624999999900e+02 1.729539360000000000e+02
1.723521049931168000e-02 1.924937500000055500e+00 2.382014880000000100e+02 6.930290625000000100e+02 6.462873600000000400e+01 -6.911041249999999500e+02 1.735727520000000100e+02
1.723918641759330400e-02 1.928999999999973600e+00 2.382323199999999900e+02 6.931064374999999700e+02 6.463815999999999900e+01 -6.911774375000000000e+02 1.735941599999999900e+02
1.724813158364221400e-02 2.016000000000076400e+00 2.383045439999999900e+02 6.933154375000000300e+02 6.466254399999999700e+01 -6.912994374999999500e+02 1.736420000000000000e+02
1.726825820725225500e-02 2.022125000000073700e+00 2.384486240000000000e+02 6.936926250000000200e+02 6.470752000000000200e+01 -6.916704999999999500e+02 1.737411040000000100e+02
1.731354441054434500e-02 1.839062500000068200e+00 2.387928560000000000e+02 6.944806250000000300e+02 6.480599200000000300e+01 -6.926415624999999600e+02 1.739868640000000000e+02
1.733901733107199400e-02 1.886250000000018200e+00 2.389977600000000300e+02 6.950055625000000000e+02 6.486835200000000200e+01 -6.931193124999999800e+02 1.741294080000000100e+02
1.735334649895353700e-02 1.924500000000080000e+00 2.391123639999999900e+02 6.953031875000000400e+02 6.490329199999999300e+01 -6.933786874999999600e+02 1.742090719999999900e+02
1.736140624958394300e-02 1.946625000000040000e+00 2.391760560000000200e+02 6.954686874999999900e+02 6.492272800000000600e+01 -6.935220624999999500e+02 1.742533280000000100e+02
1.737954101354472600e-02 2.227062499999988200e+00 2.393106880000000300e+02 6.959160624999999500e+02 6.497256000000000100e+01 -6.936889999999999600e+02 1.743381280000000100e+02
1.742034293228700600e-02 1.771437500000047300e+00 2.395903199999999900e+02 6.964510000000000200e+02 6.504324800000000600e+01 -6.946795624999999700e+02 1.745470719999999900e+02
1.751215049988084200e-02 1.918124999999918100e+00 2.403135399999999900e+02 6.983083749999999600e+02 6.525867599999999400e+01 -6.963902500000000400e+02 1.750548640000000100e+02
1.771871492662800300e-02 1.916000000000053700e+00 2.418566199999999900e+02 7.023203125000000000e+02 6.571746799999999700e+01 -7.004043124999999500e+02 1.761391520000000000e+02
1.818348651202096900e-02 1.913312499999960900e+00 2.452146159999999800e+02 7.112018749999999700e+02 6.671980000000000600e+01 -7.092885625000000100e+02 1.784948159999999900e+02
1.922922062890092300e-02 1.913249999999948200e+00 2.520776480000000100e+02 7.310835624999999700e+02 6.891550399999999900e+01 -7.291703125000000200e+02 1.831621440000000100e+02
1.955274570207654300e-02 1.912062499999933600e+00 2.539389600000000100e+02 7.371952499999999900e+02 6.958808000000000500e+01 -7.352831875000000500e+02 1.843508799999999900e+02
1.959824123265552900e-02 1.912687499999947200e+00 2.541945840000000200e+02 7.380662499999999700e+02 6.968247200000000400e+01 -7.361535625000000200e+02 1.845121120000000000e+02
1.964477039797418000e-02 1.939499999999952700e+00 2.544520800000000200e+02 7.389534374999999500e+02 6.977860800000000600e+01 -7.370139375000000000e+02 1.846734720000000000e+02
1.974946264515299900e-02 1.907312499999989100e+00 2.550265279999999800e+02 7.409401249999999700e+02 6.999297599999999900e+01 -7.390328124999999800e+02 1.850335519999999900e+02
1.998501825105112100e-02 1.912562499999921800e+00 2.562933279999999700e+02 7.455125624999999400e+02 7.048371199999999700e+01 -7.436000000000000200e+02 1.858096160000000100e+02
2.027651884966995300e-02 1.910374999999930900e+00 2.577983679999999800e+02 7.511387499999999600e+02 7.109734400000000700e+01 -7.492283750000000300e+02 1.867010239999999900e+02
2.057464381180901600e-02 1.914625000000000900e+00 2.592498479999999900e+02 7.571932500000000300e+02 7.167650399999999400e+01 -7.552786250000000300e+02 1.875733439999999900e+02
2.066687653482407100e-02 1.921937500000012700e+00 2.596799439999999800e+02 7.592490000000000200e+02 7.183339999999999700e+01 -7.573270625000000100e+02 1.878465439999999900e+02
2.071875719773826400e-02 1.964937499999905400e+00 2.598955439999999700e+02 7.607000624999999400e+02 7.188383199999999800e+01 -7.587351250000000400e+02 1.880117119999999900e+02
2.077181711437430700e-02 1.874750000000062800e+00 2.599838479999999700e+02 7.632556250000000100e+02 7.175461599999999900e+01 -7.613808749999999500e+02 1.882292320000000000e+02
2.089120257689015100e-02 1.905250000000023600e+00 2.605359200000000300e+02 7.671364375000000600e+02 7.186990400000000500e+01 -7.652311875000000300e+02 1.886660160000000100e+02
2.115981889242368400e-02 1.910562500000082800e+00 2.617809680000000300e+02 7.722011250000000500e+02 7.242576800000000500e+01 -7.702905624999999600e+02 1.893552000000000000e+02
2.176420527733176300e-02 1.914625000000000900e+00 2.642773520000000100e+02 7.832587499999999600e+02 7.353637600000000400e+01 -7.813441249999999600e+02 1.907409759999999900e+02
2.248946841915367200e-02 1.913187500000049100e+00 2.669301199999999900e+02 7.968518125000000500e+02 7.477416800000000300e+01 -7.949386250000000000e+02 1.921559520000000100e+02
2.282943413545261000e-02 1.908249999999952700e+00 2.680938960000000300e+02 8.028627500000000100e+02 7.536304800000000600e+01 -8.009545000000000500e+02 1.927308480000000100e+02
2.287724396771285600e-02 1.915187500000001800e+00 2.682544720000000200e+02 8.036136874999999700e+02 7.545215199999999800e+01 -8.016984999999999700e+02 1.928023200000000100e+02
2.290413407297790800e-02 1.918062499999905400e+00 2.683430159999999800e+02 8.040137499999999600e+02 7.550360800000000000e+01 -8.020956875000000500e+02 1.928394079999999900e+02
2.293741321108661400e-02 1.934750000000008200e+00 2.684444640000000400e+02 8.044287500000000400e+02 7.557192000000000600e+01 -8.024940000000000300e+02 1.928725440000000000e+02
2.295613305131513300e-02 2.021249999999895400e+00 2.684712880000000200e+02 8.045990624999999500e+02 7.560256800000000500e+01 -8.025778125000000500e+02 1.928687200000000000e+02
2.296092027535467600e-02 2.098312500000020000e+00 2.684664480000000100e+02 8.046590625000000000e+02 7.560472000000000000e+01 -8.025607499999999800e+02 1.928617280000000000e+02
2.296684124718414300e-02 2.578624999999988200e+00 2.683997919999999900e+02 8.049121874999999600e+02 7.557734399999999700e+01 -8.023335624999999700e+02 1.928224480000000100e+02
2.296835724480231600e-02 2.842312500000048200e+00 2.683655680000000000e+02 8.050536875000000200e+02 7.556145600000000700e+01 -8.022113749999999800e+02 1.928041120000000000e+02
2.297022948885906600e-02 4.012312500000007300e+00 2.682347839999999900e+02 8.056911250000000600e+02 7.549696000000000100e+01 -8.016788125000000500e+02 1.927378239999999900e+02
2.297214593867826300e-02 7.302187499999945400e+00 2.678862639999999800e+02 8.076744999999999700e+02 7.530338399999999400e+01 -8.003723125000000200e+02 1.925828799999999900e+02
2.297645990102568900e-02 7.030437499999948200e+00 2.676345519999999900e+02 8.076772499999999600e+02 7.511706399999999900e+01 -8.006468125000000100e+02 1.925174879999999900e+02
2.298616176571420200e-02 2.147937500000011800e+00 2.676202000000000100e+02 8.045822500000000400e+02 7.508820000000000100e+01 -8.024343125000000300e+02 1.925320000000000100e+02
2.300799421168706400e-02 1.338500000000067300e+00 2.678720799999999800e+02 8.044710625000000200e+02 7.527121599999999500e+01 -8.031325624999999500e+02 1.926008640000000000e+02
2.303501173356152900e-02 7.751250000000027300e-01 2.679847439999999800e+02 8.044145624999999900e+02 7.535724000000000400e+01 -8.036394374999999900e+02 1.926275039999999900e+02
2.306264293543237500e-02 1.583499999999958200e+00 2.680182640000000400e+02 8.053251249999999600e+02 7.537992800000000700e+01 -8.037416250000000000e+02 1.926383360000000100e+02
2.312481183947229600e-02 1.649187500000039100e+00 2.679573920000000300e+02 8.062825625000000400e+02 7.533875199999999900e+01 -8.046333750000000000e+02 1.926186400000000000e+02
2.320174546817085200e-02 1.840937499999995500e+00 2.680357520000000000e+02 8.084233749999999600e+02 7.526258400000000400e+01 -8.065824374999999700e+02 1.927731680000000000e+02
2.328042912499467300e-02 1.864374999999995500e+00 2.681584480000000200e+02 8.104473124999999500e+02 7.521097600000000200e+01 -8.085829374999999600e+02 1.929474720000000000e+02
2.345746540259404500e-02 1.920437499999934500e+00 2.688285760000000000e+02 8.124245624999999800e+02 7.558681599999999900e+01 -8.105041250000000400e+02 1.932417600000000000e+02
2.385579572702315300e-02 1.918062500000019100e+00 2.702368080000000000e+02 8.164787499999999900e+02 7.650354400000000500e+01 -8.145606874999999700e+02 1.937332639999999900e+02
2.434873158377534600e-02 1.912249999999971800e+00 2.718300639999999900e+02 8.210101250000000200e+02 7.767003200000000600e+01 -8.190978750000000400e+02 1.941600320000000000e+02
2.485286970080041700e-02 1.917500000000018200e+00 2.731462399999999800e+02 8.251347500000000500e+02 7.864448000000000100e+01 -8.232172500000000400e+02 1.945017599999999900e+02
2.492376534241596100e-02 1.900750000000016400e+00 2.733281920000000000e+02 8.257258749999999700e+02 7.877886399999999900e+01 -8.238251249999999600e+02 1.945493280000000000e+02
2.508327793571196400e-02 2.018249999999966300e+00 2.734388400000000300e+02 8.287308749999999700e+02 7.873050399999999600e+01 -8.267126250000000000e+02 1.947083360000000000e+02
2.528067486742847600e-02 1.879937499999982700e+00 2.739863280000000100e+02 8.309805625000000200e+02 7.907621600000000200e+01 -8.291006250000000400e+02 1.949101120000000000e+02
2.539170934134953400e-02 1.914312499999937200e+00 2.742526159999999900e+02 8.321644374999999600e+02 7.925546400000000300e+01 -8.302501250000000300e+02 1.949971520000000000e+02
2.545416688301486600e-02 1.919874999999933600e+00 2.743902960000000300e+02 8.328118749999999900e+02 7.934663200000000000e+01 -8.308920000000000500e+02 1.950436640000000100e+02
2.551804420975657000e-02 1.999249999999960900e+00 2.745234720000000300e+02 8.334842499999999700e+02 7.943359999999999800e+01 -8.314850000000000100e+02 1.950898720000000100e+02
2.559469700184661600e-02 1.873937500000010900e+00 2.746732720000000000e+02 8.341984999999999700e+02 7.952035999999999700e+01 -8.323245624999999600e+02 1.951529119999999900e+02
2.573842033693070000e-02 1.887875000000008200e+00 2.750081520000000000e+02 8.357701875000000200e+02 7.972506400000000300e+01 -8.338823125000000100e+02 1.952830879999999900e+02
2.606179849095464600e-02 1.913687500000037300e+00 2.757310079999999700e+02 8.394381250000000100e+02 8.017991999999999600e+01 -8.375244374999999800e+02 1.955510879999999900e+02
2.624369740242363200e-02 1.911249999999995500e+00 2.761391519999999700e+02 8.413104375000000300e+02 8.044644800000000400e+01 -8.393991875000000400e+02 1.956927039999999900e+02
2.626927693684895700e-02 1.915999999999940000e+00 2.761961999999999800e+02 8.415734999999999700e+02 8.048386399999999700e+01 -8.396575000000000300e+02 1.957123359999999900e+02
2.628366721269624300e-02 1.922500000000013600e+00 2.762282720000000000e+02 8.417246874999999600e+02 8.050503999999999400e+01 -8.398021874999999500e+02 1.957232320000000000e+02
2.631604143284418200e-02 2.142687500000079100e+00 2.762950160000000300e+02 8.422010625000000300e+02 8.056024800000000100e+01 -8.400583749999999600e+02 1.957347680000000000e+02
2.638888212800757200e-02 1.769999999999981800e+00 2.764220960000000100e+02 8.426669375000000200e+02 8.064003200000000500e+01 -8.408969375000000400e+02 1.957820639999999900e+02
2.655277629246416100e-02 1.928499999999985400e+00 2.767922720000000300e+02 8.443966874999999800e+02 8.087377600000000700e+01 -8.424681875000000000e+02 1.959184960000000000e+02
2.692154076283044500e-02 1.912624999999934500e+00 2.775665840000000300e+02 8.482006249999999500e+02 8.135144800000000500e+01 -8.462880000000000100e+02 1.962151360000000000e+02
2.737788464962907800e-02 1.909874999999942700e+00 2.784472959999999900e+02 8.533358749999999900e+02 8.183699199999999500e+01 -8.514260000000000400e+02 1.966103040000000100e+02
2.744205841501310200e-02 1.909625000000005500e+00 2.785729999999999800e+02 8.540127499999999800e+02 8.190880799999999300e+01 -8.521031249999999800e+02 1.966641920000000100e+02
2.750769097055800300e-02 1.915624999999977300e+00 2.786977360000000200e+02 8.547042500000000000e+02 8.197895200000000700e+01 -8.527886250000000200e+02 1.967187840000000000e+02
2.752799701755682300e-02 1.917500000000018200e+00 2.787345679999999700e+02 8.549151249999999900e+02 8.199939999999999400e+01 -8.529976249999999700e+02 1.967351679999999900e+02
2.754876332455292300e-02 1.926562500000045500e+00 2.787653760000000000e+02 8.551228750000000200e+02 8.201591999999999400e+01 -8.531963124999999800e+02 1.967494560000000100e+02
2.755518616180315700e-02 1.942999999999983600e+00 2.787708959999999900e+02 8.551929374999999700e+02 8.201830400000000100e+01 -8.532499374999999900e+02 1.967525919999999900e+02
2.755880063296826900e-02 1.977437499999950900e+00 2.787697999999999800e+02 8.552482499999999800e+02 8.201674400000000300e+01 -8.532708125000000300e+02 1.967530559999999900e+02
2.756249571464138000e-02 2.401749999999992700e+00 2.787200159999999900e+02 8.554818749999999500e+02 8.199182399999999400e+01 -8.530801249999999500e+02 1.967281920000000100e+02
2.757081159866010500e-02 2.793125000000031800e+00 2.785856959999999800e+02 8.557116250000000300e+02 8.191436799999999600e+01 -8.529184999999999900e+02 1.966713279999999900e+02
2.757548960846300700e-02 2.485312500000077300e+00 2.785684159999999600e+02 8.555805000000000300e+02 8.189940799999999400e+01 -8.530951874999999500e+02 1.966690079999999900e+02
2.758601578060428100e-02 3.583250000000020900e+00 2.781781839999999900e+02 8.560426250000000400e+02 8.167887199999999800e+01 -8.524593750000000200e+02 1.964993120000000000e+02
2.760969706758318500e-02 1.476812500000050900e+00 2.783541200000000200e+02 8.553326250000000100e+02 8.174696799999999500e+01 -8.538558124999999600e+02 1.966071520000000100e+02
2.766297801303148300e-02 1.310312500000009100e+00 2.786559439999999800e+02 8.559762500000000500e+02 8.190346400000000000e+01 -8.546659375000000400e+02 1.967524799999999900e+02
2.772891480823560700e-02 2.077750000000037300e+00 2.789222560000000000e+02 8.570889375000000400e+02 8.206334400000000100e+01 -8.550111875000000100e+02 1.968589120000000000e+02
2.774577280576325000e-02 2.240374999999971800e+00 2.789509200000000000e+02 8.573644375000000100e+02 8.207936800000000200e+01 -8.551240625000000400e+02 1.968715520000000100e+02
2.778370655062414500e-02 1.958999999999946300e+00 2.789999760000000000e+02 8.576099375000000000e+02 8.210652000000000300e+01 -8.556509375000000500e+02 1.968934559999999900e+02
2.786905227588323100e-02 1.834812499999998200e+00 2.791610079999999800e+02 8.583348125000000000e+02 8.220843200000000200e+01 -8.565000000000000000e+02 1.969525759999999900e+02
2.797467024373455300e-02 1.947000000000002700e+00 2.793489040000000000e+02 8.594544375000000400e+02 8.231575200000000300e+01 -8.575074375000000400e+02 1.970331520000000000e+02
2.808268832445307000e-02 1.882999999999924500e+00 2.794486880000000000e+02 8.606276874999999800e+02 8.233572800000000300e+01 -8.587446875000000500e+02 1.971129599999999900e+02
2.809104321355631100e-02 1.935687500000085500e+00 2.794543919999999800e+02 8.607636250000000500e+02 8.233459999999999500e+01 -8.588279374999999600e+02 1.971197919999999900e+02
2.809958792740419400e-02 3.440875000000005500e+00 2.792345760000000000e+02 8.619025625000000400e+02 8.218196799999999800e+01 -8.584616875000000400e+02 1.970526079999999900e+02
2.811881223339244400e-02 2.217374999999947200e+00 2.791828239999999800e+02 8.615796874999999800e+02 8.210492000000000700e+01 -8.593623125000000300e+02 1.970779039999999900e+02
2.816206887212023600e-02 1.500875000000064600e+00 2.792909439999999700e+02 8.619796250000000600e+02 8.211851199999999600e+01 -8.604787499999999900e+02 1.971724319999999900e+02
2.820464942271642600e-02 1.659874999999942700e+00 2.793899599999999700e+02 8.627012499999999600e+02 8.215274399999999800e+01 -8.610413750000000200e+02 1.972372159999999900e+02
2.821217480368896600e-02 1.705375000000003600e+00 2.794115840000000000e+02 8.627792500000000500e+02 8.216574400000000400e+01 -8.610738750000000400e+02 1.972458399999999900e+02
2.821987440737234300e-02 2.486562500000104600e+00 2.793431919999999900e+02 8.633038125000000500e+02 8.212291999999999300e+01 -8.608172499999999400e+02 1.972202719999999900e+02
2.823719526523623900e-02 1.874250000000074600e+00 2.794034159999999900e+02 8.631463750000000300e+02 8.214683999999999700e+01 -8.612721249999999600e+02 1.972565760000000000e+02
2.827617174602318300e-02 1.744937499999991800e+00 2.795304160000000000e+02 8.633008750000000200e+02 8.222924799999999800e+01 -8.615559375000000300e+02 1.973011679999999900e+02
2.836386297703114400e-02 1.911875000000009100e+00 2.797436159999999700e+02 8.639990625000000400e+02 8.237897599999999400e+01 -8.620871875000000300e+02 1.973646400000000100e+02
2.847238292317042600e-02 1.931874999999990900e+00 2.799486319999999800e+02 8.649826875000000000e+02 8.251112799999999900e+01 -8.630508125000000100e+02 1.974375039999999900e+02
2.853342328009836000e-02 1.923562500000002700e+00 2.800648400000000000e+02 8.656013749999999600e+02 8.258122400000000600e+01 -8.636778124999999600e+02 1.974836160000000100e+02
2.856776075616691800e-02 1.925937499999918100e+00 2.801324399999999700e+02 8.659779999999999500e+02 8.262039199999999500e+01 -8.640520625000000300e+02 1.975120479999999900e+02
2.858707347368007500e-02 1.922187499999950000e+00 2.801720880000000300e+02 8.661841249999999900e+02 8.264365599999999300e+01 -8.642619375000000400e+02 1.975284320000000100e+02
2.860682824881773800e-02 1.935124999999970900e+00 2.802124159999999600e+02 8.664143749999999500e+02 8.266766400000000200e+01 -8.644792499999999800e+02 1.975447519999999900e+02
2.861793949722674800e-02 1.947125000000028200e+00 2.802348160000000200e+02 8.665520625000000300e+02 8.268135999999999800e+01 -8.646049375000000100e+02 1.975534560000000100e+02
2.862418811176614300e-02 1.953624999999988200e+00 2.802470799999999800e+02 8.666305625000000000e+02 8.268896800000000300e+01 -8.646769375000000100e+02 1.975581119999999900e+02
2.862770377005048300e-02 1.960874999999987300e+00 2.802541919999999900e+02 8.666786250000000100e+02 8.269355199999999700e+01 -8.647177500000000200e+02 1.975606400000000100e+02
2.862968262800490900e-02 1.967937500000061800e+00 2.802584479999999900e+02 8.667088125000000200e+02 8.269641599999999900e+01 -8.647408749999999600e+02 1.975620319999999900e+02
2.863212954697352100e-02 1.986062500000002700e+00 2.802645760000000300e+02 8.667550625000000100e+02 8.270081600000000300e+01 -8.647690000000000100e+02 1.975637600000000000e+02
2.863463107306045400e-02 2.027062500000056400e+00 2.802727439999999900e+02 8.668227500000000400e+02 8.270719200000000600e+01 -8.647956874999999900e+02 1.975655520000000000e+02
2.864026340726450600e-02 3.994937499999991800e+00 2.801848000000000000e+02 8.680214999999999500e+02 8.271500799999999700e+01 -8.640265624999999500e+02 1.974697920000000100e+02
2.865293225871517000e-02 4.120749999999930000e+00 2.798901680000000200e+02 8.683458124999999700e+02 8.258128800000000100e+01 -8.642250625000000400e+02 1.973088799999999900e+02
2.868144237515710100e-02 8.151874999999790800e-01 2.800073519999999700e+02 8.667048125000000000e+02 8.263349599999999400e+01 -8.658896250000000200e+02 1.973738559999999900e+02
2.874558753681247600e-02 1.658750000000054600e+00 2.803361919999999800e+02 8.680871875000000300e+02 8.282407999999999500e+01 -8.664284374999999700e+02 1.975121120000000000e+02
2.888991155019810700e-02 1.951062499999920900e+00 2.806176239999999800e+02 8.696243124999999700e+02 8.299146399999999300e+01 -8.676732500000000500e+02 1.976261600000000000e+02
2.893456197061259100e-02 1.932187499999940900e+00 2.807004640000000100e+02 8.700281874999999400e+02 8.303953599999999800e+01 -8.680960000000000000e+02 1.976609280000000100e+02
2.895967864470166600e-02 1.930687499999976400e+00 2.807458000000000300e+02 8.702598749999999700e+02 8.306576800000000600e+01 -8.683291874999999900e+02 1.976800320000000100e+02
2.897380628631321400e-02 1.932687500000042700e+00 2.807704159999999500e+02 8.703936875000000600e+02 8.308017599999999400e+01 -8.684610000000000100e+02 1.976902399999999900e+02
2.898825376961778800e-02 2.391624999999976400e+00 2.807236639999999900e+02 8.708364374999999900e+02 8.304278399999999700e+01 -8.684448125000000100e+02 1.976808800000000000e+02
2.902076320739204900e-02 1.891999999999939100e+00 2.807365439999999800e+02 8.708463749999999700e+02 8.303624000000000600e+01 -8.689543750000000300e+02 1.977003039999999900e+02
2.909391074255362300e-02 1.816499999999905400e+00 2.808963519999999800e+02 8.713875624999999400e+02 8.313743999999999800e+01 -8.695710625000000400e+02 1.977589120000000100e+02
2.916591412856941300e-02 1.913499999999999100e+00 2.810393040000000200e+02 8.721088750000000100e+02 8.322692000000000700e+01 -8.701953750000000100e+02 1.978123840000000100e+02
2.917169988277255900e-02 1.920562499999960000e+00 2.810499600000000000e+02 8.721678124999999700e+02 8.323343199999999300e+01 -8.702472500000000100e+02 1.978165280000000100e+02
2.917886121628961900e-02 1.928312499999947200e+00 2.810617680000000300e+02 8.722341874999999600e+02 8.324042400000000400e+01 -8.703058750000000100e+02 1.978213440000000100e+02
2.918288914135059800e-02 1.937312500000075500e+00 2.810672079999999900e+02 8.722663125000000300e+02 8.324348000000000500e+01 -8.703289999999999500e+02 1.978237279999999900e+02
2.918700807827544200e-02 2.574062499999968200e+00 2.810125439999999900e+02 8.724355624999999500e+02 8.323505600000000000e+01 -8.698614999999999800e+02 1.977774880000000100e+02
2.919627568635634700e-02 2.387875000000008200e+00 2.809369840000000000e+02 8.723403124999999800e+02 8.318450400000000400e+01 -8.699524374999999700e+02 1.977524799999999900e+02
2.921713040487735100e-02 1.619937499999991800e+00 2.810319759999999900e+02 8.721606874999999900e+02 8.322568800000000500e+01 -8.705407500000000000e+02 1.978062880000000000e+02
2.926404832087167700e-02 1.810124999999970900e+00 2.811253920000000300e+02 8.727018749999999700e+02 8.327737600000000400e+01 -8.708917500000000000e+02 1.978480160000000000e+02
2.929044176139389300e-02 1.959062500000072800e+00 2.811692879999999900e+02 8.730230000000000200e+02 8.330267999999999500e+01 -8.710639374999999500e+02 1.978666080000000100e+02
2.929415244510081100e-02 1.979250000000092800e+00 2.811750480000000000e+02 8.730671875000000500e+02 8.330602399999999400e+01 -8.710879374999999500e+02 1.978690240000000000e+02
2.930250473386508000e-02 2.019062500000018200e+00 2.811870159999999700e+02 8.731593125000000600e+02 8.331283999999999400e+01 -8.711402500000000400e+02 1.978741760000000100e+02
2.931252383990765400e-02 2.050937500000031800e+00 2.811987040000000200e+02 8.732511250000000000e+02 8.331923200000000000e+01 -8.712001874999999700e+02 1.978794719999999900e+02
2.933131388928830000e-02 2.022499999999922700e+00 2.812040240000000000e+02 8.733211874999999500e+02 8.332085600000000600e+01 -8.712986875000000300e+02 1.978831680000000100e+02
2.934188166685305900e-02 1.967437500000073700e+00 2.812041520000000200e+02 8.733388125000000200e+02 8.332059999999999900e+01 -8.713713749999999400e+02 1.978835520000000100e+02
2.936566176671272900e-02 2.093812500000012700e+00 2.811116159999999700e+02 8.734203750000000400e+02 8.326867199999999500e+01 -8.713265625000000200e+02 1.978429439999999900e+02
2.939508980281026200e-02 1.697562500000003600e+00 2.811628079999999800e+02 8.733748124999999600e+02 8.329139999999999600e+01 -8.716772499999999600e+02 1.978714080000000000e+02
2.941164356067868200e-02 1.757249999999999100e+00 2.811817920000000300e+02 8.734885000000000400e+02 8.330360000000000300e+01 -8.717312500000000500e+02 1.978781920000000100e+02
2.942857176735844500e-02 1.831875000000081900e+00 2.811961200000000100e+02 8.736073750000000500e+02 8.331275999999999700e+01 -8.717754999999999700e+02 1.978833600000000100e+02
2.943095367785286700e-02 1.838375000000041800e+00 2.811989999999999600e+02 8.736221875000000000e+02 8.331469599999999800e+01 -8.717838124999999500e+02 1.978843039999999900e+02
2.943389986190327700e-02 1.855125000000043700e+00 2.812029680000000000e+02 8.736486875000000500e+02 8.331725600000000000e+01 -8.717935625000000100e+02 1.978857120000000100e+02
2.943691365476684700e-02 1.993687499999964500e+00 2.811974400000000300e+02 8.737131875000000000e+02 8.331833600000000200e+01 -8.717195000000000400e+02 1.978791040000000100e+02
2.943860647543482300e-02 2.380249999999932700e+00 2.811652000000000300e+02 8.738273124999999500e+02 8.331406400000000200e+01 -8.714470625000000200e+02 1.978511360000000000e+02
2.944242117270044800e-02 3.524062500000013600e+00 2.810468240000000200e+02 8.744061874999999900e+02 8.326435999999999600e+01 -8.708821249999999700e+02 1.977824640000000000e+02
2.945100229129387800e-02 2.405124999999998200e+00 2.810330240000000100e+02 8.738656875000000400e+02 8.322784000000000000e+01 -8.714605625000000400e+02 1.978051840000000000e+02
2.947030720779013300e-02 1.835687500000062800e+00 2.811306399999999700e+02 8.737601250000000200e+02 8.327161599999999500e+01 -8.719244374999999500e+02 1.978590240000000100e+02
2.951374326990669300e-02 2.473562499999957300e+00 2.808237199999999800e+02 8.740684999999999700e+02 8.308484000000000000e+01 -8.715949375000000100e+02 1.977388799999999900e+02
2.961147701000793600e-02 1.699749999999994500e+00 2.812290479999999800e+02 8.742421249999999900e+02 8.331892000000000600e+01 -8.725423749999999900e+02 1.979101279999999900e+02
2.973242137573491700e-02 2.006437499999947200e+00 2.814676959999999900e+02 8.754313750000000000e+02 8.345665599999999500e+01 -8.734249375000000600e+02 1.980110400000000100e+02
2.985611429975076500e-02 2.063562499999989100e+00 2.814374399999999800e+02 8.777150000000000300e+02 8.333432000000000500e+01 -8.756514375000000400e+02 1.981031199999999900e+02
2.989438348833849800e-02 1.716250000000059100e+00 2.815106160000000300e+02 8.779677500000000200e+02 8.337322399999999300e+01 -8.762514999999999600e+02 1.981373920000000100e+02
2.991590909431316900e-02 1.741125000000010900e+00 2.815585600000000000e+02 8.782373125000000300e+02 8.340374400000000300e+01 -8.764961875000000200e+02 1.981548160000000100e+02
2.992801627254681000e-02 1.812812499999950000e+00 2.815866399999999900e+02 8.784311874999999600e+02 8.342310399999999500e+01 -8.766183750000000100e+02 1.981635359999999900e+02
2.994039908671102700e-02 1.999937499999987300e+00 2.816224720000000200e+02 8.787395625000000300e+02 8.345216800000000000e+01 -8.767396250000000500e+02 1.981703039999999900e+02
2.994736539480551100e-02 2.287875000000099100e+00 2.816549039999999900e+02 8.790973750000000600e+02 8.348343199999999300e+01 -8.768094999999999600e+02 1.981714719999999900e+02
2.996303763776387400e-02 3.943750000000022700e+00 2.814305759999999700e+02 8.805403125000000300e+02 8.345192000000000100e+01 -8.765965625000000000e+02 1.979786560000000000e+02
2.999830083450494300e-02 1.124437499999999100e+00 2.814324800000000000e+02 8.792501875000000400e+02 8.346662399999999600e+01 -8.781257500000000400e+02 1.979658560000000000e+02
3.000325968091635900e-02 9.652499999999690800e-01 2.814492239999999600e+02 8.792381874999999800e+02 8.347959199999999700e+01 -8.782729375000000100e+02 1.979696319999999900e+02
3.001441773542678400e-02 1.050749999999993600e+00 2.814863520000000100e+02 8.795523124999999700e+02 8.351388799999999400e+01 -8.785015624999999800e+02 1.979724640000000000e+02
3.003952140782102000e-02 1.239874999999983600e+00 2.815602320000000400e+02 8.800267499999999900e+02 8.356776800000000100e+01 -8.787868750000000100e+02 1.979924640000000100e+02
3.009600857121650200e-02 2.077187500000036400e+00 2.816852880000000100e+02 8.809706875000000500e+02 8.365771999999999800e+01 -8.788935000000000200e+02 1.980275680000000000e+02
3.012777951272393700e-02 2.153687499999932700e+00 2.817170879999999900e+02 8.812431874999999800e+02 8.368363200000000300e+01 -8.790895000000000400e+02 1.980334560000000000e+02
3.014565424278794700e-02 2.120249999999941800e+00 2.817302960000000100e+02 8.813655000000000000e+02 8.369652000000000700e+01 -8.792452500000000600e+02 1.980337759999999900e+02
3.015570715323710000e-02 2.106562499999995500e+00 2.817385840000000000e+02 8.814580624999999800e+02 8.370623200000000000e+01 -8.793514999999999900e+02 1.980323520000000000e+02
3.017832490157820700e-02 2.140250000000037300e+00 2.817442479999999700e+02 8.818375624999999900e+02 8.373883999999999600e+01 -8.796973124999999500e+02 1.980054079999999900e+02
3.019104836014719500e-02 1.907687499999951800e+00 2.817196159999999700e+02 8.818008125000000100e+02 8.372723200000000100e+01 -8.798931250000000500e+02 1.979923839999999900e+02
3.021967809218164100e-02 1.712437499999964500e+00 2.816436640000000000e+02 8.819046250000000100e+02 8.364814400000000200e+01 -8.801921875000000500e+02 1.979955200000000000e+02
3.028409108875069300e-02 1.792374999999992700e+00 2.818244080000000100e+02 8.824213125000000000e+02 8.374978400000000500e+01 -8.806289375000000100e+02 1.980746240000000000e+02
3.042901838077682900e-02 1.903624999999920000e+00 2.820968080000000100e+02 8.838669374999999500e+02 8.391247199999999400e+01 -8.819633125000000300e+02 1.981843360000000000e+02
3.075510868834408600e-02 1.917812499999968200e+00 2.825158240000000100e+02 8.865440625000000000e+02 8.415518400000000600e+01 -8.846262500000000300e+02 1.983606399999999900e+02
3.093853399878712000e-02 1.917874999999980900e+00 2.827407200000000100e+02 8.883321875000000300e+02 8.427609599999999500e+01 -8.864143125000000500e+02 1.984646239999999900e+02
3.135124159736867000e-02 1.908937499999979100e+00 2.832494800000000100e+02 8.921014374999999700e+02 8.456864799999999600e+01 -8.901925000000000000e+02 1.986808320000000100e+02
3.147892344136098100e-02 1.906937500000026400e+00 2.834014879999999700e+02 8.932338125000000000e+02 8.465467200000000500e+01 -8.913268749999999700e+02 1.987468160000000000e+02
3.155074480364902800e-02 1.935437500000034600e+00 2.834810959999999800e+02 8.938398124999999900e+02 8.469877599999999500e+01 -8.919043749999999600e+02 1.987823200000000000e+02
3.156910839743896900e-02 2.153374999999982700e+00 2.834693199999999800e+02 8.941318750000000400e+02 8.468540000000000100e+01 -8.919785000000000500e+02 1.987839199999999900e+02
3.161042518329684700e-02 1.928999999999973600e+00 2.834789120000000400e+02 8.943194999999999500e+02 8.468160000000000300e+01 -8.923904999999999700e+02 1.987973120000000100e+02
3.170338990173132000e-02 1.853687499999978200e+00 2.836307040000000400e+02 8.948754374999999800e+02 8.477487999999999600e+01 -8.930217500000000000e+02 1.988558240000000100e+02
3.191255856795463500e-02 1.917000000000030000e+00 2.838982879999999800e+02 8.964274375000000000e+02 8.493099200000000300e+01 -8.945104374999999700e+02 1.989672960000000000e+02
3.217140671015598200e-02 1.914249999999924500e+00 2.841980080000000200e+02 8.983340624999999600e+02 8.510183200000000200e+01 -8.964198125000000300e+02 1.990961760000000100e+02
3.228722580777761800e-02 1.912812500000086400e+00 2.843237839999999900e+02 8.991558750000000400e+02 8.517119200000000500e+01 -8.972430624999999500e+02 1.991525920000000000e+02
3.232445226043929900e-02 1.911875000000009100e+00 2.843545839999999900e+02 8.993432500000000100e+02 8.518547999999999800e+01 -8.974313750000000000e+02 1.991691040000000000e+02
3.240821437926705300e-02 1.913625000000024600e+00 2.844429920000000000e+02 8.999258125000000100e+02 8.523374400000000200e+01 -8.980121874999999800e+02 1.992092480000000000e+02
3.259667914662949000e-02 1.913250000000061800e+00 2.846523280000000100e+02 9.013852500000000400e+02 8.535405600000000000e+01 -8.994719999999999800e+02 1.992982720000000000e+02
3.270269236600390600e-02 1.917749999999955400e+00 2.847604320000000400e+02 9.022377500000000100e+02 8.541550399999999900e+01 -9.003200000000000500e+02 1.993449280000000100e+02
3.294121625883366500e-02 1.920562499999960000e+00 2.849345520000000000e+02 9.045161875000000000e+02 8.546351199999999400e+01 -9.025956250000000400e+02 1.994710399999999900e+02
3.322744857070392100e-02 1.880187500000033700e+00 2.851497200000000000e+02 9.070325000000000300e+02 8.551554400000000600e+01 -9.051523124999999900e+02 1.996341760000000000e+02
3.358523701028752500e-02 1.911187499999982700e+00 2.855171439999999700e+02 9.095534374999999700e+02 8.570731999999999600e+01 -9.076422499999999900e+02 1.998098239999999900e+02
3.402799932665782900e-02 1.912374999999997300e+00 2.859706720000000400e+02 9.124531875000000100e+02 8.594934399999999600e+01 -9.105408125000000200e+02 2.000213280000000100e+02
3.414120768395588500e-02 1.913125000000036400e+00 2.860804080000000300e+02 9.132044375000000400e+02 8.600693599999999600e+01 -9.112913125000000000e+02 2.000734720000000100e+02
3.417622904917294600e-02 1.959812499999998200e+00 2.860968720000000200e+02 9.134524374999999700e+02 8.601178400000000600e+01 -9.114926249999999800e+02 2.000850880000000100e+02
3.421204871845310400e-02 2.046625000000062800e+00 2.860576720000000300e+02 9.138650625000000200e+02 8.596615199999999400e+01 -9.118184374999999600e+02 2.000915200000000000e+02
3.429264362441818800e-02 1.858437499999922700e+00 2.861700399999999700e+02 9.141304374999999700e+02 8.603829600000000300e+01 -9.122720000000000500e+02 2.001317440000000000e+02
3.433797533364221100e-02 1.940187499999979100e+00 2.862045840000000100e+02 9.144601249999999500e+02 8.605344800000000300e+01 -9.125199374999999700e+02 2.001511360000000100e+02
3.435200156203401700e-02 2.008812499999976400e+00 2.861985199999999700e+02 9.146079999999999500e+02 8.604375199999999800e+01 -9.125991874999999700e+02 2.001547679999999900e+02
3.436634503177988400e-02 2.207312500000057300e+00 2.861542240000000000e+02 9.149427500000000500e+02 8.599849600000000300e+01 -9.127354374999999900e+02 2.001557280000000100e+02
3.439862043904706000e-02 1.853812500000003600e+00 2.861794239999999800e+02 9.148584375000000400e+02 8.601135999999999600e+01 -9.130046250000000300e+02 2.001680639999999900e+02
3.441677340538060900e-02 1.828624999999988200e+00 2.861862560000000100e+02 9.149623749999999500e+02 8.601115199999999600e+01 -9.131337499999999600e+02 2.001751040000000000e+02
3.442698493650679000e-02 1.858624999999960900e+00 2.861809359999999700e+02 9.150695624999999600e+02 8.600266399999999600e+01 -9.132109375000000000e+02 2.001782719999999900e+02
3.443962258388984200e-02 2.241374999999948200e+00 2.861142639999999900e+02 9.155852499999999700e+02 8.593743200000000100e+01 -9.133438750000000300e+02 2.001768319999999900e+02
3.445254626855934200e-02 2.366437499999960900e+00 2.860253520000000000e+02 9.159646249999999600e+02 8.585335200000000100e+01 -9.135981874999999900e+02 2.001720000000000000e+02
3.448162585923519900e-02 1.752812500000004500e+00 2.860758799999999800e+02 9.157018124999999600e+02 8.588652000000000400e+01 -9.139489999999999600e+02 2.001893599999999900e+02
3.454705298800166100e-02 1.752812500000004500e+00 2.861750720000000000e+02 9.159347500000000100e+02 8.595127999999999700e+01 -9.141819375000000000e+02 2.002237920000000000e+02
3.469426597798040700e-02 1.917812500000081900e+00 2.863061680000000100e+02 9.167401250000000300e+02 8.603661599999999500e+01 -9.148223124999999500e+02 2.002695520000000000e+02
3.487644312571894200e-02 1.892875000000003600e+00 2.864470559999999800e+02 9.177961874999999700e+02 8.611276800000000300e+01 -9.159033124999999700e+02 2.003342879999999900e+02
3.506276001309405900e-02 1.919249999999920000e+00 2.865240639999999500e+02 9.183916249999999800e+02 8.613995199999999400e+01 -9.164723750000000600e+02 2.003841119999999900e+02
3.548197365977281300e-02 1.904437499999971800e+00 2.868611839999999800e+02 9.204099374999999600e+02 8.630673600000000100e+01 -9.185054999999999800e+02 2.005544480000000100e+02
3.600074908484710000e-02 1.906250000000000000e+00 2.873287599999999900e+02 9.237657500000000300e+02 8.654125600000000400e+01 -9.218595000000000300e+02 2.007875040000000100e+02
3.629255912380309500e-02 1.913437499999986400e+00 2.876071759999999800e+02 9.254804374999999900e+02 8.668776800000000500e+01 -9.235670000000000100e+02 2.009194080000000000e+02
3.659100262746570200e-02 1.912624999999934500e+00 2.878734959999999900e+02 9.271667499999999800e+02 8.681923999999999400e+01 -9.252541250000000400e+02 2.010542560000000100e+02
3.668333546353101700e-02 1.911812499999996400e+00 2.879500080000000300e+02 9.276445625000000100e+02 8.685450400000000600e+01 -9.257327500000000100e+02 2.010955040000000100e+02
3.677776417280429600e-02 1.907499999999913600e+00 2.880223360000000000e+02 9.280751874999999700e+02 8.688484800000000500e+01 -9.261676875000000600e+02 2.011374879999999900e+02
3.699023006883867000e-02 1.913062499999910000e+00 2.882064560000000000e+02 9.293139999999999600e+02 8.697552799999999700e+01 -9.274009375000000500e+02 2.012309280000000100e+02
3.746827898500074100e-02 1.911249999999995500e+00 2.885986080000000100e+02 9.319510000000000200e+02 8.715892800000000300e+01 -9.300397500000000300e+02 2.014396800000000100e+02
3.854388839628067300e-02 1.912500000000022700e+00 2.894335040000000300e+02 9.374282500000000500e+02 8.752484800000000600e+01 -9.355157500000000300e+02 2.019086560000000100e+02
3.914891966525274600e-02 1.912499999999909100e+00 2.898653200000000000e+02 9.400466249999999500e+02 8.769301600000000000e+01 -9.381341250000000400e+02 2.021723040000000000e+02
3.923400275627609400e-02 1.913937500000088200e+00 2.899216720000000000e+02 9.403289375000000500e+02 8.771075999999999300e+01 -9.384149999999999600e+02 2.022109120000000100e+02
3.928186199497672000e-02 1.918687500000032700e+00 2.899490160000000300e+02 9.404694375000000300e+02 8.771675999999999400e+01 -9.385507499999999900e+02 2.022322560000000100e+02
3.930878070397041800e-02 1.961812499999950900e+00 2.899474159999999800e+02 9.405589374999999600e+02 8.770706400000000300e+01 -9.385971250000000100e+02 2.022403520000000000e+02
3.936935299988417200e-02 1.876062499999989100e+00 2.899224879999999900e+02 9.406692500000000300e+02 8.766514399999999800e+01 -9.387931875000000400e+02 2.022573439999999900e+02
3.940342524137802100e-02 1.822875000000067300e+00 2.899537520000000100e+02 9.406708750000000200e+02 8.767847199999999900e+01 -9.388479999999999600e+02 2.022752800000000100e+02
3.942258973957001700e-02 1.858624999999960900e+00 2.899675039999999600e+02 9.407251874999999500e+02 8.768255999999999500e+01 -9.388665624999999900e+02 2.022849440000000000e+02
3.944630743129446500e-02 2.009062500000027300e+00 2.899558319999999900e+02 9.408960624999999700e+02 8.766272800000000100e+01 -9.388869999999999400e+02 2.022931040000000000e+02
3.945237142176715600e-02 2.121562499999981800e+00 2.899412079999999600e+02 9.410190000000000100e+02 8.764672799999999600e+01 -9.388974375000000200e+02 2.022944799999999900e+02
3.945578046615382000e-02 2.235062500000026400e+00 2.899261999999999900e+02 9.411416249999999800e+02 8.763139999999999900e+01 -9.389065624999999500e+02 2.022948000000000100e+02
3.946000341663737800e-02 2.628312499999992700e+00 2.898773200000000000e+02 9.415526875000000500e+02 8.758442399999999900e+01 -9.389243750000000500e+02 2.022928960000000100e+02
3.946431997932376600e-02 3.383812499999976400e+00 2.897742399999999600e+02 9.423351249999999500e+02 8.748963200000000000e+01 -9.389513124999999700e+02 2.022846079999999900e+02
3.947403224536814900e-02 3.241312500000049100e+00 2.896457040000000200e+02 9.424906875000000400e+02 8.737253599999999700e+01 -9.392493749999999900e+02 2.022731680000000000e+02
3.949588809439171600e-02 1.963875000000030000e+00 2.896892320000000000e+02 9.415724374999999800e+02 8.740312000000000100e+01 -9.396085624999999500e+02 2.022861120000000000e+02
3.954506050427104200e-02 1.288499999999999100e+00 2.897362160000000100e+02 9.410519375000000100e+02 8.742852000000000600e+01 -9.397634375000000100e+02 2.023076959999999900e+02
3.965570232700797000e-02 1.924687500000004500e+00 2.898373520000000100e+02 9.413161250000000600e+02 8.746948000000000400e+01 -9.393914375000000500e+02 2.023678720000000100e+02
3.990464317774235900e-02 1.921624999999949100e+00 2.899869999999999700e+02 9.412263749999999600e+02 8.751672800000000100e+01 -9.393047500000000100e+02 2.024702719999999900e+02
4.046476399240318100e-02 1.915375000000040000e+00 2.904162800000000300e+02 9.422909375000000400e+02 8.767180000000000500e+01 -9.403755625000000000e+02 2.027444800000000100e+02
4.077982886274736400e-02 1.923687500000028200e+00 2.905773759999999600e+02 9.438049375000000500e+02 8.768908799999999800e+01 -9.418812500000000200e+02 2.028882879999999900e+02
4.079090630674979400e-02 1.985437499999989100e+00 2.905755280000000200e+02 9.439335624999999900e+02 8.768266400000000300e+01 -9.419481250000000000e+02 2.028928640000000000e+02
4.080461269344857300e-02 2.370812500000056400e+00 2.905343599999999900e+02 9.444701250000000500e+02 8.763879199999999500e+01 -9.420993125000000000e+02 2.028955680000000000e+02
4.081863372116244900e-02 2.358062500000073700e+00 2.904792880000000000e+02 9.447664375000000500e+02 8.758191200000000300e+01 -9.424083749999999800e+02 2.028973760000000100e+02
4.083598058241601200e-02 2.249562499999910900e+00 2.904535599999999800e+02 9.449684999999999500e+02 8.754688799999999600e+01 -9.427189375000000400e+02 2.029066719999999900e+02
4.085372269519266900e-02 2.121937500000058200e+00 2.903520879999999800e+02 9.453568125000000500e+02 8.744629600000000400e+01 -9.432348749999999900e+02 2.029057919999999900e+02
4.089364309902490000e-02 1.308250000000043700e+00 2.903942160000000300e+02 9.450370000000000300e+02 8.745728800000000500e+01 -9.437287499999999900e+02 2.029369279999999900e+02
4.098346660798637300e-02 1.880812500000047300e+00 2.905433279999999700e+02 9.457306875000000400e+02 8.753179199999999600e+01 -9.438498750000000000e+02 2.030115360000000100e+02
4.118556495255650700e-02 1.924687500000004500e+00 2.907091600000000000e+02 9.462958750000000200e+02 8.761722399999999300e+01 -9.443711875000000200e+02 2.030919360000000000e+02
4.164028622783928100e-02 1.913437499999986400e+00 2.909879440000000300e+02 9.474423124999999600e+02 8.773754400000000000e+01 -9.455288749999999700e+02 2.032504000000000100e+02
4.189606597005873800e-02 1.915437499999939100e+00 2.911113440000000300e+02 9.481031874999999900e+02 8.776835199999999300e+01 -9.461877500000000500e+02 2.033429920000000100e+02
4.203994272514192200e-02 1.910312500000031800e+00 2.912052320000000200e+02 9.485641249999999900e+02 8.780856000000000000e+01 -9.466538124999999600e+02 2.033966720000000000e+02
4.236366672424856500e-02 1.889312499999960000e+00 2.913167599999999900e+02 9.493973125000000000e+02 8.785453599999999600e+01 -9.475080000000000400e+02 2.034622239999999900e+02
4.309204247181482000e-02 1.913374999999973600e+00 2.917459119999999800e+02 9.518995625000000000e+02 8.803592799999999800e+01 -9.499861875000000300e+02 2.037099839999999900e+02
4.350175187956661200e-02 1.912687499999947200e+00 2.919695279999999700e+02 9.533498750000000000e+02 8.812936799999999900e+01 -9.514371875000000500e+02 2.038401600000000000e+02
4.373221472159647500e-02 1.927874999999971800e+00 2.920864719999999600e+02 9.542506875000000300e+02 8.818637599999999600e+01 -9.523228125000000500e+02 2.039000959999999900e+02
4.386185202049249600e-02 1.899937500000078200e+00 2.921459199999999900e+02 9.546279375000000300e+02 8.820820799999999900e+01 -9.527279999999999500e+02 2.039377120000000000e+02
4.390195444805246300e-02 1.914062500000000000e+00 2.921601920000000000e+02 9.547440000000000300e+02 8.821057600000000300e+01 -9.528299375000000300e+02 2.039496159999999900e+02
4.394297219492906300e-02 2.189875000000029100e+00 2.920783679999999500e+02 9.552820000000000400e+02 8.812023999999999500e+01 -9.530921250000000100e+02 2.039581279999999900e+02
4.403526342557088900e-02 1.680187499999988200e+00 2.920028639999999900e+02 9.554998749999999700e+02 8.801025599999999800e+01 -9.538196874999999900e+02 2.039926079999999900e+02
4.424291609417603500e-02 1.925312500000018200e+00 2.921799120000000000e+02 9.560531875000000400e+02 8.810866400000000500e+01 -9.541278750000000200e+02 2.040712480000000000e+02
4.430715486803425000e-02 1.942437499999982700e+00 2.922177520000000200e+02 9.562189375000000400e+02 8.812936799999999900e+01 -9.542765000000000600e+02 2.040883839999999900e+02
4.434329437900743500e-02 1.939374999999927200e+00 2.922367520000000200e+02 9.563111249999999500e+02 8.814012800000000400e+01 -9.543717500000000200e+02 2.040966239999999900e+02
4.436361862837902300e-02 1.946187500000064600e+00 2.922477759999999900e+02 9.563746875000000500e+02 8.814699199999999700e+01 -9.544284999999999900e+02 2.041007840000000000e+02
4.437504971848105900e-02 1.965625000000045500e+00 2.922552880000000100e+02 9.564268750000000000e+02 8.815224800000000000e+01 -9.544612499999999500e+02 2.041030399999999900e+02
4.438674604315780100e-02 2.101625000000012700e+00 2.922733600000000300e+02 9.565907499999999600e+02 8.816696000000000300e+01 -9.544891249999999400e+02 2.041064000000000100e+02
4.441305627283305400e-02 2.081000000000017300e+00 2.922790559999999700e+02 9.566991874999999900e+02 8.817726399999999400e+01 -9.546181874999999800e+02 2.041017919999999900e+02
4.447225558977185200e-02 1.718374999999923600e+00 2.922725520000000200e+02 9.565573749999999800e+02 8.816933600000000100e+01 -9.548390000000000600e+02 2.041032160000000000e+02
4.460545015237570000e-02 1.927000000000020900e+00 2.923589440000000100e+02 9.570078750000000100e+02 8.820561600000000600e+01 -9.550808749999999900e+02 2.041533279999999900e+02
4.490514441908177700e-02 1.915750000000002700e+00 2.925235999999999900e+02 9.579204375000000500e+02 8.826352000000000000e+01 -9.560046875000000500e+02 2.042600799999999900e+02
4.499786210531431200e-02 1.910562499999969100e+00 2.925698720000000300e+02 9.581546875000000200e+02 8.827883199999999400e+01 -9.562441250000000500e+02 2.042910400000000100e+02
4.505001450365062100e-02 1.918812499999944500e+00 2.925897760000000300e+02 9.582821874999999600e+02 8.828217600000000700e+01 -9.563633750000000200e+02 2.043076000000000100e+02
4.507935152788428200e-02 1.923937499999965400e+00 2.925980240000000100e+02 9.583509374999999900e+02 8.828131999999999400e+01 -9.564270000000000200e+02 2.043167039999999900e+02
4.509585327897335000e-02 1.929249999999910900e+00 2.926013360000000000e+02 9.583881249999999500e+02 8.827954400000000100e+01 -9.564588750000000300e+02 2.043217919999999900e+02
4.511272947887375700e-02 1.942812500000059100e+00 2.926032559999999900e+02 9.584181875000000400e+02 8.827588000000000100e+01 -9.564753749999999900e+02 2.043273759999999900e+02
4.512222071610588700e-02 2.021249999999895400e+00 2.926016399999999700e+02 9.584673749999999500e+02 8.827045599999999600e+01 -9.564461250000000500e+02 2.043311840000000100e+02
4.512756181234556200e-02 2.308562499999993600e+00 2.925895759999999700e+02 9.586150000000000100e+02 8.825943200000000400e+01 -9.563064375000000200e+02 2.043301439999999900e+02
4.513957537837636600e-02 2.290062500000090000e+00 2.925659440000000000e+02 9.586275000000000500e+02 8.823492000000000200e+01 -9.563374374999999600e+02 2.043310240000000100e+02
4.516660850228463400e-02 1.830062499999940000e+00 2.925611999999999900e+02 9.583006249999999700e+02 8.822580800000000100e+01 -9.564705625000000300e+02 2.043353920000000100e+02
4.522743563141721400e-02 1.731437499999970000e+00 2.926012480000000000e+02 9.583042500000000200e+02 8.824121599999999400e+01 -9.565728125000000500e+02 2.043600319999999900e+02
4.530270504317644700e-02 1.952249999999935400e+00 2.926674160000000000e+02 9.586813124999999900e+02 8.827664799999999400e+01 -9.567290625000000500e+02 2.043907680000000100e+02
4.534504376224863400e-02 1.974500000000034600e+00 2.926936399999999600e+02 9.588391874999999800e+02 8.829027999999999600e+01 -9.568646874999999500e+02 2.044033599999999900e+02
4.538834980741681500e-02 2.015374999999949100e+00 2.927086400000000000e+02 9.590550624999999600e+02 8.830385599999999600e+01 -9.570396875000000100e+02 2.044047840000000100e+02
4.541270458218834400e-02 2.009937499999978200e+00 2.927077440000000500e+02 9.591773124999999700e+02 8.830779200000000600e+01 -9.571673749999999900e+02 2.043999520000000100e+02
4.546750932627172100e-02 1.746999999999957300e+00 2.926882319999999700e+02 9.592416250000000000e+02 8.829904799999999900e+01 -9.574946250000000400e+02 2.043891840000000000e+02
4.559081740012035200e-02 1.908875000000080000e+00 2.927978479999999900e+02 9.597686250000000400e+02 8.836596000000000100e+01 -9.578597499999999600e+02 2.044318879999999900e+02
4.566017884174495400e-02 1.945812499999988200e+00 2.928412880000000200e+02 9.600547500000000100e+02 8.839131999999999300e+01 -9.581089375000000200e+02 2.044499680000000100e+02
4.569919432761641200e-02 1.938437499999963600e+00 2.928622960000000100e+02 9.602030624999999900e+02 8.840458400000000000e+01 -9.582646250000000200e+02 2.044577119999999900e+02
4.572114118850385100e-02 1.940562500000055500e+00 2.928739439999999900e+02 9.602965000000000400e+02 8.841304800000000300e+01 -9.583559374999999800e+02 2.044608959999999900e+02
4.577052162550059000e-02 1.954999999999927200e+00 2.928956240000000000e+02 9.605433124999999600e+02 8.843564000000000600e+01 -9.585883125000000300e+02 2.044599839999999900e+02
4.579829844635363600e-02 2.061000000000035500e+00 2.929077439999999800e+02 9.608049375000000500e+02 8.845366400000000300e+01 -9.587439375000000200e+02 2.044540800000000000e+02
4.586079499310348500e-02 1.906625000000076400e+00 2.929200960000000000e+02 9.610375625000000400e+02 8.847987200000000000e+01 -9.591309374999999600e+02 2.044402240000000000e+02
4.600141092312116200e-02 1.886062499999980000e+00 2.930048319999999600e+02 9.614919374999999500e+02 8.852267200000000000e+01 -9.596058749999999700e+02 2.044821599999999900e+02
4.617542040616212700e-02 1.918999999999982700e+00 2.930975119999999900e+02 9.620480625000000100e+02 8.855941599999999900e+01 -9.601290625000000300e+02 2.045380960000000000e+02
4.635338760511194300e-02 1.919750000000021800e+00 2.931553440000000100e+02 9.625563750000000000e+02 8.856153600000000400e+01 -9.606366249999999800e+02 2.045938080000000000e+02
4.657362071364284900e-02 1.904312499999946300e+00 2.932609039999999800e+02 9.631839999999999700e+02 8.860250399999999600e+01 -9.612796875000000200e+02 2.046584000000000000e+02
4.669750606274230400e-02 1.964124999999967300e+00 2.933294480000000100e+02 9.637146874999999700e+02 8.865130399999999600e+01 -9.617505625000000000e+02 2.046781440000000000e+02
4.676718994639889700e-02 1.899749999999926300e+00 2.933601120000000200e+02 9.639383749999999500e+02 8.867201599999999900e+01 -9.620386250000000200e+02 2.046880960000000000e+02
4.683845483614785400e-02 2.099937500000010000e+00 2.933887520000000100e+02 9.645956875000000500e+02 8.872556799999999600e+01 -9.624957500000000400e+02 2.046631840000000000e+02
4.699880733893042900e-02 1.849499999999920900e+00 2.934584079999999600e+02 9.649684999999999500e+02 8.877181600000000100e+01 -9.631190000000000300e+02 2.046865919999999900e+02
4.735959396934379100e-02 1.914250000000038200e+00 2.936459520000000200e+02 9.660866250000000300e+02 8.885016000000000200e+01 -9.641723749999999900e+02 2.047957920000000100e+02
4.756254002441738500e-02 1.917500000000018200e+00 2.937377520000000000e+02 9.666819375000000000e+02 8.888938400000000700e+01 -9.647644374999999900e+02 2.048483679999999900e+02
4.801916474782453500e-02 1.907812500000090900e+00 2.939270320000000000e+02 9.680308750000000400e+02 8.895437599999999600e+01 -9.661230624999999500e+02 2.049726560000000000e+02
4.904656907532112300e-02 1.913062499999910000e+00 2.943507040000000100e+02 9.705723124999999500e+02 8.905895999999999900e+01 -9.686592500000000400e+02 2.052917439999999900e+02
4.962448400953795700e-02 1.913812500000062800e+00 2.945625600000000200e+02 9.716931875000000200e+02 8.908033600000000300e+01 -9.697793749999999600e+02 2.054822240000000000e+02
4.980327811627949900e-02 1.902750000000082800e+00 2.946250559999999700e+02 9.720326250000000500e+02 8.908588799999999700e+01 -9.701298749999999700e+02 2.055391679999999900e+02
4.998613395248860400e-02 1.909687500000018200e+00 2.946498639999999800e+02 9.723694375000000000e+02 8.904917600000000300e+01 -9.704597499999999900e+02 2.056006879999999900e+02
5.008898776001725200e-02 1.929999999999950000e+00 2.946385599999999800e+02 9.726372499999999900e+02 8.900348800000000400e+01 -9.707072500000000400e+02 2.056350720000000100e+02
5.012081070830404200e-02 1.900312500000040900e+00 2.946386000000000000e+02 9.726898125000000200e+02 8.899176799999999300e+01 -9.707894999999999800e+02 2.056468319999999900e+02
5.013871144175773000e-02 2.024937499999964500e+00 2.946126640000000000e+02 9.728866249999999800e+02 8.896061600000000200e+01 -9.708616875000000200e+02 2.056520480000000100e+02
5.015701782809037900e-02 2.259124999999926300e+00 2.945308959999999800e+02 9.733341249999999700e+02 8.887452799999999800e+01 -9.710750000000000500e+02 2.056563679999999900e+02
5.019820719733884800e-02 1.725999999999999100e+00 2.945632560000000200e+02 9.729905000000000000e+02 8.889098400000000300e+01 -9.712645000000000000e+02 2.056722719999999900e+02
5.029088327814789500e-02 1.871499999999969100e+00 2.946300800000000200e+02 9.732015000000000100e+02 8.892078399999999800e+01 -9.713300000000000400e+02 2.057092959999999900e+02
5.049939925929031900e-02 1.924624999999991800e+00 2.947065440000000100e+02 9.735805625000000400e+02 8.893393600000000300e+01 -9.716559375000000500e+02 2.057726079999999900e+02
5.096856801787767700e-02 1.913062500000023600e+00 2.949074320000000300e+02 9.744532500000000300e+02 8.898871200000000700e+01 -9.725401875000000000e+02 2.059187200000000100e+02
5.154916650190918100e-02 1.911125000000083700e+00 2.951385839999999800e+02 9.755867500000000500e+02 8.904007199999999500e+01 -9.736756249999999700e+02 2.060985120000000000e+02
5.187575347421927900e-02 1.910124999999993600e+00 2.952581040000000000e+02 9.762261250000000200e+02 8.906023199999999900e+01 -9.743160000000000300e+02 2.061978719999999900e+02
5.220976181394320500e-02 1.919312500000046400e+00 2.953396480000000100e+02 9.769214375000000200e+02 8.902960000000000200e+01 -9.750021249999999800e+02 2.063100479999999900e+02
5.296128057832204300e-02 1.910562499999969100e+00 2.955413280000000200e+02 9.784548750000000200e+02 8.897400000000000400e+01 -9.765443125000000500e+02 2.065673280000000000e+02
5.465219779817442200e-02 1.911687499999970900e+00 2.960860079999999900e+02 9.813630624999999600e+02 8.899443999999999700e+01 -9.794513749999999800e+02 2.070915680000000000e+02
5.560333418374818800e-02 1.911875000000009100e+00 2.963879440000000000e+02 9.829603124999999900e+02 8.900338399999999700e+01 -9.810484374999999800e+02 2.073845599999999900e+02
5.613835392635373900e-02 1.911937500000021800e+00 2.965647520000000000e+02 9.837948750000000500e+02 8.901633599999999500e+01 -9.818829375000000300e+02 2.075484160000000000e+02
5.643930155644224400e-02 1.917312499999980000e+00 2.966002639999999800e+02 9.844083124999999700e+02 8.895741599999999500e+01 -9.824909999999999900e+02 2.076428479999999900e+02
5.711642982363294300e-02 1.913000000000010900e+00 2.968348640000000400e+02 9.854794375000000200e+02 8.899278400000000000e+01 -9.835664375000000100e+02 2.078420800000000100e+02
5.795437865462040000e-02 1.911687500000084600e+00 2.971091280000000000e+02 9.868445625000000500e+02 8.902103200000000500e+01 -9.849328749999999700e+02 2.080880960000000100e+02
5.842572649726269400e-02 1.912374999999997300e+00 2.972607439999999900e+02 9.876285000000000300e+02 8.903551199999999700e+01 -9.857161250000000300e+02 2.082252320000000100e+02
5.869085705841001900e-02 1.916187500000091900e+00 2.973423280000000100e+02 9.881603750000000400e+02 8.904192799999999900e+01 -9.862441874999999500e+02 2.083004000000000000e+02
5.875864789529811800e-02 1.905874999999923600e+00 2.973632800000000300e+02 9.882614999999999600e+02 8.904366400000000700e+01 -9.863556250000000300e+02 2.083196160000000000e+02
5.877961702873370200e-02 1.919375000000059100e+00 2.973692879999999800e+02 9.883110000000000400e+02 8.904380000000000500e+01 -9.863916249999999800e+02 2.083254880000000100e+02
5.880106462453934400e-02 2.048187500000040000e+00 2.973606960000000200e+02 9.885546875000000000e+02 8.903103199999999600e+01 -9.865064999999999600e+02 2.083296640000000100e+02
5.884932691577996600e-02 1.871250000000031800e+00 2.973830639999999900e+02 9.885056250000000100e+02 8.903826399999999800e+01 -9.866343749999999800e+02 2.083447999999999900e+02
5.895791187039344700e-02 1.906125000000088200e+00 2.974186720000000200e+02 9.886770625000000300e+02 8.904372800000000200e+01 -9.867709374999999500e+02 2.083749440000000000e+02
5.899150824985621000e-02 1.939624999999978200e+00 2.974278080000000300e+02 9.887688749999999800e+02 8.904366400000000700e+01 -9.868292500000000000e+02 2.083841439999999900e+02
5.902586392829754100e-02 1.997749999999996400e+00 2.974295200000000200e+02 9.889270000000000200e+02 8.903665599999999400e+01 -9.869292500000000200e+02 2.083928640000000000e+02
5.904518964750554000e-02 2.176250000000095500e+00 2.974133440000000000e+02 9.892061875000000600e+02 8.901723200000000700e+01 -9.870299374999999600e+02 2.083961119999999900e+02
5.905117042713126100e-02 2.379187499999943600e+00 2.973987680000000200e+02 9.894534374999999500e+02 8.900254400000000000e+01 -9.870742500000000100e+02 2.083962239999999900e+02
5.905728122370537000e-02 2.971437499999979100e+00 2.973570240000000200e+02 9.901108124999999500e+02 8.896374400000000500e+01 -9.871393749999999700e+02 2.083932800000000000e+02
5.907104221752246900e-02 2.233437500000036400e+00 2.973359840000000000e+02 9.896121875000000000e+02 8.894521600000000200e+01 -9.873787499999999700e+02 2.083907680000000100e+02
5.910199665259404500e-02 1.642687499999965400e+00 2.973436879999999900e+02 9.892635000000000200e+02 8.894168799999999900e+01 -9.876208125000000600e+02 2.084019999999999900e+02
5.917164933218302400e-02 1.660750000000007300e+00 2.973957040000000200e+02 9.892871874999999600e+02 8.896508000000000000e+01 -9.876264374999999500e+02 2.084306239999999900e+02
5.932836656108874500e-02 1.951124999999933600e+00 2.974836080000000000e+02 9.894914374999999600e+02 8.900472800000000000e+01 -9.875403125000000300e+02 2.084788800000000000e+02
5.937685248148059200e-02 1.938125000000013600e+00 2.974955600000000100e+02 9.894391875000000000e+02 8.900453600000000200e+01 -9.875010624999999900e+02 2.084910240000000100e+02
5.938924569700068000e-02 2.077499999999986400e+00 2.974846160000000200e+02 9.894278749999999700e+02 8.899560800000000400e+01 -9.873503749999999900e+02 2.084890080000000100e+02
5.939621980611206600e-02 4.211312499999962700e+00 2.972432000000000000e+02 9.898122499999999500e+02 8.892379200000000600e+01 -9.856009374999999900e+02 2.083194080000000100e+02
5.940484773080691200e-02 6.358312500000010900e+00 2.966513759999999700e+02 9.897398124999999700e+02 8.866620799999999700e+01 -9.833814999999999600e+02 2.079851679999999900e+02
5.941367328126330400e-02 4.505812500000047300e+00 2.963737840000000000e+02 9.882971250000000500e+02 8.849221599999999900e+01 -9.837913125000000000e+02 2.078815679999999900e+02
5.943352946962071600e-02 2.970437500000002700e+00 2.959514080000000100e+02 9.864229374999999900e+02 8.825694400000000400e+01 -9.834524999999999900e+02 2.076944640000000100e+02
5.943967667094037000e-02 1.950937500000009100e+00 2.959231199999999800e+02 9.857875625000000400e+02 8.821766399999999900e+01 -9.838366250000000300e+02 2.077054560000000000e+02
5.944595908988634800e-02 1.692062500000020000e+00 2.958177920000000000e+02 9.853494375000000200e+02 8.815721600000000500e+01 -9.836573750000000000e+02 2.076605759999999900e+02
5.946009453251480100e-02 6.937500000000227400e-01 2.955035199999999800e+02 9.841168750000000500e+02 8.795340799999999600e+01 -9.834231250000000300e+02 2.075501120000000100e+02
5.949190187876778800e-02 -7.300000000000181900e-01 2.957341519999999900e+02 9.836060625000000100e+02 8.798488799999999800e+01 -9.843360625000000300e+02 2.077492640000000100e+02
5.956346840783699500e-02 1.926750000000083700e+00 2.963073759999999800e+02 9.859204375000000500e+02 8.822796800000000400e+01 -9.839936874999999600e+02 2.080794080000000000e+02
5.965203075239913800e-02 2.129937499999982700e+00 2.963863999999999800e+02 9.860473124999999800e+02 8.821591999999999700e+01 -9.839173749999999900e+02 2.081704800000000000e+02
5.965768908999286000e-02 2.157312499999989100e+00 2.963799520000000000e+02 9.860386875000000400e+02 8.821009599999999300e+01 -9.838813750000000500e+02 2.081698560000000100e+02
5.966469440317185400e-02 2.360062500000026400e+00 2.963479840000000000e+02 9.860540624999999900e+02 8.819334399999999600e+01 -9.836939999999999600e+02 2.081546400000000000e+02
5.967186093736685800e-02 2.794624999999996400e+00 2.962691360000000000e+02 9.860934999999999500e+02 8.815511999999999700e+01 -9.832988749999999500e+02 2.081140159999999900e+02
5.968797783828870600e-02 2.044062499999995500e+00 2.962651920000000100e+02 9.857052499999999800e+02 8.813487200000000100e+01 -9.836611874999999800e+02 2.081303200000000100e+02
5.972425256688820200e-02 1.430437499999925400e+00 2.963263039999999900e+02 9.854529374999999600e+02 8.813668800000000700e+01 -9.840225000000000400e+02 2.081896160000000000e+02
5.980586160505069200e-02 1.886562500000081900e+00 2.965744320000000000e+02 9.859528125000000500e+02 8.819844799999999900e+01 -9.840662499999999700e+02 2.083759839999999900e+02
5.998948194091630000e-02 1.936437500000010900e+00 2.969097360000000100e+02 9.851837500000000300e+02 8.834911200000000500e+01 -9.832473125000000200e+02 2.085606239999999900e+02
6.004628894600480500e-02 1.889374999999972700e+00 2.969670400000000000e+02 9.849313750000000000e+02 8.836758399999999400e+01 -9.830420000000000300e+02 2.085994560000000000e+02
6.007824191123998400e-02 1.878624999999942700e+00 2.970022000000000200e+02 9.848390624999999500e+02 8.838002400000000600e+01 -9.829604375000000100e+02 2.086221760000000000e+02
6.011092297138611500e-02 1.953875000000039100e+00 2.970304719999999700e+02 9.847942500000000300e+02 8.838615199999999600e+01 -9.828403749999999900e+02 2.086443199999999900e+02
6.012930736788779700e-02 2.131937499999935400e+00 2.970322640000000000e+02 9.847956249999999700e+02 8.837695200000000300e+01 -9.826636875000000400e+02 2.086553120000000100e+02
6.017066835950813500e-02 1.875687500000026400e+00 2.970573919999999900e+02 9.845675625000000100e+02 8.837814400000000600e+01 -9.826918749999999800e+02 2.086792480000000000e+02
6.026373449116233900e-02 1.900562499999978200e+00 2.971401040000000100e+02 9.845483124999999500e+02 8.840077599999999300e+01 -9.826477499999999700e+02 2.087393280000000000e+02
6.047312418619791400e-02 1.917500000000018200e+00 2.972808719999999900e+02 9.847566875000000000e+02 8.843672800000000200e+01 -9.828391874999999800e+02 2.088441440000000000e+02
6.073224796432983400e-02 1.918749999999931800e+00 2.974142559999999700e+02 9.849942499999999700e+02 8.846915199999999400e+01 -9.830755000000000300e+02 2.089451039999999900e+02
6.087800216414770300e-02 1.915750000000002700e+00 2.974743920000000200e+02 9.850661874999999600e+02 8.847797599999999800e+01 -9.831504374999999500e+02 2.089964160000000100e+02
6.095999085179948400e-02 1.924375000000054600e+00 2.974924720000000200e+02 9.850028750000000200e+02 8.846832800000000000e+01 -9.830784999999999600e+02 2.090241440000000100e+02
6.100611046373072300e-02 1.962125000000014600e+00 2.974607439999999800e+02 9.848123124999999600e+02 8.842748000000000300e+01 -9.828501874999999500e+02 2.090332640000000000e+02
6.105327541192697600e-02 2.107187500000009100e+00 2.972808400000000100e+02 9.847085624999999700e+02 8.827626399999999800e+01 -9.826013749999999600e+02 2.090045759999999900e+02
6.115940044587699800e-02 1.757187499999986400e+00 2.974103440000000100e+02 9.841585625000000200e+02 8.833594399999999800e+01 -9.824013750000000300e+02 2.090744000000000000e+02
6.139817917192558900e-02 1.933875000000057300e+00 2.975302000000000400e+02 9.844151875000000000e+02 8.836698400000000200e+01 -9.824813124999999400e+02 2.091632160000000100e+02
6.193543520604336700e-02 1.912874999999985400e+00 2.977268960000000100e+02 9.850713124999999800e+02 8.840571199999999400e+01 -9.831584374999999900e+02 2.093211839999999900e+02
6.314425998263888100e-02 1.913062500000023600e+00 2.980981360000000100e+02 9.865211249999999800e+02 8.843157600000000700e+01 -9.846080624999999600e+02 2.096665600000000000e+02
6.464018298398090100e-02 1.912187500000072800e+00 2.985381600000000000e+02 9.884321875000000500e+02 8.843294400000000600e+01 -9.865199999999999800e+02 2.101052160000000100e+02
6.548163707189683100e-02 1.912812499999972700e+00 2.987991680000000100e+02 9.895194999999999900e+02 8.845366400000000300e+01 -9.876066875000000200e+02 2.103455040000000100e+02
6.559996809696126700e-02 1.912187499999959100e+00 2.988362320000000000e+02 9.896616249999999600e+02 8.845746400000000200e+01 -9.877494375000000000e+02 2.103787680000000100e+02
6.566652637317868500e-02 1.912937499999998200e+00 2.988565199999999900e+02 9.897348749999999900e+02 8.845872799999999400e+01 -9.878219374999999900e+02 2.103977920000000100e+02
6.570396605363571000e-02 1.913562499999898100e+00 2.988676320000000100e+02 9.897714999999999500e+02 8.845892800000000000e+01 -9.878579375000000500e+02 2.104087040000000000e+02
6.574225864527415100e-02 2.079812499999889000e+00 2.988566079999999900e+02 9.897474999999999500e+02 8.843395200000000500e+01 -9.876676875000000600e+02 2.104226559999999900e+02
6.582841307595220500e-02 1.867750000000000900e+00 2.988550559999999900e+02 9.893902500000000400e+02 8.840513599999999900e+01 -9.875225000000000400e+02 2.104499199999999900e+02
6.602226314531675600e-02 1.925624999999968200e+00 2.989354880000000200e+02 9.896964375000000000e+02 8.842395200000000000e+01 -9.877708125000000300e+02 2.105115360000000100e+02
6.613130575958854600e-02 1.936249999999972700e+00 2.989675200000000400e+02 9.899885624999999400e+02 8.842723200000000400e+01 -9.880523124999999700e+02 2.105402880000000000e+02
6.637664254051370300e-02 1.912125000000060000e+00 2.990566240000000000e+02 9.902106250000000500e+02 8.844759999999999400e+01 -9.882984999999999900e+02 2.106090240000000100e+02
6.692865809861217600e-02 1.912000000000034600e+00 2.992463520000000000e+02 9.909160000000000500e+02 8.848737599999999800e+01 -9.890040000000000200e+02 2.107589759999999900e+02
6.723916977542390700e-02 1.912374999999997300e+00 2.993597280000000200e+02 9.913782499999999800e+02 8.852089599999999300e+01 -9.894658749999999800e+02 2.108388320000000000e+02
6.733523149756891200e-02 1.911312500000008200e+00 2.993940800000000300e+02 9.915156250000000000e+02 8.853044800000000700e+01 -9.896043124999999900e+02 2.108636320000000000e+02
6.743347750444678200e-02 1.912749999999960000e+00 2.994290720000000200e+02 9.916557500000000100e+02 8.854003199999999700e+01 -9.897430000000000500e+02 2.108890399999999900e+02
6.746387546697928100e-02 1.911437500000033700e+00 2.994378160000000000e+02 9.916751874999999900e+02 8.854074400000000400e+01 -9.897637499999999600e+02 2.108970720000000100e+02
6.748097009535297700e-02 1.933062500000005500e+00 2.994377200000000100e+02 9.916780625000000100e+02 8.853706400000000100e+01 -9.897450000000000000e+02 2.109006560000000000e+02
6.749845477457182300e-02 4.055437500000039100e+00 2.991240799999999900e+02 9.933600625000000300e+02 8.832412800000000200e+01 -9.893046249999999900e+02 2.107999519999999900e+02
6.750829445722562900e-02 3.740062500000021800e+00 2.989954319999999900e+02 9.932809375000000500e+02 8.822794399999999400e+01 -9.895408750000000300e+02 2.107674879999999900e+02
6.753042334184079800e-02 1.720062500000040000e+00 2.990661040000000000e+02 9.920626250000000300e+02 8.823676000000000400e+01 -9.903425624999999900e+02 2.108293439999999900e+02
6.758021463239444200e-02 9.519999999999981800e-01 2.991449359999999700e+02 9.913405000000000200e+02 8.828307999999999800e+01 -9.903885000000000200e+02 2.108618559999999900e+02
6.769225283715703300e-02 1.969437499999912700e+00 2.993240720000000000e+02 9.918161874999999600e+02 8.840799199999999300e+01 -9.898467500000000400e+02 2.109160799999999900e+02
6.783089771023719000e-02 1.952625000000011800e+00 2.994011919999999800e+02 9.918316250000000300e+02 8.844546400000000100e+01 -9.898790000000000200e+02 2.109557279999999900e+02
6.790888187587870700e-02 1.920250000000010000e+00 2.994480480000000300e+02 9.918761875000000100e+02 8.846656000000000100e+01 -9.899559375000000000e+02 2.109814880000000100e+02
6.798864467337412100e-02 2.320249999999987300e+00 2.993518320000000000e+02 9.927196874999999600e+02 8.838740000000000000e+01 -9.903994374999999800e+02 2.109644319999999900e+02
6.803351092192291800e-02 1.524625000000014600e+00 2.993763200000000200e+02 9.920961250000000300e+02 8.840678400000000200e+01 -9.905715000000000100e+02 2.109695360000000100e+02
6.813445608064928900e-02 1.903687500000046400e+00 2.994792400000000000e+02 9.924716875000000300e+02 8.847309599999999800e+01 -9.905679999999999800e+02 2.110061440000000100e+02
6.836158528812254200e-02 1.917312499999980000e+00 2.995748239999999800e+02 9.928280624999999900e+02 8.851970400000000400e+01 -9.909107500000000100e+02 2.110551199999999900e+02
6.864265592714191600e-02 1.914562499999988200e+00 2.997057600000000000e+02 9.931373750000000200e+02 8.856699199999999900e+01 -9.912228125000000300e+02 2.111387680000000000e+02
6.871451889485344400e-02 1.919062499999995500e+00 2.997358800000000100e+02 9.932264999999999900e+02 8.857707999999999500e+01 -9.913074374999999900e+02 2.111588000000000100e+02
6.875494376444539500e-02 1.920999999999935400e+00 2.997520160000000300e+02 9.932788749999999700e+02 8.858254399999999900e+01 -9.913578750000000400e+02 2.111694720000000100e+02
6.880496908550612400e-02 1.941874999999981800e+00 2.997696879999999700e+02 9.933605000000000000e+02 8.858933600000000300e+01 -9.914186250000000200e+02 2.111803520000000000e+02
6.881775755254930500e-02 1.966125000000033700e+00 2.997740400000000100e+02 9.933963125000000200e+02 8.859143199999999800e+01 -9.914301874999999900e+02 2.111826079999999900e+02
6.884653810424387600e-02 2.258687499999950900e+00 2.997608080000000000e+02 9.937051249999999500e+02 8.858332000000000100e+01 -9.914464375000000000e+02 2.111774880000000100e+02
6.891128654453976300e-02 1.692187500000045500e+00 2.997525440000000000e+02 9.932712500000000100e+02 8.857012799999999700e+01 -9.915790624999999600e+02 2.111824159999999900e+02
6.905697833622241600e-02 1.928625000000010900e+00 2.998270160000000100e+02 9.934310625000000500e+02 8.859231200000000700e+01 -9.915024375000000400e+02 2.112347039999999900e+02
6.938478226716939000e-02 1.914812499999925400e+00 2.999675760000000100e+02 9.938028124999999600e+02 8.863379999999999400e+01 -9.918880000000000300e+02 2.113337760000000000e+02
7.000000166421693800e-02 1.910875000000032700e+00 3.001949359999999800e+02 9.946254999999999900e+02 8.869727199999999800e+01 -9.927146249999999600e+02 2.114976639999999900e+02
