0.000000000000000000e+00 0.000000000000000000e+00 0.000000000000000000e+00 0.000000000000000000e+00 0.000000000000000000e+00 0.000000000000000000e+00 0.000000000000000000e+00
-5.482205718842154600e-09 2.383378046875000100e+02 -7.970733642578104700e-07 1.228679531250000000e+02 6.275955581665039500e-05 1.154698515625000000e+02 -6.355662918090820600e-05
1.399994600476242200e-03 2.383377812500000100e+02 3.339461124999999700e+00 1.227538593750000000e+02 1.075687375000000000e+00 1.155839218750000000e+02 2.263773749999999900e+00
2.843744837705857000e-03 2.383378203125000100e+02 6.742667250000000200e+00 1.226911718749999900e+02 2.141630750000000000e+00 1.156466484375000100e+02 4.601036500000000200e+00
3.489740877326705100e-03 2.383378046875000100e+02 8.224921999999999400e+00 1.229223359374999900e+02 2.546094000000000100e+00 1.154154687500000000e+02 5.678828000000000200e+00
3.697382496410780000e-03 2.383378515624999900e+02 8.692149999999999800e+00 1.231197500000000000e+02 2.658738000000000000e+00 1.152181015625000000e+02 6.033412000000000200e+00
3.901779886305801500e-03 2.383379375000000100e+02 9.147130000000000600e+00 1.233867265625000000e+02 2.761415500000000000e+00 1.149512109374999900e+02 6.385714499999999700e+00
3.967478754013541700e-03 2.383379453124999800e+02 9.292233500000000000e+00 1.234966874999999900e+02 2.792162499999999900e+00 1.148412578125000000e+02 6.500071000000000200e+00
4.115301793015848300e-03 2.383378671875000200e+02 9.616053000000000800e+00 1.238033203125000100e+02 2.856279999999999900e+00 1.145345468750000000e+02 6.759773000000000000e+00
4.198452228010483000e-03 2.383379062500000000e+02 9.796592999999999700e+00 1.240072500000000000e+02 2.889480499999999900e+00 1.143306562500000000e+02 6.907112500000000200e+00
4.385540804525059700e-03 2.383378515625000200e+02 1.019907175000000000e+01 1.245775156250000000e+02 2.955938750000000100e+00 1.137603359375000000e+02 7.243133000000000300e+00
4.490777811040402000e-03 2.383378593749999900e+02 1.042392600000000000e+01 1.249198750000000000e+02 2.991846999999999900e+00 1.134179843750000000e+02 7.432078999999999900e+00
4.549973749426092900e-03 2.383379687500000200e+02 1.054950150000000000e+01 1.251228828124999900e+02 3.011199500000000000e+00 1.132150859375000100e+02 7.538301999999999800e+00
4.583271782542150700e-03 2.383386953125000200e+02 1.061896575000000100e+01 1.252539296875000000e+02 3.021149750000000200e+00 1.130847656250000000e+02 7.597815999999999900e+00
4.602001486175016600e-03 2.383879921875000000e+02 1.063963049999999900e+01 1.256855625000000000e+02 3.002158500000000200e+00 1.127024296875000000e+02 7.637471999999999800e+00
4.644144003785501600e-03 2.383299296875000000e+02 1.072958075000000000e+01 1.260584218749999900e+02 3.004929750000000100e+00 1.122715078125000000e+02 7.724650999999999700e+00
4.738964668409092000e-03 2.383371875000000000e+02 1.092295725000000000e+01 1.265282265625000000e+02 3.031365750000000000e+00 1.118089609375000000e+02 7.891591499999999600e+00
4.952310577152282300e-03 2.383377421875000000e+02 1.136190399999999900e+01 1.276085937500000000e+02 3.092927000000000000e+00 1.107291484375000000e+02 8.268976999999999600e+00
5.432339165154404500e-03 2.383378750000000000e+02 1.235683425000000000e+01 1.296574843750000000e+02 3.247187250000000100e+00 1.086803906250000000e+02 9.109647000000000700e+00
6.026374933913623700e-03 2.383356562500000000e+02 1.356052674999999900e+01 1.328492656249999900e+02 3.381477750000000200e+00 1.054863906250000000e+02 1.017904899999999900e+01
6.633910920050513000e-03 2.383378046874999800e+02 1.477489100000000000e+01 1.363806562499999900e+02 3.517849000000000000e+00 1.019571484375000000e+02 1.125704200000000000e+01
8.000867573295052100e-03 2.383378046875000100e+02 1.742692525000000000e+01 1.450644531250000000e+02 3.835009250000000100e+00 9.327335156249999700e+01 1.359191599999999900e+01
8.769780788521754400e-03 2.383376640625000100e+02 1.879191975000000200e+01 1.516529218750000000e+02 4.030135750000000300e+00 8.668474218750000700e+01 1.476178400000000000e+01
1.049983532722853500e-02 2.383376875000000200e+02 2.149112900000000100e+01 1.700659062500000100e+02 4.535965000000000000e+00 6.827178125000000400e+01 1.695516400000000000e+01
1.147299144524601900e-02 2.383377265624999900e+02 2.279546949999999900e+01 1.812490625000000100e+02 4.823343500000000000e+00 5.708866406250000100e+01 1.797212599999999900e+01
1.202039127274760900e-02 2.383378867187499800e+02 2.342579149999999900e+01 1.871947500000000000e+02 4.980965499999999900e+00 5.114313671875000000e+01 1.844482599999999900e+01
1.232830401793552500e-02 2.383378203125000100e+02 2.374901549999999900e+01 1.903617812500000100e+02 5.067521499999999800e+00 4.797603906250000000e+01 1.868149400000000100e+01
1.270934587388526700e-02 2.383377851562499900e+02 2.410955750000000100e+01 1.942928750000000100e+02 5.175801500000000400e+00 4.404491015624999800e+01 1.893375599999999900e+01
1.292368167341537700e-02 2.383376171875000000e+02 2.429984599999999900e+01 1.964719843750000100e+02 5.234644000000000300e+00 4.186563281250000300e+01 1.906520199999999900e+01
1.297848352922854900e-02 2.383377539062500100e+02 2.434737949999999900e+01 1.970208437500000100e+02 5.249371499999999600e+00 4.131691015625000300e+01 1.909800800000000000e+01
1.300930976867675800e-02 2.383378046875000100e+02 2.437389250000000000e+01 1.973274843750000100e+02 5.257538499999999900e+00 4.101032031249999900e+01 1.911635400000000100e+01
1.304745674133300800e-02 2.383413945312500200e+02 2.440514000000000300e+01 1.977040000000000100e+02 5.267296000000000000e+00 4.063739453125000300e+01 1.913784400000000100e+01
1.305282115936279300e-02 2.383475429687499900e+02 2.440880900000000200e+01 1.977616562499999900e+02 5.268473000000000200e+00 4.058588671874999700e+01 1.914033600000000100e+01
1.305583893783449100e-02 2.383617773437499900e+02 2.441019550000000000e+01 1.978062187500000000e+02 5.268719499999999600e+00 4.055555859375000000e+01 1.914147600000000100e+01
1.305753634044817300e-02 2.383853359375000000e+02 2.441026550000000100e+01 1.978461406250000000e+02 5.268445500000000300e+00 4.053919531249999900e+01 1.914181999999999900e+01
1.305927207150797200e-02 2.385189609375000000e+02 2.440563849999999800e+01 1.979763906249999900e+02 5.265850500000000000e+00 4.054257031249999700e+01 1.913978799999999900e+01
1.306317766194581300e-02 2.387704960937500100e+02 2.437816600000000000e+01 1.983996093750000100e+02 5.250006000000000000e+00 4.037088671875000000e+01 1.912816000000000100e+01
1.307196582709084700e-02 2.382492421875000200e+02 2.438626750000000200e+01 1.982261875000000100e+02 5.251191500000000000e+00 4.002305468750000000e+01 1.913507600000000200e+01
1.309173939422046700e-02 2.382492968749999700e+02 2.441805499999999900e+01 1.984783124999999900e+02 5.265164999999999700e+00 3.977098437499999800e+01 1.915288999999999900e+01
1.313622855138903800e-02 2.383474257812500000e+02 2.445515000000000000e+01 1.989176562499999900e+02 5.281030000000000300e+00 3.942976953125000300e+01 1.917411999999999800e+01
1.323633150165788100e-02 2.383375234375000100e+02 2.453666850000000100e+01 1.997658906250000000e+02 5.314354500000000300e+00 3.857163281249999900e+01 1.922231400000000100e+01
1.346156040201662700e-02 2.383379882812499800e+02 2.471410449999999800e+01 2.018728593749999900e+02 5.375846499999999800e+00 3.646512890625000100e+01 1.933825800000000000e+01
1.374028173331513400e-02 2.383380039062500100e+02 2.491913549999999900e+01 2.044632343750000100e+02 5.447721500000000100e+00 3.387476953125000300e+01 1.947141399999999900e+01
1.381154604784147000e-02 2.383438085937500000e+02 2.495825649999999700e+01 2.052806093750000100e+02 5.461996499999999700e+00 3.306319921875000000e+01 1.949625999999999900e+01
1.397189036441912900e-02 2.383378652343750200e+02 2.507313899999999800e+01 2.066596250000000100e+02 5.505112999999999700e+00 3.167824023437500000e+01 1.956802600000000000e+01
1.433266429450568200e-02 2.383377714843750000e+02 2.532001249999999700e+01 2.097664374999999900e+02 5.591476499999999700e+00 2.857133398437499800e+01 1.972853599999999800e+01
1.477912185698982400e-02 2.383401855468750100e+02 2.560026549999999900e+01 2.134011093750000000e+02 5.692649499999999900e+00 2.493907617187500100e+01 1.990761600000000100e+01
1.523572628892312700e-02 2.383379257812500200e+02 2.584983199999999900e+01 2.169623906250000100e+02 5.791864000000000300e+00 2.137553515624999900e+01 2.005796799999999900e+01
1.626308665187965700e-02 2.383379921874999900e+02 2.634344400000000200e+01 2.245256249999999900e+02 5.997411999999999700e+00 1.381236718750000000e+01 2.034603200000000100e+01
1.684097793158583600e-02 2.383379013671875000e+02 2.658224549999999900e+01 2.284823281250000100e+02 6.103315499999999900e+00 9.855573242187500000e+00 2.047892999999999800e+01
1.716604070087743300e-02 2.383378295898437500e+02 2.670551450000000000e+01 2.305010624999999900e+02 6.159150500000000000e+00 7.836767089843750300e+00 2.054636400000000100e+01
1.789743349620989300e-02 2.383379025878906200e+02 2.695555900000000100e+01 2.350134375000000100e+02 6.264913000000000000e+00 3.324465087890625000e+00 2.069064600000000100e+01
1.880253080933738300e-02 2.383377220458984300e+02 2.724081550000000000e+01 2.400797499999999900e+02 6.393625499999999700e+00 -1.742027954101562400e+00 2.084719000000000100e+01
1.931164834130154700e-02 2.383377763671875000e+02 2.738814299999999900e+01 2.427770156249999900e+02 6.460486999999999600e+00 -4.439239257812500000e+00 2.092765599999999900e+01
1.983233793513981100e-02 2.383380151367187500e+02 2.751898800000000000e+01 2.456247656250000100e+02 6.512990000000000300e+00 -7.286750488281249700e+00 2.100599800000000200e+01
2.100388678352976500e-02 2.383378828125000000e+02 2.777430100000000100e+01 2.509061250000000000e+02 6.639492999999999900e+00 -1.256824218749999900e+01 2.113480800000000000e+01
2.116863652477114100e-02 2.383378544921875200e+02 2.780649850000000000e+01 2.516272656250000100e+02 6.654578500000000400e+00 -1.328941113281250000e+01 2.115192000000000000e+01
2.126130688534633900e-02 2.383379238281249900e+02 2.782411300000000100e+01 2.520423437499999900e+02 6.662296999999999700e+00 -1.370441992187499900e+01 2.116181600000000200e+01
2.146981832549328000e-02 2.383373691406250100e+02 2.786190000000000200e+01 2.529983906250000100e+02 6.676870000000000100e+00 -1.466102148437500000e+01 2.118503000000000100e+01
2.158710493503280100e-02 2.383379384765625000e+02 2.788249899999999900e+01 2.534903124999999900e+02 6.685934999999999700e+00 -1.515237402343750100e+01 2.119656399999999900e+01
2.162339024030630200e-02 2.383381650390625200e+02 2.788841700000000000e+01 2.536380000000000100e+02 6.688418999999999700e+00 -1.529983496093750100e+01 2.119999800000000100e+01
2.164380131118253500e-02 2.383379501953125200e+02 2.789140199999999900e+01 2.537111250000000100e+02 6.689881999999999900e+00 -1.537317480468749900e+01 2.120151999999999900e+01
2.164902023755972000e-02 2.383400273437499900e+02 2.789195300000000100e+01 2.537285468750000100e+02 6.690191000000000400e+00 -1.538851953124999900e+01 2.120176199999999900e+01
2.166076282190838500e-02 2.383382001953124800e+02 2.789188800000000200e+01 2.537609687499999900e+02 6.690223999999999700e+00 -1.542276855468750100e+01 2.120166400000000100e+01
2.168718129005332100e-02 2.383333115234375200e+02 2.789647050000000000e+01 2.538490937500000100e+02 6.692628499999999600e+00 -1.551578222656250000e+01 2.120384200000000200e+01
2.174662479891239000e-02 2.383374101562500000e+02 2.790711449999999900e+01 2.540761875000000000e+02 6.697876499999999600e+00 -1.573877734375000000e+01 2.120923799999999900e+01
2.188037386716507400e-02 2.383378125000000100e+02 2.793196700000000000e+01 2.546038437500000100e+02 6.709948999999999900e+00 -1.626603125000000100e+01 2.122201799999999800e+01
2.218130692409405300e-02 2.383377812499999800e+02 2.798531350000000000e+01 2.557795312499999900e+02 6.735759500000000300e+00 -1.744174999999999900e+01 2.124955400000000000e+01
2.255371236425685000e-02 2.383377910156249900e+02 2.804810150000000100e+01 2.571644999999999800e+02 6.765305500000000200e+00 -1.882670898437499900e+01 2.128279600000000100e+01
2.293458291551885400e-02 2.383378554687500100e+02 2.810857300000000000e+01 2.585909531250000000e+02 6.790287000000000200e+00 -2.025309765624999900e+01 2.131828600000000100e+01
2.298814261679261300e-02 2.383379746093749800e+02 2.811681200000000300e+01 2.588027031249999900e+02 6.793134000000000200e+00 -2.046472851562500100e+01 2.132367800000000100e+01
2.299567376534769600e-02 2.383383496093750000e+02 2.811795300000000000e+01 2.588328593750000000e+02 6.793516999999999600e+00 -2.049450976562500100e+01 2.132443599999999900e+01
2.299991023196323200e-02 2.383390214843750000e+02 2.811858649999999900e+01 2.588499062500000000e+02 6.793732500000000000e+00 -2.051088476562500100e+01 2.132485399999999800e+01
2.300515262473599700e-02 2.383437539062499900e+02 2.811934550000000100e+01 2.588716093749999900e+02 6.794035499999999700e+00 -2.052785546875000100e+01 2.132531000000000200e+01
2.301051547833940800e-02 2.384571582031250000e+02 2.811512700000000100e+01 2.589210312500000000e+02 6.793433000000000300e+00 -2.046387304687500100e+01 2.132169400000000100e+01
2.302258033452071400e-02 2.383107890625000200e+02 2.811718099999999900e+01 2.589026718750000100e+02 6.793827000000000300e+00 -2.059188281250000000e+01 2.132335399999999800e+01
2.304972469650228400e-02 2.383238789062500000e+02 2.812242350000000000e+01 2.590008906250000100e+02 6.795973499999999700e+00 -2.067701171874999800e+01 2.132645000000000100e+01
2.311080146649377800e-02 2.383399374999999900e+02 2.813214850000000000e+01 2.592416406250000000e+02 6.799570499999999700e+00 -2.090170312500000100e+01 2.133257800000000200e+01
2.324822380786805600e-02 2.383379394531250200e+02 2.815244849999999800e+01 2.598173750000000300e+02 6.804828500000000200e+00 -2.147943554687499900e+01 2.134761999999999900e+01
2.355742642259973200e-02 2.383378710937500100e+02 2.819841500000000100e+01 2.610075781250000100e+02 6.820758999999999800e+00 -2.266970703124999900e+01 2.137765600000000200e+01
2.425312839468007200e-02 2.383377753906250400e+02 2.829608950000000100e+01 2.635352812500000300e+02 6.855391499999999600e+00 -2.519750585937499900e+01 2.144069800000000100e+01
2.493796073232735700e-02 2.383374218749999900e+02 2.838695150000000200e+01 2.658079374999999800e+02 6.890065500000000400e+00 -2.747051562500000100e+01 2.149688600000000000e+01
2.496822768934755400e-02 2.383385195312500000e+02 2.839067300000000000e+01 2.659039687499999900e+02 6.891435000000000400e+00 -2.756544921875000000e+01 2.149923799999999800e+01
2.498525334155465500e-02 2.383391269531250000e+02 2.839256250000000000e+01 2.659592500000000000e+02 6.891984500000000400e+00 -2.762012304687500100e+01 2.150057800000000100e+01
2.500266540707565800e-02 2.383419746093750300e+02 2.839380200000000100e+01 2.660213437500000300e+02 6.891826000000000000e+00 -2.767936914062499900e+01 2.150197599999999900e+01
2.500805172707464700e-02 2.383461796875000100e+02 2.839372549999999900e+01 2.660438750000000100e+02 6.891389499999999800e+00 -2.769769531249999900e+01 2.150233600000000000e+01
2.501108202095732300e-02 2.383540097656249700e+02 2.839317950000000200e+01 2.660595937499999800e+02 6.890817499999999800e+00 -2.770558398437500000e+01 2.150236200000000200e+01
2.501278724570286600e-02 2.383671777343749900e+02 2.839228300000000300e+01 2.660728437500000000e+02 6.890163000000000300e+00 -2.770566601562499900e+01 2.150212000000000100e+01
2.501453001668133700e-02 2.384484414062500300e+02 2.838763749999999700e+01 2.661164375000000200e+02 6.887645499999999600e+00 -2.766799609374999800e+01 2.149999199999999900e+01
2.501845203359608800e-02 2.384064648437500300e+02 2.838559800000000200e+01 2.661097812500000300e+02 6.885589999999999700e+00 -2.770331640625000000e+01 2.150000800000000100e+01
2.502727696276086500e-02 2.383458398437499900e+02 2.838748400000000100e+01 2.661293749999999800e+02 6.885247999999999800e+00 -2.778353515625000000e+01 2.150223600000000000e+01
2.503000688678010500e-02 2.383421796874999600e+02 2.838683999999999900e+01 2.661407812499999700e+02 6.884528000000000400e+00 -2.779860156250000000e+01 2.150231200000000000e+01
2.503279938785422600e-02 2.385450468749999700e+02 2.837347549999999800e+01 2.662281249999999800e+02 6.877955499999999700e+00 -2.768307812500000200e+01 2.149551999999999900e+01
2.503437007193177300e-02 2.386404882812499900e+02 2.836265949999999900e+01 2.662608124999999900e+02 6.872131500000000100e+00 -2.762032421875000000e+01 2.149052800000000100e+01
2.503631308948586800e-02 2.385393710937500200e+02 2.835771150000000100e+01 2.661998750000000200e+02 6.868647499999999800e+00 -2.766050390625000000e+01 2.148906399999999900e+01
2.503740662351993500e-02 2.384762949218749700e+02 2.835677349999999900e+01 2.661692499999999800e+02 6.867709500000000100e+00 -2.769295507812499900e+01 2.148906399999999900e+01
2.503852518837595600e-02 2.384551757812500300e+02 2.835566300000000000e+01 2.661641562500000200e+02 6.866825000000000400e+00 -2.770898046874999900e+01 2.148883800000000100e+01
2.504104078598222400e-02 2.389212656250000200e+02 2.832093199999999900e+01 2.663175625000000100e+02 6.849648000000000200e+00 -2.739629687500000100e+01 2.147128400000000100e+01
2.504245659184893900e-02 2.386709003906250100e+02 2.831804100000000100e+01 2.661792187500000200e+02 6.846191000000000100e+00 -2.750831835937500000e+01 2.147185000000000000e+01
2.504564019951607500e-02 2.383248964843750200e+02 2.832807799999999800e+01 2.660600000000000000e+02 6.849097999999999700e+00 -2.773510351562499900e+01 2.147898000000000000e+01
2.505280527230009700e-02 2.381076210937499700e+02 2.833598099999999700e+01 2.660292187499999800e+02 6.850239000000000200e+00 -2.792159765625000000e+01 2.148574199999999800e+01
2.506167087655054900e-02 2.380337988281249900e+02 2.834198349999999800e+01 2.660696249999999700e+02 6.851171500000000400e+00 -2.803582617187500100e+01 2.149081199999999800e+01
2.506665670339829400e-02 2.381244414062499900e+02 2.834454949999999900e+01 2.661576250000000000e+02 6.851753500000000100e+00 -2.803318359375000000e+01 2.149279599999999800e+01
2.507175829779757400e-02 2.383161406250000300e+02 2.834339550000000000e+01 2.662900000000000200e+02 6.850449499999999900e+00 -2.797385937500000000e+01 2.149294600000000000e+01
2.508323336523661500e-02 2.384223925781250000e+02 2.835338200000000000e+01 2.664455624999999900e+02 6.853971999999999700e+00 -2.802316992187499900e+01 2.149941000000000100e+01
2.510905422250742400e-02 2.383404140624999700e+02 2.836011500000000000e+01 2.665166562499999800e+02 6.855951000000000100e+00 -2.817624218750000200e+01 2.150416399999999900e+01
2.516715076026015300e-02 2.383345019531250000e+02 2.837080650000000000e+01 2.667070312500000000e+02 6.860144499999999600e+00 -2.837252929687500100e+01 2.151066200000000000e+01
2.529786797020379000e-02 2.383389414062499700e+02 2.839874350000000200e+01 2.671365937499999700e+02 6.869901500000000100e+00 -2.879765234374999800e+01 2.152884200000000100e+01
2.559198012815059800e-02 2.383374980468750000e+02 2.844005449999999900e+01 2.679439375000000000e+02 6.888176500000000100e+00 -2.960643945312499900e+01 2.155187799999999900e+01
2.575741978142205200e-02 2.383380488281249800e+02 2.846229449999999900e+01 2.683484062499999800e+02 6.900434500000000200e+00 -3.001035742187500000e+01 2.156185999999999900e+01
2.612965626353666600e-02 2.383378105468749800e+02 2.850382200000000000e+01 2.692493124999999700e+02 6.917860000000000100e+00 -3.091150195312500100e+01 2.158596199999999900e+01
2.696718756608136600e-02 2.383378027343749700e+02 2.860272699999999800e+01 2.709644374999999700e+02 6.979320999999999700e+00 -3.262663476562499900e+01 2.162340599999999900e+01
2.722630037723250800e-02 2.383378164062500000e+02 2.863190000000000200e+01 2.714826562499999900e+02 6.998414000000000400e+00 -3.314483984374999900e+01 2.163348600000000100e+01
2.749130168924807100e-02 2.383379648437499700e+02 2.865903099999999900e+01 2.720015624999999800e+02 7.014839000000000300e+00 -3.366359765624999800e+01 2.164419200000000000e+01
2.757328701770211600e-02 2.383374765625000000e+02 2.866711850000000100e+01 2.721567499999999900e+02 7.020148500000000300e+00 -3.381927343750000100e+01 2.164697000000000000e+01
2.758481371121143700e-02 2.383378046874999500e+02 2.866807449999999900e+01 2.721778749999999700e+02 7.020786499999999800e+00 -3.384007031250000400e+01 2.164728800000000000e+01
2.759660635720400500e-02 2.383387773437500000e+02 2.866858450000000100e+01 2.721981250000000000e+02 7.021156500000000000e+00 -3.385934765625000200e+01 2.164742800000000100e+01
2.760323952502152800e-02 2.383504921874999800e+02 2.866732950000000100e+01 2.722113749999999800e+02 7.020531499999999700e+00 -3.386088281250000200e+01 2.164679800000000000e+01
2.761816102375821300e-02 2.383333320312500200e+02 2.866961600000000100e+01 2.722319687500000200e+02 7.021893999999999600e+00 -3.389863671874999800e+01 2.164772200000000200e+01
2.765173987140805500e-02 2.383380351562499900e+02 2.867396250000000200e+01 2.723012499999999800e+02 7.024596500000000400e+00 -3.396321484375000200e+01 2.164936600000000100e+01
2.772728602091471100e-02 2.383378906250000000e+02 2.868230850000000100e+01 2.724506875000000200e+02 7.030066500000000200e+00 -3.411279687500000100e+01 2.165224200000000100e+01
2.789727033279699300e-02 2.383377578124999700e+02 2.870099250000000200e+01 2.727836562499999800e+02 7.042252500000000000e+00 -3.444589843749999900e+01 2.165874000000000200e+01
2.827973503453212100e-02 2.383377617187499900e+02 2.874126649999999800e+01 2.735250312499999800e+02 7.068272500000000000e+00 -3.518726953125000300e+01 2.167299399999999900e+01
2.914027592015704500e-02 2.383377890625000100e+02 2.882875049999999800e+01 2.752205312500000200e+02 7.125094500000000300e+00 -3.688274218750000000e+01 2.170365599999999900e+01
2.998737212554050300e-02 2.383368984375000000e+02 2.890747549999999700e+01 2.768833124999999900e+02 7.170205499999999800e+00 -3.854641406249999800e+01 2.173726999999999900e+01
3.013712527557933800e-02 2.383378554687499800e+02 2.892097500000000200e+01 2.771581562499999900e+02 7.178486999999999600e+00 -3.882030078124999800e+01 2.174248800000000200e+01
3.022136337800914600e-02 2.383377929687499900e+02 2.892806399999999900e+01 2.773100000000000000e+02 7.182736000000000200e+00 -3.897220703125000100e+01 2.174532800000000100e+01
3.026874672396602200e-02 2.383379296875000400e+02 2.893109499999999900e+01 2.773885000000000200e+02 7.184568999999999800e+00 -3.905057031250000000e+01 2.174652599999999900e+01
3.029539829164039400e-02 2.383035976562500200e+02 2.891760949999999800e+01 2.773402500000000300e+02 7.177685499999999900e+00 -3.903665234374999900e+01 2.173992399999999800e+01
3.032265998559986700e-02 2.383184296875000100e+02 2.892595949999999800e+01 2.774403750000000200e+02 7.180857500000000100e+00 -3.912194531250000300e+01 2.174510199999999900e+01
3.038399175709000800e-02 2.383429140624999700e+02 2.893330499999999700e+01 2.775537499999999800e+02 7.186327000000000400e+00 -3.921083593750000100e+01 2.174697799999999900e+01
3.052198980736920200e-02 2.383380234375000000e+02 2.894762850000000000e+01 2.778293125000000100e+02 7.194520500000000300e+00 -3.949128906250000200e+01 2.175310800000000100e+01
3.083248463828419700e-02 2.383377148437500100e+02 2.897746399999999800e+01 2.784313124999999900e+02 7.212106000000000300e+00 -4.009359765624999700e+01 2.176535799999999900e+01
3.121672027067249100e-02 2.383377500000000000e+02 2.901261750000000100e+01 2.791531562499999900e+02 7.233171500000000100e+00 -4.081540625000000200e+01 2.177944600000000000e+01
3.160969165992236200e-02 2.383378398437499800e+02 2.904512499999999900e+01 2.799382812499999900e+02 7.249157000000000300e+00 -4.160044140624999900e+01 2.179596799999999800e+01
3.249387415688181900e-02 2.383377695312500200e+02 2.911811200000000000e+01 2.816061250000000200e+02 7.287747999999999700e+00 -4.326835546875000200e+01 2.183036399999999900e+01
3.299123033138085000e-02 2.383377460937500100e+02 2.915840149999999700e+01 2.824625937500000000e+02 7.310429499999999700e+00 -4.412484765624999700e+01 2.184797199999999900e+01
3.360670382582296000e-02 2.383377421874999700e+02 2.920583050000000100e+01 2.834736562499999800e+02 7.336446500000000100e+00 -4.513591406249999900e+01 2.186938400000000000e+01
3.376406947458822400e-02 2.383377929687499900e+02 2.921831100000000000e+01 2.837352187500000000e+02 7.343054999999999700e+00 -4.539742578125000000e+01 2.187525600000000000e+01
3.395880926938194700e-02 2.383378632812499800e+02 2.923321050000000200e+01 2.840506562499999700e+02 7.350360499999999900e+00 -4.571279296875000100e+01 2.188285000000000100e+01
3.406835040395341000e-02 2.383389218750000400e+02 2.924053500000000100e+01 2.842403437500000200e+02 7.352539000000000200e+00 -4.590142187499999700e+01 2.188799600000000100e+01
3.418038210530919400e-02 2.383411835937499700e+02 2.924033049999999900e+01 2.845557187499999800e+02 7.341730499999999700e+00 -4.621453515625000100e+01 2.189859999999999800e+01
3.443245186893333100e-02 2.383367226562500000e+02 2.925875549999999900e+01 2.849855937500000200e+02 7.348441499999999800e+00 -4.664887109375000300e+01 2.191031400000000000e+01
3.499960649044807400e-02 2.383378007812500000e+02 2.930413500000000200e+01 2.857952187500000000e+02 7.377065000000000000e+00 -4.745741796875000100e+01 2.192707000000000100e+01
3.627570908213537800e-02 2.383377890625000100e+02 2.939449799999999900e+01 2.876223125000000200e+02 7.428810000000000400e+00 -4.928452343749999900e+01 2.196568800000000000e+01
3.699351483442651900e-02 2.383377734375000000e+02 2.944493950000000000e+01 2.887181562499999900e+02 7.455797500000000100e+00 -5.038038281250000200e+01 2.198914200000000100e+01
3.788180238618624900e-02 2.383377851562499900e+02 2.950097450000000200e+01 2.900064375000000000e+02 7.482942500000000100e+00 -5.166865234374999700e+01 2.201803200000000200e+01
3.810891954917607100e-02 2.383377851562500200e+02 2.951458350000000100e+01 2.903279375000000200e+02 7.489339499999999800e+00 -5.199015234374999700e+01 2.202524400000000100e+01
3.861993629475590800e-02 2.383378242187500000e+02 2.954289200000000200e+01 2.910086562500000000e+02 7.501293999999999700e+00 -5.267083203125000100e+01 2.204159800000000000e+01
3.976972397231054400e-02 2.383377968749999800e+02 2.960778500000000000e+01 2.924669374999999700e+02 7.529885000000000200e+00 -5.412914062499999800e+01 2.207790000000000000e+01
4.041647973648832000e-02 2.383377851562499900e+02 2.964523299999999800e+01 2.932778437499999900e+02 7.545415000000000200e+00 -5.494005859375000300e+01 2.209981799999999900e+01
4.187168098810151200e-02 2.383385624999999700e+02 2.972365599999999800e+01 2.949800624999999700e+02 7.576164000000000300e+00 -5.664150000000000100e+01 2.214749200000000000e+01
4.269022954104766100e-02 2.383379179687499900e+02 2.976511049999999900e+01 2.958411874999999900e+02 7.591704499999999600e+00 -5.750326953124999800e+01 2.217340600000000000e+01
4.315066525316613900e-02 2.383378593750000200e+02 2.978724900000000300e+01 2.962986562500000200e+02 7.599816999999999800e+00 -5.796079687500000000e+01 2.218743200000000100e+01
4.340965916791299900e-02 2.383379882812499800e+02 2.979857450000000100e+01 2.965362187499999900e+02 7.604290500000000300e+00 -5.819823046874999800e+01 2.219428400000000000e+01
4.399239547609343900e-02 2.383377929687499900e+02 2.982504900000000000e+01 2.970297812499999800e+02 7.612191000000000200e+00 -5.869198828124999800e+01 2.221285800000000100e+01
4.432018660497790600e-02 2.383377929687499700e+02 2.984030650000000100e+01 2.972959062499999700e+02 7.617024500000000300e+00 -5.895811328125000000e+01 2.222328200000000100e+01
4.505771351611519800e-02 2.383377578125000000e+02 2.987085250000000200e+01 2.979018437500000100e+02 7.619956499999999800e+00 -5.956408593750000300e+01 2.225089600000000100e+01
4.547257123031014900e-02 2.383378710937500100e+02 2.988738250000000100e+01 2.982137500000000000e+02 7.621510500000000300e+00 -5.987587890625000100e+01 2.226587200000000200e+01
4.640600499831472300e-02 2.383383007812500100e+02 2.992936499999999700e+01 2.988443437500000100e+02 7.634612999999999900e+00 -6.050604296875000200e+01 2.229475199999999900e+01
4.693106090615740300e-02 2.383377695312500200e+02 2.995253899999999800e+01 2.991741875000000200e+02 7.642230999999999800e+00 -6.083641796874999800e+01 2.231030799999999900e+01
4.758081724011678500e-02 2.383378007812500000e+02 2.998081600000000100e+01 2.995731250000000000e+02 7.651019999999999900e+00 -6.123532421875000200e+01 2.232979600000000200e+01
4.824534175902839300e-02 2.383377812500000300e+02 3.000996849999999900e+01 3.000135312500000300e+02 7.659100500000000100e+00 -6.167575000000000100e+01 2.235086799999999800e+01
4.906768873920590300e-02 2.383377851562500200e+02 3.004692749999999900e+01 3.005232500000000200e+02 7.672007500000000300e+00 -6.218546484374999700e+01 2.237491999999999900e+01
4.927794764361043100e-02 2.383378203125000100e+02 3.005608550000000200e+01 3.006490312500000100e+02 7.674847500000000300e+00 -6.231121093750000000e+01 2.238123800000000000e+01
4.975103330737336300e-02 2.383379375000000100e+02 3.007615500000000000e+01 3.009119375000000200e+02 7.680710999999999600e+00 -6.257399999999999800e+01 2.239544400000000100e+01
5.081547213977403300e-02 2.383377890624999800e+02 3.012185249999999900e+01 3.014694687499999800e+02 7.695558499999999700e+00 -6.313167968749999700e+01 2.242629399999999900e+01
5.321045873046234600e-02 2.383377812499999800e+02 3.022022600000000000e+01 3.026226562499999800e+02 7.724969999999999900e+00 -6.428487500000000000e+01 2.249525600000000100e+01
5.395140860650170200e-02 2.383380703125000100e+02 3.024912650000000300e+01 3.029461249999999900e+02 7.732860500000000100e+00 -6.460805468750000100e+01 2.251626600000000200e+01
5.436819056513428300e-02 2.383379570312500000e+02 3.026598900000000100e+01 3.031322812500000100e+02 7.736984999999999800e+00 -6.479432421875000600e+01 2.252900400000000000e+01
5.479444668987604200e-02 2.383377695312499900e+02 3.028261900000000000e+01 3.033238749999999900e+02 7.739835000000000200e+00 -6.498610546874999700e+01 2.254278400000000100e+01
5.503421693336306400e-02 2.383378085937499700e+02 3.029223300000000300e+01 3.034220312499999700e+02 7.742333000000000400e+00 -6.508422265625000600e+01 2.254990000000000100e+01
5.557369998120886100e-02 2.383376914062499700e+02 3.031323699999999700e+01 3.036609374999999900e+02 7.746438999999999600e+00 -6.532324609375000100e+01 2.256679799999999900e+01
5.678752588787729100e-02 2.383377812499999800e+02 3.036171950000000000e+01 3.040903749999999900e+02 7.761667499999999700e+00 -6.575259375000000300e+01 2.260005200000000200e+01
5.828964428638848400e-02 2.383377656250000000e+02 3.042052650000000100e+01 3.045854062500000100e+02 7.778524499999999600e+00 -6.624764062500000300e+01 2.264200200000000200e+01
5.867371096072859800e-02 2.383377890625000100e+02 3.043542800000000200e+01 3.047110312500000200e+02 7.782625999999999600e+00 -6.637324218749999700e+01 2.265280200000000100e+01
5.953785002700925900e-02 2.383377187500000200e+02 3.046738350000000000e+01 3.050008437500000000e+02 7.789177500000000100e+00 -6.666312499999999400e+01 2.267820599999999900e+01
6.148217544155170500e-02 2.383378046875000100e+02 3.053909799999999900e+01 3.054355312500000000e+02 7.806572000000000100e+00 -6.709772656250000000e+01 2.273252600000000000e+01
6.585689980214036500e-02 2.383378046875000100e+02 3.069515849999999800e+01 3.062400000000000100e+02 7.840694499999999700e+00 -6.790219531249999800e+01 2.285446400000000000e+01
6.721032886054571800e-02 2.383377812500000300e+02 3.074267900000000300e+01 3.064613437500000300e+02 7.850951000000000200e+00 -6.812356250000000600e+01 2.289172800000000100e+01
6.859452079913121200e-02 2.383377890624999500e+02 3.079030700000000200e+01 3.066661562499999700e+02 7.861500999999999600e+00 -6.832836718750000700e+01 2.292880600000000200e+01
7.000000145178766900e-02 2.383376796874999900e+02 3.083812550000000000e+01 3.068581562499999800e+02 7.871567500000000300e+00 -6.852047656249999400e+01 2.296655799999999900e+01
