0.000000000000000000e+00 0.000000000000000000e+00 0.000000000000000000e+00 0.000000000000000000e+00 0.000000000000000000e+00 0.000000000000000000e+00 0.000000000000000000e+00
8.411990497579058800e-09 1.270846875000000000e+02 6.519412994384747100e-07 7.637223437500000500e+01 -2.667159271240234400e-05 5.071245312500000300e+01 2.732353401184081900e-05
1.400008289206997900e-03 1.270846445312500100e+02 2.127265562499999900e+00 7.630581250000000200e+01 9.211209375000000100e-01 5.077883203124999800e+01 1.206144625000000100e+00
2.456160550668170600e-03 1.270839882812499900e+02 3.660164374999999900e+00 7.584289843749999700e+01 1.537589125000000000e+00 5.124108984374999700e+01 2.122575250000000100e+00
2.479231733036792000e-03 1.270844882812500000e+02 3.692721999999999800e+00 7.583808593749999700e+01 1.549486750000000000e+00 5.124640234374999900e+01 2.143235250000000000e+00
2.531142137807810800e-03 1.270847578124999900e+02 3.766141875000000200e+00 7.582871874999999300e+01 1.576094125000000000e+00 5.125603906250000100e+01 2.190047750000000200e+00
2.595381200157125200e-03 1.270847109375000100e+02 3.856389000000000100e+00 7.582049999999999600e+01 1.608351249999999900e+00 5.126421093750000300e+01 2.248037749999999900e+00
2.661080263418162400e-03 1.270847109375000100e+02 3.948349500000000000e+00 7.581666406249999600e+01 1.640739250000000000e+00 5.126804687500000300e+01 2.307610250000000200e+00
2.734991782919315700e-03 1.270850976562499900e+02 4.051132374999999900e+00 7.581972656249999400e+01 1.676269875000000000e+00 5.126537109374999800e+01 2.374862499999999900e+00
2.771947640446540300e-03 1.270848750000000100e+02 4.102052125000000200e+00 7.582959375000000100e+01 1.693134624999999900e+00 5.125528125000000300e+01 2.408917499999999800e+00
2.855098075441174900e-03 1.270848750000000000e+02 4.214538874999999700e+00 7.588713281249999900e+01 1.727512624999999900e+00 5.119774218749999800e+01 2.487026250000000000e+00
2.901870121793171400e-03 1.270901289062499900e+02 4.271398374999999500e+00 7.603270312499999800e+01 1.736103624999999900e+00 5.105742578124999700e+01 2.535294749999999800e+00
2.957996655636884700e-03 1.270877812499999900e+02 4.341609000000000100e+00 7.622862499999999400e+01 1.746792750000000000e+00 5.085915624999999800e+01 2.594816250000000000e+00
3.063233857705524100e-03 1.270837187500000000e+02 4.477662875000000000e+00 7.647167187499999800e+01 1.778105125000000000e+00 5.061204687499999700e+01 2.699557749999999900e+00
3.300017806801582700e-03 1.270849453125000000e+02 4.782074375000000500e+00 7.700059374999999300e+01 1.851038374999999900e+00 5.008435156249999700e+01 2.931036000000000200e+00
3.593037604034103400e-03 1.270848476562500100e+02 5.154710124999999400e+00 7.770839062500000700e+01 1.937899625000000000e+00 4.937645703124999800e+01 3.216810499999999800e+00
3.892717164332472100e-03 1.270846953125000000e+02 5.529830374999999500e+00 7.846657031249999600e+01 2.022619375000000100e+00 4.861812499999999900e+01 3.507210999999999900e+00
3.985430546632902000e-03 1.270865429687500100e+02 5.644192374999999400e+00 7.873252343750000600e+01 2.046835624999999900e+00 4.835401953125000300e+01 3.597356749999999900e+00
4.080250820149899100e-03 1.270845781249999900e+02 5.760788874999999400e+00 7.899989843749999400e+01 2.071820874999999800e+00 4.808467968750000000e+01 3.688968000000000000e+00
4.197591402399257700e-03 1.270846796875000000e+02 5.903356499999999200e+00 7.936648437499999900e+01 2.100631749999999800e+00 4.771819531250000100e+01 3.802724749999999900e+00
4.227593189149390600e-03 1.270849101562500000e+02 5.939589749999999700e+00 7.946413281249999700e+01 2.107994000000000100e+00 4.762077734374999900e+01 3.831595750000000000e+00
4.295097013783892800e-03 1.270833125000000100e+02 6.015893999999999400e+00 7.981201562500000100e+01 2.121915749999999900e+00 4.727129687499999700e+01 3.893978250000000000e+00
4.446980912541467400e-03 1.270845976562500000e+02 6.197787249999999300e+00 8.032065624999999900e+01 2.160471250000000100e+00 4.676394140624999800e+01 4.037315999999999700e+00
4.788720075852600900e-03 1.270848320312500000e+02 6.603559000000000600e+00 8.145475000000000400e+01 2.242017000000000100e+00 4.563008203124999800e+01 4.361542000000000000e+00
5.557633291079303200e-03 1.270847421875000000e+02 7.493476999999999500e+00 8.418979687499999900e+01 2.407760999999999800e+00 4.289494531249999900e+01 5.085715999999999700e+00
5.665761748636801000e-03 1.270847421875000000e+02 7.616088749999999400e+00 8.459079687499999500e+01 2.428842250000000200e+00 4.249394531250000300e+01 5.187246499999999600e+00
5.799570656198216000e-03 1.270845664062500000e+02 7.766110499999999900e+00 8.515320312500000500e+01 2.447569999999999800e+00 4.193136328125000000e+01 5.318540500000000100e+00
5.936420417520318200e-03 1.270837070312500000e+02 7.912871749999999900e+00 8.605546093750000100e+01 2.440359250000000200e+00 4.102824609374999900e+01 5.472512499999999700e+00
6.244332771601639400e-03 1.270847656249999900e+02 8.255244749999999200e+00 8.742996093749999900e+01 2.485849749999999900e+00 3.965480468749999700e+01 5.769395000000000300e+00
6.937135861614557100e-03 1.270847070312499900e+02 9.017893250000000200e+00 9.039179687499999700e+01 2.598989249999999800e+00 3.669291015625000100e+01 6.418904000000000400e+00
8.495942814143623400e-03 1.270846640625000000e+02 1.066639800000000100e+01 9.742632031249999600e+01 2.853880000000000200e+00 2.965834375000000000e+01 7.812517999999999900e+00
9.372771724941223600e-03 1.270845800781249900e+02 1.149728525000000100e+01 1.026119921874999900e+02 3.014334250000000100e+00 2.447258789062500000e+01 8.482950999999999900e+00
1.045784768782888500e-02 1.270844746093749900e+02 1.242421774999999900e+01 1.097891250000000000e+02 3.212990749999999900e+00 1.729534960937499800e+01 9.211226999999999200e+00
1.156758448583247500e-02 1.270847011718750000e+02 1.315972199999999900e+01 1.167437187500000000e+02 3.404745999999999800e+00 1.034098242187499900e+01 9.754975999999999200e+00
1.294088332358933400e-02 1.270846423339843800e+02 1.381420250000000000e+01 1.242116406250000000e+02 3.607540499999999800e+00 2.873001708984375100e+00 1.020666200000000000e+01
1.371336421315751300e-02 1.270847271118164100e+02 1.409020074999999900e+01 1.278748046875000000e+02 3.705724749999999900e+00 -7.900775756835937100e-01 1.038447599999999900e+01
1.414788520242285300e-02 1.270844167480468800e+02 1.422503100000000100e+01 1.297377031250000000e+02 3.755050000000000200e+00 -2.653286376953125200e+00 1.046998100000000100e+01
1.425898294123451700e-02 1.270846972656250100e+02 1.425811700000000000e+01 1.301981640625000100e+02 3.767045000000000000e+00 -3.113466796875000100e+00 1.049107200000000100e+01
1.436522157173457000e-02 1.270848820800781200e+02 1.428922000000000000e+01 1.306330234374999900e+02 3.778276000000000000e+00 -3.548141357421875000e+00 1.051094400000000000e+01
1.438084549791230800e-02 1.270851423339843800e+02 1.429370675000000000e+01 1.306960390625000100e+02 3.779890749999999900e+00 -3.610896728515625000e+00 1.051381600000000000e+01
1.438963288084415600e-02 1.270882541503906300e+02 1.429619774999999900e+01 1.307333671874999900e+02 3.780847750000000000e+00 -3.645113037109375000e+00 1.051535000000000000e+01
1.439235185387879200e-02 1.270910463867187400e+02 1.429696875000000000e+01 1.307464609374999900e+02 3.781184750000000000e+00 -3.655414550781249900e+00 1.051578400000000000e+01
1.439388186287066500e-02 1.270941982421875200e+02 1.429741600000000200e+01 1.307552265625000100e+02 3.781410000000000200e+00 -3.661028320312500000e+00 1.051600600000000100e+01
1.439544472481634800e-02 1.271017941894531300e+02 1.429789974999999900e+01 1.307680546875000100e+02 3.781721750000000000e+00 -3.666260498046875100e+00 1.051617800000000000e+01
1.439896468415347900e-02 1.273615800781250000e+02 1.428801200000000000e+01 1.309755937500000000e+02 3.779510000000000100e+00 -3.614013671875000000e+00 1.050850200000000000e+01
1.440688224602246200e-02 1.271224682617187500e+02 1.428066475000000000e+01 1.308644140625000000e+02 3.774223750000000000e+00 -3.741945800781250100e+00 1.050644100000000100e+01
1.442469949797382500e-02 1.269978679199218600e+02 1.429636600000000100e+01 1.308789765624999900e+02 3.782363000000000100e+00 -3.881108642578125200e+00 1.051400300000000100e+01
1.446478479490505300e-02 1.270905610351562600e+02 1.431063775000000100e+01 1.310522187500000100e+02 3.788982750000000200e+00 -3.961657714843750200e+00 1.052165500000000100e+01
1.455497866853328400e-02 1.270849653320312600e+02 1.433615375000000100e+01 1.314020781250000000e+02 3.798405750000000100e+00 -4.317112792968750100e+00 1.053774800000000100e+01
1.475791449309021000e-02 1.270846733398437300e+02 1.439208474999999900e+01 1.321847968749999900e+02 3.819002750000000100e+00 -5.100123535156249900e+00 1.057308199999999900e+01
1.521451892502351600e-02 1.270846855468749900e+02 1.450449649999999800e+01 1.338460624999999900e+02 3.862814499999999800e+00 -6.761376953124999600e+00 1.064168199999999900e+01
1.624187928798004700e-02 1.270846640625000000e+02 1.471348199999999900e+01 1.374455468749999900e+02 3.951013000000000100e+00 -1.036088281250000000e+01 1.076246899999999900e+01
1.681976900325985200e-02 1.270846660156249900e+02 1.481779724999999800e+01 1.393364531249999900e+02 3.995104249999999800e+00 -1.225178710937500000e+01 1.082269299999999900e+01
1.812002164485260500e-02 1.270847148437499900e+02 1.500927325000000000e+01 1.429497656250000000e+02 4.079853250000000200e+00 -1.586505078125000000e+01 1.092942000000000000e+01
1.844000628614050200e-02 1.270846542968750200e+02 1.504867325000000000e+01 1.437207500000000100e+02 4.097941249999999900e+00 -1.663609570312500100e+01 1.095073200000000000e+01
1.849657437932773100e-02 1.270846953125000000e+02 1.505527949999999900e+01 1.438504531250000000e+02 4.100895500000000000e+00 -1.676575781249999900e+01 1.095438399999999900e+01
1.855442843099278400e-02 1.270850097656249900e+02 1.506082800000000100e+01 1.439642499999999900e+02 4.103125000000000400e+00 -1.687924023437500100e+01 1.095770300000000000e+01
1.857232703311549600e-02 1.270897324218750100e+02 1.506099300000000000e+01 1.439955781250000100e+02 4.102558000000000100e+00 -1.690584570312499900e+01 1.095843500000000000e+01
1.857690454468013600e-02 1.270963867187500100e+02 1.506044825000000000e+01 1.440063437500000100e+02 4.101980250000000400e+00 -1.690995703124999800e+01 1.095846800000000000e+01
1.857947802606217000e-02 1.271016796875000100e+02 1.505986850000000000e+01 1.440135937500000100e+02 4.101425500000000400e+00 -1.691191406249999900e+01 1.095844300000000100e+01
1.858266319815567900e-02 1.271372851562499900e+02 1.505672675000000100e+01 1.440300937499999900e+02 4.099434750000000300e+00 -1.689280859375000100e+01 1.095729200000000100e+01
1.858347826429552300e-02 1.271540859375000100e+02 1.505536675000000100e+01 1.440364687500000100e+02 4.098643749999999900e+00 -1.688238281250000100e+01 1.095672300000000000e+01
1.858531020757720300e-02 1.272396445312500100e+02 1.504853125000000000e+01 1.440652187500000100e+02 4.094833249999999800e+00 -1.682557421874999900e+01 1.095369799999999900e+01
1.858634116455638900e-02 1.272987070312499900e+02 1.504291650000000000e+01 1.440853593750000000e+02 4.091464499999999800e+00 -1.678665234374999900e+01 1.095145200000000000e+01
1.858866120886614900e-02 1.273585117187499900e+02 1.502976950000000000e+01 1.440916249999999900e+02 4.082888500000000100e+00 -1.673311328124999900e+01 1.094688099999999900e+01
1.859388013524333100e-02 1.271830800781250200e+02 1.502585350000000000e+01 1.440028593750000100e+02 4.078241499999999900e+00 -1.681977929687500200e+01 1.094761199999999900e+01
1.860562115516562600e-02 1.270449316406249900e+02 1.502482550000000000e+01 1.439782031249999900e+02 4.074734499999999900e+00 -1.693327148437499800e+01 1.095009100000000000e+01
1.863204118773693200e-02 1.270239511718750000e+02 1.503559525000000000e+01 1.440786718750000000e+02 4.078235249999999600e+00 -1.705472070312500000e+01 1.095736000000000000e+01
1.869148469659600100e-02 1.270917285156250100e+02 1.504705925000000000e+01 1.442549218750000100e+02 4.083354250000000200e+00 -1.716319335937500100e+01 1.096370499999999900e+01
1.882523376484868500e-02 1.270835820312499900e+02 1.506517974999999900e+01 1.444407812499999900e+02 4.094442749999999800e+00 -1.735719921875000100e+01 1.097073700000000000e+01
1.899074694615962200e-02 1.270849082031250000e+02 1.508763850000000100e+01 1.446869531250000000e+02 4.109406500000000400e+00 -1.760204492187499900e+01 1.097823200000000000e+01
1.908384752398713600e-02 1.270853164062500000e+02 1.509954950000000000e+01 1.448408593750000100e+02 4.117201500000000200e+00 -1.775554296874999900e+01 1.098234800000000000e+01
1.913621669679176100e-02 1.270849648437500200e+02 1.510572775000000000e+01 1.449388125000000100e+02 4.120603749999999900e+00 -1.785384765625000000e+01 1.098512400000000100e+01
1.918977796249189300e-02 1.270868515625000000e+02 1.510985400000000000e+01 1.450323593750000000e+02 4.122023999999999700e+00 -1.794550781250000100e+01 1.098783000000000100e+01
1.931028729035785500e-02 1.270846582031250000e+02 1.512434024999999900e+01 1.452870000000000100e+02 4.129085250000000200e+00 -1.820234179687500000e+01 1.099525500000000000e+01
1.958143210473648600e-02 1.270846816406250100e+02 1.515514975000000000e+01 1.458861718750000000e+02 4.143340750000000100e+00 -1.880149023437499900e+01 1.101180900000000000e+01
1.973395272502748800e-02 1.270847128906249800e+02 1.517119750000000000e+01 1.462069999999999900e+02 4.150531499999999600e+00 -1.912228710937500200e+01 1.102066600000000000e+01
1.992269607353711100e-02 1.270841230468750100e+02 1.518823225000000000e+01 1.465792656250000100e+02 4.157668250000000400e+00 -1.949514257812500200e+01 1.103056400000000000e+01
1.997095393383597000e-02 1.270870585937499900e+02 1.519113400000000200e+01 1.466729218749999900e+02 4.158489000000000300e+00 -1.958586328124999900e+01 1.103264500000000000e+01
1.999809829581753900e-02 1.270860644531250000e+02 1.519279650000000000e+01 1.467213906250000000e+02 4.159027499999999700e+00 -1.963532617187500100e+01 1.103376899999999900e+01
2.005917506580903400e-02 1.270827871093750000e+02 1.519510100000000100e+01 1.468387343750000000e+02 4.158655000000000400e+00 -1.975594726562500000e+01 1.103644600000000000e+01
2.019659897160968100e-02 1.270850898437500100e+02 1.521029600000000000e+01 1.471170937500000100e+02 4.167303000000000400e+00 -2.003200390625000100e+01 1.104299299999999900e+01
2.050580002191498100e-02 1.270846640625000000e+02 1.524114475000000000e+01 1.478068593749999900e+02 4.182382750000000400e+00 -2.072219531249999800e+01 1.105876200000000000e+01
2.060145843686081400e-02 1.270846230468750000e+02 1.525027599999999900e+01 1.480152031250000000e+02 4.186882999999999900e+00 -2.093058007812500100e+01 1.106339300000000000e+01
2.065526688192773100e-02 1.270847832031250000e+02 1.525527200000000000e+01 1.481300312500000000e+02 4.189368000000000000e+00 -2.104524804687499900e+01 1.106590400000000000e+01
2.068553383894792400e-02 1.270847499999999900e+02 1.525802475000000100e+01 1.481936093749999900e+02 4.190751750000000400e+00 -2.110885937500000200e+01 1.106727300000000000e+01
2.070255949115502900e-02 1.270849394531249900e+02 1.525953799999999900e+01 1.482292968749999900e+02 4.191533999999999900e+00 -2.114435742187500000e+01 1.106800400000000000e+01
2.071213534497839300e-02 1.270856875000000100e+02 1.526035700000000100e+01 1.482497187500000000e+02 4.191986000000000000e+00 -2.116403125000000100e+01 1.106837100000000100e+01
2.071458523667703600e-02 1.270863867187500200e+02 1.526056700000000000e+01 1.482553593750000100e+02 4.192111999999999800e+00 -2.116897265624999800e+01 1.106845500000000000e+01
2.071761396613333600e-02 1.270860703125000000e+02 1.526078749999999900e+01 1.482612968750000000e+02 4.192240499999999600e+00 -2.117522656250000100e+01 1.106854700000000100e+01
2.071838992161387600e-02 1.270858750000000000e+02 1.526084225000000000e+01 1.482626875000000000e+02 4.192270250000000000e+00 -2.117681250000000000e+01 1.106857200000000000e+01
2.071934735055357500e-02 1.270862773437500000e+02 1.526092450000000000e+01 1.482649531250000100e+02 4.192317499999999700e+00 -2.117867578125000000e+01 1.106860700000000000e+01
2.072032824588885800e-02 1.270903359375000200e+02 1.526097925000000200e+01 1.482694531250000100e+02 4.192380250000000300e+00 -2.117911718750000100e+01 1.106859900000000100e+01
2.072088048839819400e-02 1.271018613281250100e+02 1.526069450000000000e+01 1.482750156250000100e+02 4.192364500000000000e+00 -2.117315429687500100e+01 1.106833000000000000e+01
2.072212107851123500e-02 1.271587089843749800e+02 1.525862925000000000e+01 1.483060156249999900e+02 4.191676250000000400e+00 -2.114730664062500100e+01 1.106695300000000000e+01
2.072491357958536000e-02 1.272104960937500100e+02 1.525363025000000100e+01 1.483470156250000100e+02 4.189175249999999900e+00 -2.113651953124999800e+01 1.106445500000000100e+01
2.073119631589554300e-02 1.271062480468750100e+02 1.525420650000000000e+01 1.482985625000000000e+02 4.189437500000000400e+00 -2.119231445312500000e+01 1.106476900000000000e+01
2.074533247259344900e-02 1.270452832031250100e+02 1.525922475000000100e+01 1.483035000000000100e+02 4.192089750000000100e+00 -2.125821679687500100e+01 1.106713500000000000e+01
2.077713726073738100e-02 1.270804843750000000e+02 1.526370500000000200e+01 1.483839375000000000e+02 4.195020000000000400e+00 -2.130345312500000100e+01 1.106868500000000000e+01
2.081649666383197600e-02 1.270906464843750000e+02 1.526677600000000000e+01 1.484613437500000000e+02 4.196684000000000300e+00 -2.137069726562500100e+01 1.107009200000000100e+01
2.081901226143824400e-02 1.270912460937499900e+02 1.526686000000000100e+01 1.484663281249999900e+02 4.196698999999999700e+00 -2.137508203124999900e+01 1.107016100000000100e+01
2.082212546991863900e-02 1.270952832031249900e+02 1.526660749999999900e+01 1.484748750000000000e+02 4.196434499999999600e+00 -2.137959179687500100e+01 1.107017300000000000e+01
2.082292176294201600e-02 1.270979121093750000e+02 1.526642899999999900e+01 1.484781093750000000e+02 4.196285999999999700e+00 -2.138019726562500000e+01 1.107014300000000000e+01
2.082390735155641200e-02 1.271087656250000200e+02 1.526576650000000200e+01 1.484870937500000100e+02 4.195804500000000400e+00 -2.137832812499999900e+01 1.106996200000000000e+01
2.082491484214001700e-02 1.271565273437500100e+02 1.526319850000000000e+01 1.485226250000000100e+02 4.193957499999999800e+00 -2.136609765624999800e+01 1.106924100000000000e+01
2.082718169595312900e-02 1.271601875000000100e+02 1.526029300000000100e+01 1.485350312500000000e+02 4.191379999999999700e+00 -2.137484375000000000e+01 1.106891300000000000e+01
2.083228172592603600e-02 1.270967890624999900e+02 1.526261450000000000e+01 1.485060781249999900e+02 4.192575500000000200e+00 -2.140928906250000100e+01 1.107003900000000000e+01
2.084375679336507700e-02 1.270703457031250100e+02 1.526500800000000200e+01 1.485161093750000100e+02 4.193624999999999900e+00 -2.144576367187500000e+01 1.107138300000000100e+01
2.085795865597061700e-02 1.270674941406250200e+02 1.526568825000000000e+01 1.485438750000000100e+02 4.193445249999999900e+00 -2.147638085937499900e+01 1.107224300000000000e+01
2.087248279040879500e-02 1.270827558593750000e+02 1.526533525000000000e+01 1.485881406249999900e+02 4.192290250000000100e+00 -2.150538476562499900e+01 1.107304500000000000e+01
2.090516209289470700e-02 1.270795605468750200e+02 1.527031800000000000e+01 1.486415156250000100e+02 4.195622000000000200e+00 -2.156195507812499900e+01 1.107469599999999900e+01
2.097869013238140900e-02 1.270840898437500100e+02 1.527649599999999800e+01 1.487672187500000100e+02 4.200403999999999800e+00 -2.168312890625000100e+01 1.107609199999999900e+01
2.106968186345938700e-02 1.270867304687499900e+02 1.528446400000000000e+01 1.489287968749999900e+02 4.206118000000000000e+00 -2.184206640625000200e+01 1.107834600000000000e+01
2.108247730675644500e-02 1.271113984374999900e+02 1.528375700000000100e+01 1.489734531249999900e+02 4.206195000000000100e+00 -2.186205468749999900e+01 1.107756200000000000e+01
2.108967523249428300e-02 1.271114121093750000e+02 1.528246599999999900e+01 1.489900937500000000e+02 4.205826000000000100e+00 -2.187868164062500000e+01 1.107663999999999900e+01
2.109703585857481200e-02 1.270978652343750100e+02 1.528120350000000000e+01 1.490001875000000100e+02 4.205489499999999700e+00 -2.190232226562499900e+01 1.107571400000000000e+01
2.111359844057578500e-02 1.270477480468749900e+02 1.528471349999999900e+01 1.490035781249999900e+02 4.207584500000000300e+00 -2.195583007812500000e+01 1.107712899999999900e+01
2.115086464118456900e-02 1.270865703125000000e+02 1.528943200000000100e+01 1.490916875000000100e+02 4.210954000000000100e+00 -2.200511718750000200e+01 1.107847800000000000e+01
2.123471163702136300e-02 1.270849589843749900e+02 1.529756049999999900e+01 1.492481718750000000e+02 4.215969499999999900e+00 -2.216321289062500100e+01 1.108159100000000000e+01
2.142336894208051900e-02 1.270863554687499900e+02 1.530431900000000000e+01 1.496779531249999900e+02 4.212646000000000300e+00 -2.259159765624999800e+01 1.109167300000000000e+01
2.152948867617629500e-02 1.270846796875000100e+02 1.531644500000000000e+01 1.498405937500000100e+02 4.221650999999999600e+00 -2.275591406250000000e+01 1.109479400000000000e+01
2.176825925121157100e-02 1.270849335937499900e+02 1.533746500000000000e+01 1.502353437500000000e+02 4.237448999999999800e+00 -2.315041015625000000e+01 1.110001600000000000e+01
2.230549108950797400e-02 1.270851015625000000e+02 1.536608850000000000e+01 1.511066874999999900e+02 4.247838500000000300e+00 -2.402158593749999900e+01 1.111825000000000000e+01
2.231587888061843700e-02 1.270794667968750100e+02 1.536705599999999800e+01 1.511142968750000100e+02 4.248522999999999600e+00 -2.403483007812500100e+01 1.111853299999999900e+01
2.232172201311807500e-02 1.270795000000000000e+02 1.536747149999999900e+01 1.511202500000000000e+02 4.248850499999999600e+00 -2.404074999999999900e+01 1.111862099999999900e+01
2.232769812185933200e-02 1.270826347656250200e+02 1.536771399999999900e+01 1.511274218750000100e+02 4.249081999999999600e+00 -2.404478710937500100e+01 1.111863200000000000e+01
2.233106007413288400e-02 1.270919980468750100e+02 1.536749800000000100e+01 1.511351875000000000e+02 4.248966000000000200e+00 -2.404318945312499900e+01 1.111853200000000000e+01
2.233294990119032800e-02 1.271132128906250100e+02 1.536653350000000100e+01 1.511437343750000100e+02 4.248550500000000300e+00 -2.403052148437500100e+01 1.111798300000000100e+01
2.233720514092232500e-02 1.272181425781250100e+02 1.535619200000000000e+01 1.511597968750000100e+02 4.243764999999999800e+00 -2.394165429687500100e+01 1.111242700000000000e+01
2.234677786589294600e-02 1.270765664062500000e+02 1.536056650000000100e+01 1.511148125000000000e+02 4.245132500000000400e+00 -2.403824609375000100e+01 1.111543400000000000e+01
2.236831532375705900e-02 1.270416718750000100e+02 1.536570700000000000e+01 1.511258437500000000e+02 4.248154999999999700e+00 -2.408417187499999900e+01 1.111755200000000000e+01
2.241677499505791500e-02 1.270918906249999900e+02 1.537003700000000000e+01 1.512032031249999900e+02 4.251653000000000100e+00 -2.411131250000000000e+01 1.111838400000000100e+01
2.247674415117799400e-02 1.270854960937499800e+02 1.537444800000000100e+01 1.512668281249999900e+02 4.254560999999999800e+00 -2.418133203125000100e+01 1.111988700000000000e+01
2.253807748709450700e-02 1.270877949218750000e+02 1.537728100000000000e+01 1.513628281249999900e+02 4.254845000000000400e+00 -2.427503320312499800e+01 1.112243600000000000e+01
2.264847592731786300e-02 1.270841445312499900e+02 1.538299250000000000e+01 1.515175625000000000e+02 4.256453500000000100e+00 -2.443341796875000000e+01 1.112653899999999900e+01
2.278647397759705000e-02 1.270841601562500100e+02 1.539187750000000000e+01 1.516767812500000000e+02 4.262260500000000000e+00 -2.459262109375000100e+01 1.112961700000000000e+01
2.286409768532580300e-02 1.270849160156250000e+02 1.539584850000000000e+01 1.517528906249999900e+02 4.265057500000000200e+00 -2.466797460937500100e+01 1.113079100000000000e+01
2.290776082536992800e-02 1.270866171875000100e+02 1.539786550000000200e+01 1.518069531250000100e+02 4.265921500000000100e+00 -2.472033593750000000e+01 1.113194400000000100e+01
2.293232075498485800e-02 1.270851914062500000e+02 1.539866100000000100e+01 1.518379062500000000e+02 4.265938000000000200e+00 -2.475271484374999900e+01 1.113272300000000000e+01
2.298758255215141400e-02 1.270799882812500000e+02 1.539910250000000100e+01 1.518663437500000000e+02 4.266137500000000100e+00 -2.478635546874999900e+01 1.113296500000000000e+01
2.311192159577617500e-02 1.270871113281249900e+02 1.540339600000000100e+01 1.520931406249999900e+02 4.262577000000000300e+00 -2.500602929687499900e+01 1.114081900000000000e+01
2.339168170618572900e-02 1.270841914062500100e+02 1.541816250000000100e+01 1.524873593750000100e+02 4.265960500000000300e+00 -2.540316796875000100e+01 1.115220200000000100e+01
2.373788613346930500e-02 1.270846718750000000e+02 1.543807449999999900e+01 1.528893593750000000e+02 4.275864500000000000e+00 -2.580468750000000000e+01 1.116221000000000000e+01
2.409195962540433600e-02 1.270846914062499900e+02 1.545491850000000200e+01 1.533269687499999900e+02 4.280784500000000200e+00 -2.624227734375000100e+01 1.117413400000000000e+01
2.488862185340540900e-02 1.270845917968749900e+02 1.549411849999999900e+01 1.541663906249999900e+02 4.302018500000000000e+00 -2.708179882812499900e+01 1.119210000000000000e+01
2.533674552997579000e-02 1.270846582031250000e+02 1.550853500000000000e+01 1.546006250000000100e+02 4.307427999999999800e+00 -2.751596679687499900e+01 1.120110700000000000e+01
2.589129869706361500e-02 1.270847246093749900e+02 1.553465950000000000e+01 1.551266093749999900e+02 4.322224499999999900e+00 -2.804188476562499900e+01 1.121243499999999900e+01
2.645845488300473500e-02 1.270847636718750000e+02 1.555690049999999900e+01 1.557203906249999900e+02 4.330008499999999900e+00 -2.863562695312500100e+01 1.122689199999999900e+01
2.663391781604196000e-02 1.270847246093749900e+02 1.556331450000000100e+01 1.558750781249999900e+02 4.332519500000000100e+00 -2.879035351562500000e+01 1.123079500000000100e+01
2.664513475312961200e-02 1.270849824218750100e+02 1.556354100000000100e+01 1.558828750000000100e+02 4.332527999999999900e+00 -2.879789257812500100e+01 1.123101300000000100e+01
2.665901434390250500e-02 1.270892343749999900e+02 1.556304450000000000e+01 1.558912968749999900e+02 4.331933499999999900e+00 -2.880206250000000200e+01 1.123111100000000000e+01
2.666256246291433300e-02 1.270996953124999900e+02 1.556216350000000000e+01 1.558949375000000000e+02 4.331362500000000000e+00 -2.879524218750000100e+01 1.123080100000000000e+01
2.666455867096508000e-02 1.271224531249999900e+02 1.556054400000000000e+01 1.558978281249999900e+02 4.330620999999999800e+00 -2.877537500000000000e+01 1.122992299999999900e+01
2.666568192910021700e-02 1.271596347656250100e+02 1.555819350000000000e+01 1.559004218750000100e+02 4.329763500000000300e+00 -2.874078710937499900e+01 1.122842999999999900e+01
2.666820691326471400e-02 1.273671640625000000e+02 1.554073299999999900e+01 1.559057656249999900e+02 4.322193999999999600e+00 -2.853860156249999800e+01 1.121853900000000000e+01
2.667389203870077300e-02 1.271833769531250100e+02 1.553853400000000000e+01 1.558061250000000100e+02 4.318825000000000400e+00 -2.862274804687500000e+01 1.121970900000000000e+01
2.668668278871871500e-02 1.270322656249999800e+02 1.554471450000000000e+01 1.557654218749999900e+02 4.319897499999999700e+00 -2.873315625000000000e+01 1.122481700000000000e+01
2.671545884740634400e-02 1.270431621093750000e+02 1.555005299999999800e+01 1.558408750000000100e+02 4.320198999999999700e+00 -2.879771289062500000e+01 1.122985400000000000e+01
2.675107144933985800e-02 1.270985820312500000e+02 1.555125900000000000e+01 1.559077812500000000e+02 4.319805999999999800e+00 -2.880919921874999900e+01 1.123145300000000000e+01
2.677110236460768200e-02 1.270954960937499900e+02 1.555001850000000000e+01 1.559127499999999900e+02 4.318470500000000100e+00 -2.881725390624999900e+01 1.123154800000000000e+01
2.679159009237614500e-02 1.271226289062500000e+02 1.553826700000000100e+01 1.559156093750000000e+02 4.309918999999999800e+00 -2.879298046874999900e+01 1.122834800000000000e+01
2.680311365703272000e-02 1.270787636718750100e+02 1.553564050000000000e+01 1.558757500000000100e+02 4.307852500000000100e+00 -2.879698632812500100e+01 1.122778800000000000e+01
2.680473440275417400e-02 1.270777675781250100e+02 1.553504500000000000e+01 1.558708593750000100e+02 4.307520000000000200e+00 -2.879309179687500000e+01 1.122752500000000000e+01
2.680837951620106800e-02 1.272580234375000000e+02 1.551621249999999800e+01 1.558549375000000100e+02 4.299861499999999600e+00 -2.859691406250000200e+01 1.121635100000000000e+01
2.681658336809613500e-02 1.270558046875000100e+02 1.552166500000000000e+01 1.557754531250000100e+02 4.300506999999999600e+00 -2.871964843749999800e+01 1.122115800000000100e+01
2.683504359928641500e-02 1.270034980468750100e+02 1.552895799999999900e+01 1.558017812500000000e+02 4.302433999999999900e+00 -2.879828320312499900e+01 1.122652400000000000e+01
2.687657599061179700e-02 1.270953378906250000e+02 1.553580750000000100e+01 1.559291562500000100e+02 4.304643500000000100e+00 -2.883381835937500200e+01 1.123116400000000000e+01
2.697002543552028100e-02 1.270847695312499900e+02 1.554178750000000000e+01 1.559731718749999900e+02 4.308596500000000200e+00 -2.888840234374999800e+01 1.123319100000000000e+01
2.718028433992480600e-02 1.270849511718750100e+02 1.555684750000000000e+01 1.561003281250000000e+02 4.318119499999999900e+00 -2.901537695312499900e+01 1.123872800000000000e+01
2.765336687483499500e-02 1.270847675781250100e+02 1.557972099999999900e+01 1.564477343750000100e+02 4.328026999999999600e+00 -2.936296679687500000e+01 1.125169400000000100e+01
2.871780570723565800e-02 1.270846835937499900e+02 1.562320349999999900e+01 1.574222656249999900e+02 4.344955500000000200e+00 -3.033758203125000100e+01 1.127824800000000000e+01
2.904711745855376500e-02 1.270846621093749900e+02 1.563603249999999900e+01 1.577249843749999900e+02 4.350170499999999900e+00 -3.064032226562499900e+01 1.128586200000000000e+01
2.923235492756360100e-02 1.270846679687500100e+02 1.564294350000000100e+01 1.578907968750000100e+02 4.352797500000000300e+00 -3.080612890624999900e+01 1.129014600000000000e+01
2.942180070351428000e-02 1.270846601562500000e+02 1.564912349999999800e+01 1.580433593749999900e+02 4.354592499999999900e+00 -3.095869921874999900e+01 1.129453099999999900e+01
2.984805682825604100e-02 1.270846757812500100e+02 1.566414850000000000e+01 1.584152187500000100e+02 4.359510499999999800e+00 -3.133054296874999900e+01 1.130463800000000100e+01
3.008782707174306000e-02 1.270846679687500000e+02 1.567201550000000100e+01 1.586126874999999900e+02 4.361686500000000200e+00 -3.152801953124999900e+01 1.131032899999999900e+01
3.016200591260053900e-02 1.270846894531249900e+02 1.567429699999999900e+01 1.586696093749999900e+02 4.362186000000000300e+00 -3.158491992187499900e+01 1.131211100000000000e+01
3.020372916394331200e-02 1.270848222656250100e+02 1.567537450000000000e+01 1.586976093750000100e+02 4.362270500000000200e+00 -3.161278710937499900e+01 1.131310399999999900e+01
3.024640358652029600e-02 1.270846347656250000e+02 1.567628549999999900e+01 1.587222500000000000e+02 4.362166499999999800e+00 -3.163761523437500100e+01 1.131411900000000000e+01
3.034241869067895400e-02 1.270847890624999900e+02 1.567909450000000000e+01 1.587913906249999900e+02 4.362630499999999900e+00 -3.170660156250000100e+01 1.131646400000000000e+01
3.055845658610186300e-02 1.270845078125000200e+02 1.568542100000000200e+01 1.589474687500000100e+02 4.363800000000000300e+00 -3.186296093749999900e+01 1.132162100000000000e+01
3.062529200956890300e-02 1.270846035156250200e+02 1.568738800000000000e+01 1.589957343750000100e+02 4.364179000000000000e+00 -3.191113085937500000e+01 1.132320900000000000e+01
3.067997496897780000e-02 1.270829140624999800e+02 1.568788999999999900e+01 1.590172343749999900e+02 4.363509999999999800e+00 -3.193432031249999900e+01 1.132438000000000000e+01
3.074833101487848100e-02 1.270851191406250100e+02 1.569036700000000000e+01 1.590720468750000100e+02 4.364240999999999800e+00 -3.198692773437500100e+01 1.132612600000000000e+01
3.090212977151545300e-02 1.270852324218750100e+02 1.569387599999999900e+01 1.591703593750000000e+02 4.364344000000000000e+00 -3.208512695312499800e+01 1.132953200000000000e+01
3.124817775616182600e-02 1.270846855468750200e+02 1.570643750000000000e+01 1.594589062500000100e+02 4.368519499999999700e+00 -3.237422070312499800e+01 1.133791800000000000e+01
3.202678337497660800e-02 1.270846679687500100e+02 1.573243500000000100e+01 1.600912656250000100e+02 4.376756000000000300e+00 -3.300659765625000100e+01 1.135567900000000000e+01
3.299031044867407900e-02 1.270846406249999900e+02 1.576292150000000100e+01 1.608086718749999900e+02 4.385683499999999800e+00 -3.372403125000000300e+01 1.137723800000000000e+01
3.353229344986242300e-02 1.270846757812500000e+02 1.577913900000000100e+01 1.611902968750000000e+02 4.390436000000000200e+00 -3.410562109375000300e+01 1.138870300000000000e+01
3.367087033789927700e-02 1.270847851562500100e+02 1.578248200000000200e+01 1.612718906250000000e+02 4.390918000000000100e+00 -3.418710546874999800e+01 1.139156400000000100e+01
3.398266364270308100e-02 1.270846796875000000e+02 1.579128349999999900e+01 1.614713593749999900e+02 4.393356500000000300e+00 -3.438667968749999900e+01 1.139792699999999900e+01
3.468420248957756300e-02 1.270846718750000000e+02 1.581144100000000000e+01 1.619052343749999900e+02 4.399423999999999800e+00 -3.482056250000000100e+01 1.141201700000000100e+01
3.555235587392891600e-02 1.270847226562500100e+02 1.583549100000000100e+01 1.623520312500000100e+02 4.406360000000000300e+00 -3.526730859375000200e+01 1.142913100000000000e+01
3.604069156596666900e-02 1.270846601562500100e+02 1.584835050000000000e+01 1.625640625000000100e+02 4.410271500000000300e+00 -3.547940234375000300e+01 1.143807900000000000e+01
3.631537980607801200e-02 1.270847109375000100e+02 1.585447250000000000e+01 1.626605000000000100e+02 4.411373499999999800e+00 -3.557578906250000000e+01 1.144309900000000000e+01
3.646989194114063500e-02 1.270846367187500100e+02 1.585834150000000000e+01 1.627210468750000100e+02 4.412400500000000400e+00 -3.563641015625000100e+01 1.144594099999999900e+01
3.655680521266666700e-02 1.270845429687500000e+02 1.585997199999999900e+01 1.627477656250000000e+02 4.412518999999999600e+00 -3.566322265624999900e+01 1.144745299999999900e+01
3.657902632485537200e-02 1.270860390624999900e+02 1.585980800000000100e+01 1.627516249999999900e+02 4.412092999999999600e+00 -3.566558593749999800e+01 1.144771500000000100e+01
3.662902852055907600e-02 1.270848828124999800e+02 1.586093400000000000e+01 1.627648749999999900e+02 4.412225000000000300e+00 -3.567999218749999800e+01 1.144870899999999900e+01
3.674152642097372500e-02 1.270847460937500100e+02 1.586352499999999900e+01 1.628029218750000100e+02 4.412766999999999700e+00 -3.571817578124999700e+01 1.145075800000000000e+01
3.688074472382312600e-02 1.270852109374999900e+02 1.586519749999999900e+01 1.628359531250000000e+02 4.412204499999999600e+00 -3.575074218750000200e+01 1.145299299999999900e+01
3.695905677915558400e-02 1.271142343750000000e+02 1.586120400000000100e+01 1.628325781250000000e+02 4.411482000000000300e+00 -3.571834375000000300e+01 1.144972200000000000e+01
3.697907830786516900e-02 1.270475234375000200e+02 1.586497700000000000e+01 1.628251250000000100e+02 4.412376000000000100e+00 -3.577760156250000300e+01 1.145260100000000000e+01
3.702412752967494000e-02 1.270877734375000000e+02 1.586705750000000100e+01 1.628669531250000100e+02 4.413387499999999800e+00 -3.577917968749999700e+01 1.145367000000000100e+01
3.712549297202603200e-02 1.270851249999999900e+02 1.587046099999999900e+01 1.629056562499999900e+02 4.414302000000000200e+00 -3.582053125000000200e+01 1.145615900000000000e+01
3.735356130625006700e-02 1.270846953125000000e+02 1.587710800000000000e+01 1.629917656250000000e+02 4.416095000000000300e+00 -3.590707031249999700e+01 1.146101299999999900e+01
3.763579633918021100e-02 1.270846835937500000e+02 1.588469350000000100e+01 1.630975312500000000e+02 4.418157500000000400e+00 -3.601284765625000300e+01 1.146653600000000000e+01
3.779455432741660900e-02 1.270846796875000000e+02 1.588884300000000000e+01 1.631578125000000100e+02 4.419354000000000200e+00 -3.607313281249999900e+01 1.146948899999999900e+01
3.788385491358638900e-02 1.270849648437499900e+02 1.589110649999999900e+01 1.631909374999999900e+02 4.420049500000000200e+00 -3.610597265625000300e+01 1.147105700000000000e+01
3.789641412850126800e-02 1.270860859375000000e+02 1.589143899999999800e+01 1.631962499999999900e+02 4.420183999999999900e+00 -3.611016406249999700e+01 1.147125499999999900e+01
3.790347907799748000e-02 1.270895937500000100e+02 1.589167949999999900e+01 1.632012031250000100e+02 4.420327500000000000e+00 -3.611160937500000000e+01 1.147135200000000000e+01
3.791070359898364400e-02 1.271745195312500100e+02 1.588802199999999900e+01 1.632197656250000100e+02 4.419929999999999900e+00 -3.604524609375000200e+01 1.146809200000000000e+01
3.792695798898932500e-02 1.270725898437500100e+02 1.588819500000000000e+01 1.631801562500000100e+02 4.419539999999999600e+00 -3.610756640625000100e+01 1.146865500000000000e+01
3.796353114871528500e-02 1.270689609374999900e+02 1.589143000000000000e+01 1.631947343750000000e+02 4.420683999999999600e+00 -3.612577343750000100e+01 1.147074600000000000e+01
3.804581997588550600e-02 1.270868710937500100e+02 1.589375500000000100e+01 1.632346562500000000e+02 4.421331000000000300e+00 -3.614778515625000200e+01 1.147242400000000000e+01
3.823097296587125300e-02 1.270846171874999900e+02 1.589900450000000000e+01 1.632979218749999900e+02 4.422436499999999900e+00 -3.621330468749999900e+01 1.147656800000000000e+01
3.864757032219193200e-02 1.270846796875000100e+02 1.590975999999999900e+01 1.634317031250000100e+02 4.424828999999999900e+00 -3.634702343749999900e+01 1.148493100000000000e+01
3.916310513113427400e-02 1.270846679687500100e+02 1.592274200000000000e+01 1.635875000000000100e+02 4.428016000000000400e+00 -3.650283203125000100e+01 1.149472600000000000e+01
3.945309346116433700e-02 1.270846445312499900e+02 1.592998899999999900e+01 1.636703124999999900e+02 4.429809999999999800e+00 -3.658566796875000200e+01 1.150017899999999900e+01
3.952724101349437700e-02 1.270846835937500000e+02 1.593180100000000000e+01 1.636901562500000000e+02 4.430233000000000300e+00 -3.660547265625000100e+01 1.150156800000000100e+01
3.956894549172068600e-02 1.270850703124999900e+02 1.593277600000000000e+01 1.637001718750000000e+02 4.430457999999999800e+00 -3.661510156250000100e+01 1.150231800000000100e+01
3.957481209061589800e-02 1.270853515624999900e+02 1.593291499999999900e+01 1.637015937500000000e+02 4.430493000000000200e+00 -3.661624218749999900e+01 1.150242199999999900e+01
3.958800646263782600e-02 1.270843320312500000e+02 1.593315350000000000e+01 1.637033125000000100e+02 4.430534500000000300e+00 -3.661898046875000300e+01 1.150261899999999900e+01
3.961176071267115400e-02 1.270830117187500000e+02 1.593344349999999900e+01 1.637039531250000000e+02 4.430604500000000300e+00 -3.662094140624999700e+01 1.150283900000000000e+01
3.964145352521280400e-02 1.270824062499999900e+02 1.593413000000000000e+01 1.637109375000000000e+02 4.430721000000000100e+00 -3.662853125000000200e+01 1.150340900000000000e+01
3.970825766015240900e-02 1.270850507812500000e+02 1.593589300000000000e+01 1.637297812500000000e+02 4.431063000000000000e+00 -3.664473046874999800e+01 1.150483000000000000e+01
3.985857087483243200e-02 1.270846835937500000e+02 1.593969399999999900e+01 1.637686875000000000e+02 4.431854000000000400e+00 -3.668400390624999800e+01 1.150784000000000000e+01
4.019677482564930300e-02 1.270846757812500000e+02 1.594794650000000000e+01 1.638571406250000000e+02 4.433726499999999700e+00 -3.677246484375000100e+01 1.151422000000000000e+01
4.061530268411311200e-02 1.270846445312500100e+02 1.595812400000000200e+01 1.639633750000000100e+02 4.436105000000000400e+00 -3.687873046875000000e+01 1.152201900000000000e+01
4.085072695113855400e-02 1.270846367187500100e+02 1.596382900000000000e+01 1.640230625000000100e+02 4.437459999999999700e+00 -3.693842578124999700e+01 1.152636900000000100e+01
4.109149842750368900e-02 1.270845664062499900e+02 1.596906150000000000e+01 1.640723593749999900e+02 4.438144499999999900e+00 -3.698779296875000000e+01 1.153091700000000100e+01
4.138042607645350100e-02 1.270846992187500000e+02 1.597617750000000000e+01 1.641444218750000100e+02 4.439926500000000300e+00 -3.705972265625000300e+01 1.153625100000000000e+01
4.167838046557007700e-02 1.270846484375000100e+02 1.598325250000000100e+01 1.642147500000000100e+02 4.441519500000000100e+00 -3.713010156250000200e+01 1.154173300000000100e+01
4.198310882087767600e-02 1.270845898437500100e+02 1.598736199999999900e+01 1.642595312500000100e+02 4.439828999999999600e+00 -3.717494140624999900e+01 1.154753300000000000e+01
4.266874683810657100e-02 1.270847031250000000e+02 1.600479899999999800e+01 1.644092031250000000e+02 4.444769000000000000e+00 -3.732450000000000000e+01 1.156002999999999900e+01
4.421143081244521100e-02 1.270846718750000100e+02 1.604053599999999900e+01 1.647054218750000100e+02 4.452791000000000400e+00 -3.762075000000000100e+01 1.158774500000000000e+01
4.768247053692033900e-02 1.270846640625000000e+02 1.611987700000000200e+01 1.653233906250000000e+02 4.475277000000000200e+00 -3.823872656249999800e+01 1.164460000000000100e+01
4.963492783974474800e-02 1.270846796875000000e+02 1.616502299999999800e+01 1.656195937500000100e+02 4.489525000000000400e+00 -3.853491406250000000e+01 1.167549799999999900e+01
5.073318644145654400e-02 1.270846835937500100e+02 1.619000649999999900e+01 1.657655468750000100e+02 4.496939499999999900e+00 -3.868086328124999800e+01 1.169306699999999900e+01
5.135095651381285000e-02 1.270846679687500100e+02 1.620386399999999900e+01 1.658415312500000000e+02 4.500930999999999600e+00 -3.875686328124999800e+01 1.170293300000000000e+01
5.211544787789892900e-02 1.270846640625000000e+02 1.622099000000000000e+01 1.659348437500000000e+02 4.505935000000000000e+00 -3.885017968750000300e+01 1.171505500000000000e+01
5.254547739905009200e-02 1.270846328125000200e+02 1.623050500000000100e+01 1.659802343750000100e+02 4.508572000000000000e+00 -3.889560156249999800e+01 1.172193300000000000e+01
5.278736274699213200e-02 1.270846601562500100e+02 1.623589950000000200e+01 1.660082500000000000e+02 4.510150500000000000e+00 -3.892358984375000100e+01 1.172574900000000000e+01
5.303474861805833300e-02 1.270846718750000000e+02 1.624144549999999800e+01 1.660379375000000000e+02 4.511840499999999900e+00 -3.895326562500000000e+01 1.172960499999999900e+01
5.310896500514873700e-02 1.270847265624999800e+02 1.624307999999999900e+01 1.660464062499999900e+02 4.512343000000000400e+00 -3.896167968750000200e+01 1.173073700000000000e+01
5.312810106853174000e-02 1.270851132812500000e+02 1.624350799999999900e+01 1.660489843750000000e+02 4.512486000000000000e+00 -3.896387109375000100e+01 1.173102199999999900e+01
5.313886432197150600e-02 1.270936093750000000e+02 1.624385250000000300e+01 1.660572031250000000e+02 4.512763500000000100e+00 -3.896359375000000100e+01 1.173108900000000100e+01
5.314161771238631900e-02 1.271084843749999900e+02 1.624380100000000100e+01 1.660665156249999900e+02 4.512884999999999800e+00 -3.895803124999999800e+01 1.173091600000000100e+01
5.314316336564191300e-02 1.271322031249999900e+02 1.624329150000000200e+01 1.660777812499999900e+02 4.512914499999999900e+00 -3.894557812499999700e+01 1.173037700000000100e+01
5.314664890759886200e-02 1.272009765625000000e+02 1.623972350000000000e+01 1.661052031250000000e+02 4.512148500000000300e+00 -3.890422656250000000e+01 1.172757500000000000e+01
5.315448355487011800e-02 1.271091796875000200e+02 1.623931749999999900e+01 1.660582187500000100e+02 4.511476499999999700e+00 -3.894903906249999900e+01 1.172784100000000000e+01
5.317211776893595400e-02 1.270428554687500200e+02 1.624219699999999700e+01 1.660293593750000100e+02 4.512325999999999800e+00 -3.898650390625000000e+01 1.172987099999999900e+01
5.321178536402584200e-02 1.270804335937500000e+02 1.624391049999999800e+01 1.660537500000000100e+02 4.513304500000000300e+00 -3.897331640624999900e+01 1.173060600000000000e+01
5.330104527510995400e-02 1.270860585937500100e+02 1.624620000000000200e+01 1.660683750000000000e+02 4.513982000000000400e+00 -3.898231640625000000e+01 1.173221800000000000e+01
5.350188007504920500e-02 1.270846250000000200e+02 1.625109849999999800e+01 1.660904687500000100e+02 4.515208500000000000e+00 -3.900584374999999700e+01 1.173588999999999900e+01
5.395376776147076800e-02 1.270846406250000100e+02 1.626140449999999800e+01 1.661363125000000000e+02 4.517828500000000200e+00 -3.905167187499999700e+01 1.174357599999999900e+01
5.497050097608190800e-02 1.270846796875000100e+02 1.628371599999999800e+01 1.662232656250000100e+02 4.523415000000000000e+00 -3.913858593749999700e+01 1.176030100000000000e+01
5.554241145376770400e-02 1.270846757812499800e+02 1.629617499999999800e+01 1.662721562499999900e+02 4.526697000000000400e+00 -3.918748046875000300e+01 1.176947799999999900e+01
5.571934807644741300e-02 1.270846796875000000e+02 1.629999050000000000e+01 1.662871406250000100e+02 4.527712499999999800e+00 -3.920246093750000000e+01 1.177227800000000000e+01
5.576458502942182500e-02 1.270846718750000100e+02 1.630096199999999800e+01 1.662910781250000100e+02 4.527985000000000100e+00 -3.920640625000000100e+01 1.177297699999999900e+01
5.579003511764246000e-02 1.270856406250000000e+02 1.630151949999999800e+01 1.662949062500000000e+02 4.528208499999999900e+00 -3.920926562500000000e+01 1.177331100000000000e+01
5.579790731114665100e-02 1.270882109374999900e+02 1.630174800000000000e+01 1.662989531250000000e+02 4.528375999999999700e+00 -3.921074218750000300e+01 1.177337200000000000e+01
5.580233776663232100e-02 1.270946640624999900e+02 1.630200650000000100e+01 1.663065781249999900e+02 4.528629500000000100e+00 -3.921191406250000000e+01 1.177337700000000000e+01
5.580347041132568300e-02 1.270974296875000000e+02 1.630210050000000200e+01 1.663096875000000000e+02 4.528726500000000300e+00 -3.921225781249999900e+01 1.177337400000000000e+01
5.580601729745939700e-02 1.271337304687500000e+02 1.630213450000000100e+01 1.663367968750000000e+02 4.529284500000000200e+00 -3.920306640625000200e+01 1.177285000000000000e+01
5.581174935568661300e-02 1.271709101562500000e+02 1.629876750000000000e+01 1.663630312500000100e+02 4.528736499999999900e+00 -3.919212109375000400e+01 1.177003099999999900e+01
5.582464648669786100e-02 1.270692539062500000e+02 1.629957699999999900e+01 1.663162656250000000e+02 4.528725999999999800e+00 -3.924701171875000200e+01 1.177085100000000000e+01
5.585366346704678100e-02 1.270643085937499800e+02 1.630181900000000200e+01 1.663176249999999900e+02 4.529910000000000100e+00 -3.925331640625000100e+01 1.177190900000000100e+01
5.591895636611096700e-02 1.270861328125000000e+02 1.630311850000000000e+01 1.663363281249999900e+02 4.530558499999999700e+00 -3.925019531249999700e+01 1.177256000000000000e+01
5.606586226015265700e-02 1.270844609375000000e+02 1.630683900000000000e+01 1.663519531249999900e+02 4.531532000000000300e+00 -3.926749218749999700e+01 1.177530700000000000e+01
5.639640052174645800e-02 1.270846835937500000e+02 1.631401999999999900e+01 1.663808593750000000e+02 4.533299000000000400e+00 -3.929617578125000000e+01 1.178072100000000000e+01
5.714011004590612700e-02 1.270846718750000000e+02 1.632997299999999900e+01 1.664363281249999900e+02 4.537130999999999600e+00 -3.935165624999999800e+01 1.179284200000000000e+01
5.881346429739724200e-02 1.270846835937500000e+02 1.636639850000000300e+01 1.665710156250000000e+02 4.546804500000000400e+00 -3.948633203125000100e+01 1.181959400000000000e+01
6.257851292767861700e-02 1.270846757812500100e+02 1.644509899999999900e+01 1.668436718750000100e+02 4.567808000000000300e+00 -3.975899609375000000e+01 1.187729100000000000e+01
7.000000145178766900e-02 1.270846796875000000e+02 1.659222700000000100e+01 1.672716093750000000e+02 4.601313000000000200e+00 -4.018692968749999700e+01 1.199091400000000000e+01
