0.000000000000000000e+00 0.000000000000000000e+00 0.000000000000000000e+00 0.000000000000000000e+00 0.000000000000000000e+00 0.000000000000000000e+00 0.000000000000000000e+00
1.304588339502431100e-07 7.222688124999999700e+02 1.004155960083008000e-04 3.131046250000000000e+02 1.787976226806640700e-04 4.091641875000000300e+02 -7.838202667236327500e-05
1.400127856079719400e-03 7.222685624999999200e+02 2.086334500000000200e+01 3.126332499999999800e+02 4.446722000000000300e+00 4.096353125000000000e+02 1.641662300000000100e+01
2.843875048265146300e-03 7.222683124999999800e+02 4.219033799999999700e+01 3.133264687500000000e+02 8.766249999999999400e+00 4.089418437499999800e+02 3.342408799999999800e+01
3.655983081327023000e-03 7.222690625000000200e+02 5.392875899999999900e+01 3.165575000000000000e+02 1.069002300000000000e+01 4.057115625000000100e+02 4.323873600000000300e+01
4.112793794051958700e-03 7.222692812499999500e+02 6.039664700000000200e+01 3.201626562500000000e+02 1.149413099999999900e+01 4.021066250000000100e+02 4.890251599999999900e+01
4.579986487160831100e-03 7.222691562499999200e+02 6.689722899999999600e+01 3.254124062500000000e+02 1.214044900000000000e+01 3.968567499999999800e+02 5.475677999999999900e+01
5.158137238155289000e-03 7.222692812499999500e+02 7.483928699999999900e+01 3.325849375000000200e+02 1.288096299999999900e+01 3.896843437499999800e+02 6.195832399999999800e+01
5.483347510504821100e-03 7.222693750000000800e+02 7.925484899999999300e+01 3.369612500000000100e+02 1.326432499999999900e+01 3.853081250000000200e+02 6.599052399999999400e+01
5.815948580014915900e-03 7.222700624999999900e+02 8.370963600000000300e+01 3.421501562500000100e+02 1.360822800000000000e+01 3.801199062499999900e+02 7.010140800000000600e+01
5.853366083002823800e-03 7.222729062500000100e+02 8.420261299999999900e+01 3.428642187500000200e+02 1.363331700000000000e+01 3.794086874999999800e+02 7.056929599999999400e+01
5.900137961737708300e-03 7.222778749999999900e+02 8.481662699999999700e+01 3.439015312500000100e+02 1.364906700000000100e+01 3.783763437499999900e+02 7.116755999999999500e+01
6.005375135870161800e-03 7.222667187500000000e+02 8.621200300000001000e+01 3.459502499999999800e+02 1.371983500000000000e+01 3.763164687500000100e+02 7.249216800000000700e+01
6.242158665923443400e-03 7.222697812500000500e+02 8.933895900000000300e+01 3.501405624999999900e+02 1.392254299999999900e+01 3.721292187500000100e+02 7.541641599999999800e+01
6.535177960304629700e-03 7.222682187499999600e+02 9.320729399999999000e+01 3.545030625000000000e+02 1.429588599999999900e+01 3.677651562500000200e+02 7.891140799999999400e+01
6.700001453074972200e-03 7.222672187499999800e+02 9.535245399999999400e+01 3.572000312499999900e+02 1.450234200000000100e+01 3.650671874999999900e+02 8.085011199999999600e+01
6.868570629558985700e-03 7.222677812499999800e+02 9.750167899999999600e+01 3.603219687500000000e+02 1.470688700000000000e+01 3.619458124999999900e+02 8.279479200000000100e+01
6.920721900118931100e-03 7.222689374999999900e+02 9.814880800000000200e+01 3.614084374999999900e+02 1.477076800000000000e+01 3.608605000000000000e+02 8.337803999999999900e+01
6.934056176556422300e-03 7.222824062500000100e+02 9.831020900000000000e+01 3.617346562500000000e+02 1.478643300000000100e+01 3.605477500000000100e+02 8.352377599999999800e+01
6.964057851561813300e-03 7.222287812500001100e+02 9.863990900000000300e+01 3.630171562500000300e+02 1.478750100000000100e+01 3.592116250000000300e+02 8.385240799999999700e+01
7.000059772172490300e-03 7.222381562499999700e+02 9.909292499999999400e+01 3.638240312500000200e+02 1.484508499999999900e+01 3.584141250000000100e+02 8.424783999999999700e+01
7.067563876168844700e-03 7.222604375000000800e+02 9.989250400000000200e+01 3.656931875000000200e+02 1.492792000000000000e+01 3.565672500000000000e+02 8.496458400000000200e+01
7.219447774926419400e-03 7.222705312499999800e+02 1.016777599999999900e+02 3.699588125000000200e+02 1.513085600000000000e+01 3.523117187500000100e+02 8.654690399999999800e+01
7.304882440041370100e-03 7.222719062500000300e+02 1.026622140000000100e+02 3.727427812500000100e+02 1.524375000000000000e+01 3.495291250000000200e+02 8.741846400000000000e+01
7.497110213060526200e-03 7.222658437500000400e+02 1.048826600000000000e+02 3.780056875000000200e+02 1.553838000000000000e+01 3.442601562500000200e+02 8.934427999999999800e+01
7.929623149332591700e-03 7.222672812500000000e+02 1.096614110000000000e+02 3.911025937499999800e+02 1.613576300000000100e+01 3.311646875000000100e+02 9.352564800000000400e+01
8.464857215151878200e-03 7.222728437499999900e+02 1.152183040000000000e+02 4.090753437500000000e+02 1.686573599999999800e+01 3.131974999999999900e+02 9.835256800000000500e+01
9.012256260440285400e-03 7.222674999999999300e+02 1.206070940000000000e+02 4.276670312499999800e+02 1.770251000000000000e+01 2.946004687500000000e+02 1.029045840000000000e+02
1.024390411233919900e-02 7.222683593750000500e+02 1.312532960000000100e+02 4.714009062499999900e+02 1.951304800000000100e+01 2.508674531250000000e+02 1.117402479999999900e+02
1.176806840728542400e-02 7.222708750000000500e+02 1.407320540000000100e+02 5.218105312500000500e+02 2.170308599999999900e+01 2.004603437499999900e+02 1.190289680000000100e+02
1.262541071144793400e-02 7.222682499999999700e+02 1.446322220000000100e+02 5.468180625000000000e+02 2.282229399999999900e+01 1.754501875000000000e+02 1.218099280000000000e+02
1.350223861654286700e-02 7.222692187499999400e+02 1.478700780000000100e+02 5.701456250000000000e+02 2.383202199999999800e+01 1.521235937500000000e+02 1.240380560000000000e+02
1.399545397792454300e-02 7.222694843750000500e+02 1.493987740000000000e+02 5.819198125000000300e+02 2.433513400000000000e+01 1.403496718750000100e+02 1.250636400000000100e+02
1.414804186854954300e-02 7.222698750000000700e+02 1.498424400000000100e+02 5.854767500000000400e+02 2.447771200000000000e+01 1.367931250000000000e+02 1.253647280000000000e+02
1.430409831593087600e-02 7.222629531249999700e+02 1.502786700000000100e+02 5.890463125000000000e+02 2.463167000000000000e+01 1.332166406250000000e+02 1.256470000000000100e+02
1.465522532253887500e-02 7.222687265625000900e+02 1.512397740000000100e+02 5.968551250000000400e+02 2.495894200000000000e+01 1.254136015625000100e+02 1.262808320000000000e+02
1.508974519435680800e-02 7.222684453125000300e+02 1.523484680000000000e+02 6.061548125000000500e+02 2.533498799999999900e+01 1.161136328125000000e+02 1.270134800000000000e+02
1.533416223114780400e-02 7.222714375000000500e+02 1.529121079999999900e+02 6.112027500000000400e+02 2.553470799999999800e+01 1.110686875000000000e+02 1.273773999999999900e+02
1.547164759655592400e-02 7.222668515624999400e+02 1.532069060000000000e+02 6.139446249999999700e+02 2.564229800000000000e+01 1.083222265625000100e+02 1.275646080000000100e+02
1.554898210889532300e-02 7.222690312500000100e+02 1.533676660000000100e+02 6.154400000000000500e+02 2.570008199999999800e+01 1.068290312500000000e+02 1.276675840000000100e+02
1.559248388953364500e-02 7.222692734374999200e+02 1.534538959999999900e+02 6.162481249999999600e+02 2.573038400000000100e+01 1.060211484375000000e+02 1.277235120000000000e+02
1.561695330590847800e-02 7.222728750000000000e+02 1.534997119999999900e+02 6.166858750000000100e+02 2.574543200000000100e+01 1.055870000000000000e+02 1.277542799999999900e+02
1.563071668215087700e-02 7.222800781250000500e+02 1.535227539999999900e+02 6.169305000000000500e+02 2.575153800000000000e+01 1.053495781249999900e+02 1.277712160000000000e+02
1.563845835779774400e-02 7.222900468749999200e+02 1.535334680000000000e+02 6.170717499999999500e+02 2.575293200000000100e+01 1.052182968749999900e+02 1.277805360000000000e+02
1.564281372081755300e-02 7.223033984374999400e+02 1.535376080000000100e+02 6.171555624999999700e+02 2.575205600000000000e+01 1.051478359375000100e+02 1.277855520000000000e+02
1.564726741920931600e-02 7.223603203124999900e+02 1.535352360000000000e+02 6.172625624999999400e+02 2.574620399999999900e+01 1.050977578125000100e+02 1.277890320000000100e+02
1.564977407723631600e-02 7.224644218749999700e+02 1.535244580000000100e+02 6.173504375000000000e+02 2.573725000000000000e+01 1.051139843750000000e+02 1.277872080000000100e+02
1.565118295492909700e-02 7.225936015625000000e+02 1.535100520000000000e+02 6.174238749999999500e+02 2.572772399999999800e+01 1.051697265625000000e+02 1.277823280000000100e+02
1.565197500165232300e-02 7.227132500000000200e+02 1.534967480000000000e+02 6.174809999999999900e+02 2.571966799999999900e+01 1.052322499999999900e+02 1.277770800000000000e+02
1.565375934167439300e-02 7.247926562499999400e+02 1.532978000000000000e+02 6.185009999999999800e+02 2.560577599999999900e+01 1.062916562500000000e+02 1.276920240000000000e+02
1.565476236246836400e-02 7.273314531250000500e+02 1.530418420000000000e+02 6.199660000000000100e+02 2.544382600000000100e+01 1.073654531250000000e+02 1.275980160000000000e+02
1.565702050019168700e-02 7.294008828125000700e+02 1.525776459999999900e+02 6.220113125000000300e+02 2.510822999999999900e+01 1.073895703125000000e+02 1.274694160000000000e+02
1.565828992044787300e-02 7.274274218749999400e+02 1.525252740000000000e+02 6.214005624999999800e+02 2.505748200000000000e+01 1.060268593750000000e+02 1.274677920000000000e+02
1.566114700998221300e-02 7.228860234374999400e+02 1.526570759999999900e+02 6.193669999999999600e+02 2.511653199999999900e+01 1.035190234375000000e+02 1.275405440000000000e+02
1.566757456747655200e-02 7.227081484374999700e+02 1.528848400000000000e+02 6.196845624999999700e+02 2.518488000000000000e+01 1.030235859375000000e+02 1.276999600000000000e+02
1.568203880673363000e-02 7.209637421874999700e+02 1.530727220000000000e+02 6.195444999999999700e+02 2.524417800000000200e+01 1.014192421875000000e+02 1.278285439999999900e+02
1.571458066318828100e-02 7.215286796875000200e+02 1.532797880000000000e+02 6.207776874999999600e+02 2.533640400000000200e+01 1.007509921875000000e+02 1.279433839999999900e+02
1.578780296906398900e-02 7.224102812500000300e+02 1.534783940000000100e+02 6.225077499999999900e+02 2.543469800000000100e+01 9.990253124999999600e+01 1.280436960000000100e+02
1.595255226332639700e-02 7.222604453125000000e+02 1.537819820000000300e+02 6.254237500000000400e+02 2.554897400000000100e+01 9.683669531249999800e+01 1.282330080000000100e+02
1.632323728145889900e-02 7.222701250000000100e+02 1.544914700000000200e+02 6.321838125000000400e+02 2.584243000000000000e+01 9.008631250000000500e+01 1.286490400000000100e+02
1.715727678434116700e-02 7.222691171875000000e+02 1.560183540000000200e+02 6.466518750000000200e+02 2.659999399999999900e+01 7.561724218749999700e+01 1.294183600000000100e+02
1.903386968863694400e-02 7.222691367187499100e+02 1.589505160000000200e+02 6.776582499999999500e+02 2.801661199999999900e+01 4.461088671875000200e+01 1.309339040000000100e+02
2.008945163287694300e-02 7.222689550781249200e+02 1.602643420000000000e+02 6.932302499999999600e+02 2.867107000000000000e+01 2.903870507812499800e+01 1.315932720000000100e+02
2.246451368929073400e-02 7.222686098632812000e+02 1.628165839999999800e+02 7.246901249999999700e+02 2.988394400000000000e+01 -2.421515136718750000e+00 1.329326399999999900e+02
2.540365247007698300e-02 7.222684179687499900e+02 1.654049059999999800e+02 7.577119374999999800e+02 3.108122600000000100e+01 -3.544351953124999700e+01 1.343236800000000000e+02
2.615513674632681500e-02 7.222692578124999700e+02 1.659724180000000000e+02 7.651684374999999800e+02 3.134731400000000100e+01 -4.289917968750000200e+01 1.346251039999999900e+02
2.638762659645724200e-02 7.222693320312499700e+02 1.661339540000000200e+02 7.672553124999999500e+02 3.142293000000000100e+01 -4.498598046875000000e+01 1.347110240000000100e+02
2.640248775303386300e-02 7.222722031250000300e+02 1.661436620000000100e+02 7.673794374999999900e+02 3.142743799999999900e+01 -4.510723437499999700e+01 1.347162240000000100e+02
2.642087825550584400e-02 7.222829375000000000e+02 1.661541939999999900e+02 7.675176249999999500e+02 3.143243400000000100e+01 -4.523468750000000000e+01 1.347217599999999900e+02
2.642558047420128600e-02 7.222927304687500500e+02 1.661566159999999900e+02 7.675508750000000200e+02 3.143360800000000000e+01 -4.525814453124999700e+01 1.347230079999999900e+02
2.642822480174902500e-02 7.223036953124999400e+02 1.661578620000000200e+02 7.675684999999999700e+02 3.143419799999999900e+01 -4.526480468750000300e+01 1.347236640000000100e+02
2.642971234773937300e-02 7.223139687499999600e+02 1.661585180000000200e+02 7.675779999999999700e+02 3.143447000000000100e+01 -4.526403125000000200e+01 1.347240480000000100e+02
2.643155390106876500e-02 7.223785078124999500e+02 1.661568739999999900e+02 7.675968749999999500e+02 3.143420199999999900e+01 -4.521836718750000000e+01 1.347226719999999900e+02
2.643343657646279200e-02 7.226394531250000500e+02 1.661414820000000000e+02 7.676318750000000400e+02 3.143207400000000000e+01 -4.499242187499999800e+01 1.347094080000000000e+02
2.643449502264823300e-02 7.228474414062499100e+02 1.661273500000000100e+02 7.676554999999999600e+02 3.142973400000000000e+01 -4.480805859374999800e+01 1.346976160000000100e+02
2.643687831448132000e-02 7.236229218749999700e+02 1.660592940000000200e+02 7.677271250000000000e+02 3.141719799999999900e+01 -4.410420312499999800e+01 1.346420960000000100e+02
2.644224027412680700e-02 7.243036328125000400e+02 1.658914839999999900e+02 7.677238750000000200e+02 3.137886000000000000e+01 -4.342024218750000100e+01 1.345126239999999900e+02
2.645430513030811600e-02 7.224164843750001000e+02 1.659364459999999900e+02 7.672373750000000400e+02 3.138092599999999900e+01 -4.482089062499999700e+01 1.345555200000000000e+02
2.648145105671605900e-02 7.215116289062500500e+02 1.660565980000000100e+02 7.673310625000000300e+02 3.140978200000000000e+01 -4.581943359374999900e+01 1.346468160000000000e+02
2.654252805019703300e-02 7.223026054687500200e+02 1.661279400000000000e+02 7.681924374999999800e+02 3.144875599999999900e+01 -4.588983203125000200e+01 1.346791839999999900e+02
2.667994905063441800e-02 7.222780273437499500e+02 1.662258520000000000e+02 7.691844374999999400e+02 3.149852400000000000e+01 -4.690641015624999700e+01 1.347273280000000000e+02
2.698914943047127700e-02 7.222683867187500900e+02 1.664456500000000000e+02 7.717837500000000500e+02 3.159888200000000000e+01 -4.951536328125000400e+01 1.348467680000000000e+02
2.768485073208317200e-02 7.222680039062499900e+02 1.668943199999999900e+02 7.773764999999999600e+02 3.181121600000000200e+01 -5.510849609374999900e+01 1.350831039999999900e+02
2.925018000164682900e-02 7.222686484375000200e+02 1.678497879999999900e+02 7.889413124999999800e+02 3.223497199999999900e+01 -6.667266406250000400e+01 1.356148159999999900e+02
3.013067671007371700e-02 7.222685624999999200e+02 1.683572020000000000e+02 7.950784999999999600e+02 3.245393800000000100e+01 -7.280993750000000400e+01 1.359032640000000100e+02
3.122028984467456800e-02 7.222681562499999500e+02 1.689461479999999900e+02 8.021718750000000000e+02 3.270240400000000100e+01 -7.990371874999999600e+01 1.362437439999999900e+02
3.137351780917522300e-02 7.222680546875000100e+02 1.690227999999999900e+02 8.030924999999999700e+02 3.273398400000000000e+01 -8.082444531250000400e+01 1.362888160000000000e+02
3.145970965665424700e-02 7.222684140625000300e+02 1.690613779999999900e+02 8.035746874999999800e+02 3.274886600000000000e+01 -8.130627343749999600e+01 1.363125120000000000e+02
3.148174750746794000e-02 7.222684296874999700e+02 1.690697660000000200e+02 8.036880625000000000e+02 3.275182999999999800e+01 -8.141963281249999800e+01 1.363179360000000000e+02
3.149414134016634300e-02 7.222690781249999600e+02 1.690735679999999900e+02 8.037469374999999400e+02 3.275297599999999700e+01 -8.147785937499999400e+01 1.363205920000000000e+02
3.150948165819177100e-02 7.222802578124999400e+02 1.690733520000000000e+02 8.038116874999999500e+02 3.275130399999999800e+01 -8.153142968749999400e+01 1.363220480000000000e+02
3.151340434557496600e-02 7.222917499999999800e+02 1.690716360000000100e+02 8.038298750000000200e+02 3.274985999999999800e+01 -8.153812499999999400e+01 1.363217760000000000e+02
3.151561063373853300e-02 7.223119062499999900e+02 1.690690879999999900e+02 8.038408124999999700e+02 3.274855999999999800e+01 -8.152890625000000600e+01 1.363205280000000000e+02
3.151833899333140300e-02 7.223667187500000200e+02 1.690617179999999800e+02 8.038536874999999800e+02 3.274563800000000000e+01 -8.148696875000000300e+01 1.363160800000000000e+02
3.152113171789500800e-02 7.227664218749999900e+02 1.690202760000000200e+02 8.038766875000000000e+02 3.273459600000000300e+01 -8.111026562499999700e+01 1.362856800000000100e+02
3.152458954715621500e-02 7.237106484374999100e+02 1.688876400000000000e+02 8.038569374999999600e+02 3.269237600000000300e+01 -8.014628906250000300e+01 1.361952640000000100e+02
3.152812246888328500e-02 7.231501484374999800e+02 1.688777440000000100e+02 8.036495625000000000e+02 3.267859200000000200e+01 -8.049941406249999400e+01 1.361991520000000000e+02
3.153607154276919000e-02 7.224707812500000700e+02 1.689474960000000000e+02 8.035783125000000400e+02 3.269530400000000000e+01 -8.110753124999999400e+01 1.362521920000000100e+02
3.155396500463381700e-02 7.218953515624999700e+02 1.689966440000000000e+02 8.035858749999999900e+02 3.269977999999999700e+01 -8.169052343750000500e+01 1.362968640000000000e+02
3.159421814216582800e-02 7.220788125000000300e+02 1.690411580000000000e+02 8.039913125000000500e+02 3.270981400000000100e+01 -8.191249999999999400e+01 1.363313440000000000e+02
3.168478680765490100e-02 7.223151406250000300e+02 1.690823920000000000e+02 8.045107500000000300e+02 3.272955999999999900e+01 -8.219560937500000400e+01 1.363528320000000100e+02
3.188857345666874800e-02 7.222685390624999400e+02 1.691820600000000100e+02 8.054479374999999700e+02 3.278108400000000000e+01 -8.317939843749999800e+01 1.364009760000000100e+02
3.234708805320233400e-02 7.222689374999999900e+02 1.694227940000000100e+02 8.081360624999999800e+02 3.288034600000000300e+01 -8.586712500000000100e+01 1.365424480000000100e+02
3.260500206677351800e-02 7.222685078125000500e+02 1.695577540000000200e+02 8.096646250000000000e+02 3.293514600000000300e+01 -8.739611718749999600e+01 1.366226080000000100e+02
3.318530949126659300e-02 7.222686484375000200e+02 1.698354759999999700e+02 8.128538750000000200e+02 3.303707599999999900e+01 -9.058522656249999700e+01 1.367983999999999900e+02
3.390344019726416300e-02 7.222677734374999500e+02 1.701913720000000000e+02 8.168839375000000000e+02 3.316801199999999700e+01 -9.461616406250000500e+01 1.370233600000000000e+02
3.463789099917502500e-02 7.222685468749999700e+02 1.705266440000000000e+02 8.205830624999999800e+02 3.329131600000000200e+01 -9.831451562499999900e+01 1.372353280000000100e+02
3.629040798534826500e-02 7.222685546875000000e+02 1.712781920000000200e+02 8.286273125000000200e+02 3.356876799999999900e+01 -1.063587578125000000e+02 1.377094240000000100e+02
3.833539753224816900e-02 7.222682734375000600e+02 1.720940239999999900e+02 8.371383750000000000e+02 3.382445599999999800e+01 -1.148701015625000000e+02 1.382695679999999900e+02
4.042686573968293200e-02 7.222686015624999500e+02 1.729385039999999900e+02 8.455918749999999600e+02 3.410251999999999800e+01 -1.233232734375000100e+02 1.388359840000000000e+02
4.160331437147016900e-02 7.222686953124999700e+02 1.733880960000000200e+02 8.498978750000000000e+02 3.423767999999999700e+01 -1.276291796875000000e+02 1.391504160000000100e+02
4.226506851476634400e-02 7.222685468749999700e+02 1.736409160000000000e+02 8.522694374999999800e+02 3.432330000000000300e+01 -1.300008906250000100e+02 1.393176159999999900e+02
4.375401265530895500e-02 7.222685781250000900e+02 1.741962199999999800e+02 8.575705625000000500e+02 3.451972399999999700e+01 -1.353019843749999900e+02 1.396764959999999900e+02
4.559658152090730100e-02 7.222689218750000500e+02 1.748587039999999900e+02 8.638378750000000500e+02 3.474633599999999900e+01 -1.415689531250000100e+02 1.401123680000000000e+02
4.663302561384843900e-02 7.222683749999999900e+02 1.752145480000000100e+02 8.670216874999999800e+02 3.487051600000000200e+01 -1.447533124999999900e+02 1.403440320000000000e+02
4.721602563961731200e-02 7.222684218750000600e+02 1.754111920000000000e+02 8.687618750000000300e+02 3.494082399999999900e+01 -1.464934531250000000e+02 1.404703680000000100e+02
4.754396516551764200e-02 7.222682499999999700e+02 1.755203320000000000e+02 8.697186249999999700e+02 3.498046000000000100e+01 -1.474503750000000100e+02 1.405398720000000000e+02
4.762781126739650700e-02 7.222691250000000300e+02 1.755480079999999800e+02 8.699615625000000100e+02 3.499083999999999900e+01 -1.476924375000000100e+02 1.405571679999999900e+02
4.767497648761922400e-02 7.222704374999999600e+02 1.755633440000000000e+02 8.700953749999999900e+02 3.499673599999999900e+01 -1.478249375000000000e+02 1.405666080000000000e+02
4.773334121275001800e-02 7.222593124999999600e+02 1.755786600000000100e+02 8.702282500000000000e+02 3.500373199999999900e+01 -1.479689375000000100e+02 1.405749280000000000e+02
4.779303257144432200e-02 7.222609218750000100e+02 1.755987639999999900e+02 8.703988749999999800e+02 3.501071600000000200e+01 -1.481379531250000000e+02 1.405880479999999900e+02
4.792734081038027600e-02 7.222699687500000900e+02 1.756446200000000000e+02 8.707920000000000300e+02 3.502697200000000100e+01 -1.485220312500000000e+02 1.406176480000000000e+02
4.809354904397936800e-02 7.222711875000000000e+02 1.756979680000000000e+02 8.712444375000000000e+02 3.504636800000000100e+01 -1.489732500000000100e+02 1.406516000000000000e+02
4.811692068001997800e-02 7.222773593749999500e+02 1.757048720000000200e+02 8.713034999999999900e+02 3.504914399999999800e+01 -1.490261406250000100e+02 1.406557280000000100e+02
4.812289589480331400e-02 7.222814843749999900e+02 1.757066399999999900e+02 8.713190624999999700e+02 3.504992000000000000e+01 -1.490375781250000100e+02 1.406567200000000100e+02
4.813634102202373600e-02 7.223193593749999800e+02 1.757102200000000200e+02 8.713573750000000500e+02 3.505202800000000000e+01 -1.490380156250000100e+02 1.406581920000000100e+02
4.816659613410140300e-02 7.222556718749999600e+02 1.757154199999999900e+02 8.713888749999999800e+02 3.505439599999999700e+01 -1.491332031249999900e+02 1.406610240000000000e+02
4.823466566648651500e-02 7.222582343750000300e+02 1.757353000000000000e+02 8.715549375000000500e+02 3.506197199999999700e+01 -1.492967031249999900e+02 1.406733280000000000e+02
4.838782211435301700e-02 7.222693593750000200e+02 1.757878440000000100e+02 8.719826875000000000e+02 3.507918800000000200e+01 -1.497133281250000000e+02 1.407086559999999900e+02
4.857735549818052000e-02 7.222688281250000300e+02 1.758513480000000000e+02 8.725067500000000100e+02 3.510069200000000200e+01 -1.502379218750000100e+02 1.407506559999999900e+02
4.868396892054142200e-02 7.222689218749999300e+02 1.758863400000000200e+02 8.727983749999999600e+02 3.511288400000000100e+01 -1.505294531250000000e+02 1.407734560000000100e+02
4.874393919410891600e-02 7.222695781249999500e+02 1.759056680000000200e+02 8.729589999999999500e+02 3.511979600000000100e+01 -1.506894218749999900e+02 1.407858720000000100e+02
4.880526828372527800e-02 7.222734062499999900e+02 1.759241800000000100e+02 8.731103124999999600e+02 3.512672400000000300e+01 -1.508369062500000000e+02 1.407974560000000100e+02
4.894326678098343700e-02 7.222654062500000700e+02 1.759673760000000000e+02 8.734604375000000100e+02 3.514180799999999700e+01 -1.511950312500000000e+02 1.408255680000000000e+02
4.925376339981428500e-02 7.222684218749999400e+02 1.760692479999999900e+02 8.743045624999999700e+02 3.517683199999999700e+01 -1.520361406250000000e+02 1.408924160000000000e+02
4.995237364052027700e-02 7.222686875000000600e+02 1.762963479999999900e+02 8.761944375000000500e+02 3.525426800000000300e+01 -1.539257499999999900e+02 1.410420800000000000e+02
5.034534324185429400e-02 7.222692968750000100e+02 1.764145680000000000e+02 8.771285625000000400e+02 3.529455200000000300e+01 -1.548592656250000100e+02 1.411200159999999900e+02
5.122952484485581600e-02 7.222686093750001000e+02 1.767044400000000100e+02 8.795068750000000400e+02 3.539415199999999800e+01 -1.572382656250000000e+02 1.413102880000000100e+02
5.321893523952511700e-02 7.222686718750000000e+02 1.773313440000000000e+02 8.843762500000000300e+02 3.559388800000000000e+01 -1.621075781250000000e+02 1.417374560000000100e+02
5.433797746907918800e-02 7.222686249999999300e+02 1.776817880000000100e+02 8.870959374999999900e+02 3.570812399999999800e+01 -1.648273125000000100e+02 1.419736640000000100e+02
5.685582427349169400e-02 7.222686093750001000e+02 1.784515680000000100e+02 8.926252500000000500e+02 3.596358399999999700e+01 -1.703566406250000100e+02 1.424879840000000100e+02
5.997165741435946100e-02 7.222683437499999900e+02 1.793313079999999800e+02 8.980045625000000200e+02 3.620761199999999700e+01 -1.757362187500000100e+02 1.431236960000000000e+02
6.315830632636375300e-02 7.222685937499999200e+02 1.802152800000000100e+02 9.025539374999999600e+02 3.644299199999999700e+01 -1.802853437500000100e+02 1.437722880000000000e+02
6.701971825741631600e-02 7.222683593750000500e+02 1.812447560000000200e+02 9.068999999999999800e+02 3.670398800000000300e+01 -1.846316406249999900e+02 1.445407680000000100e+02
7.000000234574560400e-02 7.222685312500000200e+02 1.820160119999999900e+02 9.096202500000000600e+02 3.688769200000000100e+01 -1.873517187500000000e+02 1.451283200000000000e+02
