0.000000000000000000e+00 0.000000000000000000e+00 0.000000000000000000e+00 0.000000000000000000e+00 0.000000000000000000e+00 0.000000000000000000e+00 0.000000000000000000e+00
-1.204331353983406800e-08 6.902659375000000600e+02 -1.091394042968750200e-05 5.012537187500000200e+02 -4.185399169921874800e-04 1.890122187499999900e+02 4.076259765624999800e-04
1.399988237987746500e-03 6.902656093749999400e+02 2.160633299999999900e+01 5.013983437499999800e+02 1.248321700000000000e+01 1.888672656249999900e+02 9.123115999999999600e+00
2.548425832005844000e-03 6.902573125000000100e+02 3.899672700000000000e+01 5.009144687500000300e+02 2.234632800000000000e+01 1.893428437499999900e+02 1.665039900000000000e+01
2.640711015242520800e-03 6.902664062500000500e+02 4.034075000000000000e+01 5.008242187500000000e+02 2.306813800000000100e+01 1.894421874999999900e+02 1.727261199999999900e+01
2.692621555499575200e-03 6.902664531250000000e+02 4.109145000000000200e+01 5.007815937500000100e+02 2.346651400000000000e+01 1.894848593750000100e+02 1.762493600000000200e+01
2.721821030361837700e-03 6.902666874999999900e+02 4.151095000000000100e+01 5.007643749999999700e+02 2.368687800000000000e+01 1.895023124999999900e+02 1.782407200000000100e+01
2.787520166185554000e-03 6.902675937500000600e+02 4.244786200000000100e+01 5.007566875000000000e+02 2.417075200000000000e+01 1.895109062500000100e+02 1.827711000000000000e+01
2.824475952756653000e-03 6.902664687499999400e+02 4.297228599999999700e+01 5.007627187499999800e+02 2.443815199999999900e+01 1.895037500000000000e+02 1.853413400000000200e+01
2.907626472541626900e-03 6.902665156250000100e+02 4.414239800000000000e+01 5.008194062499999900e+02 2.502361000000000100e+01 1.894471093750000000e+02 1.911878799999999900e+01
2.954398481228861900e-03 6.902667656250000600e+02 4.479388399999999800e+01 5.008674687500000000e+02 2.534412199999999900e+01 1.893992968750000000e+02 1.944976200000000000e+01
2.980707770120820400e-03 6.902805000000000700e+02 4.514770800000000200e+01 5.009423750000000300e+02 2.550916200000000000e+01 1.893381249999999900e+02 1.963854600000000200e+01
3.039903806149279800e-03 6.902692968750000100e+02 4.594867000000000000e+01 5.011184375000000300e+02 2.587574599999999900e+01 1.891508593750000100e+02 2.007292400000000000e+01
3.073201701101712100e-03 6.902803906250000000e+02 4.638607799999999800e+01 5.012823437500000000e+02 2.606343599999999900e+01 1.889980468750000000e+02 2.032264199999999800e+01
3.114407526454696300e-03 6.906095156249999700e+02 4.676206200000000000e+01 5.022829062500000000e+02 2.609107800000000000e+01 1.883266093750000000e+02 2.067098400000000100e+01
3.156549905544543700e-03 6.901523124999999900e+02 4.731696399999999900e+01 5.027169062500000200e+02 2.623838599999999800e+01 1.874354062500000000e+02 2.107857800000000000e+01
3.251370349177736600e-03 6.902726562499999500e+02 4.846770600000000000e+01 5.044089374999999800e+02 2.654069399999999800e+01 1.858637187500000000e+02 2.192701200000000100e+01
3.304706758040372400e-03 6.902442968750000300e+02 4.916684800000000200e+01 5.048161250000000000e+02 2.682302599999999900e+01 1.854281718750000000e+02 2.234382199999999900e+01
3.424714040705444400e-03 6.902831562500000500e+02 5.060511400000000000e+01 5.062556562500000200e+02 2.731611799999999900e+01 1.840275000000000000e+02 2.328899600000000100e+01
3.694730245339785200e-03 6.902606093750000600e+02 5.381832000000000000e+01 5.106253125000000100e+02 2.826315000000000000e+01 1.796352968749999900e+02 2.555517000000000000e+01
4.028875352983403300e-03 6.902679375000000200e+02 5.776581000000000200e+01 5.157230312499999600e+02 2.950645000000000100e+01 1.745449062500000000e+02 2.825936000000000100e+01
4.114309946695963800e-03 6.902712812500000200e+02 5.873554599999999900e+01 5.173018124999999800e+02 2.977724800000000000e+01 1.729694687500000000e+02 2.895829799999999900e+01
4.306538507997509000e-03 6.902791562499999100e+02 6.078707799999999400e+01 5.218011562499999600e+02 3.032307399999999800e+01 1.684780000000000100e+02 3.046400399999999900e+01
4.414666937708075500e-03 6.902623281249999500e+02 6.199116800000000200e+01 5.238475312499999700e+02 3.068142400000000000e+01 1.664147968750000100e+02 3.130974399999999800e+01
4.657955813875812300e-03 6.902679531250000800e+02 6.469916000000000600e+01 5.284276250000000300e+02 3.147535600000000100e+01 1.618403281250000100e+02 3.322380400000000100e+01
5.205355875934256600e-03 6.902676093749998900e+02 7.056585599999999700e+01 5.394433749999999500e+02 3.310926800000000000e+01 1.508242343750000000e+02 3.745658800000000400e+01
5.513268410842132000e-03 6.902650937500000100e+02 7.375888000000000500e+01 5.463434375000000500e+02 3.391287599999999700e+01 1.439216562500000100e+02 3.984600400000000100e+01
6.206071523703815200e-03 6.902663828124999600e+02 8.075503200000000000e+01 5.616939999999999600e+02 3.576518399999999800e+01 1.285723828125000000e+02 4.498984800000000200e+01
7.764879253090888200e-03 6.902650000000001000e+02 9.467210400000000400e+01 6.089461250000000500e+02 4.021481200000000200e+01 8.131887500000000600e+01 5.445729200000000200e+01
9.518537313884096300e-03 6.902682441406250300e+02 1.067594599999999900e+02 6.673116250000000500e+02 4.499716399999999800e+01 2.295661914062500100e+01 6.176229599999999900e+01
1.039536706972898400e-02 6.902673699951171800e+02 1.111338079999999900e+02 6.915433124999999600e+02 4.735428799999999700e+01 -1.275942504882812600e+00 6.377951999999999800e+01
1.148044255957581000e-02 6.902669003906249800e+02 1.154548880000000100e+02 7.177717500000000000e+02 4.990719200000000200e+01 -2.750484960937500000e+01 6.554769600000000200e+01
1.259017966389565400e-02 6.902674570312500500e+02 1.188329320000000000e+02 7.418191875000000000e+02 5.201509999999999700e+01 -5.155173046875000200e+01 6.681783199999999600e+01
1.396347938490008300e-02 6.902665937499999700e+02 1.220636839999999900e+02 7.643201874999999700e+02 5.418359600000000100e+01 -7.405359375000000500e+01 6.788008800000000100e+01
1.415659952214477800e-02 6.902637500000000700e+02 1.224303319999999900e+02 7.670074375000000400e+02 5.445349199999999700e+01 -7.674368749999999300e+01 6.797683999999999600e+01
1.426522959934491700e-02 6.902650312499999900e+02 1.226301400000000000e+02 7.684901250000000300e+02 5.460227600000000300e+01 -7.822509374999999900e+01 6.802786399999999400e+01
1.432633410845103200e-02 6.902662109374999800e+02 1.227363680000000000e+02 7.692750624999999900e+02 5.468127200000000000e+01 -7.900885156249999900e+01 6.805509600000000600e+01
1.434195736273227700e-02 6.902629375000000200e+02 1.227632960000000000e+02 7.694728125000000300e+02 5.470127999999999700e+01 -7.920987499999999700e+01 6.806201600000000000e+01
1.435074544326547800e-02 6.902839609374999600e+02 1.227794720000000000e+02 7.695974999999999700e+02 5.471347999999999700e+01 -7.931353906249999900e+01 6.806599199999999400e+01
1.436162136396497600e-02 6.903582578125000300e+02 1.227995799999999900e+02 7.697775625000000400e+02 5.472971600000000300e+01 -7.941930468750000200e+01 6.806986399999999500e+01
1.436773834391016000e-02 6.904649921875000000e+02 1.228116200000000000e+02 7.699309375000000300e+02 5.474075599999999800e+01 -7.946594531249999700e+01 6.807086400000000000e+01
1.437117841968104000e-02 6.909124609374999900e+02 1.228076399999999900e+02 7.703458749999999800e+02 5.474444799999999800e+01 -7.943341406250000600e+01 6.806319200000000100e+01
1.437311391570734000e-02 6.916117890624999500e+02 1.227810200000000100e+02 7.709318749999999900e+02 5.473995599999999900e+01 -7.932008593749999600e+01 6.804106400000000600e+01
1.437509438952735100e-02 6.931233359374999700e+02 1.227032280000000000e+02 7.721805624999999500e+02 5.472014000000000100e+01 -7.905722656250000600e+01 6.798308799999999500e+01
1.437954864200166600e-02 6.969926093749999200e+02 1.223748799999999900e+02 7.757564374999999500e+02 5.458027200000000100e+01 -7.876382812500000300e+01 6.779460799999999700e+01
1.438956998462059000e-02 6.920320078124999600e+02 1.219521759999999900e+02 7.721640625000000000e+02 5.426355999999999800e+01 -8.013205468750000200e+01 6.768861599999999600e+01
1.441211836823730900e-02 6.883861640624999200e+02 1.221367479999999800e+02 7.698669999999999600e+02 5.436224399999999700e+01 -8.148083593750000400e+01 6.777450399999999300e+01
1.446285186865078400e-02 6.897567578125000400e+02 1.226235760000000000e+02 7.717122500000000400e+02 5.471992000000000200e+01 -8.195549218749999900e+01 6.790365599999999800e+01
1.457700260730524600e-02 6.903433046874999900e+02 1.228831040000000000e+02 7.732208749999999800e+02 5.495519199999999700e+01 -8.287757031249999800e+01 6.792791200000000600e+01
1.483384322017435900e-02 6.902681171875000200e+02 1.233511080000000000e+02 7.759525625000000000e+02 5.524328400000000300e+01 -8.568444531250000300e+01 6.810782399999999400e+01
1.541173387368157400e-02 6.902657578124999400e+02 1.242994720000000100e+02 7.834026874999999600e+02 5.594716799999999800e+01 -9.313692968750000000e+01 6.835230400000000400e+01
1.671198675590037900e-02 6.902657421875000000e+02 1.260617280000000000e+02 7.976438749999999800e+02 5.725603999999999900e+01 -1.073781328125000000e+02 6.880568800000000400e+01
1.832104991528063800e-02 6.902648906250000200e+02 1.276248480000000000e+02 8.106461875000000000e+02 5.846785599999999800e+01 -1.203812968750000000e+02 6.915699200000000200e+01
1.899473166222734000e-02 6.902628046874999700e+02 1.281777679999999900e+02 8.155980624999999700e+02 5.886887999999999700e+01 -1.253352578125000000e+02 6.930888799999999600e+01
1.902655127493554900e-02 6.902607578125000600e+02 1.282028159999999800e+02 8.158310000000000200e+02 5.888589600000000200e+01 -1.255702421875000000e+02 6.931691999999999600e+01
1.903468645201160400e-02 6.902632499999999700e+02 1.282090999999999800e+02 8.158953749999999400e+02 5.888989999999999700e+01 -1.256321250000000000e+02 6.931919999999999500e+01
1.904475567421738300e-02 6.902812343749999400e+02 1.282148520000000100e+02 8.160033124999999900e+02 5.889134000000000000e+01 -1.257220781250000000e+02 6.932351199999999400e+01
1.905041852353570700e-02 6.903323437499999500e+02 1.282122120000000200e+02 8.161203749999999700e+02 5.888486000000000300e+01 -1.257880312500000000e+02 6.932735200000000500e+01
1.905621050264888800e-02 6.905664921874999900e+02 1.281819040000000000e+02 8.164661875000000500e+02 5.884778399999999700e+01 -1.258996953125000000e+02 6.933411999999999900e+01
1.906924245565354300e-02 6.912223515624999700e+02 1.279354759999999900e+02 8.178609999999999900e+02 5.856725200000000300e+01 -1.266386484375000000e+02 6.936822399999999800e+01
1.909856362446573500e-02 6.902364062500000700e+02 1.279025200000000100e+02 8.181341250000000400e+02 5.846581599999999700e+01 -1.278977187500000000e+02 6.943670400000000600e+01
1.916453879336216900e-02 6.899871093750000500e+02 1.280574399999999900e+02 8.193146249999999800e+02 5.852101600000000300e+01 -1.293275156249999900e+02 6.953642399999999700e+01
1.931298002158599700e-02 6.902886562500000300e+02 1.282830920000000100e+02 8.211706249999999700e+02 5.863179600000000100e+01 -1.308819687500000000e+02 6.965129600000000200e+01
1.939647766837568700e-02 6.902787187499999400e+02 1.283466200000000000e+02 8.219651249999999400e+02 5.865444399999999800e+01 -1.316864062500000000e+02 6.969217600000000300e+01
1.942231088183014200e-02 6.904321406249999900e+02 1.283259200000000000e+02 8.225296875000000200e+02 5.861148800000000100e+01 -1.320975468750000100e+02 6.971443200000000200e+01
1.944873025749946000e-02 6.906627187499999500e+02 1.282250679999999900e+02 8.235863124999999600e+02 5.846934799999999700e+01 -1.329235937500000100e+02 6.975571999999999700e+01
1.950817349003128000e-02 6.901460312499999600e+02 1.282611919999999900e+02 8.245221874999999700e+02 5.842316000000000300e+01 -1.343761562500000100e+02 6.983803199999999800e+01
1.964192148867615500e-02 6.902018437500000800e+02 1.283151880000000100e+02 8.276208125000000600e+02 5.830041200000000100e+01 -1.374189687500000000e+02 7.001477599999999800e+01
1.994285629924784000e-02 6.902475625000000700e+02 1.285105240000000000e+02 8.318490000000000500e+02 5.826751600000000100e+01 -1.416014375000000000e+02 7.024300800000000300e+01
2.061995635851685000e-02 6.902632499999999700e+02 1.290443440000000000e+02 8.382293124999999900e+02 5.849510399999999800e+01 -1.479660624999999900e+02 7.054923999999999800e+01
2.100082541389877400e-02 6.902662187500000100e+02 1.293187680000000100e+02 8.409381250000000100e+02 5.863732000000000300e+01 -1.506719062500000100e+02 7.068144800000000300e+01
2.121506480163732100e-02 6.902651406249999600e+02 1.294593559999999900e+02 8.423879375000000200e+02 5.870511599999999700e+01 -1.521227968750000100e+02 7.075423999999999600e+01
2.142595697098555900e-02 6.902669531249999900e+02 1.295830880000000000e+02 8.437237500000000000e+02 5.876165600000000200e+01 -1.534567968750000100e+02 7.082143200000000100e+01
2.146323920928523400e-02 6.902670781250000100e+02 1.296035760000000000e+02 8.439553750000000000e+02 5.877059200000000100e+01 -1.536882968749999900e+02 7.083298399999999600e+01
2.150136877118262800e-02 6.902685156249999600e+02 1.296230119999999900e+02 8.441839999999999700e+02 5.877846799999999700e+01 -1.539154843750000100e+02 7.084454399999999900e+01
2.151316601120498900e-02 6.902700312499999900e+02 1.296280400000000000e+02 8.442503749999999600e+02 5.878018399999999800e+01 -1.539803437500000000e+02 7.084785599999999300e+01
2.152523021619649800e-02 6.902872187499999700e+02 1.296230160000000100e+02 8.442779375000000100e+02 5.877685600000000200e+01 -1.539907187500000100e+02 7.084615999999999800e+01
2.153201605946111400e-02 6.933795937500000300e+02 1.291791480000000000e+02 8.452160625000000200e+02 5.856716399999999800e+01 -1.518364687499999900e+02 7.061198400000000700e+01
2.153583336834056400e-02 6.930371718750000100e+02 1.289569080000000000e+02 8.446318750000000400e+02 5.840396400000000200e+01 -1.515947031250000000e+02 7.055294399999999700e+01
2.154442267604347900e-02 6.905727500000000400e+02 1.290155200000000100e+02 8.429340624999999800e+02 5.841944000000000200e+01 -1.523613125000000000e+02 7.059608000000000100e+01
2.156374716747846300e-02 6.899329687499999900e+02 1.291687800000000000e+02 8.428223749999999700e+02 5.850948400000000000e+01 -1.528894062500000100e+02 7.065929599999999800e+01
2.160722908682789400e-02 6.896304531250000300e+02 1.292758200000000100e+02 8.429201249999999800e+02 5.856094000000000200e+01 -1.532896718750000100e+02 7.071487999999999400e+01
2.166103703707624600e-02 6.903288906249999900e+02 1.293539559999999800e+02 8.436964375000000000e+02 5.859694799999999800e+01 -1.533675468749999900e+02 7.075700799999999900e+01
2.169130419045301300e-02 6.905163593750000900e+02 1.293385000000000100e+02 8.439962500000000300e+02 5.856713200000000100e+01 -1.534798906250000000e+02 7.077136799999999500e+01
2.172225906880464700e-02 6.907418281249999800e+02 1.289735079999999800e+02 8.440773749999999600e+02 5.827072400000000100e+01 -1.533355468750000100e+02 7.070278399999999400e+01
2.179190790781995700e-02 6.900189062499999900e+02 1.289950160000000200e+02 8.438938749999999800e+02 5.824320000000000200e+01 -1.538749687499999900e+02 7.075181600000000500e+01
2.194861779560441200e-02 6.902737343750000000e+02 1.290819599999999800e+02 8.447875000000000200e+02 5.824626399999999600e+01 -1.545137656249999900e+02 7.083569599999999900e+01
2.230121468039529900e-02 6.902734062499999900e+02 1.293240880000000200e+02 8.456761249999999600e+02 5.838967999999999800e+01 -1.554027187499999900e+02 7.093440800000000500e+01
2.264830251090442900e-02 6.902687656250000100e+02 1.295325159999999900e+02 8.465246250000000100e+02 5.852121199999999800e+01 -1.562558593750000000e+02 7.101130399999999600e+01
2.270966382870368700e-02 6.902721093749999000e+02 1.295607719999999900e+02 8.467285624999999500e+02 5.853446799999999700e+01 -1.564564531250000000e+02 7.102630399999999600e+01
2.277241800721152900e-02 6.903023437499999800e+02 1.295361719999999900e+02 8.469674374999999600e+02 5.850103599999999900e+01 -1.566650937500000100e+02 7.103513599999999400e+01
2.285007724619775000e-02 6.902602500000000400e+02 1.295587400000000000e+02 8.471361875000000100e+02 5.850768399999999800e+01 -1.568759374999999900e+02 7.105105600000000300e+01
2.292950077541484200e-02 6.902822343750000300e+02 1.294982880000000000e+02 8.474733125000000200e+02 5.843626400000000100e+01 -1.571910781249999900e+02 7.106202399999999400e+01
2.302778741095720300e-02 6.902305468750000700e+02 1.295545319999999900e+02 8.476462500000000100e+02 5.847463599999999700e+01 -1.574157031249999900e+02 7.107989600000000500e+01
2.312830842721957200e-02 6.902789374999999800e+02 1.295482959999999900e+02 8.480622499999999500e+02 5.845243200000000200e+01 -1.577833124999999900e+02 7.109586400000000600e+01
2.314244451251509400e-02 6.902470625000000800e+02 1.295477679999999900e+02 8.480911875000000500e+02 5.844913600000000300e+01 -1.578441249999999900e+02 7.109863199999999500e+01
2.315039542572657600e-02 6.902979843749999400e+02 1.295414399999999900e+02 8.481801874999999900e+02 5.844183999999999900e+01 -1.578822031249999900e+02 7.109959999999999500e+01
2.316828643134897700e-02 6.907612968749999700e+02 1.293440520000000000e+02 8.489291875000000100e+02 5.826381200000000100e+01 -1.581678906250000100e+02 7.108024000000000300e+01
2.320854010582695500e-02 6.900273124999999900e+02 1.293782239999999900e+02 8.484681249999999900e+02 5.828508800000000200e+01 -1.584408124999999900e+02 7.109313600000000100e+01
2.329911087340240700e-02 6.902669375000000400e+02 1.294459400000000100e+02 8.488949374999999700e+02 5.832493199999999700e+01 -1.586279999999999900e+02 7.112100800000000300e+01
2.331184829440306400e-02 6.904208125000000100e+02 1.294233480000000000e+02 8.491171875000000000e+02 5.830278800000000000e+01 -1.586963749999999900e+02 7.112055999999999800e+01
2.334050495258553600e-02 6.903291406249999200e+02 1.292909840000000100e+02 8.493758749999999500e+02 5.818476799999999800e+01 -1.590467343750000000e+02 7.110621600000000300e+01
2.340498424711681300e-02 6.901751093749999200e+02 1.293324320000000100e+02 8.494635624999999700e+02 5.820741600000000200e+01 -1.592884531249999900e+02 7.112501600000000200e+01
2.355006084619148300e-02 6.902713281250000800e+02 1.294093039999999900e+02 8.499712500000000500e+02 5.824991200000000200e+01 -1.596999218750000000e+02 7.115939199999999700e+01
2.387648500773019100e-02 6.902688749999999800e+02 1.295335680000000000e+02 8.511743125000000400e+02 5.830116000000000300e+01 -1.609054375000000100e+02 7.123240800000000700e+01
2.461093755757157500e-02 6.902685312500000200e+02 1.297133760000000100e+02 8.543045624999999700e+02 5.831139999999999900e+01 -1.640360312500000100e+02 7.140197600000000500e+01
2.626345942195612200e-02 6.902659374999999500e+02 1.301755599999999900e+02 8.599216249999999500e+02 5.840531200000000200e+01 -1.696556875000000000e+02 7.177024799999999500e+01
2.649584372221707200e-02 6.902655781249999300e+02 1.302309880000000000e+02 8.606365624999999700e+02 5.841237999999999900e+01 -1.703709843750000100e+02 7.181860799999999800e+01
2.662656079792421300e-02 6.902657812499999200e+02 1.302614439999999800e+02 8.610315624999999500e+02 5.841596400000000200e+01 -1.707657812500000000e+02 7.184547999999999500e+01
2.666700018716333700e-02 6.902661562499999900e+02 1.302708639999999900e+02 8.611537499999999500e+02 5.841716799999999700e+01 -1.708875937500000100e+02 7.185369599999999900e+01
2.668975024540348400e-02 6.902797812500000400e+02 1.302770720000000000e+02 8.612339375000000200e+02 5.841932800000000000e+01 -1.709541562500000100e+02 7.185774399999999700e+01
2.669556543886180900e-02 6.902975312500000200e+02 1.302797999999999900e+02 8.612666874999999900e+02 5.842111200000000100e+01 -1.709691562500000000e+02 7.185868800000000100e+01
2.669883575973383200e-02 6.903238281249999800e+02 1.302823760000000000e+02 8.612968124999999900e+02 5.842321599999999600e+01 -1.709729843750000100e+02 7.185916000000000300e+01
2.670067839837955700e-02 6.904327187500000500e+02 1.302780720000000100e+02 8.613521875000000100e+02 5.842321599999999600e+01 -1.709194687499999900e+02 7.185485599999999800e+01
2.670481925719444100e-02 6.914021250000000700e+02 1.301784280000000000e+02 8.617723125000000000e+02 5.838474000000000100e+01 -1.703701874999999900e+02 7.179368800000000300e+01
2.671413401318307300e-02 6.914659218749999400e+02 1.300040640000000000e+02 8.617213749999999700e+02 5.828054399999999900e+01 -1.702554531250000000e+02 7.172351999999999400e+01
2.673509656684721100e-02 6.901785781249999400e+02 1.300945720000000000e+02 8.610404999999999500e+02 5.832697999999999900e+01 -1.708619218750000100e+02 7.176759199999999300e+01
2.673804478868037300e-02 6.900849531249999700e+02 1.301066960000000000e+02 8.610037499999999700e+02 5.833353600000000200e+01 -1.709187968750000000e+02 7.177316000000000400e+01
2.674169234266097000e-02 6.900260468750000200e+02 1.301152720000000000e+02 8.609898124999999700e+02 5.833760000000000200e+01 -1.709637656250000100e+02 7.177767199999999500e+01
2.674374391041298100e-02 6.900395468749999300e+02 1.301145000000000200e+02 8.610020624999999700e+02 5.833680400000000100e+01 -1.709625156250000100e+02 7.177769600000000600e+01
2.674584190685528100e-02 6.902219531250000300e+02 1.300962720000000000e+02 8.610728125000000500e+02 5.832851200000000300e+01 -1.708508593750000000e+02 7.176775999999999600e+01
2.675056312429873900e-02 6.907420156250000200e+02 1.300126720000000100e+02 8.614074375000000100e+02 5.827949600000000200e+01 -1.706654218749999900e+02 7.173317600000000000e+01
2.676118949078795300e-02 6.897291562500000700e+02 1.300228720000000100e+02 8.607675625000000500e+02 5.828018399999999800e+01 -1.710384062500000100e+02 7.174268800000000100e+01
2.678509156090582600e-02 6.895362187499999900e+02 1.301372199999999900e+02 8.608068124999999800e+02 5.834836399999999700e+01 -1.712705937499999900e+02 7.178885599999999600e+01
2.683887629680903300e-02 6.902802343749999600e+02 1.302486399999999900e+02 8.614441249999999900e+02 5.841920799999999800e+01 -1.711638906249999900e+02 7.182943199999999700e+01
2.695988977624639800e-02 6.903189531250000100e+02 1.302942319999999900e+02 8.618208750000000000e+02 5.843818400000000000e+01 -1.715019218749999900e+02 7.185604800000000100e+01
2.710964551676395300e-02 6.902588906249999400e+02 1.303366880000000100e+02 8.622336249999999600e+02 5.844872800000000300e+01 -1.719747343750000000e+02 7.188796000000000700e+01
2.714793467728420300e-02 6.902768281249999500e+02 1.303479040000000000e+02 8.623597499999999600e+02 5.845286399999999800e+01 -1.720829218750000100e+02 7.189503999999999500e+01
2.716947178599063100e-02 6.903598437499999800e+02 1.303530160000000000e+02 8.624651874999999600e+02 5.845695200000000100e+01 -1.721053437500000000e+02 7.189606399999999600e+01
2.721793173147666100e-02 6.903637031250000300e+02 1.301680120000000000e+02 8.623643750000000000e+02 5.836137200000000300e+01 -1.720006718749999900e+02 7.180664000000000200e+01
2.732696660882023100e-02 6.901799687500000600e+02 1.303248040000000000e+02 8.624756875000000500e+02 5.844977200000000300e+01 -1.722957187499999900e+02 7.187503200000000400e+01
2.757229580829155500e-02 6.902713281250000800e+02 1.303974680000000000e+02 8.632612500000000200e+02 5.846935599999999800e+01 -1.729899218749999900e+02 7.192811199999999900e+01
2.771029348299417300e-02 6.902641562499999300e+02 1.304308199999999800e+02 8.636538124999999600e+02 5.847363599999999900e+01 -1.733896562500000000e+02 7.195718399999999800e+01
2.784613512539163600e-02 6.902649375000000900e+02 1.304573760000000100e+02 8.639890000000000300e+02 5.847338400000000300e+01 -1.737240625000000000e+02 7.198399200000000100e+01
2.785705167119513800e-02 6.902645937499999000e+02 1.304593800000000100e+02 8.640098124999999500e+02 5.847317199999999800e+01 -1.737452187499999900e+02 7.198620800000000500e+01
2.787055951827522400e-02 6.902910624999999500e+02 1.304568400000000000e+02 8.640062500000000200e+02 5.846859200000000100e+01 -1.737151875000000100e+02 7.198824799999999900e+01
2.787401555390839000e-02 6.903464375000000900e+02 1.304505159999999900e+02 8.640286250000000300e+02 5.846349200000000200e+01 -1.736821875000000000e+02 7.198702400000000500e+01
2.788178655594501100e-02 6.906847812500000100e+02 1.303663560000000000e+02 8.640413125000000000e+02 5.840939600000000100e+01 -1.733565312499999900e+02 7.195695999999999500e+01
2.788615665641818200e-02 6.909697499999999800e+02 1.302521160000000000e+02 8.639063125000000100e+02 5.833818000000000100e+01 -1.729365625000000100e+02 7.191393600000000700e+01
2.789599083337938900e-02 6.912402812499999500e+02 1.300233839999999900e+02 8.635715000000000100e+02 5.818638399999999700e+01 -1.723312187500000100e+02 7.183700000000000300e+01
2.791812280968010800e-02 6.899743750000000100e+02 1.301708360000000100e+02 8.630530625000000100e+02 5.824661199999999900e+01 -1.730786875000000000e+02 7.192422399999999500e+01
2.796791177642557800e-02 6.899039843750000500e+02 1.302665839999999900e+02 8.631351250000000200e+02 5.828625600000000200e+01 -1.732311406249999900e+02 7.198032800000000000e+01
2.807994420608573800e-02 6.903298125000000000e+02 1.303416040000000200e+02 8.633471875000000200e+02 5.834012400000000300e+01 -1.730173749999999900e+02 7.200148000000000100e+01
2.833201427102796300e-02 6.902745781249999500e+02 1.304266079999999900e+02 8.638624999999999500e+02 5.836594399999999900e+01 -1.735879218750000100e+02 7.206066400000000300e+01
2.889916974080310500e-02 6.902656250000000000e+02 1.305413600000000000e+02 8.652701250000000100e+02 5.836724000000000200e+01 -1.750045000000000100e+02 7.217412000000000200e+01
3.017527099869375700e-02 6.902652812500000400e+02 1.307110240000000100e+02 8.677140000000000600e+02 5.830446400000000300e+01 -1.774487187500000100e+02 7.240655999999999900e+01
3.113234621666345600e-02 6.902641562499999300e+02 1.308387319999999900e+02 8.696214999999999700e+02 5.825053200000000000e+01 -1.793573437500000100e+02 7.258820000000000100e+01
3.142619920106995400e-02 6.902643124999999600e+02 1.308669439999999900e+02 8.701376249999999600e+02 5.822759200000000100e+01 -1.798733125000000000e+02 7.263935200000000200e+01
3.144007847767232900e-02 6.902629687500000300e+02 1.308680119999999900e+02 8.701559375000000500e+02 5.822641200000000300e+01 -1.798929687499999900e+02 7.264159999999999700e+01
3.144788430122667100e-02 6.902635625000000300e+02 1.308685120000000100e+02 8.701648750000000500e+02 5.822576000000000100e+01 -1.799013124999999900e+02 7.264275200000000200e+01
3.145227761604498700e-02 6.902652499999999200e+02 1.308688679999999900e+02 8.701688124999999400e+02 5.822546799999999900e+01 -1.799035624999999900e+02 7.264340000000000000e+01
3.145676959183015700e-02 6.903678125000000100e+02 1.308531360000000100e+02 8.702136249999999800e+02 5.821364799999999900e+01 -1.798458124999999900e+02 7.263948800000000000e+01
3.146687363555365100e-02 6.906032187500000000e+02 1.307916799999999900e+02 8.702805624999999700e+02 5.817269600000000200e+01 -1.796773437500000100e+02 7.261898399999999800e+01
3.148961208662123100e-02 6.901388281249999200e+02 1.308299360000000000e+02 8.699981249999999600e+02 5.819270399999999900e+01 -1.798592968750000100e+02 7.263723199999999700e+01
3.154077069973013800e-02 6.902056562500000600e+02 1.308522879999999900e+02 8.700883750000000400e+02 5.820392799999999800e+01 -1.798827187500000100e+02 7.264835999999999700e+01
3.165587903012174300e-02 6.902844999999999800e+02 1.308668600000000000e+02 8.703594375000000100e+02 5.819861999999999800e+01 -1.800749375000000000e+02 7.266823999999999700e+01
3.191487277350287000e-02 6.902646718749999800e+02 1.308956279999999900e+02 8.708153125000000000e+02 5.817906000000000000e+01 -1.805506406250000000e+02 7.271656799999999500e+01
3.249761087245526400e-02 6.902654531250000200e+02 1.309521560000000000e+02 8.718009375000000300e+02 5.812966800000000200e+01 -1.815354843750000100e+02 7.282248800000000700e+01
3.321874999535712900e-02 6.902647343749999900e+02 1.310143320000000000e+02 8.728716249999999900e+02 5.806069999999999700e+01 -1.826068906250000100e+02 7.295363199999999900e+01
3.332015896032122100e-02 6.902644843750000500e+02 1.310223000000000000e+02 8.730147500000000500e+02 5.805022799999999700e+01 -1.827502656250000000e+02 7.297207199999999700e+01
3.337720240992388100e-02 6.902650781249999500e+02 1.310267840000000200e+02 8.730948750000000000e+02 5.804437600000000000e+01 -1.828297968750000000e+02 7.298240800000000700e+01
3.343554296106141000e-02 6.902656718750000700e+02 1.310311439999999800e+02 8.731753750000000300e+02 5.803811199999999800e+01 -1.829097031249999900e+02 7.299303199999999900e+01
3.344374633027631700e-02 6.902650312499999900e+02 1.310306039999999800e+02 8.731794374999999500e+02 5.803622000000000000e+01 -1.829144062500000100e+02 7.299438399999999700e+01
3.344836018137349600e-02 6.902717968750000600e+02 1.310283880000000100e+02 8.731833125000000600e+02 5.803365999999999800e+01 -1.829115156249999900e+02 7.299472799999999500e+01
3.345095728623636400e-02 6.902806406250000500e+02 1.310259040000000000e+02 8.731877500000000500e+02 5.803128000000000200e+01 -1.829071093750000000e+02 7.299462400000000200e+01
3.345416957124552900e-02 6.903300000000000400e+02 1.310172200000000100e+02 8.732022500000000500e+02 5.802578799999999900e+01 -1.828722500000000100e+02 7.299143200000000300e+01
3.345745440108326800e-02 6.908501093750001000e+02 1.309556920000000000e+02 8.733489375000000300e+02 5.800177999999999700e+01 -1.824988281249999900e+02 7.295391200000000300e+01
3.345930284331527500e-02 6.913655156249999400e+02 1.308899040000000000e+02 8.735305624999999700e+02 5.797053600000000300e+01 -1.821650468750000000e+02 7.291936800000000600e+01
3.346346111288902400e-02 6.913866562499999900e+02 1.307892840000000100e+02 8.733861875000000100e+02 5.790057999999999800e+01 -1.819995312499999900e+02 7.288870400000000400e+01
3.347281649398165700e-02 6.905480937500000200e+02 1.307882840000000000e+02 8.727791875000000300e+02 5.788770800000000300e+01 -1.822310937500000100e+02 7.290057600000000100e+01
3.349386610144007600e-02 6.901805624999999500e+02 1.308483279999999800e+02 8.726797500000000100e+02 5.790724000000000200e+01 -1.824991875000000100e+02 7.294108799999999300e+01
3.351991259669052900e-02 6.899192187500000300e+02 1.308525840000000100e+02 8.725344999999999800e+02 5.789259200000000000e+01 -1.826152812500000100e+02 7.295999200000000000e+01
3.354655395953527700e-02 6.899656562499999400e+02 1.308434120000000000e+02 8.725596249999999800e+02 5.787429999999999800e+01 -1.825939687499999900e+02 7.296911199999999600e+01
3.360649630048766900e-02 6.903000781250000300e+02 1.309130639999999900e+02 8.729684375000000500e+02 5.790233599999999800e+01 -1.826683593749999900e+02 7.301072800000000000e+01
3.364021513680789900e-02 6.903932968750000300e+02 1.309159760000000000e+02 8.730376250000000500e+02 5.789823200000000000e+01 -1.826443281249999900e+02 7.301774399999999300e+01
3.365064708315653600e-02 6.904455156249999800e+02 1.309021720000000100e+02 8.730626250000000300e+02 5.788510800000000200e+01 -1.826171093750000100e+02 7.301706400000000500e+01
3.365651450889142700e-02 6.906335000000000300e+02 1.308659000000000100e+02 8.731300625000000100e+02 5.786121200000000200e+01 -1.824965625000000100e+02 7.300468800000000200e+01
3.366251541711089800e-02 6.920237499999999500e+02 1.306203999999999900e+02 8.735918124999999500e+02 5.772340799999999900e+01 -1.815680625000000000e+02 7.289699199999999700e+01
3.367601746060469600e-02 6.910111562500000000e+02 1.305106559999999800e+02 8.727241249999999600e+02 5.763036799999999700e+01 -1.817129687499999900e+02 7.288028799999999300e+01
3.370639633301747400e-02 6.898492031249999200e+02 1.305842200000000200e+02 8.720906874999999400e+02 5.764634000000000200e+01 -1.822414843750000000e+02 7.293788000000000700e+01
3.374399196497657200e-02 6.897270468750000400e+02 1.306096719999999900e+02 8.720916250000000200e+02 5.763788799999999700e+01 -1.823645781250000100e+02 7.297178400000000000e+01
3.376514023340185900e-02 6.900890468749998900e+02 1.306094440000000000e+02 8.723580624999999600e+02 5.762890000000000200e+01 -1.822690156250000100e+02 7.298054399999999500e+01
3.378676729769571100e-02 6.904481093750000600e+02 1.305739600000000000e+02 8.725330000000000200e+02 5.759667199999999800e+01 -1.820848906250000100e+02 7.297728800000000100e+01
3.383543036870174200e-02 6.902637031250001200e+02 1.306339400000000000e+02 8.725549375000000500e+02 5.761158799999999800e+01 -1.822912343749999900e+02 7.302235199999999800e+01
3.394492082756874600e-02 6.902623437500000100e+02 1.306696519999999900e+02 8.725897499999999800e+02 5.762013199999999800e+01 -1.823274062500000000e+02 7.304952000000000100e+01
3.408041715658220700e-02 6.901964687500000100e+02 1.306239920000000200e+02 8.723740625000000400e+02 5.755070400000000300e+01 -1.821775937500000000e+02 7.307328800000000500e+01
3.421899228812025400e-02 6.902819375000000300e+02 1.306678200000000100e+02 8.723399375000000200e+02 5.756649999999999800e+01 -1.820579999999999900e+02 7.310132000000000100e+01
3.453078705952916000e-02 6.902591406250001000e+02 1.306927120000000000e+02 8.720995000000000300e+02 5.753354399999999900e+01 -1.818403593749999900e+02 7.315916799999999400e+01
3.462724846718465100e-02 6.902651875000000200e+02 1.307151519999999900e+02 8.721118125000000400e+02 5.753628799999999900e+01 -1.818466249999999900e+02 7.317886400000000400e+01
3.472590363045615500e-02 6.902727656250000300e+02 1.307373400000000200e+02 8.721970625000000200e+02 5.753667600000000000e+01 -1.819242968750000100e+02 7.320066400000000300e+01
3.484428808530606900e-02 6.902663593749999800e+02 1.307563240000000100e+02 8.723310000000000200e+02 5.752886000000000200e+01 -1.820646406250000100e+02 7.322746399999999800e+01
3.489978197737043200e-02 6.902701718749999600e+02 1.307631440000000100e+02 8.723863125000000300e+02 5.752320799999999700e+01 -1.821161406250000100e+02 7.323993600000000000e+01
3.502464033272211000e-02 6.902292812499999900e+02 1.307552519999999800e+02 8.723216250000000400e+02 5.748859600000000100e+01 -1.820923437500000000e+02 7.326665599999999800e+01
3.530557163226338100e-02 6.902662812500000200e+02 1.307843440000000000e+02 8.725836875000000000e+02 5.746008799999999900e+01 -1.823174062500000000e+02 7.332425600000000500e+01
3.565322386153879600e-02 6.902650781249999500e+02 1.308147040000000100e+02 8.728753124999999500e+02 5.742058399999999800e+01 -1.826102343750000000e+02 7.339412000000000100e+01
3.584877860323036600e-02 6.902659218750000000e+02 1.308324560000000100e+02 8.730458125000000100e+02 5.739967200000000200e+01 -1.827798906250000100e+02 7.343278399999999800e+01
3.595877977769051900e-02 6.902667187500000000e+02 1.308370520000000000e+02 8.731130624999999600e+02 5.738328400000000300e+01 -1.828463437499999900e+02 7.345376799999999700e+01
3.602065471287606300e-02 6.902796250000000100e+02 1.308313279999999800e+02 8.731221875000000000e+02 5.736679199999999700e+01 -1.828425625000000100e+02 7.346453599999999500e+01
3.602935428871841000e-02 6.902884218750000400e+02 1.308289240000000000e+02 8.731243749999999900e+02 5.736309200000000200e+01 -1.828359531250000000e+02 7.346583200000000600e+01
3.603825408828760500e-02 6.903181406249999600e+02 1.308240280000000000e+02 8.731381249999999500e+02 5.735713200000000000e+01 -1.828199843749999900e+02 7.346689600000000600e+01
3.604325968145907100e-02 6.903860625000000900e+02 1.308175320000000000e+02 8.731732500000000500e+02 5.735074800000000300e+01 -1.827871874999999900e+02 7.346678400000000400e+01
3.605452154064657500e-02 6.905527187500000500e+02 1.307858919999999900e+02 8.732378750000000300e+02 5.732222800000000300e+01 -1.826851562500000100e+02 7.346366399999999400e+01
3.607986290016331600e-02 6.902188125000000100e+02 1.307847680000000100e+02 8.729990625000000400e+02 5.731308800000000000e+01 -1.827802500000000000e+02 7.347168000000000600e+01
3.613688023362768300e-02 6.901869843749999500e+02 1.307470000000000100e+02 8.729534374999999500e+02 5.726776000000000300e+01 -1.827664531250000000e+02 7.347924000000000400e+01
3.620744023568985700e-02 6.902396718750001100e+02 1.307419360000000100e+02 8.729388750000000500e+02 5.725124799999999700e+01 -1.826992031250000000e+02 7.349068800000000600e+01
3.627960202756690100e-02 6.902987656249999900e+02 1.306280120000000100e+02 8.730354374999999400e+02 5.713326000000000000e+01 -1.827366718750000100e+02 7.349475200000000500e+01
3.644196896108339900e-02 6.902592968750000200e+02 1.306886480000000000e+02 8.728285624999999800e+02 5.716960799999999700e+01 -1.825692656250000100e+02 7.351904000000000400e+01
3.680729020880579200e-02 6.902700624999999900e+02 1.307347159999999900e+02 8.729981874999999700e+02 5.714989200000000100e+01 -1.827281250000000100e+02 7.358482399999999800e+01
3.701278359201171100e-02 6.902652968749999900e+02 1.307479640000000000e+02 8.731591250000000200e+02 5.712467600000000100e+01 -1.828938281250000000e+02 7.362328800000000200e+01
3.747514660601817400e-02 6.902634218750000600e+02 1.307304200000000100e+02 8.734578125000000500e+02 5.703429200000000100e+01 -1.831943906250000100e+02 7.369612800000000200e+01
3.851545976029126900e-02 6.902653281250000000e+02 1.307217360000000200e+02 8.742354374999999900e+02 5.685568800000000100e+01 -1.839701093749999900e+02 7.386604800000000600e+01
3.910063536548367300e-02 6.902654062499999600e+02 1.307170520000000000e+02 8.746511249999999800e+02 5.675382799999999900e+01 -1.843857187500000000e+02 7.396322399999999700e+01
3.942979736885269400e-02 6.902653593750000000e+02 1.307152760000000200e+02 8.748778750000000200e+02 5.669746800000000100e+01 -1.846125156249999900e+02 7.401780800000000200e+01
3.953162999561564400e-02 6.902621249999999700e+02 1.307126519999999900e+02 8.749337500000000300e+02 5.667817999999999800e+01 -1.846716250000000100e+02 7.403447199999999400e+01
3.963578115509975400e-02 6.902858437500000300e+02 1.306576400000000100e+02 8.749856250000000300e+02 5.661576800000000300e+01 -1.846997812500000000e+02 7.404187199999999800e+01
3.987011546035271900e-02 6.902728749999998900e+02 1.306687360000000000e+02 8.750019999999999500e+02 5.658755200000000200e+01 -1.847291250000000100e+02 7.408118399999999300e+01
3.990306822328321800e-02 6.902735156250000700e+02 1.306677159999999800e+02 8.750128750000000100e+02 5.658139599999999800e+01 -1.847393593749999900e+02 7.408632000000000100e+01
3.997721193987685600e-02 6.902628437500000000e+02 1.306532440000000000e+02 8.750171249999999600e+02 5.655951600000000200e+01 -1.847542812499999900e+02 7.409372799999999900e+01
4.006896663905459100e-02 6.902615468750000200e+02 1.306458120000000100e+02 8.750434374999999800e+02 5.653842000000000200e+01 -1.847818906249999900e+02 7.410739200000000400e+01
4.016280772750206700e-02 6.903265625000000200e+02 1.305732400000000000e+02 8.752009375000000100e+02 5.645777600000000300e+01 -1.848743749999999900e+02 7.411546400000000300e+01
4.037394800016402100e-02 6.902683437499999900e+02 1.306087760000000100e+02 8.751078125000000200e+02 5.646128800000000300e+01 -1.848394687500000100e+02 7.414748799999999600e+01
4.084900926096371500e-02 6.902659687499999600e+02 1.306214919999999900e+02 8.753348125000000000e+02 5.639441200000000300e+01 -1.850688437500000100e+02 7.422708000000000100e+01
4.191790507769414100e-02 6.902654531250000200e+02 1.306170040000000100e+02 8.757820000000000400e+02 5.622686800000000300e+01 -1.855165468749999900e+02 7.439013599999999800e+01
4.324065846394280900e-02 6.902648906249999100e+02 1.306311880000000100e+02 8.762877499999999600e+02 5.603947600000000100e+01 -1.860228593750000000e+02 7.459171200000000100e+01
4.459347732894482200e-02 6.902655781249999300e+02 1.305589320000000000e+02 8.767442499999999700e+02 5.579039600000000100e+01 -1.864786718750000000e+02 7.476853599999999700e+01
4.535443775914637500e-02 6.902655781250000500e+02 1.305883440000000100e+02 8.769040625000000100e+02 5.570828800000000300e+01 -1.866384843749999900e+02 7.488005599999999600e+01
4.629612766987254600e-02 6.902653593750000000e+02 1.306295720000000000e+02 8.770649375000000400e+02 5.561170800000000000e+01 -1.867995781250000100e+02 7.501786400000000300e+01
4.725921540323429300e-02 6.902656093750000500e+02 1.306810999999999900e+02 8.772100625000000500e+02 5.552445999999999800e+01 -1.869444531250000000e+02 7.515663999999999600e+01
4.942616715598791700e-02 6.902656093749999400e+02 1.308221560000000100e+02 8.774178124999999700e+02 5.535177999999999800e+01 -1.871522031250000000e+02 7.547037600000000200e+01
5.064508277641190800e-02 6.902655156250000300e+02 1.309137360000000000e+02 8.775375000000000200e+02 5.526873599999999700e+01 -1.872719843749999900e+02 7.564499999999999600e+01
5.133071846021069300e-02 6.902653906250000100e+02 1.309677120000000100e+02 8.775756874999999600e+02 5.522403200000000100e+01 -1.873102968750000100e+02 7.574367999999999800e+01
5.287340455234422500e-02 6.902657187499999100e+02 1.310699840000000100e+02 8.775131249999999500e+02 5.509262400000000100e+01 -1.872474062500000100e+02 7.597736000000000400e+01
5.403041912144437900e-02 6.902650000000001000e+02 1.311787160000000100e+02 8.775063125000000400e+02 5.504321199999999700e+01 -1.872413124999999900e+02 7.613550399999999700e+01
5.424735717680580200e-02 6.902656406250000600e+02 1.311977239999999900e+02 8.774923750000000400e+02 5.503218799999999800e+01 -1.872267343750000100e+02 7.616553600000000300e+01
5.436938338205003100e-02 6.902657187500000200e+02 1.312081159999999900e+02 8.774751250000000500e+02 5.502557999999999800e+01 -1.872094062500000000e+02 7.618253599999999900e+01
5.464395104922897100e-02 6.902620312500000600e+02 1.312243000000000000e+02 8.773423125000000500e+02 5.500287600000000100e+01 -1.870802812500000100e+02 7.622142399999999900e+01
5.526171959500215900e-02 6.902653906250000100e+02 1.312815479999999900e+02 8.773271875000000400e+02 5.497510799999999900e+01 -1.870617968750000000e+02 7.630643999999999500e+01
5.665170172478498800e-02 6.902656718750000700e+02 1.314054160000000000e+02 8.771938750000000500e+02 5.491015999999999800e+01 -1.869282031250000100e+02 7.649525599999999800e+01
5.837180925326025700e-02 6.902652812500000400e+02 1.315814440000000000e+02 8.771726250000000400e+02 5.485704400000000200e+01 -1.869073437500000000e+02 7.672440000000000300e+01
5.933936574806202700e-02 6.902649999999999900e+02 1.316805720000000100e+02 8.771491250000000300e+02 5.483056400000000300e+01 -1.868841250000000100e+02 7.685000800000000300e+01
5.958675522066479000e-02 6.902654062499999600e+02 1.317052719999999800e+02 8.771316249999999900e+02 5.482356000000000100e+01 -1.868662187500000000e+02 7.688171199999999300e+01
5.972590780903827600e-02 6.902666249999999800e+02 1.317190480000000200e+02 8.771203749999999700e+02 5.481960000000000100e+01 -1.868537499999999900e+02 7.689944800000000700e+01
5.976895881210598400e-02 6.902689531250000500e+02 1.317232040000000100e+02 8.771168750000000500e+02 5.481826800000000300e+01 -1.868479218750000000e+02 7.690493600000000600e+01
5.977996821529005900e-02 6.902696562500000300e+02 1.317241840000000100e+02 8.771150625000000200e+02 5.481783200000000300e+01 -1.868454062500000000e+02 7.690635199999999800e+01
5.979358923230272000e-02 6.902737656249999000e+02 1.317245000000000100e+02 8.771080624999999600e+02 5.481657200000000100e+01 -1.868342968750000100e+02 7.690792799999999800e+01
5.979707138407417500e-02 6.902794999999999800e+02 1.317241880000000000e+02 8.771074999999999600e+02 5.481593999999999800e+01 -1.868280000000000000e+02 7.690824800000000000e+01
5.980491202914622200e-02 6.904638593749999700e+02 1.317069080000000000e+02 8.771923124999999600e+02 5.480469999999999700e+01 -1.867284531249999900e+02 7.690220800000000200e+01
5.982254332428233600e-02 6.902635156250000800e+02 1.317118079999999900e+02 8.770503750000000300e+02 5.480435200000000200e+01 -1.867868593750000100e+02 7.690745599999999600e+01
5.986221083654545700e-02 6.902156093749999900e+02 1.317230920000000100e+02 8.770146250000000200e+02 5.480854800000000200e+01 -1.867990156250000100e+02 7.691454400000000600e+01
5.995147579720661000e-02 6.902668125000000100e+02 1.317376559999999900e+02 8.770680625000000000e+02 5.481026399999999700e+01 -1.868012500000000100e+02 7.692739199999999800e+01
6.015230890062507600e-02 6.902656562499998900e+02 1.317574960000000000e+02 8.770432499999999400e+02 5.480436000000000300e+01 -1.867775937499999900e+02 7.695313600000000100e+01
6.021444209540033300e-02 6.902611406250000500e+02 1.317621560000000000e+02 8.770173125000000000e+02 5.480105199999999900e+01 -1.867561718750000100e+02 7.696110400000000600e+01
6.027799136522932900e-02 6.902609218750000100e+02 1.317630959999999900e+02 8.769646874999999700e+02 5.479460799999999700e+01 -1.867037656249999900e+02 7.696848799999999400e+01
6.034054241821715900e-02 6.902689218749999300e+02 1.317698839999999900e+02 8.769598125000000000e+02 5.479309200000000100e+01 -1.866908906250000100e+02 7.697679200000000300e+01
6.035160405367780100e-02 6.902897812500000300e+02 1.317673360000000000e+02 8.769571875000000300e+02 5.479000800000000000e+01 -1.866674062500000000e+02 7.697732800000000000e+01
6.036290943976245500e-02 6.904353437499999000e+02 1.317447159999999800e+02 8.770041874999999400e+02 5.477485999999999700e+01 -1.865688437500000100e+02 7.696985599999999300e+01
6.038835816562547500e-02 6.902246562499999500e+02 1.317536800000000000e+02 8.768404375000000100e+02 5.477631999999999800e+01 -1.866157812500000000e+02 7.697736000000000400e+01
6.044561634792070700e-02 6.902363437499999500e+02 1.317698360000000000e+02 8.768451874999999500e+02 5.478168399999999800e+01 -1.866088437500000100e+02 7.698815199999999900e+01
6.057443855270554900e-02 6.902736250000000400e+02 1.317819759999999900e+02 8.768250000000000500e+02 5.477660000000000200e+01 -1.865513750000000100e+02 7.700537599999999800e+01
6.060614354458462200e-02 6.902648749999999600e+02 1.317780840000000100e+02 8.767667500000000000e+02 5.476984399999999900e+01 -1.865018750000000100e+02 7.700824000000000100e+01
6.061633464210240000e-02 6.903122656250000100e+02 1.317694400000000000e+02 8.767685625000000300e+02 5.476246400000000100e+01 -1.864562968749999900e+02 7.700697599999999500e+01
6.061948598945556000e-02 6.903637812499999900e+02 1.317620640000000100e+02 8.767824375000000100e+02 5.475768800000000200e+01 -1.864186562500000000e+02 7.700437599999999300e+01
6.062271278343043400e-02 6.904619062499999700e+02 1.317484920000000000e+02 8.768123749999999700e+02 5.474973200000000200e+01 -1.863504687500000000e+02 7.699876000000000400e+01
6.062996726628763100e-02 6.906836406249999500e+02 1.317034479999999800e+02 8.768669999999999600e+02 5.472207199999999700e+01 -1.861833593750000100e+02 7.698137599999999700e+01
6.064628695092316700e-02 6.902887187500000400e+02 1.317229800000000100e+02 8.766262500000000300e+02 5.472634000000000000e+01 -1.863375312500000100e+02 7.699663999999999900e+01
6.068301204493940800e-02 6.900845937500000700e+02 1.317462600000000100e+02 8.764572500000000400e+02 5.473534800000000200e+01 -1.863726562500000100e+02 7.701091200000000500e+01
6.072846573272942100e-02 6.901977499999999300e+02 1.317614320000000100e+02 8.764986874999999600e+02 5.474183200000000200e+01 -1.863009375000000000e+02 7.701959999999999700e+01
6.075403053031815800e-02 6.902893593750000000e+02 1.317663880000000100e+02 8.765437500000000500e+02 5.474254799999999900e+01 -1.862543906250000100e+02 7.702384000000000700e+01
6.076841181713425000e-02 6.903310625000000300e+02 1.317671919999999900e+02 8.765543125000000400e+02 5.474141600000000100e+01 -1.862232500000000100e+02 7.702577599999999300e+01
6.078311810478234700e-02 6.903917656250000600e+02 1.317574640000000000e+02 8.765541875000000100e+02 5.473199999999999900e+01 -1.861624218750000100e+02 7.702546399999999900e+01
6.079138821523954300e-02 6.906602656249999700e+02 1.317098320000000100e+02 8.766007499999999500e+02 5.470302399999999900e+01 -1.859404843750000100e+02 7.700680800000000700e+01
6.081000031645795300e-02 6.904488906249999900e+02 1.316918840000000200e+02 8.764089374999999800e+02 5.468097199999999700e+01 -1.859600468749999900e+02 7.701091200000000500e+01
6.085188479868222600e-02 6.901310156249999200e+02 1.316972079999999900e+02 8.761064374999999700e+02 5.467031999999999700e+01 -1.859754218749999900e+02 7.702688800000000000e+01
6.090371082421399500e-02 6.901745468750000300e+02 1.317038320000000100e+02 8.760119375000000400e+02 5.466852000000000100e+01 -1.858373906250000100e+02 7.703531200000000500e+01
6.095671497776177000e-02 6.903219531249999400e+02 1.316745159999999800e+02 8.759669999999999800e+02 5.463837199999999700e+01 -1.856450468749999900e+02 7.703614399999999300e+01
6.107597867593397800e-02 6.902749843750000300e+02 1.317175280000000200e+02 8.758331875000000100e+02 5.465843999999999900e+01 -1.855582031250000100e+02 7.705908800000000300e+01
6.114306813339728100e-02 6.902746406250000700e+02 1.317200080000000100e+02 8.757725625000000500e+02 5.465279199999999800e+01 -1.854979218750000000e+02 7.706721600000000200e+01
6.116382175795512900e-02 6.903117968750000300e+02 1.316982280000000000e+02 8.757308749999999700e+02 5.463470800000000300e+01 -1.854190781250000000e+02 7.706351999999999700e+01
6.118504547300212400e-02 6.903380937499999800e+02 1.316510759999999900e+02 8.756294374999999900e+02 5.459944399999999800e+01 -1.852913437500000100e+02 7.705163199999999800e+01
6.123280318454758800e-02 6.901644218750000200e+02 1.316661640000000100e+02 8.754303750000000300e+02 5.459545200000000200e+01 -1.852659531250000100e+02 7.707071200000000000e+01
6.134026238821457100e-02 6.902606249999998900e+02 1.316354680000000000e+02 8.750929999999999600e+02 5.454618000000000000e+01 -1.848323750000000100e+02 7.708928799999999600e+01
6.158204559646530300e-02 6.902764218749999800e+02 1.316902399999999900e+02 8.749182499999999400e+02 5.455703200000000000e+01 -1.846418281249999900e+02 7.713320799999999600e+01
6.171804683748561400e-02 6.902615312499999600e+02 1.316935839999999900e+02 8.747511250000000000e+02 5.454160799999999700e+01 -1.844895937500000100e+02 7.715197600000000500e+01
6.179454390831811600e-02 6.902729843749999600e+02 1.317107839999999900e+02 8.747542499999999600e+02 5.454471199999999700e+01 -1.844812656249999900e+02 7.716607200000000000e+01
6.196667247396724800e-02 6.902654062499999600e+02 1.317374520000000200e+02 8.747090624999999600e+02 5.454371600000000300e+01 -1.844436562500000000e+02 7.719373600000000100e+01
6.235395739398807300e-02 6.902552656249999900e+02 1.317112640000000000e+02 8.742737499999999500e+02 5.447847199999999600e+01 -1.840184843750000100e+02 7.723279200000000300e+01
6.283322335305179000e-02 6.902662187500000100e+02 1.317952040000000100e+02 8.742393750000000000e+02 5.449180400000000200e+01 -1.839731562499999900e+02 7.730339999999999600e+01
6.295576027388916100e-02 6.902635468749999700e+02 1.318107719999999900e+02 8.742058749999999900e+02 5.449032400000000100e+01 -1.839423281249999900e+02 7.732044799999999900e+01
6.323147705115267400e-02 6.902708906249999900e+02 1.318363200000000000e+02 8.740811875000000600e+02 5.447827199999999700e+01 -1.838102968750000100e+02 7.735804799999999700e+01
6.338656628746684700e-02 6.902635937499999300e+02 1.318512640000000100e+02 8.740328124999999800e+02 5.447333600000000300e+01 -1.837692187499999900e+02 7.737792799999999700e+01
6.347380579651426500e-02 6.902611093750000500e+02 1.318447600000000100e+02 8.739355000000000500e+02 5.445830399999999800e+01 -1.836743906250000000e+02 7.738645599999999500e+01
6.367008888828469500e-02 6.902697187500000400e+02 1.318686520000000000e+02 8.738590625000000500e+02 5.445375599999999800e+01 -1.835893437500000100e+02 7.741489599999999900e+01
6.391299218868858000e-02 6.902639375000000000e+02 1.318895120000000000e+02 8.737572500000000000e+02 5.444362400000000000e+01 -1.834933125000000000e+02 7.744588799999999700e+01
6.404962021702774500e-02 6.902679375000000200e+02 1.318981760000000100e+02 8.736898125000000200e+02 5.443560800000000200e+01 -1.834218750000000000e+02 7.746256800000000500e+01
6.408455780646799000e-02 6.902638437499999800e+02 1.318975240000000000e+02 8.736571874999999600e+02 5.443142000000000300e+01 -1.833933437500000100e+02 7.746610400000000100e+01
6.416316157912221900e-02 6.902553124999999500e+02 1.318972160000000100e+02 8.735842500000000000e+02 5.442216799999999900e+01 -1.833289374999999900e+02 7.747504800000000100e+01
6.434001426400794100e-02 6.902645781249999600e+02 1.319084240000000000e+02 8.734769374999999600e+02 5.440900800000000000e+01 -1.832123593750000100e+02 7.749941599999999700e+01
6.473793715769055000e-02 6.902657968749999800e+02 1.319634079999999900e+02 8.734172499999999700e+02 5.441068800000000000e+01 -1.831514531249999900e+02 7.755271999999999400e+01
6.563326802116613300e-02 6.902654843749999100e+02 1.320684080000000100e+02 8.732374999999999500e+02 5.439972000000000200e+01 -1.829720156250000100e+02 7.766868800000000300e+01
6.674124228615167800e-02 6.902655468749999300e+02 1.321127000000000200e+02 8.725368125000000000e+02 5.430792400000000000e+01 -1.822712656250000100e+02 7.780477600000000400e+01
6.681206344959672600e-02 6.902643124999999600e+02 1.321227920000000000e+02 8.725183124999999800e+02 5.430909599999999700e+01 -1.822539999999999900e+02 7.781369599999999300e+01
6.682202240366307000e-02 6.902204843750000700e+02 1.321265119999999900e+02 8.724726875000000100e+02 5.430953600000000100e+01 -1.822522031249999900e+02 7.781697599999999700e+01
6.684443005031234800e-02 6.902238593749999600e+02 1.321339879999999900e+02 8.724865624999999900e+02 5.431308400000000300e+01 -1.822627031250000000e+02 7.782090399999999900e+01
6.689485160796297700e-02 6.902866874999999700e+02 1.321297119999999800e+02 8.724877500000000100e+02 5.430843999999999700e+01 -1.822010625000000100e+02 7.782127199999999300e+01
6.700829430909056900e-02 6.902723125000000000e+02 1.321395800000000000e+02 8.724411250000000600e+02 5.430695600000000000e+01 -1.821688125000000000e+02 7.783262399999999600e+01
6.726354183752424100e-02 6.902650156250000500e+02 1.321796640000000000e+02 8.723935625000000300e+02 5.431198400000000200e+01 -1.821285468750000100e+02 7.786767999999999300e+01
6.783784732560344000e-02 6.902655468749999300e+02 1.322543279999999900e+02 8.722888124999999500e+02 5.431510399999999800e+01 -1.820232656249999900e+02 7.793922399999999600e+01
6.913003902647134300e-02 6.902656562499998900e+02 1.324080600000000100e+02 8.720650624999999500e+02 5.431367600000000100e+01 -1.817994062500000000e+02 7.809438400000000500e+01
7.000000241429189800e-02 6.902654531250000200e+02 1.325049160000000100e+02 8.718687499999999800e+02 5.430946800000000300e+01 -1.816032968750000100e+02 7.819544799999999900e+01
