0.000000000000000000e+00 0.000000000000000000e+00 0.000000000000000000e+00 0.000000000000000000e+00 0.000000000000000000e+00 0.000000000000000000e+00 0.000000000000000000e+00
1.582278774963884600e-08 7.745646406250000400e+02 1.609594726562503100e-05 6.012123125000000500e+02 5.991223144531250000e-04 1.733523281250000100e+02 -5.830263671874999700e-04
1.400015532979496600e-03 7.745642968749999700e+02 1.951315749999999800e+01 6.016589374999999800e+02 1.259585399999999900e+01 1.729053593749999900e+02 6.917303500000000000e+00
2.843765259949779900e-03 7.745610781249999900e+02 3.852255600000000200e+01 5.989925624999999600e+02 2.444371800000000100e+01 1.755685156250000000e+02 1.407883799999999900e+01
2.894521974708397900e-03 7.745628437499999600e+02 3.916073099999999800e+01 5.988526249999999900e+02 2.482784200000000000e+01 1.757102187500000000e+02 1.433288900000000000e+01
2.946432333603381200e-03 7.745654531249999800e+02 3.981168600000000200e+01 5.987226875000000100e+02 2.521587600000000200e+01 1.758427656250000000e+02 1.459581000000000000e+01
2.975631989827715300e-03 7.745633749999999500e+02 4.017845200000000000e+01 5.986479375000000100e+02 2.543417399999999900e+01 1.759154375000000000e+02 1.474427800000000000e+01
3.041331125651431500e-03 7.745652187499999900e+02 4.099603899999999600e+01 5.984993749999999900e+02 2.591666599999999900e+01 1.760658437500000000e+02 1.507937300000000000e+01
3.106003570788784300e-03 7.745665781249999800e+02 4.179565900000000100e+01 5.983618125000000400e+02 2.638536200000000100e+01 1.762047656249999900e+02 1.541029700000000000e+01
3.126791291416063000e-03 7.745662499999999700e+02 4.205126200000000100e+01 5.983213749999999900e+02 2.653422799999999900e+01 1.762448750000000100e+02 1.551703400000000100e+01
3.173563481465370100e-03 7.745652656250000500e+02 4.262587299999999900e+01 5.982374375000000600e+02 2.686767199999999900e+01 1.763278281250000000e+02 1.575820100000000000e+01
3.231443735665606200e-03 7.745690156250000200e+02 4.333335999999999900e+01 5.981465624999999600e+02 2.727576399999999900e+01 1.764224531250000000e+02 1.605759600000000000e+01
3.290639590331993900e-03 7.745771093749999600e+02 4.403534899999999700e+01 5.981340625000000300e+02 2.766313800000000000e+01 1.764430468749999900e+02 1.637221100000000000e+01
3.363894632775617100e-03 7.745727031249999800e+02 4.488600800000000400e+01 5.982374999999999500e+02 2.810470400000000200e+01 1.763352031249999900e+02 1.678130399999999900e+01
3.405100458128601300e-03 7.746446406249999700e+02 4.531665400000000000e+01 5.985121249999999700e+02 2.829017800000000100e+01 1.761325156250000000e+02 1.702647599999999900e+01
3.447243199942592000e-03 7.745135625000000300e+02 4.574723199999999700e+01 5.988638750000000100e+02 2.843455799999999900e+01 1.756496875000000000e+02 1.731267400000000100e+01
3.542063643575784900e-03 7.745874062499999600e+02 4.678347200000000300e+01 5.996530000000000200e+02 2.886627800000000100e+01 1.749344062499999900e+02 1.791719399999999900e+01
3.755409641750468700e-03 7.745515000000000300e+02 4.909715200000000100e+01 6.009833125000000100e+02 2.989443800000000100e+01 1.735681874999999900e+02 1.920271400000000000e+01
4.019425300889485300e-03 7.745616562499999400e+02 5.182131400000000100e+01 6.035711874999999500e+02 3.096272799999999800e+01 1.709904687499999900e+02 2.085858599999999900e+01
4.289441142799682400e-03 7.745675781249999500e+02 5.459479399999999300e+01 6.062393750000000000e+02 3.206460599999999800e+01 1.683282031249999900e+02 2.253018799999999900e+01
4.372977601072658800e-03 7.745603281250000700e+02 5.544804200000000100e+01 6.070408125000000200e+02 3.240487000000000300e+01 1.675195156250000000e+02 2.304317199999999800e+01
4.458412194785219300e-03 7.745648437500000200e+02 5.630944999999999800e+01 6.079070625000000500e+02 3.274289400000000000e+01 1.666577812500000000e+02 2.356655599999999900e+01
4.650640393362621300e-03 7.745692031249999400e+02 5.819863199999999600e+01 6.102214374999999800e+02 3.344108399999999600e+01 1.643477656249999900e+02 2.475754800000000000e+01
4.677672772833370100e-03 7.745819374999999800e+02 5.845561399999999700e+01 6.106150625000000200e+02 3.352940999999999900e+01 1.639668749999999900e+02 2.492620399999999800e+01
4.686035740671138900e-03 7.745865937500000200e+02 5.853483199999999400e+01 6.107485625000000500e+02 3.355626399999999900e+01 1.638380312500000000e+02 2.497856799999999900e+01
4.690739910079884000e-03 7.745932812500000200e+02 5.857938600000000000e+01 6.108329999999999700e+02 3.357124799999999700e+01 1.637602812499999900e+02 2.500813799999999900e+01
4.695551083110772700e-03 7.746230937499999500e+02 5.862583000000000800e+01 6.109592500000000000e+02 3.358684800000000300e+01 1.636638437500000100e+02 2.503898200000000100e+01
4.698257367940647500e-03 7.747516249999999900e+02 5.864939799999999800e+01 6.111690625000000000e+02 3.359182800000000000e+01 1.635825624999999900e+02 2.505756999999999800e+01
4.699779721168229600e-03 7.749531875000000100e+02 5.865806000000000600e+01 6.114405000000000400e+02 3.358888000000000300e+01 1.635126875000000000e+02 2.506917999999999900e+01
4.703204562525108900e-03 7.758598125000000900e+02 5.863854399999999600e+01 6.126786875000000200e+02 3.353689399999999700e+01 1.631811250000000100e+02 2.510164999999999900e+01
4.710910999664301400e-03 7.757502343749999900e+02 5.851968999999999700e+01 6.132938124999999400e+02 3.337150799999999900e+01 1.624564218749999900e+02 2.514818199999999800e+01
4.728250664589558500e-03 7.744288437500000600e+02 5.860247000000000400e+01 6.127781250000000500e+02 3.336050800000000300e+01 1.616507187500000100e+02 2.524196200000000100e+01
4.767264910671385700e-03 7.740814374999999900e+02 5.912601600000000000e+01 6.129847499999999600e+02 3.362534399999999800e+01 1.610966875000000000e+02 2.550067200000000200e+01
4.855046692312389700e-03 7.746259843750000300e+02 6.000735600000000100e+01 6.142647500000000500e+02 3.400013599999999800e+01 1.603612343750000100e+02 2.600722000000000000e+01
5.052556154409827500e-03 7.745657187500000900e+02 6.183471400000000500e+01 6.171163125000000500e+02 3.462880400000000200e+01 1.574494062500000100e+02 2.720590999999999900e+01
5.496951990723881300e-03 7.745654218750000800e+02 6.593397799999999600e+01 6.237061875000000600e+02 3.602707199999999700e+01 1.508592343750000000e+02 2.990690599999999900e+01
6.496842803792577700e-03 7.745657187499999700e+02 7.466360399999999200e+01 6.399726875000000100e+02 3.878841200000000100e+01 1.345930312500000000e+02 3.587519199999999800e+01
7.696711054026726800e-03 7.745651874999999800e+02 8.444115200000000200e+01 6.599213750000000100e+02 4.165794400000000100e+01 1.146438125000000000e+02 4.278320800000000200e+01
8.259149659048127200e-03 7.745656796875000500e+02 8.881770399999999200e+01 6.692204375000000000e+02 4.287695999999999700e+01 1.053452421875000100e+02 4.594074400000000200e+01
8.955167233263830100e-03 7.745660624999999300e+02 9.404538800000000300e+01 6.806258749999999500e+02 4.425011200000000100e+01 9.394018749999999300e+01 4.979527600000000100e+01
9.667003207349639600e-03 7.745644609375000300e+02 9.925599599999999600e+01 6.925955000000000200e+02 4.555187999999999700e+01 8.196896093750000000e+01 5.370411599999999900e+01
1.006741148685912100e-02 7.745646953125000200e+02 1.021507000000000000e+02 6.990528749999999700e+02 4.628282000000000100e+01 7.551182031250000600e+01 5.586788000000000000e+01
1.096832902758302500e-02 7.745648281249999600e+02 1.085679800000000100e+02 7.133270000000000000e+02 4.786878000000000100e+01 6.123782812500000000e+01 6.069919999999999800e+01
1.147509528026177500e-02 7.745647460937500500e+02 1.120872720000000100e+02 7.214536875000000000e+02 4.871580800000000300e+01 5.311105859375000200e+01 6.337146400000000300e+01
1.261531934878896100e-02 7.745641640624999100e+02 1.198471680000000000e+02 7.388815624999999700e+02 5.048927200000000000e+01 3.568260156249999700e+01 6.935789599999999700e+01
1.296807583220270200e-02 7.745645117187499400e+02 1.222513439999999900e+02 7.444668749999999600e+02 5.102256800000000000e+01 3.009763671875000000e+01 7.122877599999999600e+01
1.316650189820914500e-02 7.745666523437500900e+02 1.235842880000000000e+02 7.475738750000000400e+02 5.131112000000000300e+01 2.699277734374999900e+01 7.227316799999999800e+01
1.336943735075961900e-02 7.745639960937500100e+02 1.249265279999999900e+02 7.506335625000000400e+02 5.159572800000000100e+01 2.393043359374999900e+01 7.333079999999999600e+01
1.348358808941408200e-02 7.745625429687499900e+02 1.256824360000000000e+02 7.523709374999999700e+02 5.175709200000000000e+01 2.219160546875000200e+01 7.392534399999999600e+01
1.351890291196288300e-02 7.745651718749999200e+02 1.259131480000000100e+02 7.529026874999999600e+02 5.180604400000000000e+01 2.166248437499999800e+01 7.410710400000000700e+01
1.353876858781901400e-02 7.745700078125000800e+02 1.260402120000000000e+02 7.531803750000000300e+02 5.183214799999999700e+01 2.138963281250000000e+01 7.420806399999999300e+01
1.354994194231565900e-02 7.745803945312500200e+02 1.261089320000000100e+02 7.533205625000000500e+02 5.184573999999999900e+01 2.125983203124999900e+01 7.426319200000000400e+01
1.355622722626312700e-02 7.745944316406249800e+02 1.261454080000000000e+02 7.533881874999999600e+02 5.185267999999999900e+01 2.120624414062500000e+01 7.429272799999999700e+01
1.355976306120772200e-02 7.746084238281249600e+02 1.261645520000000000e+02 7.534194999999999700e+02 5.185620000000000100e+01 2.118892382812499900e+01 7.430835199999999900e+01
1.356337869546374500e-02 7.746381992187500600e+02 1.261816719999999900e+02 7.534420000000000100e+02 5.185934400000000000e+01 2.119619921874999900e+01 7.432232799999999900e+01
1.357151532343637100e-02 7.754513066406250300e+02 1.261060479999999900e+02 7.540408125000000200e+02 5.178608799999999900e+01 2.141049414062500100e+01 7.431995999999999500e+01
1.358981983458163400e-02 7.746693164062500000e+02 1.261584840000000200e+02 7.537036875000000000e+02 5.176845200000000300e+01 2.096562890625000000e+01 7.439003200000000500e+01
1.363100788645161800e-02 7.742429003906249800e+02 1.265353959999999900e+02 7.539741874999999700e+02 5.191624399999999900e+01 2.026871289062500000e+01 7.461915200000000000e+01
1.372367955226251300e-02 7.746014882812500000e+02 1.271700520000000000e+02 7.557424999999999500e+02 5.206913200000000300e+01 1.885898828124999900e+01 7.510092000000000200e+01
1.393218934944045000e-02 7.745656855468749900e+02 1.285025719999999900e+02 7.592509374999999600e+02 5.236666799999999700e+01 1.531474804687500000e+01 7.613590399999999600e+01
1.419022114839471100e-02 7.745565839843750400e+02 1.301492080000000200e+02 7.639446874999999900e+02 5.275200000000000200e+01 1.061189648437500000e+01 7.739720800000000600e+01
1.445411747129072800e-02 7.745676249999999100e+02 1.317921240000000000e+02 7.686945624999999600e+02 5.313656400000000000e+01 5.873062499999999600e+00 7.865555999999999400e+01
1.477079305876594400e-02 7.745640116882324300e+02 1.337722400000000100e+02 7.750404375000000500e+02 5.362190400000000100e+01 -4.764258117675781400e-01 8.015033599999999600e+01
1.536455942255783600e-02 7.745643574218750000e+02 1.372599280000000000e+02 7.873673750000000400e+02 5.452100000000000100e+01 -1.280301757812500100e+01 8.273892800000000100e+01
1.670053337836545000e-02 7.745643671875000100e+02 1.439054199999999900e+02 8.141923124999999600e+02 5.645075599999999800e+01 -3.962794531250000300e+01 8.745466399999999400e+01
1.970647622982914900e-02 7.745643125000000300e+02 1.541663159999999900e+02 8.629288125000000500e+02 6.010785200000000100e+01 -8.836450000000000700e+01 9.405846400000000100e+01
2.060825777946134400e-02 7.745640312499999700e+02 1.562903479999999900e+02 8.747749374999999600e+02 6.101885999999999700e+01 -1.002109062499999900e+02 9.527148800000000500e+01
2.103096924106697200e-02 7.745648515624999400e+02 1.572097200000000000e+02 8.799450624999999500e+02 6.141089600000000100e+01 -1.053802109375000000e+02 9.579882399999999600e+01
2.116174435263697100e-02 7.745693125000000200e+02 1.574726240000000000e+02 8.814400000000000500e+02 6.152361599999999700e+01 -1.068706875000000000e+02 9.594900800000000600e+01
2.119518171502233300e-02 7.745692578125000400e+02 1.575368520000000100e+02 8.818121250000000400e+02 6.155079599999999800e+01 -1.072428671875000000e+02 9.598605600000000500e+01
2.121398968727788300e-02 7.745683281249999900e+02 1.575724400000000000e+02 8.820291250000000200e+02 6.156469599999999800e+01 -1.074607968750000000e+02 9.600774400000000200e+01
2.122456962507681200e-02 7.745804140625000400e+02 1.575900360000000000e+02 8.821751249999999800e+02 6.156890800000000000e+01 -1.075947109375000000e+02 9.602112800000000400e+01
2.123766251573746800e-02 7.746745156249999100e+02 1.575948720000000100e+02 8.824953749999999700e+02 6.155191200000000200e+01 -1.078208593750000000e+02 9.604295999999999400e+01
2.125105284019527000e-02 7.752557890625000700e+02 1.573670280000000000e+02 8.841079375000000500e+02 6.125576399999999900e+01 -1.088521484375000100e+02 9.611126400000000600e+01
2.128117925660461300e-02 7.743814843750000100e+02 1.574710520000000100e+02 8.844643125000000100e+02 6.125390800000000300e+01 -1.100828281250000100e+02 9.621714400000000500e+01
2.134896659531877000e-02 7.744138046875000300e+02 1.576744239999999900e+02 8.860363125000000100e+02 6.128590400000000200e+01 -1.116225078125000000e+02 9.638852000000000000e+01
2.150148629380491100e-02 7.745688281249999800e+02 1.580116360000000100e+02 8.879829999999999500e+02 6.142741999999999800e+01 -1.134141718749999900e+02 9.658421599999999800e+01
2.152293344692391200e-02 7.745705625000000500e+02 1.580507000000000100e+02 8.881964375000000000e+02 6.144587599999999800e+01 -1.136258749999999900e+02 9.660482399999999400e+01
2.153499910281198700e-02 7.745717031250000000e+02 1.580715079999999900e+02 8.883160000000000300e+02 6.145551600000000300e+01 -1.137442968750000000e+02 9.661599200000000600e+01
2.154178494607660400e-02 7.745725078125000200e+02 1.580829320000000000e+02 8.883835625000000400e+02 6.146078000000000000e+01 -1.138110546875000000e+02 9.662215200000000000e+01
2.155018273543208800e-02 7.745754687500000300e+02 1.580966200000000000e+02 8.884687500000000000e+02 6.146720400000000200e+01 -1.138932812500000000e+02 9.662941600000000600e+01
2.155233006235781800e-02 7.745768359374999400e+02 1.581000720000000100e+02 8.884910625000000000e+02 6.146887199999999800e+01 -1.139142265625000100e+02 9.663120000000000700e+01
2.155498665398011800e-02 7.745813359375000600e+02 1.581043399999999800e+02 8.885207500000000200e+02 6.147109199999999900e+01 -1.139394140625000100e+02 9.663324799999999500e+01
2.155648252834527600e-02 7.745892343750000500e+02 1.581066720000000000e+02 8.885420000000000300e+02 6.147239199999999900e+01 -1.139527656250000000e+02 9.663428000000000400e+01
2.155801032243499400e-02 7.746186953124999900e+02 1.581085760000000000e+02 8.885829999999999700e+02 6.147348000000000200e+01 -1.139643046875000000e+02 9.663509600000000400e+01
2.156145039820587700e-02 7.761806093750000200e+02 1.579830000000000000e+02 8.896304374999999700e+02 6.141255999999999900e+01 -1.134498281250000000e+02 9.657044000000000500e+01
2.156918948051792700e-02 7.757925703124999500e+02 1.577618600000000100e+02 8.896548749999999500e+02 6.122792400000000200e+01 -1.138623046875000000e+02 9.653393599999999700e+01
2.158660023937518400e-02 7.743850234374999700e+02 1.578904039999999900e+02 8.888591249999999500e+02 6.130722800000000200e+01 -1.144741015625000000e+02 9.658317599999999500e+01
2.162577879949372600e-02 7.740736093750000500e+02 1.580879160000000100e+02 8.890091250000000400e+02 6.144080400000000000e+01 -1.149355156249999900e+02 9.664711200000000700e+01
2.171392802069144900e-02 7.746567890625000200e+02 1.583224280000000000e+02 8.902964375000000200e+02 6.157397999999999900e+01 -1.156396484375000000e+02 9.674844799999999600e+01
2.191226413111046000e-02 7.746077812500000200e+02 1.585511480000000100e+02 8.944494375000000400e+02 6.144001200000000300e+01 -1.198416562500000000e+02 9.711113600000000200e+01
2.197362399801314900e-02 7.744992578124999900e+02 1.586447080000000100e+02 8.957118749999999600e+02 6.141362800000000300e+01 -1.212126171875000000e+02 9.723108000000000600e+01
2.203637817652099100e-02 7.745641484375000800e+02 1.587430039999999800e+02 8.968545625000000400e+02 6.141423600000000200e+01 -1.222904140625000100e+02 9.732876799999999700e+01
2.217757652906019900e-02 7.745424921874999900e+02 1.589825319999999900e+02 8.989981874999999700e+02 6.147133199999999700e+01 -1.244556953125000000e+02 9.751120000000000200e+01
2.249527209682513800e-02 7.745627968750000000e+02 1.594751599999999900e+02 9.039714999999999900e+02 6.158160000000000200e+01 -1.294087031249999900e+02 9.789355999999999400e+01
2.259355873236750000e-02 7.745514843749999700e+02 1.596399840000000000e+02 9.052718125000000100e+02 6.164535999999999700e+01 -1.307203281250000100e+02 9.799462400000000200e+01
2.264884514622214600e-02 7.745734062500000600e+02 1.597220959999999900e+02 9.059779375000000500e+02 6.167851999999999900e+01 -1.314045312499999900e+02 9.804357600000000200e+01
2.267994366333435000e-02 7.745814374999999900e+02 1.597298639999999900e+02 9.062904375000000500e+02 6.167958399999999800e+01 -1.317090000000000000e+02 9.805028000000000100e+01
2.271175021797341300e-02 7.745616406250000000e+02 1.597492920000000000e+02 9.065897499999999800e+02 6.168833999999999700e+01 -1.320281093750000100e+02 9.806095200000000000e+01
2.276899969488922100e-02 7.743719531249998900e+02 1.596818920000000000e+02 9.070265624999999500e+02 6.162117200000000100e+01 -1.326546093750000100e+02 9.806072000000000300e+01
2.284056226648225800e-02 7.745644218749999900e+02 1.598565920000000100e+02 9.078320625000000100e+02 6.172999999999999700e+01 -1.332676406250000100e+02 9.812659200000000200e+01
2.288081594096023600e-02 7.746292500000000700e+02 1.599265120000000000e+02 9.083613125000000500e+02 6.175940800000000100e+01 -1.337320625000000100e+02 9.816710399999999500e+01
2.290345863285410100e-02 7.746074843750000100e+02 1.599486839999999900e+02 9.085478124999999600e+02 6.176481199999999900e+01 -1.339403281250000100e+02 9.818387199999999400e+01
2.291619460295818100e-02 7.745879218749998900e+02 1.599539560000000100e+02 9.086130624999999600e+02 6.176372400000000300e+01 -1.340251406250000100e+02 9.819023199999999500e+01
2.292335913022794400e-02 7.745627500000000500e+02 1.599533199999999900e+02 9.086243749999999900e+02 6.176019999999999800e+01 -1.340616249999999900e+02 9.819311999999999300e+01
2.292738827000682900e-02 7.745827500000000300e+02 1.599476520000000100e+02 9.086530000000000200e+02 6.175369200000000100e+01 -1.340702499999999900e+02 9.819396000000000400e+01
2.293237645241943300e-02 7.746932031249999700e+02 1.599157080000000000e+02 9.087184999999999500e+02 6.172617999999999900e+01 -1.340252968750000100e+02 9.818952799999999600e+01
2.293747635386803700e-02 7.752363124999999400e+02 1.597351199999999900e+02 9.088013750000000100e+02 6.159461600000000200e+01 -1.335650625000000100e+02 9.814050400000000700e+01
2.294895149485154000e-02 7.750928281249999800e+02 1.596082040000000000e+02 9.087004375000000200e+02 6.147820399999999800e+01 -1.336076093750000100e+02 9.812999999999999500e+01
2.297477310113342500e-02 7.741521406249999000e+02 1.597833799999999900e+02 9.084333749999999600e+02 6.157869999999999800e+01 -1.342812343750000000e+02 9.820467999999999600e+01
2.303286990164694600e-02 7.744892812499999800e+02 1.599235119999999900e+02 9.089508124999999800e+02 6.167284000000000100e+01 -1.344615312500000100e+02 9.825067199999999400e+01
2.316358552645752000e-02 7.745935156250000100e+02 1.601506320000000000e+02 9.104367499999999600e+02 6.177136800000000200e+01 -1.358432343750000100e+02 9.837926400000000600e+01
2.345769967224687500e-02 7.745646406250000400e+02 1.605679880000000100e+02 9.139253750000000300e+02 6.190318800000000000e+01 -1.393607343749999900e+02 9.866480000000000000e+01
2.411945359847978200e-02 7.745647031250000500e+02 1.614261040000000100e+02 9.208713125000000400e+02 6.222154400000000200e+01 -1.463066093749999900e+02 9.920456000000000100e+01
2.421251265367525100e-02 7.745665156249999700e+02 1.615357999999999900e+02 9.217649999999999900e+02 6.226592800000000200e+01 -1.471984843749999900e+02 9.926987200000000700e+01
2.426485810017959400e-02 7.745623124999999600e+02 1.615946400000000000e+02 9.222426874999999900e+02 6.228977600000000300e+01 -1.476803750000000000e+02 9.930486399999999500e+01
2.427221994938307000e-02 7.745652656249999400e+02 1.616023000000000100e+02 9.223090624999999800e+02 6.229287600000000000e+01 -1.477437968749999900e+02 9.930942400000000700e+01
2.428132867805855900e-02 7.745844531249999800e+02 1.616072640000000100e+02 9.223821874999999900e+02 6.229464800000000200e+01 -1.477977343750000000e+02 9.931261600000000600e+01
2.428365736705571600e-02 7.746077656249999600e+02 1.616058560000000200e+02 9.224021249999999600e+02 6.229409600000000300e+01 -1.477943593750000000e+02 9.931176000000000700e+01
2.428654029854316500e-02 7.747375937499999700e+02 1.615918600000000000e+02 9.224718749999999500e+02 6.228692399999999900e+01 -1.477342812500000100e+02 9.930493599999999800e+01
2.428816095001346000e-02 7.748931562499999500e+02 1.615742200000000000e+02 9.225438749999999600e+02 6.227821200000000300e+01 -1.476507187500000100e+02 9.929600800000000000e+01
2.428981932479461600e-02 7.752337343750000400e+02 1.615359080000000100e+02 9.226805000000000500e+02 6.226081200000000100e+01 -1.474467656250000100e+02 9.927509600000000500e+01
2.429187089254662700e-02 7.762282031250000500e+02 1.614196480000000000e+02 9.230895625000000600e+02 6.220491200000000000e+01 -1.468613593750000100e+02 9.921473600000000200e+01
2.429397033988549600e-02 7.769447187499999900e+02 1.612895959999999900e+02 9.233944999999999900e+02 6.212494000000000200e+01 -1.464497812500000000e+02 9.916465599999999400e+01
2.429869155732895800e-02 7.764635781250000300e+02 1.610693200000000000e+02 9.226245625000000200e+02 6.197454400000000200e+01 -1.461609843750000000e+02 9.909477599999999600e+01
2.430931502202502900e-02 7.746668906249999500e+02 1.611534680000000000e+02 9.215500624999999700e+02 6.200976399999999700e+01 -1.468831718749999900e+02 9.914370400000000000e+01
2.433321999393604100e-02 7.740829062499999500e+02 1.613121720000000000e+02 9.216785625000000000e+02 6.209918799999999800e+01 -1.475956562499999900e+02 9.921298400000000600e+01
2.438700327894267900e-02 7.743171718749999900e+02 1.615001639999999800e+02 9.225603750000000200e+02 6.220649199999999700e+01 -1.482432031250000100e+02 9.929367200000000100e+01
2.445356170826083100e-02 7.746810312499999300e+02 1.616358520000000000e+02 9.233811250000000000e+02 6.228367600000000000e+01 -1.487000937500000100e+02 9.935217600000000000e+01
2.452163197180641900e-02 7.745402500000000100e+02 1.616870720000000000e+02 9.237401875000000500e+02 6.229743200000000100e+01 -1.491999375000000000e+02 9.938964000000000000e+01
2.455992113232667200e-02 7.750145625000000100e+02 1.614798519999999900e+02 9.243991250000000300e+02 6.211491600000000100e+01 -1.493845624999999900e+02 9.936493600000000000e+01
2.458145824103309700e-02 7.744533125000000400e+02 1.614761159999999900e+02 9.242483750000000100e+02 6.209318799999999800e+01 -1.497950625000000000e+02 9.938292800000000700e+01
2.462991818651913100e-02 7.744836718750000300e+02 1.615194360000000100e+02 9.248243125000000200e+02 6.208768400000000300e+01 -1.503406406249999900e+02 9.943175200000000300e+01
2.473895306386270100e-02 7.745510624999999400e+02 1.617386119999999900e+02 9.257895624999999900e+02 6.220855600000000200e+01 -1.512384999999999900e+02 9.953005600000000200e+01
2.498428226333402500e-02 7.745652031250000400e+02 1.619629080000000000e+02 9.272293750000000000e+02 6.232451600000000300e+01 -1.526641718749999900e+02 9.963839199999999600e+01
2.512227993803664200e-02 7.745706093750000000e+02 1.621198799999999900e+02 9.279294374999999500e+02 6.242894400000000100e+01 -1.533588281250000000e+02 9.969093599999999400e+01
2.543277760791067700e-02 7.745667031250000000e+02 1.624402360000000000e+02 9.300025624999999500e+02 6.259967600000000200e+01 -1.554358593750000100e+02 9.984055999999999600e+01
2.581701274333833900e-02 7.745643593749999800e+02 1.628048200000000100e+02 9.330958749999999800e+02 6.274199600000000000e+01 -1.585315156250000000e+02 1.000628240000000100e+02
2.591525585198355100e-02 7.745648906249999800e+02 1.628923880000000100e+02 9.338766875000000000e+02 6.277314799999999900e+01 -1.593117968750000000e+02 1.001192400000000000e+02
2.613630284643529000e-02 7.745488125000000500e+02 1.630746639999999800e+02 9.354297500000000100e+02 6.283599999999999900e+01 -1.608809374999999900e+02 1.002386640000000000e+02
2.663365568215854800e-02 7.745650937499999600e+02 1.635103159999999900e+02 9.391353749999999500e+02 6.300317199999999900e+01 -1.645702812499999900e+02 1.005071440000000000e+02
2.691341755906323900e-02 7.745636406250000600e+02 1.637431880000000000e+02 9.410821875000000300e+02 6.309184400000000200e+01 -1.665185468750000000e+02 1.006513439999999900e+02
2.707078180120141300e-02 7.746425312500000500e+02 1.636428520000000000e+02 9.428249375000000300e+02 6.292401999999999900e+01 -1.681824062500000100e+02 1.007188320000000100e+02
2.725962179356036400e-02 7.745476249999999300e+02 1.638666920000000000e+02 9.437532499999999800e+02 6.307661199999999700e+01 -1.692056250000000000e+02 1.007900800000000000e+02
2.761369278926782700e-02 7.745665156250000800e+02 1.641466760000000100e+02 9.459198750000000500e+02 6.324044399999999700e+01 -1.713533593750000000e+02 1.009062320000000000e+02
2.805185775025584300e-02 7.745624531250000500e+02 1.644572160000000200e+02 9.490631875000000300e+02 6.338041599999999700e+01 -1.745007343750000100e+02 1.010768000000000100e+02
2.829832735443231500e-02 7.745659218750000700e+02 1.646054360000000000e+02 9.508328125000000500e+02 6.344242800000000000e+01 -1.762668906250000000e+02 1.011630080000000000e+02
2.836134269432301000e-02 7.745612343750000300e+02 1.646381160000000000e+02 9.512718750000000200e+02 6.345494000000000100e+01 -1.767106406250000000e+02 1.011831760000000000e+02
2.839679099935638700e-02 7.745652343750000500e+02 1.646476000000000100e+02 9.515205624999999800e+02 6.345475199999999900e+01 -1.769553281249999900e+02 1.011928480000000000e+02
2.847654678388833800e-02 7.745469531249999600e+02 1.644944879999999900e+02 9.524696249999999500e+02 6.329320800000000000e+01 -1.779226718749999900e+02 1.012012800000000000e+02
2.865599947543008600e-02 7.745636250000000000e+02 1.646558959999999800e+02 9.532891250000000100e+02 6.340903999999999700e+01 -1.787255000000000100e+02 1.012468559999999900e+02
2.871151658183959300e-02 7.745053281250000100e+02 1.645720920000000000e+02 9.538078749999999700e+02 6.332065200000000300e+01 -1.793025468749999900e+02 1.012514400000000000e+02
2.876829596826625100e-02 7.745234531250000600e+02 1.646244280000000200e+02 9.540682500000000300e+02 6.335786000000000200e+01 -1.795447968750000000e+02 1.012665680000000100e+02
2.889605031317451700e-02 7.745784843750000200e+02 1.646999480000000100e+02 9.547199375000000100e+02 6.340558000000000000e+01 -1.801414531250000000e+02 1.012943680000000100e+02
2.918349613832154500e-02 7.745649375000000400e+02 1.647429439999999900e+02 9.563816249999999900e+02 6.340279999999999900e+01 -1.818166875000000000e+02 1.013401440000000000e+02
2.983025359759206700e-02 7.745652031249999300e+02 1.650487600000000200e+02 9.596058124999999600e+02 6.357487199999999900e+01 -1.850406093750000000e+02 1.014738880000000000e+02
3.128545352826103700e-02 7.745642656249999600e+02 1.655755879999999800e+02 9.665847499999999900e+02 6.381701999999999900e+01 -1.920204843750000000e+02 1.017585680000000000e+02
3.210400294517611100e-02 7.745641562500000000e+02 1.658439960000000000e+02 9.702894374999999600e+02 6.393053199999999900e+01 -1.957252812499999900e+02 1.019134640000000000e+02
3.235724243275491700e-02 7.745632968749999900e+02 1.659228400000000100e+02 9.714128124999999700e+02 6.396252799999999900e+01 -1.968495156250000100e+02 1.019603120000000000e+02
3.242199014315191200e-02 7.745632812499999300e+02 1.659403760000000100e+02 9.716788749999999500e+02 6.396876799999999700e+01 -1.971155937499999900e+02 1.019716080000000000e+02
3.256767466789001200e-02 7.745331874999999400e+02 1.659395519999999900e+02 9.719378749999999600e+02 6.395594400000000200e+01 -1.974046874999999900e+02 1.019836080000000000e+02
3.289546412310244400e-02 7.745654843749999800e+02 1.660389200000000200e+02 9.733176250000000200e+02 6.399652799999999800e+01 -1.987521406250000100e+02 1.020423920000000100e+02
3.363298967188212800e-02 7.745638281249999900e+02 1.662130799999999900e+02 9.760301250000000000e+02 6.404766399999999700e+01 -2.014662968750000100e+02 1.021654159999999900e+02
3.454567906193840200e-02 7.745638906250000000e+02 1.664348320000000000e+02 9.794508124999999800e+02 6.411493600000000000e+01 -2.048869218750000100e+02 1.023198960000000000e+02
3.460401961307593000e-02 7.745647187500000000e+02 1.664477120000000000e+02 9.796601875000000100e+02 6.411827999999999900e+01 -2.050954687500000100e+02 1.023294320000000000e+02
3.463683599172871100e-02 7.745675468749999500e+02 1.664543879999999900e+02 9.797749999999999800e+02 6.411966800000000400e+01 -2.052074531250000000e+02 1.023347200000000000e+02
3.465529429791054700e-02 7.745728906250000100e+02 1.664567240000000100e+02 9.798324999999999800e+02 6.411936400000000400e+01 -2.052596093750000000e+02 1.023373600000000000e+02
3.466567691377575600e-02 7.745997343750000300e+02 1.664531680000000100e+02 9.798704374999999800e+02 6.411539200000000000e+01 -2.052707031250000100e+02 1.023377760000000100e+02
3.467852605381241400e-02 7.753330468750000400e+02 1.662568440000000000e+02 9.799359375000000200e+02 6.400002000000000600e+01 -2.046028906249999900e+02 1.022568239999999900e+02
3.469166827495649700e-02 7.746681406249999800e+02 1.662975680000000100e+02 9.796184375000000300e+02 6.401327999999999500e+01 -2.049502968749999900e+02 1.022842880000000000e+02
3.472123464528926300e-02 7.742329687500000500e+02 1.663419240000000100e+02 9.795480000000000000e+02 6.402545999999999500e+01 -2.053150312500000000e+02 1.023164640000000000e+02
3.473786772358423300e-02 7.741479375000000100e+02 1.663514119999999800e+02 9.795675625000000100e+02 6.402485199999999600e+01 -2.054196250000000000e+02 1.023265600000000000e+02
3.474722310467686500e-02 7.742006718749999000e+02 1.663517840000000100e+02 9.796354374999999700e+02 6.402229599999999700e+01 -2.054347656250000100e+02 1.023294880000000000e+02
3.475248695743803800e-02 7.742730781249999800e+02 1.663488919999999800e+02 9.796964375000000000e+02 6.401919599999999400e+01 -2.054233593749999900e+02 1.023296960000000000e+02
3.475544678644377400e-02 7.743339218749999900e+02 1.663453880000000100e+02 9.797405000000000000e+02 6.401641999999999700e+01 -2.054065781250000100e+02 1.023289680000000000e+02
3.476210640170667600e-02 7.747573437500000200e+02 1.663008160000000000e+02 9.799488750000000400e+02 6.399000800000000300e+01 -2.051915312500000000e+02 1.023108079999999900e+02
3.477709126149648700e-02 7.747850156250000300e+02 1.662829160000000000e+02 9.800008125000000500e+02 6.397084400000000000e+01 -2.052157968750000000e+02 1.023120720000000000e+02
3.481081009781670400e-02 7.751495468749999400e+02 1.659959360000000000e+02 9.796054374999999900e+02 6.379552799999999700e+01 -2.044558906249999900e+02 1.022004080000000000e+02
3.482123914237220800e-02 7.746006562500000400e+02 1.660063200000000200e+02 9.792998125000000300e+02 6.378957599999999700e+01 -2.046991562499999900e+02 1.022167440000000100e+02
3.482710946990024600e-02 7.744230312499998900e+02 1.660167720000000000e+02 9.792291249999999500e+02 6.379110800000000100e+01 -2.048060937500000000e+02 1.022256639999999900e+02
3.483311037811971000e-02 7.743922812500000000e+02 1.660084720000000100e+02 9.792145000000000400e+02 6.378183200000000100e+01 -2.048222187499999900e+02 1.022266400000000000e+02
3.483648516354487900e-02 7.745652031249999300e+02 1.659798040000000000e+02 9.792604374999999700e+02 6.376370000000000000e+01 -2.046952343750000100e+02 1.022161040000000000e+02
3.484407915619978200e-02 7.744083906249999200e+02 1.659304760000000000e+02 9.790913124999999600e+02 6.372297199999999900e+01 -2.046829218750000100e+02 1.022075040000000000e+02
3.486116781601818200e-02 7.739260468749998800e+02 1.659491640000000000e+02 9.788848124999999500e+02 6.372158799999999700e+01 -2.049587656250000100e+02 1.022275760000000000e+02
3.487078145670052800e-02 7.739912656249999800e+02 1.659440680000000200e+02 9.789757499999999500e+02 6.371359600000000300e+01 -2.049844843749999900e+02 1.022304720000000100e+02
3.487618749732571100e-02 7.740714218749999400e+02 1.659343399999999900e+02 9.790416874999999700e+02 6.370524400000000000e+01 -2.049702656250000000e+02 1.022290960000000000e+02
3.488835471597379100e-02 7.745404218749999900e+02 1.658323719999999900e+02 9.791942500000000100e+02 6.364158799999999900e+01 -2.046538281249999900e+02 1.021907839999999900e+02
3.490340921879902400e-02 7.745338437499999600e+02 1.658356479999999900e+02 9.792604999999999800e+02 6.363546399999999900e+01 -2.047266562499999900e+02 1.022001839999999900e+02
3.491187665118994400e-02 7.745891249999999700e+02 1.658588879999999800e+02 9.793890625000000200e+02 6.364547199999999800e+01 -2.047999375000000000e+02 1.022134160000000000e+02
3.491664139553054400e-02 7.746687187500000400e+02 1.658657599999999900e+02 9.794800000000000200e+02 6.364744799999999700e+01 -2.048112812500000100e+02 1.022183120000000000e+02
3.492151350621743000e-02 7.749105468749999100e+02 1.658524119999999900e+02 9.796164999999999700e+02 6.363751599999999800e+01 -2.047059531250000100e+02 1.022148960000000000e+02
3.493247357891807900e-02 7.749336093749999500e+02 1.658292799999999800e+02 9.796219374999999400e+02 6.361374399999999700e+01 -2.046883281250000000e+02 1.022155360000000000e+02
3.495713882063251900e-02 7.745140156249999600e+02 1.658652040000000100e+02 9.795092499999999500e+02 6.362187600000000000e+01 -2.049952343750000000e+02 1.022433280000000100e+02
3.501262981090374300e-02 7.744300937499999700e+02 1.658996160000000100e+02 9.796741250000000000e+02 6.362472799999999800e+01 -2.052440312500000100e+02 1.022748880000000000e+02
3.513748816625542100e-02 7.745785624999999800e+02 1.659608559999999800e+02 9.801462500000000100e+02 6.363261599999999900e+01 -2.055676875000000100e+02 1.023282399999999900e+02
3.541841946579668600e-02 7.745452656249999600e+02 1.661173760000000100e+02 9.805073125000000100e+02 6.370962399999999800e+01 -2.059620468750000000e+02 1.024077520000000000e+02
3.576607459686525400e-02 7.745720312500000100e+02 1.663124839999999800e+02 9.808526249999999900e+02 6.385299599999999700e+01 -2.062805937500000100e+02 1.024594879999999900e+02
3.596162933855681600e-02 7.745805937499999300e+02 1.663869280000000100e+02 9.813886874999999500e+02 6.388709600000000000e+01 -2.068080937500000100e+02 1.024998320000000000e+02
3.607162761122382300e-02 7.745642812500000200e+02 1.664203440000000000e+02 9.817404374999999800e+02 6.389576799999999700e+01 -2.071761562499999900e+02 1.025245760000000000e+02
3.608709707046850500e-02 7.745637031250000700e+02 1.664246880000000000e+02 9.817903125000000300e+02 6.389668000000000300e+01 -2.072266093750000100e+02 1.025280080000000000e+02
3.609579954810398400e-02 7.745637187499999100e+02 1.664270160000000100e+02 9.818178749999999600e+02 6.389711200000000000e+01 -2.072541562499999900e+02 1.025299040000000000e+02
3.610069197134287800e-02 7.746299843750000500e+02 1.664206600000000000e+02 9.818366875000000400e+02 6.389466000000000200e+01 -2.072067031249999900e+02 1.025260000000000000e+02
3.610344577303546700e-02 7.750899531249999700e+02 1.663703280000000000e+02 9.819671250000000100e+02 6.387578400000000300e+01 -2.068771718749999900e+02 1.024945440000000000e+02
3.610626051238405300e-02 7.758205000000000400e+02 1.662771880000000000e+02 9.822278750000000400e+02 6.383124399999999800e+01 -2.064073750000000000e+02 1.024459440000000000e+02
3.611259802860809800e-02 7.759844843749999700e+02 1.661323239999999800e+02 9.821083125000000100e+02 6.374433200000000000e+01 -2.061238281249999900e+02 1.023879920000000000e+02
3.612685163652590300e-02 7.747914375000000300e+02 1.661843320000000100e+02 9.814152500000000100e+02 6.376059600000000000e+01 -2.066238125000000100e+02 1.024237360000000100e+02
3.615892225434097500e-02 7.741214218749999000e+02 1.662413200000000000e+02 9.811682499999999400e+02 6.377407199999999700e+01 -2.070468281249999900e+02 1.024672480000000000e+02
3.617696270231023800e-02 7.740132187499999600e+02 1.662514800000000200e+02 9.811650624999999800e+02 6.377231199999999900e+01 -2.071518437500000100e+02 1.024791680000000000e+02
3.618254575231712200e-02 7.740372031250000200e+02 1.662524799999999900e+02 9.811961250000000500e+02 6.377124800000000000e+01 -2.071589218750000000e+02 1.024812320000000100e+02
3.618825357942916800e-02 7.743358593749999300e+02 1.662229040000000000e+02 9.813068749999999900e+02 6.375840800000000300e+01 -2.069710156250000100e+02 1.024644960000000000e+02
3.620109691587953400e-02 7.746008281249999100e+02 1.661646519999999900e+02 9.813674999999999500e+02 6.372190799999999900e+01 -2.067666718749999900e+02 1.024427440000000000e+02
3.622999297199629800e-02 7.745910156250000700e+02 1.662321240000000000e+02 9.816140000000000300e+02 6.374813199999999800e+01 -2.070229843749999900e+02 1.024839920000000000e+02
3.629501345094872400e-02 7.745842656249999400e+02 1.662870159999999900e+02 9.818901250000000100e+02 6.375912799999999700e+01 -2.073058593750000100e+02 1.025278880000000000e+02
3.635901830230113500e-02 7.746068437500000500e+02 1.662783000000000000e+02 9.819509375000000100e+02 6.373949199999999800e+01 -2.073440937500000100e+02 1.025388080000000000e+02
3.637033239376522000e-02 7.746442812499999500e+02 1.662685200000000000e+02 9.819776875000000000e+02 6.372896800000000200e+01 -2.073334062500000000e+02 1.025395520000000000e+02
3.638190474481900500e-02 7.747514531250000100e+02 1.662445360000000100e+02 9.820294999999999800e+02 6.370713599999999800e+01 -2.072780468750000000e+02 1.025374000000000100e+02
3.638841346683847900e-02 7.749627656250000900e+02 1.662118879999999900e+02 9.821090625000000500e+02 6.368155999999999800e+01 -2.071462968749999900e+02 1.025303280000000000e+02
3.639207552978478100e-02 7.750639375000000700e+02 1.661881920000000200e+02 9.821456250000000000e+02 6.366331999999999900e+01 -2.070816874999999900e+02 1.025248720000000000e+02
3.639660522888081600e-02 7.751602031249999500e+02 1.661472760000000100e+02 9.821383124999999800e+02 6.363538799999999900e+01 -2.069781093750000000e+02 1.025118880000000000e+02
3.640123939252999000e-02 7.754804687500000000e+02 1.660724999999999900e+02 9.821845624999999700e+02 6.358970800000000200e+01 -2.067040937500000000e+02 1.024827920000000000e+02
3.641166843708548700e-02 7.749459375000000100e+02 1.660556800000000000e+02 9.818315000000000100e+02 6.356443999999999800e+01 -2.068855624999999900e+02 1.024912400000000000e+02
3.643512653285249600e-02 7.742928593750000300e+02 1.660733200000000000e+02 9.815266249999999700e+02 6.355462399999999700e+01 -2.072337656249999900e+02 1.025186960000000100e+02
3.648791305191455300e-02 7.742271718749999500e+02 1.661560200000000100e+02 9.816644374999999600e+02 6.360116399999999700e+01 -2.074372656250000100e+02 1.025548560000000000e+02
3.660667764166619000e-02 7.746543281250000100e+02 1.661899200000000000e+02 9.819638750000000300e+02 6.361881600000000200e+01 -2.073095468750000000e+02 1.025711040000000100e+02
3.687390087040051000e-02 7.745447656249999700e+02 1.662605720000000000e+02 9.819473749999999700e+02 6.365621999999999800e+01 -2.074026093750000000e+02 1.026043520000000100e+02
3.747515240960445200e-02 7.745655781250000000e+02 1.664555000000000000e+02 9.838841250000000400e+02 6.371300399999999800e+01 -2.093185468750000100e+02 1.027424960000000000e+02
3.766116605544224400e-02 7.745635156249999200e+02 1.664976800000000000e+02 9.844322499999999500e+02 6.371844000000000100e+01 -2.098687343750000000e+02 1.027792400000000000e+02
3.776579891258807800e-02 7.745662656249999100e+02 1.665193120000000100e+02 9.847331249999999700e+02 6.372026400000000000e+01 -2.101668593750000000e+02 1.027990480000000000e+02
3.787280833831791600e-02 7.745926406250000600e+02 1.665133640000000000e+02 9.848985625000000300e+02 6.369778800000000300e+01 -2.103059218750000000e+02 1.028155759999999900e+02
3.811357882076178000e-02 7.745590624999999800e+02 1.665505120000000000e+02 9.854956250000000200e+02 6.369172799999999800e+01 -2.109365625000000100e+02 1.028587840000000000e+02
3.824901421211924400e-02 7.745654062500000200e+02 1.665641599999999900e+02 9.858862500000000200e+02 6.368410399999999800e+01 -2.113208437499999900e+02 1.028800560000000000e+02
3.829091610510236600e-02 7.745706874999999600e+02 1.665635279999999900e+02 9.859975624999999600e+02 6.367733599999999700e+01 -2.114268750000000000e+02 1.028861919999999900e+02
3.833376688444321800e-02 7.746122031250000600e+02 1.665312999999999900e+02 9.860620625000000200e+02 6.364305199999999700e+01 -2.114498593749999900e+02 1.028882480000000000e+02
3.843018476520157500e-02 7.745566874999999500e+02 1.664891279999999900e+02 9.860818749999999700e+02 6.359233600000000300e+01 -2.115251874999999900e+02 1.028967920000000000e+02
3.864712572235613800e-02 7.745528593750000300e+02 1.665024840000000100e+02 9.863743124999999700e+02 6.357616399999999900e+01 -2.118214531250000100e+02 1.029263200000000000e+02
3.913523924871248300e-02 7.745653437500000100e+02 1.665687360000000000e+02 9.878733750000000100e+02 6.357139999999999700e+01 -2.133080312500000000e+02 1.029973360000000000e+02
4.023349831025567500e-02 7.745640468750000300e+02 1.666089719999999900e+02 9.908571250000000000e+02 6.351371600000000200e+01 -2.162930781249999900e+02 1.030952560000000100e+02
4.057327217114819300e-02 7.745638281250001000e+02 1.666147760000000100e+02 9.918154375000000300e+02 6.349700800000000100e+01 -2.172516093749999900e+02 1.031177680000000000e+02
4.076439297291744500e-02 7.745640156250000200e+02 1.666156800000000000e+02 9.923299375000000300e+02 6.348605599999999800e+01 -2.177659218750000000e+02 1.031296240000000100e+02
4.087190150706786200e-02 7.745656093750000100e+02 1.666152960000000000e+02 9.926121249999999900e+02 6.347931200000000000e+01 -2.180465156250000100e+02 1.031359839999999900e+02
4.093237197437225200e-02 7.745641093750000400e+02 1.666139640000000100e+02 9.927562500000000200e+02 6.347425200000000000e+01 -2.181921406250000100e+02 1.031397120000000000e+02
4.096638969538619200e-02 7.745589375000000700e+02 1.666073720000000000e+02 9.927931250000000300e+02 6.346599599999999700e+01 -2.182341874999999900e+02 1.031413759999999900e+02
4.098552411937031500e-02 7.746082187500001100e+02 1.665874440000000000e+02 9.928311250000000400e+02 6.344717200000000200e+01 -2.182229062499999900e+02 1.031402720000000000e+02
4.099628687013724700e-02 7.747782187499999500e+02 1.665399119999999900e+02 9.929329374999999800e+02 6.340848799999999800e+01 -2.181547187500000000e+02 1.031314240000000000e+02
4.100729337152817600e-02 7.747580624999999400e+02 1.665098079999999900e+02 9.929116874999999700e+02 6.338087199999999700e+01 -2.181536250000000100e+02 1.031289360000000000e+02
4.103206017600262400e-02 7.746740468749999300e+02 1.664058479999999900e+02 9.928704374999999800e+02 6.328705600000000000e+01 -2.181963906249999900e+02 1.031187920000000000e+02
4.108778330972527600e-02 7.743264687500000000e+02 1.664331720000000100e+02 9.926866874999999500e+02 6.329919600000000200e+01 -2.183602187500000000e+02 1.031339760000000000e+02
4.121316688963580500e-02 7.745504843750000000e+02 1.664215600000000000e+02 9.929835000000000500e+02 6.328544000000000100e+01 -2.184330156250000000e+02 1.031361200000000100e+02
4.149527341539994300e-02 7.745699687500000400e+02 1.664495560000000000e+02 9.934458124999999900e+02 6.329960400000000200e+01 -2.188758437500000000e+02 1.031499520000000000e+02
4.165395797341812200e-02 7.745652031249999300e+02 1.664593120000000100e+02 9.938191249999999900e+02 6.329771199999999700e+01 -2.192539218750000000e+02 1.031616000000000100e+02
4.174322003228613700e-02 7.745660468749999800e+02 1.664631560000000000e+02 9.940324375000000100e+02 6.329522800000000200e+01 -2.194663906250000000e+02 1.031679280000000000e+02
4.194405603749774800e-02 7.745566249999999400e+02 1.664480000000000100e+02 9.944280000000000000e+02 6.326947200000000000e+01 -2.198713750000000000e+02 1.031785280000000000e+02
4.239593777467213400e-02 7.745647031250000500e+02 1.664592720000000000e+02 9.954684375000000500e+02 6.324882399999999900e+01 -2.209037343750000000e+02 1.032104480000000000e+02
4.265012034502237100e-02 7.745644374999999400e+02 1.664699799999999900e+02 9.960873749999999500e+02 6.324295600000000000e+01 -2.215229375000000100e+02 1.032270240000000000e+02
4.279310039855130400e-02 7.745646093750000300e+02 1.664737279999999900e+02 9.964164375000000300e+02 6.323778399999999800e+01 -2.218518281250000000e+02 1.032359440000000000e+02
4.311479898995684800e-02 7.745619374999998900e+02 1.664675800000000000e+02 9.969941874999999500e+02 6.320963600000000300e+01 -2.224322500000000100e+02 1.032579439999999900e+02
4.383862807510215800e-02 7.745642500000000200e+02 1.664875559999999800e+02 9.986483749999999900e+02 6.319102800000000300e+01 -2.240841250000000000e+02 1.032965280000000000e+02
4.546723916398940500e-02 7.745642031249999500e+02 1.665135640000000000e+02 1.002288562500000000e+03 6.315335600000000200e+01 -2.277243593750000100e+02 1.033602080000000000e+02
4.913161774122713100e-02 7.745643281249999700e+02 1.665891760000000100e+02 1.009517812500000000e+03 6.313939200000000100e+01 -2.349534843749999900e+02 1.034497839999999900e+02
5.026527867911342200e-02 7.745637968749999800e+02 1.666447600000000200e+02 1.011717187500000000e+03 6.317296000000000300e+01 -2.371533906249999900e+02 1.034718000000000000e+02
5.142471334369473600e-02 7.745641250000001000e+02 1.666898160000000100e+02 1.013940000000000100e+03 6.319686399999999800e+01 -2.393758750000000100e+02 1.034929520000000000e+02
5.207689135255614400e-02 7.745644062499999300e+02 1.667288399999999900e+02 1.015170000000000000e+03 6.322773600000000000e+01 -2.406055937500000000e+02 1.035011040000000000e+02
5.244374184526483900e-02 7.745640625000000900e+02 1.667541039999999800e+02 1.015873562500000000e+03 6.324871199999999800e+01 -2.413095000000000100e+02 1.035053920000000000e+02
5.265009996282733100e-02 7.745640937499999800e+02 1.667670840000000100e+02 1.016260937500000000e+03 6.325921999999999900e+01 -2.416968437500000000e+02 1.035078640000000000e+02
5.271393941197060500e-02 7.745570000000000200e+02 1.667696239999999900e+02 1.016363312500000000e+03 6.326071999999999900e+01 -2.418063124999999900e+02 1.035089040000000000e+02
5.273025909660614800e-02 7.745495000000000800e+02 1.667691120000000100e+02 1.016377312500000000e+03 6.325995199999999800e+01 -2.418278124999999900e+02 1.035091599999999900e+02
5.275046138046684400e-02 7.745651718750000300e+02 1.667534200000000100e+02 1.016386937500000000e+03 6.324545200000000000e+01 -2.418217656250000100e+02 1.035079680000000100e+02
5.275562657226116900e-02 7.746038281250000600e+02 1.667418199999999900e+02 1.016417937500000000e+03 6.323485199999999700e+01 -2.418141093749999900e+02 1.035069680000000000e+02
5.276201632076178000e-02 7.749712656250000000e+02 1.666622079999999900e+02 1.016663875000000000e+03 6.316971999999999800e+01 -2.416926093749999900e+02 1.034924879999999900e+02
5.276855115891953400e-02 7.750224687500000300e+02 1.666327680000000000e+02 1.016723375000000000e+03 6.314189600000000300e+01 -2.417009062500000000e+02 1.034908720000000000e+02
5.278326325015392200e-02 7.746207499999999300e+02 1.666675239999999900e+02 1.016462937500000000e+03 6.316466799999999900e+01 -2.418421874999999900e+02 1.035028559999999900e+02
5.280146329674604400e-02 7.744945000000000200e+02 1.666663360000000000e+02 1.016372937500000000e+03 6.316283200000000200e+01 -2.418784374999999900e+02 1.035035040000000100e+02
5.280611196936092800e-02 7.744636718749999300e+02 1.666617440000000000e+02 1.016349687500000000e+03 6.315854399999999900e+01 -2.418860156250000000e+02 1.035032000000000100e+02
5.281187493054267900e-02 7.745910312500000100e+02 1.666152960000000000e+02 1.016431062500000100e+03 6.311925600000000000e+01 -2.418400312500000100e+02 1.034960399999999900e+02
5.281776557062271800e-02 7.748373125000000500e+02 1.665147680000000000e+02 1.016527812500000000e+03 6.303810399999999700e+01 -2.416904999999999900e+02 1.034766640000000000e+02
5.283101515811308700e-02 7.746210937500000000e+02 1.664958719999999900e+02 1.016419000000000000e+03 6.301096799999999800e+01 -2.417979062500000100e+02 1.034849040000000000e+02
5.286082818086300400e-02 7.742813125000000100e+02 1.665466200000000200e+02 1.016232375000000000e+03 6.304516400000000000e+01 -2.419510625000000100e+02 1.035014560000000000e+02
5.292791763832629900e-02 7.745577031249999900e+02 1.665650120000000000e+02 1.016433750000000000e+03 6.306506799999999700e+01 -2.418760468749999900e+02 1.034999440000000000e+02
5.307885731044614800e-02 7.745745781250000200e+02 1.666023040000000000e+02 1.016471250000000100e+03 6.310589600000000100e+01 -2.418966718750000100e+02 1.034964080000000000e+02
5.341847737630208600e-02 7.745700781250000100e+02 1.666624840000000100e+02 1.016881250000000000e+03 6.315872399999999900e+01 -2.423111718750000100e+02 1.035037600000000000e+02
5.418262397537451600e-02 7.745843750000000200e+02 1.667536680000000000e+02 1.018267375000000000e+03 6.322725200000000000e+01 -2.436829999999999900e+02 1.035264160000000000e+02
5.590194801970121300e-02 7.745643281249999700e+02 1.669105160000000000e+02 1.021529562500000000e+03 6.335588400000000300e+01 -2.469652343749999900e+02 1.035546320000000000e+02
5.686906924553155500e-02 7.745645156250000100e+02 1.669849600000000000e+02 1.023298937500000000e+03 6.342128799999999700e+01 -2.487344218750000100e+02 1.035636720000000000e+02
5.741307420961283500e-02 7.745640937499999800e+02 1.670310519999999900e+02 1.024330187500000000e+03 6.346412399999999800e+01 -2.497660937500000100e+02 1.035669280000000000e+02
5.748957128044533000e-02 7.745581718749999700e+02 1.670343279999999900e+02 1.024448374999999900e+03 6.346691200000000100e+01 -2.498902031250000000e+02 1.035674159999999900e+02
5.751323830531863300e-02 7.745744218749998700e+02 1.670329559999999800e+02 1.024493874999999900e+03 6.346569199999999700e+01 -2.499194531249999900e+02 1.035672639999999900e+02
5.752655173225815200e-02 7.745624843749999400e+02 1.670282680000000000e+02 1.024491125000000000e+03 6.346162799999999700e+01 -2.499286406250000100e+02 1.035666400000000100e+02
5.753404416215306100e-02 7.745655468750001100e+02 1.670229760000000000e+02 1.024499312500000100e+03 6.345686400000000300e+01 -2.499337656250000100e+02 1.035661120000000000e+02
5.753825176221022400e-02 7.745750937499999500e+02 1.670176400000000000e+02 1.024512062500000000e+03 6.345189599999999800e+01 -2.499369687500000100e+02 1.035657440000000000e+02
5.754256382682054100e-02 7.745923281249998800e+02 1.670066760000000000e+02 1.024532937499999900e+03 6.344157200000000100e+01 -2.499406093750000100e+02 1.035651040000000100e+02
5.755225581591774700e-02 7.749309843749999800e+02 1.668688880000000000e+02 1.024826624999999900e+03 6.331347199999999700e+01 -2.498956406250000000e+02 1.035554159999999900e+02
5.757406569317960500e-02 7.746535624999999100e+02 1.669234480000000100e+02 1.024677312500000000e+03 6.335973599999999800e+01 -2.500237500000000100e+02 1.035637120000000000e+02
5.762313501522563900e-02 7.744272968749999100e+02 1.669470120000000000e+02 1.024568937499999900e+03 6.338440400000000400e+01 -2.501416406250000100e+02 1.035626080000000000e+02
5.773354824431207300e-02 7.745724999999999900e+02 1.669783640000000000e+02 1.024847312500000000e+03 6.341657200000000200e+01 -2.502748125000000000e+02 1.035617920000000000e+02
5.798197075527370500e-02 7.745674687499999900e+02 1.670051599999999900e+02 1.025188312499999900e+03 6.344402399999999900e+01 -2.506208437500000100e+02 1.035611360000000000e+02
5.854091995404079500e-02 7.745652968750000600e+02 1.670656960000000000e+02 1.026156500000000100e+03 6.349771200000000000e+01 -2.515912031249999900e+02 1.035679840000000000e+02
5.923262038550818800e-02 7.745653906249999600e+02 1.671179159999999800e+02 1.027350375000000000e+03 6.354453999999999800e+01 -2.527849843749999900e+02 1.035733760000000000e+02
5.940947307039391700e-02 7.745659843749999700e+02 1.671373920000000100e+02 1.027677437500000000e+03 6.356239200000000300e+01 -2.531114531250000000e+02 1.035750000000000000e+02
5.946418928189599300e-02 7.745642656249999600e+02 1.671429320000000000e+02 1.027774062499999900e+03 6.356752399999999900e+01 -2.532097968749999900e+02 1.035754080000000000e+02
5.949496569996933600e-02 7.745641406249999400e+02 1.671459919999999800e+02 1.027828000000000000e+03 6.357033599999999800e+01 -2.532638593750000100e+02 1.035756560000000000e+02
5.951227779785973200e-02 7.745650937500000700e+02 1.671477360000000100e+02 1.027858562500000100e+03 6.357192800000000000e+01 -2.532934687499999900e+02 1.035758079999999900e+02
5.952201621564722600e-02 7.745665312500000300e+02 1.671487760000000000e+02 1.027876062500000000e+03 6.357284800000000000e+01 -2.533095312499999900e+02 1.035759280000000000e+02
5.953197516971357700e-02 7.745716406249998700e+02 1.671501079999999900e+02 1.027895749999999900e+03 6.357394000000000000e+01 -2.533241093750000100e+02 1.035761680000000000e+02
5.953505687403131500e-02 7.745745937499998500e+02 1.671506080000000100e+02 1.027902499999999900e+03 6.357433600000000200e+01 -2.533279062500000100e+02 1.035762720000000000e+02
5.953820822138447500e-02 7.745794062499999200e+02 1.671512520000000000e+02 1.027910312499999900e+03 6.357481200000000100e+01 -2.533309062500000000e+02 1.035764400000000100e+02
5.953998411878791400e-02 7.745835000000000700e+02 1.671517120000000000e+02 1.027915375000000000e+03 6.357512799999999900e+01 -2.533318750000000000e+02 1.035765840000000000e+02
5.954097653204277300e-02 7.745864062499999800e+02 1.671520120000000100e+02 1.027918500000000000e+03 6.357533200000000300e+01 -2.533320937500000100e+02 1.035766800000000000e+02
5.954322251993536500e-02 7.746265312499999700e+02 1.671513560000000200e+02 1.027928750000000000e+03 6.357607600000000000e+01 -2.533022187500000100e+02 1.035752800000000100e+02
5.954827164000396600e-02 7.756941718749999400e+02 1.670743400000000100e+02 1.028201624999999900e+03 6.356087600000000000e+01 -2.525074531250000100e+02 1.035134640000000000e+02
5.955962925836518600e-02 7.751545156249999300e+02 1.670288600000000100e+02 1.027888062499999900e+03 6.351792400000000100e+01 -2.527335468750000000e+02 1.035109360000000000e+02
5.958518244878135300e-02 7.743541406249999000e+02 1.670875720000000200e+02 1.027478499999999900e+03 6.352881200000000200e+01 -2.531243593750000100e+02 1.035587600000000100e+02
5.964267857811430400e-02 7.743383593749999800e+02 1.671330519999999900e+02 1.027568000000000000e+03 6.355193200000000100e+01 -2.532296406250000000e+02 1.035811200000000000e+02
5.971382474239134200e-02 7.746399062499999700e+02 1.671491039999999900e+02 1.027939687500000000e+03 6.356689600000000000e+01 -2.532997812500000000e+02 1.035822079999999900e+02
5.975384627341789200e-02 7.746375781250001200e+02 1.671515839999999900e+02 1.028001500000000100e+03 6.356947199999999800e+01 -2.533639218749999900e+02 1.035821120000000000e+02
5.979477896749129500e-02 7.745877656249999700e+02 1.671540200000000000e+02 1.028008875000000000e+03 6.357080400000000300e+01 -2.534211093749999900e+02 1.035832159999999900e+02
5.988687607825990400e-02 7.745338437500000700e+02 1.671619920000000000e+02 1.028114125000000100e+03 6.357708800000000300e+01 -2.535802812500000100e+02 1.035849039999999900e+02
6.009409312659268900e-02 7.745664062500001100e+02 1.671891119999999900e+02 1.028571937500000100e+03 6.360202400000000000e+01 -2.540055312499999900e+02 1.035870879999999900e+02
6.021065235355573700e-02 7.745647343750000600e+02 1.672001200000000000e+02 1.028783812500000100e+03 6.361226400000000300e+01 -2.542190781250000100e+02 1.035878560000000000e+02
6.027622127141216800e-02 7.745647187500000000e+02 1.672054919999999900e+02 1.028891625000000000e+03 6.361714800000000000e+01 -2.543269062500000100e+02 1.035883440000000100e+02
6.031309725867183700e-02 7.745668750000001000e+02 1.672083559999999800e+02 1.028947937500000100e+03 6.361961999999999800e+01 -2.543810625000000100e+02 1.035887360000000000e+02
6.033384507964340000e-02 7.745725156249999400e+02 1.672101519999999900e+02 1.028977374999999900e+03 6.362095200000000300e+01 -2.544048593750000000e+02 1.035892000000000100e+02
6.034551609166405300e-02 7.745844062499999200e+02 1.672116159999999900e+02 1.028994187500000000e+03 6.362180800000000100e+01 -2.544097812500000100e+02 1.035898080000000000e+02
6.037177151602079300e-02 7.747989843749999200e+02 1.671816440000000100e+02 1.028996312499999900e+03 6.360182799999999800e+01 -2.541973281250000100e+02 1.035798159999999900e+02
6.043084622082346700e-02 7.744595156249999900e+02 1.671835399999999900e+02 1.028696562500000000e+03 6.359270800000000200e+01 -2.542370468750000000e+02 1.035908320000000100e+02
6.056376575752605400e-02 7.745454531249999900e+02 1.671945999999999800e+02 1.028842750000000000e+03 6.359887200000000000e+01 -2.542972968750000000e+02 1.035957279999999900e+02
6.086283036241715800e-02 7.745644531249998900e+02 1.672325040000000100e+02 1.029481687499999900e+03 6.363364800000000100e+01 -2.549172343749999900e+02 1.035988560000000000e+02
6.153573297790498900e-02 7.745646718749999300e+02 1.672988279999999900e+02 1.030755312499999900e+03 6.369837199999999900e+01 -2.561906406250000100e+02 1.036004559999999900e+02
6.236844894894359700e-02 7.745639999999999600e+02 1.673704319999999900e+02 1.032246500000000000e+03 6.377120000000000000e+01 -2.576825000000000000e+02 1.035992320000000000e+02
6.274103918848889000e-02 7.745644218750001100e+02 1.674005880000000000e+02 1.032883125000000100e+03 6.380241199999999700e+01 -2.583187031250000100e+02 1.035981760000000000e+02
6.280690989283217700e-02 7.745642656249999600e+02 1.674058240000000000e+02 1.032993062500000000e+03 6.380783999999999900e+01 -2.584287968749999900e+02 1.035979840000000000e+02
6.287427792243718800e-02 7.745652656249999400e+02 1.674110920000000000e+02 1.033102374999999900e+03 6.381318799999999700e+01 -2.585371093750000000e+02 1.035979040000000000e+02
6.291216953729687800e-02 7.745648281250000800e+02 1.674139480000000000e+02 1.033162187500000100e+03 6.381608399999999600e+01 -2.585973593750000000e+02 1.035978640000000000e+02
6.292389278159409000e-02 7.745662656250001400e+02 1.674149320000000200e+02 1.033181312500000100e+03 6.381703600000000200e+01 -2.586150468750000200e+02 1.035978960000000100e+02
6.293588299086046200e-02 7.745858593749999300e+02 1.674171839999999900e+02 1.033209312499999900e+03 6.381872800000000000e+01 -2.586234531250000300e+02 1.035984560000000000e+02
6.294262675812450900e-02 7.746300468750000600e+02 1.674198840000000000e+02 1.033236562500000000e+03 6.382034800000000300e+01 -2.586065156249999900e+02 1.035995360000000000e+02
6.295780313626174500e-02 7.746082187500001100e+02 1.674167840000000100e+02 1.033204500000000100e+03 6.381717600000000300e+01 -2.585962812500000000e+02 1.035996080000000000e+02
6.299194563438083300e-02 7.745233437500000900e+02 1.674142760000000000e+02 1.033194562500000100e+03 6.381606800000000100e+01 -2.586712187499999800e+02 1.035982080000000000e+02
6.306876770604533100e-02 7.745607343750000400e+02 1.674235080000000000e+02 1.033378562500000000e+03 6.382556400000000000e+01 -2.588178281250000100e+02 1.035979440000000000e+02
6.324161011280760000e-02 7.745658281249999400e+02 1.674397720000000000e+02 1.033711687499999900e+03 6.384295600000000100e+01 -2.591458593749999900e+02 1.035968160000000000e+02
6.363052003698843600e-02 7.745646718750000400e+02 1.674754320000000100e+02 1.034440000000000100e+03 6.388228800000000300e+01 -2.598753281250000100e+02 1.035931440000000000e+02
6.450555575922274600e-02 7.745642968750000800e+02 1.675592280000000200e+02 1.036084250000000100e+03 6.397691600000000300e+01 -2.615199531249999700e+02 1.035823120000000000e+02
6.647439338873278900e-02 7.745643125000001400e+02 1.677511920000000000e+02 1.039788250000000100e+03 6.419842400000000300e+01 -2.652239374999999800e+02 1.035527680000000000e+02
6.758186274171147600e-02 7.745644374999999400e+02 1.678508760000000000e+02 1.041717562500000000e+03 6.431612400000000200e+01 -2.671531249999999900e+02 1.035347520000000000e+02
7.000000241429189800e-02 7.745642500000000200e+02 1.680822400000000100e+02 1.046299062500000000e+03 6.461341600000000100e+01 -2.717348124999999800e+02 1.034688240000000000e+02
