0.000000000000000000e+00 0.000000000000000000e+00 0.000000000000000000e+00 0.000000000000000000e+00 0.000000000000000000e+00 0.000000000000000000e+00 0.000000000000000000e+00
1.702443516221857200e-08 1.384860874999999900e+03 3.455343627929686200e-05 1.016001000000000000e+03 4.169526367187499900e-04 3.688598749999999900e+02 -3.823992004394531300e-04
1.400016649450342300e-03 1.384860343750000100e+03 3.414262399999999800e+01 1.016262437500000000e+03 2.006116799999999900e+01 3.685979062499999900e+02 1.408145599999999900e+01
2.843766449744309200e-03 1.384855843750000100e+03 6.838161800000000300e+01 1.014390750000000000e+03 3.975574000000000300e+01 3.704650937499999900e+02 2.862587800000000000e+01
3.448234095245132600e-03 1.384850500000000000e+03 8.208412400000000300e+01 1.011899000000000000e+03 4.732021999999999900e+01 3.729515000000000100e+02 3.476390399999999700e+01
3.500144337015080500e-03 1.384858843750000000e+03 8.323998000000000300e+01 1.011714250000000000e+03 4.794140800000000300e+01 3.731445937500000100e+02 3.529857200000000000e+01
3.564383435915665100e-03 1.384865125000000000e+03 8.466877600000000800e+01 1.011498125000000000e+03 4.870356000000000300e+01 3.733670000000000200e+02 3.596521599999999800e+01
3.630082625146617400e-03 1.384860187499999900e+03 8.612183199999999800e+01 1.011297812500000000e+03 4.947039999999999800e+01 3.735623749999999700e+02 3.665143200000000000e+01
3.711385148353290400e-03 1.384860437500000000e+03 8.791135600000001200e+01 1.011059562500000000e+03 5.040951600000000400e+01 3.738008750000000200e+02 3.750184000000000100e+01
3.794535537438889800e-03 1.384862968750000200e+03 8.972413600000000100e+01 1.010874687500000100e+03 5.134398000000000200e+01 3.739882812500000000e+02 3.838015599999999900e+01
3.897434200814733700e-03 1.384864218750000000e+03 9.194900400000000200e+01 1.010746937499999900e+03 5.246509600000000300e+01 3.741172812500000200e+02 3.948390800000000000e+01
3.923743455362871900e-03 1.384901062500000100e+03 9.250261599999998900e+01 1.010785625000000000e+03 5.273341599999999800e+01 3.741154374999999800e+02 3.976919999999999800e+01
3.982939521877962300e-03 1.384866062500000000e+03 9.374457599999999500e+01 1.010871000000000000e+03 5.331525200000000100e+01 3.739950625000000200e+02 4.042932400000000100e+01
4.116130183973357300e-03 1.384910187499999900e+03 9.631743199999999700e+01 1.012360312500000000e+03 5.424085999999999800e+01 3.725498749999999900e+02 4.207657199999999900e+01
4.191050175183796300e-03 1.384828125000000000e+03 9.784053600000000000e+01 1.013179125000000000e+03 5.481461199999999700e+01 3.716490000000000000e+02 4.302592400000000300e+01
4.359619749104318800e-03 1.384858125000000000e+03 1.009984120000000000e+02 1.015959125000000000e+03 5.583467600000000200e+01 3.688990000000000000e+02 4.516373600000000000e+01
4.738901615467864400e-03 1.384873437499999900e+03 1.082452040000000000e+02 1.021565750000000000e+03 5.841919200000000200e+01 3.633076874999999900e+02 4.982601199999999900e+01
5.080755177857361000e-03 1.384849874999999900e+03 1.146591720000000000e+02 1.027387937499999900e+03 6.060995200000000000e+01 3.574619374999999800e+02 5.404921999999999800e+01
5.082630347295447900e-03 1.384851468750000100e+03 1.146939920000000100e+02 1.027421187500000100e+03 6.062160000000000100e+01 3.574302812500000100e+02 5.407239200000000100e+01
5.086849397270550700e-03 1.384848312500000000e+03 1.147748120000000000e+02 1.027487500000000000e+03 6.065041999999999700e+01 3.573608125000000100e+02 5.412439200000000000e+01
5.096342259714533100e-03 1.384848968750000000e+03 1.149545119999999900e+02 1.027640937500000100e+03 6.071384799999999900e+01 3.572080312499999800e+02 5.424066400000000200e+01
5.117700793910530400e-03 1.384856062500000000e+03 1.153533400000000000e+02 1.027992999999999900e+03 6.085313200000000200e+01 3.568630625000000100e+02 5.450020800000000100e+01
5.165757983415079400e-03 1.384867656250000000e+03 1.162335320000000000e+02 1.028854374999999900e+03 6.114906800000000000e+01 3.560132812499999800e+02 5.508446399999999700e+01
5.273886253497350900e-03 1.384865468750000000e+03 1.182073159999999900e+02 1.030927250000000000e+03 6.179775600000000000e+01 3.539382187499999800e+02 5.640955999999999900e+01
5.380325278377728000e-03 1.384860843750000000e+03 1.201339720000000000e+02 1.033156937499999900e+03 6.241207200000000200e+01 3.517039062499999900e+02 5.772189999999999800e+01
5.388878443327254800e-03 1.384876750000000100e+03 1.202907879999999900e+02 1.033364375000000100e+03 6.246340800000000100e+01 3.515123750000000200e+02 5.782737999999999800e+01
5.393689395459882800e-03 1.384907187500000000e+03 1.203799240000000000e+02 1.033519250000000100e+03 6.249280000000000300e+01 3.513879375000000200e+02 5.788712400000000000e+01
5.399643196568817600e-03 1.385197468750000100e+03 1.204758200000000000e+02 1.034066312500000100e+03 6.251220399999999700e+01 3.511311562500000000e+02 5.796361600000000200e+01
5.405732215304072200e-03 1.385763437500000000e+03 1.205036680000000000e+02 1.035133812500000000e+03 6.246005600000000200e+01 3.506296249999999800e+02 5.804361200000000300e+01
5.419432751240174300e-03 1.384893031249999900e+03 1.206765719999999900e+02 1.034796374999999900e+03 6.249348400000000200e+01 3.500966562500000200e+02 5.818308799999999800e+01
5.450258794575217600e-03 1.384530187500000000e+03 1.212805960000000000e+02 1.035071437500000000e+03 6.273238400000000300e+01 3.494587500000000100e+02 5.854821199999999900e+01
5.519617310818475200e-03 1.384967781249999900e+03 1.224317959999999900e+02 1.037574499999999900e+03 6.306435599999999700e+01 3.473932812499999700e+02 5.936744000000000200e+01
5.675674053626394500e-03 1.384854624999999900e+03 1.251244279999999900e+02 1.041359250000000000e+03 6.387359200000000200e+01 3.434953750000000200e+02 6.125083600000000000e+01
6.026801724944214900e-03 1.384860062499999900e+03 1.312399959999999900e+02 1.049604875000000000e+03 6.569433999999999700e+01 3.352551874999999800e+02 6.554565599999999400e+01
6.816838660366939500e-03 1.384861906249999900e+03 1.445573600000000200e+02 1.068932749999999900e+03 6.959678400000000000e+01 3.159291562500000100e+02 7.496057600000000300e+01
7.261234639693704300e-03 1.384861375000000000e+03 1.517716000000000100e+02 1.080949249999999900e+03 7.154127200000000600e+01 3.039121250000000000e+02 8.023032800000000000e+01
8.261124780572995000e-03 1.384861531250000100e+03 1.675594079999999900e+02 1.108292375000000000e+03 7.567162399999999400e+01 2.765691562499999900e+02 9.188778399999999600e+01
9.498489577508572800e-03 1.384862187499999900e+03 1.862841119999999900e+02 1.140280999999999900e+03 8.054580000000000000e+01 2.445811875000000000e+02 1.057383119999999900e+02
1.076397574021040900e-02 1.384861921875000000e+03 2.044752720000000200e+02 1.175219750000000000e+03 8.465839200000000600e+01 2.096421718750000000e+02 1.198168800000000000e+02
1.361132090645902400e-02 1.384860453125000000e+03 2.435222000000000000e+02 1.251892625000000000e+03 9.353712799999999600e+01 1.329678281250000100e+02 1.499850720000000000e+02
1.521295158734675900e-02 1.384858507812500000e+03 2.635214639999999800e+02 1.305278749999999900e+03 9.871403999999999700e+01 7.957975781250000600e+01 1.648074240000000000e+02
1.566341090706147400e-02 1.384858242187499900e+03 2.688288719999999900e+02 1.321996500000000000e+03 1.001525680000000000e+02 6.286174218749999900e+01 1.686763039999999900e+02
1.571971864706818100e-02 1.384859828124999900e+03 2.694752639999999800e+02 1.324088250000000000e+03 1.003285920000000000e+02 6.077157812499999800e+01 1.691466720000000000e+02
1.575139077569484200e-02 1.384884078124999900e+03 2.698331759999999800e+02 1.325336624999999900e+03 1.004277360000000000e+02 5.954745312499999700e+01 1.694054400000000000e+02
1.582265566544379900e-02 1.385093156250000000e+03 2.703423760000000000e+02 1.327291250000000000e+03 1.005157040000000000e+02 5.780190625000000200e+01 1.698266720000000000e+02
1.598299906703998200e-02 1.384839507812500200e+03 2.722444160000000000e+02 1.333157875000000100e+03 1.010885920000000100e+02 5.168163281249999800e+01 1.711558240000000000e+02
1.634377269575850900e-02 1.384862339843750100e+03 2.760653919999999700e+02 1.346542875000000100e+03 1.022115199999999900e+02 3.831946484374999800e+01 1.738538720000000000e+02
1.679023139397140700e-02 1.384864201171875000e+03 2.804792079999999700e+02 1.363193500000000100e+03 1.035548079999999900e+02 2.167070117187499900e+01 1.769243999999999900e+02
1.724683531466681200e-02 1.384857778808593600e+03 2.847127120000000100e+02 1.380158124999999900e+03 1.048893680000000000e+02 4.699653808593749800e+00 1.798233439999999900e+02
1.827419543640095000e-02 1.384860705078125000e+03 2.930787839999999800e+02 1.416535875000000000e+03 1.077142080000000000e+02 -3.167516992187500000e+01 1.853645760000000000e+02
1.841866766910773800e-02 1.384864406250000000e+03 2.941615120000000200e+02 1.421480749999999900e+03 1.080781520000000000e+02 -3.661634374999999900e+01 1.860833600000000000e+02
1.843898411746242700e-02 1.384865699218749800e+03 2.943100400000000100e+02 1.422153499999999900e+03 1.081290159999999900e+02 -3.728780078124999900e+01 1.861810240000000100e+02
1.845041260722549500e-02 1.384931640625000000e+03 2.943885680000000200e+02 1.422511999999999900e+03 1.081566960000000000e+02 -3.758035937500000000e+01 1.862318720000000100e+02
1.845684064515366500e-02 1.385089523437500000e+03 2.944269040000000400e+02 1.422700624999999900e+03 1.081728080000000000e+02 -3.761110156249999600e+01 1.862540960000000000e+02
1.847130373049205000e-02 1.385083089843749800e+03 2.944943040000000000e+02 1.423039749999999900e+03 1.081925600000000000e+02 -3.795666015625000300e+01 1.863017440000000100e+02
1.850384697267289100e-02 1.384695449218750100e+03 2.947315040000000300e+02 1.423917750000000100e+03 1.082677120000000000e+02 -3.922230078124999900e+01 1.864637920000000100e+02
1.857706861749504700e-02 1.384858886718750000e+03 2.952856320000000200e+02 1.426457625000000000e+03 1.084725600000000000e+02 -4.159873828125000000e+01 1.868130720000000100e+02
1.874181829347200700e-02 1.384863628906250100e+03 2.964379040000000000e+02 1.431702375000000100e+03 1.088928800000000100e+02 -4.683874609374999700e+01 1.875450240000000100e+02
1.911250311416594700e-02 1.384860835937500000e+03 2.989137200000000100e+02 1.443178875000000100e+03 1.098181040000000100e+02 -5.831803906249999900e+01 1.890956160000000100e+02
1.994654623602390400e-02 1.384859367187500100e+03 3.040323440000000200e+02 1.468575875000000000e+03 1.118183600000000000e+02 -8.371650781249999800e+01 1.922139840000000100e+02
2.182313935969585800e-02 1.384860828125000100e+03 3.132090319999999800e+02 1.515073000000000100e+03 1.157186160000000000e+02 -1.302121718750000000e+02 1.974904160000000100e+02
2.196828247985631700e-02 1.384859734375000000e+03 3.138368320000000200e+02 1.518363625000000000e+03 1.159841440000000000e+02 -1.335038906250000000e+02 1.978526880000000000e+02
2.200539451760341900e-02 1.384861937500000100e+03 3.139951200000000400e+02 1.519240500000000100e+03 1.160497440000000000e+02 -1.343785624999999900e+02 1.979453760000000100e+02
2.202626743849719600e-02 1.384866156249999900e+03 3.140824480000000000e+02 1.519758750000000000e+03 1.160832480000000000e+02 -1.348925937500000000e+02 1.979992000000000000e+02
2.205210180614136000e-02 1.384989828125000000e+03 3.141571680000000100e+02 1.520697249999999900e+03 1.160725600000000000e+02 -1.357074218749999900e+02 1.980846080000000000e+02
2.205870666711933300e-02 1.386857906250000000e+03 3.138888959999999900e+02 1.523150000000000100e+03 1.157558559999999900e+02 -1.362920937499999900e+02 1.981330399999999900e+02
2.207356760431977400e-02 1.385254546875000000e+03 3.139121759999999900e+02 1.523208875000000000e+03 1.156450080000000000e+02 -1.379543281249999900e+02 1.982671680000000000e+02
2.210700276276654100e-02 1.384449171875000000e+03 3.141470959999999800e+02 1.524392000000000100e+03 1.156705520000000000e+02 -1.399428281250000100e+02 1.984765439999999900e+02
2.218223576978021700e-02 1.384790453124999900e+03 3.145202320000000200e+02 1.527566875000000000e+03 1.157223120000000000e+02 -1.427764218750000100e+02 1.987979200000000000e+02
2.235151263589995500e-02 1.384858218750000100e+03 3.151766400000000200e+02 1.532051250000000000e+03 1.159598880000000100e+02 -1.471930312499999900e+02 1.992167520000000100e+02
2.273238168416091100e-02 1.384900437500000000e+03 3.163800079999999800e+02 1.544303249999999900e+03 1.160801840000000000e+02 -1.594028125000000100e+02 2.002998240000000000e+02
2.320370612375249900e-02 1.384841781249999900e+03 3.179254479999999600e+02 1.558326499999999900e+03 1.164333680000000000e+02 -1.734847187500000100e+02 2.014920799999999900e+02
2.368574395989103700e-02 1.384852875000000000e+03 3.195035839999999900e+02 1.570533875000000100e+03 1.170085919999999900e+02 -1.856810000000000100e+02 2.024949920000000000e+02
2.375352959610120600e-02 1.384860421874999900e+03 3.197227199999999800e+02 1.572090124999999900e+03 1.171025280000000100e+02 -1.872297031249999900e+02 2.026201920000000000e+02
2.377450132987575500e-02 1.384896718750000000e+03 3.197818879999999800e+02 1.572578874999999900e+03 1.171312480000000000e+02 -1.876821562499999900e+02 2.026506400000000100e+02
2.377745011426513400e-02 1.384921750000000000e+03 3.197889200000000200e+02 1.572660000000000100e+03 1.171355440000000000e+02 -1.877382499999999900e+02 2.026533760000000100e+02
2.378046650746767200e-02 1.385067093749999900e+03 3.197886480000000200e+02 1.572837624999999900e+03 1.171359920000000000e+02 -1.877705312500000000e+02 2.026526560000000100e+02
2.378216452881358500e-02 1.385315109375000000e+03 3.197750159999999900e+02 1.573041250000000000e+03 1.171304720000000000e+02 -1.877261406250000000e+02 2.026445440000000000e+02
2.378598182641817500e-02 1.386814796875000000e+03 3.196028240000000000e+02 1.574045875000000000e+03 1.170466160000000000e+02 -1.872310781250000100e+02 2.025562080000000000e+02
2.379457074602851100e-02 1.386439921875000000e+03 3.192926720000000400e+02 1.574102124999999900e+03 1.168243200000000000e+02 -1.876622031249999900e+02 2.024683520000000100e+02
2.381389646523650300e-02 1.384515171875000100e+03 3.195292719999999900e+02 1.573286250000000100e+03 1.169634320000000000e+02 -1.887710781250000000e+02 2.025658400000000100e+02
2.385737673311551900e-02 1.384226859375000000e+03 3.198494560000000300e+02 1.573854000000000000e+03 1.171706400000000100e+02 -1.896271406250000100e+02 2.026788160000000100e+02
2.395520928609753300e-02 1.384973109375000100e+03 3.202339440000000100e+02 1.576570625000000100e+03 1.173586160000000000e+02 -1.915975156250000000e+02 2.028753280000000000e+02
2.417533318039179500e-02 1.384860031250000000e+03 3.209005599999999800e+02 1.581413125000000000e+03 1.176331680000000000e+02 -1.965530937499999900e+02 2.032673920000000000e+02
2.444773948997076100e-02 1.384864531249999800e+03 3.217086400000000000e+02 1.587596624999999900e+03 1.179497600000000000e+02 -2.027320937499999900e+02 2.037588800000000000e+02
2.460096706398181800e-02 1.384865375000000100e+03 3.221289199999999900e+02 1.591203500000000100e+03 1.180951280000000000e+02 -2.063381249999999900e+02 2.040337920000000100e+02
2.462251347266823000e-02 1.385060828124999900e+03 3.221405040000000200e+02 1.591769749999999900e+03 1.180985840000000000e+02 -2.067089218749999900e+02 2.040419200000000000e+02
2.464455134541954100e-02 1.385990593750000000e+03 3.216812160000000100e+02 1.592781125000000000e+03 1.177721280000000000e+02 -2.067905312499999900e+02 2.039090880000000000e+02
2.469413460885576400e-02 1.384192937500000000e+03 3.218285199999999700e+02 1.592509250000000100e+03 1.178225040000000000e+02 -2.083163125000000100e+02 2.040060159999999900e+02
2.472202584462338000e-02 1.384460765625000000e+03 3.219135919999999900e+02 1.593047624999999900e+03 1.178617520000000000e+02 -2.085868593749999900e+02 2.040518400000000000e+02
2.473039373542146000e-02 1.384566249999999900e+03 3.219434159999999600e+02 1.593211499999999900e+03 1.178787280000000000e+02 -2.086452500000000000e+02 2.040646879999999900e+02
2.473902166011630900e-02 1.384696250000000000e+03 3.219845199999999700e+02 1.593388124999999900e+03 1.179049840000000000e+02 -2.086918750000000100e+02 2.040795359999999900e+02
2.474387649296901400e-02 1.384840234375000100e+03 3.219964079999999700e+02 1.593534875000000100e+03 1.179100880000000000e+02 -2.086946406250000100e+02 2.040863200000000000e+02
2.474884054005836700e-02 1.385126765625000000e+03 3.219735359999999700e+02 1.593745750000000000e+03 1.178883040000000100e+02 -2.086189843750000000e+02 2.040852319999999900e+02
2.475163070377071500e-02 1.385421140625000100e+03 3.219233840000000000e+02 1.593877625000000100e+03 1.178525040000000000e+02 -2.084564843750000000e+02 2.040708799999999900e+02
2.475791312271669400e-02 1.386599875000000100e+03 3.215667120000000000e+02 1.594111750000000000e+03 1.176093039999999900e+02 -2.075118750000000000e+02 2.039574079999999900e+02
2.477205116568411200e-02 1.385513500000000000e+03 3.216600720000000100e+02 1.593841875000000100e+03 1.176249200000000000e+02 -2.083283749999999900e+02 2.040351520000000100e+02
2.480385591159812600e-02 1.384387640624999900e+03 3.219009280000000200e+02 1.593598874999999900e+03 1.177636640000000100e+02 -2.092112343750000000e+02 2.041372639999999900e+02
2.487541723998940000e-02 1.384828859374999900e+03 3.221592640000000100e+02 1.594460750000000000e+03 1.179372480000000000e+02 -2.096318906250000100e+02 2.042220160000000000e+02
2.503643282920873400e-02 1.384888203125000000e+03 3.225907200000000300e+02 1.596347625000000100e+03 1.181629920000000000e+02 -2.114594218750000000e+02 2.044277280000000000e+02
2.539871725486750000e-02 1.384861171874999900e+03 3.235792400000000300e+02 1.602329000000000000e+03 1.185767280000000000e+02 -2.174678281250000100e+02 2.050025120000000000e+02
2.621385591243023300e-02 1.384861218750000000e+03 3.254825599999999800e+02 1.614522875000000100e+03 1.194184480000000000e+02 -2.296616562499999900e+02 2.060641119999999900e+02
2.646603938585735000e-02 1.384862078124999900e+03 3.260286800000000100e+02 1.618082500000000000e+03 1.196602960000000000e+02 -2.332204218750000000e+02 2.063683839999999900e+02
2.653051739090059300e-02 1.384859124999999900e+03 3.261654080000000100e+02 1.618977249999999900e+03 1.197208640000000100e+02 -2.341181249999999900e+02 2.064445440000000100e+02
2.656678691882215900e-02 1.384860906250000000e+03 3.262413119999999900e+02 1.619478875000000000e+03 1.197543360000000000e+02 -2.346179687499999900e+02 2.064869760000000000e+02
2.660248957284876500e-02 1.384875125000000000e+03 3.263095120000000400e+02 1.619946375000000000e+03 1.197844560000000100e+02 -2.350712499999999900e+02 2.065250560000000100e+02
2.661396486871325400e-02 1.384909828124999900e+03 3.263229440000000100e+02 1.620093625000000000e+03 1.197893280000000000e+02 -2.351837968750000100e+02 2.065336159999999900e+02
2.662041891003109900e-02 1.385047750000000000e+03 3.263083120000000000e+02 1.620229000000000000e+03 1.197780880000000000e+02 -2.351812500000000100e+02 2.065302240000000000e+02
2.662241597035829700e-02 1.385140359375000100e+03 3.262953680000000000e+02 1.620291500000000000e+03 1.197697680000000000e+02 -2.351511406250000100e+02 2.065256000000000000e+02
2.662445983678691400e-02 1.385346781249999800e+03 3.262671599999999900e+02 1.620403499999999900e+03 1.197534320000000000e+02 -2.350567187499999900e+02 2.065137279999999900e+02
2.662905463574285000e-02 1.390145390624999900e+03 3.255319279999999900e+02 1.622246124999999900e+03 1.193786640000000000e+02 -2.321007343750000000e+02 2.061532640000000100e+02
2.663939618381741900e-02 1.385811859375000000e+03 3.254015919999999900e+02 1.619370625000000000e+03 1.192064879999999900e+02 -2.335587656250000100e+02 2.061951039999999900e+02
2.666265881622251900e-02 1.384431406250000000e+03 3.256686240000000200e+02 1.619276875000000000e+03 1.193390560000000000e+02 -2.348454687500000100e+02 2.063295679999999900e+02
2.671500623998141300e-02 1.384206437500000000e+03 3.259940720000000200e+02 1.620328125000000000e+03 1.195035440000000100e+02 -2.361216875000000100e+02 2.064905280000000100e+02
2.677978328400594200e-02 1.384985781249999900e+03 3.262672400000000200e+02 1.621956124999999900e+03 1.196393999999999900e+02 -2.369703437500000100e+02 2.066278399999999900e+02
2.681622183396040900e-02 1.385127609375000000e+03 3.262891599999999800e+02 1.622605749999999900e+03 1.196178480000000000e+02 -2.374781406250000100e+02 2.066713120000000000e+02
2.685348729170660600e-02 1.385671374999999900e+03 3.257423039999999900e+02 1.623293124999999900e+03 1.191789919999999900e+02 -2.376217499999999900e+02 2.065633120000000000e+02
2.693733522172029100e-02 1.384538687499999900e+03 3.261112399999999500e+02 1.624060375000000000e+03 1.193480079999999900e+02 -2.395216875000000100e+02 2.067632319999999900e+02
2.698450016991654800e-02 1.384864296875000000e+03 3.262641679999999800e+02 1.624916750000000100e+03 1.194218000000000000e+02 -2.400524531250000000e+02 2.068423679999999900e+02
2.709062000318863600e-02 1.384944812500000100e+03 3.264196560000000300e+02 1.626190250000000100e+03 1.194631760000000000e+02 -2.412454375000000100e+02 2.069564800000000000e+02
2.732938832788135700e-02 1.384855984374999900e+03 3.269354720000000000e+02 1.628609375000000000e+03 1.197918399999999900e+02 -2.437533906250000100e+02 2.071436320000000000e+02
2.762486744512078100e-02 1.384831062499999900e+03 3.274271440000000000e+02 1.631839500000000000e+03 1.200854800000000000e+02 -2.470084375000000100e+02 2.073416640000000100e+02
2.792706063757482300e-02 1.384868796874999800e+03 3.279571199999999700e+02 1.635336624999999900e+03 1.204080479999999900e+02 -2.504678281250000100e+02 2.075490720000000000e+02
2.860699467051167100e-02 1.384860609375000000e+03 3.290994160000000200e+02 1.644185874999999900e+03 1.209499280000000000e+02 -2.593252656249999900e+02 2.081494879999999900e+02
2.881734909130426500e-02 1.384830781250000000e+03 3.293950560000000100e+02 1.646868250000000000e+03 1.210644320000000000e+02 -2.620374687500000200e+02 2.083306240000000000e+02
2.903248293511950400e-02 1.384862968749999900e+03 3.297137680000000200e+02 1.649684749999999900e+03 1.212071760000000000e+02 -2.648217812500000200e+02 2.085065920000000100e+02
2.915349750999861300e-02 1.384862249999999900e+03 3.298597520000000100e+02 1.651132625000000000e+03 1.212688400000000000e+02 -2.662703750000000000e+02 2.085909120000000000e+02
2.942577900330713100e-02 1.384877062500000200e+03 3.300625840000000200e+02 1.654920000000000100e+03 1.212620400000000000e+02 -2.700429374999999900e+02 2.088005440000000000e+02
2.976272572606456600e-02 1.384893375000000100e+03 3.306163920000000200e+02 1.658672000000000000e+03 1.215855920000000100e+02 -2.737786249999999800e+02 2.090308000000000000e+02
3.010733044708189400e-02 1.384856125000000000e+03 3.310978800000000300e+02 1.663600750000000100e+03 1.217634960000000000e+02 -2.787446249999999800e+02 2.093343840000000000e+02
3.053378083710777500e-02 1.384856937500000000e+03 3.316143119999999800e+02 1.668451000000000000e+03 1.219862799999999900e+02 -2.835940625000000100e+02 2.096280319999999900e+02
3.077365690620073900e-02 1.384857500000000100e+03 3.318882879999999900e+02 1.670915999999999900e+03 1.221091519999999900e+02 -2.860584999999999800e+02 2.097791359999999900e+02
3.090858849523501300e-02 1.384867437500000100e+03 3.319975759999999800e+02 1.672302875000000100e+03 1.221445360000000000e+02 -2.874354374999999800e+02 2.098530399999999900e+02
3.094308979265853600e-02 1.385116125000000000e+03 3.319034239999999700e+02 1.673102000000000100e+03 1.220474560000000000e+02 -2.879858750000000200e+02 2.098559679999999900e+02
3.102071251118353500e-02 1.384746374999999900e+03 3.317935679999999900e+02 1.674049874999999900e+03 1.219124640000000000e+02 -2.893034999999999900e+02 2.098811039999999900e+02
3.119536687828849300e-02 1.384863812500000000e+03 3.320150320000000200e+02 1.675504375000000000e+03 1.220523920000000000e+02 -2.906405624999999900e+02 2.099626399999999900e+02
3.129360768448843200e-02 1.384870343750000100e+03 3.319079120000000100e+02 1.676833750000000000e+03 1.219316080000000000e+02 -2.919634062499999900e+02 2.099763040000000000e+02
3.134887008823012500e-02 1.384806468750000000e+03 3.319973919999999900e+02 1.677164749999999900e+03 1.219911040000000100e+02 -2.923582812500000000e+02 2.100062880000000100e+02
3.147320789630996000e-02 1.384875624999999900e+03 3.321307279999999800e+02 1.678154624999999900e+03 1.220724080000000000e+02 -2.932790000000000000e+02 2.100583200000000100e+02
3.175297056482857100e-02 1.384862093750000000e+03 3.322832320000000000e+02 1.680644749999999900e+03 1.221372640000000000e+02 -2.957826562500000000e+02 2.101459680000000100e+02
3.238243201840224100e-02 1.384861531250000100e+03 3.328596880000000100e+02 1.685470000000000000e+03 1.224375120000000000e+02 -3.006084687499999900e+02 2.104221760000000100e+02
3.379872223919723500e-02 1.384860906250000000e+03 3.339915039999999600e+02 1.695754250000000000e+03 1.229123840000000000e+02 -3.108933437499999900e+02 2.110791199999999900e+02
3.555138190749882600e-02 1.384859062500000200e+03 3.352123760000000100e+02 1.706633250000000100e+03 1.233409840000000100e+02 -3.217741874999999800e+02 2.118713919999999900e+02
3.653725362100322000e-02 1.384859562500000000e+03 3.358051679999999800e+02 1.712099625000000100e+03 1.235038239999999900e+02 -3.272400625000000200e+02 2.123013440000000000e+02
3.667589069306646800e-02 1.384860687500000000e+03 3.358836719999999900e+02 1.712841375000000000e+03 1.235226640000000100e+02 -3.279806874999999900e+02 2.123610080000000000e+02
3.671133851387423800e-02 1.384862812500000000e+03 3.359029520000000300e+02 1.713026625000000000e+03 1.235268080000000000e+02 -3.281638125000000100e+02 2.123761440000000100e+02
3.673127791307861200e-02 1.384866218750000100e+03 3.359130960000000000e+02 1.713127750000000100e+03 1.235285840000000000e+02 -3.282615312500000200e+02 2.123845120000000000e+02
3.675595252954318200e-02 1.384876718749999800e+03 3.359209760000000000e+02 1.713228249999999900e+03 1.235274240000000000e+02 -3.283515312499999900e+02 2.123935520000000000e+02
3.676983053861382400e-02 1.384977249999999900e+03 3.359011120000000100e+02 1.713311625000000000e+03 1.235086000000000000e+02 -3.283343750000000200e+02 2.123925120000000100e+02
3.677338000130474200e-02 1.385056812500000000e+03 3.358865440000000100e+02 1.713344374999999900e+03 1.234990399999999900e+02 -3.282875624999999800e+02 2.123875040000000100e+02
3.678136564227457000e-02 1.385599343750000100e+03 3.357746399999999800e+02 1.713454375000000000e+03 1.234376000000000000e+02 -3.278550312500000200e+02 2.123370400000000000e+02
3.679933138420245200e-02 1.384930750000000000e+03 3.358058399999999900e+02 1.713182749999999900e+03 1.234328960000000000e+02 -3.282520000000000100e+02 2.123729439999999900e+02
3.683975365345544500e-02 1.384661062500000100e+03 3.358302079999999700e+02 1.713207000000000100e+03 1.234208800000000000e+02 -3.285459374999999800e+02 2.124093279999999900e+02
3.684543799443885200e-02 1.384675656250000000e+03 3.358254640000000100e+02 1.713226500000000000e+03 1.234149520000000000e+02 -3.285508437500000100e+02 2.124105120000000100e+02
3.685247191134649600e-02 1.384854062500000100e+03 3.357937440000000000e+02 1.713293875000000100e+03 1.233945279999999900e+02 -3.284398125000000200e+02 2.123992160000000000e+02
3.685426874557318200e-02 1.384935343749999900e+03 3.357801999999999800e+02 1.713319874999999900e+03 1.233868240000000000e+02 -3.283845312500000100e+02 2.123933759999999900e+02
3.685831747334589900e-02 1.385686906250000000e+03 3.356750399999999700e+02 1.713535374999999900e+03 1.233378080000000000e+02 -3.278484687499999900e+02 2.123372320000000000e+02
3.686742126007183700e-02 1.385276718749999900e+03 3.356120640000000300e+02 1.713231624999999900e+03 1.232817440000000000e+02 -3.279549062500000200e+02 2.123303200000000000e+02
3.688790933079839200e-02 1.384798937500000200e+03 3.357014639999999900e+02 1.713210250000000100e+03 1.233114800000000000e+02 -3.284113125000000100e+02 2.123899840000000000e+02
3.693400553967891900e-02 1.384655250000000000e+03 3.357372080000000100e+02 1.713380500000000000e+03 1.233001200000000100e+02 -3.287252500000000200e+02 2.124370879999999900e+02
3.695993351952592300e-02 1.384909124999999900e+03 3.357109040000000300e+02 1.713588749999999900e+03 1.232708080000000000e+02 -3.286796249999999900e+02 2.124400960000000100e+02
3.699201910204845400e-02 1.384984781250000000e+03 3.356945839999999600e+02 1.713714999999999900e+03 1.232418480000000000e+02 -3.287302187500000100e+02 2.124527359999999900e+02
3.700022317149156300e-02 1.385081250000000200e+03 3.356719359999999600e+02 1.713760375000000100e+03 1.232238720000000000e+02 -3.286791250000000000e+02 2.124480639999999900e+02
3.701037489482148600e-02 1.385688874999999800e+03 3.355254800000000200e+02 1.713836749999999900e+03 1.231401360000000000e+02 -3.281478750000000000e+02 2.123853440000000000e+02
3.702075804831953700e-02 1.386155218750000100e+03 3.352876319999999700e+02 1.713589250000000000e+03 1.229946240000000000e+02 -3.274340312499999800e+02 2.122930079999999900e+02
3.704412209394437900e-02 1.384627937499999900e+03 3.354012319999999900e+02 1.712938750000000000e+03 1.230230560000000000e+02 -3.283108125000000000e+02 2.123781760000000000e+02
3.709668534583759200e-02 1.384292375000000000e+03 3.355228240000000100e+02 1.713190625000000000e+03 1.230528880000000000e+02 -3.288982500000000200e+02 2.124699359999999900e+02
3.716173542545372900e-02 1.385007281249999800e+03 3.355909679999999800e+02 1.713813124999999900e+03 1.230855119999999900e+02 -3.288058437500000100e+02 2.125054560000000100e+02
3.717836719349117800e-02 1.385254250000000000e+03 3.355692480000000200e+02 1.713958000000000100e+03 1.230647520000000000e+02 -3.287037500000000100e+02 2.125044959999999900e+02
3.718351326430826400e-02 1.385402843750000100e+03 3.355480079999999800e+02 1.714012625000000100e+03 1.230493840000000000e+02 -3.286097812500000300e+02 2.124986240000000100e+02
3.718877635037890600e-02 1.386018937500000000e+03 3.354693120000000000e+02 1.714198124999999900e+03 1.230030560000000000e+02 -3.281791875000000100e+02 2.124662559999999900e+02
3.720061569369886900e-02 1.385750375000000100e+03 3.353944720000000100e+02 1.713893875000000000e+03 1.229471760000000000e+02 -3.281435000000000200e+02 2.124472959999999900e+02
3.720427957130437200e-02 1.385685812500000100e+03 3.353726239999999700e+02 1.713793875000000100e+03 1.229344799999999900e+02 -3.281080625000000200e+02 2.124381439999999900e+02
3.720633903976679900e-02 1.385773375000000000e+03 3.353467200000000000e+02 1.713777750000000000e+03 1.229225280000000000e+02 -3.280043749999999800e+02 2.124241920000000100e+02
3.720844531433063800e-02 1.386324093750000000e+03 3.352645440000000000e+02 1.713871249999999900e+03 1.228941760000000000e+02 -3.275471562500000000e+02 2.123703680000000100e+02
3.721318833260773400e-02 1.387525406249999800e+03 3.349327040000000000e+02 1.713969374999999900e+03 1.227168159999999900e+02 -3.264439687500000100e+02 2.122158880000000100e+02
3.722385752339223100e-02 1.385350281250000100e+03 3.348963919999999900e+02 1.712491375000000100e+03 1.226551440000000100e+02 -3.271410937499999800e+02 2.122412480000000100e+02
3.724786125240312600e-02 1.383896531250000000e+03 3.349864079999999800e+02 1.711816750000000000e+03 1.226726800000000000e+02 -3.279202187500000000e+02 2.123137280000000000e+02
3.730187029276238500e-02 1.384266062499999900e+03 3.350379360000000000e+02 1.712377250000000000e+03 1.226637600000000000e+02 -3.281111875000000300e+02 2.123741760000000100e+02
3.742338933340123200e-02 1.384938781249999900e+03 3.352728799999999900e+02 1.713571500000000000e+03 1.227357600000000000e+02 -3.286327187499999800e+02 2.125371199999999900e+02
3.757376953624264700e-02 1.384854531250000000e+03 3.354215439999999800e+02 1.713786875000000000e+03 1.227998319999999900e+02 -3.289323437499999700e+02 2.126217120000000000e+02
3.772756918482660100e-02 1.384814218749999800e+03 3.355560639999999900e+02 1.713811999999999900e+03 1.228669120000000000e+02 -3.289977812500000000e+02 2.126891520000000100e+02
3.781408246228218400e-02 1.384865781250000100e+03 3.356546160000000300e+02 1.713945250000000000e+03 1.229314640000000100e+02 -3.290794687499999900e+02 2.127231520000000000e+02
3.786274520572383700e-02 1.384868031250000100e+03 3.357040880000000100e+02 1.714006750000000000e+03 1.229636560000000000e+02 -3.291387187500000100e+02 2.127404320000000000e+02
3.789011637369791400e-02 1.384861156250000000e+03 3.357276560000000200e+02 1.714039375000000100e+03 1.229781680000000000e+02 -3.291782187499999800e+02 2.127494880000000100e+02
3.789396747570909100e-02 1.384862093750000000e+03 3.357303919999999900e+02 1.714045625000000000e+03 1.229796880000000000e+02 -3.291835312499999900e+02 2.127507040000000100e+02
3.789613095773022200e-02 1.384866343749999900e+03 3.357314559999999800e+02 1.714051125000000000e+03 1.229800800000000000e+02 -3.291847812500000100e+02 2.127513759999999900e+02
3.789735051670607700e-02 1.384876656250000000e+03 3.357311839999999800e+02 1.714056374999999900e+03 1.229799040000000000e+02 -3.291797187500000100e+02 2.127512800000000100e+02
3.789885611296837200e-02 1.384989968750000100e+03 3.357195120000000100e+02 1.714076000000000000e+03 1.229773520000000000e+02 -3.290860312500000200e+02 2.127421600000000100e+02
3.790039811397622600e-02 1.385288000000000000e+03 3.356852800000000300e+02 1.714123499999999900e+03 1.229686399999999900e+02 -3.288355000000000200e+02 2.127166400000000100e+02
3.790386696615914000e-02 1.386022468750000100e+03 3.355826559999999900e+02 1.714353125000000100e+03 1.229235999999999900e+02 -3.283306562500000000e+02 2.126590559999999900e+02
3.791167058340123200e-02 1.385186156250000100e+03 3.355971439999999600e+02 1.713926500000000000e+03 1.229151119999999900e+02 -3.287403437500000200e+02 2.126820319999999900e+02
3.792922807211118700e-02 1.384857875000000100e+03 3.356432800000000000e+02 1.713868375000000000e+03 1.229279200000000000e+02 -3.290104999999999800e+02 2.127153600000000000e+02
3.793910415951053800e-02 1.385405625000000100e+03 3.355475359999999800e+02 1.713967875000000000e+03 1.228876800000000000e+02 -3.285622500000000100e+02 2.126598559999999900e+02
3.796132665632855100e-02 1.384707468749999900e+03 3.355313840000000000e+02 1.713576499999999900e+03 1.228615920000000000e+02 -3.288690312499999800e+02 2.126697920000000000e+02
3.801132597399960200e-02 1.384601718750000100e+03 3.355625440000000000e+02 1.713743500000000000e+03 1.228540000000000000e+02 -3.291417812500000100e+02 2.127085439999999900e+02
3.803945124027431600e-02 1.385296968749999900e+03 3.354273119999999700e+02 1.713877999999999900e+03 1.227837440000000000e+02 -3.285810312500000200e+02 2.126435679999999900e+02
3.810273308939241000e-02 1.384713062500000000e+03 3.355847519999999800e+02 1.714110875000000100e+03 1.228265760000000000e+02 -3.293978124999999900e+02 2.127581759999999900e+02
3.824511464956916600e-02 1.384883187500000100e+03 3.357343119999999900e+02 1.714571124999999900e+03 1.229186160000000000e+02 -3.296879374999999800e+02 2.128156960000000000e+02
3.842131361802093900e-02 1.384871218750000000e+03 3.358884800000000200e+02 1.715128875000000100e+03 1.229984160000000100e+02 -3.302576562500000300e+02 2.128900640000000000e+02
3.844609224804421100e-02 1.384886125000000000e+03 3.358941439999999800e+02 1.715196999999999900e+03 1.229962880000000100e+02 -3.303108750000000100e+02 2.128978559999999900e+02
3.845242667376954500e-02 1.384907906250000000e+03 3.358910080000000000e+02 1.715218249999999900e+03 1.229921440000000000e+02 -3.303103437500000200e+02 2.128988640000000000e+02
3.846668173199050500e-02 1.385083625000000000e+03 3.358244480000000200e+02 1.715214250000000000e+03 1.229477600000000000e+02 -3.301306250000000100e+02 2.128766880000000000e+02
3.849875431281819100e-02 1.384752000000000000e+03 3.358775999999999700e+02 1.715139124999999900e+03 1.229681279999999900e+02 -3.303871250000000300e+02 2.129094719999999900e+02
3.857091631951101200e-02 1.384844218750000000e+03 3.359312880000000000e+02 1.715482749999999900e+03 1.229835120000000000e+02 -3.306385312500000300e+02 2.129477760000000000e+02
3.873328148465458200e-02 1.384869343750000100e+03 3.359315040000000200e+02 1.715816875000000000e+03 1.229262880000000000e+02 -3.309475312500000000e+02 2.130052159999999900e+02
3.882461319021733600e-02 1.384863187499999900e+03 3.359738400000000000e+02 1.716104374999999900e+03 1.229292959999999900e+02 -3.312411875000000200e+02 2.130445440000000000e+02
3.886571154760192600e-02 1.384877812499999900e+03 3.359755839999999700e+02 1.716191000000000000e+03 1.229178079999999900e+02 -3.313131875000000300e+02 2.130577759999999900e+02
3.891708384424793400e-02 1.384850062500000100e+03 3.360092720000000100e+02 1.716439125000000100e+03 1.229233680000000000e+02 -3.315890625000000100e+02 2.130859040000000000e+02
3.894598141119605400e-02 1.384862062499999900e+03 3.360195039999999800e+02 1.716562500000000000e+03 1.229208800000000000e+02 -3.317004375000000200e+02 2.130986240000000000e+02
3.901100028674457700e-02 1.384754968750000000e+03 3.359813839999999900e+02 1.716487249999999900e+03 1.228674960000000000e+02 -3.317322812500000300e+02 2.131138880000000000e+02
3.915729535706772400e-02 1.384825187500000100e+03 3.360096240000000300e+02 1.716973375000000000e+03 1.228282480000000000e+02 -3.321481875000000100e+02 2.131813760000000000e+02
3.923958568403976300e-02 1.384851968750000000e+03 3.360524879999999800e+02 1.717342500000000000e+03 1.228332080000000000e+02 -3.324905312500000000e+02 2.132192800000000000e+02
3.925115719244605400e-02 1.384859531250000100e+03 3.360564319999999700e+02 1.717385125000000000e+03 1.228323680000000000e+02 -3.325255937499999800e+02 2.132240640000000000e+02
3.925766584088221500e-02 1.384868093749999800e+03 3.360569439999999900e+02 1.717403624999999900e+03 1.228306400000000000e+02 -3.325355312500000200e+02 2.132263040000000000e+02
3.926132971848771800e-02 1.384875937500000200e+03 3.360561840000000300e+02 1.717411250000000100e+03 1.228288560000000000e+02 -3.325353124999999700e+02 2.132273280000000000e+02
3.926956759233740700e-02 1.385088875000000100e+03 3.360225919999999700e+02 1.717471500000000100e+03 1.228058880000000000e+02 -3.323826250000000200e+02 2.132167039999999900e+02
3.928810280849921700e-02 1.384854125000000100e+03 3.360421119999999700e+02 1.717393250000000100e+03 1.228098880000000000e+02 -3.325391250000000100e+02 2.132322240000000000e+02
3.932980964520226000e-02 1.384805593750000100e+03 3.360775840000000000e+02 1.717589500000000000e+03 1.228226240000000000e+02 -3.327839062499999700e+02 2.132549600000000100e+02
3.942365067786884200e-02 1.384862656249999900e+03 3.361384880000000000e+02 1.718156250000000000e+03 1.228386960000000000e+02 -3.332935937500000100e+02 2.132997920000000000e+02
3.963478780069072000e-02 1.384859874999999900e+03 3.362607439999999900e+02 1.719311999999999900e+03 1.228643759999999900e+02 -3.344521250000000200e+02 2.133963680000000000e+02
4.010985152771786400e-02 1.384860093750000000e+03 3.365138880000000100e+02 1.721915874999999900e+03 1.229174240000000000e+02 -3.370557812500000000e+02 2.135964640000000000e+02
4.037707536173419000e-02 1.384864312499999900e+03 3.365858160000000200e+02 1.722934874999999900e+03 1.228913360000000000e+02 -3.380705624999999900e+02 2.136944800000000000e+02
4.070776306859635900e-02 1.384858187500000000e+03 3.367218239999999700e+02 1.724597625000000100e+03 1.228993920000000100e+02 -3.397394375000000100e+02 2.138224319999999900e+02
4.089377571631225300e-02 1.384857968750000100e+03 3.367813439999999900e+02 1.725499375000000100e+03 1.228925760000000100e+02 -3.406414062499999900e+02 2.138887680000000000e+02
4.099840815569481800e-02 1.384903656250000000e+03 3.366882880000000000e+02 1.725722749999999900e+03 1.227844000000000100e+02 -3.408190937499999800e+02 2.139038879999999900e+02
4.110541990523283000e-02 1.384842250000000100e+03 3.366862400000000000e+02 1.725975625000000000e+03 1.227509280000000000e+02 -3.411333750000000000e+02 2.139353120000000100e+02
4.134619049093068300e-02 1.384859031250000000e+03 3.367153040000000000e+02 1.726937750000000100e+03 1.227102000000000000e+02 -3.420787187500000100e+02 2.140051039999999900e+02
4.188792950942878800e-02 1.384861156250000000e+03 3.368132400000000100e+02 1.729469125000000100e+03 1.226529520000000000e+02 -3.446079687500000000e+02 2.141602880000000100e+02
4.255833069971002400e-02 1.384860125000000200e+03 3.369574240000000000e+02 1.732194250000000000e+03 1.226316640000000000e+02 -3.473341249999999700e+02 2.143257600000000000e+02
4.293543185680678100e-02 1.384864062499999800e+03 3.370165040000000000e+02 1.733465124999999900e+03 1.226018640000000100e+02 -3.486010625000000100e+02 2.144146399999999900e+02
4.332110113080212700e-02 1.384859781250000000e+03 3.370733119999999900e+02 1.734679875000000000e+03 1.225663519999999900e+02 -3.498200937500000100e+02 2.145069599999999900e+02
4.379836734493491900e-02 1.384858343750000100e+03 3.371258320000000000e+02 1.736243750000000100e+03 1.225145680000000000e+02 -3.513854062500000200e+02 2.146112640000000100e+02
4.392039605201143000e-02 1.384861812500000000e+03 3.371437920000000200e+02 1.736649750000000000e+03 1.225068480000000100e+02 -3.517879375000000000e+02 2.146369440000000000e+02
4.398903980008094700e-02 1.384858500000000000e+03 3.371530639999999700e+02 1.736871500000000000e+03 1.225012560000000000e+02 -3.520129999999999800e+02 2.146518079999999900e+02
4.407398247280003300e-02 1.384856906250000100e+03 3.371585519999999900e+02 1.737103000000000100e+03 1.224885199999999900e+02 -3.522460937500000000e+02 2.146700319999999900e+02
4.412176110099266800e-02 1.384854593750000000e+03 3.371521119999999900e+02 1.737172125000000100e+03 1.224728159999999900e+02 -3.523175312500000000e+02 2.146792959999999900e+02
4.417063187155174200e-02 1.385672906250000100e+03 3.365683440000000200e+02 1.737720125000000100e+03 1.219870320000000000e+02 -3.520472187500000100e+02 2.145813120000000000e+02
4.419811745444039000e-02 1.384302718749999900e+03 3.366400320000000200e+02 1.736903875000000000e+03 1.219995360000000100e+02 -3.526011562499999700e+02 2.146404960000000100e+02
4.425996391644831900e-02 1.384589218749999900e+03 3.367532719999999800e+02 1.737154624999999900e+03 1.220738320000000000e+02 -3.525654062500000200e+02 2.146794400000000000e+02
4.439911845596614800e-02 1.384909906249999900e+03 3.368443200000000400e+02 1.737341249999999900e+03 1.221474560000000100e+02 -3.524313437500000000e+02 2.146968640000000100e+02
4.471222007038971900e-02 1.384868437500000300e+03 3.369475760000000300e+02 1.737772875000000100e+03 1.221787920000000000e+02 -3.529044374999999700e+02 2.147687840000000100e+02
4.509968097793381300e-02 1.384861031250000000e+03 3.370111600000000200e+02 1.738818500000000100e+03 1.221488240000000000e+02 -3.539574687499999800e+02 2.148623360000000000e+02
4.549594663322256000e-02 1.384861124999999900e+03 3.370388800000000100e+02 1.740004375000000000e+03 1.220961440000000000e+02 -3.551432500000000200e+02 2.149427360000000000e+02
4.638754565779172600e-02 1.384860343749999900e+03 3.371189359999999600e+02 1.742612374999999900e+03 1.220017680000000000e+02 -3.577520312500000200e+02 2.151171679999999900e+02
4.749090068585708200e-02 1.384858781250000000e+03 3.371803679999999900e+02 1.745252874999999900e+03 1.218548799999999900e+02 -3.603940937500000200e+02 2.153254880000000100e+02
4.764605771138217400e-02 1.384859406249999900e+03 3.371895280000000000e+02 1.745610124999999900e+03 1.218345680000000000e+02 -3.607507187499999800e+02 2.153549600000000100e+02
4.773333548849426800e-02 1.384861218750000000e+03 3.371932479999999800e+02 1.745799500000000100e+03 1.218214400000000000e+02 -3.609382812499999900e+02 2.153718079999999900e+02
4.782259472389974900e-02 1.384862062500000100e+03 3.371916880000000000e+02 1.745948750000000000e+03 1.218025840000000000e+02 -3.610866874999999800e+02 2.153891040000000000e+02
4.785021032373679200e-02 1.384932218749999900e+03 3.371756320000000100e+02 1.745967500000000000e+03 1.217831840000000100e+02 -3.610352812500000300e+02 2.153924480000000000e+02
4.785727284437307800e-02 1.385014781249999900e+03 3.371634239999999600e+02 1.745999250000000100e+03 1.217715039999999900e+02 -3.609844687500000200e+02 2.153919200000000000e+02
4.787315571478782700e-02 1.385367312500000000e+03 3.370901519999999900e+02 1.746030625000000100e+03 1.217083760000000000e+02 -3.606633125000000200e+02 2.153817760000000000e+02
4.790889997423791700e-02 1.384675406249999900e+03 3.371130640000000100e+02 1.745602124999999900e+03 1.217117040000000000e+02 -3.609267187500000200e+02 2.154013600000000100e+02
4.798932845850906900e-02 1.384801437500000000e+03 3.371440800000000300e+02 1.745807875000000000e+03 1.217211680000000100e+02 -3.610064375000000000e+02 2.154229120000000000e+02
4.817028604727174200e-02 1.384873218750000000e+03 3.371685200000000000e+02 1.746241749999999900e+03 1.217072560000000000e+02 -3.613685312499999900e+02 2.154612640000000000e+02
4.857743672147931500e-02 1.384860125000000200e+03 3.372033759999999900e+02 1.747159875000000100e+03 1.216607680000000000e+02 -3.622997500000000200e+02 2.155426080000000000e+02
4.908128880121794000e-02 1.384904312500000100e+03 3.372230319999999900e+02 1.748230375000000100e+03 1.215833360000000000e+02 -3.633260624999999800e+02 2.156396959999999900e+02
4.959659277377034100e-02 1.384901531250000100e+03 3.372479680000000100e+02 1.749295125000000100e+03 1.215116479999999900e+02 -3.643935937499999800e+02 2.157363200000000100e+02
5.075602151133531300e-02 1.384860125000000200e+03 3.373402160000000000e+02 1.751491375000000100e+03 1.213840400000000000e+02 -3.666312500000000200e+02 2.159561760000000000e+02
5.140820212646983500e-02 1.384860156250000000e+03 3.373904719999999900e+02 1.752733500000000000e+03 1.213150480000000000e+02 -3.678733437500000000e+02 2.160754240000000000e+02
5.177505274735588700e-02 1.384859968750000000e+03 3.374169279999999800e+02 1.753434000000000000e+03 1.212767840000000100e+02 -3.685740312500000200e+02 2.161401439999999900e+02
5.188854714194039000e-02 1.384859187500000200e+03 3.374241759999999900e+02 1.753644500000000100e+03 1.212642080000000000e+02 -3.687853124999999700e+02 2.161599679999999900e+02
5.195239066427551800e-02 1.384860437500000000e+03 3.374278160000000100e+02 1.753759499999999900e+03 1.212569520000000000e+02 -3.688990625000000100e+02 2.161708639999999900e+02
5.201767997507668300e-02 1.385086499999999900e+03 3.372872479999999800e+02 1.753856624999999900e+03 1.211373440000000000e+02 -3.687701250000000100e+02 2.161499039999999900e+02
5.216458872539621300e-02 1.384818874999999900e+03 3.373621360000000200e+02 1.753650249999999900e+03 1.211863920000000000e+02 -3.688313749999999800e+02 2.161757440000000100e+02
5.249512821293721800e-02 1.384863125000000100e+03 3.374141920000000100e+02 1.754283625000000000e+03 1.211743840000000000e+02 -3.694205000000000000e+02 2.162398080000000100e+02
5.323884075973500000e-02 1.384860156250000000e+03 3.374673680000000200e+02 1.755540000000000000e+03 1.210890639999999900e+02 -3.706798437499999700e+02 2.163783040000000100e+02
5.491219529019949300e-02 1.384860218750000100e+03 3.375558720000000200e+02 1.758182749999999900e+03 1.208890560000000000e+02 -3.733225312500000000e+02 2.166668160000000100e+02
5.698297002645438800e-02 1.384859656250000200e+03 3.377350639999999700e+02 1.761079500000000100e+03 1.207239280000000000e+02 -3.762198437500000000e+02 2.170111359999999900e+02
5.727417158609193800e-02 1.384859625000000100e+03 3.377685440000000200e+02 1.761506125000000100e+03 1.207124960000000000e+02 -3.766465000000000000e+02 2.170560480000000000e+02
5.743797213834568600e-02 1.384859687499999800e+03 3.377871840000000200e+02 1.761739624999999900e+03 1.207064960000000000e+02 -3.768799374999999800e+02 2.170806880000000100e+02
5.760549637600119500e-02 1.384857343750000200e+03 3.378018240000000100e+02 1.761943500000000100e+03 1.206965920000000000e+02 -3.770861562499999900e+02 2.171052320000000000e+02
5.762905544704860500e-02 1.384852031250000000e+03 3.378020159999999800e+02 1.761956875000000100e+03 1.206935040000000000e+02 -3.771048437499999900e+02 2.171085119999999900e+02
5.765821044755453000e-02 1.384857343749999900e+03 3.377894240000000000e+02 1.761945999999999900e+03 1.206792320000000000e+02 -3.770886562499999900e+02 2.171101920000000100e+02
5.766566301903597300e-02 1.384917156250000100e+03 3.377734960000000200e+02 1.761989000000000000e+03 1.206644400000000000e+02 -3.770718437500000300e+02 2.171090560000000100e+02
5.768243520537767700e-02 1.385657999999999900e+03 3.375928319999999900e+02 1.762498624999999900e+03 1.205212160000000000e+02 -3.768406249999999900e+02 2.170716160000000100e+02
5.772017132447703600e-02 1.384624656250000000e+03 3.376428639999999700e+02 1.761798375000000100e+03 1.205376960000000000e+02 -3.771737187499999800e+02 2.171051679999999900e+02
5.780507239177264100e-02 1.384755062500000100e+03 3.376961039999999900e+02 1.761807125000000000e+03 1.205763760000000000e+02 -3.770520624999999800e+02 2.171197280000000100e+02
5.785283541793146600e-02 1.384951343750000000e+03 3.377102879999999900e+02 1.761952250000000000e+03 1.205831199999999900e+02 -3.770009062500000100e+02 2.171271680000000100e+02
5.787969691946787800e-02 1.385025593750000100e+03 3.376819199999999900e+02 1.761993250000000000e+03 1.205546880000000000e+02 -3.769676562500000000e+02 2.171272319999999900e+02
5.794014439911116700e-02 1.384979968749999900e+03 3.374691599999999900e+02 1.761983375000000000e+03 1.203457839999999900e+02 -3.770034062500000100e+02 2.171233760000000100e+02
5.807614212712220600e-02 1.384807749999999900e+03 3.375788959999999900e+02 1.761713500000000100e+03 1.204329120000000000e+02 -3.769057500000000100e+02 2.171459840000000000e+02
5.838214481616393900e-02 1.384868750000000100e+03 3.376715120000000100e+02 1.762034750000000000e+03 1.204804080000000000e+02 -3.771660000000000000e+02 2.171911040000000000e+02
5.907065216667731200e-02 1.384863687500000200e+03 3.378299840000000200e+02 1.762997125000000100e+03 1.205164960000000000e+02 -3.781334375000000100e+02 2.173134880000000100e+02
6.061979370533241600e-02 1.384860937500000100e+03 3.381013840000000000e+02 1.765111000000000100e+03 1.205319440000000000e+02 -3.802500625000000100e+02 2.175694399999999900e+02
6.109905697979240600e-02 1.384858875000000100e+03 3.381785039999999800e+02 1.765761500000000100e+03 1.205350799999999900e+02 -3.809026250000000000e+02 2.176434240000000100e+02
6.158921567452709000e-02 1.384858500000000000e+03 3.382336320000000000e+02 1.766251375000000100e+03 1.205157440000000000e+02 -3.813928750000000000e+02 2.177178879999999900e+02
6.219578634416805100e-02 1.384856843750000100e+03 3.382942960000000300e+02 1.766848750000000100e+03 1.204865520000000000e+02 -3.819919062500000000e+02 2.178077440000000100e+02
6.281614401101577600e-02 1.384861187499999900e+03 3.383052079999999900e+02 1.767366874999999900e+03 1.203997840000000000e+02 -3.825056875000000200e+02 2.179054240000000100e+02
6.316509389844815500e-02 1.384861906250000200e+03 3.383838640000000200e+02 1.767791500000000000e+03 1.204218640000000000e+02 -3.829295937499999800e+02 2.179619999999999900e+02
6.336137788508648700e-02 1.384861375000000000e+03 3.384223040000000000e+02 1.768038624999999900e+03 1.204289600000000000e+02 -3.831772500000000200e+02 2.179933440000000100e+02
6.347178827765528900e-02 1.384860968750000000e+03 3.384440240000000100e+02 1.768177250000000000e+03 1.204327440000000000e+02 -3.833162812499999700e+02 2.180112800000000000e+02
6.358047204514953600e-02 1.384877437499999800e+03 3.384667840000000200e+02 1.768329000000000000e+03 1.204375840000000000e+02 -3.834515625000000200e+02 2.180292000000000000e+02
6.358527747156185500e-02 1.384889093750000000e+03 3.384686080000000200e+02 1.768342000000000100e+03 1.204383680000000000e+02 -3.834529062500000100e+02 2.180302399999999900e+02
6.359018691153288400e-02 1.384900250000000100e+03 3.384705040000000100e+02 1.768353875000000000e+03 1.204391280000000000e+02 -3.834536249999999900e+02 2.180313759999999900e+02
6.360124355282358000e-02 1.387466125000000100e+03 3.381021680000000100e+02 1.768589750000000100e+03 1.203323280000000000e+02 -3.811236250000000000e+02 2.177698399999999900e+02
6.362611319471071800e-02 1.384851781249999900e+03 3.381509039999999700e+02 1.767316624999999900e+03 1.203026160000000000e+02 -3.824648437500000000e+02 2.178482880000000000e+02
6.368206728861781900e-02 1.384085343750000000e+03 3.383783599999999900e+02 1.767264375000000000e+03 1.203607279999999900e+02 -3.831790312499999800e+02 2.180176319999999900e+02
6.380797570143415000e-02 1.384972718750000000e+03 3.384506400000000200e+02 1.768104125000000100e+03 1.204035200000000000e+02 -3.831314062500000000e+02 2.180471200000000100e+02
6.409126182925399500e-02 1.384858781250000000e+03 3.385216800000000000e+02 1.768438875000000100e+03 1.204170240000000000e+02 -3.835800937500000000e+02 2.181046560000000100e+02
6.472866211769608100e-02 1.384861156250000000e+03 3.386467680000000100e+02 1.769236750000000000e+03 1.204324000000000000e+02 -3.843755937500000100e+02 2.182143680000000100e+02
6.492585622297311600e-02 1.384864062499999800e+03 3.386807359999999700e+02 1.769449499999999900e+03 1.204347839999999900e+02 -3.845854375000000100e+02 2.182459519999999900e+02
6.495358623772473600e-02 1.384867218749999900e+03 3.386852640000000200e+02 1.769474125000000000e+03 1.204348959999999900e+02 -3.846069062500000100e+02 2.182503680000000100e+02
6.496918827153096200e-02 1.384921093750000000e+03 3.386911840000000200e+02 1.769513500000000000e+03 1.204372480000000000e+02 -3.845924062500000100e+02 2.182539360000000100e+02
6.497796181520799900e-02 1.384998218750000000e+03 3.386945839999999600e+02 1.769547125000000100e+03 1.204385039999999900e+02 -3.845489062500000200e+02 2.182560800000000000e+02
6.498693298464659800e-02 1.385669718749999900e+03 3.386366560000000200e+02 1.769713125000000000e+03 1.204233440000000000e+02 -3.840434062499999800e+02 2.182133120000000000e+02
6.500712201639186100e-02 1.385444750000000100e+03 3.385205760000000100e+02 1.769307250000000100e+03 1.203635040000000100e+02 -3.838625000000000100e+02 2.181570720000000000e+02
6.505255513883563500e-02 1.384301843750000000e+03 3.386154720000000100e+02 1.768699625000000000e+03 1.203725440000000000e+02 -3.843977812499999800e+02 2.182429280000000100e+02
6.515476926297822400e-02 1.384883812500000000e+03 3.386695200000000300e+02 1.769231749999999900e+03 1.204027520000000100e+02 -3.843479375000000000e+02 2.182667680000000100e+02
6.538474844196010000e-02 1.384861843749999900e+03 3.387207839999999800e+02 1.769512375000000000e+03 1.204093600000000100e+02 -3.846505312499999700e+02 2.183114239999999900e+02
6.590221069585569500e-02 1.384860375000000200e+03 3.388179920000000000e+02 1.770122125000000100e+03 1.204148079999999900e+02 -3.852617500000000100e+02 2.184031840000000100e+02
6.654256496936508700e-02 1.384863687500000000e+03 3.388860879999999700e+02 1.770639500000000000e+03 1.203782480000000000e+02 -3.857758124999999700e+02 2.185078399999999900e+02
6.663261470781675600e-02 1.384860593749999900e+03 3.388991040000000200e+02 1.770720750000000000e+03 1.203776640000000000e+02 -3.858601562499999900e+02 2.185214400000000100e+02
6.668326931090767800e-02 1.384860562500000000e+03 3.389060000000000100e+02 1.770765000000000100e+03 1.203769600000000000e+02 -3.859044374999999700e+02 2.185290400000000100e+02
6.671175862463786500e-02 1.384863750000000000e+03 3.389098799999999900e+02 1.770788500000000100e+03 1.203764879999999900e+02 -3.859247500000000200e+02 2.185333919999999900e+02
6.674089802310997900e-02 1.384881250000000100e+03 3.389146159999999700e+02 1.770811750000000100e+03 1.203762799999999900e+02 -3.859304999999999900e+02 2.185383359999999900e+02
6.675729055996239300e-02 1.384942968749999900e+03 3.389204160000000500e+02 1.770840124999999900e+03 1.203778240000000000e+02 -3.858971562500000200e+02 2.185425920000000100e+02
6.676651136194188000e-02 1.385085656250000100e+03 3.389206160000000000e+02 1.770890500000000000e+03 1.203768560000000000e+02 -3.858048437499999700e+02 2.185437599999999900e+02
6.678725686622624700e-02 1.384872656250000100e+03 3.389088320000000200e+02 1.770708000000000100e+03 1.203661440000000100e+02 -3.858353437499999900e+02 2.185426880000000000e+02
6.683393295069656200e-02 1.384754375000000000e+03 3.389098480000000100e+02 1.770664375000000100e+03 1.203616080000000000e+02 -3.859100000000000300e+02 2.185482399999999900e+02
6.693895544092429200e-02 1.384869874999999900e+03 3.389310560000000100e+02 1.770861625000000000e+03 1.203651680000000000e+02 -3.859917500000000200e+02 2.185658880000000000e+02
6.717525344359767700e-02 1.384861656250000100e+03 3.389811039999999600e+02 1.771132000000000100e+03 1.203753600000000000e+02 -3.862703437499999900e+02 2.186057439999999900e+02
6.770692915029076500e-02 1.384860343750000100e+03 3.390749359999999800e+02 1.771750125000000000e+03 1.203905840000000000e+02 -3.868897812500000000e+02 2.186843519999999900e+02
6.890319949035020300e-02 1.384861093750000000e+03 3.393085840000000000e+02 1.773190499999999900e+03 1.204514800000000000e+02 -3.883294062499999800e+02 2.188571039999999900e+02
7.000000166421693800e-02 1.384856843750000100e+03 3.395290400000000100e+02 1.774486625000000000e+03 1.205144959999999900e+02 -3.896297812500000100e+02 2.190145440000000000e+02
