0.000000000000000000e+00 0.000000000000000000e+00 0.000000000000000000e+00 0.000000000000000000e+00 0.000000000000000000e+00 0.000000000000000000e+00 0.000000000000000000e+00
-3.649638581748388200e-06 4.829913875000000200e+03 -2.316790307617187400e-02 3.360488750000000000e+03 -3.852584716796874900e-03 1.469425125000000000e+03 -1.931531835937500000e-02
1.396423385111723000e-03 4.829912500000000400e+03 1.777836400000000000e+01 3.346280499999999800e+03 9.307990999999999500e+00 1.483632000000000100e+03 8.470373000000000400e+00
4.021560295194356400e-03 4.829908500000000500e+03 4.250006600000000400e+01 3.340105750000000200e+03 2.290028600000000100e+01 1.489802750000000100e+03 1.959977999999999900e+01
9.928118161518208200e-03 4.829911000000000100e+03 6.319886400000000000e+01 3.388569000000000000e+03 3.598541600000000100e+01 1.441342000000000100e+03 2.721344800000000000e+01
2.055992261108045500e-02 4.829912374999999900e+03 6.272855599999999800e+01 3.416641749999999800e+03 3.512059200000000200e+01 1.413270625000000100e+03 2.760796399999999900e+01
3.287619041304746400e-02 4.829912500000000400e+03 3.351621500000000300e+01 3.384590250000000200e+03 1.629946299999999900e+01 1.445322249999999900e+03 1.721675200000000000e+01
4.687691866562607200e-02 4.829910625000000400e+03 -6.872899999999999900e+01 3.369509500000000100e+03 -4.372820800000000200e+01 1.460401125000000100e+03 -2.500079200000000100e+01
4.906453408735012000e-02 4.829657374999999800e+03 -9.613354800000000500e+01 3.406038000000000000e+03 -6.037198800000000200e+01 1.423619375000000000e+03 -3.576156000000000300e+01
4.947470835168195400e-02 4.828315749999999800e+03 -1.088841840000000000e+02 3.448969999999999800e+03 -6.799875199999999600e+01 1.379345750000000000e+03 -4.088543200000000200e+01
4.960160956940621500e-02 4.826619999999999900e+03 -1.145568360000000000e+02 3.472032999999999900e+03 -7.124776799999999400e+01 1.354587000000000000e+03 -4.330906800000000300e+01
4.967298787713467900e-02 4.824978875000000700e+03 -1.181927200000000100e+02 3.489371500000000200e+03 -7.317913600000000000e+01 1.335607375000000000e+03 -4.501358400000000200e+01
4.971314289064579500e-02 4.823718249999999900e+03 -1.203821319999999800e+02 3.500864250000000100e+03 -7.426058399999999400e+01 1.322854000000000000e+03 -4.612154799999999700e+01
4.973572464488366200e-02 4.822794750000000000e+03 -1.216569639999999900e+02 3.507856499999999900e+03 -7.486079999999999800e+01 1.314938249999999900e+03 -4.679616399999999700e+01
4.975882291830095700e-02 4.821749374999999400e+03 -1.229939479999999900e+02 3.515565999999999800e+03 -7.545779199999999800e+01 1.306183375000000100e+03 -4.753615599999999800e+01
4.978481137768855200e-02 4.820454625000000300e+03 -1.245542600000000000e+02 3.525338249999999800e+03 -7.609066400000000400e+01 1.295116375000000100e+03 -4.846359600000000300e+01
4.979780560738236000e-02 4.819825249999999900e+03 -1.253149560000000100e+02 3.530680499999999900e+03 -7.635161600000000700e+01 1.289144749999999900e+03 -4.896334000000000200e+01
4.982703827150369200e-02 4.817610749999999800e+03 -1.271379959999999900e+02 3.543549750000000100e+03 -7.692203999999999600e+01 1.274060999999999900e+03 -5.021595599999999800e+01
4.984348563503750900e-02 4.816003249999999800e+03 -1.282025800000000100e+02 3.550889000000000100e+03 -7.725996000000000700e+01 1.265114250000000100e+03 -5.094261999999999800e+01
4.986383300855536100e-02 4.814236875000000500e+03 -1.294941360000000000e+02 3.560984500000000000e+03 -7.760084799999999900e+01 1.253252375000000000e+03 -5.189328799999999800e+01
4.988464466897606800e-02 4.812305625000000000e+03 -1.308012239999999900e+02 3.572384000000000000e+03 -7.785603199999999900e+01 1.239921624999999900e+03 -5.294519199999999900e+01
4.989108084616696700e-02 4.811618625000000100e+03 -1.312056480000000000e+02 3.576041000000000200e+03 -7.792410400000000000e+01 1.235577624999999900e+03 -5.328154399999999700e+01
4.989766791660129500e-02 4.810874749999999900e+03 -1.316091160000000000e+02 3.579845750000000000e+03 -7.798079199999999400e+01 1.231029000000000000e+03 -5.362832399999999900e+01
4.991248447238881600e-02 4.808982500000000100e+03 -1.325742280000000100e+02 3.588556000000000000e+03 -7.813503199999999500e+01 1.220426500000000000e+03 -5.443919600000000300e+01
4.994582027201418400e-02 4.803722499999999900e+03 -1.347669200000000000e+02 3.609275500000000200e+03 -7.835242399999999900e+01 1.194446999999999900e+03 -5.641449600000000000e+01
4.996457165930344400e-02 4.799665624999999600e+03 -1.359852320000000000e+02 3.621042250000000000e+03 -7.837727999999999900e+01 1.178623374999999900e+03 -5.760795199999999700e+01
5.000676373160087300e-02 4.787520000000000400e+03 -1.384577679999999900e+02 3.649668250000000200e+03 -7.785029600000000000e+01 1.137851750000000000e+03 -6.060747200000000100e+01
5.003050039950959100e-02 4.777622875000000000e+03 -1.396956920000000100e+02 3.665985749999999800e+03 -7.727066399999999600e+01 1.111637125000000000e+03 -6.242502799999999800e+01
5.005986654611550200e-02 4.763329250000000700e+03 -1.407152960000000000e+02 3.687340250000000200e+03 -7.588924799999999500e+01 1.075989000000000000e+03 -6.482604800000000000e+01
5.007638935627103900e-02 4.753505874999999800e+03 -1.411008239999999900e+02 3.698987250000000100e+03 -7.485928800000000600e+01 1.054518624999999900e+03 -6.624153599999999600e+01
5.008540232577281300e-02 4.748017625000000400e+03 -1.412810240000000000e+02 3.705497499999999900e+03 -7.424571199999999700e+01 1.042520125000000000e+03 -6.703531200000000500e+01
5.009258136200828900e-02 4.743635874999999900e+03 -1.413743040000000000e+02 3.710971000000000000e+03 -7.366992000000000500e+01 1.032664874999999900e+03 -6.770438400000000500e+01
5.009363761471229100e-02 4.743007125000000100e+03 -1.413817359999999900e+02 3.711799750000000100e+03 -7.357916799999999600e+01 1.031207375000000000e+03 -6.780256799999999400e+01
5.009601128150316400e-02 4.742450687500000600e+03 -1.412710559999999900e+02 3.714525500000000200e+03 -7.325068000000000300e+01 1.027925187500000000e+03 -6.802037599999999900e+01
5.010136218805862800e-02 4.738776187500000600e+03 -1.413555519999999900e+02 3.718456250000000200e+03 -7.282233600000000700e+01 1.020319937500000000e+03 -6.853321599999999600e+01
5.011338721884271000e-02 4.728390625000000000e+03 -1.417576080000000000e+02 3.725492749999999900e+03 -7.200465599999999700e+01 1.002897875000000000e+03 -6.975295199999999300e+01
5.012827341766566000e-02 4.714786124999999600e+03 -1.421957600000000100e+02 3.734220750000000000e+03 -7.083896000000000000e+01 9.805653750000000200e+02 -7.135680000000000700e+01
5.014349622449319100e-02 4.700171562499999700e+03 -1.429453680000000000e+02 3.742569500000000100e+03 -6.986825600000000200e+01 9.576020624999999900e+02 -7.307711200000000000e+01
5.017774899075170400e-02 4.664382812500000000e+03 -1.443520000000000000e+02 3.749222000000000200e+03 -6.803797600000000000e+01 9.151608125000000200e+02 -7.631402400000000300e+01
5.019701689722039900e-02 4.642503499999999800e+03 -1.455665359999999900e+02 3.745753999999999900e+03 -6.783922400000000200e+01 8.967495000000000100e+02 -7.772731199999999800e+01
5.024036968677497000e-02 4.591555500000000400e+03 -1.494924159999999900e+02 3.721739250000000100e+03 -6.901710400000000300e+01 8.698162499999999700e+02 -8.047531200000000200e+01
5.026475635634770200e-02 4.562002062499999700e+03 -1.535152479999999900e+02 3.705965999999999900e+03 -7.102564800000000400e+01 8.560360624999999600e+02 -8.248959999999999600e+01
5.029492920144732600e-02 4.523287000000000300e+03 -1.604559919999999800e+02 3.685981249999999800e+03 -7.476384799999999600e+01 8.373057499999999900e+02 -8.569214399999999900e+01
5.030264797120737700e-02 4.513155062500000000e+03 -1.625430079999999900e+02 3.680755999999999900e+03 -7.599735200000000600e+01 8.323990625000000100e+02 -8.654565599999999400e+01
5.030698325016283400e-02 4.507079687499999600e+03 -1.638163519999999900e+02 3.677699000000000100e+03 -7.676279999999999900e+01 8.293806875000000200e+02 -8.705355199999999600e+01
5.031675068588175500e-02 4.490898000000000100e+03 -1.669219600000000100e+02 3.668697500000000200e+03 -7.861470400000000300e+01 8.222005000000000300e+02 -8.830725599999999500e+01
5.033872306355961100e-02 4.449687249999999900e+03 -1.744980239999999900e+02 3.645882999999999800e+03 -8.311140799999999700e+01 8.038042500000000200e+02 -9.138661600000000400e+01
5.035107889876198200e-02 4.431222187499999600e+03 -1.788234560000000200e+02 3.639568749999999900e+03 -8.566314400000000300e+01 7.916534375000000000e+02 -9.316031200000000500e+01
5.035803159513230900e-02 4.424108874999999900e+03 -1.813351040000000000e+02 3.640379500000000000e+03 -8.713949599999999400e+01 7.837293750000000000e+02 -9.419560799999999300e+01
5.036194321228890800e-02 4.421299312499999400e+03 -1.827736640000000000e+02 3.642233499999999800e+03 -8.799402399999999600e+01 7.790658124999999900e+02 -9.477964000000000100e+01
5.036898296245352600e-02 4.417525999999999800e+03 -1.855290000000000000e+02 3.648630999999999900e+03 -8.955571200000000000e+01 7.688949999999999800e+02 -9.597328799999999700e+01
5.037602271261814500e-02 4.414337562499999900e+03 -1.884092800000000000e+02 3.655902500000000100e+03 -9.124131199999999400e+01 7.584350624999999600e+02 -9.716796800000000200e+01
5.038482094942734600e-02 4.408898812499999600e+03 -1.922628720000000200e+02 3.662742249999999800e+03 -9.371829599999999500e+01 7.461565624999999500e+02 -9.854457600000000600e+01
5.039471606404455400e-02 4.401151374999999500e+03 -1.966937680000000100e+02 3.670497249999999900e+03 -9.650261600000000300e+01 7.306541250000000200e+02 -1.001911520000000000e+02
5.039966652314630000e-02 4.396260750000000400e+03 -1.990185440000000200e+02 3.673237000000000100e+03 -9.802409600000000000e+01 7.230237499999999500e+02 -1.009944480000000100e+02
5.041080360522865600e-02 4.379511249999999600e+03 -2.048664560000000000e+02 3.676012749999999900e+03 -1.019451840000000000e+02 7.034985000000000400e+02 -1.029212720000000000e+02
5.041706567483098700e-02 4.367486750000000000e+03 -2.083662239999999900e+02 3.676286999999999800e+03 -1.042975200000000100e+02 6.911997499999999900e+02 -1.040687040000000000e+02
5.042411122858188300e-02 4.351404375000000100e+03 -2.126484399999999900e+02 3.676098000000000000e+03 -1.073292320000000000e+02 6.753063750000000000e+02 -1.053192080000000000e+02
5.042763400545734200e-02 4.342755374999999700e+03 -2.148912080000000100e+02 3.675923499999999900e+03 -1.089096960000000000e+02 6.668318749999999700e+02 -1.059815120000000000e+02
5.043556170432367300e-02 4.319569999999999700e+03 -2.203697280000000100e+02 3.675196250000000000e+03 -1.127535599999999900e+02 6.443737499999999700e+02 -1.076161680000000000e+02
5.045340192856608000e-02 4.269666562500000500e+03 -2.334710400000000200e+02 3.690090000000000100e+03 -1.217402000000000000e+02 5.795765625000000200e+02 -1.117308400000000000e+02
5.046343632925414500e-02 4.243899812499999800e+03 -2.409383520000000100e+02 3.702139999999999900e+03 -1.271550320000000100e+02 5.417598124999999500e+02 -1.137833200000000000e+02
5.046484660072158400e-02 4.240117874999999900e+03 -2.419268559999999900e+02 3.703753000000000200e+03 -1.279345680000000000e+02 5.363648749999999800e+02 -1.139922880000000000e+02
5.046802116241988500e-02 4.232112937500000000e+03 -2.442117600000000300e+02 3.706432749999999900e+03 -1.296746960000000100e+02 5.256801874999999900e+02 -1.145370640000000000e+02
5.047195019033533900e-02 4.220622281250000000e+03 -2.470214639999999800e+02 3.709177000000000100e+03 -1.318771999999999900e+02 5.114452812499999900e+02 -1.151442640000000100e+02
5.047596627204508500e-02 4.208842656249999900e+03 -2.499508079999999900e+02 3.711844999999999800e+03 -1.341537600000000100e+02 4.969976562499999800e+02 -1.157970480000000000e+02
5.048500825947828400e-02 4.177278687500000200e+03 -2.568908880000000200e+02 3.717678750000000000e+03 -1.394125119999999900e+02 4.595999375000000100e+02 -1.174783760000000000e+02
5.049009220106460300e-02 4.156632406249999800e+03 -2.608647120000000000e+02 3.719813999999999900e+03 -1.424213920000000000e+02 4.368184062500000100e+02 -1.184433200000000000e+02
5.050153106963382900e-02 4.102315218750000000e+03 -2.708643920000000100e+02 3.721507000000000100e+03 -1.498088320000000000e+02 3.808082187499999800e+02 -1.210555600000000000e+02
5.050796724682472800e-02 4.069707187499999700e+03 -2.765172480000000000e+02 3.720260499999999900e+03 -1.538873280000000000e+02 3.494466875000000000e+02 -1.226299200000000000e+02
5.051593557079505500e-02 4.032700281250000000e+03 -2.830442800000000100e+02 3.717192500000000100e+03 -1.587042400000000000e+02 3.155077812499999900e+02 -1.243400400000000000e+02
5.052041593940766200e-02 4.011754156250000100e+03 -2.866243519999999900e+02 3.715101500000000200e+03 -1.612707360000000000e+02 2.966526562500000100e+02 -1.253536160000000000e+02
5.052499496898712300e-02 3.989928625000000000e+03 -2.903740880000000300e+02 3.711748500000000100e+03 -1.639601120000000100e+02 2.781801249999999800e+02 -1.264139760000000100e+02
5.053066507278830600e-02 3.958821250000000000e+03 -2.950454560000000000e+02 3.705383249999999900e+03 -1.673084159999999900e+02 2.534379999999999900e+02 -1.277370399999999900e+02
5.053646285548776800e-02 3.923590781250000000e+03 -3.000175040000000300e+02 3.695821750000000100e+03 -1.707510560000000100e+02 2.277690312500000100e+02 -1.292664480000000000e+02
5.053972447098036000e-02 3.900919859374999800e+03 -3.028142080000000100e+02 3.688753749999999900e+03 -1.726423200000000100e+02 2.121661093749999900e+02 -1.301718880000000000e+02
5.054706600763183400e-02 3.844810250000000000e+03 -3.093090879999999700e+02 3.669223250000000000e+03 -1.768657760000000100e+02 1.755869999999999900e+02 -1.324433119999999900e+02
5.055119235748100500e-02 3.813120390624999800e+03 -3.127833040000000400e+02 3.656753499999999800e+03 -1.790740800000000100e+02 1.563668906250000000e+02 -1.337092240000000100e+02
5.055862675151305600e-02 3.759059539062499900e+03 -3.183876000000000200e+02 3.629345499999999900e+03 -1.826979680000000000e+02 1.297140390625000100e+02 -1.356896319999999900e+02
5.056791248957025900e-02 3.675415906249999800e+03 -3.248917920000000100e+02 3.579225250000000000e+03 -1.866588480000000100e+02 9.619065625000000400e+01 -1.382329440000000000e+02
5.056921829648455800e-02 3.661542929687500000e+03 -3.256849599999999900e+02 3.570970499999999900e+03 -1.871580960000000000e+02 9.057242968750000500e+01 -1.385268639999999900e+02
5.057215491114514000e-02 3.629577257812499700e+03 -3.276273600000000100e+02 3.549102500000000000e+03 -1.881889280000000000e+02 8.047475781250000200e+01 -1.394384320000000100e+02
5.057877099951090000e-02 3.558190730468749700e+03 -3.322863680000000400e+02 3.504852249999999900e+03 -1.906933440000000000e+02 5.333848046874999900e+01 -1.415930240000000100e+02
5.058081386188348300e-02 3.535145957031250000e+03 -3.336684799999999900e+02 3.491080750000000100e+03 -1.914133760000000000e+02 4.406520703124999700e+01 -1.422551039999999900e+02
5.058290895653264100e-02 3.512506839843750200e+03 -3.351838239999999600e+02 3.477136250000000000e+03 -1.921626719999999900e+02 3.537058984374999700e+01 -1.430211520000000000e+02
5.058761566501038900e-02 3.470008513671874900e+03 -3.387269920000000000e+02 3.456104499999999900e+03 -1.939980480000000100e+02 1.390401367187499900e+01 -1.447289440000000100e+02
5.059344246564128500e-02 3.421514603515624900e+03 -3.426239840000000100e+02 3.432498250000000100e+03 -1.959636000000000100e+02 -1.098364648437500100e+01 -1.466603839999999900e+02
5.059939694517046800e-02 3.377724958984375000e+03 -3.458053760000000200e+02 3.403780749999999900e+03 -1.974324320000000100e+02 -2.605579101562500100e+01 -1.483729439999999900e+02
5.060677330333966000e-02 3.312249230468749800e+03 -3.493311039999999800e+02 3.357253999999999900e+03 -1.987404160000000100e+02 -4.500476953124999800e+01 -1.505906880000000000e+02
5.061092286753397100e-02 3.265853984375000000e+03 -3.512459999999999800e+02 3.322567250000000100e+03 -1.992694080000000000e+02 -5.671326562499999800e+01 -1.519765920000000100e+02
5.061325590922084000e-02 3.237452304687500100e+03 -3.523453920000000000e+02 3.302116750000000100e+03 -1.996164000000000000e+02 -6.466444531250000700e+01 -1.527289920000000100e+02
5.061564118318429000e-02 3.206298820312500100e+03 -3.534882719999999900e+02 3.280531750000000100e+03 -2.000616320000000000e+02 -7.423292968750000400e+01 -1.534266399999999900e+02
5.061698181161630000e-02 3.187188367187499800e+03 -3.540802240000000400e+02 3.267059249999999800e+03 -2.002669280000000100e+02 -7.987088281250000000e+01 -1.538132960000000100e+02
5.061999967648488800e-02 3.145297281249999700e+03 -3.556577919999999700e+02 3.238640249999999900e+03 -2.008370879999999900e+02 -9.334296874999999700e+01 -1.548207040000000100e+02
5.062679567602550200e-02 3.051189140625000200e+03 -3.591811520000000000e+02 3.179723000000000000e+03 -2.020073439999999900e+02 -1.285338593749999900e+02 -1.571738080000000100e+02
5.063061443580152400e-02 2.993622453125000000e+03 -3.606928480000000300e+02 3.142927749999999800e+03 -2.022042079999999900e+02 -1.493052968750000100e+02 -1.584886400000000000e+02
5.063534435862441400e-02 2.925359921874999600e+03 -3.624791520000000000e+02 3.098831499999999800e+03 -2.022385280000000000e+02 -1.734715781250000100e+02 -1.602406240000000000e+02
5.064018454958673500e-02 2.859839171874999900e+03 -3.640587679999999900e+02 3.048236500000000000e+03 -2.019619360000000100e+02 -1.883973281250000000e+02 -1.620968320000000100e+02
5.064290643155475200e-02 2.823892562500000200e+03 -3.647346719999999900e+02 3.017788250000000100e+03 -2.016540479999999900e+02 -1.938956875000000100e+02 -1.630806240000000000e+02
5.064627251160048300e-02 2.776319078125000000e+03 -3.653359679999999800e+02 2.975761000000000000e+03 -2.009112320000000100e+02 -1.994419218749999900e+02 -1.644247360000000000e+02
5.064971403826793600e-02 2.726449937500000000e+03 -3.658049919999999700e+02 2.931117499999999800e+03 -1.998736480000000000e+02 -2.046675625000000000e+02 -1.659313440000000000e+02
5.065397387060167900e-02 2.666618765624999900e+03 -3.663171199999999900e+02 2.877225500000000000e+03 -1.984411360000000000e+02 -2.106067343750000000e+02 -1.678759839999999900e+02
5.065833236390228400e-02 2.597085546875000100e+03 -3.666687200000000100e+02 2.815489000000000000e+03 -1.965452799999999900e+02 -2.184034531250000000e+02 -1.701234399999999900e+02
5.066617881256061500e-02 2.463102875000000000e+03 -3.672933440000000500e+02 2.700430249999999900e+03 -1.925139680000000100e+02 -2.373273749999999900e+02 -1.747793760000000100e+02
5.067157034422008200e-02 2.361211921875000400e+03 -3.672267840000000100e+02 2.613271000000000200e+03 -1.889417760000000000e+02 -2.520590781250000100e+02 -1.782850080000000000e+02
5.067598687338353800e-02 2.270891812500000000e+03 -3.667028000000000200e+02 2.531883249999999900e+03 -1.854174079999999900e+02 -2.609914375000000200e+02 -1.812853920000000000e+02
5.067874357686927300e-02 2.212881750000000000e+03 -3.661586240000000300e+02 2.476999249999999800e+03 -1.830214080000000100e+02 -2.641175000000000100e+02 -1.831372160000000000e+02
5.068012483040528600e-02 2.180666718749999700e+03 -3.656627200000000400e+02 2.446341500000000000e+03 -1.816062080000000100e+02 -2.656747812500000200e+02 -1.840565120000000000e+02
5.068183108477329600e-02 2.139679812500000000e+03 -3.649738720000000300e+02 2.407123750000000200e+03 -1.797585120000000000e+02 -2.674439375000000000e+02 -1.852153600000000000e+02
5.068357216065901700e-02 2.097503124999999700e+03 -3.642540639999999700e+02 2.366369999999999900e+03 -1.778086560000000100e+02 -2.688668749999999900e+02 -1.864454079999999900e+02
5.068573109475731800e-02 2.045258968749999900e+03 -3.634184159999999800e+02 2.314448500000000000e+03 -1.753087040000000100e+02 -2.691895312500000200e+02 -1.881097120000000000e+02
5.068694984787731900e-02 2.014921562500000200e+03 -3.629258399999999900e+02 2.284279250000000000e+03 -1.737941120000000100e+02 -2.693576875000000000e+02 -1.891317280000000100e+02
5.068819181534247500e-02 1.980887968750000000e+03 -3.623402720000000300e+02 2.250221500000000100e+03 -1.720782720000000000e+02 -2.693335312500000200e+02 -1.902620000000000000e+02
5.068888824569677000e-02 1.960713812499999700e+03 -3.619718080000000100e+02 2.229775749999999800e+03 -1.710458079999999900e+02 -2.690619375000000000e+02 -1.909259999999999900e+02
5.069046101758020700e-02 1.912596687499999900e+03 -3.610741120000000100e+02 2.180965749999999800e+03 -1.685528160000000100e+02 -2.683690624999999800e+02 -1.925212960000000100e+02
5.069134896628192700e-02 1.883874218750000000e+03 -3.604957440000000000e+02 2.152287499999999900e+03 -1.670617440000000000e+02 -2.684132812500000100e+02 -1.934340000000000000e+02
5.069333959637793700e-02 1.812223250000000000e+03 -3.588628640000000000e+02 2.082038500000000100e+03 -1.633369920000000100e+02 -2.698152499999999900e+02 -1.955258719999999900e+02
5.069445388494479800e-02 1.768396437500000000e+03 -3.576929279999999900e+02 2.039495875000000100e+03 -1.610128479999999900e+02 -2.710994375000000200e+02 -1.966800800000000000e+02
5.069584094206709700e-02 1.709889437500000000e+03 -3.558872639999999600e+02 1.982911000000000100e+03 -1.578278560000000000e+02 -2.730215625000000200e+02 -1.980594079999999900e+02
5.069725701712082100e-02 1.644801906250000000e+03 -3.535952800000000000e+02 1.920786125000000100e+03 -1.542160320000000100e+02 -2.759842187500000300e+02 -1.993792479999999900e+02
5.069768648250596400e-02 1.624465656249999900e+03 -3.528381279999999800e+02 1.901547000000000000e+03 -1.530808319999999900e+02 -2.770813437499999700e+02 -1.997572960000000000e+02
5.069848157382711400e-02 1.584501312500000000e+03 -3.512565760000000000e+02 1.863826125000000000e+03 -1.508223999999999900e+02 -2.793248125000000100e+02 -2.004341760000000100e+02
5.070027488198941600e-02 1.487659843750000200e+03 -3.470745120000000300e+02 1.774628500000000000e+03 -1.453556000000000100e+02 -2.869686562499999800e+02 -2.017189119999999900e+02
5.070128470600313700e-02 1.431844687500000000e+03 -3.444673760000000000e+02 1.724519624999999900e+03 -1.421701600000000100e+02 -2.926749375000000000e+02 -2.022972159999999900e+02
5.070253247705457100e-02 1.362517281250000000e+03 -3.409771680000000100e+02 1.663488374999999900e+03 -1.381046719999999900e+02 -3.009710937500000200e+02 -2.028724960000000100e+02
5.070380926603743800e-02 1.291492375000000000e+03 -3.371302000000000000e+02 1.602141125000000100e+03 -1.338172879999999900e+02 -3.106487500000000100e+02 -2.033129120000000100e+02
5.070452310715058800e-02 1.251411875000000000e+03 -3.348547199999999900e+02 1.567837250000000000e+03 -1.313444480000000000e+02 -3.164253749999999700e+02 -2.035102719999999900e+02
5.070541685943858600e-02 1.202567687500000100e+03 -3.319862400000000100e+02 1.525981500000000100e+03 -1.282462240000000100e+02 -3.234138125000000100e+02 -2.037400160000000000e+02
5.070632221889916800e-02 1.152292718749999900e+03 -3.289642640000000100e+02 1.483173749999999900e+03 -1.249507920000000100e+02 -3.308810312499999800e+02 -2.040134720000000100e+02
5.070744811463859900e-02 1.089868250000000000e+03 -3.251280800000000100e+02 1.429905874999999900e+03 -1.207837600000000000e+02 -3.400376249999999900e+02 -2.043443200000000100e+02
5.070859722472317900e-02 1.025142468750000000e+03 -3.210421920000000000e+02 1.374375375000000100e+03 -1.163292000000000000e+02 -3.492329062499999800e+02 -2.047129920000000100e+02
5.070924722638718600e-02 9.892656250000000000e+02 -3.187701520000000000e+02 1.341768250000000100e+03 -1.136781359999999900e+02 -3.525026250000000200e+02 -2.050920160000000000e+02
5.071004812129462100e-02 9.435652500000001100e+02 -3.158135280000000200e+02 1.300050625000000100e+03 -1.103120720000000000e+02 -3.564853749999999800e+02 -2.055014559999999900e+02
5.071086642696091100e-02 8.957181249999999900e+02 -3.126742800000000100e+02 1.255970875000000000e+03 -1.067166320000000000e+02 -3.602527499999999900e+02 -2.059576480000000100e+02
5.071132491027748000e-02 8.684252812500001300e+02 -3.108660560000000100e+02 1.230596375000000100e+03 -1.046323120000000000e+02 -3.621710937500000100e+02 -2.062337440000000000e+02
5.071236375222263500e-02 8.067416562500000100e+02 -3.067357359999999700e+02 1.172130875000000100e+03 -9.981631199999999600e+01 -3.653892187500000000e+02 -2.069194239999999900e+02
5.071364634479178700e-02 7.305542499999999100e+02 -3.015397439999999800e+02 1.099041999999999900e+03 -9.373414400000000100e+01 -3.684877500000000100e+02 -2.078056000000000000e+02
5.071495795529236400e-02 6.540189062499998700e+02 -2.962072160000000200e+02 1.025192687499999900e+03 -8.747529600000000000e+01 -3.711737812499999900e+02 -2.087319200000000000e+02
5.071569501075065500e-02 6.129758437499999700e+02 -2.934181519999999600e+02 9.830387500000000500e+02 -8.387891999999999400e+01 -3.700629062500000300e+02 -2.095392320000000000e+02
5.071735483642838400e-02 5.256787187500000300e+02 -2.874460240000000200e+02 8.966268125000000300e+02 -7.648492000000000200e+01 -3.709480937500000000e+02 -2.109611040000000100e+02
5.071934546652439500e-02 4.326643437499999400e+02 -2.811460399999999700e+02 8.039127499999999600e+02 -6.836427999999999400e+01 -3.712484062500000200e+02 -2.127817599999999900e+02
5.071996645025696900e-02 4.041513750000000300e+02 -2.792043039999999800e+02 7.764018125000000100e+02 -6.593635199999999900e+01 -3.722504374999999800e+02 -2.132679520000000100e+02
5.072073832723297100e-02 3.696841249999999900e+02 -2.768287279999999600e+02 7.435729374999999700e+02 -6.301559199999999800e+01 -3.738888124999999700e+02 -2.138131359999999900e+02
5.072152761496784300e-02 3.350814374999999900e+02 -2.744211640000000300e+02 7.115283124999999700e+02 -6.013042800000000200e+01 -3.764468749999999800e+02 -2.142907360000000100e+02
5.072196868752555700e-02 3.158704687499999900e+02 -2.730826759999999900e+02 6.941834999999999800e+02 -5.855568399999999900e+01 -3.783130312499999900e+02 -2.145269920000000100e+02
5.072296690436670800e-02 2.756779687499999300e+02 -2.702887559999999800e+02 6.580142499999999500e+02 -5.527136399999999800e+01 -3.823362812500000100e+02 -2.150173920000000000e+02
5.072420306824557100e-02 2.312080937499999900e+02 -2.672290360000000100e+02 6.183916249999999800e+02 -5.166260400000000200e+01 -3.871835312499999900e+02 -2.155664319999999900e+02
5.072489369501357500e-02 2.075583437500000100e+02 -2.656111680000000200e+02 5.977332500000000000e+02 -4.976659200000000300e+01 -3.901749062499999900e+02 -2.158445759999999900e+02
5.072560753612672500e-02 1.841113124999999400e+02 -2.640191959999999700e+02 5.776063749999999600e+02 -4.792044400000000300e+01 -3.934950625000000200e+02 -2.160987519999999900e+02
5.072648387765587400e-02 1.567572812499999500e+02 -2.621546759999999900e+02 5.548815624999999700e+02 -4.579355600000000200e+01 -3.981242812500000200e+02 -2.163611200000000000e+02
5.072738343353016400e-02 1.303910624999999800e+02 -2.603525639999999700e+02 5.333608124999999500e+02 -4.373038799999999800e+01 -4.029697499999999800e+02 -2.166221760000000000e+02
