0.000000000000000000e+00 0.000000000000000000e+00 0.000000000000000000e+00 0.000000000000000000e+00 0.000000000000000000e+00 0.000000000000000000e+00 0.000000000000000000e+00
-3.495003174845669900e-06 3.774513687499999800e+03 -1.933927221679687700e-02 2.731497750000000000e+03 -1.668357031250000000e-02 1.043015937500000100e+03 -2.655701904296875100e-03
1.396574938305397800e-03 3.774512749999999900e+03 1.208767025000000000e+01 2.760557249999999800e+03 8.657944000000000500e+00 1.013955500000000000e+03 3.429726249999999900e+00
3.146662383804373400e-03 3.774510249999999800e+03 2.455052950000000300e+01 2.794084249999999900e+03 1.752052400000000200e+01 9.804260000000000400e+02 7.030005499999999700e+00
7.084358933025585400e-03 3.774510187500000000e+03 4.346077800000000500e+01 2.857174000000000000e+03 3.036343400000000200e+01 9.173361875000000500e+02 1.309734400000000000e+01
1.594417600625213200e-02 3.774511187499999800e+03 4.826447100000000000e+01 2.916606749999999900e+03 3.270318400000000000e+01 8.579044374999999700e+02 1.556128700000000000e+01
2.031939453873897500e-02 3.774511999999999700e+03 4.316456399999999900e+01 2.917478999999999800e+03 2.940334599999999900e+01 8.570330000000000200e+02 1.376121800000000000e+01
3.016363558674963600e-02 3.774511125000000000e+03 8.631004250000000200e+00 2.887769499999999900e+03 7.506135999999999700e+00 8.867416250000000000e+02 1.124868250000000000e+00
3.754681702284237700e-02 3.774499562500000100e+03 -4.781159800000000400e+01 2.914489750000000200e+03 -2.824939799999999900e+01 8.600098124999999500e+02 -1.956220000000000100e+01
3.957719289289499100e-02 3.774492125000000200e+03 -6.495431399999999700e+01 2.947484750000000100e+03 -4.060592400000000200e+01 8.270073750000000200e+02 -2.434838999999999800e+01
4.071927736954535800e-02 3.774386749999999700e+03 -7.691065600000000300e+01 2.977262749999999900e+03 -4.893050800000000300e+01 7.971240000000000200e+02 -2.798014800000000000e+01
4.136170151287305000e-02 3.773865937500000200e+03 -8.623279199999998900e+01 3.008002500000000100e+03 -5.479234799999999700e+01 7.658634375000000300e+02 -3.144044399999999900e+01
4.152595712444614300e-02 3.773195749999999900e+03 -8.908624800000001200e+01 3.018696250000000000e+03 -5.647310800000000300e+01 7.544995000000000100e+02 -3.261314000000000100e+01
4.172922302121277700e-02 3.770745875000000100e+03 -9.432659999999999900e+01 3.040865749999999900e+03 -5.938481199999999700e+01 7.298801250000000200e+02 -3.494178800000000300e+01
4.193710972032500800e-02 3.761804374999999700e+03 -1.018359480000000000e+02 3.079992249999999800e+03 -6.336032000000000200e+01 6.818121250000000400e+02 -3.847562800000000000e+01
4.199557834201388800e-02 3.755860312500000000e+03 -1.038440559999999900e+02 3.091513750000000100e+03 -6.420954399999999400e+01 6.643465625000000000e+02 -3.963451200000000100e+01
4.202481135268884600e-02 3.752482500000000100e+03 -1.046981960000000000e+02 3.097134500000000100e+03 -6.449257199999999600e+01 6.553479999999999600e+02 -4.020562400000000000e+01
4.205989252570216400e-02 3.748208625000000200e+03 -1.055128520000000100e+02 3.104312750000000100e+03 -6.460046400000000200e+01 6.438958750000000500e+02 -4.091238800000000000e+01
4.207633706933394000e-02 3.745735500000000200e+03 -1.058352199999999900e+02 3.107485000000000100e+03 -6.457711999999999400e+01 6.382504999999999900e+02 -4.125809999999999900e+01
4.209668732209520500e-02 3.742382937500000000e+03 -1.061240400000000100e+02 3.111221500000000100e+03 -6.443560399999999800e+01 6.311614375000000300e+02 -4.168843600000000300e+01
4.211749783485375900e-02 3.738416250000000200e+03 -1.062738720000000100e+02 3.114424250000000000e+03 -6.415616400000000400e+01 6.239919999999999600e+02 -4.211770800000000000e+01
4.216432733932318200e-02 3.726701000000000000e+03 -1.058125880000000100e+02 3.117744499999999800e+03 -6.280407199999999800e+01 6.089565000000000100e+02 -4.300851600000000000e+01
4.224861472662240500e-02 3.687449812500000000e+03 -1.005237920000000000e+02 3.094551500000000000e+03 -5.677013199999999700e+01 5.928983124999999700e+02 -4.375366000000000400e+01
4.233290471426060700e-02 3.605486687499999800e+03 -8.540293599999999700e+01 2.991547999999999800e+03 -4.423409199999999700e+01 6.139386875000000100e+02 -4.116884400000000000e+01
4.237241426453593200e-02 3.582485937500000100e+03 -7.965278399999999700e+01 2.951772500000000000e+03 -3.959731599999999900e+01 6.307134375000000500e+02 -4.005546799999999800e+01
4.246131465316387700e-02 3.585544437500000200e+03 -8.580429599999999400e+01 2.945719500000000200e+03 -4.221884399999999700e+01 6.398249375000000300e+02 -4.358545199999999700e+01
4.248798372961666600e-02 3.584676875000000100e+03 -9.125265200000001200e+01 2.949680249999999900e+03 -4.559002000000000300e+01 6.349966249999999900e+02 -4.566263200000000200e+01
4.251548751487809600e-02 3.566478500000000200e+03 -9.920309199999999800e+01 2.943809000000000200e+03 -5.042187599999999700e+01 6.226694999999999700e+02 -4.878121600000000100e+01
4.254361538149177600e-02 3.537469125000000100e+03 -1.090933000000000000e+02 2.933054250000000100e+03 -5.613609199999999800e+01 6.044148750000000500e+02 -5.295720800000000100e+01
4.255943584377129600e-02 3.521588000000000200e+03 -1.147749320000000100e+02 2.925879750000000100e+03 -5.944782800000000100e+01 5.957082500000000200e+02 -5.532710399999999900e+01
4.257901639619812700e-02 3.502543312500000000e+03 -1.224340560000000000e+02 2.916291499999999800e+03 -6.392161200000000300e+01 5.862518125000000300e+02 -5.851244400000000200e+01
4.258402204871096500e-02 3.497447999999999900e+03 -1.244653319999999900e+02 2.913736500000000000e+03 -6.509083599999999600e+01 5.837115000000000000e+02 -5.937449600000000100e+01
4.258894969105476300e-02 3.492561687500000100e+03 -1.264952560000000000e+02 2.911358999999999900e+03 -6.624301599999999700e+01 5.812026875000000200e+02 -6.025224000000000000e+01
4.259053329748609800e-02 3.491229687500000200e+03 -1.271493799999999900e+02 2.910889500000000200e+03 -6.663114799999999600e+01 5.803401874999999600e+02 -6.051823199999999800e+01
4.259409836221082100e-02 3.489914187500000000e+03 -1.283294760000000000e+02 2.912252250000000000e+03 -6.714909600000000000e+01 5.776619375000000200e+02 -6.118038000000000000e+01
4.260211780758722800e-02 3.480801874999999700e+03 -1.320228480000000100e+02 2.910463249999999800e+03 -6.927439200000000600e+01 5.703386249999999800e+02 -6.274845599999999700e+01
4.261204070108799700e-02 3.468282874999999900e+03 -1.369667959999999900e+02 2.907236750000000000e+03 -7.235027999999999800e+01 5.610461249999999600e+02 -6.461651600000000400e+01
4.262218982407894900e-02 3.457923312500000100e+03 -1.418126599999999900e+02 2.907294750000000000e+03 -7.528801599999999900e+01 5.506285625000000400e+02 -6.652464399999999500e+01
4.263474946129297600e-02 3.449744062499999900e+03 -1.474619040000000000e+02 2.911661500000000200e+03 -7.874638400000000600e+01 5.380825624999999900e+02 -6.871551999999999800e+01
4.264759513579344200e-02 3.442311937500000100e+03 -1.528464319999999900e+02 2.915060250000000000e+03 -8.223336000000000500e+01 5.272516875000000000e+02 -7.061307200000000300e+01
4.265481887744572400e-02 3.436799281249999700e+03 -1.559090080000000000e+02 2.915278249999999800e+03 -8.435418400000000400e+01 5.215210312499999600e+02 -7.155482399999999600e+01
4.267107619667182700e-02 3.422486687499999800e+03 -1.631839120000000200e+02 2.915557249999999800e+03 -8.942909600000000100e+01 5.069294375000000100e+02 -7.375481600000000500e+01
4.268021898848228800e-02 3.412851218750000000e+03 -1.674950000000000000e+02 2.915751749999999900e+03 -9.255861600000000100e+01 4.970994687500000300e+02 -7.493638400000000400e+01
4.269153566366974000e-02 3.402261281250000100e+03 -1.728420320000000200e+02 2.918672250000000100e+03 -9.644854399999999800e+01 4.835890312500000100e+02 -7.639348800000000500e+01
4.270310977241500300e-02 3.393139218750000100e+03 -1.782093520000000200e+02 2.925468750000000000e+03 -1.002527680000000000e+02 4.676704687500000000e+02 -7.795658400000000700e+01
4.271743243944912900e-02 3.382374749999999900e+03 -1.847224080000000000e+02 2.934985250000000200e+03 -1.051129600000000000e+02 4.473895000000000000e+02 -7.960944800000000000e+01
4.273208014885421900e-02 3.367232625000000100e+03 -1.916771520000000100e+02 2.941654500000000100e+03 -1.107386560000000100e+02 4.255781250000000000e+02 -8.093849600000000100e+01
4.274855849689256800e-02 3.350083406249999800e+03 -1.997020000000000000e+02 2.954783250000000000e+03 -1.175219600000000100e+02 3.953001562499999900e+02 -8.218004000000000500e+01
4.275679637074226300e-02 3.340742562500000100e+03 -2.038330800000000000e+02 2.961299500000000100e+03 -1.209508720000000000e+02 3.794430625000000000e+02 -8.288220800000000600e+01
4.276143277512168400e-02 3.334923593749999800e+03 -2.061630720000000000e+02 2.965289249999999800e+03 -1.228869600000000000e+02 3.696343437500000300e+02 -8.327611199999999800e+01
4.276716652254548100e-02 3.327394562500000100e+03 -2.090436880000000000e+02 2.970637000000000200e+03 -1.252656800000000000e+02 3.567575625000000100e+02 -8.377800800000000000e+01
4.277303288725661800e-02 3.318022968750000000e+03 -2.122265360000000100e+02 2.974405749999999900e+03 -1.278747360000000000e+02 3.436172187500000100e+02 -8.435179999999999700e+01
4.277633271740664100e-02 3.312814812499999800e+03 -2.140176799999999800e+02 2.976510499999999900e+03 -1.293738160000000100e+02 3.363043124999999800e+02 -8.464386399999999400e+01
4.278375668515944900e-02 3.299857000000000000e+03 -2.181295680000000100e+02 2.980119250000000200e+03 -1.328115840000000100e+02 3.197377500000000100e+02 -8.531798399999999600e+01
4.280045866234902200e-02 3.278134718750000000e+03 -2.268018720000000000e+02 2.990483000000000200e+03 -1.403825600000000100e+02 2.876517187499999900e+02 -8.641931200000000500e+01
4.280985368703934400e-02 3.267254937499999900e+03 -2.313590320000000100e+02 2.997241000000000000e+03 -1.442180960000000000e+02 2.700139375000000000e+02 -8.714093599999999600e+01
4.281514017616069200e-02 3.259050343749999700e+03 -2.339423040000000100e+02 2.999512749999999900e+03 -1.463107520000000100e+02 2.595375937499999800e+02 -8.763155199999999900e+01
4.282168002866446700e-02 3.247329734375000000e+03 -2.372085360000000100e+02 3.001982250000000000e+03 -1.488826080000000000e+02 2.453474843749999900e+02 -8.832592800000000500e+01
4.282535950830377400e-02 3.240564578124999600e+03 -2.390504560000000000e+02 3.003340499999999800e+03 -1.502592799999999900e+02 2.372240781250000100e+02 -8.879117599999999300e+01
4.282742937812206900e-02 3.235948890625000300e+03 -2.401140240000000000e+02 3.003376000000000200e+03 -1.510379839999999900e+02 2.325728906250000100e+02 -8.907604000000000600e+01
4.282954605404178800e-02 3.232215765625000100e+03 -2.410878400000000300e+02 3.004541999999999900e+03 -1.516738400000000100e+02 2.276737656249999900e+02 -8.941400000000000100e+01
4.283073440895002200e-02 3.230241421875000000e+03 -2.415889359999999900e+02 3.005533250000000000e+03 -1.519860640000000000e+02 2.247081718750000100e+02 -8.960287200000000500e+01
4.283140529640369600e-02 3.229371984375000000e+03 -2.418523040000000000e+02 3.006329999999999900e+03 -1.521405599999999900e+02 2.230419843750000000e+02 -8.971174399999999600e+01
4.283291089266599200e-02 3.232125156250000100e+03 -2.420242879999999800e+02 3.012705500000000000e+03 -1.520581919999999900e+02 2.194196562500000000e+02 -8.996609599999999300e+01
4.283630173467988700e-02 3.221216515624999800e+03 -2.440814800000000000e+02 3.010825750000000000e+03 -1.536401600000000100e+02 2.103907656250000000e+02 -9.044132000000000500e+01
4.284049608143479500e-02 3.206937218749999800e+03 -2.470557599999999900e+02 3.010010499999999900e+03 -1.558666399999999900e+02 1.969267187499999900e+02 -9.118912000000000300e+01
4.284285718921746600e-02 3.199487859375000000e+03 -2.485953040000000000e+02 3.009809499999999800e+03 -1.569614880000000000e+02 1.896783593750000100e+02 -9.163381599999999600e+01
4.284527030377949900e-02 3.192041171875000100e+03 -2.499783439999999900e+02 3.009535750000000000e+03 -1.578801919999999900e+02 1.825054218750000000e+02 -9.209815199999999900e+01
4.285069981154406700e-02 3.174172937500000000e+03 -2.530700080000000000e+02 3.005069250000000000e+03 -1.600996160000000000e+02 1.691036875000000100e+02 -9.297039200000000400e+01
4.285375520983112500e-02 3.163248703125000200e+03 -2.548704000000000200e+02 3.000759250000000100e+03 -1.614888000000000000e+02 1.624894531250000100e+02 -9.338160000000000600e+01
4.285925232640885900e-02 3.142549546875000000e+03 -2.577851999999999700e+02 2.989811999999999900e+03 -1.637060319999999900e+02 1.527375468749999900e+02 -9.407916799999999600e+01
4.286303321926790400e-02 3.124525375000000200e+03 -2.597160720000000000e+02 2.978424500000000100e+03 -1.652114080000000100e+02 1.461008750000000000e+02 -9.450466400000000500e+01
4.286689992331287800e-02 3.105379015624999700e+03 -2.616060079999999700e+02 2.965762749999999900e+03 -1.666448000000000000e+02 1.396162656250000100e+02 -9.496120799999999900e+01
4.287559805715985400e-02 3.063165531249999700e+03 -2.656398399999999900e+02 2.940041499999999800e+03 -1.697099519999999900e+02 1.231240312500000000e+02 -9.592988800000000500e+01
4.288048929475811500e-02 3.040028843750000300e+03 -2.677859199999999800e+02 2.927380250000000200e+03 -1.713184479999999900e+02 1.126485937500000000e+02 -9.646747200000000100e+01
4.288654548421390300e-02 3.011049570312499800e+03 -2.703975520000000200e+02 2.911804999999999800e+03 -1.732533919999999900e+02 9.924457031250000200e+01 -9.714415999999999900e+01
4.289273689129601000e-02 2.982470710937499900e+03 -2.731182640000000100e+02 2.896815000000000100e+03 -1.752076319999999900e+02 8.565571093750000400e+01 -9.791063200000000700e+01
4.290040009023383900e-02 2.947650656250000300e+03 -2.763566319999999900e+02 2.880786750000000200e+03 -1.775196320000000000e+02 6.686390624999999900e+01 -9.883700000000000300e+01
4.290823751188250400e-02 2.913121699218750100e+03 -2.797434480000000000e+02 2.865737250000000100e+03 -1.798345119999999900e+02 4.738444921874999900e+01 -9.990893599999999700e+01
4.291764293792869900e-02 2.870550363281249700e+03 -2.836339600000000000e+02 2.844340749999999800e+03 -1.824874880000000100e+02 2.620961328125000000e+01 -1.011464720000000000e+02
4.292733960193927100e-02 2.832934410644531000e+03 -2.872628399999999800e+02 2.825449999999999800e+03 -1.848393120000000100e+02 7.484410644531250200e+00 -1.024235280000000000e+02
4.293725989510108200e-02 2.794180843261719000e+03 -2.908346400000000400e+02 2.801817250000000100e+03 -1.869827840000000100e+02 -7.636406738281250400e+00 -1.038518560000000000e+02
4.294702416792480600e-02 2.754786894531249800e+03 -2.939940159999999900e+02 2.776555499999999900e+03 -1.888762079999999900e+02 -2.176860546875000000e+01 -1.051178080000000000e+02
4.295016277705883400e-02 2.738765300781250100e+03 -2.948523680000000100e+02 2.764197999999999900e+03 -1.892366399999999900e+02 -2.543269921874999900e+01 -1.056157280000000000e+02
4.295392806788406900e-02 2.718367425781250400e+03 -2.959342320000000100e+02 2.749666250000000200e+03 -1.897996320000000000e+02 -3.129882421874999900e+01 -1.061346000000000100e+02
4.296098798818139700e-02 2.682688742187499900e+03 -2.981662000000000000e+02 2.726102500000000000e+03 -1.909597440000000000e+02 -4.341375781250000200e+01 -1.072064560000000000e+02
4.297211223828523900e-02 2.631928062499999700e+03 -3.015858799999999700e+02 2.698083999999999800e+03 -1.925850399999999900e+02 -6.615593749999999300e+01 -1.090008400000000000e+02
4.298104700297827900e-02 2.587535523437499700e+03 -3.043180959999999700e+02 2.673974999999999900e+03 -1.937663680000000000e+02 -8.643947656250000500e+01 -1.105517280000000000e+02
4.298551698566376700e-02 2.559869874999999900e+03 -3.055559200000000100e+02 2.656400999999999800e+03 -1.941210240000000100e+02 -9.653112500000000300e+01 -1.114348959999999900e+02
4.299556989611291700e-02 2.498441156249999900e+03 -3.088958559999999800e+02 2.619271749999999900e+03 -1.952025920000000100e+02 -1.208305937500000100e+02 -1.136932640000000000e+02
4.300122563336768200e-02 2.458477640624999800e+03 -3.104538400000000100e+02 2.593026499999999900e+03 -1.953993920000000100e+02 -1.345488593750000100e+02 -1.150544479999999900e+02
4.300822574586873900e-02 2.407326343750000000e+03 -3.122857359999999900e+02 2.559669750000000000e+03 -1.954601759999999900e+02 -1.523434062499999900e+02 -1.168255600000000000e+02
4.301538187870786900e-02 2.353176828125000200e+03 -3.138649920000000300e+02 2.522415250000000000e+03 -1.951194560000000100e+02 -1.692384218750000000e+02 -1.187455360000000000e+02
4.301940980376885200e-02 2.320851734375000000e+03 -3.145495040000000100e+02 2.497942250000000100e+03 -1.946541440000000000e+02 -1.770905156249999900e+02 -1.198953600000000000e+02
4.302439205323097700e-02 2.282549265624999900e+03 -3.154487199999999800e+02 2.467913000000000000e+03 -1.939985920000000000e+02 -1.853637343750000100e+02 -1.214501280000000100e+02
4.302948871760767900e-02 2.242790109375000200e+03 -3.163021760000000300e+02 2.434969500000000200e+03 -1.931146400000000100e+02 -1.921793906250000000e+02 -1.231875359999999900e+02
4.303866011314677600e-02 2.166842156250000200e+03 -3.174597440000000000e+02 2.369188000000000100e+03 -1.908538720000000000e+02 -2.023458437500000000e+02 -1.266058720000000100e+02
4.304095361211629500e-02 2.142730953124999800e+03 -3.174096879999999600e+02 2.347767499999999900e+03 -1.898986559999999900e+02 -2.050365468750000000e+02 -1.275110320000000000e+02
4.304525197242991400e-02 2.094961765625000200e+03 -3.172055360000000000e+02 2.305183750000000100e+03 -1.879713759999999900e+02 -2.102219843750000100e+02 -1.292341600000000000e+02
4.305057226595784100e-02 2.035643265625000100e+03 -3.169414880000000500e+02 2.253186250000000200e+03 -1.854357280000000100e+02 -2.175429843750000000e+02 -1.315057600000000100e+02
4.305601477541725500e-02 1.968147015625000000e+03 -3.162579120000000300e+02 2.194237000000000100e+03 -1.822710079999999900e+02 -2.260899843750000000e+02 -1.339869040000000100e+02
4.306213597334723100e-02 1.888747343750000300e+03 -3.152172479999999800e+02 2.123199500000000200e+03 -1.781270879999999900e+02 -2.344521562500000000e+02 -1.370901600000000000e+02
4.306519657231221800e-02 1.844411125000000100e+03 -3.141661920000000200e+02 2.081596625000000100e+03 -1.754391840000000100e+02 -2.371854999999999900e+02 -1.387270080000000100e+02
4.307208487023767700e-02 1.740122578125000000e+03 -3.111876159999999900e+02 1.981981000000000000e+03 -1.685536960000000000e+02 -2.418584218750000000e+02 -1.426339199999999900e+02
4.307414953937803400e-02 1.705607125000000000e+03 -3.099722239999999800e+02 1.949483125000000000e+03 -1.661330720000000000e+02 -2.438760000000000000e+02 -1.438391520000000100e+02
4.307802404443991700e-02 1.633590062499999900e+03 -3.073437599999999700e+02 1.883026249999999900e+03 -1.612010720000000100e+02 -2.494361874999999900e+02 -1.461426879999999900e+02
4.308238221254978600e-02 1.535502593750000000e+03 -3.036154719999999500e+02 1.790998374999999900e+03 -1.544683839999999900e+02 -2.554957812499999900e+02 -1.491470880000000000e+02
4.308456129660472700e-02 1.477606609375000100e+03 -3.011351200000000300e+02 1.736249375000000100e+03 -1.504169599999999900e+02 -2.586427656249999800e+02 -1.507181600000000100e+02
4.308725784811424200e-02 1.397162593750000000e+03 -2.974957440000000000e+02 1.661117000000000000e+03 -1.448018879999999900e+02 -2.639544062499999800e+02 -1.526938560000000100e+02
4.308877644607137700e-02 1.348650812500000000e+03 -2.951471199999999700e+02 1.616593625000000000e+03 -1.414068320000000100e+02 -2.679428125000000000e+02 -1.537402879999999900e+02
4.309032624809613200e-02 1.297610437500000000e+03 -2.925175360000000100e+02 1.570638999999999900e+03 -1.377894080000000100e+02 -2.730285625000000200e+02 -1.547281280000000000e+02
4.309119996198928400e-02 1.268139500000000000e+03 -2.909450080000000300e+02 1.544166375000000000e+03 -1.356853920000000100e+02 -2.760268750000000200e+02 -1.552596159999999900e+02
4.309316321790990200e-02 1.199197937499999900e+03 -2.871360960000000100e+02 1.481082249999999900e+03 -1.306986400000000100e+02 -2.818843125000000200e+02 -1.564374560000000000e+02
4.309559193450573900e-02 1.113452218749999900e+03 -2.822720640000000000e+02 1.401372499999999900e+03 -1.243062720000000100e+02 -2.879202812500000200e+02 -1.579657919999999900e+02
4.309695971280275200e-02 1.064881593750000100e+03 -2.794220799999999900e+02 1.355524625000000000e+03 -1.205494719999999900e+02 -2.906430312499999800e+02 -1.588726080000000100e+02
4.309835609482841300e-02 1.015544843750000200e+03 -2.764603440000000200e+02 1.308415625000000100e+03 -1.166061360000000100e+02 -2.928707812499999900e+02 -1.598542080000000000e+02
4.309914399753563000e-02 9.882094687499999300e+02 -2.748032079999999800e+02 1.282323249999999900e+03 -1.143824240000000000e+02 -2.941137812499999900e+02 -1.604207840000000000e+02
4.310091222803366700e-02 9.287984999999998800e+02 -2.711752319999999900e+02 1.225705999999999900e+03 -1.094014880000000000e+02 -2.969075000000000300e+02 -1.617737439999999900e+02
4.310310171344447500e-02 8.580889374999999300e+02 -2.667010880000000300e+02 1.155496249999999900e+03 -1.029686399999999900e+02 -2.974073124999999900e+02 -1.637324480000000100e+02
4.310534060529566700e-02 7.879102187500000100e+02 -2.621147760000000100e+02 1.080063750000000000e+03 -9.594301600000000000e+01 -2.921535312500000100e+02 -1.661717600000000100e+02
4.310659916935603900e-02 7.478785000000000300e+02 -2.594491840000000000e+02 1.035120937500000100e+03 -9.173727999999999800e+01 -2.872424374999999900e+02 -1.677119040000000000e+02
4.310730906189422200e-02 7.250856874999999500e+02 -2.579141999999999900e+02 1.009268250000000000e+03 -8.929893599999999800e+01 -2.841825625000000200e+02 -1.686152640000000000e+02
4.310818537612634600e-02 6.967498749999999700e+02 -2.559876960000000000e+02 9.775406249999999800e+02 -8.626166399999999600e+01 -2.807907500000000000e+02 -1.697260320000000000e+02
4.310908249307019600e-02 6.675145625000000100e+02 -2.539662640000000200e+02 9.454613749999999800e+02 -8.312669599999999500e+01 -2.779468125000000200e+02 -1.708395680000000100e+02
4.311019023747043900e-02 6.321895624999999700e+02 -2.515016320000000300e+02 9.064049999999999700e+02 -7.923144000000000600e+01 -2.742154375000000100e+02 -1.722701920000000100e+02
4.311132658559933100e-02 5.977023125000000600e+02 -2.490761359999999900e+02 8.675356874999999900e+02 -7.528628000000000500e+01 -2.698333749999999900e+02 -1.737898559999999900e+02
4.311196366864641900e-02 5.786223437500000300e+02 -2.477319200000000000e+02 8.459322499999999500e+02 -7.308440000000000200e+01 -2.673099062499999800e+02 -1.746475199999999900e+02
4.311339905575659000e-02 5.367576718750000300e+02 -2.447597280000000000e+02 7.984511250000000500e+02 -6.820334400000000100e+01 -2.616934531250000200e+02 -1.765563840000000100e+02
4.311420776117554800e-02 5.129934843749999800e+02 -2.430554359999999900e+02 7.716798750000000400e+02 -6.544158000000000200e+01 -2.586863906250000000e+02 -1.776138560000000000e+02
4.311466282049489200e-02 4.995140624999999700e+02 -2.420805639999999800e+02 7.565802499999999800e+02 -6.387931600000000300e+01 -2.570661875000000100e+02 -1.782012479999999900e+02
4.311568475370920100e-02 4.693485937499999600e+02 -2.398821200000000100e+02 7.220116874999999900e+02 -6.030184800000000000e+01 -2.526630937500000000e+02 -1.795802720000000100e+02
4.311798605369562100e-02 4.010495468750000300e+02 -2.347792039999999900e+02 6.429633750000000400e+02 -5.199550800000000100e+01 -2.419138281250000100e+02 -1.827836959999999900e+02
4.311927842216257300e-02 3.626159218750000300e+02 -2.318636080000000000e+02 5.991021250000000000e+02 -4.734912800000000000e+01 -2.364862031250000000e+02 -1.845144799999999900e+02
4.312000651707353200e-02 3.409675781249999300e+02 -2.302033000000000100e+02 5.748033749999999600e+02 -4.476205199999999700e+01 -2.338357968750000000e+02 -1.854412480000000000e+02
4.312164473062318800e-02 2.940962031249999900e+02 -2.265607919999999900e+02 5.225506874999999800e+02 -3.914442400000000100e+01 -2.284544843749999900e+02 -1.874163680000000100e+02
4.312532941094042400e-02 1.975033281250000000e+02 -2.190748999999999900e+02 4.174011874999999900e+02 -2.780430799999999900e+01 -2.198978593750000000e+02 -1.912705919999999900e+02
4.312647095974725400e-02 1.683566874999999600e+02 -2.168021679999999900e+02 3.867406562499999700e+02 -2.446412000000000100e+01 -2.183839687500000100e+02 -1.923380479999999900e+02
4.312763591160478200e-02 1.397640312499999900e+02 -2.145645179999999900e+02 3.570178437500000000e+02 -2.117214999999999800e+01 -2.172538125000000100e+02 -1.933923680000000000e+02
4.312829119702464600e-02 1.243207031250000200e+02 -2.133607160000000000e+02 3.410335625000000200e+02 -1.937786799999999900e+01 -2.167128593749999900e+02 -1.939828479999999900e+02
4.312910250278256800e-02 1.059741562500000200e+02 -2.119394760000000100e+02 3.219881250000000300e+02 -1.721886800000000100e+01 -2.160139687500000000e+02 -1.947206080000000000e+02
4.312993201091326600e-02 8.766828125000000700e+01 -2.105308760000000100e+02 3.030229375000000100e+02 -1.505841200000000100e+01 -2.153546562500000100e+02 -1.954724640000000000e+02
4.313180165463104800e-02 4.946895312500001300e+01 -2.076406260000000000e+02 2.638469375000000200e+02 -1.053491400000000100e+01 -2.143779843750000100e+02 -1.971057120000000100e+02
4.313411075563436400e-02 8.857187499999980700e+00 -2.047195765000000200e+02 2.233340937499999900e+02 -5.738872500000000300e+00 -2.144769062500000100e+02 -1.989807040000000000e+02
4.313541092511822400e-02 -1.098879687499999100e+01 -2.033617505000000000e+02 2.036575312500000100e+02 -3.336198500000000100e+00 -2.146463281250000000e+02 -2.000255520000000000e+02
4.313674229866968500e-02 -2.849203124999999700e+01 -2.022430393750000000e+02 1.855710156250000000e+02 -1.068655375000000100e+00 -2.140630468750000000e+02 -2.011743840000000000e+02
4.313748859595342000e-02 -3.742832812499997900e+01 -2.017132370312500000e+02 1.760533437500000100e+02 1.384909687500000000e-01 -2.134816718749999900e+02 -2.018517280000000100e+02
4.313917101526552200e-02 -5.360020312500000700e+01 -2.009165062500000000e+02 1.576555312500000000e+02 2.542149750000000100e+00 -2.112557343750000000e+02 -2.034586559999999900e+02
4.314011753864976900e-02 -6.128440624999998900e+01 -2.006154312500000000e+02 1.487253593750000100e+02 3.748920749999999900e+00 -2.100097656250000000e+02 -2.043643520000000000e+02
4.314224721626432100e-02 -7.292668749999998600e+01 -2.004880015000000000e+02 1.343811562500000000e+02 5.875406500000000400e+00 -2.073078437499999900e+02 -2.063634079999999900e+02
4.314290770236212100e-02 -7.589412500000000300e+01 -2.005197805000000000e+02 1.309127968750000000e+02 6.435547500000000200e+00 -2.068069218750000000e+02 -2.069553280000000100e+02
4.314358119015475300e-02 -7.903053125000001000e+01 -2.005783649999999900e+02 1.279502656250000000e+02 6.949315000000000400e+00 -2.069807968750000100e+02 -2.075276800000000000e+02
4.314509718777292300e-02 -8.234308593750000700e+01 -2.009967705000000000e+02 1.239872890625000000e+02 7.851101500000000400e+00 -2.063303750000000000e+02 -2.088478720000000000e+02
4.314595009895434000e-02 -8.347056250000000000e+01 -2.013186690000000000e+02 1.226505625000000100e+02 8.261459000000000300e+00 -2.061211250000000100e+02 -2.095801280000000000e+02
4.314786914911249900e-02 -8.216756250000000300e+01 -2.024349279999999900e+02 1.227031093750000000e+02 8.878272000000000800e+00 -2.048706718750000000e+02 -2.113131999999999900e+02
4.314894828978409900e-02 -8.053160156250001500e+01 -2.031628729999999900e+02 1.233709453125000000e+02 9.171015000000000600e+00 -2.039025468750000100e+02 -2.123338880000000000e+02
4.315028486401349700e-02 -7.720780468750000100e+01 -2.041811300000000000e+02 1.248148203125000000e+02 9.478006000000000600e+00 -2.020226250000000100e+02 -2.136591359999999900e+02
4.315165004197155100e-02 -7.297191406249999100e+01 -2.052855890000000200e+02 1.270046015625000000e+02 9.717931000000000100e+00 -1.999765156249999900e+02 -2.150035200000000100e+02
4.315241974230598500e-02 -7.037096875000000300e+01 -2.059269090000000200e+02 1.285082812500000100e+02 9.820914999999999400e+00 -1.988792500000000100e+02 -2.157478240000000100e+02
4.315285139857462400e-02 -6.884399218749999200e+01 -2.062938580000000000e+02 1.294343359375000100e+02 9.868750000000000400e+00 -1.982783281250000000e+02 -2.161626080000000100e+02
4.315382392534855600e-02 -6.498020312500000300e+01 -2.071539390000000100e+02 1.319257968750000000e+02 9.925948999999999200e+00 -1.969060000000000100e+02 -2.170798880000000100e+02
4.315502788229059300e-02 -5.947082812499999700e+01 -2.082809899999999700e+02 1.356833281250000000e+02 9.915442000000000500e+00 -1.951541562500000000e+02 -2.181964319999999900e+02
4.315625784262232300e-02 -5.330178125000000500e+01 -2.094768949999999800e+02 1.398323125000000000e+02 9.869201000000000300e+00 -1.931340937500000100e+02 -2.193460959999999900e+02
4.315778164125740100e-02 -4.450018750000001000e+01 -2.110540180000000100e+02 1.453963281250000000e+02 9.763645999999999600e+00 -1.898965156250000100e+02 -2.208176640000000100e+02
4.315933924429905800e-02 -3.497618750000000900e+01 -2.126997629999999900e+02 1.510552343750000000e+02 9.657949000000000300e+00 -1.860314218750000100e+02 -2.223577119999999900e+02
4.316126609547412500e-02 -2.198196874999999300e+01 -2.148243540000000000e+02 1.583876093750000100e+02 9.487021999999999600e+00 -1.803695781250000000e+02 -2.243113760000000000e+02
4.316176015987799300e-02 -1.879692187500001000e+01 -2.153541840000000000e+02 1.602149531249999900e+02 9.447879999999999600e+00 -1.790118750000000000e+02 -2.248020640000000000e+02
4.316286790427823600e-02 -1.128490625000000600e+01 -2.165613980000000000e+02 1.644142031250000000e+02 9.348954000000000900e+00 -1.756991093750000100e+02 -2.259103519999999900e+02
4.316411606698273400e-02 -2.276906249999996100e+00 -2.179559410000000000e+02 1.694090468750000000e+02 9.208379000000000800e+00 -1.716859531250000000e+02 -2.271643200000000000e+02
4.316474014833498300e-02 2.153437499999995500e+00 -2.186451979999999900e+02 1.719102343749999900e+02 9.137810000000000000e+00 -1.697567968749999900e+02 -2.277830080000000000e+02
4.316614433137754700e-02 1.262104687499999000e+01 -2.202254360000000000e+02 1.777276718750000000e+02 8.956051999999999700e+00 -1.651066250000000100e+02 -2.291814880000000000e+02
4.316866926051518600e-02 3.174284374999999200e+01 -2.230703960000000200e+02 1.874729375000000000e+02 8.660724000000000100e+00 -1.557300937500000100e+02 -2.317311200000000000e+02
4.317119678999179600e-02 4.914543749999998600e+01 -2.257359370000000100e+02 1.951415781250000000e+02 8.517614999999999300e+00 -1.459961406250000100e+02 -2.342535520000000100e+02
4.317372431946840700e-02 6.482557812499999300e+01 -2.282086690000000100e+02 2.010824062499999900e+02 8.504371000000000800e+00 -1.362568281250000000e+02 -2.367130400000000100e+02
4.317411697065252900e-02 6.709417187500000100e+01 -2.285737159999999900e+02 2.019045625000000000e+02 8.513420000000000000e+00 -1.348103906250000000e+02 -2.370871359999999900e+02
