0.000000000000000000e+00 0.000000000000000000e+00 0.000000000000000000e+00 0.000000000000000000e+00 0.000000000000000000e+00 0.000000000000000000e+00 0.000000000000000000e+00
1.726236242132309400e-06 5.450006625000000000e+03 1.540397265625000100e-02 4.083335750000000200e+03 2.131103320312500000e-02 1.366670875000000000e+03 -5.907060546874999700e-03
1.401691646366329200e-03 5.450004874999999600e+03 1.771289099999999900e+01 4.114552249999999700e+03 1.311248100000000100e+01 1.335452624999999900e+03 4.600410000000000100e+00
3.151648501627902400e-03 5.450000874999999700e+03 3.600542400000000500e+01 4.152103750000000200e+03 2.673487000000000100e+01 1.297897125000000000e+03 9.270554000000000600e+00
7.089051280411754400e-03 5.450001500000000300e+03 6.481418200000000200e+01 4.224227500000000000e+03 4.763352400000000100e+01 1.225773999999999900e+03 1.718065800000000100e+01
1.594820826044886200e-02 5.450001625000000800e+03 7.106535599999999400e+01 4.287738500000000400e+03 5.120249599999999600e+01 1.162263124999999900e+03 1.986286000000000100e+01
2.994786310254144900e-02 5.449999875000000400e+03 -1.631218549999999800e+01 4.260983500000000300e+03 -7.293204499999999900e+00 1.189016374999999900e+03 -9.018981000000000100e+00
3.344777564862709600e-02 5.449968249999999900e+03 -7.383333400000000800e+01 4.296133499999999900e+03 -4.690976800000000000e+01 1.153834750000000000e+03 -2.692356600000000100e+01
3.454149919260698200e-02 5.449919625000000500e+03 -9.755080000000001000e+01 4.333832500000000400e+03 -6.484225200000000200e+01 1.116087125000000000e+03 -3.270854800000000000e+01
3.515671810387691700e-02 5.449626000000000200e+03 -1.143837760000000000e+02 4.366859000000000400e+03 -7.726484800000000100e+01 1.082767000000000100e+03 -3.711892799999999700e+01
3.550277961479438700e-02 5.447472249999999800e+03 -1.282948360000000000e+02 4.400699999999999800e+03 -8.682820800000000400e+01 1.046772250000000000e+03 -4.146662800000000000e+01
3.569743863246671600e-02 5.441088375000000300e+03 -1.387934840000000100e+02 4.430635500000000300e+03 -9.325035200000000700e+01 1.010452874999999900e+03 -4.554313200000000000e+01
3.580693534879021000e-02 5.434091312499999700e+03 -1.458037320000000000e+02 4.453119499999999800e+03 -9.730550399999999900e+01 9.809718125000000600e+02 -4.849822799999999700e+01
3.586852477729247900e-02 5.426385874999999900e+03 -1.497895120000000000e+02 4.465962999999999700e+03 -9.950776000000000500e+01 9.604228749999999800e+02 -5.028175199999999700e+01
3.590317145080939400e-02 5.421076062500000300e+03 -1.519323479999999900e+02 4.473728500000000200e+03 -1.006837440000000000e+02 9.473475624999999800e+02 -5.124860400000000000e+01
3.594604371085999300e-02 5.413162437500000100e+03 -1.543680119999999900e+02 4.484121500000000200e+03 -1.018700480000000000e+02 9.290409375000000400e+02 -5.249796400000000300e+01
3.596796774019979400e-02 5.408186937499999700e+03 -1.555010280000000200e+02 4.489069999999999700e+03 -1.023391440000000000e+02 9.191169374999999500e+02 -5.316188400000000100e+01
3.599509913406093200e-02 5.401711624999999900e+03 -1.566578800000000100e+02 4.495200499999999900e+03 -1.026867920000000000e+02 9.065111249999999900e+02 -5.397108800000000200e+01
3.602284535092457900e-02 5.394924624999999700e+03 -1.574604559999999900e+02 4.501594500000000200e+03 -1.026797040000000000e+02 8.933301249999999500e+02 -5.478075200000000000e+01
3.608527783218030300e-02 5.371596875000000200e+03 -1.579345600000000000e+02 4.511842999999999800e+03 -1.011298000000000000e+02 8.597538749999999900e+02 -5.680476000000000200e+01
3.610459352150941600e-02 5.361230812500000000e+03 -1.578828960000000200e+02 4.512451500000000100e+03 -1.004175120000000000e+02 8.487793124999999500e+02 -5.746538400000000000e+01
3.610953073652964400e-02 5.358415562500000300e+03 -1.578385200000000200e+02 4.512429000000000100e+03 -1.002024320000000000e+02 8.459865624999999900e+02 -5.763608800000000100e+01
3.611230908441601800e-02 5.356740687499999700e+03 -1.578156840000000000e+02 4.512306999999999800e+03 -1.000845760000000000e+02 8.444336875000000200e+02 -5.773110799999999900e+01
3.611855978494162700e-02 5.353051562499999800e+03 -1.577211839999999900e+02 4.512037999999999600e+03 -9.978535999999999700e+01 8.410135625000000300e+02 -5.793582399999999700e+01
3.613262153224922100e-02 5.345039749999999900e+03 -1.572344800000000200e+02 4.511158499999999500e+03 -9.889597600000000500e+01 8.338812500000000200e+02 -5.833850400000000000e+01
3.616426395700382500e-02 5.326282562499999600e+03 -1.546720919999999900e+02 4.505601999999999900e+03 -9.568432799999999400e+01 8.206805624999999500e+02 -5.898776399999999900e+01
3.620342166141422200e-02 5.291367624999999900e+03 -1.490101359999999900e+02 4.481863999999999600e+03 -8.969938399999999500e+01 8.095036250000000600e+02 -5.931075200000000100e+01
3.622544583237943100e-02 5.264176312499999800e+03 -1.449105240000000100e+02 4.459058000000000000e+03 -8.553060000000000700e+01 8.051183125000000000e+02 -5.937992400000000300e+01
3.623783544743017900e-02 5.245990687500000600e+03 -1.422001200000000000e+02 4.442702500000000300e+03 -8.282178399999999400e+01 8.032881875000000500e+02 -5.937833599999999700e+01
3.624100271744315500e-02 5.241125562499999400e+03 -1.414672479999999800e+02 4.438221499999999700e+03 -8.209751199999999500e+01 8.029040625000000100e+02 -5.936973600000000300e+01
3.624813140384734700e-02 5.230142437499999700e+03 -1.395884000000000100e+02 4.427902000000000000e+03 -8.026299199999999700e+01 8.022404374999999800e+02 -5.932540800000000300e+01
3.625668303288237500e-02 5.215738187499999200e+03 -1.372266559999999900e+02 4.413529499999999600e+03 -7.802992799999999800e+01 8.022086875000000000e+02 -5.919672800000000000e+01
3.627271966619806400e-02 5.188179437499999900e+03 -1.324275600000000000e+02 4.383469500000000200e+03 -7.372419999999999600e+01 8.047099375000000200e+02 -5.870336000000000400e+01
3.630880325559586500e-02 5.130960000000000000e+03 -1.216333160000000100e+02 4.309592499999999700e+03 -6.474688799999999800e+01 8.213674999999999500e+02 -5.688642800000000200e+01
3.632909940130399400e-02 5.108477437499999700e+03 -1.166876680000000000e+02 4.275345999999999500e+03 -6.070925600000000300e+01 8.331314374999999500e+02 -5.597841199999999900e+01
3.637476631136604700e-02 5.077681812499999100e+03 -1.129894600000000100e+02 4.220283499999999500e+03 -5.756258799999999800e+01 8.573983124999999700e+02 -5.542687200000000300e+01
3.640045380272125700e-02 5.085906062500000200e+03 -1.124582680000000000e+02 4.218549500000000100e+03 -5.673558400000000300e+01 8.673565625000000000e+02 -5.572268400000000100e+01
3.643224294660146700e-02 5.103508625000000400e+03 -1.149503640000000100e+02 4.230729500000000400e+03 -5.777074400000000100e+01 8.727791250000000200e+02 -5.717962000000000000e+01
3.646475404173463900e-02 5.090718562500000200e+03 -1.225188760000000100e+02 4.225130000000000100e+03 -6.214594000000000300e+01 8.655885624999999700e+02 -6.037293600000000300e+01
3.648304269718454600e-02 5.066693437500000100e+03 -1.293300120000000100e+02 4.209991500000000100e+03 -6.634280800000000500e+01 8.567019374999999900e+02 -6.298720399999999800e+01
3.649332933810168400e-02 5.046014250000000200e+03 -1.343604320000000000e+02 4.197034999999999900e+03 -6.944285600000000600e+01 8.489792499999999800e+02 -6.491757599999999700e+01
3.649911426362537100e-02 5.032097187500000500e+03 -1.375529840000000100e+02 4.188317500000000100e+03 -7.140104800000000300e+01 8.437796875000000200e+02 -6.615193600000000600e+01
3.650605896890381900e-02 5.013191249999999900e+03 -1.418383839999999900e+02 4.176726999999999900e+03 -7.402252799999999400e+01 8.364642499999999900e+02 -6.781585599999999700e+01
3.651907738020714100e-02 4.975394562499999700e+03 -1.509385120000000000e+02 4.155164749999999900e+03 -7.944817600000000400e+01 8.202298124999999800e+02 -7.149033599999999900e+01
3.652639936323713600e-02 4.953937249999999900e+03 -1.564015519999999800e+02 4.143920500000000200e+03 -8.268261599999999600e+01 8.100167500000000000e+02 -7.371893599999999900e+01
3.654287848280463000e-02 4.910624625000000400e+03 -1.690012400000000000e+02 4.123835000000000000e+03 -9.054545600000000100e+01 7.867896250000000000e+02 -7.845578399999999400e+01
3.655214507646759000e-02 4.889013999999999200e+03 -1.759070160000000000e+02 4.114537999999999600e+03 -9.510214399999999600e+01 7.744760000000000000e+02 -8.080487200000000300e+01
3.655735942761394900e-02 4.877412562500000600e+03 -1.798549040000000000e+02 4.110426250000000400e+03 -9.777565599999999800e+01 7.669863125000000500e+02 -8.207924800000000700e+01
3.656029148125095700e-02 4.871066812500000200e+03 -1.820333440000000000e+02 4.108327750000000400e+03 -9.927487999999999600e+01 7.627390625000000500e+02 -8.275846400000000400e+01
3.656689151302799200e-02 4.857713625000000300e+03 -1.868623279999999900e+02 4.104322250000000200e+03 -1.026210720000000000e+02 7.533913750000000400e+02 -8.424125600000000700e+01
3.657876877557664200e-02 4.836119499999999800e+03 -1.958542800000000200e+02 4.101826000000000000e+03 -1.089161520000000000e+02 7.342934999999999900e+02 -8.693812800000000600e+01
3.658693381136008500e-02 4.822050437500000000e+03 -2.021510160000000000e+02 4.104087499999999600e+03 -1.132328560000000000e+02 7.179629374999999500e+02 -8.891816000000000000e+01
3.659528515714428900e-02 4.807653937500000200e+03 -2.085199759999999900e+02 4.106720000000000300e+03 -1.176207200000000100e+02 7.009339374999999600e+02 -9.089925599999999400e+01
3.659998249803853000e-02 4.799073062500000600e+03 -2.121752480000000100e+02 4.108023250000000200e+03 -1.201580880000000100e+02 6.910498125000000300e+02 -9.201716000000000400e+01
3.660579537006233800e-02 4.789950062500000100e+03 -2.165130720000000200e+02 4.111349500000000300e+03 -1.231949440000000100e+02 6.786005625000000200e+02 -9.331812800000000200e+01
3.661174098796169500e-02 4.779996500000000200e+03 -2.208110800000000000e+02 4.113331750000000300e+03 -1.263094240000000100e+02 6.666647500000000300e+02 -9.450165599999999700e+01
3.661357847034422300e-02 4.776625375000000500e+03 -2.221333440000000200e+02 4.113612500000000200e+03 -1.272955280000000000e+02 6.630128750000000100e+02 -9.483781600000000400e+01
3.661546020135193100e-02 4.774547812500000000e+03 -2.233402160000000000e+02 4.115275749999999800e+03 -1.281382879999999900e+02 6.592720624999999500e+02 -9.520192799999999500e+01
3.661969176724426400e-02 4.765888562500000300e+03 -2.264395440000000100e+02 4.116558250000000000e+03 -1.302744400000000000e+02 6.493303124999999900e+02 -9.616510399999999900e+01
3.662493173601572700e-02 4.753194562499999800e+03 -2.306830079999999700e+02 4.115848250000000000e+03 -1.334581839999999900e+02 6.373463124999999500e+02 -9.722482399999999800e+01
3.663028814853766500e-02 4.739677562500000000e+03 -2.351159999999999900e+02 4.113789249999999800e+03 -1.369116320000000000e+02 6.258883124999999800e+02 -9.820436800000000200e+01
3.664234007671202100e-02 4.716616124999999600e+03 -2.444165600000000000e+02 4.118244499999999800e+03 -1.440925920000000000e+02 5.983716249999999900e+02 -1.003239679999999900e+02
3.664911943186479500e-02 4.701608000000000200e+03 -2.497185839999999900e+02 4.120188750000000300e+03 -1.482637279999999900e+02 5.814192500000000300e+02 -1.014548560000000100e+02
3.665293412913042000e-02 4.692096875000000200e+03 -2.527014479999999700e+02 4.121152250000000100e+03 -1.506277279999999900e+02 5.709446249999999700e+02 -1.020737199999999900e+02
3.665765242989974700e-02 4.680821625000000500e+03 -2.562890400000000000e+02 4.123314500000000400e+03 -1.534912160000000100e+02 5.575071249999999700e+02 -1.027978240000000100e+02
3.666247785891951100e-02 4.670669500000000000e+03 -2.600001519999999600e+02 4.127546750000000400e+03 -1.564559999999999900e+02 5.431227500000000000e+02 -1.035441520000000000e+02
3.667333973196400300e-02 4.649726156250000700e+03 -2.687229200000000400e+02 4.139144750000000400e+03 -1.638143520000000100e+02 5.105814062499999900e+02 -1.049085680000000000e+02
3.667944604223901500e-02 4.640621000000000100e+03 -2.732631519999999900e+02 4.146311499999999800e+03 -1.678760320000000100e+02 4.943095000000000100e+02 -1.053871200000000000e+02
3.668288346175309400e-02 4.634484781250000200e+03 -2.758166319999999700e+02 4.149580750000000100e+03 -1.701725439999999900e+02 4.849040312500000000e+02 -1.056440880000000000e+02
3.669061532678476900e-02 4.621515312499999700e+03 -2.814860400000000000e+02 4.159243999999999700e+03 -1.752218719999999900e+02 4.622713125000000200e+02 -1.062641680000000000e+02
3.670453035496675600e-02 4.594578343750000400e+03 -2.918811600000000200e+02 4.174809250000000200e+03 -1.847206880000000000e+02 4.197690937500000200e+02 -1.071604720000000000e+02
3.670887836460956500e-02 4.585416250000000200e+03 -2.950963520000000200e+02 4.179601999999999900e+03 -1.876792800000000100e+02 4.058142500000000200e+02 -1.074170720000000000e+02
3.671132601224459000e-02 4.579810750000000600e+03 -2.969202320000000000e+02 4.181774000000000300e+03 -1.893448640000000000e+02 3.980367499999999800e+02 -1.075753680000000000e+02
3.671682914389213400e-02 4.565192968749999600e+03 -3.012130399999999800e+02 4.185767249999999900e+03 -1.931975840000000100e+02 3.794257187499999900e+02 -1.080154560000000000e+02
3.672364110329504000e-02 4.547286031249999700e+03 -3.065287359999999800e+02 4.192625000000000000e+03 -1.979825759999999900e+02 3.546610312500000100e+02 -1.085461600000000000e+02
3.673060676844856800e-02 4.528649875000000100e+03 -3.121187039999999800e+02 4.199837000000000400e+03 -2.028024320000000100e+02 3.288128750000000200e+02 -1.093162720000000000e+02
3.673922593485887100e-02 4.500909437500000400e+03 -3.191577839999999900e+02 4.201712000000000400e+03 -2.091173279999999900e+02 2.991974374999999800e+02 -1.100404560000000100e+02
3.674804305564498300e-02 4.467819062499999700e+03 -3.262091679999999800e+02 4.192503749999999900e+03 -2.154963679999999900e+02 2.753153125000000000e+02 -1.107128000000000000e+02
3.675200912978623300e-02 4.452100499999999600e+03 -3.292480880000000000e+02 4.187636249999999600e+03 -2.182475360000000000e+02 2.644642499999999900e+02 -1.110005520000000000e+02
3.675696963355654800e-02 4.430583843750000600e+03 -3.332640799999999800e+02 4.179274000000000300e+03 -2.217958559999999900e+02 2.513098437500000000e+02 -1.114682240000000100e+02
3.676812727372725400e-02 4.371363640625000700e+03 -3.424794800000000200e+02 4.152872250000000300e+03 -2.298960800000000100e+02 2.184913906250000100e+02 -1.125834000000000000e+02
3.677440359187795400e-02 4.327168187499999500e+03 -3.474181360000000000e+02 4.129556249999999600e+03 -2.341636640000000100e+02 1.976119375000000100e+02 -1.132544720000000100e+02
3.678217039003477100e-02 4.264538015625000300e+03 -3.532589520000000200e+02 4.095746500000000200e+03 -2.391330240000000100e+02 1.687915156249999900e+02 -1.141259280000000000e+02
3.678653935955267200e-02 4.229420296874999600e+03 -3.565280720000000100e+02 4.076972749999999900e+03 -2.418200160000000100e+02 1.524475468750000000e+02 -1.147080560000000000e+02
3.679100847069596800e-02 4.195637687499999600e+03 -3.599842479999999800e+02 4.059827749999999900e+03 -2.446063200000000100e+02 1.358099374999999900e+02 -1.153779280000000000e+02
3.679653721996861700e-02 4.159670507812500500e+03 -3.641575359999999900e+02 4.044681500000000100e+03 -2.479972799999999900e+02 1.149890078125000100e+02 -1.161602560000000000e+02
3.680219172849177900e-02 4.129823781250000100e+03 -3.680357199999999700e+02 4.032510499999999900e+03 -2.511081759999999900e+02 9.731328125000000300e+01 -1.169275440000000000e+02
3.680537297175480400e-02 4.114730164062500100e+03 -3.700516880000000100e+02 4.026658250000000000e+03 -2.527497760000000000e+02 8.807191406249999900e+01 -1.173019120000000000e+02
3.680716154776213200e-02 4.106768632812500100e+03 -3.711155680000000000e+02 4.023629750000000100e+03 -2.535927680000000100e+02 8.313888281250000000e+01 -1.175228000000000000e+02
3.680937630789620600e-02 4.099343945312500200e+03 -3.721957759999999700e+02 4.022670500000000200e+03 -2.543107039999999900e+02 7.667344531249999300e+01 -1.178850719999999900e+02
3.681118817265362900e-02 4.097156359374999700e+03 -3.726615600000000100e+02 4.025714500000000000e+03 -2.544914080000000100e+02 7.144185937500000700e+01 -1.181701520000000000e+02
3.681345416803790500e-02 4.090451878906250400e+03 -3.733686720000000000e+02 4.025376000000000200e+03 -2.548823199999999900e+02 6.507587890624999700e+01 -1.184863520000000000e+02
3.681854741768377700e-02 4.064283179687499800e+03 -3.768377600000000000e+02 4.016407499999999800e+03 -2.574939360000000200e+02 4.787567968750000300e+01 -1.193438240000000000e+02
3.682485401120960000e-02 4.027361628906249700e+03 -3.814717759999999800e+02 3.999351749999999800e+03 -2.609868159999999800e+02 2.800987890625000200e+01 -1.204849600000000000e+02
3.683130266611102400e-02 3.992394870117187600e+03 -3.856551680000000000e+02 3.981989750000000200e+03 -2.639386559999999800e+02 1.040512011718750100e+01 -1.217165119999999900e+02
3.683928372076870200e-02 3.944723024414062400e+03 -3.908774080000000000e+02 3.958160500000000000e+03 -2.676120000000000200e+02 -1.343747558593750000e+01 -1.232654079999999900e+02
3.684132381527706300e-02 3.931039197265625300e+03 -3.921617360000000200e+02 3.950353250000000100e+03 -2.684568640000000000e+02 -1.931405273437500000e+01 -1.237048719999999900e+02
3.684591402792086100e-02 3.900331804687500200e+03 -3.951602159999999900e+02 3.932913750000000200e+03 -2.704135039999999900e+02 -3.258194531249999700e+01 -1.247467120000000000e+02
3.685624491746317800e-02 3.826156738281250000e+03 -4.026748000000000000e+02 3.889880000000000100e+03 -2.754004800000000200e+02 -6.372326171875000300e+01 -1.272743200000000000e+02
3.686205546061198400e-02 3.780884468750000000e+03 -4.063418560000000100e+02 3.862708250000000100e+03 -2.776771200000000000e+02 -8.182378124999999600e+01 -1.286647360000000000e+02
3.687120561052446100e-02 3.708018382812500000e+03 -4.116982080000000200e+02 3.819484500000000000e+03 -2.809196800000000300e+02 -1.114661171875000000e+02 -1.307785279999999900e+02
3.687905159043160200e-02 3.638743499999999600e+03 -4.156518800000000100e+02 3.775217749999999800e+03 -2.831760640000000000e+02 -1.364742500000000100e+02 -1.324758160000000100e+02
3.688713977333972500e-02 3.566783390625000300e+03 -4.193841759999999700e+02 3.725603250000000100e+03 -2.852623679999999800e+02 -1.588198593749999900e+02 -1.341218079999999900e+02
3.689541193737361200e-02 3.494315328124999700e+03 -4.228355679999999700e+02 3.669903249999999800e+03 -2.870771839999999900e+02 -1.755879218750000100e+02 -1.357583840000000100e+02
3.690006735851768200e-02 3.450567250000000100e+03 -4.245030719999999700e+02 3.635925000000000200e+03 -2.878825279999999800e+02 -1.853577500000000100e+02 -1.366205440000000000e+02
3.690582433754126300e-02 3.395240328124999900e+03 -4.264146240000000000e+02 3.592919500000000000e+03 -2.887440960000000100e+02 -1.976791718750000100e+02 -1.376705279999999900e+02
3.690906380267952600e-02 3.362810609375000200e+03 -4.274079520000000200e+02 3.567696750000000100e+03 -2.890793919999999800e+02 -2.048861406250000000e+02 -1.383285600000000100e+02
3.691237779181810000e-02 3.329064875000000000e+03 -4.284770559999999500e+02 3.541616000000000000e+03 -2.894122239999999800e+02 -2.125511250000000100e+02 -1.390648320000000000e+02
3.691424089182573200e-02 3.311206015625000000e+03 -4.290494880000000000e+02 3.528323249999999900e+03 -2.895703360000000000e+02 -2.171172343750000100e+02 -1.394791520000000000e+02
3.691843519571791400e-02 3.273246734375000000e+03 -4.305534880000000200e+02 3.500711749999999900e+03 -2.900194240000000100e+02 -2.274650156250000100e+02 -1.405340640000000000e+02
3.691969278822306700e-02 3.261662484375000100e+03 -4.309548640000000400e+02 3.492646999999999900e+03 -2.901266880000000000e+02 -2.309845156250000000e+02 -1.408281760000000100e+02
3.692205193860773100e-02 3.238711406250000000e+03 -4.317303840000000200e+02 3.475598000000000000e+03 -2.902434880000000100e+02 -2.368865937500000000e+02 -1.414868960000000000e+02
3.692497001899467500e-02 3.208140421875000400e+03 -4.325759519999999700e+02 3.453467250000000100e+03 -2.902950399999999700e+02 -2.453268281249999900e+02 -1.422809120000000000e+02
3.692795563675690300e-02 3.183848453125000100e+03 -4.333635839999999500e+02 3.437969750000000200e+03 -2.901571839999999700e+02 -2.541212968750000100e+02 -1.432064000000000000e+02
3.693466978340941000e-02 3.117186062499999900e+03 -4.352736960000000300e+02 3.393581499999999800e+03 -2.900011840000000200e+02 -2.763954375000000100e+02 -1.452725120000000100e+02
3.694222698281536500e-02 3.039700375000000300e+03 -4.369888000000000300e+02 3.343540750000000100e+03 -2.893434240000000300e+02 -3.038403749999999900e+02 -1.476453760000000000e+02
3.694600441808083800e-02 2.993947812500000100e+03 -4.372788160000000100e+02 3.311502500000000100e+03 -2.884394239999999700e+02 -3.175546875000000000e+02 -1.488393920000000000e+02
3.695068079909999400e-02 2.936675343750000100e+03 -4.375734880000000000e+02 3.272614500000000100e+03 -2.872969600000000100e+02 -3.359391562500000000e+02 -1.502765280000000100e+02
3.695546197949457100e-02 2.876967625000000200e+03 -4.376490079999999800e+02 3.229996250000000100e+03 -2.858298239999999700e+02 -3.530286249999999800e+02 -1.518191840000000100e+02
3.696406717265482400e-02 2.774894468749999800e+03 -4.369675679999999700e+02 3.150586249999999800e+03 -2.820935359999999700e+02 -3.756917812500000200e+02 -1.548740320000000000e+02
3.697267469469008000e-02 2.664699062499999900e+03 -4.359224160000000000e+02 3.061085999999999800e+03 -2.775128960000000100e+02 -3.963869374999999900e+02 -1.584095199999999900e+02
3.697482657519889100e-02 2.629970062500000000e+03 -4.354124480000000400e+02 3.031197000000000100e+03 -2.761166400000000200e+02 -4.012269375000000200e+02 -1.592958079999999900e+02
3.697886018671541600e-02 2.557610000000000100e+03 -4.343477760000000100e+02 2.970023000000000100e+03 -2.736121600000000200e+02 -4.124130000000000100e+02 -1.607356159999999900e+02
3.698113083984971200e-02 2.511019500000000300e+03 -4.331342240000000200e+02 2.929842000000000100e+03 -2.715467520000000300e+02 -4.188224999999999900e+02 -1.615874719999999900e+02
3.698393946311122300e-02 2.451698843749999900e+03 -4.314983359999999900e+02 2.880412249999999900e+03 -2.689747520000000200e+02 -4.287134062499999900e+02 -1.625235840000000000e+02
3.698681096599798500e-02 2.381078812499999900e+03 -4.288303040000000100e+02 2.821411000000000100e+03 -2.653878080000000100e+02 -4.403321874999999700e+02 -1.634424960000000100e+02
3.698842720525460200e-02 2.338659250000000200e+03 -4.270817600000000300e+02 2.786127250000000000e+03 -2.631602080000000100e+02 -4.474680000000000200e+02 -1.639215519999999900e+02
3.699042538001278600e-02 2.282663687500000400e+03 -4.247061919999999900e+02 2.739880500000000200e+03 -2.602480800000000200e+02 -4.572168125000000000e+02 -1.644581120000000000e+02
3.699247013227115900e-02 2.220731187500000000e+03 -4.219872800000000000e+02 2.689390500000000000e+03 -2.570535840000000000e+02 -4.686593125000000000e+02 -1.649336960000000000e+02
3.699362059652587500e-02 2.183955656250000200e+03 -4.203021919999999900e+02 2.659779250000000000e+03 -2.551399519999999900e+02 -4.758235937499999900e+02 -1.651622400000000000e+02
3.699504353915670400e-02 2.136521937500000100e+03 -4.180735519999999500e+02 2.621864250000000100e+03 -2.526463359999999900e+02 -4.853423124999999900e+02 -1.654272159999999900e+02
3.699649908603766500e-02 2.086505812500000000e+03 -4.156653920000000000e+02 2.581535750000000000e+03 -2.499717599999999900e+02 -4.950299375000000200e+02 -1.656936320000000100e+02
3.699830163529504300e-02 2.018370531250000100e+03 -4.122935039999999800e+02 2.525167500000000000e+03 -2.462838400000000000e+02 -5.067969687500000200e+02 -1.660096639999999900e+02
3.700014377542758900e-02 1.943474906250000000e+03 -4.084097920000000400e+02 2.462746999999999800e+03 -2.420703680000000000e+02 -5.192720937499999500e+02 -1.663394240000000100e+02
3.700242374406193000e-02 1.844434874999999900e+03 -4.032652479999999900e+02 2.379948500000000000e+03 -2.364830719999999900e+02 -5.355136250000000500e+02 -1.667821759999999900e+02
3.700370462531717800e-02 1.784129687499999800e+03 -4.000933119999999700e+02 2.328862749999999800e+03 -2.329706559999999900e+02 -5.447330624999999600e+02 -1.671226560000000100e+02
3.700501578194755100e-02 1.719749937499999800e+03 -3.966154720000000100e+02 2.272628499999999800e+03 -2.289754240000000000e+02 -5.528785625000000400e+02 -1.676400480000000100e+02
3.700575403532557100e-02 1.683209437500000100e+03 -3.946481440000000000e+02 2.240511250000000000e+03 -2.266485600000000000e+02 -5.573018124999999800e+02 -1.679995840000000000e+02
3.700741452320737600e-02 1.601715062499999900e+03 -3.903591679999999500e+02 2.167689249999999900e+03 -2.212877920000000000e+02 -5.659741874999999700e+02 -1.690713759999999900e+02
3.701115003872267700e-02 1.419859812499999900e+03 -3.807803679999999500e+02 1.996156999999999900e+03 -2.080237119999999900e+02 -5.762971874999999500e+02 -1.727566559999999900e+02
3.701325068398127900e-02 1.318783625000000000e+03 -3.750520000000000200e+02 1.896460250000000100e+03 -1.996948640000000000e+02 -5.776766249999999400e+02 -1.753571360000000000e+02
3.701443142361111200e-02 1.263508562500000200e+03 -3.717335040000000400e+02 1.841627250000000000e+03 -1.948512320000000100e+02 -5.781186874999999600e+02 -1.768822720000000000e+02
3.701509748186383700e-02 1.233503437500000000e+03 -3.698541119999999900e+02 1.812031999999999900e+03 -1.921228319999999900e+02 -5.785285625000000200e+02 -1.777312800000000000e+02
3.701659261961996000e-02 1.164497124999999900e+03 -3.654129279999999700e+02 1.743350500000000000e+03 -1.857392480000000000e+02 -5.788533750000000300e+02 -1.796736799999999900e+02
3.701743334349841300e-02 1.125583749999999800e+03 -3.628462399999999700e+02 1.703976249999999900e+03 -1.820298080000000000e+02 -5.783925000000000400e+02 -1.808164319999999900e+02
3.701847435062766800e-02 1.078179999999999800e+03 -3.596277279999999900e+02 1.654670499999999900e+03 -1.772702400000000000e+02 -5.764905000000000000e+02 -1.823574879999999900e+02
3.701953864650703300e-02 1.030596812499999900e+03 -3.563374719999999900e+02 1.604022375000000000e+03 -1.722773919999999900e+02 -5.734255624999999600e+02 -1.840600800000000000e+02
3.702013949625949900e-02 1.004295125000000100e+03 -3.545042079999999500e+02 1.575749250000000100e+03 -1.694501119999999900e+02 -5.714541249999999800e+02 -1.850540959999999900e+02
3.702148558601500700e-02 9.453981250000000500e+02 -3.504353120000000100e+02 1.511132875000000000e+03 -1.630101760000000000e+02 -5.657347499999999600e+02 -1.874251360000000100e+02
3.702224479926811300e-02 9.136891249999998800e+02 -3.482301119999999600e+02 1.475636874999999900e+03 -1.594036639999999900e+02 -5.619477500000000400e+02 -1.888264480000000000e+02
3.702318333589695700e-02 8.768842500000000700e+02 -3.456322559999999800e+02 1.433231500000000100e+03 -1.549569119999999900e+02 -5.563472500000000300e+02 -1.906753440000000000e+02
3.702414050352588500e-02 8.411646874999999000e+02 -3.430693440000000000e+02 1.390532999999999900e+03 -1.503652960000000000e+02 -5.493683125000000000e+02 -1.927040480000000000e+02
3.702629937065972400e-02 7.669643125000001200e+02 -3.379763040000000300e+02 1.293423500000000100e+03 -1.400270080000000000e+02 -5.264591874999999800e+02 -1.979492960000000000e+02
3.702751504341469900e-02 7.269493437500000300e+02 -3.352706000000000000e+02 1.237972625000000100e+03 -1.341277360000000000e+02 -5.110232812500000300e+02 -2.011428640000000000e+02
3.702819740379249800e-02 7.047537187500000800e+02 -3.337377679999999600e+02 1.206717875000000000e+03 -1.307647279999999900e+02 -5.019641562499999700e+02 -2.029730400000000000e+02
3.702973446129879200e-02 6.550847499999999900e+02 -3.301499119999999700e+02 1.137127125000000000e+03 -1.231226320000000000e+02 -4.820423749999999900e+02 -2.070272799999999900e+02
3.703059847392733300e-02 6.266561249999999700e+02 -3.280099599999999800e+02 1.098285750000000000e+03 -1.187779920000000000e+02 -4.716296249999999800e+02 -2.092319679999999900e+02
3.703166742755671000e-02 5.903458124999999700e+02 -3.251747599999999900e+02 1.048200562499999900e+03 -1.131697040000000000e+02 -4.578547500000000200e+02 -2.120050560000000000e+02
3.703276199881119800e-02 5.524558749999999900e+02 -3.221541120000000000e+02 9.965893750000000200e+02 -1.073467520000000000e+02 -4.441335000000000300e+02 -2.148073599999999900e+02
3.703337682181371400e-02 5.316869374999998900e+02 -3.204657760000000100e+02 9.684104999999999600e+02 -1.041201440000000000e+02 -4.367235625000000100e+02 -2.163456319999999900e+02
3.703476250244439000e-02 4.838459062499999800e+02 -3.165198719999999600e+02 9.052671874999999800e+02 -9.688862399999999300e+01 -4.214212812499999900e+02 -2.196312480000000000e+02
3.703647655445141400e-02 4.241359999999999700e+02 -3.114564000000000300e+02 8.310868749999999600e+02 -8.822024000000000400e+01 -4.069508750000000000e+02 -2.232361600000000100e+02
3.703822786845858300e-02 3.642699375000000300e+02 -3.062874319999999700e+02 7.609955625000000100e+02 -7.982117599999999400e+01 -3.967256249999999800e+02 -2.264662559999999900e+02
3.703921298258762400e-02 3.321293749999999800e+02 -3.035054480000000000e+02 7.240093749999999800e+02 -7.530159199999999900e+01 -3.918800000000000000e+02 -2.282038560000000000e+02
3.704043331309261900e-02 2.954340624999999800e+02 -3.003381760000000300e+02 6.806466874999999800e+02 -6.990620800000000700e+01 -3.852126250000000000e+02 -2.304319680000000100e+02
3.704168159009773400e-02 2.604060312499999600e+02 -2.973480119999999800e+02 6.372136249999999800e+02 -6.445919600000000600e+01 -3.768075937500000200e+02 -2.328888159999999900e+02
3.704238258147560200e-02 2.420722187499999900e+02 -2.958223520000000200e+02 6.135433749999999700e+02 -6.148304000000000300e+01 -3.714711562499999800e+02 -2.343393120000000100e+02
3.704396155873207500e-02 2.052796874999999700e+02 -2.928376000000000100e+02 5.640131874999999600e+02 -5.517448000000000300e+01 -3.587334999999999900e+02 -2.376631199999999900e+02
3.704485118898571300e-02 1.859112812499999400e+02 -2.912907159999999700e+02 5.375633749999999500e+02 -5.176116400000000100e+01 -3.516520937500000100e+02 -2.395295520000000000e+02
3.704684936374389600e-02 1.449613749999999800e+02 -2.880604920000000100e+02 4.803073437499999700e+02 -4.431666800000000000e+01 -3.353459687500000000e+02 -2.437438239999999900e+02
3.704797188149849800e-02 1.219124375000000100e+02 -2.862177879999999800e+02 4.489647812499999900e+02 -4.019205999999999800e+01 -3.270523437499999800e+02 -2.460257279999999900e+02
3.704936454875419600e-02 9.397493750000001000e+01 -2.839573080000000100e+02 4.118798750000000300e+02 -3.523711600000000000e+01 -3.179049375000000200e+02 -2.487201920000000000e+02
3.705078749138503200e-02 6.566199999999997800e+01 -2.816488299999999800e+02 3.754553750000000000e+02 -3.031599800000000000e+01 -3.097933750000000300e+02 -2.513328320000000000e+02
3.705158629551330600e-02 4.988368750000000800e+01 -2.803616660000000100e+02 3.556828750000000200e+02 -2.762190599999999900e+01 -3.057991875000000200e+02 -2.527397599999999900e+02
3.705257606739235200e-02 3.087271874999999000e+01 -2.788163139999999800e+02 3.323482187500000000e+02 -2.441729000000000100e+01 -3.014755000000000100e+02 -2.543990240000000000e+02
3.705358912802150800e-02 1.183212499999996200e+01 -2.772776400000000200e+02 3.097627812499999900e+02 -2.128317600000000100e+01 -2.979306562500000300e+02 -2.559944639999999900e+02
3.705415970239884400e-02 1.302187500000002300e+00 -2.764311300000000000e+02 2.975856875000000100e+02 -1.957576999999999900e+01 -2.962835000000000000e+02 -2.568553600000000200e+02
3.705544058365409200e-02 -2.063159374999997900e+01 -2.747032700000000300e+02 2.726064375000000300e+02 -1.597687000000000000e+01 -2.932380312500000100e+02 -2.587264000000000100e+02
3.705774849878854000e-02 -5.180932812499997900e+01 -2.725943269999999600e+02 2.378119531250000000e+02 -1.057018300000000000e+01 -2.896212812499999800e+02 -2.620241439999999800e+02
3.706005641392299400e-02 -7.205250000000000900e+01 -2.719010844999999700e+02 2.145373437499999900e+02 -6.448716499999999700e+00 -2.865898437500000000e+02 -2.654523679999999800e+02
3.706063164605034900e-02 -7.573587499999999300e+01 -2.718913254999999900e+02 2.100303125000000100e+02 -5.563805500000000000e+00 -2.857661875000000000e+02 -2.663275199999999900e+02
3.706171457292978900e-02 -7.969301562499998700e+01 -2.722023674999999800e+02 2.036967656250000100e+02 -4.162895500000000300e+00 -2.833897812500000000e+02 -2.680394719999999900e+02
3.706293024568475800e-02 -8.114329687500003300e+01 -2.729227054999999500e+02 1.989447031249999900e+02 -2.909457499999999800e+00 -2.800880000000000200e+02 -2.700132479999999800e+02
3.706354041093726200e-02 -8.155234375000000600e+01 -2.733331177499999900e+02 1.969827812499999900e+02 -2.339997750000000200e+00 -2.785351249999999900e+02 -2.709931199999999800e+02
3.706490746056787000e-02 -8.083676562499999800e+01 -2.744654964999999700e+02 1.933691406250000000e+02 -1.211416499999999900e+00 -2.742059062500000000e+02 -2.732540799999999900e+02
3.706655164632460100e-02 -7.934142187500000900e+01 -2.759362776874999700e+02 1.899544218750000100e+02 -7.890168749999999800e-02 -2.692958437500000200e+02 -2.758573759999999900e+02
3.706757868020380000e-02 -7.859975000000002900e+01 -2.768357363750000100e+02 1.884888124999999900e+02 5.332556250000000100e-01 -2.670885625000000200e+02 -2.773689919999999900e+02
