0.000000000000000000e+00 0.000000000000000000e+00 0.000000000000000000e+00 0.000000000000000000e+00 0.000000000000000000e+00 0.000000000000000000e+00 0.000000000000000000e+00
2.327253666771200600e-05 3.330272750000000100e+03 1.268668095703124900e-01 2.165840999999999900e+03 1.207928906250000000e-01 1.164431750000000000e+03 6.073918945312500400e-03
3.731561886085259100e-04 3.330271749999999900e+03 3.843983750000000000e+00 2.176810250000000000e+03 2.437841750000000000e+00 1.153461499999999900e+03 1.406142000000000000e+00
1.029188015813210400e-03 3.330270375000000100e+03 1.126432799999999900e+01 2.198575499999999900e+03 7.069239500000000100e+00 1.131694874999999900e+03 4.195088499999999800e+00
2.505259636120918700e-03 3.330265374999999900e+03 2.523191599999999800e+01 2.243074000000000100e+03 1.563485200000000000e+01 1.087191375000000100e+03 9.597063999999999600e+00
5.826420836396270500e-03 3.330266187499999900e+03 4.721384600000000400e+01 2.329001499999999900e+03 2.817345800000000000e+01 1.001264687500000000e+03 1.904038800000000000e+01
1.329903259091033900e-02 3.330268312500000300e+03 6.139207600000000300e+01 2.436658750000000100e+03 3.429652000000000100e+01 8.936095625000000400e+02 2.709555599999999800e+01
1.750237717587723900e-02 3.330269937500000200e+03 6.182597400000000200e+01 2.465025500000000200e+03 3.393028799999999700e+01 8.652444375000000000e+02 2.789568600000000100e+01
2.695990249205276400e-02 3.330270437499999800e+03 4.849061000000000400e+01 2.454700750000000000e+03 2.650943799999999900e+01 8.755696874999999900e+02 2.198117200000000100e+01
4.095524658650269400e-02 3.330271187500000000e+03 -6.992439375000001300e-01 2.390762999999999900e+03 1.021339187500000000e+00 9.395081874999999600e+02 -1.720583125000000100e+00
4.445408319233392500e-02 3.330272125000000000e+03 -1.239585500000000100e+01 2.384427999999999900e+03 -4.971063499999999600e+00 9.458441249999999600e+02 -7.424791500000000400e+00
4.882763127849798500e-02 3.330270812499999900e+03 -2.902120300000000000e+01 2.384721000000000000e+03 -1.332600800000000000e+01 9.455498125000000300e+02 -1.569519500000000000e+01
5.423989488091661400e-02 3.330269687500000100e+03 -5.430122400000000500e+01 2.406010000000000200e+03 -2.698013400000000000e+01 9.242596875000000400e+02 -2.732109000000000200e+01
5.977516034583906000e-02 3.330251749999999900e+03 -9.026375200000001100e+01 2.492034999999999900e+03 -4.796005600000000200e+01 8.382167500000000500e+02 -4.230369600000000200e+01
6.148763337560335400e-02 3.330222187500000000e+03 -1.017384560000000100e+02 2.536976250000000200e+03 -5.395386400000000300e+01 7.932459374999999700e+02 -4.778459200000000400e+01
6.323902656452705400e-02 3.329869000000000100e+03 -1.185484199999999900e+02 2.619447500000000200e+03 -6.213721600000000200e+01 7.104215000000000400e+02 -5.641120399999999800e+01
6.378086728199643100e-02 3.328175500000000300e+03 -1.244462000000000000e+02 2.656974250000000200e+03 -6.414601600000000300e+01 6.712012499999999600e+02 -6.030018400000000200e+01
6.408564715449480100e-02 3.322291812500000100e+03 -1.263104800000000000e+02 2.674924250000000000e+03 -6.374014799999999800e+01 6.473675624999999600e+02 -6.257033200000000100e+01
6.416357597006401600e-02 3.319107062499999800e+03 -1.260596280000000000e+02 2.675318749999999900e+03 -6.324815999999999900e+01 6.437883124999999600e+02 -6.281146799999999800e+01
6.420741005549356100e-02 3.316884750000000200e+03 -1.256642799999999900e+02 2.674150250000000100e+03 -6.282458799999999900e+01 6.427345000000000300e+02 -6.283969199999999900e+01
6.430603791214753500e-02 3.308869499999999800e+03 -1.232905320000000100e+02 2.663177749999999800e+03 -6.086208400000000300e+01 6.456917499999999600e+02 -6.242844800000000300e+01
6.442808959364745800e-02 3.285015124999999900e+03 -1.148188720000000000e+02 2.614637999999999900e+03 -5.473760000000000000e+01 6.703771249999999800e+02 -6.008127199999999800e+01
6.455291263640873500e-02 3.276955812500000300e+03 -1.085263400000000000e+02 2.568518750000000200e+03 -5.029536000000000200e+01 7.084370625000000200e+02 -5.823098000000000200e+01
6.462312821794633000e-02 3.291087250000000000e+03 -1.114577999999999900e+02 2.575393500000000100e+03 -5.158630399999999800e+01 7.156937500000000200e+02 -5.987149600000000000e+01
6.466262593810812000e-02 3.298972374999999800e+03 -1.146058000000000000e+02 2.585484250000000000e+03 -5.300570400000000100e+01 7.134881249999999700e+02 -6.160009600000000100e+01
6.471149970905830400e-02 3.304438624999999800e+03 -1.202113600000000000e+02 2.599540250000000000e+03 -5.578424400000000100e+01 7.048983749999999900e+02 -6.442711599999999800e+01
6.473898974967090500e-02 3.305692000000000000e+03 -1.237556680000000000e+02 2.606903749999999900e+03 -5.761413199999999800e+01 6.987882499999999500e+02 -6.614153600000000200e+01
6.476710858653608700e-02 3.304545687500000000e+03 -1.277529440000000000e+02 2.614090000000000100e+03 -5.959469599999999900e+01 6.904556874999999500e+02 -6.815824800000000000e+01
6.480190197917859400e-02 3.299522500000000000e+03 -1.333107080000000100e+02 2.622166250000000200e+03 -6.236765200000000000e+01 6.773562500000000500e+02 -7.094305599999999900e+01
6.483749184707438000e-02 3.293077937499999700e+03 -1.391596160000000000e+02 2.629526249999999900e+03 -6.529624800000000600e+01 6.635516874999999600e+02 -7.386336799999999400e+01
6.488152621575472800e-02 3.285496125000000100e+03 -1.463449519999999800e+02 2.636935500000000000e+03 -6.907872799999999800e+01 6.485606249999999600e+02 -7.726622399999999400e+01
6.492656665843922500e-02 3.278097249999999800e+03 -1.538155280000000000e+02 2.643713999999999900e+03 -7.308767199999999800e+01 6.343832499999999800e+02 -8.072785600000000300e+01
6.497089912312080400e-02 3.273081562500000000e+03 -1.612250159999999800e+02 2.650921750000000000e+03 -7.701690399999999700e+01 6.221598125000000400e+02 -8.420811200000000000e+01
6.498515183817919800e-02 3.271654187500000300e+03 -1.636062000000000000e+02 2.653330500000000000e+03 -7.827606400000000500e+01 6.183236875000000100e+02 -8.533013599999999600e+01
6.499316782596201200e-02 3.271175937500000100e+03 -1.649130640000000200e+02 2.654735000000000100e+03 -7.896420799999999900e+01 6.164409375000000200e+02 -8.594885600000000600e+01
6.501120263403589700e-02 3.269761437499999800e+03 -1.679478720000000200e+02 2.657863499999999900e+03 -8.054211200000000300e+01 6.118979375000000100e+02 -8.740576000000000100e+01
6.503352257212731400e-02 3.268924374999999600e+03 -1.716628480000000000e+02 2.662289249999999800e+03 -8.241737600000000400e+01 6.066351250000000200e+02 -8.924547200000000700e+01
6.504607520842872700e-02 3.268593875000000000e+03 -1.737338080000000100e+02 2.664616750000000100e+03 -8.346112800000000200e+01 6.039771250000000000e+02 -9.027267999999999400e+01
6.505314101520767700e-02 3.268137812500000100e+03 -1.749325839999999900e+02 2.665614000000000000e+03 -8.407172799999999300e+01 6.025238124999999600e+02 -9.086085599999999800e+01
6.506036052773724000e-02 3.268468687500000200e+03 -1.760494559999999900e+02 2.667226250000000200e+03 -8.459695999999999600e+01 6.012424375000000500e+02 -9.145249599999999600e+01
6.507661141755380400e-02 3.267391875000000300e+03 -1.787893760000000000e+02 2.669304250000000100e+03 -8.592476000000000600e+01 5.980876250000000000e+02 -9.286461599999999800e+01
6.511317475520357600e-02 3.266326375000000100e+03 -1.850623520000000000e+02 2.672685250000000000e+03 -8.920043200000000600e+01 5.936411249999999900e+02 -9.586191999999999800e+01
6.513374337928781700e-02 3.265568624999999900e+03 -1.887535199999999800e+02 2.674569250000000000e+03 -9.114551199999999700e+01 5.909993749999999900e+02 -9.760800799999999800e+01
6.518001812572735100e-02 3.264397812499999900e+03 -1.973943279999999700e+02 2.678834499999999900e+03 -9.576616799999999300e+01 5.855633125000000500e+02 -1.016281599999999900e+02
6.523728516221191700e-02 3.261497562500000200e+03 -2.086844080000000200e+02 2.686100750000000100e+03 -1.015033920000000100e+02 5.753968125000000100e+02 -1.071810160000000000e+02
6.529585171095181300e-02 3.255795812500000000e+03 -2.207257680000000200e+02 2.690605000000000000e+03 -1.077621920000000000e+02 5.651908124999999900e+02 -1.129635760000000000e+02
6.530409127073556800e-02 3.255087312500000300e+03 -2.223749200000000000e+02 2.691061250000000200e+03 -1.086464160000000000e+02 5.640260624999999700e+02 -1.137285040000000000e+02
6.532261980031145400e-02 3.251877000000000400e+03 -2.262934960000000000e+02 2.689992000000000200e+03 -1.107739360000000100e+02 5.618849999999999900e+02 -1.155195600000000000e+02
6.534555456140539500e-02 3.247015875000000100e+03 -2.314525199999999900e+02 2.689824000000000100e+03 -1.136140719999999900e+02 5.571918749999999800e+02 -1.178384480000000000e+02
6.535141401092939300e-02 3.245639937500000100e+03 -2.327970960000000100e+02 2.689933000000000000e+03 -1.143573600000000000e+02 5.557069374999999800e+02 -1.184397360000000000e+02
6.536460941673344300e-02 3.243460000000000000e+03 -2.358086160000000000e+02 2.691120750000000000e+03 -1.160088320000000000e+02 5.523392499999999900e+02 -1.197997840000000000e+02
6.538093483055031100e-02 3.241739875000000200e+03 -2.395015440000000000e+02 2.693742000000000200e+03 -1.180119680000000000e+02 5.479978750000000200e+02 -1.214895760000000000e+02
6.539763286436869900e-02 3.240147125000000400e+03 -2.432896079999999900e+02 2.696815750000000200e+03 -1.200498480000000000e+02 5.433313749999999800e+02 -1.232397600000000000e+02
6.541766584720076800e-02 3.237196312499999700e+03 -2.479798639999999900e+02 2.700729249999999900e+03 -1.225453519999999900e+02 5.364670625000000000e+02 -1.254345120000000000e+02
6.545523525885464700e-02 3.226972406249999900e+03 -2.573342400000000200e+02 2.707134000000000000e+03 -1.274698800000000000e+02 5.198384062500000500e+02 -1.298643600000000000e+02
6.552285647363162400e-02 3.207547062499999800e+03 -2.746058239999999800e+02 2.716615249999999800e+03 -1.371611039999999900e+02 4.909318124999999800e+02 -1.374447199999999900e+02
6.556935013432206600e-02 3.192644281249999900e+03 -2.871776479999999800e+02 2.728588000000000200e+03 -1.445552160000000000e+02 4.640562812499999800e+02 -1.426224320000000000e+02
6.561689644651681800e-02 3.171977187500000100e+03 -3.011350079999999700e+02 2.750861750000000000e+03 -1.526736640000000000e+02 4.211154374999999800e+02 -1.484613440000000000e+02
6.564364124712635000e-02 3.156662718749999800e+03 -3.092790240000000500e+02 2.759089750000000100e+03 -1.578319040000000100e+02 3.975729687499999700e+02 -1.514471200000000100e+02
6.565868577968798900e-02 3.148277500000000100e+03 -3.137471360000000100e+02 2.761472749999999900e+03 -1.608346080000000000e+02 3.868047500000000100e+02 -1.529125280000000100e+02
6.567730280651423700e-02 3.137820343749999700e+03 -3.191513439999999900e+02 2.763436749999999800e+03 -1.645231520000000100e+02 3.743835937499999900e+02 -1.546281920000000100e+02
6.569634368859221500e-02 3.128449937500000000e+03 -3.246824159999999900e+02 2.767360000000000100e+03 -1.682342559999999900e+02 3.610899375000000200e+02 -1.564481600000000000e+02
6.571990724593873600e-02 3.116471531250000200e+03 -3.315020000000000100e+02 2.776290250000000000e+03 -1.727820000000000100e+02 3.401812812499999800e+02 -1.587200000000000000e+02
6.574400178678743700e-02 3.097289687500000100e+03 -3.388994559999999900e+02 2.784243500000000000e+03 -1.775490079999999900e+02 3.130461874999999700e+02 -1.613504480000000000e+02
6.577111454964848500e-02 3.068446375000000000e+03 -3.476389600000000000e+02 2.792630749999999800e+03 -1.831771679999999900e+02 2.758156250000000100e+02 -1.644617920000000000e+02
6.578466860220401300e-02 3.051657359375000400e+03 -3.522832799999999900e+02 2.794409500000000200e+03 -1.862074720000000000e+02 2.572478593750000200e+02 -1.660758079999999900e+02
6.581516754932893700e-02 3.025946468749999900e+03 -3.617161600000000000e+02 2.798559499999999800e+03 -1.924900160000000000e+02 2.273869687499999900e+02 -1.692261440000000100e+02
6.582432002811641800e-02 3.015975500000000000e+03 -3.644106239999999800e+02 2.796999499999999900e+03 -1.943081760000000000e+02 2.189760000000000000e+02 -1.701024480000000100e+02
6.584147452143668300e-02 2.997371687500000000e+03 -3.695768160000000100e+02 2.793166499999999800e+03 -1.977541919999999900e+02 2.042051874999999900e+02 -1.718226239999999900e+02
6.586077157976572000e-02 2.968668250000000200e+03 -3.754428320000000100e+02 2.783915500000000100e+03 -2.014940800000000000e+02 1.847527499999999900e+02 -1.739487520000000100e+02
6.587042243780526200e-02 2.950415062499999700e+03 -3.785641120000000200e+02 2.776894749999999900e+03 -2.033643999999999900e+02 1.735203124999999900e+02 -1.751997120000000100e+02
6.588779584537642100e-02 2.921131359375000100e+03 -3.842865600000000100e+02 2.770429500000000200e+03 -2.065936800000000100e+02 1.507018593750000000e+02 -1.776928800000000000e+02
6.589973365867531100e-02 2.900088890624999700e+03 -3.880365759999999700e+02 2.765858999999999900e+03 -2.085896160000000100e+02 1.342298906250000000e+02 -1.794469599999999900e+02
6.591195093697535500e-02 2.877971093749999900e+03 -3.918144320000000100e+02 2.760507250000000100e+03 -2.105209280000000000e+02 1.174638437500000000e+02 -1.812935040000000100e+02
6.591882111825349300e-02 2.864000031250000100e+03 -3.937895839999999900e+02 2.756052000000000100e+03 -2.115172480000000000e+02 1.079480312500000000e+02 -1.822723360000000000e+02
6.592732151203831200e-02 2.848142000000000300e+03 -3.961534239999999700e+02 2.750924500000000100e+03 -2.127330880000000100e+02 9.721750000000000100e+01 -1.834203359999999900e+02
6.593601753132392900e-02 2.832779648437499900e+03 -3.985537279999999800e+02 2.745301750000000100e+03 -2.139697119999999900e+02 8.747789843750000200e+01 -1.845840159999999900e+02
6.595558008140406400e-02 2.801050464843750000e+03 -4.041787200000000000e+02 2.736069250000000000e+03 -2.168746720000000000e+02 6.498121484374999600e+01 -1.873040479999999900e+02
6.596658168694913300e-02 2.778126578124999900e+03 -4.073193919999999900e+02 2.726964250000000000e+03 -2.184244799999999900e+02 5.116232812500000200e+01 -1.888949120000000100e+02
6.597896198649982900e-02 2.755124804687500300e+03 -4.111437760000000000e+02 2.719458500000000200e+03 -2.203798559999999900e+02 3.566630468750000200e+01 -1.907639200000000100e+02
6.598515213627519100e-02 2.741804812500000000e+03 -4.130377600000000500e+02 2.713558750000000100e+03 -2.212804800000000100e+02 2.824606250000000100e+01 -1.917572800000000100e+02
6.598863613328946600e-02 2.734498283203125100e+03 -4.140985600000000200e+02 2.710631750000000000e+03 -2.218099839999999900e+02 2.386653320312500200e+01 -1.922885760000000100e+02
6.599647046882153900e-02 2.720562840820312400e+03 -4.166325759999999700e+02 2.705973500000000100e+03 -2.230864640000000100e+02 1.458934082031250100e+01 -1.935461119999999900e+02
6.600616324661125200e-02 2.703159170166015400e+03 -4.196119999999999700e+02 2.700521999999999900e+03 -2.245501600000000100e+02 2.637170166015625000e+00 -1.950618399999999900e+02
6.601607959640186400e-02 2.679123527343750100e+03 -4.226151199999999900e+02 2.690020250000000000e+03 -2.259258079999999900e+02 -1.089672265625000100e+01 -1.966893120000000000e+02
6.602834810995211700e-02 2.643918060546874600e+03 -4.260691360000000100e+02 2.674552499999999800e+03 -2.272819680000000100e+02 -3.063443945312500100e+01 -1.987871680000000100e+02
6.604089608850351200e-02 2.604481832031250200e+03 -4.295397439999999800e+02 2.656324500000000200e+03 -2.283850880000000000e+02 -5.184266796875000000e+01 -2.011546559999999900e+02
6.604795723753244300e-02 2.579308222656249700e+03 -4.312990879999999800e+02 2.643742499999999800e+03 -2.287828480000000000e+02 -6.443427734374999700e+01 -2.025162400000000100e+02
6.605669051881821200e-02 2.549795882812500200e+03 -4.336228160000000000e+02 2.629351500000000200e+03 -2.293308160000000000e+02 -7.955561718750000500e+01 -2.042920000000000000e+02
6.606562408335479900e-02 2.518924664062499700e+03 -4.360101600000000400e+02 2.612825499999999900e+03 -2.297458880000000100e+02 -9.390083593750000500e+01 -2.062642720000000100e+02
6.607668158190009600e-02 2.481083773437500000e+03 -4.388851359999999900e+02 2.591781500000000100e+03 -2.300306400000000100e+02 -1.106977265624999900e+02 -2.088544960000000100e+02
6.608798594119638700e-02 2.436939453125000000e+03 -4.415383359999999600e+02 2.562646999999999900e+03 -2.296893279999999900e+02 -1.257075468750000100e+02 -2.118490080000000000e+02
6.609434842772245200e-02 2.407739359374999800e+03 -4.427334720000000100e+02 2.541890750000000000e+03 -2.291041600000000100e+02 -1.341513906250000000e+02 -2.136293120000000000e+02
6.610222002525469000e-02 2.372466671875000000e+03 -4.443141919999999900e+02 2.516166499999999800e+03 -2.283386400000000000e+02 -1.436998281250000100e+02 -2.159755519999999900e+02
6.611026861728766500e-02 2.334669015625000200e+03 -4.458395840000000000e+02 2.487013500000000000e+03 -2.272803519999999900e+02 -1.523444843750000100e+02 -2.185592320000000100e+02
6.612023154457846700e-02 2.287939625000000000e+03 -4.476571999999999900e+02 2.449497249999999900e+03 -2.256373440000000100e+02 -1.615576250000000000e+02 -2.220198560000000000e+02
6.613041804387019600e-02 2.235020437499999800e+03 -4.491476800000000400e+02 2.404641749999999800e+03 -2.232832640000000000e+02 -1.696213124999999900e+02 -2.258644160000000100e+02
6.613614707639367500e-02 2.200016765625000100e+03 -4.495795360000000200e+02 2.374773000000000100e+03 -2.215192800000000100e+02 -1.747562343749999900e+02 -2.280602560000000100e+02
6.614517379593062900e-02 2.143307015624999600e+03 -4.501946880000000400e+02 2.324119749999999800e+03 -2.184314880000000000e+02 -1.808127343749999900e+02 -2.317632000000000100e+02
6.615315252171331800e-02 2.089161890625000100e+03 -4.504230720000000500e+02 2.273667750000000100e+03 -2.151629120000000100e+02 -1.845058593750000000e+02 -2.352601600000000100e+02
6.616130824199671600e-02 2.029796390625000000e+03 -4.504204159999999900e+02 2.216276249999999900e+03 -2.113582720000000000e+02 -1.864798593749999900e+02 -2.390621439999999900e+02
6.617048866728433800e-02 1.961209640625000000e+03 -4.502868639999999800e+02 2.148888500000000000e+03 -2.067120319999999900e+02 -1.876788593750000000e+02 -2.435748319999999900e+02
6.617508120880313800e-02 1.919921609374999900e+03 -4.496762079999999700e+02 2.108597749999999900e+03 -2.038219039999999900e+02 -1.886761406249999900e+02 -2.458543040000000100e+02
6.618540744059542300e-02 1.826000234375000000e+03 -4.482983040000000300e+02 2.019450875000000000e+03 -1.973788639999999900e+02 -1.934506406250000100e+02 -2.509194400000000100e+02
6.619121565486922600e-02 1.764081781249999900e+03 -4.466514879999999700e+02 1.962444999999999900e+03 -1.929942399999999900e+02 -1.983632187499999900e+02 -2.536572480000000100e+02
6.620428530142276300e-02 1.624159062500000100e+03 -4.423873600000000000e+02 1.835481250000000000e+03 -1.826821600000000100e+02 -2.113221875000000100e+02 -2.597051999999999900e+02
6.620820246918880700e-02 1.574956718749999900e+03 -4.402586400000000100e+02 1.793216625000000000e+03 -1.789944000000000100e+02 -2.182599062500000000e+02 -2.612642399999999700e+02
6.621555705646892100e-02 1.477966328125000000e+03 -4.357836480000000300e+02 1.712551500000000000e+03 -1.718806720000000000e+02 -2.345851718749999900e+02 -2.639029760000000200e+02
6.622382456275278900e-02 1.355955031250000000e+03 -4.293555359999999700e+02 1.609557375000000100e+03 -1.625512479999999900e+02 -2.536023437499999900e+02 -2.668042879999999900e+02
6.622796064476974000e-02 1.285048031249999900e+03 -4.251603999999999800e+02 1.547686250000000000e+03 -1.567881759999999900e+02 -2.626382187500000200e+02 -2.683722240000000200e+02
6.623726682930784800e-02 1.112631531249999900e+03 -4.141718880000000200e+02 1.381453749999999900e+03 -1.403840480000000100e+02 -2.688222187499999900e+02 -2.737878400000000200e+02
6.624250214032929900e-02 1.002776124999999900e+03 -4.061164959999999800e+02 1.276387874999999900e+03 -1.293970080000000000e+02 -2.736117499999999700e+02 -2.767194880000000100e+02
6.624544583834135500e-02 9.399160312500000600e+02 -4.012718960000000300e+02 1.216578625000000100e+03 -1.230019760000000000e+02 -2.766625937499999800e+02 -2.782699200000000100e+02
6.624709933959811700e-02 9.040736562500001100e+02 -3.984325440000000100e+02 1.182712375000000100e+03 -1.193380800000000100e+02 -2.786387187500000100e+02 -2.790944640000000200e+02
6.624914874960652300e-02 8.590564062500000100e+02 -3.947495999999999900e+02 1.141269375000000100e+03 -1.147984000000000000e+02 -2.822129687500000200e+02 -2.799511999999999700e+02
6.625124473711510600e-02 8.129068749999999000e+02 -3.908999760000000400e+02 1.099230875000000000e+03 -1.101298319999999900e+02 -2.863240000000000100e+02 -2.807701440000000200e+02
6.625383910387573600e-02 7.566307500000000300e+02 -3.861699360000000100e+02 1.047388875000000100e+03 -1.043036640000000000e+02 -2.907581250000000100e+02 -2.818662719999999800e+02
6.625529697963170000e-02 7.248633437500000100e+02 -3.834828640000000100e+02 1.018070937500000000e+03 -1.009835680000000100e+02 -2.932075937500000000e+02 -2.824992960000000200e+02
6.625679211738781700e-02 6.928144062500000500e+02 -3.807622320000000400e+02 9.882974375000000000e+02 -9.758383200000000100e+01 -2.954830312500000100e+02 -2.831784000000000100e+02
6.626014569740156000e-02 6.232263437500000700e+02 -3.748794880000000400e+02 9.230072500000000000e+02 -9.010259200000000100e+01 -2.997809062499999900e+02 -2.847768960000000200e+02
6.626203674390930600e-02 5.845013750000000500e+02 -3.716166799999999700e+02 8.870763124999999700e+02 -8.599098399999999700e+01 -3.025749374999999800e+02 -2.856256960000000000e+02
6.626309871091365400e-02 5.628955312499999800e+02 -3.697967120000000100e+02 8.671300000000000000e+02 -8.370989600000000100e+01 -3.042344687500000200e+02 -2.860868160000000000e+02
6.626548813667343400e-02 5.168415937500001300e+02 -3.659223520000000500e+02 8.251146250000000500e+02 -7.883928000000000200e+01 -3.082730312499999700e+02 -2.870830720000000200e+02
6.626844580793556100e-02 4.649441875000000600e+02 -3.616080640000000100e+02 7.790760625000000300e+02 -7.339875200000000200e+01 -3.141318749999999800e+02 -2.882093120000000100e+02
6.627146868769792600e-02 4.165021250000000400e+02 -3.576761279999999500e+02 7.372183750000000400e+02 -6.838230400000000500e+01 -3.207162500000000000e+02 -2.892938239999999700e+02
6.627317342420492600e-02 3.910499062499999900e+02 -3.556627320000000100e+02 7.156166875000000100e+02 -6.575866800000000000e+01 -3.245667812500000200e+02 -2.899040640000000100e+02
6.627527872721354600e-02 3.627009062500000600e+02 -3.535161360000000200e+02 6.915114375000000600e+02 -6.279306400000000100e+01 -3.288105312500000000e+02 -2.907230720000000000e+02
6.627743060772237100e-02 3.365915625000000100e+02 -3.516429520000000400e+02 6.694006875000000000e+02 -6.003559200000000100e+01 -3.328091249999999900e+02 -2.916073600000000300e+02
6.628009484073327200e-02 3.100355625000000300e+02 -3.499734800000000000e+02 6.463438125000000100e+02 -5.709354400000000100e+01 -3.363082499999999900e+02 -2.928799359999999900e+02
6.628159463623942100e-02 2.969670937500000600e+02 -3.492498080000000300e+02 6.347430000000000500e+02 -5.558919999999999800e+01 -3.377759062499999900e+02 -2.936606080000000200e+02
6.628312703599569000e-02 2.854055625000000300e+02 -3.487209840000000400e+02 6.240252500000000300e+02 -5.418325600000000000e+01 -3.386196875000000000e+02 -2.945377280000000200e+02
6.628502274025345500e-02 2.727010312500000300e+02 -3.482669840000000400e+02 6.133416250000000200e+02 -5.272896800000000200e+01 -3.406405937499999900e+02 -2.955380160000000300e+02
6.628696502201141000e-02 2.628609687500000400e+02 -3.481381240000000000e+02 6.050180000000000300e+02 -5.151412400000000200e+01 -3.421570312499999900e+02 -2.966240000000000200e+02
6.629045833452572300e-02 2.531395625000000100e+02 -3.486931439999999600e+02 5.994789375000000300e+02 -5.033445600000000300e+01 -3.463393750000000200e+02 -2.983586879999999700e+02
6.629285707578555500e-02 2.502172499999999200e+02 -3.494702520000000200e+02 6.007714999999999500e+02 -5.006954799999999800e+01 -3.505542500000000200e+02 -2.994007040000000200e+02
6.629531636779562000e-02 2.493521562500000100e+02 -3.504671720000000100e+02 6.058124374999999900e+02 -5.021408400000000000e+01 -3.564602812499999800e+02 -3.002530879999999900e+02
6.629835322080805700e-02 2.523880312499999800e+02 -3.521970319999999800e+02 6.153147500000000000e+02 -5.077501600000000100e+01 -3.629267187500000200e+02 -3.014220159999999900e+02
6.630145994007077800e-02 2.578102187499999900e+02 -3.542598479999999800e+02 6.269563124999999700e+02 -5.160026400000000300e+01 -3.691460937499999800e+02 -3.026595840000000000e+02
6.630845588059944300e-02 2.824668749999999600e+02 -3.602613040000000000e+02 6.623653749999999700e+02 -5.462866400000000100e+01 -3.798985000000000100e+02 -3.056326399999999800e+02
6.631238702161552900e-02 2.976518125000000100e+02 -3.637548640000000000e+02 6.830040000000000200e+02 -5.645739199999999900e+01 -3.853521875000000100e+02 -3.072974720000000300e+02
6.631459945287460100e-02 3.065375312499999700e+02 -3.657337280000000400e+02 6.945812499999999500e+02 -5.748326399999999800e+01 -3.880437187499999800e+02 -3.082504640000000200e+02
6.631957858764499200e-02 3.309371562500000400e+02 -3.705360719999999900e+02 7.216418750000000300e+02 -5.992244000000000200e+01 -3.907047187499999800e+02 -3.106136320000000000e+02
6.632107372540112200e-02 3.378430625000000300e+02 -3.719292120000000100e+02 7.296580000000000200e+02 -6.064809199999999800e+01 -3.918149374999999800e+02 -3.112811199999999900e+02
6.632387303316258900e-02 3.518084062500000200e+02 -3.745769199999999700e+02 7.448198750000000200e+02 -6.201698400000000100e+01 -3.930114687500000100e+02 -3.125599359999999900e+02
6.632733839917678800e-02 3.710370000000000300e+02 -3.779695759999999600e+02 7.642585625000000400e+02 -6.377792800000000300e+01 -3.932215625000000000e+02 -3.141916479999999900e+02
6.632928533868474900e-02 3.816211562499999600e+02 -3.798147359999999800e+02 7.750539374999999600e+02 -6.475115200000000500e+01 -3.934327812500000100e+02 -3.150635839999999900e+02
6.633127885569292700e-02 3.922882812500000100e+02 -3.816432960000000200e+02 7.859884375000000300e+02 -6.573673599999999300e+01 -3.937001562500000200e+02 -3.159065600000000100e+02
6.633374746320304400e-02 4.062952812499999600e+02 -3.839408480000000200e+02 7.996789374999999600e+02 -6.697617599999999500e+01 -3.933836562500000000e+02 -3.169646720000000100e+02
6.633513547270870900e-02 4.139608125000000300e+02 -3.851899439999999700e+02 8.073120625000000200e+02 -6.766812000000000200e+01 -3.933512499999999900e+02 -3.175218239999999800e+02
6.633655608646453500e-02 4.217832500000000100e+02 -3.864458479999999600e+02 8.150373124999999800e+02 -6.836850400000000100e+01 -3.932540624999999700e+02 -3.180773439999999800e+02
6.633831205822172900e-02 4.316150000000000700e+02 -3.879807999999999900e+02 8.247267500000000400e+02 -6.925244800000000100e+01 -3.931117499999999700e+02 -3.187283519999999700e+02
6.634010529197907600e-02 4.419824687499999500e+02 -3.895608399999999800e+02 8.345667499999999600e+02 -7.016115999999999500e+01 -3.925842812500000000e+02 -3.193996799999999900e+02
6.634233169648819100e-02 4.553468750000000700e+02 -3.915209439999999900e+02 8.471503750000000500e+02 -7.133672000000000000e+01 -3.918034999999999900e+02 -3.201842239999999700e+02
6.634357997349330000e-02 4.627857500000000600e+02 -3.926005839999999700e+02 8.542373750000000400e+02 -7.200151200000000500e+01 -3.914516249999999800e+02 -3.205990719999999800e+02
6.634486085474855500e-02 4.702571249999999700e+02 -3.936680800000000300e+02 8.615579999999999900e+02 -7.268891200000000200e+01 -3.913008750000000200e+02 -3.209791680000000200e+02
6.634773468651032600e-02 4.885058749999999500e+02 -3.961601040000000500e+02 8.786158749999999600e+02 -7.428743199999999500e+01 -3.901100000000000100e+02 -3.218726720000000200e+02
6.634935558351697000e-02 4.989921250000000400e+02 -3.975699760000000000e+02 8.881518750000000200e+02 -7.517442400000000200e+01 -3.891597499999999700e+02 -3.223955520000000100e+02
6.635299794403187700e-02 5.254741874999999700e+02 -4.010216320000000100e+02 9.094975624999999600e+02 -7.714112000000000100e+01 -3.840233749999999900e+02 -3.238805120000000100e+02
6.635504269629025100e-02 5.403224999999999900e+02 -4.029475600000000100e+02 9.214943124999999800e+02 -7.823847200000000200e+01 -3.811718124999999900e+02 -3.247090880000000100e+02
6.635758117005065300e-02 5.586508437500000400e+02 -4.052912559999999800e+02 9.365180625000000400e+02 -7.960402399999999500e+01 -3.778672187500000100e+02 -3.256872319999999900e+02
6.636017087906126400e-02 5.765325312499999200e+02 -4.075781920000000000e+02 9.515551249999999800e+02 -8.095099199999999900e+01 -3.750225937500000000e+02 -3.266272000000000200e+02
6.636338006882441800e-02 5.983784687499999100e+02 -4.103326480000000100e+02 9.699724999999999700e+02 -8.254532000000000400e+01 -3.715940312500000000e+02 -3.277873280000000000e+02
6.636665912483784300e-02 6.198581874999999900e+02 -4.130445839999999900e+02 9.876058124999999600e+02 -8.398403999999999300e+01 -3.677476250000000300e+02 -3.290605439999999900e+02
6.637072068285448900e-02 6.467946562500001200e+02 -4.164446160000000000e+02 1.009834437500000000e+03 -8.574167199999999400e+01 -3.630397812499999800e+02 -3.307029440000000000e+02
6.637487539587150200e-02 6.729106249999999800e+02 -4.197898880000000200e+02 1.031744250000000000e+03 -8.742547199999999900e+01 -3.588336249999999800e+02 -3.323644160000000100e+02
6.637954711914062500e-02 7.013116562500000600e+02 -4.234737200000000100e+02 1.056215750000000100e+03 -8.929995999999999900e+01 -3.549040937500000200e+02 -3.341737600000000200e+02
6.638188065190019100e-02 7.138366874999999300e+02 -4.251583440000000000e+02 1.067230499999999900e+03 -9.010983199999999700e+01 -3.533938125000000200e+02 -3.350485120000000200e+02
6.638713925167172300e-02 7.422834374999999900e+02 -4.289863439999999700e+02 1.092191624999999900e+03 -9.198935199999999700e+01 -3.499081875000000000e+02 -3.369969919999999800e+02
6.639009226518383100e-02 7.574272499999999600e+02 -4.310717920000000200e+02 1.105556499999999900e+03 -9.299524800000000400e+01 -3.481292500000000100e+02 -3.380765440000000100e+02
6.639375325669881500e-02 7.759810624999998900e+02 -4.336343759999999700e+02 1.121824249999999900e+03 -9.423885599999999800e+01 -3.458431875000000000e+02 -3.393955199999999800e+02
6.639749342996414900e-02 7.938464062499999700e+02 -4.361398399999999900e+02 1.137473000000000000e+03 -9.542976000000000200e+01 -3.436265937499999800e+02 -3.407100800000000000e+02
6.640212323348310100e-02 8.152735000000000100e+02 -4.391508719999999900e+02 1.156188875000000100e+03 -9.688690400000000100e+01 -3.409153749999999800e+02 -3.422639679999999800e+02
6.640686016525250400e-02 8.348118750000001000e+02 -4.419899679999999800e+02 1.172713500000000100e+03 -9.818142400000000700e+01 -3.379016250000000200e+02 -3.438085439999999800e+02
6.640952439826342000e-02 8.444371562500000400e+02 -4.434512879999999800e+02 1.180773875000000100e+03 -9.881522400000000100e+01 -3.363367187499999900e+02 -3.446360639999999800e+02
6.641551426478795000e-02 8.638198437499999000e+02 -4.464852799999999900e+02 1.196002999999999900e+03 -1.000037119999999900e+02 -3.321831562500000200e+02 -3.464815679999999800e+02
6.642293406056833100e-02 8.809398750000000300e+02 -4.494655679999999600e+02 1.207482500000000100e+03 -1.006902080000000000e+02 -3.265426249999999900e+02 -3.487753599999999800e+02
6.642710274683541500e-02 8.865325625000000400e+02 -4.507153520000000000e+02 1.209618125000000000e+03 -1.005872880000000000e+02 -3.230855624999999800e+02 -3.501280639999999900e+02
6.643136924585289800e-02 8.908514062500000800e+02 -4.518297920000000000e+02 1.209853875000000000e+03 -1.002463999999999900e+02 -3.190024687499999900e+02 -3.515833920000000000e+02
6.643665113437452500e-02 8.966941875000000000e+02 -4.532044159999999800e+02 1.210623624999999900e+03 -9.982985600000000700e+01 -3.139294375000000100e+02 -3.533745599999999700e+02
6.643962277888669500e-02 8.991573125000001000e+02 -4.538841919999999800e+02 1.210432375000000100e+03 -9.951503999999999900e+01 -3.112750624999999900e+02 -3.543691519999999900e+02
6.644265963189913100e-02 9.014534687500000700e+02 -4.545471920000000000e+02 1.209954625000000100e+03 -9.915378400000000200e+01 -3.085011562500000100e+02 -3.553934080000000200e+02
6.644641843616452800e-02 9.050429687500000000e+02 -4.554122879999999900e+02 1.210084000000000100e+03 -9.877244799999999700e+01 -3.050410312500000000e+02 -3.566398399999999900e+02
6.645026107993026700e-02 9.089159687500000500e+02 -4.562848880000000200e+02 1.210180625000000000e+03 -9.836571999999999600e+01 -3.012646562499999700e+02 -3.579191680000000100e+02
6.645718249645862800e-02 9.189240937500000000e+02 -4.580091600000000100e+02 1.212186500000000000e+03 -9.779063200000000200e+01 -2.932624062500000300e+02 -3.602185279999999900e+02
6.646583193824405500e-02 9.368580312500000700e+02 -4.603826960000000100e+02 1.217369375000000000e+03 -9.730506400000000200e+01 -2.805113437499999800e+02 -3.630776319999999900e+02
6.646842630500468500e-02 9.420639062499999500e+02 -4.610334320000000000e+02 1.218685999999999900e+03 -9.712760799999999500e+01 -2.766220937499999800e+02 -3.639058240000000000e+02
6.647329365377462100e-02 9.546325000000000500e+02 -4.623875520000000300e+02 1.224204625000000100e+03 -9.712278399999999600e+01 -2.695721250000000300e+02 -3.652647680000000000e+02
6.647931146679926500e-02 9.734831093749999100e+02 -4.641248320000000300e+02 1.234973874999999900e+03 -9.749491199999999900e+01 -2.614907656249999900e+02 -3.666299200000000300e+02
6.648269765106312700e-02 9.844711562500000400e+02 -4.649273200000000100e+02 1.245297125000000100e+03 -9.816328799999999400e+01 -2.608259687500000200e+02 -3.667640319999999900e+02
6.648616301707732700e-02 9.897516875000000000e+02 -4.639988480000000100e+02 1.287136250000000000e+03 -1.022544319999999900e+02 -2.973845625000000200e+02 -3.617444160000000000e+02
6.648665208082933700e-02 9.742200312499999200e+02 -4.611887519999999700e+02 1.304702874999999900e+03 -1.042197920000000000e+02 -3.304828437499999700e+02 -3.569689599999999800e+02
6.648725293058178900e-02 6.831683749999999700e+02 -4.220074240000000100e+02 1.323995625000000000e+03 -1.064031679999999900e+02 -6.408272500000000500e+02 -3.156042560000000200e+02
6.648786775358431200e-02 9.415693125000000200e+02 -4.537034240000000400e+02 1.379177875000000100e+03 -1.127577600000000000e+02 -4.376085625000000100e+02 -3.409456640000000200e+02
6.648821708483573800e-02 9.214991250000000500e+02 -4.497351919999999800e+02 1.396362000000000100e+03 -1.143878320000000000e+02 -4.748628749999999700e+02 -3.353473599999999800e+02
6.648863162458744400e-02 9.665084062500000100e+02 -4.535434080000000000e+02 1.385985750000000100e+03 -1.126007520000000000e+02 -4.194773437499999900e+02 -3.409426560000000000e+02
6.648925576309000500e-02 8.673202187499999800e+02 -4.396656800000000100e+02 1.389867250000000000e+03 -1.127340640000000000e+02 -5.225470312500000300e+02 -3.269316160000000200e+02
6.649003826509319900e-02 9.754394687499999500e+02 -4.542229519999999600e+02 1.414189500000000000e+03 -1.149132879999999900e+02 -4.387500312500000100e+02 -3.393096640000000000e+02
6.649100241934714800e-02 1.040810468749999900e+03 -4.619649200000000100e+02 1.440619250000000000e+03 -1.177976879999999900e+02 -3.998087812499999800e+02 -3.441672320000000100e+02
6.649198986235119200e-02 1.072494250000000000e+03 -4.657614080000000200e+02 1.452846875000000000e+03 -1.192854399999999900e+02 -3.803526249999999900e+02 -3.464759680000000200e+02
6.649321019285620000e-02 1.093626968750000100e+03 -4.688557600000000300e+02 1.444896250000000000e+03 -1.183836320000000100e+02 -3.512692812500000100e+02 -3.504721280000000000e+02
6.649446312761132800e-02 1.077165343749999900e+03 -4.672678879999999700e+02 1.436966249999999900e+03 -1.172405280000000000e+02 -3.598009062500000300e+02 -3.500273599999999900e+02
6.649727640862285200e-02 1.108937312500000200e+03 -4.721840799999999900e+02 1.431654250000000000e+03 -1.159243680000000000e+02 -3.227169374999999700e+02 -3.562597119999999800e+02
6.650360163314876500e-02 1.115723937499999900e+03 -4.747592479999999600e+02 1.403235625000000000e+03 -1.120839200000000100e+02 -2.875116874999999900e+02 -3.626753279999999800e+02
6.651143131093083200e-02 1.104640500000000000e+03 -4.743988239999999900e+02 1.361684749999999900e+03 -1.067402320000000100e+02 -2.570442499999999800e+02 -3.676585920000000000e+02
6.651943798321362200e-02 1.122086359375000000e+03 -4.756775759999999900e+02 1.355253750000000100e+03 -1.049410640000000000e+02 -2.331673906250000000e+02 -3.707365120000000000e+02
6.652394202748206100e-02 1.141290999999999900e+03 -4.768048319999999800e+02 1.364719499999999900e+03 -1.052480000000000000e+02 -2.234285000000000100e+02 -3.715568319999999900e+02
6.652533469473777300e-02 1.149545703125000000e+03 -4.773855119999999500e+02 1.368185500000000000e+03 -1.053874639999999900e+02 -2.186397968750000000e+02 -3.719980479999999800e+02
6.652647584349244400e-02 1.155097968750000100e+03 -4.776402880000000000e+02 1.373003250000000000e+03 -1.057221120000000000e+02 -2.179052812500000000e+02 -3.719181760000000200e+02
6.652718847924536700e-02 1.162423687499999900e+03 -4.782491520000000400e+02 1.376899249999999900e+03 -1.060208640000000000e+02 -2.144755625000000000e+02 -3.722282880000000200e+02
6.652747260199654000e-02 1.123858953125000000e+03 -4.726024640000000000e+02 1.379113000000000100e+03 -1.062115199999999900e+02 -2.552540468750000000e+02 -3.663909439999999900e+02
6.652776138249771900e-02 9.995734687500000700e+02 -4.551262400000000000e+02 1.387029250000000000e+03 -1.070898560000000000e+02 -3.874557812499999700e+02 -3.480363840000000000e+02
6.652804550524887800e-02 1.727738093750000000e+03 -5.558490560000000200e+02 1.387194874999999900e+03 -1.070199680000000100e+02 3.405432187499999900e+02 -4.488290880000000100e+02
6.652832962800003800e-02 7.064709999999998900e+02 -4.174795599999999900e+02 1.369156874999999900e+03 -1.046770320000000000e+02 -6.626858750000000100e+02 -3.128025280000000000e+02
6.652861375075121200e-02 1.007047062500000000e+03 -4.552332880000000200e+02 1.396381125000000100e+03 -1.082730960000000000e+02 -3.893340625000000200e+02 -3.469601920000000100e+02
6.652889787350237100e-02 1.214398328125000000e+03 -4.877993440000000200e+02 1.420543249999999900e+03 -1.106509600000000000e+02 -2.061449218749999900e+02 -3.771483840000000200e+02
6.652918665400355000e-02 5.918281250000000000e+02 -4.020789360000000000e+02 1.454922000000000000e+03 -1.135691760000000000e+02 -8.630938750000000300e+02 -2.885097600000000300e+02
6.652971763750573100e-02 1.097335437500000100e+03 -4.636901520000000100e+02 1.492584000000000100e+03 -1.176160720000000000e+02 -3.952485624999999900e+02 -3.460740799999999800e+02
6.653037903800843000e-02 1.037294249999999900e+03 -4.559417999999999400e+02 1.515561500000000000e+03 -1.191493519999999900e+02 -4.782672499999999900e+02 -3.367924479999999800e+02
6.653051877050900100e-02 9.273820000000000600e+02 -4.397205680000000100e+02 1.525589375000000000e+03 -1.200775600000000100e+02 -5.982073749999999600e+02 -3.196430080000000100e+02
6.653065850300957100e-02 1.194582406249999800e+03 -4.750386879999999800e+02 1.535760624999999900e+03 -1.210093440000000000e+02 -3.411782187499999800e+02 -3.540293439999999800e+02
