0.000000000000000000e+00 0.000000000000000000e+00 0.000000000000000000e+00 0.000000000000000000e+00 0.000000000000000000e+00 0.000000000000000000e+00 0.000000000000000000e+00
-1.946684967053652600e-08 8.591376562499999600e+01 -1.331085205078105200e-06 6.019446874999999900e+01 -2.302426757812499900e-04 2.571929687500000100e+01 2.289115905761718900e-04
1.399980899982882400e-03 8.591385351562499300e+01 6.097151500000000700e+00 6.045806640624999800e+01 2.786277000000000100e+00 2.545578710937499900e+01 3.310874500000000200e+00
1.564043506345055700e-03 8.591387695312499800e+01 6.801392500000000400e+00 6.066644921875000300e+01 3.086660999999999900e+00 2.524742773437500200e+01 3.714731500000000100e+00
1.637871552230720100e-03 8.591486132812499900e+01 7.114333750000000100e+00 6.081783203124999900e+01 3.213755749999999800e+00 2.509702929687500000e+01 3.900577999999999900e+00
1.660942881925960300e-03 8.591457031249999000e+01 7.211288749999999600e+00 6.087937890624999700e+01 3.251514750000000100e+00 2.503519140625000000e+01 3.959773999999999900e+00
1.712853299047714000e-03 8.591433789062499200e+01 7.427844000000000300e+00 6.103503515624999700e+01 3.334067249999999900e+00 2.487930273437499900e+01 4.093776750000000000e+00
1.777092466378271600e-03 8.591529882812500300e+01 7.693032750000000400e+00 6.125155078125000300e+01 3.432683250000000200e+00 2.466374804687500000e+01 4.260349500000000200e+00
1.842791574043139900e-03 8.591408789062499800e+01 7.962146499999999300e+00 6.150614062500000000e+01 3.529451500000000000e+00 2.440794726562500100e+01 4.432694999999999800e+00
1.879747350114329900e-03 8.591532226562500800e+01 8.111808249999999300e+00 6.167421093750000000e+01 3.581008250000000000e+00 2.424111132812500100e+01 4.530800000000000200e+00
1.962897771581970100e-03 8.591576367187499800e+01 8.437871250000000600e+00 6.223899609375000400e+01 3.673831250000000100e+00 2.367676757812499800e+01 4.764039999999999600e+00
1.987842987653306900e-03 8.591865820312500500e+01 8.531813749999999500e+00 6.246451953124999800e+01 3.694449249999999900e+00 2.345413867187500000e+01 4.837364499999999600e+00
2.019024283664865800e-03 8.592218359374999200e+01 8.644365249999999900e+00 6.283558984375000000e+01 3.709046750000000200e+00 2.308659374999999900e+01 4.935318500000000200e+00
2.089182535807291500e-03 8.593072265624999800e+01 8.812177999999999400e+00 6.541240234375000300e+01 3.546179000000000000e+00 2.051832031249999800e+01 5.265998999999999900e+00
2.176003348558468700e-03 8.589780273437500600e+01 9.117259000000000700e+00 6.724190625000000000e+01 3.532859000000000200e+00 1.865589648437499900e+01 5.584399999999999600e+00
2.264797239375293700e-03 8.591550000000000900e+01 9.411542000000000700e+00 6.900357812500000400e+01 3.532365500000000000e+00 1.691192187500000100e+01 5.879176499999999800e+00
2.464583643098223800e-03 8.591252539062500700e+01 1.012068024999999900e+01 7.237489062500000600e+01 3.609544249999999900e+00 1.353763476562500000e+01 6.511135999999999600e+00
2.711819228074305400e-03 8.591249218749999300e+01 1.099090374999999900e+01 7.673357812499999400e+01 3.710275250000000000e+00 9.178914062500000500e+00 7.280628499999999700e+00
2.850889263296485400e-03 8.591473242187500100e+01 1.148106750000000000e+01 7.892859375000000500e+01 3.787285999999999900e+00 6.986138671874999600e+00 7.693781500000000100e+00
2.886447093839334600e-03 8.591245605468751000e+01 1.160602400000000000e+01 7.949841406250000400e+01 3.806598500000000200e+00 6.414041992187500300e+00 7.799425499999999900e+00
2.966451764405520400e-03 8.591433349609374700e+01 1.188543050000000000e+01 8.079540624999999900e+01 3.850630499999999800e+00 5.118927246093750000e+00 8.034800000000000600e+00
3.065457917693862000e-03 8.591273559570312600e+01 1.222904299999999900e+01 8.241460156249999600e+01 3.904351999999999800e+00 3.498134033203125000e+00 8.324690999999999600e+00
3.166713810206057000e-03 8.591306066894532000e+01 1.258164425000000000e+01 8.394929687500000200e+01 3.966962249999999900e+00 1.963763793945312500e+00 8.614682000000000200e+00
3.223670455148644600e-03 8.591413500976563000e+01 1.277896399999999800e+01 8.479648437500000600e+01 4.002885000000000000e+00 1.117650634765625000e+00 8.776078999999999300e+00
3.255708474563177800e-03 8.591422326660156700e+01 1.288903949999999900e+01 8.527699218749999900e+01 4.022889499999999800e+00 6.372310791015625100e-01 8.866149999999999300e+00
3.265620174264549300e-03 8.591781423950195100e+01 1.292304150000000000e+01 8.543636718749999700e+01 4.029749500000000300e+00 4.814470520019531500e-01 8.893292000000000600e+00
3.268154641440637700e-03 8.594330819702148000e+01 1.293124275000000100e+01 8.550977343750000200e+01 4.031036750000000200e+00 4.335347595214843500e-01 8.900206000000000700e+00
3.269580073822709500e-03 8.597751876831054600e+01 1.293518950000000000e+01 8.557830468749999400e+01 4.031029499999999800e+00 3.992140808105468800e-01 8.904159999999999200e+00
3.270381972903297100e-03 8.600567312622069900e+01 1.293709374999999900e+01 8.562988281250000000e+01 4.030664749999999700e+00 3.757903137207031500e-01 8.906428999999999300e+00
3.272185947064468900e-03 8.645682337951660700e+01 1.293617875000000000e+01 8.625068749999999800e+01 4.022349750000000100e+00 2.061358795166015600e-01 8.913828999999999800e+00
3.276245337082329600e-03 8.808816662597656900e+01 1.285903500000000000e+01 8.929249218750000200e+01 3.928888000000000200e+00 -1.204325561523437400e+00 8.930146999999999800e+00
3.285379039315053500e-03 8.588483593750000000e+01 1.276950800000000000e+01 8.838260937500000100e+01 3.850464999999999800e+00 -2.497773437499999800e+00 8.919043000000000300e+00
3.305929944031220800e-03 8.529285668945313100e+01 1.290563100000000000e+01 8.831119531250000400e+01 3.904183000000000200e+00 -3.018338623046874900e+00 9.001447999999999900e+00
3.352168807409759700e-03 8.597278686523436900e+01 1.309420824999999900e+01 8.926471093749999900e+01 3.965918250000000100e+00 -3.291924072265624900e+00 9.128289999999999800e+00
3.456206548781622000e-03 8.591474365234374500e+01 1.342367325000000000e+01 9.066400000000000100e+01 4.051453249999999800e+00 -4.749256347656250400e+00 9.372220000000000400e+00
3.690291765638461100e-03 8.591389453125000800e+01 1.421652800000000000e+01 9.370035937500000500e+01 4.274025000000000000e+00 -7.786464843750000100e+00 9.942503000000000300e+00
4.216983503566349700e-03 8.591426269531248700e+01 1.595911650000000000e+01 1.012701953124999900e+02 4.655310499999999700e+00 -1.535593261718750000e+01 1.130380600000000000e+01
5.402039764519024400e-03 8.591379296874998800e+01 1.968877850000000200e+01 1.188032109375000000e+02 5.353374500000000100e+00 -3.288941796875000300e+01 1.433540400000000000e+01
8.068415754122244500e-03 8.591365625000000300e+01 2.760534550000000200e+01 1.545789531250000000e+02 6.800257499999999800e+00 -6.866529687499999600e+01 2.080508800000000100e+01
9.568252659083009700e-03 8.591401562500001900e+01 3.170873650000000100e+01 1.730081562500000100e+02 7.575184499999999800e+00 -8.709414062499999400e+01 2.413355200000000200e+01
1.142430006710807800e-02 8.591403906250000900e+01 3.543757200000000300e+01 1.937690312500000100e+02 8.578112000000000800e+00 -1.078549921875000000e+02 2.685945999999999900e+01
1.246832725696994000e-02 8.591419531250001300e+01 3.691595800000000300e+01 2.055876562500000100e+02 9.166940000000000300e+00 -1.196734609375000000e+02 2.774901800000000000e+01
1.273526643451891400e-02 8.591372656250001700e+01 3.724174800000000100e+01 2.085514062500000100e+02 9.314864000000000000e+00 -1.226376796875000000e+02 2.792688400000000100e+01
1.288541875088722800e-02 8.591378125000000000e+01 3.741719899999999700e+01 2.102173593750000000e+02 9.397776999999999600e+00 -1.243035781250000000e+02 2.801942199999999900e+01
1.296987987699962800e-02 8.591388281250000600e+01 3.751397300000000000e+01 2.111463593750000000e+02 9.443920999999999600e+00 -1.252324765625000000e+02 2.807005200000000000e+01
1.301738911105277700e-02 8.591382812500000900e+01 3.756769099999999600e+01 2.116639687500000100e+02 9.469697000000000000e+00 -1.257501406250000000e+02 2.809799400000000000e+01
1.303208740731528500e-02 8.591407031250001600e+01 3.758409799999999700e+01 2.118223281250000100e+02 9.477627999999999300e+00 -1.259082578125000000e+02 2.810647000000000200e+01
1.303584593579285200e-02 8.591462499999998700e+01 3.758829000000000100e+01 2.118627968749999900e+02 9.479658000000000600e+00 -1.259481718750000000e+02 2.810863200000000000e+01
1.304261009197187200e-02 8.591765625000000700e+01 3.759583200000000100e+01 2.119354375000000100e+02 9.483314000000000000e+00 -1.260177812500000000e+02 2.811251800000000100e+01
1.305106528719565000e-02 8.591429687500000500e+01 3.760388500000000500e+01 2.120107343750000000e+02 9.487175000000000600e+00 -1.260964374999999900e+02 2.811671000000000100e+01
1.305582170797171100e-02 8.592415625000001000e+01 3.760668199999999900e+01 2.120567968750000000e+02 9.488212000000000800e+00 -1.261326406249999900e+02 2.811846999999999900e+01
1.305849749342839400e-02 8.594967187499999300e+01 3.760618800000000300e+01 2.120959374999999900e+02 9.487341999999999900e+00 -1.261462656250000000e+02 2.811884600000000100e+01
1.306000209990001800e-02 8.598207031249998500e+01 3.760424199999999900e+01 2.121298281249999900e+02 9.485720000000000600e+00 -1.261477578125000000e+02 2.811852199999999900e+01
1.306186523055074200e-02 8.610817968749998400e+01 3.759468499999999800e+01 2.122284687499999900e+02 9.478866999999999300e+00 -1.261202890625000100e+02 2.811581800000000100e+01
1.306291212115371300e-02 8.630099218749998600e+01 3.758096299999999700e+01 2.123703281249999900e+02 9.469227000000000100e+00 -1.260693359375000000e+02 2.811173600000000100e+01
1.306398410844922300e-02 8.685085156249998300e+01 3.754431699999999900e+01 2.127705781249999900e+02 9.443637000000000700e+00 -1.259197265625000000e+02 2.810068000000000100e+01
1.306530945283129700e-02 8.866027343749999500e+01 3.741923500000000000e+01 2.141149218749999900e+02 9.353213000000000200e+00 -1.254546484375000000e+02 2.806602200000000000e+01
1.306666586930889200e-02 9.144391406249999900e+01 3.720868999999999700e+01 2.164785468750000100e+02 9.189078000000000300e+00 -1.250346328125000100e+02 2.801961199999999900e+01
1.306742833072977800e-02 9.304853125000001100e+01 3.706801800000000200e+01 2.179848437500000100e+02 9.076511999999999200e+00 -1.249363125000000000e+02 2.799150600000000100e+01
1.306914446646707100e-02 9.368887499999998200e+01 3.681005799999999800e+01 2.195240781249999900e+02 8.864941999999999200e+00 -1.258352031250000100e+02 2.794511599999999900e+01
1.307300577187597800e-02 8.768283593749998800e+01 3.672734799999999900e+01 2.162563906249999900e+02 8.795977999999999900e+00 -1.285735546875000100e+02 2.793137000000000100e+01
1.308169400781617100e-02 8.550077343750001500e+01 3.690867899999999900e+01 2.152058281250000100e+02 8.897572999999999500e+00 -1.297050546875000000e+02 2.801110600000000200e+01
1.310124194114130500e-02 8.406543750000000200e+01 3.703897599999999800e+01 2.149423281249999900e+02 8.952204000000000100e+00 -1.308768906249999900e+02 2.808677200000000000e+01
1.314522449235270800e-02 8.598558593750001900e+01 3.720994199999999800e+01 2.169401875000000100e+02 9.054662000000000400e+00 -1.309546015624999900e+02 2.815528000000000100e+01
1.324418553134851200e-02 8.591728125000000200e+01 3.724993099999999700e+01 2.173639374999999900e+02 9.078056999999999400e+00 -1.314466562499999900e+02 2.817187399999999900e+01
1.346684816785922300e-02 8.591565624999998400e+01 3.754035499999999800e+01 2.188375937500000000e+02 9.264411000000000800e+00 -1.329219375000000100e+02 2.827594399999999900e+01
1.396783790492772300e-02 8.591367187499997700e+01 3.808635300000000300e+01 2.219032656249999900e+02 9.625992999999999400e+00 -1.359895937500000100e+02 2.846036000000000100e+01
1.509506660595274700e-02 8.591374999999999300e+01 3.912624199999999800e+01 2.288095312499999900e+02 1.036287199999999900e+01 -1.428957812500000000e+02 2.876336999999999800e+01
1.525358329141946600e-02 8.591471874999999200e+01 3.924873800000000300e+01 2.298642343750000000e+02 1.045191799999999900e+01 -1.439495156250000000e+02 2.879682000000000000e+01
1.534274944984225500e-02 8.591434375000000000e+01 3.931309699999999900e+01 2.305223437500000000e+02 1.049518900000000000e+01 -1.446080000000000000e+02 2.881790799999999900e+01
1.535528823546598500e-02 8.591474999999999800e+01 3.932184300000000100e+01 2.306144062500000000e+02 1.050085100000000100e+01 -1.446996562500000000e+02 2.882099200000000000e+01
1.536234160114947900e-02 8.591590624999997800e+01 3.932667500000000200e+01 2.306642812499999900e+02 1.050391300000000100e+01 -1.447483750000000100e+02 2.882276200000000100e+01
1.536630926873152000e-02 8.591960937500002200e+01 3.932938899999999900e+01 2.306922968750000100e+02 1.050562500000000000e+01 -1.447726874999999900e+02 2.882376400000000100e+01
1.537121865982399700e-02 8.594037500000001700e+01 3.933271399999999600e+01 2.307285468750000100e+02 1.050780800000000100e+01 -1.447881718749999900e+02 2.882490599999999900e+01
1.537398049108366600e-02 8.598271874999997500e+01 3.933411900000000100e+01 2.307592812499999900e+02 1.050888100000000100e+01 -1.447765625000000100e+02 2.882523799999999900e+01
1.537680446653437800e-02 8.647067187499999400e+01 3.931474000000000000e+01 2.310187031250000000e+02 1.050381400000000000e+01 -1.445480312500000100e+02 2.881092599999999800e+01
1.537839272864779100e-02 8.709815625000001700e+01 3.928599699999999500e+01 2.313741875000000100e+02 1.049597700000000000e+01 -1.442760312499999900e+02 2.879001999999999800e+01
1.538196840979401600e-02 8.895571875000001700e+01 3.916577300000000200e+01 2.327257500000000100e+02 1.046719300000000000e+01 -1.437700312499999900e+02 2.869858000000000000e+01
1.539001130221182900e-02 8.684907812499997700e+01 3.899875199999999600e+01 2.316517343749999900e+02 1.038331799999999900e+01 -1.448026562500000100e+02 2.861543400000000000e+01
1.540810721261160600e-02 8.463782812499999900e+01 3.906383600000000200e+01 2.306316093750000100e+02 1.040223800000000100e+01 -1.459937812500000100e+02 2.866159800000000100e+01
1.544882599871260200e-02 8.592948437500001500e+01 3.921420799999999900e+01 2.317497656250000100e+02 1.048676599999999900e+01 -1.458202812499999900e+02 2.872744200000000000e+01
1.554044087727864500e-02 8.591996875000001000e+01 3.930264499999999800e+01 2.321749218750000000e+02 1.054844300000000100e+01 -1.462549531249999900e+02 2.875420199999999900e+01
1.574657554913284200e-02 8.591557812500002500e+01 3.947552499999999800e+01 2.335593593750000100e+02 1.064714500000000000e+01 -1.476437812499999900e+02 2.882837999999999900e+01
1.621037676818388700e-02 8.591384375000001200e+01 3.977155100000000200e+01 2.372750000000000100e+02 1.082863900000000100e+01 -1.513611562499999900e+02 2.894291200000000000e+01
1.725393070612933600e-02 8.591375000000002200e+01 4.035662500000000100e+01 2.449395000000000100e+02 1.118999700000000000e+01 -1.590257499999999900e+02 2.916662799999999900e+01
1.960192826158719400e-02 8.591378125000000000e+01 4.134826600000000200e+01 2.587636562500000000e+02 1.180626400000000100e+01 -1.728498750000000000e+02 2.954200200000000000e+01
1.978353031894616900e-02 8.591360937499999300e+01 4.140805500000000400e+01 2.596945000000000100e+02 1.184685700000000000e+01 -1.737808906250000100e+02 2.956119800000000100e+01
1.980384429893397900e-02 8.591435937500000400e+01 4.141472699999999900e+01 2.597987968749999900e+02 1.185140099999999900e+01 -1.738844374999999900e+02 2.956332600000000000e+01
1.980547677902948200e-02 8.591548437499997700e+01 4.141529099999999600e+01 2.598076718749999800e+02 1.185178299999999900e+01 -1.738921875000000100e+02 2.956350799999999900e+01
1.980915045678466000e-02 8.599262500000000400e+01 4.141896099999999600e+01 2.598635156249999900e+02 1.185412500000000000e+01 -1.738708906249999900e+02 2.956483600000000000e+01
1.981741443911291800e-02 8.608684374999998600e+01 4.142315500000000100e+01 2.599446718749999800e+02 1.185743300000000000e+01 -1.738578281250000000e+02 2.956572200000000100e+01
1.983600869812164600e-02 8.583117187499999500e+01 4.141917499999999600e+01 2.598671718750000000e+02 1.185503100000000000e+01 -1.740360000000000000e+02 2.956414399999999900e+01
1.987784488458083400e-02 8.590315624999999500e+01 4.143435900000000100e+01 2.601068437500000000e+02 1.186500700000000000e+01 -1.742036875000000000e+02 2.956935199999999900e+01
1.997197660288416200e-02 8.591651562499996000e+01 4.146608100000000300e+01 2.605930624999999700e+02 1.188615500000000000e+01 -1.746765468750000100e+02 2.957992600000000000e+01
2.018377356660694400e-02 8.591356250000001200e+01 4.153308400000000200e+01 2.616359218750000100e+02 1.193103799999999900e+01 -1.757223593750000000e+02 2.960204600000000100e+01
2.066031673498320800e-02 8.591370312499998400e+01 4.167642200000000200e+01 2.638998125000000000e+02 1.202659200000000100e+01 -1.779861093750000100e+02 2.964983000000000100e+01
2.125004120637898400e-02 8.591362499999999600e+01 4.184365300000000300e+01 2.665867499999999900e+02 1.213770100000000000e+01 -1.806731250000000000e+02 2.970595200000000000e+01
2.185316492142832700e-02 8.591367187500000600e+01 4.200453299999999500e+01 2.691832812499999900e+02 1.224345699999999900e+01 -1.832696093749999900e+02 2.976107599999999900e+01
2.188143813819215900e-02 8.591271875000001000e+01 4.201168700000000200e+01 2.692995000000000200e+02 1.224819300000000100e+01 -1.833867812500000100e+02 2.976349400000000100e+01
2.189309973465768800e-02 8.591212500000000300e+01 4.201450300000000500e+01 2.693456562499999900e+02 1.225010100000000100e+01 -1.834335312499999900e+02 2.976440200000000000e+01
2.189965833697402400e-02 8.591160937499998300e+01 4.201591100000000300e+01 2.693699374999999900e+02 1.225110100000000000e+01 -1.834583281250000100e+02 2.976481000000000100e+01
2.190636751944558300e-02 8.591248437499999100e+01 4.201652200000000200e+01 2.693934375000000000e+02 1.225159200000000000e+01 -1.834809531250000100e+02 2.976493000000000000e+01
2.191014158397091100e-02 8.596704687499999400e+01 4.201195700000000200e+01 2.694491249999999800e+02 1.224828699999999900e+01 -1.834820781249999900e+02 2.976367000000000100e+01
2.191226404711118700e-02 8.673943749999998000e+01 4.195828500000000400e+01 2.700139062499999900e+02 1.221072099999999900e+01 -1.832744687500000100e+02 2.974756400000000100e+01
2.191704197933799100e-02 8.663637499999998700e+01 4.189669200000000200e+01 2.701433124999999800e+02 1.216108000000000000e+01 -1.835069374999999900e+02 2.973561200000000000e+01
2.192778814406622100e-02 8.590424999999996200e+01 4.192445000000000000e+01 2.696954687499999700e+02 1.217962600000000100e+01 -1.837912187500000100e+02 2.974482400000000100e+01
2.195196701470472600e-02 8.563215625000000800e+01 4.195155700000000100e+01 2.696055625000000200e+02 1.219792299999999900e+01 -1.839734062500000100e+02 2.975363400000000200e+01
2.200637186380257100e-02 8.593714062500001200e+01 4.199061100000000100e+01 2.699261562500000200e+02 1.222683900000000000e+01 -1.839890156250000100e+02 2.976377199999999900e+01
2.212877918903092400e-02 8.591946874999999300e+01 4.204146099999999800e+01 2.701386875000000000e+02 1.227068300000000000e+01 -1.842192187500000100e+02 2.977077800000000000e+01
2.219763495270769500e-02 8.596804687499999900e+01 4.198859999999999800e+01 2.705611250000000000e+02 1.222992000000000000e+01 -1.845930781250000100e+02 2.975867999999999800e+01
2.223636512469528300e-02 8.585560937499997200e+01 4.202026000000000000e+01 2.705487499999999800e+02 1.225482200000000100e+01 -1.846931406250000100e+02 2.976543800000000000e+01
2.232351040182854700e-02 8.591968749999998100e+01 4.205816600000000000e+01 2.707170312499999900e+02 1.228922400000000100e+01 -1.847973437500000100e+02 2.976894199999999900e+01
2.251958488521719300e-02 8.591439062499998200e+01 4.211402400000000100e+01 2.712474062499999800e+02 1.233975800000000000e+01 -1.853330156250000000e+02 2.977426600000000100e+01
2.276222926930975000e-02 8.591367187500000600e+01 4.218138799999999800e+01 2.722447812500000200e+02 1.238381599999999900e+01 -1.863311093750000100e+02 2.979757199999999900e+01
2.301038775527686200e-02 8.591379687499997400e+01 4.224649699999999800e+01 2.732468437499999800e+02 1.242533700000000100e+01 -1.873330468750000100e+02 2.982115999999999900e+01
2.314997555916769500e-02 8.591373437500001800e+01 4.227871100000000100e+01 2.737779687500000100e+02 1.244672100000000000e+01 -1.878642343750000000e+02 2.983199000000000100e+01
2.346404991054295800e-02 8.591364062499997100e+01 4.235180499999999900e+01 2.749434999999999700e+02 1.249341500000000100e+01 -1.890298593750000000e+02 2.985839000000000000e+01
2.364071867519751400e-02 8.591379687500000300e+01 4.239100700000000200e+01 2.755379062499999900e+02 1.251811099999999900e+01 -1.896241093749999900e+02 2.987289600000000100e+01
2.374009440716047500e-02 8.592506250000002400e+01 4.238002399999999900e+01 2.758645312500000300e+02 1.250492800000000000e+01 -1.899394687500000000e+02 2.987509599999999900e+01
2.396368681637565600e-02 8.591604687500000600e+01 4.245012200000000000e+01 2.763936562499999900e+02 1.255744200000000000e+01 -1.904776093749999900e+02 2.989267999999999900e+01
2.408945948856516100e-02 8.591393750000000300e+01 4.247945699999999600e+01 2.768164375000000100e+02 1.257498099999999900e+01 -1.909025000000000000e+02 2.990447599999999900e+01
2.416020586974638300e-02 8.591389062499999300e+01 4.249417900000000300e+01 2.770292187499999800e+02 1.258403900000000100e+01 -1.911153281249999900e+02 2.991013999999999800e+01
2.420000205362649700e-02 8.591534375000000500e+01 4.250078299999999800e+01 2.771290000000000200e+02 1.258832100000000100e+01 -1.912136562500000100e+02 2.991246200000000100e+01
2.424924654470649000e-02 8.591359375000001800e+01 4.251116600000000300e+01 2.772624062500000300e+02 1.259402800000000000e+01 -1.913488125000000100e+02 2.991713800000000100e+01
2.427694851294495700e-02 8.593484374999999900e+01 4.250903999999999900e+01 2.773334062500000000e+02 1.259014600000000100e+01 -1.913985625000000000e+02 2.991889400000000200e+01
2.428403056056278200e-02 8.598971875000000900e+01 4.250311000000000000e+01 2.773981875000000100e+02 1.258432200000000000e+01 -1.914084687500000000e+02 2.991878799999999900e+01
2.429279528166118300e-02 8.624340625000002100e+01 4.245897600000000000e+01 2.776775937500000300e+02 1.254516800000000000e+01 -1.914341875000000100e+02 2.991380800000000000e+01
2.430176077629988100e-02 8.590970312500002100e+01 4.246453600000000300e+01 2.774869375000000100e+02 1.254597200000000100e+01 -1.915772343749999900e+02 2.991856400000000000e+01
2.432192895645485900e-02 8.573789062499997700e+01 4.246702799999999900e+01 2.773871874999999800e+02 1.254536399999999900e+01 -1.916492968750000000e+02 2.992166400000000000e+01
2.433327505164277500e-02 8.591775000000001200e+01 4.245834599999999900e+01 2.775425312500000200e+02 1.253525600000000000e+01 -1.916247812500000100e+02 2.992308999999999800e+01
2.435879958303350700e-02 8.592500000000001100e+01 4.237389199999999800e+01 2.777883437500000200e+02 1.244451600000000000e+01 -1.918633437500000100e+02 2.992937600000000100e+01
2.441623515652534600e-02 8.584293750000000500e+01 4.240721299999999900e+01 2.777206875000000000e+02 1.246494900000000100e+01 -1.918777499999999900e+02 2.994226400000000200e+01
2.454546161164018100e-02 8.592020312499997200e+01 4.242193700000000000e+01 2.777724687499999700e+02 1.246399100000000000e+01 -1.918522656250000000e+02 2.995794600000000000e+01
2.483622233072916400e-02 8.590946875000000200e+01 4.246666299999999700e+01 2.776984375000000100e+02 1.247856099999999900e+01 -1.917889687500000100e+02 2.998810200000000100e+01
2.549043574130027000e-02 8.591737500000002100e+01 4.260424700000000100e+01 2.778419062500000200e+02 1.257517099999999900e+01 -1.919245312500000000e+02 3.002907600000000000e+01
2.696241173230316800e-02 8.591373437499999000e+01 4.282142299999999600e+01 2.800750625000000000e+02 1.265484300000000000e+01 -1.941613281250000100e+02 3.016658000000000000e+01
2.741780436427371900e-02 8.591354687499998000e+01 4.289130000000000100e+01 2.808969062499999700e+02 1.268690400000000000e+01 -1.949833593749999900e+02 3.020439599999999900e+01
2.762156799622346800e-02 8.591359375000001800e+01 4.292106700000000100e+01 2.812104687500000200e+02 1.270256500000000000e+01 -1.952968750000000000e+02 3.021850200000000100e+01
2.763057412360246000e-02 8.591442187499998800e+01 4.292196400000000300e+01 2.812178124999999800e+02 1.270326200000000000e+01 -1.953033906249999900e+02 3.021870200000000000e+01
2.763563887517255000e-02 8.591710937499999500e+01 4.292210300000000000e+01 2.812218437500000100e+02 1.270346100000000100e+01 -1.953047343750000100e+02 3.021864199999999900e+01
2.764082074464114400e-02 8.593087499999998600e+01 4.292077600000000400e+01 2.812309374999999800e+02 1.270275400000000100e+01 -1.953000625000000000e+02 3.021802200000000100e+01
2.764242215264112500e-02 8.594079687499999000e+01 4.291977599999999900e+01 2.812373437499999800e+02 1.270214000000000000e+01 -1.952965468749999900e+02 3.021763599999999900e+01
2.764406180322020700e-02 8.598248437500001300e+01 4.291658600000000200e+01 2.812612812500000200e+02 1.270032800000000100e+01 -1.952787968750000100e+02 3.021625800000000000e+01
2.764498440544109500e-02 8.606043749999997800e+01 4.291144400000000300e+01 2.813045937499999800e+02 1.269756200000000000e+01 -1.952441562500000000e+02 3.021388200000000200e+01
2.764705906535748500e-02 8.721817187500002400e+01 4.283192100000000100e+01 2.821170000000000200e+02 1.264296100000000000e+01 -1.948988281249999900e+02 3.018896000000000200e+01
2.765172705016936600e-02 8.642043750000002000e+01 4.281640800000000300e+01 2.816253437500000100e+02 1.263169600000000000e+01 -1.952049062499999900e+02 3.018471200000000100e+01
2.766222941845580500e-02 8.599845312499999700e+01 4.282218500000000500e+01 2.813630312500000100e+02 1.263279299999999900e+01 -1.953645781250000100e+02 3.018939200000000200e+01
2.768586094218089200e-02 8.566567187499998700e+01 4.281644500000000200e+01 2.812035937499999800e+02 1.262384100000000100e+01 -1.955379218749999900e+02 3.019260399999999900e+01
2.768918326624055000e-02 8.570954687500002900e+01 4.281268599999999900e+01 2.812498437500000300e+02 1.262033800000000000e+01 -1.955402968750000000e+02 3.019234799999999900e+01
2.769666208061658000e-02 8.588685937500000000e+01 4.278963100000000000e+01 2.813806250000000100e+02 1.260483700000000000e+01 -1.954937656250000100e+02 3.018479400000000000e+01
2.771348403509995800e-02 8.583729687499999300e+01 4.280516500000000200e+01 2.813389062499999800e+02 1.261361300000000100e+01 -1.955016093749999900e+02 3.019155200000000100e+01
2.773430472926089600e-02 8.590954687499999000e+01 4.281280900000000100e+01 2.813878125000000000e+02 1.261716300000000000e+01 -1.954782656250000100e+02 3.019564600000000000e+01
2.775559628517705300e-02 8.589187499999999900e+01 4.281150999999999800e+01 2.813973750000000100e+02 1.261489199999999900e+01 -1.955055000000000100e+02 3.019661800000000100e+01
2.780350467614960100e-02 8.589654687499998400e+01 4.282541799999999900e+01 2.813880312499999800e+02 1.262589799999999900e+01 -1.954914843750000000e+02 3.019952000000000000e+01
2.791129616567664100e-02 8.591942187500001200e+01 4.286591500000000100e+01 2.813784687500000200e+02 1.265583700000000000e+01 -1.954590468750000100e+02 3.021007799999999900e+01
2.797192977484605100e-02 8.592739062500001500e+01 4.286782099999999900e+01 2.814180312500000100e+02 1.265597099999999900e+01 -1.954906406250000000e+02 3.021184999999999800e+01
2.810835539547721800e-02 8.591381250000000600e+01 4.291223699999999800e+01 2.813870937500000200e+02 1.269058500000000000e+01 -1.954732812500000100e+02 3.022165199999999900e+01
2.827718204125425800e-02 8.591412500000001300e+01 4.294971700000000000e+01 2.814710937500000200e+02 1.272106700000000000e+01 -1.955569687500000100e+02 3.022864999999999800e+01
2.837214553565309600e-02 8.591387499999999000e+01 4.296793400000000000e+01 2.815269999999999900e+02 1.273601000000000000e+01 -1.956131250000000000e+02 3.023192399999999900e+01
2.839642718322294600e-02 8.591414062500001600e+01 4.297218600000000100e+01 2.815407812500000100e+02 1.273946200000000000e+01 -1.956266406249999900e+02 3.023272400000000100e+01
2.842647389959272700e-02 8.591978124999997100e+01 4.297510100000000200e+01 2.815573749999999800e+02 1.274185900000000000e+01 -1.956375937500000100e+02 3.023324200000000100e+01
2.845720420206399400e-02 8.593825000000003900e+01 4.296887100000000000e+01 2.815980625000000300e+02 1.273700700000000000e+01 -1.956598124999999900e+02 3.023186400000000200e+01
2.852634678508404700e-02 8.590781250000000600e+01 4.298861499999999600e+01 2.815879062500000000e+02 1.275208499999999900e+01 -1.956800937500000000e+02 3.023652999999999800e+01
2.868191998704035200e-02 8.591435937499997500e+01 4.301425799999999800e+01 2.816648437499999900e+02 1.277300999999999900e+01 -1.957504843750000100e+02 3.024124799999999900e+01
2.887444030073352300e-02 8.591451562500000700e+01 4.304285699999999800e+01 2.817871562500000100e+02 1.279361100000000000e+01 -1.958726406250000000e+02 3.024924599999999900e+01
2.897288865015321100e-02 8.591331249999996100e+01 4.305637099999999900e+01 2.818740312499999700e+02 1.280206500000000100e+01 -1.959607187500000100e+02 3.025430600000000000e+01
2.902211162978246200e-02 8.591393750000003100e+01 4.306324000000000000e+01 2.819177812500000200e+02 1.280650799999999900e+01 -1.960038437499999900e+02 3.025673200000000000e+01
2.904633830364485000e-02 8.591581249999998700e+01 4.306629800000000300e+01 2.819433124999999900e+02 1.280825200000000000e+01 -1.960275000000000000e+02 3.025804600000000000e+01
2.905412783897609900e-02 8.593137500000000300e+01 4.306568799999999400e+01 2.819703749999999900e+02 1.280711799999999900e+01 -1.960389999999999900e+02 3.025856999999999900e+01
2.906376257874911800e-02 8.599235937499997800e+01 4.305928500000000300e+01 2.820635312499999800e+02 1.279991100000000000e+01 -1.960711718750000000e+02 3.025937400000000100e+01
2.907361960351317500e-02 8.611160937499997200e+01 4.303285000000000300e+01 2.823039999999999700e+02 1.277302000000000100e+01 -1.961923906250000000e+02 3.025983000000000100e+01
2.909579551907111300e-02 8.580210937499998600e+01 4.303994600000000000e+01 2.821062499999999900e+02 1.277770400000000000e+01 -1.963041406250000000e+02 3.026224200000000100e+01
2.914569013399587900e-02 8.589739062499998600e+01 4.305767900000000000e+01 2.821414374999999900e+02 1.278962100000000000e+01 -1.962440468750000100e+02 3.026805800000000000e+01
2.925795600527808500e-02 8.591845312499998500e+01 4.307912000000000300e+01 2.821291562499999900e+02 1.280890600000000000e+01 -1.962107031250000100e+02 3.027021399999999900e+01
2.951055302058246100e-02 8.591332812499999200e+01 4.311971700000000100e+01 2.822741874999999800e+02 1.283992499999999900e+01 -1.963608593749999900e+02 3.027979200000000000e+01
2.982314069169505700e-02 8.591367187500003400e+01 4.316183699999999800e+01 2.826731250000000300e+02 1.285888300000000100e+01 -1.967594531249999900e+02 3.030295400000000000e+01
2.990306290170004900e-02 8.591364062499999900e+01 4.317221500000000100e+01 2.827768125000000100e+02 1.286306699999999900e+01 -1.968631718750000100e+02 3.030914800000000000e+01
2.994801944359800800e-02 8.591399999999998700e+01 4.317797499999999600e+01 2.828333749999999900e+02 1.286543500000000000e+01 -1.969193750000000000e+02 3.031253999999999800e+01
2.997330734903053500e-02 8.618035937499999500e+01 4.312917600000000100e+01 2.832418749999999900e+02 1.281694600000000000e+01 -1.970615156250000000e+02 3.031223000000000000e+01
3.003020752641491100e-02 8.584040625000000100e+01 4.314706900000000200e+01 2.830105624999999900e+02 1.282712300000000000e+01 -1.971701562499999900e+02 3.031994600000000200e+01
3.015822695012678300e-02 8.591673437499997600e+01 4.317967800000000300e+01 2.830308749999999800e+02 1.284926400000000000e+01 -1.971141406250000000e+02 3.033041400000000100e+01
3.019783431127256700e-02 8.592614062499998800e+01 4.318439000000000000e+01 2.830727187499999800e+02 1.285093200000000000e+01 -1.971465781249999900e+02 3.033345800000000000e+01
3.022011300376184500e-02 8.592996875000000000e+01 4.318444300000000200e+01 2.831144375000000100e+02 1.284869499999999900e+01 -1.971844687500000100e+02 3.033574799999999900e+01
3.023264461890198800e-02 8.594762499999998800e+01 4.318193699999999800e+01 2.831660000000000000e+02 1.284411500000000000e+01 -1.972183750000000100e+02 3.033782199999999900e+01
3.024546066322422000e-02 8.622200000000000800e+01 4.314055900000000300e+01 2.835480937500000200e+02 1.279812500000000100e+01 -1.973260937500000100e+02 3.034243400000000100e+01
3.026853049906871500e-02 8.580118750000002600e+01 4.311119000000000100e+01 2.833876562500000200e+02 1.276259800000000100e+01 -1.975864687499999900e+02 3.034859200000000000e+01
3.029736779387433300e-02 8.579339062500000100e+01 4.312864700000000100e+01 2.834249062499999900e+02 1.277201900000000000e+01 -1.976315156249999900e+02 3.035662800000000100e+01
3.036225349980786700e-02 8.590973437499999900e+01 4.315030300000000100e+01 2.835622187500000000e+02 1.278408700000000000e+01 -1.976524843750000000e+02 3.036621600000000100e+01
3.050824215537623100e-02 8.591412499999998400e+01 4.317504400000000000e+01 2.836807187499999800e+02 1.279571999999999900e+01 -1.977665937500000000e+02 3.037932400000000000e+01
3.067247969166079000e-02 8.590500000000000100e+01 4.318218100000000000e+01 2.840289687499999900e+02 1.277753700000000100e+01 -1.981239687499999900e+02 3.040464400000000100e+01
3.071764417758262800e-02 8.591068749999999500e+01 4.319028600000000000e+01 2.840775625000000000e+02 1.278229200000000000e+01 -1.981668750000000000e+02 3.040799399999999900e+01
3.074304920091365900e-02 8.592289062500000800e+01 4.319288499999999700e+01 2.841144375000000100e+02 1.278298300000000000e+01 -1.981915468750000000e+02 3.040990199999999900e+01
3.075733997469258900e-02 8.592985937500000700e+01 4.319355699999999800e+01 2.841384687500000200e+02 1.278251300000000000e+01 -1.982086093750000100e+02 3.041104400000000000e+01
3.077195581039390100e-02 8.612143750000001300e+01 4.317540799999999700e+01 2.843170312500000100e+02 1.276386400000000000e+01 -1.981955937500000000e+02 3.041154399999999900e+01
3.080483964810096200e-02 8.585173437500000700e+01 4.318181400000000300e+01 2.842299062500000000e+02 1.276424800000000000e+01 -1.983781718749999900e+02 3.041756600000000100e+01
3.087883186818364200e-02 8.590807812499997500e+01 4.319996600000000300e+01 2.843648437499999800e+02 1.277440400000000100e+01 -1.984567656250000000e+02 3.042556199999999900e+01
3.104530898550697900e-02 8.591390625000002500e+01 4.322345199999999500e+01 2.845718437500000300e+02 1.278704200000000000e+01 -1.986579375000000000e+02 3.043640999999999900e+01
3.141988548718598100e-02 8.591346874999999300e+01 4.327827700000000300e+01 2.849934999999999800e+02 1.281795700000000000e+01 -1.990800312499999900e+02 3.046031999999999900e+01
3.188342378850568500e-02 8.591362499999996800e+01 4.334103600000000300e+01 2.854934687499999800e+02 1.285162600000000000e+01 -1.995798437500000100e+02 3.048940999999999900e+01
3.191305222666651600e-02 8.591362500000002500e+01 4.334440599999999900e+01 2.855226875000000200e+02 1.285303399999999900e+01 -1.996090624999999900e+02 3.049137199999999800e+01
3.192971882067228300e-02 8.591381250000000600e+01 4.334607099999999500e+01 2.855371250000000000e+02 1.285361299999999900e+01 -1.996233125000000000e+02 3.049245799999999900e+01
3.195034352161531900e-02 8.591907812500002700e+01 4.334652700000000200e+01 2.855472812500000300e+02 1.285309700000000000e+01 -1.996282031250000000e+02 3.049343000000000000e+01
3.195561860737047800e-02 8.593385937500002600e+01 4.334558400000000200e+01 2.855545312500000300e+02 1.285222800000000000e+01 -1.996206718750000000e+02 3.049335599999999900e+01
3.195858479741223200e-02 8.595559374999999100e+01 4.334400000000000100e+01 2.855621249999999800e+02 1.285126000000000000e+01 -1.996065312499999900e+02 3.049274000000000100e+01
3.196025312992564100e-02 8.597539062500001700e+01 4.334245899999999800e+01 2.855676250000000200e+02 1.285048699999999900e+01 -1.995922343750000000e+02 3.049197200000000100e+01
3.196400568300022300e-02 8.704278124999999000e+01 4.326535200000000000e+01 2.857459999999999800e+02 1.282476400000000000e+01 -1.987032187499999900e+02 3.044058800000000200e+01
3.197245251265982300e-02 8.672287499999998800e+01 4.314409399999999600e+01 2.852432812500000000e+02 1.276105199999999900e+01 -1.985204062500000100e+02 3.038304200000000000e+01
3.199145907447451700e-02 8.553809375000000200e+01 4.317419699999999900e+01 2.847421562499999900e+02 1.275994500000000000e+01 -1.992040624999999900e+02 3.041425200000000100e+01
3.203422144839637700e-02 8.568101562499998600e+01 4.312977700000000400e+01 2.847110937499999700e+02 1.272328699999999900e+01 -1.990300781249999900e+02 3.040649000000000200e+01
3.213043977742206800e-02 8.591564062500000900e+01 4.318539500000000000e+01 2.850980312500000200e+02 1.274311100000000100e+01 -1.991823906250000100e+02 3.044228400000000100e+01
3.234692623740748100e-02 8.591510937500001400e+01 4.326609599999999700e+01 2.853570000000000300e+02 1.277103200000000000e+01 -1.994418906250000100e+02 3.049506399999999900e+01
3.261482984499823600e-02 8.591576562499997700e+01 4.331833500000000500e+01 2.854373749999999700e+02 1.278942100000000100e+01 -1.995216093750000000e+02 3.052891400000000000e+01
3.288882119315010600e-02 8.591371875000001500e+01 4.336080499999999900e+01 2.856803125000000100e+02 1.280448900000000000e+01 -1.997665937500000000e+02 3.055631599999999900e+01
3.322788706996984700e-02 8.591387499999999000e+01 4.340318200000000100e+01 2.860055625000000000e+02 1.281958000000000000e+01 -2.000916875000000100e+02 3.058360199999999900e+01
3.357465882647903800e-02 8.591376562499996800e+01 4.344293400000000100e+01 2.862833749999999800e+02 1.283414400000000000e+01 -2.003696093750000100e+02 3.060878999999999900e+01
3.376971749136023500e-02 8.591414062499998700e+01 4.345717100000000200e+01 2.863776874999999800e+02 1.283586500000000000e+01 -2.004635468749999900e+02 3.062130600000000100e+01
3.401110226050355100e-02 8.591342187500001200e+01 4.348550900000000000e+01 2.865815625000000200e+02 1.284681900000000000e+01 -2.006681406250000100e+02 3.063869000000000000e+01
3.414688014745113900e-02 8.591367187499997700e+01 4.349974799999999700e+01 2.866863124999999900e+02 1.285190600000000000e+01 -2.007726406250000100e+02 3.064784200000000100e+01
3.418159723879400600e-02 8.591371874999998700e+01 4.350291400000000400e+01 2.867086249999999800e+02 1.285281600000000100e+01 -2.007949062500000000e+02 3.065009800000000000e+01
3.420112485574898500e-02 8.591378125000000000e+01 4.350443699999999600e+01 2.867189999999999900e+02 1.285312300000000000e+01 -2.008052187499999900e+02 3.065131399999999900e+01
3.424506318897830400e-02 8.592425000000000100e+01 4.349978600000000000e+01 2.867301249999999900e+02 1.284770000000000000e+01 -2.008058749999999900e+02 3.065208600000000100e+01
3.434392264612336200e-02 8.590401562500002800e+01 4.350631500000000100e+01 2.867330937500000200e+02 1.284812700000000000e+01 -2.008290781250000000e+02 3.065818799999999900e+01
3.456635821732063900e-02 8.591462500000002900e+01 4.353433900000000300e+01 2.869001875000000200e+02 1.286016700000000100e+01 -2.009855624999999900e+02 3.067417199999999900e+01
3.506683645989362700e-02 8.591367187500000600e+01 4.358911500000000000e+01 2.873078437500000200e+02 1.287967500000000100e+01 -2.013941718750000100e+02 3.070944000000000100e+01
3.619291310322313900e-02 8.591371875000001500e+01 4.370301899999999800e+01 2.883303750000000000e+02 1.291260300000000100e+01 -2.024166562499999900e+02 3.079041600000000000e+01
3.758643444319416400e-02 8.591359375000001800e+01 4.382924400000000300e+01 2.895993750000000100e+02 1.293977400000000000e+01 -2.036857812499999900e+02 3.088946999999999900e+01
3.837029019692786400e-02 8.591362500000002500e+01 4.389502399999999900e+01 2.903078437500000200e+02 1.295080199999999900e+01 -2.043942187499999900e+02 3.094422200000000000e+01
3.857070760320600900e-02 8.591367187500000600e+01 4.391141600000000300e+01 2.904871562500000000e+02 1.295319800000000000e+01 -2.045734843749999900e+02 3.095821799999999900e+01
3.902164736487213900e-02 8.591321874999997000e+01 4.393210299999999800e+01 2.907554687499999800e+02 1.294601900000000000e+01 -2.048422500000000100e+02 3.098608400000000200e+01
4.003626123108063000e-02 8.591375000000002200e+01 4.401796999999999800e+01 2.916742187500000200e+02 1.295849400000000000e+01 -2.057604687500000000e+02 3.105947600000000000e+01
4.060697914066171300e-02 8.591385937500001500e+01 4.405910000000000100e+01 2.920846562500000200e+02 1.295757600000000000e+01 -2.061707968750000100e+02 3.110152400000000100e+01
4.189110280278332500e-02 8.591364062499997100e+01 4.415273299999999800e+01 2.931162499999999800e+02 1.295973700000000100e+01 -2.072026093750000100e+02 3.119299600000000100e+01
4.315515867152010200e-02 8.591328124999998300e+01 4.423972399999999500e+01 2.941293437499999800e+02 1.295937999999999900e+01 -2.082160624999999900e+02 3.128034399999999900e+01
4.337862440219199900e-02 8.591367187500000600e+01 4.425461900000000500e+01 2.943083125000000000e+02 1.295913900000000000e+01 -2.083946406249999900e+02 3.129548000000000100e+01
4.343575881537339200e-02 8.591382812499998100e+01 4.425840000000000200e+01 2.943539374999999700e+02 1.295907399999999900e+01 -2.084401093749999900e+02 3.129932600000000100e+01
4.350646934413670400e-02 8.591510937500001400e+01 4.426306300000000200e+01 2.944108437500000300e+02 1.295898300000000000e+01 -2.084957343750000100e+02 3.130407999999999900e+01
4.352454374308573800e-02 8.591721874999998900e+01 4.426417899999999900e+01 2.944260312499999900e+02 1.295901900000000000e+01 -2.085088125000000000e+02 3.130516000000000100e+01
4.353013672027970100e-02 8.591896874999997600e+01 4.426451800000000200e+01 2.944312499999999800e+02 1.295905800000000100e+01 -2.085122812500000000e+02 3.130546000000000000e+01
4.353585876617813800e-02 8.593806250000002900e+01 4.426480300000000100e+01 2.944440000000000200e+02 1.295924100000000000e+01 -2.085059374999999900e+02 3.130556199999999800e+01
4.353666186033932500e-02 8.594515624999999700e+01 4.426475500000000100e+01 2.944478437500000000e+02 1.295923299999999900e+01 -2.085026875000000100e+02 3.130552200000000000e+01
4.353765616739602900e-02 8.597098437500000000e+01 4.426379500000000200e+01 2.944555937499999900e+02 1.295908500000000000e+01 -2.084846093749999900e+02 3.130471000000000000e+01
4.353867437606467200e-02 8.604318750000001600e+01 4.426011300000000400e+01 2.944666250000000200e+02 1.295858300000000100e+01 -2.084234375000000100e+02 3.130153000000000000e+01
4.354096893081091400e-02 8.658165625000000900e+01 4.422488699999999500e+01 2.945885000000000100e+02 1.294906100000000000e+01 -2.080068437500000000e+02 3.127582599999999900e+01
4.354371761618400900e-02 8.677021874999999800e+01 4.420029600000000200e+01 2.947234374999999900e+02 1.293817200000000000e+01 -2.079532187499999900e+02 3.126212400000000000e+01
4.354887080371828300e-02 8.616787500000000900e+01 4.419918899999999700e+01 2.943926875000000200e+02 1.293503100000000000e+01 -2.082248125000000100e+02 3.126415799999999800e+01
4.356046786583157200e-02 8.583959374999997700e+01 4.421473199999999800e+01 2.942780624999999800e+02 1.293862800000000000e+01 -2.084384687500000000e+02 3.127610400000000000e+01
4.358655886542528400e-02 8.574173437499999300e+01 4.422904700000000100e+01 2.943005312500000100e+02 1.294222500000000100e+01 -2.085587968750000100e+02 3.128682200000000100e+01
4.359462804961622400e-02 8.599928124999999600e+01 4.421618300000000100e+01 2.943973125000000000e+02 1.293910500000000000e+01 -2.083980312500000000e+02 3.127707799999999900e+01
4.359669314888784500e-02 8.625898437500001100e+01 4.420095299999999800e+01 2.944665312500000000e+02 1.293601499999999900e+01 -2.082075468749999900e+02 3.126493800000000100e+01
4.360133962224897700e-02 8.650331249999999300e+01 4.416639000000000000e+01 2.945554374999999800e+02 1.292406800000000000e+01 -2.080521249999999900e+02 3.124232200000000100e+01
4.361178462666676100e-02 8.596390624999998000e+01 4.417485700000000300e+01 2.943101874999999800e+02 1.292391699999999900e+01 -2.083462812500000000e+02 3.125094000000000000e+01
4.363529425217094900e-02 8.569859374999998600e+01 4.419623899999999800e+01 2.942641562499999800e+02 1.292904300000000000e+01 -2.085655625000000000e+02 3.126719599999999800e+01
4.368818851939419000e-02 8.591767187499999600e+01 4.422283900000000000e+01 2.944846249999999900e+02 1.293953100000000100e+01 -2.085669531250000000e+02 3.128330800000000200e+01
4.380720420588825300e-02 8.591607812500001300e+01 4.425249099999999900e+01 2.945578125000000100e+02 1.295518500000000000e+01 -2.086417343750000000e+02 3.129730599999999900e+01
4.387414784060982000e-02 8.591589062500000300e+01 4.426269899999999800e+01 2.946230625000000000e+02 1.295907899999999900e+01 -2.087071718750000000e+02 3.130361999999999900e+01
4.395699560791627200e-02 8.591443749999999100e+01 4.427221000000000100e+01 2.947108437499999800e+02 1.296139000000000000e+01 -2.087964062499999900e+02 3.131082000000000000e+01
4.397817721641750900e-02 8.591528124999999200e+01 4.427430700000000000e+01 2.947332812500000000e+02 1.296181100000000100e+01 -2.088180000000000100e+02 3.131249599999999900e+01
4.400438772407091300e-02 8.592462499999999200e+01 4.427652400000000200e+01 2.947653437500000000e+02 1.296245399999999900e+01 -2.088407187500000100e+02 3.131407000000000100e+01
4.401108973605889100e-02 8.595239062500002100e+01 4.427700500000000300e+01 2.947889062500000300e+02 1.296287500000000000e+01 -2.088365156250000000e+02 3.131412999999999900e+01
4.402617165319303700e-02 8.592196874999999100e+01 4.427657899999999800e+01 2.947822812499999800e+02 1.296264500000000000e+01 -2.088603124999999900e+02 3.131393400000000000e+01
4.406010238150306900e-02 8.589123437499998200e+01 4.427946000000000000e+01 2.947981874999999800e+02 1.296261400000000000e+01 -2.089069531250000000e+02 3.131684600000000200e+01
4.413643934971706700e-02 8.591570312499999300e+01 4.428663799999999600e+01 2.948877812499999900e+02 1.296330400000000100e+01 -2.089720781250000000e+02 3.132333399999999900e+01
4.430821067408510800e-02 8.591371874999998700e+01 4.430006099999999900e+01 2.950379062499999900e+02 1.296305100000000000e+01 -2.091241875000000100e+02 3.133700999999999900e+01
4.469468539818784900e-02 8.591379687499997400e+01 4.432721300000000000e+01 2.953542812499999900e+02 1.296190900000000000e+01 -2.094404843750000100e+02 3.136530399999999800e+01
4.517295187278498600e-02 8.591375000000002200e+01 4.435882000000000100e+01 2.957310937500000100e+02 1.296098800000000000e+01 -2.098173437499999900e+02 3.139783200000000100e+01
4.529523729979245000e-02 8.591320312500002400e+01 4.436678800000000000e+01 2.958251250000000100e+02 1.296086400000000100e+01 -2.099119218749999900e+02 3.140592399999999900e+01
4.541561059784470600e-02 8.591424999999998100e+01 4.437465699999999900e+01 2.959176249999999900e+02 1.296087299999999900e+01 -2.100033750000000100e+02 3.141378400000000000e+01
4.543688781279370300e-02 8.591562500000000600e+01 4.437606400000000000e+01 2.959349687500000000e+02 1.296100400000000100e+01 -2.100193437499999900e+02 3.141506000000000000e+01
4.544885774005325700e-02 8.591889062499998900e+01 4.437686499999999500e+01 2.959463437499999800e+02 1.296117699999999900e+01 -2.100274531249999900e+02 3.141568799999999900e+01
4.546110014568892400e-02 8.596814062499999000e+01 4.437729900000000100e+01 2.959871562500000000e+02 1.296174300000000000e+01 -2.100190156250000100e+02 3.141555599999999900e+01
4.548864914361097600e-02 8.589689062499999700e+01 4.437780000000000100e+01 2.959628750000000000e+02 1.296134000000000000e+01 -2.100659843750000000e+02 3.141646000000000100e+01
4.555062124304903200e-02 8.591018749999997800e+01 4.438273699999999900e+01 2.960199687499999800e+02 1.296170300000000000e+01 -2.101097812500000000e+02 3.142103399999999900e+01
4.569006802742941300e-02 8.591410937499998100e+01 4.439253999999999700e+01 2.961266249999999900e+02 1.296171799999999900e+01 -2.102125156250000100e+02 3.143082199999999900e+01
4.600382448736587600e-02 8.591374999999996500e+01 4.441404000000000000e+01 2.963617499999999700e+02 1.296207399999999900e+01 -2.104480000000000100e+02 3.145196599999999900e+01
4.618030920960848600e-02 8.591376562500002500e+01 4.442603599999999600e+01 2.964948125000000200e+02 1.296251200000000000e+01 -2.105810468750000000e+02 3.146352400000000000e+01
4.639871257887148700e-02 8.591381250000000600e+01 4.443869000000000100e+01 2.966448437500000100e+02 1.296219200000000000e+01 -2.107310312500000000e+02 3.147649799999999900e+01
4.652156208392073400e-02 8.591378125000000000e+01 4.444594800000000100e+01 2.967334687499999900e+02 1.296245000000000000e+01 -2.108196874999999900e+02 3.148349800000000100e+01
4.659066642436168700e-02 8.591379687500003100e+01 4.445046299999999900e+01 2.967855312500000200e+02 1.296298099999999900e+01 -2.108717343749999900e+02 3.148748200000000000e+01
4.662954000602091000e-02 8.591546875000003100e+01 4.445302100000000000e+01 2.968145625000000200e+02 1.296331500000000000e+01 -2.108990937499999900e+02 3.148970600000000200e+01
4.666929316699953300e-02 8.594362499999996900e+01 4.445142300000000500e+01 2.968447812499999800e+02 1.296156900000000100e+01 -2.109011562500000100e+02 3.148985400000000100e+01
4.669165551513059600e-02 8.604010937500001400e+01 4.443217299999999900e+01 2.968865000000000100e+02 1.295322500000000000e+01 -2.108463906250000000e+02 3.147894799999999900e+01
4.674196840826431300e-02 8.585010937500001700e+01 4.444693499999999600e+01 2.968025312500000200e+02 1.295839299999999900e+01 -2.109524218750000000e+02 3.148854199999999900e+01
4.680423210736803200e-02 8.592526562499998000e+01 4.445673500000000200e+01 2.968889062499999900e+02 1.296276499999999900e+01 -2.109636406250000100e+02 3.149397000000000100e+01
4.683925752950491400e-02 8.592273437500003300e+01 4.446006599999999800e+01 2.969139062500000300e+02 1.296331600000000100e+01 -2.109911718749999900e+02 3.149674999999999900e+01
4.687507648515820000e-02 8.591351562499997400e+01 4.446284000000000000e+01 2.969335312499999900e+02 1.296344000000000000e+01 -2.110200156250000100e+02 3.149940000000000100e+01
4.689522076370124200e-02 8.599481250000002300e+01 4.446074799999999500e+01 2.969769687500000300e+02 1.296178600000000000e+01 -2.109821562500000000e+02 3.149896199999999900e+01
4.694055734122904600e-02 8.588575000000003000e+01 4.446460199999999900e+01 2.969350937500000200e+02 1.296242799999999900e+01 -2.110493437499999900e+02 3.150217400000000000e+01
4.704255986034421700e-02 8.591493749999997900e+01 4.447343000000000000e+01 2.970320312499999900e+02 1.296358599999999900e+01 -2.111170937500000100e+02 3.150984400000000100e+01
4.727205835786976700e-02 8.591379687500000300e+01 4.448987199999999800e+01 2.972067812500000100e+02 1.296422199999999900e+01 -2.112929843750000000e+02 3.152564999999999900e+01
4.755606687158570000e-02 8.591346874999999300e+01 4.450918699999999700e+01 2.974193437500000000e+02 1.296501700000000000e+01 -2.115058750000000000e+02 3.154417000000000100e+01
4.771582524579270200e-02 8.591360937500002100e+01 4.451973499999999700e+01 2.975308125000000200e+02 1.296516899999999900e+01 -2.116172031250000000e+02 3.155456600000000100e+01
4.780568574604235300e-02 8.591370312499998400e+01 4.452378100000000000e+01 2.975740937499999700e+02 1.296380699999999900e+01 -2.116603906249999900e+02 3.155997400000000000e+01
4.782866475576147400e-02 8.592120312500003400e+01 4.452158599999999900e+01 2.975910625000000200e+02 1.296098200000000000e+01 -2.116698593749999900e+02 3.156060400000000100e+01
4.788035916206531700e-02 8.591171875000000600e+01 4.452485300000000000e+01 2.976029375000000000e+02 1.296054900000000000e+01 -2.116912187499999900e+02 3.156430400000000000e+01
4.789635412077557200e-02 8.591810937500000000e+01 4.452426099999999600e+01 2.976135625000000000e+02 1.295914900000000000e+01 -2.116954531250000000e+02 3.156511199999999900e+01
4.791270760366492200e-02 8.600729687500003700e+01 4.451011900000000300e+01 2.977303125000000300e+02 1.294524300000000000e+01 -2.117230156249999900e+02 3.156487600000000200e+01
4.794951130573014300e-02 8.587178124999999800e+01 4.451534499999999600e+01 2.976288749999999900e+02 1.294797900000000000e+01 -2.117570937500000000e+02 3.156736600000000000e+01
4.803232083045748400e-02 8.591848437500002000e+01 4.452573999999999900e+01 2.976889687500000200e+02 1.295227200000000100e+01 -2.117704843750000000e+02 3.157346799999999800e+01
4.813479660148907400e-02 8.591520312499997700e+01 4.453389699999999600e+01 2.977426562499999800e+02 1.295440500000000000e+01 -2.118274531250000100e+02 3.157949199999999800e+01
4.819243772884359400e-02 8.591628124999999700e+01 4.453756500000000100e+01 2.977605312499999900e+02 1.295443700000000000e+01 -2.118442499999999900e+02 3.158312799999999900e+01
4.820717546276579600e-02 8.592160937500000300e+01 4.453782499999999800e+01 2.977592500000000100e+02 1.295387900000000100e+01 -2.118376406250000100e+02 3.158394600000000100e+01
4.821546454178659400e-02 8.593123437499997400e+01 4.453744400000000100e+01 2.977585312499999800e+02 1.295314800000000100e+01 -2.118272968750000000e+02 3.158429599999999800e+01
4.822362455210291200e-02 8.599653125000000400e+01 4.453242200000000400e+01 2.977760312500000200e+02 1.294965400000000100e+01 -2.117795000000000100e+02 3.158276800000000200e+01
4.822502518656259600e-02 8.601396874999997500e+01 4.453113600000000400e+01 2.977806249999999900e+02 1.294893000000000100e+01 -2.117666562500000100e+02 3.158220599999999900e+01
4.822764958355360600e-02 8.611242187500002400e+01 4.452439099999999400e+01 2.978062187500000300e+02 1.294609099999999900e+01 -2.116937968750000000e+02 3.157829999999999900e+01
4.823354850138040400e-02 8.627071874999998600e+01 4.450443700000000300e+01 2.978423124999999900e+02 1.293673500000000100e+01 -2.115715937500000100e+02 3.156770200000000100e+01
4.824085283398926700e-02 8.602839062499998600e+01 4.450552399999999400e+01 2.977217187499999800e+02 1.293464799999999900e+01 -2.116933281249999900e+02 3.157087599999999800e+01
4.824832447788171600e-02 8.593414062500002600e+01 4.450282500000000100e+01 2.976608125000000200e+02 1.293125300000000000e+01 -2.117266718749999900e+02 3.157157200000000000e+01
4.825063337359511400e-02 8.593159374999999000e+01 4.449986900000000400e+01 2.976474999999999800e+02 1.292932500000000000e+01 -2.117159062499999900e+02 3.157054400000000200e+01
4.825299485285478700e-02 8.595964062499999200e+01 4.449422899999999700e+01 2.976363437499999800e+02 1.292629700000000000e+01 -2.116767031249999900e+02 3.156793199999999900e+01
4.825831535167263800e-02 8.593087500000001500e+01 4.448221999999999800e+01 2.975851875000000200e+02 1.291920200000000000e+01 -2.116543125000000000e+02 3.156301800000000000e+01
4.827028049860979800e-02 8.566354687499998000e+01 4.449012200000000000e+01 2.974692499999999900e+02 1.291926800000000100e+01 -2.118057031250000100e+02 3.157085400000000100e+01
4.829719849397663700e-02 8.581951562499998000e+01 4.450715200000000500e+01 2.975788437499999800e+02 1.292514800000000000e+01 -2.117593281250000000e+02 3.158200400000000100e+01
4.835776995895500100e-02 8.593156249999998400e+01 4.452257300000000100e+01 2.976019999999999800e+02 1.293561100000000000e+01 -2.116704374999999900e+02 3.158696200000000000e+01
4.849405695023691800e-02 8.591535937500000800e+01 4.453947999999999800e+01 2.976077500000000100e+02 1.294233000000000000e+01 -2.116923906250000000e+02 3.159714999999999900e+01
4.880070029046003300e-02 8.591421875000000300e+01 4.455953399999999900e+01 2.976627500000000200e+02 1.294153200000000000e+01 -2.117485312500000100e+02 3.161800200000000100e+01
4.918017184226435000e-02 8.591357812499998700e+01 4.458903800000000200e+01 2.978801874999999800e+02 1.294444800000000000e+01 -2.119666093749999900e+02 3.164459000000000100e+01
4.927719326545122700e-02 8.591385937499998700e+01 4.459613100000000000e+01 2.979341562500000000e+02 1.294496500000000000e+01 -2.120202968750000100e+02 3.165116600000000000e+01
4.930038738967780500e-02 8.591362499999999600e+01 4.459775899999999600e+01 2.979458124999999900e+02 1.294502700000000000e+01 -2.120321874999999900e+02 3.165273200000000000e+01
4.930380053986284400e-02 8.591659374999997600e+01 4.459809699999999600e+01 2.979502499999999800e+02 1.294513100000000000e+01 -2.120336562500000100e+02 3.165296599999999900e+01
4.930571744914042500e-02 8.592098437500001800e+01 4.459838299999999800e+01 2.979546250000000200e+02 1.294525299999999900e+01 -2.120336406250000000e+02 3.165313000000000100e+01
4.931003408025679000e-02 8.596398437499999500e+01 4.460038799999999500e+01 2.979879687499999900e+02 1.294642400000000000e+01 -2.120239843750000000e+02 3.165396399999999800e+01
4.931246248402989400e-02 8.600357812499999000e+01 4.460213699999999900e+01 2.980164062499999900e+02 1.294745900000000000e+01 -2.120128281250000000e+02 3.165467800000000100e+01
4.931792639251938300e-02 8.611217187500000100e+01 4.460566599999999900e+01 2.980873125000000000e+02 1.294977800000000000e+01 -2.119751406249999900e+02 3.165588800000000100e+01
4.933022138170132400e-02 8.596318750000000400e+01 4.460148599999999400e+01 2.980139375000000000e+02 1.294743199999999900e+01 -2.120507499999999900e+02 3.165405399999999900e+01
4.935788032703829200e-02 8.583515624999998300e+01 4.459897800000000200e+01 2.979382499999999800e+02 1.294490200000000100e+01 -2.121030937500000000e+02 3.165407600000000000e+01
4.942011534420769100e-02 8.591459374999999500e+01 4.460349499999999500e+01 2.980122499999999900e+02 1.294599099999999900e+01 -2.120976562500000000e+02 3.165750399999999900e+01
4.956014532791940700e-02 8.591404687499999700e+01 4.461422600000000200e+01 2.980725937500000100e+02 1.294583199999999900e+01 -2.121585468750000100e+02 3.166839399999999900e+01
4.963891069990650200e-02 8.591420312500000000e+01 4.461952099999999900e+01 2.981055312500000100e+02 1.294571500000000000e+01 -2.121913281250000100e+02 3.167380599999999900e+01
4.981613637211926300e-02 8.591218749999998700e+01 4.462933900000000200e+01 2.981542499999999900e+02 1.294481100000000000e+01 -2.122420625000000000e+02 3.168452800000000000e+01
5.003545278295837300e-02 8.591393750000000300e+01 4.464331299999999900e+01 2.982430312500000000e+02 1.294406100000000000e+01 -2.123290937500000000e+02 3.169925200000000100e+01
5.025975507004816500e-02 8.591334374999999600e+01 4.465647100000000300e+01 2.983214375000000000e+02 1.294289700000000000e+01 -2.124080937500000100e+02 3.171357400000000100e+01
5.076443282583900700e-02 8.591356250000001200e+01 4.468861900000000300e+01 2.985665312500000300e+02 1.294362100000000000e+01 -2.126529687500000100e+02 3.174499799999999900e+01
5.104831227085046600e-02 8.591368750000000900e+01 4.470726799999999900e+01 2.987296562500000100e+02 1.294461600000000000e+01 -2.128159687500000000e+02 3.176265199999999900e+01
5.120799415989926000e-02 8.591371875000001500e+01 4.471759199999999600e+01 2.988192812500000200e+02 1.294515200000000000e+01 -2.129055625000000000e+02 3.177244000000000000e+01
5.125739401145686100e-02 8.591370312500001200e+01 4.472075300000000200e+01 2.988463437500000200e+02 1.294529099999999900e+01 -2.129326406250000000e+02 3.177546200000000100e+01
5.128518680582069800e-02 8.591398437500001300e+01 4.472251500000000100e+01 2.988610625000000000e+02 1.294535900000000000e+01 -2.129470781249999900e+02 3.177715600000000200e+01
5.130081367970707600e-02 8.591434374999997200e+01 4.472349299999999800e+01 2.988690624999999800e+02 1.294539299999999900e+01 -2.129547187500000100e+02 3.177809999999999800e+01
5.130960947290100200e-02 8.591495312499998200e+01 4.472404500000000400e+01 2.988734999999999800e+02 1.294541500000000100e+01 -2.129585468750000000e+02 3.177863000000000000e+01
5.131455232625019300e-02 8.591567187500001500e+01 4.472436400000000100e+01 2.988761250000000000e+02 1.294543600000000100e+01 -2.129604531249999900e+02 3.177892800000000100e+01
5.131960990733670100e-02 8.591757812499997700e+01 4.472473800000000200e+01 2.988793437499999800e+02 1.294548600000000100e+01 -2.129617656250000000e+02 3.177925200000000000e+01
5.132245897947995000e-02 8.591992187500000000e+01 4.472499799999999900e+01 2.988817187500000000e+02 1.294554600000000000e+01 -2.129617968750000000e+02 3.177945199999999900e+01
5.132405560715754000e-02 8.592220312500003800e+01 4.472518399999999900e+01 2.988835000000000300e+02 1.294560199999999900e+01 -2.129612968749999900e+02 3.177958200000000100e+01
5.132495908808887300e-02 8.592403124999998500e+01 4.472530900000000300e+01 2.988847500000000000e+02 1.294564500000000100e+01 -2.129607187500000100e+02 3.177966400000000000e+01
5.132607290320528200e-02 8.592778124999998100e+01 4.472552499999999800e+01 2.988869062499999800e+02 1.294572700000000000e+01 -2.129591250000000000e+02 3.177979800000000000e+01
5.132721061993362300e-02 8.593920312500003400e+01 4.472581999999999900e+01 2.988904687500000300e+02 1.294588800000000000e+01 -2.129512656249999900e+02 3.177993199999999900e+01
5.132977287273358900e-02 8.657318749999998900e+01 4.469851599999999800e+01 2.989898749999999800e+02 1.294386000000000100e+01 -2.124166874999999900e+02 3.175465600000000100e+01
5.133554272185590600e-02 8.649231249999999700e+01 4.466665400000000100e+01 2.989402812500000000e+02 1.293004600000000100e+01 -2.124479687500000000e+02 3.173660800000000000e+01
5.134852129713932800e-02 8.585096874999996400e+01 4.467239100000000500e+01 2.986639374999999700e+02 1.292686499999999900e+01 -2.128129687500000100e+02 3.174552600000000200e+01
5.137772428660763300e-02 8.572101562500000700e+01 4.470545800000000000e+01 2.987245937500000000e+02 1.293612600000000000e+01 -2.130035781249999900e+02 3.176933199999999900e+01
5.144342503750831700e-02 8.593067187500003000e+01 4.472348600000000100e+01 2.988555625000000200e+02 1.294395400000000000e+01 -2.129248906249999900e+02 3.177953200000000000e+01
5.159125172703487400e-02 8.591384375000001200e+01 4.473479499999999800e+01 2.989222812500000300e+02 1.294414100000000000e+01 -2.130084375000000100e+02 3.179065400000000000e+01
5.192387133911438600e-02 8.591404687500002500e+01 4.475722600000000300e+01 2.990829375000000100e+02 1.294439000000000000e+01 -2.131688906249999900e+02 3.181283600000000100e+01
5.197064201335858900e-02 8.591429687499999100e+01 4.476018500000000000e+01 2.991043437500000000e+02 1.294449300000000000e+01 -2.131900468750000100e+02 3.181569199999999900e+01
5.199695290778214700e-02 8.591714062499997300e+01 4.476185699999999900e+01 2.991171249999999900e+02 1.294463300000000000e+01 -2.131999843750000100e+02 3.181722400000000000e+01
5.201175278589539900e-02 8.592529687500001500e+01 4.476289099999999600e+01 2.991262500000000300e+02 1.294486100000000000e+01 -2.132009531250000100e+02 3.181803000000000000e+01
5.202008010749529400e-02 8.593712500000000900e+01 4.476354800000000000e+01 2.991333750000000000e+02 1.294508800000000000e+01 -2.131962499999999900e+02 3.181846000000000200e+01
5.202476004311315500e-02 8.595685937499996500e+01 4.476391499999999700e+01 2.991427187499999700e+02 1.294527300000000000e+01 -2.131858593750000100e+02 3.181864200000000100e+01
5.203529587365630200e-02 8.622004687499998000e+01 4.473499999999999900e+01 2.991734374999999800e+02 1.293725600000000000e+01 -2.129533906250000000e+02 3.179774400000000200e+01
5.205900627270079000e-02 8.579634375000000500e+01 4.473862600000000400e+01 2.990074999999999900e+02 1.293463000000000000e+01 -2.132111562499999900e+02 3.180399600000000100e+01
5.211234510990610900e-02 8.588839062500000000e+01 4.475911999999999600e+01 2.990783749999999900e+02 1.294263600000000000e+01 -2.131899843749999900e+02 3.181648399999999900e+01
5.223235510345688300e-02 8.591612499999999400e+01 4.476953000000000300e+01 2.991517499999999900e+02 1.294408999999999900e+01 -2.132356250000000000e+02 3.182544000000000000e+01
5.250238117418790800e-02 8.591381250000003400e+01 4.478894499999999800e+01 2.992844375000000200e+02 1.294436299999999900e+01 -2.133706249999999900e+02 3.184458199999999900e+01
5.310994580873570200e-02 8.591376562499999600e+01 4.482871099999999800e+01 2.995890312500000100e+02 1.294599099999999900e+01 -2.136752656250000100e+02 3.188271999999999900e+01
5.345170061689869000e-02 8.591375000000002200e+01 4.485063999999999900e+01 2.997596250000000300e+02 1.294731600000000100e+01 -2.138458750000000100e+02 3.190332400000000100e+01
5.364393650140977100e-02 8.591453125000001000e+01 4.486147900000000300e+01 2.998306875000000100e+02 1.294757700000000100e+01 -2.139161562500000000e+02 3.191390200000000000e+01
5.407646963172090700e-02 8.591379687500000300e+01 4.488996900000000100e+01 3.000547500000000100e+02 1.294941500000000000e+01 -2.141409531250000100e+02 3.194055399999999900e+01
5.504966678475974700e-02 8.591373437499999000e+01 4.495298299999999600e+01 3.005418437500000000e+02 1.295480899999999900e+01 -2.146281093750000100e+02 3.199817399999999900e+01
5.723936515941954000e-02 8.591371874999998700e+01 4.508735799999999500e+01 3.014519687499999900e+02 1.295996200000000100e+01 -2.155382500000000100e+02 3.212739599999999700e+01
5.791680376631275200e-02 8.591364062499999900e+01 4.512809300000000000e+01 3.016947812500000100e+02 1.296053500000000000e+01 -2.157811406250000100e+02 3.216755800000000000e+01
5.809000918739720000e-02 8.591373437500001800e+01 4.513839800000000200e+01 3.017522812500000100e+02 1.296055200000000000e+01 -2.158385468749999900e+02 3.217784600000000200e+01
5.818744171830944600e-02 8.591406250000000000e+01 4.514396399999999700e+01 3.017787500000000000e+02 1.296037200000000000e+01 -2.158646875000000000e+02 3.218359199999999700e+01
5.821758165096579300e-02 8.591489062499999800e+01 4.514563700000000100e+01 3.017859374999999900e+02 1.296030099999999900e+01 -2.158710468749999900e+02 3.218533600000000000e+01
5.824840995004600800e-02 8.594343749999998700e+01 4.514717499999999700e+01 3.017945937499999900e+02 1.296050100000000100e+01 -2.158511562500000000e+02 3.218667399999999600e+01
5.831777242789591000e-02 8.590290625000002900e+01 4.514947399999999800e+01 3.017871875000000200e+02 1.295942400000000000e+01 -2.158842812499999900e+02 3.219004999999999900e+01
5.847383561289698500e-02 8.591431250000002300e+01 4.515930500000000300e+01 3.018371562500000200e+02 1.295886499999999900e+01 -2.159228437500000000e+02 3.220044000000000000e+01
5.866696541769462300e-02 8.591456249999998800e+01 4.516708599999999800e+01 3.018829999999999800e+02 1.295573800000000000e+01 -2.159684374999999900e+02 3.221134800000000100e+01
5.886448355844444600e-02 8.591659375000003300e+01 4.517665900000000100e+01 3.019390312500000300e+02 1.295411500000000000e+01 -2.160224375000000000e+02 3.222254399999999900e+01
5.930889578988975800e-02 8.591423437500003500e+01 4.520097200000000000e+01 3.020830000000000300e+02 1.295294799999999900e+01 -2.161687656249999900e+02 3.224802400000000100e+01
6.030883406636708400e-02 8.591373437500001800e+01 4.526627999999999500e+01 3.024281250000000200e+02 1.295862000000000000e+01 -2.165143906250000000e+02 3.230765999999999800e+01
6.255868323763509600e-02 8.591371875000001500e+01 4.540460499999999700e+01 3.031760937500000100e+02 1.296758500000000000e+01 -2.172623749999999900e+02 3.243701999999999700e+01
6.382422578663454700e-02 8.591371875000001500e+01 4.548176300000000100e+01 3.035854687500000200e+02 1.297360699999999900e+01 -2.176717500000000000e+02 3.250815600000000000e+01
6.453609705568852400e-02 8.591370312500001200e+01 4.552484099999999500e+01 3.038003125000000200e+02 1.297680300000000000e+01 -2.178866093750000100e+02 3.254803799999999800e+01
6.475633128842614400e-02 8.591370312500001200e+01 4.553823200000000800e+01 3.038672500000000100e+02 1.297805800000000100e+01 -2.179535468750000000e+02 3.256017400000000400e+01
6.488020856278881000e-02 8.591404687499999700e+01 4.554558099999999900e+01 3.039020625000000000e+02 1.297868700000000100e+01 -2.179880156250000000e+02 3.256689399999999800e+01
6.500690622736038400e-02 8.591325000000000500e+01 4.555302499999999800e+01 3.039363750000000000e+02 1.297923699999999900e+01 -2.180231249999999900e+02 3.257378800000000000e+01
6.516369602136444500e-02 8.596537500000002300e+01 4.554233699999999600e+01 3.040304687500000100e+02 1.297437900000000100e+01 -2.180650937499999900e+02 3.256795799999999700e+01
6.532404715554755700e-02 8.591065625000001700e+01 4.556611300000000100e+01 3.040190625000000200e+02 1.298209900000000000e+01 -2.181084062500000000e+02 3.258401400000000300e+01
6.568483720745955900e-02 8.591378125000000000e+01 4.559000500000000500e+01 3.041203125000000100e+02 1.298336900000000000e+01 -2.182065312500000100e+02 3.260663600000000200e+01
6.649661243410039100e-02 8.591376562499999600e+01 4.563984299999999900e+01 3.043336249999999800e+02 1.298635100000000100e+01 -2.184198593749999900e+02 3.265349200000000000e+01
6.661077131304825300e-02 8.591346874999996400e+01 4.564680200000000100e+01 3.043642812499999800e+02 1.298684600000000000e+01 -2.184508125000000100e+02 3.265995600000000100e+01
6.675203940025845100e-02 8.591401562500001900e+01 4.565525000000000200e+01 3.043988125000000200e+02 1.298738600000000100e+01 -2.184847968750000000e+02 3.266786400000000200e+01
6.689651508379101900e-02 8.591335937499997000e+01 4.566312900000000500e+01 3.044209374999999800e+02 1.298755700000000100e+01 -2.185075781250000100e+02 3.267557200000000300e+01
6.722159612746464500e-02 8.591384375000001200e+01 4.568332300000000100e+01 3.045198437500000100e+02 1.298951300000000100e+01 -2.186059999999999900e+02 3.269380999999999900e+01
6.795301891508556700e-02 8.591373437499999000e+01 4.572915100000000200e+01 3.047759375000000000e+02 1.299634300000000000e+01 -2.188622031250000100e+02 3.273280799999999900e+01
6.959872616263558500e-02 8.591371874999998700e+01 4.583003000000000100e+01 3.053303124999999900e+02 1.301173600000000100e+01 -2.194165937500000000e+02 3.281829400000000200e+01
7.000000076485157800e-02 8.591367187499997700e+01 4.585453600000000300e+01 3.054583749999999900e+02 1.301529200000000100e+01 -2.195447031250000100e+02 3.283924400000000100e+01
