0.000000000000000000e+00 0.000000000000000000e+00 0.000000000000000000e+00 0.000000000000000000e+00 0.000000000000000000e+00 0.000000000000000000e+00 0.000000000000000000e+00
-9.259407403806605300e-09 2.051159375000000000e+02 -2.486724853515646200e-06 1.592384531250000100e+02 -2.872843322753906400e-04 4.587748437500000200e+01 2.847976074218750000e-04
1.399990958418817900e-03 2.051160859374999700e+02 2.279483200000000000e+01 1.595586718749999900e+02 1.358584600000000000e+01 4.555741406250000100e+01 9.208985999999999400e+00
1.471768262704431200e-03 2.051226289062499900e+02 2.393750100000000100e+01 1.597249062500000000e+02 1.423541400000000000e+01 4.539772265624999600e+01 9.702087000000000600e+00
1.494839603854118200e-03 2.051209726562499900e+02 2.430320900000000300e+01 1.597883281249999900e+02 1.444071100000000000e+01 4.533264453124999700e+01 9.862498000000000400e+00
1.523390255905840700e-03 2.051181249999999900e+02 2.475591300000000000e+01 1.598755625000000000e+02 1.469323299999999900e+01 4.524256249999999800e+01 1.006268000000000000e+01
1.552589912130175300e-03 2.051188632812500100e+02 2.521745400000000000e+01 1.599791406250000100e+02 1.494848500000000000e+01 4.513972265625000100e+01 1.026896900000000000e+01
1.569014605405068400e-03 2.051196289062500000e+02 2.547638800000000000e+01 1.600424218750000000e+02 1.509083599999999900e+01 4.507720703124999800e+01 1.038555200000000100e+01
1.573942031523743500e-03 2.051202343750000000e+02 2.555396499999999800e+01 1.600623750000000000e+02 1.513338199999999900e+01 4.505785937500000000e+01 1.042058300000000100e+01
1.583180978166518500e-03 2.051199648437499800e+02 2.569926900000000100e+01 1.600994218749999900e+02 1.521292800000000000e+01 4.502054296875000000e+01 1.048634099999999900e+01
1.603968698793797500e-03 2.051181132812500000e+02 2.602539900000000000e+01 1.601854062500000000e+02 1.539086200000000000e+01 4.493270703124999700e+01 1.063453700000000000e+01
1.629693276367466000e-03 2.051200703124999900e+02 2.642608299999999800e+01 1.603037031250000000e+02 1.560751999999999900e+01 4.481636718749999900e+01 1.081856299999999900e+01
1.656002565259424100e-03 2.051333867187499900e+02 2.682703800000000200e+01 1.604602031249999900e+02 1.581858400000000000e+01 4.467318359374999700e+01 1.100845400000000000e+01
1.715198601287883400e-03 2.051252890624999700e+02 2.771269399999999900e+01 1.608994843749999900e+02 1.626225399999999900e+01 4.422580468750000200e+01 1.145044000000000000e+01
1.788453643731506600e-03 2.051494179687500200e+02 2.877542899999999900e+01 1.616749687500000100e+02 1.675248699999999900e+01 4.347444921875000300e+01 1.202294200000000000e+01
1.829659469084491100e-03 2.051469218750000000e+02 2.933635299999999900e+01 1.623130937500000100e+02 1.696594599999999900e+01 4.283382812499999700e+01 1.237040700000000000e+01
1.871802029536409900e-03 2.053197968749999800e+02 2.972820600000000000e+01 1.639347812499999900e+02 1.692329600000000100e+01 4.138501562500000100e+01 1.280491000000000000e+01
1.923953237262251700e-03 2.049713007812499900e+02 3.022039699999999800e+01 1.668727343749999900e+02 1.669688300000000000e+01 3.809856640625000100e+01 1.352351400000000000e+01
1.977289827486958400e-03 2.051469375000000100e+02 3.086248900000000000e+01 1.697276718750000000e+02 1.667877400000000100e+01 3.541926562500000100e+01 1.418371499999999900e+01
2.097296928789959200e-03 2.050697656250000000e+02 3.202446200000000000e+01 1.766923437499999900e+02 1.642444100000000200e+01 2.837742187500000000e+01 1.560002100000000000e+01
2.164800979948544800e-03 2.051199921874999700e+02 3.272159700000000300e+01 1.804956249999999900e+02 1.637614200000000200e+01 2.462436718749999900e+01 1.634545500000000100e+01
2.316685004374325300e-03 2.051197285156250100e+02 3.453303200000000600e+01 1.868090781250000100e+02 1.669793800000000100e+01 1.831065039062500000e+01 1.783509400000000200e+01
2.658424286034922300e-03 2.051172973632812700e+02 3.855022999999999900e+01 2.018122656250000100e+02 1.741711000000000100e+01 3.305031738281250000e+00 2.113312000000000200e+01
2.764149849661114900e-03 2.051164071655273300e+02 3.983358799999999900e+01 2.058385781250000000e+02 1.773795799999999900e+01 -7.221709594726563000e-01 2.209563000000000000e+01
2.872278279371681000e-03 2.051204584960937600e+02 4.110159399999999900e+01 2.099602343750000000e+02 1.804294799999999900e+01 -4.839775878906250400e+00 2.305864600000000000e+01
3.115567155539418200e-03 2.051261582031249900e+02 4.387790200000000600e+01 2.202883281249999900e+02 1.860476200000000100e+01 -1.516216992187500000e+01 2.527314000000000100e+01
3.142937231187169000e-03 2.050960507812500000e+02 4.419762199999999600e+01 2.213660468749999900e+02 1.867879400000000000e+01 -1.626999609374999900e+01 2.551882799999999900e+01
3.177149735065821800e-03 2.051205878906249900e+02 4.458653199999999800e+01 2.227692187499999900e+02 1.876473599999999900e+01 -1.764863085937500000e+01 2.582179599999999900e+01
3.254127778111755000e-03 2.051056523437500200e+02 4.546455199999999800e+01 2.257054062500000100e+02 1.897245800000000000e+01 -2.059975390625000100e+01 2.649209400000000200e+01
3.427328556327175600e-03 2.051217128906249900e+02 4.741695599999999900e+01 2.322541562499999900e+02 1.943818600000000200e+01 -2.713244335937499900e+01 2.797877000000000100e+01
3.480912705779383800e-03 2.051153124999999900e+02 4.800846400000000400e+01 2.343314531250000000e+02 1.957222000000000200e+01 -2.921614062500000100e+01 2.843624399999999900e+01
3.511053631154438300e-03 2.050991738281250000e+02 4.834255400000000000e+01 2.354583281250000100e+02 1.965182000000000100e+01 -3.035915429687500100e+01 2.869073399999999900e+01
3.515292425487894600e-03 2.050918789062500000e+02 4.839046199999999900e+01 2.356163281250000000e+02 1.966392799999999900e+01 -3.052444921875000000e+01 2.872653400000000100e+01
3.517676611278910300e-03 2.050841699218750000e+02 4.841832999999999700e+01 2.357069687499999900e+02 1.967143799999999800e+01 -3.062279882812499900e+01 2.874689199999999900e+01
3.520114842967212500e-03 2.051212011718749900e+02 4.844693800000000300e+01 2.358609843749999900e+02 1.967842999999999900e+01 -3.073978320312500000e+01 2.876850800000000100e+01
3.525601045627962500e-03 2.112874453124999800e+02 4.820493399999999400e+01 2.443999374999999900e+02 1.932920199999999900e+01 -3.311249218750000300e+01 2.887573199999999900e+01
3.528687465359554200e-03 2.141862031249999900e+02 4.790799400000000200e+01 2.492534843750000000e+02 1.898585800000000000e+01 -3.506728125000000100e+01 2.892213599999999800e+01
3.535631093626313700e-03 2.090529062500000100e+02 4.729332399999999800e+01 2.467227187500000100e+02 1.841808000000000000e+01 -3.766981249999999900e+01 2.887524399999999900e+01
3.551254347907559300e-03 2.030716679687499800e+02 4.732550399999999500e+01 2.430755781249999900e+02 1.837352999999999900e+01 -4.000391015625000100e+01 2.895197400000000000e+01
3.586406670040361200e-03 2.032468476562500000e+02 4.823432400000000100e+01 2.448841406249999900e+02 1.881369400000000200e+01 -4.163729296875000300e+01 2.942062999999999900e+01
3.665499757563308100e-03 2.053635507812500100e+02 4.921532600000000500e+01 2.491302187500000100e+02 1.918856800000000000e+01 -4.376666796874999900e+01 3.002675800000000100e+01
3.843458751084759600e-03 2.051017265625000100e+02 5.105759600000000400e+01 2.539032343750000100e+02 1.986182399999999900e+01 -4.880150781249999900e+01 3.119577200000000200e+01
4.243866667870098400e-03 2.051202695312499600e+02 5.538873200000000500e+01 2.666993749999999700e+02 2.140718800000000100e+01 -6.157910546875000100e+01 3.398154400000000000e+01
4.469096234413146500e-03 2.051236562500000100e+02 5.778636600000000100e+01 2.730527500000000000e+02 2.221824200000000000e+01 -6.792909375000000700e+01 3.556812399999999700e+01
4.975862487091895600e-03 2.051185859375000000e+02 6.282774600000000500e+01 2.908320625000000100e+02 2.357569799999999900e+01 -8.571347656250000600e+01 3.925204800000000200e+01
6.116086918343225900e-03 2.051164296874999900e+02 7.361776199999999900e+01 3.277424062499999900e+02 2.627698600000000100e+01 -1.226259765625000000e+02 4.734077599999999800e+01
7.527114302894758400e-03 2.051148906249999900e+02 8.629733199999999700e+01 3.702794999999999800e+02 2.943272400000000000e+01 -1.651646093750000000e+02 5.686460799999999700e+01
8.681591253891467500e-03 2.051189687499999900e+02 9.576710599999999800e+01 4.023869062499999800e+02 3.182089800000000000e+01 -1.972679374999999900e+02 6.394620799999999900e+01
9.042365391758974300e-03 2.051170468750000000e+02 9.839123200000000200e+01 4.115212500000000100e+02 3.253250400000000300e+01 -2.064042031250000100e+02 6.585872799999999900e+01
9.245300844309446700e-03 2.051221093749999800e+02 9.980514200000000400e+01 4.167270312499999800e+02 3.289720599999999700e+01 -2.116049218750000000e+02 6.690793600000000700e+01
9.610585094169271000e-03 2.051113124999999700e+02 1.021973919999999900e+02 4.256229374999999800e+02 3.353184799999999700e+01 -2.205116250000000100e+02 6.866554399999999700e+01
1.006718949968369100e-02 2.051179062500000000e+02 1.050355079999999900e+02 4.354028749999999900e+02 3.443152400000000300e+01 -2.302849687499999900e+02 7.060398399999999700e+01
1.063223826763710700e-02 2.051153281249999900e+02 1.081468240000000100e+02 4.472980000000000000e+02 3.555095200000000200e+01 -2.421826718750000100e+02 7.259587200000000000e+01
1.121012819569603900e-02 2.051179999999999900e+02 1.109049480000000000e+02 4.596422499999999900e+02 3.671736400000000300e+01 -2.545242499999999900e+02 7.418758400000000100e+01
1.192526786127500900e-02 2.051158437500000100e+02 1.138676759999999900e+02 4.748834687500000200e+02 3.813267599999999600e+01 -2.697676250000000100e+02 7.573499999999999900e+01
1.265665974479894700e-02 2.051183125000000000e+02 1.163644800000000100e+02 4.901359375000000100e+02 3.946930400000000100e+01 -2.850176250000000100e+02 7.689517600000000600e+01
1.306806872211307100e-02 2.051167812499999700e+02 1.176702120000000100e+02 4.982080624999999800e+02 4.023270800000000200e+01 -2.930912812500000100e+02 7.743750400000000400e+01
1.329948527436087400e-02 2.051174062499999900e+02 1.183637560000000000e+02 5.027647187499999900e+02 4.064685200000000300e+01 -2.976473125000000000e+02 7.771690400000000000e+01
1.358586469052789300e-02 2.050934062499999900e+02 1.190707520000000000e+02 5.094859999999999900e+02 4.100072800000000200e+01 -3.043925937500000000e+02 7.807002400000000400e+01
1.387875137781781300e-02 2.051169687499999600e+02 1.198326920000000100e+02 5.147408749999999600e+02 4.151414799999999900e+01 -3.096239062500000000e+02 7.831854400000000300e+01
1.453774860056498800e-02 2.051164062500000100e+02 1.214116320000000000e+02 5.261813750000000000e+02 4.258925599999999900e+01 -3.210649687499999900e+02 7.882237600000000600e+01
1.535325693826633400e-02 2.051154062500000400e+02 1.231840840000000000e+02 5.396475625000000500e+02 4.382433199999999800e+01 -3.345321562500000100e+02 7.935975200000000000e+01
1.581197965277505300e-02 2.051176562499999800e+02 1.240588880000000000e+02 5.465446250000000000e+02 4.445196800000000100e+01 -3.414269687500000100e+02 7.960692000000000200e+01
1.607001145172931900e-02 2.051145312499999700e+02 1.245265040000000000e+02 5.502621249999999700e+02 4.479838399999999900e+01 -3.451475937500000000e+02 7.972812000000000400e+01
1.633390777462533100e-02 2.051160312499999900e+02 1.249779960000000000e+02 5.540260624999999700e+02 4.514804399999999900e+01 -3.489100312499999700e+02 7.982995200000000600e+01
1.666047992761432800e-02 2.051158750000000200e+02 1.255113959999999900e+02 5.586356250000000000e+02 4.556995599999999800e+01 -3.535197499999999900e+02 7.994144000000000000e+01
1.680660117222043000e-02 2.051144374999999500e+02 1.257416080000000100e+02 5.606386874999999500e+02 4.575361600000000100e+01 -3.555242499999999900e+02 7.998799200000000600e+01
1.683243438567488500e-02 2.051160312500000500e+02 1.257817479999999900e+02 5.609907500000000500e+02 4.578580399999999900e+01 -3.558747187500000000e+02 7.999594399999999400e+01
1.684696511483783600e-02 2.051440312500000100e+02 1.258050399999999900e+02 5.612076875000000200e+02 4.580547200000000200e+01 -3.560636562500000100e+02 7.999956799999999600e+01
1.685513801522474700e-02 2.052313437500000100e+02 1.258210479999999900e+02 5.613890000000000100e+02 4.582149600000000300e+01 -3.561576562500000000e+02 7.999955199999999400e+01
1.685973590645963400e-02 2.054830937499999700e+02 1.258294640000000000e+02 5.616839374999999600e+02 4.583388000000000100e+01 -3.562008437499999900e+02 7.999558399999999400e+01
1.686232140414993900e-02 2.059942812500000300e+02 1.258131880000000000e+02 5.621462500000000100e+02 4.583060400000000100e+01 -3.561519687499999800e+02 7.998258400000000300e+01
1.686496638859966800e-02 2.071445937500000100e+02 1.257532440000000000e+02 5.631440625000000200e+02 4.580472400000000000e+01 -3.559994687500000100e+02 7.994852000000000200e+01
1.687091796633570900e-02 2.161773749999999800e+02 1.250360159999999900e+02 5.707275624999999800e+02 4.540683200000000100e+01 -3.545501874999999900e+02 7.962918399999999500e+01
1.688430829079350800e-02 2.096664999999999800e+02 1.239376840000000000e+02 5.661384375000000100e+02 4.469832400000000000e+01 -3.564719375000000200e+02 7.923936000000000500e+01
1.691443470720285100e-02 2.007882812499999500e+02 1.242183440000000000e+02 5.605226874999999600e+02 4.484396000000000300e+01 -3.597344062500000100e+02 7.937438400000000600e+01
1.698222204591700800e-02 2.048858750000000600e+02 1.250948640000000000e+02 5.640303750000000500e+02 4.547932800000000200e+01 -3.591444999999999900e+02 7.961553600000000600e+01
1.713474174440315200e-02 2.051506562500000000e+02 1.255201800000000000e+02 5.650456249999999700e+02 4.589559599999999800e+01 -3.598949687499999800e+02 7.962458399999999900e+01
1.740927749185752400e-02 2.051475000000000400e+02 1.261647360000000000e+02 5.676736250000000200e+02 4.636791199999999700e+01 -3.625261249999999800e+02 7.979682400000000100e+01
1.759802027414618700e-02 2.051153750000000300e+02 1.264698799999999900e+02 5.701615000000000500e+02 4.656415200000000000e+01 -3.650461250000000200e+02 7.990572799999999600e+01
1.779105335759659600e-02 2.051322499999999400e+02 1.266660440000000000e+02 5.735723749999999700e+02 4.665781200000000000e+01 -3.684401250000000200e+02 8.000823200000000700e+01
1.822537634446344200e-02 2.051137499999999800e+02 1.273183760000000000e+02 5.790568749999999900e+02 4.712800000000000000e+01 -3.739431250000000100e+02 8.019037600000000100e+01
1.900715859136170900e-02 2.051158124999999500e+02 1.283621680000000000e+02 5.885846874999999700e+02 4.787855199999999900e+01 -3.834688750000000300e+02 8.048361599999999800e+01
1.998438821360525700e-02 2.051165000000000300e+02 1.294786560000000000e+02 5.985721250000000300e+02 4.870405600000000100e+01 -3.934556250000000000e+02 8.077460000000000700e+01
2.053407924134999900e-02 2.051160624999999400e+02 1.300298520000000100e+02 6.036091874999999600e+02 4.911302800000000000e+01 -3.984931250000000200e+02 8.091682400000000500e+01
2.070413882848825800e-02 2.051152499999999500e+02 1.301933160000000100e+02 6.051275624999999500e+02 4.923535600000000300e+01 -4.000123125000000100e+02 8.095796000000000000e+01
2.087806505498940000e-02 2.051150312499999600e+02 1.303565800000000100e+02 6.066421249999999600e+02 4.935611600000000000e+01 -4.015270937500000100e+02 8.100046399999999400e+01
2.092086650384682200e-02 2.051125625000000200e+02 1.303954799999999900e+02 6.069972500000000100e+02 4.938488000000000300e+01 -4.018846874999999800e+02 8.101059999999999700e+01
2.092430657961770100e-02 2.051082812499999500e+02 1.303981320000000000e+02 6.070182499999999700e+02 4.938690799999999800e+01 -4.019099687500000200e+02 8.101122399999999900e+01
2.092856205926172900e-02 2.050961874999999800e+02 1.303997760000000000e+02 6.070271874999999700e+02 4.938852000000000000e+01 -4.019309999999999800e+02 8.101125600000000300e+01
2.093291619987261400e-02 2.053335312500000200e+02 1.303707279999999900e+02 6.071730000000000000e+02 4.937038400000000100e+01 -4.018394687499999800e+02 8.100034399999999800e+01
2.093536386238863100e-02 2.063466250000000200e+02 1.302634559999999900e+02 6.077886250000000200e+02 4.930397599999999900e+01 -4.014420000000000100e+02 8.095947999999999900e+01
2.093674221413149500e-02 2.080498437500000400e+02 1.300932760000000000e+02 6.089303125000000100e+02 4.919141200000000000e+01 -4.008804687499999800e+02 8.090186400000000300e+01
2.093844556670636600e-02 2.140862187500000600e+02 1.295014200000000000e+02 6.132161250000000300e+02 4.877788400000000000e+01 -3.991299062499999800e+02 8.072353599999999600e+01
2.094018954438523300e-02 2.235650312500000600e+02 1.285383840000000100e+02 6.204991250000000500e+02 4.804499200000000100e+01 -3.969340937499999900e+02 8.049339200000000000e+01
2.094214970565324800e-02 2.357924999999999600e+02 1.271589960000000000e+02 6.304361874999999600e+02 4.694226799999999900e+01 -3.946436875000000000e+02 8.021672800000000300e+01
2.094313051173554000e-02 2.419399375000000400e+02 1.264362320000000000e+02 6.357417500000000200e+02 4.634967199999999800e+01 -3.938018124999999800e+02 8.008656000000000600e+01
2.094533732542069500e-02 2.461566562500000300e+02 1.250499559999999900e+02 6.409241875000000200e+02 4.519482800000000100e+01 -3.947675312499999900e+02 7.985512799999999300e+01
2.095030084259158500e-02 2.195425624999999700e+02 1.240114720000000000e+02 6.214263124999999900e+02 4.444367199999999900e+01 -4.018837500000000200e+02 7.956780000000000500e+01
2.096146984439851600e-02 2.066062812499999900e+02 1.247153560000000000e+02 6.125123125000000100e+02 4.493381999999999700e+01 -4.059060312500000100e+02 7.978153600000000300e+01
2.098660082391239400e-02 1.983293437500000800e+02 1.249078399999999900e+02 6.070795000000000500e+02 4.491984000000000100e+01 -4.087501562499999700e+02 7.998800000000000000e+01
2.104314371419790600e-02 2.025763437499999800e+02 1.261351320000000000e+02 6.098308749999999900e+02 4.580393999999999700e+01 -4.072545312500000100e+02 8.033119200000000100e+01
2.117036558006445500e-02 2.051069687499999600e+02 1.264029920000000100e+02 6.120054999999999800e+02 4.605845600000000000e+01 -4.068985312500000200e+02 8.034453600000000500e+01
2.145661441554004600e-02 2.051515312499999500e+02 1.268250800000000100e+02 6.126325624999999500e+02 4.646279200000000000e+01 -4.074810312500000000e+02 8.036228800000000700e+01
2.210067465808426800e-02 2.051133124999999500e+02 1.280674720000000100e+02 6.133418749999999600e+02 4.756179999999999800e+01 -4.082285625000000100e+02 8.050567200000000400e+01
2.354980984108462000e-02 2.051164062499999500e+02 1.299942279999999900e+02 6.137727499999999700e+02 4.931762799999999900e+01 -4.086563437500000200e+02 8.067659999999999300e+01
2.436494965105682300e-02 2.051176250000000300e+02 1.307533960000000100e+02 6.151201875000000400e+02 5.004602800000000000e+01 -4.100025625000000100e+02 8.070736800000000200e+01
2.482346488735582400e-02 2.051169062500000000e+02 1.310726159999999800e+02 6.175302500000000200e+02 5.027105600000000200e+01 -4.124133437500000200e+02 8.080155999999999500e+01
2.539087861672068700e-02 2.051066249999999500e+02 1.314120680000000000e+02 6.214651249999999400e+02 5.045622000000000200e+01 -4.163584999999999900e+02 8.095584800000000300e+01
2.547066922277035600e-02 2.051138750000000600e+02 1.314605000000000000e+02 6.219015000000000600e+02 5.048724399999999700e+01 -4.167876249999999900e+02 8.097325600000000600e+01
2.551555415910436100e-02 2.051158125000000000e+02 1.314865800000000000e+02 6.221396250000000200e+02 5.050413199999999800e+01 -4.170238125000000200e+02 8.098244800000000500e+01
2.552703075098443700e-02 2.051151562500000400e+02 1.314928800000000100e+02 6.221981875000000200e+02 5.050829600000000100e+01 -4.170830312499999800e+02 8.098458399999999800e+01
2.553348433893419500e-02 2.051140312499999800e+02 1.314962160000000000e+02 6.222296874999999500e+02 5.051055199999999700e+01 -4.171156562499999700e+02 8.098566400000000000e+01
2.554147297545653100e-02 2.051081874999999900e+02 1.314991080000000100e+02 6.222598749999999700e+02 5.051274800000000200e+01 -4.171516874999999800e+02 8.098636000000000500e+01
2.554596495124170400e-02 2.051019374999999600e+02 1.314989120000000200e+02 6.222704374999999600e+02 5.051277600000000200e+01 -4.171684999999999900e+02 8.098613600000000200e+01
2.555056139158001800e-02 2.051965937499999800e+02 1.314842280000000000e+02 6.223605000000000000e+02 5.050164399999999900e+01 -4.171639062500000300e+02 8.098258400000000300e+01
2.555314688927032300e-02 2.053907812500000300e+02 1.314590320000000100e+02 6.225218125000000100e+02 5.048264000000000400e+01 -4.171310312499999800e+02 8.097639200000000400e+01
2.555896208272864400e-02 2.087197500000000300e+02 1.309144440000000000e+02 6.250816250000000300e+02 5.007851600000000000e+01 -4.163618750000000000e+02 8.083592799999999600e+01
2.556223530539381000e-02 2.080235000000000100e+02 1.308319200000000000e+02 6.247590625000000300e+02 5.000322400000000300e+01 -4.167355625000000100e+02 8.082869599999999400e+01
2.556959425280414300e-02 2.059219062499999500e+02 1.308778879999999800e+02 6.231604999999999600e+02 5.003643199999999800e+01 -4.172385937500000100e+02 8.084145599999999400e+01
2.558615768806368400e-02 2.050240312499999500e+02 1.309903400000000000e+02 6.226622499999999700e+02 5.011376400000000300e+01 -4.176382187500000200e+02 8.087657600000000000e+01
2.562342251560449600e-02 2.040709999999999700e+02 1.310617000000000000e+02 6.222197499999999800e+02 5.015667599999999700e+01 -4.181487500000000100e+02 8.090502399999999700e+01
2.570727273026104600e-02 2.051677812500000200e+02 1.312716839999999900e+02 6.232903750000000400e+02 5.030735599999999900e+01 -4.181225937500000200e+02 8.096432799999999500e+01
2.589592990965199800e-02 2.050388749999999600e+02 1.311490400000000100e+02 6.236941249999999900e+02 5.024983199999999800e+01 -4.186552500000000200e+02 8.089920800000000200e+01
2.632041001417820600e-02 2.051269375000000500e+02 1.316386239999999900e+02 6.246256875000000300e+02 5.070064800000000100e+01 -4.194987499999999700e+02 8.093797600000000600e+01
2.655917825935348600e-02 2.051176874999999900e+02 1.318130560000000200e+02 6.260974999999999700e+02 5.081735200000000000e+01 -4.209798124999999800e+02 8.099570400000000300e+01
2.663304920739168600e-02 2.051153750000000300e+02 1.318638120000000000e+02 6.265586250000000100e+02 5.085085200000000300e+01 -4.214432499999999800e+02 8.101296000000000700e+01
2.670859739186646700e-02 2.051180625000000100e+02 1.318977800000000100e+02 6.269185625000000100e+02 5.087766800000000000e+01 -4.218005000000000000e+02 8.102011199999999700e+01
2.687858153238300800e-02 2.051131249999999700e+02 1.319878360000000200e+02 6.277672499999999900e+02 5.094011600000000300e+01 -4.226541250000000200e+02 8.104771999999999800e+01
2.708893541910324300e-02 2.051152187499999400e+02 1.321050119999999900e+02 6.289166874999999700e+02 5.101494799999999700e+01 -4.238014687500000300e+02 8.109006399999999800e+01
2.730407146092294100e-02 2.051158125000000000e+02 1.322061760000000000e+02 6.299531250000000000e+02 5.107629599999999900e+01 -4.248373125000000000e+02 8.112988000000000000e+01
2.769131575583976300e-02 2.051155312500000000e+02 1.323927119999999900e+02 6.318739375000000100e+02 5.118687200000000100e+01 -4.267584062500000100e+02 8.120583999999999500e+01
2.795754366952607800e-02 2.051159374999999700e+02 1.325154200000000100e+02 6.331806874999999800e+02 5.125777200000000300e+01 -4.280647500000000000e+02 8.125764800000000300e+01
2.802561393307166600e-02 2.051185937499999500e+02 1.325452760000000000e+02 6.335188124999999700e+02 5.127497199999999800e+01 -4.284002187500000200e+02 8.127030399999999600e+01
2.817877347694581300e-02 2.050080937499999400e+02 1.324985639999999900e+02 6.337922499999999700e+02 5.123461199999999800e+01 -4.287841562500000200e+02 8.126395200000000300e+01
2.852337882342121900e-02 2.051253750000000200e+02 1.327129840000000100e+02 6.353176875000000300e+02 5.138051200000000300e+01 -4.301923125000000100e+02 8.133247199999999600e+01
2.871721860536534400e-02 2.051170937500000400e+02 1.328014200000000100e+02 6.360530625000000100e+02 5.143251600000000000e+01 -4.309359687499999700e+02 8.136890400000000100e+01
2.882625348270891800e-02 2.051178125000000700e+02 1.328450520000000100e+02 6.363473125000000400e+02 5.145745200000000400e+01 -4.312294999999999700e+02 8.138760000000000600e+01
2.907158558397338100e-02 2.051120625000000400e+02 1.329125560000000000e+02 6.366983750000000600e+02 5.149657200000000000e+01 -4.315863125000000200e+02 8.141598399999999500e+01
2.910608500264903400e-02 2.051100624999999700e+02 1.329249920000000000e+02 6.367475624999999600e+02 5.150389599999999700e+01 -4.316374999999999900e+02 8.142109600000000600e+01
2.918370796922097100e-02 2.051422500000000500e+02 1.328633680000000100e+02 6.366180000000000500e+02 5.145311199999999700e+01 -4.314757500000000100e+02 8.141025600000000400e+01
2.927976602762960200e-02 2.050816562500000400e+02 1.328907040000000000e+02 6.363546250000000600e+02 5.147456799999999800e+01 -4.312729687500000200e+02 8.141613599999999500e+01
2.937800913627481400e-02 2.051304999999999800e+02 1.329014119999999900e+02 6.362549374999999800e+02 5.147155600000000000e+01 -4.311244375000000000e+02 8.142985600000000100e+01
2.943327088488775100e-02 2.050781249999999400e+02 1.329309240000000000e+02 6.362012499999999600e+02 5.148761199999999900e+01 -4.311231250000000200e+02 8.144331200000000600e+01
2.946435489303424200e-02 2.051132812500000000e+02 1.329458720000000100e+02 6.362356250000000300e+02 5.149508000000000200e+01 -4.311223437500000300e+02 8.145079200000000700e+01
2.949495430172587000e-02 2.052051562500000200e+02 1.329317680000000100e+02 6.362651875000000200e+02 5.147452799999999900e+01 -4.310600312500000100e+02 8.145723999999999900e+01
2.950036324414418900e-02 2.052987187499999800e+02 1.329215360000000000e+02 6.363346249999999600e+02 5.146318399999999800e+01 -4.310359062499999800e+02 8.145835200000000500e+01
2.950589696366765600e-02 2.055762187500000700e+02 1.328945719999999800e+02 6.365465625000000500e+02 5.143526000000000000e+01 -4.309703437499999800e+02 8.145931199999999700e+01
2.950900768591682000e-02 2.059987500000000300e+02 1.328550760000000000e+02 6.368735625000000500e+02 5.139619600000000300e+01 -4.308748125000000200e+02 8.145887999999999400e+01
2.951600971277057800e-02 2.074229687500000500e+02 1.326137840000000100e+02 6.380488125000000500e+02 5.117115199999999900e+01 -4.306258437500000000e+02 8.144263200000000300e+01
2.953176354774325300e-02 2.059439687499999500e+02 1.325329360000000100e+02 6.370015624999999800e+02 5.106588000000000000e+01 -4.310575937500000200e+02 8.146705599999999900e+01
2.956721185277663000e-02 2.044121874999999600e+02 1.324546160000000200e+02 6.358279999999999700e+02 5.096402400000000200e+01 -4.314158125000000200e+02 8.149059200000000700e+01
2.964696763730858100e-02 2.049358437499999500e+02 1.325288480000000100e+02 6.360433124999999600e+02 5.097993600000000200e+01 -4.311074687500000100e+02 8.154891200000000100e+01
2.982642032885032800e-02 2.051232812499999900e+02 1.325958919999999900e+02 6.358676874999999900e+02 5.098013999999999900e+01 -4.307444062500000000e+02 8.161575200000000100e+01
3.023018743392268800e-02 2.051148750000000400e+02 1.327587320000000100e+02 6.354249375000000600e+02 5.101538800000000200e+01 -4.303100625000000200e+02 8.174334399999999300e+01
3.071470563857500400e-02 2.051168749999999400e+02 1.328756999999999900e+02 6.356135624999999400e+02 5.098215600000000300e+01 -4.304966875000000100e+02 8.189354400000000600e+01
3.121436830163999700e-02 2.051130312500000100e+02 1.330437360000000000e+02 6.360636250000000000e+02 5.103256799999999800e+01 -4.309505937500000000e+02 8.201116799999999800e+01
3.149542728007954900e-02 2.051156562499999700e+02 1.331454039999999800e+02 6.364112500000000000e+02 5.107803599999999700e+01 -4.312955937500000200e+02 8.206736800000000200e+01
3.165352277408973300e-02 2.051159375000000300e+02 1.332003120000000000e+02 6.366290625000000300e+02 5.110081600000000200e+01 -4.315131250000000000e+02 8.209949600000000200e+01
3.174245112674631300e-02 2.051152187499999400e+02 1.332296680000000000e+02 6.367335624999999500e+02 5.111377999999999800e+01 -4.316183437500000100e+02 8.211588799999999800e+01
3.175495785519211200e-02 2.051149062499999900e+02 1.332333280000000000e+02 6.367427500000000000e+02 5.111567200000000400e+01 -4.316278437500000100e+02 8.211765599999999700e+01
3.176199180177044500e-02 2.051150625000000200e+02 1.332349720000000000e+02 6.367450625000000200e+02 5.111666000000000300e+01 -4.316300000000000000e+02 8.211831200000000300e+01
3.176918534697163000e-02 2.051206250000000200e+02 1.332347920000000000e+02 6.367478125000000100e+02 5.111649599999999800e+01 -4.316271874999999900e+02 8.211829600000000100e+01
3.177323334840594800e-02 2.051416874999999900e+02 1.332316400000000000e+02 6.367606250000000000e+02 5.111426399999999900e+01 -4.316189375000000200e+02 8.211737599999999300e+01
3.177550835422995900e-02 2.051699062499999400e+02 1.332274600000000100e+02 6.367804374999999500e+02 5.111115600000000100e+01 -4.316105312500000100e+02 8.211630400000000000e+01
3.178063001912713500e-02 2.105204062500000100e+02 1.326204879999999900e+02 6.401703750000000400e+02 5.071904000000000000e+01 -4.296499687500000300e+02 8.190144800000000200e+01
3.179215303969749900e-02 2.076664374999999700e+02 1.322308120000000100e+02 6.378256249999999500e+02 5.046866000000000000e+01 -4.301591874999999700e+02 8.176215200000000000e+01
3.181808346322223500e-02 2.046131874999999800e+02 1.322758560000000000e+02 6.355751249999999600e+02 5.047021600000000100e+01 -4.309619374999999800e+02 8.180563999999999700e+01
3.183266787555832900e-02 2.039910312499999900e+02 1.322199280000000100e+02 6.351767499999999700e+02 5.041870399999999800e+01 -4.311857187499999800e+02 8.180122400000000500e+01
3.186548425421111700e-02 2.038278125000000500e+02 1.323403600000000000e+02 6.350258750000000400e+02 5.049256799999999900e+01 -4.311980624999999900e+02 8.184779199999999800e+01
3.193932038073160600e-02 2.052337500000000400e+02 1.325494760000000000e+02 6.360726250000000200e+02 5.063310800000000000e+01 -4.308388749999999700e+02 8.191636800000000600e+01
3.196216329635232600e-02 2.053532812500000100e+02 1.325582760000000100e+02 6.362164374999999800e+02 5.063572400000000300e+01 -4.308631562499999700e+02 8.192255199999999600e+01
3.198552563294562000e-02 2.052339687499999700e+02 1.325088240000000000e+02 6.362331874999999900e+02 5.059498399999999700e+01 -4.309992187500000100e+02 8.191383999999999300e+01
3.203808871393568100e-02 2.048883437499999900e+02 1.325298919999999900e+02 6.360595624999999700e+02 5.061307600000000000e+01 -4.311712187499999800e+02 8.191681599999999700e+01
3.215635999885303000e-02 2.051558437500000300e+02 1.326947240000000100e+02 6.363293750000000300e+02 5.073696400000000000e+01 -4.311735312500000000e+02 8.195775999999999300e+01
3.242246893902048200e-02 2.051027500000000100e+02 1.329322040000000100e+02 6.363944999999999900e+02 5.091576400000000300e+01 -4.312917499999999800e+02 8.201644000000000300e+01
3.257215793829575100e-02 2.051240625000000400e+02 1.330731720000000000e+02 6.364048125000000500e+02 5.102806799999999800e+01 -4.312807500000000100e+02 8.204510399999999500e+01
3.265635636812944100e-02 2.051354687499999700e+02 1.331282559999999900e+02 6.364581250000000000e+02 5.106927999999999900e+01 -4.313226562500000200e+02 8.205897600000000100e+01
3.276055105451070000e-02 2.053304687500000200e+02 1.329986560000000100e+02 6.373130625000000000e+02 5.090170400000000200e+01 -4.319825937499999800e+02 8.209695200000000200e+01
3.286711650588968600e-02 2.049273124999999700e+02 1.330727039999999900e+02 6.369552499999999800e+02 5.096794400000000300e+01 -4.320279375000000100e+02 8.210475999999999900e+01
3.310688586969925300e-02 2.051331250000000600e+02 1.332521120000000100e+02 6.370593750000000500e+02 5.112422399999999800e+01 -4.319262499999999800e+02 8.212788799999999900e+01
3.340360002214463200e-02 2.051161874999999700e+02 1.333844960000000100e+02 6.370673749999999700e+02 5.123380000000000200e+01 -4.319511875000000000e+02 8.215069599999999600e+01
3.357049955655029600e-02 2.051481562499999400e+02 1.334302679999999800e+02 6.370048124999999600e+02 5.127085199999999800e+01 -4.318566562500000100e+02 8.215941599999999300e+01
3.374119463638684100e-02 2.051356562499999500e+02 1.334615599999999900e+02 6.369731249999999800e+02 5.129404000000000300e+01 -4.318374687500000300e+02 8.216751999999999600e+01
3.395243066822251100e-02 2.051125312499999600e+02 1.335500160000000000e+02 6.368793749999999800e+02 5.136332800000000300e+01 -4.317668437500000200e+02 8.218668800000000400e+01
3.416846626591649900e-02 2.051504062500000600e+02 1.335656879999999900e+02 6.368952500000000300e+02 5.135915200000000200e+01 -4.317448437499999700e+02 8.220653600000000000e+01
3.442770956350790800e-02 2.051160000000000400e+02 1.336589319999999900e+02 6.367837500000000500e+02 5.142018000000000200e+01 -4.316677500000000100e+02 8.223875200000000500e+01
3.454923085674527900e-02 2.051111874999999700e+02 1.336829080000000000e+02 6.368124374999999900e+02 5.142725999999999700e+01 -4.317012500000000200e+02 8.225564799999999400e+01
3.461758549601887100e-02 2.051158125000000000e+02 1.337054440000000000e+02 6.368353750000000000e+02 5.143740400000000100e+01 -4.317195624999999900e+02 8.226803999999999900e+01
3.463873376444415200e-02 2.051324375000000400e+02 1.337104640000000000e+02 6.368600000000000100e+02 5.143794400000000200e+01 -4.317275624999999800e+02 8.227252000000000000e+01
3.465062821453680100e-02 2.051617187499999800e+02 1.337112999999999900e+02 6.368895000000000000e+02 5.143603600000000100e+01 -4.317277812500000200e+02 8.227526400000000700e+01
3.465731974952427500e-02 2.052118125000000600e+02 1.337096080000000000e+02 6.369310000000000400e+02 5.143255200000000100e+01 -4.317191874999999800e+02 8.227705600000000200e+01
3.466416217775517000e-02 2.053424687499999700e+02 1.337022839999999900e+02 6.370304999999999600e+02 5.142299599999999800e+01 -4.316880312499999900e+02 8.227928799999999400e+01
3.466801285725577800e-02 2.057349999999999600e+02 1.336807200000000100e+02 6.373088749999999400e+02 5.139992800000000300e+01 -4.315738749999999900e+02 8.228079200000000500e+01
3.467667180799410800e-02 2.058839687499999500e+02 1.336277159999999900e+02 6.374607499999999600e+02 5.134344399999999800e+01 -4.315767812500000100e+02 8.228427200000000100e+01
3.469616025074166700e-02 2.052659374999999500e+02 1.336276839999999900e+02 6.370338749999999700e+02 5.133584400000000200e+01 -4.317679375000000200e+02 8.229183999999999300e+01
3.474000634513053200e-02 2.049045625000000000e+02 1.335791720000000000e+02 6.368974375000000200e+02 5.127230000000000100e+01 -4.319928750000000300e+02 8.230687199999999800e+01
3.483865860660889000e-02 2.050448749999999900e+02 1.336581400000000000e+02 6.370111249999999900e+02 5.130978799999999800e+01 -4.319662500000000000e+02 8.234835200000000600e+01
3.506063127307320500e-02 2.051346874999999300e+02 1.337169600000000000e+02 6.373295624999999500e+02 5.130578400000000300e+01 -4.321948750000000200e+02 8.241117599999999800e+01
3.556006469447990600e-02 2.051162187499999700e+02 1.338906800000000000e+02 6.377304374999999900e+02 5.136501599999999700e+01 -4.326142187500000200e+02 8.252566400000000600e+01
3.584099599402117100e-02 2.051223750000000300e+02 1.339746199999999900e+02 6.379951250000000300e+02 5.138248399999999800e+01 -4.328727500000000000e+02 8.259213599999999600e+01
3.599902184499592000e-02 2.051359062499999500e+02 1.339975279999999900e+02 6.383742499999999600e+02 5.136094400000000300e+01 -4.332383437500000100e+02 8.263658399999999900e+01
3.635457565699939200e-02 2.051134687499999800e+02 1.341097760000000100e+02 6.386875000000000000e+02 5.139194400000000200e+01 -4.335740312500000200e+02 8.271783200000000100e+01
3.679457455125371300e-02 2.051142812499999800e+02 1.342469360000000100e+02 6.390691875000000000e+02 5.144695200000000300e+01 -4.339549062500000200e+02 8.279998399999999500e+01
3.704207429199590100e-02 2.051135937500000100e+02 1.343190760000000000e+02 6.392751875000000200e+02 5.147193999999999600e+01 -4.341615937500000100e+02 8.284713600000000600e+01
3.718129362161166900e-02 2.051143124999999800e+02 1.343567840000000000e+02 6.393916249999999800e+02 5.148167999999999700e+01 -4.342773124999999900e+02 8.287510399999999300e+01
3.732367590575317400e-02 2.050454999999999500e+02 1.343204159999999900e+02 6.397564374999999500e+02 5.138859999999999700e+01 -4.347109375000000000e+02 8.293181599999999800e+01
3.764403677051984800e-02 2.051166250000000000e+02 1.344301000000000100e+02 6.399971875000000000e+02 5.142810800000000200e+01 -4.348805625000000000e+02 8.300199200000000100e+01
3.836484508900343100e-02 2.051155937500000200e+02 1.346384799999999900e+02 6.405658124999999900e+02 5.149951999999999700e+01 -4.354502187499999800e+02 8.313895999999999700e+01
3.925685049753727100e-02 2.051141562499999500e+02 1.348570719999999900e+02 6.413368124999999500e+02 5.153561599999999700e+01 -4.362226562500000000e+02 8.332145599999999800e+01
3.948491983139477300e-02 2.051162500000000400e+02 1.349089080000000000e+02 6.415259375000000500e+02 5.153905199999999800e+01 -4.364096875000000200e+02 8.336985599999999900e+01
3.955547693166380800e-02 2.051248750000000300e+02 1.349210799999999900e+02 6.416011875000000400e+02 5.153433600000000300e+01 -4.364763125000000100e+02 8.338674399999999300e+01
3.957351737963306400e-02 2.051367812500000100e+02 1.349220520000000100e+02 6.416356875000000200e+02 5.153034000000000200e+01 -4.364989062500000000e+02 8.339171199999999800e+01
3.961411056390876100e-02 2.054158125000000200e+02 1.348531639999999900e+02 6.421595624999999900e+02 5.144210000000000300e+01 -4.367437499999999800e+02 8.341106399999999600e+01
3.963694187235690400e-02 2.050787812500000800e+02 1.348623800000000000e+02 6.419483750000000600e+02 5.144138800000000300e+01 -4.368695937499999800e+02 8.342099199999999800e+01
3.968831521815838900e-02 2.049525312499999900e+02 1.348869200000000000e+02 6.419262499999999800e+02 5.144599199999999700e+01 -4.369737187499999900e+02 8.344092800000000000e+01
3.980390524621171800e-02 2.051230312500000500e+02 1.349396199999999900e+02 6.421340625000000300e+02 5.146350799999999700e+01 -4.370110312499999700e+02 8.347611200000000100e+01
4.006398426022828000e-02 2.051162812499999900e+02 1.350063000000000100e+02 6.423392499999999900e+02 5.148093999999999700e+01 -4.372229687500000100e+02 8.352536000000000600e+01
4.038583084308410000e-02 2.051168125000000400e+02 1.350953800000000100e+02 6.425750000000000500e+02 5.150999600000000100e+01 -4.374581875000000100e+02 8.358538400000000500e+01
4.052984103317876200e-02 2.051170000000000200e+02 1.351325479999999900e+02 6.426903750000000200e+02 5.151916400000000400e+01 -4.375733750000000000e+02 8.361338399999999600e+01
4.055529846442121300e-02 2.051189374999999600e+02 1.351392120000000100e+02 6.427129999999999700e+02 5.152078800000000300e+01 -4.375940625000000100e+02 8.361842400000000500e+01
4.056961881358130800e-02 2.051217500000000200e+02 1.351430440000000000e+02 6.427271250000000000e+02 5.152174800000000200e+01 -4.376053749999999800e+02 8.362129600000000100e+01
4.058426416357340000e-02 2.051843124999999800e+02 1.351514839999999800e+02 6.427856874999999900e+02 5.152593199999999700e+01 -4.376013750000000200e+02 8.362555199999999900e+01
4.061721692650389900e-02 2.051408437500000400e+02 1.351570399999999900e+02 6.427841875000000300e+02 5.152595199999999700e+01 -4.376433437499999900e+02 8.363108800000000500e+01
4.069136354489067500e-02 2.050759375000000700e+02 1.351682720000000000e+02 6.427970625000000400e+02 5.152542400000000100e+01 -4.377211249999999700e+02 8.364284800000000100e+01
4.085819053446776400e-02 2.051199999999999500e+02 1.352101280000000000e+02 6.429662499999999500e+02 5.153250400000000300e+01 -4.378462500000000000e+02 8.367762399999999400e+01
4.106463570582454700e-02 2.051160312499999900e+02 1.352592720000000100e+02 6.431423125000000000e+02 5.153769599999999700e+01 -4.380262812500000100e+02 8.372157599999999900e+01
4.111742222488661000e-02 2.051174375000000500e+02 1.352718879999999900e+02 6.431860625000000500e+02 5.153912799999999800e+01 -4.380686250000000000e+02 8.373275999999999900e+01
4.121243563776380600e-02 2.051019062499999600e+02 1.352914680000000100e+02 6.432458749999999600e+02 5.154031599999999700e+01 -4.381439687500000000e+02 8.375115200000000500e+01
4.133120022751543600e-02 2.051149062500000500e+02 1.353176720000000200e+02 6.433417500000000500e+02 5.154238399999999800e+01 -4.382268437500000000e+02 8.377528800000000300e+01
4.159842345624976300e-02 2.051157187499999800e+02 1.353784959999999800e+02 6.435484999999999900e+02 5.154562399999999700e+01 -4.384327812500000100e+02 8.383287199999999500e+01
4.219967499545370500e-02 2.051152812500000700e+02 1.355086360000000000e+02 6.440170000000000500e+02 5.154646799999999700e+01 -4.389017187499999900e+02 8.396216800000000500e+01
4.355249386045571100e-02 2.051154687499999900e+02 1.357884240000000200e+02 6.448709374999999700e+02 5.153915200000000100e+01 -4.397554687499999800e+02 8.424927200000000500e+01
4.431345429065727100e-02 2.051154374999999300e+02 1.359388799999999800e+02 6.452938124999999400e+02 5.152783999999999800e+01 -4.401783750000000200e+02 8.441104000000000000e+01
4.474149489536979200e-02 2.051150937500000300e+02 1.360196680000000000e+02 6.455084375000000100e+02 5.151779599999999700e+01 -4.403933437499999900e+02 8.450187200000000600e+01
4.487392112723808500e-02 2.051145000000000200e+02 1.360438839999999900e+02 6.455721250000000300e+02 5.151362799999999700e+01 -4.404576250000000100e+02 8.453025599999999400e+01
4.494841015721572100e-02 2.051229375000000300e+02 1.360544360000000100e+02 6.456206250000000200e+02 5.150638000000000000e+01 -4.404976874999999800e+02 8.454805600000000300e+01
4.499030914840571000e-02 2.052227500000000200e+02 1.360374960000000000e+02 6.458126250000000300e+02 5.147422400000000000e+01 -4.405898750000000100e+02 8.456327199999999800e+01
4.499619978848575000e-02 2.053262187500000700e+02 1.360237600000000100e+02 6.459483125000000400e+02 5.145757600000000300e+01 -4.406220937499999800e+02 8.456618400000000700e+01
4.500222681284349300e-02 2.055668437500000300e+02 1.359881240000000000e+02 6.462585625000000400e+02 5.141908399999999800e+01 -4.406917187500000100e+02 8.456904000000000100e+01
4.501578689220016300e-02 2.052853437499999800e+02 1.360041880000000000e+02 6.460746874999999800e+02 5.142664400000000300e+01 -4.407893437500000000e+02 8.457754400000000300e+01
4.504629344351121500e-02 2.050099374999999800e+02 1.360084440000000000e+02 6.459123124999999800e+02 5.141924399999999900e+01 -4.409023750000000100e+02 8.458920000000000500e+01
4.511493536030594700e-02 2.050141250000000400e+02 1.360341440000000000e+02 6.459355000000000500e+02 5.141848000000000200e+01 -4.409213750000000100e+02 8.461566399999999500e+01
4.526937749674925200e-02 2.051313437499999800e+02 1.360694200000000100e+02 6.460870625000000000e+02 5.140739599999999900e+01 -4.409557187500000200e+02 8.466202400000000200e+01
4.561687302919495400e-02 2.051216874999999500e+02 1.360632840000000100e+02 6.465762499999999600e+02 5.126893200000000000e+01 -4.414545625000000100e+02 8.479435200000000300e+01
4.639873797719779000e-02 2.051155000000000500e+02 1.362213639999999900e+02 6.467368125000000400e+02 5.124185200000000200e+01 -4.416213124999999900e+02 8.497951200000000000e+01
4.683853664772524800e-02 2.051151875000000500e+02 1.363020559999999900e+02 6.468255000000000300e+02 5.122151999999999800e+01 -4.417103124999999900e+02 8.508053599999999500e+01
4.782808583275687700e-02 2.051153750000000300e+02 1.364668800000000000e+02 6.469472500000000500e+02 5.116064000000000100e+01 -4.418318750000000300e+02 8.530624000000000300e+01
5.005457367542289600e-02 2.051157187500000400e+02 1.368211520000000100e+02 6.473791250000000400e+02 5.101404000000000100e+01 -4.422634062500000000e+02 8.580711200000000400e+01
5.074338972450626700e-02 2.051161562500000200e+02 1.369286400000000000e+02 6.474833125000000100e+02 5.096361600000000200e+01 -4.423671562499999900e+02 8.596502400000000000e+01
5.113084875211566100e-02 2.051153437500000200e+02 1.369903120000000200e+02 6.475446250000000000e+02 5.093720799999999800e+01 -4.424292812499999700e+02 8.605310400000000500e+01
5.134879663149080600e-02 2.051146249999999900e+02 1.370246520000000000e+02 6.475757499999999700e+02 5.092221200000000200e+01 -4.424611249999999800e+02 8.610244000000000100e+01
5.140452266700659700e-02 2.051147187499999500e+02 1.370333160000000100e+02 6.475834999999999600e+02 5.091830000000000200e+01 -4.424687812500000100e+02 8.611501599999999700e+01
5.145937816457953100e-02 2.051135937500000100e+02 1.370417080000000000e+02 6.475886249999999800e+02 5.091419599999999700e+01 -4.424750312499999700e+02 8.612751199999999600e+01
5.146907595726302200e-02 2.051211250000000600e+02 1.370436919999999900e+02 6.475973125000000400e+02 5.091411600000000000e+01 -4.424761874999999800e+02 8.612957600000000000e+01
5.147155408860703400e-02 2.051245312499999600e+02 1.370442919999999800e+02 6.476007499999999500e+02 5.091419599999999700e+01 -4.424762187499999900e+02 8.613009599999999500e+01
5.147713133502764700e-02 2.065040312499999700e+02 1.369081880000000000e+02 6.480483749999999600e+02 5.086952399999999800e+01 -4.415443437500000000e+02 8.603866399999999700e+01
5.148968449216372700e-02 2.071545624999999400e+02 1.366279960000000000e+02 6.482798749999999500e+02 5.072300400000000300e+01 -4.411253125000000100e+02 8.590499199999999300e+01
5.151793054661648500e-02 2.047078437500000500e+02 1.367293400000000100e+02 6.469483750000000600e+02 5.075116400000000300e+01 -4.422405312500000000e+02 8.597817600000000500e+01
5.158147401285918800e-02 2.046449999999999800e+02 1.369326839999999900e+02 6.472146874999999700e+02 5.083921200000000300e+01 -4.425696874999999900e+02 8.609347200000000600e+01
5.166011260703112800e-02 2.051663125000000000e+02 1.369834960000000000e+02 6.475068125000000200e+02 5.087113600000000000e+01 -4.423405000000000200e+02 8.611235999999999500e+01
5.168021622992498300e-02 2.052704062500000100e+02 1.369868160000000000e+02 6.475653125000000000e+02 5.087286400000000000e+01 -4.422949062500000000e+02 8.611395199999999800e+01
5.168643767442330400e-02 2.053962500000000100e+02 1.369803440000000000e+02 6.476446250000000200e+02 5.087050399999999700e+01 -4.422483750000000100e+02 8.610984000000000500e+01
5.169279840499248900e-02 2.066517812500000600e+02 1.368636080000000000e+02 6.482039375000000500e+02 5.083373600000000200e+01 -4.415521562500000000e+02 8.602987199999999700e+01
5.170711585235943800e-02 2.064430625000000500e+02 1.366820199999999900e+02 6.480421250000000600e+02 5.074052400000000100e+01 -4.415990625000000000e+02 8.594149600000000100e+01
5.173931995265908200e-02 2.047964687499999700e+02 1.366903040000000000e+02 6.471310624999999800e+02 5.072917600000000200e+01 -4.423345937500000100e+02 8.596112800000000200e+01
5.181178353102298300e-02 2.047842187499999800e+02 1.368673079999999800e+02 6.473401874999999600e+02 5.081132399999999900e+01 -4.425559687499999800e+02 8.605598399999999500e+01
5.197482948413490600e-02 2.051451250000000100e+02 1.369930039999999800e+02 6.474179374999999900e+02 5.086466000000000100e+01 -4.422728124999999900e+02 8.612834399999999800e+01
5.199775945354991700e-02 2.051722187499999600e+02 1.370024240000000200e+02 6.474389374999999500e+02 5.086740000000000400e+01 -4.422667187500000000e+02 8.613502400000000100e+01
5.202613318690095500e-02 2.054051250000000000e+02 1.369792800000000200e+02 6.476295625000000200e+02 5.085722400000000200e+01 -4.422244375000000200e+02 8.612205600000000100e+01
5.205515111832971500e-02 2.051150312500000700e+02 1.369753120000000000e+02 6.474394375000000500e+02 5.085365600000000100e+01 -4.423244062499999800e+02 8.612165600000000200e+01
5.207147660655154400e-02 2.052881249999999800e+02 1.369525999999999900e+02 6.475651249999999700e+02 5.084196800000000100e+01 -4.422769999999999900e+02 8.611063199999999500e+01
5.210820170056778400e-02 2.048276250000000100e+02 1.369723720000000100e+02 6.472175624999999900e+02 5.084738800000000200e+01 -4.423899374999999700e+02 8.612498399999999800e+01
5.219083316210432900e-02 2.050953437500000400e+02 1.370267399999999900e+02 6.474130625000000200e+02 5.086533200000000200e+01 -4.423177187499999800e+02 8.616140799999999400e+01
5.237676265594097500e-02 2.051290000000000200e+02 1.370727919999999900e+02 6.475836875000000000e+02 5.086601600000000200e+01 -4.424546874999999800e+02 8.620677600000000500e+01
5.279510256617685900e-02 2.051087187500000400e+02 1.371547080000000000e+02 6.478216250000000400e+02 5.085367600000000000e+01 -4.427129062500000000e+02 8.630103200000000600e+01
5.373636301151787900e-02 2.051161562499999600e+02 1.373288719999999900e+02 6.482577499999999900e+02 5.080644000000000200e+01 -4.431415937500000300e+02 8.652243199999999500e+01
5.380916319788635300e-02 2.051166249999999400e+02 1.373406440000000000e+02 6.482833124999999700e+02 5.080149200000000300e+01 -4.431666875000000200e+02 8.653915200000000100e+01
5.385011330271862600e-02 2.051184375000000300e+02 1.373468719999999900e+02 6.482948750000000500e+02 5.079839200000000000e+01 -4.431764375000000200e+02 8.654847999999999800e+01
5.389199778494289900e-02 2.051254375000000300e+02 1.373511439999999800e+02 6.482924375000000100e+02 5.079384799999999700e+01 -4.431669999999999700e+02 8.655729599999999400e+01
5.394382381047466800e-02 2.051045000000000300e+02 1.373581320000000100e+02 6.482896875000000100e+02 5.078864399999999800e+01 -4.431851874999999800e+02 8.656948800000000700e+01
5.397297522438800100e-02 2.051119062500000600e+02 1.373627000000000200e+02 6.482965000000000400e+02 5.078608400000000200e+01 -4.431845937499999800e+02 8.657661600000000100e+01
5.398937615923154300e-02 2.052704062500000100e+02 1.373616480000000000e+02 6.483727500000000000e+02 5.078209600000000300e+01 -4.431023437499999900e+02 8.657955200000000700e+01
5.400614852359736400e-02 2.060917187499999800e+02 1.372310080000000000e+02 6.487338750000000100e+02 5.071963999999999800e+01 -4.426421562500000300e+02 8.651136800000000400e+01
5.404388344162731900e-02 2.048902187499999700e+02 1.372462640000000000e+02 6.480204374999999600e+02 5.070633600000000000e+01 -4.431302187499999800e+02 8.653992800000000300e+01
5.412878990898788200e-02 2.049269062500000600e+02 1.373278080000000000e+02 6.478958125000000300e+02 5.073814399999999800e+01 -4.429689062499999700e+02 8.658966399999999900e+01
5.415505694051719900e-02 2.050836875000000500e+02 1.373431800000000200e+02 6.479828750000000400e+02 5.074446799999999800e+01 -4.428991874999999800e+02 8.659871200000000600e+01
5.416983287120072400e-02 2.051792499999999700e+02 1.373507040000000100e+02 6.480366874999999700e+02 5.074702400000000300e+01 -4.428574375000000000e+02 8.660367999999999700e+01
5.417814360676192300e-02 2.052282812500000100e+02 1.373539999999999800e+02 6.480601874999999800e+02 5.074770399999999900e+01 -4.428319062499999700e+02 8.660629600000000000e+01
5.418664005708426200e-02 2.054719999999999800e+02 1.373337520000000000e+02 6.481466874999999800e+02 5.073357599999999900e+01 -4.426746875000000000e+02 8.660017600000000500e+01
5.418926908167170200e-02 2.056896874999999900e+02 1.373087960000000000e+02 6.482092500000000000e+02 5.071941199999999800e+01 -4.425195625000000100e+02 8.658938399999999500e+01
5.419196194570829300e-02 2.060297812500000400e+02 1.372560760000000100e+02 6.482707500000000200e+02 5.068925999999999700e+01 -4.422409687499999800e+02 8.656681600000000300e+01
5.419801508620433700e-02 2.081872812500000700e+02 1.368424880000000000e+02 6.485560625000000500e+02 5.045449599999999900e+01 -4.403687812499999800e+02 8.638799199999999700e+01
5.421163029963071300e-02 2.066618750000000100e+02 1.367768560000000100e+02 6.476696875000000100e+02 5.038043199999999900e+01 -4.410078125000000000e+02 8.639642399999999600e+01
5.424226162804691300e-02 2.044614687499999400e+02 1.368592520000000000e+02 6.463926874999999700e+02 5.036821200000000000e+01 -4.419312187500000300e+02 8.649103999999999800e+01
5.431119082236279100e-02 2.047154999999999600e+02 1.369651959999999900e+02 6.464779999999999500e+02 5.037796399999999900e+01 -4.417624999999999900e+02 8.658723200000000000e+01
5.439649193359077900e-02 2.051525624999999900e+02 1.370358480000000200e+02 6.465240000000000000e+02 5.039576000000000300e+01 -4.413714375000000100e+02 8.664008800000000600e+01
5.444447018141509300e-02 2.051781875000000400e+02 1.370445080000000100e+02 6.463566250000000100e+02 5.039500400000000000e+01 -4.411784374999999700e+02 8.664950399999999300e+01
5.449353950346112800e-02 2.054793125000000500e+02 1.368790839999999800e+02 6.460068125000000200e+02 5.026083599999999800e+01 -4.405274999999999700e+02 8.661824799999999400e+01
5.460395273254756800e-02 2.050006562499999600e+02 1.368953160000000100e+02 6.452279999999999500e+02 5.021268400000000300e+01 -4.402273437499999900e+02 8.668263199999999800e+01
5.485237524350919400e-02 2.051174687499999400e+02 1.370570559999999900e+02 6.444233749999999600e+02 5.029754400000000200e+01 -4.393059062500000200e+02 8.675951200000000100e+01
5.541132444227629000e-02 2.051264999999999600e+02 1.372738760000000000e+02 6.441817499999999700e+02 5.033695600000000100e+01 -4.390552500000000000e+02 8.693692000000000100e+01
5.666896159039881700e-02 2.051160312500000500e+02 1.375201880000000200e+02 6.444973125000000200e+02 5.028350799999999800e+01 -4.393812812499999700e+02 8.723668000000000700e+01
5.949865097726078600e-02 2.051158124999999500e+02 1.380390400000000000e+02 6.451403749999999500e+02 5.019339200000000300e+01 -4.400245625000000000e+02 8.784564799999999700e+01
6.586545209770022800e-02 2.051156249999999700e+02 1.392475400000000100e+02 6.468124374999999900e+02 5.019153200000000200e+01 -4.416968125000000200e+02 8.905600800000000600e+01
7.000000241429189800e-02 2.051155312500000000e+02 1.400238039999999800e+02 6.478733750000000100e+02 5.024886800000000200e+01 -4.427578437500000100e+02 8.977493599999999700e+01
