0.000000000000000000e+00 0.000000000000000000e+00 0.000000000000000000e+00 0.000000000000000000e+00 0.000000000000000000e+00 0.000000000000000000e+00 0.000000000000000000e+00
1.006967983025760200e-08 3.257662851562500400e+02 4.798278808593702000e-06 2.605307812500000200e+02 6.782360229492187300e-04 6.523550390625000300e+01 -6.734377441406250300e-04
1.400009823560552000e-03 3.257658007812499900e+02 3.232580900000000000e+01 2.606848749999999800e+02 2.085634599999999800e+01 6.508092578125000200e+01 1.146946299999999900e+01
1.564072359965297700e-03 3.257668320312499800e+02 3.608424699999999800e+01 2.608617812499999800e+02 2.324269599999999900e+01 6.490505078124999700e+01 1.284155100000000100e+01
1.656357414802077900e-03 3.257692265624999700e+02 3.818496199999999900e+01 2.610178124999999900e+02 2.456277800000000200e+01 6.475141406250000400e+01 1.362218400000000100e+01
1.669335056505157600e-03 3.257835351562499700e+02 3.847326999999999900e+01 2.610646406249999800e+02 2.474014800000000100e+01 6.471889453125000100e+01 1.373312200000000000e+01
1.698534750337087200e-03 3.257765156250000000e+02 3.912601200000000300e+01 2.611536249999999800e+02 2.513965800000000100e+01 6.462289062499999700e+01 1.398635400000000000e+01
1.714959466384232300e-03 3.257686679687499800e+02 3.949435800000000500e+01 2.612039531250000000e+02 2.536456400000000100e+01 6.456471484374999600e+01 1.412979400000000000e+01
1.751915158750901900e-03 3.257721679687500100e+02 4.031701600000000200e+01 2.613627343750000000e+02 2.585984600000000100e+01 6.440943359374999500e+01 1.445717000000000000e+01
1.772702756022301800e-03 3.257737226562499600e+02 4.077931499999999700e+01 2.614619374999999800e+02 2.613625400000000100e+01 6.431178515624999600e+01 1.464306099999999900e+01
1.819474890513247500e-03 3.257684179687500400e+02 4.181819099999999900e+01 2.616937656250000300e+02 2.675449400000000100e+01 6.407465234375000300e+01 1.506369699999999900e+01
1.833944964262605400e-03 3.257803203125000100e+02 4.213338199999999700e+01 2.617885937500000200e+02 2.693892400000000000e+01 6.399172656249999800e+01 1.519445799999999900e+01
1.848743980891377800e-03 3.257796757812499800e+02 4.245575499999999600e+01 2.618797031249999900e+02 2.712692200000000000e+01 6.389997265625000000e+01 1.532883299999999900e+01
1.882041808936412100e-03 3.257773867187499900e+02 4.317375100000000300e+01 2.621082031249999900e+02 2.754009200000000100e+01 6.366918359374999900e+01 1.563365900000000000e+01
1.900771725478429000e-03 3.257802265624999900e+02 4.357312400000000000e+01 2.622522500000000000e+02 2.776697800000000200e+01 6.352797656250000100e+01 1.580614600000000000e+01
1.903405543810344400e-03 3.257814531250000400e+02 4.362915999999999900e+01 2.622740937500000200e+02 2.779868799999999900e+01 6.350735937500000000e+01 1.583047200000000000e+01
1.909331878838932400e-03 3.257875039062499800e+02 4.375383500000000200e+01 2.623281562500000100e+02 2.786849600000000000e+01 6.345934765625000300e+01 1.588533900000000000e+01
1.916665647333791300e-03 3.257880234375000400e+02 4.390737899999999900e+01 2.623918750000000300e+02 2.795380799999999900e+01 6.339614843750000300e+01 1.595357100000000000e+01
1.924166162564954300e-03 3.257871718750000100e+02 4.406466199999999800e+01 2.624584062500000000e+02 2.804089000000000100e+01 6.332876562500000300e+01 1.602377200000000100e+01
1.941042037422996600e-03 3.257841796875000000e+02 4.441963400000000200e+01 2.626099375000000000e+02 2.823704199999999900e+01 6.317424218749999900e+01 1.618259200000000000e+01
1.979013162156555500e-03 3.257907617187499900e+02 4.520019899999999800e+01 2.630343125000000000e+02 2.865062199999999800e+01 6.275644921874999900e+01 1.654957699999999900e+01
2.000371858873737700e-03 3.257956054687500100e+02 4.563066800000000000e+01 2.633178125000000000e+02 2.886857799999999900e+01 6.247779296875000200e+01 1.676209000000000100e+01
2.048428885857101400e-03 3.257968750000000000e+02 4.657360199999999400e+01 2.640927500000000200e+02 2.931099199999999900e+01 6.170412499999999800e+01 1.726260999999999900e+01
2.156557318460559100e-03 3.260209257812500100e+02 4.767662800000000100e+01 2.714511249999999900e+02 2.864477200000000000e+01 5.456980078125000200e+01 1.903185600000000100e+01
2.217379409436393000e-03 3.256689804687500200e+02 4.881649400000000600e+01 2.747887812500000000e+02 2.879546600000000100e+01 5.088019921875000100e+01 2.002102800000000100e+01
2.354229398544092900e-03 3.258516640625000500e+02 5.055873199999999900e+01 2.842465000000000300e+02 2.851995399999999800e+01 4.160516406250000200e+01 2.203877800000000100e+01
2.523581349451523700e-03 3.256997695312500100e+02 5.318487400000000100e+01 2.943106562500000200e+02 2.880344799999999900e+01 3.138911328125000100e+01 2.438142600000000100e+01
2.696782127073530900e-03 3.257666386718749400e+02 5.577030399999999600e+01 3.053743124999999700e+02 2.907081200000000000e+01 2.039232617187499800e+01 2.669949199999999900e+01
3.086483714201861400e-03 3.257713921813964900e+02 6.207479399999999700e+01 3.256231562500000200e+02 3.061626199999999900e+01 1.482359313964843900e-01 3.145853200000000200e+01
3.207047780354817400e-03 3.258103740234374800e+02 6.399383200000000500e+01 3.319218750000000000e+02 3.109519600000000100e+01 -6.111500976562499700e+00 3.289863600000000300e+01
3.330351953694994100e-03 3.257369199218749700e+02 6.592215000000000200e+01 3.385588437499999900e+02 3.154718600000000000e+01 -1.282192382812500000e+01 3.437496399999999900e+01
3.482940494404735800e-03 3.257569921875000300e+02 6.832963399999999900e+01 3.457752187500000200e+02 3.221760600000000400e+01 -2.001822656250000100e+01 3.611202800000000200e+01
3.638997237212655900e-03 3.257760957031250100e+02 7.074392800000001100e+01 3.533490312500000000e+02 3.285589600000000100e+01 -2.757293554687500100e+01 3.788803200000000300e+01
3.832117586454405800e-03 3.257667265624999700e+02 7.370217600000000900e+01 3.623525624999999800e+02 3.365527600000000100e+01 -3.658583593750000100e+01 4.004690000000000100e+01
3.881494773027436900e-03 3.257736562499999900e+02 7.444069600000000300e+01 3.646514687499999900e+02 3.385103999999999800e+01 -3.887781249999999700e+01 4.058965599999999800e+01
3.909269643626248600e-03 3.257463359375000200e+02 7.485409200000000900e+01 3.658909375000000100e+02 3.396419600000000100e+01 -4.014460156250000000e+01 4.088989600000000000e+01
3.917862463745033900e-03 3.257382578124999700e+02 7.498250000000000200e+01 3.662769374999999700e+02 3.400065599999999900e+01 -4.053867968750000000e+01 4.098184400000000200e+01
3.922695843801257500e-03 3.257385781250000000e+02 7.505660799999999700e+01 3.665179375000000200e+02 3.402254800000000000e+01 -4.077935937499999900e+01 4.103405999999999700e+01
3.925414823234365600e-03 3.258606796875000100e+02 7.509342399999999900e+01 3.668040312499999800e+02 3.402864400000000000e+01 -4.094335156249999800e+01 4.106477999999999900e+01
3.926944147589747600e-03 3.261089062500000200e+02 7.510748399999999900e+01 3.671757812500000000e+02 3.402366000000000000e+01 -4.106687500000000300e+01 4.108382400000000000e+01
3.928508251478822800e-03 3.268622968749999700e+02 7.510402399999999500e+01 3.681269375000000000e+02 3.399777199999999800e+01 -4.126464062499999800e+01 4.110625199999999800e+01
3.932027160186871800e-03 3.336410820312499900e+02 7.486556799999999600e+01 3.767684062500000000e+02 3.365319999999999800e+01 -4.312732421874999700e+01 4.121236799999999800e+01
3.939945517385907800e-03 3.367895624999999900e+02 7.362533999999999400e+01 3.850508125000000100e+02 3.234086800000000000e+01 -4.826124999999999700e+01 4.128447200000000100e+01
3.957761414780776300e-03 3.243132890625000200e+02 7.300544600000000600e+01 3.771462500000000100e+02 3.168029400000000000e+01 -5.283296093749999800e+01 4.132515200000000300e+01
3.997847590222192900e-03 3.226824023437500300e+02 7.454877000000000500e+01 3.778652812500000100e+02 3.253503400000000300e+01 -5.518287890624999600e+01 4.201373600000000200e+01
4.088040997401824600e-03 3.261502695312499900e+02 7.616126800000000700e+01 3.840802187499999700e+02 3.324806000000000200e+01 -5.792994921874999600e+01 4.291320799999999700e+01
4.290976326077181000e-03 3.257491093749999900e+02 7.888252000000000000e+01 3.919970937499999800e+02 3.423185200000000300e+01 -6.624798437500000100e+01 4.465066800000000300e+01
4.747580896857325800e-03 3.257743906250000200e+02 8.556066799999999300e+01 4.092946250000000000e+02 3.686733600000000200e+01 -8.352023437500000100e+01 4.869333199999999800e+01
5.004420927290860300e-03 3.257681484375000300e+02 8.915612000000000100e+01 4.189699687500000200e+02 3.815316000000000000e+01 -9.320182031250000400e+01 5.100296000000000200e+01
5.582311483329871300e-03 3.257703046875000200e+02 9.679842800000000100e+01 4.440059062500000100e+02 4.035223200000000100e+01 -1.182356015624999900e+02 5.644619600000000000e+01
6.882564178029939600e-03 3.257669218749999800e+02 1.127970360000000100e+02 4.963635937500000100e+02 4.467659600000000400e+01 -1.705966718750000000e+02 6.812044000000000200e+01
8.491627277772119400e-03 3.257654531250000200e+02 1.314837000000000000e+02 5.551730000000000000e+02 4.967852400000000300e+01 -2.294075468750000100e+02 8.180517600000000300e+01
9.369298236745510200e-03 3.257668281250000700e+02 1.414455759999999900e+02 5.872519375000000500e+02 5.230604799999999700e+01 -2.614851093749999800e+02 8.913952799999999900e+01
1.101493055347528400e-02 3.257658125000000400e+02 1.601350200000000000e+02 6.467597500000000500e+02 5.722133199999999700e+01 -3.209939375000000200e+02 1.029136879999999900e+02
1.286626658475391000e-02 3.257637187500000700e+02 1.809053999999999900e+02 7.104293750000000500e+02 6.265656800000000000e+01 -3.846656562499999800e+02 1.182488319999999900e+02
1.379193525047796300e-02 3.257680000000000300e+02 1.905026599999999900e+02 7.381049375000000100e+02 6.528146800000000400e+01 -4.123369374999999800e+02 1.252211920000000000e+02
1.545813884878126000e-02 3.257677187499999700e+02 2.055533839999999900e+02 7.809244999999999700e+02 6.975221600000000400e+01 -4.551567812499999900e+02 1.358011679999999900e+02
1.660365317253003500e-02 3.257714687499999400e+02 2.145468640000000000e+02 8.052703749999999400e+02 7.250611200000000200e+01 -4.794989062500000000e+02 1.420407520000000000e+02
1.724800546720227700e-02 3.257661562499999900e+02 2.191060320000000000e+02 8.178873750000000200e+02 7.394360000000000400e+01 -4.921212187500000300e+02 1.451624320000000000e+02
1.761045241404652500e-02 3.257696250000000200e+02 2.214969280000000300e+02 8.246133750000000200e+02 7.472096000000000500e+01 -4.988437500000000000e+02 1.467759680000000100e+02
1.781432939047055900e-02 3.258392812500000000e+02 2.227090079999999800e+02 8.279208750000000200e+02 7.514279999999999400e+01 -5.020815937500000200e+02 1.475662079999999900e+02
1.792901083979382300e-02 3.257337499999999900e+02 2.234131040000000300e+02 8.300154999999999700e+02 7.540446400000000400e+01 -5.042817499999999900e+02 1.480086400000000100e+02
1.799351874873519500e-02 3.257726249999999500e+02 2.238007440000000100e+02 8.312503749999999600e+02 7.555347999999999300e+01 -5.054777500000000100e+02 1.482472640000000000e+02
1.802980387869056500e-02 3.257748437500000000e+02 2.240107840000000000e+02 8.319223749999999900e+02 7.563447999999999600e+01 -5.061475312499999900e+02 1.483763040000000000e+02
1.805021523941757400e-02 3.257845624999999400e+02 2.241250719999999900e+02 8.322983124999999500e+02 7.567953599999999900e+01 -5.065137500000000200e+02 1.484455360000000000e+02
1.806169573596000000e-02 3.258426875000000100e+02 2.241877360000000000e+02 8.325465000000000400e+02 7.570736800000000200e+01 -5.067038125000000300e+02 1.484803680000000000e+02
1.806463151865454100e-02 3.258736562500000100e+02 2.242040559999999800e+02 8.326251250000000300e+02 7.571562400000000500e+01 -5.067514687500000200e+02 1.484884319999999900e+02
1.806826419219242600e-02 3.259808124999999600e+02 2.242266400000000000e+02 8.327944999999999700e+02 7.573100800000000300e+01 -5.068136875000000100e+02 1.484956320000000000e+02
1.807198007657727700e-02 3.281158749999999600e+02 2.241563679999999900e+02 8.348564999999999800e+02 7.571815999999999700e+01 -5.067406250000000200e+02 1.484382080000000000e+02
1.808033886618896900e-02 3.369420000000000100e+02 2.231626799999999700e+02 8.435841874999999800e+02 7.513440799999999300e+01 -5.066421874999999800e+02 1.480282719999999900e+02
1.809914711794238800e-02 3.254071562499999600e+02 2.224357200000000000e+02 8.352776874999999600e+02 7.455415200000000200e+01 -5.098705312500000000e+02 1.478815679999999900e+02
1.814146633447232300e-02 3.227245000000000300e+02 2.233685120000000100e+02 8.342015625000000200e+02 7.514052800000000300e+01 -5.114770624999999900e+02 1.482279839999999900e+02
1.823668294645281900e-02 3.260279687500000100e+02 2.245123999999999900e+02 8.371541875000000300e+02 7.592047999999999800e+01 -5.111262187500000200e+02 1.485919199999999900e+02
1.845092227366316700e-02 3.257960312499999400e+02 2.257011200000000000e+02 8.401991874999999900e+02 7.650563200000000600e+01 -5.144031562500000500e+02 1.491954880000000100e+02
1.857143108261306200e-02 3.257719375000000400e+02 2.264113360000000100e+02 8.425798750000000200e+02 7.679370400000000500e+01 -5.168079374999999800e+02 1.496176319999999900e+02
1.872056182258049300e-02 3.257649374999999700e+02 2.272605680000000100e+02 8.455704375000000300e+02 7.714042399999999600e+01 -5.198055000000000500e+02 1.501201440000000100e+02
1.880444745750921300e-02 3.257816562499999700e+02 2.277146880000000200e+02 8.472616249999999800e+02 7.732801600000000500e+01 -5.214799687500000100e+02 1.503866720000000000e+02
1.880980935646062200e-02 3.257959375000000400e+02 2.277411040000000100e+02 8.473840000000000100e+02 7.733796800000000400e+01 -5.215880624999999800e+02 1.504031359999999900e+02
1.882187492927078100e-02 3.258173437499999600e+02 2.277959760000000000e+02 8.476727499999999500e+02 7.735519200000000200e+01 -5.218554062499999900e+02 1.504407840000000100e+02
1.884901986775466100e-02 3.258435937499999700e+02 2.279105999999999900e+02 8.483921874999999800e+02 7.738026399999999700e+01 -5.225485937500000100e+02 1.505303360000000100e+02
1.888261234670897800e-02 3.260201875000000200e+02 2.279637760000000000e+02 8.498248750000000200e+02 7.730952000000000600e+01 -5.238046875000000000e+02 1.506542560000000000e+02
1.891696802515031200e-02 3.256114999999999800e+02 2.279666399999999800e+02 8.514218750000000000e+02 7.715540799999999400e+01 -5.258103750000000200e+02 1.508112319999999900e+02
1.895948226710282600e-02 3.256322500000000000e+02 2.282281120000000100e+02 8.528746875000000500e+02 7.722707200000000700e+01 -5.272424375000000500e+02 1.510010399999999900e+02
1.900296383515132400e-02 3.256936250000000000e+02 2.284870240000000200e+02 8.543467500000000400e+02 7.729961600000000000e+01 -5.286531250000000500e+02 1.511874080000000000e+02
1.910079768830281700e-02 3.257666874999999900e+02 2.289733600000000100e+02 8.570467499999999700e+02 7.744992000000000600e+01 -5.312800624999999900e+02 1.515234399999999900e+02
1.932092158259708300e-02 3.257667500000000000e+02 2.300529199999999700e+02 8.612977499999999500e+02 7.792435999999999300e+01 -5.355309999999999500e+02 1.521285599999999900e+02
1.935187731783814100e-02 3.257813750000000300e+02 2.302025919999999800e+02 8.619076250000000500e+02 7.798995200000000200e+01 -5.361262500000000300e+02 1.522126399999999900e+02
1.940759608106866500e-02 3.257424374999999400e+02 2.304633119999999700e+02 8.629491249999999800e+02 7.810286399999999700e+01 -5.372066875000000400e+02 1.523604479999999900e+02
1.947724486014919300e-02 3.257571250000000900e+02 2.307936159999999900e+02 8.643316250000000300e+02 7.824758400000000300e+01 -5.385744999999999400e+02 1.525460320000000000e+02
1.963395428803800900e-02 3.257581249999999500e+02 2.315264960000000100e+02 8.677414999999999700e+02 7.855220799999999300e+01 -5.419833750000000200e+02 1.529742880000000000e+02
1.982788236757160000e-02 3.257613750000000400e+02 2.324153920000000000e+02 8.715798750000000200e+02 7.895809599999999800e+01 -5.458184999999999700e+02 1.534572960000000100e+02
2.002621932182494000e-02 3.257891250000000100e+02 2.332333920000000100e+02 8.760379375000000000e+02 7.927544000000000300e+01 -5.502488124999999900e+02 1.539579520000000100e+02
2.027165881613930700e-02 3.257640625000000200e+02 2.342927680000000000e+02 8.808693124999999800e+02 7.977103999999999900e+01 -5.551052499999999600e+02 1.545217280000000000e+02
2.033441409661644600e-02 3.257693750000000800e+02 2.345496479999999900e+02 8.821341250000000400e+02 7.989108799999999600e+01 -5.563647499999999600e+02 1.546585599999999900e+02
2.034323834690336000e-02 3.257716249999999700e+02 2.345850639999999900e+02 8.823168749999999800e+02 7.990752799999999900e+01 -5.565452500000000100e+02 1.546775360000000000e+02
2.036309453526076100e-02 3.258098124999999100e+02 2.346662480000000000e+02 8.827547499999999400e+02 7.994535200000000000e+01 -5.569449375000000400e+02 1.547208960000000100e+02
2.040777095906492300e-02 3.257477500000000000e+02 2.348364399999999800e+02 8.836662499999999900e+02 8.002282400000000000e+01 -5.579184999999999900e+02 1.548136160000000000e+02
2.050829226253954000e-02 3.257645625000000100e+02 2.352453600000000100e+02 8.856525000000000300e+02 8.023287999999999400e+01 -5.598879375000000200e+02 1.550124800000000100e+02
2.073446324510320700e-02 3.257668750000000300e+02 2.361338800000000300e+02 8.901079375000000500e+02 8.069112800000000600e+01 -5.643410625000000200e+02 1.554427520000000100e+02
2.101435203006174800e-02 3.257669374999999300e+02 2.371881040000000100e+02 8.955584374999999700e+02 8.122915999999999300e+01 -5.697915000000000400e+02 1.559589440000000000e+02
2.117178825269203400e-02 3.257823124999999900e+02 2.377585520000000100e+02 8.986784999999999900e+02 8.151160799999999500e+01 -5.728961875000000000e+02 1.562469440000000100e+02
2.133280384191137100e-02 3.257337499999999900e+02 2.382872960000000000e+02 9.025874374999999600e+02 8.172592000000000200e+01 -5.768536874999999800e+02 1.565613760000000000e+02
2.153206001598979500e-02 3.257333125000000100e+02 2.389497440000000100e+02 9.069341875000000100e+02 8.203427200000000100e+01 -5.812008750000000000e+02 1.569154719999999900e+02
2.164414112634535300e-02 3.257627499999999800e+02 2.393323759999999800e+02 9.088924375000000300e+02 8.224147999999999600e+01 -5.831296875000000500e+02 1.570908959999999900e+02
2.165990308099810200e-02 3.257660625000000900e+02 2.393763359999999800e+02 9.091263750000000500e+02 8.226536000000000100e+01 -5.833603124999999600e+02 1.571109759999999900e+02
2.166393230622856400e-02 3.258269374999999900e+02 2.393770880000000100e+02 9.092157499999999600e+02 8.226471999999999700e+01 -5.833888124999999700e+02 1.571123680000000000e+02
2.166619980180840500e-02 3.259421250000000300e+02 2.393670799999999900e+02 9.093219374999999900e+02 8.225715999999999900e+01 -5.833798124999999600e+02 1.571099199999999900e+02
2.166900426738507500e-02 3.266681249999999200e+02 2.392858320000000000e+02 9.098602499999999500e+02 8.220080799999999500e+01 -5.831921250000000300e+02 1.570850240000000000e+02
2.167187374143593800e-02 3.298541249999999500e+02 2.389187519999999800e+02 9.122123749999999500e+02 8.194049599999999600e+01 -5.823582500000000000e+02 1.569782559999999900e+02
2.167348725176540200e-02 3.330016875000000000e+02 2.385354399999999900e+02 9.145704375000000300e+02 8.166185600000000000e+01 -5.815687500000000200e+02 1.568735839999999900e+02
2.167548431209260000e-02 3.378578125000000200e+02 2.378558480000000100e+02 9.183263749999999800e+02 8.114744799999999700e+01 -5.804685624999999600e+02 1.567084000000000100e+02
2.167752687835173100e-02 3.433380624999999800e+02 2.369737680000000100e+02 9.228345624999999500e+02 8.045266399999999900e+01 -5.794964999999999700e+02 1.565211040000000100e+02
2.168005440782834500e-02 3.504881249999999700e+02 2.355219679999999900e+02 9.290584999999999800e+02 7.928455999999999900e+01 -5.785703750000000100e+02 1.562374079999999900e+02
2.168147679324367700e-02 3.542413124999999400e+02 2.345811120000000200e+02 9.325334374999999900e+02 7.851527199999999600e+01 -5.782921250000000600e+02 1.560658400000000100e+02
2.168293038272662400e-02 3.568733750000000100e+02 2.335595280000000000e+02 9.353224374999999800e+02 7.766317600000000700e+01 -5.784490624999999700e+02 1.558963520000000100e+02
2.168620160914800200e-02 3.535328749999999900e+02 2.316491280000000200e+02 9.345634374999999600e+02 7.606205599999999800e+01 -5.810305624999999700e+02 1.555870720000000100e+02
2.169356316876557300e-02 3.317772500000000900e+02 2.312224239999999900e+02 9.201101250000000400e+02 7.561925599999999300e+01 -5.883328749999999400e+02 1.556031680000000100e+02
2.171012602782038100e-02 3.251796875000000000e+02 2.326112799999999900e+02 9.167785000000000100e+02 7.645640000000000200e+01 -5.915988125000000100e+02 1.561548799999999900e+02
2.174739148556657800e-02 3.161732499999999400e+02 2.334107920000000100e+02 9.121925000000000000e+02 7.687362400000000700e+01 -5.960192500000000600e+02 1.565371680000000100e+02
2.183123941558026300e-02 3.261483124999999700e+02 2.353776480000000200e+02 9.209153125000000300e+02 7.831070400000000100e+01 -5.947670000000000500e+02 1.570669440000000100e+02
2.201989660802631700e-02 3.257682500000000800e+02 2.355610320000000100e+02 9.216140000000000300e+02 7.844330399999999800e+01 -5.958457499999999500e+02 1.571177280000000000e+02
2.225336024122491500e-02 3.257959374999999200e+02 2.366844160000000000e+02 9.235126874999999700e+02 7.922908800000000400e+01 -5.977167500000000500e+02 1.574553280000000100e+02
2.249213116625660100e-02 3.257542499999999600e+02 2.378287279999999800e+02 9.254233749999999600e+02 8.005501599999999500e+01 -5.996691250000000100e+02 1.577737119999999900e+02
2.302936119698470500e-02 3.257668125000000100e+02 2.401341600000000100e+02 9.285420625000000400e+02 8.187966400000000500e+01 -6.027752500000000300e+02 1.582544959999999900e+02
2.423813396680086700e-02 3.257679999999999200e+02 2.439812960000000100e+02 9.376269999999999500e+02 8.489236800000000500e+01 -6.118590000000000400e+02 1.590889280000000100e+02
2.695787269888723700e-02 3.257678750000000000e+02 2.495983840000000100e+02 9.713198125000000100e+02 8.813227200000000000e+01 -6.455519375000000100e+02 1.614661120000000100e+02
2.746782257350513200e-02 3.257503749999999600e+02 2.503142320000000000e+02 9.771092499999999700e+02 8.859693599999999900e+01 -6.513588750000000100e+02 1.617172960000000000e+02
2.756343963768665600e-02 3.257672499999999900e+02 2.504491679999999900e+02 9.778640625000000500e+02 8.871059200000000500e+01 -6.520968125000000600e+02 1.617385759999999900e+02
2.759301849344431700e-02 3.257760000000000700e+02 2.504861440000000000e+02 9.780213750000000300e+02 8.874912000000000500e+01 -6.522453749999999700e+02 1.617370239999999900e+02
2.760965806249866800e-02 3.257981875000000400e+02 2.505004879999999900e+02 9.780403125000000300e+02 8.877344800000000200e+01 -6.522421249999999900e+02 1.617270399999999900e+02
2.762667728104230600e-02 3.259242500000000300e+02 2.504777039999999900e+02 9.779119375000000200e+02 8.879130399999999700e+01 -6.519876874999999900e+02 1.616863999999999900e+02
2.763194036711294100e-02 3.260520000000000200e+02 2.504532079999999900e+02 9.778683750000000100e+02 8.879084000000000300e+01 -6.518163749999999900e+02 1.616623679999999900e+02
2.763732566911505900e-02 3.267572500000000000e+02 2.503558640000000000e+02 9.780194374999999800e+02 8.876148000000000600e+01 -6.512621874999999800e+02 1.615943839999999900e+02
2.764035506401244000e-02 3.445216250000000900e+02 2.487175439999999800e+02 9.875431250000000300e+02 8.795781599999999400e+01 -6.430214999999999500e+02 1.607597280000000000e+02
2.764717055244679500e-02 3.413507500000000600e+02 2.469929520000000000e+02 9.818986875000000500e+02 8.694508000000000400e+01 -6.405479374999999900e+02 1.600478720000000100e+02
2.766250215100039100e-02 3.264055000000000700e+02 2.470499279999999900e+02 9.714505625000000500e+02 8.691210399999999900e+01 -6.450450624999999700e+02 1.601378239999999900e+02
2.769700084808495200e-02 3.216626874999999500e+02 2.475071120000000100e+02 9.685803124999999900e+02 8.721479200000000300e+01 -6.469176250000000400e+02 1.602923199999999900e+02
2.777462616694891700e-02 3.255094374999999900e+02 2.479193680000000200e+02 9.750751249999999600e+02 8.728872800000000600e+01 -6.495656874999999700e+02 1.606306400000000000e+02
2.794927793371490200e-02 3.256771249999999300e+02 2.482302720000000100e+02 9.775394999999999800e+02 8.743193599999999300e+01 -6.518623750000000400e+02 1.607983360000000100e+02
2.834224895953156600e-02 3.257733749999999900e+02 2.492752080000000200e+02 9.805961250000000300e+02 8.823018399999999400e+01 -6.548227500000000400e+02 1.610450240000000100e+02
2.856329597415937000e-02 3.257670000000000500e+02 2.499005920000000200e+02 9.817765000000000600e+02 8.873203200000000400e+01 -6.560095000000000000e+02 1.611685600000000100e+02
2.906064980681769700e-02 3.257861874999999800e+02 2.506725759999999900e+02 9.858595625000000400e+02 8.923761600000000300e+01 -6.600733750000000600e+02 1.614349599999999900e+02
2.934040987499733300e-02 3.257669375000000400e+02 2.510888160000000100e+02 9.883761250000000000e+02 8.953062400000000300e+01 -6.626091874999999600e+02 1.615581919999999900e+02
2.996987132857100900e-02 3.257694374999999800e+02 2.519032320000000000e+02 9.934828750000000400e+02 9.015327999999999500e+01 -6.677134375000000500e+02 1.617499520000000100e+02
3.074883147007604500e-02 3.257693750000000800e+02 2.528447200000000000e+02 9.973438750000000300e+02 9.092406400000000100e+01 -6.715744999999999400e+02 1.619206560000000100e+02
3.118699638715144400e-02 3.257671249999999600e+02 2.532933039999999800e+02 9.993410000000000100e+02 9.129309600000000600e+01 -6.735738750000000400e+02 1.620002079999999900e+02
3.143346431552754300e-02 3.257566249999999900e+02 2.534818640000000000e+02 1.000780062500000000e+03 9.140572000000000200e+01 -6.750234375000000000e+02 1.620761440000000000e+02
3.157210398792976300e-02 3.257642500000000600e+02 2.536216719999999900e+02 1.001348937500000000e+03 9.151644000000000300e+01 -6.755846874999999700e+02 1.621052320000000000e+02
3.171389267082187800e-02 3.257807500000000100e+02 2.537304560000000000e+02 1.002107625000000000e+03 9.159512800000000300e+01 -6.763268749999999700e+02 1.621353279999999900e+02
3.188935574334578900e-02 3.257582500000000900e+02 2.538832480000000100e+02 1.002989000000000000e+03 9.171225599999999600e+01 -6.772307499999999400e+02 1.621709920000000100e+02
3.206880773584616700e-02 3.257836249999999200e+02 2.540125280000000300e+02 1.004067312500000000e+03 9.180299200000000300e+01 -6.782836875000000400e+02 1.622095360000000100e+02
3.229087928402724100e-02 3.257641875000000500e+02 2.542163920000000100e+02 1.004963312500000000e+03 9.196693600000000400e+01 -6.791991249999999800e+02 1.622494560000000100e+02
3.251799809014463400e-02 3.257786250000000300e+02 2.543466159999999800e+02 1.006524812500000100e+03 9.204605599999999300e+01 -6.807461875000000200e+02 1.623005599999999900e+02
3.279905572746916900e-02 3.257456875000000300e+02 2.545497680000000000e+02 1.008251375000000100e+03 9.216981599999999700e+01 -6.825056875000000200e+02 1.623799520000000000e+02
3.308650239763733700e-02 3.257685625000000300e+02 2.547431520000000100e+02 1.009932000000000000e+03 9.227467199999999500e+01 -6.841634374999999900e+02 1.624684800000000000e+02
3.373325870568522800e-02 3.257676874999999700e+02 2.552517280000000100e+02 1.013212375000000000e+03 9.257711999999999400e+01 -6.874446874999999900e+02 1.626746080000000100e+02
3.409705912896216600e-02 3.257779375000000100e+02 2.554185119999999900e+02 1.015634000000000000e+03 9.261791999999999800e+01 -6.898560625000000100e+02 1.628005919999999900e+02
3.430169540436477100e-02 3.257696875000000300e+02 2.555111519999999800e+02 1.016984000000000000e+03 9.264052800000000300e+01 -6.912143125000000100e+02 1.628706239999999900e+02
3.476213222469857300e-02 3.257625625000000600e+02 2.557844880000000100e+02 1.019384625000000000e+03 9.276874399999999800e+01 -6.936220624999999700e+02 1.630157440000000100e+02
3.579810726943272900e-02 3.257654999999998600e+02 2.564749200000000000e+02 1.024079812499999900e+03 9.315291999999999500e+01 -6.983143125000000300e+02 1.633220000000000000e+02
3.708012898763020400e-02 3.257647500000000500e+02 2.571793999999999900e+02 1.030835000000000000e+03 9.356066400000000300e+01 -7.050702499999999900e+02 1.636187360000000100e+02
3.780126799184933100e-02 3.257639374999998800e+02 2.575731519999999900e+02 1.034425937499999900e+03 9.378871999999999800e+01 -7.086620000000000300e+02 1.637844320000000100e+02
3.812393625333508600e-02 3.257631874999999600e+02 2.577393759999999900e+02 1.035925062500000000e+03 9.388142399999999600e+01 -7.101618750000000100e+02 1.638579520000000100e+02
3.818097988926965500e-02 3.257646249999999100e+02 2.577676159999999800e+02 1.036185937499999900e+03 9.389678399999999700e+01 -7.104213125000000000e+02 1.638708320000000100e+02
3.819556259020055700e-02 3.257657500000000300e+02 2.577742879999999600e+02 1.036251312500000000e+03 9.390031999999999400e+01 -7.104855625000000100e+02 1.638739679999999900e+02
3.820376665964366600e-02 3.257669374999999300e+02 2.577775280000000200e+02 1.036286499999999900e+03 9.390197600000000500e+01 -7.105195625000000100e+02 1.638755520000000000e+02
3.821392098331256200e-02 3.257906875000001000e+02 2.577741200000000400e+02 1.036328562500000100e+03 9.389884000000000700e+01 -7.105378749999999900e+02 1.638752800000000000e+02
3.821963132768564600e-02 3.259666250000000200e+02 2.577466880000000100e+02 1.036430937500000000e+03 9.388220800000000600e+01 -7.104643125000000100e+02 1.638644799999999900e+02
3.822547168900711200e-02 3.308956874999998900e+02 2.570629680000000100e+02 1.038694999999999900e+03 9.353351200000000200e+01 -7.077993125000000400e+02 1.635294560000000100e+02
3.822875591712332500e-02 3.299293125000001500e+02 2.569288639999999800e+02 1.037964750000000100e+03 9.342587199999999800e+01 -7.080354374999999400e+02 1.635029920000000100e+02
3.823614868080851100e-02 3.264730000000000700e+02 2.569077839999999900e+02 1.035526125000000100e+03 9.338371999999999700e+01 -7.090531250000000200e+02 1.635240640000000100e+02
3.825278044884596100e-02 3.260952499999999600e+02 2.570529439999999700e+02 1.035640687500000000e+03 9.346508799999999400e+01 -7.095454375000000500e+02 1.635878559999999900e+02
3.827273805042311100e-02 3.251214999999999700e+02 2.570300159999999900e+02 1.035260125000000000e+03 9.341764800000000000e+01 -7.101386250000000500e+02 1.636123680000000000e+02
3.828209407002891600e-02 3.249952499999999400e+02 2.569354640000000200e+02 1.035258499999999900e+03 9.334199200000000500e+01 -7.102632499999999700e+02 1.635934719999999900e+02
3.828498824729997100e-02 3.250850624999999400e+02 2.568868959999999800e+02 1.035326749999999900e+03 9.330764800000000000e+01 -7.102416875000000100e+02 1.635792480000000100e+02
3.828794743304522700e-02 3.254197499999999100e+02 2.568074480000000200e+02 1.035538624999999900e+03 9.325544800000000100e+01 -7.101188750000000000e+02 1.635519999999999900e+02
3.829460950148048900e-02 3.266635000000001100e+02 2.564971919999999800e+02 1.036261687500000100e+03 9.305279199999999700e+01 -7.095981874999999900e+02 1.634444000000000000e+02
3.830959525495137400e-02 3.249885625000000600e+02 2.564945520000000000e+02 1.035289125000000000e+03 9.302266400000000600e+01 -7.103005624999999600e+02 1.634718880000000100e+02
3.832813827213008700e-02 3.249368125000000900e+02 2.565833519999999900e+02 1.035569375000000000e+03 9.305919199999999600e+01 -7.106325624999999500e+02 1.635241599999999900e+02
3.834710514456053700e-02 3.265238749999999800e+02 2.563422880000000000e+02 1.036594750000000000e+03 9.289606399999999600e+01 -7.100708750000000000e+02 1.634462240000000000e+02
3.838977930735956700e-02 3.253895625000001200e+02 2.564577120000000100e+02 1.036251562500000100e+03 9.293304000000000500e+01 -7.108619999999999700e+02 1.635246720000000100e+02
3.841378303637046200e-02 3.254886874999999700e+02 2.564847680000000300e+02 1.036504187499999900e+03 9.293787199999999900e+01 -7.110154999999999700e+02 1.635468960000000000e+02
3.842728399629079300e-02 3.256585000000001200e+02 2.564810400000000100e+02 1.036667750000000100e+03 9.293123199999999400e+01 -7.110092499999999500e+02 1.635498080000000100e+02
3.843146274101189000e-02 3.258490625000000600e+02 2.564647440000000000e+02 1.036796312500000100e+03 9.292023199999999900e+01 -7.109472500000000500e+02 1.635445120000000000e+02
3.843573509793583200e-02 3.265822500000001600e+02 2.563964159999999900e+02 1.037237125000000100e+03 9.287913600000000300e+01 -7.106548749999999500e+02 1.635172800000000000e+02
3.844534595076047600e-02 3.261391250000000400e+02 2.563643680000000100e+02 1.036965437500000000e+03 9.284795200000000600e+01 -7.108263124999999700e+02 1.635164159999999900e+02
3.846697557029386100e-02 3.256750624999999700e+02 2.564092559999999700e+02 1.036798000000000000e+03 9.286693599999999500e+01 -7.111229375000000300e+02 1.635423199999999900e+02
3.851563831373551500e-02 3.254259374999999200e+02 2.564235280000000300e+02 1.036786437499999900e+03 9.286720800000000500e+01 -7.113605000000000000e+02 1.635563200000000000e+02
3.862512818630975400e-02 3.259594375000000400e+02 2.563402239999999800e+02 1.037376187500000000e+03 9.279062399999999400e+01 -7.114167499999999800e+02 1.635496000000000000e+02
3.887148430011023300e-02 3.257750624999998800e+02 2.566126080000000200e+02 1.038255187499999900e+03 9.288993600000000600e+01 -7.124801250000000400e+02 1.637226719999999900e+02
3.917635064102308100e-02 3.257277500000001300e+02 2.570433120000000100e+02 1.038521625000000100e+03 9.319377600000000000e+01 -7.127938749999999600e+02 1.638495360000000000e+02
3.948814688528485400e-02 3.257754999999999700e+02 2.574873279999999900e+02 1.038620625000000000e+03 9.355558399999999600e+01 -7.128451250000000500e+02 1.639317440000000100e+02
3.966352934730077400e-02 3.257788124999999600e+02 2.576715439999999800e+02 1.038986500000000000e+03 9.369048800000000200e+01 -7.132076875000000200e+02 1.639810560000000000e+02
4.005814638768399200e-02 3.257664374999999400e+02 2.579366720000000400e+02 1.040401499999999900e+03 9.383137600000000600e+01 -7.146350625000000000e+02 1.641052960000000100e+02
4.094602952786831300e-02 3.257654375000000800e+02 2.584340320000000000e+02 1.044189125000000100e+03 9.410569599999999500e+01 -7.184236875000000300e+02 1.643283360000000100e+02
4.204478455629978600e-02 3.257640624999999100e+02 2.589325680000000000e+02 1.048732874999999900e+03 9.437015200000000400e+01 -7.229688125000000100e+02 1.645624160000000100e+02
4.316851324017712700e-02 3.257657500000000300e+02 2.593973839999999900e+02 1.053195500000000000e+03 9.459499999999999900e+01 -7.274297500000000100e+02 1.648023839999999900e+02
4.332653583924462500e-02 3.257699374999998600e+02 2.594577199999999900e+02 1.053772999999999900e+03 9.461967199999999400e+01 -7.280030625000000600e+02 1.648380479999999900e+02
4.368209058765496600e-02 3.257603125000000500e+02 2.595923119999999900e+02 1.055053000000000100e+03 9.467101599999999500e+01 -7.292926875000000600e+02 1.649212960000000100e+02
4.379209012666687700e-02 3.257753750000000500e+02 2.596351119999999900e+02 1.055501375000000100e+03 9.468903199999999700e+01 -7.297260000000000000e+02 1.649460799999999900e+02
4.385396779274241400e-02 3.258368750000000800e+02 2.596511679999999800e+02 1.055889625000000000e+03 9.469111999999999800e+01 -7.300527499999999500e+02 1.649600480000000000e+02
4.386978825502194100e-02 3.259242500000000300e+02 2.596477600000000100e+02 1.056091875000000100e+03 9.468446400000000600e+01 -7.301676250000000400e+02 1.649632960000000100e+02
4.390538169481190300e-02 3.259314999999999100e+02 2.595369279999999900e+02 1.056840999999999900e+03 9.457483200000000100e+01 -7.309094999999999800e+02 1.649620960000000000e+02
4.398547213501725200e-02 3.254917500000000200e+02 2.596107440000000100e+02 1.057080375000000000e+03 9.461799200000000100e+01 -7.315886249999999800e+02 1.649927520000000000e+02
4.416567562547929500e-02 3.257705624999999800e+02 2.597211760000000100e+02 1.057777875000000000e+03 9.468029599999999800e+01 -7.320073125000000100e+02 1.650408799999999900e+02
4.457113087867991400e-02 3.257674374999999100e+02 2.598766160000000100e+02 1.058513124999999900e+03 9.475498399999999300e+01 -7.327456875000000300e+02 1.651216320000000100e+02
4.479920140885949200e-02 3.257679375000000200e+02 2.599616960000000200e+02 1.059044875000000000e+03 9.478755200000000500e+01 -7.332769375000000300e+02 1.651741440000000100e+02
4.492748653149230400e-02 3.257678124999998800e+02 2.600058159999999800e+02 1.059348874999999900e+03 9.480147999999999800e+01 -7.335810625000000300e+02 1.652043360000000100e+02
4.499965113852409000e-02 3.257729375000000100e+02 2.600255599999999800e+02 1.059506875000000000e+03 9.480456800000000300e+01 -7.337339375000000200e+02 1.652209920000000000e+02
4.508895197935305200e-02 3.257248749999998800e+02 2.600240320000000300e+02 1.059690374999999900e+03 9.478460800000000600e+01 -7.339655000000000200e+02 1.652394240000000100e+02
4.518028108457683400e-02 3.257691874999999300e+02 2.600552159999999700e+02 1.059868874999999900e+03 9.479356799999999300e+01 -7.340996874999999600e+02 1.652616480000000100e+02
4.523165338122283500e-02 3.259981874999999700e+02 2.599799759999999700e+02 1.060281375000000000e+03 9.471223200000000000e+01 -7.342831875000000500e+02 1.652677439999999900e+02
4.526055354850992700e-02 3.258197500000000000e+02 2.599502800000000200e+02 1.060241125000000000e+03 9.467815199999999700e+01 -7.344213750000000100e+02 1.652721280000000100e+02
4.527681086773602300e-02 3.259869999999998500e+02 2.598924959999999900e+02 1.060511749999999900e+03 9.461971200000000700e+01 -7.345247500000000400e+02 1.652727840000000000e+02
4.529692188931226700e-02 3.259431250000000100e+02 2.598203599999999900e+02 1.060619250000000000e+03 9.454644000000000400e+01 -7.346761249999999600e+02 1.652739200000000000e+02
4.530206535979038100e-02 3.260193750000000800e+02 2.597914480000000000e+02 1.060735750000000100e+03 9.451746400000000400e+01 -7.347163749999999700e+02 1.652739840000000100e+02
4.530843098958332900e-02 3.266684999999999900e+02 2.596790239999999700e+02 1.061428500000000000e+03 9.441150399999999400e+01 -7.347599999999999900e+02 1.652675199999999900e+02
4.531200905600289000e-02 3.271818749999999900e+02 2.595794960000000100e+02 1.061965375000000000e+03 9.431978399999999900e+01 -7.347835000000000000e+02 1.652597120000000100e+02
4.531567553394736500e-02 3.284072499999998600e+02 2.593782640000000000e+02 1.063157999999999900e+03 9.413970399999999500e+01 -7.347507500000000400e+02 1.652385600000000100e+02
4.532391340779705300e-02 3.274951250000001400e+02 2.591878880000000400e+02 1.062645625000000100e+03 9.396680000000000600e+01 -7.351504999999999700e+02 1.652210880000000100e+02
4.534244862395886400e-02 3.256023749999999400e+02 2.592819759999999900e+02 1.061201499999999900e+03 9.403071199999999400e+01 -7.355991249999999600e+02 1.652512639999999900e+02
4.538415286032293500e-02 3.246002500000000700e+02 2.593770080000000500e+02 1.060498000000000000e+03 9.409937600000000700e+01 -7.358977499999999700e+02 1.652776320000000100e+02
4.547799389298951700e-02 3.257469999999999600e+02 2.595957439999999700e+02 1.061173624999999900e+03 9.427828800000000300e+01 -7.354266249999999400e+02 1.653174559999999900e+02
4.568913101581138800e-02 3.257793750000000700e+02 2.597764879999999700e+02 1.060872000000000100e+03 9.443699999999999800e+01 -7.350926250000000000e+02 1.653394879999999900e+02
4.616419734317750400e-02 3.258161250000000600e+02 2.601107759999999900e+02 1.061184625000000100e+03 9.469458400000000600e+01 -7.353685000000000400e+02 1.654161920000000000e+02
4.723308747856488200e-02 3.257656875000000100e+02 2.605390800000000100e+02 1.063928625000000000e+03 9.490360800000000600e+01 -7.381629375000000000e+02 1.656354719999999900e+02
4.851576188184325600e-02 3.257651249999999000e+02 2.609422640000000200e+02 1.066873374999999900e+03 9.508986400000000600e+01 -7.411082500000000000e+02 1.658523999999999900e+02
4.983851790996985500e-02 3.257685625000000300e+02 2.612948319999999900e+02 1.069953000000000000e+03 9.520902399999999900e+01 -7.441844374999999400e+02 1.660858079999999900e+02
5.017672319678766200e-02 3.257658750000000500e+02 2.613836319999999800e+02 1.070695750000000100e+03 9.523619200000000300e+01 -7.449298750000000400e+02 1.661474399999999900e+02
5.025757293597157800e-02 3.257649374999999700e+02 2.614042880000000100e+02 1.070866874999999900e+03 9.524215999999999800e+01 -7.451019374999999600e+02 1.661621280000000000e+02
5.026946168573193100e-02 3.258018124999998700e+02 2.613974319999999800e+02 1.070916874999999900e+03 9.523471200000000200e+01 -7.451150625000000200e+02 1.661627200000000100e+02
5.027614975755687100e-02 3.258664375000000700e+02 2.613857040000000300e+02 1.070992625000000100e+03 9.522320800000000000e+01 -7.451261875000000100e+02 1.661624960000000000e+02
5.027991504838211200e-02 3.259568125000000700e+02 2.613724879999999800e+02 1.071091750000000000e+03 9.521047199999999600e+01 -7.451349374999999800e+02 1.661620159999999900e+02
5.028456965513430200e-02 3.263776250000000800e+02 2.613212639999999900e+02 1.071519125000000000e+03 9.516292799999999400e+01 -7.451414999999999500e+02 1.661583359999999900e+02
5.028932827544521000e-02 3.275893125000000100e+02 2.611706000000000400e+02 1.072678375000000000e+03 9.503108000000000300e+01 -7.450890624999999500e+02 1.661395200000000000e+02
5.030004167199215300e-02 3.269474999999998800e+02 2.610773840000000000e+02 1.072328874999999900e+03 9.494592799999999500e+01 -7.453813750000000500e+02 1.661314559999999900e+02
5.032414681422279400e-02 3.263143124999999100e+02 2.610186400000000000e+02 1.072060125000000000e+03 9.488665600000000200e+01 -7.457458125000000600e+02 1.661319839999999900e+02
5.037838468441120700e-02 3.251161250000001200e+02 2.609996719999999800e+02 1.071292750000000100e+03 9.487125600000000200e+01 -7.461766249999999400e+02 1.661284159999999900e+02
5.050041339148772500e-02 3.257421875000000000e+02 2.611365359999999800e+02 1.071708625000000000e+03 9.498124000000000000e+01 -7.459664374999999800e+02 1.661552959999999900e+02
5.056905193887929800e-02 3.258647499999999600e+02 2.611237439999999900e+02 1.071859375000000000e+03 9.496617600000000400e+01 -7.459946250000000400e+02 1.661575680000000000e+02
5.072349647152724100e-02 3.255109374999999500e+02 2.609132480000000100e+02 1.072169625000000000e+03 9.476648000000000100e+01 -7.466586875000000400e+02 1.661467680000000100e+02
5.107099016913769400e-02 3.257744374999999800e+02 2.611626800000000200e+02 1.072110124999999900e+03 9.493434399999999600e+01 -7.463356874999999500e+02 1.662283360000000100e+02
5.185285488926965500e-02 3.257740625000001300e+02 2.614753200000000100e+02 1.072682375000000100e+03 9.505407200000000500e+01 -7.469083124999999700e+02 1.664212479999999900e+02
5.282041501576345600e-02 3.257649375000000900e+02 2.617724240000000000e+02 1.074269125000000000e+03 9.512879200000000400e+01 -7.485041874999999400e+02 1.666436320000000000e+02
5.336466596170436800e-02 3.257661249999999900e+02 2.619185039999999800e+02 1.075246374999999900e+03 9.515298400000000400e+01 -7.494802499999999600e+02 1.667655200000000100e+02
5.367080906905035600e-02 3.257660000000000800e+02 2.619725920000000200e+02 1.075722500000000100e+03 9.513361600000000400e+01 -7.499565000000000100e+02 1.668389760000000000e+02
5.384301391684773200e-02 3.257640000000000100e+02 2.620104240000000000e+02 1.076005500000000000e+03 9.513331999999999800e+01 -7.502414999999999700e+02 1.668771040000000000e+02
5.393987654339478500e-02 3.257645625000001200e+02 2.620230159999999800e+02 1.076136625000000100e+03 9.512453600000000600e+01 -7.503720624999999700e+02 1.668984800000000100e+02
5.399436404612410800e-02 3.257858125000000200e+02 2.620048879999999900e+02 1.076207750000000000e+03 9.509492000000000200e+01 -7.504219375000000100e+02 1.669099679999999900e+02
5.405008931020204700e-02 3.257101874999999600e+02 2.619502880000000000e+02 1.076271999999999900e+03 9.502816000000000000e+01 -7.505618124999999700e+02 1.669221279999999900e+02
5.417547245454690900e-02 3.257485000000000400e+02 2.619191680000000100e+02 1.076466875000000100e+03 9.497047999999999500e+01 -7.507183750000000400e+02 1.669486880000000000e+02
5.445757802847541600e-02 3.257802500000000200e+02 2.619306960000000100e+02 1.076797250000000100e+03 9.492011999999999700e+01 -7.510170000000000500e+02 1.670105759999999900e+02
5.509232077049249600e-02 3.257690625000000200e+02 2.619797439999999800e+02 1.077822625000000000e+03 9.484627199999999900e+01 -7.520535625000000000e+02 1.671334720000000100e+02
5.528869316865573500e-02 3.257658750000000500e+02 2.620388880000000400e+02 1.078089625000000100e+03 9.486687200000000100e+01 -7.523237500000000200e+02 1.671720160000000100e+02
5.539915556800389900e-02 3.257729999999999100e+02 2.620679119999999800e+02 1.078257499999999900e+03 9.487555999999999300e+01 -7.524845000000000300e+02 1.671923520000000000e+02
5.551212469411692000e-02 3.258923749999999000e+02 2.620408719999999800e+02 1.078902624999999900e+03 9.482959200000000500e+01 -7.530102500000000400e+02 1.672112799999999900e+02
5.576630782821020300e-02 3.257523749999999200e+02 2.621444240000000100e+02 1.079108999999999900e+03 9.488367200000000400e+01 -7.533566250000000100e+02 1.672607520000000000e+02
5.633822118008956900e-02 3.257662499999999000e+02 2.623045199999999700e+02 1.079778624999999900e+03 9.494664799999999600e+01 -7.540123750000000200e+02 1.673578719999999900e+02
5.704596583828603500e-02 3.257648124999999500e+02 2.624708960000000400e+02 1.080667124999999900e+03 9.498256000000000700e+01 -7.549023124999999900e+02 1.674883360000000000e+02
5.776979099265880400e-02 3.257660624999998600e+02 2.624864800000000300e+02 1.081482749999999900e+03 9.484262400000000100e+01 -7.557166875000000300e+02 1.676438560000000000e+02
5.866552975686455800e-02 3.257673750000000200e+02 2.627287600000000200e+02 1.082567000000000000e+03 9.492116000000000000e+01 -7.567996249999999900e+02 1.678076000000000100e+02
5.916938183660319000e-02 3.257641249999999200e+02 2.628459520000000100e+02 1.083228499999999900e+03 9.494827200000000300e+01 -7.574643750000000200e+02 1.678976800000000100e+02
5.929820262906334400e-02 3.257635000000000200e+02 2.628713119999999900e+02 1.083379500000000000e+03 9.494998400000000100e+01 -7.576159999999999900e+02 1.679213279999999900e+02
5.945762941117341300e-02 3.257581250000000600e+02 2.628842799999999900e+02 1.083553875000000100e+03 9.493064800000000500e+01 -7.577957500000000000e+02 1.679536320000000000e+02
5.946781753924888800e-02 3.258200624999999500e+02 2.628923120000000000e+02 1.083617125000000000e+03 9.493559200000000000e+01 -7.577970625000000400e+02 1.679567199999999900e+02
5.949074732826612600e-02 3.261980624999999900e+02 2.629338240000000200e+02 1.083962250000000000e+03 9.496572799999999900e+01 -7.577641875000000500e+02 1.679680960000000000e+02
5.954233285270747700e-02 3.256051250000000400e+02 2.628966159999999900e+02 1.083530375000000000e+03 9.493101600000000000e+01 -7.579252500000000100e+02 1.679655999999999900e+02
5.965840678354794600e-02 3.257471249999999800e+02 2.629262800000000200e+02 1.083756625000000000e+03 9.494127199999999800e+01 -7.580095000000000000e+02 1.679850079999999900e+02
5.991957442810848900e-02 3.257691250000000300e+02 2.629912479999999800e+02 1.084111625000000000e+03 9.495766399999999400e+01 -7.583424999999999700e+02 1.680335839999999900e+02
6.050719902803073500e-02 3.257664999999999500e+02 2.630648479999999800e+02 1.084903624999999900e+03 9.490948799999999600e+01 -7.591371249999999700e+02 1.681553600000000000e+02
6.182935697819475600e-02 3.257670000000000500e+02 2.633175120000000200e+02 1.086626250000000000e+03 9.490797600000000500e+01 -7.608592499999999700e+02 1.684095360000000000e+02
6.201528641506369500e-02 3.257648749999999600e+02 2.633579039999999600e+02 1.086848874999999900e+03 9.491550399999999900e+01 -7.610839999999999500e+02 1.684423999999999900e+02
6.211986684766689800e-02 3.257654375000000800e+02 2.633804559999999800e+02 1.086974750000000100e+03 9.491949599999999500e+01 -7.612093125000000100e+02 1.684609600000000000e+02
6.235518192221050500e-02 3.257649375000000900e+02 2.634298559999999700e+02 1.087254625000000000e+03 9.492705599999999300e+01 -7.614896874999999500e+02 1.685028000000000100e+02
6.237338429498445100e-02 3.257798125000001600e+02 2.634348239999999900e+02 1.087288500000000100e+03 9.492875999999999700e+01 -7.615086874999999500e+02 1.685060640000000100e+02
6.238361922916133700e-02 3.257874375000001200e+02 2.634373600000000100e+02 1.087305125000000100e+03 9.492950399999999400e+01 -7.615176874999999700e+02 1.685078560000000000e+02
6.238938158031377700e-02 3.257936874999999200e+02 2.634388639999999700e+02 1.087315499999999900e+03 9.493000000000000700e+01 -7.615218125000000100e+02 1.685088639999999900e+02
6.239262160266753600e-02 3.258006249999999700e+02 2.634399520000000100e+02 1.087323750000000000e+03 9.493048000000000300e+01 -7.615231250000000500e+02 1.685094719999999900e+02
6.239593443451239100e-02 3.258512500000000500e+02 2.634378800000000100e+02 1.087333000000000100e+03 9.493101600000000000e+01 -7.614817500000000300e+02 1.685068640000000100e+02
6.240338700599384200e-02 3.288271875000000400e+02 2.630601040000000200e+02 1.088433250000000000e+03 9.478269600000000100e+01 -7.596060625000000100e+02 1.682774080000000100e+02
6.242015919233554600e-02 3.273708750000000700e+02 2.627951600000000100e+02 1.087290625000000100e+03 9.462437599999999800e+01 -7.599197500000000200e+02 1.681707840000000000e+02
6.245789531143489800e-02 3.247716874999999800e+02 2.629996560000000200e+02 1.085974500000000000e+03 9.469015199999999800e+01 -7.612028125000000500e+02 1.683095040000000000e+02
6.254279637873050300e-02 3.255563750000000000e+02 2.632311920000000200e+02 1.086747625000000000e+03 9.479402399999999300e+01 -7.611912499999999700e+02 1.684371680000000100e+02
6.264786567505964400e-02 3.258510625000000100e+02 2.633676160000000000e+02 1.086856000000000000e+03 9.486268800000000600e+01 -7.610049374999999800e+02 1.685049280000000100e+02
6.267473237727398700e-02 3.261117499999999200e+02 2.633614480000000000e+02 1.087003125000000000e+03 9.485904800000000100e+01 -7.608913750000000400e+02 1.685023999999999900e+02
6.268984554735429500e-02 3.267739374999999900e+02 2.632642960000000000e+02 1.087283375000000000e+03 9.482293599999999900e+01 -7.605094374999999900e+02 1.684413600000000000e+02
6.272384237901808300e-02 3.263977500000000900e+02 2.630492480000000300e+02 1.086847625000000100e+03 9.471449599999999700e+01 -7.604498750000000200e+02 1.683347520000000100e+02
6.280034435144800400e-02 3.252525625000000700e+02 2.631934000000000000e+02 1.086257125000000100e+03 9.475031199999999400e+01 -7.610045625000000200e+02 1.684430879999999900e+02
6.289501229190631900e-02 3.257712499999999000e+02 2.633359760000000200e+02 1.086463999999999900e+03 9.482298400000000500e+01 -7.606927500000000500e+02 1.685129920000000000e+02
6.291922144769565600e-02 3.258946250000000200e+02 2.633553120000000300e+02 1.086577125000000000e+03 9.483358400000000200e+01 -7.606825000000000000e+02 1.685217280000000000e+02
6.297368294703528700e-02 3.259239374999999700e+02 2.633309919999999800e+02 1.086523500000000000e+03 9.481655999999999600e+01 -7.605995625000000500e+02 1.685144320000000000e+02
6.309622132054948400e-02 3.256913749999999900e+02 2.633899680000000100e+02 1.086617999999999900e+03 9.483732799999999900e+01 -7.609266249999999400e+02 1.685526400000000000e+02
6.337193526129536500e-02 3.257741250000000300e+02 2.634829200000000400e+02 1.087326125000000000e+03 9.486956000000000700e+01 -7.615520000000000200e+02 1.686133600000000000e+02
6.371313093792603500e-02 3.257521249999999800e+02 2.635165440000000100e+02 1.088100375000000000e+03 9.482692799999999500e+01 -7.623482500000000100e+02 1.686896160000000000e+02
6.390505155577655400e-02 3.257760000000000700e+02 2.635673520000000300e+02 1.088392125000000100e+03 9.484592800000000100e+01 -7.626161250000000100e+02 1.687214240000000100e+02
6.393204307426135500e-02 3.257860624999999600e+02 2.635742720000000100e+02 1.088434125000000000e+03 9.484868799999999600e+01 -7.626480625000000400e+02 1.687255840000000000e+02
6.395964307206458700e-02 3.261186874999999600e+02 2.635714800000000100e+02 1.088659249999999900e+03 9.484699999999999400e+01 -7.625405624999999600e+02 1.687244800000000000e+02
6.402174956796928600e-02 3.256488124999999600e+02 2.635729680000000000e+02 1.088360500000000000e+03 9.484116000000000200e+01 -7.627116875000000400e+02 1.687318080000000000e+02
6.416148658341587500e-02 3.257636250000000500e+02 2.636159600000000300e+02 1.088666250000000000e+03 9.486069600000000400e+01 -7.629026249999999400e+02 1.687552640000000100e+02
6.424008962973169800e-02 3.257783124999999700e+02 2.636367999999999900e+02 1.088797000000000000e+03 9.486848000000000500e+01 -7.630186875000000600e+02 1.687683199999999900e+02
6.428430579353858200e-02 3.257733749999998700e+02 2.636483519999999900e+02 1.088862249999999900e+03 9.487260800000000000e+01 -7.630888750000000300e+02 1.687757440000000000e+02
6.430917543542571900e-02 3.257711249999998700e+02 2.636549840000000100e+02 1.088898999999999900e+03 9.487501600000000200e+01 -7.631278750000000200e+02 1.687799680000000000e+02
6.433995304744748200e-02 3.257901250000001000e+02 2.636644560000000300e+02 1.088957000000000100e+03 9.487911200000000600e+01 -7.631668750000000000e+02 1.687853440000000100e+02
6.435726610429448600e-02 3.259475625000001200e+02 2.636766400000000200e+02 1.089075125000000100e+03 9.488641599999999700e+01 -7.631275624999999500e+02 1.687902239999999900e+02
6.437496921198662700e-02 3.261668750000000000e+02 2.636586959999999600e+02 1.089205375000000000e+03 9.487458399999999900e+01 -7.630385000000000000e+02 1.687841119999999900e+02
6.441480640497188000e-02 3.255831875000000100e+02 2.636540159999999600e+02 1.088790250000000000e+03 9.486446399999999800e+01 -7.632070625000000100e+02 1.687895519999999900e+02
6.450444008918870800e-02 3.257053750000000000e+02 2.636866640000000100e+02 1.089043750000000000e+03 9.488170399999999900e+01 -7.633383750000000400e+02 1.688049599999999900e+02
6.470611717884607000e-02 3.257771249999999600e+02 2.637394799999999600e+02 1.089421750000000000e+03 9.490242399999999600e+01 -7.636446250000000200e+02 1.688370559999999900e+02
6.515989193074460400e-02 3.257666874999999900e+02 2.638485600000000200e+02 1.090149375000000000e+03 9.494358400000000100e+01 -7.643826874999999700e+02 1.689049760000000000e+02
6.541513600313671200e-02 3.257663125000001400e+02 2.639120400000000500e+02 1.090552875000000100e+03 9.497000800000000700e+01 -7.647865624999999500e+02 1.689420320000000100e+02
6.598944686754430700e-02 3.257639375000000000e+02 2.640571840000000100e+02 1.091463375000000000e+03 9.502777600000000300e+01 -7.656994375000000400e+02 1.690294079999999900e+02
6.631249217818037400e-02 3.257658124999999200e+02 2.641383599999999800e+02 1.091977249999999900e+03 9.505859999999999800e+01 -7.662114374999999900e+02 1.690797599999999900e+02
6.649420386524368400e-02 3.257665624999999600e+02 2.641802880000000200e+02 1.092226375000000000e+03 9.507148800000000200e+01 -7.664598125000000000e+02 1.691088000000000000e+02
6.659641798938628600e-02 3.256441250000000300e+02 2.641540640000000100e+02 1.091930750000000000e+03 9.503649600000000000e+01 -7.662866249999999600e+02 1.691175680000000100e+02
6.682640236904609200e-02 3.257703124999999300e+02 2.642254320000000100e+02 1.092374749999999900e+03 9.506693599999999800e+01 -7.666044375000000200e+02 1.691584960000000100e+02
6.734385942226375800e-02 3.257666250000000900e+02 2.643536800000000000e+02 1.093134250000000100e+03 9.511289600000000600e+01 -7.673676249999999800e+02 1.692407839999999900e+02
6.763493096495291900e-02 3.257661249999999900e+02 2.644260640000000000e+02 1.093573750000000000e+03 9.514004799999999300e+01 -7.678076250000000300e+02 1.692860159999999900e+02
6.779865870771557800e-02 3.257655624999998700e+02 2.644661760000000200e+02 1.093809749999999900e+03 9.515478400000000600e+01 -7.680441875000000200e+02 1.693113920000000100e+02
6.789075751327379400e-02 3.257700624999999900e+02 2.644878400000000100e+02 1.093929875000000000e+03 9.516195199999999900e+01 -7.681598125000000400e+02 1.693258879999999900e+02
6.791924682700396800e-02 3.257750625000001000e+02 2.644944000000000400e+02 1.093963625000000100e+03 9.516390400000000200e+01 -7.681885624999999900e+02 1.693304960000000100e+02
6.793527531640092300e-02 3.257846875000000200e+02 2.644982319999999700e+02 1.093980000000000000e+03 9.516482399999999600e+01 -7.681953125000000000e+02 1.693334079999999900e+02
6.795166785325333600e-02 3.258752500000000500e+02 2.645018959999999900e+02 1.094017125000000100e+03 9.516432799999999800e+01 -7.681418750000000300e+02 1.693375680000000000e+02
6.798854586049334100e-02 3.263522499999999100e+02 2.642584640000000000e+02 1.093871249999999900e+03 9.501017600000000100e+01 -7.675190000000000100e+02 1.692482880000000000e+02
6.803418701005452300e-02 3.251837499999999200e+02 2.643140480000000100e+02 1.093125875000000000e+03 9.499918400000000000e+01 -7.679421250000000300e+02 1.693148640000000000e+02
6.805985755634372200e-02 3.251466875000001000e+02 2.643407440000000300e+02 1.092991625000000100e+03 9.500740000000000400e+01 -7.678449375000000100e+02 1.693333440000000100e+02
6.807429983897035600e-02 3.253365000000000000e+02 2.643469840000000200e+02 1.093047000000000000e+03 9.500858399999999900e+01 -7.677105000000000200e+02 1.693384000000000100e+02
6.808242329790548100e-02 3.257740625000001300e+02 2.643064160000000100e+02 1.093233750000000100e+03 9.498177599999999600e+01 -7.674596874999999700e+02 1.693246399999999900e+02
6.809072878056832100e-02 3.265013749999999400e+02 2.641884159999999600e+02 1.093429249999999900e+03 9.490695999999999800e+01 -7.669278749999999700e+02 1.692814559999999900e+02
6.810942001706819800e-02 3.274176249999999300e+02 2.638804959999999900e+02 1.093388999999999900e+03 9.469499199999999900e+01 -7.659713749999999700e+02 1.691855040000000100e+02
6.815147789953188200e-02 3.254206249999999700e+02 2.639506720000000000e+02 1.092173875000000000e+03 9.467558400000000100e+01 -7.667532499999999800e+02 1.692750880000000100e+02
6.824610423456671500e-02 3.255138750000001000e+02 2.641186000000000100e+02 1.092077375000000100e+03 9.475781600000000500e+01 -7.665634999999999800e+02 1.693607840000000000e+02
6.845901478856455900e-02 3.257843749999999500e+02 2.642779520000000300e+02 1.091517875000000000e+03 9.485052799999999700e+01 -7.657335000000000500e+02 1.694274240000000000e+02
6.848895509143872200e-02 3.257892500000000400e+02 2.642984000000000200e+02 1.091490250000000100e+03 9.486006399999999400e+01 -7.657010000000000200e+02 1.694383359999999900e+02
6.850579488659358500e-02 3.258018124999998700e+02 2.643068959999999900e+02 1.091476124999999900e+03 9.486288000000000400e+01 -7.656743125000000400e+02 1.694440160000000000e+02
6.854369222670894700e-02 3.261096249999999400e+02 2.642276479999999900e+02 1.091479750000000000e+03 9.478792000000000000e+01 -7.653701250000000300e+02 1.694397280000000000e+02
6.862895214078210100e-02 3.256394374999999900e+02 2.642008319999999900e+02 1.090723000000000000e+03 9.474272000000000600e+01 -7.650835624999999700e+02 1.694581120000000000e+02
6.882078434710771400e-02 3.257706250000000000e+02 2.643199999999999900e+02 1.090702874999999900e+03 9.480302399999999400e+01 -7.649322499999999500e+02 1.695169760000000000e+02
6.925241461235727400e-02 3.257702499999999200e+02 2.644833919999999800e+02 1.091391249999999900e+03 9.487793600000000500e+01 -7.656209999999999800e+02 1.696054560000000000e+02
7.000000166421693800e-02 3.257666249999999800e+02 2.646989040000000300e+02 1.092649249999999900e+03 9.496805600000000400e+01 -7.668826249999999600e+02 1.697308480000000100e+02
