0.000000000000000000e+00 0.000000000000000000e+00 0.000000000000000000e+00 0.000000000000000000e+00 0.000000000000000000e+00 0.000000000000000000e+00 0.000000000000000000e+00
-1.364730447982762000e-08 1.875588671875000000e+02 -4.157958984375058700e-06 1.338590000000000100e+02 -1.160792602539062600e-03 5.369986718749999700e+01 1.156634643554687500e-03
8.749865059159760100e-04 1.875591249999999900e+02 2.544379899999999900e+01 1.340828593750000000e+02 1.214196500000000100e+01 5.347626562500000300e+01 1.330183399999999900e+01
1.039049054822351300e-03 1.875651171874999900e+02 3.018857899999999700e+01 1.345225624999999900e+02 1.430610199999999900e+01 5.304255468750000100e+01 1.588247700000000000e+01
1.131334220387851300e-03 1.875627343749999900e+02 3.281386299999999800e+01 1.349037812500000100e+02 1.546677900000000100e+01 5.265895312499999600e+01 1.734708399999999900e+01
1.144311803601163800e-03 1.875748476562500000e+02 3.317801099999999800e+01 1.349828593750000000e+02 1.562340500000000000e+01 5.259198828125000300e+01 1.755460600000000000e+01
1.173511456802796700e-03 1.875908164062499800e+02 3.398867899999999800e+01 1.352063125000000000e+02 1.595978300000000000e+01 5.238450390625000400e+01 1.802889600000000000e+01
1.208550982422881000e-03 1.875878632812500100e+02 3.495819099999999900e+01 1.355206093749999900e+02 1.634933900000000100e+01 5.206725390625000200e+01 1.860885199999999900e+01
1.243590435265621400e-03 1.875699609375000100e+02 3.592761600000000000e+01 1.358617968750000100e+02 1.673133800000000100e+01 5.170816406250000300e+01 1.919627800000000000e+01
1.309289600386287700e-03 1.875712265624999900e+02 3.772940799999999900e+01 1.366642812499999900e+02 1.741148000000000100e+01 5.090694531250000000e+01 2.031792799999999800e+01
1.346245353475158700e-03 1.875919101562499800e+02 3.872249200000000300e+01 1.372278906249999900e+02 1.776513999999999900e+01 5.036401953125000100e+01 2.095735200000000000e+01
1.391978054256229600e-03 1.876647070312500000e+02 3.986514800000000500e+01 1.383601093750000100e+02 1.807672200000000000e+01 4.930459765625000300e+01 2.178842600000000100e+01
1.438750161064995700e-03 1.878998945312500000e+02 4.076744399999999800e+01 1.409537968749999900e+02 1.798355799999999900e+01 4.694609765624999700e+01 2.278388599999999900e+01
1.543987510550735500e-03 1.873342812500000000e+02 4.285578200000000500e+01 1.514373281249999900e+02 1.705117200000000100e+01 3.589695312500000300e+01 2.580461000000000000e+01
1.780771364950289600e-03 1.875383164062500000e+02 4.836396399999999600e+01 1.653956093749999900e+02 1.758788200000000000e+01 2.214270703125000100e+01 3.077608199999999900e+01
1.913962346730215000e-03 1.875510761718750000e+02 5.142747000000000000e+01 1.727608437499999900e+02 1.801137800000000100e+01 1.479023242187500000e+01 3.341609199999999900e+01
2.078786001100644800e-03 1.875890698242187400e+02 5.524513400000000000e+01 1.815704687500000000e+02 1.862644999999999800e+01 6.018601074218749700e+00 3.661868400000000200e+01
2.247355796478607000e-03 1.875513327636718700e+02 5.913711000000000000e+01 1.901330781250000000e+02 1.933150200000000000e+01 -2.581745361328124900e+00 3.980560799999999900e+01
2.342176379156054700e-03 1.875631264648437500e+02 6.130399200000000100e+01 1.948760937500000000e+02 1.973730799999999900e+01 -7.312967285156250200e+00 4.156668400000000200e+01
2.459516746511680700e-03 1.875789580078124700e+02 6.393165600000000400e+01 2.010703906249999900e+02 2.019259600000000200e+01 -1.349143261718750100e+01 4.373906000000000200e+01
2.525520557594532500e-03 1.875522226562500200e+02 6.539763999999999600e+01 2.045096875000000100e+02 2.044993200000000000e+01 -1.695746484375000000e+01 4.494770799999999900e+01
2.534802580054426900e-03 1.875352324218749800e+02 6.561410800000000200e+01 2.050285624999999900e+02 2.049626800000000100e+01 -1.749333007812499800e+01 4.511784000000000100e+01
2.537175703689146900e-03 1.876127949218750100e+02 6.566906799999999600e+01 2.052702343750000000e+02 2.050648000000000000e+01 -1.765743945312500100e+01 4.516258800000000000e+01
2.542515231867267500e-03 1.906801230468750000e+02 6.569062600000000900e+01 2.099623593750000100e+02 2.037481400000000100e+01 -1.928223632812499800e+01 4.531581200000000100e+01
2.549123123597458200e-03 1.940341445312499800e+02 6.541473999999999500e+01 2.165840781249999900e+02 1.995184400000000100e+01 -2.254993359375000100e+01 4.546289600000000100e+01
2.555881227765764900e-03 1.910891269531250000e+02 6.507401999999999000e+01 2.156959375000000100e+02 1.960465599999999900e+01 -2.460681054687500000e+01 4.546936399999999900e+01
2.571086743812421600e-03 1.868948750000000100e+02 6.514650799999999700e+01 2.133177031250000100e+02 1.956173199999999900e+01 -2.642282812499999900e+01 4.558477599999999800e+01
2.605299373249431500e-03 1.851994785156250000e+02 6.622689599999999600e+01 2.140939687499999900e+02 1.994712799999999900e+01 -2.889449023437499900e+01 4.627976799999999700e+01
2.682277425595983200e-03 1.877775624999999900e+02 6.819459799999999900e+01 2.190424218750000000e+02 2.057306600000000100e+01 -3.126485937500000000e+01 4.762153200000000200e+01
2.855478188930413700e-03 1.875522070312500200e+02 7.185619599999999700e+01 2.260181562500000000e+02 2.162340800000000100e+01 -3.846594921874999800e+01 5.023278799999999900e+01
3.245180197542258400e-03 1.875765312499999900e+02 8.022191200000000300e+01 2.436702812499999900e+02 2.374624800000000100e+01 -5.609375000000000000e+01 5.647566400000000200e+01
4.122009207477500700e-03 1.875611093750000300e+02 9.815060800000000500e+01 2.843955000000000300e+02 2.737443199999999900e+01 -9.683439062499999700e+01 7.077617600000000700e+01
5.207085638546972400e-03 1.875777187499999700e+02 1.183644780000000100e+02 3.312356562499999800e+02 3.155404600000000000e+01 -1.436579375000000000e+02 8.681043200000000600e+01
6.316822527092455300e-03 1.875625781249999600e+02 1.328121559999999900e+02 3.769320624999999700e+02 3.607439600000000000e+01 -1.893694843750000100e+02 9.673775999999999400e+01
7.690121693779988600e-03 1.875696093750000300e+02 1.438871480000000000e+02 4.309788750000000200e+02 4.141725999999999900e+01 -2.434092656249999900e+02 1.024698880000000000e+02
9.094632443345364000e-03 1.875631250000000100e+02 1.511064959999999900e+02 4.773923437500000100e+02 4.615555200000000000e+01 -2.898292187500000000e+02 1.049509440000000100e+02
9.726662338871658700e-03 1.875586875000000200e+02 1.536557440000000000e+02 4.949562500000000100e+02 4.800709599999999700e+01 -3.073975624999999900e+02 1.056486479999999900e+02
9.924171317336905700e-03 1.875693437500000300e+02 1.543634079999999900e+02 4.998168125000000300e+02 4.852953600000000000e+01 -3.122474687500000000e+02 1.058338720000000000e+02
9.939447572961977000e-03 1.875726249999999600e+02 1.544165720000000000e+02 5.001804374999999800e+02 4.856930799999999900e+01 -3.126078125000000200e+02 1.058472640000000000e+02
9.943354260790481000e-03 1.875734062500000100e+02 1.544301079999999900e+02 5.002730937499999900e+02 4.857942800000000000e+01 -3.126996874999999800e+02 1.058506800000000000e+02
9.952142270638975400e-03 1.875829062500000100e+02 1.544611679999999900e+02 5.004859062500000300e+02 4.860255999999999700e+01 -3.129030000000000200e+02 1.058586080000000000e+02
9.962687416682169300e-03 1.875991249999999600e+02 1.544990280000000100e+02 5.007445937499999800e+02 4.863058800000000300e+01 -3.131454687500000200e+02 1.058684400000000100e+02
9.982460729950659200e-03 1.875656874999999700e+02 1.545647680000000200e+02 5.011899687499999900e+02 4.867960800000000200e+01 -3.136242812500000200e+02 1.058851600000000000e+02
1.002695039369538900e-02 1.875391250000000100e+02 1.547133840000000200e+02 5.022164687499999900e+02 4.879114400000000300e+01 -3.146773437499999800e+02 1.059222400000000000e+02
1.008200732779590400e-02 1.875550937500000300e+02 1.548975280000000200e+02 5.034814375000000300e+02 4.893068800000000400e+01 -3.159263437500000000e+02 1.059668400000000000e+02
1.008552625793531600e-02 1.875561562499999600e+02 1.549090920000000200e+02 5.035601562499999800e+02 4.893955600000000300e+01 -3.160040000000000200e+02 1.059695360000000100e+02
1.008988125420315500e-02 1.875548437499999700e+02 1.549228320000000000e+02 5.036509062499999900e+02 4.895027199999999800e+01 -3.160960625000000200e+02 1.059725600000000000e+02
1.009433522765889600e-02 1.875523437499999800e+02 1.549332680000000000e+02 5.037273749999999900e+02 4.895892400000000300e+01 -3.161750312500000200e+02 1.059743440000000000e+02
1.009683993273165600e-02 1.876122500000000200e+02 1.549298320000000000e+02 5.038055937500000100e+02 4.895708799999999900e+01 -3.161933437500000000e+02 1.059727440000000100e+02
1.009994082980685900e-02 1.881781562500000300e+02 1.548623120000000000e+02 5.042257500000000100e+02 4.891259999999999800e+01 -3.160475937499999800e+02 1.059497120000000100e+02
1.010311159313234500e-02 1.913341875000000400e+02 1.544872399999999900e+02 5.066128125000000200e+02 4.864566399999999600e+01 -3.152786249999999800e+02 1.058415760000000000e+02
1.010548937451708400e-02 1.974404375000000300e+02 1.537348760000000100e+02 5.115511562500000200e+02 4.806509200000000000e+01 -3.141107187499999900e+02 1.056697840000000100e+02
1.010727329277439300e-02 2.035497187500000100e+02 1.529543999999999900e+02 5.167992500000000300e+02 4.743110399999999800e+01 -3.132495312500000200e+02 1.055232960000000000e+02
1.010827703790350400e-02 2.072904062499999900e+02 1.524578119999999900e+02 5.201847500000000100e+02 4.701498800000000200e+01 -3.128943437500000200e+02 1.054428240000000000e+02
1.010951832828358900e-02 2.116941875000000600e+02 1.518075000000000000e+02 5.243473125000000400e+02 4.646777999999999800e+01 -3.126531249999999900e+02 1.053397200000000000e+02
1.011078756516378700e-02 2.153743124999999700e+02 1.511474399999999900e+02 5.280990624999999500e+02 4.591494399999999800e+01 -3.127247499999999700e+02 1.052324960000000000e+02
1.011364509480049100e-02 2.158558749999999700e+02 1.500312360000000100e+02 5.306292499999999600e+02 4.500828400000000300e+01 -3.147733749999999900e+02 1.050229520000000000e+02
1.012007278982681900e-02 1.967771562500000200e+02 1.494331400000000100e+02 5.177154062500000000e+02 4.464090800000000300e+01 -3.209382499999999800e+02 1.047922320000000000e+02
1.013453743251106600e-02 1.888068437499999300e+02 1.502339319999999800e+02 5.125421562499999500e+02 4.521250800000000000e+01 -3.237353125000000200e+02 1.050214240000000000e+02
1.016707996745686000e-02 1.819205312500000100e+02 1.506326440000000000e+02 5.091718750000000000e+02 4.537702800000000300e+01 -3.272513437499999900e+02 1.052556160000000000e+02
1.024030212663177900e-02 1.858371562499999600e+02 1.518871159999999900e+02 5.133022499999999600e+02 4.635286000000000000e+01 -3.274650937499999900e+02 1.055342560000000000e+02
1.040505140255659100e-02 1.875743749999999700e+02 1.526457200000000100e+02 5.160836875000000000e+02 4.706441600000000100e+01 -3.285093125000000200e+02 1.055813040000000000e+02
1.077573610894991600e-02 1.875775312499999900e+02 1.542508320000000000e+02 5.200268750000000200e+02 4.862591200000000000e+01 -3.324493437500000300e+02 1.056249200000000000e+02
1.123445927732884600e-02 1.875660312499999800e+02 1.560465920000000000e+02 5.251361875000000100e+02 5.041957599999999900e+01 -3.375701562500000300e+02 1.056270160000000000e+02
1.170360881912548300e-02 1.875602812500000000e+02 1.575333960000000100e+02 5.304358750000000100e+02 5.191230800000000300e+01 -3.428755937500000100e+02 1.056210880000000000e+02
1.196750529083140200e-02 1.875657187499999700e+02 1.582566479999999800e+02 5.341236874999999600e+02 5.260044800000000000e+01 -3.465579687499999900e+02 1.056562000000000000e+02
1.204914749760330900e-02 1.876229687499999800e+02 1.584509760000000000e+02 5.355974999999999700e+02 5.277056799999999700e+01 -3.479745312499999800e+02 1.056804080000000000e+02
1.209507174835391400e-02 1.875947187500000300e+02 1.585360440000000000e+02 5.363895625000000100e+02 5.285063600000000200e+01 -3.487948437499999800e+02 1.056854080000000000e+02
1.210681393615200900e-02 1.879220312500000300e+02 1.585604199999999900e+02 5.368931250000000500e+02 5.289005999999999800e+01 -3.489710937500000200e+02 1.056703600000000000e+02
1.211044698116689100e-02 1.884587187500000000e+02 1.585386360000000000e+02 5.373571875000000100e+02 5.289960399999999700e+01 -3.488984687500000100e+02 1.056390320000000000e+02
1.211416153680710600e-02 1.897988750000000700e+02 1.584540680000000100e+02 5.385052500000000500e+02 5.289351599999999800e+01 -3.487063749999999800e+02 1.055605520000000000e+02
1.212252103365384600e-02 1.968678437499999600e+02 1.578242920000000100e+02 5.441706874999999900e+02 5.272621999999999800e+01 -3.473028437500000200e+02 1.050980720000000000e+02
1.214132902823088600e-02 1.900118750000000300e+02 1.569734680000000000e+02 5.400375625000000400e+02 5.227349999999999900e+01 -3.500256875000000000e+02 1.046999680000000000e+02
1.218364818046672300e-02 1.838246874999999800e+02 1.574338880000000000e+02 5.369085000000000000e+02 5.251145600000000300e+01 -3.530838125000000200e+02 1.049224320000000000e+02
1.227886539966923500e-02 1.875379062499999900e+02 1.584083440000000000e+02 5.402481874999999700e+02 5.318123200000000100e+01 -3.527102812499999800e+02 1.052271120000000100e+02
1.249310443398425800e-02 1.876477812499999800e+02 1.589715760000000000e+02 5.431850624999999600e+02 5.351044000000000300e+01 -3.555372812499999800e+02 1.054611360000000000e+02
1.297514197008368100e-02 1.875592812500000300e+02 1.600506719999999900e+02 5.512986250000000200e+02 5.429045599999999900e+01 -3.637393437499999900e+02 1.057602160000000000e+02
1.357166350833953500e-02 1.875573437500000300e+02 1.611202480000000000e+02 5.596715000000000400e+02 5.509005599999999700e+01 -3.721141562500000100e+02 1.060301920000000000e+02
1.405972700852614300e-02 1.875572187500000000e+02 1.619079920000000100e+02 5.657918750000000000e+02 5.565145600000000300e+01 -3.782346562500000000e+02 1.062565360000000000e+02
1.466980609265002500e-02 1.875574062499999900e+02 1.628209640000000000e+02 5.728848749999999700e+02 5.628506000000000100e+01 -3.853274687499999800e+02 1.065359040000000000e+02
1.471699142921829900e-02 1.875472500000000200e+02 1.628878320000000000e+02 5.733935000000000200e+02 5.632997600000000200e+01 -3.858462500000000000e+02 1.065578560000000000e+02
1.472000732235565100e-02 1.875471875000000100e+02 1.628921560000000000e+02 5.734264375000000200e+02 5.633287599999999900e+01 -3.858792500000000100e+02 1.065592800000000000e+02
1.472679366413344800e-02 1.875494687499999600e+02 1.629019840000000000e+02 5.735015624999999800e+02 5.633947200000000100e+01 -3.859520937500000200e+02 1.065625120000000000e+02
1.474206293313349100e-02 1.875558124999999400e+02 1.629242759999999900e+02 5.736716249999999500e+02 5.635441200000000400e+01 -3.861158125000000000e+02 1.065698640000000000e+02
1.477641849727421100e-02 1.875554687499999900e+02 1.629728840000000200e+02 5.740434999999999900e+02 5.638704400000000300e+01 -3.864880312500000100e+02 1.065858400000000000e+02
1.479574466654087100e-02 1.875582812499999900e+02 1.630001639999999800e+02 5.742528750000000200e+02 5.640530799999999800e+01 -3.866945937500000200e+02 1.065948559999999900e+02
1.480661469064789400e-02 1.875624374999999900e+02 1.630157280000000000e+02 5.743721249999999800e+02 5.641569599999999700e+01 -3.868096875000000000e+02 1.066000320000000000e+02
1.481272915198544000e-02 1.875673124999999600e+02 1.630246839999999800e+02 5.744407499999999800e+02 5.642166799999999700e+01 -3.868734375000000200e+02 1.066030160000000000e+02
1.482373541528052100e-02 1.878019062500000000e+02 1.630602480000000000e+02 5.747069374999999800e+02 5.644499199999999900e+01 -3.869050312499999800e+02 1.066152560000000000e+02
1.483749324439937400e-02 1.881338749999999900e+02 1.631132200000000100e+02 5.750798750000000200e+02 5.648004399999999900e+01 -3.869460000000000300e+02 1.066331760000000100e+02
1.486844865102616600e-02 1.874891875000000100e+02 1.630920320000000200e+02 5.749301874999999900e+02 5.646703999999999700e+01 -3.874409999999999700e+02 1.066249920000000100e+02
1.493809715149894800e-02 1.873617187500000200e+02 1.631677000000000000e+02 5.755245625000000000e+02 5.651788400000000200e+01 -3.881628437499999800e+02 1.066498160000000000e+02
1.497727465134691800e-02 1.875429062500000400e+02 1.632307920000000100e+02 5.760320000000000400e+02 5.656036799999999700e+01 -3.884890937499999900e+02 1.066704240000000000e+02
1.498939528133406300e-02 1.875992812499999900e+02 1.632498640000000000e+02 5.761879999999999900e+02 5.657336000000000100e+01 -3.885887187500000000e+02 1.066765039999999900e+02
1.500179071857233600e-02 1.876571250000000100e+02 1.632691880000000100e+02 5.763448124999999900e+02 5.658649200000000000e+01 -3.886876874999999800e+02 1.066826960000000100e+02
1.502410367003872800e-02 1.877237500000000500e+02 1.633017800000000100e+02 5.766023750000000500e+02 5.660846800000000200e+01 -3.888786250000000000e+02 1.066933120000000100e+02
1.505199427715297000e-02 1.876629375000000000e+02 1.633317519999999900e+02 5.768414374999999800e+02 5.662915999999999900e+01 -3.891784999999999900e+02 1.067025920000000000e+02
1.511474930759751400e-02 1.875343437500000100e+02 1.634136360000000000e+02 5.774275625000000200e+02 5.668141200000000200e+01 -3.898932187500000200e+02 1.067322240000000000e+02
1.525594783498836400e-02 1.875528749999999700e+02 1.636206760000000000e+02 5.789249999999999500e+02 5.681207599999999800e+01 -3.913721249999999800e+02 1.068086000000000000e+02
1.557364364828964400e-02 1.875563124999999900e+02 1.640317039999999900e+02 5.820106875000000200e+02 5.707557599999999800e+01 -3.944543750000000300e+02 1.069561280000000100e+02
1.628845922821753000e-02 1.875582500000000400e+02 1.648985079999999900e+02 5.886118125000000400e+02 5.762557199999999800e+01 -4.010535625000000000e+02 1.072729360000000000e+02
1.650290320353339400e-02 1.875566250000000000e+02 1.651464399999999800e+02 5.905149374999999700e+02 5.778313599999999900e+01 -4.029583124999999800e+02 1.073633040000000000e+02
1.660342443557012700e-02 1.875554999999999900e+02 1.652601760000000000e+02 5.913833750000000000e+02 5.785508800000000200e+01 -4.038278750000000100e+02 1.074050880000000100e+02
1.662816174592145200e-02 1.875469374999999600e+02 1.652858760000000000e+02 5.915796874999999800e+02 5.787148400000000200e+01 -4.040327500000000200e+02 1.074143920000000100e+02
1.663611368964152200e-02 1.875289062499999800e+02 1.652915439999999900e+02 5.916233125000000000e+02 5.787510400000000000e+01 -4.040944062500000200e+02 1.074164399999999900e+02
1.664058629409734300e-02 1.875449062500000000e+02 1.652871079999999900e+02 5.916696875000000100e+02 5.787069199999999800e+01 -4.041247812500000100e+02 1.074164160000000000e+02
1.664310147910764600e-02 1.876663124999999500e+02 1.652695279999999800e+02 5.917798749999999500e+02 5.785724799999999800e+01 -4.041135625000000000e+02 1.074122800000000000e+02
1.664451743511344600e-02 1.878095937500000300e+02 1.652502480000000000e+02 5.919007500000000200e+02 5.784272000000000000e+01 -4.040911562499999800e+02 1.074075280000000000e+02
1.664770100725148500e-02 1.892385937500000100e+02 1.650638040000000000e+02 5.929760000000000000e+02 5.771059600000000200e+01 -4.037374062499999900e+02 1.073532080000000000e+02
1.665486579121833200e-02 1.903266875000000500e+02 1.646976400000000100e+02 5.942496250000000400e+02 5.739589600000000000e+01 -4.039229374999999900e+02 1.073017440000000000e+02
1.667098509959685400e-02 1.879621250000000100e+02 1.648273240000000000e+02 5.926411249999999900e+02 5.748801999999999900e+01 -4.046789999999999700e+02 1.073393040000000000e+02
1.670725499899541500e-02 1.869044687499999800e+02 1.649524160000000000e+02 5.922637499999999600e+02 5.755974400000000200e+01 -4.053592812499999800e+02 1.073926720000000000e+02
1.675213824261676000e-02 1.868718749999999900e+02 1.651185960000000000e+02 5.923576249999999800e+02 5.768466000000000100e+01 -4.054857500000000000e+02 1.074339360000000000e+02
1.677738441215766500e-02 1.874375937499999600e+02 1.651797080000000100e+02 5.928201249999999600e+02 5.772789999999999800e+01 -4.053825312500000000e+02 1.074518080000000000e+02
1.680320464938842700e-02 1.889630937499999800e+02 1.649449319999999900e+02 5.942537499999999700e+02 5.754416400000000200e+01 -4.052906562499999800e+02 1.074007680000000000e+02
1.686130192981389500e-02 1.873600624999999700e+02 1.651169679999999900e+02 5.932566249999999900e+02 5.768899199999999900e+01 -4.058965625000000200e+02 1.074279760000000000e+02
1.693319546579586900e-02 1.873613125000000000e+02 1.652511120000000100e+02 5.934144999999999800e+02 5.781326399999999700e+01 -4.060531874999999800e+02 1.074378480000000000e+02
1.700672387203454300e-02 1.875776874999999700e+02 1.653611720000000100e+02 5.938313124999999700e+02 5.791974799999999800e+01 -4.062536250000000000e+02 1.074414240000000000e+02
1.717216249496218000e-02 1.875812187500000100e+02 1.655956160000000100e+02 5.946228125000000100e+02 5.814287999999999800e+01 -4.070415937500000000e+02 1.074527360000000000e+02
1.737689273261325300e-02 1.875622500000000100e+02 1.658534160000000100e+02 5.963633125000000100e+02 5.831343199999999900e+01 -4.088010625000000000e+02 1.075399840000000000e+02
1.742923885620266400e-02 1.875549374999999900e+02 1.659124479999999800e+02 5.967907500000000000e+02 5.835159199999999700e+01 -4.092358125000000100e+02 1.075608560000000000e+02
1.754701705206008300e-02 1.875575937500000200e+02 1.660399920000000100e+02 5.976959375000000100e+02 5.843706399999999900e+01 -4.101383437499999900e+02 1.076029280000000100e+02
1.769276736565707600e-02 1.875531250000000200e+02 1.662250919999999900e+02 5.989527500000000400e+02 5.854656399999999600e+01 -4.113996250000000100e+02 1.076785280000000000e+02
1.784183050395514100e-02 1.875571875000000000e+02 1.663772759999999900e+02 6.000630625000000000e+02 5.863551600000000300e+01 -4.125058750000000000e+02 1.077417600000000000e+02
1.817722110957889800e-02 1.875585312500000400e+02 1.667173840000000100e+02 6.024934375000000300e+02 5.882780000000000300e+01 -4.149349062499999800e+02 1.078895840000000000e+02
1.836587978078914300e-02 1.875580312499999400e+02 1.669037680000000100e+02 6.038116874999999500e+02 5.893319999999999900e+01 -4.162536562500000100e+02 1.079705680000000000e+02
1.838047134716141000e-02 1.875550937500000300e+02 1.669160799999999900e+02 6.038913750000000400e+02 5.894070399999999700e+01 -4.163362812500000100e+02 1.079753760000000000e+02
1.839539361378503300e-02 1.875970312499999900e+02 1.669077440000000100e+02 6.039793124999999900e+02 5.893235200000000200e+01 -4.163822812500000100e+02 1.079753920000000000e+02
1.842897133367256800e-02 1.876025625000000300e+02 1.667888280000000000e+02 6.042388750000000100e+02 5.882718800000000000e+01 -4.166363124999999700e+02 1.079616400000000000e+02
1.850451887454450700e-02 1.874099375000000100e+02 1.669561919999999900e+02 6.042595000000000000e+02 5.895981599999999600e+01 -4.168495624999999900e+02 1.079963760000000000e+02
1.867450346149076800e-02 1.875833437500000400e+02 1.671660079999999800e+02 6.055927500000000200e+02 5.908263999999999800e+01 -4.180094062499999800e+02 1.080833679999999900e+02
1.877011891831990900e-02 1.875498437499999800e+02 1.672465120000000000e+02 6.061610624999999600e+02 5.913112000000000300e+01 -4.186112187499999800e+02 1.081153920000000000e+02
1.898525456951360300e-02 1.875533437500000100e+02 1.674286720000000100e+02 6.073991250000000300e+02 5.923531200000000000e+01 -4.198457812500000200e+02 1.081933600000000000e+02
1.910626757275927000e-02 1.875575937499999700e+02 1.675538000000000000e+02 6.082029999999999700e+02 5.930121599999999700e+01 -4.206454062500000100e+02 1.082525840000000000e+02
1.917433826041309000e-02 1.875577812500000100e+02 1.676148519999999800e+02 6.085758124999999800e+02 5.933234000000000200e+01 -4.210180312499999800e+02 1.082825120000000000e+02
1.919539711268684900e-02 1.875603750000000200e+02 1.676297799999999800e+02 6.086558750000000400e+02 5.933946000000000300e+01 -4.210955000000000200e+02 1.082903199999999900e+02
1.920724293542287000e-02 1.876087812499999900e+02 1.676277240000000000e+02 6.087068749999999700e+02 5.933509999999999700e+01 -4.210980937499999800e+02 1.082926240000000000e+02
1.921935890765999500e-02 1.884411562499999500e+02 1.675061920000000000e+02 6.094590624999999600e+02 5.922223999999999900e+01 -4.210179062500000100e+02 1.082839520000000000e+02
1.924661722520914700e-02 1.881366249999999800e+02 1.673337960000000100e+02 6.095290625000000100e+02 5.905109999999999800e+01 -4.213924375000000300e+02 1.082826960000000000e+02
1.926195053827195100e-02 1.876342187499999500e+02 1.673424440000000000e+02 6.091811249999999500e+02 5.904930800000000300e+01 -4.215469062500000100e+02 1.082931360000000000e+02
1.928092504741217200e-02 1.894005937499999800e+02 1.667845000000000100e+02 6.109926874999999900e+02 5.848959599999999900e+01 -4.215920937500000000e+02 1.082949040000000000e+02
1.930033039842915200e-02 1.873019687499999600e+02 1.668271279999999900e+02 6.096855624999999500e+02 5.848267200000000100e+01 -4.223835937499999900e+02 1.083444559999999900e+02
1.934399447598300300e-02 1.862356874999999800e+02 1.668692639999999900e+02 6.089898749999999800e+02 5.846226399999999800e+01 -4.227541875000000000e+02 1.084070000000000000e+02
1.944223690382290400e-02 1.874502499999999800e+02 1.670457879999999900e+02 6.098474999999999700e+02 5.849050799999999800e+01 -4.223972499999999900e+02 1.085552800000000000e+02
1.966328323979081200e-02 1.875488124999999400e+02 1.673509520000000100e+02 6.096343124999999600e+02 5.868084799999999700e+01 -4.220855000000000200e+02 1.086701039999999900e+02
2.016063545795296300e-02 1.875627499999999900e+02 1.678586799999999900e+02 6.096925000000000000e+02 5.899521599999999900e+01 -4.221297500000000000e+02 1.088634639999999900e+02
2.127968085991157500e-02 1.875612499999999700e+02 1.687674199999999900e+02 6.122058124999999800e+02 5.933043599999999900e+01 -4.246445625000000100e+02 1.094369840000000000e+02
2.238124106829856400e-02 1.875555625000000100e+02 1.695311000000000100e+02 6.153466875000000300e+02 5.951971600000000300e+01 -4.277911250000000200e+02 1.100113840000000100e+02
2.257598159659622200e-02 1.875572500000000700e+02 1.696569440000000100e+02 6.158528750000000400e+02 5.954560800000000100e+01 -4.282956249999999700e+02 1.101113359999999900e+02
2.268552256154490000e-02 1.875562499999999800e+02 1.697251039999999900e+02 6.160934999999999500e+02 5.956056800000000400e+01 -4.285372499999999700e+02 1.101645360000000000e+02
2.279755309387877800e-02 1.869896250000000500e+02 1.689643240000000000e+02 6.163395625000000600e+02 5.887790799999999800e+01 -4.293499375000000100e+02 1.100864160000000000e+02
2.286057012276189500e-02 1.871627812499999700e+02 1.691852880000000100e+02 6.163558124999999600e+02 5.901225600000000100e+01 -4.291930312499999900e+02 1.101730320000000100e+02
2.289601792928209300e-02 1.875278437499999900e+02 1.692889600000000000e+02 6.165406249999999800e+02 5.907580800000000200e+01 -4.290127812499999900e+02 1.102131519999999900e+02
2.291595775711376500e-02 1.876834374999999700e+02 1.693303039999999800e+02 6.166169374999999500e+02 5.909996799999999700e+01 -4.289334999999999800e+02 1.102303359999999900e+02
2.296081887642251500e-02 1.877480937500000100e+02 1.693225320000000000e+02 6.167478125000000100e+02 5.907878000000000200e+01 -4.289997187500000000e+02 1.102437520000000000e+02
2.306176163483597900e-02 1.874499999999999900e+02 1.694735399999999900e+02 6.164708749999999800e+02 5.917951600000000000e+01 -4.290208749999999900e+02 1.102940239999999900e+02
2.328888051239125600e-02 1.875936562499999800e+02 1.697809320000000100e+02 6.166382499999999700e+02 5.938609999999999900e+01 -4.290445937499999900e+02 1.103948319999999900e+02
2.379989624023437500e-02 1.875546250000000400e+02 1.701558719999999900e+02 6.169421875000000500e+02 5.961507999999999900e+01 -4.293875625000000000e+02 1.105407920000000000e+02
2.408734462491176500e-02 1.875603437500000200e+02 1.703550680000000200e+02 6.171430625000000400e+02 5.972429999999999900e+01 -4.295827187500000300e+02 1.106307680000000000e+02
2.444305932274377200e-02 1.875582187500000400e+02 1.705959399999999800e+02 6.175782500000000300e+02 5.984534800000000100e+01 -4.300200312499999900e+02 1.107505920000000000e+02
2.462495843423883100e-02 1.874968437499999800e+02 1.706708480000000100e+02 6.181544374999999700e+02 5.981671200000000300e+01 -4.306575937499999900e+02 1.108541360000000000e+02
2.471591031886136900e-02 1.875407500000000000e+02 1.707530480000000100e+02 6.182846250000000100e+02 5.986587999999999700e+01 -4.307438750000000000e+02 1.108871680000000000e+02
2.492054623707455600e-02 1.875631874999999700e+02 1.708786079999999900e+02 6.185857499999999600e+02 5.992760799999999900e+01 -4.310225624999999900e+02 1.109509999999999900e+02
2.517378577673682800e-02 1.875657812500000400e+02 1.710277480000000000e+02 6.190173750000000200e+02 5.997261199999999800e+01 -4.314515937499999700e+02 1.110551360000000000e+02
2.531623374557029300e-02 1.875560937500000000e+02 1.711148880000000100e+02 6.192880625000000200e+02 5.999035200000000100e+01 -4.317319687500000200e+02 1.111245360000000100e+02
2.535265502184447600e-02 1.875607499999999800e+02 1.711360960000000100e+02 6.193722500000000100e+02 5.999380000000000000e+01 -4.318115000000000200e+02 1.111422960000000000e+02
2.537313980642838500e-02 1.876681562500000400e+02 1.711325800000000200e+02 6.195264375000000400e+02 5.998352400000000300e+01 -4.318582812500000000e+02 1.111490560000000000e+02
2.541923522949218800e-02 1.875328125000000300e+02 1.711699480000000100e+02 6.195246250000000100e+02 5.999565200000000000e+01 -4.319918124999999800e+02 1.111742960000000000e+02
2.547627869397584000e-02 1.875665937500000400e+02 1.712027840000000100e+02 6.195738750000000400e+02 6.000732800000000100e+01 -4.320072812500000100e+02 1.111954559999999900e+02
2.550836593385727100e-02 1.875800625000000000e+02 1.712205520000000000e+02 6.195898750000000100e+02 6.001390399999999700e+01 -4.320098125000000100e+02 1.112066480000000000e+02
2.554118211161668400e-02 1.880374999999999700e+02 1.711334679999999900e+02 6.201611874999999800e+02 5.991695599999999900e+01 -4.321236875000000200e+02 1.112165119999999900e+02
2.561501909379412100e-02 1.873740312499999700e+02 1.712254680000000100e+02 6.196281874999999700e+02 5.996970000000000300e+01 -4.322541562499999900e+02 1.112557680000000000e+02
2.578114939259959100e-02 1.875587812500000400e+02 1.713833160000000100e+02 6.198746250000000400e+02 6.006566000000000100e+01 -4.323158437500000000e+02 1.113176560000000000e+02
2.582203279339204800e-02 1.875899062499999600e+02 1.714093440000000000e+02 6.199848124999999800e+02 6.007594400000000000e+01 -4.323949062500000200e+02 1.113334000000000000e+02
2.582926162142165600e-02 1.875922499999999800e+02 1.714139600000000000e+02 6.200053749999999600e+02 6.007728000000000200e+01 -4.324131249999999800e+02 1.113366800000000000e+02
2.583665347070193300e-02 1.875958750000000400e+02 1.714188640000000100e+02 6.200263750000000300e+02 6.007865600000000200e+01 -4.324304999999999900e+02 1.113402080000000000e+02
2.585328396714505300e-02 1.875969999999999800e+02 1.714290599999999900e+02 6.200714375000000000e+02 6.008135600000000000e+01 -4.324744375000000200e+02 1.113477039999999900e+02
2.589070665967333300e-02 1.875640937499999800e+02 1.714461120000000000e+02 6.201448749999999600e+02 6.008456000000000300e+01 -4.325807812499999700e+02 1.113615520000000000e+02
2.597490480676821100e-02 1.875447187500000200e+02 1.714875319999999900e+02 6.203349375000000200e+02 6.009266800000000300e+01 -4.327902187500000100e+02 1.113948640000000000e+02
2.607910100356999900e-02 1.875637187500000200e+02 1.715486760000000000e+02 6.205788750000000400e+02 6.010395599999999700e+01 -4.330151562500000200e+02 1.114447200000000000e+02
2.618566566625648800e-02 1.875940937500000100e+02 1.716049720000000000e+02 6.208079999999999900e+02 6.010553199999999700e+01 -4.332139062499999800e+02 1.114994400000000100e+02
2.642543499286358400e-02 1.875485937500000100e+02 1.717611800000000000e+02 6.212780625000000300e+02 6.013977200000000100e+01 -4.337294687500000200e+02 1.116214080000000000e+02
2.656030480241600800e-02 1.875581874999999700e+02 1.718394840000000000e+02 6.216046874999999500e+02 6.015241999999999900e+01 -4.340464999999999800e+02 1.116870640000000100e+02
2.663616790585174700e-02 1.875633437500000000e+02 1.718825599999999800e+02 6.217846250000000100e+02 6.015913599999999700e+01 -4.342212812500000000e+02 1.117234239999999900e+02
2.671084794078263500e-02 1.876010937499999600e+02 1.719222279999999900e+02 6.219640624999999500e+02 6.016244400000000100e+01 -4.343629687499999900e+02 1.117597840000000000e+02
2.673485165550595200e-02 1.878501562500000000e+02 1.718972640000000100e+02 6.223315625000000200e+02 6.011807999999999900e+01 -4.344814062500000200e+02 1.117791840000000000e+02
2.678886059585217400e-02 1.875060624999999800e+02 1.719189759999999900e+02 6.221975625000000000e+02 6.010492800000000100e+01 -4.346915000000000200e+02 1.118140480000000000e+02
2.685569697975093800e-02 1.874376874999999200e+02 1.719790239999999800e+02 6.221582499999999500e+02 6.013400000000000000e+01 -4.347205625000000300e+02 1.118450240000000000e+02
2.687278626457093400e-02 1.874850312500000200e+02 1.719904840000000100e+02 6.222076250000000100e+02 6.013714800000000300e+01 -4.347225937499999900e+02 1.118533360000000000e+02
2.688239753173530000e-02 1.875436250000000200e+02 1.719949080000000100e+02 6.222696875000000300e+02 6.013651600000000000e+01 -4.347260625000000100e+02 1.118583919999999900e+02
2.688780517950745100e-02 1.876415000000000600e+02 1.719939880000000000e+02 6.223590625000000500e+02 6.013258799999999800e+01 -4.347175624999999900e+02 1.118614000000000000e+02
2.689997122255728300e-02 1.881649062500000600e+02 1.719474559999999900e+02 6.228367500000000500e+02 6.008190400000000200e+01 -4.346718437499999900e+02 1.118655519999999900e+02
2.692734481941940600e-02 1.879811875000000300e+02 1.719423239999999900e+02 6.228444375000000300e+02 6.004964400000000100e+01 -4.348632499999999900e+02 1.118926800000000000e+02
2.694274101210746700e-02 1.879806874999999300e+02 1.719272800000000000e+02 6.229796874999999500e+02 6.001675999999999800e+01 -4.349990000000000200e+02 1.119105200000000100e+02
2.697738535674937300e-02 1.877628750000000100e+02 1.717700560000000100e+02 6.235674374999999800e+02 5.979454400000000200e+01 -4.358045624999999700e+02 1.119755119999999900e+02
2.705533280331864600e-02 1.870925937499999900e+02 1.718955640000000100e+02 6.233068749999999900e+02 5.983874000000000100e+01 -4.362142812500000000e+02 1.120568240000000100e+02
2.709917853312323800e-02 1.875436874999999800e+02 1.719117599999999900e+02 6.238731249999999600e+02 5.978650400000000100e+01 -4.363294374999999800e+02 1.121252559999999900e+02
2.715343899197049000e-02 1.876075312499999700e+02 1.719564039999999900e+02 6.241236249999999500e+02 5.975751600000000300e+01 -4.365160937499999800e+02 1.121988880000000000e+02
2.720893142569778500e-02 1.876875000000000000e+02 1.719307680000000000e+02 6.244297500000000100e+02 5.966491200000000100e+01 -4.367422500000000100e+02 1.122658560000000000e+02
2.733378940158420100e-02 1.874669999999999300e+02 1.720151559999999900e+02 6.244316874999999500e+02 5.965846799999999900e+01 -4.369646875000000300e+02 1.123566880000000100e+02
2.740402361412188100e-02 1.875468125000000400e+02 1.720586079999999900e+02 6.245654375000000300e+02 5.965676800000000000e+01 -4.370186249999999900e+02 1.124018400000000100e+02
2.753044193626469000e-02 1.875144687499999300e+02 1.721087479999999900e+02 6.247481249999999600e+02 5.962244400000000200e+01 -4.372336562500000200e+02 1.124863040000000000e+02
2.768846775003696800e-02 1.875562499999999800e+02 1.721939520000000000e+02 6.249866250000000000e+02 5.961440799999999700e+01 -4.374303750000000300e+02 1.125795440000000000e+02
2.804402175549331600e-02 1.875526875000000500e+02 1.723775919999999900e+02 6.254532500000000300e+02 5.958740000000000200e+01 -4.379005624999999800e+02 1.127901920000000000e+02
2.884402059664511000e-02 1.875578749999999700e+02 1.727949800000000100e+02 6.263598124999999800e+02 5.958562800000000000e+01 -4.388019375000000100e+02 1.132093520000000000e+02
2.983401604770013300e-02 1.875558125000000000e+02 1.733266160000000000e+02 6.272763125000000200e+02 5.965905600000000000e+01 -4.397205000000000200e+02 1.136675599999999900e+02
3.064401507814288800e-02 1.875567812499999700e+02 1.737433600000000000e+02 6.279306249999999600e+02 5.969925599999999800e+01 -4.403738437499999900e+02 1.140441040000000000e+02
3.120088868379884000e-02 1.875570000000000200e+02 1.740203360000000100e+02 6.283885000000000200e+02 5.970969600000000100e+01 -4.408315000000000100e+02 1.143106400000000100e+02
3.127919943486960600e-02 1.875589687499999600e+02 1.740585160000000000e+02 6.284523749999999600e+02 5.970969999999999800e+01 -4.408934062500000000e+02 1.143488160000000000e+02
3.132324777680002600e-02 1.875603437499999600e+02 1.740799800000000100e+02 6.284880624999999600e+02 5.970950800000000000e+01 -4.409277187500000000e+02 1.143704720000000100e+02
3.133113101870731200e-02 1.875616875000000100e+02 1.740839320000000000e+02 6.284951250000000300e+02 5.970950800000000000e+01 -4.409334375000000300e+02 1.143744240000000000e+02
3.133430061759529700e-02 1.875635312500000400e+02 1.740855880000000000e+02 6.284985625000000500e+02 5.970955599999999900e+01 -4.409350312500000100e+02 1.143760320000000000e+02
3.134142697512448700e-02 1.876076249999999800e+02 1.740923240000000200e+02 6.285299374999999600e+02 5.971153999999999900e+01 -4.409223124999999800e+02 1.143807840000000100e+02
3.135746360844017500e-02 1.881224687500000000e+02 1.741464080000000100e+02 6.288804999999999800e+02 5.974102400000000300e+01 -4.407580312499999900e+02 1.144053840000000000e+02
3.139354486896296000e-02 1.876926250000000800e+02 1.741276599999999900e+02 6.286503750000000500e+02 5.972144399999999800e+01 -4.409577499999999800e+02 1.144062160000000000e+02
3.147472712292048700e-02 1.873125312500000100e+02 1.741240640000000000e+02 6.284636249999999800e+02 5.969962400000000000e+01 -4.411510937499999700e+02 1.144244400000000000e+02
3.165738777654365800e-02 1.875888437499999700e+02 1.742180200000000000e+02 6.287699999999999800e+02 5.970503600000000000e+01 -4.411811562500000200e+02 1.145129840000000000e+02
3.188343071384452900e-02 1.875608437500000000e+02 1.743345679999999900e+02 6.289225625000000300e+02 5.969392800000000000e+01 -4.413617187500000200e+02 1.146406400000000000e+02
3.201058030274033700e-02 1.875566249999999400e+02 1.743967840000000000e+02 6.290282499999999600e+02 5.968661600000000100e+01 -4.414716250000000200e+02 1.147101680000000000e+02
3.204309139787350100e-02 1.875586874999999600e+02 1.744121120000000100e+02 6.290596249999999800e+02 5.968482399999999900e+01 -4.415009375000000200e+02 1.147272880000000000e+02
3.205314748016469700e-02 1.875596249999999800e+02 1.744167480000000100e+02 6.290695624999999600e+02 5.968424400000000000e+01 -4.415099374999999800e+02 1.147325040000000100e+02
3.206343412108182700e-02 1.889965624999999800e+02 1.742461960000000000e+02 6.297003125000000000e+02 5.961610000000000300e+01 -4.407037500000000100e+02 1.146300959999999900e+02
3.206922137548053100e-02 1.903277187500000300e+02 1.740560639999999900e+02 6.304756250000000400e+02 5.952789599999999800e+01 -4.401479062500000100e+02 1.145281679999999900e+02
3.208223978678385900e-02 1.889761250000000200e+02 1.740438360000000000e+02 6.297680000000000300e+02 5.952462800000000000e+01 -4.407918750000000000e+02 1.145192080000000100e+02
3.211153237665383800e-02 1.872372499999999600e+02 1.741812999999999900e+02 6.289603124999999900e+02 5.957040400000000300e+01 -4.417230625000000300e+02 1.146108960000000000e+02
3.214777898730230400e-02 1.865984999999999400e+02 1.742590679999999800e+02 6.286237499999999700e+02 5.959913999999999800e+01 -4.420252500000000300e+02 1.146599279999999900e+02
3.218485234857915800e-02 1.877092500000000500e+02 1.740358080000000000e+02 6.293858125000000400e+02 5.951464800000000100e+01 -4.416765624999999900e+02 1.145211599999999900e+02
3.226826566479582000e-02 1.872005000000000300e+02 1.742297760000000200e+02 6.292200000000000300e+02 5.960861599999999800e+01 -4.420194999999999900e+02 1.146211600000000000e+02
3.245594504406455700e-02 1.876297187499999900e+02 1.743916480000000000e+02 6.296768750000000000e+02 5.968633599999999700e+01 -4.420471562500000000e+02 1.147053120000000100e+02
3.287822364741920700e-02 1.875555937499999600e+02 1.746632679999999900e+02 6.303886874999999500e+02 5.969709999999999900e+01 -4.428330937499999900e+02 1.149661680000000000e+02
3.311575492514213400e-02 1.875609374999999700e+02 1.747964480000000000e+02 6.307660624999999800e+02 5.969701599999999800e+01 -4.432051250000000100e+02 1.150994319999999900e+02
3.318924257606813800e-02 1.876364999999999600e+02 1.748342280000000000e+02 6.309267499999999700e+02 5.970260400000000100e+01 -4.432902500000000100e+02 1.151316240000000000e+02
3.326439770150097600e-02 1.875245312500000500e+02 1.748544200000000000e+02 6.309494375000000400e+02 5.969982000000000300e+01 -4.434249062499999900e+02 1.151546000000000000e+02
3.343350197369362300e-02 1.875466250000000600e+02 1.749467559999999900e+02 6.311798750000000400e+02 5.970252399999999700e+01 -4.436332499999999800e+02 1.152442320000000000e+02
3.381398192837707700e-02 1.875590624999999800e+02 1.751411480000000200e+02 6.316231249999999600e+02 5.970210800000000300e+01 -4.440640624999999800e+02 1.154390400000000100e+02
3.390761434813558500e-02 1.875609999999999800e+02 1.751863640000000000e+02 6.317136249999999800e+02 5.970197199999999800e+01 -4.441526250000000000e+02 1.154843920000000000e+02
3.393771272875887500e-02 1.875838437499999700e+02 1.752002719999999800e+02 6.317449374999999900e+02 5.970205599999999900e+01 -4.441610937500000200e+02 1.154982160000000000e+02
3.395464132120321100e-02 1.876333750000000600e+02 1.752077039999999800e+02 6.317753750000000500e+02 5.970271999999999900e+01 -4.441420000000000000e+02 1.155049839999999900e+02
3.399273240085923200e-02 1.883182499999999800e+02 1.750809360000000100e+02 6.321766874999999600e+02 5.963772800000000300e+01 -4.438584374999999800e+02 1.154432080000000000e+02
3.407843733008528200e-02 1.871324375000000400e+02 1.751677680000000000e+02 6.313923750000000200e+02 5.966250399999999800e+01 -4.442599374999999800e+02 1.155052640000000000e+02
3.427127283862514000e-02 1.875940625000000600e+02 1.753042240000000000e+02 6.318233125000000400e+02 5.968460000000000300e+01 -4.442292499999999800e+02 1.156196240000000000e+02
3.433093162974449500e-02 1.876055312500000700e+02 1.753324120000000100e+02 6.318529375000000500e+02 5.968162000000000200e+01 -4.442474062499999800e+02 1.156507920000000000e+02
3.434618343218196600e-02 1.875975312499999700e+02 1.753373440000000000e+02 6.318295624999999500e+02 5.967795199999999800e+01 -4.442320312499999800e+02 1.156593920000000000e+02
3.435476533659212500e-02 1.876019999999999800e+02 1.753374000000000000e+02 6.317956874999999900e+02 5.967264000000000100e+01 -4.441936875000000100e+02 1.156647600000000000e+02
3.435959076561188200e-02 1.876960000000000300e+02 1.753277280000000100e+02 6.318238750000000400e+02 5.966091999999999700e+01 -4.441278750000000200e+02 1.156668080000000000e+02
3.437045030978137100e-02 1.899190937500000600e+02 1.749143440000000000e+02 6.323706875000000300e+02 5.942492000000000000e+01 -4.424515937499999700e+02 1.154894240000000000e+02
3.439488253750643700e-02 1.883982812499999700e+02 1.749005679999999900e+02 6.315879999999999700e+02 5.935611200000000300e+01 -4.431897187500000000e+02 1.155444560000000000e+02
3.444985796098161400e-02 1.868673750000000400e+02 1.749444920000000000e+02 6.305621875000000500e+02 5.929203600000000300e+01 -4.436948125000000100e+02 1.156524560000000000e+02
3.457355149936326700e-02 1.873535312499999500e+02 1.751177680000000100e+02 6.300115624999999700e+02 5.937109600000000100e+01 -4.426580312500000200e+02 1.157466720000000000e+02
3.485186137850322000e-02 1.876060000000000500e+02 1.753600240000000100e+02 6.299388750000000500e+02 5.944280799999999900e+01 -4.423328750000000000e+02 1.159172160000000000e+02
3.493796454535590100e-02 1.875891874999999800e+02 1.754032800000000000e+02 6.299646874999999700e+02 5.943998400000000300e+01 -4.423754999999999900e+02 1.159632960000000000e+02
3.502602396721659500e-02 1.875514062500000100e+02 1.754492280000000100e+02 6.300045625000000200e+02 5.943700400000000200e+01 -4.424531562500000100e+02 1.160122240000000000e+02
3.505326714707818900e-02 1.875251250000000600e+02 1.754606120000000000e+02 6.299739375000000300e+02 5.943196400000000100e+01 -4.424488124999999700e+02 1.160286480000000000e+02
3.508112980769230400e-02 1.877835937499999700e+02 1.753950920000000100e+02 6.299474374999999800e+02 5.935593200000000300e+01 -4.421638437500000100e+02 1.160391600000000000e+02
3.514382079407409700e-02 1.875111875000000100e+02 1.752990159999999900e+02 6.293766875000000000e+02 5.924283200000000000e+01 -4.418655000000000000e+02 1.160561840000000000e+02
3.528487376677684500e-02 1.874944375000000600e+02 1.754633880000000100e+02 6.290471250000000500e+02 5.931198799999999900e+01 -4.415526874999999900e+02 1.161514000000000000e+02
3.560224586645180400e-02 1.875723437500000200e+02 1.756145080000000000e+02 6.292188125000000100e+02 5.929984400000000000e+01 -4.416464687500000000e+02 1.163146639999999900e+02
3.631633017962668900e-02 1.875581562499999700e+02 1.759411559999999800e+02 6.295131874999999600e+02 5.925733999999999900e+01 -4.419550312499999900e+02 1.166838159999999900e+02
3.792302337758270800e-02 1.875568125000000400e+02 1.766352520000000100e+02 6.308780000000000400e+02 5.920414800000000400e+01 -4.433211875000000100e+02 1.174311040000000000e+02
3.882678524478451500e-02 1.875559374999999700e+02 1.770101440000000000e+02 6.321058749999999700e+02 5.920140000000000000e+01 -4.445499375000000000e+02 1.178087440000000000e+02
4.086025643261360900e-02 1.875579687499999300e+02 1.778294240000000200e+02 6.349562499999999500e+02 5.920512800000000200e+01 -4.473982812500000300e+02 1.186242960000000000e+02
4.330041906335852000e-02 1.875579062499999700e+02 1.788066839999999900e+02 6.381650624999999800e+02 5.923323599999999800e+01 -4.506071562500000000e+02 1.195734480000000000e+02
4.444424602429363600e-02 1.875576562499999800e+02 1.792634319999999900e+02 6.396578124999999800e+02 5.926267200000000200e+01 -4.521001562500000000e+02 1.200007600000000000e+02
4.557019654065552800e-02 1.875559062500000200e+02 1.797111520000000000e+02 6.410688750000000500e+02 5.929579199999999900e+01 -4.535129687500000300e+02 1.204153600000000100e+02
4.593211303263793800e-02 1.875585625000000500e+02 1.798558720000000100e+02 6.415169375000000400e+02 5.930785600000000100e+01 -4.539583749999999900e+02 1.205480160000000000e+02
4.594483800569006100e-02 1.875601250000000300e+02 1.798611680000000200e+02 6.415312500000000000e+02 5.930827200000000200e+01 -4.539711249999999700e+02 1.205528960000000000e+02
4.596058120075454500e-02 1.875616874999999500e+02 1.798674120000000000e+02 6.415466874999999600e+02 5.930866000000000300e+01 -4.539850000000000100e+02 1.205587520000000000e+02
4.596460549677102600e-02 1.875627500000000500e+02 1.798689799999999900e+02 6.415505000000000600e+02 5.930874800000000100e+01 -4.539877500000000100e+02 1.205602320000000000e+02
4.596958928929144300e-02 1.875674999999999400e+02 1.798711800000000100e+02 6.415561249999999500e+02 5.930896400000000300e+01 -4.539886250000000100e+02 1.205622160000000100e+02
4.597239325480292200e-02 1.875733437499999400e+02 1.798726760000000100e+02 6.415600624999999600e+02 5.930918799999999900e+01 -4.539867187500000200e+02 1.205634880000000100e+02
4.597396757430937500e-02 1.875784062500000000e+02 1.798736680000000100e+02 6.415626250000000300e+02 5.930936400000000200e+01 -4.539842187500000300e+02 1.205643040000000100e+02
4.597557915581598100e-02 1.875867187499999900e+02 1.798749119999999900e+02 6.415658750000000100e+02 5.930961599999999800e+01 -4.539791562500000200e+02 1.205652960000000000e+02
4.597920754308083800e-02 1.880861250000000400e+02 1.798435880000000100e+02 6.416018125000000500e+02 5.931225200000000100e+01 -4.535156875000000100e+02 1.205313360000000000e+02
4.598736792111426200e-02 1.904376250000000300e+02 1.796290960000000000e+02 6.425029375000000300e+02 5.926256000000000100e+01 -4.520653125000000000e+02 1.203665360000000000e+02
4.600573342943949100e-02 1.887788437499999600e+02 1.795331560000000200e+02 6.417365624999999900e+02 5.919321200000000300e+01 -4.529577187500000300e+02 1.203399440000000000e+02
4.604704767210871000e-02 1.872930312499999600e+02 1.795788920000000000e+02 6.411042499999999800e+02 5.918644400000000200e+01 -4.538112187500000200e+02 1.203924480000000000e+02
4.605286054413251800e-02 1.873484687499999900e+02 1.795601920000000000e+02 6.411037499999999900e+02 5.918090399999999800e+01 -4.537552812500000000e+02 1.203792880000000000e+02
4.606593484843607400e-02 1.884949062499999300e+02 1.793342480000000000e+02 6.414389374999999500e+02 5.910957599999999700e+01 -4.529440312500000200e+02 1.202246720000000000e+02
4.609534853980654800e-02 1.866971874999999800e+02 1.793739280000000100e+02 6.406617499999999800e+02 5.909288800000000200e+01 -4.539645625000000000e+02 1.202810400000000000e+02
4.616153050982763800e-02 1.868915312499999600e+02 1.796267039999999900e+02 6.409852499999999500e+02 5.920637599999999900e+01 -4.540937187499999900e+02 1.204203280000000000e+02
4.619875524798010300e-02 1.874251249999999800e+02 1.797024600000000000e+02 6.412203749999999900e+02 5.925162000000000300e+01 -4.537952500000000100e+02 1.204508400000000000e+02
4.623540242513021100e-02 1.877740312499999500e+02 1.797400519999999900e+02 6.413663749999999500e+02 5.927447600000000000e+01 -4.535923437500000000e+02 1.204655760000000000e+02
4.624718187492846100e-02 1.879159374999999800e+02 1.797487400000000000e+02 6.414285625000000000e+02 5.927969999999999800e+01 -4.535126250000000100e+02 1.204690400000000100e+02
4.625380985320561000e-02 1.881351562500000200e+02 1.797470920000000100e+02 6.415228750000000000e+02 5.928210800000000100e+01 -4.533877187499999800e+02 1.204649840000000000e+02
4.626871465326665800e-02 1.882906874999999900e+02 1.797320599999999900e+02 6.416193749999999900e+02 5.927770000000000300e+01 -4.533286875000000000e+02 1.204543599999999900e+02
4.630225976890405700e-02 1.877990937499999400e+02 1.797353479999999900e+02 6.413306874999999500e+02 5.927799600000000200e+01 -4.535315937500000100e+02 1.204573520000000000e+02
4.637772929246317800e-02 1.873492499999999800e+02 1.797841320000000000e+02 6.411209999999999800e+02 5.927398800000000300e+01 -4.537717500000000000e+02 1.205101440000000000e+02
4.654754154265873500e-02 1.875601874999999300e+02 1.799149600000000100e+02 6.411866874999999500e+02 5.926842400000000300e+01 -4.536265000000000200e+02 1.206465360000000000e+02
4.692961211897369500e-02 1.875593124999999800e+02 1.801064399999999900e+02 6.415891249999999700e+02 5.927588800000000200e+01 -4.540298124999999900e+02 1.208305520000000000e+02
4.714453002035400000e-02 1.875576249999999700e+02 1.801968520000000100e+02 6.418108125000000000e+02 5.927884399999999900e+01 -4.542531875000000200e+02 1.209180080000000000e+02
4.726541726434915100e-02 1.875614062500000000e+02 1.802453280000000000e+02 6.419202500000000100e+02 5.927967999999999900e+01 -4.543588437500000100e+02 1.209656480000000000e+02
4.730281899700234500e-02 1.875637500000000300e+02 1.802599360000000100e+02 6.419510000000000200e+02 5.927982399999999800e+01 -4.543872499999999900e+02 1.209801120000000100e+02
4.732385805383852700e-02 1.875699374999999800e+02 1.802681640000000100e+02 6.419681249999999900e+02 5.927998000000000200e+01 -4.543981875000000100e+02 1.209881840000000000e+02
4.734537220117664100e-02 1.876112500000000400e+02 1.802783000000000000e+02 6.419935625000000500e+02 5.928130800000000300e+01 -4.543823125000000100e+02 1.209969920000000100e+02
4.739378485487494300e-02 1.876063750000000100e+02 1.802847800000000100e+02 6.419700625000000400e+02 5.927659599999999800e+01 -4.543636875000000300e+02 1.210081840000000000e+02
4.750270633907108900e-02 1.874958750000000100e+02 1.803264080000000100e+02 6.420294999999999800e+02 5.927461600000000200e+01 -4.545336249999999700e+02 1.210517920000000100e+02
4.753640516045911500e-02 1.875096875000000400e+02 1.803421160000000000e+02 6.420760625000000300e+02 5.927578799999999900e+01 -4.545663749999999900e+02 1.210663280000000000e+02
4.755536220303676500e-02 1.875293437499999500e+02 1.803513519999999900e+02 6.421091874999999600e+02 5.927684000000000000e+01 -4.545798437500000100e+02 1.210745120000000000e+02
4.756602379283043200e-02 1.875525625000000200e+02 1.803573440000000100e+02 6.421350625000000000e+02 5.927796800000000100e+01 -4.545824999999999800e+02 1.210793760000000000e+02
4.757692758562510200e-02 1.876112187499999800e+02 1.803666360000000000e+02 6.421868124999999700e+02 5.928117999999999900e+01 -4.545755937500000000e+02 1.210854559999999900e+02
4.760146461272560200e-02 1.876635000000000000e+02 1.803818200000000000e+02 6.422534375000000200e+02 5.928473199999999800e+01 -4.545899375000000200e+02 1.210970880000000000e+02
4.765666826595171800e-02 1.875731562500000100e+02 1.803942720000000000e+02 6.422449374999999900e+02 5.927994400000000000e+01 -4.546717812499999800e+02 1.211143280000000000e+02
4.778088114346049100e-02 1.875382812500000700e+02 1.804449599999999800e+02 6.423501250000000500e+02 5.928059199999999900e+01 -4.548118437499999800e+02 1.211643680000000000e+02
4.793459155184009300e-02 1.875612812500000400e+02 1.805112280000000200e+02 6.425213750000000300e+02 5.928476400000000300e+01 -4.549600937500000000e+02 1.212264640000000100e+02
4.802105336544423800e-02 1.875632500000000400e+02 1.805474079999999900e+02 6.426085000000000500e+02 5.928665600000000100e+01 -4.550452500000000100e+02 1.212607520000000000e+02
4.806968959114345200e-02 1.875621874999999900e+02 1.805667400000000100e+02 6.426505624999999800e+02 5.928702799999999900e+01 -4.550883749999999800e+02 1.212797120000000000e+02
4.809704455700549600e-02 1.875612187500000200e+02 1.805767679999999900e+02 6.426698125000000300e+02 5.928665600000000100e+01 -4.551085937500000100e+02 1.212901119999999900e+02
4.812502366137010000e-02 1.875679375000000300e+02 1.805825000000000100e+02 6.426743750000000500e+02 5.928332400000000000e+01 -4.551064375000000300e+02 1.212991760000000000e+02
4.813368241865556600e-02 1.875901874999999600e+02 1.805816399999999900e+02 6.426823124999999700e+02 5.928048799999999800e+01 -4.550921250000000100e+02 1.213011520000000000e+02
4.813854976742550100e-02 1.876356562499999500e+02 1.805778239999999900e+02 6.427091249999999700e+02 5.927621599999999800e+01 -4.550734687500000200e+02 1.213016080000000000e+02
4.814352890219589900e-02 1.877875937500000400e+02 1.805610760000000100e+02 6.427740625000000100e+02 5.926660400000000100e+01 -4.549864687499999700e+02 1.212944720000000000e+02
4.814633286770737800e-02 1.879756562499999900e+02 1.805387680000000000e+02 6.428392499999999900e+02 5.925716800000000000e+01 -4.548635937500000100e+02 1.212816000000000000e+02
4.815263480348319600e-02 1.912010624999999800e+02 1.801232799999999900e+02 6.438598124999999800e+02 5.910778400000000200e+01 -4.526587500000000000e+02 1.210154960000000000e+02
4.816681299454126500e-02 1.911844062500000500e+02 1.795785400000000000e+02 6.437038750000000400e+02 5.878259599999999800e+01 -4.525194687499999900e+02 1.207959440000000100e+02
4.819871858217195800e-02 1.878064062500000100e+02 1.797401760000000200e+02 6.421400625000000000e+02 5.879682400000000100e+01 -4.543336562499999900e+02 1.209433520000000000e+02
4.827050848321600600e-02 1.864342500000000200e+02 1.799205719999999900e+02 6.417261250000000200e+02 5.878134000000000000e+01 -4.552918750000000000e+02 1.211392320000000100e+02
4.843202993837759900e-02 1.875390625000000600e+02 1.802618120000000200e+02 6.420091875000000500e+02 5.893345200000000300e+01 -4.544701250000000000e+02 1.213283600000000000e+02
4.863191728044633600e-02 1.876113125000000500e+02 1.804535400000000000e+02 6.418176875000000300e+02 5.904650800000000300e+01 -4.542063749999999800e+02 1.214070320000000000e+02
4.883634592878367800e-02 1.875425000000000200e+02 1.805687480000000000e+02 6.416980624999999900e+02 5.907303600000000200e+01 -4.541555624999999700e+02 1.214957120000000000e+02
4.889958885854272400e-02 1.875474375000000600e+02 1.806057400000000000e+02 6.417300625000000300e+02 5.908214799999999700e+01 -4.541826249999999700e+02 1.215235919999999900e+02
4.893516475318843800e-02 1.875668437500000300e+02 1.806236960000000000e+02 6.417586250000000500e+02 5.908570400000000000e+01 -4.541917812500000200e+02 1.215379920000000000e+02
4.897155109633748200e-02 1.876143750000000500e+02 1.806329279999999900e+02 6.417775000000000300e+02 5.908379200000000300e+01 -4.541631249999999800e+02 1.215491360000000000e+02
4.905341571067279400e-02 1.875899687500000300e+02 1.806555720000000100e+02 6.417578750000000100e+02 5.907883600000000300e+01 -4.541679062499999900e+02 1.215767360000000000e+02
4.923760643517724500e-02 1.875308750000000400e+02 1.807416040000000000e+02 6.418355625000000400e+02 5.908872399999999900e+01 -4.543046875000000000e+02 1.216528800000000000e+02
4.934121808435162900e-02 1.875590000000000300e+02 1.807972279999999900e+02 6.419611250000000400e+02 5.910090000000000300e+01 -4.544021250000000100e+02 1.216963279999999900e+02
4.946943196912679400e-02 1.875784374999999500e+02 1.808569080000000000e+02 6.420984999999999400e+02 5.911200399999999900e+01 -4.545200624999999900e+02 1.217449040000000100e+02
4.960056160541390100e-02 1.875548437499999700e+02 1.809101200000000100e+02 6.422101874999999600e+02 5.912010399999999800e+01 -4.546553437499999900e+02 1.217900159999999900e+02
4.976283295832856900e-02 1.875491874999999600e+02 1.809750640000000000e+02 6.423463749999999700e+02 5.912707199999999800e+01 -4.547971875000000100e+02 1.218479920000000000e+02
4.985411554320246000e-02 1.875625625000000100e+02 1.810136640000000100e+02 6.424264375000000200e+02 5.913047999999999900e+01 -4.548638750000000100e+02 1.218831840000000000e+02
4.994746616908482500e-02 1.875738437499999200e+02 1.810493160000000000e+02 6.424668124999999500e+02 5.912861999999999800e+01 -4.548929687500000200e+02 1.219206960000000100e+02
4.999997764279991200e-02 1.878073749999999800e+02 1.810132560000000100e+02 6.425661874999999600e+02 5.908036800000000000e+01 -4.547588124999999800e+02 1.219328880000000100e+02
5.011812612978384900e-02 1.874448437499999600e+02 1.810631600000000100e+02 6.421269999999999500e+02 5.907780000000000300e+01 -4.546821562499999900e+02 1.219853600000000000e+02
5.018458756480607300e-02 1.874793750000000000e+02 1.811060160000000100e+02 6.421903125000000000e+02 5.908494400000000000e+01 -4.547109375000000000e+02 1.220210720000000000e+02
5.033411997141856000e-02 1.875939687500000400e+02 1.811681999999999800e+02 6.423373125000000500e+02 5.909026399999999800e+01 -4.547433437500000100e+02 1.220779359999999900e+02
5.067057254404667300e-02 1.875579687500000400e+02 1.812952679999999900e+02 6.426273750000000300e+02 5.910198799999999900e+01 -4.550694062499999900e+02 1.221932800000000000e+02
5.142758733914740100e-02 1.875555312500000000e+02 1.815938879999999900e+02 6.432986875000000300e+02 5.913467200000000200e+01 -4.557431562500000300e+02 1.224592160000000000e+02
5.153404021583343100e-02 1.875547499999999600e+02 1.816367520000000000e+02 6.434111249999999700e+02 5.914123200000000200e+01 -4.558563750000000100e+02 1.224955200000000000e+02
5.159392490782872100e-02 1.875605625000000000e+02 1.816607799999999900e+02 6.434760625000000100e+02 5.914508399999999700e+01 -4.559155000000000100e+02 1.225156960000000100e+02
5.162760509821667800e-02 1.875651250000000200e+02 1.816740800000000000e+02 6.435106250000000000e+02 5.914716800000000100e+01 -4.559454999999999800e+02 1.225269120000000000e+02
5.166928730313740500e-02 1.875925937500000500e+02 1.816900120000000000e+02 6.435538125000000500e+02 5.915032399999999800e+01 -4.559612187500000000e+02 1.225396880000000000e+02
5.171191968906203200e-02 1.881341562499999900e+02 1.815657119999999900e+02 6.439184999999999900e+02 5.910960800000000100e+01 -4.557843437500000100e+02 1.224561040000000000e+02
5.175987588325844900e-02 1.872319687500000200e+02 1.816237199999999900e+02 6.434260000000000400e+02 5.913174399999999800e+01 -4.561940312500000200e+02 1.224919759999999900e+02
5.178385863810668800e-02 1.870747500000000500e+02 1.816439440000000000e+02 6.432965625000000500e+02 5.913666400000000300e+01 -4.562218125000000000e+02 1.225072799999999900e+02
5.183780935657767600e-02 1.872565000000000200e+02 1.816871520000000000e+02 6.433980000000000200e+02 5.914708799999999700e+01 -4.561415000000000100e+02 1.225400640000000000e+02
5.195920895307491700e-02 1.876426249999999500e+02 1.817511120000000100e+02 6.437313749999999600e+02 5.916608800000000200e+01 -4.560887500000000000e+02 1.225850240000000000e+02
5.223234872969370600e-02 1.875572500000000100e+02 1.818682839999999900e+02 6.439296875000000000e+02 5.917402800000000000e+01 -4.563724374999999900e+02 1.226942560000000000e+02
5.257036164857820800e-02 1.875506562500000300e+02 1.820100840000000100e+02 6.441900000000000500e+02 5.918452400000000300e+01 -4.566393437500000200e+02 1.228255600000000000e+02
5.276049100435697300e-02 1.875599687500000000e+02 1.820861800000000100e+02 6.443944999999999900e+02 5.919573200000000000e+01 -4.568345312500000000e+02 1.228904480000000100e+02
5.295494740990346800e-02 1.875584687500000300e+02 1.821611560000000100e+02 6.445794375000000400e+02 5.920555600000000100e+01 -4.570209687500000100e+02 1.229556000000000000e+02
5.301510225139986100e-02 1.875616875000000600e+02 1.821838640000000000e+02 6.446258125000000500e+02 5.920785600000000000e+01 -4.570641249999999900e+02 1.229760079999999900e+02
5.303048679971287400e-02 1.875660625000000400e+02 1.821897800000000100e+02 6.446373750000000200e+02 5.920849200000000000e+01 -4.570713124999999800e+02 1.229812880000000100e+02
5.304951836629083500e-02 1.875953750000000500e+02 1.821982800000000100e+02 6.446586250000000300e+02 5.921023199999999800e+01 -4.570632499999999800e+02 1.229880480000000100e+02
5.306898776137057600e-02 1.876376250000000100e+02 1.822048040000000000e+02 6.446781250000000200e+02 5.921171600000000300e+01 -4.570405000000000100e+02 1.229930880000000000e+02
5.311278924254998800e-02 1.875529062499999800e+02 1.822121799999999900e+02 6.446540000000000000e+02 5.920814000000000000e+01 -4.571010937500000200e+02 1.230040400000000000e+02
5.321134257520365700e-02 1.875192812500000100e+02 1.822529960000000000e+02 6.447282500000000000e+02 5.921184399999999900e+01 -4.572089687500000000e+02 1.230411520000000000e+02
5.343308408036191700e-02 1.875649374999999800e+02 1.823429439999999900e+02 6.449753749999999900e+02 5.922527199999999700e+01 -4.574104375000000000e+02 1.231176720000000000e+02
5.393200828915550900e-02 1.875583125000000000e+02 1.825336920000000000e+02 6.454771875000000100e+02 5.925346799999999800e+01 -4.579188750000000100e+02 1.232802240000000000e+02
5.454943031618447000e-02 1.875568437499999300e+02 1.827615079999999900e+02 6.459919374999999500e+02 5.927890800000000100e+01 -4.584350937500000200e+02 1.234826000000000100e+02
5.470729077983106600e-02 1.875551249999999800e+02 1.828187959999999900e+02 6.461116250000000000e+02 5.928434800000000100e+01 -4.585565000000000300e+02 1.235344480000000000e+02
5.490264613113124400e-02 1.875543749999999900e+02 1.828865079999999900e+02 6.462331874999999900e+02 5.928767599999999800e+01 -4.586788124999999900e+02 1.235988320000000000e+02
5.495259584233584000e-02 1.875554687499999300e+02 1.828999599999999900e+02 6.462308124999999600e+02 5.928461600000000000e+01 -4.586753437500000200e+02 1.236153439999999900e+02
5.501440884283902200e-02 1.875570624999999700e+02 1.829211960000000100e+02 6.462593124999999600e+02 5.928450000000000100e+01 -4.587022499999999900e+02 1.236366960000000000e+02
5.507762382609794600e-02 1.875697812500000600e+02 1.829353879999999900e+02 6.462418125000000400e+02 5.927747600000000000e+01 -4.586720312499999700e+02 1.236579120000000000e+02
5.509718171842806200e-02 1.876669375000000700e+02 1.829214440000000100e+02 6.462664375000000500e+02 5.926112400000000200e+01 -4.585994999999999800e+02 1.236603200000000000e+02
5.510218414194854900e-02 1.877503437500000100e+02 1.829077480000000000e+02 6.462896875000000100e+02 5.925233999999999700e+01 -4.585393437500000000e+02 1.236554079999999900e+02
5.510499742296007300e-02 1.878321562500000300e+02 1.828937720000000100e+02 6.463075625000000200e+02 5.924553199999999700e+01 -4.584754062499999900e+02 1.236482400000000000e+02
5.510847676222432900e-02 1.880782187500000200e+02 1.828543280000000100e+02 6.463521875000000100e+02 5.923148799999999900e+01 -4.582739687499999900e+02 1.236228400000000000e+02
5.511043301723234100e-02 1.883195000000000100e+02 1.828170400000000200e+02 6.463950624999999900e+02 5.921971200000000100e+01 -4.580755624999999900e+02 1.235973280000000000e+02
5.511243584974054300e-02 1.887841250000000200e+02 1.827503800000000100e+02 6.464705625000000300e+02 5.920186799999999700e+01 -4.576864375000000100e+02 1.235485120000000000e+02
5.511693989400898900e-02 1.914876874999999400e+02 1.823754520000000000e+02 6.471721874999999500e+02 5.908090800000000100e+01 -4.556845000000000100e+02 1.232945440000000000e+02
5.512707981580052000e-02 1.909938125000000500e+02 1.820066119999999900e+02 6.469650625000000400e+02 5.882454800000000000e+01 -4.559712500000000000e+02 1.231820640000000000e+02
5.514988881764394700e-02 1.881046250000000000e+02 1.822346880000000100e+02 6.456143124999999800e+02 5.889065600000000000e+01 -4.575096874999999800e+02 1.233440320000000000e+02
5.520120790735415200e-02 1.864634062500000500e+02 1.823908960000000000e+02 6.449628750000000500e+02 5.889334399999999900e+01 -4.584994687500000100e+02 1.234975520000000000e+02
5.526472098661430000e-02 1.868776562500000300e+02 1.825310360000000000e+02 6.452199375000000100e+02 5.890643599999999900e+01 -4.583422812499999800e+02 1.236246000000000000e+02
5.528095790318080700e-02 1.872617812500000100e+02 1.825326680000000000e+02 6.454186250000000200e+02 5.889386799999999800e+01 -4.581568437500000100e+02 1.236388000000000000e+02
5.531749329433045100e-02 1.876438125000000200e+02 1.825639040000000100e+02 6.455743125000000200e+02 5.889175999999999800e+01 -4.579304999999999900e+02 1.236721440000000000e+02
5.539970258216718500e-02 1.875984687499999900e+02 1.826342440000000000e+02 6.453448124999999900e+02 5.892935599999999900e+01 -4.577463437499999900e+02 1.237048880000000000e+02
5.558466649317479100e-02 1.876026875000000000e+02 1.827002279999999800e+02 6.449795000000000300e+02 5.895512399999999800e+01 -4.573768125000000300e+02 1.237451040000000000e+02
5.600083645737943100e-02 1.875617187500000100e+02 1.828930639999999800e+02 6.444370000000000100e+02 5.899101600000000200e+01 -4.568752812500000000e+02 1.239020479999999900e+02
5.651584387698890100e-02 1.875627499999999900e+02 1.831252279999999900e+02 6.447576874999999700e+02 5.903180400000000100e+01 -4.571949374999999800e+02 1.240934240000000000e+02
5.680553729717548200e-02 1.875585624999999900e+02 1.832470040000000000e+02 6.449766250000000100e+02 5.905049199999999800e+01 -4.574180625000000200e+02 1.241965120000000000e+02
5.710181211813902100e-02 1.875585625000000500e+02 1.833517039999999800e+02 6.450637500000000300e+02 5.904837599999999800e+01 -4.575051874999999800e+02 1.243033279999999900e+02
5.746845622639079600e-02 1.875559999999999800e+02 1.835002720000000000e+02 6.453022499999999600e+02 5.906476800000000100e+01 -4.577462499999999700e+02 1.244355039999999900e+02
5.752001751910199700e-02 1.875576249999999700e+02 1.835174800000000100e+02 6.453157499999999800e+02 5.906421600000000200e+01 -4.577581250000000100e+02 1.244532640000000000e+02
5.754901667072077200e-02 1.875608437499999500e+02 1.835218600000000000e+02 6.452938749999999600e+02 5.905972400000000300e+01 -4.577330312500000100e+02 1.244621360000000000e+02
5.755643180875114800e-02 1.875746874999999800e+02 1.835208400000000200e+02 6.452928124999999700e+02 5.905683200000000000e+01 -4.577181249999999900e+02 1.244640080000000100e+02
5.756560757628873700e-02 1.877148750000000100e+02 1.834994080000000200e+02 6.453861875000000100e+02 5.903531999999999900e+01 -4.576713125000000000e+02 1.244640880000000000e+02
5.756795508229834600e-02 1.877770312500000500e+02 1.834875040000000000e+02 6.454220000000000300e+02 5.902498400000000300e+01 -4.576449687499999800e+02 1.244625200000000000e+02
5.757323697081998700e-02 1.881290937500000400e+02 1.834101200000000100e+02 6.456174375000000500e+02 5.896649599999999900e+01 -4.574883437500000100e+02 1.244436240000000000e+02
5.758511423336863000e-02 1.880082187499999700e+02 1.833875520000000000e+02 6.455935624999999600e+02 5.893872799999999800e+01 -4.575853437499999900e+02 1.244488240000000000e+02
5.761183574522808800e-02 1.875670937499999700e+02 1.834390240000000200e+02 6.452258749999999700e+02 5.897079200000000300e+01 -4.576587812500000000e+02 1.244682320000000000e+02
5.767196729797438600e-02 1.873214375000000000e+02 1.834881320000000100e+02 6.449582500000000200e+02 5.899233199999999800e+01 -4.576368125000000200e+02 1.244958000000000000e+02
5.780726562052856300e-02 1.875631874999999700e+02 1.835794960000000100e+02 6.451125624999999700e+02 5.901921600000000000e+01 -4.575493750000000000e+02 1.245602800000000100e+02
5.811168218852545700e-02 1.875699062499999700e+02 1.836939120000000100e+02 6.452868125000000000e+02 5.903347200000000300e+01 -4.577169062500000200e+02 1.246604399999999900e+02
5.879661830208095200e-02 1.875571562500000500e+02 1.839203479999999900e+02 6.453244375000000400e+02 5.901082000000000200e+01 -4.577672812500000000e+02 1.249095279999999900e+02
5.964422633505275800e-02 1.875543437499999300e+02 1.842218080000000100e+02 6.456576874999999500e+02 5.901786400000000300e+01 -4.581033437500000200e+02 1.252039440000000100e+02
5.986094678569044100e-02 1.875560625000000000e+02 1.842912759999999800e+02 6.457098750000000100e+02 5.901499599999999600e+01 -4.581538125000000200e+02 1.252762800000000000e+02
6.034856197743770900e-02 1.875585312499999900e+02 1.844600360000000000e+02 6.459168124999999900e+02 5.902186799999999800e+01 -4.583582812500000000e+02 1.254381680000000000e+02
6.095198746565934400e-02 1.875561875000000200e+02 1.846641999999999900e+02 6.461653125000000300e+02 5.903061600000000200e+01 -4.586091250000000100e+02 1.256335840000000000e+02
6.156913002768715800e-02 1.875559999999999300e+02 1.848538839999999900e+02 6.462257499999999500e+02 5.901456400000000000e+01 -4.586697500000000200e+02 1.258393200000000000e+02
6.191626747885903300e-02 1.875589374999999600e+02 1.849206800000000000e+02 6.460588749999999400e+02 5.896077600000000300e+01 -4.584999374999999900e+02 1.259599039999999900e+02
6.234585642086863000e-02 1.875618437499999800e+02 1.850848560000000000e+02 6.462431249999999600e+02 5.898387199999999800e+01 -4.586812812499999800e+02 1.261009840000000000e+02
6.278520800691821100e-02 1.875559375000000300e+02 1.852362640000000100e+02 6.464444375000000500e+02 5.899884000000000100e+01 -4.588885000000000200e+02 1.262374240000000000e+02
6.377374558221726700e-02 1.875576250000000300e+02 1.855697800000000100e+02 6.468768125000000300e+02 5.902349199999999700e+01 -4.593191875000000000e+02 1.265462880000000000e+02
6.407957344846994300e-02 1.875579062499999700e+02 1.856705039999999900e+02 6.469859999999999900e+02 5.902912800000000000e+01 -4.594280937500000200e+02 1.266413759999999900e+02
6.439235067775106500e-02 1.875449375000000000e+02 1.857118080000000200e+02 6.468040624999999900e+02 5.897003200000000300e+01 -4.592591249999999800e+02 1.267417760000000000e+02
6.456829252697172900e-02 1.875578437499999600e+02 1.857675480000000100e+02 6.467303749999999800e+02 5.895947600000000200e+01 -4.591725312500000200e+02 1.268080720000000000e+02
6.466725574162708600e-02 1.875766562499999300e+02 1.858010239999999800e+02 6.467480624999999500e+02 5.895942399999999900e+01 -4.591714062500000200e+02 1.268416000000000000e+02
6.488992879678914800e-02 1.875629062499999700e+02 1.858638400000000100e+02 6.467331874999999900e+02 5.895604800000000300e+01 -4.591702812500000200e+02 1.269077920000000000e+02
6.539093967759129800e-02 1.875538437500000600e+02 1.860264320000000000e+02 6.468238125000000300e+02 5.896547199999999800e+01 -4.592699687499999800e+02 1.270609599999999900e+02
6.601094209813082600e-02 1.875567812499999700e+02 1.862353040000000100e+02 6.469491874999999900e+02 5.897967200000000100e+01 -4.593924062500000200e+02 1.272556320000000100e+02
6.616946862003014700e-02 1.875577187499999900e+02 1.862869880000000100e+02 6.469747499999999700e+02 5.898212399999999900e+01 -4.594170312499999800e+02 1.273048639999999900e+02
6.625863658639538600e-02 1.875568125000000400e+02 1.863153160000000000e+02 6.469839375000000200e+02 5.898272399999999700e+01 -4.594271249999999900e+02 1.273325920000000100e+02
6.630879589635083100e-02 1.875514375000000200e+02 1.863298200000000100e+02 6.469783125000000200e+02 5.898161999999999900e+01 -4.594268750000000000e+02 1.273482000000000100e+02
6.633700788821639300e-02 1.875455312499999500e+02 1.863367080000000200e+02 6.469680624999999700e+02 5.897981200000000300e+01 -4.594225312500000200e+02 1.273568960000000100e+02
6.637192238235939400e-02 1.875400312500000300e+02 1.863210320000000000e+02 6.469282500000000500e+02 5.895527200000000100e+01 -4.593882187500000200e+02 1.273657599999999900e+02
6.640762869400565500e-02 1.875317187500000400e+02 1.863395040000000100e+02 6.469030000000000200e+02 5.896023199999999800e+01 -4.593712812499999800e+02 1.273792720000000000e+02
6.642771756983793800e-02 1.881250937500000200e+02 1.863206199999999900e+02 6.472691250000000300e+02 5.895222799999999800e+01 -4.591440312500000100e+02 1.273683920000000000e+02
6.647291171827304800e-02 1.877883437499999700e+02 1.862949360000000100e+02 6.470875624999999900e+02 5.893753600000000100e+01 -4.592992187500000200e+02 1.273574000000000000e+02
6.649832906012716200e-02 1.876527187499999600e+02 1.862880680000000100e+02 6.470277499999999700e+02 5.893609200000000200e+01 -4.593750312500000100e+02 1.273519759999999900e+02
6.655552623036144200e-02 1.872768750000000200e+02 1.862766040000000200e+02 6.467818125000000000e+02 5.893140400000000100e+01 -4.595049374999999800e+02 1.273452000000000100e+02
6.668421986338855800e-02 1.874509687500000200e+02 1.863651479999999800e+02 6.467399375000000000e+02 5.896085999999999700e+01 -4.592889687499999800e+02 1.274042879999999900e+02
6.672403896830167400e-02 1.875953437500000400e+02 1.863864639999999900e+02 6.468209375000000100e+02 5.896797600000000000e+01 -4.592255937499999700e+02 1.274184880000000000e+02
6.674643343039339500e-02 1.876617812499999900e+02 1.863968919999999800e+02 6.468554374999999900e+02 5.897095600000000100e+01 -4.591936562500000000e+02 1.274259359999999900e+02
6.676933558723720200e-02 1.877173750000000600e+02 1.864061079999999900e+02 6.468763750000000500e+02 5.897290000000000300e+01 -4.591589999999999900e+02 1.274332079999999900e+02
6.678222358153999800e-02 1.877560625000000400e+02 1.864114720000000000e+02 6.468825000000000500e+02 5.897374400000000300e+01 -4.591264375000000100e+02 1.274377280000000100e+02
6.681120875990870200e-02 1.877291875000000200e+02 1.864148040000000000e+02 6.468488125000000100e+02 5.897146800000000200e+01 -4.591196249999999800e+02 1.274433360000000000e+02
6.687643589117588100e-02 1.875418437500000000e+02 1.864306479999999900e+02 6.467516249999999900e+02 5.896717600000000200e+01 -4.592097812499999900e+02 1.274634720000000000e+02
6.702319227877699700e-02 1.875115625000000300e+02 1.864860600000000100e+02 6.467473750000000300e+02 5.896908400000000200e+01 -4.592358125000000100e+02 1.275169760000000000e+02
6.735339415087951400e-02 1.875636562500000700e+02 1.866110600000000100e+02 6.468015625000000500e+02 5.897452400000000200e+01 -4.592379062499999800e+02 1.276365360000000100e+02
6.809634719867264900e-02 1.875576874999999900e+02 1.868510200000000100e+02 6.468302499999999800e+02 5.897473200000000300e+01 -4.592725624999999900e+02 1.278762880000000000e+02
6.976799039176968800e-02 1.875585937500000000e+02 1.873915959999999900e+02 6.471496250000000100e+02 5.900005999999999800e+01 -4.595910312500000100e+02 1.283915360000000000e+02
7.000000223572001900e-02 1.875566250000000500e+02 1.874666280000000100e+02 6.472032500000000300e+02 5.900544399999999700e+01 -4.596466249999999700e+02 1.284611840000000000e+02
