0.000000000000000000e+00 0.000000000000000000e+00 0.000000000000000000e+00 0.000000000000000000e+00 0.000000000000000000e+00 0.000000000000000000e+00 0.000000000000000000e+00
-1.547207067389682600e-08 4.438370625000000000e+02 -1.120947265624994800e-05 3.343476562500000000e+02 -1.555028564453125000e-03 1.094894062500000000e+02 1.543819091796875100e-03
1.399984872093713200e-03 4.438363437500000300e+02 4.915579200000000500e+01 3.346815000000000300e+02 2.796509800000000100e+01 1.091548437500000000e+02 2.119069400000000100e+01
1.564047421000088400e-03 4.438368281250000100e+02 5.488142999999999500e+01 3.349540625000000200e+02 3.116106400000000000e+01 1.088827656250000000e+02 2.372036599999999900e+01
1.656332586565588400e-03 4.438461484375000100e+02 5.807029000000000000e+01 3.352415624999999900e+02 3.290657199999999700e+01 1.086045859375000000e+02 2.516371799999999900e+01
1.708242919418838200e-03 4.438426171875000300e+02 5.985590200000000000e+01 3.354673750000000000e+02 3.386576399999999900e+01 1.083752421875000100e+02 2.599013800000000200e+01
1.801681751442188500e-03 4.438429921875000400e+02 6.305004199999999800e+01 3.360135312500000300e+02 3.554965599999999900e+01 1.078294609375000000e+02 2.750038599999999900e+01
1.849861080975468500e-03 4.438466640625000500e+02 6.468447799999999900e+01 3.363533437500000200e+02 3.639871999999999700e+01 1.074933203125000000e+02 2.828575800000000100e+01
1.852781053573366200e-03 4.438539999999999800e+02 6.478222399999999900e+01 3.363816249999999900e+02 3.644881600000000100e+01 1.074723750000000000e+02 2.833340799999999900e+01
1.858255947611416500e-03 4.438534531249999900e+02 6.496589199999999700e+01 3.364235312500000000e+02 3.654299199999999800e+01 1.074299218750000100e+02 2.842289999999999800e+01
1.870574531974373500e-03 4.438505546874999900e+02 6.538030999999999400e+01 3.365190625000000200e+02 3.675554799999999700e+01 1.073314921875000000e+02 2.862476200000000000e+01
1.898291346791026500e-03 4.438573984375000200e+02 6.630657200000000300e+01 3.367675625000000000e+02 3.722469199999999700e+01 1.070898359375000000e+02 2.908188000000000200e+01
1.960654107351151900e-03 4.438646406249999900e+02 6.834329800000000400e+01 3.375186562499999900e+02 3.820715200000000100e+01 1.063459843750000000e+02 3.013614600000000000e+01
2.037828221862569300e-03 4.438690624999999800e+02 7.083014199999999500e+01 3.386988437499999800e+02 3.934733599999999900e+01 1.051702187500000000e+02 3.148280600000000000e+01
2.081238597595065900e-03 4.438918203124999900e+02 7.217082800000000000e+01 3.396230312500000000e+02 3.989811999999999900e+01 1.042687890625000100e+02 3.227270800000000200e+01
2.125635543003478000e-03 4.438748359375000500e+02 7.351064399999999900e+01 3.407707812500000300e+02 4.039177999999999700e+01 1.031040546875000000e+02 3.311886400000000200e+01
2.150608797504206400e-03 4.439699062500000100e+02 7.419427999999999200e+01 3.417371875000000000e+02 4.057285999999999900e+01 1.022327187500000000e+02 3.362142000000000100e+01
2.206798729296860100e-03 4.442934687499999900e+02 7.515730800000000000e+01 3.468607812500000000e+02 4.005215200000000000e+01 9.743268750000000000e+01 3.510515600000000100e+01
2.333226075830331500e-03 4.437685390625000000e+02 7.874556799999999200e+01 3.554545000000000000e+02 4.041803199999999700e+01 8.831403906250000100e+01 3.832753600000000200e+01
2.489680044525854500e-03 4.437015937499999700e+02 8.229743999999999500e+01 3.705414999999999800e+02 3.993225999999999900e+01 7.316009375000000100e+01 4.236518000000000200e+01
2.649689477587503200e-03 4.437848359375000200e+02 8.618639600000000200e+01 3.848399062500000100e+02 3.999564800000000300e+01 5.894492968750000000e+01 4.619074799999999900e+01
3.009711138640276800e-03 4.438394843749999800e+02 9.571229599999999500e+01 4.097299062500000000e+02 4.185095599999999600e+01 3.410957812499999900e+01 5.386133999999999800e+01
3.212223122844766200e-03 4.438391328125000000e+02 1.009726760000000100e+02 4.241167812499999700e+02 4.286591599999999900e+01 1.972235156249999800e+01 5.810676000000000100e+01
3.462831907074384300e-03 4.438505405273437500e+02 1.075246160000000100e+02 4.395296875000000200e+02 4.445592400000000300e+01 4.320853027343750000e+00 6.306869199999999900e+01
3.603799293620537200e-03 4.438635288085937400e+02 1.111092720000000000e+02 4.486139999999999800e+02 4.526378400000000100e+01 -4.750471191406250100e+00 6.584548800000000300e+01
3.683093703273451800e-03 4.438475166015624600e+02 1.131012760000000100e+02 4.540473437499999800e+02 4.567163599999999900e+01 -1.019982714843750000e+01 6.742964000000000600e+01
3.703367724668994000e-03 4.438328222656250000e+02 1.136107600000000000e+02 4.554356250000000200e+02 4.577684800000000100e+01 -1.160280273437500000e+01 6.783391199999999800e+01
3.714771934481331300e-03 4.438075097656249600e+02 1.139008200000000100e+02 4.561940624999999700e+02 4.584127600000000100e+01 -1.238655273437500000e+01 6.805954400000000200e+01
3.718299889011406600e-03 4.438016523437499900e+02 1.139908800000000000e+02 4.564307187499999800e+02 4.586190400000000300e+01 -1.262906640625000100e+01 6.812897599999999400e+01
3.721908480838687300e-03 4.437954238281250200e+02 1.140884360000000000e+02 4.566948125000000100e+02 4.588723600000000100e+01 -1.289938867187500000e+01 6.820120000000000000e+01
3.723938095409500600e-03 4.438709140624999900e+02 1.141439880000000100e+02 4.569462187500000100e+02 4.590075600000000100e+01 -1.307530468749999900e+01 6.824323200000000600e+01
3.728504728193830400e-03 4.493024121093749800e+02 1.140726800000000100e+02 4.640992499999999800e+02 4.567696800000000200e+01 -1.479683789062500000e+01 6.839571200000000300e+01
3.734156325623229500e-03 4.574445937500000200e+02 1.133609720000000000e+02 4.771800937500000300e+02 4.476886799999999800e+01 -1.973549999999999800e+01 6.859210400000000600e+01
3.739936302287529300e-03 4.532490136718749900e+02 1.124129560000000100e+02 4.767869999999999800e+02 4.384616400000000200e+01 -2.353798632812500100e+01 6.856679200000000700e+01
3.752941031450171500e-03 4.432340605468750100e+02 1.119927920000000100e+02 4.701030937500000300e+02 4.343370399999999900e+01 -2.686903320312499900e+01 6.855908800000000300e+01
3.782201599288772900e-03 4.384688124999999600e+02 1.134359440000000100e+02 4.688383437499999800e+02 4.411769600000000200e+01 -3.036953125000000100e+01 6.931824799999999700e+01
3.848038022480313900e-03 4.442060039062499800e+02 1.158245160000000000e+02 4.768298125000000000e+02 4.510100400000000300e+01 -3.262380859374999900e+01 7.072351199999999900e+01
3.996169901883937300e-03 4.438519726562499800e+02 1.190781640000000200e+02 4.847416562500000100e+02 4.611482000000000200e+01 -4.088968359375000000e+01 7.296334400000000600e+01
4.329467139983497900e-03 4.438359179687499800e+02 1.273728519999999900e+02 5.011109999999999900e+02 4.903381999999999900e+01 -5.727508203125000100e+01 7.833903200000000300e+01
4.516946527110788200e-03 4.438647343750000100e+02 1.318365200000000100e+02 5.122690000000000100e+02 5.039108800000000300e+01 -6.840426562499999400e+01 8.144543199999999700e+01
4.938775366479224900e-03 4.438370234375000800e+02 1.416496440000000000e+02 5.382458125000000600e+02 5.282862800000000200e+01 -9.440878906250000600e+01 8.882101600000000000e+01
5.887890910054301700e-03 4.438391250000000200e+02 1.627741640000000100e+02 5.937093125000000100e+02 5.792898000000000300e+01 -1.498701874999999900e+02 1.048451840000000000e+02
8.023400591988850300e-03 4.438372812500000500e+02 2.069709359999999900e+02 7.093846250000000300e+02 6.807276000000000200e+01 -2.655473437499999800e+02 1.388981760000000100e+02
1.066609383793832100e-02 4.438342499999999400e+02 2.597576080000000000e+02 8.413357499999999600e+02 7.999482399999999400e+01 -3.975015000000000200e+02 1.797627840000000100e+02
1.215260776990208100e-02 4.438352187500000200e+02 2.891488640000000000e+02 9.113200000000000500e+02 8.653719999999999900e+01 -4.674847812500000300e+02 2.026116639999999900e+02
1.224762703472878100e-02 4.438406562499999900e+02 2.910147039999999900e+02 9.156946874999999900e+02 8.694704000000000100e+01 -4.718540312499999900e+02 2.040676640000000100e+02
1.234116047729939300e-02 4.438639062500000100e+02 2.928101600000000000e+02 9.195318750000000100e+02 8.731700800000000100e+01 -4.756679687500000000e+02 2.054931520000000100e+02
1.234867692139268000e-02 4.439140937500000100e+02 2.929426080000000100e+02 9.198024375000000000e+02 8.734340799999999700e+01 -4.758883437499999900e+02 2.055992000000000000e+02
1.235797844818078100e-02 4.440857187499999600e+02 2.930744320000000000e+02 9.200601874999999800e+02 8.736687999999999500e+01 -4.759744687500000300e+02 2.057075519999999900e+02
1.236749073815724200e-02 4.460642187500000100e+02 2.928712479999999800e+02 9.210687500000000200e+02 8.719555200000000600e+01 -4.750045312500000100e+02 2.056756959999999900e+02
1.238889426393241200e-02 4.441139375000000200e+02 2.930452080000000000e+02 9.203478750000000400e+02 8.712559199999999700e+01 -4.762339375000000200e+02 2.059196159999999900e+02
1.243705190581716500e-02 4.430408749999999700e+02 2.944347520000000000e+02 9.218819999999999500e+02 8.757446400000000600e+01 -4.788411249999999800e+02 2.068602880000000000e+02
1.254540630894848500e-02 4.439114062500000300e+02 2.967488480000000100e+02 9.272535625000000400e+02 8.808489600000000100e+01 -4.833421562500000200e+02 2.086639519999999900e+02
1.278920342488457800e-02 4.438379062499999500e+02 3.015138240000000000e+02 9.378999374999999600e+02 8.909220799999999900e+01 -4.940620312500000200e+02 2.124216160000000000e+02
1.333774780906891500e-02 4.438373124999999400e+02 3.123694160000000000e+02 9.627509374999999600e+02 9.143164000000000200e+01 -5.189136250000000200e+02 2.209377760000000100e+02
1.387772193321814900e-02 4.438384374999999400e+02 3.226182959999999900e+02 9.857521249999999800e+02 9.369690400000000400e+01 -5.419136875000000400e+02 2.289213920000000000e+02
1.397318135542165200e-02 4.438458124999999700e+02 3.243878959999999600e+02 9.897768750000000200e+02 9.410320799999999500e+01 -5.459310625000000500e+02 2.302846879999999900e+02
1.402687706207908800e-02 4.438476875000000100e+02 3.253773919999999900e+02 9.920181874999999500e+02 9.433033600000000300e+01 -5.481704999999999500e+02 2.310470560000000000e+02
1.405090290111499900e-02 4.438544375000000200e+02 3.258162479999999700e+02 9.930029375000000300e+02 9.443044000000000400e+01 -5.491485000000000100e+02 2.313858080000000000e+02
1.405862545064663100e-02 4.438770624999999700e+02 3.259554479999999900e+02 9.933151874999999800e+02 9.446221599999999800e+01 -5.494381250000000100e+02 2.314932320000000100e+02
1.406296996697692500e-02 4.439153749999999300e+02 3.260312799999999800e+02 9.934842499999999700e+02 9.447951999999999400e+01 -5.495688750000000500e+02 2.315517600000000000e+02
1.406541295686193300e-02 4.439531875000000100e+02 3.260720880000000100e+02 9.935722500000000500e+02 9.448866400000000000e+01 -5.496190625000000400e+02 2.315834240000000100e+02
1.407091143075945400e-02 4.446431249999999400e+02 3.261090719999999700e+02 9.937123749999999500e+02 9.449111999999999500e+01 -5.490692500000000100e+02 2.316179520000000000e+02
1.408328125037262200e-02 4.447934999999999900e+02 3.262367199999999900e+02 9.939818125000000500e+02 9.451259199999999800e+01 -5.491883125000000500e+02 2.317241280000000100e+02
1.411111363561162200e-02 4.433479999999999600e+02 3.267556480000000100e+02 9.945463125000000000e+02 9.460240000000000300e+01 -5.511983125000000400e+02 2.321532479999999900e+02
1.417373708461812900e-02 4.437268125000000500e+02 3.280149440000000100e+02 9.975592500000000200e+02 9.491007999999999400e+01 -5.538324374999999700e+02 2.331048639999999900e+02
1.431464100932027100e-02 4.438581874999999900e+02 3.305373359999999800e+02 1.003475875000000000e+03 9.551223199999999700e+01 -5.596176874999999900e+02 2.350251040000000000e+02
1.448900970347198400e-02 4.438407499999999600e+02 3.335851999999999900e+02 1.010571187500000000e+03 9.623931199999999800e+01 -5.667304374999999900e+02 2.373458880000000000e+02
1.458709143893622800e-02 4.438445625000000500e+02 3.352972879999999800e+02 1.014562750000000100e+03 9.665044000000000300e+01 -5.707181875000000000e+02 2.386468480000000100e+02
1.461216992947645000e-02 4.438528124999999100e+02 3.357318080000000000e+02 1.015577937500000000e+03 9.675515199999999500e+01 -5.717251250000000500e+02 2.389766559999999900e+02
1.466859391320756100e-02 4.437944375000000700e+02 3.366610400000000100e+02 1.017698875000000000e+03 9.697507199999999700e+01 -5.739044374999999700e+02 2.396859680000000000e+02
1.479555136991508000e-02 4.438373749999999500e+02 3.388683520000000200e+02 1.022856000000000000e+03 9.751027200000000100e+01 -5.790186250000000400e+02 2.413580800000000000e+02
1.508120302752260900e-02 4.438425000000000900e+02 3.436020879999999800e+02 1.033721500000000100e+03 9.869376800000000600e+01 -5.898790000000000200e+02 2.449083200000000000e+02
1.572392013046767700e-02 4.438383125000000300e+02 3.539388799999999800e+02 1.057028000000000000e+03 1.013316320000000000e+02 -6.131896874999999900e+02 2.526072480000000000e+02
1.608544770032349600e-02 4.438425624999999900e+02 3.594103519999999900e+02 1.068833500000000000e+03 1.027745120000000000e+02 -6.249909374999999700e+02 2.566358399999999700e+02
1.628880739503145400e-02 4.438411249999999200e+02 3.623943360000000100e+02 1.075238499999999900e+03 1.035639200000000000e+02 -6.313973750000000100e+02 2.588304160000000100e+02
1.635172195341415300e-02 4.438479375000000600e+02 3.632997679999999700e+02 1.077189000000000100e+03 1.038037040000000000e+02 -6.333410625000000200e+02 2.594960639999999900e+02
1.638711153805911000e-02 4.439802499999999600e+02 3.637298480000000000e+02 1.078377999999999900e+03 1.039340560000000000e+02 -6.343977499999999700e+02 2.597957920000000100e+02
1.640701759720314400e-02 4.438045625000000900e+02 3.639770959999999600e+02 1.078902125000000100e+03 1.039997360000000000e+02 -6.350975624999999800e+02 2.599773599999999800e+02
1.642737662253653700e-02 4.436511249999999800e+02 3.642547759999999900e+02 1.079439875000000000e+03 1.040709679999999900e+02 -6.357887500000000500e+02 2.601838080000000000e+02
1.645257155682723300e-02 4.438236250000001100e+02 3.646071440000000100e+02 1.080386500000000100e+03 1.041781840000000000e+02 -6.365628749999999600e+02 2.604289600000000200e+02
1.646674276126027700e-02 4.438781249999998400e+02 3.647869920000000000e+02 1.080853249999999900e+03 1.042297120000000100e+02 -6.369751250000000500e+02 2.605572799999999900e+02
1.647471450041793100e-02 4.439114375000000300e+02 3.648880240000000300e+02 1.081132125000000100e+03 1.042597200000000000e+02 -6.372206875000000500e+02 2.606283040000000100e+02
1.648286672738882500e-02 4.440953749999999900e+02 3.649920400000000300e+02 1.081586000000000000e+03 1.042984880000000100e+02 -6.374906250000000200e+02 2.606935520000000100e+02
1.648745344672011100e-02 4.443950625000001100e+02 3.650386480000000200e+02 1.082060625000000100e+03 1.043155600000000000e+02 -6.376655624999999600e+02 2.607230880000000200e+02
1.649003267579317300e-02 4.446599999999999700e+02 3.650553519999999700e+02 1.082440499999999900e+03 1.043192560000000000e+02 -6.377804999999999600e+02 2.607360959999999700e+02
1.649583623231694700e-02 4.467649374999999700e+02 3.649829439999999700e+02 1.085149375000000000e+03 1.042651840000000000e+02 -6.383844374999999900e+02 2.607177600000000000e+02
1.650889539893293400e-02 4.464035625000000200e+02 3.645708799999999900e+02 1.086462125000000000e+03 1.039599360000000000e+02 -6.400585624999999900e+02 2.606109440000000200e+02
1.653827881492829200e-02 4.422315000000001000e+02 3.650068320000000300e+02 1.084270375000000100e+03 1.041581600000000000e+02 -6.420388749999999600e+02 2.608486720000000200e+02
1.660439091869908600e-02 4.435394374999998500e+02 3.663491359999999900e+02 1.086401249999999900e+03 1.047730560000000000e+02 -6.428618125000000400e+02 2.615760799999999900e+02
1.675314315218337500e-02 4.438994374999998600e+02 3.684072160000000100e+02 1.091008374999999900e+03 1.053519520000000000e+02 -6.471089375000000200e+02 2.630552640000000200e+02
1.693722325512486700e-02 4.438331250000000000e+02 3.709695600000000000e+02 1.096677625000000000e+03 1.060407120000000000e+02 -6.528445000000000400e+02 2.649288480000000200e+02
1.704076853136149100e-02 4.438445625000001700e+02 3.724051600000000200e+02 1.099881125000000100e+03 1.064307120000000000e+02 -6.560365624999999500e+02 2.659744480000000000e+02
1.709901253091255700e-02 4.438533750000000300e+02 3.731822720000000100e+02 1.101615125000000000e+03 1.066453760000000000e+02 -6.577617500000000100e+02 2.665368960000000100e+02
1.713177514454675100e-02 4.438554374999999900e+02 3.736120320000000000e+02 1.102573374999999900e+03 1.067649920000000100e+02 -6.587179374999999500e+02 2.668470399999999900e+02
1.715020353249723300e-02 4.438365000000001100e+02 3.738509599999999900e+02 1.103106375000000100e+03 1.068314879999999900e+02 -6.592698749999999600e+02 2.670194720000000100e+02
1.716528183374649300e-02 4.438329999999999700e+02 3.740464719999999900e+02 1.103549125000000000e+03 1.068859920000000000e+02 -6.597161250000000300e+02 2.671604800000000100e+02
1.718412941919869200e-02 4.438168749999999800e+02 3.742894800000000300e+02 1.104090250000000000e+03 1.069538160000000000e+02 -6.602733749999999900e+02 2.673356640000000100e+02
1.722653706868489800e-02 4.438333749999999300e+02 3.748346159999999800e+02 1.105306374999999900e+03 1.071092240000000000e+02 -6.614729999999999600e+02 2.677253920000000000e+02
1.732195340670072300e-02 4.438419999999998700e+02 3.760603680000000400e+02 1.108107874999999900e+03 1.074659039999999900e+02 -6.642658750000000500e+02 2.685944640000000200e+02
1.753664074945508100e-02 4.438367500000000500e+02 3.787436880000000200e+02 1.114377250000000000e+03 1.082858320000000000e+02 -6.705404999999999500e+02 2.704578559999999900e+02
1.801968552399613500e-02 4.438376875000000200e+02 3.844202559999999900e+02 1.128983125000000000e+03 1.101544959999999900e+02 -6.851454374999999600e+02 2.742657600000000000e+02
1.816912826892075000e-02 4.438237500000000200e+02 3.860852239999999800e+02 1.133556125000000100e+03 1.107359120000000000e+02 -6.897323750000000500e+02 2.753493120000000000e+02
1.825318901239006400e-02 4.438420625000000000e+02 3.870085440000000300e+02 1.136135250000000000e+03 1.110716160000000100e+02 -6.922931875000000400e+02 2.759369280000000200e+02
1.833916059780470200e-02 4.438463750000000800e+02 3.879188720000000200e+02 1.138499000000000000e+03 1.114294640000000000e+02 -6.946526249999999400e+02 2.764894080000000300e+02
1.836575867928864900e-02 4.438714999999999700e+02 3.881773279999999900e+02 1.139122750000000000e+03 1.115370719999999900e+02 -6.952512500000000300e+02 2.766402560000000200e+02
1.838071937234992500e-02 4.439415000000000200e+02 3.882940560000000100e+02 1.139434125000000000e+03 1.115839120000000000e+02 -6.954926249999999800e+02 2.767101440000000100e+02
1.838454454955309300e-02 4.439916249999998900e+02 3.883159840000000100e+02 1.139520749999999900e+03 1.115917280000000000e+02 -6.955291250000000200e+02 2.767242560000000300e+02
1.838927798800998200e-02 4.441724999999999000e+02 3.883190080000000500e+02 1.139673749999999900e+03 1.115886720000000000e+02 -6.955012500000000300e+02 2.767303360000000200e+02
1.839194105658339300e-02 4.444603125000001000e+02 3.882917840000000100e+02 1.139848750000000100e+03 1.115720720000000100e+02 -6.953884375000000100e+02 2.767197120000000200e+02
1.839343852321452500e-02 4.447950624999999700e+02 3.882527039999999900e+02 1.140033250000000000e+03 1.115509760000000100e+02 -6.952381874999999800e+02 2.767017280000000000e+02
1.839497092297080400e-02 4.455562499999999800e+02 3.881591839999999800e+02 1.140436500000000000e+03 1.115033440000000000e+02 -6.948802500000000500e+02 2.766558400000000100e+02
1.839841765798491700e-02 4.545317500000001000e+02 3.869849040000000300e+02 1.145102000000000100e+03 1.108968079999999900e+02 -6.905702499999999900e+02 2.760880960000000100e+02
1.840617281176668400e-02 4.519936874999999600e+02 3.855778639999999800e+02 1.141677250000000000e+03 1.099687760000000100e+02 -6.896835624999999900e+02 2.756090879999999900e+02
1.842362074333815300e-02 4.435458750000001400e+02 3.862150639999999800e+02 1.137153375000000100e+03 1.102560240000000000e+02 -6.936074999999999600e+02 2.759590400000000200e+02
1.846287975381145600e-02 4.413755624999998900e+02 3.870358880000000000e+02 1.137262874999999900e+03 1.105832480000000000e+02 -6.958873125000000100e+02 2.764526399999999700e+02
1.855121398292327100e-02 4.440749375000000300e+02 3.880494400000000000e+02 1.143659625000000000e+03 1.105615360000000000e+02 -6.995846874999999700e+02 2.774879040000000100e+02
1.860090169568929400e-02 4.437633125000001000e+02 3.884337279999999700e+02 1.146220375000000100e+03 1.104470720000000100e+02 -7.024570625000000100e+02 2.779866559999999800e+02
1.871269817608471600e-02 4.437364999999999800e+02 3.892408319999999500e+02 1.150128500000000000e+03 1.104909119999999900e+02 -7.063920000000000500e+02 2.787499199999999700e+02
1.896424229474004100e-02 4.438406250000000500e+02 3.917060639999999700e+02 1.156241250000000000e+03 1.114213600000000100e+02 -7.124006249999999900e+02 2.802847039999999800e+02
1.927552787957756400e-02 4.438613125000000500e+02 3.944559920000000400e+02 1.165863125000000100e+03 1.123506800000000000e+02 -7.220018125000000300e+02 2.821053120000000300e+02
1.959388742225656400e-02 4.437976875000000500e+02 3.970861600000000100e+02 1.177470000000000000e+03 1.131119840000000100e+02 -7.336723124999999800e+02 2.839741760000000000e+02
1.977296393724006100e-02 4.438971249999999600e+02 3.983107519999999800e+02 1.185053249999999900e+03 1.133760640000000000e+02 -7.411561249999999700e+02 2.849346879999999900e+02
1.987369476802765300e-02 4.437780625000000300e+02 3.992252159999999900e+02 1.187986625000000000e+03 1.137905279999999900e+02 -7.442085624999999700e+02 2.854346879999999900e+02
2.010034088395599600e-02 4.438602500000000600e+02 4.009169279999999800e+02 1.195902000000000000e+03 1.144823360000000000e+02 -7.520417499999999800e+02 2.864345920000000100e+02
2.016833471873449900e-02 4.437728750000000000e+02 4.014238480000000200e+02 1.198076125000000000e+03 1.146965520000000000e+02 -7.543032500000000500e+02 2.867272960000000200e+02
2.029582199450668700e-02 4.438433749999999200e+02 4.024277439999999600e+02 1.201438249999999900e+03 1.151862079999999900e+02 -7.575948750000000000e+02 2.872415360000000000e+02
2.058266952943161400e-02 4.438505625000000200e+02 4.043851760000000000e+02 1.210203500000000100e+03 1.160782320000000000e+02 -7.663529375000000500e+02 2.883069439999999900e+02
2.122807531857519700e-02 4.438373125000000500e+02 4.088371119999999900e+02 1.226410750000000000e+03 1.182335920000000000e+02 -7.825734374999999500e+02 2.906035200000000000e+02
2.202676766084664000e-02 4.438311250000000400e+02 4.137718079999999600e+02 1.247259125000000000e+03 1.207064640000000000e+02 -8.034280000000000000e+02 2.930653439999999800e+02
2.223097739493308500e-02 4.438373124999999400e+02 4.149470800000000300e+02 1.252538875000000000e+03 1.213261840000000000e+02 -8.087015625000000200e+02 2.936208960000000200e+02
2.225969475267571000e-02 4.438326250000000100e+02 4.151104719999999600e+02 1.253265875000000100e+03 1.214127440000000000e+02 -8.094332500000000400e+02 2.936977279999999800e+02
2.229523105644627000e-02 4.438364374999999900e+02 4.153086079999999900e+02 1.254159375000000000e+03 1.215173439999999900e+02 -8.103229374999999700e+02 2.937912640000000100e+02
2.230431832673349100e-02 4.438428750000000500e+02 4.153571759999999800e+02 1.254386125000000000e+03 1.215427119999999900e+02 -8.105432499999999400e+02 2.938144639999999900e+02
2.231556213527954200e-02 4.439353124999999000e+02 4.153921599999999900e+02 1.254696999999999900e+03 1.215565440000000000e+02 -8.107616874999999900e+02 2.938356160000000200e+02
2.231843829591632200e-02 4.440308125000000200e+02 4.153885680000000200e+02 1.254806000000000000e+03 1.215534000000000000e+02 -8.107751875000000200e+02 2.938351680000000100e+02
2.232490558181781500e-02 4.477228125000000300e+02 4.148212480000000300e+02 1.256506750000000000e+03 1.212819200000000000e+02 -8.087839374999999800e+02 2.935393280000000100e+02
2.233946105062743400e-02 4.447559374999999600e+02 4.145788000000000000e+02 1.254909500000000000e+03 1.210570080000000000e+02 -8.101535625000000200e+02 2.935217920000000000e+02
2.237220736213656500e-02 4.430893125000000100e+02 4.149323680000000000e+02 1.255140374999999900e+03 1.212004000000000000e+02 -8.120510624999999400e+02 2.937319679999999900e+02
2.244589063856336800e-02 4.435964374999999800e+02 4.156508000000000000e+02 1.257530250000000000e+03 1.215551200000000000e+02 -8.139338125000000400e+02 2.940956800000000200e+02
2.248733529823312600e-02 4.441529999999999100e+02 4.158142320000000000e+02 1.259095750000000000e+03 1.215735600000000000e+02 -8.149427500000000500e+02 2.942406720000000200e+02
2.251064966595362300e-02 4.449265625000000500e+02 4.155862000000000200e+02 1.260489250000000100e+03 1.213421680000000000e+02 -8.155626875000000400e+02 2.942440320000000000e+02
2.252376356113233700e-02 4.452495000000000100e+02 4.152725600000000000e+02 1.261196500000000000e+03 1.210844960000000000e+02 -8.159470000000000000e+02 2.941880640000000000e+02
2.255327040750319800e-02 4.432437499999999800e+02 4.154565760000000400e+02 1.260992000000000000e+03 1.211138880000000000e+02 -8.177482499999999800e+02 2.943426880000000100e+02
2.261965731852511700e-02 4.433641874999999600e+02 4.159012000000000200e+02 1.262948374999999900e+03 1.212764640000000000e+02 -8.195841874999999800e+02 2.946247359999999800e+02
2.276903369051196500e-02 4.438894374999999900e+02 4.167887279999999900e+02 1.266117999999999900e+03 1.217487919999999900e+02 -8.222285624999999500e+02 2.950399360000000100e+02
2.310512528751359300e-02 4.438361250000001500e+02 4.183822239999999500e+02 1.271797375000000100e+03 1.226205279999999900e+02 -8.279612499999999500e+02 2.957616959999999700e+02
2.352103907546717800e-02 4.438365000000001100e+02 4.205033119999999900e+02 1.278298375000000100e+03 1.239275040000000000e+02 -8.344618749999999600e+02 2.965758079999999900e+02
2.394640576708448000e-02 4.438419999999998700e+02 4.224175200000000200e+02 1.284935874999999900e+03 1.250256160000000000e+02 -8.410938750000000300e+02 2.973919040000000100e+02
2.436512817829956600e-02 4.438338749999999200e+02 4.242600720000000400e+02 1.291479624999999900e+03 1.261169040000000100e+02 -8.476457500000000200e+02 2.981431680000000000e+02
2.449971619397584000e-02 4.438556874999999300e+02 4.247669520000000600e+02 1.293890374999999900e+03 1.263733200000000100e+02 -8.500346875000000200e+02 2.983936320000000300e+02
2.466627034803304400e-02 4.438468749999999500e+02 4.253152079999999800e+02 1.297110250000000000e+03 1.265973520000000000e+02 -8.532633750000000000e+02 2.987178559999999800e+02
2.483660892398075300e-02 4.437728750000000000e+02 4.258923520000000200e+02 1.300401750000000000e+03 1.268461120000000100e+02 -8.566288749999999900e+02 2.990462400000000100e+02
2.521987188430059900e-02 4.438298124999998900e+02 4.273906560000000400e+02 1.306539874999999900e+03 1.277667840000000000e+02 -8.627100625000000500e+02 2.996238720000000100e+02
2.569415892436827800e-02 4.438357500000000800e+02 4.291139919999999400e+02 1.315085250000000100e+03 1.288239759999999900e+02 -8.712495000000000100e+02 3.002900159999999800e+02
2.581542577498998500e-02 4.438395624999999400e+02 4.295269920000000100e+02 1.317350375000000000e+03 1.290663519999999900e+02 -8.735108125000000400e+02 3.004606400000000100e+02
2.603370657188406500e-02 4.438303749999998900e+02 4.302704400000000100e+02 1.321402499999999900e+03 1.295087760000000100e+02 -8.775721250000000300e+02 3.007616640000000000e+02
2.604308495154747700e-02 4.438501249999999300e+02 4.303043599999999700e+02 1.321596749999999900e+03 1.295303120000000100e+02 -8.777466249999999900e+02 3.007740479999999900e+02
2.605267758771177100e-02 4.439803124999999700e+02 4.303483360000000200e+02 1.321916999999999900e+03 1.295632799999999900e+02 -8.779366874999999500e+02 3.007850560000000000e+02
2.607426160130017400e-02 4.438948750000000700e+02 4.304090720000000400e+02 1.322277250000000100e+03 1.296040800000000100e+02 -8.783823750000000200e+02 3.008049920000000300e+02
2.612282097412407500e-02 4.437719375000000400e+02 4.305631839999999800e+02 1.323076125000000000e+03 1.296951200000000000e+02 -8.793041875000000100e+02 3.008680640000000000e+02
2.623208480294661800e-02 4.438443749999999000e+02 4.309286720000000100e+02 1.325153499999999900e+03 1.299130560000000100e+02 -8.813091249999999900e+02 3.010156160000000200e+02
2.623592744671236100e-02 4.438577500000000100e+02 4.309424159999999800e+02 1.325240250000000100e+03 1.299217439999999900e+02 -8.813825000000000500e+02 3.010206719999999900e+02
2.623808631384620300e-02 4.438835624999999300e+02 4.309518399999999500e+02 1.325309749999999900e+03 1.299284160000000000e+02 -8.814261874999999700e+02 3.010234239999999800e+02
2.624294900486611900e-02 4.440186250000000400e+02 4.309802079999999500e+02 1.325554750000000000e+03 1.299516960000000000e+02 -8.815361249999999700e+02 3.010285119999999800e+02
2.625388773078592800e-02 4.440435624999998900e+02 4.310126880000000300e+02 1.325791874999999900e+03 1.299765920000000100e+02 -8.817483125000000000e+02 3.010360959999999900e+02
2.627849928188673300e-02 4.438167500000000700e+02 4.310691679999999900e+02 1.326086375000000100e+03 1.300071199999999900e+02 -8.822696250000000200e+02 3.010620480000000000e+02
2.633387760073856500e-02 4.437656250000001100e+02 4.312526719999999600e+02 1.327095250000000100e+03 1.301111359999999900e+02 -8.833296249999999600e+02 3.011415359999999700e+02
2.645847474262391300e-02 4.438466250000000200e+02 4.316617039999999900e+02 1.329481375000000100e+03 1.303448080000000000e+02 -8.856347500000000500e+02 3.013168959999999900e+02
2.661266489925547700e-02 4.438323124999999400e+02 4.321476000000000100e+02 1.332258374999999900e+03 1.306220960000000000e+02 -8.884260624999999400e+02 3.015255040000000100e+02
2.669939686236073200e-02 4.438709999999999800e+02 4.323880639999999900e+02 1.333865749999999900e+03 1.307503040000000000e+02 -8.899947499999999500e+02 3.016377600000000100e+02
2.678810138259906500e-02 4.438233124999999300e+02 4.325662640000000500e+02 1.335602500000000000e+03 1.308139760000000000e+02 -8.917791875000000300e+02 3.017522880000000200e+02
2.698768364204155400e-02 4.437623749999999100e+02 4.329936640000000200e+02 1.339194000000000000e+03 1.309798720000000000e+02 -8.954316250000000500e+02 3.020137920000000200e+02
2.743674197913089800e-02 4.438360625000001400e+02 4.342675520000000200e+02 1.345254875000000100e+03 1.317802880000000100e+02 -9.014188124999999400e+02 3.024872639999999800e+02
2.757567101782494900e-02 4.438481874999999900e+02 4.346370559999999700e+02 1.347141500000000000e+03 1.320056319999999900e+02 -9.032933124999999600e+02 3.026314239999999800e+02
2.765381874764504300e-02 4.438729375000000300e+02 4.348185439999999700e+02 1.348347000000000000e+03 1.321099680000000100e+02 -9.044740624999999500e+02 3.027085759999999900e+02
2.769777626345009500e-02 4.440119999999999400e+02 4.348618720000000100e+02 1.349404749999999900e+03 1.321160160000000000e+02 -9.053927499999999800e+02 3.027458560000000000e+02
2.774273286663423600e-02 4.443601250000000400e+02 4.347033440000000200e+02 1.351523500000000000e+03 1.319540000000000100e+02 -9.071633749999999700e+02 3.027493440000000100e+02
2.776801979148781100e-02 4.432838124999999500e+02 4.347835760000000400e+02 1.351120500000000000e+03 1.320065840000000000e+02 -9.078366875000000400e+02 3.027769920000000100e+02
2.782491886572086700e-02 4.435418124999998800e+02 4.350510560000000200e+02 1.351884499999999900e+03 1.321835680000000100e+02 -9.083426875000000100e+02 3.028674879999999800e+02
2.795293945387024300e-02 4.439019375000000300e+02 4.354451279999999500e+02 1.353609375000000000e+03 1.324422160000000000e+02 -9.097074374999999700e+02 3.030029119999999800e+02
2.807896186726142900e-02 4.436724374999998900e+02 4.355219839999999700e+02 1.356256374999999900e+03 1.324996480000000100e+02 -9.125839375000000500e+02 3.030223360000000000e+02
2.808908781580290700e-02 4.435812500000000700e+02 4.355584959999999900e+02 1.356288250000000100e+03 1.325244800000000100e+02 -9.127069999999999900e+02 3.030340160000000100e+02
2.811187352889623500e-02 4.442522500000000000e+02 4.356707440000000100e+02 1.356919500000000000e+03 1.326075759999999900e+02 -9.126672499999999700e+02 3.030631680000000200e+02
2.816313905448122200e-02 4.434928749999999100e+02 4.357399919999999700e+02 1.356884749999999900e+03 1.326541359999999900e+02 -9.133918750000000300e+02 3.030858559999999800e+02
2.827848823370368900e-02 4.438851249999999000e+02 4.360679440000000100e+02 1.358495249999999900e+03 1.328674000000000000e+02 -9.146101250000000400e+02 3.032005439999999800e+02
2.834337302034445700e-02 4.438744999999999000e+02 4.362244560000000300e+02 1.359356749999999900e+03 1.329712399999999900e+02 -9.154822500000000200e+02 3.032532160000000100e+02
2.837986882061894700e-02 4.438555624999999100e+02 4.363068799999999800e+02 1.359871124999999900e+03 1.330270400000000000e+02 -9.160155624999999900e+02 3.032798399999999800e+02
2.846198728233030300e-02 4.439141249999999000e+02 4.364084400000000400e+02 1.361658124999999900e+03 1.331070640000000100e+02 -9.177440000000000300e+02 3.033013760000000000e+02
2.864675556783711000e-02 4.438281250000000000e+02 4.369169359999999600e+02 1.363655125000000000e+03 1.334225999999999900e+02 -9.198270000000000000e+02 3.034943359999999800e+02
2.875068627288781100e-02 4.438440000000000500e+02 4.371675520000000000e+02 1.364859500000000000e+03 1.335733439999999900e+02 -9.210154999999999700e+02 3.035942079999999800e+02
2.887930305303962700e-02 4.438376250000000000e+02 4.374663040000000400e+02 1.366348500000000100e+03 1.337487680000000100e+02 -9.225108750000000600e+02 3.037175360000000000e+02
2.889738909636370800e-02 4.438373750000000700e+02 4.375069920000000300e+02 1.366553000000000100e+03 1.337721760000000000e+02 -9.227156250000000500e+02 3.037348160000000200e+02
2.890756162240537600e-02 4.438390000000000600e+02 4.375288320000000200e+02 1.366665625000000100e+03 1.337845120000000100e+02 -9.228266250000000400e+02 3.037443200000000200e+02
2.891328599717882300e-02 4.438404999999999100e+02 4.375404879999999800e+02 1.366727374999999900e+03 1.337909520000000000e+02 -9.228868750000000300e+02 3.037495359999999800e+02
2.891650450244200400e-02 4.438419375000000900e+02 4.375467279999999700e+02 1.366761625000000100e+03 1.337943119999999900e+02 -9.229196875000000100e+02 3.037524159999999800e+02
2.891979520283048300e-02 4.438506250000000400e+02 4.375518960000000000e+02 1.366799250000000000e+03 1.337966319999999900e+02 -9.229486249999999900e+02 3.037552640000000100e+02
2.892164898733807700e-02 4.438931250000000500e+02 4.375504399999999800e+02 1.366839625000000100e+03 1.337952400000000100e+02 -9.229465000000000100e+02 3.037552000000000000e+02
2.892581534473014400e-02 4.489461874999999500e+02 4.369046879999999600e+02 1.368676999999999900e+03 1.335480159999999900e+02 -9.197308124999999600e+02 3.033566720000000000e+02
2.893331432226085500e-02 4.471146874999999500e+02 4.365191600000000000e+02 1.367604750000000000e+03 1.332305200000000100e+02 -9.204900625000000200e+02 3.032886399999999900e+02
2.894269037304926200e-02 4.440462500000001000e+02 4.366405760000000100e+02 1.365911250000000100e+03 1.332692160000000000e+02 -9.218650000000000100e+02 3.033713599999999800e+02
2.896378299401065500e-02 4.435515625000000500e+02 4.368607920000000000e+02 1.366378500000000000e+03 1.333614000000000000e+02 -9.228269374999999900e+02 3.034993920000000000e+02
2.901124313783005200e-02 4.443475625000000900e+02 4.358751439999999800e+02 1.366706750000000100e+03 1.327235599999999900e+02 -9.223591874999999600e+02 3.031515840000000100e+02
2.911803137251745700e-02 4.436141250000000600e+02 4.364531440000000100e+02 1.368529250000000000e+03 1.328627119999999900e+02 -9.249151249999999900e+02 3.035904320000000200e+02
2.917809771676348900e-02 4.436711875000000900e+02 4.367823760000000000e+02 1.369411000000000100e+03 1.330139920000000000e+02 -9.257398124999999700e+02 3.037683840000000300e+02
2.931325164906708000e-02 4.438658750000000700e+02 4.372071280000000100e+02 1.370278000000000000e+03 1.333030960000000100e+02 -9.264121249999999500e+02 3.039040319999999700e+02
2.961734217456263700e-02 4.438262499999999600e+02 4.380113759999999800e+02 1.372431624999999900e+03 1.337854560000000100e+02 -9.286053749999999800e+02 3.042259199999999700e+02
2.978839571513827000e-02 4.438421250000001200e+02 4.384535920000000100e+02 1.373799500000000100e+03 1.340360240000000000e+02 -9.299573749999999600e+02 3.044175680000000200e+02
3.017326094146468100e-02 4.438320624999998900e+02 4.393416639999999800e+02 1.376795499999999900e+03 1.345411839999999900e+02 -9.329634375000000500e+02 3.048004799999999900e+02
3.064953451191549500e-02 4.438348750000000100e+02 4.403638400000000400e+02 1.380875250000000100e+03 1.350828480000000100e+02 -9.370403750000000400e+02 3.052809920000000300e+02
3.077130672841427500e-02 4.438368749999999600e+02 4.406269440000000400e+02 1.382007625000000000e+03 1.352227520000000100e+02 -9.381707500000000000e+02 3.054041920000000200e+02
3.089117858290526700e-02 4.438433124999999100e+02 4.408687999999999600e+02 1.383056750000000000e+03 1.353437120000000100e+02 -9.392134375000000500e+02 3.055250879999999800e+02
3.092970981993809300e-02 4.439626250000001200e+02 4.408961119999999600e+02 1.383353125000000100e+03 1.353359199999999900e+02 -9.393904999999999700e+02 3.055601919999999700e+02
3.101640219216818600e-02 4.438203125000001100e+02 4.410147039999999900e+02 1.383889875000000100e+03 1.353720480000000100e+02 -9.400695624999999600e+02 3.056426559999999900e+02
3.121146177634214600e-02 4.438310625000000300e+02 4.414222399999999900e+02 1.385502125000000000e+03 1.355856320000000000e+02 -9.416710624999999500e+02 3.058366080000000100e+02
3.156256763053028000e-02 4.438208749999998900e+02 4.419747680000000400e+02 1.388570999999999900e+03 1.358315360000000000e+02 -9.447501250000000300e+02 3.061432320000000100e+02
3.200144878382794200e-02 4.438370625000000000e+02 4.427936479999999600e+02 1.392760000000000000e+03 1.363076959999999900e+02 -9.489229374999999900e+02 3.064859520000000000e+02
3.213722918350909300e-02 4.438370000000001000e+02 4.430357760000000000e+02 1.394195625000000100e+03 1.364495680000000000e+02 -9.503586249999999600e+02 3.065862080000000000e+02
3.221360463944692600e-02 4.438445624999999400e+02 4.431681280000000200e+02 1.395008750000000000e+03 1.365299200000000000e+02 -9.511641875000000300e+02 3.066382080000000200e+02
3.225656539674789200e-02 4.438603749999999800e+02 4.432395679999999600e+02 1.395461749999999900e+03 1.365750240000000100e+02 -9.516013749999999600e+02 3.066645439999999800e+02
3.228073213272188200e-02 4.439199374999999500e+02 4.432726880000000200e+02 1.395746625000000000e+03 1.365967200000000000e+02 -9.518266875000000500e+02 3.066759680000000100e+02
3.229432344727754800e-02 4.440707499999999800e+02 4.432719359999999800e+02 1.396008750000000000e+03 1.365949440000000000e+02 -9.519379999999999900e+02 3.066769919999999800e+02
3.230197147280888100e-02 4.443153750000001300e+02 4.432470880000000200e+02 1.396299500000000100e+03 1.365756000000000100e+02 -9.519841249999999500e+02 3.066714880000000100e+02
3.230978950621590100e-02 4.453812500000000200e+02 4.431246400000000000e+02 1.397277875000000000e+03 1.364856320000000100e+02 -9.518966249999999700e+02 3.066390079999999900e+02
3.232738648578797900e-02 4.453421249999999000e+02 4.426712800000000200e+02 1.398111375000000000e+03 1.361177439999999900e+02 -9.527692500000000600e+02 3.065535360000000100e+02
3.236697503207513300e-02 4.429134375000001000e+02 4.428339040000000200e+02 1.397386625000000100e+03 1.362002400000000100e+02 -9.544731874999999900e+02 3.066336640000000100e+02
3.245604751456496900e-02 4.435369375000000200e+02 4.432010719999999500e+02 1.398810250000000000e+03 1.364419680000000000e+02 -9.552733124999999700e+02 3.067591039999999800e+02
3.265646584013588700e-02 4.438698125000000800e+02 4.436210559999999500e+02 1.400857500000000100e+03 1.367250880000000000e+02 -9.569876874999999900e+02 3.068959679999999800e+02
3.290448171315175900e-02 4.438356874999999500e+02 4.440620640000000200e+02 1.403057875000000000e+03 1.370329120000000100e+02 -9.592221875000000200e+02 3.070291520000000100e+02
3.304399297059819300e-02 4.438371875000000300e+02 4.443088800000000400e+02 1.404325125000000100e+03 1.371964960000000000e+02 -9.604879375000000400e+02 3.071123840000000200e+02
3.312246674291962500e-02 4.438388750000000300e+02 4.444438079999999900e+02 1.405034625000000000e+03 1.372839679999999900e+02 -9.611957499999999800e+02 3.071598399999999700e+02
3.320272443349835800e-02 4.439258750000000200e+02 4.445382240000000100e+02 1.405651750000000000e+03 1.373322400000000100e+02 -9.617258749999999700e+02 3.072059840000000000e+02
3.338330307286301700e-02 4.438240000000000700e+02 4.448543839999999800e+02 1.407232625000000100e+03 1.375324640000000000e+02 -9.634086250000000300e+02 3.073219199999999800e+02
3.378960792252724100e-02 4.438369374999998600e+02 4.454897919999999700e+02 1.411060874999999900e+03 1.379151679999999900e+02 -9.672239375000000300e+02 3.075746239999999700e+02
3.470378917652172700e-02 4.438388124999999000e+02 4.466762239999999900e+02 1.418789874999999900e+03 1.385365439999999900e+02 -9.749510625000000300e+02 3.081396800000000000e+02
3.477235358567756100e-02 4.439038750000000800e+02 4.466948160000000000e+02 1.419327500000000100e+03 1.385274240000000000e+02 -9.754236250000000200e+02 3.081673920000000100e+02
3.484306055984218200e-02 4.438065624999999300e+02 4.467904479999999700e+02 1.419769749999999900e+03 1.385753120000000000e+02 -9.759631875000000000e+02 3.082151359999999700e+02
3.491537445776337500e-02 4.438621250000001100e+02 4.468324320000000400e+02 1.420335375000000100e+03 1.385800480000000100e+02 -9.764732500000000100e+02 3.082523840000000100e+02
3.500486148000490900e-02 4.438954374999999600e+02 4.468689759999999800e+02 1.421048624999999900e+03 1.385697439999999900e+02 -9.771531874999999400e+02 3.082992320000000200e+02
3.509638393900478500e-02 4.437496874999999400e+02 4.469406399999999700e+02 1.421635000000000000e+03 1.385902399999999900e+02 -9.778853125000000500e+02 3.083503999999999800e+02
3.530230772509825000e-02 4.438400625000000400e+02 4.472173920000000200e+02 1.423082750000000000e+03 1.387422560000000000e+02 -9.792426874999999900e+02 3.084751360000000200e+02
3.576563507937104100e-02 4.438376875000000200e+02 4.477495999999999900e+02 1.426358375000000000e+03 1.390162560000000000e+02 -9.825206875000000100e+02 3.087333439999999900e+02
3.680812337314107900e-02 4.438361249999999200e+02 4.488539999999999800e+02 1.433690374999999900e+03 1.395332960000000100e+02 -9.898542499999999800e+02 3.093207039999999800e+02
3.809820135580023500e-02 4.438341250000000900e+02 4.500814239999999700e+02 1.441710250000000100e+03 1.400438240000000000e+02 -9.978761250000000000e+02 3.100376000000000000e+02
3.882386949327257300e-02 4.438353125000001000e+02 4.507290239999999800e+02 1.445972500000000100e+03 1.402940800000000100e+02 -1.002137187500000000e+03 3.104349439999999700e+02
3.914856590485252300e-02 4.438346874999999700e+02 4.510069439999999800e+02 1.447759000000000000e+03 1.403930560000000000e+02 -1.003924312500000000e+03 3.106138879999999700e+02
3.920596801608764600e-02 4.438342499999998800e+02 4.510553279999999700e+02 1.448068749999999900e+03 1.404096960000000000e+02 -1.004234500000000000e+03 3.106456319999999800e+02
3.926467429732810600e-02 4.438449375000000100e+02 4.511029600000000000e+02 1.448406250000000000e+03 1.404250720000000000e+02 -1.004561312500000000e+03 3.106778880000000000e+02
3.939676343011914300e-02 4.438361249999999200e+02 4.512147039999999800e+02 1.449081124999999900e+03 1.404646239999999900e+02 -1.005245000000000000e+03 3.107500800000000300e+02
3.956022250928867300e-02 4.438191249999998700e+02 4.512939839999999700e+02 1.449898999999999900e+03 1.404639359999999900e+02 -1.006079875000000000e+03 3.108300479999999800e+02
3.958320850563282200e-02 4.438493750000000100e+02 4.513095520000000500e+02 1.450017625000000000e+03 1.404663520000000000e+02 -1.006168249999999900e+03 3.108432000000000200e+02
3.960671616997910700e-02 4.444943124999999800e+02 4.512568479999999900e+02 1.450590250000000000e+03 1.404059680000000000e+02 -1.006095937500000000e+03 3.108508800000000200e+02
3.963580847659826900e-02 4.439218750000000000e+02 4.512370879999999700e+02 1.450383000000000000e+03 1.403785920000000000e+02 -1.006461125000000000e+03 3.108584960000000000e+02
3.964324690337874000e-02 4.438350625000000500e+02 4.512298399999999700e+02 1.450379875000000100e+03 1.403697440000000000e+02 -1.006544812500000000e+03 3.108600960000000000e+02
3.964743422064589300e-02 4.438287500000001300e+02 4.512223999999999900e+02 1.450420125000000100e+03 1.403617600000000000e+02 -1.006591375000000000e+03 3.108606399999999900e+02
3.965684753343445100e-02 4.448540000000001600e+02 4.510962880000000200e+02 1.451662375000000100e+03 1.402410879999999900e+02 -1.006808375000000000e+03 3.108552000000000200e+02
3.967803098052121600e-02 4.436346250000000300e+02 4.510733439999999600e+02 1.450840625000000000e+03 1.402213439999999900e+02 -1.007206000000000000e+03 3.108519999999999800e+02
3.972568907871643100e-02 4.431958125000001000e+02 4.511742880000000500e+02 1.450599750000000100e+03 1.402846560000000100e+02 -1.007403937500000000e+03 3.108896320000000100e+02
3.983292445740566100e-02 4.439184375000001000e+02 4.513750240000000000e+02 1.451424500000000100e+03 1.403987040000000100e+02 -1.007506062500000000e+03 3.109763199999999900e+02
4.007420056614392800e-02 4.438438750000000300e+02 4.516126560000000200e+02 1.452360625000000000e+03 1.405048800000000100e+02 -1.008516750000000000e+03 3.111077760000000000e+02
4.020991808619982900e-02 4.438392499999999900e+02 4.517397919999999700e+02 1.452992375000000000e+03 1.405579999999999900e+02 -1.009153125000000000e+03 3.111817919999999700e+02
4.028625860901251900e-02 4.438391249999998500e+02 4.518117600000000500e+02 1.453377874999999900e+03 1.405883360000000000e+02 -1.009538750000000100e+03 3.112234240000000200e+02
4.038072709489946100e-02 4.438418124999999500e+02 4.518996960000000600e+02 1.453873374999999900e+03 1.406254560000000100e+02 -1.010031562499999900e+03 3.112742400000000200e+02
4.039401565570389200e-02 4.438455000000000200e+02 4.519121760000000400e+02 1.453947375000000000e+03 1.406310240000000000e+02 -1.010101874999999900e+03 3.112811520000000200e+02
4.040760231250954000e-02 4.438685000000000400e+02 4.519265280000000200e+02 1.454041375000000000e+03 1.406385280000000100e+02 -1.010172875000000000e+03 3.112880000000000100e+02
4.041180360302675000e-02 4.438853749999999500e+02 4.519317120000000000e+02 1.454079125000000000e+03 1.406416639999999900e+02 -1.010193750000000000e+03 3.112900480000000100e+02
4.041610270629435900e-02 4.439222500000000800e+02 4.519386559999999800e+02 1.454135500000000100e+03 1.406463680000000000e+02 -1.010213250000000000e+03 3.112922879999999900e+02
4.041852007855426000e-02 4.439584999999999600e+02 4.519435679999999700e+02 1.454180499999999900e+03 1.406499039999999900e+02 -1.010222000000000000e+03 3.112936639999999800e+02
4.042396498832655900e-02 4.463568124999999300e+02 4.516634080000000000e+02 1.455080125000000000e+03 1.405611040000000000e+02 -1.008723312500000000e+03 3.111023040000000000e+02
4.043620555537669900e-02 4.467021874999999200e+02 4.512757759999999500e+02 1.455300874999999900e+03 1.403711360000000100e+02 -1.008598687500000000e+03 3.109046399999999700e+02
4.046375148898952900e-02 4.432821875000000800e+02 4.515146559999999500e+02 1.453793750000000000e+03 1.404568319999999900e+02 -1.010511562500000000e+03 3.110578239999999800e+02
4.052572751074338300e-02 4.429981249999998500e+02 4.518824479999999500e+02 1.454204874999999900e+03 1.406366559999999900e+02 -1.011206750000000100e+03 3.112457919999999900e+02
4.066517123081454100e-02 4.439749375000001200e+02 4.520911360000000100e+02 1.455528250000000100e+03 1.407570240000000000e+02 -1.011553312499999900e+03 3.113341120000000000e+02
4.074361239888584000e-02 4.438643124999999800e+02 4.521476000000000100e+02 1.455862500000000000e+03 1.407790239999999900e+02 -1.011998187500000000e+03 3.113685760000000200e+02
4.076787927648523700e-02 4.438385000000000700e+02 4.521666239999999600e+02 1.455980375000000100e+03 1.407872319999999900e+02 -1.012141875000000000e+03 3.113793920000000000e+02
4.079269576858687900e-02 4.439018125000000100e+02 4.521925919999999900e+02 1.456178750000000000e+03 1.408031839999999900e+02 -1.012276937500000000e+03 3.113894080000000000e+02
4.080665504539406100e-02 4.447348750000001000e+02 4.521524160000000200e+02 1.456778375000000100e+03 1.408021440000000000e+02 -1.012043500000000000e+03 3.113502720000000200e+02
4.083806691152272500e-02 4.444481875000001300e+02 4.517487360000000100e+02 1.456655625000000100e+03 1.406493440000000100e+02 -1.012207437500000000e+03 3.110993920000000200e+02
4.090874361031221500e-02 4.430638749999999400e+02 4.521455839999999900e+02 1.456540749999999900e+03 1.408283680000000100e+02 -1.013476874999999900e+03 3.113172159999999700e+02
4.106775919596354600e-02 4.439145000000000900e+02 4.523547519999999600e+02 1.457816375000000100e+03 1.409361600000000000e+02 -1.013901875000000000e+03 3.114185919999999900e+02
4.142554892142905100e-02 4.438344999999999300e+02 4.526098079999999900e+02 1.459759875000000000e+03 1.410367840000000100e+02 -1.015925375000000000e+03 3.115730239999999800e+02
4.223057114597642000e-02 4.438331250000000000e+02 4.531488479999999900e+02 1.464825875000000000e+03 1.412634400000000000e+02 -1.020992750000000000e+03 3.118854079999999800e+02
4.322679400880694700e-02 4.438356874999999500e+02 4.539261119999999900e+02 1.469585499999999900e+03 1.415227520000000000e+02 -1.025749812500000000e+03 3.124033600000000200e+02
4.348150772635026000e-02 4.438365625000001300e+02 4.541132160000000200e+02 1.470763500000000000e+03 1.415804160000000100e+02 -1.026926937499999900e+03 3.125328000000000100e+02
4.362478477468712000e-02 4.438379999999999700e+02 4.542164640000000300e+02 1.471425000000000000e+03 1.416123680000000000e+02 -1.027587000000000000e+03 3.126040960000000300e+02
4.394715696900755600e-02 4.438370625000000000e+02 4.544303039999999800e+02 1.472929249999999900e+03 1.416923840000000000e+02 -1.029092187499999900e+03 3.127379199999999700e+02
4.412849249275031100e-02 4.438328750000000600e+02 4.545572320000000000e+02 1.473734875000000100e+03 1.417269920000000000e+02 -1.029902000000000000e+03 3.128302400000000000e+02
4.453649742117149500e-02 4.438360625000000300e+02 4.548394720000000000e+02 1.475513124999999900e+03 1.418014240000000000e+02 -1.031677062499999900e+03 3.130380480000000000e+02
4.545450734568166200e-02 4.438397499999998700e+02 4.554234399999999700e+02 1.479321999999999900e+03 1.419640479999999900e+02 -1.035482250000000000e+03 3.134593919999999800e+02
4.558360154521043400e-02 4.438382500000000200e+02 4.555029280000000000e+02 1.479856125000000000e+03 1.419819679999999900e+02 -1.036017875000000000e+03 3.135209600000000000e+02
4.562354175162403000e-02 4.438947499999999300e+02 4.555224160000000200e+02 1.480124875000000000e+03 1.419834720000000100e+02 -1.036230125000000000e+03 3.135389440000000100e+02
4.563375153966585400e-02 4.439446249999998600e+02 4.555240479999999900e+02 1.480241749999999900e+03 1.419810400000000100e+02 -1.036297125000000100e+03 3.135430079999999900e+02
4.565672822050996500e-02 4.438756874999999100e+02 4.555287520000000000e+02 1.480372499999999900e+03 1.419758880000000000e+02 -1.036496812500000000e+03 3.135528640000000000e+02
4.570842458797171000e-02 4.437495624999999100e+02 4.555678080000000100e+02 1.480461875000000000e+03 1.419899839999999900e+02 -1.036712312500000100e+03 3.135778240000000200e+02
4.582474257919814900e-02 4.438347499999999900e+02 4.556506399999999500e+02 1.480912499999999900e+03 1.420180640000000100e+02 -1.037077749999999900e+03 3.136325759999999700e+02
4.608645223727010600e-02 4.438376875000001300e+02 4.558129440000000200e+02 1.481888500000000000e+03 1.420598880000000000e+02 -1.038050812499999900e+03 3.137530560000000200e+02
4.641032422709668500e-02 4.438357500000001900e+02 4.560093759999999700e+02 1.483132125000000100e+03 1.421043200000000000e+02 -1.039296374999999900e+03 3.139050560000000000e+02
4.649312970693585800e-02 4.438410625000001300e+02 4.560590080000000100e+02 1.483451000000000000e+03 1.421157440000000100e+02 -1.039609937499999900e+03 3.139432640000000000e+02
4.667944902319902400e-02 4.438240000000000700e+02 4.561588959999999700e+02 1.484084875000000000e+03 1.421362399999999900e+02 -1.040260874999999900e+03 3.140226559999999800e+02
4.673708867968511700e-02 4.438356874999999500e+02 4.561916959999999800e+02 1.484290250000000000e+03 1.421426720000000000e+02 -1.040454562500000100e+03 3.140490239999999700e+02
4.676951127756792000e-02 4.439153750000000400e+02 4.562128480000000100e+02 1.484436750000000100e+03 1.421494879999999900e+02 -1.040521375000000000e+03 3.140633599999999900e+02
4.677780207260187600e-02 4.440038749999998800e+02 4.562211839999999900e+02 1.484513250000000000e+03 1.421535360000000000e+02 -1.040509375000000100e+03 3.140676480000000200e+02
4.679645636142829000e-02 4.453383125000000300e+02 4.560340479999999800e+02 1.485132750000000000e+03 1.420760960000000100e+02 -1.039794437500000000e+03 3.139579519999999800e+02
4.683842268910018400e-02 4.433756875000001400e+02 4.560671039999999700e+02 1.484193250000000000e+03 1.420512320000000000e+02 -1.040817562499999900e+03 3.140158720000000000e+02
4.693285391298697400e-02 4.436516249999999700e+02 4.562342719999999800e+02 1.484525500000000000e+03 1.421337600000000000e+02 -1.040873875000000000e+03 3.141005119999999800e+02
4.714532183785723900e-02 4.438628750000000300e+02 4.563757279999999800e+02 1.485446375000000000e+03 1.421669280000000100e+02 -1.041583500000000000e+03 3.142088000000000000e+02
4.726483038784674900e-02 4.438342500000001100e+02 4.564468319999999700e+02 1.485845000000000000e+03 1.421768800000000100e+02 -1.042010749999999900e+03 3.142699519999999900e+02
4.730180826524821300e-02 4.438382500000000200e+02 4.564687999999999900e+02 1.485967625000000000e+03 1.421798400000000100e+02 -1.042129375000000000e+03 3.142889599999999700e+02
4.733961987990308000e-02 4.438636874999999700e+02 4.564909119999999800e+02 1.486088749999999900e+03 1.421826240000000000e+02 -1.042225062499999900e+03 3.143082880000000000e+02
4.735132014795100800e-02 4.438887499999998500e+02 4.564984000000000000e+02 1.486122374999999900e+03 1.421834240000000000e+02 -1.042233625000000100e+03 3.143149760000000000e+02
4.735790154872796700e-02 4.439187500000000500e+02 4.565028800000000000e+02 1.486137500000000000e+03 1.421834880000000100e+02 -1.042218750000000000e+03 3.143193919999999900e+02
4.736463199750553400e-02 4.440986875000001000e+02 4.564939359999999600e+02 1.486213500000000100e+03 1.421728479999999900e+02 -1.042114812500000000e+03 3.143210879999999700e+02
4.736841409052102600e-02 4.446008749999998600e+02 4.564407520000000300e+02 1.486377874999999900e+03 1.421473760000000100e+02 -1.041777000000000000e+03 3.142933760000000200e+02
4.737693311530592800e-02 4.484541249999999800e+02 4.556447999999999800e+02 1.486777000000000000e+03 1.417555199999999900e+02 -1.038322875000000100e+03 3.138892799999999900e+02
4.739609975663442600e-02 4.449193125000001600e+02 4.556656799999999500e+02 1.485076125000000000e+03 1.416807839999999900e+02 -1.040156812499999900e+03 3.139848959999999900e+02
4.743922120631105500e-02 4.422469375000000600e+02 4.560010879999999800e+02 1.484238125000000100e+03 1.417613120000000000e+02 -1.041991187500000000e+03 3.142397760000000100e+02
4.753624213920845700e-02 4.437451874999999300e+02 4.563142080000000100e+02 1.484937500000000000e+03 1.419434239999999900e+02 -1.041192312500000100e+03 3.143707840000000100e+02
4.775454622485262500e-02 4.438967500000001100e+02 4.565041760000000300e+02 1.485244500000000000e+03 1.420112479999999900e+02 -1.041347749999999900e+03 3.144929280000000100e+02
4.802469572595915300e-02 4.438322499999999300e+02 4.566530240000000200e+02 1.485923125000000000e+03 1.420158720000000000e+02 -1.042090875000000100e+03 3.146371520000000100e+02
4.810067760202037200e-02 4.438320000000001100e+02 4.566980159999999400e+02 1.486176625000000100e+03 1.420207039999999900e+02 -1.042344625000000000e+03 3.146773119999999700e+02
4.812010507734995600e-02 4.438808125000000500e+02 4.567064480000000200e+02 1.486308500000000100e+03 1.420191840000000000e+02 -1.042427687500000000e+03 3.146872640000000300e+02
4.816381340352898100e-02 4.439446249999998600e+02 4.567007360000000100e+02 1.486749499999999900e+03 1.419928319999999900e+02 -1.042804875000000000e+03 3.147079039999999800e+02
4.826216179518182100e-02 4.437718749999999100e+02 4.567716800000000000e+02 1.486887250000000000e+03 1.420144320000000000e+02 -1.043115375000000100e+03 3.147572480000000000e+02
4.848344218308817800e-02 4.438424374999999600e+02 4.568957440000000400e+02 1.487473874999999900e+03 1.420365119999999900e+02 -1.043631437499999900e+03 3.148592320000000200e+02
4.860791589459802900e-02 4.438369374999999800e+02 4.569583679999999500e+02 1.487791125000000000e+03 1.420412800000000000e+02 -1.043954187500000000e+03 3.149170879999999800e+02
4.888797242999513800e-02 4.438381875000000000e+02 4.570037600000000000e+02 1.487587000000000000e+03 1.419610720000000000e+02 -1.043748812500000000e+03 3.150426880000000000e+02
4.892735836415645900e-02 4.437980625000000100e+02 4.570152800000000200e+02 1.487599625000000100e+03 1.419563680000000000e+02 -1.043801562500000000e+03 3.150589120000000200e+02
4.894951062324719900e-02 4.438268749999999700e+02 4.570263039999999800e+02 1.487691750000000000e+03 1.419564159999999900e+02 -1.043864875000000000e+03 3.150698879999999900e+02
4.899935320620135700e-02 4.450615000000000200e+02 4.566793120000000400e+02 1.490176250000000000e+03 1.416148640000000100e+02 -1.045114750000000000e+03 3.150644480000000300e+02
4.905916803194635600e-02 4.431699375000000600e+02 4.567345599999999900e+02 1.489278125000000000e+03 1.416268480000000000e+02 -1.046108187500000000e+03 3.151077119999999900e+02
4.917131733690571800e-02 4.437911249999999700e+02 4.569226560000000200e+02 1.489959499999999900e+03 1.417231360000000100e+02 -1.046168375000000000e+03 3.151995200000000100e+02
4.942365560193929400e-02 4.438451250000000500e+02 4.571047040000000300e+02 1.490212000000000000e+03 1.417876160000000100e+02 -1.046366874999999900e+03 3.153170880000000100e+02
4.999141669826484600e-02 4.438381875000000000e+02 4.574474080000000000e+02 1.490857375000000000e+03 1.418740640000000000e+02 -1.047019187500000000e+03 3.155733440000000200e+02
5.126887916499733200e-02 4.438367499999999400e+02 4.581374560000000400e+02 1.493666500000000000e+03 1.419850400000000000e+02 -1.049829750000000100e+03 3.161524160000000200e+02
5.284973815247253500e-02 4.438357499999999600e+02 4.589132640000000300e+02 1.497885874999999900e+03 1.420018080000000100e+02 -1.054050125000000000e+03 3.169114559999999900e+02
5.373897249736483300e-02 4.438354999999999100e+02 4.593627679999999600e+02 1.500340375000000000e+03 1.420344159999999900e+02 -1.056504875000000100e+03 3.173283520000000000e+02
5.423916827191363500e-02 4.438348750000000100e+02 4.596135840000000000e+02 1.501738000000000100e+03 1.420556960000000100e+02 -1.057903125000000000e+03 3.175578879999999900e+02
5.452052431956606900e-02 4.438357499999999600e+02 4.597520480000000600e+02 1.502493500000000000e+03 1.420644000000000100e+02 -1.058657750000000100e+03 3.176876480000000200e+02
5.467879000746432600e-02 4.438355000000001400e+02 4.598271520000000100e+02 1.502893375000000100e+03 1.420665760000000000e+02 -1.059057875000000000e+03 3.177605760000000100e+02
5.476781358357896800e-02 4.438356249999999400e+02 4.598670399999999700e+02 1.503098250000000000e+03 1.420654079999999900e+02 -1.059262625000000100e+03 3.178016319999999800e+02
5.481788905403407700e-02 4.438353750000001100e+02 4.598853439999999800e+02 1.503180875000000000e+03 1.420607039999999900e+02 -1.059345499999999900e+03 3.178246399999999900e+02
5.484605912614946100e-02 4.438375000000000900e+02 4.598893919999999900e+02 1.503185375000000000e+03 1.420523680000000000e+02 -1.059347874999999900e+03 3.178370239999999900e+02
5.486190479171436400e-02 4.439168750000001200e+02 4.598772639999999700e+02 1.503192375000000100e+03 1.420356319999999900e+02 -1.059275500000000000e+03 3.178416320000000000e+02
5.487810910403074400e-02 4.497753749999999400e+02 4.586823680000000000e+02 1.503888500000000000e+03 1.415496000000000000e+02 -1.054113125000000100e+03 3.171327680000000000e+02
5.491456531343005800e-02 4.438679999999999400e+02 4.580434399999999800e+02 1.499669625000000000e+03 1.410751520000000000e+02 -1.055801625000000100e+03 3.169682879999999700e+02
5.499660226451608800e-02 4.423777500000001100e+02 4.585851679999999500e+02 1.499897500000000000e+03 1.411745440000000000e+02 -1.057519749999999900e+03 3.174106239999999800e+02
5.509811792618189000e-02 4.438353750000001100e+02 4.587148320000000000e+02 1.500880000000000100e+03 1.411328480000000000e+02 -1.057044625000000000e+03 3.175819839999999800e+02
5.520194383185716300e-02 4.438334999999999600e+02 4.588721120000000200e+02 1.501182749999999900e+03 1.411326880000000000e+02 -1.057349250000000000e+03 3.177394239999999900e+02
5.543555328406402800e-02 4.438015000000000300e+02 4.591636960000000200e+02 1.500579625000000100e+03 1.412171040000000100e+02 -1.056778125000000000e+03 3.179465920000000100e+02
5.556695772760226300e-02 4.438598750000001000e+02 4.593534240000000200e+02 1.500430125000000100e+03 1.413119519999999900e+02 -1.056570250000000000e+03 3.180414720000000000e+02
5.564087156265501400e-02 4.438576250000001000e+02 4.594372160000000300e+02 1.500425250000000000e+03 1.413427200000000100e+02 -1.056567624999999900e+03 3.180944959999999900e+02
5.580718118483622000e-02 4.437958750000000200e+02 4.595581760000000000e+02 1.500412624999999900e+03 1.413567999999999900e+02 -1.056616749999999900e+03 3.182013759999999800e+02
5.618137084811889600e-02 4.438408749999998700e+02 4.598117760000000100e+02 1.501104624999999900e+03 1.414083200000000000e+02 -1.057263750000000100e+03 3.184034560000000100e+02
5.702330574156746400e-02 4.438632499999998800e+02 4.603294720000000100e+02 1.504354499999999900e+03 1.415761919999999900e+02 -1.060491250000000000e+03 3.187532800000000200e+02
5.749689644800729000e-02 4.438358749999999900e+02 4.605756320000000400e+02 1.506051375000000000e+03 1.416465760000000100e+02 -1.062215500000000000e+03 3.189290560000000000e+02
5.764341063260741000e-02 4.438351250000000600e+02 4.606465440000000100e+02 1.506544000000000100e+03 1.416633440000000000e+02 -1.062708875000000000e+03 3.189832000000000100e+02
5.779325976622119700e-02 4.438347499999999900e+02 4.607118719999999700e+02 1.506971749999999900e+03 1.416721920000000000e+02 -1.063136999999999900e+03 3.190396799999999800e+02
5.813041100135216800e-02 4.438106250000000700e+02 4.607384479999999500e+02 1.506908750000000100e+03 1.415669920000000000e+02 -1.063098125000000000e+03 3.191714559999999800e+02
5.823472131302942500e-02 4.438559999999999900e+02 4.607919840000000100e+02 1.507199750000000000e+03 1.415759200000000000e+02 -1.063343750000000000e+03 3.192160640000000200e+02
5.829339499001975200e-02 4.438482500000000100e+02 4.608141440000000000e+02 1.507312875000000100e+03 1.415744960000000100e+02 -1.063464625000000100e+03 3.192396479999999900e+02
5.835340078351553000e-02 4.438466250000001300e+02 4.608385600000000300e+02 1.507424250000000000e+03 1.415728000000000000e+02 -1.063577624999999900e+03 3.192657600000000000e+02
5.848841498331854700e-02 4.438176250000001300e+02 4.608994079999999900e+02 1.507763625000000000e+03 1.415788959999999900e+02 -1.063945999999999900e+03 3.193205120000000100e+02
5.879219343956283000e-02 4.438366250000001400e+02 4.610504799999999900e+02 1.508813000000000100e+03 1.416166560000000100e+02 -1.064976375000000000e+03 3.194338240000000200e+02
5.916812510135264400e-02 4.438342500000001100e+02 4.612171520000000000e+02 1.509920875000000000e+03 1.416423360000000000e+02 -1.066086624999999900e+03 3.195748160000000000e+02
5.937958229446877600e-02 4.438333749999999300e+02 4.613131039999999500e+02 1.510605125000000000e+03 1.416627680000000000e+02 -1.066771750000000100e+03 3.196503359999999800e+02
5.949853191445599000e-02 4.438295000000000500e+02 4.613624320000000100e+02 1.510984124999999900e+03 1.416720320000000000e+02 -1.067154624999999900e+03 3.196904000000000100e+02
5.956543583573002700e-02 4.438702499999999400e+02 4.613537440000000100e+02 1.511267875000000000e+03 1.416487840000000100e+02 -1.067397625000000100e+03 3.197049600000000300e+02
5.963386749901031900e-02 4.437650000000001000e+02 4.613014240000000000e+02 1.511692500000000100e+03 1.415812960000000100e+02 -1.067927500000000000e+03 3.197201279999999900e+02
5.978782942589095500e-02 4.438374999999998600e+02 4.614122720000000300e+02 1.512154874999999900e+03 1.416339360000000100e+02 -1.068317375000000100e+03 3.197783360000000200e+02
6.013424492580987700e-02 4.438396250000000700e+02 4.615808640000000200e+02 1.513062875000000100e+03 1.416877120000000000e+02 -1.069223250000000000e+03 3.198931519999999900e+02
6.056293492206578400e-02 4.438378749999999400e+02 4.617838560000000100e+02 1.514245750000000000e+03 1.417381279999999900e+02 -1.070407875000000100e+03 3.200457280000000000e+02
6.100136893136161300e-02 4.438373750000000700e+02 4.619986719999999400e+02 1.515601875000000100e+03 1.418030560000000000e+02 -1.071764500000000000e+03 3.201956159999999700e+02
6.124798747937176100e-02 4.438387499999998900e+02 4.621139680000000000e+02 1.516382750000000000e+03 1.418370720000000100e+02 -1.072544000000000100e+03 3.202768960000000200e+02
6.138671390593998500e-02 4.438476249999998800e+02 4.621751040000000300e+02 1.516887999999999900e+03 1.418537599999999900e+02 -1.073040375000000000e+03 3.203213440000000100e+02
6.169883905021844600e-02 4.438302499999999800e+02 4.623252800000000200e+02 1.517713500000000100e+03 1.419014080000000000e+02 -1.073883250000000100e+03 3.204238720000000200e+02
6.240112528259501200e-02 4.438358749999999900e+02 4.626551839999999600e+02 1.519799749999999900e+03 1.419918560000000100e+02 -1.075963874999999900e+03 3.206633279999999800e+02
6.398127163431729900e-02 4.438354999999999100e+02 4.633602560000000500e+02 1.524019624999999900e+03 1.421480000000000000e+02 -1.080184125000000000e+03 3.212122560000000200e+02
6.410348167931787000e-02 4.438300000000001500e+02 4.634112000000000100e+02 1.524301750000000100e+03 1.421557440000000000e+02 -1.080471749999999900e+03 3.212554559999999800e+02
6.417223006959946200e-02 4.438327500000000300e+02 4.634382560000000200e+02 1.524445625000000100e+03 1.421579999999999900e+02 -1.080612875000000000e+03 3.212802560000000100e+02
6.421089871025785500e-02 4.438296250000000800e+02 4.634508480000000100e+02 1.524502625000000100e+03 1.421564480000000100e+02 -1.080673000000000000e+03 3.212944000000000000e+02
6.423265040284693900e-02 4.438186249999998800e+02 4.634518719999999800e+02 1.524487374999999900e+03 1.421498240000000000e+02 -1.080668750000000000e+03 3.213020480000000100e+02
6.425489581693806500e-02 4.439786249999999700e+02 4.633955519999999500e+02 1.524413000000000000e+03 1.421104640000000100e+02 -1.080434375000000000e+03 3.212850879999999700e+02
6.426177997146626000e-02 4.443531249999998600e+02 4.633274079999999900e+02 1.524410249999999900e+03 1.420798240000000000e+02 -1.080057125000000000e+03 3.212475840000000200e+02
6.426565056173209900e-02 4.449235000000001000e+02 4.632330080000000400e+02 1.524449000000000100e+03 1.420490079999999900e+02 -1.079525500000000000e+03 3.211840000000000300e+02
6.426960964924832700e-02 4.465088749999999900e+02 4.629906720000000200e+02 1.524604750000000000e+03 1.419814560000000100e+02 -1.078095875000000000e+03 3.210092159999999800e+02
6.427851526728480000e-02 4.501548749999999500e+02 4.619617279999999900e+02 1.524423250000000100e+03 1.415649280000000100e+02 -1.074268375000000100e+03 3.203967999999999800e+02
6.429856222336691200e-02 4.448181250000000100e+02 4.620338239999999800e+02 1.521549250000000000e+03 1.414679360000000100e+02 -1.076731125000000000e+03 3.205658879999999700e+02
6.434365855905163600e-02 4.420039999999999100e+02 4.622636479999999900e+02 1.520358874999999900e+03 1.414427200000000100e+02 -1.078354875000000000e+03 3.208209279999999800e+02
6.444513230096725300e-02 4.436124999999999500e+02 4.626312639999999900e+02 1.521850250000000000e+03 1.415109119999999900e+02 -1.078237750000000000e+03 3.211203520000000300e+02
6.457070524148161800e-02 4.439941250000001700e+02 4.627081759999999800e+02 1.522144500000000100e+03 1.414565600000000000e+02 -1.078150374999999900e+03 3.212516160000000100e+02
6.469912872500764600e-02 4.437188750000000300e+02 4.626479840000000100e+02 1.521606500000000100e+03 1.413188000000000100e+02 -1.077887625000000100e+03 3.213291840000000000e+02
6.498808622069120200e-02 4.438451249999998300e+02 4.630184960000000300e+02 1.521328874999999900e+03 1.415266560000000000e+02 -1.077483750000000100e+03 3.214918400000000200e+02
6.515062772310698000e-02 4.438588749999999000e+02 4.631430240000000300e+02 1.521539874999999900e+03 1.415664800000000100e+02 -1.077681000000000000e+03 3.215765440000000100e+02
6.551634028135493200e-02 4.438158749999997800e+02 4.632582559999999600e+02 1.521838749999999900e+03 1.415305439999999900e+02 -1.078022875000000100e+03 3.217277120000000000e+02
6.596890590420864700e-02 4.438457499999999500e+02 4.635404960000000200e+02 1.522916874999999900e+03 1.416321120000000100e+02 -1.079071124999999900e+03 3.219083840000000100e+02
6.643176049685449400e-02 4.438367500000001700e+02 4.637745439999999900e+02 1.523895500000000100e+03 1.416875680000000000e+02 -1.080058749999999900e+03 3.220869759999999900e+02
6.700454264770061600e-02 4.438378749999999400e+02 4.640409760000000000e+02 1.525079500000000100e+03 1.417481119999999900e+02 -1.081241625000000100e+03 3.222928640000000100e+02
6.732673318977031000e-02 4.438432500000001300e+02 4.642012320000000000e+02 1.525837125000000000e+03 1.417991199999999900e+02 -1.081993874999999900e+03 3.224021119999999900e+02
6.750796624301262600e-02 4.438719999999998400e+02 4.642816320000000000e+02 1.526330125000000000e+03 1.418205120000000100e+02 -1.082458125000000100e+03 3.224611199999999900e+02
6.769331674727181700e-02 4.438277500000001500e+02 4.643641759999999900e+02 1.526704625000000100e+03 1.418420639999999900e+02 -1.082876874999999900e+03 3.225221119999999900e+02
6.775065830775670000e-02 4.438659999999999900e+02 4.643826880000000300e+02 1.526862500000000000e+03 1.418422080000000000e+02 -1.082996500000000000e+03 3.225404800000000000e+02
6.780930869599693900e-02 4.446202499999999400e+02 4.641691520000000500e+02 1.527939249999999900e+03 1.416382720000000000e+02 -1.083319000000000000e+03 3.225308800000000200e+02
6.794125809628739900e-02 4.435852500000000900e+02 4.642789599999999800e+02 1.527310750000000100e+03 1.416797919999999900e+02 -1.083725500000000000e+03 3.225991680000000200e+02
6.823815705575349300e-02 4.438521249999998900e+02 4.644816640000000200e+02 1.528000624999999900e+03 1.417847360000000100e+02 -1.084148500000000000e+03 3.226969280000000100e+02
6.890617156348967400e-02 4.438362500000000600e+02 4.648317759999999900e+02 1.529066000000000000e+03 1.419294080000000000e+02 -1.085229750000000000e+03 3.229023680000000200e+02
7.000000223572001900e-02 4.438363749999998600e+02 4.653393280000000200e+02 1.530709625000000000e+03 1.420805440000000000e+02 -1.086873250000000100e+03 3.232587839999999900e+02
