0.000000000000000000e+00 0.000000000000000000e+00 0.000000000000000000e+00 0.000000000000000000e+00 0.000000000000000000e+00 0.000000000000000000e+00 0.000000000000000000e+00
7.609427899892087300e-09 3.051829687499999900e+02 3.789108276367188600e-06 2.464365937499999900e+02 8.827403259277343900e-05 5.874637500000000000e+01 -8.448492431640625100e-05
1.400007433070368000e-03 3.051825625000000200e+02 4.130903499999999400e+01 2.467911093749999900e+02 2.690735799999999900e+01 5.839145312499999800e+01 1.440167699999999900e+01
1.441023143074305900e-03 3.051976640625000000e+02 4.249848099999999800e+01 2.468793750000000100e+02 2.766342800000000000e+01 5.831828906250000000e+01 1.483505300000000000e+01
1.464094434465681100e-03 3.052108749999999900e+02 4.315329799999999900e+01 2.469680937500000100e+02 2.806976600000000100e+01 5.824278125000000000e+01 1.508353200000000000e+01
1.516004767318930400e-03 3.051879843749999800e+02 4.463645600000000300e+01 2.471604062499999900e+02 2.898344000000000200e+01 5.802757812499999800e+01 1.565301599999999900e+01
1.574403928167508600e-03 3.051942148437499900e+02 4.629523900000000200e+01 2.474701093749999900e+02 2.998896600000000100e+01 5.772410546874999700e+01 1.630627300000000100e+01
1.603603508591797700e-03 3.051926484375000000e+02 4.712135399999999700e+01 2.476393124999999900e+02 3.048573400000000100e+01 5.755333593750000200e+01 1.663561999999999900e+01
1.639738042130429700e-03 3.051919921874999800e+02 4.813738800000000100e+01 2.478736250000000000e+02 3.109159599999999900e+01 5.731836718750000200e+01 1.704579199999999900e+01
1.660063735440246100e-03 3.052331914062500000e+02 4.869248400000000000e+01 2.480624531249999900e+02 3.141553400000000100e+01 5.717073828125000300e+01 1.727694999999999900e+01
1.680851273775392000e-03 3.052429882812500100e+02 4.924415399999999500e+01 2.482696249999999900e+02 3.172644199999999900e+01 5.697336328125000200e+01 1.751771200000000000e+01
1.727623380584157900e-03 3.052122343749999800e+02 5.047199599999999700e+01 2.488015624999999900e+02 3.239286599999999800e+01 5.641067187499999800e+01 1.807912999999999900e+01
1.753932681566920900e-03 3.052135039062500300e+02 5.115256600000000000e+01 2.491700937500000100e+02 3.274872200000000100e+01 5.604341015624999800e+01 1.840384399999999900e+01
1.813128608778137300e-03 3.052798281249999900e+02 5.258792600000000300e+01 2.504140468750000000e+02 3.339872600000000300e+01 5.486578124999999800e+01 1.918920000000000000e+01
1.846426427000462700e-03 3.056298906250000300e+02 5.309738399999999800e+01 2.521250312500000100e+02 3.338564999999999800e+01 5.350485937500000200e+01 1.971173400000000000e+01
1.879203887212844300e-03 3.058161015625000200e+02 5.315104000000000200e+01 2.555995000000000100e+02 3.269438000000000200e+01 5.021660156250000300e+01 2.045665999999999900e+01
1.889739426646622900e-03 3.051801132812499900e+02 5.340117399999999700e+01 2.559402343749999900e+02 3.269888400000000000e+01 4.923987890624999900e+01 2.070229000000000100e+01
1.913444608704656800e-03 3.045739023437500400e+02 5.405605799999999300e+01 2.570592187500000100e+02 3.282981999999999800e+01 4.751468359375000000e+01 2.122623799999999900e+01
1.966781086391872700e-03 3.053176953125000100e+02 5.517508000000000100e+01 2.617983750000000200e+02 3.280422600000000000e+01 4.351932031250000000e+01 2.237085400000000100e+01
2.032785043029412600e-03 3.052536875000000100e+02 5.609928200000000200e+01 2.681426562500000200e+02 3.232412800000000200e+01 3.711103125000000300e+01 2.377515400000000100e+01
2.100289086282472000e-03 3.051104921874999700e+02 5.709884999999999900e+01 2.742300937499999800e+02 3.199563600000000100e+01 3.088039843749999800e+01 2.510321400000000100e+01
2.252173074435838200e-03 3.051164765625000000e+02 5.994920000000000500e+01 2.853796562499999800e+02 3.219591200000000000e+01 1.973682031250000100e+01 2.775328800000000100e+01
2.440129589830708700e-03 3.052566088867187700e+02 6.368394400000000400e+01 2.974881250000000300e+02 3.292793000000000300e+01 7.768483886718749800e+00 3.075601400000000000e+01
2.632357989766513600e-03 3.051289982910156500e+02 6.764355999999999400e+01 3.091490312500000100e+02 3.389670799999999700e+01 -4.020032958984375100e+00 3.374685199999999700e+01
2.870240345397129300e-03 3.051926562499999700e+02 7.238502399999998700e+01 3.240834062500000000e+02 3.500879599999999700e+01 -1.889075000000000100e+01 3.737622799999999800e+01
3.004049061273334900e-03 3.051575234375000000e+02 7.504773199999999600e+01 3.321302187499999800e+02 3.567945999999999900e+01 -2.697269531250000100e+01 3.936827199999999700e+01
3.140899287911998900e-03 3.051791250000000000e+02 7.775660399999999600e+01 3.398371250000000100e+02 3.641842799999999900e+01 -3.465800000000000100e+01 4.133817599999999700e+01
3.310251003074413300e-03 3.051893164062499900e+02 8.105194000000000200e+01 3.493933124999999800e+02 3.729946000000000300e+01 -4.420399609375000000e+01 4.375247999999999800e+01
3.483451766408843800e-03 3.051861406250000100e+02 8.437641999999999600e+01 3.588335625000000300e+02 3.820620799999999700e+01 -5.364742187499999900e+01 4.617021199999999900e+01
3.580877341339148500e-03 3.051889453124999800e+02 8.622252000000000300e+01 3.639816250000000100e+02 3.871771600000000300e+01 -5.879267968749999800e+01 4.750480400000000000e+01
3.635678972516741400e-03 3.052036757812499600e+02 8.723224399999999400e+01 3.668656874999999800e+02 3.899527599999999700e+01 -6.166201171875000100e+01 4.823696799999999700e+01
3.652633473695562100e-03 3.052116289062500400e+02 8.753861999999999500e+01 3.677615312500000200e+02 3.907927999999999700e+01 -6.254990234374999900e+01 4.845933999999999700e+01
3.669973112579084900e-03 3.052506093750000100e+02 8.784740399999999700e+01 3.686941875000000000e+02 3.917005199999999800e+01 -6.344357812500000200e+01 4.867735199999999900e+01
3.675337385054182000e-03 3.052912031249999800e+02 8.794301199999999600e+01 3.690092187500000000e+02 3.920148799999999800e+01 -6.371801562500000000e+01 4.874152399999999800e+01
3.680823923467280200e-03 3.056439804687499900e+02 8.803607999999999800e+01 3.696859062500000200e+02 3.923156399999999900e+01 -6.404192578125000100e+01 4.880451600000000000e+01
3.687613176338839100e-03 3.085194570312500000e+02 8.801833200000000100e+01 3.735725937500000100e+02 3.913925600000000300e+01 -6.505313671874999700e+01 4.887907599999999800e+01
3.694557008289155600e-03 3.116018593750000000e+02 8.774527200000000000e+01 3.786321562499999800e+02 3.880480000000000000e+01 -6.703029687500000500e+01 4.894047200000000000e+01
3.710180266290648400e-03 3.075847031250000300e+02 8.693134399999999600e+01 3.781272187500000000e+02 3.800397999999999900e+01 -7.054251562499999300e+01 4.892736399999999700e+01
3.745332596794007500e-03 3.015430937500000300e+02 8.769440000000000200e+01 3.750482812500000000e+02 3.833890399999999900e+01 -7.350518750000000500e+01 4.935549600000000200e+01
3.824425558758597300e-03 3.054534453124999800e+02 8.976415600000000000e+01 3.809043437500000100e+02 3.941944000000000200e+01 -7.545089843750000100e+01 5.034471599999999800e+01
4.002384504846892000e-03 3.052241562500000200e+02 9.287485999999999800e+01 3.875843750000000200e+02 4.072066399999999900e+01 -8.236021875000000100e+01 5.215419599999999900e+01
4.057440565619276100e-03 3.052410937500000000e+02 9.379763199999999300e+01 3.905385937500000200e+02 4.103777600000000100e+01 -8.529749999999999900e+01 5.275985599999999900e+01
4.113748105599912000e-03 3.051578281250000400e+02 9.476844400000000200e+01 3.936130625000000100e+02 4.135560400000000000e+01 -8.845523437500000300e+01 5.341284000000000300e+01
4.240439488337590300e-03 3.051300390625000300e+02 9.692590799999999300e+01 4.008462500000000000e+02 4.204054000000000000e+01 -9.571621093749999400e+01 5.488536800000000000e+01
4.525495536161430400e-03 3.051961093749999900e+02 1.018067680000000100e+02 4.163085312499999900e+02 4.349115599999999700e+01 -1.111124218750000000e+02 5.831561200000000200e+01
4.878252562731322900e-03 3.051784453125000000e+02 1.077081719999999900e+02 4.344166562500000200e+02 4.522252799999999700e+01 -1.292382109375000100e+02 6.248564400000000100e+01
5.239026159302800900e-03 3.051853125000000100e+02 1.135976880000000100e+02 4.520620937499999700e+02 4.685712399999999900e+01 -1.468767812499999900e+02 6.674056400000000600e+01
6.050767770471445600e-03 3.051850156250000100e+02 1.260816800000000100e+02 4.892869999999999800e+02 5.036404000000000300e+01 -1.841019843750000000e+02 7.571764000000000300e+01
6.507372827029199400e-03 3.051864062500000000e+02 1.329208999999999900e+02 5.094659687500000000e+02 5.218416400000000300e+01 -2.042795625000000000e+02 8.073673599999999300e+01
6.648634816264058600e-03 3.051973749999999700e+02 1.349590400000000200e+02 5.155089062500000000e+02 5.270862400000000000e+01 -2.103115312500000000e+02 8.225041600000000100e+01
6.668499537876674200e-03 3.052456406249999600e+02 1.352368160000000000e+02 5.163429374999999500e+02 5.278052799999999700e+01 -2.110972968750000100e+02 8.245628800000000100e+01
6.673578814272478800e-03 3.052791875000000300e+02 1.353063039999999800e+02 5.165570937500000400e+02 5.279907999999999600e+01 -2.112779062500000000e+02 8.250722399999999400e+01
6.685006603944287200e-03 3.058262656250000200e+02 1.354352440000000100e+02 5.170864687499999900e+02 5.284797199999999900e+01 -2.112602031250000000e+02 8.258727199999999900e+01
6.710719712924608600e-03 3.052431562499999700e+02 1.357050400000000000e+02 5.176506562500000000e+02 5.289215200000000300e+01 -2.124075000000000000e+02 8.281288800000000100e+01
6.768574208130330100e-03 3.049472968750000100e+02 1.365312359999999800e+02 5.199864999999999800e+02 5.309039599999999800e+01 -2.150392031250000000e+02 8.344083999999999400e+01
6.898746094569764200e-03 3.052099687500000300e+02 1.384463040000000000e+02 5.258852500000000400e+02 5.357734399999999700e+01 -2.206752812500000100e+02 8.486896000000000100e+01
7.191633566831931400e-03 3.051671562499999500e+02 1.427246199999999900e+02 5.392185624999999600e+02 5.460432399999999800e+01 -2.340514062500000100e+02 8.812029599999999600e+01
7.850629506093678700e-03 3.051856250000000200e+02 1.520115519999999900e+02 5.664710000000000000e+02 5.710114399999999800e+01 -2.612853749999999900e+02 9.491040800000000400e+01
8.666137490371499500e-03 3.051937500000000200e+02 1.620038360000000100e+02 5.962413125000000500e+02 6.002078000000000200e+01 -2.910475625000000300e+02 1.019830560000000000e+02
9.124860658750429500e-03 3.051846875000000000e+02 1.671314720000000000e+02 6.112509999999999800e+02 6.165987200000000000e+01 -3.060663124999999800e+02 1.054716000000000000e+02
9.382892440963578500e-03 3.051881562499999600e+02 1.699021799999999900e+02 6.188088749999999400e+02 6.263669999999999800e+01 -3.136207187499999800e+02 1.072654800000000000e+02
9.419178642487207800e-03 3.051960937499999900e+02 1.702835240000000000e+02 6.198594375000000100e+02 6.277088400000000200e+01 -3.146633437500000200e+02 1.075126400000000000e+02
9.428456298306457700e-03 3.051991249999999800e+02 1.703801120000000000e+02 6.201276874999999800e+02 6.280499199999999900e+01 -3.149285625000000000e+02 1.075751200000000000e+02
9.433674724984081000e-03 3.052124374999999600e+02 1.704350599999999900e+02 6.202849999999999700e+02 6.282469199999999900e+01 -3.150725625000000000e+02 1.076103679999999900e+02
9.445416912782177800e-03 3.052802812500000300e+02 1.705607400000000100e+02 6.206602500000000200e+02 6.287106800000000100e+01 -3.153799687499999900e+02 1.076896720000000000e+02
9.471836253109142100e-03 3.051711249999999600e+02 1.708246399999999900e+02 6.213531249999999800e+02 6.296075199999999900e+01 -3.161820000000000200e+02 1.078638880000000000e+02
9.531279623290121000e-03 3.051723437499999800e+02 1.714295679999999900e+02 6.230518124999999800e+02 6.317134399999999800e+01 -3.178794687500000000e+02 1.082582240000000000e+02
9.665028079525456500e-03 3.052017187500000500e+02 1.727477800000000100e+02 6.268071250000000400e+02 6.363506000000000300e+01 -3.216054062499999900e+02 1.091127200000000000e+02
9.965961814945580400e-03 3.051893437499999800e+02 1.754776799999999900e+02 6.360773749999999600e+02 6.442456799999999400e+01 -3.308880312499999800e+02 1.110531120000000000e+02
1.033836755997095400e-02 3.051865937499999900e+02 1.788628279999999800e+02 6.460374375000000100e+02 6.573781999999999900e+01 -3.408508437500000200e+02 1.131250079999999900e+02
1.064306242853148500e-02 3.051911250000000000e+02 1.813446160000000000e+02 6.541390625000000200e+02 6.680539199999999800e+01 -3.489479375000000200e+02 1.145392240000000000e+02
1.080969227102650100e-02 3.051910312499999800e+02 1.826273600000000100e+02 6.588403749999999900e+02 6.739241599999999700e+01 -3.536493437500000100e+02 1.152349440000000000e+02
1.081705733824416700e-02 3.051954687500000300e+02 1.826832320000000000e+02 6.590531250000000200e+02 6.741851200000000700e+01 -3.538576562499999900e+02 1.152647200000000000e+02
1.082119924244863400e-02 3.052029687500000300e+02 1.827148799999999900e+02 6.591731875000000400e+02 6.743320799999999300e+01 -3.539702187500000200e+02 1.152816720000000000e+02
1.082543663052849000e-02 3.052189374999999800e+02 1.827478400000000000e+02 6.592989999999999800e+02 6.744848799999999800e+01 -3.540800625000000000e+02 1.152993520000000000e+02
1.082781906966324800e-02 3.052309687500000500e+02 1.827666160000000000e+02 6.593717500000000200e+02 6.745724800000000700e+01 -3.541407812499999700e+02 1.153093680000000100e+02
1.083318130437271200e-02 3.053052500000000600e+02 1.828118640000000100e+02 6.595581875000000300e+02 6.747920800000000000e+01 -3.542529374999999700e+02 1.153326560000000000e+02
1.083619719751006400e-02 3.053736250000000000e+02 1.828387760000000000e+02 6.596718124999999900e+02 6.749266400000000500e+01 -3.542981874999999800e+02 1.153461120000000100e+02
1.084162696959480400e-02 3.055313750000000300e+02 1.828865200000000200e+02 6.598740000000000200e+02 6.751712800000000000e+01 -3.543426250000000000e+02 1.153693920000000000e+02
1.084841331137260100e-02 3.055934687500000000e+02 1.829327519999999900e+02 6.600581250000000200e+02 6.753996800000000200e+01 -3.544646562500000200e+02 1.153927840000000100e+02
1.086368258037264500e-02 3.051781562499999700e+02 1.830031520000000000e+02 6.602095624999999500e+02 6.756211999999999300e+01 -3.550314062499999700e+02 1.154410320000000100e+02
1.089803814451336500e-02 3.049726249999999900e+02 1.832489760000000000e+02 6.610641875000000000e+02 6.767070400000000100e+01 -3.560915625000000100e+02 1.155782720000000000e+02
1.097533816382998500e-02 3.051993749999999700e+02 1.838511040000000200e+02 6.634255624999999600e+02 6.795495200000000600e+01 -3.582261874999999800e+02 1.158961520000000000e+02
1.114926320729238400e-02 3.051865000000000200e+02 1.851168319999999900e+02 6.685066875000000000e+02 6.856503200000000200e+01 -3.633201874999999700e+02 1.165518000000000000e+02
1.154059688395778600e-02 3.051875312499999500e+02 1.877518160000000200e+02 6.799428124999999500e+02 6.991166400000000200e+01 -3.747552812500000000e+02 1.178401520000000000e+02
1.165799663762615500e-02 3.051908125000000500e+02 1.884804560000000000e+02 6.831458125000000300e+02 7.030462400000000400e+01 -3.779549999999999800e+02 1.181758320000000000e+02
1.177906436943454900e-02 3.051892187500000700e+02 1.892132639999999800e+02 6.864148125000000400e+02 7.070264799999999600e+01 -3.812255937499999700e+02 1.185106160000000000e+02
1.184716533246349100e-02 3.051759374999999700e+02 1.896141440000000100e+02 6.882091874999999800e+02 7.092040000000000100e+01 -3.830332500000000100e+02 1.186937440000000000e+02
1.188547299749539800e-02 3.051689687500000300e+02 1.898360000000000100e+02 6.892121875000000300e+02 7.104173600000000000e+01 -3.840432187499999900e+02 1.187942640000000000e+02
1.190261235312810100e-02 3.051667187500000300e+02 1.899330640000000000e+02 6.896429375000000200e+02 7.109471999999999500e+01 -3.844762187499999900e+02 1.188383440000000100e+02
1.190812247140067000e-02 3.051584374999999300e+02 1.899623200000000100e+02 6.897636874999999500e+02 7.111048800000000400e+01 -3.846052500000000100e+02 1.188518320000000000e+02
1.191122103960086200e-02 3.051519687499999200e+02 1.899758160000000100e+02 6.898194999999999500e+02 7.111727200000000000e+01 -3.846675312500000200e+02 1.188585439999999900e+02
1.191505553230406800e-02 3.055133749999999400e+02 1.899398320000000000e+02 6.901710624999999500e+02 7.108358400000000200e+01 -3.846576875000000100e+02 1.188562479999999900e+02
1.191897852225763700e-02 3.115030312500000500e+02 1.892224559999999900e+02 6.951441250000000300e+02 7.051225599999999400e+01 -3.836410937499999800e+02 1.187102000000000000e+02
1.192118396689166900e-02 3.190555625000000100e+02 1.882798240000000200e+02 7.016490000000000000e+02 6.973596800000000000e+01 -3.825934374999999900e+02 1.185438560000000100e+02
1.192383189777751700e-02 3.332081875000000100e+02 1.864458160000000100e+02 7.144800625000000300e+02 6.818330400000000700e+01 -3.812718750000000200e+02 1.182625120000000000e+02
1.192879589486034800e-02 3.452077500000000300e+02 1.830258319999999800e+02 7.284276250000000300e+02 6.523567199999999400e+01 -3.832198750000000000e+02 1.177901600000000000e+02
1.193996517940609800e-02 3.126985625000000400e+02 1.813609440000000200e+02 7.048730000000000500e+02 6.388965600000000200e+01 -3.921744375000000100e+02 1.174712880000000000e+02
1.196509490519653000e-02 2.993920937500000200e+02 1.829762839999999900e+02 6.960262500000000000e+02 6.508092399999999600e+01 -3.966341562499999900e+02 1.178953600000000000e+02
1.202163766155312800e-02 3.003707187499999800e+02 1.847394520000000000e+02 6.996940624999999700e+02 6.636755599999999300e+01 -3.993233437499999900e+02 1.183718960000000100e+02
1.214885944557423000e-02 3.052014062499999300e+02 1.863121439999999900e+02 7.057078749999999400e+02 6.758153600000000000e+01 -4.005064687500000100e+02 1.187306080000000000e+02
1.243510845962170600e-02 3.052292812500000400e+02 1.879278080000000000e+02 7.091619375000000200e+02 6.885670399999999300e+01 -4.039326562499999800e+02 1.190711040000000100e+02
1.278934199294764700e-02 3.051892812499999600e+02 1.905253600000000100e+02 7.140584374999999700e+02 7.096052000000000200e+01 -4.088691562500000000e+02 1.195648400000000000e+02
1.315162528274405900e-02 3.051865312500000300e+02 1.928226080000000000e+02 7.175843750000000200e+02 7.289349599999999900e+01 -4.123978437499999900e+02 1.199291120000000000e+02
1.359995235308040500e-02 3.051982187499999700e+02 1.952927840000000100e+02 7.225623124999999600e+02 7.500700000000000500e+01 -4.173640937499999900e+02 1.202857840000000100e+02
1.405846708714598100e-02 3.051884375000000200e+02 1.973603359999999900e+02 7.316670000000000300e+02 7.655583199999999500e+01 -4.264785625000000100e+02 1.208045039999999900e+02
1.509012727655916300e-02 3.051888750000000500e+02 2.012500240000000000e+02 7.537971250000000500e+02 7.934086399999999600e+01 -4.486082500000000000e+02 1.219091600000000000e+02
1.555437453646071900e-02 3.051832187499999200e+02 2.027311040000000200e+02 7.624545624999999500e+02 8.044361600000000600e+01 -4.572713437500000300e+02 1.222874880000000000e+02
1.613468361133766500e-02 3.051836249999999500e+02 2.043609840000000000e+02 7.721192499999999700e+02 8.171547200000000500e+01 -4.669356250000000200e+02 1.226455120000000000e+02
1.646110688373719400e-02 3.051835937500000000e+02 2.052479280000000000e+02 7.774788125000000000e+02 8.239231200000000400e+01 -4.722952187500000000e+02 1.228556160000000000e+02
1.655903374901330400e-02 3.051856250000000200e+02 2.054992320000000100e+02 7.791105000000000000e+02 8.258318400000000300e+01 -4.739248749999999900e+02 1.229160480000000000e+02
1.674264691251538300e-02 3.052114687499999900e+02 2.058982800000000000e+02 7.827556250000000100e+02 8.285119199999999800e+01 -4.775441562500000100e+02 1.230470880000000000e+02
1.696298294160537800e-02 3.051441562500000400e+02 2.064395840000000000e+02 7.865888750000000300e+02 8.328142400000000100e+01 -4.814447187499999900e+02 1.231581600000000000e+02
1.719020428966108000e-02 3.051863437500000500e+02 2.069798559999999800e+02 7.901742500000000300e+02 8.374774399999999700e+01 -4.849879062499999800e+02 1.232321120000000000e+02
1.731801644349709500e-02 3.051933437499999400e+02 2.072631200000000100e+02 7.923039374999999600e+02 8.398695999999999600e+01 -4.871105937500000200e+02 1.232761600000000000e+02
1.744873386890751300e-02 3.051801874999999900e+02 2.075385919999999900e+02 7.945831250000000000e+02 8.421164000000000300e+01 -4.894029375000000100e+02 1.233269520000000100e+02
1.748917361901065500e-02 3.051835000000000400e+02 2.076199039999999900e+02 7.953098125000000200e+02 8.427681599999999700e+01 -4.901263124999999800e+02 1.233430879999999900e+02
1.753053327474256600e-02 3.052692499999999400e+02 2.076516800000000000e+02 7.964378124999999500e+02 8.427816000000000000e+01 -4.911685625000000100e+02 1.233735200000000000e+02
1.762359279124873700e-02 3.051595624999999900e+02 2.078540720000000000e+02 7.981596875000000200e+02 8.443412800000000100e+01 -4.930001250000000300e+02 1.234199440000000000e+02
1.767593891483814500e-02 3.052633124999999800e+02 2.079287840000000100e+02 7.994308125000000000e+02 8.447679200000000300e+01 -4.941675000000000200e+02 1.234519920000000000e+02
1.770538288158374900e-02 3.056641249999999600e+02 2.078572240000000000e+02 8.008413124999999600e+02 8.437935199999999700e+01 -4.951771875000000000e+02 1.234778720000000000e+02
1.777163355341761200e-02 3.049893437500000500e+02 2.080536000000000200e+02 8.017797500000000400e+02 8.451851200000000100e+01 -4.967904062499999900e+02 1.235350880000000000e+02
1.792069552727816900e-02 3.051764062499999600e+02 2.083859279999999800e+02 8.044451874999999700e+02 8.479390399999999800e+01 -4.992687812500000200e+02 1.235920239999999900e+02
1.810516105903374100e-02 3.051816249999999400e+02 2.087409840000000300e+02 8.072904999999999500e+02 8.509337600000000600e+01 -5.021088750000000100e+02 1.236476080000000100e+02
1.829381856580648100e-02 3.051920312499999600e+02 2.090836160000000100e+02 8.101253124999999500e+02 8.538120000000000700e+01 -5.049332812499999900e+02 1.237024160000000000e+02
1.852728246332524900e-02 3.051543124999999500e+02 2.095080080000000200e+02 8.135941249999999600e+02 8.572284799999999900e+01 -5.084398125000000200e+02 1.237851600000000000e+02
1.865860656067565300e-02 3.051864687500000200e+02 2.097644480000000200e+02 8.152903125000000300e+02 8.593961600000000100e+01 -5.101038437500000100e+02 1.238248320000000000e+02
1.879291394691327800e-02 3.051838437499999900e+02 2.100098960000000000e+02 8.169665000000000000e+02 8.614824799999999500e+01 -5.117826562500000000e+02 1.238616480000000000e+02
1.909510760371356200e-02 3.051825937500000200e+02 2.105550720000000000e+02 8.207143750000000200e+02 8.660693600000000500e+01 -5.155317812499999900e+02 1.239481360000000100e+02
1.977504129374857100e-02 3.051824062499999900e+02 2.117034800000000100e+02 8.286200000000000000e+02 8.756327199999999800e+01 -5.234375937500000200e+02 1.241402080000000000e+02
2.015750544994014300e-02 3.051816875000000700e+02 2.123019679999999900e+02 8.328533750000000300e+02 8.806318400000000700e+01 -5.276716874999999600e+02 1.242387840000000000e+02
2.037263993669633300e-02 3.051805625000000600e+02 2.126101760000000000e+02 8.350943750000000100e+02 8.832127199999999300e+01 -5.299138124999999500e+02 1.242889040000000000e+02
2.049365293994200400e-02 3.051829999999999900e+02 2.127354320000000000e+02 8.361218750000000500e+02 8.843970400000000600e+01 -5.309388750000000500e+02 1.242957280000000000e+02
2.076593569055727400e-02 3.051795624999999700e+02 2.131407199999999900e+02 8.389674999999999700e+02 8.876410400000000300e+01 -5.337879375000000000e+02 1.243766160000000000e+02
2.110288198468740800e-02 3.051845625000000800e+02 2.136048000000000100e+02 8.425203125000000500e+02 8.912440800000000300e+01 -5.373357499999999600e+02 1.244803919999999900e+02
2.144748794872391000e-02 3.051884374999999600e+02 2.140244160000000000e+02 8.464317499999999700e+02 8.942491200000000600e+01 -5.412433125000000000e+02 1.245995040000000000e+02
2.164132953126788500e-02 3.051684374999999800e+02 2.142732719999999900e+02 8.483101874999999800e+02 8.961171199999999700e+01 -5.431417500000000000e+02 1.246615599999999900e+02
2.166858668437953200e-02 3.053776874999999800e+02 2.143286400000000100e+02 8.487023749999999600e+02 8.965416799999999900e+01 -5.433246874999999800e+02 1.246744719999999900e+02
2.170129806276351700e-02 3.051979374999999700e+02 2.143514240000000100e+02 8.488287500000000100e+02 8.967237600000000000e+01 -5.436308125000000500e+02 1.246790479999999900e+02
2.175036280146448700e-02 3.050925624999999900e+02 2.143937520000000100e+02 8.491212500000000300e+02 8.970676000000000300e+01 -5.440286875000000500e+02 1.246869920000000000e+02
2.179942986904046700e-02 3.051260624999999900e+02 2.144436880000000100e+02 8.495378749999999900e+02 8.974964799999999300e+01 -5.444118125000000000e+02 1.246940400000000000e+02
2.184849460774143700e-02 3.051898749999999200e+02 2.144991359999999900e+02 8.499713749999999700e+02 8.979420799999999800e+01 -5.447815000000000500e+02 1.247049280000000000e+02
2.194049448611826900e-02 3.052062499999999500e+02 2.146104880000000000e+02 8.507799999999999700e+02 8.987968800000000200e+01 -5.455737500000000200e+02 1.247308000000000000e+02
2.214749188359112900e-02 3.051784374999999700e+02 2.148738960000000000e+02 8.526898750000000300e+02 9.007562400000000500e+01 -5.475114375000000600e+02 1.247982720000000000e+02
2.240364950364034900e-02 3.051880000000001000e+02 2.151802319999999900e+02 8.551163125000000500e+02 9.029596800000000200e+01 -5.499283124999999500e+02 1.248842640000000000e+02
2.266562931121341900e-02 3.052254375000000000e+02 2.153339520000000100e+02 8.587197499999999800e+02 9.032755199999999700e+01 -5.534943124999999800e+02 1.250064000000000000e+02
2.267484001187614800e-02 3.051014999999999900e+02 2.153448880000000000e+02 8.587334375000000400e+02 9.033432799999999900e+01 -5.536319375000000500e+02 1.250105600000000000e+02
2.268001942989736000e-02 3.050447500000000200e+02 2.153502320000000100e+02 8.587380000000000600e+02 9.033873599999999700e+01 -5.536932500000000300e+02 1.250114959999999900e+02
2.268293518140930200e-02 3.050153125000000500e+02 2.153516880000000000e+02 8.587338125000000000e+02 9.034064800000000200e+01 -5.537184999999999500e+02 1.250110399999999900e+02
2.268654027992407200e-02 3.051681874999999300e+02 2.153257840000000000e+02 8.588201874999999700e+02 9.032781599999999900e+01 -5.536520000000000400e+02 1.249979680000000000e+02
2.269022921793918000e-02 3.060540624999999900e+02 2.151978960000000100e+02 8.594284999999999900e+02 9.024477600000000200e+01 -5.533744375000000000e+02 1.249531200000000000e+02
2.269852699959816800e-02 3.058585625000000600e+02 2.151196880000000000e+02 8.593963750000000300e+02 9.017380799999999400e+01 -5.535378124999999700e+02 1.249458800000000000e+02
2.271719991942465100e-02 3.047895624999999900e+02 2.152370560000000000e+02 8.586069374999999600e+02 9.027087199999999700e+01 -5.538173749999999700e+02 1.249661840000000000e+02
2.275921049572172900e-02 3.048138749999999400e+02 2.153682400000000100e+02 8.588776874999999800e+02 9.037976000000000500e+01 -5.540638125000000400e+02 1.249884800000000000e+02
2.285373720348390900e-02 3.052748125000000500e+02 2.155396480000000000e+02 8.600960000000000000e+02 9.050192800000000700e+01 -5.548211874999999500e+02 1.250377199999999900e+02
2.290690774882669600e-02 3.052210000000000000e+02 2.155958800000000200e+02 8.605101250000000200e+02 9.054283200000000400e+01 -5.552891250000000100e+02 1.250530480000000000e+02
2.295924921466608800e-02 3.051535624999999100e+02 2.156316160000000100e+02 8.608128749999999600e+02 9.057295200000000100e+01 -5.556593125000000600e+02 1.250586639999999900e+02
2.297607067885998700e-02 3.051096249999999400e+02 2.156325200000000000e+02 8.608507499999999500e+02 9.057609600000000700e+01 -5.557411250000000100e+02 1.250564240000000100e+02
2.298553522689875500e-02 3.056088749999999000e+02 2.155410000000000000e+02 8.612681874999999500e+02 9.050812000000000500e+01 -5.556593125000000600e+02 1.250328800000000100e+02
2.300682813111096900e-02 3.052583750000000000e+02 2.154823999999999800e+02 8.610773124999999500e+02 9.046494400000000300e+01 -5.558189374999999500e+02 1.250174560000000000e+02
2.305473541893219800e-02 3.051109999999999900e+02 2.154539839999999900e+02 8.611390625000000200e+02 9.045469599999999800e+01 -5.560280625000000300e+02 1.249992880000000100e+02
2.316252739874871300e-02 3.052001250000000700e+02 2.157129840000000100e+02 8.618317500000000600e+02 9.065808800000000600e+01 -5.566316249999999900e+02 1.250548960000000000e+02
2.319587688888531300e-02 3.052825625000000400e+02 2.157588000000000100e+02 8.621793125000000400e+02 9.068981599999999300e+01 -5.568967500000000000e+02 1.250689840000000000e+02
2.321463364821213900e-02 3.052778124999999800e+02 2.157789040000000100e+02 8.623357499999999600e+02 9.070353600000000000e+01 -5.570579374999999800e+02 1.250753680000000000e+02
2.323381892054072300e-02 3.059123750000000000e+02 2.156226159999999900e+02 8.629256874999999800e+02 9.058854399999999900e+01 -5.570133124999999800e+02 1.250340719999999900e+02
2.327698461884253000e-02 3.047959374999999200e+02 2.157300480000000100e+02 8.623061249999999500e+02 9.067523199999999400e+01 -5.575101875000000300e+02 1.250548160000000000e+02
2.337410802224034600e-02 3.052180624999999700e+02 2.159122480000000100e+02 8.635718749999999800e+02 9.080500000000000700e+01 -5.583538125000000000e+02 1.251072480000000000e+02
2.338776687417129500e-02 3.052551250000000200e+02 2.159322480000000200e+02 8.637364999999999800e+02 9.081860000000000400e+01 -5.584813749999999600e+02 1.251136480000000000e+02
2.340466752011552100e-02 3.053122500000000600e+02 2.159573920000000000e+02 8.639454375000000300e+02 9.083582400000000200e+01 -5.586331874999999600e+02 1.251215680000000000e+02
2.342195243043631800e-02 3.056676874999999400e+02 2.160112560000000000e+02 8.643736874999999600e+02 9.087648000000000100e+01 -5.587060000000000200e+02 1.251347760000000000e+02
2.342730185633323100e-02 3.057160625000000200e+02 2.160222000000000000e+02 8.644561250000000400e+02 9.088453599999999700e+01 -5.587400625000000200e+02 1.251376640000000000e+02
2.343030843397054400e-02 3.057141874999999800e+02 2.160252160000000000e+02 8.644789375000000300e+02 9.088655199999999500e+01 -5.587647500000000500e+02 1.251386640000000100e+02
2.343338487785814500e-02 3.056843750000000500e+02 2.160250240000000000e+02 8.644776875000000000e+02 9.088588000000000000e+01 -5.587933124999999600e+02 1.251391440000000000e+02
2.344030862326150500e-02 3.055241250000000300e+02 2.160146000000000000e+02 8.644001250000000000e+02 9.087655200000000400e+01 -5.588759999999999800e+02 1.251380480000000000e+02
2.345588181045029500e-02 3.051056875000000400e+02 2.159902080000000000e+02 8.642160625000000200e+02 9.085766400000000000e+01 -5.591103749999999800e+02 1.251325440000000000e+02
2.349092672159383600e-02 3.047756875000000000e+02 2.159959360000000000e+02 8.642962499999999900e+02 9.086134400000000300e+01 -5.595205624999999800e+02 1.251345920000000000e+02
2.356977311391679100e-02 3.051601249999999900e+02 2.161039680000000100e+02 8.652970625000000400e+02 9.093359200000000400e+01 -5.601369375000000400e+02 1.251703760000000000e+02
2.374717982551845200e-02 3.052026875000000200e+02 2.163090880000000000e+02 8.671140625000000500e+02 9.105964000000000200e+01 -5.619113750000000200e+02 1.252494480000000000e+02
2.396672054379268800e-02 3.051741875000000200e+02 2.165869119999999800e+02 8.689271250000000500e+02 9.124796800000000000e+01 -5.637529375000000300e+02 1.253389440000000000e+02
2.402285341814760700e-02 3.051770625000000300e+02 2.166521839999999800e+02 8.693785000000000300e+02 9.129282399999999600e+01 -5.642014375000000000e+02 1.253593600000000000e+02
2.405442597665193000e-02 3.051741875000000200e+02 2.166865359999999900e+02 8.696211250000000100e+02 9.131667199999999700e+01 -5.644469374999999900e+02 1.253698640000000100e+02
2.407218830634968300e-02 3.051708750000000200e+02 2.167046240000000200e+02 8.697521249999999800e+02 9.132948000000000400e+01 -5.645812499999999500e+02 1.253751440000000100e+02
2.408217685126559600e-02 3.051662499999999900e+02 2.167138959999999800e+02 8.698211874999999500e+02 9.133621599999999300e+01 -5.646549374999999600e+02 1.253776800000000000e+02
2.408779642666361600e-02 3.051587499999999400e+02 2.167181519999999800e+02 8.698541874999999700e+02 9.133947999999999500e+01 -5.646954375000000300e+02 1.253786719999999900e+02
2.409475277631710800e-02 3.051428750000000000e+02 2.167166080000000100e+02 8.698804374999999700e+02 9.133900800000000700e+01 -5.647375624999999700e+02 1.253776000000000000e+02
2.410186516059624100e-02 3.059415625000000300e+02 2.166067600000000100e+02 8.704923125000000300e+02 9.126267199999999500e+01 -5.645507499999999900e+02 1.253440880000000000e+02
2.411786686078678400e-02 3.052924375000000100e+02 2.165808960000000000e+02 8.700994375000000200e+02 9.124134399999999800e+01 -5.648070000000000200e+02 1.253395520000000000e+02
2.415387359730926700e-02 3.048916249999999800e+02 2.166673040000000000e+02 8.699268124999999800e+02 9.131526399999999900e+01 -5.650351875000000100e+02 1.253520400000000000e+02
2.423488584339109400e-02 3.052116250000000300e+02 2.167816880000000000e+02 8.706454999999999700e+02 9.140748800000000100e+01 -5.654338749999999400e+02 1.253742000000000000e+02
2.441716689038771600e-02 3.051956249999999500e+02 2.169950480000000000e+02 8.721258749999999500e+02 9.155136000000000300e+01 -5.669302500000000000e+02 1.254436879999999900e+02
2.482729808169261600e-02 3.051831875000000300e+02 2.174030240000000200e+02 8.753911875000000000e+02 9.181655200000000100e+01 -5.702079999999999700e+02 1.255864720000000000e+02
2.485901735932253400e-02 3.051676874999999400e+02 2.174294879999999900e+02 8.756159374999999700e+02 9.183381599999999900e+01 -5.704482500000000300e+02 1.255956719999999900e+02
2.489146091708042600e-02 3.055388750000000800e+02 2.173144719999999900e+02 8.761079375000000500e+02 9.174696000000000100e+01 -5.705690624999999700e+02 1.255675119999999900e+02
2.496445484650440900e-02 3.048786250000000600e+02 2.173808400000000100e+02 8.756841875000000100e+02 9.181810400000000500e+01 -5.708055624999999500e+02 1.255627360000000000e+02
2.512869176992712400e-02 3.052369374999999500e+02 2.175949119999999900e+02 8.771404374999999600e+02 9.196196799999999900e+01 -5.719035000000000100e+02 1.256329439999999900e+02
2.533193502088460600e-02 3.051523124999999900e+02 2.177698240000000000e+02 8.785605624999999500e+02 9.206467999999999600e+01 -5.734082499999999500e+02 1.257051440000000000e+02
2.538390153784746100e-02 3.051552500000000200e+02 2.178092080000000100e+02 8.788053750000000300e+02 9.209011200000000500e+01 -5.736501250000000000e+02 1.257190959999999900e+02
2.541313124809218800e-02 3.052638749999999800e+02 2.177727679999999900e+02 8.789618124999999500e+02 9.205697600000000600e+01 -5.736979374999999700e+02 1.257157919999999900e+02
2.547890100723658100e-02 3.052858124999999100e+02 2.176339920000000100e+02 8.791392499999999500e+02 9.193920000000000000e+01 -5.738534375000000400e+02 1.256947920000000100e+02
2.551589751563811500e-02 3.050822500000000400e+02 2.176259840000000200e+02 8.790258125000000300e+02 9.193692000000000100e+01 -5.739435624999999800e+02 1.256890640000000000e+02
2.553670601384834900e-02 3.051118124999999300e+02 2.176062560000000000e+02 8.790801249999999500e+02 9.192556000000000400e+01 -5.739683125000000200e+02 1.256806960000000000e+02
2.558352804591513400e-02 3.052165000000000000e+02 2.175654480000000000e+02 8.791936875000000100e+02 9.189411200000000700e+01 -5.739771875000000100e+02 1.256713360000000000e+02
2.559801364847446800e-02 3.052607500000000300e+02 2.175344719999999900e+02 8.792468750000000500e+02 9.186288000000000400e+01 -5.739861250000000200e+02 1.256715920000000000e+02
2.560616238213284400e-02 3.053698125000000800e+02 2.175020799999999800e+02 8.793617500000000300e+02 9.183057599999999400e+01 -5.739919374999999500e+02 1.256715040000000000e+02
2.561449509691697200e-02 3.058220625000000200e+02 2.174102159999999900e+02 8.798005000000000600e+02 9.174413599999999700e+01 -5.739784375000000400e+02 1.256660799999999900e+02
2.563324486961877200e-02 3.054903749999999700e+02 2.173469119999999700e+02 8.795837500000000100e+02 9.168153599999999400e+01 -5.740933750000000400e+02 1.256653759999999900e+02
2.567543244041657300e-02 3.047291249999999500e+02 2.174206399999999900e+02 8.788811875000000100e+02 9.174299999999999500e+01 -5.741520625000000600e+02 1.256776400000000000e+02
2.577035505693037900e-02 3.050527499999999500e+02 2.174982319999999700e+02 8.789425000000000000e+02 9.179814399999999400e+01 -5.738897500000000500e+02 1.257000879999999900e+02
2.588781885466150800e-02 3.051925000000000000e+02 2.176427600000000100e+02 8.787625000000000500e+02 9.192616800000000400e+01 -5.735700000000000500e+02 1.257165920000000100e+02
2.595389369643215000e-02 3.052237500000000000e+02 2.177112640000000000e+02 8.787209374999999900e+02 9.198764799999999300e+01 -5.734971875000000000e+02 1.257236160000000100e+02
2.602147066258394400e-02 3.053021875000000600e+02 2.176965119999999800e+02 8.787228750000000400e+02 9.198378400000000000e+01 -5.734206874999999900e+02 1.257127280000000000e+02
2.617351592533172600e-02 3.051850625000000700e+02 2.177289280000000000e+02 8.788010000000000400e+02 9.201987200000000700e+01 -5.736159374999999700e+02 1.257090560000000000e+02
2.618527674412989400e-02 3.054983125000000000e+02 2.177387200000000000e+02 8.791476249999999500e+02 9.203158399999999500e+01 -5.736493124999999500e+02 1.257071360000000100e+02
2.619730305467915200e-02 3.059984375000000200e+02 2.176832800000000000e+02 8.797103124999999900e+02 9.198803999999999800e+01 -5.737118749999999600e+02 1.256952400000000000e+02
2.622436458229000100e-02 3.051303749999999600e+02 2.176609760000000100e+02 8.789919374999999500e+02 9.197548799999999900e+01 -5.738615624999999900e+02 1.256854880000000100e+02
2.628525069053938900e-02 3.048685624999999400e+02 2.176903919999999700e+02 8.788101249999999700e+02 9.200203999999999400e+01 -5.739415625000000300e+02 1.256883519999999900e+02
2.631949912642966800e-02 3.050211875000000000e+02 2.177397919999999900e+02 8.790238124999999600e+02 9.203957599999999700e+01 -5.740026249999999700e+02 1.257002160000000000e+02
2.639655927162031000e-02 3.052751875000000200e+02 2.178235440000000000e+02 8.795563750000000000e+02 9.210099999999999900e+01 -5.742811874999999900e+02 1.257225440000000000e+02
2.643990662217286100e-02 3.052295625000000400e+02 2.178560320000000000e+02 8.797218125000000600e+02 9.212192799999999700e+01 -5.744922500000000100e+02 1.257341040000000000e+02
2.649354760026757100e-02 3.051659375000000400e+02 2.178694560000000100e+02 8.798038125000000500e+02 9.212680000000000300e+01 -5.746378750000000100e+02 1.257426560000000000e+02
2.654840890886728300e-02 3.051955000000000400e+02 2.178274400000000000e+02 8.798451250000000500e+02 9.209085600000000200e+01 -5.746496250000000100e+02 1.257365839999999900e+02
2.667184394212287300e-02 3.051796875000000000e+02 2.179286960000000000e+02 8.801845624999999700e+02 9.215319200000000400e+01 -5.750048749999999700e+02 1.257755040000000000e+02
2.694957393138545600e-02 3.051866874999999500e+02 2.181364399999999900e+02 8.813396874999999700e+02 9.227634399999999500e+01 -5.761530000000000200e+02 1.258600960000000000e+02
2.710579719590034900e-02 3.051818749999999900e+02 2.182493040000000000e+02 8.820430000000000100e+02 9.234397599999999800e+01 -5.768611250000000200e+02 1.259053280000000000e+02
2.715412833897331100e-02 3.051825000000000000e+02 2.182736800000000100e+02 8.822276249999999900e+02 9.235894399999999400e+01 -5.770451249999999800e+02 1.259147360000000000e+02
2.716648534977392600e-02 3.051812499999999800e+02 2.182771359999999800e+02 8.822643749999999700e+02 9.236114399999999600e+01 -5.770831250000000000e+02 1.259159920000000000e+02
2.719428978851281100e-02 3.053682499999999900e+02 2.182170479999999800e+02 8.824108125000000200e+02 9.231198399999999500e+01 -5.770425625000000300e+02 1.259050640000000000e+02
2.725685035789406100e-02 3.051378125000000000e+02 2.181817439999999800e+02 8.821408125000000400e+02 9.227391199999999600e+01 -5.770030000000000400e+02 1.259078320000000000e+02
2.739760989234561400e-02 3.052672499999999900e+02 2.179692319999999800e+02 8.818039374999999600e+02 9.202311199999999800e+01 -5.765366874999999700e+02 1.259461199999999900e+02
2.757180042755909600e-02 3.051224375000000500e+02 2.181578320000000100e+02 8.814966249999999900e+02 9.214314400000000700e+01 -5.763741874999999500e+02 1.260146880000000100e+02
2.774994772141378700e-02 3.052091250000000900e+02 2.182784960000000200e+02 8.818930000000000300e+02 9.220051999999999700e+01 -5.766838749999999400e+02 1.260779760000000100e+02
2.780506287738953800e-02 3.052135625000000800e+02 2.183045839999999800e+02 8.819968750000000500e+02 9.220650399999999500e+01 -5.767833124999999700e+02 1.260980800000000000e+02
2.783606486151652200e-02 3.051998125000000100e+02 2.183130160000000000e+02 8.820194999999999900e+02 9.220406400000000200e+01 -5.768196874999999900e+02 1.261089520000000000e+02
2.786777249477139600e-02 3.052146250000000700e+02 2.183165920000000100e+02 8.820102500000000400e+02 9.219690400000000400e+01 -5.767956249999999700e+02 1.261196880000000000e+02
2.793911059406360000e-02 3.051889375000000700e+02 2.183626320000000200e+02 8.822344375000000100e+02 9.221352000000000300e+01 -5.770454999999999500e+02 1.261491120000000000e+02
2.809962597522107000e-02 3.051863750000000000e+02 2.184544160000000100e+02 8.827194375000000300e+02 9.224010400000000200e+01 -5.775330625000000300e+02 1.262143120000000100e+02
2.812219976068853000e-02 3.051844999999999600e+02 2.184666960000000100e+02 8.827901875000000000e+02 9.224362399999999700e+01 -5.776056875000000400e+02 1.262230720000000000e+02
2.813489678724054000e-02 3.051775624999999100e+02 2.184723119999999900e+02 8.828206874999999600e+02 9.224457599999999500e+01 -5.776431250000000500e+02 1.262277359999999900e+02
2.814203711801978700e-02 3.051701249999999800e+02 2.184745200000000100e+02 8.828316250000000300e+02 9.224440800000000700e+01 -5.776615000000000500e+02 1.262301120000000100e+02
2.815087752755599300e-02 3.051676875000000600e+02 2.184615920000000000e+02 8.828165625000000300e+02 9.223341600000000500e+01 -5.776488749999999800e+02 1.262281760000000000e+02
2.815991589146801800e-02 3.062057499999999700e+02 2.182627360000000200e+02 8.834865624999999900e+02 9.209300799999999800e+01 -5.772808125000000200e+02 1.261697280000000100e+02
2.818025395692632200e-02 3.053314374999999900e+02 2.182519199999999800e+02 8.827923124999999800e+02 9.207255200000000200e+01 -5.774608749999999900e+02 1.261793680000000000e+02
2.822601402198875500e-02 3.047724374999999100e+02 2.183675839999999900e+02 8.823552499999999600e+02 9.215003199999999600e+01 -5.775828125000000500e+02 1.262175520000000000e+02
2.832897591503548400e-02 3.052632499999999700e+02 2.185104719999999900e+02 8.830003749999999600e+02 9.223935199999999700e+01 -5.777371249999999900e+02 1.262711200000000000e+02
2.843032855545062800e-02 3.052209374999999900e+02 2.185546800000000200e+02 8.832705624999999800e+02 9.224622399999999800e+01 -5.780496249999999900e+02 1.263084560000000100e+02
2.844824691977402100e-02 3.051848750000000300e+02 2.185536319999999900e+02 8.832668750000000300e+02 9.224113599999999700e+01 -5.780819999999999900e+02 1.263124960000000000e+02
2.845832629081530800e-02 3.051968125000000800e+02 2.185376400000000100e+02 8.832730000000000200e+02 9.222588000000000400e+01 -5.780761874999999500e+02 1.263117600000000100e+02
2.846399477258852400e-02 3.052743750000000800e+02 2.185146639999999800e+02 8.833345000000000500e+02 9.220555199999999700e+01 -5.780601249999999700e+02 1.263091120000000000e+02
2.846979367136227500e-02 3.055197499999999300e+02 2.184608240000000000e+02 8.835333749999999800e+02 9.215983199999999400e+01 -5.780136250000000500e+02 1.263009919999999900e+02
2.848284002916571400e-02 3.069143125000000500e+02 2.180667599999999900e+02 8.846676875000000600e+02 9.183799999999999400e+01 -5.777533750000000100e+02 1.262287599999999900e+02
2.851219084091093400e-02 3.050949375000000100e+02 2.181109920000000100e+02 8.833018124999999800e+02 9.184112799999999800e+01 -5.782068749999999700e+02 1.262698640000000000e+02
2.854851663330972700e-02 3.060171874999999800e+02 2.178386960000000000e+02 8.839636249999999800e+02 9.161572800000000400e+01 -5.779464375000000000e+02 1.262229679999999900e+02
2.855780418684776900e-02 3.053970000000000500e+02 2.177854800000000100e+02 8.835119375000000400e+02 9.156317599999999900e+01 -5.781149375000000000e+02 1.262223039999999900e+02
2.857870118230836100e-02 3.047485625000000500e+02 2.178472080000000200e+02 8.829755000000000100e+02 9.160388000000000400e+01 -5.782269374999999600e+02 1.262433280000000100e+02
2.862571883987594800e-02 3.046283750000000100e+02 2.179211200000000000e+02 8.827589375000000000e+02 9.165515200000000100e+01 -5.781305625000000000e+02 1.262659680000000000e+02
2.873150798718425800e-02 3.052338125000000000e+02 2.181147200000000100e+02 8.830281250000000500e+02 9.181267200000000600e+01 -5.777943125000000500e+02 1.263020480000000000e+02
2.896953764415922900e-02 3.051691250000000100e+02 2.182780080000000000e+02 8.826216249999999900e+02 9.197642399999999400e+01 -5.774524999999999900e+02 1.263015840000000100e+02
2.910342932620765100e-02 3.052174375000000700e+02 2.184395759999999900e+02 8.826128125000000200e+02 9.212008000000000200e+01 -5.773953749999999400e+02 1.263194960000000000e+02
2.917874281514113200e-02 3.052242499999999800e+02 2.184969760000000200e+02 8.827466249999999900e+02 9.216078400000000700e+01 -5.775223750000000100e+02 1.263361920000000000e+02
2.922110505156464900e-02 3.056223749999999200e+02 2.183552320000000000e+02 8.830628749999999600e+02 9.204845600000000200e+01 -5.774405000000000400e+02 1.263067760000000000e+02
2.931642357683007100e-02 3.049428749999999600e+02 2.184077120000000000e+02 8.823346249999999600e+02 9.210576799999999800e+01 -5.773917500000000000e+02 1.263019440000000100e+02
2.937004126617469300e-02 3.051591250000000200e+02 2.184846400000000100e+02 8.824923750000000400e+02 9.217216000000000500e+01 -5.773332500000000200e+02 1.263124799999999900e+02
2.943639324407146600e-02 3.053071875000000500e+02 2.184693839999999900e+02 8.826172500000000100e+02 9.215672800000000100e+01 -5.773100624999999600e+02 1.263126560000000000e+02
2.945335676964095200e-02 3.052943750000000600e+02 2.184553280000000100e+02 8.826038750000000200e+02 9.214418399999999600e+01 -5.773094999999999600e+02 1.263111440000000000e+02
2.949152703104729700e-02 3.052458749999999600e+02 2.184005440000000000e+02 8.825360624999999600e+02 9.209308000000000000e+01 -5.772901875000000000e+02 1.263074640000000000e+02
2.957741128364907800e-02 3.051890625000000900e+02 2.182148399999999800e+02 8.824460625000000400e+02 9.192248800000000100e+01 -5.772569999999999500e+02 1.262923519999999900e+02
2.977064968756558400e-02 3.051963749999999900e+02 2.176455359999999900e+02 8.823012499999999800e+02 9.129322399999999500e+01 -5.771048749999999900e+02 1.263523120000000000e+02
2.987934759976080800e-02 3.051955625000000500e+02 2.176529039999999800e+02 8.821262500000000300e+02 9.129622399999999500e+01 -5.769306874999999800e+02 1.263566800000000000e+02
3.012391440888755400e-02 3.051829999999999900e+02 2.179481200000000200e+02 8.817442499999999700e+02 9.155751200000000300e+01 -5.765612499999999700e+02 1.263906080000000000e+02
3.042656568962721600e-02 3.051929374999999700e+02 2.182795439999999900e+02 8.815246250000000100e+02 9.187080799999999700e+01 -5.763316875000000400e+02 1.264087360000000000e+02
3.050394954844417800e-02 3.052123124999999400e+02 2.183485440000000000e+02 8.815288124999999600e+02 9.193824800000000200e+01 -5.763165000000000200e+02 1.264102960000000000e+02
3.054747622237246500e-02 3.055535625000000000e+02 2.182796400000000000e+02 8.818076250000000300e+02 9.188821600000000000e+01 -5.762540625000000300e+02 1.263914240000000000e+02
3.064541473202362200e-02 3.050903749999999900e+02 2.183503120000000000e+02 8.816045625000000400e+02 9.194487200000000400e+01 -5.765141875000000500e+02 1.264054400000000000e+02
3.086577521430121700e-02 3.051884374999999600e+02 2.185668880000000100e+02 8.822426874999999900e+02 9.209891199999999900e+01 -5.770542500000000200e+02 1.264679759999999900e+02
3.093394837245545500e-02 3.052150000000000300e+02 2.186135199999999900e+02 8.824736874999999800e+02 9.212775999999999500e+01 -5.772586874999999500e+02 1.264857600000000000e+02
3.094353402199472000e-02 3.052199375000000100e+02 2.186191039999999900e+02 8.825053749999999600e+02 9.213090400000000100e+01 -5.772854374999999400e+02 1.264882000000000100e+02
3.095333858578487600e-02 3.052578125000000000e+02 2.186284000000000000e+02 8.825678749999999600e+02 9.213716800000000300e+01 -5.773100624999999600e+02 1.264912320000000000e+02
3.095885569068247700e-02 3.053206249999999500e+02 2.186385040000000100e+02 8.826427499999999800e+02 9.214492799999999300e+01 -5.773221250000000300e+02 1.264935760000000000e+02
3.097126393673329700e-02 3.057403749999999700e+02 2.186806320000000000e+02 8.830774374999999700e+02 9.218500000000000200e+01 -5.773370625000000000e+02 1.264956320000000000e+02
3.098662053854619700e-02 3.056621249999999500e+02 2.186754880000000000e+02 8.831136874999999700e+02 9.219122400000000500e+01 -5.774515625000000200e+02 1.264842640000000000e+02
3.100232647161052900e-02 3.054501875000000800e+02 2.186513679999999900e+02 8.830459375000000400e+02 9.218413599999999500e+01 -5.775957499999999500e+02 1.264672320000000000e+02
3.101115989452171000e-02 3.058571250000000000e+02 2.186236319999999900e+02 8.834158750000000300e+02 9.218791199999999700e+01 -5.775587500000000300e+02 1.264357200000000000e+02
3.103103684272812800e-02 3.056331250000000600e+02 2.184866559999999800e+02 8.834069375000000300e+02 9.213605599999999600e+01 -5.777738124999999600e+02 1.263506000000000000e+02
3.107576055841131800e-02 3.043786249999999400e+02 2.185420080000000100e+02 8.828135624999999900e+02 9.216408800000000700e+01 -5.784349375000000500e+02 1.263779200000000000e+02
3.117638891869849200e-02 3.052478125000000100e+02 2.185745039999999900e+02 8.830833750000000500e+02 9.210770399999999800e+01 -5.778355625000000400e+02 1.264668000000000100e+02
3.128959553291218300e-02 3.052700624999999900e+02 2.186088560000000000e+02 8.831255625000000000e+02 9.208457599999999800e+01 -5.778555000000000100e+02 1.265242800000000000e+02
3.134619884001903200e-02 3.053568125000000500e+02 2.185013840000000000e+02 8.832005000000000300e+02 9.194432799999999900e+01 -5.778436874999999900e+02 1.265570560000000000e+02
3.147355569879068500e-02 3.050854375000000100e+02 2.183235440000000000e+02 8.826603125000000300e+02 9.166242400000000100e+01 -5.775748750000000200e+02 1.266611200000000000e+02
3.176010979546441100e-02 3.051805624999999500e+02 2.183327360000000100e+02 8.823596874999999500e+02 9.150489600000000200e+01 -5.771791250000000000e+02 1.268278399999999900e+02
3.240485651298029300e-02 3.051951874999999700e+02 2.181192080000000100e+02 8.816493124999999500e+02 9.106284800000000200e+01 -5.764541249999999800e+02 1.270563600000000000e+02
3.276752756046579600e-02 3.051853749999999100e+02 2.184410320000000100e+02 8.815014999999999600e+02 9.130415200000000200e+01 -5.763161250000000600e+02 1.271368800000000000e+02
3.297153002467639200e-02 3.051890625000000900e+02 2.185064480000000100e+02 8.815728125000000500e+02 9.132120000000000500e+01 -5.763837499999999600e+02 1.271852480000000000e+02
3.343053498693147900e-02 3.051832500000000400e+02 2.187099920000000000e+02 8.821685625000000100e+02 9.141320799999999700e+01 -5.769853124999999600e+02 1.272967840000000000e+02
3.368872338598901500e-02 3.052093750000000200e+02 2.186237679999999800e+02 8.827573125000000100e+02 9.126286399999999300e+01 -5.775479374999999900e+02 1.273609040000000000e+02
3.426965194161849700e-02 3.051939375000000600e+02 2.190800319999999900e+02 8.840761250000000500e+02 9.154795199999999500e+01 -5.788821874999999900e+02 1.275320799999999900e+02
3.444937588385464000e-02 3.051837500000000300e+02 2.191926639999999800e+02 8.846718124999999900e+02 9.160525599999999700e+01 -5.794880624999999600e+02 1.275874080000000000e+02
3.455047234801873800e-02 3.051841875000000100e+02 2.192531680000000200e+02 8.850157500000000300e+02 9.163523999999999600e+01 -5.798315625000000200e+02 1.276179280000000100e+02
3.460733648912665100e-02 3.051845625000000800e+02 2.192859920000000200e+02 8.852027500000000400e+02 9.165211200000000200e+01 -5.800181874999999500e+02 1.276338800000000000e+02
3.462187798468621700e-02 3.051841875000000100e+02 2.192938560000000100e+02 8.852456875000000300e+02 9.165642400000000100e+01 -5.800615000000000200e+02 1.276374320000000000e+02
3.463005466484470700e-02 3.051836250000000100e+02 2.192978560000000000e+02 8.852661875000000000e+02 9.165880799999999300e+01 -5.800825624999999900e+02 1.276390480000000000e+02
3.463465652186355200e-02 3.051834374999999700e+02 2.192997040000000200e+02 8.852751875000000200e+02 9.166006400000000600e+01 -5.800917500000000500e+02 1.276396400000000000e+02
3.464034829238686600e-02 3.051855624999999500e+02 2.192999519999999900e+02 8.852806875000000000e+02 9.166064799999999500e+01 -5.800951250000000500e+02 1.276393040000000000e+02
3.464355049552498400e-02 3.051984374999999500e+02 2.192971920000000000e+02 8.852883124999999600e+02 9.165906400000000100e+01 -5.800898750000000100e+02 1.276381279999999900e+02
3.464682722266340700e-02 3.052848125000000400e+02 2.192828480000000000e+02 8.853445625000000500e+02 9.164926400000000200e+01 -5.800597500000000100e+02 1.276335840000000000e+02
3.464866936279595300e-02 3.054189999999999800e+02 2.192626880000000000e+02 8.854339374999999600e+02 9.163538400000000200e+01 -5.800149374999999700e+02 1.276273040000000000e+02
3.465094933143029300e-02 3.060426874999999400e+02 2.191777520000000000e+02 8.858464374999999800e+02 9.157828800000000100e+01 -5.798037500000000400e+02 1.275994640000000000e+02
3.465328053531484300e-02 3.096920624999999100e+02 2.187178559999999800e+02 8.882592499999999500e+02 9.127850399999999800e+01 -5.785671875000000500e+02 1.274393520000000000e+02
3.465852516183632500e-02 3.153699374999999900e+02 2.175943120000000000e+02 8.916686875000000300e+02 9.051631199999999900e+01 -5.762987500000000400e+02 1.270780000000000000e+02
3.466147584647340900e-02 3.147576874999999700e+02 2.173303359999999900e+02 8.900894375000000300e+02 9.043536799999999700e+01 -5.753317500000000600e+02 1.268949680000000100e+02
3.466811546912560600e-02 3.115254375000000700e+02 2.170241760000000100e+02 8.871792500000000200e+02 9.025507199999999800e+01 -5.756538124999999600e+02 1.267691040000000000e+02
3.468305520231179700e-02 3.070391249999999000e+02 2.169291360000000000e+02 8.837196249999999500e+02 9.017580800000000400e+01 -5.766805000000000500e+02 1.267533280000000000e+02
3.471666785532447100e-02 3.033198125000000100e+02 2.170508399999999900e+02 8.804272499999999600e+02 9.029684000000000300e+01 -5.771074374999999500e+02 1.267540000000000000e+02
3.479229807125925500e-02 3.038050000000000600e+02 2.175035279999999900e+02 8.801016250000000100e+02 9.070517599999999400e+01 -5.762966249999999500e+02 1.267983519999999900e+02
3.488588857126760000e-02 3.051650624999999800e+02 2.178998960000000100e+02 8.810746874999999800e+02 9.101694399999999500e+01 -5.759096250000000100e+02 1.268829520000000000e+02
3.498160533415965700e-02 3.052020625000000100e+02 2.180184960000000000e+02 8.812546875000000500e+02 9.112882399999999400e+01 -5.760526250000000300e+02 1.268896720000000000e+02
3.503544659550519200e-02 3.056898750000000300e+02 2.178706640000000000e+02 8.822644374999999900e+02 9.096129600000000400e+01 -5.765745624999999600e+02 1.269093680000000000e+02
3.515659001575139500e-02 3.048678125000000100e+02 2.177160480000000000e+02 8.831755000000000600e+02 9.071116800000000100e+01 -5.783076875000000400e+02 1.270048800000000000e+02
3.522473289853050200e-02 3.050269375000000300e+02 2.178734719999999900e+02 8.836611874999999800e+02 9.082486400000000500e+01 -5.786342499999999500e+02 1.270486080000000000e+02
3.537805438478351000e-02 3.051180000000000500e+02 2.181888319999999900e+02 8.840720625000000200e+02 9.108680800000000500e+01 -5.789540624999999600e+02 1.271020240000000000e+02
3.572302598219651700e-02 3.051981875000000200e+02 2.188457920000000200e+02 8.844066874999999800e+02 9.168664800000000500e+01 -5.792084999999999600e+02 1.271591440000000000e+02
3.591707483461634200e-02 3.051990624999999700e+02 2.191403760000000000e+02 8.845499999999999500e+02 9.197303200000000300e+01 -5.793509374999999900e+02 1.271673440000000000e+02
3.597710624573723100e-02 3.051997499999999900e+02 2.192164400000000100e+02 8.845842500000000000e+02 9.205105600000000300e+01 -5.793845000000000000e+02 1.271653840000000000e+02
3.601087493337554900e-02 3.051917499999999600e+02 2.192542799999999900e+02 8.845952499999999600e+02 9.209037600000000600e+01 -5.794035000000000100e+02 1.271639040000000000e+02
3.602987156682835300e-02 3.051851874999999800e+02 2.192741280000000200e+02 8.845994375000000200e+02 9.211112000000000000e+01 -5.794142500000000400e+02 1.271630080000000000e+02
3.604929671328292000e-02 3.051811874999999600e+02 2.192934159999999800e+02 8.846014999999999900e+02 9.213106399999999500e+01 -5.794203125000000200e+02 1.271623520000000000e+02
3.605530753968254300e-02 3.051816875000000700e+02 2.192992879999999900e+02 8.846016250000000100e+02 9.213697600000000400e+01 -5.794199374999999500e+02 1.271623120000000000e+02
3.606145344083271800e-02 3.051898750000000300e+02 2.193058800000000000e+02 8.846017500000000400e+02 9.214296000000000200e+01 -5.794118750000000100e+02 1.271629200000000000e+02
3.606491182022188200e-02 3.052260000000000000e+02 2.193098880000000000e+02 8.845971875000000200e+02 9.214718399999999600e+01 -5.793711875000000200e+02 1.271627040000000100e+02
3.606685643085484600e-02 3.054343125000000300e+02 2.192948640000000200e+02 8.845925624999999900e+02 9.215002400000000200e+01 -5.791582499999999500e+02 1.271448400000000000e+02
3.607123238699776900e-02 3.076511874999999900e+02 2.190780800000000000e+02 8.848778125000000000e+02 9.212840799999999300e+01 -5.772266250000000100e+02 1.269496720000000100e+02
3.608107887053810200e-02 3.075831875000000100e+02 2.188565840000000000e+02 8.848496874999999600e+02 9.197806400000000300e+01 -5.772664999999999500e+02 1.268785199999999900e+02
3.610323112962883500e-02 3.054332499999999300e+02 2.188818560000000000e+02 8.835003749999999600e+02 9.196451199999999900e+01 -5.780671250000000300e+02 1.269173440000000000e+02
3.610634716439160100e-02 3.053340000000000600e+02 2.188887280000000100e+02 8.834341875000000100e+02 9.196852800000000600e+01 -5.781001874999999500e+02 1.269201999999999900e+02
3.611020145253238800e-02 3.053411249999999200e+02 2.188893919999999900e+02 8.834061249999999700e+02 9.197265600000000100e+01 -5.780650000000000500e+02 1.269167360000000000e+02
3.611414423792354300e-02 3.055770000000000000e+02 2.188626560000000200e+02 8.834270625000000300e+02 9.197128800000000100e+01 -5.778500625000000400e+02 1.268913680000000000e+02
3.611636365580762200e-02 3.057833750000000900e+02 2.188357520000000100e+02 8.834634375000000500e+02 9.196604800000000100e+01 -5.776800624999999600e+02 1.268697040000000000e+02
3.612135210607806500e-02 3.065201250000000100e+02 2.187061039999999800e+02 8.835688750000000500e+02 9.192945600000000200e+01 -5.770487500000000400e+02 1.267766479999999900e+02
3.613257961249904900e-02 3.048799374999999800e+02 2.186157920000000000e+02 8.825874999999999800e+02 9.183981599999999900e+01 -5.777075624999999900e+02 1.267759760000000000e+02
3.615784324860252300e-02 3.035521875000000600e+02 2.187777920000000100e+02 8.820838125000000200e+02 9.189751200000000600e+01 -5.785316249999999600e+02 1.268802800000000000e+02
3.621468410096034800e-02 3.045340625000000000e+02 2.191544399999999900e+02 8.834866875000000200e+02 9.206361599999999600e+01 -5.789526250000000100e+02 1.270908240000000000e+02
3.634257427210919200e-02 3.054023750000000100e+02 2.193614000000000000e+02 8.844184374999999800e+02 9.220496799999999400e+01 -5.790160624999999800e+02 1.271564320000000000e+02
3.663032773941282700e-02 3.052016874999999300e+02 2.195632080000000000e+02 8.847006874999999600e+02 9.241455200000000000e+01 -5.794990000000000200e+02 1.271486560000000000e+02
3.679218921032580800e-02 3.051589374999999800e+02 2.196846480000000100e+02 8.846861249999999500e+02 9.252101600000000300e+01 -5.795271874999999700e+02 1.271636320000000100e+02
3.688323424994872900e-02 3.051843750000000500e+02 2.197441200000000100e+02 8.847288125000000000e+02 9.257174399999999500e+01 -5.795444374999999600e+02 1.271723760000000000e+02
3.693444854028350700e-02 3.051861250000000600e+02 2.197735999999999900e+02 8.847445625000000300e+02 9.259640000000000300e+01 -5.795584374999999700e+02 1.271772000000000000e+02
3.704968127575549600e-02 3.051951874999999700e+02 2.198202000000000000e+02 8.847119999999999900e+02 9.262879999999999800e+01 -5.795168125000000100e+02 1.271914000000000000e+02
3.719227829258958000e-02 3.051702500000000100e+02 2.198999279999999900e+02 8.847633750000000000e+02 9.269212000000000300e+01 -5.795931249999999900e+02 1.272078080000000000e+02
3.727249173454313300e-02 3.051859375000000200e+02 2.199433119999999900e+02 8.848248750000000200e+02 9.272525600000000200e+01 -5.796389375000000000e+02 1.272180560000000000e+02
3.731761135897794500e-02 3.051936875000000100e+02 2.199651920000000000e+02 8.848511250000000200e+02 9.274056799999999600e+01 -5.796574375000000100e+02 1.272246240000000100e+02
3.732914627690018400e-02 3.052029999999999700e+02 2.199706959999999800e+02 8.848571875000000100e+02 9.274396799999999500e+01 -5.796541875000000300e+02 1.272267279999999900e+02
3.733563452267676200e-02 3.052202499999999600e+02 2.199740239999999900e+02 8.848638124999999900e+02 9.274568800000000100e+01 -5.796435625000000300e+02 1.272283360000000000e+02
3.733928619869171500e-02 3.052509999999999800e+02 2.199755680000000100e+02 8.848769999999999500e+02 9.274611199999999700e+01 -5.796259999999999800e+02 1.272294560000000000e+02
3.734749781197534800e-02 3.073363124999999600e+02 2.197357759999999900e+02 8.857151874999999600e+02 9.266180799999999400e+01 -5.783788749999999900e+02 1.270739679999999900e+02
3.736597743517605000e-02 3.070681875000000200e+02 2.193553600000000200e+02 8.852930000000000100e+02 9.241895999999999800e+01 -5.782248124999999800e+02 1.269364000000000100e+02
3.740755484072134900e-02 3.043789375000000100e+02 2.195092880000000000e+02 8.838171875000000500e+02 9.244141600000000400e+01 -5.794382500000000400e+02 1.270678719999999900e+02
3.750110342097951600e-02 3.047734375000000000e+02 2.198112639999999900e+02 8.840874374999999600e+02 9.259171200000000100e+01 -5.793139999999999600e+02 1.272195519999999900e+02
3.771158714434166100e-02 3.052274375000000600e+02 2.199527200000000000e+02 8.843550000000000200e+02 9.265557599999999600e+01 -5.791275624999999500e+02 1.272971440000000000e+02
3.818517552190647800e-02 3.051849375000000500e+02 2.201787840000000100e+02 8.852261875000000400e+02 9.270322400000000600e+01 -5.800412499999999900e+02 1.274755600000000000e+02
3.845156854762262600e-02 3.051850624999999600e+02 2.202964640000000100e+02 8.857444375000000000e+02 9.273684799999999500e+01 -5.805593750000000500e+02 1.275596160000000100e+02
3.853398277646019600e-02 3.051876250000000300e+02 2.203313680000000000e+02 8.859014375000000400e+02 9.274907199999999800e+01 -5.807138125000000200e+02 1.275822960000000000e+02
3.858034136240008600e-02 3.051980624999999900e+02 2.203514960000000000e+02 8.859953749999999700e+02 9.275749600000000300e+01 -5.807973124999999800e+02 1.275939999999999900e+02
3.860641777588189000e-02 3.052290000000000400e+02 2.203636399999999800e+02 8.860670625000000200e+02 9.276435999999999600e+01 -5.808380624999999800e+02 1.275992799999999900e+02
3.863308805249113200e-02 3.054023124999999900e+02 2.203533999999999900e+02 8.862800624999999900e+02 9.275199999999999500e+01 -5.808777499999999900e+02 1.276014000000000000e+02
3.864133925664992700e-02 3.055963749999999700e+02 2.203322640000000100e+02 8.865016249999999900e+02 9.273000000000000400e+01 -5.809052500000000200e+02 1.276022640000000100e+02
3.864977677080948900e-02 3.064569374999999800e+02 2.202306480000000000e+02 8.874236875000000300e+02 9.262832799999999600e+01 -5.809667500000000500e+02 1.276023200000000100e+02
3.866876408876225600e-02 3.069306249999999600e+02 2.198349279999999900e+02 8.884665000000000000e+02 9.223657599999999900e+01 -5.815358750000000300e+02 1.275983520000000100e+02
3.869226010873350100e-02 3.053624374999999400e+02 2.198543840000000100e+02 8.873223749999999700e+02 9.224820800000000500e+01 -5.819599375000000200e+02 1.276061760000000000e+02
3.870547647441263700e-02 3.047804375000000600e+02 2.198483039999999800e+02 8.869265000000000300e+02 9.224157599999999500e+01 -5.821460624999999700e+02 1.276067280000000000e+02
3.871899326496799900e-02 3.041773124999999700e+02 2.198298719999999900e+02 8.865009374999999600e+02 9.222544800000000000e+01 -5.823236249999999900e+02 1.276044239999999900e+02
3.874940371484255500e-02 3.040227499999999700e+02 2.198628239999999900e+02 8.864664374999999800e+02 9.224831199999999900e+01 -5.824436875000000100e+02 1.276145120000000000e+02
3.881783304924784500e-02 3.054655625000000300e+02 2.199212880000000000e+02 8.882796875000000200e+02 9.225316800000000200e+01 -5.828141249999999900e+02 1.276681200000000000e+02
3.897179497612847400e-02 3.050466249999999500e+02 2.200610080000000200e+02 8.883872499999999900e+02 9.234376000000000300e+01 -5.833406250000000500e+02 1.277172480000000000e+02
3.931821047604738800e-02 3.051884374999999600e+02 2.203357520000000100e+02 8.887184999999999500e+02 9.252601599999999800e+01 -5.835300624999999900e+02 1.278097360000000000e+02
3.936692588349693200e-02 3.051632500000000600e+02 2.203816880000000000e+02 8.887518750000000400e+02 9.255947200000000000e+01 -5.835886249999999800e+02 1.278222160000000000e+02
3.947653671469589900e-02 3.051734374999999800e+02 2.204716160000000100e+02 8.888698749999999800e+02 9.262956800000000600e+01 -5.836964375000000000e+02 1.278420480000000100e+02
3.972315526270604100e-02 3.051821875000000500e+02 2.206462320000000000e+02 8.891469375000000400e+02 9.276495199999999400e+01 -5.839647499999999800e+02 1.278812800000000000e+02
4.027804699572888600e-02 3.051856250000000700e+02 2.209864240000000000e+02 8.900844375000000400e+02 9.299814399999999600e+01 -5.848988124999999600e+02 1.279882800000000000e+02
4.096472510779151900e-02 3.051886875000000100e+02 2.213135920000000000e+02 8.918115000000000200e+02 9.315728799999999400e+01 -5.866228125000000100e+02 1.281563040000000100e+02
4.135098300137362400e-02 3.051815000000000300e+02 2.214908639999999900e+02 8.927617500000000100e+02 9.324192800000000100e+01 -5.875802499999999800e+02 1.282489359999999900e+02
4.156825306651357200e-02 3.052906250000000900e+02 2.215766320000000200e+02 8.936313750000000500e+02 9.326944799999999700e+01 -5.883407499999999600e+02 1.283071840000000100e+02
4.169046776926416100e-02 3.051059374999999800e+02 2.216294319999999800e+02 8.938245624999999600e+02 9.329295999999999400e+01 -5.887186249999999700e+02 1.283364719999999900e+02
4.175921150179573400e-02 3.052079375000000700e+02 2.216581439999999900e+02 8.941161875000000200e+02 9.330588000000000200e+01 -5.889082499999999500e+02 1.283522639999999900e+02
4.179788014245412000e-02 3.051657500000000000e+02 2.216777759999999900e+02 8.941515624999999500e+02 9.331584800000000300e+01 -5.889858124999999500e+02 1.283619280000000100e+02
4.181963183504321800e-02 3.051747499999999000e+02 2.216865200000000000e+02 8.941833749999999600e+02 9.331986399999999500e+01 -5.890086250000000500e+02 1.283666560000000100e+02
4.184188190688435700e-02 3.055311874999999900e+02 2.216795200000000000e+02 8.944538750000000400e+02 9.331101599999999500e+01 -5.889226875000000500e+02 1.283685040000000000e+02
4.189193408858936400e-02 3.050915625000000100e+02 2.216703760000000000e+02 8.940876875000000200e+02 9.330167199999999600e+01 -5.889961250000000100e+02 1.283687040000000100e+02
4.200455382630066000e-02 3.051444999999999900e+02 2.217325679999999900e+02 8.943892499999999500e+02 9.333647999999999500e+01 -5.892447499999999500e+02 1.283960879999999900e+02
4.214391836462148800e-02 3.052156249999999300e+02 2.217970000000000300e+02 8.948289999999999500e+02 9.336575200000000100e+01 -5.896133750000000200e+02 1.284312480000000100e+02
4.222231295519259700e-02 3.051728750000000900e+02 2.218288880000000100e+02 8.950191875000000400e+02 9.337770399999999400e+01 -5.898463124999999500e+02 1.284511840000000100e+02
4.230248680627099500e-02 3.051652500000000100e+02 2.218614640000000100e+02 8.951814375000000200e+02 9.339156800000000700e+01 -5.900161875000000000e+02 1.284698960000000100e+02
4.232729398287259800e-02 3.051630625000000200e+02 2.218663119999999900e+02 8.951998750000000200e+02 9.339282400000000500e+01 -5.900368125000000000e+02 1.284734880000000000e+02
4.234124394417973500e-02 3.053559999999999900e+02 2.218490799999999900e+02 8.953432500000000100e+02 9.337817599999999600e+01 -5.899872500000000200e+02 1.284709039999999900e+02
4.235551529023819800e-02 3.063305625000000400e+02 2.216944000000000300e+02 8.959984375000000200e+02 9.328532800000000700e+01 -5.896678749999999800e+02 1.284090720000000100e+02
4.238762116111969400e-02 3.052587500000000800e+02 2.216534080000000100e+02 8.952865000000000500e+02 9.323902400000000100e+01 -5.900277499999999700e+02 1.284143840000000100e+02
4.245986286391560700e-02 3.046610624999999600e+02 2.217806640000000000e+02 8.947196249999999500e+02 9.331804800000000500e+01 -5.900585624999999900e+02 1.284626160000000000e+02
4.254925906003176300e-02 3.053053749999999100e+02 2.218828960000000200e+02 8.953970624999999500e+02 9.338552000000000000e+01 -5.900916875000000300e+02 1.284973760000000000e+02
4.257211463937538700e-02 3.054273749999999800e+02 2.219024959999999900e+02 8.955551874999999900e+02 9.339774400000000300e+01 -5.901278125000000000e+02 1.285047520000000000e+02
4.262354085733602300e-02 3.054341249999999900e+02 2.219272320000000000e+02 8.957078125000000500e+02 9.341184800000000600e+01 -5.902736875000000500e+02 1.285153840000000100e+02
4.273925799881000300e-02 3.050975624999999800e+02 2.219401679999999700e+02 8.956883749999999500e+02 9.340555999999999400e+01 -5.905908124999999700e+02 1.285346079999999900e+02
4.299961225162641400e-02 3.051884374999999600e+02 2.220605679999999900e+02 8.963966874999999800e+02 9.345774400000000500e+01 -5.912082500000000200e+02 1.286028240000000000e+02
4.314606122772626800e-02 3.051696875000000100e+02 2.221236240000000100e+02 8.967170625000000000e+02 9.347908800000000400e+01 -5.915473749999999900e+02 1.286445359999999900e+02
4.322843819456368600e-02 3.051931875000000200e+02 2.221587840000000000e+02 8.969314375000000200e+02 9.349004800000000200e+01 -5.917382499999999900e+02 1.286687360000000000e+02
4.327477814950350000e-02 3.052128125000000400e+02 2.221736080000000000e+02 8.970733125000000400e+02 9.349083199999999700e+01 -5.918605000000000000e+02 1.286827759999999900e+02
4.333211970998836200e-02 3.053561250000000200e+02 2.221467200000000200e+02 8.975145000000000000e+02 9.343896800000000300e+01 -5.921583749999999800e+02 1.287077520000000000e+02
4.339076544047857500e-02 3.053723125000000200e+02 2.220422240000000300e+02 8.981913124999999800e+02 9.329660800000000600e+01 -5.928189999999999600e+02 1.287456160000000100e+02
4.352271949851906100e-02 3.050021249999999800e+02 2.221431759999999800e+02 8.984328124999999500e+02 9.333732799999999900e+01 -5.934306874999999800e+02 1.288058480000000000e+02
4.381961845798515400e-02 3.051867500000000700e+02 2.223013359999999900e+02 8.991587500000000500e+02 9.341616799999999900e+01 -5.939719999999999800e+02 1.288851679999999900e+02
4.418702643724006100e-02 3.051572499999999800e+02 2.222859840000000100e+02 8.996166875000000100e+02 9.330969600000000200e+01 -5.944594375000000400e+02 1.289762880000000100e+02
4.456278576227917800e-02 3.051875000000000000e+02 2.224544399999999800e+02 9.001283750000000100e+02 9.338660000000000100e+01 -5.949408750000000100e+02 1.290678399999999900e+02
4.477414980039492300e-02 3.051856874999999700e+02 2.225340239999999900e+02 9.004753124999999700e+02 9.341408800000000700e+01 -5.952896250000000000e+02 1.291199360000000000e+02
4.489304352738190300e-02 3.052101874999999600e+02 2.225735760000000000e+02 9.007873124999999800e+02 9.342120799999999300e+01 -5.955771250000000200e+02 1.291523680000000000e+02
4.516055208422762500e-02 3.051373125000000100e+02 2.226137119999999900e+02 9.019368124999999700e+02 9.335473600000000300e+01 -5.967994999999999700e+02 1.292589759999999900e+02
4.576244517269297700e-02 3.051745624999999800e+02 2.228324959999999900e+02 9.034863749999999500e+02 9.340862400000000300e+01 -5.983118124999999700e+02 1.294238719999999900e+02
4.650728460924383900e-02 3.051818749999999900e+02 2.231072960000000200e+02 9.048457499999999500e+02 9.351024800000000400e+01 -5.996638749999999600e+02 1.295970480000000000e+02
4.692626319670997700e-02 3.051813750000000000e+02 2.232489200000000000e+02 9.055878750000000500e+02 9.355692000000000500e+01 -6.004065000000000500e+02 1.296920000000000100e+02
4.735475756746509300e-02 3.052021250000000200e+02 2.233788400000000300e+02 9.063767500000000200e+02 9.359062400000000500e+01 -6.011746249999999900e+02 1.297882160000000100e+02
4.759578681545234600e-02 3.051950624999999500e+02 2.234310400000000000e+02 9.070666874999999400e+02 9.358086400000000500e+01 -6.018716249999999900e+02 1.298501760000000000e+02
4.813810262342366900e-02 3.051816250000000500e+02 2.235989199999999900e+02 9.079536875000000000e+02 9.363035999999999600e+01 -6.027720624999999500e+02 1.299685600000000000e+02
4.935831202692165400e-02 3.051819375000000000e+02 2.239644639999999900e+02 9.099360000000000400e+02 9.372060799999999900e+01 -6.047540625000000300e+02 1.302438559999999900e+02
5.004468272748301800e-02 3.051818750000001000e+02 2.241604639999999900e+02 9.109907500000000500e+02 9.375154399999999600e+01 -6.058088749999999400e+02 1.304089199999999900e+02
5.009776710445045700e-02 3.051806874999999800e+02 2.241750639999999900e+02 9.110724999999999900e+02 9.375288000000000500e+01 -6.058918125000000100e+02 1.304221839999999900e+02
5.012762793982276900e-02 3.051803125000000100e+02 2.241832800000000200e+02 9.111179375000000400e+02 9.375358400000000400e+01 -6.059376250000000300e+02 1.304296960000000100e+02
5.015816880669786400e-02 3.051806875000000900e+02 2.241910960000000200e+02 9.111598750000000600e+02 9.375405600000000600e+01 -6.059791874999999700e+02 1.304370400000000000e+02
5.017534658876822400e-02 3.051818124999999800e+02 2.241946879999999900e+02 9.111734999999999900e+02 9.375412799999999400e+01 -6.059916875000000100e+02 1.304405600000000000e+02
5.018501142005781000e-02 3.052341875000000800e+02 2.241944560000000000e+02 9.112133750000000400e+02 9.375256799999999700e+01 -6.059791874999999700e+02 1.304418880000000100e+02
5.019044701433007800e-02 3.054383750000000600e+02 2.241818560000000100e+02 9.113840000000000100e+02 9.374151200000000000e+01 -6.059456249999999500e+02 1.304403440000000100e+02
5.020267826588017300e-02 3.069760000000000000e+02 2.239832639999999900e+02 9.125895000000000400e+02 9.361233599999999900e+01 -6.056135000000000400e+02 1.303709279999999900e+02
5.023019159524286200e-02 3.061768124999999800e+02 2.237426239999999800e+02 9.121032500000000000e+02 9.343819200000000100e+01 -6.059264375000000200e+02 1.303044319999999900e+02
5.029210706624647600e-02 3.042370000000000800e+02 2.238664880000000000e+02 9.107183750000000400e+02 9.348361599999999800e+01 -6.064813749999999600e+02 1.303828719999999900e+02
5.043141105381706400e-02 3.051533749999999800e+02 2.240873839999999900e+02 9.109632500000000200e+02 9.364491999999999900e+01 -6.058098750000000300e+02 1.304424640000000000e+02
5.074484036810086900e-02 3.052442500000000800e+02 2.241993440000000000e+02 9.117770000000000400e+02 9.365344799999999700e+01 -6.065327499999999600e+02 1.305458960000000000e+02
5.113271450093959800e-02 3.051063125000000600e+02 2.242203040000000000e+02 9.134315000000000300e+02 9.350051200000000100e+01 -6.083251874999999700e+02 1.307197920000000100e+02
5.135089282733326000e-02 3.051942500000000100e+02 2.242812960000000000e+02 9.139125000000000200e+02 9.349432799999999600e+01 -6.087182500000000100e+02 1.307869680000000000e+02
5.157403165749723700e-02 3.051363124999999200e+02 2.241610400000000100e+02 9.150433124999999600e+02 9.328252000000000500e+01 -6.099070000000000400e+02 1.308785200000000100e+02
5.185016636737828400e-02 3.051839374999999600e+02 2.242918399999999800e+02 9.154211249999999600e+02 9.332804000000000100e+01 -6.102371875000000000e+02 1.309637999999999900e+02
5.200548835726448400e-02 3.051981250000000000e+02 2.243234559999999900e+02 9.156626250000000500e+02 9.332183200000000100e+01 -6.104645000000000400e+02 1.310016239999999900e+02
5.216434557941516300e-02 3.051848749999999200e+02 2.243191439999999900e+02 9.160361249999999700e+02 9.327631200000000400e+01 -6.108512500000000500e+02 1.310428320000000000e+02
5.252176734262915800e-02 3.051175000000000600e+02 2.242235519999999800e+02 9.174950625000000200e+02 9.307370400000000600e+01 -6.123775624999999500e+02 1.311498479999999900e+02
5.332596980317317500e-02 3.051853124999999000e+02 2.244471040000000000e+02 9.183736249999999500e+02 9.310459199999999700e+01 -6.131883125000000500e+02 1.313425120000000000e+02
5.352387760148380500e-02 3.051886875000000100e+02 2.244705600000000100e+02 9.184469374999999900e+02 9.310346400000000200e+01 -6.132582499999999800e+02 1.313670960000000000e+02
5.353978381779895400e-02 3.054031250000000500e+02 2.244594480000000100e+02 9.186478750000000000e+02 9.309302400000000000e+01 -6.132447499999999500e+02 1.313664239999999900e+02
5.357556465344551900e-02 3.054586875000000000e+02 2.243847840000000000e+02 9.187420624999999700e+02 9.303564000000000100e+01 -6.132833749999999800e+02 1.313491440000000000e+02
5.365607852027529800e-02 3.048971874999999700e+02 2.244517760000000000e+02 9.182420624999999700e+02 9.308153600000000000e+01 -6.133448750000000000e+02 1.313702400000000000e+02
5.383722773401729300e-02 3.052258750000000900e+02 2.245374080000000000e+02 9.188601250000000400e+02 9.312231199999999400e+01 -6.136342499999999500e+02 1.314150960000000100e+02
5.424481346493675900e-02 3.051816249999999400e+02 2.246787200000000000e+02 9.194395624999999700e+02 9.316767199999999600e+01 -6.142579375000000300e+02 1.315110479999999900e+02
5.437091273120326500e-02 3.051824374999999900e+02 2.247196799999999800e+02 9.196079999999999500e+02 9.317890400000000300e+01 -6.144255624999999600e+02 1.315407759999999900e+02
5.449987185598147800e-02 3.051901249999999700e+02 2.247555999999999900e+02 9.197198750000000000e+02 9.318347199999999500e+01 -6.145297500000000400e+02 1.315721279999999900e+02
5.479004036667000500e-02 3.051805000000000500e+02 2.248495040000000000e+02 9.201240000000000200e+02 9.321004800000000000e+01 -6.149434999999999700e+02 1.316394560000000000e+02
5.514912494664081500e-02 3.051812499999999800e+02 2.249610000000000100e+02 9.206140000000000300e+02 9.323800799999999400e+01 -6.154327500000000600e+02 1.317229920000000000e+02
5.524093385726686800e-02 3.051830625000000100e+02 2.249889999999999800e+02 9.207418750000000500e+02 9.324512000000000000e+01 -6.155588125000000400e+02 1.317438799999999900e+02
5.526933681688320200e-02 3.051911250000000600e+02 2.249982160000000100e+02 9.207903125000000300e+02 9.324820800000000500e+01 -6.155991874999999700e+02 1.317500080000000100e+02
5.528531289944865100e-02 3.052123124999999400e+02 2.250048879999999900e+02 9.208363124999999600e+02 9.325200800000000400e+01 -6.156240000000000200e+02 1.317528800000000000e+02
5.530165694426558700e-02 3.053027499999999500e+02 2.250179200000000000e+02 9.209528749999999500e+02 9.326300000000000500e+01 -6.156501250000000000e+02 1.317549200000000000e+02
5.531084668505322600e-02 3.055238749999999800e+02 2.250358800000000200e+02 9.211825625000000200e+02 9.328045600000000100e+01 -6.156586875000000400e+02 1.317554240000000000e+02
5.533152709513793800e-02 3.081541250000000200e+02 2.247246080000000200e+02 9.240557499999999900e+02 9.317856000000000400e+01 -6.159016249999999700e+02 1.315460480000000100e+02
5.537805801782853100e-02 3.043647499999999600e+02 2.245893120000000100e+02 9.214123750000000000e+02 9.308266399999999400e+01 -6.170476250000000400e+02 1.315066480000000100e+02
5.548275492275736600e-02 3.048728750000000200e+02 2.249078079999999900e+02 9.218115625000000400e+02 9.330064799999999500e+01 -6.169386875000000100e+02 1.316071599999999900e+02
5.561231489728804500e-02 3.052330000000000600e+02 2.250191360000000000e+02 9.217435000000000400e+02 9.334204800000000500e+01 -6.165104999999999800e+02 1.316770880000000000e+02
5.574482322758080000e-02 3.051809374999999100e+02 2.250632400000000100e+02 9.217598749999999700e+02 9.334673600000000700e+01 -6.165789375000000500e+02 1.317165039999999900e+02
5.604296114855197200e-02 3.051808125000000000e+02 2.251795040000000100e+02 9.222816249999999600e+02 9.338437600000000300e+01 -6.171008124999999600e+02 1.317951280000000100e+02
5.671377496404962600e-02 3.051825000000000000e+02 2.253835920000000200e+02 9.235099374999999800e+02 9.346374400000000500e+01 -6.183274374999999700e+02 1.319198480000000000e+02
5.751874595334678700e-02 3.051829999999999900e+02 2.256193200000000200e+02 9.246494999999999900e+02 9.351116000000000400e+01 -6.194665000000000000e+02 1.321081600000000000e+02
5.834887810824700800e-02 3.051799375000000500e+02 2.258512240000000000e+02 9.256905000000000400e+02 9.354448800000000100e+01 -6.205105624999999900e+02 1.323067360000000000e+02
5.881582686315962900e-02 3.051811249999999500e+02 2.259734720000000200e+02 9.262041874999999900e+02 9.355218399999999700e+01 -6.210230625000000400e+02 1.324212880000000000e+02
5.907848204448546600e-02 3.051827500000000600e+02 2.260387680000000000e+02 9.264516250000000400e+02 9.355187999999999700e+01 -6.212688749999999800e+02 1.324868879999999900e+02
5.914564214201055400e-02 3.051918749999999800e+02 2.260542959999999900e+02 9.264955625000000100e+02 9.355046400000000500e+01 -6.213036875000000200e+02 1.325038319999999900e+02
5.918341649466528400e-02 3.052504999999999900e+02 2.260627440000000100e+02 9.265017500000000200e+02 9.354789599999999400e+01 -6.212512500000000300e+02 1.325148480000000000e+02
5.926841111701341300e-02 3.051410000000000800e+02 2.260701599999999900e+02 9.264688750000000300e+02 9.353818400000000100e+01 -6.213278749999999500e+02 1.325319759999999900e+02
5.945965367504674200e-02 3.051828125000000700e+02 2.261234480000000000e+02 9.267065625000000200e+02 9.354148000000000700e+01 -6.215237499999999500e+02 1.325819679999999900e+02
5.988994127955920400e-02 3.051825000000000000e+02 2.262290719999999700e+02 9.271348124999999500e+02 9.353691999999999500e+01 -6.219523124999999500e+02 1.326921519999999900e+02
6.085809188302474700e-02 3.051816249999999400e+02 2.264354080000000000e+02 9.279240624999999900e+02 9.349593600000000000e+01 -6.227424375000000500e+02 1.329394719999999900e+02
6.260076576391274100e-02 3.051818124999999800e+02 2.268248960000000200e+02 9.295475000000000100e+02 9.344925600000000500e+01 -6.243656875000000400e+02 1.333756400000000000e+02
6.352656344645481200e-02 3.051798750000000400e+02 2.270602400000000200e+02 9.304160000000000500e+02 9.346874400000000100e+01 -6.252361250000000200e+02 1.335914960000000100e+02
6.352868738046350800e-02 3.051778125000000700e+02 2.270605600000000100e+02 9.304160000000000500e+02 9.346856800000000500e+01 -6.252381874999999800e+02 1.335919920000000000e+02
6.353347554748312000e-02 3.051660000000000500e+02 2.270598799999999900e+02 9.304079375000000000e+02 9.346671200000000100e+01 -6.252419374999999500e+02 1.335931679999999900e+02
6.354424426552722500e-02 3.051725000000000100e+02 2.270553040000000100e+02 9.304065000000000500e+02 9.345928000000000700e+01 -6.252340000000000400e+02 1.335960240000000000e+02
6.356847853887649700e-02 3.052601875000000300e+02 2.270276399999999900e+02 9.304671250000000100e+02 9.342509599999999600e+01 -6.252069374999999800e+02 1.336025439999999900e+02
6.358210711543231500e-02 3.053473749999999400e+02 2.269990880000000000e+02 9.305535625000000000e+02 9.339199999999999600e+01 -6.252061875000000600e+02 1.336070880000000000e+02
6.358977377196371700e-02 3.054319375000000000e+02 2.269737519999999900e+02 9.306420000000000500e+02 9.336372799999999500e+01 -6.252100625000000500e+02 1.336100240000000100e+02
6.360702607803438200e-02 3.057574375000000400e+02 2.268578799999999900e+02 9.310012500000000300e+02 9.323802399999999600e+01 -6.252438124999999900e+02 1.336198560000000000e+02
6.364583910894336400e-02 3.052529375000000300e+02 2.267802240000000300e+02 9.306911250000000600e+02 9.313566400000000600e+01 -6.254381875000000300e+02 1.336445600000000100e+02
6.373316726405105200e-02 3.049044374999999700e+02 2.268413040000000100e+02 9.304618124999999500e+02 9.315287200000000200e+01 -6.255573749999999800e+02 1.336884320000000100e+02
6.392966376410590100e-02 3.051980624999999900e+02 2.269430319999999900e+02 9.306687500000000500e+02 9.317869600000000200e+01 -6.254706875000000500e+02 1.337643359999999900e+02
6.437177273816678500e-02 3.051896249999999800e+02 2.270689119999999800e+02 9.307543124999999700e+02 9.318988799999999600e+01 -6.255646874999999900e+02 1.338790239999999900e+02
6.462045932718539500e-02 3.051864375000000100e+02 2.271355439999999800e+02 9.308614374999999700e+02 9.319795999999999500e+01 -6.256749999999999500e+02 1.339375839999999900e+02
6.518000881022732700e-02 3.051826250000000300e+02 2.272826399999999900e+02 9.312183750000000400e+02 9.321568800000000000e+01 -6.260357500000000100e+02 1.340669519999999900e+02
6.643898466713407700e-02 3.051840624999999800e+02 2.276660160000000100e+02 9.323198125000000100e+02 9.332627200000000300e+01 -6.271357500000000300e+02 1.343397440000000000e+02
6.682848435472948900e-02 3.051810625000000500e+02 2.277751759999999900e+02 9.326430625000000400e+02 9.335635999999999500e+01 -6.274619999999999900e+02 1.344188159999999900e+02
6.704757560012687700e-02 3.051848125000000200e+02 2.278006560000000000e+02 9.327432499999999900e+02 9.334745599999999400e+01 -6.275584374999999700e+02 1.344532000000000100e+02
6.710359435960633300e-02 3.052205000000000200e+02 2.277905920000000000e+02 9.327894999999999800e+02 9.333371200000000600e+01 -6.275689999999999600e+02 1.344568800000000100e+02
6.722963307512257200e-02 3.052233125000000200e+02 2.276359999999999700e+02 9.329988750000000000e+02 9.319465599999999500e+01 -6.277755624999999800e+02 1.344413439999999900e+02
6.751322484278417200e-02 3.050971250000000100e+02 2.276463519999999800e+02 9.330846874999999700e+02 9.317448000000000300e+01 -6.279875624999999700e+02 1.344718719999999900e+02
6.815130399114774400e-02 3.052024374999999700e+02 2.279915840000000200e+02 9.335925624999999900e+02 9.334611200000000500e+01 -6.283901250000000100e+02 1.346454720000000100e+02
6.824103088751526400e-02 3.051890624999999800e+02 2.280153440000000000e+02 9.336733124999999500e+02 9.334627199999999900e+01 -6.284842499999999700e+02 1.346690720000000000e+02
6.835207164797009500e-02 3.052413124999999400e+02 2.278862240000000000e+02 9.340780624999999900e+02 9.317236800000000600e+01 -6.288367500000000500e+02 1.347138559999999900e+02
6.846563690893525700e-02 3.050753750000000100e+02 2.279538799999999700e+02 9.341001250000000500e+02 9.319459999999999400e+01 -6.290247500000000400e+02 1.347592799999999900e+02
6.872115641723186600e-02 3.051986249999999900e+02 2.280678719999999900e+02 9.343962500000000100e+02 9.325041600000000100e+01 -6.291976250000000200e+02 1.348174559999999900e+02
6.884692032549699600e-02 3.052004375000000200e+02 2.281032480000000100e+02 9.344971249999999800e+02 9.326491199999999500e+01 -6.292966874999999600e+02 1.348383360000000000e+02
6.886915176633805200e-02 3.052063749999999800e+02 2.281093680000000200e+02 9.345194374999999800e+02 9.326743199999999900e+01 -6.293130625000000000e+02 1.348419360000000000e+02
6.888165782513927500e-02 3.052184999999999500e+02 2.281133039999999700e+02 9.345377499999999600e+02 9.326922399999999400e+01 -6.293192500000000100e+02 1.348440799999999900e+02
6.888869568541809700e-02 3.052296874999999500e+02 2.281158800000000000e+02 9.345512499999999800e+02 9.327048800000000000e+01 -6.293215625000000300e+02 1.348453920000000000e+02
6.889588725144756000e-02 3.053981250000000500e+02 2.281293280000000200e+02 9.346306875000000200e+02 9.327760000000000700e+01 -6.292325624999999700e+02 1.348517280000000100e+02
6.891207759051387600e-02 3.077491249999999400e+02 2.281071360000000300e+02 9.357693749999999700e+02 9.330025600000000500e+01 -6.280202500000000300e+02 1.348068800000000100e+02
6.894850119566306400e-02 3.049244999999999700e+02 2.280847520000000100e+02 9.343631874999999800e+02 9.325182399999999900e+01 -6.294386875000000100e+02 1.348329280000000100e+02
6.903044964949872600e-02 3.046758125000000100e+02 2.280886400000000000e+02 9.342036875000000000e+02 9.324619199999999400e+01 -6.295278749999999900e+02 1.348424479999999900e+02
6.921484065725398700e-02 3.052113749999999800e+02 2.281458319999999800e+02 9.346250000000000000e+02 9.327373600000000000e+01 -6.294136250000000200e+02 1.348720960000000000e+02
6.962971576695332900e-02 3.051849999999999500e+02 2.283357280000000200e+02 9.351103124999999600e+02 9.335942400000000400e+01 -6.299253125000000200e+02 1.349763040000000000e+02
6.986114539215125500e-02 3.051849374999999300e+02 2.284136000000000300e+02 9.353541874999999700e+02 9.339136000000000600e+01 -6.301692500000000300e+02 1.350222400000000100e+02
7.000000223572001900e-02 3.051858125000000000e+02 2.284551839999999700e+02 9.354954374999999800e+02 9.340686399999999900e+01 -6.303096249999999800e+02 1.350483199999999900e+02
