0.000000000000000000e+00 0.000000000000000000e+00 0.000000000000000000e+00 0.000000000000000000e+00 0.000000000000000000e+00 0.000000000000000000e+00 0.000000000000000000e+00
6.692124762936217200e-08 1.082904843750000100e+03 7.729006958007812300e-05 4.351893437499999800e+02 -1.334786834716797000e-04 6.477155000000000200e+02 2.107687530517578200e-04
1.400065614259059700e-03 1.082904281250000200e+03 2.050774600000000100e+01 4.340854687500000200e+02 4.357937999999999900e+00 6.488188125000000400e+02 1.614980800000000000e+01
4.025062998001790800e-03 1.082905031249999900e+03 5.849781500000000300e+01 4.316780312500000000e+02 1.190140300000000000e+01 6.512269999999999800e+02 4.659641200000000100e+01
4.837171478042631000e-03 1.082904750000000100e+03 6.999839699999999700e+01 4.331338749999999900e+02 1.364751300000000000e+01 6.497708750000000500e+02 5.635088400000000100e+01
5.293982637746530100e-03 1.082905812500000100e+03 7.634320600000000900e+01 4.356561874999999900e+02 1.444920200000000000e+01 6.472496250000000400e+02 6.189400400000000200e+01
5.761175777834365800e-03 1.082904625000000100e+03 8.272732499999999300e+01 4.394596874999999700e+02 1.517031700000000100e+01 6.434449375000000400e+02 6.755700799999999600e+01
6.023972142623255100e-03 1.082903125000000000e+03 8.618671300000001200e+01 4.426837499999999700e+02 1.555068900000000000e+01 6.402193750000000100e+02 7.063602400000000600e+01
6.339327422786751400e-03 1.082903187500000100e+03 9.008814300000000200e+01 4.482502499999999900e+02 1.599042300000000000e+01 6.346529375000000100e+02 7.409771999999999500e+01
6.487150070682463900e-03 1.082904468750000000e+03 9.180876599999999100e+01 4.521701562499999900e+02 1.610247000000000000e+01 6.307343124999999900e+02 7.570629599999999500e+01
6.819751587171522100e-03 1.082919312499999900e+03 9.556989699999999700e+01 4.601793749999999900e+02 1.661916099999999800e+01 6.227399375000000000e+02 7.895073600000000600e+01
7.231345907954362000e-03 1.082900124999999900e+03 9.996993600000000400e+01 4.710074374999999800e+02 1.730427200000000100e+01 6.118926874999999700e+02 8.266566400000000700e+01
7.455851819839734600e-03 1.082903624999999900e+03 1.022546160000000000e+02 4.776312500000000200e+02 1.766329599999999900e+01 6.052723750000000100e+02 8.459131999999999600e+01
7.687373960514304300e-03 1.082902312499999900e+03 1.045382720000000100e+02 4.846698124999999800e+02 1.801840800000000100e+01 5.982324999999999600e+02 8.651986399999999800e+01
7.924157490567585900e-03 1.082902781250000100e+03 1.067628720000000000e+02 4.925896562500000200e+02 1.837162400000000100e+01 5.903131250000000100e+02 8.839124800000000400e+01
8.217177231927734800e-03 1.082902125000000100e+03 1.093896520000000000e+02 5.028496250000000000e+02 1.880458799999999900e+01 5.800525000000000100e+02 9.058506400000000300e+01
8.516856065885288300e-03 1.082903906250000100e+03 1.120049760000000000e+02 5.134930937499999600e+02 1.922009600000000200e+01 5.694108125000000200e+02 9.278488000000000100e+01
8.685425242369301800e-03 1.082906093749999900e+03 1.134184600000000000e+02 5.197527187499999900e+02 1.942145199999999900e+01 5.631533749999999800e+02 9.399700799999999400e+01
8.887709148108042000e-03 1.082902562499999900e+03 1.150967680000000000e+02 5.266973749999999700e+02 1.970957599999999800e+01 5.562051874999999700e+02 9.538719199999999900e+01
9.266990465665515800e-03 1.082904874999999900e+03 1.181093520000000000e+02 5.403119375000000000e+02 2.022773600000000000e+01 5.425929374999999500e+02 9.788161599999999400e+01
1.012037432412775700e-02 1.082905250000000000e+03 1.244824299999999900e+02 5.710436250000000200e+02 2.131823800000000100e+01 5.118616250000000000e+02 1.031641920000000000e+02
1.204048688822039300e-02 1.082904125000000000e+03 1.363297299999999800e+02 6.381048124999999800e+02 2.353704200000000000e+01 4.447993124999999800e+02 1.127926880000000000e+02
1.441662616393608200e-02 1.082904843750000100e+03 1.455732020000000100e+02 7.061594999999999800e+02 2.577147400000000100e+01 3.767453437500000200e+02 1.198017280000000000e+02
1.502416265292430600e-02 1.082904843750000100e+03 1.472923539999999900e+02 7.209334999999999800e+02 2.627430599999999900e+01 3.619713437500000200e+02 1.210180479999999900e+02
1.577598842110221000e-02 1.082905624999999900e+03 1.492002320000000000e+02 7.387409374999999700e+02 2.686086399999999900e+01 3.441646875000000100e+02 1.223393679999999900e+02
1.654489951317883500e-02 1.082904531250000000e+03 1.509050599999999900e+02 7.559048125000000500e+02 2.743264400000000000e+01 3.269997187500000000e+02 1.234724160000000000e+02
1.827495304618294600e-02 1.082904625000000100e+03 1.540357460000000200e+02 7.908498124999999800e+02 2.862511400000000000e+01 2.920548125000000300e+02 1.254106320000000100e+02
1.881018711200223600e-02 1.082905406249999900e+03 1.548708560000000000e+02 8.007331874999999900e+02 2.895476000000000000e+01 2.821722187500000100e+02 1.259160960000000000e+02
1.894703776728226500e-02 1.082905031249999900e+03 1.550730040000000000e+02 8.031531874999999400e+02 2.903463599999999900e+01 2.797518437499999800e+02 1.260383680000000100e+02
1.902401648436676000e-02 1.082916437500000000e+03 1.551725440000000200e+02 8.044954999999999900e+02 2.906289599999999900e+01 2.784209374999999800e+02 1.261096480000000100e+02
1.902672160105353000e-02 1.082948374999999900e+03 1.551721100000000000e+02 8.045599999999999500e+02 2.906073400000000000e+01 2.783883750000000000e+02 1.261113760000000100e+02
1.903007036744765900e-02 1.082985968750000000e+03 1.551691079999999900e+02 8.046338124999999800e+02 2.905615600000000100e+01 2.783521562500000100e+02 1.261129520000000100e+02
1.903195483075754600e-02 1.083009531250000000e+03 1.551664000000000100e+02 8.046781875000000400e+02 2.905264800000000100e+01 2.783313437499999700e+02 1.261137520000000100e+02
1.903388220404791900e-02 1.083146562500000100e+03 1.551518160000000000e+02 8.047734375000000000e+02 2.904176000000000000e+01 2.783731250000000200e+02 1.261100560000000000e+02
1.903496568105531000e-02 1.083379062500000100e+03 1.551277700000000000e+02 8.048986250000000400e+02 2.902593800000000000e+01 2.784804374999999900e+02 1.261018320000000000e+02
1.903740439827986800e-02 1.084093062500000100e+03 1.550293499999999900e+02 8.052606250000000000e+02 2.895546999999999800e+01 2.788324375000000300e+02 1.260738800000000000e+02
1.904288972411926100e-02 1.083379500000000000e+03 1.550492239999999800e+02 8.051166875000000100e+02 2.894297600000000200e+01 2.782628125000000000e+02 1.261062479999999900e+02
1.905523349517376100e-02 1.082923875000000000e+03 1.551180599999999900e+02 8.052954375000000500e+02 2.896309200000000000e+01 2.776284375000000200e+02 1.261549680000000000e+02
1.907051123614431100e-02 1.082668781249999900e+03 1.551452659999999900e+02 8.055836249999999800e+02 2.895874600000000100e+01 2.770851562500000100e+02 1.261865200000000000e+02
1.908613404487464000e-02 1.082690531250000000e+03 1.551523320000000000e+02 8.060234375000000000e+02 2.893949999999999900e+01 2.766670937499999900e+02 1.262128320000000100e+02
1.912128625847580800e-02 1.082896593750000000e+03 1.552079860000000100e+02 8.069635624999999700e+02 2.893854599999999900e+01 2.759330312500000000e+02 1.262694400000000000e+02
1.920037829209947700e-02 1.082893343750000000e+03 1.553241780000000200e+02 8.083925000000000400e+02 2.897358600000000100e+01 2.745008437500000000e+02 1.263505920000000100e+02
1.937833849660546700e-02 1.082906312500000000e+03 1.555655140000000100e+02 8.112798125000000500e+02 2.907719399999999900e+01 2.716265000000000200e+02 1.264883200000000000e+02
1.947844032942689900e-02 1.082908750000000100e+03 1.557008759999999900e+02 8.130141875000000500e+02 2.912544400000000200e+01 2.698945625000000100e+02 1.265754320000000100e+02
1.960231607935604800e-02 1.082901124999999900e+03 1.558532659999999900e+02 8.152653749999999500e+02 2.916393000000000100e+01 2.676357499999999700e+02 1.266893360000000000e+02
1.972900779675489800e-02 1.082908156250000000e+03 1.560044199999999800e+02 8.174995625000000200e+02 2.920722800000000100e+01 2.654085937500000200e+02 1.267971920000000000e+02
2.001406237298646000e-02 1.082904749999999900e+03 1.563754639999999900e+02 8.220879374999999500e+02 2.937312800000000100e+01 2.608168125000000300e+02 1.270023360000000000e+02
2.065543785138124900e-02 1.082904671875000100e+03 1.571687120000000000e+02 8.320635624999999900e+02 2.974635999999999900e+01 2.508411093750000000e+02 1.274223520000000000e+02
2.144914018468639000e-02 1.082904437500000100e+03 1.581167000000000100e+02 8.433638124999999900e+02 3.024607599999999900e+01 2.395406250000000100e+02 1.278706240000000100e+02
2.165207578575383300e-02 1.082904937500000000e+03 1.583521880000000100e+02 8.461704999999999500e+02 3.037288399999999900e+01 2.367344375000000100e+02 1.279793040000000000e+02
2.176622706135426800e-02 1.082904921875000100e+03 1.584822460000000000e+02 8.477450000000000000e+02 3.044210199999999800e+01 2.351599218750000100e+02 1.280401440000000000e+02
2.183043648341107000e-02 1.082904515624999900e+03 1.585550260000000000e+02 8.486265624999999800e+02 3.048110600000000000e+01 2.342779531250000100e+02 1.280739199999999900e+02
2.186655417157328000e-02 1.082907359374999900e+03 1.585956400000000000e+02 8.491227500000000000e+02 3.050313600000000100e+01 2.337846093750000000e+02 1.280925039999999900e+02
2.188687204733563700e-02 1.082911000000000100e+03 1.586183260000000000e+02 8.494035625000000200e+02 3.051558199999999800e+01 2.335074375000000100e+02 1.281027440000000000e+02
2.193258369196922700e-02 1.082914843750000000e+03 1.586668639999999800e+02 8.500589374999999600e+02 3.054494400000000100e+01 2.328559062500000000e+02 1.281219199999999900e+02
2.203543533937377800e-02 1.082901859375000000e+03 1.587780200000000000e+02 8.514403125000000000e+02 3.060504399999999900e+01 2.314615468750000100e+02 1.281729760000000100e+02
2.226685243999193500e-02 1.082904703125000000e+03 1.590328219999999800e+02 8.545596875000000000e+02 3.073566200000000100e+01 2.283450156250000000e+02 1.282971599999999900e+02
2.278754002242486900e-02 1.082905109374999900e+03 1.595818879999999900e+02 8.616628124999999700e+02 3.100272800000000100e+01 2.212422968749999900e+02 1.285791600000000000e+02
2.395908797685689400e-02 1.082904703125000000e+03 1.607718180000000000e+02 8.765771250000000200e+02 3.159528999999999900e+01 2.063275781250000000e+02 1.291765279999999900e+02
2.659507132130791900e-02 1.082904796874999900e+03 1.630414739999999900e+02 9.067269374999999600e+02 3.269501000000000300e+01 1.761778593750000000e+02 1.303464640000000000e+02
3.252603339934376200e-02 1.082904632812500000e+03 1.667113119999999900e+02 9.532989374999999700e+02 3.444099200000000100e+01 1.296056953124999900e+02 1.322703200000000000e+02
3.436092495426596600e-02 1.082904140625000100e+03 1.676508320000000100e+02 9.649505000000000300e+02 3.484787200000000200e+01 1.179536406250000100e+02 1.328029600000000100e+02
3.518193591432174800e-02 1.082903992187500100e+03 1.680374520000000000e+02 9.696239375000000100e+02 3.500370000000000200e+01 1.132800546875000000e+02 1.330337519999999900e+02
3.532707892333160300e-02 1.082904320312500000e+03 1.681003600000000200e+02 9.703804999999999800e+02 3.502749599999999900e+01 1.125238203125000100e+02 1.330728640000000100e+02
3.536418890479266200e-02 1.082904210937500000e+03 1.681152240000000100e+02 9.705603750000000200e+02 3.503277599999999800e+01 1.123438359375000000e+02 1.330824480000000000e+02
3.538506103446969300e-02 1.082904328124999900e+03 1.681228920000000100e+02 9.706544374999999700e+02 3.503529999999999900e+01 1.122498906250000100e+02 1.330875920000000000e+02
3.541089284272510400e-02 1.082905281249999900e+03 1.681287720000000000e+02 9.707405625000000100e+02 3.503638000000000100e+01 1.121647187500000100e+02 1.330923919999999900e+02
3.541750097972067700e-02 1.082907828124999900e+03 1.681288960000000000e+02 9.707532499999999800e+02 3.503584000000000000e+01 1.121545781250000000e+02 1.330930559999999900e+02
3.542121269303311800e-02 1.082918171874999900e+03 1.681275600000000200e+02 9.707582499999999800e+02 3.503468000000000200e+01 1.121599218749999900e+02 1.330928800000000100e+02
3.542330455458204300e-02 1.082951945312499900e+03 1.681239760000000000e+02 9.707593124999999600e+02 3.503337599999999700e+01 1.121926328124999900e+02 1.330905999999999900e+02
3.542448100321383300e-02 1.082981062500000000e+03 1.681205880000000000e+02 9.707578750000000100e+02 3.503231600000000200e+01 1.122231874999999900e+02 1.330882719999999900e+02
3.542593279088710600e-02 1.083055773437500000e+03 1.681120560000000000e+02 9.707493749999999900e+02 3.503011200000000300e+01 1.123063984374999900e+02 1.330819439999999900e+02
3.542742391270915100e-02 1.083262046874999900e+03 1.680899320000000000e+02 9.707224374999999600e+02 3.502546000000000200e+01 1.125396093750000000e+02 1.330644719999999900e+02
3.542826065732872200e-02 1.083473703125000200e+03 1.680672840000000000e+02 9.706927500000000500e+02 3.502089200000000300e+01 1.127809531250000000e+02 1.330463920000000000e+02
3.543014154480689900e-02 1.084390398437500200e+03 1.679522240000000000e+02 9.705236875000000500e+02 3.499459999999999800e+01 1.138667109375000000e+02 1.329576240000000100e+02
3.543437890538035700e-02 1.085385882812499900e+03 1.676697679999999800e+02 9.699083749999999800e+02 3.490672800000000100e+01 1.154775078124999900e+02 1.327630399999999900e+02
3.544391207271271200e-02 1.083423437500000100e+03 1.677926200000000000e+02 9.694928125000000100e+02 3.492486799999999600e+01 1.139306250000000100e+02 1.328677520000000000e+02
3.546535991129465300e-02 1.082113179687500000e+03 1.679317679999999800e+02 9.693753749999999600e+02 3.494289599999999800e+01 1.127378046875000000e+02 1.329888719999999900e+02
3.551361576018818200e-02 1.082770570312500000e+03 1.680196440000000300e+02 9.702758125000000300e+02 3.495358000000000200e+01 1.124947578125000000e+02 1.330660640000000100e+02
3.562219946581994500e-02 1.082937124999999900e+03 1.680810119999999900e+02 9.708949374999999700e+02 3.497833200000000200e+01 1.120421875000000000e+02 1.331026799999999900e+02
3.586650386391215100e-02 1.082906312500000000e+03 1.682093800000000100e+02 9.719840625000000500e+02 3.503573999999999700e+01 1.109222500000000100e+02 1.331736400000000100e+02
3.641619501732511200e-02 1.082904796875000100e+03 1.684837359999999900e+02 9.749442500000000100e+02 3.514255200000000200e+01 1.079605468750000100e+02 1.333411840000000000e+02
3.765300011250425500e-02 1.082904617187500000e+03 1.690482399999999900e+02 9.813890625000000200e+02 3.535791199999999900e+01 1.015155546875000000e+02 1.336903279999999900e+02
4.043580531895182900e-02 1.082904593750000000e+03 1.701955560000000100e+02 9.940594999999999600e+02 3.576030800000000200e+01 8.884509375000000400e+01 1.344352480000000000e+02
4.200113637643133900e-02 1.082904679687500000e+03 1.707986600000000100e+02 1.000247875000000000e+03 3.596861200000000000e+01 8.265680468749999900e+01 1.348300480000000100e+02
4.393823235321903800e-02 1.082904312500000100e+03 1.715030639999999900e+02 1.006927625000000000e+03 3.621042400000000300e+01 7.597668749999999700e+01 1.352926400000000100e+02
4.591935039415849500e-02 1.082904671875000100e+03 1.721448320000000100e+02 1.012422000000000000e+03 3.641324800000000300e+01 7.048267187499999400e+01 1.357315840000000000e+02
4.837098709867382300e-02 1.082904519531250100e+03 1.729469560000000000e+02 1.019110187500000100e+03 3.670562799999999700e+01 6.379433203125000100e+01 1.362413280000000100e+02
4.899782324534567700e-02 1.082904597656250000e+03 1.731405280000000200e+02 1.020548250000000100e+03 3.677884800000000400e+01 6.235634765625000100e+01 1.363616800000000100e+02
4.935042170670134200e-02 1.082904781250000000e+03 1.732468279999999900e+02 1.021306562500000000e+03 3.681765999999999700e+01 6.159821875000000100e+01 1.364291680000000000e+02
4.954875878819285700e-02 1.082904796875000100e+03 1.733041400000000200e+02 1.021689312500000000e+03 3.683706800000000200e+01 6.121548437500000300e+01 1.364670720000000000e+02
4.966032116163702400e-02 1.082905269531250000e+03 1.733334560000000100e+02 1.021865937500000000e+03 3.684531200000000000e+01 6.103933203124999800e+01 1.364881440000000100e+02
4.979838044803421000e-02 1.082915089843749900e+03 1.733518359999999900e+02 1.021960437500000000e+03 3.683906799999999700e+01 6.095465234374999900e+01 1.365127679999999900e+02
4.981779721420626100e-02 1.082928570312499900e+03 1.733492039999999900e+02 1.021959937500000000e+03 3.683405200000000000e+01 6.096863281249999700e+01 1.365151520000000000e+02
4.983765380767833700e-02 1.082982167968750000e+03 1.733340760000000100e+02 1.021920499999999900e+03 3.682300399999999700e+01 6.106166796875000100e+01 1.365110720000000100e+02
4.984882113010104900e-02 1.083123972656249900e+03 1.733049439999999800e+02 1.021846375000000000e+03 3.680956799999999900e+01 6.127759765625000200e+01 1.364953759999999900e+02
4.987395207534177400e-02 1.082995855468750100e+03 1.732426760000000200e+02 1.021413312500000000e+03 3.677363600000000300e+01 6.158254296874999800e+01 1.364690400000000100e+02
4.993049312630171800e-02 1.082753238281250100e+03 1.733004519999999800e+02 1.021549125000000000e+03 3.676830799999999800e+01 6.120411328125000200e+01 1.365321439999999900e+02
5.005771764262499600e-02 1.082909742187499900e+03 1.733407920000000200e+02 1.021774562500000000e+03 3.676883999999999700e+01 6.113517968749999900e+01 1.365719520000000100e+02
5.034396297081517000e-02 1.082904101562500000e+03 1.734227439999999900e+02 1.021997062500000000e+03 3.680485600000000100e+01 6.090703906249999700e+01 1.366178879999999900e+02
5.069819916309289300e-02 1.082905042968750000e+03 1.735264919999999900e+02 1.022282812500000000e+03 3.684886000000000200e+01 6.062223046874999700e+01 1.366776319999999900e+02
5.089745523333326400e-02 1.082904992187500100e+03 1.735826880000000200e+02 1.022454437500000000e+03 3.687078400000000000e+01 6.045055468750000200e+01 1.367119040000000000e+02
5.094840010767087000e-02 1.082903917968750000e+03 1.735980079999999900e+02 1.022517812500000000e+03 3.687740000000000200e+01 6.038610546875000300e+01 1.367206080000000000e+02
5.106302696888841100e-02 1.082896765624999900e+03 1.736255119999999900e+02 1.022645812500000000e+03 3.689020000000000000e+01 6.025095312500000200e+01 1.367353119999999900e+02
5.132094455829130200e-02 1.082904964843749900e+03 1.737086119999999900e+02 1.023118187500000000e+03 3.692313999999999700e+01 5.978677734375000300e+01 1.367854720000000000e+02
5.164011256901298400e-02 1.082905148437500000e+03 1.738053480000000100e+02 1.023661875000000000e+03 3.696238799999999700e+01 5.924327343750000100e+01 1.368429600000000100e+02
5.196653594226930500e-02 1.082904531250000000e+03 1.739056320000000000e+02 1.024232437500000100e+03 3.700297599999999700e+01 5.867209375000000200e+01 1.369026560000000100e+02
5.270099032001188100e-02 1.082904417968750100e+03 1.741272240000000100e+02 1.025453187500000000e+03 3.709055200000000200e+01 5.745123046874999800e+01 1.370366720000000100e+02
5.311411688468140700e-02 1.082904703125000000e+03 1.742507279999999800e+02 1.026108125000000000e+03 3.713792800000000200e+01 5.679657812500000300e+01 1.371127999999999900e+02
5.334650303569231400e-02 1.082904699218750000e+03 1.743171079999999900e+02 1.026436187500000000e+03 3.716288399999999800e+01 5.646851171875000100e+01 1.371542240000000000e+02
5.386937187546685800e-02 1.082904671875000100e+03 1.744693599999999900e+02 1.027160062500000100e+03 3.721721600000000100e+01 5.574460937500000300e+01 1.372521439999999900e+02
5.504582050725410200e-02 1.082905257812499900e+03 1.748019919999999800e+02 1.028580500000000000e+03 3.732447200000000000e+01 5.432475781250000300e+01 1.374775200000000000e+02
5.570757465055027600e-02 1.082904839843750100e+03 1.749777719999999900e+02 1.029143312500000100e+03 3.736826800000000000e+01 5.376152734374999700e+01 1.376095039999999900e+02
5.719652236692459500e-02 1.082904542968749900e+03 1.753557319999999900e+02 1.030115562499999900e+03 3.744251599999999800e+01 5.278898046874999700e+01 1.379132160000000100e+02
5.903909123252293300e-02 1.082904453125000100e+03 1.758391040000000200e+02 1.031506000000000100e+03 3.757999999999999800e+01 5.139845312500000300e+01 1.382591040000000100e+02
6.007553890129578600e-02 1.082904382812500000e+03 1.761052680000000200e+02 1.032210937500000000e+03 3.765483600000000300e+01 5.069344531250000300e+01 1.384504320000000100e+02
6.113553699769463300e-02 1.082904621093750200e+03 1.763732799999999900e+02 1.032906562500000100e+03 3.772969599999999700e+01 4.999805859375000200e+01 1.386435840000000000e+02
6.352054523000298700e-02 1.082904671875000100e+03 1.769699999999999700e+02 1.034327500000000100e+03 3.789038399999999700e+01 4.857717187499999800e+01 1.390796159999999900e+02
6.781354574483121300e-02 1.082904617187500000e+03 1.780169720000000100e+02 1.036927625000000000e+03 3.820172399999999900e+01 4.597699218750000200e+01 1.398152480000000000e+02
7.000000234574560400e-02 1.082901746093750000e+03 1.785262559999999900e+02 1.038024625000000000e+03 3.834678400000000000e+01 4.487712109374999900e+01 1.401794720000000000e+02
