0.000000000000000000e+00 0.000000000000000000e+00 0.000000000000000000e+00 0.000000000000000000e+00 0.000000000000000000e+00 0.000000000000000000e+00 0.000000000000000000e+00
4.181877618507008000e-07 9.361603125000000300e+02 5.734046230316162200e-04 6.469660000000000100e+02 5.637857055664062100e-04 2.891943125000000200e+02 9.618917465209961300e-06
1.400409788198022500e-03 9.361554999999999600e+02 2.323726400000000000e+01 6.427843749999999500e+02 1.210111500000000000e+01 2.933711250000000100e+02 1.113614900000000000e+01
2.844151299911530100e-03 9.361588437499999600e+02 4.648146200000000100e+01 6.351953750000000100e+02 2.374058200000000000e+01 3.009634687500000000e+02 2.274088000000000100e+01
3.047177315408385000e-03 9.361603124999999200e+02 4.972760999999999900e+01 6.340847499999999900e+02 2.533955800000000000e+01 3.020755624999999900e+02 2.438805199999999800e+01
3.150997473905910200e-03 9.361653437499999200e+02 5.137619999999999700e+01 6.335636250000000000e+02 2.613601600000000100e+01 3.026017187499999700e+02 2.524018399999999900e+01
3.202907715675858500e-03 9.361607500000000100e+02 5.219785000000000300e+01 6.333183125000000500e+02 2.652758400000000100e+01 3.028424375000000200e+02 2.567026600000000200e+01
3.232106921944231200e-03 9.361602812500000300e+02 5.265977600000000100e+01 6.331842500000000200e+02 2.674683800000000000e+01 3.029760312500000100e+02 2.591293800000000000e+01
3.297805786132812500e-03 9.361629687500000000e+02 5.369416400000000100e+01 6.329018125000000100e+02 2.723278000000000200e+01 3.032611562500000000e+02 2.646138399999999900e+01
3.379107984297114400e-03 9.361616249999999600e+02 5.496820800000000400e+01 6.325724999999999900e+02 2.782428200000000000e+01 3.035891250000000200e+02 2.714392600000000000e+01
3.462257723297971700e-03 9.361645312499999800e+02 5.625957599999999600e+01 6.322915625000000500e+02 2.841036000000000100e+01 3.038729687499999800e+02 2.784921599999999800e+01
3.509029695267732200e-03 9.361755937499999600e+02 5.697266200000000000e+01 6.321974999999999900e+02 2.872009400000000000e+01 3.039780937500000300e+02 2.825256800000000000e+01
3.614266388417915500e-03 9.361927812500000500e+02 5.850048800000000400e+01 6.325190625000000200e+02 2.926711800000000000e+01 3.036737187499999800e+02 2.923337000000000100e+01
3.744496564598577500e-03 9.361856250000000700e+02 6.044739400000000300e+01 6.327976875000000500e+02 3.000682400000000200e+01 3.033879375000000200e+02 3.044057000000000100e+01
3.817751038700200000e-03 9.361801875000001000e+02 6.150590799999999800e+01 6.331128750000000300e+02 3.037827199999999900e+01 3.030673125000000100e+02 3.112763599999999900e+01
3.892670704868267000e-03 9.361515937500000700e+02 6.260266000000000000e+01 6.333884375000000100e+02 3.077422599999999900e+01 3.027631562500000100e+02 3.182843400000000100e+01
3.934812773306027100e-03 9.361436250000000400e+02 6.322208799999999900e+01 6.335280000000000200e+02 3.100294999999999800e+01 3.026156250000000200e+02 3.221913800000000100e+01
4.029632833593949900e-03 9.361673437500001000e+02 6.459422399999999700e+01 6.338679375000000400e+02 3.150693800000000200e+01 3.022994062500000000e+02 3.308728599999999900e+01
4.146972479426949200e-03 9.361720625000000400e+02 6.627686199999999400e+01 6.344015000000000600e+02 3.210304599999999900e+01 3.017705624999999800e+02 3.417381600000000200e+01
4.266978772871333200e-03 9.361583437500000900e+02 6.796371600000000500e+01 6.353038125000000500e+02 3.263982800000000100e+01 3.008545312499999800e+02 3.532388799999999700e+01
4.415486731656002000e-03 9.361544687499999800e+02 7.000361399999999900e+01 6.365985624999999600e+02 3.329574600000000100e+01 2.995559062500000200e+02 3.670786799999999800e+01
4.567369930420754300e-03 9.361698437499999300e+02 7.209085600000000200e+01 6.378926249999999500e+02 3.396240000000000200e+01 2.982772187499999700e+02 3.812845600000000000e+01
4.909107127641444500e-03 9.361575937499999300e+02 7.671032800000000400e+01 6.412966874999999600e+02 3.535151599999999700e+01 2.948609062500000300e+02 4.135881200000000000e+01
5.678015658866815100e-03 9.361611562499999800e+02 8.673393200000001000e+01 6.500233749999999900e+02 3.812238000000000000e+01 2.861377812499999900e+02 4.861155200000000300e+01
6.629539494946771300e-03 9.361620937500000500e+02 9.848865599999999200e+01 6.630889375000000400e+02 4.101005200000000200e+01 2.730731562500000100e+02 5.747860399999999700e+01
7.602689700136398700e-03 9.361581093749999800e+02 1.094877560000000000e+02 6.820209374999999500e+02 4.376883200000000300e+01 2.541371718750000100e+02 6.571892400000000100e+01
8.806962583368946700e-03 9.361544843750000400e+02 1.211007319999999900e+02 7.158728750000000200e+02 4.709544400000000100e+01 2.202816093749999900e+02 7.400528799999999300e+01
9.307317207196007600e-03 9.361464687499999400e+02 1.254157600000000100e+02 7.312011874999999500e+02 4.833743200000000000e+01 2.049452812499999900e+02 7.707832799999999900e+01
9.326561665811259100e-03 9.361656406250000400e+02 1.255737199999999900e+02 7.317801250000000000e+02 4.838255999999999800e+01 2.043855156250000100e+02 7.719115999999999600e+01
9.369861860216760800e-03 9.361438749999999800e+02 1.259327080000000100e+02 7.330816875000000400e+02 4.848335600000000100e+01 2.030621874999999900e+02 7.744935200000000500e+01
9.467286810065582400e-03 9.361612343750000500e+02 1.267475280000000000e+02 7.361168750000000500e+02 4.871183200000000100e+01 2.000443593750000000e+02 7.803569600000000200e+01
9.686492784704247400e-03 9.361566875000000900e+02 1.285444599999999900e+02 7.429516250000000400e+02 4.921204399999999900e+01 1.932050625000000000e+02 7.933241599999999500e+01
1.017970622764124500e-02 9.361566406250000200e+02 1.323748040000000100e+02 7.586670625000000400e+02 5.026034800000000000e+01 1.774895781250000100e+02 8.211445600000000400e+01
1.079005779014124500e-02 9.361545000000001000e+02 1.368463800000000100e+02 7.778216250000000400e+02 5.143719600000000000e+01 1.583328750000000000e+02 8.540918399999999600e+01
1.094611388286442400e-02 9.361600624999999800e+02 1.379312960000000000e+02 7.826189375000000200e+02 5.172330399999999900e+01 1.535411249999999900e+02 8.620799200000000400e+01
1.103389482556676500e-02 9.361644375000000800e+02 1.385142760000000000e+02 7.852300625000000300e+02 5.188072400000000100e+01 1.509343749999999900e+02 8.663355199999999500e+01
1.108327136205505500e-02 9.361599843750000200e+02 1.388332439999999800e+02 7.866656874999999900e+02 5.196896400000000000e+01 1.494942968750000000e+02 8.686427999999999400e+01
1.114437542728769800e-02 9.361653749999999300e+02 1.392203079999999900e+02 7.884306249999999600e+02 5.207768399999999800e+01 1.477347499999999900e+02 8.714262399999999800e+01
1.115999956397516000e-02 9.361776875000000500e+02 1.393164679999999900e+02 7.888761875000000100e+02 5.210517999999999700e+01 1.473015000000000000e+02 8.721128799999999600e+01
1.116483229394664400e-02 9.361859218750000800e+02 1.393457559999999900e+02 7.890147500000000500e+02 5.211370800000000300e+01 1.471711718750000000e+02 8.723204800000000600e+01
1.116977553832425300e-02 9.362054687500000200e+02 1.393757479999999900e+02 7.891652500000000100e+02 5.212304400000000000e+01 1.470402187500000100e+02 8.725270399999999400e+01
1.118089848825861700e-02 9.362465156250000300e+02 1.394389400000000000e+02 7.895031874999999700e+02 5.214249199999999700e+01 1.467433281250000100e+02 8.729644799999999800e+01
1.120592285031433800e-02 9.361298593750000200e+02 1.395923640000000000e+02 7.901478750000000000e+02 5.218253200000000200e+01 1.459819843750000000e+02 8.740983199999999400e+01
1.126223059032104500e-02 9.361314375000000600e+02 1.399455399999999900e+02 7.918243750000000300e+02 5.228576400000000000e+01 1.443070625000000000e+02 8.765977599999999400e+01
1.138892170516666100e-02 9.361574375000000100e+02 1.407020960000000100e+02 7.955665625000000300e+02 5.250781599999999800e+01 1.405908750000000100e+02 8.819428000000000600e+01
1.167397606348455000e-02 9.361604843749999000e+02 1.422939600000000000e+02 8.037062499999999500e+02 5.299944000000000000e+01 1.324542343750000000e+02 8.929452000000000600e+01
1.231534836969980200e-02 9.361609062500000400e+02 1.455223839999999900e+02 8.207775000000000300e+02 5.403815199999999700e+01 1.153834062499999900e+02 9.148423200000000600e+01
1.375843508355700300e-02 9.361599218750000100e+02 1.510712920000000000e+02 8.527379375000000400e+02 5.607516400000000100e+01 8.342198437499999400e+01 9.499612799999999900e+01
1.517897425822522400e-02 9.361600234374999400e+02 1.548998039999999900e+02 8.781143124999999800e+02 5.772343600000000000e+01 5.804571093749999700e+01 9.717636799999999700e+01
1.537873749840235200e-02 9.361591875000000300e+02 1.553507520000000000e+02 8.812276875000000000e+02 5.792650400000000100e+01 5.493150000000000000e+01 9.742424800000000600e+01
1.541405400209225200e-02 9.361579101562499500e+02 1.554286439999999900e+02 8.817783749999999800e+02 5.795982000000000100e+01 5.437953515625000000e+01 9.746882399999999800e+01
1.543391799146656000e-02 9.361661562499999700e+02 1.554706960000000000e+02 8.821053124999999700e+02 5.797542399999999700e+01 5.406084374999999700e+01 9.749527200000000000e+01
1.545423443982125000e-02 9.362643945312501000e+02 1.554954480000000100e+02 8.825951250000000500e+02 5.796564800000000200e+01 5.366926953125000200e+01 9.752979999999999400e+01
1.549994579853455600e-02 9.362789804687499800e+02 1.554977119999999800e+02 8.844291250000000000e+02 5.780183999999999900e+01 5.184985546875000000e+01 9.769587199999999400e+01
1.560279830589372300e-02 9.360515546875000200e+02 1.557767120000000000e+02 8.864056249999999900e+02 5.788038399999999900e+01 4.964592968750000100e+01 9.789632799999999700e+01
1.583421417215525500e-02 9.361725742187500100e+02 1.562633600000000100e+02 8.902196874999999600e+02 5.805980000000000300e+01 4.595288671875000100e+01 9.820355999999999600e+01
1.635489954620132300e-02 9.361536328125000600e+02 1.572767959999999900e+02 8.990676250000000200e+02 5.833850799999999700e+01 3.708600781250000000e+01 9.893828800000000000e+01
1.699924664019563200e-02 9.361586914062500000e+02 1.583411199999999900e+02 9.084571250000000200e+02 5.876847200000000300e+01 2.770156640624999900e+01 9.957264800000000100e+01
1.765824014342554400e-02 9.361600800781249100e+02 1.592673560000000100e+02 9.167408124999999500e+02 5.921152399999999700e+01 1.941926757812500200e+01 1.000558320000000000e+02
1.782041288348551100e-02 9.361628457031249600e+02 1.594762560000000100e+02 9.187237500000000000e+02 5.930726400000000400e+01 1.743909570312499800e+01 1.001689920000000000e+02
1.784908292077395200e-02 9.361694570312499800e+02 1.595097999999999800e+02 9.190595624999999700e+02 5.932215999999999700e+01 1.710989453124999900e+01 1.001876400000000000e+02
1.785641457649339900e-02 9.361777011718750100e+02 1.595160439999999900e+02 9.191390000000000100e+02 5.932475600000000100e+01 1.703870117187500100e+01 1.001912880000000000e+02
1.786053741392670100e-02 9.362022675781249700e+02 1.595165680000000100e+02 9.191951874999999700e+02 5.932407200000000100e+01 1.700708007812500000e+01 1.001924960000000100e+02
1.786564057915082000e-02 9.363365000000000000e+02 1.594997559999999900e+02 9.193138750000000500e+02 5.931213999999999900e+01 1.702262500000000100e+01 1.001876160000000100e+02
1.786694464914312700e-02 9.363935351562499800e+02 1.594919360000000100e+02 9.193543124999999900e+02 5.930704800000000200e+01 1.703922265625000100e+01 1.001848880000000000e+02
1.786855945964207000e-02 9.365216445312499900e+02 1.594744640000000100e+02 9.194295624999999700e+02 5.929660799999999900e+01 1.709208203125000100e+01 1.001778560000000100e+02
1.787021067488656400e-02 9.368260878906249900e+02 1.594353800000000100e+02 9.195760625000000300e+02 5.927633199999999600e+01 1.725002539062500200e+01 1.001590480000000000e+02
1.787113899589803600e-02 9.371534765624999200e+02 1.593951079999999900e+02 9.197174374999999600e+02 5.925750000000000000e+01 1.743603906250000100e+01 1.001376080000000000e+02
1.787322836825858800e-02 9.388341953125000100e+02 1.591849440000000000e+02 9.205525000000000100e+02 5.914571999999999700e+01 1.828169531249999800e+01 1.000392240000000000e+02
1.787793108128168600e-02 9.385862636718750300e+02 1.589661760000000200e+02 9.203913750000000400e+02 5.894856000000000100e+01 1.819488867187499900e+01 1.000176160000000000e+02
1.788851056037179700e-02 9.363890390624999300e+02 1.591367319999999900e+02 9.190622499999999500e+02 5.904692399999999700e+01 1.732678906250000100e+01 1.000898080000000000e+02
1.791231536345166600e-02 9.359687949218750900e+02 1.593038320000000000e+02 9.193741250000000500e+02 5.913852000000000000e+01 1.659466992187499900e+01 1.001653120000000000e+02
1.794177200327784100e-02 9.355452685546874800e+02 1.593827039999999900e+02 9.195496249999999900e+02 5.917166400000000000e+01 1.599564355468750100e+01 1.002110400000000000e+02
1.797189953055768400e-02 9.359073349609374200e+02 1.593920440000000000e+02 9.202313749999999600e+02 5.915341999999999700e+01 1.567595996093750100e+01 1.002386240000000000e+02
1.800918189050717100e-02 9.363995693359374900e+02 1.592941280000000000e+02 9.213232500000000300e+02 5.902460000000000000e+01 1.507631933593750000e+01 1.002695279999999900e+02
1.803015362428172400e-02 9.361051406249999900e+02 1.593641360000000000e+02 9.215085000000000300e+02 5.905199199999999800e+01 1.459664062499999900e+01 1.003121440000000000e+02
1.805160122008736200e-02 9.363406083984375500e+02 1.593332719999999900e+02 9.220330000000000200e+02 5.900195999999999700e+01 1.430760839843750000e+01 1.003313120000000000e+02
1.809985961081954000e-02 9.359158740234376000e+02 1.594585600000000100e+02 9.224009375000000500e+02 5.906121600000000200e+01 1.351493652343750000e+01 1.003973440000000000e+02
1.820843936475508000e-02 9.361744267578125100e+02 1.596021079999999900e+02 9.236170624999999700e+02 5.913892400000000300e+01 1.255736425781250000e+01 1.004631840000000000e+02
1.826951612642856200e-02 9.361722060546874200e+02 1.596789519999999800e+02 9.241655624999999600e+02 5.918849600000000100e+01 1.200664355468750000e+01 1.004904559999999900e+02
1.830387180486989600e-02 9.361622451171874700e+02 1.597200680000000000e+02 9.244771875000000100e+02 5.921446799999999700e+01 1.168505761718750000e+01 1.005056000000000000e+02
1.838117078119341400e-02 9.362157148437501100e+02 1.597745080000000000e+02 9.253601875000000500e+02 5.922471600000000100e+01 1.085552734375000000e+01 1.005497920000000000e+02
1.855509575321793000e-02 9.361412705078124600e+02 1.600326440000000000e+02 9.270251250000000000e+02 5.938837199999999700e+01 9.116145507812500900e+00 1.006442720000000000e+02
1.877032710974445300e-02 9.361630302734374700e+02 1.602919239999999900e+02 9.290382499999999500e+02 5.955098000000000300e+01 7.124780273437499600e+00 1.007409440000000000e+02
1.899045100403872300e-02 9.361660825195313000e+02 1.605308719999999900e+02 9.311082500000000000e+02 5.968828800000000000e+01 5.057832519531250300e+00 1.008425840000000000e+02
1.948572846603133200e-02 9.361600718383789400e+02 1.610879600000000100e+02 9.354681875000000000e+02 6.003045600000000100e+01 6.918843383789062800e-01 1.010575039999999900e+02
1.963895473987290300e-02 9.361618118896484500e+02 1.612486879999999900e+02 9.368616875000000200e+02 6.011851999999999700e+01 -6.998756103515625400e-01 1.011301680000000000e+02
1.972514427512701100e-02 9.361612276611327800e+02 1.613342040000000000e+02 9.376656874999999900e+02 6.016114799999999700e+01 -1.504459838867187500e+00 1.011730560000000000e+02
1.977362629501040700e-02 9.361596370849608800e+02 1.613789919999999800e+02 9.381198124999999700e+02 6.018166399999999800e+01 -1.960175415039062500e+00 1.011973280000000000e+02
1.982320955844663100e-02 9.361608403320311700e+02 1.611804119999999900e+02 9.391918124999999700e+02 5.995725199999999700e+01 -3.030972167968749800e+00 1.012231599999999900e+02
1.993477320134761500e-02 9.360650617675780700e+02 1.613464439999999900e+02 9.399436250000000000e+02 6.007081199999999700e+01 -3.878563232421874800e+00 1.012756320000000000e+02
1.996928880063546600e-02 9.361840292968750000e+02 1.613737840000000000e+02 9.402945624999999800e+02 6.008698400000000100e+01 -4.110533203124999700e+00 1.012868000000000000e+02
2.000458710195258900e-02 9.364117597656249900e+02 1.612887839999999900e+02 9.410046875000000500e+02 6.000318399999999700e+01 -4.592927734375000300e+00 1.012856000000000000e+02
2.002444329030999800e-02 9.362052753906249300e+02 1.612870880000000100e+02 9.410449374999999500e+02 5.999544800000000300e+01 -4.839662109375000300e+00 1.012916400000000000e+02
2.006911971411415700e-02 9.360675063476561500e+02 1.613244760000000000e+02 9.413261874999999500e+02 6.001463600000000300e+01 -5.258681152343750200e+00 1.013098399999999900e+02
2.016963971741929000e-02 9.361589770507812300e+02 1.613970880000000000e+02 9.421618750000000100e+02 6.005565599999999900e+01 -6.002897949218749800e+00 1.013414320000000000e+02
2.039581069998295700e-02 9.361625312500000300e+02 1.615637199999999900e+02 9.438358124999999700e+02 6.015305599999999900e+01 -7.673281249999999600e+00 1.014106640000000000e+02
2.090469443562409400e-02 9.361608740234374900e+02 1.619274560000000100e+02 9.475438749999999600e+02 6.035655200000000100e+01 -1.138300097656249900e+01 1.015709040000000000e+02
2.153443802597576300e-02 9.361592607421874800e+02 1.623282160000000000e+02 9.518079999999999900e+02 6.056476000000000000e+01 -1.564873925781249900e+01 1.017634560000000100e+02
2.188867050202102400e-02 9.361600937499999900e+02 1.625371559999999800e+02 9.541135624999999400e+02 6.067365999999999800e+01 -1.795346874999999900e+01 1.018634960000000000e+02
2.197924030826623300e-02 9.361603710937499700e+02 1.625872000000000000e+02 9.546811874999999600e+02 6.069832000000000200e+01 -1.852081640624999900e+01 1.018888800000000000e+02
2.200725896064326800e-02 9.361616757812499800e+02 1.626017760000000000e+02 9.548493125000000000e+02 6.070506400000000000e+01 -1.868763671874999900e+01 1.018967119999999900e+02
2.202302221546549900e-02 9.361680097656249000e+02 1.626076679999999900e+02 9.549361874999999600e+02 6.070706800000000000e+01 -1.876817773437500100e+01 1.019006000000000000e+02
2.202705014052647500e-02 9.361741269531251000e+02 1.626083879999999900e+02 9.549583750000000500e+02 6.070691600000000000e+01 -1.878424804687500000e+01 1.019014720000000000e+02
2.203611752250686900e-02 9.364689589843749200e+02 1.625676240000000000e+02 9.551577499999999600e+02 6.067443999999999700e+01 -1.868879101562500000e+01 1.018931840000000100e+02
2.205651978204749300e-02 9.361886757812500300e+02 1.625911960000000000e+02 9.550877500000000300e+02 6.068478799999999800e+01 -1.889907421874999800e+01 1.019064080000000000e+02
2.210242356584440900e-02 9.361038847656250300e+02 1.626210959999999900e+02 9.552541250000000400e+02 6.070075200000000100e+01 -1.915024023437500100e+01 1.019203440000000000e+02
2.211662401694705300e-02 9.361032402343749900e+02 1.626252360000000000e+02 9.553223124999999500e+02 6.070131599999999800e+01 -1.921907226562500200e+01 1.019239200000000000e+02
2.212461225825584900e-02 9.361221249999999800e+02 1.626247000000000200e+02 9.553715624999999800e+02 6.069917999999999800e+01 -1.924943749999999900e+01 1.019255200000000100e+02
2.212910564399204000e-02 9.361570371093749800e+02 1.626214239999999900e+02 9.554161874999999800e+02 6.069524799999999900e+01 -1.925915039062499900e+01 1.019261760000000000e+02
2.213370044294798000e-02 9.363341113281250000e+02 1.626029639999999900e+02 9.555359375000000500e+02 6.068077999999999900e+01 -1.920182617187499800e+01 1.019221840000000000e+02
2.213628517988188200e-02 9.365752890625000200e+02 1.625760159999999800e+02 9.556693125000000500e+02 6.066246400000000000e+01 -1.909402343749999900e+01 1.019135520000000000e+02
2.214210213815263900e-02 9.368224433593750300e+02 1.625124960000000000e+02 9.558216250000000400e+02 6.061287200000000300e+01 -1.899918164062500000e+01 1.018996240000000000e+02
2.215518964417710300e-02 9.362646074218749800e+02 1.625462680000000000e+02 9.555721250000000300e+02 6.062452400000000100e+01 -1.930751757812500100e+01 1.019217440000000000e+02
2.218463328230843900e-02 9.361304082031249400e+02 1.625654199999999900e+02 9.556543124999999500e+02 6.062627599999999700e+01 -1.952390429687499900e+01 1.019391440000000000e+02
2.219374226971231700e-02 9.361248925781250100e+02 1.625568519999999900e+02 9.556934374999999600e+02 6.061563600000000200e+01 -1.956854492187499900e+01 1.019412160000000000e+02
2.219607217342738100e-02 9.361441074218749900e+02 1.625516279999999900e+02 9.557148124999999900e+02 6.061070800000000200e+01 -1.957070507812499800e+01 1.019409200000000100e+02
2.220131185644730700e-02 9.365520078125000500e+02 1.624879000000000000e+02 9.559108125000000200e+02 6.056987600000000100e+01 -1.935880468750000100e+01 1.019180240000000000e+02
2.221310179332688900e-02 9.363641347656249500e+02 1.624313720000000100e+02 9.558285624999999800e+02 6.051606799999999700e+01 -1.946442773437500100e+01 1.019153040000000100e+02
2.222769489561365500e-02 9.360954843749999600e+02 1.624578520000000000e+02 9.557878124999999700e+02 6.052169200000000200e+01 -1.969232812500000000e+01 1.019361600000000000e+02
2.223590156539573600e-02 9.361083964843750200e+02 1.624525879999999900e+02 9.558500000000000200e+02 6.051223600000000100e+01 -1.974160351562499800e+01 1.019403520000000000e+02
2.224429545958349000e-02 9.363390683593750100e+02 1.623930599999999900e+02 9.559727500000000200e+02 6.046909200000000300e+01 -1.963368164062499900e+01 1.019239680000000000e+02
2.226318432184491000e-02 9.358898769531249400e+02 1.624075960000000100e+02 9.558313749999999800e+02 6.045994000000000300e+01 -1.994149804687500100e+01 1.019476559999999900e+02
2.230567906125516600e-02 9.359216191406250100e+02 1.624456079999999900e+02 9.561032500000000000e+02 6.047296800000000200e+01 -2.018163085937500200e+01 1.019726400000000000e+02
2.232958137704631900e-02 9.360709453125000400e+02 1.624607159999999900e+02 9.563208124999999900e+02 6.047891599999999800e+01 -2.024986718750000100e+01 1.019818000000000100e+02
2.234302772984832900e-02 9.365785644531250700e+02 1.623760240000000000e+02 9.565978125000000300e+02 6.042387999999999700e+01 -2.001924804687499900e+01 1.019521440000000000e+02
2.235059211590538500e-02 9.365333378906250300e+02 1.623517080000000000e+02 9.565982500000000100e+02 6.039993200000000000e+01 -2.006491210937500100e+01 1.019517760000000000e+02
2.236760873411005800e-02 9.363093808593749800e+02 1.624069279999999900e+02 9.566278750000000200e+02 6.042495999999999900e+01 -2.031849414062499900e+01 1.019819679999999900e+02
2.240589872540952800e-02 9.360278769531249700e+02 1.624572440000000000e+02 9.566121249999999900e+02 6.045518800000000000e+01 -2.058424804687500000e+01 1.020020560000000000e+02
2.242743733307904100e-02 9.359808847656249800e+02 1.624690400000000100e+02 9.566529375000000100e+02 6.046274400000000100e+01 -2.067205273437500100e+01 1.020062960000000100e+02
2.245408820715906100e-02 9.361293964843749800e+02 1.624585960000000000e+02 9.568419374999999700e+02 6.045251600000000300e+01 -2.071254101562500000e+01 1.020060800000000000e+02
2.245783789595049200e-02 9.361915019531250000e+02 1.624497119999999800e+02 9.568849374999999800e+02 6.044675999999999800e+01 -2.069343554687500100e+01 1.020029519999999900e+02
2.246167079558888900e-02 9.366099843750000700e+02 1.623910760000000000e+02 9.570436875000000300e+02 6.041989199999999700e+01 -2.043370312500000100e+01 1.019711839999999900e+02
2.247029611994477400e-02 9.374845644531250200e+02 1.621030840000000000e+02 9.572775625000000400e+02 6.023843600000000000e+01 -1.979299804687499900e+01 1.018646480000000000e+02
2.248970244966076400e-02 9.364924765624999700e+02 1.622187480000000100e+02 9.568721875000000000e+02 6.029099600000000000e+01 -2.037971093750000100e+01 1.019277520000000000e+02
2.253336474126752000e-02 9.358016445312499600e+02 1.623013680000000000e+02 9.567739374999999900e+02 6.031746400000000100e+01 -2.097229296875000100e+01 1.019839040000000000e+02
2.255792494281750500e-02 9.358352636718749400e+02 1.623119000000000100e+02 9.569608124999999700e+02 6.031108400000000100e+01 -2.112554882812500200e+01 1.020008160000000000e+02
2.261318474622022900e-02 9.361151367187500200e+02 1.623872279999999900e+02 9.574593750000000200e+02 6.035497199999999700e+01 -2.134423828125000000e+01 1.020322560000000000e+02
2.273752255430006700e-02 9.361975273437500400e+02 1.624978960000000000e+02 9.579632500000000200e+02 6.043649599999999800e+01 -2.176572265624999900e+01 1.020614000000000100e+02
2.301728262247971000e-02 9.361597109374999900e+02 1.626974720000000000e+02 9.589101875000000100e+02 6.059818400000000300e+01 -2.275047656250000100e+01 1.020992880000000000e+02
2.364674147571441500e-02 9.361622363281250000e+02 1.630603360000000100e+02 9.621908124999999900e+02 6.078667200000000300e+01 -2.602857617187499900e+01 1.022736640000000000e+02
2.400081143057419100e-02 9.361580000000000200e+02 1.632271240000000000e+02 9.640451249999999800e+02 6.085463599999999900e+01 -2.788712500000000100e+01 1.023724880000000000e+02
2.411035330992778600e-02 9.361558261718749900e+02 1.632721880000000000e+02 9.646024374999999500e+02 6.087134799999999800e+01 -2.844661132812500200e+01 1.024008400000000000e+02
2.422238371367347500e-02 9.361803671875000000e+02 1.632863160000000000e+02 9.651937500000000200e+02 6.086224399999999700e+01 -2.901338281250000200e+01 1.024240720000000000e+02
2.435681863796491200e-02 9.361430820312499500e+02 1.633005800000000000e+02 9.658279374999999600e+02 6.085157199999999700e+01 -2.968485546875000100e+01 1.024490080000000100e+02
2.440723400987080200e-02 9.361319042968749500e+02 1.632058440000000100e+02 9.661761249999999600e+02 6.075287600000000100e+01 -3.004422070312499900e+01 1.024529680000000000e+02
2.447025062441419600e-02 9.360148281250000100e+02 1.632729799999999900e+02 9.662998750000000400e+02 6.080444399999999700e+01 -3.028504687499999900e+01 1.024685360000000000e+02
2.461203930730631100e-02 9.361956289062500200e+02 1.633475000000000000e+02 9.670240625000000100e+02 6.085959600000000300e+01 -3.082843359374999900e+01 1.024879040000000000e+02
2.469179430378482700e-02 9.361684355468750000e+02 1.633765680000000200e+02 9.674210624999999500e+02 6.087344000000000200e+01 -3.125262695312499900e+01 1.025031280000000000e+02
2.473665535165569400e-02 9.361513281250000800e+02 1.633920320000000000e+02 9.676430000000000300e+02 6.088051999999999700e+01 -3.149167187500000200e+01 1.025115120000000000e+02
2.474296637433031800e-02 9.361489707031249700e+02 1.633940080000000100e+02 9.676723124999999800e+02 6.088127200000000300e+01 -3.152334179687499800e+01 1.025127360000000000e+02
2.475077259191137100e-02 9.361495136718749600e+02 1.633953440000000200e+02 9.677046249999999600e+02 6.088141600000000200e+01 -3.155511132812500100e+01 1.025139280000000100e+02
2.475516456442782700e-02 9.361496406249999600e+02 1.633952160000000000e+02 9.677185624999999600e+02 6.088093599999999800e+01 -3.156892187500000100e+01 1.025142800000000000e+02
2.475965534982505600e-02 9.361797187500000100e+02 1.633908240000000100e+02 9.677478750000000200e+02 6.087760000000000100e+01 -3.156815625000000100e+01 1.025132239999999900e+02
2.476218287930166700e-02 9.362402949218749200e+02 1.633822800000000100e+02 9.677727499999999700e+02 6.087345599999999700e+01 -3.153245507812500000e+01 1.025088240000000000e+02
2.476530848674084900e-02 9.365529101562499400e+02 1.633372320000000000e+02 9.678441874999999800e+02 6.085543200000000000e+01 -3.129127734375000000e+01 1.024818000000000100e+02
2.476706631588301800e-02 9.368336640625000200e+02 1.632933600000000100e+02 9.679105624999999700e+02 6.083607200000000100e+01 -3.107689843749999900e+01 1.024572880000000100e+02
2.476886575044867300e-02 9.372075527343749900e+02 1.632289759999999900e+02 9.680026874999999800e+02 6.080598400000000200e+01 -3.079513476562500100e+01 1.024229919999999900e+02
2.477291187788242100e-02 9.377668906250000900e+02 1.630588240000000200e+02 9.680978750000000400e+02 6.070782400000000200e+01 -3.033098437500000000e+01 1.023510000000000000e+02
2.478201826494732700e-02 9.367385546875000300e+02 1.630635320000000100e+02 9.675258125000000300e+02 6.068906799999999900e+01 -3.078725781249999800e+01 1.023744640000000000e+02
2.480250373533492100e-02 9.361143398437500300e+02 1.631791040000000000e+02 9.673941875000000400e+02 6.074128799999999700e+01 -3.127984765624999900e+01 1.024378160000000000e+02
2.484859994421544800e-02 9.357218320312499600e+02 1.632016160000000000e+02 9.674524999999999900e+02 6.072437599999999900e+01 -3.173066796875000200e+01 1.024772399999999900e+02
2.495231446394240900e-02 9.362058769531250800e+02 1.630287680000000100e+02 9.682262500000000500e+02 6.054788800000000000e+01 -3.202037304687500100e+01 1.024808800000000000e+02
2.496689716487330400e-02 9.361710117187500400e+02 1.630313840000000000e+02 9.682663750000000400e+02 6.054235200000000100e+01 -3.209536328125000200e+01 1.024890319999999900e+02
2.499971344264575700e-02 9.361369921875000300e+02 1.630154120000000000e+02 9.683489375000000300e+02 6.051547600000000000e+01 -3.221194531249999900e+01 1.024999360000000100e+02
2.507355006763377400e-02 9.360997890625000100e+02 1.630709600000000100e+02 9.686077500000000100e+02 6.054813600000000000e+01 -3.250796093750000200e+01 1.025228240000000000e+02
2.523968052360258900e-02 9.361281523437500000e+02 1.630960920000000000e+02 9.689953124999999500e+02 6.055662800000000300e+01 -3.286716015625000200e+01 1.025394640000000000e+02
2.561347144919345200e-02 9.361637578124999700e+02 1.632659520000000000e+02 9.701828749999999700e+02 6.067004800000000100e+01 -3.401911718750000100e+01 1.025959040000000000e+02
2.572911372376528500e-02 9.361690078125000100e+02 1.633112199999999900e+02 9.706684999999999900e+02 6.068892400000000000e+01 -3.449949218750000300e+01 1.026222960000000100e+02
2.579416120304245400e-02 9.361720859375000100e+02 1.633296280000000100e+02 9.709315625000000400e+02 6.069281200000000400e+01 -3.475947656249999800e+01 1.026368160000000000e+02
2.586068827519225100e-02 9.361406875000000100e+02 1.633298360000000000e+02 9.711003124999999700e+02 6.068070000000000200e+01 -3.495962500000000300e+01 1.026491360000000000e+02
2.601037418752929000e-02 9.361558164062499800e+02 1.633892880000000200e+02 9.718050624999999600e+02 6.070112000000000300e+01 -3.564924609375000100e+01 1.026881680000000000e+02
2.634716749028762800e-02 9.361595976562499600e+02 1.635081040000000000e+02 9.733419999999999800e+02 6.073902400000000100e+01 -3.718240234374999900e+01 1.027690800000000000e+02
2.710495307157863300e-02 9.361588164062500300e+02 1.637194640000000200e+02 9.764550625000000500e+02 6.078089599999999800e+01 -4.029624609375000000e+01 1.029385680000000000e+02
2.880996672897494900e-02 9.361597929687500300e+02 1.639188920000000000e+02 9.813664999999999700e+02 6.073995599999999900e+01 -4.520670703124999800e+01 1.031789359999999900e+02
2.933745588993002000e-02 9.361595546874999600e+02 1.639475600000000100e+02 9.827196874999999600e+02 6.070818400000000300e+01 -4.656013281250000100e+01 1.032393759999999900e+02
2.937117188498530200e-02 9.361548242187499200e+02 1.639483720000000100e+02 9.827950624999999700e+02 6.070525200000000200e+01 -4.664023828124999900e+01 1.032431200000000000e+02
2.939013875741574800e-02 9.361451054687499900e+02 1.639460719999999900e+02 9.828201874999999700e+02 6.070134399999999900e+01 -4.667508203125000000e+01 1.032447279999999900e+02
2.940080794820024900e-02 9.361776250000000300e+02 1.639304160000000100e+02 9.828572500000000200e+02 6.068638399999999700e+01 -4.667962500000000100e+01 1.032440320000000000e+02
2.942481167721114300e-02 9.363235429687499600e+02 1.638497960000000000e+02 9.829877500000000100e+02 6.061474799999999900e+01 -4.666420703125000100e+01 1.032350480000000100e+02
2.947882071757040200e-02 9.360440664062499500e+02 1.638829560000000100e+02 9.828413749999999700e+02 6.063183600000000000e+01 -4.679730859375000300e+01 1.032511200000000000e+02
2.960033975820924900e-02 9.361700039062499200e+02 1.638710800000000100e+02 9.830517499999999700e+02 6.061050399999999900e+01 -4.688174609375000300e+01 1.032605760000000000e+02
2.987375759964665300e-02 9.361624648437499400e+02 1.638415039999999900e+02 9.834417499999999600e+02 6.056123199999999700e+01 -4.727928515624999800e+01 1.032802720000000000e+02
2.995834662626613300e-02 9.361618750000000100e+02 1.638474600000000100e+02 9.836290000000000200e+02 6.055762000000000000e+01 -4.746712500000000300e+01 1.032898400000000000e+02
3.000592762869722100e-02 9.361592109375000100e+02 1.638438679999999900e+02 9.837221875000000200e+02 6.055047600000000300e+01 -4.756297656249999800e+01 1.032933920000000000e+02
3.005459037213887400e-02 9.361903242187499900e+02 1.638116800000000000e+02 9.838172499999999400e+02 6.052041599999999700e+01 -4.762692578125000200e+01 1.032912640000000000e+02
3.016408284505208200e-02 9.361628242187500700e+02 1.638260559999999900e+02 9.840124375000000300e+02 6.052255199999999700e+01 -4.784961328125000100e+01 1.033035040000000000e+02
3.041043635851360000e-02 9.361611718750000400e+02 1.638464160000000000e+02 9.845987500000000000e+02 6.051133600000000000e+01 -4.843757812500000200e+01 1.033350800000000000e+02
3.096473501422572500e-02 9.361601523437500400e+02 1.638592360000000100e+02 9.857305625000000200e+02 6.046007600000000100e+01 -4.957041015624999900e+01 1.033991599999999900e+02
3.165067843051694300e-02 9.361591562500000200e+02 1.638919479999999900e+02 9.871460624999999700e+02 6.041582799999999800e+01 -5.098690624999999700e+01 1.034761199999999900e+02
3.203652192722313000e-02 9.361587187500000500e+02 1.639103279999999900e+02 9.878897500000000500e+02 6.039294400000000000e+01 -5.173103125000000100e+01 1.035173840000000100e+02
3.225355921916272400e-02 9.361563671875000000e+02 1.639122360000000100e+02 9.882704374999999600e+02 6.037334800000000000e+01 -5.211407031249999700e+01 1.035388880000000000e+02
3.237564253335756300e-02 9.361637578124999700e+02 1.639201919999999900e+02 9.885004374999999800e+02 6.036791199999999700e+01 -5.233667968750000200e+01 1.035522800000000000e+02
3.250050040923094200e-02 9.361595312499999900e+02 1.639278400000000000e+02 9.887181249999999900e+02 6.036248799999999900e+01 -5.255859375000000000e+01 1.035653520000000000e+02
3.253912844459621500e-02 9.361595468749999300e+02 1.639299520000000100e+02 9.887811874999999900e+02 6.036058400000000300e+01 -5.262164062499999800e+01 1.035693680000000000e+02
3.256085687701037300e-02 9.374359804687500200e+02 1.637618280000000100e+02 9.888184999999999700e+02 6.031345999999999900e+01 -5.138251953124999700e+01 1.034483680000000000e+02
3.257270922202517400e-02 9.370906523437499800e+02 1.636110520000000000e+02 9.883386874999999900e+02 6.022305999999999700e+01 -5.124803515624999800e+01 1.033879920000000000e+02
3.259492911850422900e-02 9.361138867187500000e+02 1.637255600000000000e+02 9.879951250000000300e+02 6.026633600000000300e+01 -5.188123828124999900e+01 1.034592240000000100e+02
3.264493103651425200e-02 9.355825468750000500e+02 1.638430640000000000e+02 9.880508750000000200e+02 6.029553599999999800e+01 -5.246832812499999900e+01 1.035475280000000000e+02
3.270680350191185200e-02 9.361488515624998900e+02 1.638747999999999900e+02 9.885834374999999500e+02 6.031763999999999700e+01 -5.243458593750000300e+01 1.035571600000000000e+02
3.274160903899459700e-02 9.363540312499999300e+02 1.638766400000000100e+02 9.887849999999999700e+02 6.031819999999999700e+01 -5.243096874999999800e+01 1.035584400000000000e+02
3.276118699108246400e-02 9.363931367187500400e+02 1.638719559999999800e+02 9.888149375000000400e+02 6.031486799999999700e+01 -5.242180078124999900e+01 1.035570879999999900e+02
3.278120960113379400e-02 9.366524414062499800e+02 1.637963639999999800e+02 9.887983749999999600e+02 6.027910000000000000e+01 -5.214593359375000100e+01 1.035172640000000000e+02
3.282625787341034200e-02 9.360116328125000100e+02 1.638156200000000000e+02 9.884478749999999500e+02 6.027430799999999800e+01 -5.243624218750000000e+01 1.035413120000000000e+02
3.285160077698960600e-02 9.359419179687499800e+02 1.638212640000000100e+02 9.883799374999999800e+02 6.027731200000000200e+01 -5.243801953124999900e+01 1.035439520000000000e+02
3.285944079897724200e-02 9.359893867187499800e+02 1.638206160000000000e+02 9.884005624999999800e+02 6.027606399999999800e+01 -5.241117578125000200e+01 1.035445520000000000e+02
3.286745764401467800e-02 9.361687070312500500e+02 1.638060720000000000e+02 9.884723750000000600e+02 6.026784000000000000e+01 -5.230366796874999800e+01 1.035382319999999900e+02
3.288549879577262100e-02 9.360333671875000600e+02 1.638076320000000100e+02 9.884015000000000600e+02 6.026681599999999900e+01 -5.236813281250000100e+01 1.035408160000000100e+02
3.292609008705851100e-02 9.361330156249999800e+02 1.638264399999999900e+02 9.885516874999999600e+02 6.027503999999999700e+01 -5.241867187500000100e+01 1.035514000000000000e+02
3.301741919228228700e-02 9.362019414062500600e+02 1.638529279999999900e+02 9.887608750000000600e+02 6.027936799999999800e+01 -5.255893359374999800e+01 1.035735600000000000e+02
3.322291097920527400e-02 9.361581875000000500e+02 1.638757840000000100e+02 9.890285000000000100e+02 6.027200800000000000e+01 -5.287031249999999700e+01 1.036037760000000000e+02
3.368527205037518500e-02 9.361605468750000200e+02 1.638899920000000100e+02 9.895368750000000100e+02 6.023265599999999900e+01 -5.337632812500000100e+01 1.036573360000000000e+02
3.472557665949056000e-02 9.361597343750000800e+02 1.639445440000000100e+02 9.908998125000000500e+02 6.017085600000000100e+01 -5.474007812499999700e+01 1.037736880000000100e+02
3.601295767630047900e-02 9.361584570312500100e+02 1.640187640000000000e+02 9.924146250000000000e+02 6.010558000000000300e+01 -5.625616796874999900e+01 1.039131840000000000e+02
3.634211638384963300e-02 9.361595820312500100e+02 1.640430639999999900e+02 9.928145624999999700e+02 6.009445600000000100e+01 -5.665498046874999700e+01 1.039486079999999900e+02
3.652726831936722200e-02 9.361611093750000200e+02 1.640557160000000200e+02 9.930319375000000300e+02 6.008954000000000000e+01 -5.687082812500000300e+01 1.039661760000000000e+02
3.654158838606237600e-02 9.361963789062499500e+02 1.640590799999999900e+02 9.930828749999999400e+02 6.009204799999999800e+01 -5.688649609374999700e+01 1.039670320000000000e+02
3.655623609546746600e-02 9.365864804687499800e+02 1.640413839999999900e+02 9.933619999999999700e+02 6.009253600000000300e+01 -5.677551953124999800e+01 1.039488480000000000e+02
3.658918759086624700e-02 9.361264374999999500e+02 1.640344120000000000e+02 9.930784374999999500e+02 6.008735600000000000e+01 -5.695199999999999800e+01 1.039470560000000000e+02
3.666333365619142000e-02 9.360622734375000400e+02 1.640487560000000000e+02 9.931144375000000100e+02 6.009464400000000200e+01 -5.705216406249999700e+01 1.039541119999999900e+02
3.683015840266461200e-02 9.361691367187500000e+02 1.640622080000000000e+02 9.933959374999999500e+02 6.009269599999999700e+01 -5.722680078124999900e+01 1.039695119999999900e+02
3.720551473231403100e-02 9.361579960937500600e+02 1.640945720000000000e+02 9.938321250000000200e+02 6.008662799999999700e+01 -5.767412890624999700e+01 1.040079439999999900e+02
3.805006842427945800e-02 9.361601328125000200e+02 1.641644959999999900e+02 9.946483749999999900e+02 6.006712799999999700e+01 -5.848824218749999900e+01 1.040973680000000000e+02
3.995031033069321900e-02 9.361597109374999900e+02 1.643605120000000000e+02 9.963073124999999700e+02 6.005269599999999700e+01 -6.014760156250000000e+01 1.043078160000000000e+02
4.422585787054788400e-02 9.361596914062500900e+02 1.648930360000000000e+02 9.989109375000000500e+02 6.008416400000000100e+01 -6.275124609374999800e+01 1.048088719999999900e+02
4.663085417432206300e-02 9.361597421875000000e+02 1.652253800000000000e+02 1.000151875000000000e+03 6.013955599999999900e+01 -6.399213281250000300e+01 1.050858240000000000e+02
4.960703573506464900e-02 9.361594179687500600e+02 1.656719919999999900e+02 1.001670312500000000e+03 6.026294399999999700e+01 -6.551089453125000300e+01 1.054090480000000000e+02
5.265085731303521100e-02 9.361597421875000000e+02 1.661522360000000200e+02 1.003050625000000000e+03 6.042282000000000200e+01 -6.689088281249999600e+01 1.057294160000000000e+02
5.436300890089787500e-02 9.361598593750000000e+02 1.664465160000000000e+02 1.003830375000000000e+03 6.052969999999999800e+01 -6.767051562499999300e+01 1.059168160000000000e+02
5.489270314929756800e-02 9.361594296874999400e+02 1.665382240000000100e+02 1.004058375000000000e+03 6.056253600000000100e+01 -6.789894531250000400e+01 1.059756880000000100e+02
5.502813920409157400e-02 9.361603671875000100e+02 1.665610639999999900e+02 1.004109187500000000e+03 6.057021600000000200e+01 -6.794882031250000400e+01 1.059908480000000000e+02
5.519573625123817100e-02 9.361648984375000300e+02 1.665884760000000100e+02 1.004154000000000000e+03 6.057816400000000100e+01 -6.798910156249999700e+01 1.060103120000000000e+02
5.521930572364146300e-02 9.361704609374999100e+02 1.665921920000000100e+02 1.004157125000000000e+03 6.057899200000000000e+01 -6.798666406249999700e+01 1.060132000000000000e+02
5.523256225169882700e-02 9.361787109375000000e+02 1.665943199999999800e+02 1.004158937500000000e+03 6.057944799999999900e+01 -6.798022656249999300e+01 1.060148720000000000e+02
5.524002002385821500e-02 9.361882109375000000e+02 1.665956360000000100e+02 1.004160750000000000e+03 6.057974800000000200e+01 -6.797253906250000500e+01 1.060158880000000000e+02
5.524764941838946500e-02 9.366411640625000200e+02 1.665598960000000100e+02 1.004202625000000000e+03 6.057307200000000300e+01 -6.756146093750000100e+01 1.059868240000000000e+02
5.525193477700823800e-02 9.372286093750000200e+02 1.665022920000000100e+02 1.004304937500000100e+03 6.055635600000000100e+01 -6.707632812500000300e+01 1.059459360000000000e+02
5.526158723525636400e-02 9.369313203125000200e+02 1.664657919999999900e+02 1.004143000000000000e+03 6.052497600000000200e+01 -6.721167968749999500e+01 1.059408160000000000e+02
5.527353319247400900e-02 9.363354453124999300e+02 1.664983680000000000e+02 1.003834125000000000e+03 6.053267199999999800e+01 -6.749867968750000100e+01 1.059656959999999900e+02
5.528574958494429000e-02 9.365962499999999400e+02 1.664676600000000000e+02 1.003802749999999900e+03 6.052464400000000200e+01 -6.720650000000000500e+01 1.059430160000000000e+02
5.529777875300889700e-02 9.365938203124999300e+02 1.664118399999999800e+02 1.003603687500000000e+03 6.049694399999999900e+01 -6.700986718750000600e+01 1.059148960000000000e+02
5.530164285671491200e-02 9.366063749999999600e+02 1.663881640000000200e+02 1.003508312500000000e+03 6.048732400000000100e+01 -6.690193750000000300e+01 1.059008400000000000e+02
5.531033839022292400e-02 9.377421132812501100e+02 1.661244639999999900e+02 1.003241875000000100e+03 6.040341600000000000e+01 -6.549976171874999400e+01 1.057210480000000000e+02
5.532990854129388200e-02 9.362766328125000000e+02 1.659976399999999900e+02 1.002157562500000000e+03 6.031051999999999700e+01 -6.588092968750000000e+01 1.056871199999999900e+02
5.537393748069508600e-02 9.351307890624999600e+02 1.662430479999999900e+02 1.001811312500000000e+03 6.039587999999999800e+01 -6.668052343750000000e+01 1.058471680000000000e+02
5.547300519468675200e-02 9.361155390625000300e+02 1.663712879999999900e+02 1.002825875000000000e+03 6.043932800000000300e+01 -6.671033593750000500e+01 1.059319600000000000e+02
5.569590105032059400e-02 9.361804062500000300e+02 1.664808039999999800e+02 1.002984875000000000e+03 6.049929199999999700e+01 -6.680446874999999800e+01 1.059815120000000000e+02
5.619742322634414800e-02 9.361659140624999500e+02 1.666124560000000100e+02 1.003102000000000000e+03 6.053687200000000200e+01 -6.693608593749999600e+01 1.060755840000000100e+02
5.732584552205819600e-02 9.361598828124999700e+02 1.668330280000000100e+02 1.003503875000000000e+03 6.059570000000000100e+01 -6.734399218750000700e+01 1.062373280000000100e+02
5.872227435381784800e-02 9.361597812500000400e+02 1.670844919999999800e+02 1.003969375000000000e+03 6.066841199999999600e+01 -6.780959375000000500e+01 1.064160799999999900e+02
5.950775874579285900e-02 9.361592734374999100e+02 1.672185200000000100e+02 1.004221312500000000e+03 6.070943200000000000e+01 -6.806203906250000600e+01 1.065090880000000100e+02
6.031110226579807600e-02 9.361602031249999500e+02 1.673400440000000100e+02 1.004301937500000000e+03 6.073817199999999900e+01 -6.814173437499999900e+01 1.066018720000000000e+02
6.076297877025018500e-02 9.361594531250000300e+02 1.674159679999999900e+02 1.004433000000000000e+03 6.076087199999999900e+01 -6.827354687499999400e+01 1.066550960000000000e+02
6.177971130662331100e-02 9.361595937500000000e+02 1.675823640000000100e+02 1.004707500000000000e+03 6.081119600000000200e+01 -6.854790624999999700e+01 1.067711680000000000e+02
6.303791131953763400e-02 9.361591875000000300e+02 1.677847360000000100e+02 1.004991312500000000e+03 6.087049600000000300e+01 -6.883212500000000500e+01 1.069142400000000100e+02
6.374565077705617000e-02 9.361590625000000000e+02 1.678981640000000100e+02 1.005129687500000000e+03 6.090203600000000300e+01 -6.897062499999999800e+01 1.069961280000000000e+02
6.384517615070615900e-02 9.361585937499999100e+02 1.679139600000000000e+02 1.005146625000000000e+03 6.090637600000000200e+01 -6.898803125000000600e+01 1.070075839999999900e+02
6.394696381925804600e-02 9.361607343749999500e+02 1.679302440000000200e+02 1.005169687500000000e+03 6.091118000000000200e+01 -6.900895312500000500e+01 1.070190640000000000e+02
6.397845392415697800e-02 9.361642031249999700e+02 1.679352000000000100e+02 1.005168812499999900e+03 6.091295999999999800e+01 -6.900460937500000100e+01 1.070222400000000000e+02
6.398650457360098600e-02 9.361684999999999900e+02 1.679365680000000200e+02 1.005170187500000000e+03 6.091369600000000200e+01 -6.900168750000000300e+01 1.070228720000000100e+02
6.399103436408273800e-02 9.361735937500000100e+02 1.679374480000000200e+02 1.005172437500000000e+03 6.091428799999999900e+01 -6.899884375000000600e+01 1.070231600000000000e+02
6.400122249215820000e-02 9.366171171875000700e+02 1.679047559999999900e+02 1.005364625000000000e+03 6.090807600000000100e+01 -6.874750781250000400e+01 1.069966800000000000e+02
6.402415228117544500e-02 9.366311562500000000e+02 1.678008920000000000e+02 1.005221500000000000e+03 6.086240399999999800e+01 -6.859034375000000200e+01 1.069384880000000100e+02
6.407573780561680300e-02 9.358222187500000500e+02 1.678759000000000000e+02 1.004796375000000000e+03 6.088555600000000100e+01 -6.897415624999999300e+01 1.069903439999999900e+02
6.419181173645727200e-02 9.361528984374999700e+02 1.679181280000000000e+02 1.005028062500000000e+03 6.091391200000000300e+01 -6.887516406250000500e+01 1.070042160000000000e+02
6.445297938101779400e-02 9.361673906250000500e+02 1.679655600000000100e+02 1.005084437500000000e+03 6.092684800000000000e+01 -6.891704687499999700e+01 1.070387120000000000e+02
6.477617031063608000e-02 9.361584609375000800e+02 1.680282320000000000e+02 1.005149187500000000e+03 6.094249599999999800e+01 -6.899072656250000100e+01 1.070857360000000000e+02
6.482161903511364500e-02 9.361595546874999600e+02 1.680363360000000100e+02 1.005159062500000000e+03 6.094493599999999800e+01 -6.899950781249999900e+01 1.070913999999999900e+02
6.484718556784413400e-02 9.361611796874999500e+02 1.680403599999999900e+02 1.005162937500000000e+03 6.094629599999999700e+01 -6.900175781250000300e+01 1.070940640000000000e+02
6.485372282000893800e-02 9.361629375000000000e+02 1.680414519999999900e+02 1.005164812500000000e+03 6.094677200000000300e+01 -6.900187499999999800e+01 1.070946800000000000e+02
6.486842513653234800e-02 9.366423125000000000e+02 1.679995879999999900e+02 1.005402250000000000e+03 6.093529199999999700e+01 -6.875993750000000700e+01 1.070642960000000000e+02
6.490151705023537700e-02 9.361599843750000200e+02 1.679994360000000000e+02 1.005091500000000000e+03 6.092857999999999700e+01 -6.893151562500000300e+01 1.070708560000000100e+02
6.497597515623668200e-02 9.360161406249999300e+02 1.680223960000000100e+02 1.004977437500000000e+03 6.094229200000000200e+01 -6.896129687500000200e+01 1.070801040000000100e+02
6.514349939389219000e-02 9.361819062500000000e+02 1.680490640000000200e+02 1.005128875000000000e+03 6.095390400000000100e+01 -6.894696874999999600e+01 1.070951600000000100e+02
6.552042372793913400e-02 9.361592890624999700e+02 1.681214880000000000e+02 1.005211500000000000e+03 6.097371199999999900e+01 -6.905221093750000700e+01 1.071477759999999900e+02
6.636851388090064800e-02 9.361598750000000600e+02 1.682647759999999800e+02 1.005378375000000000e+03 6.100927999999999700e+01 -6.921850000000000600e+01 1.072554959999999900e+02
6.827670502353867800e-02 9.361597109374999900e+02 1.685695519999999900e+02 1.005664687500000000e+03 6.108531200000000200e+01 -6.950497656250000500e+01 1.074842400000000000e+02
7.000000166421693800e-02 9.361592421875000100e+02 1.688303080000000000e+02 1.005830687500000000e+03 6.114962800000000000e+01 -6.967144531249999800e+01 1.076806800000000000e+02
