0.000000000000000000e+00 0.000000000000000000e+00 0.000000000000000000e+00 0.000000000000000000e+00 0.000000000000000000e+00 0.000000000000000000e+00 0.000000000000000000e+00
6.778773840179073700e-09 1.537347031250000100e+03 1.704723739624024000e-05 1.176618750000000100e+03 7.548059082031250300e-05 3.607282812500000100e+02 -5.843335342407226300e-05
1.400006705296927700e-03 1.537343312499999900e+03 3.811501099999999600e+01 1.175982000000000000e+03 2.389024800000000000e+01 3.613613125000000000e+02 1.422476299999999900e+01
2.843756378788651700e-03 1.537340625000000000e+03 7.429246999999999400e+01 1.167892125000000100e+03 4.551817599999999700e+01 3.694485000000000200e+02 2.877429400000000100e+01
3.448224329686427200e-03 1.537344343750000000e+03 8.915147999999999200e+01 1.163874624999999900e+03 5.431017599999999800e+01 3.734697187500000300e+02 3.484130400000000100e+01
3.500134662539677000e-03 1.537345750000000000e+03 9.041652800000000000e+01 1.163563375000000000e+03 5.504809999999999800e+01 3.737823750000000000e+02 3.536842800000000200e+01
3.564373768584050200e-03 1.537350687499999800e+03 9.197722799999999700e+01 1.163201499999999900e+03 5.595194399999999700e+01 3.741491874999999800e+02 3.602528399999999900e+01
3.600508302122682000e-03 1.537348875000000100e+03 9.285223600000000500e+01 1.163005750000000000e+03 5.645496399999999700e+01 3.743431249999999900e+02 3.639727200000000100e+01
3.637464055211553200e-03 1.537345812500000200e+03 9.374660000000000100e+01 1.162808500000000100e+03 5.696714000000000100e+01 3.745373124999999800e+02 3.677946000000000000e+01
3.720614499661511900e-03 1.537347656250000000e+03 9.574715600000000400e+01 1.162397875000000100e+03 5.810141600000000000e+01 3.749497812500000000e+02 3.764574000000000400e+01
3.767386460915590200e-03 1.537347343749999900e+03 9.686931599999999800e+01 1.162170499999999900e+03 5.873445600000000200e+01 3.751768437499999900e+02 3.813486000000000300e+01
3.872623664846641700e-03 1.537347624999999900e+03 9.937895600000000200e+01 1.161694999999999900e+03 6.013737199999999900e+01 3.756526250000000000e+02 3.924158400000000300e+01
3.931819592057858100e-03 1.537353218750000000e+03 1.007778800000000100e+02 1.161459250000000100e+03 6.090888400000000000e+01 3.758939687500000000e+02 3.986899600000000300e+01
4.065010573837783700e-03 1.537368812500000100e+03 1.038041120000000000e+02 1.161435500000000000e+03 6.244473200000000200e+01 3.759333125000000000e+02 4.135938000000000200e+01
4.139930482894655700e-03 1.537414562500000100e+03 1.053349840000000100e+02 1.162160625000000000e+03 6.303433600000000300e+01 3.752539375000000100e+02 4.230064800000000200e+01
4.182072931739146100e-03 1.537233312500000000e+03 1.063539720000000000e+02 1.162176375000000000e+03 6.352499999999999900e+01 3.750569375000000000e+02 4.282897200000000000e+01
4.205777968242492200e-03 1.537297156249999900e+03 1.069090880000000000e+02 1.162280250000000000e+03 6.379431999999999900e+01 3.750169062499999800e+02 4.311476799999999800e+01
4.259114445929707700e-03 1.537406156249999900e+03 1.080648960000000000e+02 1.162614499999999900e+03 6.431935199999999500e+01 3.747916562500000200e+02 4.374554400000000200e+01
4.379121666280632800e-03 1.537404906249999800e+03 1.104786199999999900e+02 1.163892499999999900e+03 6.524884799999999500e+01 3.735124062500000300e+02 4.522977199999999700e+01
4.649137839292868900e-03 1.537346999999999800e+03 1.163651920000000100e+02 1.165446999999999900e+03 6.792030400000000200e+01 3.718999999999999800e+02 4.844488799999999900e+01
4.983282496786525400e-03 1.537335562499999900e+03 1.232207320000000000e+02 1.169465625000000000e+03 7.067719999999999900e+01 3.678699374999999900e+02 5.254353199999999900e+01
5.030271625635243500e-03 1.537369375000000000e+03 1.241601520000000100e+02 1.170133000000000000e+03 7.106184000000000400e+01 3.672363750000000100e+02 5.309831200000000000e+01
5.042286291809455100e-03 1.537378874999999900e+03 1.243960199999999900e+02 1.170322500000000000e+03 7.115652799999999400e+01 3.670563750000000000e+02 5.323949199999999800e+01
5.049044104868385600e-03 1.537397218750000100e+03 1.245279319999999900e+02 1.170452500000000100e+03 7.120866399999999900e+01 3.669447187499999900e+02 5.331926800000000100e+01
5.052845411102705100e-03 1.537448000000000100e+03 1.246005040000000000e+02 1.170578375000000100e+03 7.123584800000000400e+01 3.668696249999999800e+02 5.336465599999999700e+01
5.054983900580213600e-03 1.537527937500000000e+03 1.246376280000000100e+02 1.170709250000000100e+03 7.124711200000000100e+01 3.668186875000000100e+02 5.339051599999999800e+01
5.059794774131170000e-03 1.538365968750000100e+03 1.246501280000000000e+02 1.171781750000000100e+03 7.119808799999999800e+01 3.665842187499999900e+02 5.345203999999999700e+01
5.070619967394259500e-03 1.537802812500000100e+03 1.247029200000000100e+02 1.171777750000000000e+03 7.112503200000000400e+01 3.660250624999999900e+02 5.357788800000000200e+01
5.094976506681524200e-03 1.537024906250000200e+03 1.252695400000000100e+02 1.171382250000000100e+03 7.141330399999999700e+01 3.656426562500000200e+02 5.385623600000000300e+01
5.149777846749740100e-03 1.537274093750000000e+03 1.264262359999999900e+02 1.172353625000000000e+03 7.191007999999999400e+01 3.649204687500000000e+02 5.451615600000000200e+01
5.273082463004796100e-03 1.537364906250000100e+03 1.288047520000000100e+02 1.174772875000000100e+03 7.282725600000000600e+01 3.625920312499999900e+02 5.597749600000000200e+01
5.550516102922414600e-03 1.537333718749999900e+03 1.339799439999999900e+02 1.181552250000000000e+03 7.486953599999999700e+01 3.557814687499999900e+02 5.911040800000000000e+01
6.174743102729248600e-03 1.537348749999999900e+03 1.448780720000000000e+02 1.202621374999999900e+03 7.962503200000000400e+01 3.347273749999999900e+02 6.525303999999999900e+01
7.579253852294624800e-03 1.537345218750000000e+03 1.662059679999999800e+02 1.265930249999999900e+03 8.907296800000000300e+01 2.714149687500000100e+02 7.713299999999999600e+01
8.369290930593116200e-03 1.537346781249999800e+03 1.767108400000000200e+02 1.304904874999999900e+03 9.369347200000000000e+01 2.324419062499999900e+02 8.301736800000000500e+01
8.813686859913362100e-03 1.537346734375000100e+03 1.822334880000000200e+02 1.327248000000000000e+03 9.600468800000000200e+01 2.100987343749999900e+02 8.622880000000000700e+01
9.813577700883915600e-03 1.537346859375000100e+03 1.934464079999999900e+02 1.375787000000000000e+03 1.009059599999999900e+02 1.615598593750000000e+02 9.254044799999999800e+01
1.105094159770215800e-02 1.537348117187500100e+03 2.042088719999999900e+02 1.422819500000000100e+03 1.066481680000000000e+02 1.145286171875000000e+02 9.756070400000000100e+01
1.174695966299054700e-02 1.537350351562500000e+03 2.089143359999999900e+02 1.445894375000000100e+03 1.094072480000000000e+02 9.145597656249999800e+01 9.950708799999999600e+01
1.192491831796946600e-02 1.537347906250000100e+03 2.099942560000000100e+02 1.451599125000000000e+03 1.100442879999999900e+02 8.574878124999999300e+01 9.994996799999999800e+01
1.197997525206997800e-02 1.537347203125000100e+03 2.103182319999999900e+02 1.453327000000000000e+03 1.102347520000000000e+02 8.402020312499999500e+01 1.000834799999999900e+02
1.201094346750932400e-02 1.537363820312499900e+03 2.104981040000000100e+02 1.454305249999999900e+03 1.103406160000000000e+02 8.305857031249999500e+01 1.001574880000000000e+02
1.204261733207656100e-02 1.538304632812499900e+03 2.105443599999999800e+02 1.456332625000000000e+03 1.103821760000000000e+02 8.197200781249999600e+01 1.001621840000000000e+02
1.211388090736845700e-02 1.537013781250000000e+03 2.109195520000000100e+02 1.457130375000000000e+03 1.106075280000000000e+02 7.988340624999999300e+01 1.003120239999999900e+02
1.227422511621272700e-02 1.537369304687500100e+03 2.118804079999999900e+02 1.462352625000000000e+03 1.111653520000000000e+02 7.501667968750000200e+01 1.007150560000000000e+02
1.263499929500295700e-02 1.537350156249999800e+03 2.137540080000000000e+02 1.473031874999999900e+03 1.122798399999999900e+02 6.431828124999999800e+01 1.014741680000000100e+02
1.344674032395284900e-02 1.537342593750000100e+03 2.173808480000000100e+02 1.494207875000000100e+03 1.145101520000000100e+02 4.313471874999999800e+01 1.028706960000000000e+02
1.356089129698291100e-02 1.537337011718750100e+03 2.178539840000000300e+02 1.496935625000000100e+03 1.148050000000000100e+02 4.040138671874999700e+01 1.030489840000000000e+02
1.362510187430841800e-02 1.537352089843750000e+03 2.181168480000000000e+02 1.498465750000000100e+03 1.149700000000000000e+02 3.888633984375000100e+01 1.031468480000000100e+02
1.376957363552517400e-02 1.537375617187500000e+03 2.186253199999999900e+02 1.501928750000000000e+03 1.153216640000000000e+02 3.544686718749999700e+01 1.033036560000000000e+02
1.409463684491913400e-02 1.537343050781250000e+03 2.198604639999999800e+02 1.509085125000000100e+03 1.161057359999999900e+02 2.825792578125000200e+01 1.037547280000000000e+02
1.482602935716491700e-02 1.537346599609375100e+03 2.222117680000000100e+02 1.522842000000000100e+03 1.177267360000000000e+02 1.450459960937499900e+01 1.044850320000000000e+02
1.573112799862220000e-02 1.537340587646484200e+03 2.246717360000000100e+02 1.538459499999999900e+03 1.194672640000000000e+02 -1.118912353515624900e+00 1.052044720000000000e+02
1.665679642860123900e-02 1.537345684570312600e+03 2.268607440000000100e+02 1.553227875000000000e+03 1.209884080000000100e+02 -1.588219042968749900e+01 1.058723360000000000e+02
1.873955010494469900e-02 1.537345441406250100e+03 2.300887920000000100e+02 1.577480000000000000e+03 1.234139600000000000e+02 -4.013455859375000000e+01 1.066748319999999900e+02
1.991109882955586000e-02 1.537344929687499900e+03 2.314527679999999900e+02 1.588900374999999900e+03 1.243825120000000100e+02 -5.155544531249999800e+01 1.070702560000000000e+02
2.136089106036921300e-02 1.537344046875000000e+03 2.327151119999999800e+02 1.601230875000000000e+03 1.251713360000000000e+02 -6.388682812500000100e+01 1.075437759999999900e+02
2.284363221481751700e-02 1.537344898437500000e+03 2.334947359999999900e+02 1.609281500000000100e+03 1.256518400000000100e+02 -7.193660156250000200e+01 1.078428960000000000e+02
2.367767455085875700e-02 1.537345507812500000e+03 2.337975600000000000e+02 1.612771625000000100e+03 1.258128880000000000e+02 -7.542611718749999700e+01 1.079846720000000000e+02
2.470980167971135000e-02 1.537345335937500100e+03 2.340627200000000100e+02 1.616572500000000000e+03 1.259130480000000000e+02 -7.922716406249999500e+01 1.081496720000000000e+02
2.497369815141727000e-02 1.537346046875000000e+03 2.341178879999999900e+02 1.617488499999999900e+03 1.259278719999999900e+02 -8.014245312500000300e+01 1.081900160000000000e+02
2.505534152262668000e-02 1.537344906249999900e+03 2.341336080000000100e+02 1.617767499999999900e+03 1.259311440000000000e+02 -8.042259375000000400e+01 1.082024640000000100e+02
2.513883867834368300e-02 1.537347710937500100e+03 2.341446799999999900e+02 1.618038000000000000e+03 1.259310720000000000e+02 -8.069028906250000000e+01 1.082136079999999900e+02
2.516467288882450300e-02 1.537352679687499900e+03 2.341416079999999900e+02 1.618105875000000000e+03 1.259264080000000000e+02 -8.075319531249999700e+01 1.082152000000000000e+02
2.519109164693271100e-02 1.537311992187500000e+03 2.341109119999999800e+02 1.618112374999999900e+03 1.258998240000000000e+02 -8.080038281250000400e+01 1.082110880000000000e+02
2.525053618155119800e-02 1.537320749999999900e+03 2.341270880000000100e+02 1.618296499999999900e+03 1.259090400000000000e+02 -8.097575000000000500e+01 1.082180480000000000e+02
2.532409602760249700e-02 1.537358874999999900e+03 2.341147839999999900e+02 1.618514375000000000e+03 1.258952240000000000e+02 -8.115550000000000400e+01 1.082195600000000000e+02
2.539933033478565900e-02 1.537363265624999900e+03 2.341400560000000200e+02 1.618784750000000000e+03 1.259063680000000000e+02 -8.142148437500000600e+01 1.082336880000000000e+02
2.556860461485400600e-02 1.537340867187500000e+03 2.341675920000000100e+02 1.619320125000000000e+03 1.259093759999999900e+02 -8.197925781249999500e+01 1.082582160000000000e+02
2.559241037520151500e-02 1.538755234375000100e+03 2.337111840000000000e+02 1.620378500000000000e+03 1.255629440000000000e+02 -8.162326562500000200e+01 1.081482400000000000e+02
2.564596984267089200e-02 1.536675890625000200e+03 2.333662400000000000e+02 1.618772875000000100e+03 1.252662720000000000e+02 -8.209698437500000500e+01 1.080999680000000000e+02
2.576647980891450300e-02 1.537260242187499900e+03 2.334605840000000100e+02 1.619544625000000000e+03 1.252917840000000100e+02 -8.228438281249999900e+01 1.081688000000000000e+02
2.580376044006720300e-02 1.537453289062499800e+03 2.334239440000000100e+02 1.619720624999999900e+03 1.252541279999999900e+02 -8.226733593749999300e+01 1.081698160000000000e+02
2.582473195952810600e-02 1.537523859375000000e+03 2.333669840000000000e+02 1.619766125000000100e+03 1.252015920000000100e+02 -8.224226562500000200e+01 1.081653920000000000e+02
2.583653004032643000e-02 1.537576335937500100e+03 2.333246320000000100e+02 1.619796000000000000e+03 1.251628880000000000e+02 -8.221966406250000100e+01 1.081617440000000000e+02
2.584859361287584300e-02 1.539202570312500000e+03 2.326408559999999900e+02 1.620631875000000000e+03 1.246197279999999900e+02 -8.142930468749999300e+01 1.080211280000000000e+02
2.587573897998702800e-02 1.537281085937500200e+03 2.327639279999999900e+02 1.619220250000000100e+03 1.246718480000000000e+02 -8.193916406249999800e+01 1.080920800000000000e+02
2.593681605598720200e-02 1.536824445312499800e+03 2.327617680000000200e+02 1.618837874999999900e+03 1.246209520000000000e+02 -8.201342968749999300e+01 1.081408160000000000e+02
2.607423831255008300e-02 1.537426203125000000e+03 2.327643600000000100e+02 1.619103499999999900e+03 1.245836240000000000e+02 -8.167729687499999600e+01 1.081807360000000000e+02
2.624429975237165300e-02 1.537344882812499900e+03 2.326468480000000100e+02 1.618705375000000000e+03 1.244417440000000000e+02 -8.136049218750000000e+01 1.082051040000000100e+02
2.641822479583404900e-02 1.537345703125000000e+03 2.325100160000000100e+02 1.618298500000000100e+03 1.242746800000000000e+02 -8.095279687500000400e+01 1.082353360000000000e+02
2.680955730806194900e-02 1.537351671875000000e+03 2.326410000000000200e+02 1.617650124999999900e+03 1.243524960000000000e+02 -8.029845312499999500e+01 1.082885040000000000e+02
2.769005604279347100e-02 1.537352859375000000e+03 2.327728720000000100e+02 1.618269875000000000e+03 1.243624480000000000e+02 -8.091701562500000500e+01 1.084104240000000100e+02
2.877967378013154500e-02 1.537343125000000100e+03 2.327223280000000000e+02 1.620785125000000100e+03 1.241558800000000000e+02 -8.344199999999999300e+01 1.085664479999999900e+02
2.989405444544604800e-02 1.537344062499999800e+03 2.326575199999999800e+02 1.623309999999999900e+03 1.239568240000000000e+02 -8.596593749999999500e+01 1.087006959999999900e+02
3.052089211413857400e-02 1.537348960937499900e+03 2.325840480000000000e+02 1.624814625000000000e+03 1.238101360000000000e+02 -8.746566406249999700e+01 1.087739120000000000e+02
3.071482219393291400e-02 1.537340781250000000e+03 2.325673760000000000e+02 1.625181875000000000e+03 1.237728240000000000e+02 -8.784109374999999900e+01 1.087945520000000000e+02
3.091315617637029100e-02 1.537456179687500000e+03 2.324103999999999800e+02 1.626002625000000100e+03 1.235743760000000000e+02 -8.854644531249999800e+01 1.088360239999999900e+02
3.115859864250062100e-02 1.537356187500000000e+03 2.323893360000000100e+02 1.626596000000000000e+03 1.235032640000000000e+02 -8.923981249999999900e+01 1.088860720000000000e+02
3.129665901081611600e-02 1.537477046875000000e+03 2.323165359999999900e+02 1.627124250000000100e+03 1.234079440000000000e+02 -8.964720312500000400e+01 1.089085920000000000e+02
3.131607251289563600e-02 1.537467695312499900e+03 2.322998240000000000e+02 1.627193000000000000e+03 1.233868640000000000e+02 -8.972530468750000000e+01 1.089129600000000000e+02
3.132103767441597000e-02 1.537571492187500100e+03 2.322804160000000000e+02 1.627302875000000100e+03 1.233685040000000000e+02 -8.973138281250000100e+01 1.089119120000000000e+02
3.133220463008670700e-02 1.538130382812499900e+03 2.321158320000000100e+02 1.627787624999999900e+03 1.232287200000000000e+02 -8.965724218750000300e+01 1.088871120000000000e+02
3.135733552031465300e-02 1.537353992187499900e+03 2.321690320000000200e+02 1.627315750000000000e+03 1.232515360000000000e+02 -8.996175781249999700e+01 1.089174960000000000e+02
3.141387827667124800e-02 1.536952007812499900e+03 2.322482719999999900e+02 1.627130375000000000e+03 1.233061440000000000e+02 -9.017836718750000100e+01 1.089421280000000000e+02
3.154110006069234900e-02 1.537372203124999900e+03 2.322794720000000000e+02 1.627664250000000000e+03 1.233229039999999900e+02 -9.029204687499999700e+01 1.089565680000000000e+02
3.158046037722856600e-02 1.537462148437500000e+03 2.322616080000000000e+02 1.627798624999999900e+03 1.233034320000000000e+02 -9.033647656249999600e+01 1.089581759999999900e+02
3.159052344614478300e-02 1.537508101562499900e+03 2.322499840000000100e+02 1.627857749999999900e+03 1.232920880000000100e+02 -9.034964843749999400e+01 1.089578960000000100e+02
3.160297594082078800e-02 1.537777500000000100e+03 2.321834800000000000e+02 1.628105250000000100e+03 1.232352880000000000e+02 -9.032774999999999500e+01 1.089481920000000100e+02
3.161571255824795900e-02 1.538019328125000100e+03 2.320383360000000200e+02 1.628305125000000100e+03 1.231127520000000000e+02 -9.028579687500000300e+01 1.089255840000000000e+02
3.164437169411535300e-02 1.537312929687499900e+03 2.321203360000000100e+02 1.627866000000000000e+03 1.231623360000000000e+02 -9.055307031249999700e+01 1.089580000000000000e+02
3.170884892762944300e-02 1.537023500000000000e+03 2.321796239999999900e+02 1.627734500000000000e+03 1.232027279999999900e+02 -9.071099999999999900e+01 1.089768960000000000e+02
3.178864084320627600e-02 1.537346578125000200e+03 2.321970880000000100e+02 1.628070750000000100e+03 1.232133920000000000e+02 -9.072417187499999600e+01 1.089836959999999900e+02
3.187024695241553300e-02 1.537415734375000100e+03 2.321880080000000000e+02 1.628193000000000000e+03 1.231988800000000000e+02 -9.077726562499999800e+01 1.089891279999999900e+02
3.189549428639394700e-02 1.537429226562499900e+03 2.321749680000000100e+02 1.628232000000000000e+03 1.231852640000000000e+02 -9.080277343749999400e+01 1.089897040000000000e+02
3.190969576620211700e-02 1.537547789062500000e+03 2.321389120000000000e+02 1.628333374999999900e+03 1.231563280000000000e+02 -9.078558593750000200e+01 1.089825840000000000e+02
3.192422095963660900e-02 1.538542085937499900e+03 2.317807920000000200e+02 1.629009499999999900e+03 1.228747680000000000e+02 -9.046741406249999800e+01 1.089060240000000000e+02
3.195689973377046500e-02 1.537723734375000000e+03 2.317486079999999900e+02 1.628754875000000100e+03 1.227886960000000000e+02 -9.103114062500000600e+01 1.089599120000000000e+02
3.203042697557163100e-02 1.536730953125000000e+03 2.317869920000000000e+02 1.628398500000000000e+03 1.227634800000000000e+02 -9.166754687499999900e+01 1.090235120000000000e+02
3.219586559849926800e-02 1.537372695312500100e+03 2.319442480000000200e+02 1.629251625000000100e+03 1.228817200000000000e+02 -9.187892968750000500e+01 1.090625280000000000e+02
3.256810366452395100e-02 1.537343007812500000e+03 2.319378959999999900e+02 1.629468625000000000e+03 1.228573840000000000e+02 -9.212561718749999800e+01 1.090805120000000000e+02
3.302874582591074800e-02 1.537345789062500000e+03 2.318806720000000000e+02 1.629752500000000100e+03 1.227712720000000000e+02 -9.240671093749999400e+01 1.091093999999999900e+02
3.314652402176816700e-02 1.537346351562499900e+03 2.318604720000000200e+02 1.629840999999999900e+03 1.227425200000000000e+02 -9.249464843750000400e+01 1.091179520000000000e+02
3.321277352916452600e-02 1.537405359375000000e+03 2.318328720000000100e+02 1.630005375000000000e+03 1.227083600000000000e+02 -9.260001562499999700e+01 1.091245120000000000e+02
3.325004018706716200e-02 1.537618718750000000e+03 2.317517439999999700e+02 1.630406375000000000e+03 1.226213039999999900e+02 -9.278765624999999800e+01 1.091304399999999900e+02
3.333388667403560500e-02 1.537236710937500000e+03 2.317474560000000000e+02 1.630335250000000100e+03 1.225914320000000000e+02 -9.309853906249999500e+01 1.091560240000000000e+02
3.352254418080834900e-02 1.537329390625000100e+03 2.317510320000000100e+02 1.630518250000000100e+03 1.225780240000000000e+02 -9.318885937500000700e+01 1.091730080000000000e+02
3.394702589992201800e-02 1.537346812499999900e+03 2.316696079999999800e+02 1.630709000000000100e+03 1.224722079999999900e+02 -9.336218750000000500e+01 1.091974000000000000e+02
3.407834883283492000e-02 1.537351460937500000e+03 2.316395039999999900e+02 1.630810874999999900e+03 1.224306800000000000e+02 -9.345941406250000200e+01 1.092088240000000100e+02
3.421265738351005100e-02 1.537364828125000000e+03 2.315632479999999900e+02 1.631132125000000100e+03 1.223355119999999900e+02 -9.376729687500000000e+01 1.092277359999999900e+02
3.428820375994448600e-02 1.537302054687500000e+03 2.314879520000000100e+02 1.631383750000000000e+03 1.222438800000000000e+02 -9.408169531250000300e+01 1.092440720000000000e+02
3.445818834689074600e-02 1.537263218750000100e+03 2.314031120000000200e+02 1.631884125000000000e+03 1.221238720000000100e+02 -9.462090625000000400e+01 1.092792400000000000e+02
3.462551568745111200e-02 1.537359671875000000e+03 2.313483760000000000e+02 1.632215750000000100e+03 1.220575920000000000e+02 -9.485607812499999600e+01 1.092907840000000000e+02
3.465509705782228400e-02 1.537393406250000000e+03 2.313293120000000200e+02 1.632305750000000000e+03 1.220364400000000000e+02 -9.491234375000000500e+01 1.092928720000000000e+02
3.466266124385326100e-02 1.537400874999999800e+03 2.313240800000000100e+02 1.632328874999999900e+03 1.220306400000000100e+02 -9.492799999999999700e+01 1.092934400000000000e+02
3.467967833354795900e-02 1.537595218750000000e+03 2.312346240000000000e+02 1.632653499999999900e+03 1.219451440000000000e+02 -9.505828124999999300e+01 1.092894800000000000e+02
3.471796736757979500e-02 1.537450414062499900e+03 2.311275039999999900e+02 1.632774625000000000e+03 1.218358080000000000e+02 -9.532421093749999800e+01 1.092916960000000000e+02
3.480411944080767600e-02 1.537198625000000000e+03 2.311510000000000100e+02 1.632737374999999900e+03 1.218392159999999900e+02 -9.553874999999999300e+01 1.093117840000000000e+02
3.491073068099435200e-02 1.537391460937499900e+03 2.311126239999999800e+02 1.633158375000000000e+03 1.217856400000000000e+02 -9.576691406250000700e+01 1.093269840000000000e+02
3.501976628006596400e-02 1.537322976562500100e+03 2.310075279999999800e+02 1.633470000000000000e+03 1.216658080000000000e+02 -9.614702343749999600e+01 1.093417200000000000e+02
3.526509463132082600e-02 1.537347906250000100e+03 2.309831760000000100e+02 1.633590124999999900e+03 1.216209280000000100e+02 -9.624221875000000600e+01 1.093622479999999900e+02
3.581708691495678900e-02 1.537346125000000000e+03 2.308233599999999800e+02 1.633816624999999900e+03 1.214049680000000000e+02 -9.647050000000000100e+01 1.094183920000000000e+02
3.598785866165626900e-02 1.537345265624999900e+03 2.307570160000000200e+02 1.633937500000000000e+03 1.213190960000000000e+02 -9.659223437500000400e+01 1.094379200000000100e+02
3.608391776917473100e-02 1.537352179687500000e+03 2.307055680000000000e+02 1.634065374999999900e+03 1.212558880000000000e+02 -9.671319531250000500e+01 1.094496800000000000e+02
3.618216136145213600e-02 1.537314148437499900e+03 2.305952960000000200e+02 1.634338749999999900e+03 1.211338400000000100e+02 -9.702460156249999600e+01 1.094614560000000000e+02
3.640320653298254000e-02 1.537347375000000100e+03 2.305339359999999800e+02 1.634500875000000000e+03 1.210475919999999900e+02 -9.715349999999999400e+01 1.094863440000000000e+02
3.690056108001969800e-02 1.537344593750000100e+03 2.303368720000000000e+02 1.634748750000000000e+03 1.208063040000000000e+02 -9.740415625000000000e+01 1.095305680000000000e+02
3.801960415310329900e-02 1.537344062500000100e+03 2.298953600000000100e+02 1.635098375000000000e+03 1.202529920000000100e+02 -9.775431249999999700e+01 1.096423680000000000e+02
3.940442077115051400e-02 1.537345273437500100e+03 2.293461040000000000e+02 1.635235250000000000e+03 1.195635439999999900e+02 -9.788997656249999600e+01 1.097825600000000000e+02
4.018338288434113900e-02 1.537345000000000000e+03 2.290791600000000000e+02 1.635255875000000100e+03 1.192172960000000000e+02 -9.791087500000000400e+01 1.098618640000000000e+02
4.062154674413585900e-02 1.537344492187500000e+03 2.289384640000000100e+02 1.635248624999999900e+03 1.190314560000000100e+02 -9.790413281249999500e+01 1.099070080000000000e+02
4.086801624414539100e-02 1.537345945312499900e+03 2.288656320000000100e+02 1.635223000000000000e+03 1.189323519999999900e+02 -9.787705468750000600e+01 1.099332800000000000e+02
4.097829779134711000e-02 1.537344203125000100e+03 2.288333120000000100e+02 1.635208875000000000e+03 1.188879680000000000e+02 -9.786467187499999900e+01 1.099453440000000100e+02
4.099779047517695300e-02 1.537341476562500000e+03 2.288271280000000200e+02 1.635203375000000100e+03 1.188796720000000000e+02 -9.786189843750000300e+01 1.099474560000000000e+02
4.100875947647188200e-02 1.537336312499999800e+03 2.288227120000000000e+02 1.635195999999999900e+03 1.188741040000000000e+02 -9.785968750000000700e+01 1.099486079999999900e+02
4.101492633749714200e-02 1.537335335937500100e+03 2.288168000000000000e+02 1.635193125000000000e+03 1.188677760000000100e+02 -9.785778906250000400e+01 1.099490239999999900e+02
4.102123758877299100e-02 1.538157835937500100e+03 2.286854879999999900e+02 1.635696625000000000e+03 1.187762480000000000e+02 -9.753878906250000100e+01 1.099092400000000000e+02
4.103542975308112400e-02 1.537927570312499900e+03 2.285464880000000100e+02 1.635433125000000000e+03 1.186622720000000000e+02 -9.750555468749999500e+01 1.098842160000000000e+02
4.106736794496194200e-02 1.537178781249999900e+03 2.286118960000000000e+02 1.634941624999999900e+03 1.186907440000000000e+02 -9.776284375000000200e+01 1.099211520000000100e+02
4.110689361162384000e-02 1.537610085937499900e+03 2.283822720000000000e+02 1.635073249999999900e+03 1.185134480000000000e+02 -9.746316406249999900e+01 1.098688240000000000e+02
4.114731356628939500e-02 1.536976421874999900e+03 2.284656400000000100e+02 1.634760749999999900e+03 1.185427760000000000e+02 -9.778432812500000200e+01 1.099228640000000000e+02
4.123826545091193600e-02 1.537372117187500000e+03 2.285720880000000100e+02 1.635176999999999900e+03 1.186139840000000000e+02 -9.780488281249999700e+01 1.099581040000000100e+02
4.135081532237294700e-02 1.537455351562500000e+03 2.285871040000000100e+02 1.635202375000000100e+03 1.186198000000000000e+02 -9.774702343750000500e+01 1.099673040000000000e+02
4.141412346063225200e-02 1.537364812500000000e+03 2.285549839999999900e+02 1.635095499999999900e+03 1.185858000000000100e+02 -9.773068750000000200e+01 1.099691840000000000e+02
4.143031379969856800e-02 1.537385554687500000e+03 2.285220800000000200e+02 1.635087250000000000e+03 1.185570000000000000e+02 -9.770169531249999300e+01 1.099650800000000000e+02
4.146673274709773700e-02 1.537893929687500100e+03 2.281272559999999900e+02 1.635069500000000100e+03 1.182816000000000000e+02 -9.717557031250000000e+01 1.098456560000000100e+02
4.154868120093339900e-02 1.536930656249999900e+03 2.282832480000000100e+02 1.634683749999999900e+03 1.183395600000000100e+02 -9.775309375000000500e+01 1.099436879999999900e+02
4.173306289318862900e-02 1.537430195312500000e+03 2.283717120000000000e+02 1.635115749999999900e+03 1.183976560000000000e+02 -9.768555468750000200e+01 1.099740560000000000e+02
4.214792402963790000e-02 1.537346718750000000e+03 2.283651439999999900e+02 1.635205625000000100e+03 1.183541199999999900e+02 -9.785890625000000400e+01 1.100110240000000100e+02
4.266131055224072600e-02 1.537343781250000100e+03 2.282855440000000200e+02 1.635185625000000100e+03 1.182285600000000000e+02 -9.784184374999999500e+01 1.100569840000000000e+02
4.279257526327839200e-02 1.537345890625000000e+03 2.282597999999999800e+02 1.635185125000000000e+03 1.181919039999999900e+02 -9.783923437500000400e+01 1.100678960000000000e+02
4.295501429519374400e-02 1.537340804687499900e+03 2.282196799999999800e+02 1.635160374999999900e+03 1.181389600000000000e+02 -9.781957031250000500e+01 1.100807200000000000e+02
4.297785590128729700e-02 1.537341593749999900e+03 2.282022959999999900e+02 1.635146999999999900e+03 1.181213920000000000e+02 -9.780540625000000400e+01 1.100809040000000000e+02
4.299070663358993400e-02 1.537382984375000000e+03 2.281766959999999900e+02 1.635166375000000000e+03 1.180987360000000000e+02 -9.778339062499999600e+01 1.100779600000000000e+02
4.299793080386953000e-02 1.537503101562500000e+03 2.281437359999999900e+02 1.635237374999999900e+03 1.180728960000000000e+02 -9.773427343749999400e+01 1.100708400000000000e+02
4.300532265314980400e-02 1.538332812500000000e+03 2.279770320000000100e+02 1.635626625000000100e+03 1.179559280000000000e+02 -9.729381250000000100e+01 1.100211039999999900e+02
4.302195547846793300e-02 1.537788828125000000e+03 2.279019600000000000e+02 1.635095125000000100e+03 1.178898160000000000e+02 -9.730629687500000100e+01 1.100121440000000100e+02
4.305937584212120300e-02 1.537156851562500200e+03 2.279542400000000000e+02 1.634724625000000100e+03 1.179025280000000000e+02 -9.756777343749999400e+01 1.100517119999999900e+02
4.306463909964276100e-02 1.537101671875000000e+03 2.279554719999999900e+02 1.634686375000000000e+03 1.179002080000000100e+02 -9.758470312500000400e+01 1.100552639999999900e+02
4.306760142865489300e-02 1.537089218749999900e+03 2.279536320000000000e+02 1.634675874999999900e+03 1.178970400000000000e+02 -9.758665625000000400e+01 1.100565919999999900e+02
4.307426201118217500e-02 1.537761382812500000e+03 2.278796720000000000e+02 1.635141249999999900e+03 1.178379120000000000e+02 -9.737986718749999700e+01 1.100417600000000000e+02
4.308924599299355400e-02 1.537148289062500000e+03 2.278360240000000100e+02 1.634680625000000000e+03 1.177940320000000000e+02 -9.753233593749999400e+01 1.100419919999999900e+02
4.312296344538166200e-02 1.536877218750000100e+03 2.278868479999999900e+02 1.634544750000000000e+03 1.178194560000000000e+02 -9.766753124999999600e+01 1.100673920000000000e+02
4.319882887769240600e-02 1.537325992187500100e+03 2.279380879999999900e+02 1.634955625000000100e+03 1.178486000000000000e+02 -9.762963281250000600e+01 1.100894880000000000e+02
4.336952144264156300e-02 1.537390968750000000e+03 2.279268799999999800e+02 1.634974375000000000e+03 1.178248880000000000e+02 -9.758340624999999600e+01 1.101019920000000000e+02
4.375358553596468700e-02 1.537347523437499800e+03 2.278847759999999900e+02 1.634923749999999900e+03 1.177481040000000000e+02 -9.757622656249999700e+01 1.101366720000000000e+02
4.461772858150421500e-02 1.537345609374999900e+03 2.277638400000000200e+02 1.634895749999999900e+03 1.175528800000000000e+02 -9.755014062499999700e+01 1.102109600000000000e+02
4.483039213187528500e-02 1.537344695312499900e+03 2.277272879999999900e+02 1.634884749999999900e+03 1.175006960000000000e+02 -9.754005468750000300e+01 1.102265920000000000e+02
4.489874461340526100e-02 1.537341687500000000e+03 2.277131359999999900e+02 1.634869500000000000e+03 1.174816079999999900e+02 -9.752781249999999600e+01 1.102315280000000000e+02
4.493719433981274700e-02 1.537340171875000100e+03 2.277031519999999900e+02 1.634855250000000100e+03 1.174689039999999900e+02 -9.751507812500000200e+01 1.102342479999999900e+02
4.502370738866710900e-02 1.537341953125000100e+03 2.276749199999999900e+02 1.634817375000000100e+03 1.174348880000000000e+02 -9.747542187499999500e+01 1.102400320000000000e+02
4.521835941971440200e-02 1.537348039062500000e+03 2.276473280000000200e+02 1.634803625000000000e+03 1.173920000000000000e+02 -9.745558593750000400e+01 1.102553280000000100e+02
4.565632765400832300e-02 1.537345257812500000e+03 2.275755360000000000e+02 1.634734500000000000e+03 1.172881600000000000e+02 -9.738924218750000300e+01 1.102873759999999900e+02
4.619830810397827100e-02 1.537344804687500100e+03 2.274819200000000000e+02 1.634594875000000000e+03 1.171521680000000000e+02 -9.725007031250000000e+01 1.103297520000000000e+02
4.633688548254588600e-02 1.537345710937500100e+03 2.274588000000000000e+02 1.634549375000000100e+03 1.171177680000000000e+02 -9.720366406249999600e+01 1.103410320000000000e+02
4.647329234960460900e-02 1.537352828125000100e+03 2.274358399999999800e+02 1.634499875000000000e+03 1.170835440000000000e+02 -9.714704687500000100e+01 1.103522960000000000e+02
4.648425669314951900e-02 1.537363835937500000e+03 2.274348320000000000e+02 1.634504124999999900e+03 1.170814960000000000e+02 -9.714028906250000300e+01 1.103533360000000000e+02
4.649042355417477800e-02 1.537374992187500100e+03 2.274346400000000000e+02 1.634509875000000000e+03 1.170806319999999900e+02 -9.713488281249999500e+01 1.103540079999999900e+02
4.649388892018897100e-02 1.537391062499999900e+03 2.274352880000000100e+02 1.634519624999999900e+03 1.170806800000000000e+02 -9.712856250000000100e+01 1.103546080000000000e+02
4.649584051744696400e-02 1.537409093750000000e+03 2.274363440000000200e+02 1.634530749999999900e+03 1.170811760000000000e+02 -9.712165625000000100e+01 1.103551680000000100e+02
4.650023277571495300e-02 1.538451250000000100e+03 2.273640880000000100e+02 1.634797375000000100e+03 1.170770320000000000e+02 -9.634612500000000100e+01 1.102870560000000100e+02
4.651010720575540100e-02 1.539634765625000000e+03 2.272098000000000000e+02 1.635395874999999900e+03 1.170143760000000000e+02 -9.576110937500000400e+01 1.101954240000000000e+02
4.653232933109641800e-02 1.537841343750000100e+03 2.272176719999999900e+02 1.634230125000000000e+03 1.169893280000000000e+02 -9.638878124999999400e+01 1.102283440000000100e+02
4.658233027755123000e-02 1.536567078125000100e+03 2.273514319999999900e+02 1.633583750000000000e+03 1.170244240000000000e+02 -9.701667187500000000e+01 1.103270080000000100e+02
4.669482891376202500e-02 1.537308015625000100e+03 2.273624800000000100e+02 1.634121000000000100e+03 1.170086720000000000e+02 -9.681298437499999900e+01 1.103538080000000000e+02
4.694795433854882800e-02 1.537353148437500100e+03 2.273433760000000100e+02 1.634102875000000000e+03 1.169612240000000000e+02 -9.674972656250000100e+01 1.103821520000000000e+02
4.751748072213159800e-02 1.537347796875000100e+03 2.272781840000000100e+02 1.633891875000000000e+03 1.168463359999999900e+02 -9.654407812499999900e+01 1.104318480000000000e+02
4.783784542619381300e-02 1.537347601562499900e+03 2.272407200000000100e+02 1.633757374999999900e+03 1.167833200000000000e+02 -9.640977343749999300e+01 1.104574000000000100e+02
4.823428981906765400e-02 1.537339546875000000e+03 2.271863040000000100e+02 1.633500500000000100e+03 1.166931680000000000e+02 -9.616095312500000600e+01 1.104931360000000100e+02
4.833565177498283500e-02 1.537369335937500000e+03 2.270963199999999900e+02 1.633388625000000000e+03 1.165916960000000000e+02 -9.601928906249999300e+01 1.105046240000000100e+02
4.839267195071638600e-02 1.537498453125000000e+03 2.269714960000000000e+02 1.633440750000000000e+03 1.164669280000000000e+02 -9.594229687499999700e+01 1.105045680000000100e+02
4.852096035949186200e-02 1.537291132812499900e+03 2.270364319999999900e+02 1.633101375000000000e+03 1.164998400000000100e+02 -9.581024218749999500e+01 1.105365920000000000e+02
4.867971511114211500e-02 1.537380234374999900e+03 2.270242160000000000e+02 1.632992874999999900e+03 1.164722000000000000e+02 -9.561264062499999700e+01 1.105520159999999900e+02
4.884208427680717500e-02 1.537306875000000000e+03 2.269037280000000000e+02 1.632726625000000000e+03 1.163258640000000000e+02 -9.541974999999999300e+01 1.105778640000000100e+02
4.904301029713017300e-02 1.537353828125000100e+03 2.269168560000000000e+02 1.632490125000000000e+03 1.163142639999999900e+02 -9.513629687499999900e+01 1.106025920000000000e+02
4.915603060134310400e-02 1.537355757812500100e+03 2.269165439999999900e+02 1.632377125000000000e+03 1.163038480000000000e+02 -9.502136718750000500e+01 1.106126960000000000e+02
4.920659979330023500e-02 1.537350257812499900e+03 2.269138240000000100e+02 1.632324374999999900e+03 1.162969200000000000e+02 -9.497411718749999900e+01 1.106169040000000100e+02
4.921554267333686000e-02 1.537460718749999800e+03 2.268893520000000000e+02 1.632419374999999900e+03 1.162731760000000100e+02 -9.495865625000000400e+01 1.106161760000000000e+02
4.922057304335746700e-02 1.537799859374999900e+03 2.268246639999999800e+02 1.632691875000000000e+03 1.162187040000000000e+02 -9.489201562499999900e+01 1.106059600000000000e+02
4.922571519937853100e-02 1.538791906250000000e+03 2.266276000000000000e+02 1.633440875000000000e+03 1.160622000000000000e+02 -9.464896874999999500e+01 1.105654000000000000e+02
4.923207768590458900e-02 1.539476843750000200e+03 2.263802559999999700e+02 1.633976000000000100e+03 1.158539679999999900e+02 -9.449915624999999900e+01 1.105262879999999900e+02
4.923858922043126300e-02 1.538791187500000000e+03 2.263630080000000100e+02 1.633500125000000000e+03 1.158188640000000000e+02 -9.470893750000000500e+01 1.105441440000000000e+02
4.925323318649124600e-02 1.538271718750000000e+03 2.264512800000000000e+02 1.633247875000000000e+03 1.158620560000000000e+02 -9.497615625000000300e+01 1.105892240000000000e+02
4.928618676787622400e-02 1.537127210937500000e+03 2.264218400000000000e+02 1.632479000000000000e+03 1.157892720000000000e+02 -9.535178906250000400e+01 1.106325680000000100e+02
4.936033349042993200e-02 1.536612148437500100e+03 2.264016800000000000e+02 1.632054125000000100e+03 1.157325920000000000e+02 -9.544197656250000300e+01 1.106690880000000000e+02
4.952716012286324800e-02 1.537406570312500000e+03 2.264736960000000200e+02 1.632458625000000000e+03 1.157767280000000100e+02 -9.505205468750000400e+01 1.106969680000000000e+02
4.990251888140072300e-02 1.537353148437500100e+03 2.265160960000000000e+02 1.631784500000000000e+03 1.157895200000000000e+02 -9.443135156249999800e+01 1.107265759999999900e+02
5.032479515588037000e-02 1.537335054687499900e+03 2.263872160000000000e+02 1.631318000000000000e+03 1.156266000000000000e+02 -9.398294531249999300e+01 1.107606160000000000e+02
5.053593562199519600e-02 1.537352734375000000e+03 2.264056160000000100e+02 1.631040874999999900e+03 1.156330640000000000e+02 -9.368814062500000300e+01 1.107725520000000000e+02
5.079722142481541600e-02 1.537348874999999900e+03 2.264258160000000000e+02 1.630722874999999900e+03 1.156333040000000000e+02 -9.337399999999999500e+01 1.107925120000000000e+02
5.080139476883251800e-02 1.537349132812500100e+03 2.264261359999999900e+02 1.630718000000000100e+03 1.156332479999999900e+02 -9.336886718750000100e+01 1.107928880000000000e+02
5.081078945062099400e-02 1.537353812500000000e+03 2.264305919999999900e+02 1.630703250000000000e+03 1.156355680000000100e+02 -9.334943749999999300e+01 1.107950240000000000e+02
5.083192632020756800e-02 1.537361453125000000e+03 2.264334959999999900e+02 1.630690250000000100e+03 1.156365760000000100e+02 -9.332879687499999500e+01 1.107969200000000000e+02
5.087948660565238400e-02 1.537341968750000000e+03 2.264296560000000200e+02 1.630616375000000100e+03 1.156301040000000000e+02 -9.327440624999999800e+01 1.107995520000000100e+02
5.098649841234070100e-02 1.537352328125000000e+03 2.264251199999999900e+02 1.630522375000000000e+03 1.156158880000000000e+02 -9.317004687499999700e+01 1.108092319999999900e+02
5.122727148407690800e-02 1.537345820312500100e+03 2.264446960000000200e+02 1.630270500000000100e+03 1.156142880000000000e+02 -9.292467968750000300e+01 1.108304080000000100e+02
5.176900973104586700e-02 1.537349296874999900e+03 2.264678559999999800e+02 1.629779874999999900e+03 1.155888080000000000e+02 -9.243057812499999700e+01 1.108790480000000000e+02
5.298791962228852100e-02 1.537344820312499900e+03 2.264493600000000100e+02 1.628879250000000000e+03 1.154528880000000000e+02 -9.153442968749999400e+01 1.109964720000000000e+02
5.367355905609690100e-02 1.537346937500000000e+03 2.264474000000000200e+02 1.628393750000000000e+03 1.153848400000000000e+02 -9.104681250000000100e+01 1.110625600000000000e+02
5.405923007317661000e-02 1.537346499999999900e+03 2.264481680000000100e+02 1.628124624999999900e+03 1.153480400000000000e+02 -9.077812500000000300e+01 1.111001280000000000e+02
5.443887396173163100e-02 1.537350078125000000e+03 2.264501439999999900e+02 1.627867125000000000e+03 1.153138079999999900e+02 -9.051704687500000500e+01 1.111363360000000000e+02
5.456090235448145900e-02 1.537404585937500100e+03 2.264532000000000100e+02 1.627810250000000000e+03 1.153059360000000000e+02 -9.040566406249999400e+01 1.111472640000000100e+02
5.483546740260607900e-02 1.537338835937500100e+03 2.264543920000000100e+02 1.627579750000000100e+03 1.152806000000000100e+02 -9.024091406249999600e+01 1.111737920000000100e+02
5.545323876088647400e-02 1.537343929687499900e+03 2.264628480000000100e+02 1.627177250000000000e+03 1.152302000000000000e+02 -8.983332031250000700e+01 1.112326480000000000e+02
5.564436021741930200e-02 1.537345304687500200e+03 2.264665359999999900e+02 1.627056125000000100e+03 1.152156160000000000e+02 -8.971082031250000500e+01 1.112509199999999900e+02
5.575186574560964100e-02 1.537351851562499900e+03 2.264689119999999900e+02 1.626991874999999900e+03 1.152078320000000000e+02 -8.964002343750000500e+01 1.112610800000000100e+02
5.581233731410734100e-02 1.537364265624999900e+03 2.264703040000000000e+02 1.626958374999999900e+03 1.152037920000000100e+02 -8.959410937500000200e+01 1.112665120000000100e+02
5.584635286249666600e-02 1.537405742187500000e+03 2.264725599999999900e+02 1.626960624999999900e+03 1.152032080000000000e+02 -8.955488281249999700e+01 1.112693520000000000e+02
5.585505353953230300e-02 1.537440640624999800e+03 2.264749840000000100e+02 1.626980499999999900e+03 1.152046960000000000e+02 -8.953985937500000600e+01 1.112702879999999900e+02
5.586581294207637600e-02 1.537780562500000100e+03 2.264774800000000100e+02 1.627187750000000100e+03 1.152119760000000100e+02 -8.940718750000000600e+01 1.112655040000000100e+02
5.587681920537145700e-02 1.539112210937500100e+03 2.263227360000000200e+02 1.627812500000000000e+03 1.151607680000000000e+02 -8.870028906250000500e+01 1.111619680000000000e+02
5.589044312417725700e-02 1.538570828125000200e+03 2.261699519999999900e+02 1.627262750000000100e+03 1.150660879999999900e+02 -8.869192187500000600e+01 1.111038640000000000e+02
5.589392712119153200e-02 1.538362320312500100e+03 2.261388880000000100e+02 1.627069750000000100e+03 1.150460320000000000e+02 -8.870742968749999600e+01 1.110928560000000000e+02
5.589823553995917200e-02 1.538289421875000000e+03 2.260931360000000200e+02 1.626922750000000000e+03 1.150225760000000000e+02 -8.863332812500000600e+01 1.110705600000000000e+02
5.590264177147721800e-02 1.538830664062500100e+03 2.259764000000000100e+02 1.626968750000000000e+03 1.149787680000000000e+02 -8.813808593749999400e+01 1.109976320000000000e+02
5.591256277901786300e-02 1.539585656250000100e+03 2.255169119999999900e+02 1.626688375000000000e+03 1.147253840000000100e+02 -8.710271874999999400e+01 1.107915280000000000e+02
5.593487805935926100e-02 1.536879062499999900e+03 2.254405840000000000e+02 1.624640374999999900e+03 1.146302000000000000e+02 -8.776131250000000300e+01 1.108103840000000000e+02
5.594178084488753800e-02 1.536397062499999900e+03 2.254560160000000100e+02 1.624237374999999900e+03 1.146313920000000100e+02 -8.784031249999999600e+01 1.108246240000000000e+02
5.594884199391646200e-02 1.536469132812500000e+03 2.253158720000000100e+02 1.623803875000000100e+03 1.145476560000000000e+02 -8.733474218749999800e+01 1.107682160000000000e+02
5.595281505468273400e-02 1.536747890624999900e+03 2.251573280000000100e+02 1.623590250000000000e+03 1.144522320000000000e+02 -8.684235937500000100e+01 1.107050960000000000e+02
5.596174861921932700e-02 1.537443578124999900e+03 2.247258479999999800e+02 1.623271250000000000e+03 1.141845919999999900e+02 -8.582767187499999300e+01 1.105412560000000000e+02
5.598185612605168600e-02 1.535891734374999900e+03 2.248612080000000000e+02 1.622384749999999900e+03 1.142326400000000000e+02 -8.649301562499999800e+01 1.106285680000000000e+02
5.602709685198698600e-02 1.536458906249999900e+03 2.252328640000000100e+02 1.623128999999999900e+03 1.144485679999999900e+02 -8.667009375000000700e+01 1.107842960000000000e+02
5.612888266315391200e-02 1.537531999999999900e+03 2.254060480000000000e+02 1.624203874999999900e+03 1.145453680000000000e+02 -8.667187500000000000e+01 1.108606800000000000e+02
5.635790423159198200e-02 1.537308187500000000e+03 2.255695840000000200e+02 1.624241250000000000e+03 1.145751680000000100e+02 -8.693306250000000500e+01 1.109944160000000000e+02
5.687320974720267600e-02 1.537355359375000000e+03 2.259129040000000000e+02 1.623257000000000100e+03 1.147301839999999900e+02 -8.590164062499999900e+01 1.111827200000000000e+02
5.749157263973548500e-02 1.537347874999999900e+03 2.260155360000000000e+02 1.623108125000000000e+03 1.147363680000000000e+02 -8.576024999999999900e+01 1.112791680000000000e+02
5.865100306323451500e-02 1.537346351562500100e+03 2.260769040000000100e+02 1.622370750000000000e+03 1.146699919999999900e+02 -8.502439843749999700e+01 1.114069120000000100e+02
6.125972500941984100e-02 1.537345984374999900e+03 2.261710400000000000e+02 1.620757499999999900e+03 1.145328399999999900e+02 -8.341151562500000700e+01 1.116382000000000000e+02
6.206679664397560200e-02 1.537344523437500100e+03 2.261918800000000000e+02 1.620249250000000100e+03 1.144925839999999900e+02 -8.290472656250000200e+01 1.116992960000000000e+02
6.289221515585652300e-02 1.537349804687500200e+03 2.260967599999999900e+02 1.619554000000000100e+03 1.143296639999999900e+02 -8.220419531250000500e+01 1.117670960000000000e+02
6.335650899325827300e-02 1.537342882812500000e+03 2.260520080000000000e+02 1.619024625000000000e+03 1.142485600000000000e+02 -8.168174218750000600e+01 1.118034480000000000e+02
6.440117711403722800e-02 1.537348132812499900e+03 2.260665359999999900e+02 1.617944250000000000e+03 1.141881360000000000e+02 -8.059611718749999900e+01 1.118784000000000000e+02
6.498880351419414300e-02 1.537346804687500000e+03 2.261060239999999900e+02 1.617444500000000100e+03 1.141761760000000000e+02 -8.009769531249999400e+01 1.119298480000000100e+02
6.631095709235969300e-02 1.537345976562500000e+03 2.261917760000000000e+02 1.616399375000000000e+03 1.141411279999999900e+02 -7.905339843749999300e+01 1.120506480000000000e+02
6.672000069903512300e-02 1.537345101562500100e+03 2.262191680000000000e+02 1.616080625000000100e+03 1.141294800000000000e+02 -7.873552343750000700e+01 1.120896880000000000e+02
6.688831781147455700e-02 1.537346281249999900e+03 2.262302880000000000e+02 1.615951125000000000e+03 1.141246240000000000e+02 -7.860484375000000100e+01 1.121056640000000000e+02
6.689199277623959800e-02 1.537338742187500000e+03 2.262297360000000000e+02 1.615941250000000100e+03 1.141238160000000100e+02 -7.860250781249999400e+01 1.121059200000000000e+02
6.690026494027348500e-02 1.537384859375000100e+03 2.262167519999999900e+02 1.615980250000000100e+03 1.141110640000000000e+02 -7.859539062499999300e+01 1.121056880000000000e+02
6.690491803254256000e-02 1.537420273437499900e+03 2.262056640000000100e+02 1.616011999999999900e+03 1.141005680000000000e+02 -7.859172656250000000e+01 1.121050960000000000e+02
6.691067966931615900e-02 1.537539976562500000e+03 2.261736640000000000e+02 1.616131625000000000e+03 1.140705040000000000e+02 -7.859164843749999800e+01 1.121031600000000000e+02
6.691656706534025700e-02 1.538440335937499900e+03 2.259990080000000000e+02 1.616948374999999900e+03 1.139130560000000000e+02 -7.850803906250000400e+01 1.120859520000000100e+02
6.692981836414453600e-02 1.538435625000000100e+03 2.258514799999999800e+02 1.617084250000000100e+03 1.137621599999999900e+02 -7.864862499999999600e+01 1.120893200000000000e+02
6.695963262201665200e-02 1.537607976562500000e+03 2.259827520000000000e+02 1.616414874999999900e+03 1.138601840000000000e+02 -7.880689843749999600e+01 1.121225680000000000e+02
6.702671819554144300e-02 1.536764890624999900e+03 2.260541759999999800e+02 1.615630500000000000e+03 1.139049040000000000e+02 -7.886560937500000500e+01 1.121492720000000000e+02
6.717766190040970500e-02 1.537390109375000100e+03 2.261254319999999900e+02 1.615955375000000000e+03 1.139547920000000000e+02 -7.856526562499999500e+01 1.121706400000000100e+02
6.751728174305078600e-02 1.537351289062500000e+03 2.261332239999999800e+02 1.615510874999999900e+03 1.139516639999999900e+02 -7.815958593749999700e+01 1.121815600000000000e+02
6.828142755343073700e-02 1.537346500000000100e+03 2.262157280000000100e+02 1.614716500000000000e+03 1.139718720000000000e+02 -7.737000000000000500e+01 1.122438559999999900e+02
6.922686696780325200e-02 1.537345781250000100e+03 2.263085600000000000e+02 1.613869250000000000e+03 1.139782479999999900e+02 -7.652346875000000600e+01 1.123303120000000100e+02
6.926008604093932000e-02 1.537354578125000000e+03 2.263124560000000000e+02 1.613846250000000100e+03 1.139788640000000000e+02 -7.649167187499999400e+01 1.123335920000000000e+02
6.929406432732848600e-02 1.537387695312500000e+03 2.263177440000000000e+02 1.613839250000000000e+03 1.139809760000000000e+02 -7.645155468750000700e+01 1.123367680000000100e+02
6.931317507565677700e-02 1.537889976562500100e+03 2.262995920000000200e+02 1.614148875000000100e+03 1.139792800000000000e+02 -7.625889843749999400e+01 1.123203120000000000e+02
6.935617542383289100e-02 1.537471187500000000e+03 2.262401439999999900e+02 1.613797375000000100e+03 1.139463040000000000e+02 -7.632618750000000300e+01 1.122938400000000000e+02
6.945292620722917600e-02 1.537111609374999900e+03 2.262781440000000000e+02 1.613370124999999900e+03 1.139520720000000000e+02 -7.625851562500000100e+01 1.123260720000000000e+02
6.967061546987084200e-02 1.537367953125000000e+03 2.262981040000000000e+02 1.613398875000000100e+03 1.139528320000000000e+02 -7.603092187500000400e+01 1.123452719999999900e+02
7.000000223572001900e-02 1.537346812499999900e+03 2.263457760000000000e+02 1.613156125000000000e+03 1.139600240000000000e+02 -7.580931250000000400e+01 1.123857520000000000e+02
