0.000000000000000000e+00 0.000000000000000000e+00 0.000000000000000000e+00 0.000000000000000000e+00 0.000000000000000000e+00 0.000000000000000000e+00 0.000000000000000000e+00
1.644250152068854000e-08 9.499510000000000200e+02 2.554080200195313300e-05 6.631573750000000000e+02 3.210645751953125200e-04 2.867936250000000200e+02 -2.955237731933593900e-04
1.400016166351653600e-03 9.499426562500000300e+02 2.994957499999999900e+01 6.589548750000000200e+02 1.591437000000000000e+01 2.909877812500000100e+02 1.403520499999999900e+01
2.548453280922840100e-03 9.499428749999999600e+02 5.356461600000000100e+01 6.522506250000000100e+02 2.796412600000000000e+01 2.976922500000000000e+02 2.560049000000000100e+01
2.640738446488339900e-03 9.499522187500000400e+02 5.544973000000000200e+01 6.517049375000000300e+02 2.891328000000000000e+01 2.982472812500000100e+02 2.653644999999999900e+01
2.731581747313559000e-03 9.499554687499999100e+02 5.730076400000000100e+01 6.511844999999999600e+02 2.983598999999999900e+01 2.987709687500000100e+02 2.746477399999999800e+01
2.760781182183160000e-03 9.499558124999999800e+02 5.789166600000000100e+01 6.510271249999999600e+02 3.012689999999999900e+01 2.989286875000000200e+02 2.776476600000000200e+01
2.826480201749137900e-03 9.499510625000000300e+02 5.922157000000000000e+01 6.506809375000000300e+02 3.077671000000000100e+01 2.992701250000000100e+02 2.844485999999999800e+01
2.863435954838009100e-03 9.499542812500001200e+02 5.996671399999999600e+01 6.504996250000000400e+02 3.113736000000000100e+01 2.994546562500000300e+02 2.882935399999999900e+01
2.946586399287967900e-03 9.499521562499999200e+02 6.163869400000000100e+01 6.501149375000000000e+02 3.193780800000000000e+01 2.998372187499999800e+02 2.970088600000000100e+01
2.993358651651422300e-03 9.499531875000000100e+02 6.257477799999999500e+01 6.499160624999999500e+02 3.238162599999999700e+01 3.000371250000000000e+02 3.019315200000000100e+01
3.051239055591625300e-03 9.499550624999999400e+02 6.372834800000000400e+01 6.496839374999999600e+02 3.292405200000000300e+01 3.002711249999999800e+02 3.080429600000000100e+01
3.110434982802841700e-03 9.499766875000000300e+02 6.487500199999999500e+01 6.495706874999999600e+02 3.343260999999999700e+01 3.004060000000000100e+02 3.144239200000000200e+01
3.143732655470479300e-03 9.499878437500000200e+02 6.549958000000000900e+01 6.495898750000000100e+02 3.368684400000000100e+01 3.003979687500000200e+02 3.181273600000000100e+01
3.218652564527351300e-03 9.499989687500001300e+02 6.686137600000000700e+01 6.500080625000000500e+02 3.415245199999999700e+01 2.999909062500000200e+02 3.270892400000000300e+01
3.311365951985229900e-03 9.499457499999999800e+02 6.867530399999999700e+01 6.501844999999999600e+02 3.487147999999999800e+01 2.997612500000000200e+02 3.380382399999999900e+01
3.406186389107989600e-03 9.500007187500000300e+02 7.039738399999998800e+01 6.507643749999999700e+02 3.547740799999999700e+01 2.992363437500000000e+02 3.491997599999999800e+01
3.619532299856854600e-03 9.499464062500000000e+02 7.436632000000000200e+01 6.516350625000000000e+02 3.696977199999999900e+01 2.983113437499999900e+02 3.739654800000000300e+01
3.739539520207779300e-03 9.499700937499999300e+02 7.652652000000000500e+01 6.524665625000000100e+02 3.771872400000000200e+01 2.975035312499999800e+02 3.880779600000000300e+01
3.857671413957272100e-03 9.499406249999999500e+02 7.862316800000000700e+01 6.536327499999999900e+02 3.838084400000000300e+01 2.963078750000000200e+02 4.024232400000000400e+01
3.895642556550302300e-03 9.500564687500000200e+02 7.925779599999999900e+01 6.543088749999999400e+02 3.856432399999999900e+01 2.957475937500000200e+02 4.069347200000000000e+01
3.981077336275243300e-03 9.499232500000000500e+02 8.076832000000000300e+01 6.549803124999999700e+02 3.907617200000000000e+01 2.949429375000000300e+02 4.169214800000000300e+01
4.173305590656360200e-03 9.499637187500000000e+02 8.407628400000000100e+01 6.573133749999999500e+02 4.011206800000000100e+01 2.926503437499999900e+02 4.396421600000000000e+01
4.605819017459184900e-03 9.499506249999999500e+02 9.142128800000000400e+01 6.626169999999999600e+02 4.232677999999999900e+01 2.873336249999999800e+02 4.909450799999999800e+01
5.578974373320229300e-03 9.499531875000000100e+02 1.070592599999999900e+02 6.779199374999999500e+02 4.648257600000000200e+01 2.720332500000000100e+02 6.057668400000000000e+01
6.126374115437378800e-03 9.499481406249999500e+02 1.152495800000000100e+02 6.889938124999999900e+02 4.875231600000000000e+01 2.609543281250000200e+02 6.649726400000000100e+01
7.358024117419716600e-03 9.499476406249999600e+02 1.309431680000000100e+02 7.301079999999999500e+02 5.342423999999999800e+01 2.198396406249999900e+02 7.751892800000000200e+01
8.050827170757437700e-03 9.499466562500000500e+02 1.386450120000000100e+02 7.557820000000000400e+02 5.585099600000000200e+01 1.941646562500000100e+02 8.279401599999999900e+01
8.830230605762375700e-03 9.499366718750000000e+02 1.465003280000000000e+02 7.843113124999999900e+02 5.830082399999999900e+01 1.656253593749999900e+02 8.819950400000000500e+01
9.219932323264843800e-03 9.499485624999999800e+02 1.501482280000000200e+02 7.985828125000000500e+02 5.938883599999999800e+01 1.513657499999999900e+02 9.075939200000000500e+01
9.439139430193964700e-03 9.499552343750000300e+02 1.520344200000000100e+02 8.062678750000000000e+02 5.998114000000000300e+01 1.436873593750000000e+02 9.205328000000000100e+01
9.562443464230269100e-03 9.499420468750000700e+02 1.530403240000000000e+02 8.105833750000000500e+02 6.031030799999999900e+01 1.393586718750000000e+02 9.273001600000000600e+01
9.715032519292773900e-03 9.499663437499999600e+02 1.542182639999999800e+02 8.158393125000000100e+02 6.070931199999999700e+01 1.341270312499999900e+02 9.350895199999999400e+01
9.871089269244482200e-03 9.499401250000000800e+02 1.553575400000000000e+02 8.210633125000000500e+02 6.111031599999999700e+01 1.288768125000000000e+02 9.424722400000000300e+01
1.022221608330769900e-02 9.499495781250000200e+02 1.578008879999999900e+02 8.326499374999999600e+02 6.197489600000000100e+01 1.172996406249999900e+02 9.582599199999999900e+01
1.065673641814999400e-02 9.499489218750000000e+02 1.604445719999999900e+02 8.456908124999999900e+02 6.296134000000000000e+01 1.042581093750000000e+02 9.748323200000000100e+01
1.110113234747024000e-02 9.499526796874999900e+02 1.628663000000000000e+02 8.580005625000000000e+02 6.387172400000000000e+01 9.195211718749999400e+01 9.899457599999999500e+01
1.165107289222279400e-02 9.499425312500000000e+02 1.653659240000000100e+02 8.722687499999999500e+02 6.492119599999999500e+01 7.767378125000000500e+01 1.004447280000000000e+02
1.221351134471404200e-02 9.499498085937500500e+02 1.676144879999999900e+02 8.857746250000000100e+02 6.590745599999999600e+01 6.417518359375000600e+01 1.017070320000000000e+02
1.290952824556492800e-02 9.499474882812500000e+02 1.698864720000000000e+02 8.996904375000000300e+02 6.702001599999999800e+01 5.025705078125000100e+01 1.028664560000000000e+02
1.362136519435561300e-02 9.499497343749999300e+02 1.719167999999999900e+02 9.123632499999999900e+02 6.801788799999999900e+01 3.758648437499999800e+01 1.038989120000000000e+02
1.402177216805817900e-02 9.499539511718750200e+02 1.729286160000000100e+02 9.187823750000000000e+02 6.853419999999999800e+01 3.117157617187500000e+01 1.043944160000000100e+02
1.424700232798072200e-02 9.499473847656249700e+02 1.734160000000000000e+02 9.221041249999999500e+02 6.880808000000000400e+01 2.784325976562500000e+01 1.046079199999999900e+02
1.437369312849964800e-02 9.499496816406250400e+02 1.736786879999999900e+02 9.239631875000000000e+02 6.895471999999999500e+01 2.598649414062499800e+01 1.047239680000000000e+02
1.441288925934769600e-02 9.499463925781250300e+02 1.737568640000000100e+02 9.245384374999999900e+02 6.899691199999999500e+01 2.540795507812499900e+01 1.047599520000000000e+02
1.443493555462549800e-02 9.499745859375000200e+02 1.737952399999999800e+02 9.249106249999999800e+02 6.901173599999999900e+01 2.506396093749999900e+01 1.047835039999999900e+02
1.445748488690536000e-02 9.510971875000000200e+02 1.735843120000000100e+02 9.268633750000000200e+02 6.872907999999999600e+01 2.423381249999999900e+01 1.048552320000000000e+02
1.450821826455066400e-02 9.498250117187500300e+02 1.737732880000000100e+02 9.274687500000000000e+02 6.874786400000000700e+01 2.235626171875000200e+01 1.050254240000000000e+02
1.462236923758072600e-02 9.498057421874999600e+02 1.740849600000000200e+02 9.294631875000000000e+02 6.889392800000000200e+01 2.034255468750000200e+01 1.051910320000000100e+02
1.468657981490623100e-02 9.500549570312500700e+02 1.742017119999999900e+02 9.307809375000000500e+02 6.892772800000000200e+01 1.927401953125000100e+01 1.052739840000000000e+02
1.483105157612298700e-02 9.498674814453124800e+02 1.744026880000000100e+02 9.338134999999999800e+02 6.888367999999999800e+01 1.605398144531249800e+01 1.055190080000000000e+02
1.515611478551694700e-02 9.499415498046875000e+02 1.749894400000000000e+02 9.390001250000000300e+02 6.912797600000000400e+01 1.094142480468750000e+01 1.058614640000000000e+02
1.555838136591463200e-02 9.499458256835938500e+02 1.756892880000000000e+02 9.448121875000000500e+02 6.945681600000000300e+01 5.133638183593750300e+00 1.062324720000000000e+02
1.578465486184144800e-02 9.499537370605469300e+02 1.760557039999999900e+02 9.480703125000000000e+02 6.961890400000000100e+01 1.883424560546874900e+00 1.064368000000000100e+02
1.584250993926592300e-02 9.499573297119141000e+02 1.761443679999999900e+02 9.489220625000000400e+02 6.965395200000000400e+01 1.035267211914062500e+00 1.064904160000000000e+02
1.587505247421171600e-02 9.499619853515624800e+02 1.761922240000000100e+02 9.494045625000000000e+02 6.967146400000000000e+01 5.574228515625000400e-01 1.065207600000000000e+02
1.589335859622419800e-02 9.499645385437012200e+02 1.762178960000000000e+02 9.496752500000000100e+02 6.968021600000000100e+01 2.892885437011718500e-01 1.065376799999999900e+02
1.590365455264137000e-02 9.499678706054687600e+02 1.762314320000000100e+02 9.498265625000000200e+02 6.968452000000000600e+01 1.413081054687500000e-01 1.065469120000000100e+02
1.590944646479009300e-02 9.499709281921386700e+02 1.762384400000000300e+02 9.499104374999999400e+02 6.968659200000000500e+01 6.049069213867187800e-02 1.065518480000000100e+02
1.591661474206945700e-02 9.499793035354613300e+02 1.762448799999999900e+02 9.500092499999999500e+02 6.968792799999999900e+01 -2.994646453857421900e-02 1.065569520000000000e+02
1.592394487616197900e-02 9.509300593261718900e+02 1.761062000000000000e+02 9.505499999999999500e+02 6.960751200000000000e+01 3.800593261718749900e-01 1.064986880000000000e+02
1.594043796897953400e-02 9.508081664428710800e+02 1.758087040000000100e+02 9.503603124999999600e+02 6.938448800000000500e+01 4.478539428710937600e-01 1.064242160000000000e+02
1.597754859225654000e-02 9.497925353393553700e+02 1.760040320000000000e+02 9.504299999999999500e+02 6.947633600000000300e+01 -6.374646606445312200e-01 1.065276960000000100e+02
1.606104691241105200e-02 9.496689112548828000e+02 1.762576400000000100e+02 9.516326874999999700e+02 6.960564800000000200e+01 -1.963776245117187400e+00 1.066519920000000100e+02
1.608687995845435900e-02 9.500375046386718600e+02 1.762764320000000000e+02 9.522950624999999700e+02 6.959899199999999600e+01 -2.257557861328125100e+00 1.066774400000000000e+02
1.611329871656257100e-02 9.509166818847655800e+02 1.760326000000000000e+02 9.534413124999999800e+02 6.936909599999999900e+01 -2.524630615234375200e+00 1.066635040000000000e+02
1.617274208674355400e-02 9.496674211425781800e+02 1.762421440000000000e+02 9.536335625000000400e+02 6.945904000000000200e+01 -3.966141357421875100e+00 1.067831039999999900e+02
1.619113321269388000e-02 9.495220097656250600e+02 1.762794640000000200e+02 9.538031875000000400e+02 6.947307200000000200e+01 -4.281177734375000400e+00 1.068063920000000000e+02
1.620994120727091800e-02 9.495358354492187800e+02 1.763088880000000000e+02 9.540714375000000000e+02 6.948349600000000200e+01 -4.535602050781250200e+00 1.068253919999999900e+02
1.625226035950675900e-02 9.499156879882813200e+02 1.763559520000000000e+02 9.548997500000000400e+02 6.949532000000000700e+01 -4.984062011718750200e+00 1.068606320000000000e+02
1.634747757870927100e-02 9.499945668945312000e+02 1.765036480000000000e+02 9.560031874999999700e+02 6.958324000000000400e+01 -6.008620605468750300e+00 1.069204079999999900e+02
1.656171661302429200e-02 9.499496376953125000e+02 1.767998560000000100e+02 9.580606874999999700e+02 6.977954400000000100e+01 -8.111049804687500100e+00 1.070203120000000000e+02
1.668222541483039400e-02 9.499502509765625300e+02 1.769610960000000000e+02 9.591687500000000500e+02 6.989006399999999500e+01 -9.218499023437500400e+00 1.070710320000000000e+02
1.695337167444101200e-02 9.499424736328124900e+02 1.772717600000000000e+02 9.617048125000000000e+02 7.008766400000000400e+01 -1.176233886718750000e+01 1.071840960000000000e+02
1.710589086325322800e-02 9.499476347656250300e+02 1.774463680000000100e+02 9.630953749999999900e+02 7.020141599999999500e+01 -1.314774023437500000e+01 1.072449520000000000e+02
1.719168312529213400e-02 9.499812470703125200e+02 1.775092720000000100e+02 9.639501874999999700e+02 7.023004000000000200e+01 -1.396894042968750000e+01 1.072792319999999900e+02
1.729463453840132700e-02 9.500723632812500900e+02 1.774715760000000000e+02 9.652987500000000400e+02 7.014995999999999300e+01 -1.522638671875000000e+01 1.073216160000000100e+02
1.734289232191148900e-02 9.497847656250000900e+02 1.774985040000000000e+02 9.656420000000000500e+02 7.015226400000000200e+01 -1.585723437500000100e+01 1.073462399999999900e+02
1.740261166378109800e-02 9.498063398437499200e+02 1.775717040000000100e+02 9.662481249999999600e+02 7.019692800000000000e+01 -1.644178515624999900e+01 1.073747760000000000e+02
1.741788093278114100e-02 9.498694082031249800e+02 1.775680879999999900e+02 9.664764999999999900e+02 7.018797600000000600e+01 -1.660709179687500000e+01 1.073801120000000000e+02
1.745223649692186400e-02 9.500583203124999700e+02 1.774816559999999900e+02 9.671683749999999700e+02 7.009769599999999900e+01 -1.711005468750000000e+01 1.073839600000000000e+02
1.752953768067598600e-02 9.499157539062499600e+02 1.775543759999999900e+02 9.678274999999999900e+02 7.013444800000000600e+01 -1.791174609375000100e+01 1.074199280000000000e+02
1.770346272413838400e-02 9.499583554687500300e+02 1.776335359999999900e+02 9.695813749999999800e+02 7.015744800000000200e+01 -1.962301953125000200e+01 1.074760880000000000e+02
1.809479523636628100e-02 9.499496953125000100e+02 1.780018079999999800e+02 9.729153750000000400e+02 7.037731999999999700e+01 -2.296567968750000000e+01 1.076244880000000000e+02
1.897529397109780700e-02 9.499502460937500200e+02 1.786842159999999900e+02 9.797021875000000400e+02 7.074753599999999700e+01 -2.975194140625000100e+01 1.079366800000000000e+02
2.006490937956087100e-02 9.499484023437499900e+02 1.794164399999999900e+02 9.870714375000000000e+02 7.109501600000000100e+01 -3.712303515624999800e+01 1.083214239999999900e+02
2.021813771081349500e-02 9.499470273437499400e+02 1.795108319999999900e+02 9.880310624999999600e+02 7.113780800000000700e+01 -3.808403515625000300e+01 1.083730240000000000e+02
2.025731637509897000e-02 9.499486367187499800e+02 1.795347360000000100e+02 9.882744374999999800e+02 7.114878400000000600e+01 -3.832580078125000300e+01 1.083859520000000000e+02
2.030579656617254400e-02 9.499568749999999700e+02 1.795605999999999900e+02 9.885573124999999700e+02 7.115899199999999800e+01 -3.860043749999999800e+01 1.084016080000000000e+02
2.031819316784832000e-02 9.499625937500000000e+02 1.795641759999999700e+02 9.886186874999999600e+02 7.115922399999999500e+01 -3.865609374999999700e+01 1.084049519999999900e+02
2.034608377496256000e-02 9.501155429687499900e+02 1.794763679999999800e+02 9.887519999999999500e+02 7.108415999999999700e+01 -3.863645703125000400e+01 1.083922080000000000e+02
2.035471225687290200e-02 9.500330546875000000e+02 1.794834159999999800e+02 9.887513125000000400e+02 7.108283199999999600e+01 -3.871825781249999900e+01 1.084005839999999900e+02
2.035956563239278400e-02 9.500430117187499900e+02 1.794832880000000200e+02 9.887832499999999500e+02 7.107985600000000700e+01 -3.874023828125000100e+01 1.084034320000000000e+02
2.036229740277897100e-02 9.500786328125000200e+02 1.794791440000000200e+02 9.888164375000000100e+02 7.107562400000000500e+01 -3.873780468750000200e+01 1.084035200000000000e+02
2.036508972391541000e-02 9.501655429687499500e+02 1.794669120000000100e+02 9.888681874999999800e+02 7.106696800000000300e+01 -3.870264453125000200e+01 1.083999440000000000e+02
2.036854344555455400e-02 9.503954765624999900e+02 1.794286720000000100e+02 9.889782500000000000e+02 7.104217599999999800e+01 -3.858277343750000200e+01 1.083864959999999900e+02
2.037207867781903500e-02 9.507400273437499400e+02 1.793610400000000000e+02 9.891248749999999700e+02 7.099847200000000700e+01 -3.838484765625000300e+01 1.083625680000000000e+02
2.037645230508694900e-02 9.514668906250000200e+02 1.791972480000000000e+02 9.893761250000000000e+02 7.089562399999999800e+01 -3.790923437499999700e+01 1.083016240000000000e+02
2.038092374510526400e-02 9.517864140624999400e+02 1.790448319999999900e+02 9.894496874999999800e+02 7.078214400000000200e+01 -3.766327343750000300e+01 1.082626880000000000e+02
2.039098681402148500e-02 9.506714882812500500e+02 1.790808000000000100e+02 9.887976250000000400e+02 7.077897600000000000e+01 -3.812613671874999700e+01 1.083018240000000000e+02
2.041363046573923000e-02 9.498901523437500600e+02 1.792181119999999900e+02 9.886520000000000400e+02 7.083822399999999700e+01 -3.876184765624999800e+01 1.083798879999999900e+02
2.042636708316640200e-02 9.496032695312500200e+02 1.792368960000000000e+02 9.885945625000000500e+02 7.083211199999999500e+01 -3.899129296875000300e+01 1.084047840000000100e+02
2.043353070269574400e-02 9.494645507812499500e+02 1.792311760000000000e+02 9.885489374999999700e+02 7.081833600000000200e+01 -3.908438671874999700e+01 1.084128400000000000e+02
2.044239672985705800e-02 9.497479570312500500e+02 1.791452720000000100e+02 9.886997499999999900e+02 7.074783200000000200e+01 -3.895179296874999900e+01 1.083974400000000000e+02
2.045146536914420300e-02 9.507434648437499600e+02 1.788091360000000000e+02 9.889686249999999700e+02 7.053748799999999600e+01 -3.822516015624999900e+01 1.082716480000000000e+02
2.047186631422776400e-02 9.493791093749999800e+02 1.788726399999999900e+02 9.883308124999999800e+02 7.053335199999999400e+01 -3.895170312500000200e+01 1.083392880000000000e+02
2.051776844066578000e-02 9.492577499999999900e+02 1.790710799999999900e+02 9.888946875000000300e+02 7.061845599999999500e+01 -3.963693750000000200e+01 1.084526240000000000e+02
2.062105171846382800e-02 9.500505273437499900e+02 1.792407360000000000e+02 9.900304374999999500e+02 7.071829599999999500e+01 -3.997991015625000000e+01 1.085224400000000000e+02
2.085343851129068500e-02 9.499560742187500200e+02 1.794179360000000000e+02 9.907500625000000100e+02 7.085074400000000600e+01 -4.079398828125000200e+01 1.085671920000000100e+02
2.098415360782609300e-02 9.499828007812500300e+02 1.794987280000000000e+02 9.912395000000000200e+02 7.090207200000000400e+01 -4.125669921875000100e+01 1.085966560000000000e+02
2.127826723278078400e-02 9.499430273437500300e+02 1.797070559999999900e+02 9.924103125000000300e+02 7.104420799999999800e+01 -4.246728515625000000e+01 1.086628480000000000e+02
2.144370585570841800e-02 9.499537460937500600e+02 1.798086880000000200e+02 9.932540625000000300e+02 7.110143200000000300e+01 -4.330031640624999800e+01 1.087072560000000000e+02
2.164843492892198900e-02 9.499509140625000300e+02 1.798690960000000100e+02 9.943436249999999700e+02 7.110884799999999500e+01 -4.439271093749999900e+01 1.087602480000000000e+02
2.176359779814370000e-02 9.499753359374999500e+02 1.798263599999999900e+02 9.949848749999999900e+02 7.104458400000000000e+01 -4.500953906249999600e+01 1.087817759999999900e+02
2.182837545653402600e-02 9.499272851562500400e+02 1.798719040000000000e+02 9.952828749999999900e+02 7.107022399999999600e+01 -4.535558984375000300e+01 1.088016800000000000e+02
2.189462496393038500e-02 9.499873242187500200e+02 1.798851840000000100e+02 9.957384375000000300e+02 7.106423200000000400e+01 -4.575111328124999900e+01 1.088209520000000100e+02
2.204368693779094500e-02 9.499302265624999100e+02 1.799599360000000000e+02 9.965461249999999600e+02 7.109467200000000300e+01 -4.661589843750000000e+01 1.088652640000000000e+02
2.237907987228971200e-02 9.499557460937500100e+02 1.800756079999999900e+02 9.982069374999999800e+02 7.113128799999999800e+01 -4.825119140625000100e+01 1.089443200000000000e+02
2.256773737906245200e-02 9.499428710937500000e+02 1.801259519999999800e+02 9.990488749999999500e+02 7.114146399999999900e+01 -4.910600390625000200e+01 1.089844880000000000e+02
2.262610131567651200e-02 9.499271718750000000e+02 1.801204400000000000e+02 9.992839999999999900e+02 7.112915999999999900e+01 -4.935682812500000000e+01 1.089912800000000000e+02
2.268579503992102000e-02 9.499783593749999700e+02 1.800352240000000000e+02 9.996175624999999600e+02 7.105132000000000400e+01 -4.963920312500000200e+01 1.089839040000000000e+02
2.282010359059614300e-02 9.499515117187500000e+02 1.801026400000000100e+02 1.000086375000000000e+03 7.109057599999999900e+01 -5.013486328124999900e+01 1.090120640000000000e+02
2.312229608295892500e-02 9.499511992187500500e+02 1.801784720000000000e+02 1.001370000000000000e+03 7.110538400000000100e+01 -5.141880078124999900e+01 1.090730880000000000e+02
2.329227834103017200e-02 9.499490117187499400e+02 1.802076400000000000e+02 1.002036687500000000e+03 7.110620000000000100e+01 -5.208767578124999900e+01 1.091014400000000000e+02
2.338789496229681800e-02 9.499453789062499700e+02 1.802162240000000100e+02 1.002410125000000000e+03 7.110027999999999800e+01 -5.246474609375000100e+01 1.091159440000000000e+02
2.340134188660189900e-02 9.499950351562499700e+02 1.802023439999999800e+02 1.002507187500000000e+03 7.108605599999999900e+01 -5.251215234375000300e+01 1.091162880000000000e+02
2.340890374375787300e-02 9.500255078125000000e+02 1.801904319999999900e+02 1.002558437500000000e+03 7.107475200000000400e+01 -5.253292968750000100e+01 1.091156800000000000e+02
2.341315859840029800e-02 9.500125273437499800e+02 1.801869920000000000e+02 1.002553874999999900e+03 7.107146400000000600e+01 -5.254134765624999700e+01 1.091155280000000000e+02
2.341842418479686500e-02 9.500110000000000800e+02 1.801829920000000100e+02 1.002554375000000100e+03 7.106756000000000000e+01 -5.254337499999999700e+01 1.091154320000000000e+02
2.342380854381892100e-02 9.502670664062500200e+02 1.801454560000000000e+02 1.002646437500000000e+03 7.104936800000000100e+01 -5.237937109375000200e+01 1.090960879999999900e+02
2.343350132160862400e-02 9.504422968750000100e+02 1.800642159999999900e+02 1.002696562500000000e+03 7.099202400000000100e+01 -5.225426562500000200e+01 1.090721920000000000e+02
2.344561612940824400e-02 9.506094921875000000e+02 1.799634320000000100e+02 1.002628375000000000e+03 7.093227199999999800e+01 -5.201888281250000300e+01 1.090311600000000000e+02
2.347287328251989100e-02 9.501799999999999500e+02 1.798899280000000000e+02 1.002334625000000000e+03 7.085951199999999500e+01 -5.215462500000000300e+01 1.090304160000000000e+02
2.353420653477111100e-02 9.494825039062500300e+02 1.799896400000000100e+02 1.002251625000000000e+03 7.087686399999999800e+01 -5.276912109375000200e+01 1.091127760000000000e+02
2.355318220834883700e-02 9.495546132812500000e+02 1.799916320000000100e+02 1.002348812500000000e+03 7.087428800000000700e+01 -5.279419921875000200e+01 1.091173440000000000e+02
2.357258639492831500e-02 9.499606914062500200e+02 1.799273519999999800e+02 1.002571125000000100e+03 7.083043200000000200e+01 -5.261043359375000300e+01 1.090969200000000000e+02
2.361625047248216300e-02 9.500051015625000400e+02 1.799733519999999800e+02 1.002789062500000000e+03 7.085024799999999300e+01 -5.278396093749999800e+01 1.091231040000000000e+02
2.367028503045349000e-02 9.500267539062499500e+02 1.800050320000000000e+02 1.002899312500000000e+03 7.087351200000000500e+01 -5.287255859375000000e+01 1.091315199999999900e+02
2.370067684932797300e-02 9.500093007812500900e+02 1.800082879999999900e+02 1.002924312500000000e+03 7.087515200000000000e+01 -5.291501171875000200e+01 1.091331359999999900e+02
2.371777312077300000e-02 9.500239921874999700e+02 1.799987520000000000e+02 1.002952874999999900e+03 7.086588799999999800e+01 -5.292888281249999900e+01 1.091328640000000000e+02
2.373525831434461800e-02 9.509337578124999500e+02 1.797815440000000000e+02 1.003109312500000000e+03 7.074194400000000400e+01 -5.217555468749999600e+01 1.090395999999999900e+02
2.377459999988076200e-02 9.499684179687500300e+02 1.797924640000000000e+02 1.002676937500000000e+03 7.069968799999999500e+01 -5.270851953124999800e+01 1.090927760000000000e+02
2.386311821011833500e-02 9.497341093750000000e+02 1.798270320000000000e+02 1.002780875000000000e+03 7.068815999999999600e+01 -5.304676562499999900e+01 1.091388720000000100e+02
2.406228360093411500e-02 9.499775039062500400e+02 1.799215280000000000e+02 1.003290750000000000e+03 7.075184000000000100e+01 -5.331324609375000300e+01 1.091696879999999900e+02
2.430875310094365500e-02 9.499556601562500200e+02 1.799996879999999900e+02 1.003987187500000000e+03 7.077898399999999400e+01 -5.403152734375000000e+01 1.092207040000000000e+02
2.444739103026151400e-02 9.499485195312499900e+02 1.800360719999999900e+02 1.004454937500000000e+03 7.078158399999999500e+01 -5.450641796875000000e+01 1.092544879999999900e+02
2.452537340995593300e-02 9.499542968749999500e+02 1.800514079999999800e+02 1.004700187500000000e+03 7.077774399999999800e+01 -5.474589062500000100e+01 1.092736640000000000e+02
2.454531323778760500e-02 9.499742851562499500e+02 1.800480000000000000e+02 1.004744375000000000e+03 7.077080800000000200e+01 -5.477008984375000000e+01 1.092771920000000000e+02
2.455652909983354500e-02 9.500099179687499600e+02 1.800401600000000100e+02 1.004772687500000000e+03 7.076205600000000100e+01 -5.476276953125000100e+01 1.092781040000000000e+02
2.458176478943691100e-02 9.500664218749999500e+02 1.800014080000000000e+02 1.004791812500000000e+03 7.072400799999999800e+01 -5.472539062500000300e+01 1.092774000000000000e+02
2.463854509104448200e-02 9.498496718750000100e+02 1.800294800000000100e+02 1.004784312500000100e+03 7.073454400000000000e+01 -5.493464062500000000e+01 1.092949360000000100e+02
2.476629785856775800e-02 9.499483164062500000e+02 1.800451840000000100e+02 1.005229500000000000e+03 7.072110399999999700e+01 -5.528118359375000100e+01 1.093240800000000000e+02
2.492439353859031400e-02 9.499551289062500200e+02 1.800746399999999900e+02 1.005734937500000000e+03 7.071428799999999600e+01 -5.577980859374999800e+01 1.093603520000000100e+02
2.501332395970457700e-02 9.499485781250000400e+02 1.800890400000000100e+02 1.005986312500000100e+03 7.070919999999999600e+01 -5.603773437499999900e+01 1.093798400000000000e+02
2.506334586603446700e-02 9.499416992187499300e+02 1.800924719999999900e+02 1.006107000000000000e+03 7.070260799999999800e+01 -5.616530078124999600e+01 1.093898640000000000e+02
2.511450426336901000e-02 9.500110585937500200e+02 1.800149759999999900e+02 1.006191312500000000e+03 7.062436800000000400e+01 -5.618025390625000200e+01 1.093906080000000000e+02
2.514328217186188500e-02 9.499151796874999700e+02 1.800098320000000200e+02 1.006119187500000000e+03 7.061514400000000100e+01 -5.620400781250000200e+01 1.093946880000000000e+02
2.515947018205319200e-02 9.498934453125000300e+02 1.800069280000000200e+02 1.006103750000000000e+03 7.060992799999999600e+01 -5.621030468749999900e+01 1.093970000000000100e+02
2.519589145832737400e-02 9.499466601562500000e+02 1.799466640000000000e+02 1.006167250000000000e+03 7.054827199999999700e+01 -5.622058984374999800e+01 1.093983920000000000e+02
2.524096217638698400e-02 9.498820039062499100e+02 1.799752320000000100e+02 1.006153187499999900e+03 7.056653599999999900e+01 -5.627118359375000300e+01 1.094086960000000100e+02
2.528705759945078900e-02 9.500057656249999800e+02 1.799729519999999900e+02 1.006276312500000000e+03 7.055402399999999800e+01 -5.627054687500000100e+01 1.094189279999999900e+02
2.539077171912560200e-02 9.499435703125000100e+02 1.800082479999999800e+02 1.006481687500000000e+03 7.056242399999999300e+01 -5.653811718749999900e+01 1.094458240000000000e+02
2.562412965283143400e-02 9.499518476562500400e+02 1.800300800000000000e+02 1.007082187500000000e+03 7.053879999999999500e+01 -5.713033984375000100e+01 1.094912800000000000e+02
2.614918616810706800e-02 9.499489375000000600e+02 1.800923520000000100e+02 1.008323750000000000e+03 7.048763200000000500e+01 -5.837481249999999700e+01 1.096047200000000000e+02
2.679894229576846800e-02 9.499503007812500100e+02 1.801164079999999800e+02 1.009722312500000000e+03 7.038649599999999400e+01 -5.977201171875000100e+01 1.097299120000000000e+02
2.696507259457393800e-02 9.499444257812500600e+02 1.801237520000000000e+02 1.010089500000000000e+03 7.036263999999999900e+01 -6.014507421874999700e+01 1.097611120000000000e+02
2.697792099800156600e-02 9.499451484374999400e+02 1.801248400000000100e+02 1.010117499999999900e+03 7.036112799999999400e+01 -6.017235156249999800e+01 1.097637120000000000e+02
2.699106283968039400e-02 9.499474921874999600e+02 1.801256639999999700e+02 1.010143750000000000e+03 7.035934399999999300e+01 -6.019625781250000100e+01 1.097663199999999900e+02
2.699512905544705300e-02 9.499499687500000400e+02 1.801259039999999900e+02 1.010152000000000000e+03 7.035878400000000000e+01 -6.020203124999999700e+01 1.097671200000000100e+02
2.699928609733907900e-02 9.499573789062500300e+02 1.801264479999999800e+02 1.010162062500000000e+03 7.035833599999999400e+01 -6.020468359374999800e+01 1.097681120000000000e+02
2.700162428784865300e-02 9.499666093749999600e+02 1.801270720000000000e+02 1.010169562500000000e+03 7.035823200000000100e+01 -6.020295312500000100e+01 1.097688400000000000e+02
2.700688754537021100e-02 9.509657968749999100e+02 1.800283039999999900e+02 1.010295562500000000e+03 7.034841600000000000e+01 -5.932976562500000000e+01 1.096798880000000100e+02
2.701872754591871200e-02 9.507639257812500100e+02 1.799268319999999900e+02 1.010137750000000000e+03 7.027572800000000100e+01 -5.937382421875000200e+01 1.096511040000000000e+02
2.704536987602783700e-02 9.497889257812501000e+02 1.800146880000000100e+02 1.009738500000000000e+03 7.029808800000000700e+01 -5.994957421875000100e+01 1.097166000000000000e+02
2.710531046102335500e-02 9.496414257812500600e+02 1.800723520000000200e+02 1.009845000000000000e+03 7.030720800000000300e+01 -6.020357421874999900e+01 1.097651440000000100e+02
2.717948978782719000e-02 9.499980624999999500e+02 1.800819920000000100e+02 1.010266687500000000e+03 7.030344800000000300e+01 -6.026862500000000000e+01 1.097785440000000000e+02
2.725535522013793800e-02 9.500332890624999900e+02 1.800748720000000000e+02 1.010389375000000000e+03 7.028618400000000600e+01 -6.035608593749999800e+01 1.097886879999999900e+02
2.742605011396210100e-02 9.499370664062499800e+02 1.800834480000000000e+02 1.010680750000000000e+03 7.025806400000000500e+01 -6.074368359374999900e+01 1.098253840000000000e+02
2.752206497285537800e-02 9.499513984375000700e+02 1.800904160000000000e+02 1.010887500000000000e+03 7.024458400000000300e+01 -6.093610156249999900e+01 1.098458320000000000e+02
2.755176977360205100e-02 9.499600937499999400e+02 1.800912559999999900e+02 1.010938562500000000e+03 7.023972000000000500e+01 -6.097846874999999800e+01 1.098515360000000000e+02
2.755936423500815800e-02 9.499647734374999600e+02 1.800913360000000100e+02 1.010948062500000000e+03 7.023836799999999400e+01 -6.098328906249999900e+01 1.098529680000000000e+02
2.756876357454665600e-02 9.500713867187499800e+02 1.800789440000000100e+02 1.010979375000000000e+03 7.022973600000000300e+01 -6.090798828124999900e+01 1.098492080000000000e+02
2.757837717058603300e-02 9.506196874999999400e+02 1.799861520000000000e+02 1.011133812500000000e+03 7.019160800000000200e+01 -6.051412500000000000e+01 1.097945440000000000e+02
2.760000543279962300e-02 9.499645351562500100e+02 1.800036480000000000e+02 1.010817687500000000e+03 7.017756000000000000e+01 -6.085315234374999700e+01 1.098260880000000000e+02
2.762676886440924500e-02 9.497080859375000700e+02 1.800257280000000200e+02 1.010644187500000000e+03 7.018514399999999400e+01 -6.093610156249999900e+01 1.098405840000000100e+02
2.765414246127137100e-02 9.497165976562499700e+02 1.800344000000000100e+02 1.010657750000000000e+03 7.018661600000000100e+01 -6.094115234374999800e+01 1.098477840000000000e+02
2.766953865395943200e-02 9.498318398437500000e+02 1.800353040000000000e+02 1.010732750000000000e+03 7.018460000000000300e+01 -6.090091015624999900e+01 1.098507039999999900e+02
2.770418299860133800e-02 9.499433945312499600e+02 1.800325919999999900e+02 1.010863187500000000e+03 7.017868799999999400e+01 -6.091979296875000200e+01 1.098539040000000000e+02
2.778213277404561700e-02 9.500186406249999900e+02 1.800374160000000100e+02 1.011071437500000000e+03 7.017034400000000000e+01 -6.105279687499999900e+01 1.098670719999999900e+02
2.795751569326398700e-02 9.499405273437499800e+02 1.800439279999999900e+02 1.011355875000000000e+03 7.014215199999999600e+01 -6.141534765624999900e+01 1.099017760000000000e+02
2.835213191925533400e-02 9.499506992187500600e+02 1.800531120000000000e+02 1.012103875000000000e+03 7.007783999999999500e+01 -6.215317578124999900e+01 1.099752720000000000e+02
2.857410165416452200e-02 9.499503164062500700e+02 1.800521520000000100e+02 1.012485187500000100e+03 7.003948800000000600e+01 -6.253487109374999900e+01 1.100126640000000000e+02
2.869895963005093800e-02 9.499510507812500500e+02 1.800505840000000100e+02 1.012688687500000000e+03 7.001747199999999800e+01 -6.273763671874999700e+01 1.100331120000000000e+02
2.876919384258862200e-02 9.499533789062500100e+02 1.800486880000000000e+02 1.012793000000000000e+03 7.000427200000000000e+01 -6.283962109374999700e+01 1.100444160000000000e+02
2.877907060150407300e-02 9.499582617187500100e+02 1.800486399999999800e+02 1.012809000000000000e+03 7.000249599999999400e+01 -6.285073828125000300e+01 1.100461440000000000e+02
2.879129253755413600e-02 9.499825312499999700e+02 1.800491519999999900e+02 1.012833750000000000e+03 7.000059199999999700e+01 -6.285121875000000100e+01 1.100485599999999900e+02
2.880379160973033100e-02 9.500336054687500100e+02 1.800486720000000100e+02 1.012859375000000000e+03 6.999797599999999400e+01 -6.282576953125000300e+01 1.100506960000000000e+02
2.883191743322053400e-02 9.499541640625000100e+02 1.800366000000000200e+02 1.012816875000000000e+03 6.998592800000000100e+01 -6.286271093749999700e+01 1.100506720000000100e+02
2.889519762497972900e-02 9.499127929687500700e+02 1.800367200000000000e+02 1.012890875000000100e+03 6.997492800000000600e+01 -6.297808203124999700e+01 1.100617920000000000e+02
2.903758038531293100e-02 9.499524414062500500e+02 1.800360079999999800e+02 1.013155187500000000e+03 6.995141599999999500e+01 -6.320274609375000100e+01 1.100845920000000000e+02
2.935794043162512400e-02 9.499497656250000500e+02 1.800377360000000000e+02 1.013686375000000000e+03 6.990245600000000100e+01 -6.373660937500000000e+01 1.101352799999999900e+02
2.975438715337397300e-02 9.499501367187499500e+02 1.800430560000000100e+02 1.014306250000000000e+03 6.984541600000000000e+01 -6.435611328125000300e+01 1.101976400000000100e+02
3.015984196365971400e-02 9.499489921874999300e+02 1.800464719999999900e+02 1.014895437500000000e+03 6.978762399999999400e+01 -6.494644531250000300e+01 1.102588480000000000e+02
3.066159575558989600e-02 9.499434531249999100e+02 1.800459760000000000e+02 1.015487562500000000e+03 6.971588800000000700e+01 -6.554410937500000500e+01 1.103300880000000000e+02
3.117474939069177600e-02 9.499493750000000300e+02 1.800554320000000000e+02 1.016146812500000000e+03 6.965134399999999500e+01 -6.619743750000000700e+01 1.104040880000000000e+02
3.124691191173735400e-02 9.499446562499999800e+02 1.800565280000000100e+02 1.016232812500000000e+03 6.964224000000000100e+01 -6.628815625000000000e+01 1.104142880000000000e+02
3.131794725727831500e-02 9.499576250000000100e+02 1.800561520000000000e+02 1.016328062500000000e+03 6.963508000000000200e+01 -6.637043749999999400e+01 1.104210720000000000e+02
3.134077954787183700e-02 9.504444765624999700e+02 1.800309520000000100e+02 1.016725812500000000e+03 6.963234400000000300e+01 -6.628133593750000300e+01 1.103986080000000000e+02
3.139215453058226400e-02 9.498203515624999200e+02 1.800266719999999900e+02 1.016312812499999900e+03 6.962889599999999700e+01 -6.649246093749999900e+01 1.103977759999999900e+02
3.150774358393072100e-02 9.499110937499999600e+02 1.800355200000000200e+02 1.016532875000000000e+03 6.962317600000000100e+01 -6.662178124999999800e+01 1.104123440000000000e+02
3.165078774476663000e-02 9.499610546875000000e+02 1.800407920000000100e+02 1.016772812500000000e+03 6.961128800000000200e+01 -6.681175781250000500e+01 1.104295039999999900e+02
3.173124804747119700e-02 9.499440468750000300e+02 1.800462560000000000e+02 1.016871125000000000e+03 6.960412800000000300e+01 -6.692707812499999400e+01 1.104421280000000000e+02
3.177650740440657300e-02 9.499394218749999900e+02 1.800500480000000000e+02 1.016928562500000000e+03 6.960018399999999900e+01 -6.698914062500000500e+01 1.104498640000000100e+02
3.182279612409617800e-02 9.499245937499999900e+02 1.800502640000000000e+02 1.016963125000000000e+03 6.959284800000000400e+01 -6.703853125000000500e+01 1.104574159999999900e+02
3.184883294670282100e-02 9.499027499999999700e+02 1.800387440000000100e+02 1.016939750000000000e+03 6.957889600000000000e+01 -6.703700000000000600e+01 1.104598479999999900e+02
3.186347924163781400e-02 9.499420625000000200e+02 1.799930959999999800e+02 1.016949812500000000e+03 6.953539999999999600e+01 -6.700775000000000100e+01 1.104576960000000000e+02
3.189643282302279100e-02 9.499366093749999900e+02 1.799899600000000000e+02 1.016929375000000100e+03 6.952783999999999800e+01 -6.699276562500000400e+01 1.104621200000000000e+02
3.197057721670148300e-02 9.499474062500000900e+02 1.799859280000000000e+02 1.016936562500000000e+03 6.951475200000000100e+01 -6.698915624999999400e+01 1.104711760000000000e+02
3.213740384913480600e-02 9.499536640625000200e+02 1.799618400000000000e+02 1.017009125000000000e+03 6.947358400000000200e+01 -6.705546093750000100e+01 1.104882560000000100e+02
3.234385163210541600e-02 9.499602187499999700e+02 1.799740879999999900e+02 1.017237875000000000e+03 6.946356799999999500e+01 -6.727765625000000700e+01 1.105105200000000000e+02
3.255498976934524000e-02 9.499377890624999700e+02 1.799773119999999800e+02 1.017450937500000000e+03 6.944603200000000200e+01 -6.751314843750000700e+01 1.105312800000000000e+02
3.303005465366610400e-02 9.499547421874999600e+02 1.799850720000000000e+02 1.017895062500000000e+03 6.939252799999999900e+01 -6.794032031250000600e+01 1.105925440000000000e+02
3.409894773229429200e-02 9.499500703124999700e+02 1.800879439999999900e+02 1.019117750000000000e+03 6.934080799999999600e+01 -6.916767968749999800e+01 1.107471360000000000e+02
3.650395599477020800e-02 9.499500000000000500e+02 1.803404400000000000e+02 1.020920875000000000e+03 6.924428000000000300e+01 -7.097087500000000700e+01 1.110961600000000000e+02
3.785677387018634300e-02 9.499500703124999700e+02 1.805014640000000000e+02 1.021796312500000000e+03 6.922672000000000000e+01 -7.184624218749999600e+01 1.112747440000000000e+02
3.953088799966852200e-02 9.499494140624999500e+02 1.807227200000000100e+02 1.022609187500000000e+03 6.921400800000000700e+01 -7.265977343749999300e+01 1.115087120000000000e+02
4.124304430243151700e-02 9.499500624999999400e+02 1.809728320000000100e+02 1.023260375000000000e+03 6.921475200000000400e+01 -7.331031249999999500e+01 1.117580800000000100e+02
4.509540413471077600e-02 9.499499999999999300e+02 1.816482080000000100e+02 1.024415999999999900e+03 6.931108000000000400e+01 -7.446599999999999400e+01 1.123371280000000100e+02
4.726235712258661200e-02 9.499501875000000800e+02 1.820613199999999900e+02 1.024988937500000000e+03 6.940205600000000200e+01 -7.503874999999999300e+01 1.126592639999999900e+02
4.848126701382927300e-02 9.499504453124999400e+02 1.822865280000000000e+02 1.025193000000000000e+03 6.945301600000000500e+01 -7.524255468750000400e+01 1.128335120000000000e+02
5.122381543356274700e-02 9.499503671875000900e+02 1.827989600000000200e+02 1.025480312500000100e+03 6.955690400000000300e+01 -7.552994531250000400e+01 1.132420560000000100e+02
5.739455170683809000e-02 9.499501953125000000e+02 1.839819600000000200e+02 1.025588250000000000e+03 6.973609600000000300e+01 -7.563805468750000200e+01 1.142458640000000000e+02
5.924577445192069600e-02 9.499501953125000000e+02 1.843509920000000200e+02 1.025718562500000000e+03 6.979849600000000000e+01 -7.576836718750000400e+01 1.145524960000000000e+02
6.066672822349092300e-02 9.499491171875000600e+02 1.846294879999999800e+02 1.025778312500000100e+03 6.983949599999999700e+01 -7.582919531250000500e+01 1.147899920000000000e+02
6.073384640126583400e-02 9.499530703125000200e+02 1.846415519999999900e+02 1.025762250000000000e+03 6.983948800000000300e+01 -7.580917968750000600e+01 1.148020640000000000e+02
6.077159746517046800e-02 9.499829999999999500e+02 1.846465039999999900e+02 1.025733312500000000e+03 6.983743200000000700e+01 -7.575031250000000700e+01 1.148090720000000000e+02
6.077690730019221600e-02 9.499946718749999900e+02 1.846471839999999800e+02 1.025727937500000100e+03 6.983696799999999900e+01 -7.573326562500000100e+01 1.148102160000000000e+02
6.078233823671445900e-02 9.500300390625000100e+02 1.846472719999999900e+02 1.025724687500000100e+03 6.983615199999999800e+01 -7.569464843750000700e+01 1.148111200000000000e+02
6.079455551501450300e-02 9.508294843749999900e+02 1.845466480000000000e+02 1.025826812500000000e+03 6.980084800000000200e+01 -7.499732812499999600e+01 1.147458000000000000e+02
6.082204089787707900e-02 9.502641718749998700e+02 1.845159679999999900e+02 1.025396937499999900e+03 6.976595199999999900e+01 -7.513276562500000500e+01 1.147500160000000000e+02
6.088388650263040100e-02 9.495803593749999400e+02 1.845826400000000000e+02 1.024958249999999900e+03 6.977691199999999600e+01 -7.537789062500000600e+01 1.148057280000000000e+02
6.096042265094389600e-02 9.498263828125000100e+02 1.845983360000000200e+02 1.025021437500000000e+03 6.978245599999999600e+01 -7.519505468750000400e+01 1.148158800000000100e+02
6.097998985877404300e-02 9.500632734375000200e+02 1.845796399999999800e+02 1.025068125000000000e+03 6.977354400000000100e+01 -7.500485156249999400e+01 1.148060960000000000e+02
6.102401956970438700e-02 9.499966640624999200e+02 1.845792640000000200e+02 1.024979437499999900e+03 6.976898400000000300e+01 -7.498277343750000100e+01 1.148102800000000100e+02
6.107850592942756100e-02 9.500102812500000500e+02 1.845874880000000100e+02 1.024945312500000000e+03 6.976911200000000700e+01 -7.493503124999999400e+01 1.148183760000000000e+02
6.108616792820894400e-02 9.500168359374998800e+02 1.845886239999999800e+02 1.024938062499999900e+03 6.976891200000000000e+01 -7.492122656249999600e+01 1.148197120000000000e+02
6.109400692149105600e-02 9.511600859375000700e+02 1.844547039999999900e+02 1.024994875000000100e+03 6.974756800000000100e+01 -7.383478906249999300e+01 1.147071360000000100e+02
6.111163650531326700e-02 9.514647968749999300e+02 1.841067120000000200e+02 1.024494187500000000e+03 6.957407999999999500e+01 -7.302939062500000500e+01 1.145326320000000100e+02
6.115131121997577400e-02 9.497514218750000100e+02 1.842809680000000000e+02 1.023685187500000000e+03 6.961837599999999800e+01 -7.393376562500000700e+01 1.146625920000000000e+02
6.124057234134139300e-02 9.494084609375000800e+02 1.844645840000000000e+02 1.023744125000000100e+03 6.966480799999999400e+01 -7.433566406250000100e+01 1.147997759999999900e+02
6.144140520666400300e-02 9.500508906250000800e+02 1.845425760000000000e+02 1.024161187500000100e+03 6.970918399999999300e+01 -7.411029687500000300e+01 1.148333920000000000e+02
6.155437893337673700e-02 9.499939374999999000e+02 1.845718560000000000e+02 1.024134499999999900e+03 6.971384799999999900e+01 -7.414056250000000100e+01 1.148580080000000000e+02
6.180856166741786900e-02 9.499439843750000100e+02 1.846294880000000100e+02 1.023987875000000000e+03 6.971428000000000200e+01 -7.404389062500000300e+01 1.149152080000000100e+02
6.212311349945627600e-02 9.499489375000000600e+02 1.846990559999999800e+02 1.023956437500000000e+03 6.972319199999999700e+01 -7.400749999999999300e+01 1.149758640000000000e+02
6.244481497777396700e-02 9.499481796874999900e+02 1.847651040000000100e+02 1.023946812500000000e+03 6.973099999999999500e+01 -7.399863281250000600e+01 1.150341040000000000e+02
6.262576856601515000e-02 9.499540625000000800e+02 1.848022640000000100e+02 1.023949937500000000e+03 6.973651200000000500e+01 -7.399587499999999800e+01 1.150657520000000000e+02
6.272755903493208700e-02 9.499454296875000000e+02 1.848223280000000300e+02 1.023941937500000000e+03 6.973856000000000700e+01 -7.399650781249999900e+01 1.150837680000000100e+02
6.278481675591661400e-02 9.499497031250000400e+02 1.848336800000000200e+02 1.023941000000000000e+03 6.973993600000000000e+01 -7.399129687500000300e+01 1.150937440000000000e+02
6.291364080594427600e-02 9.499514296874999700e+02 1.848491440000000000e+02 1.023890625000000000e+03 6.974033599999999900e+01 -7.393919531250000400e+01 1.151088080000000000e+02
6.320349724738152900e-02 9.499460000000000300e+02 1.848899119999999800e+02 1.023785312500000000e+03 6.973879999999999800e+01 -7.383931250000000500e+01 1.151511120000000000e+02
6.329317290849884000e-02 9.499521484375000000e+02 1.849054080000000200e+02 1.023780250000000000e+03 6.973985600000000300e+01 -7.382810156249999500e+01 1.151655520000000100e+02
6.334361634120545800e-02 9.499507265624999900e+02 1.849144400000000100e+02 1.023766375000000000e+03 6.974028800000000700e+01 -7.381564843750000200e+01 1.151741520000000100e+02
6.335651365100827800e-02 9.499489609375000300e+02 1.849165360000000100e+02 1.023758625000000100e+03 6.974020799999999600e+01 -7.380966406250000500e+01 1.151763280000000000e+02
6.337247110257364400e-02 9.499425234374999700e+02 1.849183600000000100e+02 1.023734687499999900e+03 6.973940000000000300e+01 -7.379216406250000700e+01 1.151789600000000000e+02
6.338879651639051100e-02 9.500003046875000300e+02 1.849060159999999900e+02 1.023696937500000000e+03 6.972979999999999700e+01 -7.369663281249999900e+01 1.151762160000000000e+02
6.342552287529094900e-02 9.498825312499999400e+02 1.849028160000000000e+02 1.023561812500000000e+03 6.972538400000000500e+01 -7.367928125000000300e+01 1.151774320000000000e+02
6.350815601837940500e-02 9.499570703124999200e+02 1.849258720000000000e+02 1.023631437499999900e+03 6.973232000000000100e+01 -7.367436718749999600e+01 1.151935520000000000e+02
6.369408408364096700e-02 9.499570468750000600e+02 1.849649759999999800e+02 1.023636437500000100e+03 6.973719199999999300e+01 -7.367939062499999600e+01 1.152277840000000000e+02
6.379866920256935200e-02 9.499461640624999700e+02 1.849872800000000000e+02 1.023630687500000000e+03 6.973973599999999400e+01 -7.368452343750000500e+01 1.152475440000000000e+02
6.403398339128320300e-02 9.499520312500000000e+02 1.850354239999999800e+02 1.023619312500000000e+03 6.974472799999999500e+01 -7.366728125000000200e+01 1.152906960000000000e+02
6.456344380920187000e-02 9.499488281249999800e+02 1.851340960000000000e+02 1.023561750000000000e+03 6.975404799999999700e+01 -7.361292187499999800e+01 1.153800480000000000e+02
6.521864950438559200e-02 9.499490156250000200e+02 1.852672079999999800e+02 1.023566812500000000e+03 6.977403999999999900e+01 -7.361779687499999600e+01 1.154931680000000000e+02
6.588874602638029900e-02 9.499498359374999800e+02 1.853743999999999800e+02 1.023496750000000000e+03 6.979147199999999900e+01 -7.354691406249999400e+01 1.155829280000000000e+02
6.739646436530591400e-02 9.499504062500000100e+02 1.856620000000000100e+02 1.023414312500000100e+03 6.982929599999999900e+01 -7.346390624999999400e+01 1.158327040000000100e+02
6.740972032186022500e-02 9.499505078124999500e+02 1.856645279999999900e+02 1.023413312500000000e+03 6.982962399999999500e+01 -7.346280468749999700e+01 1.158349039999999900e+02
6.743953457973234100e-02 9.499473906249999100e+02 1.856701919999999900e+02 1.023408250000000000e+03 6.983032000000000000e+01 -7.346085937499999800e+01 1.158398720000000000e+02
6.750662015325711900e-02 9.499475234374999700e+02 1.856825039999999900e+02 1.023400812500000000e+03 6.983180000000000100e+01 -7.345328906250000500e+01 1.158507039999999900e+02
6.765755920037536100e-02 9.499511640624999700e+02 1.857090240000000000e+02 1.023383124999999900e+03 6.983477600000000500e+01 -7.343196093749999400e+01 1.158742479999999900e+02
6.799717904301644200e-02 9.499501093750000100e+02 1.857658720000000000e+02 1.023328500000000000e+03 6.984013600000000100e+01 -7.337839062499999400e+01 1.159257360000000000e+02
6.876132485339639400e-02 9.499499609375000100e+02 1.858996640000000000e+02 1.023256812500000000e+03 6.985530400000000400e+01 -7.330685156250000000e+01 1.160443600000000000e+02
7.000000223572001900e-02 9.499504453124999400e+02 1.861051039999999800e+02 1.023124375000000000e+03 6.987946399999999900e+01 -7.317392968750000600e+01 1.162256400000000000e+02
