0.000000000000000000e+00 0.000000000000000000e+00 0.000000000000000000e+00 0.000000000000000000e+00 0.000000000000000000e+00 0.000000000000000000e+00 0.000000000000000000e+00
-7.083588935064108800e-08 2.753938624999999800e+03 -3.192849121093749800e-04 1.489553500000000000e+03 3.786749267578124900e-03 1.264385125000000000e+03 -4.106034179687499800e-03
1.399930580195053200e-03 2.753937500000000000e+03 5.102761999999999900e+01 1.476306624999999900e+03 1.780442000000000000e+01 1.277630875000000100e+03 3.322319999999999900e+01
4.024933254908002300e-03 2.753937625000000000e+03 1.463574360000000100e+02 1.448932000000000000e+03 5.047764399999999800e+01 1.305005625000000000e+03 9.587979199999999500e+01
4.837043410546905600e-03 2.753938874999999800e+03 1.755932119999999900e+02 1.440323000000000100e+03 6.009706800000000000e+01 1.313615875000000000e+03 1.154961440000000000e+02
5.044685033069280100e-03 2.753939374999999900e+03 1.830128399999999800e+02 1.438441499999999900e+03 6.243551200000000300e+01 1.315497875000000000e+03 1.205773279999999900e+02
5.161483936985188800e-03 2.753939374999999900e+03 1.871668359999999900e+02 1.437551875000000100e+03 6.370275600000000100e+01 1.316387500000000000e+03 1.234640800000000000e+02
5.306022071139717000e-03 2.753942874999999700e+03 1.922873160000000000e+02 1.436606874999999900e+03 6.522805999999999900e+01 1.317336000000000000e+03 1.270592560000000000e+02
5.453845083495199200e-03 2.753939750000000000e+03 1.974843400000000300e+02 1.435753250000000000e+03 6.673634800000000700e+01 1.318186500000000000e+03 1.307479920000000100e+02
5.536995819054535400e-03 2.753955250000000000e+03 2.003626879999999900e+02 1.435510874999999900e+03 6.751471999999999700e+01 1.318444375000000000e+03 1.328479680000000100e+02
5.724084246289599800e-03 2.753942125000000000e+03 2.067524799999999900e+02 1.436036875000000000e+03 6.900774400000000200e+01 1.317905250000000000e+03 1.377447359999999900e+02
5.829321450220650800e-03 2.753940125000000100e+03 2.103787520000000200e+02 1.436090500000000000e+03 6.992099199999999800e+01 1.317849625000000100e+03 1.404577600000000100e+02
6.066105741284269700e-03 2.753940625000000200e+03 2.184619280000000000e+02 1.436563500000000000e+03 7.187783199999999800e+01 1.317377125000000000e+03 1.465840959999999900e+02
6.199296431954819100e-03 2.753934749999999900e+03 2.229584400000000000e+02 1.437350375000000000e+03 7.287136800000000400e+01 1.316584374999999900e+03 1.500870720000000100e+02
6.498976650401059500e-03 2.753939625000000000e+03 2.330895600000000100e+02 1.438545125000000100e+03 7.521698399999999700e+01 1.315394500000000100e+03 1.578725760000000100e+02
6.793974083421867900e-03 2.753970000000000300e+03 2.429515280000000000e+02 1.440267250000000100e+03 7.739717600000000200e+01 1.313702749999999900e+03 1.655543519999999900e+02
6.888794229435252200e-03 2.753945749999999900e+03 2.460712399999999900e+02 1.441372000000000100e+03 7.798973599999999400e+01 1.312573750000000000e+03 1.680815040000000000e+02
7.102140722402868300e-03 2.753934374999999800e+03 2.530725840000000100e+02 1.443970000000000000e+03 7.930504799999999900e+01 1.309964375000000000e+03 1.737675360000000100e+02
7.222148233863169600e-03 2.753943750000000400e+03 2.570023519999999700e+02 1.445201125000000000e+03 8.008494399999999300e+01 1.308742625000000100e+03 1.769174079999999900e+02
7.289651840452163900e-03 2.753952374999999800e+03 2.591776879999999900e+02 1.446083374999999900e+03 8.049295200000000200e+01 1.307868999999999900e+03 1.786847359999999900e+02
7.441536410824282900e-03 2.753931875000000200e+03 2.640921200000000200e+02 1.448044249999999900e+03 8.141813600000000400e+01 1.305887625000000100e+03 1.826739839999999900e+02
7.629492926219153300e-03 2.753961500000000300e+03 2.700960959999999900e+02 1.451056250000000100e+03 8.250817600000000600e+01 1.302905250000000000e+03 1.875879200000000000e+02
7.821721762819023500e-03 2.753943000000000200e+03 2.762265919999999800e+02 1.454330875000000100e+03 8.356086399999999500e+01 1.299612125000000100e+03 1.926657280000000000e+02
8.254235771840600500e-03 2.753936875000000300e+03 2.899751200000000000e+02 1.461258000000000000e+03 8.595910399999999600e+01 1.292678875000000100e+03 2.040160160000000100e+02
9.227392292139150600e-03 2.753940625000000200e+03 3.203160639999999800e+02 1.478781250000000000e+03 9.089072000000000200e+01 1.275159375000000000e+03 2.294253440000000000e+02
1.032219352302970500e-02 2.753940625000000200e+03 3.535280799999999900e+02 1.502210250000000100e+03 9.573313600000000200e+01 1.251730375000000100e+03 2.577949439999999900e+02
1.086959442958436100e-02 2.753936999999999900e+03 3.697987840000000100e+02 1.513781999999999900e+03 9.800966400000000100e+01 1.240155000000000000e+03 2.717891200000000300e+02
1.154700245467152300e-02 2.753939000000000300e+03 3.897028639999999800e+02 1.527979875000000000e+03 1.007567840000000000e+02 1.225959125000000100e+03 2.889460799999999900e+02
1.223980550800924300e-02 2.753935750000000100e+03 4.093526640000000000e+02 1.546414000000000000e+03 1.033007920000000000e+02 1.207521750000000100e+03 3.060518720000000000e+02
1.379861470689412600e-02 2.753932749999999900e+03 4.485855919999999600e+02 1.608794750000000000e+03 1.087360240000000000e+02 1.145137999999999900e+03 3.398495679999999800e+02
1.572764050829541700e-02 2.753966375000000000e+03 4.900858959999999900e+02 1.705981375000000100e+03 1.144916240000000000e+02 1.047984999999999900e+03 3.755942719999999900e+02
1.681271810380239100e-02 2.753927562500000000e+03 5.105442239999999900e+02 1.763233250000000000e+03 1.172747200000000000e+02 9.906943125000000200e+02 3.932695039999999800e+02
1.696530715886489900e-02 2.753929375000000200e+03 5.132773120000000500e+02 1.771270625000000100e+03 1.176307520000000000e+02 9.826587500000000500e+02 3.956465600000000200e+02
1.705113784734146200e-02 2.753940000000000100e+03 5.147877919999999700e+02 1.775751500000000100e+03 1.178151199999999900e+02 9.781884999999999800e+02 3.969726719999999900e+02
1.713892013307601700e-02 2.753928500000000000e+03 5.163219599999999900e+02 1.780356000000000000e+03 1.179899600000000000e+02 9.735724999999999900e+02 3.983319999999999900e+02
1.733642969376001900e-02 2.753935875000000100e+03 5.198003519999999800e+02 1.790613125000000100e+03 1.184541119999999900e+02 9.633227500000000400e+02 4.013462400000000200e+02
1.778082562308026100e-02 2.753936562500000000e+03 5.274315120000000000e+02 1.813636999999999900e+03 1.194021360000000000e+02 9.402995624999999800e+02 4.080293760000000100e+02
1.784331865508623600e-02 2.753920750000000200e+03 5.284848240000000000e+02 1.816870750000000000e+03 1.195254000000000000e+02 9.370499999999999500e+02 4.089594240000000100e+02
1.790483588846320700e-02 2.753968750000000000e+03 5.294798240000000100e+02 1.820025750000000000e+03 1.196068640000000000e+02 9.339429999999999800e+02 4.098729599999999800e+02
1.792460920173170200e-02 2.754008312500000100e+03 5.297683600000000300e+02 1.821072124999999900e+03 1.196044560000000000e+02 9.329361874999999600e+02 4.101639040000000000e+02
1.796909886547642900e-02 2.753854624999999900e+03 5.304988639999999100e+02 1.823393499999999900e+03 1.196515680000000000e+02 9.304611250000000400e+02 4.108472959999999700e+02
1.806920090001144800e-02 2.753938749999999800e+03 5.321263520000000000e+02 1.828713874999999900e+03 1.198158240000000100e+02 9.252248750000000000e+02 4.123105279999999800e+02
1.812550843999208600e-02 2.754037312500000100e+03 5.329284000000000100e+02 1.832031750000000100e+03 1.197844960000000000e+02 9.220055625000000000e+02 4.131439040000000200e+02
1.819307725508134300e-02 2.753867812500000100e+03 5.340823440000000300e+02 1.835420750000000000e+03 1.199640400000000000e+02 9.184470625000000200e+02 4.141183040000000200e+02
1.831976922003777600e-02 2.753947500000000200e+03 5.361018480000000200e+02 1.841910125000000100e+03 1.202475440000000000e+02 9.120373750000000000e+02 4.158543040000000100e+02
1.847655025011745200e-02 2.753931437499999900e+03 5.385693759999999200e+02 1.850132625000000000e+03 1.205595520000000000e+02 9.037988125000000500e+02 4.180098239999999800e+02
1.863689445896172000e-02 2.753939437500000200e+03 5.410445919999999700e+02 1.858638250000000000e+03 1.208383840000000000e+02 8.953011874999999700e+02 4.202062080000000000e+02
1.865944262680407900e-02 2.753940187499999900e+03 5.413768159999999600e+02 1.859837749999999900e+03 1.208665440000000000e+02 8.941024374999999500e+02 4.205102719999999900e+02
1.867212568010602800e-02 2.753989812500000000e+03 5.415541920000000600e+02 1.860564125000000100e+03 1.208732000000000000e+02 8.934256874999999800e+02 4.206809920000000000e+02
1.867926018869775100e-02 2.754003125000000200e+03 5.416490000000000000e+02 1.860963000000000000e+03 1.208719440000000000e+02 8.930401249999999900e+02 4.207770560000000200e+02
1.869531312413850300e-02 2.754438999999999900e+03 5.416516400000000400e+02 1.862702874999999900e+03 1.206430640000000000e+02 8.917361250000000200e+02 4.210085760000000100e+02
1.873143164666144600e-02 2.753658875000000100e+03 5.423421359999999800e+02 1.864339250000000000e+03 1.207646000000000000e+02 8.893196249999999700e+02 4.215775360000000100e+02
1.881269657568180500e-02 2.753924750000000100e+03 5.436179919999999600e+02 1.868711125000000000e+03 1.209411600000000000e+02 8.852136249999999800e+02 4.226768319999999900e+02
1.899554586818075600e-02 2.753944312499999800e+03 5.463324480000000000e+02 1.877734500000000000e+03 1.213429759999999900e+02 8.762098125000000000e+02 4.249894719999999800e+02
1.940695444742838700e-02 2.753939374999999900e+03 5.522998159999999600e+02 1.898790749999999900e+03 1.221569360000000000e+02 8.551486250000000400e+02 4.301428799999999900e+02
1.991607097770122700e-02 2.753938250000000200e+03 5.591720720000000700e+02 1.923980125000000000e+03 1.231674000000000000e+02 8.299581250000000000e+02 4.360046720000000300e+02
2.004624344635941600e-02 2.753940749999999800e+03 5.608425599999999300e+02 1.930308874999999900e+03 1.234201600000000000e+02 8.236318750000000400e+02 4.374223999999999800e+02
2.020733173076923200e-02 2.753939812499999800e+03 5.628548879999999600e+02 1.938047499999999900e+03 1.237197520000000000e+02 8.158923125000000000e+02 4.391351359999999900e+02
2.024852021418794100e-02 2.753953687499999900e+03 5.633520160000000500e+02 1.939963874999999900e+03 1.237975840000000000e+02 8.139898124999999700e+02 4.395544320000000200e+02
2.025431212633666300e-02 2.753954312500000000e+03 5.634197839999999400e+02 1.940226000000000100e+03 1.238074960000000000e+02 8.137283125000000200e+02 4.396122879999999800e+02
2.026734451089004500e-02 2.754827499999999900e+03 5.633213759999999900e+02 1.941397125000000000e+03 1.236526080000000000e+02 8.134303750000000300e+02 4.396687680000000000e+02
2.029666504726014200e-02 2.753814937500000300e+03 5.637756080000000300e+02 1.942453625000000100e+03 1.237226480000000100e+02 8.113613125000000500e+02 4.400529599999999800e+02
2.036263974740537600e-02 2.753778374999999900e+03 5.646770559999999900e+02 1.945319375000000000e+03 1.239318720000000000e+02 8.084589999999999500e+02 4.407451839999999900e+02
2.051108224051339400e-02 2.753966312499999700e+03 5.664740880000000500e+02 1.951857125000000000e+03 1.242855760000000100e+02 8.021091874999999600e+02 4.421885120000000000e+02
2.084507552113143100e-02 2.753931999999999800e+03 5.703425439999999800e+02 1.967110750000000100e+03 1.249982880000000000e+02 7.868212499999999600e+02 4.453442559999999700e+02
2.159656156695951800e-02 2.753938812500000000e+03 5.781075439999999600e+02 2.001256249999999900e+03 1.265489520000000000e+02 7.526825625000000200e+02 4.515585919999999800e+02
2.328740633451021800e-02 2.753938562499999500e+03 5.928942399999999700e+02 2.072152999999999800e+03 1.299097280000000000e+02 6.817855624999999700e+02 4.629845120000000000e+02
2.423850724403092700e-02 2.753938750000000300e+03 5.998651919999999800e+02 2.106841750000000000e+03 1.317907280000000000e+02 6.470969999999999800e+02 4.680744639999999800e+02
2.541549272735186100e-02 2.753930687500000200e+03 6.073895440000000000e+02 2.147920000000000100e+03 1.339741840000000100e+02 6.060106875000000200e+02 4.734153600000000200e+02
2.661922766903236000e-02 2.753940187499999900e+03 6.136954560000000400e+02 2.187542250000000000e+03 1.359301120000000100e+02 5.663979375000000100e+02 4.777653440000000300e+02
2.932763478112599500e-02 2.753938125000000100e+03 6.250468640000000300e+02 2.263879500000000000e+03 1.398003040000000100e+02 4.900586250000000100e+02 4.852465599999999900e+02
3.016554770743308500e-02 2.753935531250000200e+03 6.282062080000000600e+02 2.285619000000000100e+03 1.408930560000000000e+02 4.683165312500000300e+02 4.873131520000000000e+02
3.037978790618561100e-02 2.753940531250000300e+03 6.289838879999999800e+02 2.291065000000000100e+03 1.411687200000000100e+02 4.628755312499999900e+02 4.878151680000000300e+02
3.086182544228503700e-02 2.753938312499999900e+03 6.306215039999999600e+02 2.302638250000000000e+03 1.417517120000000000e+02 4.513000625000000200e+02 4.888697920000000200e+02
3.113297170189565200e-02 2.753945656250000000e+03 6.315175359999999500e+02 2.309016250000000100e+03 1.421088000000000000e+02 4.449294062500000000e+02 4.894087359999999800e+02
3.128549205514537200e-02 2.753941062500000000e+03 6.319917439999999300e+02 2.312395250000000000e+03 1.423082880000000000e+02 4.415458125000000100e+02 4.896834559999999800e+02
3.162866110330100200e-02 2.753934499999999800e+03 6.330105120000000600e+02 2.319644499999999900e+03 1.427313760000000100e+02 4.342900000000000200e+02 4.902791359999999900e+02
3.240079262608865100e-02 2.753936937500000100e+03 6.352254399999999400e+02 2.335383750000000000e+03 1.436376960000000100e+02 4.185531874999999800e+02 4.915877439999999900e+02
3.335630675375243800e-02 2.753933937500000000e+03 6.376887040000000300e+02 2.354219500000000200e+03 1.446606720000000100e+02 3.997144374999999700e+02 4.930280320000000000e+02
3.433353531200516300e-02 2.753937062500000100e+03 6.398800639999999500e+02 2.373229750000000000e+03 1.455153599999999900e+02 3.807073125000000000e+02 4.943647040000000200e+02
3.488322666713170000e-02 2.753937375000000000e+03 6.410541920000000600e+02 2.383579749999999900e+03 1.459887840000000100e+02 3.703576249999999800e+02 4.950654079999999900e+02
3.612003163394765500e-02 2.753936906250000000e+03 6.435749439999999600e+02 2.406538250000000100e+03 1.470052800000000000e+02 3.473986562499999900e+02 4.965696639999999900e+02
3.765057993459177500e-02 2.753936687500000100e+03 6.464353119999999500e+02 2.434153499999999900e+03 1.481535840000000000e+02 3.197831875000000000e+02 4.982817279999999900e+02
3.774841364486750100e-02 2.753933531249999800e+03 6.466057439999999600e+02 2.435850500000000000e+03 1.482224160000000100e+02 3.180830312499999800e+02 4.983833280000000100e+02
3.796853658189412700e-02 2.753940687500000000e+03 6.469515839999999100e+02 2.439421499999999900e+03 1.483464319999999900e+02 3.145191874999999900e+02 4.986051519999999800e+02
3.824094276288490800e-02 2.753930562500000200e+03 6.473609119999999800e+02 2.443632000000000100e+03 1.484803039999999900e+02 3.102985625000000000e+02 4.988806080000000000e+02
3.851953676477602700e-02 2.753940906249999900e+03 6.478105120000000200e+02 2.448146999999999900e+03 1.486546400000000000e+02 3.057939062500000200e+02 4.991558719999999900e+02
3.867624676416790700e-02 2.753938781250000400e+03 6.480334560000000000e+02 2.450458500000000200e+03 1.487309919999999900e+02 3.034802812500000200e+02 4.993024639999999900e+02
3.902884542723714800e-02 2.753937562499999800e+03 6.485931200000000000e+02 2.456015500000000000e+03 1.489528000000000000e+02 2.979220624999999800e+02 4.996403199999999700e+02
3.982218834361168200e-02 2.753938343750000100e+03 6.498251520000000000e+02 2.468151499999999900e+03 1.494583680000000100e+02 2.857868437500000000e+02 5.003667840000000000e+02
4.160721514542315600e-02 2.753938000000000100e+03 6.522088320000000300e+02 2.491546750000000000e+03 1.505588799999999900e+02 2.623912500000000100e+02 5.016499519999999800e+02
4.381618103847107600e-02 2.753937234375000100e+03 6.549316480000000000e+02 2.517750250000000100e+03 1.519940800000000000e+02 2.361869843750000100e+02 5.029375680000000000e+02
4.505872435331053500e-02 2.753936781250000000e+03 6.563162239999999200e+02 2.531034999999999900e+03 1.527114560000000000e+02 2.229017812500000000e+02 5.036047679999999800e+02
4.575765700567336500e-02 2.753937578125000100e+03 6.571114880000000100e+02 2.538495750000000000e+03 1.531535040000000000e+02 2.154418281250000000e+02 5.039579840000000100e+02
4.593636090065533800e-02 2.753938546875000200e+03 6.573117599999999400e+02 2.540352500000000000e+03 1.532643359999999900e+02 2.135860468749999900e+02 5.040474239999999800e+02
4.603688446156708300e-02 2.753942859374999900e+03 6.574221920000000000e+02 2.541376749999999900e+03 1.533251679999999900e+02 2.125661093750000000e+02 5.040970239999999800e+02
4.626305548699347800e-02 2.753933484375000300e+03 6.576644800000000300e+02 2.543628000000000200e+03 1.534587200000000000e+02 2.103054843749999900e+02 5.042057600000000000e+02
4.677194262307787800e-02 2.753937546875000400e+03 6.582348640000000200e+02 2.548878250000000200e+03 1.537791200000000100e+02 2.050592968750000000e+02 5.044557439999999800e+02
4.791693867926778700e-02 2.753937765624999900e+03 6.594825759999999900e+02 2.560123250000000100e+03 1.544967839999999900e+02 1.938145156250000100e+02 5.049857920000000000e+02
5.049318213457007500e-02 2.753937562500000200e+03 6.621060159999999500e+02 2.583491250000000000e+03 1.559841600000000000e+02 1.704463125000000000e+02 5.061218559999999800e+02
5.194231995150574300e-02 2.753937484375000200e+03 6.635344000000000100e+02 2.596002250000000000e+03 1.568263680000000000e+02 1.579352343749999900e+02 5.067080320000000000e+02
5.373562823285113500e-02 2.753936312500000000e+03 6.652509599999999600e+02 2.610765249999999900e+03 1.578478560000000100e+02 1.431710625000000100e+02 5.074031039999999800e+02
5.556969182686346400e-02 2.753937726562499800e+03 6.669586560000000200e+02 2.625153249999999800e+03 1.588544000000000000e+02 1.287844765625000000e+02 5.081042560000000200e+02
5.969633724226620200e-02 2.753937765624999900e+03 6.706212319999999600e+02 2.653940250000000100e+03 1.609644639999999900e+02 9.999751562500000500e+01 5.096567680000000000e+02
6.464830801454947400e-02 2.753937632812499900e+03 6.748034240000000600e+02 2.683717000000000100e+03 1.632981440000000100e+02 7.022063281250000000e+01 5.115052800000000300e+02
6.696954431405725800e-02 2.753938011718750200e+03 6.766634719999999600e+02 2.695442250000000100e+03 1.643514720000000000e+02 5.849576171875000300e+01 5.123120000000000100e+02
6.768768086974874500e-02 2.753938445312499900e+03 6.772161919999999800e+02 2.698594000000000100e+03 1.646763200000000000e+02 5.534444531250000000e+01 5.125398719999999500e+02
6.842213352375706200e-02 2.753938124999999700e+03 6.777675360000000600e+02 2.701608749999999900e+03 1.650028320000000100e+02 5.232937499999999900e+01 5.127647040000000500e+02
6.852541447268009600e-02 2.753934593749999700e+03 6.778439840000000900e+02 2.702012749999999900e+03 1.650479840000000100e+02 5.192184375000000100e+01 5.127960000000000500e+02
6.875779893663194800e-02 2.753939980468750000e+03 6.779246239999999900e+02 2.702183500000000100e+03 1.651023840000000000e+02 5.175648046874999900e+01 5.128222399999999700e+02
6.928066863827361800e-02 2.753938355468750200e+03 6.783468639999999800e+02 2.704305499999999900e+03 1.653368480000000000e+02 4.963285546875000200e+01 5.130100159999999500e+02
7.000000223572001900e-02 2.753937738281249900e+03 6.788905439999999800e+02 2.707083749999999800e+03 1.656481440000000000e+02 4.685398828124999700e+01 5.132423999999999800e+02
